0 0 0 1 0 0 0
0.1 1.7171e-07 1.50216e-21 0.999981 6.48438e-15 4.82684e-05 -0.000411317
0.2 7.90918e-07 5.7917e-21 0.999979 6.74002e-15 0.000195365 -0.000866499
0.3 2.03651e-06 1.40735e-20 0.999975 6.37594e-15 0.000449059 -0.00135147
0.4 4.1176e-06 2.42222e-20 0.99997 6.61866e-15 0.000813743 -0.00185208
0.5 7.27277e-06 3.70964e-20 0.999964 6.68414e-15 0.00129053 -0.002355
0.6 1.17689e-05 6.57e-20 0.999956 6.47069e-15 0.00187755 -0.00284859
0.7 1.79006e-05 8.8572e-20 0.999946 7.08609e-15 0.00257044 -0.00332365
0.8 2.59902e-05 1.31815e-19 0.999935 7.53639e-15 0.00336303 -0.00377406
0.9 3.63916e-05 2.34011e-19 0.999921 7.10354e-15 0.00424805 -0.00419724
1 4.94976e-05 3.28174e-19 0.999905 6.62542e-15 0.00521804 -0.00459445
1.1 6.57533e-05 4.26526e-19 0.999887 6.1995e-15 0.00626624 -0.00497085
1.2 8.56787e-05 5.2336e-19 0.999865 6.44487e-15 0.00738743 -0.00533534
1.3 0.000109901 7.34894e-19 0.99984 6.05218e-15 0.00857881 -0.00570028
1.4 0.000139199 7.78841e-19 0.999811 7.16552e-15 0.00984066 -0.00608092
1.5 0.000174561 1.14245e-18 0.999777 6.90828e-15 0.0111769 -0.00649477
1.6 0.00021726 1.33348e-18 0.999735 7.28453e-15 0.0125957 -0.0069608
1.7 0.000268941 1.80099e-18 0.999685 6.87439e-15 0.0141093 -0.00749856
1.8 0.000331723 2.10181e-18 0.999624 6.81131e-15 0.0157342 -0.00812729
1.9 0.000408316 2.41757e-18 0.999549 6.63429e-15 0.0174912 -0.00886503
2 0.000502148 2.88821e-18 0.999457 7.18161e-15 0.0194047 -0.00972775
2.1 0.000617489 3.68017e-18 0.999342 6.61809e-15 0.021502 -0.0107286
2.2 0.000759589 4.49807e-18 0.9992 7.26605e-15 0.0238127 -0.0118773
2.3 0.000934794 6.45709e-18 0.999025 7.24623e-15 0.0263682 -0.0131797
2.4 0.00115066 8.3613e-18 0.998809 7.99101e-15 0.0291999 -0.0146374
2.5 0.00141605 1.02062e-17 0.998544 8.11979e-15 0.0323388 -0.0162474
2.6 0.00174117 1.05475e-17 0.998219 8.17596e-15 0.0358144 -0.0180027
2.7 0.00213761 1.35343e-17 0.997823 8.00142e-15 0.0396535 -0.0198922
2.8 0.0026183 1.91944e-17 0.997343 6.20637e-15 0.0438795 -0.0219007
2.9 0.00319751 2.08384e-17 0.996764 5.95508e-15 0.0485115 -0.0240102
3 0.00389065 2.54029e-17 0.996071 5.58352e-15 0.0535634 -0.0261995
3.1 0.00471416 2.69868e-17 0.995248 5.4314e-15 0.0590438 -0.0284456
3.2 0.00568529 3.212e-17 0.994278 4.77362e-15 0.0649553 -0.0307239
3.3 0.0068218 3.17609e-17 0.993142 5.40911e-15 0.0712944 -0.0330092
3.4 0.0081417 4.22041e-17 0.991822 5.08892e-15 0.0780511 -0.0352759
3.5 0.00966283 4.5213e-17 0.990301 4.34695e-15 0.0852095 -0.0374988
3.6 0.0114026 4.39064e-17 0.988562 4.62399e-15 0.0927478 -0.0396534
3.7 0.0133773 2.31614e-17 0.986588 5.55535e-15 0.100638 -0.0417162
3.8 0.0156021 9.49435e-18 0.984364 6.96777e-15 0.108848 -0.0436652
3.9 0.0180902 2.97767e-18 0.981876 7.26523e-15 0.117339 -0.0454798
4 0.0208526 -1.0845e-17 0.979114 6.98881e-15 0.126068 -0.0471411
4.1 0.0238976 3.6815e-18 0.976069 5.88552e-15 0.13499 -0.0486317
4.2 0.0272301 6.95501e-18 0.972737 5.46762e-15 0.144053 -0.0499366
4.3 0.0308517 6.27156e-18 0.969115 5.09261e-15 0.153204 -0.0510423
4.4 0.03476 -3.27016e-18 0.965207 5.27794e-15 0.162387 -0.0519378
4.5 0.0389483 1.2887e-17 0.961019 5.0248e-15 0.171544 -0.052614
4.6 0.0434054 2.40939e-17 0.956561 5.09161e-15 0.180616 -0.0530648
4.7 0.0481159 -3.98743e-18 0.95185 6.04485e-15 0.189544 -0.0532866
4.8 0.0530595 -2.40446e-17 0.946906 6.88308e-15 0.198268 -0.053279
4.9 0.0582118 1.1541e-16 0.941754 5.84985e-15 0.20673 -0.053045
5 0.0635443 1.47315e-16 0.93642 5.18719e-15 0.214875 -0.0525915
5.1 0.0690252 1.9036e-16 0.930939 5.47426e-15 0.22265 -0.0519293
5.2 0.0746198 1.36454e-16 0.925344 5.96342e-15 0.230007 -0.0510734
5.3 0.0802919 1.43676e-16 0.919671 5.72361e-15 0.236905 -0.0500431
5.4 0.0860041 1.02532e-16 0.913958 5.77984e-15 0.243306 -0.0488612
5.5 0.0917194 5.16272e-17 0.908242 5.97471e-15 0.249183 -0.0475538
5.6 0.0974023 5.88493e-17 0.902559 5.91654e-15 0.254516 -0.0461494
5.7 0.103019 6.67393e-17 0.896941 6.27624e-15 0.259294 -0.0446774
5.8 0.10854 9.17568e-17 0.891419 6.26433e-15 0.263514 -0.0431672
5.9 0.113939 1.19491e-16 0.88602 5.44651e-15 0.267182 -0.0416461
6 0.119193 1.48951e-16 0.880766 4.84957e-15 0.270312 -0.0401379
6.1 0.124284 2.94175e-17 0.875674 4.95092e-15 0.272926 -0.0386617
6.2 0.129197 -1.25872e-16 0.870761 5.63887e-15 0.27505 -0.0372303
6.3 0.133919 -2.85662e-16 0.866038 6.47674e-15 0.276712 -0.0358497
6.4 0.13844 -3.49257e-16 0.861516 6.71217e-15 0.277946 -0.034518
6.5 0.142751 -2.7515e-16 0.857204 6.07594e-15 0.278781 -0.0332264
6.6 0.14684 -2.55209e-16 0.853114 6.01694e-15 0.279247 -0.0319599
6.7 0.150696 1.30202e-16 0.849257 5.22644e-15 0.279368 -0.0306987
6.8 0.154305 3.18613e-16 0.845647 4.97869e-15 0.279164 -0.0294207
6.9 0.157651 5.82838e-16 0.8423 5.01567e-15 0.278648 -0.0281033
7 0.160715 5.77713e-16 0.839235 4.74087e-15 0.277827 -0.0267258
7.1 0.163478 7.25239e-16 0.836472 3.19439e-15 0.276703 -0.0252715
7.2 0.165919 6.42508e-16 0.83403 2.99678e-15 0.275272 -0.0237291
7.3 0.168019 3.6885e-16 0.831929 2.54453e-15 0.273527 -0.0220944
7.4 0.169762 2.13188e-16 0.830186 2.1814e-15 0.271458 -0.0203706
7.5 0.171134 1.36205e-16 0.828813 1.51622e-15 0.269056 -0.0185684
7.6 0.172129 -2.22604e-16 0.827818 2.23598e-15 0.266312 -0.0167044
7.7 0.172744 -3.31056e-16 0.827202 2.47781e-15 0.263219 -0.0148
7.8 0.172986 -4.88321e-16 0.82696 2.0836e-15 0.259775 -0.0128793
7.9 0.172864 -4.96276e-16 0.827081 1.39576e-15 0.25598 -0.0109676
8 0.172397 -3.48976e-16 0.827548 6.57371e-16 0.251838 -0.00909018
8.1 0.171608 -2.96978e-16 0.828337 3.73873e-16 0.247358 -0.00726997
8.2 0.170522 -3.95592e-16 0.829421 7.45964e-16 0.242551 -0.00552665
8.3 0.169171 -3.38581e-16 0.830772 6.49079e-16 0.237431 -0.00387576
8.4 0.167585 -3.79125e-16 0.832357 1.25821e-15 0.232017 -0.00232824
8.5 0.165797 -5.60263e-16 0.834143 8.09895e-16 0.226326 -0.000890335
8.6 0.16384 -7.22814e-16 0.8361 3.96251e-16 0.220378 0.000435563
8.7 0.161744 -9.41541e-16 0.838195 3.87906e-16 0.214193 0.00165052
8.8 0.159537 -1.0937e-15 0.840401 6.47784e-16 0.20779 0.00275818
8.9 0.157246 -1.20775e-15 0.842691 9.7311e-16 0.201188 0.00376382
9 0.154896 -1.30458e-15 0.845041 7.80578e-16 0.194407 0.0046733
9.1 0.152507 -1.3705e-15 0.84743 8.56527e-16 0.187463 0.00549205
9.2 0.1501 -1.40146e-15 0.849837 1.09351e-15 0.180374 0.0062242
9.3 0.14769 -1.37613e-15 0.852245 8.31327e-16 0.173157 0.006872
9.4 0.145294 -1.34796e-15 0.854641 7.21034e-16 0.16583 0.00743547
9.5 0.142925 -1.29918e-15 0.857009 7.6401e-16 0.158412 0.00791217
9.6 0.140595 -1.27901e-15 0.859338 6.34307e-16 0.150925 0.00829744
9.7 0.138316 -1.19449e-15 0.861617 6.46478e-16 0.143392 0.00858488
9.8 0.136095 -1.15703e-15 0.863837 8.92724e-16 0.135839 0.00876707
9.9 0.133943 -1.09726e-15 0.86599 8.78713e-16 0.128294 0.0088362
10 0.131864 -1.08253e-15 0.868068 8.36365e-16 0.120787 0.0087846
10.1 0.129866 -9.9559e-16 0.870066 4.9284e-16 0.113352 0.00860539
10.2 0.127951 -9.76064e-16 0.871981 -3.89864e-17 0.106025 0.00829361
10.3 0.126123 -9.81903e-16 0.873809 4.87492e-17 0.09884 0.00784711
10.4 0.124381 -9.41479e-16 0.87555 -4.8748e-16 0.0918349 0.0072672
10.5 0.122727 -9.05993e-16 0.877205 -4.68644e-16 0.0850451 0.00655877
10.6 0.121156 -8.32385e-16 0.878775 -4.16729e-16 0.0785047 0.00573056
10.7 0.119667 -8.37481e-16 0.880263 -6.47486e-16 0.0722454 0.0047949
10.8 0.118255 -8.23208e-16 0.881675 -6.30647e-16 0.0662958 0.00376804
10.9 0.116914 -8.60951e-16 0.883016 -6.73587e-16 0.0606803 0.00267009
11 0.115638 -9.2023e-16 0.884293 -9.68868e-16 0.0554181 0.00152448
11.1 0.11442 -1.02438e-15 0.885511 -1.00099e-15 0.0505225 0.000357311
11.2 0.113252 -1.06876e-15 0.886679 -5.36903e-16 0.0459998 -0.000803803
11.3 0.112128 -1.10674e-15 0.887803 -9.04162e-16 0.0418494 -0.00193097
11.4 0.111041 -1.104e-15 0.888891 -1.65036e-15 0.0380641 -0.00299733
11.5 0.109983 -1.0485e-15 0.889948 -2.11925e-15 0.0346304 -0.00397807
11.6 0.10895 -1.09941e-15 0.890982 -2.04732e-15 0.0315293 -0.00485123
11.7 0.107935 -1.08633e-15 0.891997 -1.70944e-15 0.0287369 -0.00559831
11.8 0.106934 -1.05514e-15 0.892998 -1.647e-15 0.0262252 -0.00620517
11.9 0.105944 -1.01891e-15 0.893988 -2.24432e-15 0.0239629 -0.00666275
12 0.104961 -1.01827e-15 0.894971 -2.09332e-15 0.0219174 -0.00696755
12.1 0.103984 -9.85777e-16 0.895948 -2.00795e-15 0.0200557 -0.00712131
12.2 0.103011 -1.02869e-15 0.896921 -1.2459e-15 0.0183453 -0.00713093
12.3 0.10204 -9.92781e-16 0.897892 -1.2324e-15 0.0167556 -0.00700822
12.4 0.101073 -1.00453e-15 0.898859 -9.63168e-16 0.015259 -0.00676937
12.5 0.100108 -9.72841e-16 0.899824 -8.0345e-16 0.0138315 -0.00643434
12.6 0.0991465 -9.55926e-16 0.900786 -4.85712e-16 0.0124539 -0.00602575
12.7 0.0981885 -9.27529e-16 0.901744 -4.33425e-16 0.0111125 -0.00556773
12.8 0.0972346 -8.86989e-16 0.902698 -3.79739e-16 0.00979853 -0.00508469
12.9 0.0962858 -8.4292e-16 0.903646 -5.24887e-16 0.00850864 -0.00460041
13 0.0953426 -7.98789e-16 0.904589 -6.27651e-16 0.00724459 -0.0041367
13.1 0.0944057 -7.79323e-16 0.905526 -6.31763e-16 0.00601282 -0.00371227
13.2 0.0934757 -7.59707e-16 0.906456 -6.77193e-16 0.00482322 -0.00334218
13.3 0.0925531 -7.57017e-16 0.907379 -7.17075e-16 0.00368849 -0.00303698
13.4 0.0916382 -7.49627e-16 0.908294 -8.05588e-16 0.00262299 -0.00280231
13.5 0.0907314 -7.44805e-16 0.9092 -9.38927e-16 0.0016414 -0.00263869
13.6 0.0898328 -7.64752e-16 0.910099 -8.78378e-16 0.000757594 -0.0025417
13.7 0.0889425 -7.68991e-16 0.910989 -8.85822e-16 -1.64018e-05 -0.00250256
13.8 0.0880605 -7.65736e-16 0.911871 -9.48051e-16 -0.000671419 -0.00250903
13.9 0.087187 -7.54028e-16 0.912745 -1.06954e-15 -0.00120184 -0.00254586
14 0.0863218 -7.52323e-16 0.91361 -1.07435e-15 -0.00160618 -0.00259604
14.1 0.085465 -7.52271e-16 0.914467 -1.05135e-15 -0.00188692 -0.00264192
14.2 0.0846164 -7.4368e-16 0.915315 -1.04146e-15 -0.00205097 -0.00266619
14.3 0.083776 -7.32066e-16 0.916156 -1.04144e-15 -0.00210904 -0.00265291
14.4 0.0829437 -7.20132e-16 0.916988 -1.07673e-15 -0.00207522 -0.00258836
14.5 0.0821194 -7.11604e-16 0.917812 -1.00973e-15 -0.00196641 -0.0024617
14.6 0.0813032 -6.96846e-16 0.918629 -1.00606e-15 -0.00180163 -0.00226561
14.7 0.0804949 -6.89621e-16 0.919437 -9.8818e-16 -0.0016012 -0.00199671
14.8 0.0796944 -6.82329e-16 0.920238 -9.86163e-16 -0.00138588 -0.00165578
14.9 0.0789018 -6.64274e-16 0.92103 -1.054e-15 -0.00117559 -0.00124776
15 0.0781169 -6.60042e-16 0.921815 -9.79065e-16 -0.000988905 -0.000781795
15.1 0.0773398 -6.46556e-16 0.922592 -1.01246e-15 -0.000841337 -0.000270511
15.2 0.0765703 -6.35628e-16 0.923362 -1.05927e-15 -0.000745219 0.000270776
15.3 0.0758084 -6.30706e-16 0.924124 -1.04795e-15 -0.000709198 0.000824899
15.4 0.075054 -6.25443e-16 0.924878 -1.04852e-15 -0.000737995 0.00137342
15.5 0.0743071 -6.26396e-16 0.925625 -9.85417e-16 -0.000832014 0.00189743
15.6 0.0735676 -6.25732e-16 0.926365 -9.55959e-16 -0.00098682 0.00237873
15.7 0.0728355 -6.26354e-16 0.927097 -8.86758e-16 -0.00119406 0.00280118
15.8 0.0721107 -6.28712e-16 0.927822 -7.81198e-16 -0.00144194 0.00315135
15.9 0.0713931 -6.25202e-16 0.928539 -8.19345e-16 -0.00171593 0.00341917
16 0.0706826 -6.21872e-16 0.929249 -8.79849e-16 -0.00199926 0.00359892
16.1 0.0699793 -6.14416e-16 0.929953 -9.0846e-16 -0.00227489 0.00368926
16.2 0.0692829 -6.08735e-16 0.930649 -9.32708e-16 -0.0025263 0.00369285
16.3 0.0685935 -6.06797e-16 0.931338 -8.97722e-16 -0.00273811 0.00361589
16.4 0.0679109 -5.95282e-16 0.932021 -9.43335e-16 -0.00289658 0.00346795
16.5 0.0672352 -5.85502e-16 0.932697 -9.43066e-16 -0.00299042 0.00326158
16.6 0.0665662 -5.75837e-16 0.933365 -9.76962e-16 -0.00301131 0.00301166
16.7 0.0659038 -5.65124e-16 0.934028 -1.02705e-15 -0.00295428 0.00273519
16.8 0.065248 -5.59167e-16 0.934683 -9.94412e-16 -0.00281866 0.00244977
16.9 0.0645988 -5.51953e-16 0.935333 -1.00447e-15 -0.00260781 0.0021729
17 0.063956 -5.47705e-16 0.935975 -9.92258e-16 -0.0023292 0.00192077
17.1 0.0633196 -5.46851e-16 0.936612 -9.46278e-16 -0.00199349 0.0017076
17.2 0.0626896 -5.3938e-16 0.937242 -9.9278e-16 -0.00161439 0.00154462
17.3 0.0620658 -5.31796e-16 0.937865 -1.02438e-15 -0.00120749 0.00143952
17.4 0.0614482 -5.26238e-16 0.938483 -1.04059e-15 -0.00078958 0.00139658
17.5 0.0608368 -5.25527e-16 0.939094 -9.84637e-16 -0.000377909 0.00141624
17.6 0.0602315 -5.25056e-16 0.9397 -9.29459e-16 1.09584e-05 0.00149507
17.7 0.0596321 -5.2015e-16 0.940299 -9.2618e-16 0.000361869 0.00162611
17.8 0.0590388 -5.15832e-16 0.940892 -9.22795e-16 0.000661853 0.00179924
17.9 0.0584513 -5.11321e-16 0.94148 -9.17299e-16 0.000900662 0.00200176
18 0.0578697 -5.08212e-16 0.942061 -9.04626e-16 0.00107147 0.00221892
18.1 0.0572939 -5.04891e-16 0.942637 -8.91426e-16 0.00117133 0.00243527
18.2 0.0567238 -5.01399e-16 0.943207 -8.87387e-16 0.00120081 0.00263512
18.3 0.0561594 -4.97437e-16 0.943771 -8.98808e-16 0.00116427 0.00280359
18.4 0.0556006 -4.9306e-16 0.94433 -8.98718e-16 0.00106937 0.00292723
18.5 0.0550474 -4.8902e-16 0.944883 -8.92253e-16 0.000926796 0.00299477
18.6 0.0544996 -4.84539e-16 0.945431 -8.93158e-16 0.000749785 0.00299801
18.7 0.0539574 -4.79567e-16 0.945973 -8.98569e-16 0.000553319 0.00293225
18.8 0.0534205 -4.75254e-16 0.94651 -9.01516e-16 0.000353147 0.00279639
18.9 0.0528889 -4.70413e-16 0.947042 -9.04681e-16 0.000164654 0.00259306
19 0.0523627 -4.65937e-16 0.947568 -9.04392e-16 2.31081e-06 0.00232847
19.1 0.0518417 -4.61425e-16 0.948089 -9.03676e-16 -0.000121208 0.00201202
19.2 0.0513258 -4.56857e-16 0.948605 -9.08064e-16 -0.000195727 0.00165573
19.3 0.0508151 -4.52359e-16 0.949116 -9.11287e-16 -0.000214325 0.0012739
19.4 0.0503095 -4.47838e-16 0.949621 -9.16414e-16 -0.000173694 0.000881418
19.5 0.0498089 -4.43376e-16 0.950122 -9.25191e-16 -7.39111e-05 0.000493465
19.6 0.0493133 -4.3892e-16 0.950617 -9.31074e-16 8.17925e-05 0.000124472
19.7 0.0488226 -4.34785e-16 0.951108 -9.32797e-16 0.000287356 -0.000212214
19.8 0.0483369 -4.30308e-16 0.951594 -9.37755e-16 0.000534122 -0.000504896
19.9 0.0478559 -4.26132e-16 0.952075 -9.39777e-16 0.000811285 -0.000743947
20 0.0473797 -4.21956e-16 0.952551 -9.46058e-16 0.0011059 -0.000922323
