0 0 0 1 0 0 0
0.1 1.71709e-07 -1.33011e-21 0.999975 -6.89944e-15 4.82654e-05 -0.000411245
0.2 7.90847e-07 -5.78841e-21 0.999973 -6.80432e-15 0.000195308 -0.00086614
0.3 2.03604e-06 -1.52889e-20 0.999968 -7.10572e-15 0.000448787 -0.00135047
0.4 4.11589e-06 -2.8692e-20 0.999962 -7.81858e-15 0.000812918 -0.00184998
0.5 7.26808e-06 -5.25419e-20 0.999955 -7.86583e-15 0.00128858 -0.00235127
0.6 1.17582e-05 -9.08369e-20 0.999946 -7.18267e-15 0.00187365 -0.00284269
0.7 1.78791e-05 -1.15208e-19 0.999936 -7.4874e-15 0.00256346 -0.00331511
0.8 2.59512e-05 -1.81868e-19 0.999923 -6.77409e-15 0.00335153 -0.00376257
0.9 3.63262e-05 -2.38882e-19 0.999909 -6.40694e-15 0.00423033 -0.00418272
1 4.93951e-05 -2.32521e-19 0.999893 -7.53641e-15 0.00519217 -0.00457712
1.1 6.56023e-05 -2.26203e-19 0.999874 -8.20816e-15 0.0062301 -0.0049513
1.2 8.54685e-05 -1.94992e-19 0.999853 -8.8998e-15 0.00733882 -0.00531458
1.3 0.000109625 -3.58575e-19 0.999828 -8.34582e-15 0.00851551 -0.00567974
1.4 0.000138857 -8.63293e-19 0.9998 -6.54166e-15 0.00976053 -0.00606247
1.5 0.000174168 -1.2768e-18 0.999765 -6.28152e-15 0.011078 -0.00648067
1.6 0.00021685 -1.60756e-18 0.999724 -6.33735e-15 0.0124763 -0.00695364
1.7 0.000268579 -2.02641e-18 0.999674 -6.67905e-15 0.013968 -0.00750119
1.8 0.000331514 -2.47114e-18 0.999613 -7.50036e-15 0.0155701 -0.00814272
1.9 0.000408418 -3.99e-18 0.999537 -5.87517e-15 0.0173036 -0.0088963
2 0.000502784 -4.07649e-18 0.999444 -7.10133e-15 0.0191931 -0.00977783
2.1 0.000618964 -4.3147e-18 0.999328 -7.55295e-15 0.0212665 -0.0108003
2.2 0.000762303 -6.47221e-18 0.999185 -7.23628e-15 0.0235535 -0.0119732
2.3 0.000939259 -8.36717e-18 0.999008 -7.87744e-15 0.0260856 -0.0133018
2.4 0.00115751 -1.02396e-17 0.998789 -8.76087e-15 0.0288941 -0.0147875
2.5 0.00142606 -1.57647e-17 0.998521 -7.68951e-15 0.0320099 -0.0164269
2.6 0.00175526 -1.91519e-17 0.998192 -7.68928e-15 0.0354622 -0.0182125
2.7 0.00215687 -2.20932e-17 0.99779 -7.73639e-15 0.0392772 -0.0201328
2.8 0.002644 -2.671e-17 0.997303 -6.57601e-15 0.0434776 -0.0221725
2.9 0.00323111 -3.03627e-17 0.996717 -6.6575e-15 0.0480819 -0.0243133
3 0.00393381 -2.55422e-17 0.996014 -7.88626e-15 0.0531031 -0.0265343
3.1 0.00476879 -3.48867e-17 0.995179 -5.94549e-15 0.058549 -0.0288128
3.2 0.00575355 -2.38147e-17 0.994195 -6.56031e-15 0.0644213 -0.0311245
3.3 0.00690618 -2.04912e-17 0.993043 -6.4044e-15 0.0707158 -0.0334449
3.4 0.00824503 -2.91252e-17 0.991704 -6.2065e-15 0.077422 -0.035749
3.5 0.00978841 -4.81049e-17 0.990162 -5.67875e-15 0.0845236 -0.0380125
3.6 0.0115542 -5.98143e-17 0.988396 -5.65249e-15 0.0919981 -0.0402119
3.7 0.0135594 -7.70949e-17 0.986391 -6.12267e-15 0.0998178 -0.0423246
3.8 0.0158199 -1.21317e-16 0.984131 -6.45235e-15 0.10795 -0.0443296
3.9 0.0183498 -2.20964e-16 0.981602 -5.13184e-15 0.116356 -0.0462075
4 0.021161 -2.86025e-16 0.978791 -6.08921e-15 0.124995 -0.04794
4.1 0.0242631 -3.8666e-16 0.975689 -5.10464e-15 0.13382 -0.0495109
4.2 0.0276624 -4.47757e-16 0.97229 -4.69458e-15 0.142782 -0.0509053
4.3 0.0313621 -4.37299e-16 0.968591 -5.86461e-15 0.151829 -0.0521099
4.4 0.0353611 -3.97766e-16 0.964592 -7.44394e-15 0.160906 -0.0531133
4.5 0.0396547 -4.56577e-16 0.960298 -6.03251e-15 0.169956 -0.0539054
4.6 0.0442334 -4.57189e-16 0.955719 -5.92388e-15 0.178922 -0.0544786
4.7 0.0490831 -3.57034e-16 0.950869 -7.51408e-15 0.187746 -0.0548272
4.8 0.0541852 -3.80139e-16 0.945767 -7.62355e-15 0.196368 -0.0549482
4.9 0.0595161 -4.46879e-16 0.940436 -7.123e-15 0.204731 -0.0548417
5 0.0650483 -4.73107e-16 0.934903 -6.45041e-15 0.212779 -0.0545114
5.1 0.0707501 -4.05068e-16 0.929201 -7.02202e-15 0.220459 -0.0539645
5.2 0.0765865 -2.51196e-16 0.923364 -8.50489e-15 0.227722 -0.0532127
5.3 0.0825201 -2.68369e-16 0.917429 -9.21171e-15 0.234524 -0.0522719
5.4 0.0885121 -6.12286e-16 0.911437 -8.1209e-15 0.240827 -0.0511622
5.5 0.0945233 -9.8522e-16 0.905425 -7.62675e-15 0.2466 -0.0499073
5.6 0.100515 -1.40955e-15 0.899433 -6.42019e-15 0.251821 -0.048534
5.7 0.10645 -1.57739e-15 0.893496 -6.47237e-15 0.256475 -0.0470708
5.8 0.112296 -1.67879e-15 0.88765 -6.59023e-15 0.260559 -0.045547
5.9 0.118021 -2.00461e-15 0.881924 -4.78769e-15 0.264075 -0.0439913
6 0.123599 -2.02474e-15 0.876345 -5.37286e-15 0.267036 -0.0424295
6.1 0.129008 -2.38725e-15 0.870935 -3.42375e-15 0.269463 -0.0408833
6.2 0.13423 -2.33762e-15 0.865712 -3.10075e-15 0.271381 -0.0393689
6.3 0.139251 -2.03636e-15 0.860691 -3.95412e-15 0.272819 -0.0378958
6.4 0.144056 -1.62899e-15 0.855884 -4.34467e-15 0.273808 -0.0364668
6.5 0.148636 -1.21112e-15 0.851304 -4.24219e-15 0.274382 -0.0350781
6.6 0.152979 -7.66379e-16 0.846959 -4.4811e-15 0.274569 -0.03372
6.7 0.157075 -3.37272e-16 0.842863 -4.80487e-15 0.274396 -0.032378
6.8 0.160911 -7.23505e-18 0.839026 -4.67927e-15 0.273886 -0.0310345
6.9 0.164473 2.16669e-16 0.835462 -4.67877e-15 0.273055 -0.0296701
7 0.167747 1.68114e-16 0.832187 -4.40069e-15 0.271914 -0.0282661
7.1 0.170715 3.04471e-16 0.829218 -5.29506e-15 0.270467 -0.026807
7.2 0.173362 1.05504e-16 0.82657 -5.36704e-15 0.268714 -0.0252817
7.3 0.175671 -6.06391e-17 0.824259 -5.7712e-15 0.26665 -0.0236851
7.4 0.17763 -2.46292e-16 0.8223 -5.81094e-15 0.264267 -0.0220187
7.5 0.179227 -6.82446e-16 0.820702 -5.13376e-15 0.261557 -0.0202908
7.6 0.180457 -1.15521e-15 0.819471 -4.58153e-15 0.258511 -0.0185161
7.7 0.181321 -1.66207e-15 0.818606 -3.70667e-15 0.255123 -0.0167142
7.8 0.181823 -2.14134e-15 0.818103 -3.00878e-15 0.251389 -0.0149078
7.9 0.181976 -2.65757e-15 0.817949 -1.89931e-15 0.247309 -0.0131218
8 0.181798 -2.69384e-15 0.818126 -1.72865e-15 0.242889 -0.0113806
8.1 0.181311 -2.67568e-15 0.818612 -9.30921e-16 0.238138 -0.0097071
8.2 0.180542 -2.22674e-15 0.819381 -1.13348e-15 0.23307 -0.00812039
8.3 0.179519 -1.57013e-15 0.820403 -1.58718e-15 0.227703 -0.00663516
8.4 0.178275 -7.93175e-16 0.821647 -1.52489e-15 0.222057 -0.00526097
8.5 0.176839 1.25483e-16 0.823082 -1.62649e-15 0.216154 -0.00400249
8.6 0.175242 1.05465e-15 0.824678 -1.85747e-15 0.210017 -0.00285993
8.7 0.173513 1.98374e-15 0.826406 -2.04935e-15 0.20367 -0.00182936
8.8 0.171678 3.05319e-15 0.828241 -3.38362e-15 0.197136 -0.000903643
8.9 0.169761 3.70082e-15 0.830158 -3.67743e-15 0.190438 -7.3512e-05
9 0.167782 4.20274e-15 0.832136 -5.10255e-15 0.183598 0.000671277
9.1 0.16576 4.01172e-15 0.834158 -4.57074e-15 0.176634 0.001341
9.2 0.16371 3.39753e-15 0.836207 -3.49226e-15 0.169566 0.00194491
9.3 0.161646 2.72308e-15 0.838271 -3.53738e-15 0.162411 0.00249007
9.4 0.159578 1.91079e-15 0.840338 -3.19097e-15 0.155185 0.00298036
9.5 0.157518 8.65735e-16 0.842398 -2.01483e-15 0.147907 0.00341627
9.6 0.155474 1.55972e-16 0.844442 -1.35687e-15 0.140597 0.00379559
9.7 0.153453 -7.77245e-16 0.846462 1.56649e-15 0.133277 0.00411448
9.8 0.151463 -9.85445e-16 0.848452 1.24375e-15 0.125971 0.0043681
9.9 0.14951 -1.02947e-15 0.850404 9.39631e-16 0.118703 0.00455093
10 0.1476 -9.43361e-16 0.852314 7.35579e-16 0.111501 0.00465676
10.1 0.145738 -7.75553e-16 0.854177 4.25134e-16 0.104391 0.0046792
10.2 0.143926 -6.53819e-16 0.855988 5.21096e-16 0.0974044 0.00461245
10.3 0.142167 -3.88709e-16 0.857747 5.60115e-17 0.0905714 0.00445232
10.4 0.140464 -7.43095e-17 0.859449 -6.32067e-16 0.0839239 0.00419696
10.5 0.138818 1.54709e-16 0.861096 -7.00097e-16 0.0774938 0.0038476
10.6 0.137227 1.75168e-16 0.862686 4.51936e-16 0.0713119 0.00340907
10.7 0.135691 3.23614e-16 0.864222 5.03192e-16 0.0654069 0.00288995
10.8 0.134207 4.29441e-16 0.865705 4.92714e-16 0.0598042 0.00230243
10.9 0.132773 4.94467e-16 0.867139 7.04625e-16 0.0545253 0.00166187
11 0.131385 5.75964e-16 0.868528 7.37335e-16 0.0495869 0.000986425
11.1 0.130038 8.4336e-16 0.869874 -5.17628e-16 0.0450007 0.000296586
11.2 0.128727 9.58363e-16 0.871184 -7.76537e-16 0.0407721 -0.000385612
11.3 0.12745 1.0583e-15 0.872462 -9.82592e-16 0.0369005 -0.00103749
11.4 0.126199 1.1921e-15 0.873712 -1.36355e-15 0.0333787 -0.00163707
11.5 0.124972 1.36342e-15 0.874939 -2.19145e-15 0.0301938 -0.00216406
11.6 0.123764 1.28372e-15 0.876147 -1.32913e-15 0.0273278 -0.00260086
11.7 0.122572 1.36955e-15 0.877339 -1.83171e-15 0.0247588 -0.00293315
11.8 0.121393 1.36403e-15 0.878518 -2.13857e-15 0.0224612 -0.0031502
11.9 0.120224 1.29382e-15 0.879687 -2.19371e-15 0.020407 -0.00324533
12 0.119063 1.18413e-15 0.880848 -1.85241e-15 0.0185657 -0.00321643
12.1 0.11791 1.12373e-15 0.882001 -1.87494e-15 0.0169066 -0.00306619
12.2 0.116764 1.08636e-15 0.883147 -1.90886e-15 0.0153991 -0.0028018
12.3 0.115624 1.11567e-15 0.884287 -2.47727e-15 0.0140137 -0.00243501
12.4 0.11449 1.05587e-15 0.885422 -2.30354e-15 0.0127237 -0.00198169
12.5 0.113362 1.07267e-15 0.886549 -2.92034e-15 0.0115061 -0.00146142
12.6 0.112241 9.87618e-16 0.88767 -2.7913e-15 0.0103427 -0.000896444
12.7 0.111128 9.80233e-16 0.888783 -3.14993e-15 0.00922058 -0.000309932
12.8 0.110023 8.72017e-16 0.889888 -2.61928e-15 0.00813193 0.000275373
12.9 0.108927 8.34044e-16 0.890985 -2.52865e-15 0.00707314 0.00083796
13 0.107839 8.29959e-16 0.892072 -2.63744e-15 0.0060447 0.00135804
13.1 0.106762 7.95054e-16 0.89315 -2.37925e-15 0.00505094 0.0018183
13.2 0.105695 8.76048e-16 0.894217 -3.10046e-15 0.00409969 0.00220469
13.3 0.104638 8.5895e-16 0.895274 -2.93787e-15 0.00320156 0.00250735
13.4 0.103592 8.2675e-16 0.89632 -2.67585e-15 0.00236895 0.00272111
13.5 0.102557 7.48974e-16 0.897355 -1.99153e-15 0.00161468 0.00284562
13.6 0.101532 7.29359e-16 0.89838 -1.66744e-15 0.00095077 0.0028854
13.7 0.100518 7.02994e-16 0.899394 -1.70204e-15 0.000387644 0.00284898
13.8 0.0995151 7.0169e-16 0.900397 -2.16883e-15 -6.68976e-05 0.00274851
13.9 0.0985225 6.76495e-16 0.901389 -2.45582e-15 -0.00040839 0.00259887
14 0.0975402 6.87635e-16 0.902372 -2.5091e-15 -0.000636052 0.00241672
14.1 0.0965681 7.1729e-16 0.903344 -3.06975e-15 -0.000753127 0.00221962
14.2 0.095606 6.99518e-16 0.904306 -3.05076e-15 -0.000767069 0.00202475
14.3 0.0946538 6.73931e-16 0.905258 -3.07886e-15 -0.000688999 0.00184807
14.4 0.0937112 6.76139e-16 0.9062 -3.29337e-15 -0.000533263 0.00170303
14.5 0.0927782 6.55801e-16 0.907133 -3.33081e-15 -0.000316444 0.00160016
14.6 0.0918546 6.2779e-16 0.908057 -3.19823e-15 -5.66878e-05 0.00154683
14.7 0.0909402 6.09991e-16 0.908971 -3.10796e-15 0.000226484 0.00154711
14.8 0.090035 6.01182e-16 0.909876 -3.16313e-15 0.000513371 0.00160089
14.9 0.0891389 5.86051e-16 0.910772 -3.10406e-15 0.000785164 0.00170379
15 0.0882517 5.73552e-16 0.911659 -3.05975e-15 0.00102525 0.00184758
15.1 0.0873733 5.77404e-16 0.912538 -3.13559e-15 0.00122051 0.00202101
15.2 0.0865037 5.63819e-16 0.913407 -2.9901e-15 0.00136072 0.00221196
15.3 0.0856427 5.61641e-16 0.914268 -3.01548e-15 0.00143903 0.00240617
15.4 0.0847904 5.44576e-16 0.91512 -2.92889e-15 0.00145223 0.00258879
15.5 0.0839465 5.3254e-16 0.915964 -2.8615e-15 0.00140073 0.00274503
15.6 0.0831111 5.13814e-16 0.9168 -2.78991e-15 0.00128878 0.00286059
15.7 0.082284 4.88531e-16 0.917627 -2.60677e-15 0.00112402 0.00292312
15.8 0.0814651 4.81569e-16 0.918445 -2.6788e-15 0.000917275 0.00292231
15.9 0.0806544 4.71646e-16 0.919256 -2.66488e-15 0.000681846 0.00285113
16 0.0798518 4.6409e-16 0.920058 -2.74182e-15 0.000432663 0.00270625
16.1 0.0790572 4.52825e-16 0.920853 -2.67824e-15 0.000185127 0.00248768
16.2 0.0782705 4.48027e-16 0.92164 -2.72359e-15 -4.51239e-05 0.00219938
16.3 0.0774917 4.43848e-16 0.922418 -2.64996e-15 -0.000243444 0.00184898
16.4 0.0767206 4.44283e-16 0.923189 -2.69066e-15 -0.000396882 0.00144764
16.5 0.0759572 4.40074e-16 0.923953 -2.6467e-15 -0.00049526 0.00100955
16.6 0.0752014 4.38984e-16 0.924709 -2.65488e-15 -0.000532151 0.000550837
16.7 0.0744531 4.41784e-16 0.925457 -2.67938e-15 -0.000504689 8.86341e-05
16.8 0.0737123 4.49824e-16 0.926198 -2.80245e-15 -0.000413849 -0.000359828
16.9 0.0729788 4.45539e-16 0.926931 -2.80597e-15 -0.000264405 -0.000778299
17 0.0722527 4.49947e-16 0.927657 -2.90361e-15 -6.46332e-05 -0.00115241
17.1 0.0715338 4.46117e-16 0.928376 -2.92086e-15 0.000174712 -0.0014705
17.2 0.070822 4.41142e-16 0.929088 -2.92025e-15 0.000441128 -0.00172372
17.3 0.0701173 4.38118e-16 0.929792 -2.94484e-15 0.000720817 -0.00190612
17.4 0.0694196 4.38016e-16 0.93049 -3.00612e-15 0.000999199 -0.00201482
17.5 0.0687288 4.24365e-16 0.93118 -2.90141e-15 0.00126144 -0.00205021
17.6 0.068045 4.24911e-16 0.931864 -2.95732e-15 0.00149315 -0.00201615
17.7 0.0673679 4.16457e-16 0.932541 -2.88301e-15 0.00168116 -0.00192002
17.8 0.0666976 4.12778e-16 0.933211 -2.91528e-15 0.0018145 -0.00177231
17.9 0.0660339 4.0752e-16 0.933875 -2.9159e-15 0.00188541 -0.0015861
18 0.0653769 4.05796e-16 0.934532 -2.97279e-15 0.00188975 -0.00137594
18.1 0.0647263 4.03104e-16 0.935182 -3.00777e-15 0.00182691 -0.00115686
18.2 0.0640823 3.9978e-16 0.935826 -3.02809e-15 0.00169988 -0.000943351
18.3 0.0634447 3.96582e-16 0.936464 -3.04984e-15 0.00151476 -0.000748666
18.4 0.0628134 3.92089e-16 0.937095 -3.05088e-15 0.00128031 -0.000584553
18.5 0.0621884 3.88692e-16 0.93772 -3.06966e-15 0.00100775 -0.000460643
18.6 0.0615696 3.87277e-16 0.938339 -3.11499e-15 0.000710284 -0.000383769
18.7 0.060957 3.83632e-16 0.938952 -3.11535e-15 0.000402249 -0.000357568
18.8 0.0603505 3.79804e-16 0.939558 -3.11564e-15 9.84487e-05 -0.000382341
18.9 0.05975 3.75587e-16 0.940159 -3.11479e-15 -0.000186897 -0.000454924
19 0.0591554 3.71597e-16 0.940753 -3.11342e-15 -0.000441022 -0.000569044
19.1 0.0585668 3.67898e-16 0.941342 -3.10836e-15 -0.000653274 -0.000715875
19.2 0.0579841 3.64152e-16 0.941925 -3.10122e-15 -0.000815457 -0.000884742
19.3 0.0574071 3.60054e-16 0.942502 -3.0882e-15 -0.000922245 -0.00106362
19.4 0.0568359 3.56138e-16 0.943073 -3.07408e-15 -0.000971383 -0.0012398
19.5 0.0562704 3.52384e-16 0.943638 -3.06813e-15 -0.000963695 -0.00140041
19.6 0.0557105 3.48657e-16 0.944198 -3.06128e-15 -0.000903183 -0.00153351
19.7 0.0551562 3.45072e-16 0.944753 -3.05773e-15 -0.000796351 -0.00162839
19.8 0.0546074 3.41952e-16 0.945302 -3.05798e-15 -0.000652414 -0.00167637
19.9 0.054064 3.38449e-16 0.945845 -3.04831e-15 -0.000482532 -0.0016714
20 0.0535261 3.35015e-16 0.946383 -3.04666e-15 -0.000298782 -0.00161023
