0 0 0 1 0 0 0
0.1 1.71713e-07 -1.15402e-22 0.999998 -5.66008e-17 4.8275e-05 -0.000411466
0.2 7.91066e-07 -3.70579e-22 0.999998 -1.12796e-16 0.000195482 -0.000867229
0.3 2.03746e-06 -2.67153e-22 0.999996 -5.39278e-16 0.000449618 -0.0013535
0.4 4.12108e-06 -1.01797e-21 0.999994 -5.76354e-16 0.000815436 -0.00185636
0.5 7.28234e-06 -1.93972e-21 0.999991 -6.16378e-16 0.00129452 -0.00236263
0.6 1.17908e-05 -2.82947e-21 0.999987 -6.57612e-16 0.00188557 -0.00286069
0.7 1.79446e-05 -3.63484e-21 0.999981 -6.97382e-16 0.00258485 -0.00334122
0.8 2.60703e-05 -6.73418e-21 0.999973 -7.36287e-16 0.00338681 -0.0037978
0.9 3.65263e-05 -1.37726e-20 0.999962 -7.68756e-16 0.00428481 -0.00422742
1 4.97093e-05 -2.46429e-20 0.999949 -7.9995e-16 0.00527193 -0.00463073
1.1 6.6067e-05 -4.56019e-20 0.999933 -8.18226e-16 0.00634183 -0.00501213
1.2 8.61181e-05 -7.70272e-20 0.999913 -8.28413e-16 0.0074896 -0.0053797
1.3 0.000110483 -1.23418e-19 0.999888 -8.32529e-16 0.00871255 -0.00574491
1.4 0.000139926 -1.98577e-19 0.999859 -8.22693e-16 0.0100109 -0.0061221
1.5 0.000175409 -2.87002e-19 0.999823 -8.11141e-16 0.0113885 -0.00652792
1.6 0.000218164 -3.82256e-19 0.99978 -7.89249e-16 0.0128529 -0.00698057
1.7 0.000269774 -4.55053e-19 0.999728 -7.53885e-16 0.014416 -0.00749895
1.8 0.000332275 -6.09845e-19 0.999665 -7.21629e-16 0.0160939 -0.00810183
1.9 0.000408267 -8.09588e-19 0.999589 -6.80269e-16 0.0179066 -0.00880695
2 0.000501034 -1.04538e-18 0.999496 -6.43865e-16 0.0198779 -0.00963019
2.1 0.000614669 -1.21589e-18 0.999382 -6.05585e-16 0.0220348 -0.0105848
2.2 0.000754206 -1.46513e-18 0.999242 -5.75067e-16 0.0244066 -0.0116809
2.3 0.000925735 -1.71531e-18 0.99907 -5.58115e-16 0.0270243 -0.0129246
2.4 0.00113652 -1.90295e-18 0.998859 -5.4264e-16 0.0299195 -0.0143182
2.5 0.00139506 -2.19243e-18 0.9986 -5.3363e-16 0.0331237 -0.0158593
2.6 0.00171119 -2.1707e-18 0.998284 -5.33551e-16 0.036667 -0.0175415
2.7 0.00209606 -1.91634e-18 0.997899 -5.40988e-16 0.0405771 -0.019354
2.8 0.00256212 -1.34594e-18 0.997433 -5.5888e-16 0.0448788 -0.0212823
2.9 0.00312309 -8.58807e-19 0.996872 -5.83646e-16 0.0495926 -0.0233079
3 0.00379378 -5.71522e-19 0.996201 -6.10964e-16 0.0547342 -0.0254099
3.1 0.00458992 -1.1399e-19 0.995405 -6.40055e-16 0.0603142 -0.0275645
3.2 0.00552795 1.34688e-18 0.994467 -6.8003e-16 0.0663369 -0.0297462
3.3 0.00662472 2.12076e-18 0.99337 -7.15553e-16 0.0728008 -0.0319284
3.4 0.00789712 4.20938e-18 0.992098 -7.56764e-16 0.0796979 -0.0340837
3.5 0.00936171 6.23754e-18 0.990633 -7.94501e-16 0.0870136 -0.0361847
3.6 0.0110343 8.06011e-18 0.98896 -8.29245e-16 0.0947272 -0.0382045
3.7 0.0129294 5.99637e-18 0.987065 -8.60061e-16 0.102812 -0.0401171
3.8 0.01506 2.33674e-18 0.984935 -8.75142e-16 0.111235 -0.0418977
3.9 0.0174366 -4.14567e-18 0.982558 -8.81617e-16 0.119957 -0.0435234
4 0.0200673 -1.04767e-17 0.979928 -8.83604e-16 0.128937 -0.0449728
4.1 0.0229567 -1.71931e-17 0.977038 -8.7271e-16 0.138125 -0.046227
4.2 0.0261062 -2.56463e-17 0.973889 -8.52329e-16 0.14747 -0.0472693
4.3 0.0295128 -3.58274e-17 0.970483 -8.27115e-16 0.156917 -0.0480856
4.4 0.0331694 -4.37357e-17 0.966826 -7.93158e-16 0.166408 -0.0486648
4.5 0.0370643 -5.20689e-17 0.962931 -7.54557e-16 0.175883 -0.0489988
4.6 0.0411812 -6.48761e-17 0.958814 -7.0396e-16 0.185281 -0.0490833
4.7 0.0454991 -7.7805e-17 0.954497 -6.53122e-16 0.194541 -0.0489174
4.8 0.0499928 -7.99455e-17 0.950003 -6.16171e-16 0.203603 -0.0485047
4.9 0.0546329 -7.50677e-17 0.945363 -5.88537e-16 0.212407 -0.0478532
5 0.0593866 -5.59072e-17 0.940609 -5.8394e-16 0.220899 -0.0469754
5.1 0.0642188 -2.44372e-17 0.935777 -5.9209e-16 0.229026 -0.0458888
5.2 0.0690923 1.82056e-18 0.930903 -6.01865e-16 0.236741 -0.0446155
5.3 0.0739696 3.01601e-17 0.926026 -6.22543e-16 0.244006 -0.0431819
5.4 0.0788138 5.53469e-17 0.921181 -6.41624e-16 0.250785 -0.0416178
5.5 0.0835896 7.36764e-17 0.916405 -6.45012e-16 0.257056 -0.0399561
5.6 0.0882648 9.59272e-17 0.91173 -6.59403e-16 0.262801 -0.038231
5.7 0.0928108 1.28145e-16 0.907184 -6.9756e-16 0.268013 -0.0364767
5.8 0.0972038 1.60393e-16 0.902791 -7.20484e-16 0.272694 -0.0347256
5.9 0.101425 1.71749e-16 0.89857 -7.38891e-16 0.276851 -0.0330068
6 0.10546 1.93806e-16 0.894535 -7.60507e-16 0.280502 -0.0313442
6.1 0.109299 1.98228e-16 0.890695 -7.65429e-16 0.283669 -0.0297551
6.2 0.112936 1.99377e-16 0.887058 -7.77982e-16 0.286377 -0.0282487
6.3 0.116369 1.90051e-16 0.883625 -7.81989e-16 0.288655 -0.0268261
6.4 0.119593 1.34986e-16 0.8804 -7.2578e-16 0.29053 -0.0254797
6.5 0.122607 7.00019e-17 0.877386 -6.54344e-16 0.292028 -0.0241941
6.6 0.125407 -1.93675e-17 0.874586 -5.77332e-16 0.293172 -0.0229478
6.7 0.127986 -8.98108e-17 0.872007 -5.13485e-16 0.293979 -0.0217143
6.8 0.130333 -1.21741e-16 0.86966 -4.66981e-16 0.294461 -0.0204652
6.9 0.132435 -1.37674e-16 0.867558 -4.53469e-16 0.294621 -0.0191725
7 0.134275 -1.36668e-16 0.865718 -4.44652e-16 0.294458 -0.0178108
7.1 0.135834 -1.08555e-16 0.864159 -4.60138e-16 0.293966 -0.0163599
7.2 0.137091 -6.71973e-17 0.862901 -4.99875e-16 0.293134 -0.0148065
7.3 0.138029 -4.40418e-17 0.861964 -5.25509e-16 0.291946 -0.013145
7.4 0.138628 -7.19561e-18 0.861364 -5.45724e-16 0.29039 -0.0113782
7.5 0.138877 2.6113e-17 0.861115 -5.77661e-16 0.288449 -0.00951674
7.6 0.138767 6.63831e-17 0.861225 -5.90354e-16 0.286113 -0.00757773
7.7 0.138297 9.24596e-17 0.861695 -6.07321e-16 0.283374 -0.00558344
7.8 0.137471 6.54661e-17 0.862521 -5.70946e-16 0.280226 -0.00355917
7.9 0.136301 3.2741e-17 0.863691 -5.29817e-16 0.276672 -0.00153117
8 0.134805 -9.57397e-18 0.865186 -4.92407e-16 0.272717 0.000475284
8.1 0.133007 -7.52939e-17 0.866985 -4.08085e-16 0.268371 0.00243755
8.2 0.130932 -1.61026e-16 0.869059 -3.12532e-16 0.263649 0.0043368
8.3 0.128613 -2.27764e-16 0.871379 -2.45427e-16 0.258568 0.00615875
8.4 0.12608 -2.65444e-16 0.873911 -2.04564e-16 0.253146 0.00789375
8.5 0.123367 -2.94234e-16 0.876624 -1.71952e-16 0.247404 0.00953658
8.6 0.120506 -3.19325e-16 0.879485 -1.41426e-16 0.24136 0.0110857
8.7 0.117528 -3.38212e-16 0.882463 -1.14254e-16 0.235035 0.0125422
8.8 0.114462 -3.55692e-16 0.885529 -1.00594e-16 0.228448 0.0139087
8.9 0.111336 -3.83426e-16 0.888654 -8.36796e-17 0.221616 0.0151883
9 0.108176 -4.08169e-16 0.891815 -6.43808e-17 0.214556 0.0163834
9.1 0.105004 -4.24385e-16 0.894986 -5.17896e-17 0.207286 0.0174945
9.2 0.101843 -4.21386e-16 0.898147 -6.0336e-17 0.199821 0.01852
9.3 0.0987134 -4.15361e-16 0.901277 -7.2095e-17 0.192181 0.0194552
9.4 0.0956327 -4.00946e-16 0.904357 -8.70053e-17 0.184383 0.0202928
9.5 0.0926186 -3.70927e-16 0.907371 -1.26954e-16 0.176451 0.0210222
9.6 0.0896868 -3.42931e-16 0.910303 -1.64438e-16 0.168409 0.0216312
9.7 0.086852 -3.07756e-16 0.913137 -2.04538e-16 0.160284 0.0221052
9.8 0.0841271 -2.67401e-16 0.915862 -2.47821e-16 0.152108 0.0224295
9.9 0.0815237 -2.3416e-16 0.918466 -2.8466e-16 0.143916 0.0225889
10 0.0790514 -2.05106e-16 0.920938 -3.10222e-16 0.135747 0.0225699
10.1 0.0767179 -1.82662e-16 0.923271 -3.25435e-16 0.127643 0.0223609
10.2 0.0745289 -1.73704e-16 0.92546 -3.28796e-16 0.119647 0.0219534
10.3 0.0724877 -1.72544e-16 0.927501 -3.17841e-16 0.111806 0.021343
10.4 0.0705953 -1.80777e-16 0.929394 -2.89618e-16 0.104164 0.0205302
10.5 0.0688506 -1.95838e-16 0.931138 -2.51142e-16 0.0967668 0.0195203
10.6 0.0672501 -2.19481e-16 0.932739 -2.06393e-16 0.0896585 0.0183247
10.7 0.0657881 -2.43954e-16 0.934201 -1.60058e-16 0.0828788 0.0169599
10.8 0.0644575 -2.67083e-16 0.935531 -1.14333e-16 0.0764633 0.0154482
10.9 0.0632492 -2.88294e-16 0.93674 -7.0832e-17 0.0704419 0.0138164
11 0.0621532 -3.04317e-16 0.937836 -3.46009e-17 0.0648378 0.0120956
11.1 0.0611586 -3.14538e-16 0.93883 -1.11288e-17 0.0596664 0.01032
11.2 0.0602541 -3.20149e-16 0.939735 5.99684e-18 0.0549354 0.00852563
11.3 0.0594281 -3.21355e-16 0.940561 1.57535e-17 0.0506439 0.00674931
11.4 0.0586695 -3.18781e-16 0.941319 2.11682e-17 0.0467827 0.00502708
11.5 0.0579676 -3.14059e-16 0.942021 2.40971e-17 0.0433344 0.0033929
11.6 0.0573124 -3.07718e-16 0.942677 2.50435e-17 0.0402746 0.00187721
11.7 0.056695 -3.01402e-16 0.943294 2.8314e-17 0.0375722 0.000505827
11.8 0.0561075 -2.94829e-16 0.943881 2.52074e-17 0.0351911 -0.000701137
11.9 0.0555431 -2.88575e-16 0.944446 2.33889e-17 0.0330914 -0.00173002
12 0.0549961 -2.82011e-16 0.944993 1.89999e-17 0.031231 -0.00257411
12.1 0.0544622 -2.75333e-16 0.945527 1.42538e-17 0.0295672 -0.00323376
12.2 0.0539377 -2.67631e-16 0.946051 2.89032e-18 0.0280584 -0.00371632
12.3 0.0534201 -2.59609e-16 0.946569 -8.11167e-18 0.0266656 -0.00403553
12.4 0.0529075 -2.51164e-16 0.947081 -1.96788e-17 0.0253539 -0.00421076
12.5 0.0523988 -2.42695e-16 0.94759 -2.89091e-17 0.0240931 -0.00426604
12.6 0.0518933 -2.34448e-16 0.948095 -3.93092e-17 0.0228594 -0.00422872
12.7 0.0513907 -2.26943e-16 0.948598 -5.08146e-17 0.0216355 -0.00412816
12.8 0.0508911 -2.204e-16 0.949098 -6.47094e-17 0.0204109 -0.0039942
12.9 0.0503946 -2.15178e-16 0.949594 -7.44436e-17 0.0191816 -0.00385573
13 0.0499014 -2.10967e-16 0.950087 -8.66536e-17 0.0179505 -0.00373931
13.1 0.0494119 -2.07657e-16 0.950577 -1.00621e-16 0.0167255 -0.00366792
13.2 0.0489264 -2.05309e-16 0.951062 -1.10587e-16 0.0155196 -0.00365992
13.3 0.048445 -2.0346e-16 0.951544 -1.2055e-16 0.014349 -0.00372829
13.4 0.047968 -2.01977e-16 0.952021 -1.29441e-16 0.0132323 -0.00388012
13.5 0.0474954 -2.0072e-16 0.952493 -1.37648e-16 0.0121886 -0.00411642
13.6 0.0470274 -1.99361e-16 0.952961 -1.48182e-16 0.0112368 -0.00443227
13.7 0.0465639 -1.97856e-16 0.953425 -1.58221e-16 0.0103936 -0.00481724
13.8 0.0461049 -1.96315e-16 0.953884 -1.65543e-16 0.00967272 -0.00525606
13.9 0.0456503 -1.94619e-16 0.954338 -1.71415e-16 0.00908389 -0.00572964
14 0.0452001 -1.92844e-16 0.954789 -1.73993e-16 0.00863202 -0.00621616
14.1 0.0447542 -1.91011e-16 0.955234 -1.74563e-16 0.00831682 -0.00669232
14.2 0.0443124 -1.89133e-16 0.955676 -1.73299e-16 0.00813258 -0.00713472
14.3 0.0438747 -1.8745e-16 0.956114 -1.64528e-16 0.00806837 -0.0075211
14.4 0.0434411 -1.85911e-16 0.956548 -1.51422e-16 0.00810843 -0.00783164
14.5 0.0430114 -1.84628e-16 0.956977 -1.31462e-16 0.00823291 -0.00805003
14.6 0.0425857 -1.83331e-16 0.957403 -1.11234e-16 0.0084188 -0.00816437
14.7 0.0421639 -1.82181e-16 0.957825 -8.58131e-17 0.00864101 -0.00816782
14.8 0.041746 -1.80853e-16 0.958243 -6.4619e-17 0.00887362 -0.008059
14.9 0.0413319 -1.79516e-16 0.958657 -4.52013e-17 0.00909115 -0.00784203
15 0.0409218 -1.77975e-16 0.959067 -3.43146e-17 0.0092698 -0.00752635
15.1 0.0405154 -1.76305e-16 0.959473 -2.87976e-17 0.00938861 -0.00712617
15.2 0.040113 -1.74494e-16 0.959876 -2.85619e-17 0.0094305 -0.00665976
15.3 0.0397144 -1.72461e-16 0.960274 -3.72656e-17 0.00938308 -0.00614838
15.4 0.0393196 -1.70298e-16 0.960669 -5.1399e-17 0.0092391 -0.00561532
15.5 0.0389286 -1.68075e-16 0.96106 -6.93358e-17 0.00899691 -0.00508453
15.6 0.0385415 -1.65865e-16 0.961447 -8.9387e-17 0.00866009 -0.00457948
15.7 0.0381581 -1.63683e-16 0.96183 -1.08593e-16 0.00823759 -0.00412187
15.8 0.0377786 -1.61692e-16 0.96221 -1.22189e-16 0.00774287 -0.00373059
15.9 0.0374027 -1.59823e-16 0.962586 -1.32949e-16 0.00719326 -0.00342077
16 0.0370306 -1.57897e-16 0.962958 -1.45379e-16 0.00660889 -0.00320303
16.1 0.0366622 -1.56129e-16 0.963326 -1.52299e-16 0.00601163 -0.00308304
16.2 0.0362975 -1.54495e-16 0.963691 -1.5505e-16 0.00542393 -0.00306135
16.3 0.0359363 -1.52886e-16 0.964052 -1.57506e-16 0.00486762 -0.00313337
16.4 0.0355788 -1.51311e-16 0.96441 -1.58492e-16 0.00436296 -0.00328963
16.5 0.0352248 -1.49947e-16 0.964764 -1.52476e-16 0.00392721 -0.00351642
16.6 0.0348743 -1.489e-16 0.965114 -1.3605e-16 0.00357414 -0.00379653
16.7 0.0345274 -1.4792e-16 0.965461 -1.16938e-16 0.00331322 -0.00411009
16.8 0.0341838 -1.46907e-16 0.965805 -1.0092e-16 0.00314915 -0.00443568
16.9 0.0338437 -1.45951e-16 0.966145 -8.26935e-17 0.00308164 -0.00475139
17 0.033507 -1.44966e-16 0.966482 -6.60552e-17 0.00310539 -0.00503599
17.1 0.0331736 -1.43908e-16 0.966815 -5.12634e-17 0.00321043 -0.00527013
17.2 0.0328435 -1.42765e-16 0.967145 -4.18592e-17 0.0033827 -0.00543734
17.3 0.0325167 -1.41465e-16 0.967472 -3.95009e-17 0.00360479 -0.00552479
17.4 0.0321932 -1.40139e-16 0.967795 -4.15163e-17 0.00385689 -0.0055241
17.5 0.0318729 -1.38716e-16 0.968116 -4.40344e-17 0.00411799 -0.00543162
17.6 0.0315557 -1.37194e-16 0.968433 -5.32753e-17 0.0043667 -0.00524866
17.7 0.0312418 -1.35762e-16 0.968747 -5.76197e-17 0.00458278 -0.00498133
17.8 0.0309309 -1.34365e-16 0.969058 -6.19058e-17 0.00474801 -0.00464009
17.9 0.0306231 -1.32873e-16 0.969365 -6.97419e-17 0.00484714 -0.00423924
18 0.0303184 -1.31491e-16 0.96967 -7.37508e-17 0.00486861 -0.00379604
18.1 0.0300167 -1.30148e-16 0.969972 -7.73744e-17 0.00480516 -0.00332981
18.2 0.0297181 -1.28798e-16 0.970271 -8.32752e-17 0.00465411 -0.00286094
18.3 0.0294224 -1.27507e-16 0.970566 -8.7854e-17 0.00441752 -0.00240968
18.4 0.0291296 -1.26337e-16 0.970859 -8.67359e-17 0.00410176 -0.0019953
18.5 0.0288398 -1.253e-16 0.971149 -8.36403e-17 0.00371758 -0.00163504
18.6 0.0285528 -1.24112e-16 0.971436 -8.15477e-17 0.00327918 -0.0013431
18.7 0.0282687 -1.22804e-16 0.97172 -8.24505e-17 0.00280358 -0.00113004
18.8 0.0279874 -1.2144e-16 0.972001 -8.92131e-17 0.00230968 -0.00100225
18.9 0.027709 -1.19954e-16 0.97228 -9.85225e-17 0.00181713 -0.000961624
19 0.0274332 -1.1853e-16 0.972555 -1.09924e-16 0.00134546 -0.00100564
19.1 0.0271603 -1.17273e-16 0.972828 -1.1648e-16 0.000913077 -0.00112743
19.2 0.02689 -1.15889e-16 0.973098 -1.24069e-16 0.000536269 -0.00131608
19.3 0.0266225 -1.14675e-16 0.973366 -1.27368e-16 0.000228351 -0.00155733
19.4 0.0263576 -1.13622e-16 0.973631 -1.28836e-16 -9.9322e-07 -0.00183432
19.5 0.0260953 -1.12486e-16 0.973893 -1.29012e-16 -0.000146134 -0.00212852
19.6 0.0258357 -1.11421e-16 0.974153 -1.25423e-16 -0.000205895 -0.00242062
19.7 0.0255786 -1.10384e-16 0.97441 -1.23676e-16 -0.000183587 -0.00269161
19.8 0.0253241 -1.09429e-16 0.974664 -1.19441e-16 -8.69296e-05 -0.0029237
19.9 0.0250721 -1.08392e-16 0.974916 -1.18869e-16 7.28825e-05 -0.00310214
20 0.0248226 -1.07312e-16 0.975166 -1.19969e-16 0.000280867 -0.00321425
