0 0 0 1 0 0 0
0.1 1.71706e-07 -3.68277e-20 0.999961 -2.67506e-13 4.82606e-05 -0.000411112
0.2 7.90714e-07 -2.61564e-19 0.999958 -2.28515e-13 0.000195213 -0.000865487
0.3 2.03519e-06 -9.49204e-19 0.999953 -1.81771e-13 0.000448324 -0.00134866
0.4 4.11277e-06 -2.41842e-18 0.999947 -1.71713e-13 0.000811511 -0.00184618
0.5 7.25955e-06 -4.76135e-18 0.99994 -2.04317e-13 0.00128527 -0.00234452
0.6 1.17388e-05 -7.41137e-18 0.999931 -2.53999e-13 0.00186701 -0.00283204
0.7 1.78401e-05 -9.04011e-18 0.99992 -2.64413e-13 0.0025516 -0.00329973
0.8 2.58805e-05 -8.39052e-18 0.999907 -1.87453e-13 0.00333208 -0.00374189
0.9 3.62077e-05 -5.95252e-18 0.999893 -1.0629e-14 0.00420049 -0.00415659
1 4.92093e-05 -5.86092e-18 0.999877 2.35433e-13 0.00514879 -0.00454592
1.1 6.53279e-05 -1.61255e-17 0.999858 4.81958e-13 0.00616982 -0.00491602
1.2 8.50852e-05 -4.49552e-17 0.999836 6.48179e-13 0.00725822 -0.0052769
1.3 0.000109117 -9.25173e-17 0.999811 6.72823e-13 0.00841127 -0.00564205
1.4 0.000138223 -1.41757e-16 0.999781 5.441e-13 0.00962964 -0.00602781
1.5 0.000173426 -1.53393e-16 0.999746 3.14455e-13 0.0109179 -0.00645265
1.6 0.00021605 -7.29222e-17 0.999705 4.89556e-14 0.012285 -0.0069363
1.7 0.000267817 1.36609e-16 0.999654 -1.48829e-13 0.0137441 -0.0074988
1.8 0.000330945 4.57446e-16 0.999592 -1.89076e-13 0.0153131 -0.00815958
1.9 0.000408275 8.08525e-16 0.999515 -8.29591e-14 0.0170137 -0.00893653
2 0.000503392 1.04203e-15 0.999419 1.34787e-13 0.0188712 -0.00984514
2.1 0.000620757 9.76524e-16 0.999301 4.01142e-13 0.020914 -0.0108978
2.2 0.000765836 4.72958e-16 0.999154 6.63555e-13 0.0231722 -0.012103
2.3 0.000945218 -4.18886e-16 0.998973 8.58412e-13 0.0256772 -0.0134653
2.4 0.00116673 -1.45352e-15 0.998749 9.55167e-13 0.0284604 -0.0149848
2.5 0.00143949 -2.15463e-15 0.998474 9.41466e-13 0.0315521 -0.0166573
2.6 0.001774 -1.92214e-15 0.998138 8.30881e-13 0.0349806 -0.0184743
2.7 0.00218215 -3.64313e-16 0.997728 6.72243e-13 0.0387711 -0.0204233
2.8 0.00267717 2.9266e-15 0.997232 4.68241e-13 0.0429451 -0.0224889
2.9 0.0032736 8.05957e-15 0.996635 2.69753e-13 0.0475193 -0.0246522
3 0.00398719 1.45145e-14 0.995921 5.69984e-14 0.0525054 -0.0268926
3.1 0.0048347 2.1571e-14 0.995073 -1.76785e-13 0.0579095 -0.0291878
3.2 0.00583376 2.79489e-14 0.994074 -4.06615e-13 0.063732 -0.0315143
3.3 0.00700258 3.2812e-14 0.992905 -6.72675e-13 0.0699674 -0.0338487
3.4 0.00835972 3.4891e-14 0.991548 -9.52092e-13 0.0766043 -0.0361675
3.5 0.00992375 3.34598e-14 0.989984 -1.24433e-12 0.0836256 -0.0384478
3.6 0.0117129 2.82966e-14 0.988195 -1.42483e-12 0.0910087 -0.0406678
3.7 0.0137447 1.96343e-14 0.986163 -1.45702e-12 0.0987257 -0.0428069
3.8 0.0160357 8.06123e-15 0.983871 -1.26772e-12 0.106744 -0.0448458
3.9 0.0186008 -5.71162e-15 0.981303 -7.78669e-13 0.115027 -0.0467664
4 0.021453 -1.59116e-14 0.97845 -1.54862e-13 0.123534 -0.0485523
4.1 0.024603 -1.81539e-14 0.975298 4.25765e-13 0.13222 -0.0501883
4.2 0.0280588 -1.47084e-14 0.971841 8.71397e-13 0.14104 -0.0516601
4.3 0.0318249 -1.66631e-14 0.968074 8.4441e-13 0.149942 -0.052954
4.4 0.0359022 -3.12393e-14 0.963995 4.55517e-13 0.158876 -0.0540573
4.5 0.0402876 -6.39627e-14 0.959608 -1.29478e-13 0.167787 -0.0549578
4.6 0.0449733 -9.92054e-14 0.954921 -8.64369e-13 0.176619 -0.0556447
4.7 0.0499466 -1.21127e-13 0.949946 -1.51284e-12 0.185315 -0.0561093
4.8 0.0551898 -1.23054e-13 0.944702 -1.86744e-12 0.193817 -0.0563445
4.9 0.0606804 -1.0428e-13 0.93921 -1.73346e-12 0.202067 -0.056346
5 0.0663904 -8.44383e-14 0.9335 -1.39975e-12 0.21001 -0.0561125
5.1 0.0722877 -4.69425e-14 0.927602 -1.02323e-12 0.21759 -0.0556462
5.2 0.0783358 1.07849e-15 0.921553 -6.9928e-13 0.224757 -0.0549539
5.3 0.0844949 6.26091e-15 0.915393 -5.87874e-13 0.231461 -0.0540472
5.4 0.0907227 -6.67844e-14 0.909164 -6.35325e-13 0.237662 -0.0529431
5.5 0.0969761 -2.09739e-13 0.90291 -6.58346e-13 0.243322 -0.0516631
5.6 0.103212 -5.55797e-13 0.896674 -3.29492e-13 0.248416 -0.0502336
5.7 0.109388 -1.03891e-12 0.890496 4.40981e-13 0.252924 -0.0486843
5.8 0.115466 -1.55337e-12 0.884417 1.40363e-12 0.256836 -0.0470473
5.9 0.121411 -2.1578e-12 0.878471 2.4043e-12 0.260152 -0.0453552
6 0.127193 -2.5646e-12 0.872689 3.09673e-12 0.262882 -0.0436402
6.1 0.132785 -2.86236e-12 0.867095 3.84836e-12 0.265041 -0.0419318
6.2 0.138168 -3.02999e-12 0.861711 4.22742e-12 0.266657 -0.0402546
6.3 0.143327 -2.96982e-12 0.85655 3.97039e-12 0.267758 -0.0386275
6.4 0.148251 -2.81418e-12 0.851625 3.76275e-12 0.26838 -0.0370618
6.5 0.152932 -2.54941e-12 0.846943 3.84798e-12 0.268559 -0.0355604
6.6 0.157363 -2.25687e-12 0.84251 4.21097e-12 0.268328 -0.0341187
6.7 0.161539 -1.94772e-12 0.838333 4.59655e-12 0.267719 -0.0327262
6.8 0.165454 -1.41558e-12 0.834417 4.72454e-12 0.266758 -0.0313684
6.9 0.169099 -7.38984e-13 0.83077 4.41981e-12 0.265467 -0.0300275
7 0.172468 -6.8809e-14 0.8274 4.21886e-12 0.263862 -0.0286847
7.1 0.175549 3.3322e-13 0.824318 4.46051e-12 0.261952 -0.0273227
7.2 0.178331 6.43242e-13 0.821534 4.89476e-12 0.259743 -0.025928
7.3 0.180803 6.77913e-13 0.81906 5.50556e-12 0.257236 -0.0244911
7.4 0.182956 5.16356e-13 0.816906 5.83567e-12 0.254428 -0.0230079
7.5 0.18478 2.02155e-13 0.81508 6.03019e-12 0.251315 -0.0214794
7.6 0.18627 -2.90462e-13 0.813587 6.31463e-12 0.247892 -0.0199127
7.7 0.187426 -9.52766e-13 0.812429 6.92677e-12 0.244157 -0.0183205
7.8 0.188251 -1.03336e-12 0.811602 6.80527e-12 0.240107 -0.0167191
7.9 0.188753 5.10795e-13 0.811098 4.99577e-12 0.235747 -0.0151269
8 0.188944 4.064e-12 0.810904 8.28238e-13 0.231083 -0.0135632
8.1 0.188843 9.89507e-12 0.811004 -5.51272e-12 0.226127 -0.0120464
8.2 0.188469 1.73486e-11 0.811376 -1.31109e-11 0.220894 -0.0105927
8.3 0.187846 2.50966e-11 0.811997 -2.13407e-11 0.215407 -0.00921524
8.4 0.187 3.21597e-11 0.812843 -2.94704e-11 0.20969 -0.00792182
8.5 0.185954 3.93186e-11 0.813887 -3.71915e-11 0.203769 -0.00671457
8.6 0.184735 4.67078e-11 0.815105 -4.45335e-11 0.197672 -0.00558983
8.7 0.183364 5.42171e-11 0.816474 -5.18114e-11 0.191425 -0.00453944
8.8 0.181864 6.14675e-11 0.817973 -5.88369e-11 0.185051 -0.00355243
8.9 0.180252 6.76363e-11 0.819584 -6.46606e-11 0.178572 -0.00261682
9 0.178545 7.11245e-11 0.821289 -6.79744e-11 0.172006 -0.0017213
9.1 0.176757 7.13253e-11 0.823076 -6.82481e-11 0.16537 -0.000856291
9.2 0.174901 6.89307e-11 0.824931 -6.61339e-11 0.15868 -1.46638e-05
9.3 0.172988 6.54786e-11 0.826843 -6.3303e-11 0.151951 0.000808286
9.4 0.171029 6.28042e-11 0.828802 -6.1122e-11 0.145199 0.00161477
9.5 0.169033 6.19849e-11 0.830796 -6.052e-11 0.138437 0.00240428
9.6 0.16701 6.31683e-11 0.832818 -6.16144e-11 0.131679 0.00317361
9.7 0.164969 6.57916e-11 0.834858 -6.40806e-11 0.124942 0.00391683
9.8 0.162919 6.90514e-11 0.836908 -6.74501e-11 0.118239 0.0046253
9.9 0.160867 7.26176e-11 0.838958 -7.12021e-11 0.111588 0.00528788
10 0.158824 7.63999e-11 0.841 -7.51866e-11 0.105008 0.00589156
10.1 0.156797 8.04449e-11 0.843027 -7.94438e-11 0.098517 0.00642248
10.2 0.154794 8.4814e-11 0.845029 -8.40226e-11 0.0921398 0.0068672
10.3 0.152822 8.93768e-11 0.847001 -8.88246e-11 0.0859005 0.00721399
10.4 0.150887 9.38537e-11 0.848935 -9.36212e-11 0.0798251 0.00745368
10.5 0.148995 9.79348e-11 0.850826 -9.78941e-11 0.0739396 0.00758011
10.6 0.14715 1.01218e-10 0.852671 -1.01227e-10 0.0682696 0.00759058
10.7 0.145355 1.03386e-10 0.854467 -1.03383e-10 0.0628391 0.00748614
10.8 0.143611 1.04381e-10 0.856211 -1.0433e-10 0.0576697 0.00727088
10.9 0.141918 1.04267e-10 0.857903 -1.04243e-10 0.052781 0.00695204
11 0.140277 1.03267e-10 0.859545 -1.03337e-10 0.04819 0.00654026
11.1 0.138685 1.01592e-10 0.861137 -1.0179e-10 0.0439105 0.00605014
11.2 0.13714 9.92853e-11 0.862681 -9.97646e-11 0.0399517 0.00550002
11.3 0.135639 9.66084e-11 0.864182 -9.73745e-11 0.0363172 0.0049111
11.4 0.134179 9.3702e-11 0.865641 -9.47336e-11 0.0330045 0.00430628
11.5 0.132756 9.07224e-11 0.867064 -9.19642e-11 0.0300049 0.00370862
11.6 0.131367 8.7796e-11 0.868453 -8.91358e-11 0.0273046 0.00314024
11.7 0.130007 8.51021e-11 0.869813 -8.65396e-11 0.0248834 0.00262078
11.8 0.128673 8.27254e-11 0.871146 -8.4237e-11 0.0227168 0.00216604
11.9 0.127363 8.07741e-11 0.872457 -8.22751e-11 0.020777 0.00178736
12 0.126072 7.92846e-11 0.873748 -8.06819e-11 0.0190349 0.00149114
12.1 0.1248 7.82322e-11 0.87502 -7.9466e-11 0.0174617 0.00127904
12.2 0.123545 7.7499e-11 0.876276 -7.86052e-11 0.0160299 0.00114872
12.3 0.122304 7.70023e-11 0.877517 -7.80109e-11 0.0147138 0.0010945
12.4 0.121077 7.66565e-11 0.878744 -7.75724e-11 0.0134904 0.00110839
12.5 0.119863 7.64083e-11 0.879958 -7.72433e-11 0.0123381 0.00117995
12.6 0.118662 7.62288e-11 0.881159 -7.71006e-11 0.0112376 0.00129607
12.7 0.117473 7.60914e-11 0.882348 -7.70831e-11 0.0101723 0.00144092
12.8 0.116296 7.58993e-11 0.883524 -7.70401e-11 0.00913077 0.00159577
12.9 0.115131 7.56346e-11 0.884689 -7.69305e-11 0.00810697 0.00174066
13 0.113979 7.52838e-11 0.885841 -7.67393e-11 0.00710129 0.00185677
13.1 0.112838 7.48148e-11 0.886982 -7.63865e-11 0.00611956 0.00192837
13.2 0.111709 7.42661e-11 0.88811 -7.58339e-11 0.00517175 0.00194434
13.3 0.110593 7.36576e-11 0.889226 -7.50944e-11 0.00426979 0.001898
13.4 0.109488 7.30058e-11 0.89033 -7.42381e-11 0.00342665 0.0017872
13.5 0.108396 7.23404e-11 0.891423 -7.33747e-11 0.00265561 0.00161429
13.6 0.107314 7.16456e-11 0.892504 -7.24711e-11 0.00196861 0.00138609
13.7 0.106245 7.09228e-11 0.893573 -7.15538e-11 0.00137553 0.00111258
13.8 0.105186 7.01909e-11 0.894632 -7.06587e-11 0.000883288 0.000806333
13.9 0.104139 6.94463e-11 0.895679 -6.98034e-11 0.000495762 0.000481896
14 0.103102 6.87005e-11 0.896715 -6.89943e-11 0.000213091 0.000154644
14.1 0.102076 6.7965e-11 0.897741 -6.82055e-11 3.19733e-05 -0.000159441
14.2 0.101061 6.72487e-11 0.898757 -6.74191e-11 -5.45694e-05 -0.000445197
14.3 0.100055 6.65214e-11 0.899762 -6.65749e-11 -5.69982e-05 -0.000689192
14.4 0.0990599 6.58211e-11 0.900757 -6.57925e-11 1.1506e-05 -0.00088068
14.5 0.0980745 6.51494e-11 0.901742 -6.50944e-11 0.00013617 -0.00101191
14.6 0.0970989 6.44972e-11 0.902718 -6.44725e-11 0.000301391 -0.00107814
14.7 0.0961331 6.38543e-11 0.903684 -6.39125e-11 0.000491256 -0.00107741
14.8 0.0951767 6.32092e-11 0.90464 -6.34131e-11 0.000689728 -0.00101046
14.9 0.0942299 6.25589e-11 0.905587 -6.28772e-11 0.000880909 -0.000880809
15 0.0932924 6.1914e-11 0.906524 -6.23188e-11 0.00104924 -0.000695121
15.1 0.0923643 6.12828e-11 0.907452 -6.17295e-11 0.0011807 -0.000463457
15.2 0.0914453 6.06635e-11 0.908371 -6.11389e-11 0.00126392 -0.000198775
15.3 0.0905354 6.00513e-11 0.909281 -6.05633e-11 0.00129089 8.36746e-05
15.4 0.0896346 5.94472e-11 0.910181 -5.99971e-11 0.00125764 0.000367384
15.5 0.0887428 5.88472e-11 0.911073 -5.94307e-11 0.00116443 0.000635666
15.6 0.0878597 5.82529e-11 0.911955 -5.88314e-11 0.00101585 0.000872801
15.7 0.0869854 5.76715e-11 0.91283 -5.82697e-11 0.000820388 0.00106517
15.8 0.0861198 5.70978e-11 0.913695 -5.77274e-11 0.000589305 0.00120243
15.9 0.0852628 5.65257e-11 0.914552 -5.71909e-11 0.000335962 0.00127785
16 0.0844144 5.59548e-11 0.9154 -5.66424e-11 7.43358e-05 0.00128847
16.1 0.0835744 5.53907e-11 0.91624 -5.60876e-11 -0.000181764 0.00123478
16.2 0.0827427 5.48313e-11 0.917071 -5.55229e-11 -0.000419264 0.00112025
16.3 0.0819194 5.42842e-11 0.917894 -5.49687e-11 -0.000626069 0.000951093
16.4 0.0811043 5.37427e-11 0.918709 -5.44174e-11 -0.000791458 0.000736089
16.5 0.0802972 5.32073e-11 0.919515 -5.38835e-11 -0.000906707 0.000486412
16.6 0.0794982 5.26775e-11 0.920314 -5.33639e-11 -0.000965637 0.000215231
16.7 0.0787072 5.21534e-11 0.921105 -5.2849e-11 -0.000965077 -6.29247e-05
16.8 0.077924 5.1635e-11 0.921887 -5.23387e-11 -0.00090534 -0.000332982
16.9 0.0771486 5.11213e-11 0.922662 -5.18327e-11 -0.000790316 -0.000580253
17 0.0763809 5.06125e-11 0.923429 -5.1331e-11 -0.000627313 -0.000791535
17.1 0.0756209 5.01087e-11 0.924189 -5.08221e-11 -0.000426422 -0.000955931
17.2 0.0748684 4.96102e-11 0.924941 -5.03181e-11 -0.000199747 -0.00106546
17.3 0.0741234 4.91169e-11 0.925686 -4.98198e-11 3.93353e-05 -0.00111543
17.4 0.0733859 4.86288e-11 0.926423 -4.93268e-11 0.000277098 -0.00110444
17.5 0.0726557 4.81457e-11 0.927153 -4.88388e-11 0.00050014 -0.00103432
17.6 0.0719327 4.76672e-11 0.927876 -4.83562e-11 0.000696006 -0.000909955
17.7 0.071217 4.71931e-11 0.928591 -4.78777e-11 0.000853742 -0.00073891
17.8 0.0705083 4.67237e-11 0.9293 -4.74025e-11 0.000964413 -0.000531155
17.9 0.0698068 4.62587e-11 0.930002 -4.6935e-11 0.00102162 -0.000298581
18 0.0691122 4.57981e-11 0.930696 -4.64693e-11 0.00102192 -5.45794e-05
18.1 0.0684245 4.5342e-11 0.931384 -4.60052e-11 0.000965205 0.000187119
18.2 0.0677436 4.48904e-11 0.932064 -4.55454e-11 0.000854585 0.000412997
18.3 0.0670696 4.4443e-11 0.932738 -4.50922e-11 0.000696252 0.000610582
18.4 0.0664022 4.39999e-11 0.933405 -4.4645e-11 0.000499121 0.000769202
18.5 0.0657414 4.3561e-11 0.934065 -4.42034e-11 0.000274229 0.000880574
18.6 0.0650873 4.31264e-11 0.934719 -4.3767e-11 3.40515e-05 0.000939184
18.7 0.0644396 4.26962e-11 0.935366 -4.33358e-11 -0.000208164 0.000942583
18.8 0.0637984 4.22704e-11 0.936007 -4.29091e-11 -0.000439092 0.000891416
18.9 0.0631636 4.1849e-11 0.936642 -4.24874e-11 -0.000646025 0.000789417
19 0.0625351 4.14325e-11 0.93727 -4.2071e-11 -0.000817601 0.000643146
19.1 0.0619129 4.10202e-11 0.937892 -4.16585e-11 -0.000944455 0.000461665
19.2 0.0612968 4.0612e-11 0.938508 -4.12501e-11 -0.00101976 0.000255972
19.3 0.0606869 4.02079e-11 0.939118 -4.08458e-11 -0.00103964 3.83281e-05
19.4 0.060083 3.98078e-11 0.939722 -4.04457e-11 -0.00100331 -0.000178443
19.5 0.0594852 3.94117e-11 0.940319 -4.00494e-11 -0.000913125 -0.000381688
19.6 0.0588933 3.90196e-11 0.940911 -3.96571e-11 -0.000774315 -0.00055963
19.7 0.0583073 3.86314e-11 0.941497 -3.92687e-11 -0.000594888 -0.000701936
19.8 0.0577271 3.8247e-11 0.942077 -3.88842e-11 -0.000385053 -0.00080049
19.9 0.0571527 3.78664e-11 0.942651 -3.85037e-11 -0.000156752 -0.00084974
20 0.056584 3.74897e-11 0.94322 -3.81269e-11 7.70504e-05 -0.00084713
