0 0 0 1 0 0 0
0.1 1.71708e-07 4.16899e-22 0.999973 1.0651e-15 4.82608e-05 -0.000411102
0.2 7.90708e-07 1.26416e-21 0.999973 8.06704e-16 0.000195205 -0.000865423
0.3 2.03512e-06 2.28546e-21 0.999974 1.02293e-15 0.000448282 -0.00134848
0.4 4.11247e-06 5.65942e-21 0.999975 9.25872e-16 0.000811382 -0.00184578
0.5 7.25869e-06 1.15432e-20 0.999974 7.59504e-16 0.00128496 -0.00234382
0.6 1.17368e-05 2.1954e-20 0.999971 5.62809e-16 0.0018664 -0.00283093
0.7 1.78362e-05 4.051e-20 0.999965 3.62211e-16 0.00255052 -0.00329811
0.8 2.58732e-05 6.11951e-20 0.999958 2.44312e-16 0.00333032 -0.00373969
0.9 3.61954e-05 8.15903e-20 0.999947 1.38355e-16 0.0041978 -0.00415376
1 4.91898e-05 7.89635e-20 0.999934 -9.52058e-18 0.00514489 -0.00454244
1.1 6.52986e-05 4.65181e-20 0.999918 -1.95765e-16 0.00616442 -0.00491193
1.2 8.50433e-05 -1.74027e-20 0.999899 -3.66328e-16 0.00725101 -0.00527228
1.3 0.00010906 -1.28856e-19 0.999875 -4.9399e-16 0.00840193 -0.00563704
1.4 0.000138148 -2.37964e-19 0.999846 -5.87949e-16 0.00961785 -0.00602262
1.5 0.000173332 -4.07431e-19 0.999812 -6.8438e-16 0.0109034 -0.00644753
1.6 0.000215939 -5.41854e-19 0.99977 -8.64708e-16 0.0122675 -0.00693155
1.7 0.000267691 -6.11049e-19 0.999719 -1.26698e-15 0.0137236 -0.00749474
1.8 0.000330813 -7.68099e-19 0.999657 -1.92521e-15 0.0152895 -0.0081565
1.9 0.00040815 -1.14379e-18 0.99958 -2.74322e-15 0.016987 -0.00893466
2 0.00050329 -1.88508e-18 0.999485 -3.66237e-15 0.0188414 -0.00984465
2.1 0.000620702 -3.2087e-18 0.999368 -4.43876e-15 0.0208811 -0.0108987
2.2 0.000765856 -5.39624e-18 0.999222 -4.84341e-15 0.0231363 -0.0121055
2.3 0.000945349 -9.26065e-18 0.999042 -4.88077e-15 0.0256384 -0.0134693
2.4 0.00116701 -1.5347e-17 0.998819 -4.55456e-15 0.0284187 -0.0149903
2.5 0.00143996 -2.52744e-17 0.998546 -4.02259e-15 0.0315074 -0.016664
2.6 0.00177472 -3.89589e-17 0.99821 -3.27722e-15 0.0349328 -0.0184821
2.7 0.00218316 -5.62509e-17 0.997801 -2.49193e-15 0.0387201 -0.0204321
2.8 0.00267854 -7.51236e-17 0.997305 -1.68498e-15 0.0428907 -0.0224982
2.9 0.0032754 -9.24615e-17 0.996707 -7.1222e-16 0.0474614 -0.0246617
3 0.00398946 -1.04414e-16 0.995992 2.9824e-16 0.0524437 -0.0269016
3.1 0.00483749 -1.09535e-16 0.995143 1.32911e-15 0.0578435 -0.0291955
3.2 0.0058371 -1.06543e-16 0.994143 2.37477e-15 0.0636609 -0.0315203
3.3 0.00700648 -9.69844e-17 0.992973 3.07474e-15 0.0698901 -0.0338525
3.4 0.00836417 -7.83645e-17 0.991614 3.22883e-15 0.0765198 -0.036169
3.5 0.00992873 -4.8496e-17 0.990048 2.75812e-15 0.0835328 -0.038447
3.6 0.0117184 -5.99458e-18 0.988258 1.93681e-15 0.0909063 -0.040665
3.7 0.0137507 5.14581e-17 0.986225 8.46805e-16 0.0986128 -0.0428023
3.8 0.0160421 1.29676e-16 0.983932 -2.89543e-16 0.10662 -0.0448398
3.9 0.0186077 2.23157e-16 0.981366 -1.02078e-15 0.11489 -0.0467597
4 0.0214605 3.26159e-16 0.978512 -1.45652e-15 0.123384 -0.0485453
4.1 0.0246111 3.93044e-16 0.97536 -1.65684e-15 0.132058 -0.0501813
4.2 0.0280677 3.9094e-16 0.971902 -1.50676e-15 0.140864 -0.0516531
4.3 0.0318347 3.11047e-16 0.968134 -1.46688e-15 0.149753 -0.0529471
4.4 0.0359133 1.60237e-16 0.964055 -1.8142e-15 0.158672 -0.0540504
4.5 0.0403001 -7.83057e-17 0.959667 -2.2261e-15 0.167569 -0.0549513
4.6 0.0449874 -3.66681e-16 0.954978 -2.55546e-15 0.176385 -0.0556392
4.7 0.0499627 -6.65884e-16 0.950002 -2.83543e-15 0.185066 -0.056105
4.8 0.0552084 -9.06026e-16 0.944756 -2.46119e-15 0.193553 -0.0563416
4.9 0.0607018 -1.06379e-15 0.939262 -1.51822e-15 0.201788 -0.0563443
5 0.0664153 -1.10349e-15 0.933548 -5.20442e-17 0.209716 -0.0561115
5.1 0.0723164 -1.14076e-15 0.927646 1.47901e-15 0.21728 -0.0556455
5.2 0.0783686 -1.22757e-15 0.921593 2.69074e-15 0.224429 -0.0549531
5.3 0.084532 -1.37074e-15 0.915429 3.15397e-15 0.231115 -0.0540459
5.4 0.0907645 -1.4877e-15 0.909196 3.19484e-15 0.237295 -0.052941
5.5 0.0970228 -1.49778e-15 0.902936 2.57263e-15 0.242934 -0.0516606
5.6 0.103264 -1.24396e-15 0.896694 2.05882e-15 0.248004 -0.050231
5.7 0.109446 -6.72301e-16 0.890511 9.97179e-16 0.252489 -0.0486821
5.8 0.11553 1.69692e-16 0.884425 -2.86401e-16 0.256378 -0.0470454
5.9 0.121482 1.09181e-15 0.878473 -2.65747e-15 0.259671 -0.045353
6 0.12727 1.80771e-15 0.872684 -5.29805e-15 0.262377 -0.0436366
6.1 0.132869 2.52282e-15 0.867083 -8.18165e-15 0.264512 -0.0419251
6.2 0.13826 2.53671e-15 0.861691 -1.08754e-14 0.266101 -0.0402431
6.3 0.143426 2.03359e-15 0.856524 -1.27237e-14 0.267174 -0.0386098
6.4 0.148356 8.6534e-16 0.851593 -1.34035e-14 0.267763 -0.037037
6.5 0.153042 -5.09381e-16 0.846905 -1.2439e-14 0.267904 -0.0355305
6.6 0.157478 -1.77447e-15 0.842467 -1.0768e-14 0.267634 -0.0340877
6.7 0.16166 -2.62227e-15 0.838284 -9.28002e-15 0.266984 -0.032699
6.8 0.165581 -2.60116e-15 0.83436 -7.85662e-15 0.265983 -0.0313491
6.9 0.169236 -2.47771e-15 0.830703 -6.49235e-15 0.264653 -0.0300191
7 0.172615 -2.10498e-15 0.827321 -5.03207e-15 0.263012 -0.0286898
7.1 0.17571 -8.9717e-16 0.824224 -4.644e-15 0.261068 -0.0273435
7.2 0.178508 3.74979e-16 0.821422 -6.52858e-15 0.258829 -0.0259653
7.3 0.181 -4.22165e-16 0.818927 -8.65248e-15 0.256294 -0.0245443
7.4 0.183174 -5.31659e-15 0.81675 -6.82023e-15 0.253463 -0.0230758
7.5 0.185023 -1.27143e-14 0.814899 -3.14075e-15 0.250329 -0.0215607
7.6 0.18654 -2.02534e-14 0.813379 1.64023e-15 0.246889 -0.0200064
7.7 0.187723 -2.56964e-14 0.812192 5.82426e-15 0.243139 -0.0184254
7.8 0.188577 -2.86903e-14 0.811336 7.8962e-15 0.239079 -0.0168341
7.9 0.189108 -3.00468e-14 0.810802 8.53381e-15 0.234713 -0.0152516
8 0.189329 -3.24476e-14 0.810578 1.08821e-14 0.230048 -0.0136974
8.1 0.189258 -3.51237e-14 0.810646 1.77335e-14 0.2251 -0.0121893
8.2 0.188913 -4.27276e-14 0.810987 2.49484e-14 0.219886 -0.0107415
8.3 0.188318 -5.46633e-14 0.811578 3.23424e-14 0.214427 -0.00936356
8.4 0.187497 -6.82883e-14 0.812395 4.02609e-14 0.208745 -0.00806096
8.5 0.186475 -8.15107e-14 0.813415 5.03329e-14 0.202862 -0.00683608
8.6 0.185274 -9.40702e-14 0.814612 6.22939e-14 0.196803 -0.00568804
8.7 0.183917 -1.0322e-13 0.815965 7.06183e-14 0.190593 -0.00461239
8.8 0.182425 -1.08209e-13 0.817453 7.59778e-14 0.184255 -0.00360128
8.9 0.180818 -1.07213e-13 0.819057 7.48637e-14 0.177814 -0.00264506
9 0.179112 -1.00462e-13 0.820759 6.71688e-14 0.171292 -0.00173291
9.1 0.177323 -8.82014e-14 0.822544 5.44304e-14 0.164706 -0.000854036
9.2 0.175463 -7.21172e-14 0.8244 4.22633e-14 0.158074 1.2668e-06
9.3 0.173544 -5.30959e-14 0.826315 3.47142e-14 0.151408 0.00084057
9.4 0.171577 -3.30093e-14 0.828279 3.15832e-14 0.144722 0.0016679
9.5 0.169572 -1.39242e-14 0.830281 3.03248e-14 0.138025 0.00248285
9.6 0.167536 2.57295e-15 0.832313 2.79233e-14 0.131328 0.00328066
9.7 0.16548 1.55069e-14 0.834366 2.0857e-14 0.124644 0.00405245
9.8 0.163413 2.64034e-14 0.836429 1.15548e-14 0.117985 0.00478576
9.9 0.161345 3.76369e-14 0.838494 -4.89357e-16 0.11137 0.00546576
10 0.159283 5.05001e-14 0.840552 -1.53981e-14 0.104818 0.00607694
10.1 0.157239 6.33523e-14 0.842593 -2.89921e-14 0.098352 0.00660473
10.2 0.155219 7.48602e-14 0.84461 -3.95124e-14 0.0919982 0.00703669
10.3 0.153232 8.51267e-14 0.846593 -4.67855e-14 0.0857819 0.00736295
10.4 0.151285 9.50706e-14 0.848538 -5.04886e-14 0.0797292 0.00757588
10.5 0.149382 1.05321e-13 0.850437 -5.07896e-14 0.073866 0.00767065
10.6 0.147527 1.10814e-13 0.852288 -4.70184e-14 0.0682174 0.00764517
10.7 0.145724 1.11829e-13 0.854088 -3.84854e-14 0.0628085 0.00750092
10.8 0.143973 1.0891e-13 0.855835 -2.66675e-14 0.0576624 0.00724383
10.9 0.142276 1.03337e-13 0.857529 -1.42874e-14 0.0527995 0.00688471
11 0.140631 9.63953e-14 0.85917 -3.84246e-15 0.0482355 0.00643855
11.1 0.139037 8.95238e-14 0.860762 2.74853e-15 0.0439806 0.00592284
11.2 0.13749 8.65877e-14 0.862306 3.18716e-15 0.0400397 0.0053564
11.3 0.135987 8.85447e-14 0.863805 5.58424e-16 0.0364135 0.00475807
11.4 0.134525 9.74977e-14 0.865264 -6.87057e-15 0.0330995 0.00414724
11.5 0.1331 1.09865e-13 0.866686 -1.64628e-14 0.030091 0.00354426
11.6 0.131708 1.22023e-13 0.868075 -2.59377e-14 0.0273768 0.00297031
11.7 0.130346 1.31779e-13 0.869435 -3.36655e-14 0.0249397 0.00244584
11.8 0.129009 1.37575e-13 0.870769 -4.00749e-14 0.0227572 0.00198872
11.9 0.127696 1.39607e-13 0.87208 -4.59103e-14 0.0208024 0.00161247
12 0.126403 1.38317e-13 0.873371 -4.91228e-14 0.0190455 0.00132519
12.1 0.125127 1.37218e-13 0.874644 -5.06744e-14 0.0174564 0.00112906
12.2 0.123867 1.38611e-13 0.875901 -5.0742e-14 0.0160058 0.00102118
12.3 0.122623 1.42586e-13 0.877143 -5.34299e-14 0.0146663 0.000993816
12.4 0.121391 1.45714e-13 0.878372 -5.63672e-14 0.013414 0.0010352
12.5 0.120173 1.46074e-13 0.879587 -5.83737e-14 0.0122287 0.00113113
12.6 0.118968 1.42741e-13 0.88079 -5.9213e-14 0.0110946 0.00126569
12.7 0.117774 1.35609e-13 0.881981 -5.83453e-14 0.00999967 0.00142202
12.8 0.116593 1.25797e-13 0.883159 -5.52296e-14 0.00893564 0.00158253
12.9 0.115424 1.15581e-13 0.884325 -5.08497e-14 0.00789893 0.00172979
13 0.114268 1.05425e-13 0.88548 -4.75751e-14 0.00689063 0.00184769
13.1 0.113123 9.70445e-14 0.886621 -4.57738e-14 0.0059161 0.00192301
13.2 0.111991 8.88647e-14 0.887751 -4.51221e-14 0.00498355 0.00194669
13.3 0.110871 8.05287e-14 0.88887 -4.567e-14 0.00410217 0.00191283
13.4 0.109763 7.2566e-14 0.889976 -4.58193e-14 0.00328201 0.00181863
13.5 0.108667 6.58319e-14 0.891071 -4.61244e-14 0.00253371 0.00166443
13.6 0.107583 5.9118e-14 0.892154 -4.72777e-14 0.00186832 0.00145397
13.7 0.10651 5.3929e-14 0.893225 -4.95305e-14 0.00129619 0.00119499
13.8 0.105448 5.02592e-14 0.894286 -5.30008e-14 0.000825776 0.000899132
13.9 0.104398 4.88369e-14 0.895335 -5.78569e-14 0.000461879 0.000581263
14 0.103358 5.02679e-14 0.896374 -6.44438e-14 0.000204816 0.000257892
14.1 0.102329 5.19861e-14 0.897402 -7.20944e-14 5.04202e-05 -5.44023e-05
14.2 0.10131 5.39753e-14 0.89842 -8.00037e-14 -9.23018e-06 -0.000340026
14.3 0.100301 5.63087e-14 0.899427 -8.76333e-14 1.47746e-05 -0.000585118
14.4 0.0993024 5.74371e-14 0.900424 -9.3646e-14 0.000108757 -0.000778292
14.5 0.0983137 5.7803e-14 0.901411 -9.74557e-14 0.00025694 -0.000910953
14.6 0.0973348 5.77313e-14 0.902389 -1.00573e-13 0.000441853 -0.000977312
14.7 0.0963656 5.79011e-14 0.903356 -1.03053e-13 0.000644861 -0.000975641
14.8 0.095406 5.94379e-14 0.904314 -1.04824e-13 0.000847725 -0.00090837
14.9 0.094456 6.16571e-14 0.905262 -1.05942e-13 0.00103364 -0.000781772
15 0.0935155 6.4126e-14 0.906201 -1.07248e-13 0.00118818 -0.000605203
15.1 0.0925843 6.59956e-14 0.907131 -1.08489e-13 0.00129977 -0.000390261
15.2 0.0916624 6.75457e-14 0.908051 -1.07886e-13 0.00135991 -0.00015008
15.3 0.0907497 6.82513e-14 0.908962 -1.06005e-13 0.00136338 0.000101247
15.4 0.0898461 6.88022e-14 0.909864 -1.03747e-13 0.00130833 0.000349412
15.5 0.0889514 6.88789e-14 0.910757 -1.01037e-13 0.00119637 0.000580352
15.6 0.0880656 6.84924e-14 0.911641 -9.75343e-14 0.00103244 0.000780881
15.7 0.0871885 6.79487e-14 0.912517 -9.37193e-14 0.0008246 0.00093966
15.8 0.0863202 6.71503e-14 0.913383 -9.03404e-14 0.000583305 0.00104778
15.9 0.0854605 6.65879e-14 0.914241 -8.72324e-14 0.000320698 0.00109919
16 0.0846093 6.61125e-14 0.91509 -8.453e-14 5.01154e-05 0.00109063
16.1 0.0837667 6.54839e-14 0.915931 -8.2344e-14 -0.000214485 0.00102175
16.2 0.0829328 6.45988e-14 0.916763 -8.07501e-14 -0.000458826 0.000895384
16.3 0.0821071 6.39043e-14 0.917587 -7.90383e-14 -0.000668798 0.000718016
16.4 0.0812898 6.37217e-14 0.918403 -7.76516e-14 -0.000832179 0.000500175
16.5 0.0804806 6.39918e-14 0.919211 -7.63137e-14 -0.000940086 0.000255467
16.6 0.0796794 6.45236e-14 0.920011 -7.53422e-14 -0.000987836 -9.07249e-07
16.7 0.0788864 6.47063e-14 0.920803 -7.41998e-14 -0.000975043 -0.000253729
16.8 0.0781013 6.48167e-14 0.921588 -7.36244e-14 -0.000904967 -0.000488674
16.9 0.0773239 6.48916e-14 0.922364 -7.31036e-14 -0.0007841 -0.000693215
17 0.0765543 6.49152e-14 0.923133 -7.2212e-14 -0.000621371 -0.000857267
17.1 0.0757923 6.47756e-14 0.923894 -7.119e-14 -0.00042716 -0.000973416
17.2 0.0750379 6.46991e-14 0.924648 -6.94303e-14 -0.000212717 -0.00103688
17.3 0.074291 6.45519e-14 0.925394 -6.76086e-14 1.03138e-05 -0.00104537
17.4 0.0735515 6.43471e-14 0.926132 -6.54801e-14 0.000230125 -0.000998912
17.5 0.0728194 6.41065e-14 0.926864 -6.31773e-14 0.000435036 -0.000900025
17.6 0.0720945 6.40469e-14 0.927587 -6.08512e-14 0.00061388 -0.000753607
17.7 0.0713768 6.40091e-14 0.928304 -5.83086e-14 0.000756494 -0.000567178
17.8 0.0706663 6.39538e-14 0.929013 -5.62864e-14 0.000854414 -0.000350713
17.9 0.0699628 6.39352e-14 0.929715 -5.48784e-14 0.000901528 -0.000116318
18 0.0692665 6.3743e-14 0.930411 -5.3667e-14 0.000894836 0.000122452
18.1 0.0685771 6.33762e-14 0.931099 -5.26598e-14 0.00083496 0.000351577
18.2 0.0678947 6.27824e-14 0.931781 -5.19673e-14 0.000726053 0.000557849
18.3 0.0672191 6.21895e-14 0.932457 -5.13578e-14 0.000575364 0.000729815
18.4 0.0665502 6.15925e-14 0.933125 -5.07361e-14 0.000392411 0.000858461
18.5 0.065888 6.09728e-14 0.933787 -5.01329e-14 0.000188255 0.000937487
18.6 0.0652323 6.03633e-14 0.934442 -4.95485e-14 -2.52303e-05 0.000963503
18.7 0.0645832 5.97666e-14 0.935091 -4.89926e-14 -0.000235953 0.000935985
18.8 0.0639406 5.9175e-14 0.935733 -4.84506e-14 -0.00043218 0.000857167
18.9 0.0633044 5.85873e-14 0.936369 -4.78886e-14 -0.00060306 0.00073185
19 0.0626745 5.80012e-14 0.936999 -4.73162e-14 -0.000738993 0.000567176
19.1 0.0620509 5.74259e-14 0.937623 -4.67494e-14 -0.000832109 0.000372451
19.2 0.0614334 5.6858e-14 0.93824 -4.618e-14 -0.000876806 0.000158825
19.3 0.0608221 5.62961e-14 0.938851 -4.56088e-14 -0.000870295 -6.12071e-05
19.4 0.0602169 5.57358e-14 0.939456 -4.5052e-14 -0.000813022 -0.000274613
19.5 0.0596178 5.51847e-14 0.940055 -4.45045e-14 -0.000708766 -0.00046884
19.6 0.0590245 5.46359e-14 0.940648 -4.39652e-14 -0.000564397 -0.000632859
19.7 0.0584372 5.40927e-14 0.941235 -4.3427e-14 -0.000389131 -0.000757965
19.8 0.0578557 5.3555e-14 0.941817 -4.28875e-14 -0.000193671 -0.000838253
19.9 0.0572801 5.30217e-14 0.942392 -4.23484e-14 1.06993e-05 -0.000870647
20 0.0567101 5.2494e-14 0.942962 -4.18246e-14 0.000212762 -0.000854705
