0 0 0 1 0 0 0
0.1 1.71709e-07 1.95314e-22 0.999977 2.92498e-16 4.82618e-05 -0.000411146
0.2 7.90752e-07 2.35631e-22 0.999977 4.21821e-16 0.000195233 -0.000865642
0.3 2.03541e-06 -4.49555e-22 0.999978 7.65813e-16 0.000448419 -0.00134909
0.4 4.11353e-06 4.79931e-21 0.999978 8.81695e-16 0.000811802 -0.00184706
0.5 7.26158e-06 1.11586e-20 0.999977 9.34332e-16 0.00128596 -0.0023461
0.6 1.17434e-05 2.37248e-20 0.999974 1.01528e-15 0.0018684 -0.00283454
0.7 1.78494e-05 4.22581e-20 0.999969 1.13351e-15 0.00255409 -0.00330336
0.8 2.58975e-05 6.74298e-20 0.999961 1.26578e-15 0.00333617 -0.0037468
0.9 3.62363e-05 1.07665e-19 0.999951 1.38068e-15 0.00420677 -0.00416283
1 4.92546e-05 1.44067e-19 0.999938 1.42018e-15 0.00515792 -0.00455344
1.1 6.53954e-05 2.02056e-19 0.999922 1.34596e-15 0.00618248 -0.00492463
1.2 8.51809e-05 2.58159e-19 0.999902 1.13235e-15 0.00727509 -0.00528626
1.3 0.000109247 3.33545e-19 0.999878 8.00071e-16 0.00843296 -0.00565169
1.4 0.000138389 3.76328e-19 0.999849 3.61415e-16 0.00965668 -0.00603714
1.5 0.000173629 4.43467e-19 0.999814 -7.57327e-17 0.0109507 -0.00646098
1.6 0.000216285 5.42278e-19 0.999772 -4.54333e-16 0.0123238 -0.00694289
1.7 0.00026807 7.28257e-19 0.999721 -6.92994e-16 0.0137891 -0.00750288
1.8 0.000331195 7.8709e-19 0.999658 -7.89304e-16 0.0153642 -0.00816041
1.9 0.000408486 5.76742e-19 0.999581 -7.09103e-16 0.0170706 -0.00893347
2 0.000503514 -2.68098e-20 0.999486 -4.7722e-16 0.0189336 -0.0098377
2.1 0.000620724 -9.8658e-19 0.999368 -1.84568e-16 0.0209813 -0.0108856
2.2 0.000765565 -2.48051e-18 0.999223 1.65731e-16 0.0232439 -0.0120861
2.3 0.000944612 -4.5019e-18 0.999043 4.9882e-16 0.0257528 -0.0134438
2.4 0.00116567 -6.29162e-18 0.998821 7.76439e-16 0.0285394 -0.0149591
2.5 0.00143785 -7.74251e-18 0.998548 8.51935e-16 0.0316341 -0.0166281
2.6 0.00177166 -8.59501e-18 0.998213 8.98076e-16 0.0350655 -0.0184426
2.7 0.00217897 -7.42551e-18 0.997805 7.21082e-16 0.038859 -0.0203905
2.8 0.00267305 -4.73241e-18 0.99731 5.06692e-16 0.0430365 -0.0224561
2.9 0.00326845 6.0898e-20 0.996714 2.11244e-16 0.0476153 -0.024621
3 0.00398094 5.86237e-18 0.996 -1.64009e-16 0.0526074 -0.0268643
3.1 0.00482733 1.04606e-17 0.995153 -4.89674e-16 0.0580195 -0.0291633
3.2 0.00582528 1.64926e-17 0.994155 -7.68962e-16 0.0638521 -0.0314947
3.3 0.00699305 2.05978e-17 0.992987 -1.00828e-15 0.0701001 -0.0338343
3.4 0.0083492 2.56881e-17 0.991631 -1.07707e-15 0.0767521 -0.0361585
3.5 0.00991232 3.06841e-17 0.990067 -1.01071e-15 0.0837911 -0.0384439
3.6 0.0117006 3.32803e-17 0.988279 -8.22619e-16 0.0911944 -0.0406683
3.7 0.0137317 2.81677e-17 0.986248 -4.48876e-16 0.0989343 -0.0428105
3.8 0.0160218 1.97055e-17 0.983958 -7.84952e-17 0.106978 -0.044851
3.9 0.0185858 4.95921e-18 0.981394 2.28201e-16 0.115289 -0.0467711
4 0.0214367 -1.32456e-17 0.978543 4.63335e-16 0.123826 -0.0485539
4.1 0.0245849 -3.21019e-17 0.975394 5.60683e-16 0.132544 -0.0501834
4.2 0.028038 -4.55289e-17 0.971941 5.29458e-16 0.141395 -0.0516449
4.3 0.0318002 -5.2651e-17 0.968178 3.01758e-16 0.150329 -0.0529249
4.4 0.0358722 -5.63335e-17 0.964106 1.93567e-17 0.159293 -0.0540111
4.5 0.0402502 -6.09461e-17 0.959727 -2.88158e-16 0.168232 -0.0548924
4.6 0.0449262 -2.45869e-17 0.955051 -6.98777e-16 0.177089 -0.0555591
4.7 0.0498873 2.49408e-17 0.950089 -1.04547e-15 0.185807 -0.0560032
4.8 0.0551156 8.09345e-17 0.94486 -1.36181e-15 0.194328 -0.0562186
4.9 0.0605885 1.12178e-16 0.939387 -1.62624e-15 0.202595 -0.0562017
5 0.0662782 1.0495e-16 0.933697 -1.87468e-15 0.210551 -0.0559526
5.1 0.0721526 7.1606e-17 0.927823 -1.97086e-15 0.218141 -0.0554749
5.2 0.0781756 -1.32768e-17 0.9218 -1.90707e-15 0.225314 -0.054777
5.3 0.0843083 -1.59211e-16 0.915667 -1.69539e-15 0.232025 -0.0538716
5.4 0.0905093 -3.28857e-16 0.909465 -1.3534e-15 0.238231 -0.0527763
5.5 0.0967364 -5.27685e-16 0.903238 -1.02736e-15 0.2439 -0.0515128
5.6 0.102948 -7.75608e-16 0.897026 -6.25476e-16 0.249005 -0.0501067
5.7 0.109102 -9.74538e-16 0.890871 -1.47578e-16 0.253531 -0.0485866
5.8 0.115163 -1.17893e-15 0.88481 4.90526e-16 0.257467 -0.0469829
5.9 0.121094 -1.38371e-15 0.878877 8.61141e-16 0.260816 -0.0453263
6 0.126867 -1.53263e-15 0.873104 1.00006e-15 0.263586 -0.0436463
6.1 0.132455 -1.51538e-15 0.867514 9.47767e-16 0.265794 -0.0419699
6.2 0.137839 -1.26497e-15 0.862129 7.8758e-16 0.267464 -0.0403192
6.3 0.143001 -7.8922e-16 0.856965 5.31095e-16 0.268625 -0.0387111
6.4 0.147931 -1.15106e-16 0.852034 2.38614e-16 0.269309 -0.0371559
6.5 0.152618 7.41127e-16 0.847346 -2.85891e-16 0.269549 -0.0356577
6.6 0.157054 1.64156e-15 0.842907 -1.01711e-15 0.269379 -0.0342138
6.7 0.161234 2.45006e-15 0.838726 -1.64847e-15 0.26883 -0.032815
6.8 0.16515 2.82904e-15 0.834808 -1.81397e-15 0.26793 -0.0314471
6.9 0.168794 2.90511e-15 0.831162 -1.50572e-15 0.2667 -0.0300922
7 0.172157 2.96553e-15 0.827797 -1.3015e-15 0.265155 -0.0287315
7.1 0.175228 3.41802e-15 0.824723 -1.53705e-15 0.263303 -0.027348
7.2 0.177995 4.41287e-15 0.821953 -2.37194e-15 0.261149 -0.0259282
7.3 0.180448 5.51585e-15 0.819498 -3.46666e-15 0.258689 -0.0244639
7.4 0.182576 5.93767e-15 0.817367 -3.80547e-15 0.255921 -0.022953
7.5 0.184371 5.26421e-15 0.815569 -3.37236e-15 0.252839 -0.0213993
7.6 0.185829 3.31507e-15 0.814108 -1.2056e-15 0.249439 -0.0198124
7.7 0.18695 8.85726e-17 0.812984 2.56234e-15 0.245716 -0.018207
7.8 0.187738 -3.93057e-15 0.812192 7.29992e-15 0.241671 -0.0166013
7.9 0.188203 -7.77409e-15 0.811723 1.20936e-14 0.237309 -0.0150146
8 0.188361 -1.05046e-14 0.811561 1.54884e-14 0.232637 -0.0134663
8.1 0.188229 -1.10548e-14 0.811689 1.67778e-14 0.227669 -0.0119735
8.2 0.18783 -9.42432e-15 0.812084 1.58276e-14 0.22242 -0.0105506
8.3 0.187188 -6.54259e-15 0.812723 1.33608e-14 0.216911 -0.00920825
8.4 0.186327 -3.69319e-15 0.813579 1.04955e-14 0.211163 -0.00795282
8.5 0.185275 -1.84627e-15 0.814627 8.30091e-15 0.205202 -0.00678626
8.6 0.184054 -1.23128e-15 0.815844 7.03918e-15 0.199053 -0.00570594
8.7 0.182689 -1.49169e-15 0.817205 6.67938e-15 0.192741 -0.00470547
8.8 0.181201 -1.95617e-15 0.818689 6.94417e-15 0.186292 -0.00377549
8.9 0.179608 -2.04446e-15 0.820278 7.19491e-15 0.179728 -0.00290481
9 0.177928 -1.52761e-15 0.821955 7.37859e-15 0.17307 -0.00208175
9.1 0.176174 -7.09735e-16 0.823705 7.41665e-15 0.166339 -0.00129526
9.2 0.174359 -3.55752e-16 0.825516 7.5131e-15 0.159552 -0.000535842
9.3 0.172494 -9.13591e-17 0.827378 8.13775e-15 0.152726 0.000204073
9.4 0.170588 -6.05865e-16 0.82928 9.22498e-15 0.145877 0.00092948
9.5 0.168651 -2.0689e-15 0.831214 1.10286e-14 0.13902 0.00164252
9.6 0.16669 -4.31953e-15 0.833172 1.34689e-14 0.13217 0.00234237
9.7 0.164713 -7.16077e-15 0.835146 1.64243e-14 0.125341 0.00302467
9.8 0.162728 -1.03201e-14 0.837129 1.96237e-14 0.118549 0.00368165
9.9 0.160742 -1.32538e-14 0.839112 2.25835e-14 0.11181 0.00430281
10 0.158763 -1.47897e-14 0.841089 2.48311e-14 0.105144 0.00487587
10.1 0.156798 -1.56572e-14 0.843053 2.64689e-14 0.0985716 0.00538782
10.2 0.154853 -1.52862e-14 0.844996 2.71557e-14 0.0921168 0.00582584
10.3 0.152936 -1.41894e-14 0.846912 2.68719e-14 0.0858045 0.00617825
10.4 0.151051 -1.28935e-14 0.848795 2.61782e-14 0.0796605 0.00643537
10.5 0.149205 -1.19499e-14 0.85064 2.54832e-14 0.0737114 0.00658993
10.6 0.1474 -1.17423e-14 0.852443 2.51166e-14 0.0679838 0.00663765
10.7 0.14564 -1.24463e-14 0.854201 2.52991e-14 0.0625036 0.00657791
10.8 0.143926 -1.39993e-14 0.855913 2.61504e-14 0.0572953 0.00641443
10.9 0.142259 -1.60226e-14 0.857577 2.75358e-14 0.0523806 0.00615553
11 0.140639 -1.78882e-14 0.859195 2.90145e-14 0.047777 0.00581382
11.1 0.139063 -1.90468e-14 0.860768 2.99885e-14 0.0434967 0.00540495
11.2 0.137531 -1.92634e-14 0.862298 2.94187e-14 0.0395466 0.00494739
11.3 0.13604 -1.89867e-14 0.863788 2.75951e-14 0.0359273 0.00446053
11.4 0.134585 -1.83694e-14 0.86524 2.52599e-14 0.0326344 0.0039644
11.5 0.133164 -1.7633e-14 0.866658 2.3295e-14 0.0296577 0.00347865
11.6 0.131774 -1.69332e-14 0.868046 2.21607e-14 0.0269826 0.00302183
11.7 0.130411 -1.63704e-14 0.869407 2.17334e-14 0.0245893 0.00261042
11.8 0.129072 -1.59434e-14 0.870743 2.1671e-14 0.0224546 0.00225825
11.9 0.127755 -1.55916e-14 0.872058 2.17882e-14 0.0205517 0.00197579
12 0.126457 -1.54765e-14 0.873353 2.15746e-14 0.0188518 0.00176955
12.1 0.125177 -1.52757e-14 0.874631 2.13192e-14 0.0173248 0.00164135
12.2 0.123913 -1.48325e-14 0.875894 2.10764e-14 0.0159408 0.00158852
12.3 0.122663 -1.42077e-14 0.877141 2.07503e-14 0.0146716 0.00160404
12.4 0.121428 -1.33896e-14 0.878375 2.01035e-14 0.0134914 0.00167701
12.5 0.120205 -1.24748e-14 0.879596 1.9218e-14 0.0123779 0.0017937
12.6 0.118996 -1.17615e-14 0.880803 1.79636e-14 0.0113129 0.00193869
12.7 0.1178 -1.09843e-14 0.881998 1.68067e-14 0.0102819 0.00209557
12.8 0.116616 -1.00823e-14 0.88318 1.59997e-14 0.00927493 0.00224717
12.9 0.115444 -9.21454e-15 0.88435 1.53819e-14 0.00828638 0.00237665
13 0.114286 -8.4041e-15 0.885507 1.48499e-14 0.00731542 0.00246844
13.1 0.113139 -7.61273e-15 0.886651 1.43325e-14 0.00636521 0.00250906
13.2 0.112005 -6.94417e-15 0.887783 1.36943e-14 0.00544249 0.00248791
13.3 0.110884 -6.3594e-15 0.888903 1.30118e-14 0.00455696 0.00239746
13.4 0.109775 -5.80533e-15 0.89001 1.23735e-14 0.00372079 0.00223412
13.5 0.108677 -5.46387e-15 0.891106 1.20373e-14 0.00294763 0.00199894
13.6 0.107592 -5.14983e-15 0.892189 1.17583e-14 0.00225102 0.00169802
13.7 0.106518 -4.95356e-15 0.893261 1.15746e-14 0.00164281 0.00134195
13.8 0.105456 -4.84027e-15 0.894321 1.12018e-14 0.0011319 0.000944734
13.9 0.104405 -4.61446e-15 0.895371 1.07486e-14 0.000724017 0.000523015
14 0.103365 -4.32508e-15 0.896409 1.03866e-14 0.0004207 9.46652e-05
14.1 0.102336 -4.03031e-15 0.897437 1.01579e-14 0.000219948 -0.000322044
14.2 0.101317 -3.80859e-15 0.898454 1.01691e-14 0.000116296 -0.000709292
14.3 0.100309 -3.78288e-15 0.899461 1.03083e-14 0.000100839 -0.00105031
14.4 0.0993102 -3.85088e-15 0.900458 1.01169e-14 0.000161347 -0.00133029
14.5 0.0983217 -3.88869e-15 0.901445 9.41184e-15 0.000282671 -0.00153746
14.6 0.0973429 -3.87379e-15 0.902422 8.28606e-15 0.000447469 -0.0016638
14.7 0.0963738 -3.94169e-15 0.903389 7.7609e-15 0.000637211 -0.00170552
14.8 0.0954143 -3.99685e-15 0.904347 7.58444e-15 0.000832808 -0.00166293
14.9 0.0944643 -3.69547e-15 0.905296 7.54173e-15 0.00101592 -0.00154071
15 0.0935237 -3.38306e-15 0.906235 7.95883e-15 0.00117016 -0.00134764
15.1 0.0925925 -2.91547e-15 0.907164 8.45644e-15 0.00128195 -0.00109589
15.2 0.0916705 -2.47464e-15 0.908085 8.70469e-15 0.00134078 -0.000800165
15.3 0.0907576 -2.23522e-15 0.908996 8.60066e-15 0.00133965 -0.000477046
15.4 0.089854 -2.21388e-15 0.909899 8.06465e-15 0.00127566 -0.000144162
15.5 0.0889594 -2.25182e-15 0.910793 7.26421e-15 0.0011501 0.000180956
15.6 0.0880738 -2.37506e-15 0.911677 6.68451e-15 0.000967967 0.000481953
15.7 0.0871971 -2.63253e-15 0.912553 6.08156e-15 0.000737687 0.00074425
15.8 0.0863293 -2.89097e-15 0.91342 5.54724e-15 0.000470547 0.000955683
15.9 0.0854702 -3.22479e-15 0.914279 4.99618e-15 0.000179947 0.00110727
16 0.0846196 -3.70501e-15 0.915129 5.00804e-15 -0.000119437 0.00119335
16.1 0.0837774 -4.19867e-15 0.915971 4.91247e-15 -0.000412428 0.00121186
16.2 0.0829437 -4.6298e-15 0.916804 4.92342e-15 -0.000683938 0.00116426
16.3 0.0821182 -4.94046e-15 0.917629 4.95811e-15 -0.000919835 0.00105565
16.4 0.081301 -5.16302e-15 0.918445 5.04846e-15 -0.00110777 0.000894309
16.5 0.0804918 -5.33253e-15 0.919253 5.16026e-15 -0.00123773 0.000691337
16.6 0.0796907 -5.56474e-15 0.920054 5.15193e-15 -0.00130284 0.000460193
16.7 0.0788975 -5.79774e-15 0.920846 5.15516e-15 -0.00129971 0.000215624
16.8 0.0781123 -6.06198e-15 0.921631 5.24542e-15 -0.00122884 -2.68285e-05
16.9 0.0773349 -6.23115e-15 0.922407 5.35661e-15 -0.00109453 -0.000251874
17 0.0765653 -6.32996e-15 0.923177 5.38026e-15 -0.000904874 -0.000445747
17.1 0.0758034 -6.36425e-15 0.923938 5.40505e-15 -0.000671162 -0.000597156
17.2 0.0750491 -6.32709e-15 0.924692 5.60763e-15 -0.000406951 -0.000697938
17.3 0.0743024 -6.22371e-15 0.925439 5.6195e-15 -0.00012712 -0.000743398
17.4 0.0735631 -6.1065e-15 0.926178 5.66694e-15 0.000153036 -0.000732488
17.5 0.0728312 -5.98321e-15 0.92691 5.68694e-15 0.000419035 -0.000667449
17.6 0.0721065 -5.84596e-15 0.927635 5.69492e-15 0.000657689 -0.000553318
17.7 0.071389 -5.70477e-15 0.928352 5.68511e-15 0.00085747 -0.000397657
17.8 0.0706785 -5.57831e-15 0.929062 5.67587e-15 0.0010088 -0.000210047
17.9 0.069975 -5.45946e-15 0.929765 5.7151e-15 0.00110455 -1.98633e-06
18 0.0692785 -5.36123e-15 0.93046 5.74359e-15 0.00114048 0.000213842
18.1 0.0685889 -5.2887e-15 0.931149 5.69374e-15 0.00111547 0.000424039
18.2 0.0679063 -5.22314e-15 0.931831 5.5963e-15 0.00103183 0.000615313
18.3 0.0672304 -5.15958e-15 0.932506 5.47171e-15 0.000895163 0.000775233
18.4 0.0665614 -5.09852e-15 0.933175 5.36331e-15 0.000714298 0.000893072
18.5 0.065899 -5.05492e-15 0.933837 5.28162e-15 0.000500683 0.000960709
18.6 0.0652433 -5.01325e-15 0.934493 5.21267e-15 0.000267564 0.000973097
18.7 0.0645941 -4.97542e-15 0.935142 5.13334e-15 2.89875e-05 0.000928673
18.8 0.0639514 -4.93957e-15 0.935785 5.06257e-15 -0.000201051 0.000829314
18.9 0.0633151 -4.90493e-15 0.936421 4.99849e-15 -0.000409429 0.000680125
19 0.0626852 -4.85632e-15 0.937051 4.93409e-15 -0.000584627 0.000489135
19.1 0.0620614 -4.80907e-15 0.937675 4.87565e-15 -0.000717411 0.000266748
19.2 0.0614439 -4.76216e-15 0.938292 4.81859e-15 -0.00080135 2.49931e-05
19.3 0.0608325 -4.71665e-15 0.938904 4.76823e-15 -0.000832871 -0.000223283
19.4 0.0602272 -4.67114e-15 0.939509 4.72386e-15 -0.000811312 -0.000464992
19.5 0.059628 -4.62617e-15 0.940108 4.68732e-15 -0.00073894 -0.000687385
19.6 0.0590346 -4.58199e-15 0.940701 4.66232e-15 -0.000620763 -0.000878628
19.7 0.0584472 -4.53798e-15 0.941288 4.62606e-15 -0.00046449 -0.00102852
19.8 0.0578657 -4.49351e-15 0.94187 4.58221e-15 -0.000279826 -0.00112904
19.9 0.0572899 -4.44931e-15 0.942446 4.54733e-15 -7.81422e-05 -0.00117486
20 0.0567198 -4.40509e-15 0.943016 4.50392e-15 0.00012819 -0.00116353
