0 0 0 1 0 0 0
0.1 1.71708e-07 -1.98523e-23 0.999972 3.84125e-15 4.82609e-05 -0.000411084
0.2 7.90692e-07 -5.45572e-23 0.999973 5.96935e-15 0.000195199 -0.000865335
0.3 2.03501e-06 -4.84442e-21 0.999973 1.07949e-14 0.000448243 -0.00134823
0.4 4.11205e-06 -1.06577e-20 0.999973 1.60603e-14 0.000811256 -0.00184526
0.5 7.25751e-06 -8.58968e-21 0.999972 2.14372e-14 0.00128466 -0.00234287
0.6 1.17341e-05 2.32162e-20 0.99997 2.64551e-14 0.00186577 -0.0028294
0.7 1.78306e-05 1.1761e-19 0.999965 3.03666e-14 0.00254939 -0.00329586
0.8 2.58628e-05 3.2359e-19 0.999957 3.24063e-14 0.00332844 -0.00373658
0.9 3.61775e-05 7.09272e-19 0.999947 3.22358e-14 0.0041949 -0.00414969
1 4.91609e-05 1.36183e-18 0.999935 2.99706e-14 0.00514065 -0.00453735
1.1 6.52541e-05 2.39851e-18 0.999919 2.62843e-14 0.00615851 -0.00490581
1.2 8.49779e-05 3.9373e-18 0.999899 2.21817e-14 0.00724307 -0.00526517
1.3 0.000108968 6.05362e-18 0.999874 1.86655e-14 0.00839163 -0.00562904
1.4 0.000138023 8.612e-18 0.999845 1.63062e-14 0.00960488 -0.00601388
1.5 0.000173166 1.1323e-17 0.99981 1.52766e-14 0.0108875 -0.00643824
1.6 0.000215726 1.38097e-17 0.999768 1.51726e-14 0.0122485 -0.0069219
1.7 0.000267426 1.54598e-17 0.999717 1.54893e-14 0.0137013 -0.00748495
1.8 0.000330492 1.60371e-17 0.999654 1.54469e-14 0.0152638 -0.00814681
1.9 0.000407769 1.62297e-17 0.999576 1.47026e-14 0.0169579 -0.00892526
2 0.000502851 1.70535e-17 0.999481 1.31077e-14 0.018809 -0.00983566
2.1 0.000620206 1.96713e-17 0.999364 1.07232e-14 0.0208454 -0.0108902
2.2 0.000765308 2.50276e-17 0.999218 7.96553e-15 0.0230976 -0.0120973
2.3 0.000944752 3.27778e-17 0.999038 4.93617e-15 0.0255966 -0.0134612
2.4 0.00116636 4.20054e-17 0.998816 1.9252e-15 0.0283738 -0.014982
2.5 0.00143927 4.88561e-17 0.998542 -6.73599e-16 0.0314594 -0.0166552
2.6 0.00177397 4.76467e-17 0.998207 -2.17592e-15 0.0348816 -0.0184722
2.7 0.00218233 3.644e-17 0.997797 -3.00997e-15 0.0386655 -0.0204205
2.8 0.00267759 1.10875e-17 0.997301 -3.35553e-15 0.0428323 -0.0224843
2.9 0.00327427 -2.43941e-17 0.996702 -3.30511e-15 0.0473987 -0.0246448
3 0.00398807 -6.89048e-17 0.995987 -2.7551e-15 0.0523759 -0.0268812
3.1 0.00483572 -1.11578e-16 0.995137 -1.25954e-15 0.0577699 -0.029171
3.2 0.0058348 -1.41283e-16 0.994136 1.57985e-15 0.0635806 -0.0314911
3.3 0.00700348 -1.55252e-16 0.992966 5.91145e-15 0.069802 -0.033818
3.4 0.00836023 -1.56399e-16 0.991607 1.07939e-14 0.0764222 -0.0361285
3.5 0.00992358 -1.67386e-16 0.990042 1.46554e-14 0.0834239 -0.0384002
3.6 0.0117117 -2.06686e-16 0.988252 1.53866e-14 0.0907843 -0.040612
3.7 0.0137421 -2.53328e-16 0.98622 1.22118e-14 0.098476 -0.042744
3.8 0.0160314 -2.98797e-16 0.983929 5.03099e-15 0.106467 -0.0447773
3.9 0.0185945 -2.54936e-16 0.981364 -5.79509e-15 0.11472 -0.046694
4 0.0214445 -1.76921e-16 0.978513 -1.2846e-14 0.123197 -0.0484778
4.1 0.0245924 1.25651e-16 0.975363 -1.6277e-14 0.131851 -0.0501132
4.2 0.028046 4.77562e-16 0.971908 -1.61544e-14 0.140638 -0.0515858
4.3 0.0318102 1.08104e-15 0.968142 -1.52823e-14 0.149508 -0.0528822
4.4 0.0358862 1.49271e-15 0.964064 -1.00973e-14 0.15841 -0.053989
4.5 0.0402707 1.37311e-15 0.959678 -3.64002e-15 0.167288 -0.0548943
4.6 0.0449562 8.88093e-16 0.954991 1.07118e-15 0.176088 -0.055587
4.7 0.0499302 -6.30433e-17 0.950016 6.51712e-15 0.184752 -0.0560579
4.8 0.0551753 -5.79854e-16 0.944769 9.02895e-15 0.193222 -0.0562997
4.9 0.0606687 -2.65573e-16 0.939275 8.85877e-15 0.201442 -0.0563077
5 0.0663829 1.03238e-15 0.93356 6.95066e-15 0.209354 -0.0560799
5.1 0.0722856 3.17418e-15 0.927656 1.70389e-15 0.216903 -0.0556186
5.2 0.0783401 5.75597e-15 0.9216 -3.38972e-15 0.224038 -0.0549301
5.3 0.0845067 8.39614e-15 0.915433 -6.64076e-15 0.230711 -0.0540254
5.4 0.090743 1.07252e-14 0.909196 -8.3616e-15 0.23688 -0.0529209
5.5 0.0970053 1.20692e-14 0.902933 -8.52736e-15 0.242507 -0.051638
5.6 0.10325 1.21484e-14 0.896688 -9.18263e-15 0.247566 -0.0502031
5.7 0.109436 1.1532e-14 0.890502 -1.53008e-14 0.252037 -0.0486463
5.8 0.115523 1.26959e-14 0.884414 -1.79379e-14 0.255908 -0.0470006
5.9 0.121476 1.66252e-14 0.878461 -1.88343e-14 0.259181 -0.0452996
6 0.127264 2.38185e-14 0.872671 -1.85256e-14 0.261864 -0.0435761
6.1 0.132863 3.41619e-14 0.867071 -1.90904e-14 0.263975 -0.0418595
6.2 0.138252 4.68635e-14 0.86168 -2.09432e-14 0.26554 -0.0401738
6.3 0.143417 6.02501e-14 0.856513 -2.75271e-14 0.266588 -0.0385376
6.4 0.148347 7.05009e-14 0.851582 -3.53958e-14 0.267152 -0.0369629
6.5 0.153032 7.61653e-14 0.846895 -4.6966e-14 0.267268 -0.0354548
6.6 0.157468 7.68076e-14 0.842457 -5.32573e-14 0.26697 -0.0340119
6.7 0.16165 7.32971e-14 0.838274 -5.67376e-14 0.266291 -0.0326259
6.8 0.165573 6.8037e-14 0.834349 -5.8262e-14 0.265263 -0.0312825
6.9 0.16923 6.18267e-14 0.83069 -5.77031e-14 0.263909 -0.029963
7 0.172615 5.4497e-14 0.827303 -5.89381e-14 0.262248 -0.0286464
7.1 0.175717 4.73477e-14 0.824198 -5.73566e-14 0.260291 -0.0273124
7.2 0.178526 3.93562e-14 0.821387 -5.10604e-14 0.258043 -0.0259436
7.3 0.181029 3.01773e-14 0.818881 -4.58326e-14 0.255504 -0.0245284
7.4 0.183215 2.48777e-14 0.816692 -4.93141e-14 0.25267 -0.0230611
7.5 0.185076 2.88607e-14 0.814829 -6.4296e-14 0.249533 -0.0215434
7.6 0.186604 4.37615e-14 0.813298 -9.00651e-14 0.246091 -0.019984
7.7 0.187798 6.80641e-14 0.812102 -1.20247e-13 0.242342 -0.0183965
7.8 0.18866 1.00077e-13 0.811237 -1.4924e-13 0.238286 -0.0167977
7.9 0.189198 1.31834e-13 0.810697 -1.70783e-13 0.233928 -0.0152059
8 0.189424 1.57307e-13 0.810468 -1.86055e-13 0.229277 -0.0136396
8.1 0.189355 1.72843e-13 0.810534 -1.95263e-13 0.224347 -0.0121161
8.2 0.189011 1.76946e-13 0.810875 -1.97517e-13 0.219155 -0.0106498
8.3 0.188413 1.75623e-13 0.811469 -1.99177e-13 0.213719 -0.00925145
8.4 0.187586 1.85707e-13 0.812292 -2.15974e-13 0.208062 -0.00792792
8.5 0.186555 2.27176e-13 0.813321 -2.6386e-13 0.202207 -0.00668272
8.6 0.185342 3.05001e-13 0.814531 -3.42279e-13 0.196179 -0.00551509
8.7 0.183971 4.09261e-13 0.815898 -4.39923e-13 0.190003 -0.00442032
8.8 0.182463 5.23298e-13 0.817403 -5.43102e-13 0.183702 -0.0033904
8.9 0.180839 6.22704e-13 0.819025 -6.33228e-13 0.177299 -0.00241551
9 0.179114 6.86442e-13 0.820747 -6.94024e-13 0.170813 -0.0014861
9.1 0.177304 7.10542e-13 0.822554 -7.10048e-13 0.164261 -0.000593917
9.2 0.175423 7.04901e-13 0.824432 -6.9847e-13 0.15766 0.000267712
9.3 0.173484 6.95734e-13 0.826368 -6.71952e-13 0.151025 0.00110393
9.4 0.171498 7.02764e-13 0.828352 -6.54998e-13 0.14437 0.00191792
9.5 0.169475 7.33743e-13 0.830373 -6.56598e-13 0.13771 0.00271043
9.6 0.167425 7.74343e-13 0.83242 -6.7612e-13 0.131057 0.00347902
9.7 0.165358 7.94129e-13 0.834484 -7.02504e-13 0.124423 0.00421767
9.8 0.163283 7.94944e-13 0.836557 -7.16703e-13 0.11782 0.00491716
9.9 0.161208 7.81379e-13 0.838629 -7.214e-13 0.111264 0.00556648
10 0.159143 7.56495e-13 0.840692 -7.1612e-13 0.104772 0.00615307
10.1 0.157096 7.2962e-13 0.842736 -6.92073e-13 0.0983601 0.00666358
10.2 0.155075 6.97816e-13 0.844755 -6.50288e-13 0.092051 0.00708449
10.3 0.153088 6.75864e-13 0.84674 -6.14091e-13 0.0858681 0.00740327
10.4 0.151139 6.64503e-13 0.848686 -5.91029e-13 0.0798373 0.00761026
10.5 0.149236 6.55413e-13 0.850587 -5.84623e-13 0.0739855 0.00769959
10.6 0.147381 6.51165e-13 0.852439 -5.92778e-13 0.068339 0.00766918
10.7 0.145578 6.49035e-13 0.85424 -6.1568e-13 0.0629226 0.0075207
10.8 0.143828 6.46787e-13 0.855988 -6.43725e-13 0.0577597 0.00725925
10.9 0.142132 6.37968e-13 0.857682 -6.57645e-13 0.0528714 0.00689409
11 0.140488 6.17337e-13 0.859324 -6.42668e-13 0.0482754 0.00643873
11.1 0.138895 5.85095e-13 0.860915 -6.04389e-13 0.0439854 0.00590934
11.2 0.13735 5.46008e-13 0.862457 -5.61789e-13 0.040011 0.00532512
11.3 0.13585 5.09465e-13 0.863955 -5.22482e-13 0.0363568 0.00470781
11.4 0.134392 4.83529e-13 0.865412 -5.00519e-13 0.0330215 0.00408123
11.5 0.13297 4.71822e-13 0.866832 -5.04167e-13 0.0299972 0.00346966
11.6 0.131581 4.71986e-13 0.868218 -5.19934e-13 0.027269 0.00289544
11.7 0.130222 4.79455e-13 0.869576 -5.32237e-13 0.0248168 0.00237712
11.8 0.128888 4.8793e-13 0.870907 -5.3237e-13 0.0226171 0.00192886
11.9 0.127577 4.8883e-13 0.872216 -5.23265e-13 0.0206447 0.00156083
12 0.126286 4.79015e-13 0.873505 -5.17294e-13 0.0188729 0.00127923
12.1 0.125013 4.63337e-13 0.874776 -5.15112e-13 0.0172745 0.00108612
12.2 0.123756 4.54481e-13 0.876031 -5.17813e-13 0.015823 0.000979441
12.3 0.122513 4.55553e-13 0.877271 -5.22471e-13 0.0144929 0.000953371
12.4 0.121284 4.62892e-13 0.878497 -5.23213e-13 0.01326 0.000998813
12.5 0.120068 4.71137e-13 0.879711 -5.11394e-13 0.0121025 0.00110369
12.6 0.118864 4.78256e-13 0.880912 -4.93146e-13 0.0110017 0.00125273
12.7 0.117672 4.81335e-13 0.882101 -4.72754e-13 0.00994308 0.00142864
12.8 0.116493 4.82793e-13 0.883278 -4.4836e-13 0.00891653 0.00161335
12.9 0.115325 4.79891e-13 0.884444 -4.19231e-13 0.00791634 0.00178883
13 0.11417 4.72827e-13 0.885597 -3.96214e-13 0.00694124 0.00193811
13.1 0.113026 4.65851e-13 0.886738 -3.7757e-13 0.0059937 0.0020458
13.2 0.111895 4.58451e-13 0.887867 -3.68632e-13 0.00507992 0.00209848
13.3 0.110775 4.49388e-13 0.888985 -3.63166e-13 0.00420984 0.00208613
13.4 0.109667 4.37704e-13 0.89009 -3.55969e-13 0.00339629 0.00200369
13.5 0.108572 4.25766e-13 0.891184 -3.47618e-13 0.00265258 0.00185214
13.6 0.107488 4.15151e-13 0.892266 -3.4201e-13 0.00199051 0.00163747
13.7 0.106415 4.06592e-13 0.893336 -3.39987e-13 0.00141952 0.00136944
13.8 0.105354 3.9753e-13 0.894396 -3.41719e-13 0.000946405 0.00106075
13.9 0.104304 3.89859e-13 0.895445 -3.49054e-13 0.000574969 0.000725505
14 0.103265 3.83749e-13 0.896483 -3.60563e-13 0.000306485 0.000379205
14.1 0.102236 3.78244e-13 0.89751 -3.71159e-13 0.000139002 3.85147e-05
14.2 0.101218 3.72923e-13 0.898526 -3.81127e-13 6.65968e-05 -0.000279676
14.3 0.100211 3.66818e-13 0.899532 -3.90062e-13 7.95114e-05 -0.00055961
14.4 0.099213 3.60991e-13 0.900528 -3.98878e-13 0.000164504 -0.000787745
14.5 0.0982253 3.54241e-13 0.901514 -4.07083e-13 0.000305598 -0.000953519
14.6 0.0972475 3.49369e-13 0.90249 -4.14179e-13 0.000485044 -0.00104998
14.7 0.0962794 3.46266e-13 0.903456 -4.18234e-13 0.000684246 -0.00107443
14.8 0.0953208 3.43604e-13 0.904413 -4.19496e-13 0.000885125 -0.00102823
14.9 0.0943718 3.41922e-13 0.90536 -4.20399e-13 0.00107099 -0.000916345
15 0.0934322 3.40217e-13 0.906297 -4.18978e-13 0.00122711 -0.000746827
15.1 0.0925019 3.38233e-13 0.907225 -4.13622e-13 0.00134121 -0.000530428
15.2 0.091581 3.35478e-13 0.908145 -4.03725e-13 0.0014036 -0.000279858
15.3 0.0906693 3.32393e-13 0.909055 -3.92994e-13 0.00140769 -9.33086e-06
15.4 0.0897666 3.28211e-13 0.909957 -3.83093e-13 0.00135023 0.000265855
15.5 0.0888729 3.23279e-13 0.910849 -3.73607e-13 0.00123146 0.000529811
15.6 0.0879882 3.17814e-13 0.911733 -3.6538e-13 0.00105549 0.000766981
15.7 0.0871124 3.12228e-13 0.912608 -3.57664e-13 0.000830223 0.000963027
15.8 0.0862453 3.06495e-13 0.913474 -3.50225e-13 0.000567004 0.00110587
15.9 0.085387 3.00579e-13 0.914332 -3.4397e-13 0.000280004 0.00118675
16 0.0845372 2.95306e-13 0.915182 -3.38593e-13 -1.48664e-05 0.00120095
16.1 0.0836958 2.90728e-13 0.916023 -3.34155e-13 -0.000301132 0.0011481
16.2 0.0828627 2.86668e-13 0.916856 -3.30351e-13 -0.000562947 0.00103219
16.3 0.0820378 2.82978e-13 0.91768 -3.26894e-13 -0.000786276 0.000861062
16.4 0.0812211 2.79658e-13 0.918496 -3.23949e-13 -0.000959793 0.000645629
16.5 0.0804125 2.76538e-13 0.919304 -3.21483e-13 -0.00107538 0.000398837
16.6 0.0796119 2.73526e-13 0.920103 -3.19291e-13 -0.00112828 0.000134755
16.7 0.0788193 2.70599e-13 0.920895 -3.17081e-13 -0.00111704 -0.000132182
16.8 0.0780345 2.678e-13 0.921679 -3.15164e-13 -0.00104327 -0.0003877
16.9 0.0772577 2.6514e-13 0.922455 -3.1304e-13 -0.000911612 -0.000618112
17 0.0764886 2.6268e-13 0.923223 -3.10678e-13 -0.000729699 -0.000810839
17.1 0.0757273 2.60232e-13 0.923984 -3.07843e-13 -0.000508109 -0.000955103
17.2 0.0749737 2.57721e-13 0.924737 -3.04758e-13 -0.000259908 -0.00104296
17.3 0.0742276 2.55185e-13 0.925482 -3.02037e-13 -1.19612e-08 -0.00106999
17.4 0.073489 2.52618e-13 0.92622 -2.99585e-13 0.000256279 -0.00103568
17.5 0.0727577 2.50073e-13 0.926951 -2.97422e-13 0.000494329 -0.000943238
17.6 0.0720339 2.47433e-13 0.927675 -2.9464e-13 0.000701117 -0.000799179
17.7 0.0713172 2.45043e-13 0.928391 -2.9266e-13 0.000865813 -0.000612577
17.8 0.0706076 2.42706e-13 0.929101 -2.90854e-13 0.00098014 -0.000394449
17.9 0.069905 2.40476e-13 0.929803 -2.89336e-13 0.00103857 -0.000157192
18 0.0692093 2.38295e-13 0.930498 -2.87783e-13 0.0010385 8.59675e-05
18.1 0.0685205 2.36166e-13 0.931187 -2.8609e-13 0.000980396 0.000321573
18.2 0.0678386 2.34011e-13 0.931868 -2.84095e-13 0.000867728 0.000536581
18.3 0.0671634 2.31856e-13 0.932543 -2.82086e-13 0.00070691 0.000718982
18.4 0.0664951 2.29718e-13 0.933211 -2.79869e-13 0.000507047 0.000858396
18.5 0.0658334 2.27483e-13 0.933872 -2.77422e-13 0.000279609 0.000946721
18.6 0.0651784 2.2526e-13 0.934527 -2.75103e-13 3.7916e-05 0.000978739
18.7 0.0645298 2.23046e-13 0.935175 -2.72867e-13 -0.000203652 0.000952667
18.8 0.0638877 2.20827e-13 0.935817 -2.70714e-13 -0.000430634 0.000870474
18.9 0.063252 2.18608e-13 0.936452 -2.68545e-13 -0.000629646 0.000737822
19 0.0626226 2.16413e-13 0.937081 -2.66406e-13 -0.000789415 0.000563498
19.1 0.0619995 2.14242e-13 0.937704 -2.64266e-13 -0.000901501 0.000358621
19.2 0.0613826 2.12088e-13 0.938321 -2.6215e-13 -0.000960665 0.000135663
19.3 0.0607718 2.09961e-13 0.938932 -2.6006e-13 -0.000964881 -9.24772e-05
19.4 0.0601671 2.07861e-13 0.939536 -2.57978e-13 -0.000915112 -0.000313188
19.5 0.0595684 2.0578e-13 0.940135 -2.55888e-13 -0.000815009 -0.000514701
19.6 0.0589757 2.03717e-13 0.940727 -2.53811e-13 -0.000670558 -0.000686493
19.7 0.0583888 2.01676e-13 0.941314 -2.51741e-13 -0.000489754 -0.00081956
19.8 0.0578079 1.99659e-13 0.941895 -2.49689e-13 -0.00028237 -0.000906696
19.9 0.0572327 1.97671e-13 0.94247 -2.47693e-13 -5.9738e-05 -0.000942888
20 0.0566632 1.95704e-13 0.943039 -2.45724e-13 0.00016568 -0.000925769
