0 0 0 1 0 0 0
0.1 1.71706e-07 3.58666e-21 0.999957 6.29818e-15 4.82603e-05 -0.000411092
0.2 7.90694e-07 2.41368e-20 0.999955 -9.36046e-15 0.000195202 -0.000865388
0.3 2.03506e-06 8.03251e-20 0.99995 -3.00525e-14 0.000448269 -0.00134839
0.4 4.1123e-06 1.90166e-19 0.999944 -5.30057e-14 0.000811342 -0.0018456
0.5 7.25824e-06 3.29613e-19 0.999937 -7.37921e-14 0.00128487 -0.0023435
0.6 1.17358e-05 4.12889e-19 0.999929 -8.9941e-14 0.0018662 -0.0028304
0.7 1.78341e-05 2.36489e-19 0.999919 -9.91257e-14 0.00255015 -0.00329734
0.8 2.58694e-05 -4.6546e-19 0.999907 -1.01035e-13 0.00332969 -0.00373864
0.9 3.61889e-05 -2.06801e-18 0.999894 -9.55225e-14 0.00419681 -0.0041524
1 4.91794e-05 -4.90831e-18 0.999877 -8.49936e-14 0.00514345 -0.00454078
1.1 6.52827e-05 -9.04148e-18 0.999859 -7.18682e-14 0.00616242 -0.00491
1.2 8.50202e-05 -1.43665e-17 0.999837 -5.83766e-14 0.00724835 -0.00527014
1.3 0.000109028 -2.0465e-17 0.999812 -4.59938e-14 0.00839856 -0.00563475
1.4 0.000138105 -2.64047e-17 0.999783 -3.73718e-14 0.00961375 -0.00602026
1.5 0.000173276 -3.11544e-17 0.999748 -3.33384e-14 0.0108986 -0.00644516
1.6 0.000215868 -3.3319e-17 0.999706 -3.55664e-14 0.012262 -0.00692921
1.7 0.000267603 -3.18017e-17 0.999655 -4.33979e-14 0.0137173 -0.00749247
1.8 0.000330707 -2.6118e-17 0.999593 -5.52456e-14 0.0152825 -0.00815436
1.9 0.000408024 -1.61513e-17 0.999516 -6.76732e-14 0.0169793 -0.00893273
2 0.000503145 -2.00116e-18 0.99942 -7.9585e-14 0.0188332 -0.00984297
2.1 0.000620538 1.29386e-17 0.999302 -8.70706e-14 0.0208724 -0.0108973
2.2 0.000765675 2.43904e-17 0.999155 -9.14224e-14 0.0231274 -0.0121043
2.3 0.000945153 2.52994e-17 0.998973 -9.27867e-14 0.0256295 -0.0134682
2.4 0.00116679 7.15887e-18 0.998748 -9.04568e-14 0.0284098 -0.0149889
2.5 0.00143973 -3.11946e-17 0.998472 -8.72741e-14 0.0314988 -0.016662
2.6 0.00177445 -8.56018e-17 0.998134 -8.44439e-14 0.0349244 -0.018479
2.7 0.00218283 -1.48416e-16 0.997724 -8.31742e-14 0.0387118 -0.0204274
2.8 0.0026781 -2.12244e-16 0.997227 -8.32438e-14 0.0428822 -0.0224914
2.9 0.00327477 -2.62722e-16 0.996628 -8.49535e-14 0.0474522 -0.0246525
3 0.00398856 -2.95515e-16 0.995913 -9.01108e-14 0.0524332 -0.0268899
3.1 0.00483622 -3.27345e-16 0.995065 -9.68884e-14 0.0578313 -0.0291813
3.2 0.00583534 -3.53001e-16 0.994065 -1.04164e-13 0.0636467 -0.0315036
3.3 0.00700409 -3.76218e-16 0.992896 -1.13165e-13 0.0698736 -0.0338332
3.4 0.00836102 -4.44119e-16 0.991539 -1.20053e-13 0.0765005 -0.0361468
3.5 0.00992464 -6.2616e-16 0.989975 -1.20918e-13 0.08351 -0.0384218
3.6 0.0117132 -8.61774e-16 0.988186 -1.19906e-13 0.0908793 -0.0406367
3.7 0.0137442 -1.09535e-15 0.986154 -1.14516e-13 0.0985807 -0.0427712
3.8 0.0160341 -1.30417e-15 0.983864 -1.06504e-13 0.106582 -0.0448063
3.9 0.0185979 -1.56512e-15 0.981299 -9.92325e-14 0.114846 -0.0467244
4 0.0214488 -1.96177e-15 0.978447 -9.46711e-14 0.123333 -0.0485092
4.1 0.0245975 -2.51965e-15 0.975298 -9.28535e-14 0.131999 -0.0501456
4.2 0.028052 -3.09673e-15 0.971842 -9.46562e-14 0.140797 -0.0516193
4.3 0.0318171 -3.37241e-15 0.968076 -9.91434e-14 0.149679 -0.0529166
4.4 0.0358939 -3.04197e-15 0.963998 -1.06899e-13 0.158593 -0.0540246
4.5 0.0402793 -1.84785e-15 0.959611 -1.17257e-13 0.167485 -0.0549311
4.6 0.0449657 -6.78655e-17 0.954924 -1.25233e-13 0.176298 -0.055625
4.7 0.0499405 1.82277e-15 0.949949 -1.31561e-13 0.184977 -0.0560971
4.8 0.0551862 3.24505e-15 0.944703 -1.38043e-13 0.193463 -0.0563401
4.9 0.0606802 3.53129e-15 0.939209 -1.40656e-13 0.201699 -0.0563487
5 0.066395 2.6619e-15 0.933494 -1.41731e-13 0.209629 -0.056121
5.1 0.0722979 1.08047e-15 0.927591 -1.41041e-13 0.217198 -0.0556585
5.2 0.0783525 -7.42666e-16 0.921535 -1.39248e-13 0.224352 -0.0549675
5.3 0.0845186 -2.73331e-15 0.915369 -1.31733e-13 0.231044 -0.0540592
5.4 0.0907537 -4.62836e-15 0.909132 -1.21864e-13 0.237232 -0.0529502
5.5 0.097014 -7.16151e-15 0.902871 -1.10868e-13 0.242878 -0.0516622
5.6 0.103256 -9.43605e-15 0.896628 -1.08691e-13 0.247956 -0.0502216
5.7 0.109438 -1.12312e-14 0.890446 -1.08011e-13 0.252444 -0.0486588
5.8 0.11552 -1.27185e-14 0.884364 -1.11238e-13 0.256333 -0.0470072
5.9 0.121466 -1.2296e-14 0.878417 -1.16655e-13 0.259623 -0.0453014
6 0.127248 -9.51099e-15 0.872635 -1.2455e-13 0.262323 -0.0435747
6.1 0.132839 -4.7244e-15 0.867044 -1.3414e-13 0.264452 -0.0418571
6.2 0.13822 5.17668e-16 0.861662 -1.42713e-13 0.266035 -0.0401735
6.3 0.143376 6.57287e-15 0.856505 -1.5017e-13 0.267104 -0.0385421
6.4 0.148298 8.2282e-15 0.851583 -1.55677e-13 0.267691 -0.0369739
6.5 0.152976 7.63955e-15 0.846903 -1.5669e-13 0.267834 -0.0354729
6.6 0.157406 6.36351e-15 0.842473 -1.54576e-13 0.267566 -0.0340355
6.7 0.161582 6.25028e-15 0.838295 -1.48361e-13 0.26692 -0.0326517
6.8 0.165498 6.71279e-15 0.834377 -1.42457e-13 0.265924 -0.0313058
6.9 0.169149 1.0715e-14 0.830725 -1.35439e-13 0.264601 -0.0299797
7 0.172525 1.52576e-14 0.827348 -1.24231e-13 0.262967 -0.0286536
7.1 0.175617 1.95422e-14 0.824254 -1.11058e-13 0.261034 -0.027309
7.2 0.178414 2.25806e-14 0.821456 -9.7026e-14 0.258806 -0.02593
7.3 0.180903 2.47942e-14 0.818966 -8.74133e-14 0.256283 -0.0245053
7.4 0.183074 2.77987e-14 0.816793 -8.33552e-14 0.253462 -0.0230302
7.5 0.184918 3.46687e-14 0.814947 -8.52289e-14 0.250337 -0.0215067
7.6 0.18643 4.7762e-14 0.813434 -8.61805e-14 0.246903 -0.019943
7.7 0.187606 6.85603e-14 0.812256 -9.94296e-14 0.243159 -0.0183526
7.8 0.188451 9.19685e-14 0.81141 -1.19895e-13 0.239105 -0.0167521
7.9 0.188972 1.1391e-13 0.810887 -1.43293e-13 0.234747 -0.0151601
8 0.189182 1.29594e-13 0.810675 -1.62862e-13 0.230093 -0.0135952
8.1 0.189098 1.35244e-13 0.810758 -1.82439e-13 0.225155 -0.0120746
8.2 0.18874 1.35446e-13 0.811114 -1.88247e-13 0.21995 -0.010613
8.3 0.18813 1.37058e-13 0.811722 -1.95083e-13 0.214497 -0.0092221
8.4 0.187293 1.49503e-13 0.812557 -2.06921e-13 0.208819 -0.00790925
8.5 0.186253 1.78411e-13 0.813595 -2.27251e-13 0.202942 -0.00667662
8.6 0.185036 2.20249e-13 0.814812 -2.56282e-13 0.196893 -0.0055209
8.7 0.183662 2.73943e-13 0.816184 -2.89399e-13 0.190694 -0.00443499
8.8 0.182154 3.26343e-13 0.817692 -3.21001e-13 0.184369 -0.00341049
8.9 0.18053 3.79537e-13 0.819316 -3.55193e-13 0.177938 -0.00243862
9 0.178807 4.28183e-13 0.821039 -3.94406e-13 0.171422 -0.00151042
9.1 0.176999 4.76307e-13 0.822846 -4.37311e-13 0.164839 -0.00061694
9.2 0.175121 5.18664e-13 0.824725 -4.71126e-13 0.158207 0.000249978
9.3 0.173184 5.42934e-13 0.826662 -4.96549e-13 0.15154 0.00109641
9.4 0.171199 5.42519e-13 0.828647 -5.03441e-13 0.14485 0.00192489
9.5 0.169177 5.1989e-13 0.83067 -4.89788e-13 0.138149 0.00273412
9.6 0.167127 4.80748e-13 0.83272 -4.50917e-13 0.13145 0.00351949
9.7 0.165059 4.41239e-13 0.834787 -3.90157e-13 0.124769 0.00427385
9.8 0.162982 4.07131e-13 0.836863 -3.13903e-13 0.118119 0.00498808
9.9 0.160906 3.79393e-13 0.838939 -2.18325e-13 0.111516 0.00565078
10 0.158839 3.52088e-13 0.841006 -1.31311e-13 0.104977 0.00624834
10.1 0.15679 3.27935e-13 0.843054 -4.50027e-14 0.0985235 0.00676605
10.2 0.154767 3.05191e-13 0.845077 3.64906e-14 0.0921783 0.00718988
10.3 0.152778 2.86355e-13 0.847065 9.59569e-14 0.0859668 0.00750835
10.4 0.150829 2.76098e-13 0.849014 1.13931e-13 0.0799162 0.00771318
10.5 0.148925 2.83051e-13 0.850918 8.95807e-14 0.0740527 0.00779984
10.6 0.147071 2.97954e-13 0.852771 3.94152e-14 0.0684018 0.00776727
10.7 0.145269 3.13633e-13 0.854573 -3.02731e-14 0.0629878 0.00761787
10.8 0.14352 3.27793e-13 0.856321 -1.08221e-13 0.0578329 0.00735797
10.9 0.141825 3.43962e-13 0.858016 -1.81512e-13 0.0529558 0.00699753
11 0.140183 3.62562e-13 0.859657 -2.329e-13 0.048371 0.00654927
11.1 0.138591 3.83015e-13 0.861248 -2.78644e-13 0.0440906 0.00602821
11.2 0.137047 4.0746e-13 0.862791 -3.20803e-13 0.0401226 0.00545212
11.3 0.135548 4.38933e-13 0.864289 -3.51929e-13 0.0364708 0.00484115
11.4 0.13409 4.69626e-13 0.865747 -3.95163e-13 0.0331338 0.00421739
11.5 0.132669 5.00001e-13 0.867167 -4.58286e-13 0.0301042 0.0036034
11.6 0.131282 5.28666e-13 0.868554 -5.31113e-13 0.0273691 0.00302045
11.7 0.129924 5.53873e-13 0.869911 -6.05709e-13 0.0249107 0.00248754
11.8 0.128593 5.74394e-13 0.871242 -6.69528e-13 0.0227076 0.00202082
11.9 0.127285 5.87322e-13 0.87255 -7.25914e-13 0.0207351 0.00163317
12 0.125997 5.944e-13 0.873837 -7.74436e-13 0.0189658 0.0013335
12.1 0.124727 5.97503e-13 0.875107 -8.18283e-13 0.0173707 0.00112598
12.2 0.123473 5.96532e-13 0.87636 -8.53606e-13 0.01592 0.00100947
12.3 0.122233 5.86629e-13 0.877599 -8.66601e-13 0.0145858 0.000977354
12.4 0.121008 5.63135e-13 0.878824 -8.60036e-13 0.0133424 0.00101883
12.5 0.119795 5.35244e-13 0.880036 -8.36008e-13 0.0121684 0.00111964
12.6 0.118594 5.13988e-13 0.881236 -8.00628e-13 0.0110464 0.00126348
12.7 0.117406 5.02459e-13 0.882424 -7.67642e-13 0.00996336 0.00143279
12.8 0.11623 4.9671e-13 0.8836 -7.37258e-13 0.0089105 0.0016089
12.9 0.115066 4.96132e-13 0.884764 -7.13565e-13 0.00788409 0.00177322
13 0.113914 4.97573e-13 0.885915 -7.00331e-13 0.00688523 0.00190895
13.1 0.112774 4.92703e-13 0.887055 -6.92816e-13 0.00591883 0.00200241
13.2 0.111646 4.74088e-13 0.888182 -6.46906e-13 0.00499223 0.00204369
13.3 0.11053 4.53386e-13 0.889298 -5.80424e-13 0.00411455 0.00202603
13.4 0.109427 4.33897e-13 0.890402 -4.94511e-13 0.00329593 0.00194558
13.5 0.108334 4.30159e-13 0.891494 -4.08924e-13 0.00254782 0.00180199
13.6 0.107254 4.36965e-13 0.892574 -3.36071e-13 0.0018817 0.00159913
13.7 0.106184 4.53131e-13 0.893643 -3.15972e-13 0.00130763 0.00134537
13.8 0.105127 4.67704e-13 0.894701 -3.31045e-13 0.000832742 0.0010529
13.9 0.10408 4.73927e-13 0.895748 -3.76959e-13 0.00046012 0.000736019
14 0.103044 4.77509e-13 0.896784 -4.10833e-13 0.000189091 0.000409421
14.1 0.102018 4.79044e-13 0.897809 -4.3389e-13 1.65468e-05 8.70547e-05
14.2 0.101003 4.77398e-13 0.898824 -4.6778e-13 -6.24451e-05 -0.000217499
14.3 0.0999984 4.76993e-13 0.899828 -5.20204e-13 -5.49069e-05 -0.000490545
14.4 0.0990037 4.78666e-13 0.900822 -6.59836e-13 2.89317e-05 -0.000718567
14.5 0.0980189 4.75455e-13 0.901806 -8.49431e-13 0.000175122 -0.000889278
14.6 0.0970439 4.78405e-13 0.902781 -1.03668e-12 0.00036619 -0.000993444
14.7 0.0960786 4.7861e-13 0.903745 -1.18814e-12 0.000582304 -0.00102607
14.8 0.0951228 4.7322e-13 0.904701 -1.25874e-12 0.000803088 -0.00098716
14.9 0.0941764 4.51264e-13 0.905647 -1.27162e-12 0.00100934 -0.000881607
15 0.0932393 4.50595e-13 0.906583 -1.22004e-12 0.00118448 -0.000718351
15.1 0.0923115 4.57929e-13 0.90751 -1.19433e-12 0.00131528 -0.000509259
15.2 0.0913929 4.33507e-13 0.908428 -1.17984e-12 0.00139229 -0.000268162
15.3 0.0904834 4.18473e-13 0.909337 -1.11776e-12 0.00140971 -9.73965e-06
15.4 0.089583 4.06734e-13 0.910237 -1.11998e-12 0.0013653 0.000250983
15.5 0.0886915 3.87001e-13 0.911128 -1.10352e-12 0.00126023 0.00049919
15.6 0.0878089 3.66449e-13 0.91201 -1.16009e-12 0.00109887 0.000720982
15.7 0.086935 3.65515e-13 0.912884 -1.35888e-12 0.00088866 0.000903793
15.8 0.0860699 4.01426e-13 0.913748 -1.51515e-12 0.000639841 0.00103716
15.9 0.0852133 4.48982e-13 0.914605 -1.51894e-12 0.000364992 0.00111326
16 0.0843653 5.31936e-13 0.915452 -1.64342e-12 7.82909e-05 0.00112749
16.1 0.0835257 5.86639e-13 0.916291 -1.46612e-12 -0.000205105 0.00107864
16.2 0.0826945 6.4949e-13 0.917121 -1.26934e-12 -0.000469918 0.000969261
16.3 0.0818716 7.08758e-13 0.917944 -9.47681e-13 -0.000701861 0.000805629
16.4 0.0810569 7.39359e-13 0.918758 -6.38329e-13 -0.000888689 0.000597356
16.5 0.0802503 7.41003e-13 0.919564 -3.00606e-13 -0.00102104 0.000356507
16.6 0.0794518 7.30457e-13 0.920363 -7.59845e-14 -0.00109281 9.67621e-05
16.7 0.0786612 7.3385e-13 0.921153 3.69343e-15 -0.00110124 -0.000167469
16.8 0.0778785 7.45523e-13 0.921936 4.63398e-16 -0.00104685 -0.000421713
16.9 0.0771035 7.45569e-13 0.92271 -1.52124e-13 -0.000933275 -0.00065211
17 0.0763363 7.37546e-13 0.923476 -3.62681e-13 -0.000767212 -0.000845979
17.1 0.0755767 7.3141e-13 0.924236 -6.37241e-13 -0.000558159 -0.000992386
17.2 0.0748247 7.216e-13 0.924987 -8.4674e-13 -0.000318092 -0.00108286
17.3 0.0740801 7.02492e-13 0.925731 -9.02065e-13 -6.0886e-05 -0.00111198
17.4 0.073343 6.81958e-13 0.926468 -8.55308e-13 0.00019842 -0.00107783
17.5 0.0726132 6.62464e-13 0.927198 -7.8489e-13 0.000444552 -0.000982245
17.6 0.0718906 6.43748e-13 0.92792 -7.11439e-13 0.000662985 -0.000830813
17.7 0.0711753 6.27895e-13 0.928635 -6.24023e-13 0.000840943 -0.000632544
17.8 0.0704671 6.20462e-13 0.929343 -6.26203e-13 0.000968234 -0.000399303
17.9 0.0697659 6.12387e-13 0.930044 -6.24318e-13 0.00103793 -0.00014503
18 0.0690717 6.03299e-13 0.930738 -6.16338e-13 0.00104684 0.000115199
18.1 0.0683844 5.92948e-13 0.931425 -5.91224e-13 0.000995663 0.000366262
18.2 0.0677039 5.81031e-13 0.932105 -5.46197e-13 0.000888779 0.000594108
18.3 0.0670302 5.71477e-13 0.932779 -5.13576e-13 0.000733596 0.000786633
18.4 0.0663632 5.6331e-13 0.933445 -4.898e-13 0.000539764 0.000934215
18.5 0.0657029 5.56875e-13 0.934105 -4.72355e-13 0.000318428 0.00102987
18.6 0.0650491 5.51868e-13 0.934759 -4.62761e-13 8.16562e-05 0.00106923
18.7 0.0644018 5.47254e-13 0.935405 -4.53649e-13 -0.000157905 0.00105051
18.8 0.063761 5.42131e-13 0.936046 -4.48748e-13 -0.000387363 0.000974613
18.9 0.0631266 5.36668e-13 0.93668 -4.4449e-13 -0.000594046 0.000845311
19 0.0624984 5.31589e-13 0.937308 -4.28391e-13 -0.000766116 0.000669369
19.1 0.0618765 5.26388e-13 0.93793 -4.23251e-13 -0.000893363 0.000456448
19.2 0.0612609 5.21127e-13 0.938545 -4.18046e-13 -0.000968093 0.000218694
19.3 0.0606513 5.15916e-13 0.939155 -4.13245e-13 -0.000985782 -2.99419e-05
19.4 0.0600478 5.10742e-13 0.939758 -4.08142e-13 -0.000945621 -0.000274716
19.5 0.0594503 5.05636e-13 0.940355 -4.0355e-13 -0.00085061 -0.000501257
19.6 0.0588587 5.0059e-13 0.940947 -3.97962e-13 -0.000707252 -0.00069663
19.7 0.0582731 4.95602e-13 0.941532 -3.92664e-13 -0.000524892 -0.000850242
19.8 0.0576932 4.90666e-13 0.942112 -3.87523e-13 -0.000314896 -0.000954406
19.9 0.0571192 4.85783e-13 0.942686 -3.82644e-13 -8.96515e-05 -0.00100458
20 0.0565508 4.8095e-13 0.943254 -3.77809e-13 0.000138184 -0.000999234
