0 0 0 1 0 0 0
0.1 1.71709e-07 -7.27919e-23 0.999978 2.87304e-16 4.82624e-05 -0.000411159
0.2 7.90765e-07 -5.98056e-22 0.999979 5.2255e-16 0.000195242 -0.000865706
0.3 2.03549e-06 -4.85753e-21 0.999979 2.39868e-15 0.000448464 -0.00134926
0.4 4.11383e-06 -1.36624e-21 0.99998 2.48637e-15 0.000811938 -0.00184744
0.5 7.26241e-06 6.24611e-22 0.999978 2.66813e-15 0.00128628 -0.00234676
0.6 1.17453e-05 8.37824e-21 0.999975 2.6916e-15 0.00186903 -0.00283558
0.7 1.78533e-05 2.71455e-20 0.99997 2.53007e-15 0.00255523 -0.00330486
0.8 2.59044e-05 6.12398e-20 0.999962 2.21438e-15 0.00333803 -0.00374882
0.9 3.6248e-05 1.18963e-19 0.999952 1.80045e-15 0.00420962 -0.00416539
1 4.92728e-05 2.04971e-19 0.999938 1.31422e-15 0.00516205 -0.00455649
1.1 6.54224e-05 3.27017e-19 0.999922 8.28809e-16 0.0061882 -0.00492808
1.2 8.52186e-05 4.7108e-19 0.999902 3.87976e-16 0.00728271 -0.00528996
1.3 0.000109296 5.95247e-19 0.999878 1.5346e-19 0.0084428 -0.00565541
1.4 0.000138452 6.90835e-19 0.999849 -3.43277e-16 0.00966899 -0.0060406
1.5 0.000173703 6.79385e-19 0.999814 -5.7645e-16 0.0109657 -0.00646385
1.6 0.000216366 6.25074e-19 0.999772 -6.97775e-16 0.0123417 -0.00694479
1.7 0.00026815 5.29282e-19 0.999721 -6.63529e-16 0.01381 -0.00750345
1.8 0.000331259 1.23394e-19 0.999658 -5.14136e-16 0.015388 -0.00815929
1.9 0.000408515 -5.21294e-19 0.999582 -2.43411e-16 0.0170974 -0.00893029
2 0.000503479 -1.37706e-18 0.999487 1.27442e-16 0.0189633 -0.00983214
2.1 0.000620587 -2.4344e-18 0.99937 4.70386e-16 0.0210137 -0.0108774
2.2 0.000765278 -3.66495e-18 0.999225 7.18642e-16 0.0232788 -0.0120751
2.3 0.000944114 -4.85697e-18 0.999045 7.93701e-16 0.0257899 -0.0134299
2.4 0.00116489 -5.49726e-18 0.998824 6.6268e-16 0.0285785 -0.0149425
2.5 0.00143672 -5.92042e-18 0.998551 3.98387e-16 0.0316752 -0.0166089
2.6 0.00177008 -4.9206e-18 0.998216 -1.43483e-17 0.0351084 -0.018421
2.7 0.00217684 -1.99129e-18 0.997808 -4.17901e-16 0.0389038 -0.0203669
2.8 0.00267027 2.39814e-18 0.997313 -8.12936e-16 0.0430835 -0.0224309
2.9 0.00326491 7.20352e-18 0.996718 -9.29068e-16 0.0476647 -0.0245946
3 0.00397654 1.01776e-17 0.996005 -9.01818e-16 0.0526598 -0.026837
3.1 0.00482195 9.20737e-18 0.995159 -6.9401e-16 0.0580755 -0.0291356
3.2 0.00581882 5.11884e-18 0.994162 -3.72811e-16 0.0639125 -0.0314667
3.3 0.00698538 -8.4273e-18 0.992995 6.66631e-17 0.0701658 -0.0338063
3.4 0.00834022 -2.85551e-17 0.99164 3.83946e-16 0.0768239 -0.0361304
3.5 0.00990188 -5.31395e-17 0.990078 6.92578e-16 0.0838701 -0.0384156
3.6 0.0116886 -7.8546e-17 0.988291 8.16088e-16 0.0912816 -0.0406397
3.7 0.0137178 -9.73027e-17 0.986262 7.15373e-16 0.0990307 -0.0427812
3.8 0.0160059 -1.07559e-16 0.983974 6.40407e-16 0.107085 -0.0448204
3.9 0.0185677 -1.04314e-16 0.981413 4.79671e-16 0.115407 -0.0467384
4 0.021416 -8.46807e-17 0.978564 2.02714e-16 0.123956 -0.048518
4.1 0.0245611 -5.26504e-17 0.975419 -2.93054e-17 0.132686 -0.0501433
4.2 0.0280105 -1.73839e-17 0.971969 -2.97414e-16 0.14155 -0.0515996
4.3 0.0317684 2.8495e-17 0.968211 -6.52289e-16 0.150497 -0.0528735
4.4 0.0358351 5.92819e-17 0.964144 -9.1144e-16 0.159473 -0.0539528
4.5 0.040207 7.17548e-17 0.959771 -1.10249e-15 0.168424 -0.0548265
4.6 0.0448758 7.13026e-17 0.955102 -1.28214e-15 0.177293 -0.0554852
4.7 0.0498285 6.81715e-17 0.950149 -1.5254e-15 0.186022 -0.0559212
4.8 0.0550472 4.32017e-17 0.944931 -1.61418e-15 0.194553 -0.0561289
4.9 0.0605091 -6.02587e-18 0.939469 -1.4744e-15 0.202829 -0.0561052
5 0.0661867 -7.38321e-17 0.933791 -1.24718e-15 0.210793 -0.0558506
5.1 0.0720478 -1.64475e-16 0.92793 -9.07343e-16 0.218392 -0.055369
5.2 0.0780568 -2.77525e-16 0.921921 -4.88487e-16 0.225573 -0.0546691
5.3 0.0841746 -4.10642e-16 0.915803 -2.15587e-16 0.232292 -0.0537637
5.4 0.0903603 -5.66734e-16 0.909617 1.06971e-16 0.238508 -0.0526707
5.5 0.096572 -7.01871e-16 0.903405 4.13412e-16 0.244188 -0.0514118
5.6 0.102768 -7.57554e-16 0.897209 6.19359e-16 0.249306 -0.0500128
5.7 0.108908 -6.77337e-16 0.891068 6.74855e-16 0.253846 -0.0485021
5.8 0.114955 -3.83662e-16 0.88502 5.46835e-16 0.257799 -0.0469096
5.9 0.120874 1.19798e-16 0.8791 2.69695e-16 0.261168 -0.0452655
6 0.126636 8.03771e-16 0.873337 -2.57011e-16 0.263961 -0.0435983
6.1 0.132215 1.55241e-15 0.867756 -8.42141e-16 0.266196 -0.041934
6.2 0.137591 2.32312e-15 0.862379 -1.57325e-15 0.267895 -0.0402946
6.3 0.142748 2.95473e-15 0.85722 -2.13281e-15 0.269086 -0.0386967
6.4 0.147672 3.36678e-15 0.852294 -2.5493e-15 0.269802 -0.0371509
6.5 0.152355 3.59503e-15 0.847609 -2.70115e-15 0.270077 -0.0356604
6.6 0.156788 3.74072e-15 0.843174 -2.70701e-15 0.269944 -0.0342214
6.7 0.160965 3.81835e-15 0.838996 -2.57289e-15 0.269433 -0.0328239
6.8 0.164877 3.7873e-15 0.835081 -2.37086e-15 0.268572 -0.0314534
6.9 0.168517 3.5968e-15 0.83144 -2.26217e-15 0.267379 -0.0300925
7 0.171873 3.19343e-15 0.828081 -2.12151e-15 0.265871 -0.0287236
7.1 0.174936 2.62947e-15 0.825015 -2.04732e-15 0.264056 -0.0273301
7.2 0.177693 1.94515e-15 0.822256 -1.66798e-15 0.261938 -0.0258986
7.3 0.180133 1.40944e-15 0.819813 -1.15593e-15 0.259515 -0.0244209
7.4 0.182245 1.20352e-15 0.817698 -5.94471e-16 0.256783 -0.0228948
7.5 0.184021 1.42325e-15 0.815919 9.20803e-17 0.253734 -0.0213247
7.6 0.185458 2.0071e-15 0.814479 7.52711e-16 0.250365 -0.0197206
7.7 0.186555 2.58096e-15 0.813379 1.60367e-15 0.24667 -0.0180977
7.8 0.187317 3.02993e-15 0.812614 2.50714e-15 0.24265 -0.016474
7.9 0.187754 3.33336e-15 0.812174 3.22026e-15 0.238307 -0.0148695
8 0.187881 3.35712e-15 0.812043 3.66831e-15 0.23365 -0.0133043
8.1 0.187717 3.3245e-15 0.812203 3.72801e-15 0.228689 -0.0117972
8.2 0.187285 3.49693e-15 0.812632 3.22955e-15 0.223441 -0.0103638
8.3 0.18661 3.96555e-15 0.813303 2.41987e-15 0.217926 -0.00901584
8.4 0.185718 4.4905e-15 0.814192 1.79949e-15 0.212167 -0.00776021
8.5 0.184635 4.76986e-15 0.815271 1.42167e-15 0.206189 -0.00659899
8.6 0.183387 4.52756e-15 0.816516 1.47576e-15 0.200016 -0.0055301
8.7 0.181997 3.37229e-15 0.817901 1.99647e-15 0.193676 -0.00454748
8.8 0.180488 9.63017e-16 0.819407 3.17419e-15 0.187192 -0.00364183
8.9 0.178879 -2.79354e-15 0.821012 5.31819e-15 0.18059 -0.00280162
9 0.177188 -6.3477e-15 0.8227 7.67153e-15 0.173891 -0.00201432
9.1 0.175428 -9.31991e-15 0.824456 9.86524e-15 0.167116 -0.00126787
9.2 0.173613 -1.13381e-14 0.826268 1.14818e-14 0.160283 -0.00055142
9.3 0.171752 -1.22214e-14 0.828126 1.27985e-14 0.153409 0.000143645
9.4 0.169856 -1.19904e-14 0.830019 1.34692e-14 0.146509 0.000822845
9.5 0.167932 -1.08193e-14 0.83194 1.32541e-14 0.139599 0.00148861
9.6 0.165989 -8.94014e-15 0.833881 1.19613e-14 0.132694 0.0021401
9.7 0.164033 -6.6635e-15 0.835835 9.40577e-15 0.125809 0.00277345
9.8 0.162071 -4.0447e-15 0.837794 5.78156e-15 0.118962 0.00338174
9.9 0.160111 -1.06799e-15 0.839752 1.65326e-15 0.112168 0.00395538
10 0.15816 2.43944e-15 0.841701 -2.152e-15 0.10545 0.00448306
10.1 0.156225 5.9155e-15 0.843636 -5.54769e-15 0.0988288 0.00495264
10.2 0.15431 8.90034e-15 0.845549 -8.26938e-15 0.0923284 0.0053525
10.3 0.152424 1.15211e-14 0.847434 -1.08102e-14 0.0859744 0.00567243
10.4 0.15057 1.37622e-14 0.849286 -1.33422e-14 0.0797928 0.00590348
10.5 0.148752 1.59608e-14 0.851102 -1.59851e-14 0.0738101 0.0060395
10.6 0.146976 1.82586e-14 0.852877 -1.83918e-14 0.0680523 0.00607704
10.7 0.145242 2.08042e-14 0.854608 -2.05951e-14 0.0625445 0.00601593
10.8 0.143553 2.33769e-14 0.856295 -2.26342e-14 0.0573105 0.0058597
10.9 0.141908 2.56282e-14 0.857937 -2.4449e-14 0.0523713 0.00561597
11 0.140308 2.7262e-14 0.859534 -2.56998e-14 0.0477444 0.00529646
11.1 0.138751 2.81236e-14 0.861089 -2.6072e-14 0.0434425 0.00491629
11.2 0.137236 2.81794e-14 0.862603 -2.56026e-14 0.0394724 0.00449295
11.3 0.135758 2.7245e-14 0.864078 -2.46328e-14 0.0358356 0.0040451
11.4 0.134316 2.57574e-14 0.865519 -2.382e-14 0.0325283 0.0035919
11.5 0.132905 2.42254e-14 0.866927 -2.32736e-14 0.0295416 0.00315269
11.6 0.131524 2.29255e-14 0.868306 -2.30832e-14 0.0268607 0.00274631
11.7 0.130169 2.18712e-14 0.869659 -2.34134e-14 0.0244656 0.00238977
11.8 0.128836 2.0941e-14 0.87099 -2.42895e-14 0.0223311 0.0020967
11.9 0.127524 2.00563e-14 0.8723 -2.55354e-14 0.0204289 0.00187582
12 0.12623 1.92834e-14 0.873592 -2.66259e-14 0.0187294 0.00173127
12.1 0.124953 1.86277e-14 0.874867 -2.72946e-14 0.0172034 0.00166296
12.2 0.123691 1.83291e-14 0.876127 -2.77939e-14 0.0158221 0.0016672
12.3 0.122444 1.86431e-14 0.877373 -2.81319e-14 0.0145581 0.00173683
12.4 0.12121 1.92917e-14 0.878605 -2.83559e-14 0.0133854 0.00186136
12.5 0.119989 1.99917e-14 0.879824 -2.86002e-14 0.0122813 0.0020272
12.6 0.11878 2.05715e-14 0.881031 -2.89858e-14 0.0112265 0.00221839
12.7 0.117584 2.1259e-14 0.882225 -3.01467e-14 0.010206 0.00241716
12.8 0.116401 2.13006e-14 0.883406 -3.10017e-14 0.00920883 0.00260503
12.9 0.11523 2.0956e-14 0.884575 -3.16583e-14 0.00822933 0.00276316
13 0.114072 2.02417e-14 0.885731 -3.18854e-14 0.00726732 0.0028741
13.1 0.112926 1.91524e-14 0.886874 -3.14307e-14 0.00632772 0.00292337
13.2 0.111793 1.80708e-14 0.888005 -3.07879e-14 0.00541908 0.00290106
13.3 0.110672 1.72005e-14 0.889124 -3.02382e-14 0.00455233 0.00280189
13.4 0.109564 1.65506e-14 0.89023 -3.00914e-14 0.00373946 0.00262495
13.5 0.108468 1.62885e-14 0.891324 -3.01635e-14 0.0029928 0.0023737
13.6 0.107384 1.63267e-14 0.892406 -3.03442e-14 0.00232385 0.00205572
13.7 0.106312 1.65162e-14 0.893476 -3.05446e-14 0.00174228 0.00168217
13.8 0.105251 1.68135e-14 0.894535 -3.06668e-14 0.00125514 0.00126698
13.9 0.104202 1.71598e-14 0.895582 -3.06007e-14 0.00086657 0.000825953
14 0.103163 1.755e-14 0.896619 -3.0359e-14 0.000577377 0.000375752
14.1 0.102136 1.79475e-14 0.897645 -3.0028e-14 0.000385402 -6.65874e-05
14.2 0.101119 1.82679e-14 0.89866 -2.96276e-14 0.000285453 -0.000484049
14.3 0.100112 1.82371e-14 0.899665 -2.92103e-14 0.000269445 -0.000860712
14.4 0.0991151 1.80267e-14 0.90066 -2.86484e-14 0.000326252 -0.00118168
14.5 0.0981284 1.75039e-14 0.901645 -2.79246e-14 0.000441766 -0.00143448
14.6 0.0971516 1.67635e-14 0.90262 -2.70473e-14 0.000599281 -0.00160991
14.7 0.0961846 1.60476e-14 0.903586 -2.60526e-14 0.000780415 -0.00170304
14.8 0.0952272 1.53863e-14 0.904542 -2.50189e-14 0.000966844 -0.00171345
14.9 0.0942793 1.48467e-14 0.905488 -2.40614e-14 0.00114094 -0.00164499
15 0.0933409 1.42344e-14 0.906426 -2.32403e-14 0.00128694 -0.00150532
15.1 0.0924118 1.37517e-14 0.907353 -2.26991e-14 0.00139158 -0.00130534
15.2 0.0914919 1.33885e-14 0.908272 -2.24336e-14 0.00144466 -0.00105841
15.3 0.0905812 1.29547e-14 0.909182 -2.23848e-14 0.0014393 -0.000780014
15.4 0.0896796 1.26145e-14 0.910082 -2.25249e-14 0.00137248 -0.000486571
15.5 0.0887869 1.23315e-14 0.910974 -2.26198e-14 0.00124512 -0.0001947
15.6 0.0879031 1.21731e-14 0.911856 -2.27266e-14 0.00106191 7.97871e-05
15.7 0.0870281 1.20484e-14 0.91273 -2.2942e-14 0.000831124 0.000322796
15.8 0.0861618 1.18187e-14 0.913596 -2.32326e-14 0.000563733 0.000522919
15.9 0.0853041 1.15245e-14 0.914452 -2.35172e-14 0.000272611 0.000671834
16 0.0844549 1.12696e-14 0.9153 -2.38285e-14 -2.85848e-05 0.000764476
16.1 0.0836141 1.10871e-14 0.91614 -2.41681e-14 -0.000325645 0.000798556
16.2 0.0827818 1.08824e-14 0.916971 -2.45407e-14 -0.000604229 0.00077486
16.3 0.0819577 1.0751e-14 0.917794 -2.48916e-14 -0.000850637 0.000697086
16.4 0.0811419 1.07771e-14 0.918609 -2.49501e-14 -0.00105241 0.000572374
16.5 0.0803343 1.06829e-14 0.919416 -2.51245e-14 -0.00119927 0.000410795
16.6 0.0795346 1.06188e-14 0.920215 -2.51913e-14 -0.00128401 0.000224645
16.7 0.078743 1.05171e-14 0.921006 -2.51716e-14 -0.00130292 2.76946e-05
16.8 0.0779592 1.0387e-14 0.921788 -2.51724e-14 -0.00125614 -0.000165707
16.9 0.0771833 1.02505e-14 0.922564 -2.5178e-14 -0.0011476 -0.000341754
17 0.0764151 1.01557e-14 0.923331 -2.51014e-14 -0.000984644 -0.000488169
17.1 0.0756545 1.00774e-14 0.924091 -2.49232e-14 -0.000777371 -0.000594885
17.2 0.0749016 1.00319e-14 0.924844 -2.4535e-14 -0.000537991 -0.000654499
17.3 0.0741562 1.00083e-14 0.925589 -2.4144e-14 -0.000280011 -0.000662619
17.4 0.0734181 1.00113e-14 0.926326 -2.37426e-14 -1.75612e-05 -0.000617886
17.5 0.0726875 1.00219e-14 0.927056 -2.344e-14 0.000235167 -0.00052192
17.6 0.0719641 1.00195e-14 0.927779 -2.3211e-14 0.000464775 -0.000379469
17.7 0.0712479 9.99541e-15 0.928495 -2.30371e-14 0.000659222 -0.000197992
17.8 0.070539 9.95474e-15 0.929204 -2.29161e-14 0.000808429 1.25513e-05
17.9 0.0698371 9.87673e-15 0.929905 -2.28747e-14 0.000904938 0.000239993
18 0.0691422 9.81097e-15 0.9306 -2.2834e-14 0.000944908 0.000470889
18.1 0.0684542 9.75017e-15 0.931288 -2.27892e-14 0.000927886 0.000691563
18.2 0.067773 9.69488e-15 0.931968 -2.27488e-14 0.000856786 0.00088902
18.3 0.0670986 9.63694e-15 0.932642 -2.27034e-14 0.00073751 0.00105176
18.4 0.0664309 9.56112e-15 0.93331 -2.26674e-14 0.000578363 0.00117021
18.5 0.0657699 9.48287e-15 0.93397 -2.26425e-14 0.000389597 0.00123719
18.6 0.0651154 9.40179e-15 0.934625 -2.26218e-14 0.000182783 0.00124817
18.7 0.0644675 9.31973e-15 0.935272 -2.25994e-14 -2.97637e-05 0.00120136
18.8 0.063826 9.23083e-15 0.935914 -2.25751e-14 -0.000235333 0.00109773
18.9 0.063191 9.13412e-15 0.936549 -2.2546e-14 -0.000421469 0.0009413
19 0.0625622 9.0322e-15 0.937178 -2.24981e-14 -0.000576684 0.000739185
19.1 0.0619397 8.94155e-15 0.9378 -2.24235e-14 -0.000691335 0.000501301
19.2 0.0613234 8.85197e-15 0.938416 -2.23453e-14 -0.000758492 0.000239663
19.3 0.0607132 8.76448e-15 0.939026 -2.22729e-14 -0.000774121 -3.24777e-05
19.4 0.0601091 8.67908e-15 0.93963 -2.21927e-14 -0.000737419 -0.000301202
19.5 0.059511 8.59176e-15 0.940228 -2.20996e-14 -0.000650856 -0.000553071
19.6 0.0589189 8.5052e-15 0.94082 -2.20073e-14 -0.000519844 -0.000775603
19.7 0.0583326 8.41895e-15 0.941407 -2.19081e-14 -0.000352189 -0.000958436
19.8 0.0577522 8.33432e-15 0.941987 -2.18116e-14 -0.000157895 -0.00109333
19.9 0.0571775 8.25067e-15 0.942562 -2.17197e-14 5.16632e-05 -0.00117484
20 0.0566086 8.16868e-15 0.943131 -2.16378e-14 0.000264419 -0.00120044
