0 0 0 1 0 0 0
0.1 1.71708e-07 1.76024e-21 0.999969 6.89387e-15 4.82609e-05 -0.000411074
0.2 7.90681e-07 7.97333e-21 0.99997 5.69114e-15 0.000195196 -0.000865284
0.3 2.03494e-06 1.73705e-20 0.99997 5.71118e-15 0.000448228 -0.00134809
0.4 4.1118e-06 3.27155e-20 0.99997 5.99812e-15 0.000811206 -0.00184496
0.5 7.25683e-06 4.17573e-20 0.99997 7.41939e-15 0.00128453 -0.00234234
0.6 1.17325e-05 4.35025e-20 0.999967 9.53704e-15 0.00186552 -0.00282854
0.7 1.78273e-05 2.77967e-20 0.999962 1.24967e-14 0.00254891 -0.00329458
0.8 2.58568e-05 1.20305e-21 0.999954 1.56694e-14 0.00332765 -0.00373478
0.9 3.6167e-05 -1.30494e-20 0.999944 1.83331e-14 0.00419367 -0.00414728
1 4.91437e-05 6.67657e-20 0.999931 1.99296e-14 0.00513883 -0.00453427
1.1 6.52272e-05 3.65537e-19 0.999915 2.01998e-14 0.00615594 -0.004902
1.2 8.49375e-05 1.0351e-18 0.999894 1.92471e-14 0.00723958 -0.0052606
1.3 0.000108909 2.26828e-18 0.99987 1.74257e-14 0.00838704 -0.00562369
1.4 0.00013794 4.15361e-18 0.99984 1.50512e-14 0.00959903 -0.00600777
1.5 0.000173053 6.72058e-18 0.999805 1.2506e-14 0.0108802 -0.0064314
1.6 0.000215576 9.95208e-18 0.999763 9.71133e-15 0.0122396 -0.00691441
1.7 0.00026723 1.34834e-17 0.999711 6.87293e-15 0.0136908 -0.00747688
1.8 0.000330242 1.70167e-17 0.999648 4.14002e-15 0.0152515 -0.00813823
1.9 0.000407456 2.01925e-17 0.99957 1.59035e-15 0.0169437 -0.00891622
2 0.000502465 2.25633e-17 0.999475 -6.21707e-16 0.018793 -0.00982617
2.1 0.000619736 2.35026e-17 0.999357 -2.37892e-15 0.0208277 -0.0108802
2.2 0.000764741 2.24837e-17 0.999211 -3.6777e-15 0.0230779 -0.0120868
2.3 0.000944074 1.89122e-17 0.99903 -4.43265e-15 0.0255751 -0.0134501
2.4 0.00116555 1.20629e-17 0.998808 -4.71912e-15 0.0283504 -0.01497
2.5 0.00143831 1.97969e-18 0.998534 -4.21244e-15 0.031434 -0.0166423
2.6 0.00177282 -1.1286e-17 0.998198 -2.94283e-15 0.0348541 -0.0184581
2.7 0.00218096 -2.60886e-17 0.997788 -9.90424e-16 0.0386357 -0.020405
2.8 0.00267595 -4.16227e-17 0.997291 1.3505e-15 0.0428 -0.0224671
2.9 0.0032723 -5.48908e-17 0.996693 3.61072e-15 0.0473634 -0.0246257
3 0.0039857 -6.2759e-17 0.995977 5.11011e-15 0.0523376 -0.0268599
3.1 0.00483285 -5.95507e-17 0.995128 5.86774e-15 0.057728 -0.0291471
3.2 0.00583132 -3.49603e-17 0.994128 5.58327e-15 0.0635348 -0.0314644
3.3 0.00699925 2.42921e-17 0.992958 4.8333e-15 0.0697516 -0.0337882
3.4 0.00835509 1.19371e-16 0.9916 3.85935e-15 0.0763667 -0.0360955
3.5 0.00991734 2.5138e-16 0.990035 3.03628e-15 0.0833625 -0.0383639
3.6 0.0117042 4.12789e-16 0.988246 3.4702e-15 0.0907165 -0.0405723
3.7 0.0137331 6.01137e-16 0.986215 4.84685e-15 0.0984013 -0.0427007
3.8 0.0160206 7.75025e-16 0.983926 6.64221e-15 0.106385 -0.0447304
3.9 0.0185816 9.17365e-16 0.981364 8.36034e-15 0.11463 -0.0466438
4 0.0214294 1.06202e-15 0.978515 9.12512e-15 0.123097 -0.0484247
4.1 0.0245746 1.23924e-15 0.975368 9.07557e-15 0.131743 -0.0500578
4.2 0.0280254 1.45911e-15 0.971916 8.34433e-15 0.14052 -0.0515287
4.3 0.0317867 1.73457e-15 0.968154 7.51354e-15 0.14938 -0.0528238
4.4 0.0358594 2.12483e-15 0.96408 6.28856e-15 0.158271 -0.05393
4.5 0.0402407 2.57983e-15 0.959698 4.98981e-15 0.167139 -0.0548356
4.6 0.0449229 2.93183e-15 0.955015 3.43732e-15 0.175929 -0.0555296
4.7 0.0498937 3.12338e-15 0.950043 1.47859e-15 0.184583 -0.0560026
4.8 0.0551358 2.9672e-15 0.9448 -7.05108e-16 0.193044 -0.056247
4.9 0.0606264 2.49112e-15 0.939309 -3.10011e-15 0.201255 -0.0562575
5 0.0663382 1.80162e-15 0.933597 -5.01542e-15 0.209158 -0.0560324
5.1 0.0722387 1.07644e-15 0.927697 -6.00338e-15 0.2167 -0.0555738
5.2 0.0782916 4.461e-16 0.921644 -6.67889e-15 0.223827 -0.0548883
5.3 0.0844569 2.04399e-16 0.915479 -7.00596e-15 0.230493 -0.0539873
5.4 0.0906925 5.09727e-16 0.909243 -6.87687e-15 0.236655 -0.0528867
5.5 0.0969548 1.47154e-15 0.902981 -6.29566e-15 0.242278 -0.0516082
5.6 0.1032 3.02835e-15 0.896735 -5.33898e-15 0.247334 -0.0501776
5.7 0.109387 4.81962e-15 0.890549 -3.72753e-15 0.251803 -0.0486246
5.8 0.115476 6.60483e-15 0.88446 -1.87464e-15 0.255675 -0.046981
5.9 0.121431 8.30584e-15 0.878504 -2.59352e-16 0.258949 -0.0452799
6 0.127222 9.75911e-15 0.872712 1.2674e-16 0.261634 -0.0435536
6.1 0.132822 1.14343e-14 0.867111 -1.64227e-16 0.263745 -0.0418322
6.2 0.138213 1.31156e-14 0.861719 -1.25757e-15 0.265307 -0.0401413
6.3 0.143378 1.53405e-14 0.856553 -3.2061e-15 0.266352 -0.0385004
6.4 0.148306 1.86728e-14 0.851624 -5.35451e-15 0.266912 -0.0369218
6.5 0.152991 2.32692e-14 0.846938 -7.31761e-15 0.267025 -0.0354103
6.6 0.157425 2.95107e-14 0.842502 -7.94876e-15 0.266725 -0.0339633
6.7 0.161604 3.62688e-14 0.838321 -7.57624e-15 0.266044 -0.0325722
6.8 0.165523 4.20987e-14 0.8344 -5.50819e-15 0.265012 -0.0312229
6.9 0.169177 4.6076e-14 0.830744 -1.96055e-15 0.263652 -0.0298981
7 0.172556 4.8105e-14 0.827361 -6.36705e-16 0.261983 -0.0285785
7.1 0.175653 4.9811e-14 0.824262 -1.36565e-15 0.260018 -0.027245
7.2 0.178457 5.30743e-14 0.821455 -6.37073e-15 0.257764 -0.0258807
7.3 0.180956 5.89694e-14 0.818952 -1.51485e-14 0.255222 -0.0244727
7.4 0.183141 6.90323e-14 0.816765 -2.21558e-14 0.25239 -0.0230136
7.5 0.185 7.9957e-14 0.814902 -2.72343e-14 0.249263 -0.0215027
7.6 0.186529 8.98444e-14 0.813371 -3.08807e-14 0.245833 -0.0199462
7.7 0.187723 9.84809e-14 0.812173 -3.56208e-14 0.242098 -0.0183567
7.8 0.188585 1.08045e-13 0.811309 -4.01875e-14 0.238056 -0.0167513
7.9 0.189121 1.19262e-13 0.810769 -4.83826e-14 0.233711 -0.0151501
8 0.189344 1.33769e-13 0.810543 -6.1146e-14 0.22907 -0.0135737
8.1 0.18927 1.52133e-13 0.810615 -7.88677e-14 0.224147 -0.0120414
8.2 0.18892 1.72624e-13 0.810962 -9.69297e-14 0.218961 -0.0105691
8.3 0.188315 1.92232e-13 0.811563 -1.10817e-13 0.213534 -0.00916853
8.4 0.187481 2.03815e-13 0.812394 -1.21632e-13 0.207888 -0.00784595
8.5 0.186442 2.10049e-13 0.813429 -1.29378e-13 0.20205 -0.00660243
8.6 0.185223 2.10869e-13 0.814645 -1.34105e-13 0.196042 -0.00543487
8.7 0.183846 2.07986e-13 0.816019 -1.35626e-13 0.189888 -0.00433744
8.8 0.182331 2.01677e-13 0.817529 -1.33862e-13 0.18361 -0.00330277
8.9 0.180699 1.92873e-13 0.819157 -1.3024e-13 0.177228 -0.0023226
9 0.178967 1.84119e-13 0.820886 -1.28582e-13 0.170761 -0.00138851
9.1 0.177149 1.73865e-13 0.8227 -1.27149e-13 0.164228 -0.000492583
9.2 0.175261 1.6527e-13 0.824585 -1.30638e-13 0.157645 0.000372056
9.3 0.173315 1.61205e-13 0.826529 -1.39038e-13 0.151026 0.00121116
9.4 0.171321 1.63265e-13 0.828521 -1.45905e-13 0.144386 0.00202825
9.5 0.16929 1.72274e-13 0.830548 -1.49675e-13 0.137735 0.00282361
9.6 0.167233 1.8451e-13 0.832603 -1.48158e-13 0.131086 0.00359377
9.7 0.165159 1.95161e-13 0.834674 -1.4235e-13 0.124451 0.00433187
9.8 0.163077 2.00768e-13 0.836753 -1.35752e-13 0.117843 0.00502826
9.9 0.160997 2.03903e-13 0.838831 -1.3693e-13 0.111277 0.00567146
10 0.158928 2.05741e-13 0.840898 -1.36517e-13 0.104772 0.0062485
10.1 0.156877 2.09565e-13 0.842946 -1.37238e-13 0.0983462 0.00674557
10.2 0.154854 2.16516e-13 0.844966 -1.38344e-13 0.0920234 0.00714924
10.3 0.152865 2.27777e-13 0.846953 -1.28731e-13 0.0858288 0.00744813
10.4 0.150917 2.38085e-13 0.848898 -1.23059e-13 0.0797897 0.00763444
10.5 0.149014 2.51697e-13 0.850798 -1.21985e-13 0.0739329 0.00770435
10.6 0.147161 2.67994e-13 0.852648 -1.25932e-13 0.0682845 0.00765781
10.7 0.145361 2.86068e-13 0.854446 -1.09893e-13 0.0628682 0.00749791
10.8 0.143614 3.00024e-13 0.856191 -9.33801e-14 0.0577058 0.00723023
10.9 0.14192 3.04986e-13 0.857881 -8.27726e-14 0.0528173 0.00686282
11 0.140279 2.98619e-13 0.859519 -7.40068e-14 0.0482209 0.00640743
11.1 0.138689 2.84137e-13 0.861107 -7.32441e-14 0.0439313 0.00588023
11.2 0.137147 2.67155e-13 0.862647 -7.79226e-14 0.0399587 0.00530123
11.3 0.135649 2.50749e-13 0.864142 -8.50708e-14 0.0363066 0.00469286
11.4 0.134192 2.33942e-13 0.865597 -9.4158e-14 0.0329722 0.0040782
11.5 0.132773 2.13235e-13 0.867014 -1.08899e-13 0.0299468 0.00347935
11.6 0.131386 1.9131e-13 0.868399 -1.26575e-13 0.0272162 0.0029167
11.7 0.130028 1.66099e-13 0.869754 -1.52462e-13 0.0247619 0.00240749
11.8 0.128696 1.44618e-13 0.871084 -1.86812e-13 0.022562 0.00196595
11.9 0.127387 1.37129e-13 0.872391 -2.27679e-13 0.0205917 0.00160305
12 0.126097 1.35567e-13 0.873678 -2.37205e-13 0.0188236 0.00132578
12.1 0.124825 1.50039e-13 0.874948 -2.56874e-13 0.0172298 0.00113653
12.2 0.123569 1.71737e-13 0.876202 -2.7751e-13 0.0157821 0.00103282
12.3 0.122327 1.93555e-13 0.877441 -2.89949e-13 0.0144545 0.00100797
12.4 0.121099 1.9966e-13 0.878667 -2.83832e-13 0.0132232 0.00105223
12.5 0.119884 1.83084e-13 0.87988 -2.80643e-13 0.0120674 0.00115359
12.6 0.118681 1.51959e-13 0.88108 -2.6493e-13 0.0109685 0.00129735
12.7 0.117491 1.26486e-13 0.882267 -2.54465e-13 0.00991125 0.00146681
12.8 0.116313 1.0978e-13 0.883443 -2.51387e-13 0.00888502 0.0016437
12.9 0.115147 1.00216e-13 0.884607 -2.48689e-13 0.007884 0.00180926
13 0.113993 9.51792e-14 0.885759 -2.34835e-13 0.0069075 0.00194603
13.1 0.11285 8.77799e-14 0.886899 -2.07598e-13 0.00595904 0.00203905
13.2 0.11172 7.6989e-14 0.888027 -1.77492e-13 0.00504555 0.00207664
13.3 0.110602 6.55105e-14 0.889143 -1.55122e-13 0.0041766 0.00205044
13.4 0.109496 5.39797e-14 0.890247 -1.40458e-13 0.00336393 0.00195642
13.5 0.108402 4.59469e-14 0.891339 -1.35631e-13 0.0026204 0.00179534
13.6 0.10732 4.08513e-14 0.892419 -1.33313e-13 0.00195843 0.00157303
13.7 0.106249 3.40056e-14 0.893487 -1.33879e-13 0.00138836 0.00129957
13.8 0.105189 2.58212e-14 0.894544 -1.31044e-13 0.000917281 0.000988221
13.9 0.104141 1.77079e-14 0.89559 -1.30752e-13 0.000548741 0.000653993
14 0.103103 1.13858e-14 0.896625 -1.37512e-13 0.000282899 0.000312576
14.1 0.102076 8.94693e-15 0.897649 -1.50281e-13 0.000116752 -2.03569e-05
14.2 0.10106 1.15979e-14 0.898663 -1.61676e-13 4.40707e-05 -0.000329224
14.3 0.100054 1.62455e-14 0.899667 -1.72862e-13 5.53734e-05 -0.000599306
14.4 0.0990574 2.15266e-14 0.900661 -1.80698e-13 0.000137995 -0.000817567
14.5 0.0980712 3.05339e-14 0.901645 -1.8775e-13 0.000276651 -0.000973912
14.6 0.0970949 3.78512e-14 0.902618 -1.92949e-13 0.000453925 -0.00106169
14.7 0.0961285 4.58042e-14 0.903583 -1.95422e-13 0.000651438 -0.00107833
14.8 0.0951716 5.23793e-14 0.904537 -1.94422e-13 0.000851325 -0.00102552
14.9 0.0942243 5.84777e-14 0.905483 -1.90192e-13 0.00103728 -0.000908423
15 0.0932863 6.41835e-14 0.906419 -1.85098e-13 0.00119479 -0.000734921
15.1 0.0923576 6.76834e-14 0.907346 -1.76999e-13 0.00131118 -0.000515131
15.2 0.0914381 7.00438e-14 0.908263 -1.6629e-13 0.00137601 -0.000261977
15.3 0.0905278 7.04128e-14 0.909172 -1.54763e-13 0.00138214 9.56021e-06
15.4 0.0896265 6.98835e-14 0.910072 -1.42522e-13 0.00132602 0.000283395
15.5 0.0887341 6.8738e-14 0.910962 -1.30798e-13 0.00120831 0.000542939
15.6 0.0878506 6.54926e-14 0.911844 -1.18258e-13 0.00103407 0.000772467
15.7 0.0869758 6.15872e-14 0.912717 -1.06613e-13 0.000812401 0.000958119
15.8 0.0861098 5.78777e-14 0.913581 -9.57153e-14 0.000555699 0.00108923
15.9 0.0852523 5.44936e-14 0.914437 -8.59025e-14 0.00027827 0.0011591
16 0.0844034 5.14813e-14 0.915284 -7.74277e-14 -4.88297e-06 0.00116495
16.1 0.083563 4.88509e-14 0.916123 -6.97864e-14 -0.000279054 0.00110754
16.2 0.082731 4.63456e-14 0.916953 -6.34694e-14 -0.000530463 0.000990839
16.3 0.0819072 4.39398e-14 0.917776 -5.8977e-14 -0.000746412 0.000821571
16.4 0.0810916 4.16882e-14 0.918589 -5.65219e-14 -0.000915826 0.000609272
16.5 0.0802842 3.98896e-14 0.919395 -5.55386e-14 -0.00103007 0.000366053
16.6 0.079485 3.84878e-14 0.920193 -5.53695e-14 -0.00108361 0.000105877
16.7 0.0786939 3.75876e-14 0.920983 -5.55918e-14 -0.00107439 -0.000156323
16.8 0.0779106 3.68013e-14 0.921765 -5.67811e-14 -0.00100403 -0.000405646
16.9 0.0771351 3.61379e-14 0.922539 -5.86759e-14 -0.000877662 -0.000628229
17 0.0763674 3.55064e-14 0.923306 -6.06006e-14 -0.000703469 -0.000812014
17.1 0.0756072 3.44822e-14 0.924065 -6.22054e-14 -0.000492089 -0.000947428
17.2 0.0748546 3.31155e-14 0.924817 -6.34774e-14 -0.00025594 -0.00102763
17.3 0.0741094 3.16071e-14 0.925561 -6.4421e-14 -8.61917e-06 -0.00104878
17.4 0.0733717 3.04176e-14 0.926297 -6.5016e-14 0.000235676 -0.0010103
17.5 0.0726412 2.89918e-14 0.927026 -6.50007e-14 0.000463012 -0.000914998
17.6 0.0719181 2.74518e-14 0.927748 -6.43328e-14 0.000660498 -0.000768941
17.7 0.0712021 2.58873e-14 0.928463 -6.35235e-14 0.000817128 -0.000581109
17.8 0.0704935 2.4442e-14 0.929171 -6.26553e-14 0.00092442 -0.000362818
17.9 0.0697921 2.40678e-14 0.929872 -6.20005e-14 0.000976898 -0.000126999
18 0.0690977 2.36909e-14 0.930566 -6.16854e-14 0.000972453 0.00011261
18.1 0.0684101 2.35453e-14 0.931253 -6.11866e-14 0.000912326 0.000342388
18.2 0.0677294 2.34414e-14 0.931934 -6.09404e-14 0.000800843 0.000549681
18.3 0.0670555 2.32081e-14 0.932608 -6.10697e-14 0.000645079 0.000723339
18.4 0.0663882 2.2939e-14 0.933275 -6.14556e-14 0.000454312 0.000854318
18.5 0.0657276 2.26445e-14 0.933935 -6.14333e-14 0.000239433 0.000935989
18.6 0.0650735 2.234e-14 0.934589 -6.12357e-14 1.2419e-05 0.000964391
18.7 0.064426 2.204e-14 0.935236 -6.09621e-14 -0.000214154 0.000938326
18.8 0.0637849 2.17876e-14 0.935877 -6.07356e-14 -0.000427701 0.000859451
18.9 0.0631502 2.1567e-14 0.936511 -6.05172e-14 -0.000616253 0.000732313
19 0.0625218 2.13486e-14 0.937139 -6.03001e-14 -0.000769113 0.000564223
19.1 0.0618997 2.11312e-14 0.937761 -6.00864e-14 -0.000877579 0.000364974
19.2 0.0612838 2.09192e-14 0.938377 -5.9869e-14 -0.000935592 0.000146284
19.3 0.060674 2.07106e-14 0.938987 -5.96411e-14 -0.0009402 -7.89513e-05
19.4 0.0600703 2.05059e-14 0.93959 -5.94248e-14 -0.000891766 -0.000297586
19.5 0.0594725 2.03046e-14 0.940188 -5.9218e-14 -0.000793845 -0.000497148
19.6 0.0588808 2.01054e-14 0.940779 -5.90105e-14 -0.000652808 -0.000666617
19.7 0.0582949 1.99091e-14 0.941365 -5.88073e-14 -0.000477282 -0.000796984
19.8 0.0577148 1.97134e-14 0.941945 -5.86014e-14 -0.00027754 -0.000881621
19.9 0.0571405 1.95173e-14 0.942519 -5.84044e-14 -6.49154e-05 -0.000916485
20 0.056572 1.93232e-14 0.943088 -5.82116e-14 0.000148752 -0.000900194
