0 0 0 1 0 0 0
0.1 1.71712e-07 -2.11758e-22 0.999993 -1.00015e-15 4.82711e-05 -0.000411375
0.2 7.90978e-07 -4.743e-22 0.999993 -1.00106e-15 0.000195409 -0.000866778
0.3 2.03688e-06 -2.01367e-21 0.999992 -9.54622e-16 0.00044927 -0.00135224
0.4 4.11893e-06 -3.27668e-21 0.99999 -8.84285e-16 0.000814379 -0.0018537
0.5 7.27642e-06 -5.13288e-21 0.999988 -8.1581e-16 0.00129202 -0.00235789
0.6 1.17773e-05 -7.83477e-21 0.999984 -7.68529e-16 0.00188055 -0.00285316
0.7 1.79173e-05 -1.03522e-20 0.999978 -7.34258e-16 0.00257584 -0.00333028
0.8 2.60206e-05 -1.26343e-20 0.999971 -7.1174e-16 0.00337194 -0.00378301
0.9 3.64427e-05 -1.8707e-20 0.999961 -7.05161e-16 0.00426181 -0.0042086
1 4.95778e-05 -2.7557e-20 0.999947 -7.07071e-16 0.00523819 -0.00460807
1.1 6.58721e-05 -3.74897e-20 0.999931 -7.10106e-16 0.00629447 -0.00498629
1.2 8.58449e-05 -4.53031e-20 0.999911 -7.25325e-16 0.00742552 -0.00535186
1.3 0.000110121 -5.54069e-20 0.999886 -7.48814e-16 0.00862856 -0.00571679
1.4 0.000139473 -6.92303e-20 0.999856 -7.8407e-16 0.00990383 -0.00609599
1.5 0.00017488 -5.82536e-20 0.999821 -8.20915e-16 0.0112552 -0.00650667
1.6 0.000217599 -3.41177e-20 0.999777 -8.70503e-16 0.0126906 -0.00696751
1.7 0.000269252 2.5523e-20 0.999725 -9.04983e-16 0.014222 -0.00749782
1.8 0.000331927 -2.01278e-20 0.999662 -9.37603e-16 0.015866 -0.00811669
1.9 0.000408294 -1.33184e-19 0.999586 -9.69075e-16 0.0176429 -0.00884206
2 0.000501725 -3.21819e-19 0.999492 -1.00684e-15 0.0195767 -0.00968988
2.1 0.000616426 -6.41202e-19 0.999377 -1.04145e-15 0.0216949 -0.0106734
2.2 0.000757568 -1.13503e-18 0.999235 -1.07936e-15 0.0240268 -0.0118025
2.3 0.000931403 -1.76328e-18 0.999061 -1.09366e-15 0.0266035 -0.0130831
2.4 0.00114538 -2.68396e-18 0.998847 -1.11446e-15 0.0294568 -0.0145171
2.5 0.00140823 -3.95355e-18 0.998583 -1.13835e-15 0.0326176 -0.0161018
2.6 0.00173001 -5.19346e-18 0.998261 -1.14961e-15 0.0361156 -0.0178305
2.7 0.00212217 -6.38925e-18 0.997868 -1.15301e-15 0.0399781 -0.019692
2.8 0.00259748 -7.60058e-18 0.997393 -1.16538e-15 0.0442288 -0.0216716
2.9 0.00317 -9.47432e-18 0.99682 -1.16196e-15 0.0488873 -0.023751
3 0.00385493 -1.18256e-17 0.996134 -1.1453e-15 0.0539683 -0.0259093
3.1 0.00466848 -1.45032e-17 0.99532 -1.13186e-15 0.0594809 -0.0281232
3.2 0.00562762 -1.48941e-17 0.994361 -1.11465e-15 0.0654285 -0.0303679
3.3 0.0067498 -1.62355e-17 0.993238 -1.08435e-15 0.0718082 -0.0326176
3.4 0.00805265 -1.62621e-17 0.991935 -1.04589e-15 0.0786109 -0.034846
3.5 0.00955358 -1.76544e-17 0.990434 -1.00643e-15 0.0858211 -0.0370272
3.6 0.0112694 -1.73649e-17 0.988718 -9.6354e-16 0.0934173 -0.0391356
3.7 0.013216 -2.15053e-17 0.986771 -9.1805e-16 0.101372 -0.0411471
3.8 0.0154075 -2.95021e-17 0.98458 -8.63559e-16 0.109652 -0.0430385
3.9 0.0178564 -3.81791e-17 0.982131 -8.11056e-16 0.118219 -0.0447886
4 0.0205727 -4.82195e-17 0.979415 -7.53076e-16 0.12703 -0.0463778
4.1 0.0235633 -5.61842e-17 0.976424 -7.05102e-16 0.136038 -0.0477884
4.2 0.0268321 -5.91679e-17 0.973156 -6.55617e-16 0.145192 -0.0490048
4.3 0.0303791 -6.08947e-17 0.969609 -6.03446e-16 0.154437 -0.0500135
4.4 0.0342005 -4.74355e-17 0.965788 -5.65648e-16 0.163718 -0.0508035
4.5 0.0382878 -2.78512e-17 0.961701 -5.63611e-16 0.172976 -0.0513661
4.6 0.0426283 -4.44794e-18 0.95736 -5.79128e-16 0.18215 -0.0516958
4.7 0.0472048 2.53336e-17 0.952784 -6.1409e-16 0.191181 -0.0517902
4.8 0.0519953 7.0045e-17 0.947993 -6.70877e-16 0.200008 -0.0516504
4.9 0.0569741 1.11527e-16 0.943014 -7.38138e-16 0.208573 -0.0512816
5 0.0621115 1.56139e-16 0.937877 -8.32139e-16 0.21682 -0.0506928
5.1 0.0673747 2.10609e-16 0.932613 -9.17583e-16 0.224696 -0.0498978
5.2 0.0727288 2.60467e-16 0.927259 -1.02457e-15 0.232155 -0.0489143
5.3 0.0781373 3.00445e-16 0.92185 -1.14918e-15 0.239155 -0.0477644
5.4 0.0835639 3.14962e-16 0.916423 -1.2134e-15 0.245661 -0.0464738
5.5 0.0889726 2.90377e-16 0.911014 -1.24299e-15 0.251647 -0.0450714
5.6 0.0943298 2.3538e-16 0.905656 -1.24549e-15 0.257093 -0.0435876
5.7 0.0996045 1.87096e-16 0.900381 -1.24632e-15 0.261991 -0.0420535
5.8 0.104769 1.63804e-16 0.895216 -1.2768e-15 0.26634 -0.0404993
5.9 0.109801 1.23083e-16 0.890183 -1.2719e-15 0.270148 -0.0389523
6 0.114682 4.73099e-17 0.885303 -1.20054e-15 0.273429 -0.0374359
6.1 0.119395 -6.47998e-17 0.880589 -1.08269e-15 0.276206 -0.0359678
6.2 0.12393 -1.84901e-16 0.876054 -9.30997e-16 0.278504 -0.0345589
6.3 0.128277 -2.88861e-16 0.871706 -7.71206e-16 0.280354 -0.0332127
6.4 0.132429 -4.36617e-16 0.867554 -5.61501e-16 0.281785 -0.031925
6.5 0.136378 -5.55977e-16 0.863604 -3.59311e-16 0.282827 -0.030684
6.6 0.140116 -6.5757e-16 0.859866 -1.94307e-16 0.283508 -0.029472
6.7 0.143632 -6.79504e-16 0.856349 -9.78376e-17 0.283849 -0.0282663
6.8 0.146913 -6.12255e-16 0.853068 -1.06531e-16 0.283869 -0.0270419
6.9 0.149941 -4.96777e-16 0.850039 -1.57816e-16 0.283579 -0.0257734
7 0.1527 -3.46728e-16 0.84728 -2.40048e-16 0.282983 -0.0244379
7.1 0.155167 -1.45161e-16 0.844812 -3.7273e-16 0.28208 -0.023017
7.2 0.157322 8.60236e-17 0.842656 -5.54523e-16 0.280866 -0.0214985
7.3 0.159144 3.42309e-16 0.840834 -7.67828e-16 0.27933 -0.0198775
7.4 0.160616 5.941e-16 0.839362 -9.74148e-16 0.277463 -0.0181568
7.5 0.161722 8.39315e-16 0.838255 -1.20716e-15 0.275253 -0.0163467
7.6 0.162454 1.0934e-15 0.837522 -1.4488e-15 0.272691 -0.0144641
7.7 0.16281 1.25738e-15 0.837166 -1.62737e-15 0.269771 -0.0125309
7.8 0.162793 1.33943e-15 0.837182 -1.73709e-15 0.266488 -0.0105721
7.9 0.162414 1.3815e-15 0.837561 -1.81813e-15 0.262843 -0.00861406
8 0.16169 1.36321e-15 0.838284 -1.85395e-15 0.258843 -0.00668216
8.1 0.160643 1.27121e-15 0.839331 -1.79961e-15 0.254495 -0.00479943
8.2 0.1593 1.12391e-15 0.840674 -1.70009e-15 0.249813 -0.00298519
8.3 0.15769 9.67601e-16 0.842283 -1.59691e-15 0.244811 -0.0012544
8.4 0.155845 8.05646e-16 0.844128 -1.4779e-15 0.239507 0.000382518
8.5 0.153797 6.62983e-16 0.846175 -1.36637e-15 0.233917 0.00191943
8.6 0.151578 5.45111e-16 0.848394 -1.26739e-15 0.22806 0.0033538
8.7 0.149218 4.5101e-16 0.850753 -1.18186e-15 0.221954 0.00468595
8.8 0.146748 3.74321e-16 0.853223 -1.10352e-15 0.215617 0.00591816
8.9 0.144193 3.10767e-16 0.855776 -1.034e-15 0.209066 0.00705379
9 0.14158 2.81287e-16 0.858388 -9.74035e-16 0.202317 0.00809634
9.1 0.138932 2.6959e-16 0.861036 -9.31939e-16 0.195387 0.00904864
9.2 0.136268 2.75273e-16 0.863699 -8.98053e-16 0.188293 0.00991208
9.3 0.133609 2.86218e-16 0.866358 -8.70919e-16 0.18105 0.010686
9.4 0.130971 2.96826e-16 0.868995 -8.39051e-16 0.173678 0.0113674
9.5 0.12837 3.17002e-16 0.871595 -8.21531e-16 0.166195 0.0119509
9.6 0.12582 3.37164e-16 0.874145 -8.07289e-16 0.158623 0.0124291
9.7 0.123334 3.76915e-16 0.87663 -8.17909e-16 0.150987 0.0127929
9.8 0.120923 4.28579e-16 0.879041 -8.44551e-16 0.143313 0.0130324
9.9 0.118597 4.78456e-16 0.881367 -8.67921e-16 0.135631 0.0131372
10 0.116363 5.33363e-16 0.8836 -8.98434e-16 0.127974 0.0130977
10.1 0.11423 5.8606e-16 0.885734 -9.28767e-16 0.120378 0.0129055
10.2 0.112201 6.32719e-16 0.887762 -9.60076e-16 0.112879 0.0125543
10.3 0.110279 6.69337e-16 0.889684 -9.85058e-16 0.105517 0.0120409
10.4 0.108466 6.92298e-16 0.891497 -9.93797e-16 0.0983305 0.0113655
10.5 0.106761 7.03617e-16 0.893201 -1.00035e-15 0.0913596 0.0105329
10.6 0.105162 6.95645e-16 0.8948 -9.94965e-16 0.084642 0.00955231
10.7 0.103664 6.71562e-16 0.896297 -9.77228e-16 0.0782131 0.0084379
10.8 0.102263 6.36833e-16 0.897698 -9.52732e-16 0.0721043 0.00720855
10.9 0.100952 5.94521e-16 0.899009 -9.22886e-16 0.0663422 0.00588736
11 0.099722 5.50615e-16 0.900239 -8.9396e-16 0.060947 0.00450085
11.1 0.098566 5.09954e-16 0.901394 -8.66438e-16 0.0559327 0.003078
11.2 0.0974749 4.72499e-16 0.902485 -8.46491e-16 0.0513061 0.00164916
11.3 0.0964399 4.4586e-16 0.90352 -8.32493e-16 0.0470667 0.000245055
11.4 0.0954525 4.26979e-16 0.904508 -8.21411e-16 0.0432077 -0.00110438
11.5 0.0945046 4.15878e-16 0.905455 -8.14472e-16 0.039715 -0.00237079
11.6 0.0935887 4.15335e-16 0.906371 -8.10857e-16 0.0365683 -0.00352869
11.7 0.0926983 4.17674e-16 0.907261 -8.14987e-16 0.0337417 -0.00455663
11.8 0.0918274 4.17668e-16 0.908132 -8.25571e-16 0.0312049 -0.00543802
11.9 0.0909713 4.11456e-16 0.908988 -8.40383e-16 0.0289244 -0.00616155
12 0.0901261 4.02958e-16 0.909833 -8.54987e-16 0.0268647 -0.00672168
12.1 0.0892888 3.99724e-16 0.91067 -8.7237e-16 0.0249894 -0.00711887
12.2 0.088457 3.95764e-16 0.911502 -8.84654e-16 0.0232628 -0.00735963
12.3 0.0876293 3.92753e-16 0.912329 -8.90437e-16 0.0216515 -0.00745598
12.4 0.0868048 3.9086e-16 0.913154 -8.96941e-16 0.0201253 -0.00742489
12.5 0.085983 3.89008e-16 0.913976 -8.96119e-16 0.0186585 -0.00728724
12.6 0.0851638 3.8732e-16 0.914795 -8.91474e-16 0.0172304 -0.00706677
12.7 0.0843476 3.85038e-16 0.915611 -8.79315e-16 0.0158261 -0.00678888
12.8 0.0835347 3.82225e-16 0.916424 -8.6694e-16 0.0144363 -0.00647933
12.9 0.0827257 3.77583e-16 0.917233 -8.42688e-16 0.0130576 -0.00616304
13 0.0819211 3.71549e-16 0.918038 -8.16022e-16 0.0116919 -0.00586296
13.1 0.0811215 3.64459e-16 0.918837 -7.88404e-16 0.0103458 -0.00559905
13.2 0.0803274 3.55835e-16 0.919631 -7.51565e-16 0.00903003 -0.00538743
13.3 0.0795392 3.46812e-16 0.920419 -7.17867e-16 0.00775839 -0.00523965
13.4 0.0787573 3.3755e-16 0.921201 -6.86372e-16 0.00654659 -0.00516208
13.5 0.0779819 3.29046e-16 0.921977 -6.60484e-16 0.00541122 -0.0051559
13.6 0.0772133 3.22216e-16 0.922745 -6.36248e-16 0.00436819 -0.00521684
13.7 0.0764515 3.16997e-16 0.923507 -6.16394e-16 0.00343163 -0.00533578
13.8 0.0756966 3.12743e-16 0.924262 -6.05152e-16 0.00261279 -0.00549951
13.9 0.0749486 3.08943e-16 0.92501 -5.93494e-16 0.00191933 -0.00569138
14 0.0742075 3.05283e-16 0.925751 -5.79175e-16 0.00135448 -0.00589267
14.1 0.0734733 3.01851e-16 0.926485 -5.67248e-16 0.000916867 -0.00608364
14.2 0.0727459 2.98587e-16 0.927213 -5.59495e-16 0.000600455 -0.006245
14.3 0.0720254 2.95408e-16 0.927933 -5.48993e-16 0.000394935 -0.00635862
14.4 0.0713116 2.92404e-16 0.928647 -5.44555e-16 0.000286007 -0.00640874
14.5 0.0706045 2.89063e-16 0.929354 -5.37601e-16 0.000256198 -0.00638279
14.6 0.069904 2.85945e-16 0.930054 -5.33312e-16 0.000285674 -0.00627201
14.7 0.0692102 2.83007e-16 0.930748 -5.30614e-16 0.000353236 -0.00607189
14.8 0.0685229 2.80843e-16 0.931436 -5.36133e-16 0.000437175 -0.0057822
14.9 0.0678422 2.79132e-16 0.932116 -5.50516e-16 0.00051622 -0.00540724
15 0.067168 2.77568e-16 0.93279 -5.75429e-16 0.00057046 -0.00495559
15.1 0.0665003 2.75824e-16 0.933458 -6.03008e-16 0.000582459 -0.00443998
15.2 0.065839 2.73906e-16 0.934119 -6.21386e-16 0.000538095 -0.00387652
15.3 0.0651843 2.72572e-16 0.934774 -6.34681e-16 0.000427512 -0.00328384
15.4 0.0645359 2.71104e-16 0.935422 -6.43212e-16 0.000245238 -0.00268189
15.5 0.0638939 2.69162e-16 0.936064 -6.47966e-16 -9.3532e-06 -0.00209114
15.6 0.0632581 2.67688e-16 0.9367 -6.48199e-16 -0.00033237 -0.00153133
15.7 0.0626287 2.65765e-16 0.937329 -6.4146e-16 -0.000715629 -0.00102047
15.8 0.0620055 2.6365e-16 0.937953 -6.32686e-16 -0.00114704 -0.000574023
15.9 0.0613885 2.61269e-16 0.93857 -6.20886e-16 -0.0016115 -0.000203932
16 0.0607776 2.57978e-16 0.93918 -6.01203e-16 -0.00209172 8.14735e-05
16.1 0.0601728 2.54702e-16 0.939785 -5.80804e-16 -0.00256909 0.00027831
16.2 0.0595741 2.51988e-16 0.940384 -5.66606e-16 -0.00302441 0.000387084
16.3 0.0589813 2.49653e-16 0.940977 -5.62023e-16 -0.00343941 0.000412907
16.4 0.0583943 2.47226e-16 0.941564 -5.59914e-16 -0.00379752 0.000365045
16.5 0.0578133 2.45235e-16 0.942145 -5.64911e-16 -0.00408488 0.000256543
16.6 0.057238 2.43279e-16 0.94272 -5.80461e-16 -0.00429127 0.000103238
16.7 0.0566684 2.41682e-16 0.94329 -6.02394e-16 -0.00441052 -7.7215e-05
16.8 0.0561045 2.40787e-16 0.943854 -6.22552e-16 -0.00444071 -0.000266462
16.9 0.0555463 2.39997e-16 0.944412 -6.41586e-16 -0.00438406 -0.000446299
17 0.0549936 2.38536e-16 0.944965 -6.54138e-16 -0.00424698 -0.000599491
17.1 0.0544464 2.35985e-16 0.945512 -6.51897e-16 -0.00403954 -0.000710798
17.2 0.0539046 2.33023e-16 0.946054 -6.45264e-16 -0.0037748 -0.000767694
17.3 0.0533683 2.30023e-16 0.94659 -6.39495e-16 -0.00346837 -0.000760789
17.4 0.0528372 2.27035e-16 0.947121 -6.34871e-16 -0.00313725 -0.000684488
17.5 0.0523115 2.24007e-16 0.947647 -6.28749e-16 -0.00279939 -0.000537
17.6 0.051791 2.2114e-16 0.948167 -6.18846e-16 -0.00247265 -0.000320721
17.7 0.0512756 2.17998e-16 0.948682 -6.06836e-16 -0.00217389 -4.19707e-05
17.8 0.0507654 2.14057e-16 0.949193 -5.91412e-16 -0.00191801 0.000289205
17.9 0.0502603 2.1021e-16 0.949698 -5.79717e-16 -0.00171714 0.000659658
18 0.0497602 2.06574e-16 0.950198 -5.70059e-16 -0.00157999 0.00105392
18.1 0.0492651 2.03812e-16 0.950693 -5.6549e-16 -0.00151139 0.00145514
18.2 0.0487749 2.02166e-16 0.951183 -5.68774e-16 -0.00151196 0.001846
18.3 0.0482895 2.00086e-16 0.951669 -5.69539e-16 -0.00157855 0.00220982
18.4 0.0478091 1.98921e-16 0.952149 -5.76541e-16 -0.00170426 0.00253106
18.5 0.0473334 1.97873e-16 0.952625 -5.87851e-16 -0.00187888 0.00279648
18.6 0.0468624 1.96645e-16 0.953096 -5.95568e-16 -0.00208943 0.00299562
18.7 0.0463961 1.9542e-16 0.953562 -6.02821e-16 -0.00232094 0.00312136
18.8 0.0459345 1.93545e-16 0.954024 -6.05739e-16 -0.00255721 0.00317027
18.9 0.0454774 1.91742e-16 0.954481 -6.03461e-16 -0.00278177 0.00314281
19 0.0450249 1.89539e-16 0.954933 -5.88825e-16 -0.00297891 0.0030434
19.1 0.0445769 1.87564e-16 0.955381 -5.7677e-16 -0.00313433 0.00287993
19.2 0.0441334 1.85363e-16 0.955825 -5.64291e-16 -0.00323605 0.00266318
19.3 0.0436942 1.836e-16 0.956264 -5.56786e-16 -0.00327487 0.00240642
19.4 0.0432595 1.82031e-16 0.956699 -5.51126e-16 -0.00324481 0.00212462
19.5 0.042829 1.8022e-16 0.957129 -5.50461e-16 -0.00314343 0.00183387
19.6 0.0424029 1.78752e-16 0.957555 -5.55224e-16 -0.00297227 0.00155035
19.7 0.041981 1.77315e-16 0.957977 -5.57576e-16 -0.00273625 0.00128947
19.8 0.0415632 1.75593e-16 0.958395 -5.53422e-16 -0.00244367 0.00106511
19.9 0.0411497 1.7354e-16 0.958809 -5.4366e-16 -0.00210558 0.000888875
20 0.0407402 1.71789e-16 0.959218 -5.4163e-16 -0.00173543 0.00076905
