0 0 0 1 0 0 0
0.1 1.71709e-07 -1.98192e-21 0.999979 -9.13089e-15 4.82674e-05 -0.000411292
0.2 7.90892e-07 -6.93066e-21 0.999977 -9.43072e-15 0.000195345 -0.000866372
0.3 2.03634e-06 -1.78008e-20 0.999973 -9.75773e-15 0.000448962 -0.00135112
0.4 4.11699e-06 -3.97772e-20 0.999967 -1.01971e-14 0.000813449 -0.00185133
0.5 7.2711e-06 -8.05565e-20 0.99996 -9.91434e-15 0.00128983 -0.00235368
0.6 1.17651e-05 -1.28302e-19 0.999952 -9.97872e-15 0.00187616 -0.00284649
0.7 1.7893e-05 -2.09886e-19 0.999942 -9.1061e-15 0.00256795 -0.00332061
0.8 2.59764e-05 -3.01783e-19 0.99993 -9.25644e-15 0.00335892 -0.00376997
0.9 3.63684e-05 -3.73022e-19 0.999916 -9.98548e-15 0.00424172 -0.00419206
1 4.94611e-05 -5.26963e-19 0.9999 -9.78084e-15 0.00520879 -0.00458827
1.1 6.56995e-05 -6.35793e-19 0.999882 -1.00927e-14 0.0062533 -0.00496386
1.2 8.56038e-05 -8.7981e-19 0.999861 -1.00869e-14 0.00737001 -0.0053279
1.3 0.000109802 -1.17814e-18 0.999836 -9.18856e-15 0.00855609 -0.0056929
1.4 0.000139076 -1.3972e-18 0.999807 -8.90647e-15 0.00981186 -0.00607426
1.5 0.00017442 -1.77328e-18 0.999773 -8.47374e-15 0.0111413 -0.00648964
1.6 0.000217113 -2.01149e-18 0.999731 -7.72423e-15 0.0125526 -0.00695813
1.7 0.00026881 -2.29667e-18 0.999681 -7.53085e-15 0.0140582 -0.00749938
1.8 0.000331646 -2.35713e-18 0.99962 -7.16683e-15 0.0156748 -0.00813268
1.9 0.000408351 -2.16903e-18 0.999545 -7.65088e-15 0.0174231 -0.0088761
2 0.000502374 -2.21441e-18 0.999452 -8.34957e-15 0.0193276 -0.0097456
2.1 0.000618018 -2.85992e-18 0.999337 -9.15729e-15 0.0214159 -0.0107543
2.2 0.000760566 -5.10271e-18 0.999194 -8.18927e-15 0.0237178 -0.0119118
2.3 0.000936407 -6.08066e-18 0.999018 -8.93565e-15 0.0262643 -0.0132238
2.4 0.00115314 -7.67105e-18 0.998802 -8.90953e-15 0.029087 -0.0146918
2.5 0.00141969 -1.24631e-17 0.998536 -7.54451e-15 0.032217 -0.0163127
2.6 0.0017463 -1.83849e-17 0.998209 -7.02177e-15 0.0356834 -0.0180794
2.7 0.00214463 -2.55157e-17 0.997812 -6.2817e-15 0.0395131 -0.0199806
2.8 0.0026277 -3.42139e-17 0.997329 -6.16885e-15 0.043729 -0.0220011
2.9 0.00320983 -4.27642e-17 0.996747 -6.50313e-15 0.0483501 -0.0241227
3 0.00390652 -5.97539e-17 0.996051 -5.96502e-15 0.05339 -0.0263244
3.1 0.00473432 -6.57431e-17 0.995224 -8.05794e-15 0.058857 -0.0285832
3.2 0.00571057 -8.85173e-17 0.994248 -7.27054e-15 0.0647533 -0.0308749
3.3 0.00685317 -9.64014e-17 0.993106 -8.8549e-15 0.0710751 -0.0331743
3.4 0.00818025 -1.15143e-16 0.991779 -9.16465e-15 0.0778124 -0.0354561
3.5 0.00970986 -1.37512e-16 0.99025 -9.78924e-15 0.084949 -0.0376955
3.6 0.0114596 -1.60258e-16 0.988501 -1.00963e-14 0.092463 -0.0398682
3.7 0.013446 -2.09152e-16 0.986515 -9.64504e-15 0.100327 -0.0419512
3.8 0.0156846 -2.51938e-16 0.984277 -9.63893e-15 0.108507 -0.0439227
3.9 0.0181889 -2.99053e-16 0.981774 -9.71945e-15 0.116965 -0.0457626
4 0.0209702 -3.37417e-16 0.978993 -9.63768e-15 0.12566 -0.0474522
4.1 0.0240374 -3.97796e-16 0.975926 -1.01053e-14 0.134545 -0.0489747
4.2 0.0273959 -4.65182e-16 0.972567 -9.80275e-15 0.14357 -0.050315
4.3 0.0310479 -4.78604e-16 0.968915 -9.25848e-15 0.152681 -0.0514598
4.4 0.0349916 -4.53896e-16 0.964972 -9.5087e-15 0.161823 -0.0523979
4.5 0.039221 -3.9798e-16 0.960742 -9.47424e-15 0.170939 -0.05312
4.6 0.0437257 -2.56589e-16 0.956237 -1.02482e-14 0.17997 -0.0536194
4.7 0.0484906 -1.2832e-16 0.951472 -9.69618e-15 0.188857 -0.0538917
4.8 0.0534963 7.47082e-17 0.946465 -9.97249e-15 0.19754 -0.0539355
4.9 0.0587187 2.64866e-16 0.941242 -9.64604e-15 0.205963 -0.0537527
5 0.0641297 5.62947e-16 0.935831 -1.0789e-14 0.214069 -0.0533492
5.1 0.0696976 7.12702e-16 0.930262 -1.04355e-14 0.221805 -0.0527347
5.2 0.0753878 9.58902e-16 0.924571 -1.16786e-14 0.229123 -0.051923
5.3 0.0811636 1.00237e-15 0.918795 -1.25398e-14 0.235981 -0.0509322
5.4 0.0869874 8.71788e-16 0.912971 -1.25951e-14 0.242342 -0.0497841
5.5 0.0928214 4.13751e-16 0.907136 -1.10199e-14 0.248176 -0.048504
5.6 0.098629 -2.57312e-17 0.901328 -1.14123e-14 0.253463 -0.0471196
5.7 0.104376 -5.03336e-16 0.89558 -1.14635e-14 0.258192 -0.0456599
5.8 0.11003 -1.03674e-15 0.889925 -1.11697e-14 0.262358 -0.044154
5.9 0.115564 -1.65544e-15 0.88439 -9.91522e-15 0.265967 -0.0426295
6 0.120955 -2.3696e-15 0.878999 -7.71088e-15 0.269033 -0.0411107
6.1 0.126181 -2.71949e-15 0.873772 -7.43488e-15 0.271576 -0.0396172
6.2 0.131227 -2.95054e-15 0.868725 -7.61989e-15 0.273622 -0.0381632
6.3 0.13608 -2.86644e-15 0.863872 -8.63608e-15 0.275201 -0.0367555
6.4 0.140728 -2.89586e-15 0.859223 -8.65406e-15 0.276345 -0.0353941
6.5 0.14516 -2.56551e-15 0.85479 -9.37336e-15 0.277085 -0.0340716
6.6 0.149366 -2.35346e-15 0.850583 -1.01799e-14 0.277451 -0.0327748
6.7 0.153334 -1.92418e-15 0.846614 -1.08396e-14 0.277467 -0.0314854
6.8 0.15705 -1.32558e-15 0.842897 -1.09005e-14 0.277154 -0.0301827
6.9 0.160498 -6.8103e-16 0.839448 -1.12611e-14 0.276526 -0.0288453
7 0.163661 1.47095e-16 0.836285 -1.35584e-14 0.275592 -0.0274535
7.1 0.16652 6.54738e-16 0.833425 -1.41924e-14 0.274354 -0.0259914
7.2 0.169055 9.07924e-16 0.83089 -1.43141e-14 0.272809 -0.0244485
7.3 0.171249 1.01888e-15 0.828695 -1.33632e-14 0.270953 -0.0228204
7.4 0.173086 1.02537e-15 0.826858 -1.29934e-14 0.268775 -0.0211101
7.5 0.174553 1.15055e-15 0.825389 -1.29178e-14 0.266267 -0.019327
7.6 0.175646 1.01483e-15 0.824297 -1.22816e-14 0.263421 -0.0174867
7.7 0.176361 7.84598e-16 0.823581 -1.25652e-14 0.260228 -0.0156098
7.8 0.176705 1.64836e-16 0.823236 -1.16504e-14 0.256686 -0.0137204
7.9 0.176689 -4.5512e-16 0.823251 -1.0854e-14 0.252793 -0.0118442
8 0.176331 -1.03742e-15 0.823609 -1.14119e-14 0.248554 -0.0100067
8.1 0.175653 -1.65238e-15 0.824286 -1.02556e-14 0.243978 -0.00823169
8.2 0.174683 -2.05644e-15 0.825255 -9.60255e-15 0.239076 -0.00653922
8.3 0.173451 -3.00998e-15 0.826486 -7.20022e-15 0.233867 -0.00494507
8.4 0.171989 -3.69689e-15 0.827948 -5.31712e-15 0.228367 -0.0034598
8.5 0.170328 -4.05509e-15 0.829607 -5.09687e-15 0.222598 -0.00208914
8.6 0.168502 -4.21218e-15 0.831433 -4.36519e-15 0.21658 -0.000834204
8.7 0.166539 -3.87582e-15 0.833395 -4.74314e-15 0.210334 0.000307597
8.8 0.164468 -3.78761e-15 0.835465 -4.16791e-15 0.203881 0.0013415
8.9 0.162315 -3.32777e-15 0.837617 -4.64221e-15 0.19724 0.0022744
9 0.160102 -2.77841e-15 0.83983 -4.41893e-15 0.190431 0.00311375
9.1 0.15785 -2.24054e-15 0.842081 -4.78865e-15 0.183471 0.00386655
9.2 0.155577 -1.58164e-15 0.844353 -6.05805e-15 0.176378 0.00453837
9.3 0.153299 -1.00399e-15 0.846631 -6.65358e-15 0.16917 0.00513281
9.4 0.15103 -5.71805e-16 0.8489 -6.76098e-15 0.161865 0.0056511
9.5 0.148781 -2.08118e-16 0.851148 -7.3776e-15 0.154482 0.00609219
9.6 0.146564 9.60188e-17 0.853364 -7.48433e-15 0.147043 0.00645283
9.7 0.144389 1.00776e-16 0.855539 -6.9621e-15 0.139569 0.00672785
9.8 0.142265 8.69935e-17 0.857663 -7.666e-15 0.132087 0.00691058
9.9 0.140197 -5.14533e-17 0.859731 -7.43626e-15 0.124622 0.00699358
10 0.138193 -1.38984e-16 0.861735 -7.75786e-15 0.117205 0.00696944
10.1 0.136258 -3.37927e-16 0.86367 -7.13304e-15 0.109869 0.0068316
10.2 0.134394 -6.04526e-16 0.865533 -6.11499e-15 0.102645 0.00657551
10.3 0.132606 -8.70599e-16 0.867321 -5.78769e-15 0.0955708 0.0061992
10.4 0.130894 -1.00269e-15 0.869033 -5.51824e-15 0.0886798 0.00570393
10.5 0.129257 -1.17314e-15 0.870669 -4.77332e-15 0.0820063 0.0050944
10.6 0.127693 -1.4133e-15 0.872232 -4.59202e-15 0.0755828 0.00437881
10.7 0.126202 -1.63429e-15 0.873724 -3.89742e-15 0.069439 0.00356878
10.8 0.124777 -1.7007e-15 0.875148 -3.39621e-15 0.063602 0.00267929
10.9 0.123414 -1.74401e-15 0.87651 -3.12341e-15 0.0580947 0.00172867
11 0.122109 -1.61086e-15 0.877816 -3.24919e-15 0.0529352 0.000738408
11.1 0.120854 -1.5292e-15 0.879071 -2.83202e-15 0.0481361 -0.000267487
11.2 0.119644 -1.3426e-15 0.880281 -2.81567e-15 0.0437034 -0.00126344
11.3 0.118472 -1.37839e-15 0.881454 -2.17559e-15 0.0396366 -0.00222363
11.4 0.117331 -1.16637e-15 0.882594 -2.67344e-15 0.0359287 -0.00312325
11.5 0.116217 -9.87397e-16 0.883708 -2.97784e-15 0.0325667 -0.0039394
11.6 0.115124 -9.28669e-16 0.884801 -1.94703e-15 0.0295326 -0.00465194
11.7 0.114048 -7.81098e-16 0.885878 -2.24381e-15 0.0268035 -0.00524382
11.8 0.112984 -7.7462e-16 0.886942 -1.79708e-15 0.0243531 -0.00570201
11.9 0.111929 -7.30265e-16 0.887996 -1.47894e-15 0.0221515 -0.00601786
12 0.110881 -6.41845e-16 0.889044 -1.54316e-15 0.0201671 -0.0061878
12.1 0.109839 -7.00108e-16 0.890087 -9.88655e-16 0.0183672 -0.00621366
12.2 0.1088 -6.13866e-16 0.891125 -1.2899e-15 0.0167199 -0.00610261
12.3 0.107765 -5.26374e-16 0.89216 -1.44426e-15 0.0151951 -0.00586668
12.4 0.106734 -4.96554e-16 0.893192 -1.42273e-15 0.0137657 -0.00552221
12.5 0.105705 -5.79261e-16 0.89422 -1.49497e-15 0.0124085 -0.005089
12.6 0.104681 -5.17628e-16 0.895245 -1.70622e-15 0.0111048 -0.00458932
12.7 0.103661 -6.12354e-16 0.896265 -1.20994e-15 0.00984063 -0.00404685
12.8 0.102647 -7.24e-16 0.897279 -5.38984e-16 0.00860747 -0.00348575
12.9 0.101638 -7.64413e-16 0.898288 -6.5314e-16 0.00740197 -0.00292917
13 0.100637 -7.73739e-16 0.899289 -5.63579e-16 0.00622552 -0.0023983
13.1 0.0996422 -7.72969e-16 0.900284 -5.41964e-16 0.00508363 -0.00191194
13.2 0.0986557 -7.65209e-16 0.90127 -5.79325e-16 0.00398556 -0.00148535
13.3 0.0976776 -7.62541e-16 0.902248 -5.86006e-16 0.00294363 -0.00112935
13.4 0.0967082 -7.63361e-16 0.903218 -5.30222e-16 0.00197199 -0.000849666
13.5 0.0957477 -7.34964e-16 0.904178 -7.09061e-16 0.00108524 -0.000646735
13.6 0.0947963 -7.23434e-16 0.90513 -7.75479e-16 0.000296847 -0.000515804
13.7 0.093854 -7.1096e-16 0.906072 -8.18997e-16 -0.000381968 -0.000447871
13.8 0.092921 -7.05197e-16 0.907005 -8.21047e-16 -0.000942856 -0.00043045
13.9 0.0919972 -6.88488e-16 0.907929 -9.10947e-16 -0.00138113 -0.000448502
14 0.0910824 -6.82122e-16 0.908843 -9.28956e-16 -0.001696 -0.000485172
14.1 0.0901767 -6.63804e-16 0.909749 -1.1039e-15 -0.00189107 -0.000523234
14.2 0.08928 -6.52531e-16 0.910646 -1.20456e-15 -0.00197388 -0.00054607
14.3 0.0883921 -6.51416e-16 0.911534 -1.23041e-15 -0.00195572 -0.000538535
14.4 0.0875129 -6.39633e-16 0.912413 -1.35819e-15 -0.00185119 -0.000487851
14.5 0.0866424 -6.38891e-16 0.913283 -1.31543e-15 -0.00167724 -0.000384435
14.6 0.0857804 -6.18942e-16 0.914145 -1.46299e-15 -0.0014522 -0.000222087
14.7 0.084927 -6.09415e-16 0.914998 -1.53437e-15 -0.001195 2.26034e-06
14.8 0.084082 -6.00657e-16 0.915843 -1.46097e-15 -0.000925147 0.000288142
14.9 0.0832453 -5.88761e-16 0.91668 -1.47632e-15 -0.000661966 0.000631372
15 0.0824169 -5.78937e-16 0.917509 -1.56489e-15 -0.000423653 0.00102414
15.1 0.0815967 -5.84264e-16 0.918329 -1.5338e-15 -0.000226171 0.00145448
15.2 0.0807846 -5.76638e-16 0.919141 -1.49767e-15 -8.21842e-05 0.00190727
15.3 0.0799806 -5.77842e-16 0.919945 -1.40762e-15 -7.32579e-08 0.00236496
15.4 0.0791846 -5.81168e-16 0.920741 -1.35762e-15 1.67343e-05 0.002809
15.5 0.0783965 -5.77899e-16 0.921529 -1.28825e-15 -3.06671e-05 0.00322179
15.6 0.0776163 -5.74138e-16 0.922309 -1.23072e-15 -0.00013701 0.00358717
15.7 0.0768439 -5.66824e-16 0.923082 -1.25177e-15 -0.000294109 0.00389101
15.8 0.0760791 -5.61508e-16 0.923846 -1.25827e-15 -0.000490955 0.00412198
15.9 0.075322 -5.57668e-16 0.924603 -1.26063e-15 -0.000714181 0.00427182
16 0.0745724 -5.47154e-16 0.925353 -1.31872e-15 -0.000949188 0.00433522
16.1 0.0738303 -5.33079e-16 0.926095 -1.40448e-15 -0.00118006 0.00431046
16.2 0.0730956 -5.33627e-16 0.92683 -1.34569e-15 -0.00139056 0.00419992
16.3 0.0723683 -5.28082e-16 0.927557 -1.33779e-15 -0.00156513 0.00401006
16.4 0.0716481 -5.2348e-16 0.928277 -1.34874e-15 -0.00169 0.00375117
16.5 0.0709352 -5.1789e-16 0.92899 -1.34043e-15 -0.00175436 0.00343671
16.6 0.0702294 -5.14193e-16 0.929696 -1.31481e-15 -0.00175089 0.00308264
16.7 0.0695306 -5.08797e-16 0.930395 -1.31217e-15 -0.0016759 0.00270568
16.8 0.0688387 -4.9935e-16 0.931086 -1.38744e-15 -0.00152933 0.00232304
16.9 0.0681537 -4.99347e-16 0.931771 -1.34539e-15 -0.00131473 0.00195151
17 0.0674756 -4.92136e-16 0.932449 -1.39815e-15 -0.00103924 0.00160695
17.1 0.0668042 -4.83296e-16 0.933121 -1.42539e-15 -0.000713553 0.00130338
17.2 0.0661395 -4.76124e-16 0.933785 -1.47074e-15 -0.000351079 0.00105228
17.3 0.0654814 -4.74337e-16 0.934443 -1.43093e-15 3.2364e-05 0.000861428
17.4 0.0648298 -4.67118e-16 0.935095 -1.46495e-15 0.00041993 0.00073468
17.5 0.0641847 -4.62603e-16 0.93574 -1.46285e-15 0.000794708 0.000671899
17.6 0.0635461 -4.5812e-16 0.936378 -1.46053e-15 0.00114059 0.000669076
17.7 0.0629138 -4.54492e-16 0.93701 -1.44922e-15 0.0014434 0.000718771
17.8 0.0622878 -4.51854e-16 0.937636 -1.43134e-15 0.00169155 0.000810682
17.9 0.061668 -4.49673e-16 0.938256 -1.40085e-15 0.00187631 0.00093222
18 0.0610544 -4.44833e-16 0.93887 -1.40936e-15 0.00199215 0.0010693
18.1 0.0604469 -4.41389e-16 0.939477 -1.40464e-15 0.00203708 0.00120723
18.2 0.0598454 -4.37126e-16 0.940079 -1.40874e-15 0.00201262 0.00133135
18.3 0.05925 -4.33946e-16 0.940674 -1.40256e-15 0.00192374 0.00142783
18.4 0.0586604 -4.31112e-16 0.941264 -1.38188e-15 0.00177872 0.00148442
18.5 0.0580767 -4.26714e-16 0.941847 -1.38001e-15 0.00158871 0.00149125
18.6 0.0574989 -4.22018e-16 0.942425 -1.38362e-15 0.00136697 0.00144159
18.7 0.0569267 -4.17524e-16 0.942997 -1.38876e-15 0.00112785 0.00133192
18.8 0.0563603 -4.1303e-16 0.943564 -1.39901e-15 0.000886279 0.00116201
18.9 0.0557995 -4.08371e-16 0.944125 -1.40489e-15 0.000656834 0.000935148
19 0.0552443 -4.03955e-16 0.94468 -1.41419e-15 0.000452816 0.000657851
19.1 0.0546946 -3.9961e-16 0.94523 -1.42513e-15 0.000285784 0.000339302
19.2 0.0541504 -3.95861e-16 0.945774 -1.42621e-15 0.000164977 -9.17748e-06
19.3 0.0536116 -3.91928e-16 0.946313 -1.43078e-15 9.69998e-05 -0.000374502
19.4 0.0530782 -3.8769e-16 0.946846 -1.43637e-15 8.53641e-05 -0.000742424
19.5 0.05255 -3.83458e-16 0.947374 -1.44503e-15 0.000130471 -0.00109808
19.6 0.0520271 -3.79948e-16 0.947897 -1.4422e-15 0.000228863 -0.00142743
19.7 0.0515095 -3.76034e-16 0.948415 -1.44803e-15 0.000374245 -0.00171757
19.8 0.0509969 -3.72605e-16 0.948927 -1.44523e-15 0.000557718 -0.00195771
19.9 0.0504895 -3.6897e-16 0.949435 -1.4475e-15 0.00076824 -0.00213927
20 0.0499871 -3.65394e-16 0.949937 -1.45253e-15 0.000993261 -0.00225637
