0 0 0 1 0 0 0
0.1 1.71705e-07 1.01578e-20 0.999953 5.79601e-14 4.82604e-05 -0.000411071
0.2 7.90672e-07 4.54544e-20 0.99995 5.71581e-14 0.000195195 -0.000865285
0.3 2.03493e-06 1.21374e-19 0.999947 5.60828e-14 0.00044823 -0.0013481
0.4 4.1118e-06 2.4243e-19 0.999942 5.82711e-14 0.000811216 -0.001845
0.5 7.25687e-06 4.51439e-19 0.999935 5.98291e-14 0.00128456 -0.00234241
0.6 1.17326e-05 7.29498e-19 0.999927 6.38752e-14 0.00186557 -0.00282866
0.7 1.78277e-05 1.11433e-18 0.999917 6.63529e-14 0.00254901 -0.00329476
0.8 2.58574e-05 1.60336e-18 0.999905 6.67718e-14 0.00332779 -0.00373505
0.9 3.61682e-05 2.27173e-18 0.999892 6.3689e-14 0.00419387 -0.00414766
1 4.91456e-05 3.22307e-18 0.999876 5.83462e-14 0.00513913 -0.00453479
1.1 6.52304e-05 4.54079e-18 0.999858 5.29377e-14 0.00615636 -0.00490269
1.2 8.49425e-05 6.48568e-18 0.999836 4.74032e-14 0.00724019 -0.00526153
1.3 0.000108917 8.71049e-18 0.999811 4.64841e-14 0.00838792 -0.0056249
1.4 0.000137951 1.08918e-17 0.999782 4.7495e-14 0.00960029 -0.00600927
1.5 0.00017307 1.23291e-17 0.999747 4.91252e-14 0.010882 -0.00643319
1.6 0.000215599 1.31072e-17 0.999704 4.86531e-14 0.012242 -0.00691643
1.7 0.000267261 1.10427e-17 0.999652 5.10947e-14 0.0136938 -0.00747907
1.8 0.000330282 8.40038e-18 0.999589 5.04512e-14 0.0152552 -0.00814052
1.9 0.000407506 5.69203e-18 0.99951 4.98381e-14 0.0169482 -0.00891857
2 0.000502524 5.51896e-18 0.999413 4.81653e-14 0.0187983 -0.00982858
2.1 0.000619805 5.61344e-18 0.999293 4.83482e-14 0.0208338 -0.0108827
2.2 0.00076482 7.00186e-18 0.999143 4.47188e-14 0.0230852 -0.0120894
2.3 0.000944162 2.041e-18 0.998959 4.0896e-14 0.0255836 -0.0134527
2.4 0.00116565 -1.40546e-17 0.998732 3.78583e-14 0.0283603 -0.0149725
2.5 0.00143841 -4.08838e-17 0.998454 3.41718e-14 0.0314454 -0.0166444
2.6 0.00177292 -7.79356e-17 0.998115 3.29412e-14 0.0348671 -0.0184596
2.7 0.00218103 -1.22126e-16 0.997704 3.4953e-14 0.0386501 -0.0204057
2.8 0.00267596 -1.78536e-16 0.997207 4.24361e-14 0.0428157 -0.0224667
2.9 0.00327221 -2.53119e-16 0.99661 4.9514e-14 0.0473803 -0.0246242
3 0.00398544 -3.73188e-16 0.995896 5.87751e-14 0.0523553 -0.0268573
3.1 0.00483238 -5.21538e-16 0.995049 6.71042e-14 0.0577464 -0.0291437
3.2 0.00583057 -6.46907e-16 0.99405 6.71424e-14 0.0635537 -0.0314602
3.3 0.00699817 -7.52288e-16 0.992882 6.42336e-14 0.0697712 -0.0337834
3.4 0.00835364 -8.08698e-16 0.991525 5.99192e-14 0.076387 -0.0360901
3.5 0.00991546 -8.00509e-16 0.989962 5.76941e-14 0.0833837 -0.038358
3.6 0.0117018 -7.2335e-16 0.988174 5.31141e-14 0.0907386 -0.0405657
3.7 0.0137301 -6.63803e-16 0.986144 5.01131e-14 0.0984237 -0.0426931
3.8 0.016017 -6.629e-16 0.983856 4.5551e-14 0.106407 -0.044722
3.9 0.0185773 -8.85911e-16 0.981294 4.23861e-14 0.114652 -0.046635
4 0.0214242 -1.37274e-15 0.978445 3.85184e-14 0.123119 -0.048416
4.1 0.0245687 -2.33082e-15 0.975299 3.92461e-14 0.131764 -0.0500496
4.2 0.0280186 -3.62997e-15 0.971847 4.48197e-14 0.140542 -0.0515216
4.3 0.031779 -5.19657e-15 0.968086 5.19536e-14 0.149404 -0.0528181
4.4 0.0358509 -7.13674e-15 0.964013 6.00468e-14 0.158297 -0.0539264
4.5 0.0402313 -9.41541e-15 0.959632 7.07815e-14 0.167168 -0.0548344
4.6 0.0449129 -1.19035e-14 0.95495 8.23796e-14 0.175961 -0.0555313
4.7 0.0498832 -1.44007e-14 0.949979 9.23538e-14 0.184621 -0.0560073
4.8 0.0551249 -1.65998e-14 0.944736 9.28566e-14 0.19309 -0.0562546
4.9 0.0606154 -1.85993e-14 0.939244 9.00744e-14 0.20131 -0.0562678
5 0.0663272 -2.0163e-14 0.933531 8.62901e-14 0.209224 -0.0560444
5.1 0.0722278 -2.10078e-14 0.927629 8.06492e-14 0.216777 -0.0555859
5.2 0.0782807 -2.11581e-14 0.921575 7.26575e-14 0.223917 -0.0548987
5.3 0.0844456 -2.1097e-14 0.915409 6.25926e-14 0.230596 -0.0539938
5.4 0.0906801 -2.11578e-14 0.909173 4.93817e-14 0.23677 -0.0528876
5.5 0.0969403 -2.20772e-14 0.902912 3.73142e-14 0.242404 -0.0516019
5.6 0.103183 -2.47801e-14 0.896668 3.28488e-14 0.247468 -0.0501632
5.7 0.109365 -2.87492e-14 0.890485 3.48967e-14 0.251944 -0.048602
5.8 0.115448 -3.31372e-14 0.884402 4.24639e-14 0.25582 -0.046951
5.9 0.121396 -3.73036e-14 0.878452 4.90881e-14 0.259098 -0.0452439
6 0.127179 -4.33755e-14 0.872669 5.88547e-14 0.261786 -0.0435137
6.1 0.132772 -5.24715e-14 0.867076 7.22517e-14 0.263902 -0.0417904
6.2 0.138154 -6.49097e-14 0.861693 8.7851e-14 0.26547 -0.0400993
6.3 0.14331 -7.91874e-14 0.856535 1.0451e-13 0.266521 -0.0384595
6.4 0.14823 -9.41505e-14 0.851613 1.20997e-13 0.26709 -0.0368833
6.5 0.152906 -1.07296e-13 0.846936 1.36683e-13 0.267211 -0.0353755
6.6 0.157333 -1.14887e-13 0.842507 1.4319e-13 0.266921 -0.0339333
6.7 0.161506 -1.15813e-13 0.838333 1.48146e-13 0.266253 -0.0325473
6.8 0.165419 -1.06412e-13 0.834418 1.46158e-13 0.265236 -0.0312023
6.9 0.169067 -9.30212e-14 0.830768 1.39123e-13 0.263894 -0.0298795
7 0.172442 -7.79501e-14 0.827392 1.33485e-13 0.262245 -0.0285585
7.1 0.175533 -6.29086e-14 0.824299 1.21642e-13 0.2603 -0.0272196
7.2 0.17833 -5.15637e-14 0.8215 1.03688e-13 0.258064 -0.0258461
7.3 0.180822 -4.59207e-14 0.819008 8.31008e-14 0.255537 -0.0244261
7.4 0.182996 -4.02442e-14 0.816832 6.07514e-14 0.252716 -0.0229545
7.5 0.184844 -3.20463e-14 0.814983 3.45053e-14 0.249596 -0.0214328
7.6 0.186359 -2.55298e-14 0.813467 8.31467e-15 0.246172 -0.0198687
7.7 0.187538 -1.90562e-14 0.812285 -2.43781e-14 0.242442 -0.018275
7.8 0.188385 -1.81356e-14 0.811437 -4.97801e-14 0.238406 -0.0166679
7.9 0.188907 -2.42672e-14 0.810913 -6.43643e-14 0.234069 -0.0150653
8 0.189115 -3.699e-14 0.810703 -6.6467e-14 0.229437 -0.013486
8.1 0.189026 -4.94554e-14 0.810789 -5.41345e-14 0.224523 -0.0119482
8.2 0.188661 -6.00931e-14 0.811152 -3.65047e-14 0.219343 -0.0104681
8.3 0.188041 -6.41586e-14 0.81177 -1.82785e-14 0.213918 -0.00905739
8.4 0.187191 -6.02138e-14 0.812618 -6.77276e-15 0.208272 -0.00772281
8.5 0.186136 -4.48325e-14 0.813671 -1.6727e-14 0.202427 -0.0064667
8.6 0.184899 -1.63968e-14 0.814906 -5.57778e-14 0.196407 -0.00528806
8.7 0.183505 2.4874e-14 0.816298 -1.13407e-13 0.190236 -0.00418335
8.8 0.181975 6.93345e-14 0.817827 -1.73028e-13 0.183936 -0.00314685
8.9 0.180328 1.05289e-13 0.819473 -2.09703e-13 0.177532 -0.00217069
9 0.178583 1.27149e-13 0.821217 -2.14482e-13 0.171044 -0.0012455
9.1 0.176755 1.29067e-13 0.823044 -1.89146e-13 0.164493 -0.000361165
9.2 0.174857 1.09835e-13 0.82494 -1.35689e-13 0.157895 0.000491109
9.3 0.172903 7.82082e-14 0.826892 -7.06802e-14 0.151264 0.00131727
9.4 0.170904 3.25631e-14 0.82889 -1.08005e-14 0.144614 0.0021202
9.5 0.168869 -1.64344e-14 0.830923 3.39665e-14 0.137956 0.00290045
9.6 0.166809 -5.73545e-14 0.832982 6.10989e-14 0.131303 0.0036563
9.7 0.164734 -7.26433e-14 0.835055 6.0983e-14 0.124668 0.00438339
9.8 0.162652 -6.50851e-14 0.837135 4.28346e-14 0.118062 0.00507357
9.9 0.160573 -4.88008e-14 0.839213 1.29167e-14 0.111499 0.00571569
10 0.158504 -3.78859e-14 0.84128 -1.22254e-14 0.104996 0.00629601
10.1 0.156455 -4.98838e-14 0.843328 -3.67193e-14 0.0985707 0.00679978
10.2 0.154433 -9.12121e-14 0.845349 -1.89504e-14 0.0922467 0.00721301
10.3 0.152446 -1.54401e-13 0.847335 1.68825e-14 0.0860481 0.00752391
10.4 0.150498 -2.27745e-13 0.849281 4.52605e-14 0.0800011 0.00772333
10.5 0.148597 -3.08824e-13 0.851181 5.35677e-14 0.0741319 0.00780575
10.6 0.146745 -3.62403e-13 0.853032 5.49632e-14 0.0684672 0.00776851
10.7 0.144945 -3.85613e-13 0.85483 4.14336e-14 0.0630325 0.00761307
10.8 0.143199 -3.90362e-13 0.856574 4.29972e-14 0.057851 0.00734558
10.9 0.141507 -3.87869e-13 0.858264 5.39996e-14 0.0529438 0.00697488
11 0.139868 -3.82968e-13 0.859902 5.67616e-14 0.0483292 0.00651365
11.1 0.138281 -3.92246e-13 0.861488 5.35682e-14 0.044022 0.00597831
11.2 0.136742 -4.24399e-13 0.863027 5.74992e-14 0.0400325 0.00538832
11.3 0.135247 -4.53428e-13 0.86452 4.6995e-14 0.0363653 0.00476611
11.4 0.133795 -4.58974e-13 0.865972 1.81873e-14 0.0330194 0.00413436
11.5 0.132379 -4.51433e-13 0.867387 1.83389e-14 0.0299878 0.00351594
11.6 0.130997 -3.97608e-13 0.868769 1.03481e-14 0.0272576 0.00293319
11.7 0.129645 -3.25479e-13 0.870122 1.42983e-14 0.02481 0.00240649
11.8 0.128318 -2.35002e-13 0.871449 7.59983e-15 0.0226209 0.00195227
11.9 0.127014 -1.47562e-13 0.872753 -5.83793e-14 0.0206629 0.00158202
12 0.12573 -4.33175e-14 0.874038 -3.14382e-13 0.0189075 0.0013017
12.1 0.124463 4.97425e-14 0.875305 -6.4222e-13 0.0173262 0.00111347
12.2 0.123212 1.28379e-13 0.876556 -9.68052e-13 0.0158912 0.00101537
12.3 0.121975 1.71662e-13 0.877793 -1.20322e-12 0.0145751 0.00100158
12.4 0.120752 1.83574e-13 0.879016 -1.28465e-12 0.0133521 0.00106213
12.5 0.119541 1.84368e-13 0.880227 -1.25323e-12 0.0121991 0.00118318
12.6 0.118343 1.86306e-13 0.881425 -1.16945e-12 0.011097 0.00134768
12.7 0.117157 1.89436e-13 0.882611 -1.09734e-12 0.0100311 0.00153695
12.8 0.115983 2.01627e-13 0.883785 -1.05271e-12 0.00899186 0.00173133
12.9 0.114821 2.22875e-13 0.884946 -1.03294e-12 0.00797436 0.00191147
13 0.113671 2.44828e-13 0.886095 -1.02371e-12 0.00697882 0.00205955
13.1 0.112533 2.67449e-13 0.887232 -1.02467e-12 0.0060092 0.00216002
13.2 0.111407 2.95156e-13 0.888357 -1.03809e-12 0.00507371 0.00220031
13.3 0.110293 3.22927e-13 0.889471 -1.06511e-12 0.00418344 0.00217239
13.4 0.10919 3.41702e-13 0.890572 -1.09021e-12 0.00335109 0.00207313
13.5 0.1081 3.47206e-13 0.891661 -1.09178e-12 0.00258947 0.00190422
13.6 0.107022 3.44545e-13 0.89274 -1.07976e-12 0.00191056 0.00167159
13.7 0.105954 3.36267e-13 0.893806 -1.08638e-12 0.00132475 0.00138499
13.8 0.104899 3.19118e-13 0.894862 -1.12141e-12 0.000839794 0.00105734
13.9 0.103854 2.91096e-13 0.895906 -1.14891e-12 0.000460387 0.000703827
14 0.10282 2.61626e-13 0.89694 -1.18643e-12 0.000187456 0.000340897
14.1 0.101796 2.39323e-13 0.897962 -1.21011e-12 1.84786e-05 -1.47587e-05
14.2 0.100783 2.34292e-13 0.898974 -1.22259e-12 -5.23288e-05 -0.000346623
14.3 0.0997805 2.40482e-13 0.899976 -1.24028e-12 -3.41584e-05 -0.000638994
14.4 0.0987878 2.44227e-13 0.900968 -1.27667e-12 6.03297e-05 -0.000877713
14.5 0.097805 2.48379e-13 0.90195 -1.3447e-12 0.000215304 -0.00105124
14.6 0.0968321 2.54869e-13 0.902923 -1.43403e-12 0.000412494 -0.00115187
14.7 0.0958688 2.70704e-13 0.903886 -1.51099e-12 0.000632804 -0.00117618
14.8 0.0949152 2.825e-13 0.904839 -1.56884e-12 0.00085757 -0.00112476
14.9 0.0939709 2.87919e-13 0.905783 -1.58559e-12 0.00106882 -0.00100149
15 0.093036 2.8532e-13 0.906717 -1.59086e-12 0.00124955 -0.000813825
15.1 0.0921103 2.88884e-13 0.907642 -1.60583e-12 0.00138448 -0.000572949
15.2 0.0911937 2.9287e-13 0.908558 -1.64316e-12 0.00146131 -0.000293588
15.3 0.0902862 2.96811e-13 0.909465 -1.74577e-12 0.00147174 6.60771e-06
15.4 0.0893877 2.9303e-13 0.910363 -1.89126e-12 0.00141246 0.000308577
15.5 0.0884981 2.84205e-13 0.911252 -2.10842e-12 0.00128534 0.000593384
15.6 0.0876174 2.75005e-13 0.912133 -2.3354e-12 0.00109704 0.000843801
15.7 0.0867454 2.61928e-13 0.913004 -2.42552e-12 0.000858201 0.00104553
15.8 0.0858821 2.43154e-13 0.913866 -2.427e-12 0.0005821 0.00118792
15.9 0.0850274 2.22212e-13 0.91472 -2.40298e-12 0.000283624 0.00126416
16 0.0841813 2.05119e-13 0.915565 -2.36188e-12 -2.16664e-05 0.00127115
16.1 0.0833436 1.90763e-13 0.916402 -2.33607e-12 -0.00031806 0.00120912
16.2 0.0825143 1.80234e-13 0.917231 -2.31052e-12 -0.000590267 0.00108187
16.3 0.0816933 1.75794e-13 0.918051 -2.29215e-12 -0.000824086 0.000896397
16.4 0.0808804 1.73349e-13 0.918864 -2.27699e-12 -0.00100704 0.000663111
16.5 0.0800755 1.71233e-13 0.919668 -2.25022e-12 -0.00112941 0.000395281
16.6 0.0792787 1.67775e-13 0.920464 -2.22357e-12 -0.0011849 0.000108262
16.7 0.0784898 1.62751e-13 0.921252 -2.20999e-12 -0.0011711 -0.000181485
16.8 0.0777088 1.57975e-13 0.922033 -2.20525e-12 -0.00108965 -0.000457446
16.9 0.0769355 1.54212e-13 0.922805 -2.20202e-12 -0.000946113 -0.00070406
17 0.07617 1.54107e-13 0.92357 -2.20981e-12 -0.000749583 -0.000907634
17.1 0.075412 1.52556e-13 0.924327 -2.20568e-12 -0.000512102 -0.00105717
17.2 0.0746616 1.50037e-13 0.925077 -2.20848e-12 -0.000247849 -0.00114496
17.3 0.0739187 1.45074e-13 0.925819 -2.18578e-12 2.77776e-05 -0.00116695
17.4 0.0731832 1.38969e-13 0.926554 -2.16177e-12 0.000299034 -0.00112282
17.5 0.0724551 1.31098e-13 0.927282 -2.1471e-12 0.000550685 -0.00101596
17.6 0.0717341 1.23629e-13 0.928003 -2.14212e-12 0.000768863 -0.000853135
17.7 0.0710204 1.16931e-13 0.928717 -2.13943e-12 0.000941766 -0.00064406
17.8 0.0703138 1.13272e-13 0.929424 -2.15303e-12 0.00106016 -0.000400839
17.9 0.0696141 1.13462e-13 0.930123 -2.17834e-12 0.00111785 -0.000137378
18 0.0689214 1.16375e-13 0.930816 -2.20651e-12 0.00111202 0.000131316
18.1 0.0682356 1.19136e-13 0.931501 -2.2305e-12 0.00104347 0.00038996
18.2 0.0675566 1.22625e-13 0.93218 -2.26282e-12 0.000916604 0.000623894
18.3 0.0668844 1.24687e-13 0.932852 -2.28638e-12 0.00073923 0.000819991
18.4 0.0662189 1.24933e-13 0.933517 -2.30313e-12 0.000522032 0.000967453
18.5 0.0655599 1.2455e-13 0.934176 -2.31138e-12 0.000277901 0.00105845
18.6 0.0649076 1.23844e-13 0.934828 -2.31559e-12 2.11159e-05 0.00108855
18.7 0.0642617 1.23059e-13 0.935473 -2.31836e-12 -0.000233555 0.00105692
18.8 0.0636223 1.22288e-13 0.936112 -2.32167e-12 -0.000471749 0.000966278
18.9 0.0629892 1.2136e-13 0.936745 -2.32375e-12 -0.00068032 0.000822596
19 0.0623624 1.20302e-13 0.937372 -2.32407e-12 -0.000848033 0.000634673
19.1 0.0617419 1.19149e-13 0.937992 -2.32352e-12 -0.000966092 0.000413566
19.2 0.0611275 1.1799e-13 0.938606 -2.32278e-12 -0.00102854 0.00017198
19.3 0.0605193 1.16826e-13 0.939214 -2.32183e-12 -0.00103251 -7.64127e-05
19.4 0.0599171 1.15646e-13 0.939816 -2.32057e-12 -0.000978365 -0.000317684
19.5 0.0593209 1.14487e-13 0.940412 -2.3194e-12 -0.00086969 -0.000538388
19.6 0.0587306 1.13337e-13 0.941002 -2.31827e-12 -0.00071311 -0.000726316
19.7 0.0581462 1.12197e-13 0.941586 -2.31719e-12 -0.000517921 -0.000871194
19.8 0.0575677 1.11072e-13 0.942165 -2.31614e-12 -0.000295549 -0.000965283
19.9 0.0569949 1.09966e-13 0.942738 -2.31501e-12 -5.88536e-05 -0.00100384
20 0.0564278 1.08872e-13 0.943305 -2.31391e-12 0.000178635 -0.000985307
