0 0 0 1 0 0 0
0.1 1.71706e-07 -2.32008e-21 0.99996 -1.46585e-14 4.82605e-05 -0.000411105
0.2 7.90707e-07 -1.07862e-20 0.999957 -1.43533e-14 0.000195209 -0.000865449
0.3 2.03514e-06 -2.97376e-20 0.999953 -1.36772e-14 0.000448302 -0.00134856
0.4 4.11259e-06 -6.58889e-20 0.999947 -1.28843e-14 0.000811443 -0.00184596
0.5 7.25905e-06 -1.29804e-19 0.99994 -1.15228e-14 0.00128511 -0.00234413
0.6 1.17376e-05 -2.17722e-19 0.999931 -1.00186e-14 0.00186669 -0.00283142
0.7 1.78379e-05 -3.40121e-19 0.99992 -7.97404e-15 0.00255102 -0.00329882
0.8 2.58763e-05 -5.52238e-19 0.999908 -4.03218e-15 0.00333112 -0.00374066
0.9 3.62006e-05 -8.17167e-19 0.999894 -6.16129e-16 0.00419902 -0.00415502
1 4.91981e-05 -1.18915e-18 0.999878 2.53304e-15 0.00514665 -0.004544
1.1 6.5311e-05 -1.55474e-18 0.99986 3.55186e-15 0.00616686 -0.00491379
1.2 8.50611e-05 -2.00285e-18 0.999838 4.2407e-15 0.00725428 -0.00527442
1.3 0.000109085 -2.28219e-18 0.999814 3.94217e-15 0.0084062 -0.00563942
1.4 0.00013818 -1.73062e-18 0.999784 1.0738e-15 0.00962331 -0.00602515
1.5 0.000173372 -5.2138e-19 0.99975 -5.46875e-16 0.0109102 -0.00645011
1.6 0.000215986 1.31048e-18 0.999708 -7.74608e-16 0.0122758 -0.00693402
1.7 0.000267744 3.63492e-18 0.999658 -5.59508e-16 0.0137335 -0.00749694
1.8 0.000330868 4.76927e-18 0.999595 -1.7332e-16 0.015301 -0.00815831
1.9 0.000408199 2.228e-18 0.999519 1.93354e-15 0.0170001 -0.00893599
2 0.000503327 -3.2523e-18 0.999424 2.00454e-15 0.0188562 -0.00984543
2.1 0.000620716 -1.26274e-17 0.999306 2.01954e-15 0.0208976 -0.0108989
2.2 0.000765835 -2.25701e-17 0.999159 2.46592e-16 0.0231545 -0.0121051
2.3 0.000945278 -3.08012e-17 0.998977 -1.94056e-16 0.0256585 -0.0134682
2.4 0.00116687 -3.25019e-17 0.998753 1.96702e-16 0.0284407 -0.0149885
2.5 0.00143973 -2.28056e-17 0.998476 1.01928e-15 0.0315314 -0.0166615
2.6 0.00177437 -4.35735e-18 0.998139 4.70102e-15 0.0349589 -0.0184787
2.7 0.00218267 1.71199e-17 0.997729 1.00591e-14 0.0387484 -0.0204278
2.8 0.00267785 4.59779e-17 0.997232 1.18725e-14 0.0429212 -0.022493
2.9 0.00327446 6.84407e-17 0.996634 1.26934e-14 0.047494 -0.0246557
3 0.00398822 8.09778e-17 0.995919 1.06077e-14 0.0524784 -0.0268952
3.1 0.0048359 9.84916e-17 0.99507 5.04986e-15 0.0578805 -0.0291891
3.2 0.00583511 1.29089e-16 0.994069 -2.90975e-15 0.0637004 -0.0315142
3.3 0.00700406 1.5156e-16 0.992899 -9.01903e-15 0.0699327 -0.033847
3.4 0.00836128 1.61927e-16 0.991541 -1.55987e-14 0.0765657 -0.036164
3.5 0.00992534 6.65311e-17 0.989975 -1.80498e-14 0.0835824 -0.0384426
3.6 0.0117145 -1.91532e-16 0.988185 -1.56499e-14 0.09096 -0.040661
3.7 0.0137462 -6.15294e-16 0.986152 -1.01087e-14 0.0986709 -0.0427987
3.8 0.0160371 -1.11069e-15 0.983861 -5.82322e-15 0.106683 -0.0448365
3.9 0.018602 -1.70879e-15 0.981294 -1.16962e-15 0.114959 -0.0467566
4 0.0214541 -2.28246e-15 0.97844 3.46441e-15 0.123458 -0.0485424
4.1 0.024604 -2.86693e-15 0.975289 6.85066e-15 0.132138 -0.0501786
4.2 0.0280597 -3.55921e-15 0.971832 1.27061e-14 0.14095 -0.0516506
4.3 0.0318258 -4.41848e-15 0.968064 1.93551e-14 0.149846 -0.0529449
4.4 0.0359032 -5.38494e-15 0.963986 2.42851e-14 0.158772 -0.0540487
4.5 0.0402888 -6.2759e-15 0.959599 2.7363e-14 0.167676 -0.0549501
4.6 0.0449749 -6.55581e-15 0.954912 2.71756e-14 0.176501 -0.0556386
4.7 0.0499488 -5.48028e-15 0.949937 2.70216e-14 0.18519 -0.0561052
4.8 0.055193 -2.91232e-15 0.944692 2.82096e-14 0.193686 -0.0563425
4.9 0.0606848 -1.02799e-16 0.939199 3.61198e-14 0.201931 -0.0563458
5 0.0663965 3.10288e-15 0.933487 3.19853e-14 0.209868 -0.0561135
5.1 0.0722957 6.14087e-15 0.927587 2.03689e-14 0.217443 -0.0556481
5.2 0.0783458 8.13805e-15 0.921536 1.1073e-14 0.224603 -0.0549566
5.3 0.0845072 9.63711e-15 0.915373 1.2786e-15 0.231301 -0.0540507
5.4 0.0907377 1.06838e-14 0.909142 -6.69332e-15 0.237495 -0.0529468
5.5 0.0969938 1.13991e-14 0.902885 -1.1802e-14 0.24315 -0.0516657
5.6 0.103232 9.47898e-15 0.896645 -8.98515e-15 0.248236 -0.0502337
5.7 0.109411 3.24468e-15 0.890465 3.84069e-15 0.252736 -0.0486809
5.8 0.115492 -9.10047e-15 0.884383 2.48311e-14 0.256639 -0.0470401
5.9 0.121439 -2.6185e-14 0.878435 4.59634e-14 0.259945 -0.0453447
6 0.127221 -4.45765e-14 0.872651 6.22762e-14 0.262665 -0.0436269
6.1 0.132815 -6.11331e-14 0.867057 6.87911e-14 0.264816 -0.0419155
6.2 0.138199 -6.69894e-14 0.861672 6.61896e-14 0.266423 -0.0402347
6.3 0.143358 -5.87562e-14 0.856512 5.79044e-14 0.267516 -0.0386028
6.4 0.148282 -4.00221e-14 0.851588 4.20503e-14 0.268127 -0.0370314
6.5 0.152962 -1.69282e-14 0.846907 1.99281e-14 0.268291 -0.0355252
6.6 0.157391 9.97137e-15 0.842476 -6.03209e-15 0.268043 -0.034081
6.7 0.161565 3.17169e-14 0.8383 -3.0165e-14 0.267416 -0.0326892
6.8 0.165479 4.67146e-14 0.834385 -4.87327e-14 0.266437 -0.0313345
6.9 0.169124 5.46587e-14 0.830738 -5.52839e-14 0.26513 -0.0299992
7 0.172493 6.04802e-14 0.827367 -5.17135e-14 0.26351 -0.0286641
7.1 0.175577 7.72723e-14 0.824281 -5.82338e-14 0.261588 -0.0273117
7.2 0.178363 9.61813e-14 0.821493 -6.82148e-14 0.25937 -0.0259268
7.3 0.180842 1.17008e-13 0.819013 -7.79277e-14 0.256857 -0.0244984
7.4 0.183002 1.40463e-13 0.816851 -8.56255e-14 0.254043 -0.0230214
7.5 0.184834 1.69373e-13 0.815017 -8.83972e-14 0.250925 -0.021497
7.6 0.186334 1.98257e-13 0.813516 -8.36552e-14 0.247497 -0.0199333
7.7 0.187499 2.16451e-13 0.812349 -7.83764e-14 0.243755 -0.018344
7.8 0.188333 2.23728e-13 0.811512 -8.51685e-14 0.239701 -0.0167462
7.9 0.188845 2.13162e-13 0.810999 -6.89395e-14 0.23534 -0.0151582
8 0.189046 1.78826e-13 0.810795 -1.73083e-14 0.230678 -0.0135986
8.1 0.188955 1.36899e-13 0.810885 4.67085e-14 0.225729 -0.0120846
8.2 0.188591 1.10884e-13 0.811247 8.61799e-14 0.220507 -0.0106316
8.3 0.187978 1.0842e-13 0.811859 9.58238e-14 0.215035 -0.00925141
8.4 0.18714 1.03024e-13 0.812696 9.51355e-14 0.209335 -0.00795123
8.5 0.186101 7.1831e-14 0.813734 1.33406e-13 0.203432 -0.00673336
8.6 0.184887 2.17807e-15 0.814947 2.22082e-13 0.197354 -0.00559483
8.7 0.183519 -8.762e-14 0.816314 3.29302e-13 0.191126 -0.00452844
8.8 0.182018 -1.71633e-13 0.817813 4.2127e-13 0.184771 -0.00352435
8.9 0.180404 -2.30302e-13 0.819426 4.76923e-13 0.17831 -0.00257185
9 0.178692 -2.62583e-13 0.821137 4.97615e-13 0.171764 -0.00166084
9.1 0.176898 -2.87858e-13 0.82293 5.12972e-13 0.16515 -0.000782402
9.2 0.175035 -2.98853e-13 0.824793 5.07762e-13 0.158485 7.1056e-05
9.3 0.173113 -2.94009e-13 0.826713 4.7681e-13 0.151785 0.000905718
9.4 0.171145 -2.69964e-13 0.828681 4.30201e-13 0.145063 0.00172521
9.5 0.169139 -2.29947e-13 0.830686 3.79324e-13 0.138334 0.00253016
9.6 0.167105 -1.79551e-13 0.832719 3.28514e-13 0.131607 0.00331735
9.7 0.165052 -1.3935e-13 0.834771 2.98578e-13 0.124897 0.00407952
9.8 0.162989 -1.24433e-13 0.836833 2.99321e-13 0.118215 0.00480575
9.9 0.160925 -1.36054e-13 0.838896 3.29785e-13 0.111579 0.00548249
10 0.158868 -1.56758e-13 0.840952 3.64243e-13 0.105008 0.00609511
10.1 0.156828 -1.6887e-13 0.842992 3.82286e-13 0.0985249 0.00662923
10.2 0.154812 -1.61882e-13 0.845007 3.76275e-13 0.0921524 0.00707154
10.3 0.152829 -1.35436e-13 0.846989 3.50615e-13 0.0859161 0.00741043
10.4 0.150884 -9.89007e-14 0.848934 3.15654e-13 0.0798421 0.00763653
10.5 0.148983 -6.94829e-14 0.850834 2.83546e-13 0.0739574 0.00774347
10.6 0.147131 -5.55686e-14 0.852685 2.60937e-13 0.0682882 0.00772862
10.7 0.14533 -4.9905e-14 0.854486 2.68013e-13 0.0628601 0.00759352
10.8 0.143582 -5.68882e-14 0.856234 2.79966e-13 0.0576965 0.00734399
10.9 0.141887 -7.38421e-14 0.857929 2.88613e-13 0.0528179 0.00699063
11 0.140245 -9.53089e-14 0.859572 2.90388e-13 0.0482406 0.00654774
11.1 0.138653 -1.16048e-13 0.861164 2.87495e-13 0.0439758 0.00603269
11.2 0.137109 -1.33352e-13 0.862709 2.81819e-13 0.0400297 0.00546479
11.3 0.13561 -1.46322e-13 0.864208 2.76799e-13 0.0364039 0.00486475
11.4 0.134151 -1.58779e-13 0.865667 2.79166e-13 0.0330944 0.00425362
11.5 0.13273 -1.69983e-13 0.867089 2.81623e-13 0.0300924 0.00365293
11.6 0.131342 -1.82932e-13 0.868477 2.85354e-13 0.027384 0.00308273
11.7 0.129983 -1.93293e-13 0.869836 2.846e-13 0.0249504 0.00256122
11.8 0.12865 -1.99923e-13 0.871168 2.77499e-13 0.0227693 0.00210381
11.9 0.127341 -2.0242e-13 0.872478 2.67043e-13 0.0208149 0.00172239
12 0.126051 -1.97324e-13 0.873768 2.54035e-13 0.0190595 0.00142475
12.1 0.12478 -1.89011e-13 0.87504 2.39345e-13 0.0174743 0.00121428
12.2 0.123525 -1.77729e-13 0.876296 2.23629e-13 0.01603 0.00108981
12.3 0.122284 -1.63331e-13 0.877536 2.08015e-13 0.0146995 0.00104561
12.4 0.121058 -1.45983e-13 0.878763 1.93658e-13 0.0134571 0.00107129
12.5 0.119844 -1.28113e-13 0.879976 1.76909e-13 0.0122813 0.00115241
12.6 0.118643 -1.09983e-13 0.881177 1.62399e-13 0.0111559 0.00127256
12.7 0.117455 -9.30715e-14 0.882366 1.51387e-13 0.0100695 0.0014145
12.8 0.116279 -7.73426e-14 0.883542 1.42447e-13 0.00901515 0.00156148
12.9 0.115114 -6.20262e-14 0.884706 1.36918e-13 0.00798962 0.00169803
13 0.113962 -4.82998e-14 0.885858 1.35668e-13 0.00699277 0.00181006
13.1 0.112822 -3.75129e-14 0.886998 1.37141e-13 0.00602763 0.0018854
13.2 0.111694 -3.094e-14 0.888126 1.3674e-13 0.00509967 0.00191401
13.3 0.110578 -2.87021e-14 0.889242 1.34727e-13 0.00421679 0.00188868
13.4 0.109473 -2.91643e-14 0.890346 1.34374e-13 0.00338836 0.00180481
13.5 0.108381 -2.99093e-14 0.891438 1.34215e-13 0.00262511 0.00166069
13.6 0.1073 -3.07926e-14 0.892518 1.38368e-13 0.00193898 0.00145835
13.7 0.10623 -3.21093e-14 0.893587 1.45084e-13 0.00134168 0.00120425
13.8 0.105172 -3.30627e-14 0.894645 1.57878e-13 0.000843235 0.000909212
13.9 0.104125 -3.2907e-14 0.895693 1.78334e-13 0.000450459 0.000587642
14 0.103089 -3.14531e-14 0.896729 2.03933e-13 0.000166124 0.000256301
14.1 0.102063 -2.91509e-14 0.897755 2.17007e-13 -1.14114e-05 -6.69009e-05
14.2 0.101047 -2.68283e-14 0.89877 2.2019e-13 -8.85598e-05 -0.000364376
14.3 0.100042 -2.49041e-14 0.899775 2.19854e-13 -7.6282e-05 -0.000620261
14.4 0.0990471 -2.31555e-14 0.90077 2.15054e-13 1.0833e-05 -0.000821858
14.5 0.0980619 -2.23261e-14 0.901755 2.10772e-13 0.000155763 -0.000960514
14.6 0.0970865 -2.28696e-14 0.90273 2.1117e-13 0.00034095 -0.00103166
14.7 0.0961208 -2.38351e-14 0.903695 2.15425e-13 0.000548876 -0.00103389
14.8 0.0951646 -2.41819e-14 0.904651 2.16955e-13 0.000762347 -0.000968763
14.9 0.0942178 -2.42505e-14 0.905598 2.1534e-13 0.00096474 -0.000840549
15 0.0932804 -2.43355e-14 0.906535 2.12356e-13 0.00114032 -0.000656664
15.1 0.0923523 -2.44962e-14 0.907463 2.11396e-13 0.00127504 -0.000427664
15.2 0.0914335 -2.437e-14 0.908382 2.1077e-13 0.00135754 -0.000166792
15.3 0.0905237 -2.39295e-14 0.909291 2.08982e-13 0.0013802 0.000110266
15.4 0.0896229 -2.33618e-14 0.910192 2.0277e-13 0.00133964 0.000386861
15.5 0.0887311 -2.28467e-14 0.911084 1.97173e-13 0.0012368 0.000646476
15.6 0.0878482 -2.20426e-14 0.911966 1.93976e-13 0.00107667 0.000873776
15.7 0.086974 -2.09139e-14 0.91284 1.93275e-13 0.000867939 0.00105557
15.8 0.0861085 -1.98215e-14 0.913705 1.95546e-13 0.000622171 0.00118162
15.9 0.0852517 -1.90023e-14 0.914562 1.98111e-13 0.000352988 0.00124513
16 0.0844034 -1.83567e-14 0.91541 1.95434e-13 7.50766e-05 0.001243
16.1 0.0835635 -1.78426e-14 0.91625 1.90809e-13 -0.000196698 0.00117579
16.2 0.082732 -1.76002e-14 0.917081 1.88323e-13 -0.000448108 0.0010475
16.3 0.0819088 -1.73644e-14 0.917904 1.85267e-13 -0.000666182 0.00086527
16.4 0.0810938 -1.73665e-14 0.918719 1.82372e-13 -0.000839737 0.000638856
16.5 0.0802868 -1.74295e-14 0.919525 1.8029e-13 -0.000959973 0.000380379
16.6 0.079488 -1.75053e-14 0.920324 1.78153e-13 -0.00102095 0.000103656
16.7 0.078697 -1.73935e-14 0.921115 1.76046e-13 -0.00101989 -0.000176423
16.8 0.077914 -1.7109e-14 0.921897 1.74052e-13 -0.000957487 -0.000444642
16.9 0.0771387 -1.67119e-14 0.922672 1.70732e-13 -0.000837971 -0.000686325
17 0.0763711 -1.62594e-14 0.923439 1.67313e-13 -0.000668937 -0.000888154
17.1 0.0756112 -1.58082e-14 0.924198 1.6428e-13 -0.000460936 -0.0010391
17.2 0.0748588 -1.53699e-14 0.92495 1.61992e-13 -0.000226863 -0.0011312
17.3 0.0741139 -1.49977e-14 0.925694 1.60432e-13 1.89635e-05 -0.00116007
17.4 0.0733764 -1.48116e-14 0.926432 1.60432e-13 0.000261793 -0.00112507
17.5 0.0726463 -1.4715e-14 0.927161 1.61125e-13 0.000487384 -0.00102922
17.6 0.0719234 -1.46445e-14 0.927884 1.61482e-13 0.000682696 -0.000878837
17.7 0.0712078 -1.4563e-14 0.9286 1.61798e-13 0.000836666 -0.000683188
17.8 0.0704992 -1.43873e-14 0.929308 1.61442e-13 0.000940784 -0.000453872
17.9 0.0697977 -1.42093e-14 0.930009 1.6117e-13 0.000989525 -0.000204179
18 0.0691032 -1.40361e-14 0.930704 1.60942e-13 0.000980691 5.16876e-05
18.1 0.0684156 -1.38783e-14 0.931391 1.60816e-13 0.00091544 0.000299468
18.2 0.0677348 -1.37351e-14 0.932071 1.6074e-13 0.00079815 0.000525715
18.3 0.0670608 -1.35939e-14 0.932745 1.60591e-13 0.000636062 0.000718534
18.4 0.0663935 -1.34519e-14 0.933412 1.60394e-13 0.000438741 0.000868171
18.5 0.0657329 -1.33219e-14 0.934072 1.6024e-13 0.000217496 0.000967392
18.6 0.0650788 -1.31928e-14 0.934726 1.60067e-13 -1.52149e-05 0.00101178
18.7 0.0644313 -1.3063e-14 0.935373 1.59871e-13 -0.000246439 0.000999921
18.8 0.0637901 -1.29397e-14 0.936014 1.59688e-13 -0.000463388 0.000933467
18.9 0.0631554 -1.28179e-14 0.936649 1.59512e-13 -0.000654149 0.000817006
19 0.062527 -1.26969e-14 0.937277 1.59367e-13 -0.000808341 0.000657773
19.1 0.0619048 -1.25784e-14 0.937899 1.59222e-13 -0.000917616 0.000465246
19.2 0.0612889 -1.24617e-14 0.938515 1.5914e-13 -0.000976146 0.000250595
19.3 0.060679 -1.2342e-14 0.939124 1.59021e-13 -0.000980947 2.61121e-05
19.4 0.0600752 -1.22224e-14 0.939728 1.58894e-13 -0.000932011 -0.000195494
19.5 0.0594775 -1.21043e-14 0.940326 1.58769e-13 -0.000832331 -0.000401846
19.6 0.0588857 -1.19866e-14 0.940917 1.58641e-13 -0.000687745 -0.000581622
19.7 0.0582997 -1.18698e-14 0.941503 1.58514e-13 -0.000506521 -0.000725223
19.8 0.0577196 -1.17541e-14 0.942083 1.58402e-13 -0.000298811 -0.000825286
19.9 0.0571453 -1.16373e-14 0.942658 1.58285e-13 -7.59947e-05 -0.000876914
20 0.0565767 -1.15214e-14 0.943226 1.58169e-13 0.000149835 -0.000877889
