0 0 0 1 0 0 0
0.1 1.71705e-07 -1.67258e-21 0.999953 -1.65225e-14 4.82605e-05 -0.000411069
0.2 7.90669e-07 -8.2134e-21 0.99995 -1.9049e-14 0.000195195 -0.000865275
0.3 2.03491e-06 -2.51303e-20 0.999946 -2.17105e-14 0.000448227 -0.00134808
0.4 4.11175e-06 -6.21792e-20 0.999942 -2.43581e-14 0.000811207 -0.00184494
0.5 7.25673e-06 -1.42133e-19 0.999935 -2.64345e-14 0.00128454 -0.0023423
0.6 1.17323e-05 -2.92189e-19 0.999926 -2.74876e-14 0.00186553 -0.00282849
0.7 1.7827e-05 -5.58713e-19 0.999917 -2.63209e-14 0.00254892 -0.0032945
0.8 2.58562e-05 -9.45667e-19 0.999905 -2.35865e-14 0.00332765 -0.00373469
0.9 3.61661e-05 -1.5338e-18 0.999892 -1.84661e-14 0.00419364 -0.00414718
1 4.91422e-05 -2.42541e-18 0.999876 -1.10083e-14 0.0051388 -0.00453417
1.1 6.52249e-05 -3.56151e-18 0.999858 -4.51547e-15 0.00615589 -0.00490192
1.2 8.49343e-05 -4.9184e-18 0.999836 -6.85896e-16 0.00723954 -0.0052606
1.3 0.000108905 -6.47844e-18 0.999811 1.06891e-15 0.00838707 -0.00562381
1.4 0.000137935 -7.61714e-18 0.999782 -2.40494e-18 0.0095992 -0.00600803
1.5 0.000173047 -8.08868e-18 0.999747 -1.63147e-15 0.0108806 -0.0064318
1.6 0.000215568 -7.02185e-18 0.999705 -5.14747e-15 0.0122403 -0.0069149
1.7 0.000267221 -4.00063e-18 0.999653 -9.18767e-15 0.0136918 -0.00747741
1.8 0.00033023 -1.06242e-19 0.999589 -1.2613e-14 0.0152529 -0.00813874
1.9 0.000407441 2.10018e-18 0.999511 -1.40742e-14 0.0169455 -0.00891669
2 0.000502444 7.54487e-19 0.999413 -1.46221e-14 0.0187953 -0.0098266
2.1 0.000619707 -6.05705e-18 0.999292 -1.41936e-14 0.0208305 -0.0108806
2.2 0.000764702 -1.8081e-17 0.999143 -1.3331e-14 0.0230814 -0.0120872
2.3 0.00094402 -3.33013e-17 0.998958 -1.16201e-14 0.0255794 -0.0134503
2.4 0.00116548 -5.30717e-17 0.998732 -6.44418e-15 0.0283557 -0.01497
2.5 0.0014382 -7.53484e-17 0.998453 -8.4447e-16 0.0314405 -0.0166417
2.6 0.00177267 -9.64523e-17 0.998115 3.49344e-15 0.0348617 -0.0184567
2.7 0.00218074 -1.19505e-16 0.997704 7.53473e-15 0.0386443 -0.0204025
2.8 0.00267562 -1.43639e-16 0.997207 9.82076e-15 0.0428094 -0.0224633
2.9 0.0032718 -1.66308e-16 0.99661 1.08258e-14 0.0473735 -0.0246204
3 0.00398495 -1.63621e-16 0.995896 8.55921e-15 0.0523479 -0.0268531
3.1 0.00483178 -1.37929e-16 0.995049 7.25745e-15 0.0577384 -0.029139
3.2 0.00582986 -9.62121e-17 0.994051 7.82814e-15 0.063545 -0.0314549
3.3 0.00699731 -6.63863e-17 0.992883 1.00034e-14 0.0697616 -0.0337775
3.4 0.0083526 -8.2992e-17 0.991526 1.191e-14 0.0763765 -0.0360835
3.5 0.00991421 -1.58215e-16 0.989963 1.2142e-14 0.0833722 -0.0383506
3.6 0.0117003 -3.51409e-16 0.988175 1.47606e-14 0.0907258 -0.0405575
3.7 0.0137283 -5.37702e-16 0.986146 1.60338e-14 0.0984095 -0.0426841
3.8 0.0160147 -6.85394e-16 0.983858 1.69546e-14 0.106391 -0.0447123
3.9 0.0185746 -7.87408e-16 0.981296 2.02931e-14 0.114634 -0.0466246
4 0.0214211 -8.35286e-16 0.978448 2.31077e-14 0.123099 -0.048405
4.1 0.024565 -9.95537e-16 0.975302 2.68227e-14 0.131743 -0.0500382
4.2 0.0280143 -1.24157e-15 0.971851 3.0126e-14 0.140519 -0.0515097
4.3 0.0317741 -1.49511e-15 0.96809 2.99679e-14 0.149379 -0.052806
4.4 0.0358453 -1.65305e-15 0.964019 2.78636e-14 0.15827 -0.0539142
4.5 0.040225 -1.38174e-15 0.959638 2.28781e-14 0.167139 -0.0548223
4.6 0.0449059 -7.93261e-16 0.954957 1.72706e-14 0.175931 -0.0555194
4.7 0.0498755 -4.59262e-17 0.949986 1.14805e-14 0.184589 -0.0559957
4.8 0.0551166 8.1461e-16 0.944744 5.80443e-15 0.193056 -0.0562433
4.9 0.0606064 1.31331e-15 0.939253 4.03946e-15 0.201275 -0.0562568
5 0.0663176 1.42098e-15 0.93354 5.13145e-15 0.209187 -0.0560338
5.1 0.0722177 1.02399e-15 0.927639 8.78139e-15 0.21674 -0.0555758
5.2 0.07827 1.46728e-16 0.921585 1.2546e-14 0.223879 -0.054889
5.3 0.0844345 -1.61017e-15 0.91542 1.9125e-14 0.230556 -0.0539846
5.4 0.0906685 -4.0768e-15 0.909184 2.68697e-14 0.236729 -0.052879
5.5 0.0969285 -7.21969e-15 0.902924 3.51636e-14 0.242362 -0.0515941
5.6 0.103171 -1.05187e-14 0.89668 4.37396e-14 0.247426 -0.0501562
5.7 0.109353 -1.37784e-14 0.890498 5.11979e-14 0.251901 -0.0485957
5.8 0.115436 -1.64372e-14 0.884414 5.92842e-14 0.255777 -0.0469452
5.9 0.121384 -1.88138e-14 0.878464 6.29435e-14 0.259055 -0.0452383
6 0.127168 -1.90896e-14 0.87268 6.22118e-14 0.261742 -0.0435079
6.1 0.13276 -1.61593e-14 0.867087 5.82357e-14 0.263858 -0.0417841
6.2 0.138142 -1.04936e-14 0.861704 4.90247e-14 0.265426 -0.0400923
6.3 0.143298 -1.88964e-15 0.856546 3.64762e-14 0.266476 -0.0384517
6.4 0.148218 8.4508e-15 0.851625 2.39573e-14 0.267044 -0.0368747
6.5 0.152894 1.84119e-14 0.846948 1.22438e-14 0.267164 -0.0353662
6.6 0.15732 2.63616e-14 0.84252 3.99215e-15 0.266873 -0.0339235
6.7 0.161493 3.13293e-14 0.838346 -2.9856e-15 0.266204 -0.0325372
6.8 0.165406 3.18596e-14 0.834431 -3.97806e-15 0.265186 -0.0311921
6.9 0.169053 2.843e-14 0.830782 -3.49939e-16 0.263844 -0.0298693
7 0.172427 2.26528e-14 0.827407 8.49588e-15 0.262195 -0.0285485
7.1 0.175518 1.46001e-14 0.824314 2.49044e-14 0.260249 -0.0272098
7.2 0.178316 5.42309e-15 0.821516 4.52236e-14 0.258013 -0.0258364
7.3 0.180807 -1.42127e-15 0.819023 6.5959e-14 0.255487 -0.0244164
7.4 0.182981 -7.15716e-15 0.816848 8.63942e-14 0.252666 -0.0229448
7.5 0.184828 -9.35964e-15 0.814999 1.04924e-13 0.249547 -0.021423
7.6 0.186343 -8.91834e-15 0.813483 1.18327e-13 0.246124 -0.0198588
7.7 0.187522 -7.07203e-15 0.812302 1.30978e-13 0.242395 -0.0182647
7.8 0.188369 -3.49389e-15 0.811454 1.34976e-13 0.238361 -0.0166571
7.9 0.18889 1.34787e-15 0.810931 1.34101e-13 0.234026 -0.0150538
8 0.189097 7.90098e-15 0.810721 1.28555e-13 0.229397 -0.0134735
8.1 0.189008 1.34279e-14 0.810808 1.2049e-13 0.224486 -0.0119344
8.2 0.188641 1.61016e-14 0.811172 1.14614e-13 0.219309 -0.0104526
8.3 0.18802 1.42947e-14 0.811791 1.10538e-13 0.213886 -0.00904007
8.4 0.187169 7.42353e-15 0.812641 1.09188e-13 0.208242 -0.00770385
8.5 0.186112 -3.8772e-15 0.813695 1.14218e-13 0.202399 -0.00644651
8.6 0.184874 -1.7268e-14 0.814932 1.27422e-13 0.196381 -0.00526727
8.7 0.183478 -3.07251e-14 0.816326 1.52212e-13 0.190211 -0.00416263
8.8 0.181946 -4.15765e-14 0.817857 1.81132e-13 0.183913 -0.00312682
8.9 0.180298 -4.7292e-14 0.819504 2.06934e-13 0.17751 -0.00215183
9 0.178551 -4.84895e-14 0.821249 2.2679e-13 0.171025 -0.00122812
9.1 0.176722 -4.35911e-14 0.823077 2.39e-13 0.164476 -0.000345343
9.2 0.174824 -3.64147e-14 0.824974 2.39032e-13 0.157881 0.000505443
9.3 0.172869 -3.44404e-14 0.826927 2.30877e-13 0.151252 0.00133017
9.4 0.170868 -2.83282e-14 0.828926 2.18281e-13 0.144603 0.00213161
9.5 0.168833 -1.64998e-14 0.830959 2.0474e-13 0.137947 0.00291016
9.6 0.166773 -3.2288e-16 0.833018 1.99368e-13 0.131295 0.00366417
9.7 0.164697 1.47688e-14 0.835091 2.03872e-13 0.124661 0.00438947
9.8 0.162615 2.45126e-14 0.837171 2.16997e-13 0.118056 0.00507808
9.9 0.160536 2.63094e-14 0.839249 2.3658e-13 0.111494 0.00571887
10 0.158468 2.00247e-14 0.841316 2.60998e-13 0.10499 0.00629804
10.1 0.156419 7.63312e-15 0.843363 2.71748e-13 0.0985649 0.00680068
10.2 0.154398 1.0097e-15 0.845384 2.71619e-13 0.0922401 0.00721278
10.3 0.15241 3.01901e-15 0.84737 2.63408e-13 0.0860406 0.00752266
10.4 0.150464 1.25509e-14 0.849316 2.55702e-13 0.0799926 0.00772113
10.5 0.148562 3.23715e-14 0.851216 2.41164e-13 0.0741227 0.00780266
10.6 0.146711 5.72901e-14 0.853065 2.15073e-13 0.0684574 0.00776459
10.7 0.144912 8.41623e-14 0.854863 1.82627e-13 0.0630226 0.00760848
10.8 0.143166 1.0899e-13 0.856606 1.45693e-13 0.0578413 0.00734061
10.9 0.141475 1.31907e-13 0.858296 1.10171e-13 0.0529346 0.00696996
11 0.139837 1.54302e-13 0.859933 7.91401e-14 0.0483208 0.00650915
11.1 0.13825 1.75367e-13 0.861519 5.16002e-14 0.0440145 0.0059745
11.2 0.136711 1.95882e-13 0.863057 3.944e-14 0.0400261 0.00538536
11.3 0.135217 2.12977e-13 0.864551 4.73246e-14 0.0363604 0.00476412
11.4 0.133765 2.212e-13 0.866002 7.29999e-14 0.0330162 0.00413359
11.5 0.13235 2.19593e-13 0.867417 9.92688e-14 0.0299865 0.00351673
11.6 0.130968 2.33271e-13 0.868798 1.17835e-13 0.0272582 0.00293587
11.7 0.129616 2.46526e-13 0.870151 1.29335e-13 0.0248122 0.00241127
11.8 0.12829 2.6525e-13 0.871478 1.44624e-13 0.0226244 0.00195911
11.9 0.126986 2.96471e-13 0.872782 1.74999e-13 0.0206672 0.00159061
12 0.125702 2.87531e-13 0.874067 2.58281e-13 0.0189123 0.00131164
12.1 0.124435 2.8945e-13 0.875333 3.62338e-13 0.0173313 0.00112435
12.2 0.123184 3.02346e-13 0.876584 4.73213e-13 0.015896 0.00102676
12.3 0.121948 3.25487e-13 0.87782 5.67826e-13 0.014579 0.00101295
12.4 0.120724 3.51682e-13 0.879044 6.28611e-13 0.0133546 0.00107276
12.5 0.119514 3.74626e-13 0.880254 6.63307e-13 0.0122 0.00119211
12.6 0.118316 3.8399e-13 0.881452 6.76633e-13 0.0110964 0.00135404
12.7 0.11713 3.80218e-13 0.882637 6.83213e-13 0.0100294 0.0015402
12.8 0.115956 3.73748e-13 0.883811 6.95177e-13 0.0089898 0.00173141
12.9 0.114794 3.70444e-13 0.884971 7.27514e-13 0.00797241 0.00190875
13 0.113645 3.74001e-13 0.88612 7.65968e-13 0.00697724 0.00205462
13.1 0.112507 3.85185e-13 0.887257 8.13421e-13 0.00600801 0.00215355
13.2 0.111381 4.02837e-13 0.888382 8.72706e-13 0.00507271 0.00219288
13.3 0.110267 4.25784e-13 0.889495 9.43724e-13 0.00418238 0.00216443
13.4 0.109166 4.56631e-13 0.890596 1.01373e-12 0.00334982 0.00206489
13.5 0.108076 4.95135e-13 0.891685 1.0685e-12 0.00258803 0.00189585
13.6 0.106997 5.3647e-13 0.892763 1.09835e-12 0.00190923 0.00166328
13.7 0.10593 5.77545e-13 0.893829 1.12254e-12 0.00132391 0.00137712
13.8 0.104875 6.25572e-13 0.894885 1.15258e-12 0.000839798 0.00105049
13.9 0.10383 6.89977e-13 0.895929 1.15532e-12 0.00046134 0.000698645
14 0.102796 7.58675e-13 0.896962 1.13643e-12 0.000189136 0.000337931
14.1 0.101773 8.28282e-13 0.897984 1.09225e-12 2.04527e-05 -1.52228e-05
14.2 0.10076 8.69932e-13 0.898996 1.05169e-12 -5.05206e-05 -0.000344638
14.3 0.0997578 8.75702e-13 0.899997 1.02306e-12 -3.28134e-05 -0.000634934
14.4 0.0987653 8.52381e-13 0.900989 1.01599e-12 6.12006e-05 -0.000872129
14.5 0.0977827 8.22594e-13 0.901971 9.91769e-13 0.000215973 -0.00104465
14.6 0.09681 7.92892e-13 0.902944 9.88081e-13 0.000413356 -0.00114455
14.7 0.095847 7.57219e-13 0.903906 1.01818e-12 0.000634162 -0.00116822
14.8 0.0948935 7.28274e-13 0.904859 1.06948e-12 0.000859461 -0.00111613
14.9 0.0939495 7.08597e-13 0.905803 1.12004e-12 0.00107099 -0.000992241
15 0.0930147 6.9367e-13 0.906737 1.16022e-12 0.0012516 -0.000804202
15.1 0.0920892 6.7023e-13 0.907662 1.23557e-12 0.00138599 -0.000563421
15.2 0.0911729 6.40086e-13 0.908577 1.35402e-12 0.00146202 -0.000284768
15.3 0.0902656 6.01809e-13 0.909484 1.52251e-12 0.00147155 1.40995e-05
15.4 0.0893673 5.68031e-13 0.910382 1.69661e-12 0.00141144 0.000314214
15.5 0.0884779 5.53922e-13 0.911271 1.91609e-12 0.00128363 0.0005968
15.6 0.0875973 5.55513e-13 0.912151 2.06941e-12 0.00109485 0.000844813
15.7 0.0867255 5.65646e-13 0.913022 2.11949e-12 0.000855678 0.00104412
15.8 0.0858625 5.75904e-13 0.913885 2.14219e-12 0.00057937 0.0011842
15.9 0.085008 5.84929e-13 0.914738 2.14738e-12 0.00028077 0.00125835
16 0.0841621 5.87493e-13 0.915583 2.12204e-12 -2.45942e-05 0.00126348
16.1 0.0833246 5.86474e-13 0.91642 2.07782e-12 -0.000320991 0.00119987
16.2 0.0824955 5.85444e-13 0.917248 2.03816e-12 -0.00059306 0.00107128
16.3 0.0816746 5.8263e-13 0.918069 2.00673e-12 -0.00082649 0.000884813
16.4 0.0808619 5.76998e-13 0.918881 1.99984e-12 -0.00100872 0.000650988
16.5 0.0800572 5.68236e-13 0.919685 2.00376e-12 -0.00113004 0.000383246
16.6 0.0792606 5.61237e-13 0.920481 2.01247e-12 -0.00118428 9.70639e-05
16.7 0.0784719 5.56385e-13 0.921269 2.02262e-12 -0.00116924 -0.000191088
16.8 0.077691 5.51085e-13 0.922049 2.01352e-12 -0.00108677 -0.000464817
16.9 0.0769179 5.47262e-13 0.922821 1.99076e-12 -0.000942564 -0.000708777
17 0.0761526 5.42019e-13 0.923586 1.97189e-12 -0.000745763 -0.00090953
17.1 0.0753948 5.34789e-13 0.924343 1.95887e-12 -0.000508351 -0.00105632
17.2 0.0746446 5.27963e-13 0.925093 1.94741e-12 -0.000244385 -0.0011416
17.3 0.0739018 5.26229e-13 0.925835 1.94447e-12 3.08536e-05 -0.00116137
17.4 0.0731665 5.26654e-13 0.926569 1.93852e-12 0.00030169 -0.00111534
17.5 0.0724385 5.29748e-13 0.927297 1.9311e-12 0.000552884 -0.00100687
17.6 0.0717178 5.32825e-13 0.928018 1.92181e-12 0.000770494 -0.000842718
17.7 0.0710042 5.34912e-13 0.928732 1.91634e-12 0.000942613 -0.000632684
17.8 0.0702977 5.33735e-13 0.929438 1.91895e-12 0.00105995 -0.000389022
17.9 0.0695982 5.30188e-13 0.930138 1.92774e-12 0.00111636 -0.000125818
18 0.0689057 5.23098e-13 0.93083 1.94555e-12 0.00110918 0.000141794
18.1 0.0682201 5.17137e-13 0.931516 1.95319e-12 0.00103945 0.000398538
18.2 0.0675412 5.11548e-13 0.932194 1.96303e-12 0.000911839 0.00062991
18.3 0.0668691 5.06683e-13 0.932866 1.97085e-12 0.000734273 0.000823073
18.4 0.0662037 5.02161e-13 0.933531 1.97731e-12 0.000517444 0.000967565
18.5 0.065545 4.97519e-13 0.934189 1.98168e-12 0.000274106 0.00105584
18.6 0.0648928 4.92705e-13 0.934841 1.9854e-12 1.83278e-05 0.00108365
18.7 0.064247 4.87861e-13 0.935486 1.98967e-12 -0.000235317 0.00105018
18.8 0.0636077 4.82972e-13 0.936125 1.9941e-12 -0.000472584 0.000958115
18.9 0.0629748 4.78158e-13 0.936758 1.99855e-12 -0.00068035 0.000813338
19 0.0623482 4.73403e-13 0.937384 2.00316e-12 -0.000847316 0.00062461
19.1 0.0617278 4.68702e-13 0.938004 2.0078e-12 -0.000964592 0.000403024
19.2 0.0611136 4.64047e-13 0.938618 2.01246e-12 -0.00102616 0.000161384
19.3 0.0605055 4.59441e-13 0.939226 2.0171e-12 -0.00102918 -8.65148e-05
19.4 0.0599034 4.54887e-13 0.939828 2.02172e-12 -0.00097413 -0.000326655
19.5 0.0593074 4.50371e-13 0.940424 2.02627e-12 -0.000864758 -0.000545599
19.6 0.0587172 4.45904e-13 0.941014 2.03079e-12 -0.000707863 -0.000731267
19.7 0.058133 4.4148e-13 0.941598 2.0353e-12 -0.000512834 -0.000873607
19.8 0.0575545 4.37095e-13 0.942176 2.03975e-12 -0.000291087 -0.000965137
19.9 0.0569819 4.32746e-13 0.942749 2.0441e-12 -5.53774e-05 -0.00100134
20 0.0564149 4.2844e-13 0.943316 2.04841e-12 0.000180935 -0.000980798
