0 0 0 1 0 0 0
0.1 1.71711e-07 -1.0257e-22 0.999992 -8.85835e-16 4.82735e-05 -0.000411433
0.2 7.91032e-07 -6.33719e-22 0.999991 -1.00855e-15 0.000195456 -0.000867072
0.3 2.03725e-06 -1.21002e-21 0.999988 -1.32824e-15 0.000449498 -0.00135306
0.4 4.12033e-06 -3.70871e-21 0.999985 -1.37796e-15 0.000815073 -0.00185544
0.5 7.28028e-06 -7.69235e-21 0.99998 -1.34376e-15 0.00129366 -0.002361
0.6 1.17861e-05 -6.63995e-21 0.999974 -1.91959e-15 0.00188385 -0.00285809
0.7 1.79351e-05 -1.81048e-20 0.999966 -2.04622e-15 0.00258176 -0.00333744
0.8 2.6053e-05 -3.64012e-20 0.999956 -2.00473e-15 0.00338171 -0.00379268
0.9 3.64972e-05 -5.3926e-20 0.999945 -1.96747e-15 0.00427691 -0.00422089
1 4.96635e-05 -8.97274e-20 0.99993 -1.87507e-15 0.00526033 -0.00462285
1.1 6.59989e-05 -1.41139e-19 0.999913 -1.78377e-15 0.00632553 -0.00500312
1.2 8.60224e-05 -1.93782e-19 0.999893 -1.74472e-15 0.00746753 -0.00536998
1.3 0.000110356 -2.33586e-19 0.999868 -1.93556e-15 0.00868361 -0.00573504
1.4 0.000139766 -3.4165e-19 0.999838 -1.95624e-15 0.009974 -0.00611288
1.5 0.000175221 -5.02045e-19 0.999802 -1.91502e-15 0.0113425 -0.00652033
1.6 0.000217961 -6.8615e-19 0.999759 -2.03416e-15 0.0127968 -0.00697573
1.7 0.000269582 -8.47309e-19 0.999708 -2.08572e-15 0.014349 -0.00749815
1.8 0.000332139 -1.41985e-18 0.999645 -1.65332e-15 0.016015 -0.00810647
1.9 0.000408254 -2.07708e-18 0.99957 -1.49269e-15 0.0178152 -0.00881851
2 0.000501242 -2.882e-18 0.999477 -1.58252e-15 0.0197734 -0.00965018
2.1 0.000615235 -3.6493e-18 0.999363 -1.27993e-15 0.0219166 -0.0106148
2.2 0.000755315 -4.40813e-18 0.999223 -1.48277e-15 0.0242743 -0.0117223
2.3 0.000927629 -5.96236e-18 0.99905 -1.34688e-15 0.0268774 -0.0129789
2.4 0.0011395 -6.66061e-18 0.998838 -1.55239e-15 0.0297575 -0.0143866
2.5 0.00139953 -8.72939e-18 0.998578 -1.42154e-15 0.0329461 -0.0159431
2.6 0.00171762 -1.04223e-17 0.99826 -1.57616e-15 0.0364731 -0.0176419
2.7 0.00210502 -1.20179e-17 0.997872 -1.34186e-15 0.0403661 -0.019472
2.8 0.00257432 -1.27155e-17 0.997403 -1.73287e-15 0.0446495 -0.0214188
2.9 0.00313934 -1.37729e-17 0.996838 -1.73635e-15 0.0493435 -0.023464
3 0.00381504 -1.51215e-17 0.996162 -1.40371e-15 0.0544635 -0.0255865
3.1 0.00461734 -1.60216e-17 0.99536 -1.29904e-15 0.0600196 -0.0277628
3.2 0.00556286 -1.59776e-17 0.994415 -1.42493e-15 0.0660158 -0.0299676
3.3 0.00666866 -1.63084e-17 0.993309 -1.38805e-15 0.07245 -0.0321745
3.4 0.00795191 -1.35617e-17 0.992026 -1.46524e-15 0.0793138 -0.0343565
3.5 0.00942949 -1.09313e-17 0.990548 -1.42321e-15 0.0865924 -0.0364868
3.6 0.0111175 -3.68931e-18 0.98886 -1.38415e-15 0.0942647 -0.0385389
3.7 0.0130311 1.07081e-18 0.986947 -1.45178e-15 0.102304 -0.0404874
3.8 0.0151835 -3.47905e-18 0.984794 -1.45169e-15 0.110676 -0.0423081
3.9 0.0175861 -7.41341e-18 0.982392 -1.55613e-15 0.119344 -0.0439786
4 0.0202474 -6.83637e-18 0.97973 -1.77609e-15 0.128264 -0.0454783
4.1 0.0231732 -2.49781e-17 0.976804 -1.53837e-15 0.137388 -0.0467887
4.2 0.0263655 -3.94628e-17 0.973612 -1.57196e-15 0.146665 -0.0478935
4.3 0.0298225 -6.95943e-17 0.970155 -1.5888e-15 0.15604 -0.0487789
4.4 0.0335382 -1.1074e-16 0.966439 -1.52511e-15 0.165456 -0.049434
4.5 0.0375022 -1.56057e-16 0.962475 -1.57162e-15 0.174853 -0.0498506
4.6 0.0416994 -2.07678e-16 0.958278 -1.55303e-15 0.18417 -0.0500239
4.7 0.0461102 -2.76824e-16 0.953867 -1.31087e-15 0.193347 -0.0499528
4.8 0.0507107 -3.36604e-16 0.949266 -1.13362e-15 0.202323 -0.0496401
4.9 0.0554729 -3.56534e-16 0.944504 -1.04846e-15 0.21104 -0.0490928
5 0.0603651 -3.5951e-16 0.939611 -1.23357e-15 0.219442 -0.0483224
5.1 0.0653533 -3.87425e-16 0.934623 -9.99773e-16 0.227477 -0.0473452
5.2 0.0704012 -4.0916e-16 0.929575 -8.34619e-16 0.235099 -0.0461817
5.3 0.0754719 -4.04746e-16 0.924504 -9.45108e-16 0.242267 -0.0448567
5.4 0.0805287 -3.64932e-16 0.919447 -9.01543e-16 0.248948 -0.0433985
5.5 0.0855364 -2.7456e-16 0.914439 -1.27466e-15 0.255115 -0.0418384
5.6 0.0904623 -2.39156e-16 0.909513 -1.26215e-15 0.260752 -0.0402093
5.7 0.0952772 -1.90985e-16 0.904698 -1.27372e-15 0.265852 -0.0385442
5.8 0.0999562 -1.77444e-16 0.900019 -1.14842e-15 0.270414 -0.0368746
5.9 0.104479 -1.83426e-16 0.895496 -9.6157e-16 0.274447 -0.035229
6 0.108829 -1.1972e-16 0.891146 -1.28928e-15 0.277967 -0.0336306
6.1 0.112996 -1.45299e-16 0.886978 -1.12742e-15 0.280997 -0.0320965
6.2 0.116972 -1.02201e-16 0.883003 -1.25848e-15 0.283563 -0.0306363
6.3 0.12075 -1.56441e-16 0.879225 -6.09149e-16 0.285692 -0.0292512
6.4 0.124326 -1.51511e-16 0.875648 -7.03612e-16 0.287413 -0.027935
6.5 0.127696 -1.15068e-16 0.872278 -7.64613e-16 0.288755 -0.0266734
6.6 0.130854 -1.66836e-16 0.86912 -7.626e-16 0.28974 -0.0254463
6.7 0.133791 -2.08395e-16 0.866183 -7.43918e-16 0.290387 -0.0242289
6.8 0.136495 -2.5888e-16 0.863478 -6.99363e-16 0.290712 -0.0229941
6.9 0.138953 -2.99029e-16 0.86102 -6.51188e-16 0.290721 -0.0217148
7 0.141145 -3.79155e-16 0.858828 -5.6173e-16 0.290414 -0.0203664
7.1 0.143052 -4.98282e-16 0.85692 -4.07105e-16 0.289789 -0.0189293
7.2 0.144654 -6.16592e-16 0.855318 -2.6303e-16 0.288836 -0.0173904
7.3 0.145931 -7.44277e-16 0.854041 -1.08106e-16 0.287542 -0.0157444
7.4 0.146864 -8.12047e-16 0.853107 -1.8436e-17 0.285896 -0.013994
7.5 0.14744 -8.7363e-16 0.852531 3.5685e-17 0.283884 -0.0121497
7.6 0.14765 -8.8283e-16 0.85232 7.44441e-17 0.281495 -0.0102284
7.7 0.147493 -8.63618e-16 0.852477 6.2583e-17 0.278722 -0.00825219
7.8 0.146972 -8.21718e-16 0.852997 1.83594e-17 0.275561 -0.00624612
7.9 0.146099 -7.87852e-16 0.85387 -1.47488e-17 0.272013 -0.00423609
8 0.14489 -7.08521e-16 0.855078 -7.58853e-17 0.268085 -0.00224721
8.1 0.143369 -6.22061e-16 0.856599 -1.22296e-16 0.263784 -0.000302257
8.2 0.141562 -5.50031e-16 0.858406 -1.95986e-16 0.259125 0.00157955
8.3 0.139499 -4.37638e-16 0.860468 -3.55217e-16 0.254124 0.0033834
8.4 0.137212 -3.42037e-16 0.862755 -5.11719e-16 0.248798 0.00509926
8.5 0.134734 -2.5972e-16 0.865233 -6.25393e-16 0.243166 0.00672154
8.6 0.132096 -2.12649e-16 0.867871 -6.60149e-16 0.237248 0.00824855
8.7 0.12933 -1.83101e-16 0.870636 -7.01957e-16 0.231062 0.00968143
8.8 0.126465 -1.89149e-16 0.873501 -6.97255e-16 0.224626 0.0110229
8.9 0.123528 -2.07514e-16 0.876438 -6.78117e-16 0.217956 0.0122763
9 0.120545 -2.71903e-16 0.87942 -6.55208e-16 0.211069 0.013444
9.1 0.11754 -3.49245e-16 0.882425 -6.69011e-16 0.203979 0.014527
9.2 0.114534 -4.34973e-16 0.885431 -6.23958e-16 0.196704 0.015524
9.3 0.111547 -5.29647e-16 0.888418 -5.07256e-16 0.18926 0.0164311
9.4 0.108597 -6.10265e-16 0.891367 -4.64595e-16 0.181666 0.0172416
9.5 0.105702 -6.73465e-16 0.894262 -4.47502e-16 0.173941 0.017946
9.6 0.102877 -7.20976e-16 0.897087 -4.04998e-16 0.166111 0.018533
9.7 0.100137 -7.61615e-16 0.899827 -3.6034e-16 0.1582 0.0189894
9.8 0.0974942 -7.8666e-16 0.90247 -3.05712e-16 0.150241 0.0193018
9.9 0.0949603 -7.88434e-16 0.905003 -2.57058e-16 0.142266 0.0194564
10 0.0925447 -7.79219e-16 0.907419 -2.66569e-16 0.134313 0.0194409
10.1 0.0902551 -7.55163e-16 0.909708 -2.46971e-16 0.12642 0.0192449
10.2 0.0880971 -7.30435e-16 0.911866 -2.54768e-16 0.118631 0.018861
10.3 0.0860741 -6.98211e-16 0.913889 -2.48879e-16 0.110989 0.0182856
10.4 0.0841875 -6.61401e-16 0.915776 -2.79841e-16 0.103537 0.0175194
10.5 0.0824361 -6.22667e-16 0.917527 -2.90897e-16 0.0963195 0.0165681
10.6 0.080817 -5.93955e-16 0.919146 -2.90816e-16 0.0893766 0.0154426
10.7 0.0793252 -5.5908e-16 0.920638 -3.45513e-16 0.082747 0.014159
10.8 0.0779538 -5.27598e-16 0.922009 -3.54052e-16 0.0764646 0.0127383
10.9 0.0766948 -5.07345e-16 0.923268 -3.50725e-16 0.070558 0.0112063
11 0.0755387 -4.85512e-16 0.924424 -3.71179e-16 0.0650493 0.00959242
11.1 0.0744757 -4.69993e-16 0.925487 -3.91477e-16 0.0599537 0.00792896
11.2 0.073495 -4.60437e-16 0.926467 -4.14413e-16 0.0552785 0.00625019
11.3 0.0725862 -4.6087e-16 0.927376 -3.523e-16 0.0510232 0.00459104
11.4 0.0717388 -4.61564e-16 0.928223 -3.42925e-16 0.0471794 0.00298585
11.5 0.0709431 -4.6191e-16 0.929019 -3.81316e-16 0.0437307 0.00146695
11.6 0.0701897 -4.62898e-16 0.929772 -3.96841e-16 0.0406537 6.33934e-05
11.7 0.0694706 -4.54818e-16 0.930491 -4.8924e-16 0.0379189 -0.00120031
11.8 0.0687784 -4.43951e-16 0.931183 -5.84646e-16 0.0354918 -0.00230511
11.9 0.068107 -4.37551e-16 0.931855 -6.57795e-16 0.033334 -0.0032384
12 0.0674513 -4.33318e-16 0.93251 -6.58457e-16 0.0314054 -0.00399425
12.1 0.0668072 -4.27988e-16 0.933154 -6.69163e-16 0.0296653 -0.00457355
12.2 0.0661716 -4.21832e-16 0.93379 -6.87001e-16 0.0280744 -0.00498375
12.3 0.0655422 -4.14766e-16 0.934419 -7.05996e-16 0.0265956 -0.00523837
12.4 0.0649175 -4.08164e-16 0.935044 -7.00894e-16 0.0251961 -0.00535617
12.5 0.0642965 -4.03652e-16 0.935665 -6.68378e-16 0.0238474 -0.00536022
12.6 0.0636789 -3.94964e-16 0.936283 -6.5568e-16 0.0225273 -0.00527665
12.7 0.0630644 -3.87551e-16 0.936897 -6.56802e-16 0.0212194 -0.00513341
12.8 0.0624532 -3.83483e-16 0.937508 -6.12427e-16 0.0199141 -0.00495892
12.9 0.0618456 -3.81139e-16 0.938116 -6.10155e-16 0.0186079 -0.00478042
13 0.0612418 -3.77349e-16 0.93872 -6.0459e-16 0.0173033 -0.00462317
13.1 0.0606423 -3.7665e-16 0.939319 -5.66884e-16 0.0160082 -0.00450889
13.2 0.0600474 -3.76047e-16 0.939914 -5.24225e-16 0.0147351 -0.00445489
13.3 0.0594574 -3.79085e-16 0.940504 -4.74996e-16 0.0134997 -0.00447324
13.4 0.0588725 -3.85735e-16 0.941089 -4.25079e-16 0.0123195 -0.00457032
13.5 0.0582928 -3.85419e-16 0.941669 -4.8567e-16 0.0112129 -0.0047467
13.6 0.0577185 -3.90866e-16 0.942243 -4.54214e-16 0.0101973 -0.00499747
13.7 0.0571495 -3.9455e-16 0.942812 -3.9547e-16 0.00928863 -0.00531251
13.8 0.0565858 -3.97763e-16 0.943376 -3.7139e-16 0.00849974 -0.00567706
13.9 0.0560275 -4.00188e-16 0.943934 -3.58087e-16 0.00783954 -0.00607274
14 0.0554744 -3.96533e-16 0.944487 -3.97579e-16 0.0073123 -0.00647866
14.1 0.0549265 -3.95591e-16 0.945035 -4.05902e-16 0.00691727 -0.00687263
14.2 0.0543838 -3.92719e-16 0.945578 -3.95897e-16 0.00664853 -0.00723243
14.3 0.053846 -3.91223e-16 0.946116 -3.46275e-16 0.00649513 -0.00753714
14.4 0.0533132 -3.8111e-16 0.946648 -3.75275e-16 0.00644156 -0.00776823
14.5 0.0527854 -3.74012e-16 0.947176 -4.17684e-16 0.00646847 -0.00791066
14.6 0.0522624 -3.66574e-16 0.947699 -4.54808e-16 0.00655356 -0.00795374
14.7 0.0517443 -3.55131e-16 0.948217 -4.96365e-16 0.00667272 -0.00789165
14.8 0.0512311 -3.41902e-16 0.94873 -5.57047e-16 0.0068012 -0.00772381
14.9 0.0507226 -3.31926e-16 0.949239 -5.78976e-16 0.00691485 -0.00745488
15 0.050219 -3.22921e-16 0.949742 -6.21554e-16 0.00699129 -0.00709451
15.1 0.0497201 -3.14782e-16 0.950241 -6.22436e-16 0.00701102 -0.00665676
15.2 0.0492261 -3.05976e-16 0.950736 -6.6134e-16 0.00695828 -0.00615944
15.3 0.0487367 -3.00107e-16 0.951225 -6.5036e-16 0.00682186 -0.00562307
15.4 0.0482522 -2.96971e-16 0.95171 -6.48326e-16 0.00659538 -0.00507002
15.5 0.0477723 -2.96904e-16 0.952189 -6.33364e-16 0.00627787 -0.00452316
15.6 0.0472972 -2.95334e-16 0.952665 -6.32282e-16 0.00587355 -0.00400472
15.7 0.0468267 -2.98362e-16 0.953135 -5.89897e-16 0.00539158 -0.00353513
15.8 0.0463609 -2.99934e-16 0.953601 -5.4415e-16 0.00484544 -0.00313198
15.9 0.0458996 -2.99097e-16 0.954062 -5.51702e-16 0.00425211 -0.00280917
16 0.045443 -3.04154e-16 0.954519 -4.89745e-16 0.00363121 -0.00257621
16.1 0.0449909 -3.06866e-16 0.954971 -4.5952e-16 0.00300399 -0.00243775
16.2 0.0445432 -3.08109e-16 0.955419 -4.22924e-16 0.00239194 -0.00239351
16.3 0.0441001 -3.08555e-16 0.955862 -3.89909e-16 0.00181566 -0.00243829
16.4 0.0436613 -3.08489e-16 0.956301 -3.86283e-16 0.00129409 -0.00256237
16.5 0.0432269 -3.07094e-16 0.956735 -3.8405e-16 0.000843409 -0.00275199
16.6 0.0427968 -3.04706e-16 0.957165 -3.84793e-16 0.000476113 -0.00299014
16.7 0.042371 -3.04654e-16 0.957591 -3.49131e-16 0.000200472 -0.00325745
16.8 0.0419494 -3.02454e-16 0.958013 -3.37102e-16 2.01045e-05 -0.00353324
16.9 0.041532 -2.98184e-16 0.95843 -3.4657e-16 -6.62761e-05 -0.00379655
17 0.0411187 -2.93566e-16 0.958843 -3.62164e-16 -6.4863e-05 -0.00402744
17.1 0.0407096 -2.88268e-16 0.959252 -3.77979e-16 1.39372e-05 -0.00420796
17.2 0.0403046 -2.83799e-16 0.959657 -3.95267e-16 0.000155772 -0.00432323
17.3 0.0399035 -2.79611e-16 0.960058 -4.05393e-16 0.000343568 -0.00436204
17.4 0.0395065 -2.76142e-16 0.960455 -4.15488e-16 0.000558222 -0.00431738
17.5 0.0391134 -2.73382e-16 0.960848 -4.26366e-16 0.00077966 -0.00418666
17.6 0.0387242 -2.70748e-16 0.961237 -4.33584e-16 0.000987751 -0.00397214
17.7 0.0383389 -2.68428e-16 0.961622 -4.39689e-16 0.00116361 -0.0036804
17.8 0.0379574 -2.66119e-16 0.962004 -4.43263e-16 0.00129039 -0.00332213
17.9 0.0375797 -2.63783e-16 0.962382 -4.47189e-16 0.00135422 -0.00291149
18 0.0372058 -2.615e-16 0.962756 -4.49238e-16 0.00134485 -0.00246537
18.1 0.0368356 -2.58981e-16 0.963126 -4.51998e-16 0.00125618 -0.00200252
18.2 0.0364691 -2.56287e-16 0.963492 -4.58014e-16 0.00108657 -0.00154248
18.3 0.0361062 -2.53754e-16 0.963855 -4.60321e-16 0.000838996 -0.00110452
18.4 0.035747 -2.51369e-16 0.964214 -4.60241e-16 0.000520579 -0.000706761
18.5 0.0353913 -2.48898e-16 0.96457 -4.64398e-16 0.000142468 -0.000364867
18.6 0.0350391 -2.46386e-16 0.964922 -4.68296e-16 -0.000281124 -9.16263e-05
18.7 0.0346905 -2.4384e-16 0.965271 -4.72685e-16 -0.000733416 0.00010386
18.8 0.0343453 -2.41484e-16 0.965616 -4.69482e-16 -0.00119634 0.000216481
18.9 0.0340035 -2.38809e-16 0.965958 -4.75916e-16 -0.00165107 0.000245405
19 0.0336652 -2.365e-16 0.966296 -4.75607e-16 -0.00207908 0.000194006
19.1 0.0333302 -2.34061e-16 0.966631 -4.7761e-16 -0.00246322 6.98552e-05
19.2 0.0329986 -2.31704e-16 0.966963 -4.81396e-16 -0.00278863 -0.000115815
19.3 0.0326702 -2.29483e-16 0.967291 -4.84222e-16 -0.00304351 -0.000348606
19.4 0.0323452 -2.27134e-16 0.967616 -4.89113e-16 -0.00321966 -0.000612141
19.5 0.0320233 -2.24923e-16 0.967938 -4.90971e-16 -0.00331283 -0.000888517
19.6 0.0317047 -2.22739e-16 0.968257 -4.93733e-16 -0.00332303 -0.00115932
19.7 0.0313892 -2.20552e-16 0.968572 -4.94694e-16 -0.00325438 -0.00140652
19.8 0.0310769 -2.18565e-16 0.968884 -4.89981e-16 -0.00311512 -0.00161361
19.9 0.0307677 -2.16414e-16 0.969194 -4.91054e-16 -0.00291717 -0.00176671
20 0.0304615 -2.14255e-16 0.9695 -4.92896e-16 -0.00267509 -0.00185525
