0 0 0 1 0 0 0
0.1 1.7171e-07 1.14905e-23 0.99998 3.83765e-16 4.82634e-05 -0.00041119
0.2 7.90796e-07 3.91416e-22 0.99998 5.14442e-17 0.000195264 -0.000865857
0.3 2.03569e-06 2.53273e-21 0.999981 -6.15557e-16 0.000448572 -0.00134968
0.4 4.11455e-06 6.55267e-21 0.99998 -5.4429e-16 0.000812265 -0.00184831
0.5 7.26438e-06 1.05694e-20 0.999979 -6.59651e-16 0.00128705 -0.00234831
0.6 1.17498e-05 1.62194e-20 0.999976 -8.41233e-16 0.00187058 -0.00283803
0.7 1.78622e-05 2.04825e-20 0.999971 -1.05388e-15 0.00255798 -0.0033084
0.8 2.59207e-05 1.82004e-20 0.999963 -1.2384e-15 0.00334255 -0.00375357
0.9 3.62752e-05 5.06869e-21 0.999953 -1.3776e-15 0.00421655 -0.00417139
1 4.93155e-05 -1.12308e-20 0.999939 -1.44545e-15 0.00517211 -0.00456365
1.1 6.54853e-05 -4.21137e-20 0.999923 -1.4251e-15 0.00620218 -0.00493615
1.2 8.53063e-05 -8.141e-20 0.999903 -1.30889e-15 0.0073014 -0.00529855
1.3 0.000109412 -1.18332e-19 0.999879 -1.11964e-15 0.00846696 -0.00566395
1.4 0.000138596 -1.56723e-19 0.99985 -8.9826e-16 0.00969931 -0.00604837
1.5 0.00017387 -2.04542e-19 0.999815 -6.63779e-16 0.0110028 -0.00647
1.6 0.000216545 -1.98431e-19 0.999773 -4.68943e-16 0.0123859 -0.00694837
1.7 0.000268317 -3.908e-20 0.999722 -3.29445e-16 0.0138617 -0.00750346
1.8 0.000331377 1.66869e-19 0.999659 -2.21426e-16 0.0154473 -0.00815473
1.9 0.000408528 5.58762e-19 0.999583 -1.88496e-16 0.0171641 -0.00892021
2 0.000503311 1.14489e-18 0.999488 -1.91156e-16 0.0190372 -0.00981568
2.1 0.000620137 1.95429e-18 0.999371 -2.61986e-16 0.0210945 -0.0108539
2.2 0.000764414 3.00397e-18 0.999227 -3.61056e-16 0.0233661 -0.0120439
2.3 0.000942675 4.35187e-18 0.999048 -5.14337e-16 0.0258832 -0.0133909
2.4 0.00116268 5.93265e-18 0.998828 -7.16214e-16 0.0286774 -0.0148956
2.5 0.00143352 7.00021e-18 0.998556 -9.43908e-16 0.0317794 -0.0165543
2.6 0.00176562 8.04359e-18 0.998223 -1.16009e-15 0.0352178 -0.0183591
2.7 0.00217085 8.8445e-18 0.997816 -1.32617e-15 0.0390186 -0.0202982
2.8 0.00266242 9.54607e-18 0.997323 -1.48435e-15 0.043204 -0.0223562
2.9 0.00325487 8.96917e-18 0.99673 -1.50722e-15 0.0477917 -0.0245145
3 0.00396394 6.2586e-18 0.99602 -1.45967e-15 0.0527943 -0.0267523
3.1 0.00480641 1.99173e-18 0.995177 -1.40773e-15 0.0582188 -0.029047
3.2 0.00579991 -3.34837e-18 0.994183 -1.25408e-15 0.0640663 -0.0313748
3.3 0.00696268 -1.2042e-17 0.99302 -1.11867e-15 0.0703321 -0.0337113
3.4 0.00831324 -2.3566e-17 0.99167 -9.85222e-16 0.077005 -0.0360324
3.5 0.0098701 -3.65737e-17 0.990113 -8.54519e-16 0.0840684 -0.0383143
3.6 0.0116514 -4.99124e-17 0.988332 -7.55975e-16 0.0914996 -0.0405342
3.7 0.0136745 -6.55933e-17 0.986309 -7.20933e-16 0.0992709 -0.0426705
3.8 0.0159557 -8.06981e-17 0.984028 -7.01181e-16 0.10735 -0.0447029
3.9 0.0185095 -8.99365e-17 0.981475 -6.79492e-16 0.115698 -0.0466123
4 0.0213486 -9.55618e-17 0.978636 -7.04178e-16 0.124275 -0.0483813
4.1 0.0244831 -9.79419e-17 0.975501 -7.63578e-16 0.133035 -0.0499937
4.2 0.0279201 -9.98295e-17 0.972064 -8.4439e-16 0.14193 -0.0514347
4.3 0.0316636 -9.8732e-17 0.96832 -9.33797e-16 0.150908 -0.0526909
4.4 0.0357134 -9.41955e-17 0.96427 -9.81897e-16 0.159915 -0.05375
4.5 0.0400656 -9.23451e-17 0.959918 -1.03829e-15 0.168897 -0.0546017
4.6 0.0447115 -1.02994e-16 0.955271 -1.02026e-15 0.177794 -0.0552372
4.7 0.0496379 -1.09175e-16 0.950345 -1.0206e-15 0.186551 -0.0556496
4.8 0.0548266 -1.14215e-16 0.945156 -9.50587e-16 0.195107 -0.0558343
4.9 0.0602548 -1.0352e-16 0.939728 -8.62079e-16 0.203407 -0.0557895
5 0.0658949 -6.1452e-17 0.934088 -8.02889e-16 0.211394 -0.0555166
5.1 0.0717151 2.02804e-17 0.928267 -8.08767e-16 0.219015 -0.0550207
5.2 0.07768 9.21607e-17 0.922303 -7.94526e-16 0.226218 -0.0543112
5.3 0.0837512 1.88127e-16 0.916231 -9.75494e-16 0.23296 -0.0534019
5.4 0.0898886 2.56315e-16 0.910094 -1.09802e-15 0.239199 -0.0523111
5.5 0.0960511 3.63608e-16 0.903931 -1.40541e-15 0.244905 -0.051061
5.6 0.102198 4.99227e-16 0.897784 -1.70515e-15 0.250053 -0.0496772
5.7 0.10829 7.00778e-16 0.891692 -2.05574e-15 0.254626 -0.0481879
5.8 0.114291 9.42202e-16 0.88569 -2.42159e-15 0.258619 -0.0466225
5.9 0.120168 1.11661e-15 0.879812 -2.68898e-15 0.262032 -0.0450106
6 0.125891 1.20165e-15 0.874088 -2.90893e-15 0.264876 -0.0433797
6.1 0.131436 1.11256e-15 0.868541 -2.8719e-15 0.267169 -0.0417545
6.2 0.136783 8.54612e-16 0.863192 -2.63991e-15 0.268935 -0.0401546
6.3 0.141917 4.19766e-16 0.858057 -2.14482e-15 0.270202 -0.0385944
6.4 0.146823 -9.73769e-17 0.853149 -1.61138e-15 0.271003 -0.0370815
6.5 0.151492 -5.75802e-16 0.848478 -1.11992e-15 0.271369 -0.0356175
6.6 0.155914 -9.87792e-16 0.844054 -7.15247e-16 0.271333 -0.0341974
6.7 0.160081 -1.3076e-15 0.839885 -3.3058e-16 0.270924 -0.0328106
6.8 0.163984 -1.47536e-15 0.835979 -8.93806e-17 0.270167 -0.0314422
6.9 0.167612 -1.44611e-15 0.832349 -1.07175e-16 0.269082 -0.0300747
7 0.170955 -1.20823e-15 0.829003 -3.04219e-16 0.267684 -0.0286901
7.1 0.173999 -8.63687e-16 0.825957 -4.8143e-16 0.265979 -0.0272722
7.2 0.176731 -4.14095e-16 0.823221 -8.46621e-16 0.26397 -0.0258083
7.3 0.17914 1.05151e-16 0.82081 -1.20932e-15 0.261652 -0.024291
7.4 0.181213 7.48499e-16 0.818734 -1.66521e-15 0.259022 -0.0227193
7.5 0.182941 1.42711e-15 0.817003 -2.15808e-15 0.25607 -0.021099
7.6 0.184322 2.11246e-15 0.81562 -2.62304e-15 0.252791 -0.0194418
7.7 0.185354 2.67924e-15 0.814585 -3.0036e-15 0.24918 -0.0177645
7.8 0.186043 2.91719e-15 0.813893 -3.05797e-15 0.245235 -0.0160868
7.9 0.1864 2.79328e-15 0.813534 -2.79911e-15 0.240957 -0.0144304
8 0.186441 2.42803e-15 0.81349 -2.41354e-15 0.236354 -0.0128168
8.1 0.186186 2.00958e-15 0.813741 -1.95166e-15 0.231435 -0.0112666
8.2 0.185661 1.72986e-15 0.814264 -1.55371e-15 0.226217 -0.009797
8.3 0.18489 1.80238e-15 0.815032 -1.46997e-15 0.220719 -0.00842116
8.4 0.183903 2.32222e-15 0.816016 -1.61985e-15 0.214963 -0.00714703
8.5 0.182727 3.19804e-15 0.817189 -2.03139e-15 0.208973 -0.00597783
8.6 0.18139 4.24706e-15 0.818523 -2.60405e-15 0.202775 -0.00491239
8.7 0.179917 5.30414e-15 0.819993 -3.22767e-15 0.196394 -0.00394533
8.8 0.178332 6.17705e-15 0.821576 -3.77866e-15 0.189857 -0.00306793
8.9 0.176656 6.52978e-15 0.823249 -4.04128e-15 0.183189 -0.00226887
9 0.174907 6.42313e-15 0.824996 -4.01203e-15 0.176411 -0.00153536
9.1 0.1731 5.97073e-15 0.8268 -3.71089e-15 0.169545 -0.000854581
9.2 0.171248 5.29558e-15 0.828649 -3.24201e-15 0.162609 -0.000214957
9.3 0.169363 4.6292e-15 0.830532 -2.82565e-15 0.155621 0.000392789
9.4 0.167453 4.12204e-15 0.832438 -2.59565e-15 0.148596 0.000974836
9.5 0.165528 3.8441e-15 0.834361 -2.60367e-15 0.141552 0.00153388
9.6 0.163594 3.75452e-15 0.836293 -2.62635e-15 0.134504 0.00206929
9.7 0.161659 3.7879e-15 0.838226 -2.61363e-15 0.12747 0.0025775
9.8 0.159728 3.77435e-15 0.840154 -2.57987e-15 0.120469 0.00305278
9.9 0.157809 3.72619e-15 0.842071 -2.51259e-15 0.113524 0.00348798
10 0.155906 3.58133e-15 0.843972 -2.45577e-15 0.106656 0.00387515
10.1 0.154027 3.29184e-15 0.845849 -2.41815e-15 0.099889 0.00420547
10.2 0.152174 2.94163e-15 0.8477 -2.36116e-15 0.0932474 0.00446996
10.3 0.150354 2.63905e-15 0.849518 -2.37415e-15 0.0867574 0.00466047
10.4 0.148569 2.5039e-15 0.851301 -2.52497e-15 0.0804462 0.00477043
10.5 0.146824 2.60893e-15 0.853044 -2.89242e-15 0.0743406 0.00479513
10.6 0.145119 3.02581e-15 0.854747 -3.4808e-15 0.0684674 0.00473226
10.7 0.143457 3.68274e-15 0.856406 -4.16219e-15 0.0628534 0.00458271
10.8 0.141839 4.49351e-15 0.858023 -4.83496e-15 0.0575235 0.00435169
10.9 0.140263 5.29694e-15 0.859596 -5.66942e-15 0.0525 0.00404918
11 0.138728 6.13177e-15 0.861129 -6.4368e-15 0.0478 0.00368911
11.1 0.137233 7.02269e-15 0.862621 -7.02274e-15 0.0434354 0.00328797
11.2 0.135775 7.8726e-15 0.864077 -7.42964e-15 0.0394124 0.00286398
11.3 0.134351 8.63813e-15 0.865499 -7.71085e-15 0.0357322 0.00243635
11.4 0.132958 9.34032e-15 0.86689 -7.92809e-15 0.0323901 0.00202517
11.5 0.131592 1.00305e-14 0.868254 -8.09583e-15 0.0293758 0.00165044
11.6 0.13025 1.05794e-14 0.869593 -8.23362e-15 0.026672 0.00133057
11.7 0.128931 1.10673e-14 0.87091 -8.28762e-15 0.0242567 0.0010801
11.8 0.12763 1.15112e-14 0.872209 -8.33358e-15 0.0221037 0.000909399
11.9 0.126345 1.18335e-14 0.873491 -8.40986e-15 0.020185 0.000824301
12 0.125076 1.2e-14 0.874758 -8.52585e-15 0.0184716 0.000826669
12.1 0.12382 1.20339e-14 0.876012 -8.64882e-15 0.0169338 0.00091458
12.2 0.122577 1.19745e-14 0.877254 -8.75486e-15 0.0155422 0.0010821
12.3 0.121346 1.18372e-14 0.878483 -8.84493e-15 0.0142686 0.00131932
12.4 0.120126 1.15955e-14 0.879701 -8.94701e-15 0.0130875 0.00161284
12.5 0.118917 1.12346e-14 0.880908 -9.01635e-15 0.0119761 0.00194644
12.6 0.11772 1.07698e-14 0.882103 -9.00259e-15 0.0109157 0.00230174
12.7 0.116535 1.03633e-14 0.883287 -8.89418e-15 0.00989185 0.00265873
12.8 0.115362 1.0035e-14 0.884459 -8.67265e-15 0.00889523 0.00299677
12.9 0.114201 9.69832e-15 0.885619 -8.37306e-15 0.00792164 0.0032965
13 0.113052 9.43041e-15 0.886767 -8.10006e-15 0.00697164 0.00354058
13.1 0.111915 9.33718e-15 0.887903 -7.86934e-15 0.00604947 0.00371491
13.2 0.11079 9.26598e-15 0.889026 -7.76579e-15 0.00516206 0.00380902
13.3 0.109678 9.25678e-15 0.890137 -7.75138e-15 0.0043184 0.00381558
13.4 0.108578 9.28524e-15 0.891236 -7.82896e-15 0.00352931 0.0037312
13.5 0.107491 9.34438e-15 0.892322 -7.91844e-15 0.00280662 0.00355685
13.6 0.106415 9.41498e-15 0.893396 -7.88685e-15 0.00216218 0.00329793
13.7 0.105351 9.40465e-15 0.894459 -7.79897e-15 0.00160653 0.00296456
13.8 0.104299 9.40819e-15 0.89551 -7.56214e-15 0.00114777 0.00257065
13.9 0.103259 9.41369e-15 0.896549 -7.29711e-15 0.000790603 0.00213289
14 0.102229 9.38838e-15 0.897578 -7.12803e-15 0.000536143 0.00166949
14.1 0.10121 9.35191e-15 0.898596 -7.00856e-15 0.000381831 0.00119906
14.2 0.100202 9.31305e-15 0.899604 -6.96946e-15 0.000321835 0.000739694
14.3 0.0992038 9.22964e-15 0.900601 -7.02623e-15 0.000347304 0.000308654
14.4 0.098216 9.08843e-15 0.901587 -7.1884e-15 0.000446304 -7.81654e-05
14.5 0.0972381 8.88035e-15 0.902564 -7.39461e-15 0.000603986 -0.000407167
14.6 0.09627 8.65939e-15 0.90353 -7.53805e-15 0.000802812 -0.000668031
14.7 0.0953117 8.44256e-15 0.904487 -7.52165e-15 0.00102362 -0.000854407
14.8 0.0943628 8.24676e-15 0.905435 -7.23429e-15 0.00124659 -0.000964547
14.9 0.0934236 8.09365e-15 0.906373 -6.80792e-15 0.0014532 -0.00100122
15 0.0924938 7.9851e-15 0.907302 -6.47178e-15 0.00162641 -0.00097155
15.1 0.0915732 7.95616e-15 0.908221 -6.11137e-15 0.00175266 -0.00088631
15.2 0.0906619 7.92217e-15 0.909132 -5.70509e-15 0.00182257 -0.000758376
15.3 0.0897596 7.94415e-15 0.910033 -5.25775e-15 0.00183034 -0.000601585
15.4 0.0888663 7.92942e-15 0.910926 -4.83378e-15 0.00177289 -0.000430644
15.5 0.0879818 7.8636e-15 0.91181 -4.45677e-15 0.00165081 -0.000260704
15.6 0.0871061 7.79402e-15 0.912686 -4.08064e-15 0.00146853 -0.000106732
15.7 0.0862391 7.70669e-15 0.913552 -3.75118e-15 0.00123474 1.75865e-05
15.8 0.0853806 7.62833e-15 0.91441 -3.64226e-15 0.000961329 0.000102117
15.9 0.0845307 7.56918e-15 0.915259 -3.57419e-15 0.000662036 0.000139895
16 0.0836893 7.52186e-15 0.9161 -3.53935e-15 0.000351578 0.000127719
16.1 0.0828564 7.50597e-15 0.916933 -3.47584e-15 4.44077e-05 6.55489e-05
16.2 0.0820318 7.47235e-15 0.917757 -3.3622e-15 -0.000245519 -4.41628e-05
16.3 0.0812154 7.435e-15 0.918573 -3.25653e-15 -0.000504862 -0.000196275
16.4 0.0804073 7.43833e-15 0.919381 -3.2532e-15 -0.00072157 -0.000382943
16.5 0.0796072 7.43662e-15 0.920181 -3.16315e-15 -0.000885556 -0.000593564
16.6 0.0788151 7.43611e-15 0.920973 -3.10804e-15 -0.000989556 -0.000815415
16.7 0.0780309 7.41328e-15 0.921757 -2.9753e-15 -0.00102972 -0.0010343
16.8 0.0772545 7.39124e-15 0.922533 -2.81819e-15 -0.0010061 -0.00123552
16.9 0.0764859 7.35876e-15 0.923302 -2.62728e-15 -0.000922744 -0.00140508
17 0.0757248 7.30032e-15 0.924062 -2.44878e-15 -0.000787237 -0.00153099
17.1 0.0749714 7.21038e-15 0.924816 -2.31158e-15 -0.000609908 -0.00160384
17.2 0.0742255 7.1221e-15 0.925561 -2.16351e-15 -0.000402969 -0.00161706
17.3 0.073487 7.0386e-15 0.9263 -2.03522e-15 -0.000179713 -0.00156717
17.4 0.0727558 6.95393e-15 0.927031 -1.90904e-15 4.59108e-05 -0.00145392
17.5 0.0720319 6.87513e-15 0.927754 -1.78316e-15 0.000260212 -0.00128024
17.6 0.0713152 6.79496e-15 0.928471 -1.63778e-15 0.000450229 -0.00105212
17.7 0.0706055 6.7127e-15 0.92918 -1.47457e-15 0.000604383 -0.000778415
17.8 0.069903 6.63632e-15 0.929882 -1.32779e-15 0.000713148 -0.000470384
17.9 0.0692074 6.56234e-15 0.930578 -1.20009e-15 0.000769809 -0.000141294
18 0.0685187 6.49693e-15 0.931266 -1.1509e-15 0.000770769 0.000194399
18.1 0.0678369 6.43045e-15 0.931948 -1.11192e-15 0.000715899 0.000521895
18.2 0.0671619 6.36919e-15 0.932623 -1.08493e-15 0.000608211 0.000826959
18.3 0.0664937 6.30686e-15 0.933291 -1.0632e-15 0.000453673 0.00109677
18.4 0.065832 6.24436e-15 0.933952 -1.02948e-15 0.000260679 0.00132027
18.5 0.065177 6.18147e-15 0.934607 -9.80259e-16 3.95868e-05 0.00148843
18.6 0.0645285 6.1191e-15 0.935256 -9.18573e-16 -0.000197413 0.00159474
18.7 0.0638864 6.05599e-15 0.935898 -8.42043e-16 -0.000436993 0.00163585
18.8 0.0632507 5.99395e-15 0.936534 -7.63112e-16 -0.000665398 0.00161191
18.9 0.0626214 5.93224e-15 0.937163 -6.7065e-16 -0.00086959 0.00152652
19 0.0619983 5.87121e-15 0.937786 -5.81394e-16 -0.00103791 0.00138634
19.1 0.0613814 5.81077e-15 0.938403 -4.93622e-16 -0.00116074 0.00120062
19.2 0.0607706 5.75106e-15 0.939014 -4.02819e-16 -0.00123106 0.000980632
19.3 0.0601659 5.69219e-15 0.939619 -3.21055e-16 -0.00124463 0.00073905
19.4 0.0595673 5.63423e-15 0.940217 -2.43061e-16 -0.00120034 0.000489338
19.5 0.0589746 5.57632e-15 0.94081 -1.58345e-16 -0.00110014 0.000244947
19.6 0.0583877 5.51968e-15 0.941397 -8.2162e-17 -0.00094921 1.86097e-05
19.7 0.0578068 5.46391e-15 0.941978 -1.09472e-17 -0.000755287 -0.000178876
19.8 0.0572316 5.40902e-15 0.942553 5.10223e-17 -0.000528171 -0.00033868
19.9 0.0566621 5.35487e-15 0.943122 1.06385e-16 -0.000279052 -0.000454518
20 0.0560983 5.30157e-15 0.943686 1.60694e-16 -1.99742e-05 -0.000522947
