0 0 0 1 0 0 0
0.1 1.71713e-07 -9.629e-24 0.999999 -1.55627e-17 4.82775e-05 -0.000411528
0.2 7.91125e-07 -4.86669e-24 0.999998 -1.07778e-17 0.000195532 -0.000867545
0.3 2.03786e-06 2.59122e-23 0.999996 -5.52147e-18 0.000449863 -0.00135438
0.4 4.12258e-06 1.95733e-22 0.999994 6.6463e-18 0.000816179 -0.00185823
0.5 7.28649e-06 1.28934e-21 0.999991 1.70348e-17 0.00129628 -0.00236598
0.6 1.18004e-05 5.01402e-21 0.999986 2.5685e-17 0.00188911 -0.00286602
0.7 1.79638e-05 1.16714e-20 0.999979 3.63555e-17 0.00259122 -0.00334897
0.8 2.61054e-05 2.03193e-20 0.999971 3.561e-17 0.00339734 -0.00380833
0.9 3.65856e-05 2.98535e-20 0.99996 3.89635e-17 0.00430113 -0.00424087
1 4.98028e-05 4.00493e-20 0.999947 4.12433e-17 0.00529592 -0.00464699
1.1 6.6206e-05 5.4164e-20 0.99993 4.50829e-17 0.00637559 -0.00503078
1.2 8.63138e-05 7.3231e-20 0.99991 4.63915e-17 0.00753538 -0.00539996
1.3 0.000110744 8.85316e-20 0.999885 4.68039e-17 0.00877271 -0.0057656
1.4 0.000140254 9.68604e-20 0.999856 4.47864e-17 0.0100878 -0.00614165
1.5 0.000175796 1.08339e-19 0.99982 4.19941e-17 0.0114845 -0.00654436
1.6 0.000218583 1.40393e-19 0.999778 3.43067e-17 0.0129702 -0.00699156
1.7 0.000270173 2.30854e-19 0.999726 3.0549e-17 0.0145567 -0.00750187
1.8 0.000332565 2.31344e-19 0.999664 2.388e-17 0.0162598 -0.0080938
1.9 0.000408309 1.74586e-19 0.999589 1.47839e-17 0.0180994 -0.00878492
2 0.000500625 -1.81914e-21 0.999496 4.45328e-18 0.0200991 -0.00959105
2.1 0.000613529 -1.74745e-19 0.999384 -5.07645e-18 0.0222856 -0.0105255
2.2 0.000751956 -4.67344e-19 0.999245 -1.2511e-17 0.0246881 -0.0115983
2.3 0.00092188 -9.19672e-19 0.999076 -1.76761e-17 0.0273377 -0.0128158
2.4 0.00113042 -1.34279e-18 0.998867 -2.05855e-17 0.0302661 -0.0141805
2.5 0.00138593 -2.25459e-18 0.998612 -2.09488e-17 0.0335049 -0.0156902
2.6 0.00169805 -3.05321e-18 0.9983 -1.87067e-17 0.0370845 -0.0173387
2.7 0.00207773 -3.52273e-18 0.99792 -1.43385e-17 0.0410332 -0.0191154
2.8 0.00253718 -3.72916e-18 0.997461 -8.06395e-18 0.0453764 -0.0210057
2.9 0.00308984 -3.62407e-18 0.996908 -1.0359e-18 0.0501352 -0.0229914
3 0.00375021 -3.54303e-18 0.996248 7.52497e-18 0.0553262 -0.0250511
3.1 0.00453369 -3.47496e-18 0.995464 1.53702e-17 0.0609609 -0.0271609
3.2 0.0054563 -1.6861e-18 0.994541 2.22455e-17 0.0670445 -0.0292948
3.3 0.0065344 -2.77179e-19 0.993463 2.90158e-17 0.0735765 -0.0314255
3.4 0.00778434 1.35165e-18 0.992213 3.33894e-17 0.0805496 -0.0335248
3.5 0.009222 3.33283e-18 0.990776 3.68391e-17 0.0879501 -0.0355644
3.6 0.0108624 4.87858e-18 0.989135 4.04336e-17 0.0957581 -0.0375162
3.7 0.0127191 3.35087e-18 0.987278 4.39379e-17 0.103947 -0.0393529
3.8 0.014804 6.60155e-20 0.985193 4.90712e-17 0.112485 -0.0410487
3.9 0.0171263 -6.23775e-18 0.982871 5.41683e-17 0.121333 -0.0425789
4 0.0196925 -1.60053e-17 0.980305 6.16283e-17 0.130448 -0.0439213
4.1 0.0225055 -2.75176e-17 0.977492 7.11225e-17 0.139783 -0.0450557
4.2 0.0255646 -3.79183e-17 0.974433 7.68593e-17 0.149284 -0.0459643
4.3 0.0288647 -4.67097e-17 0.971133 7.99551e-17 0.158897 -0.0466325
4.4 0.032396 -5.16537e-17 0.967601 8.16308e-17 0.168562 -0.0470486
4.5 0.0361442 -4.94168e-17 0.963853 7.44005e-17 0.178221 -0.0472048
4.6 0.04009 -4.40208e-17 0.959907 6.39314e-17 0.18781 -0.0470967
4.7 0.0442096 -3.6399e-17 0.955788 5.28841e-17 0.197268 -0.0467247
4.8 0.0484746 -1.78658e-17 0.951523 3.0642e-17 0.206535 -0.0460934
4.9 0.0528526 5.84439e-18 0.947145 6.87673e-18 0.215551 -0.0452124
5 0.0573082 3.58649e-17 0.942689 -2.32884e-17 0.224261 -0.0440966
5.1 0.0618033 7.24975e-17 0.938194 -5.88969e-17 0.232614 -0.0427656
5.2 0.0662988 1.06742e-16 0.933699 -9.46161e-17 0.240563 -0.0412444
5.3 0.0707552 1.34961e-16 0.929242 -1.26759e-16 0.24807 -0.039562
5.4 0.0751345 1.50157e-16 0.924863 -1.39827e-16 0.255102 -0.0377517
5.5 0.0794007 1.43984e-16 0.920597 -1.17461e-16 0.261637 -0.0358489
5.6 0.0835218 1.20229e-16 0.916476 -8.12299e-17 0.267658 -0.0338908
5.7 0.0874701 8.63576e-17 0.912527 -4.60235e-17 0.273161 -0.0319138
5.8 0.0912232 5.34275e-17 0.908774 3.91992e-21 0.278146 -0.0299526
5.9 0.0947643 -3.52658e-18 0.905233 6.23179e-17 0.282626 -0.0280375
6 0.098082 -3.44412e-17 0.901915 1.15696e-16 0.286616 -0.0261931
6.1 0.10117 -8.4054e-17 0.898827 1.75037e-16 0.290138 -0.0244367
6.2 0.104026 -1.46433e-16 0.895972 2.39152e-16 0.293218 -0.0227769
6.3 0.106649 -1.83775e-16 0.893348 2.78998e-16 0.295882 -0.0212134
6.4 0.109042 -2.31462e-16 0.890956 3.411e-16 0.298155 -0.0197368
6.5 0.111205 -2.74048e-16 0.888793 3.95922e-16 0.300059 -0.0183299
6.6 0.113136 -3.19392e-16 0.886861 4.27465e-16 0.301614 -0.0169686
6.7 0.114834 -3.15475e-16 0.885164 4.09897e-16 0.30283 -0.0156245
6.8 0.116289 -2.49414e-16 0.883708 3.42262e-16 0.303714 -0.0142671
6.9 0.117492 -1.66481e-16 0.882506 2.53212e-16 0.304263 -0.0128667
7 0.118427 -7.66672e-17 0.881571 1.59414e-16 0.304471 -0.0113969
7.1 0.119077 1.9164e-17 0.88092 5.90723e-17 0.304323 -0.00983697
7.2 0.119426 1.07033e-16 0.880572 -4.46599e-17 0.303803 -0.00817334
7.3 0.119455 1.61639e-16 0.880542 -1.11245e-16 0.302892 -0.00640086
7.4 0.11915 2.22421e-16 0.880847 -1.68758e-16 0.301569 -0.00452284
7.5 0.1185 2.56763e-16 0.881497 -2.09545e-16 0.299816 -0.00255054
7.6 0.1175 2.82826e-16 0.882497 -2.1917e-16 0.29762 -0.000501862
7.7 0.11615 2.88986e-16 0.883847 -2.22691e-16 0.294967 0.00160038
7.8 0.114458 2.75765e-16 0.885539 -2.10116e-16 0.291855 0.00373055
7.9 0.112439 2.34887e-16 0.887558 -1.70796e-16 0.288282 0.00586232
8 0.110112 1.76717e-16 0.889885 -1.25066e-16 0.284255 0.00797064
8.1 0.107502 9.05892e-17 0.892495 -2.60998e-17 0.279784 0.0100334
8.2 0.104639 -1.84821e-17 0.895357 8.24881e-17 0.274884 0.0120324
8.3 0.101556 -1.11697e-16 0.898441 1.65978e-16 0.269573 0.0139543
8.4 0.0982856 -2.00091e-16 0.901711 2.49542e-16 0.263873 0.0157906
8.5 0.0948619 -2.69844e-16 0.905135 3.23503e-16 0.257804 0.0175369
8.6 0.0913182 -3.28775e-16 0.908679 3.90851e-16 0.251389 0.0191926
8.7 0.0876865 -3.8424e-16 0.91231 4.52425e-16 0.244647 0.0207593
8.8 0.083997 -4.11313e-16 0.916 4.86054e-16 0.237602 0.0222399
8.9 0.0802778 -4.44315e-16 0.919719 5.17459e-16 0.230271 0.0236372
9 0.076555 -4.66168e-16 0.923442 5.25246e-16 0.222675 0.0249528
9.1 0.0728529 -4.56356e-16 0.927144 5.06636e-16 0.214832 0.026186
9.2 0.0691937 -4.13953e-16 0.930803 4.62284e-16 0.206761 0.027333
9.3 0.0655983 -3.65191e-16 0.934399 4.01862e-16 0.198484 0.028387
9.4 0.062086 -3.00215e-16 0.937911 3.39063e-16 0.190023 0.0293374
9.5 0.0586749 -2.31198e-16 0.941322 2.63e-16 0.181403 0.0301708
9.6 0.0553819 -1.65912e-16 0.944615 1.93491e-16 0.172652 0.0308711
9.7 0.0522222 -9.55987e-17 0.947775 1.24461e-16 0.163804 0.0314204
9.8 0.0492098 -2.97324e-17 0.950787 5.66086e-17 0.154894 0.0317998
9.9 0.0463567 2.5884e-17 0.95364 3.86695e-18 0.145964 0.0319912
10 0.0436733 6.86632e-17 0.956323 -3.82044e-17 0.137058 0.0319776
10.1 0.0411675 1.01765e-16 0.958829 -6.46054e-17 0.128224 0.0317451
10.2 0.0388448 1.1715e-16 0.961152 -7.45492e-17 0.119513 0.0312835
10.3 0.0367083 1.20392e-16 0.963288 -7.30491e-17 0.110977 0.0305875
10.4 0.0347584 1.10127e-16 0.965238 -5.98753e-17 0.102669 0.0296575
10.5 0.0329927 9.32446e-17 0.967003 -4.05114e-17 0.0946411 0.0285003
10.6 0.0314063 6.80178e-17 0.96859 -1.47193e-17 0.0869418 0.027129
10.7 0.0299919 4.14685e-17 0.970004 1.07683e-17 0.0796164 0.0255633
10.8 0.0287402 1.34803e-17 0.971256 3.63146e-17 0.0727047 0.0238289
10.9 0.0276401 -1.5505e-17 0.972356 6.26258e-17 0.0662399 0.0219572
11 0.026679 -4.07784e-17 0.973317 8.40596e-17 0.0602474 0.0199841
11.1 0.0258437 -6.27273e-17 0.974152 1.03515e-16 0.0547438 0.017949
11.2 0.0251201 -8.22803e-17 0.974876 1.18378e-16 0.0497363 0.0158933
11.3 0.0244943 -9.78587e-17 0.975502 1.2981e-16 0.0452227 0.0138592
11.4 0.0239527 -1.09894e-16 0.976043 1.36834e-16 0.0411914 0.0118877
11.5 0.0234823 -1.19999e-16 0.976514 1.38676e-16 0.0376214 0.0100172
11.6 0.0230709 -1.22851e-16 0.976925 1.35591e-16 0.0344837 0.00828221
11.7 0.0227075 -1.25312e-16 0.977289 1.35651e-16 0.0317422 0.00671146
11.8 0.0223827 -1.25177e-16 0.977614 1.28002e-16 0.0293551 0.00532722
11.9 0.0220879 -1.22792e-16 0.977908 1.23056e-16 0.0272764 0.00414434
12 0.0218161 -1.18913e-16 0.97818 1.15118e-16 0.0254579 0.00316969
12.1 0.0215617 -1.14419e-16 0.978435 1.07743e-16 0.0238512 0.00240202
12.2 0.0213202 -1.08638e-16 0.978676 1.01386e-16 0.0224089 0.00183219
12.3 0.021088 -1.03267e-16 0.978908 9.38624e-17 0.0210871 0.0014438
12.4 0.0208628 -9.58836e-17 0.979134 8.58202e-17 0.0198464 0.00121408
12.5 0.0206426 -8.57821e-17 0.979354 7.6852e-17 0.0186534 0.00111513
12.6 0.0204263 -7.72439e-17 0.97957 6.85167e-17 0.0174818 0.00111533
12.7 0.0202134 -7.12242e-17 0.979783 6.38416e-17 0.0163128 0.00118103
12.8 0.0200034 -6.29193e-17 0.979993 5.86464e-17 0.0151354 0.00127811
12.9 0.0197961 -5.66314e-17 0.9802 5.5303e-17 0.0139464 0.00137374
13 0.0195917 -5.54019e-17 0.980405 5.43264e-17 0.0127498 0.00143785
13.1 0.0193902 -5.62221e-17 0.980606 5.99021e-17 0.0115557 0.0014446
13.2 0.0191916 -5.6895e-17 0.980805 6.31864e-17 0.0103798 0.00137351
13.3 0.018996 -5.78673e-17 0.981 6.54434e-17 0.00924144 0.00121037
13.4 0.0188033 -5.7464e-17 0.981193 6.83389e-17 0.0081624 0.000947714
13.5 0.0186137 -5.61499e-17 0.981383 7.04306e-17 0.00716522 0.000585075
13.6 0.0184269 -5.39401e-17 0.981569 7.22726e-17 0.00627166 0.000128758
13.7 0.0182428 -5.10102e-17 0.981754 7.15366e-17 0.0055012 -0.000408662
13.8 0.0180614 -4.68226e-17 0.981935 6.83494e-17 0.00486971 -0.00100917
13.9 0.0178823 -4.18685e-17 0.982114 6.3868e-17 0.00438839 -0.00165042
14 0.0177055 -3.65473e-17 0.982291 5.80693e-17 0.00406291 -0.00230701
14.1 0.0175307 -3.0921e-17 0.982466 5.05854e-17 0.00389294 -0.00295193
14.2 0.0173579 -2.52123e-17 0.982638 4.26852e-17 0.00387193 -0.00355808
14.3 0.0171868 -2.05132e-17 0.98281 3.3863e-17 0.00398734 -0.00409974
14.4 0.0170174 -1.66791e-17 0.982979 2.55984e-17 0.0042211 -0.00455402
14.5 0.0168497 -1.3904e-17 0.983147 1.9361e-17 0.00455044 -0.00490206
14.6 0.0166834 -1.21796e-17 0.983313 1.56742e-17 0.00494893 -0.00513009
14.7 0.0165186 -1.11619e-17 0.983478 1.4745e-17 0.00538782 -0.00523017
14.8 0.0163553 -1.0099e-17 0.983641 1.34499e-17 0.00583736 -0.00520057
14.9 0.0161934 -9.82193e-18 0.983803 1.34436e-17 0.00626831 -0.00504591
15 0.016033 -9.17739e-18 0.983963 1.38529e-17 0.00665332 -0.00477685
15.1 0.015874 -9.18261e-18 0.984122 1.51607e-17 0.00696828 -0.00440953
15.2 0.0157164 -1.02817e-17 0.98428 1.75867e-17 0.00719342 -0.00396473
15.3 0.0155604 -1.15367e-17 0.984436 2.19966e-17 0.00731423 -0.00346674
15.4 0.0154057 -1.29311e-17 0.984591 2.60155e-17 0.00732212 -0.00294215
15.5 0.0152526 -1.41899e-17 0.984744 3.19431e-17 0.0072147 -0.00241846
15.6 0.0151009 -1.56145e-17 0.984895 3.75746e-17 0.00699583 -0.00192267
15.7 0.0149507 -1.70223e-17 0.985046 4.06673e-17 0.00667534 -0.00147995
15.8 0.0148019 -1.95191e-17 0.985194 4.66794e-17 0.00626837 -0.00111232
15.9 0.0146547 -2.19009e-17 0.985342 5.33591e-17 0.00579459 -0.000837615
16 0.0145089 -2.37797e-17 0.985487 5.86534e-17 0.00527704 -0.000668584
16.1 0.0143645 -2.52296e-17 0.985632 6.19419e-17 0.00474092 -0.000612302
16.2 0.0142216 -2.53178e-17 0.985775 6.2726e-17 0.00421225 -0.00066987
16.3 0.0140801 -2.56297e-17 0.985916 6.33803e-17 0.00371645 -0.000836437
16.4 0.01394 -2.54293e-17 0.986056 6.20149e-17 0.00327709 -0.00110152
16.5 0.0138013 -2.51218e-17 0.986195 6.0153e-17 0.00291462 -0.00144959
16.6 0.0136639 -2.48761e-17 0.986332 5.71368e-17 0.00264538 -0.00186099
16.7 0.013528 -2.45498e-17 0.986468 5.47816e-17 0.00248074 -0.00231291
16.8 0.0133934 -2.4255e-17 0.986603 5.30203e-17 0.00242662 -0.00278068
16.9 0.0132601 -2.41918e-17 0.986736 5.19637e-17 0.00248317 -0.003239
17 0.0131282 -2.41676e-17 0.986868 5.23496e-17 0.00264485 -0.00366332
17.1 0.0129976 -2.44298e-17 0.986999 5.24232e-17 0.00290072 -0.00403104
17.2 0.0128683 -2.489e-17 0.987128 5.14894e-17 0.0032351 -0.00432274
17.3 0.0127402 -2.5271e-17 0.987256 5.3466e-17 0.0036284 -0.00452311
17.4 0.0126135 -2.57567e-17 0.987383 5.61313e-17 0.00405817 -0.00462173
17.5 0.012488 -2.61916e-17 0.987508 5.88313e-17 0.00450034 -0.00461358
17.6 0.0123637 -2.62166e-17 0.987633 6.23671e-17 0.00493041 -0.00449922
17.7 0.0122407 -2.69588e-17 0.987756 6.6347e-17 0.00532482 -0.00428469
17.8 0.0121189 -2.72592e-17 0.987877 7.04968e-17 0.00566209 -0.00398118
17.9 0.0119983 -2.74271e-17 0.987998 7.48117e-17 0.00592393 -0.00360436
18 0.0118789 -2.71424e-17 0.988117 7.56757e-17 0.00609614 -0.00317351
18.1 0.0117607 -2.69093e-17 0.988236 7.41756e-17 0.00616932 -0.00271052
18.2 0.0116437 -2.74075e-17 0.988353 7.51582e-17 0.00613927 -0.00223873
18.3 0.0115279 -2.72644e-17 0.988468 7.3364e-17 0.00600717 -0.0017817
18.4 0.0114132 -2.72365e-17 0.988583 6.97613e-17 0.00577947 -0.00136201
18.5 0.0112996 -2.66275e-17 0.988697 6.72176e-17 0.00546753 -0.00100009
18.6 0.0111872 -2.56838e-17 0.988809 6.07418e-17 0.00508694 -0.000713212
18.7 0.0110758 -2.49633e-17 0.988921 5.6085e-17 0.00465672 -0.000514574
18.8 0.0109656 -2.42567e-17 0.989031 5.12726e-17 0.00419828 -0.000412693
18.9 0.0108565 -2.34893e-17 0.98914 4.77387e-17 0.00373431 -0.000410986
19 0.0107485 -2.2521e-17 0.989248 4.40171e-17 0.00328755 -0.000507652
19.1 0.0106416 -2.17624e-17 0.989355 4.17316e-17 0.00287963 -0.000695808
19.2 0.0105357 -2.12358e-17 0.989461 4.02003e-17 0.00252996 -0.000963903
19.3 0.0104308 -2.08028e-17 0.989566 4.05756e-17 0.00225474 -0.00129637
19.4 0.0103271 -2.05305e-17 0.989669 4.05966e-17 0.00206615 -0.00167445
19.5 0.0102243 -2.01756e-17 0.989772 3.9936e-17 0.00197179 -0.00207724
19.6 0.0101226 -1.97241e-17 0.989874 3.97533e-17 0.00197426 -0.00248276
19.7 0.0100218 -1.95865e-17 0.989975 3.97111e-17 0.0020712 -0.00286909
19.8 0.00992212 -1.94175e-17 0.990074 3.99589e-17 0.00225528 -0.0032156
19.9 0.0098234 -1.90034e-17 0.990173 3.91515e-17 0.00251475 -0.00350385
20 0.00972565 -1.88152e-17 0.990271 3.8947e-17 0.0028341 -0.00371856
