0 0 0 1 0 0 0
0.1 1.71706e-07 5.89906e-22 0.999958 5.05981e-15 4.82603e-05 -0.000411097
0.2 7.90699e-07 2.5463e-21 0.999955 6.51561e-15 0.000195205 -0.000865416
0.3 2.0351e-06 7.56145e-21 0.999951 7.10291e-15 0.000448283 -0.00134847
0.4 4.11243e-06 1.4975e-20 0.999944 7.72112e-15 0.000811388 -0.00184577
0.5 7.25861e-06 3.07868e-20 0.999938 7.76018e-15 0.00128498 -0.00234379
0.6 1.17366e-05 6.56016e-20 0.999929 7.52057e-15 0.00186642 -0.00283087
0.7 1.78358e-05 1.24091e-19 0.999919 7.24431e-15 0.00255054 -0.00329803
0.8 2.58726e-05 2.17996e-19 0.999907 6.68577e-15 0.00333033 -0.00373958
0.9 3.61943e-05 3.62369e-19 0.999893 5.74797e-15 0.00419781 -0.00415362
1 4.91881e-05 5.23408e-19 0.999877 5.57055e-15 0.00514489 -0.00454228
1.1 6.52959e-05 7.05381e-19 0.999859 5.78941e-15 0.00616441 -0.00491177
1.2 8.50393e-05 9.41976e-19 0.999839 5.45509e-15 0.00725101 -0.00527215
1.3 0.000109055 1.10501e-18 0.999815 5.68863e-15 0.00840198 -0.00563696
1.4 0.00013814 1.29083e-18 0.999786 5.86081e-15 0.00961803 -0.0060226
1.5 0.000173321 1.34713e-18 0.999752 6.09058e-15 0.0109038 -0.00644755
1.6 0.000215924 1.3903e-18 0.999711 6.41686e-15 0.0122682 -0.00693158
1.7 0.000267671 1.39415e-18 0.99966 7.61459e-15 0.0137246 -0.00749475
1.8 0.000330786 1.91096e-18 0.999598 8.23698e-15 0.0152908 -0.00815646
1.9 0.000408113 2.96773e-18 0.99952 9.13142e-15 0.0169886 -0.00893458
2 0.000503241 4.46711e-18 0.999424 1.01543e-14 0.0188435 -0.00984452
2.1 0.000620637 7.30235e-18 0.999305 1.0456e-14 0.0208838 -0.0108986
2.2 0.000765772 1.05514e-17 0.999158 1.08616e-14 0.0231397 -0.0121053
2.3 0.000945242 1.56083e-17 0.998976 1.038e-14 0.0256426 -0.0134689
2.4 0.00116687 2.35644e-17 0.998752 8.82337e-15 0.0284239 -0.0149895
2.5 0.00143979 3.32169e-17 0.998475 7.78129e-15 0.0315137 -0.0166626
2.6 0.00177449 4.44787e-17 0.998138 6.4663e-15 0.0349403 -0.0184796
2.7 0.00218285 6.00445e-17 0.997728 4.4677e-15 0.0387287 -0.0204284
2.8 0.00267809 7.02624e-17 0.99723 4.00172e-15 0.0429002 -0.022493
2.9 0.00327476 7.45496e-17 0.996632 4.46676e-15 0.0474716 -0.0246549
3 0.00398856 7.7474e-17 0.995918 4.27178e-15 0.0524543 -0.0268933
3.1 0.00483625 6.69704e-17 0.99507 5.01218e-15 0.0578543 -0.0291859
3.2 0.00583544 4.50362e-17 0.99407 6.26373e-15 0.0636718 -0.0315095
3.3 0.00700431 1.24221e-17 0.992901 7.8536e-15 0.0699011 -0.0338405
3.4 0.00836141 -2.38943e-17 0.991543 9.56261e-15 0.0765307 -0.0361557
3.5 0.00992527 -5.63182e-17 0.989978 1.14211e-14 0.0835434 -0.0384325
3.6 0.0117141 -5.24339e-17 0.988189 1.18982e-14 0.0909164 -0.0406492
3.7 0.0137455 -4.04771e-17 0.986156 1.26942e-14 0.0986219 -0.0427855
3.8 0.016036 -2.53125e-17 0.983865 1.24602e-14 0.106628 -0.0448222
3.9 0.0186004 1.83755e-17 0.981299 1.2239e-14 0.114897 -0.0467418
4 0.021452 8.45861e-17 0.978446 1.18318e-14 0.123389 -0.0485277
4.1 0.0246014 2.145e-16 0.975296 9.89127e-15 0.132062 -0.0501647
4.2 0.0280567 3.8286e-16 0.97184 7.74457e-15 0.140867 -0.0516382
4.3 0.0318226 5.71178e-16 0.968073 5.49493e-15 0.149755 -0.0529346
4.4 0.0359001 7.99252e-16 0.963994 2.36936e-15 0.158675 -0.054041
4.5 0.0402861 1.01411e-15 0.959608 4.1949e-16 0.167573 -0.0549453
4.6 0.0449728 1.12841e-15 0.95492 4.10093e-16 0.176392 -0.0556368
4.7 0.0499477 1.25436e-15 0.949945 1.61622e-16 0.185076 -0.0561063
4.8 0.0551932 1.35341e-15 0.944699 -1.15502e-16 0.193567 -0.0563465
4.9 0.0606868 1.4157e-15 0.939206 2.42835e-16 0.201808 -0.0563528
5 0.0664006 1.47497e-15 0.933492 4.1419e-16 0.209741 -0.0561233
5.1 0.0723025 1.42885e-15 0.927589 1.07508e-15 0.217312 -0.0556602
5.2 0.0783558 1.38893e-15 0.921534 1.38177e-15 0.22447 -0.0549696
5.3 0.0845205 1.46182e-15 0.915367 7.69467e-16 0.231166 -0.0540626
5.4 0.0907543 1.50074e-15 0.909131 9.00389e-16 0.237357 -0.0529555
5.5 0.0970134 1.70713e-15 0.902871 9.35108e-16 0.243008 -0.0516699
5.6 0.103254 2.17302e-15 0.896629 -9.98758e-16 0.24809 -0.0502323
5.7 0.109435 2.51637e-15 0.890448 -2.33761e-15 0.252582 -0.0486735
5.8 0.115517 2.94916e-15 0.884365 -4.50294e-15 0.256477 -0.0470266
5.9 0.121464 3.26388e-15 0.878417 -6.51716e-15 0.259774 -0.0453255
6 0.127247 3.34174e-15 0.872634 -6.83797e-15 0.262483 -0.0436027
6.1 0.132839 3.33977e-15 0.867041 -6.69179e-15 0.264622 -0.0418872
6.2 0.138222 3.34376e-15 0.861657 -5.70418e-15 0.266216 -0.0402032
6.3 0.14338 3.74705e-15 0.856498 -4.50751e-15 0.267295 -0.038569
6.4 0.148301 3.90813e-15 0.851575 -2.49002e-15 0.267891 -0.0369964
6.5 0.152979 3.99743e-15 0.846896 -7.86396e-16 0.26804 -0.0354906
6.6 0.157408 4.34653e-15 0.842466 7.27815e-16 0.267778 -0.0340487
6.7 0.161582 5.34013e-15 0.838291 1.75353e-15 0.267137 -0.0326609
6.8 0.165495 6.68869e-15 0.834375 3.32419e-15 0.266146 -0.0313118
6.9 0.169143 8.71705e-15 0.830726 2.41473e-15 0.264827 -0.0299829
7 0.172515 1.06853e-14 0.827352 1.18802e-15 0.263196 -0.0286549
7.1 0.175603 1.24e-14 0.824262 -3.12009e-16 0.261266 -0.0273091
7.2 0.178394 1.37909e-14 0.821469 -1.97425e-15 0.25904 -0.02593
7.3 0.180879 1.46275e-14 0.818983 -3.05867e-15 0.256519 -0.0245069
7.4 0.183046 1.51641e-14 0.816814 -4.43004e-15 0.2537 -0.0230348
7.5 0.184887 1.57573e-14 0.814972 -5.88567e-15 0.250577 -0.0215152
7.6 0.186395 1.66224e-14 0.813462 -7.91709e-15 0.247146 -0.0199561
7.7 0.187569 1.72261e-14 0.812286 -9.33083e-15 0.243404 -0.0183707
7.8 0.188413 1.71688e-14 0.81144 -1.06023e-14 0.239352 -0.0167759
7.9 0.188934 1.50455e-14 0.810916 -9.35741e-15 0.234996 -0.01519
8 0.189145 1.01536e-14 0.810703 -4.8987e-15 0.230343 -0.0136309
8.1 0.189062 3.26634e-15 0.810784 -9.65605e-16 0.225407 -0.0121149
8.2 0.188706 -5.07874e-15 0.811138 4.51188e-15 0.220202 -0.0106559
8.3 0.188099 -1.31208e-14 0.811744 1.07101e-14 0.214748 -0.00926499
8.4 0.187265 -1.98953e-14 0.812577 1.70222e-14 0.209065 -0.00795012
8.5 0.186228 -2.44901e-14 0.813613 2.21185e-14 0.203178 -0.00671528
8.6 0.185012 -2.7331e-14 0.814828 2.60984e-14 0.197114 -0.00555973
8.7 0.183641 -2.89934e-14 0.816198 2.93495e-14 0.190898 -0.00447779
8.8 0.182135 -3.14838e-14 0.817703 3.31557e-14 0.184556 -0.00345994
8.9 0.180514 -3.28192e-14 0.819324 3.2676e-14 0.17811 -0.00249468
9 0.178795 -3.1912e-14 0.821042 2.91273e-14 0.17158 -0.00157078
9.1 0.176991 -2.98786e-14 0.822845 2.3857e-14 0.164981 -0.000678759
9.2 0.175118 -2.68906e-14 0.824718 1.92077e-14 0.158329 0.000188294
9.3 0.173185 -2.60407e-14 0.826649 1.8844e-14 0.151638 0.00103435
9.4 0.171204 -2.54449e-14 0.828629 2.22106e-14 0.144923 0.00186066
9.5 0.169186 -2.8952e-14 0.830646 2.97736e-14 0.138198 0.00266581
9.6 0.16714 -3.57797e-14 0.832691 4.15626e-14 0.131478 0.00344563
9.7 0.165076 -4.47175e-14 0.834753 5.59729e-14 0.124777 0.00419335
9.8 0.163004 -5.45652e-14 0.836824 7.16197e-14 0.118111 0.00490007
9.9 0.160933 -6.29999e-14 0.838894 8.39859e-14 0.111498 0.00555572
10 0.158871 -6.93283e-14 0.840955 9.46521e-14 0.104957 0.00614931
10.1 0.156828 -7.33513e-14 0.842998 1.01092e-13 0.0985058 0.00666935
10.2 0.154809 -7.59571e-14 0.845015 1.05256e-13 0.0921651 0.00710379
10.3 0.152824 -7.71822e-14 0.846999 1.07329e-13 0.0859566 0.00744057
10.4 0.150877 -7.7373e-14 0.848945 1.0902e-13 0.0799038 0.00766846
10.5 0.148975 -7.65848e-14 0.850847 1.10094e-13 0.0740325 0.0077785
10.6 0.14712 -7.44118e-14 0.8527 1.09366e-13 0.0683698 0.00776563
10.7 0.145318 -7.0828e-14 0.854502 1.06539e-13 0.0629425 0.0076298
10.8 0.143568 -6.67115e-14 0.856251 1.03548e-13 0.0577755 0.00737642
10.9 0.141872 -6.1255e-14 0.857946 9.81872e-14 0.0528904 0.00701577
11 0.140229 -5.51867e-14 0.859589 9.20434e-14 0.0483045 0.00656213
11.1 0.138637 -4.90634e-14 0.861181 8.64939e-14 0.0440305 0.00603321
11.2 0.137092 -4.30243e-14 0.862725 8.25024e-14 0.0400765 0.00544953
11.3 0.135593 -3.82263e-14 0.864223 8.02645e-14 0.0364447 0.00483332
11.4 0.134135 -3.44555e-14 0.865681 7.97993e-14 0.0331317 0.00420778
11.5 0.132714 -2.94157e-14 0.867101 7.98924e-14 0.0301279 0.00359607
11.6 0.131326 -2.49833e-14 0.868489 8.14172e-14 0.0274178 0.00301968
11.7 0.129968 -2.13835e-14 0.869846 8.39121e-14 0.0249813 0.00249687
11.8 0.128636 -1.96848e-14 0.871178 8.85504e-14 0.0227952 0.00204242
11.9 0.127327 -1.90098e-14 0.872486 9.41261e-14 0.0208341 0.00166714
12 0.126037 -1.98168e-14 0.873775 1.00412e-13 0.0190713 0.00137831
12.1 0.124766 -2.2045e-14 0.875045 1.06506e-13 0.0174785 0.00117962
12.2 0.123511 -2.58325e-14 0.876299 1.12054e-13 0.0160265 0.00107038
12.3 0.122271 -3.04747e-14 0.877539 1.16831e-13 0.0146867 0.00104471
12.4 0.121044 -3.54257e-14 0.878764 1.21354e-13 0.0134323 0.00109086
12.5 0.11983 -4.02217e-14 0.879977 1.256e-13 0.0122412 0.00119238
12.6 0.118629 -4.47914e-14 0.881178 1.29635e-13 0.0110977 0.00133062
12.7 0.11744 -4.87715e-14 0.882366 1.32255e-13 0.0099918 0.0014867
12.8 0.116264 -5.26001e-14 0.883541 1.33581e-13 0.00891888 0.00164341
12.9 0.115099 -5.52981e-14 0.884705 1.30656e-13 0.00787721 0.00178604
13 0.113947 -5.76007e-14 0.885857 1.27152e-13 0.00686769 0.00190177
13.1 0.112807 -5.97049e-14 0.886996 1.24973e-13 0.00589234 0.00197881
13.2 0.111679 -6.14738e-14 0.888124 1.24392e-13 0.00495551 0.00200621
13.3 0.110563 -5.83812e-14 0.88924 1.3144e-13 0.00406491 0.0019744
13.4 0.109458 -5.39578e-14 0.890344 1.26317e-13 0.00323221 0.00187698
13.5 0.108366 -5.08631e-14 0.891436 1.19685e-13 0.00247178 0.00171259
13.6 0.107285 -4.95362e-14 0.892517 1.14089e-13 0.00179808 0.00148592
13.7 0.106215 -4.80729e-14 0.893586 1.08034e-13 0.0012235 0.00120751
13.8 0.105157 -4.43311e-14 0.894644 1.01378e-13 0.000756488 0.000891662
13.9 0.10411 -3.84425e-14 0.89569 9.65354e-14 0.00040112 0.000555132
14 0.103073 -3.25344e-14 0.896726 9.24893e-14 0.000157077 0.00021574
14.1 0.102047 -2.7105e-14 0.897751 8.99464e-14 1.96009e-05 -0.000108453
14.2 0.101032 -2.36454e-14 0.898766 8.69839e-14 -2.05774e-05 -0.000400575
14.3 0.100026 -2.1821e-14 0.89977 8.5042e-14 2.33378e-05 -0.000646126
14.4 0.0990313 -2.06713e-14 0.900765 8.37383e-14 0.000135246 -0.000833864
14.5 0.0980462 -2.01513e-14 0.901749 8.17447e-14 0.000297376 -0.000956643
14.6 0.0970709 -1.99406e-14 0.902724 7.87303e-14 0.000491466 -0.00101116
14.7 0.0961053 -1.95877e-14 0.903689 7.55288e-14 0.000699648 -0.000997565
14.8 0.0951492 -2.00987e-14 0.904645 7.43983e-14 0.000904904 -0.000919028
14.9 0.0942026 -2.15633e-14 0.905591 7.38329e-14 0.00109164 -0.000781368
15 0.0932652 -2.26702e-14 0.906528 7.58615e-14 0.00124571 -0.000593051
15.1 0.0923372 -2.43199e-14 0.907456 7.96368e-14 0.00135491 -0.000365006
15.2 0.0914184 -2.59176e-14 0.908374 8.51989e-14 0.00140969 -0.00011056
15.3 0.0905086 -2.73501e-14 0.909283 9.1089e-14 0.00140399 0.00015511
15.4 0.0896079 -2.84466e-14 0.910184 9.72806e-14 0.00133587 0.000415967
15.5 0.0887162 -2.89956e-14 0.911075 1.01009e-13 0.0012076 0.000656316
15.6 0.0878333 -2.88037e-14 0.911957 1.02525e-13 0.00102538 0.000861879
15.7 0.0869593 -2.85009e-14 0.912831 1.01972e-13 0.000798778 0.00102063
15.8 0.086094 -2.8113e-14 0.913696 1.01689e-13 0.000539917 0.00112359
15.9 0.0852372 -2.77515e-14 0.914553 1.00833e-13 0.000262662 0.00116517
16 0.0843891 -2.74577e-14 0.915401 9.96464e-14 -1.82694e-05 0.00114337
16.1 0.0835494 -2.72368e-14 0.91624 9.84103e-14 -0.000288145 0.00105976
16.2 0.082718 -2.7109e-14 0.917071 9.79277e-14 -0.000533062 0.000919235
16.3 0.081895 -2.7158e-14 0.917894 9.73575e-14 -0.000740499 0.000729664
16.4 0.0810801 -2.72686e-14 0.918709 9.65782e-14 -0.000900024 0.000501599
16.5 0.0802733 -2.73396e-14 0.919515 9.56185e-14 -0.00100391 0.00024769
16.6 0.0794746 -2.73469e-14 0.920314 9.52469e-14 -0.00104753 -1.80831e-05
16.7 0.0786838 -2.72578e-14 0.921105 9.59083e-14 -0.00102949 -0.000281156
16.8 0.0779009 -2.71018e-14 0.921888 9.65703e-14 -0.000951779 -0.000527164
16.9 0.0771257 -2.69232e-14 0.922663 9.72914e-14 -0.00081955 -0.000742544
17 0.0763583 -2.67077e-14 0.92343 9.7903e-14 -0.000641063 -0.000915318
17.1 0.0755985 -2.6411e-14 0.924189 9.73755e-14 -0.000427293 -0.00103586
17.2 0.0748462 -2.61075e-14 0.924941 9.66022e-14 -0.000191374 -0.00109765
17.3 0.0741015 -2.5826e-14 0.925686 9.64862e-14 5.23096e-05 -0.00109778
17.4 0.0733641 -2.55427e-14 0.926423 9.60776e-14 0.0002892 -0.00103709
17.5 0.0726341 -2.52924e-14 0.927152 9.56331e-14 0.000505587 -0.000920037
17.6 0.0719113 -2.50582e-14 0.927875 9.5246e-14 0.000689446 -0.000754163
17.7 0.0711958 -2.48532e-14 0.92859 9.48535e-14 0.000831076 -0.000549488
17.8 0.0704874 -2.46607e-14 0.929298 9.45498e-14 0.000923432 -0.000317806
17.9 0.069786 -2.44227e-14 0.93 9.44017e-14 0.00096242 -7.18687e-05
18 0.0690916 -2.41825e-14 0.930694 9.41808e-14 0.000946767 0.000175205
18.1 0.0684041 -2.39223e-14 0.931381 9.37215e-14 0.000877961 0.000410476
18.2 0.0677235 -2.37e-14 0.932061 9.35609e-14 0.000760149 0.00062173
18.3 0.0670496 -2.34725e-14 0.932735 9.33212e-14 0.000599978 0.000797998
18.4 0.0663824 -2.32466e-14 0.933402 9.31148e-14 0.000406286 0.000929997
18.5 0.0657219 -2.30084e-14 0.934062 9.29577e-14 0.000189872 0.00101064
18.6 0.0650679 -2.27694e-14 0.934715 9.26771e-14 -3.69824e-05 0.00103555
18.7 0.0644204 -2.25347e-14 0.935363 9.24405e-14 -0.000261148 0.0010035
18.8 0.0637794 -2.23001e-14 0.936003 9.21479e-14 -0.00046951 0.000916595
18.9 0.0631448 -2.20721e-14 0.936638 9.18302e-14 -0.000649859 0.000780308
19 0.0625165 -2.18492e-14 0.937266 9.15771e-14 -0.000791798 0.000603039
19.1 0.0618944 -2.16313e-14 0.937888 9.1377e-14 -0.000887445 0.000395504
19.2 0.0612786 -2.14153e-14 0.938503 9.11761e-14 -0.000931838 0.000169929
19.3 0.0606688 -2.1201e-14 0.939113 9.09691e-14 -0.000923164 -6.07223e-05
19.4 0.0600651 -2.09893e-14 0.939716 9.07721e-14 -0.000862666 -0.000283649
19.5 0.0594675 -2.07786e-14 0.940314 9.05675e-14 -0.000754367 -0.000486874
19.6 0.0588758 -2.05714e-14 0.940906 9.03742e-14 -0.000604743 -0.000659781
19.7 0.0582899 -2.03657e-14 0.941491 9.01785e-14 -0.00042237 -0.000793547
19.8 0.0577099 -2.01621e-14 0.942071 8.99795e-14 -0.000217398 -0.000881543
19.9 0.0571357 -1.99614e-14 0.942645 8.97752e-14 -1.07292e-06 -0.000919567
20 0.0565672 -1.97627e-14 0.943214 8.95782e-14 0.000214717 -0.000906026
