0 0 0 1 0 0 0
0.1 1.71708e-07 -2.36117e-22 0.999969 -2.80484e-15 4.82608e-05 -0.000411076
0.2 7.90683e-07 -3.33546e-21 0.99997 -9.92365e-16 0.000195196 -0.000865294
0.3 2.03495e-06 -8.48837e-21 0.99997 -3.30195e-17 0.00044823 -0.00134812
0.4 4.11185e-06 -1.26907e-20 0.99997 5.37825e-16 0.000811214 -0.00184502
0.5 7.25696e-06 -6.06527e-21 0.99997 3.83886e-16 0.00128455 -0.00234244
0.6 1.17328e-05 1.24064e-20 0.999967 -1.77357e-16 0.00186556 -0.00282871
0.7 1.7828e-05 4.71793e-20 0.999962 -9.73444e-16 0.002549 -0.00329484
0.8 2.5858e-05 9.97597e-20 0.999954 -1.80471e-15 0.0033278 -0.00373514
0.9 3.61691e-05 1.67487e-19 0.999944 -2.45182e-15 0.00419389 -0.00414777
1 4.91471e-05 2.21985e-19 0.999931 -2.8212e-15 0.00513917 -0.0045349
1.1 6.52326e-05 2.37748e-19 0.999915 -2.85634e-15 0.00615641 -0.00490277
1.2 8.49457e-05 1.53492e-19 0.999895 -2.60266e-15 0.00724023 -0.00526153
1.3 0.000108921 -6.29978e-20 0.99987 -2.14296e-15 0.0083879 -0.00562479
1.4 0.000137957 -4.4201e-19 0.999841 -1.57501e-15 0.00960012 -0.00600902
1.5 0.000173077 -9.48701e-19 0.999806 -1.00554e-15 0.0108816 -0.00643281
1.6 0.000215607 -1.49005e-18 0.999763 -3.85862e-16 0.0122413 -0.00691596
1.7 0.000267271 -1.98144e-18 0.999711 1.78315e-16 0.0136927 -0.00747857
1.8 0.000330294 -2.43489e-18 0.999648 6.85066e-16 0.0152538 -0.00814003
1.9 0.000407522 -2.65606e-18 0.99957 1.04706e-15 0.0169464 -0.00891813
2 0.000502547 -2.82645e-18 0.999475 1.19146e-15 0.018796 -0.00982818
2.1 0.000619836 -2.62495e-18 0.999357 1.14089e-15 0.0208311 -0.0108823
2.2 0.000764862 -2.02928e-18 0.999211 1.0521e-15 0.0230817 -0.012089
2.3 0.000944219 -1.31584e-18 0.999031 9.97201e-16 0.0255792 -0.0134524
2.4 0.00116573 3.19072e-19 0.998808 9.44299e-16 0.0283549 -0.0149725
2.5 0.00143851 1.81195e-18 0.998534 9.32268e-16 0.0314389 -0.0166449
2.6 0.00177307 3.00171e-18 0.998198 9.91946e-16 0.0348594 -0.018461
2.7 0.00218126 3.32736e-18 0.997788 9.39581e-16 0.0386414 -0.0204082
2.8 0.0026763 2.76631e-18 0.997291 8.18683e-16 0.0428062 -0.0224706
2.9 0.00327272 1.77911e-18 0.996693 5.82655e-16 0.0473702 -0.0246296
3 0.00398619 4.9102e-19 0.995978 3.04877e-16 0.0523449 -0.0268641
3.1 0.00483345 -4.26329e-18 0.995128 1.29725e-16 0.057736 -0.0291519
3.2 0.00583205 -8.9249e-18 0.994128 -6.2858e-17 0.0635434 -0.0314697
3.3 0.00700012 -1.57603e-17 0.992958 -2.57685e-16 0.0697611 -0.0337942
3.4 0.00835615 -2.69776e-17 0.9916 -4.0669e-16 0.0763772 -0.0361022
3.5 0.00991862 -4.47367e-17 0.990035 -4.92884e-16 0.0833741 -0.0383713
3.6 0.0117057 -7.0084e-17 0.988246 -7.09597e-16 0.0907294 -0.0405805
3.7 0.013735 -1.13185e-16 0.986214 -1.18964e-15 0.0984155 -0.0427097
3.8 0.0160228 -1.67744e-16 0.983925 -1.48084e-15 0.1064 -0.0447401
3.9 0.0185843 -2.36249e-16 0.981362 -1.57148e-15 0.114647 -0.0466542
4 0.0214325 -3.19701e-16 0.978512 -1.5035e-15 0.123116 -0.0484355
4.1 0.0245783 -4.12594e-16 0.975365 -1.19591e-15 0.131763 -0.0500691
4.2 0.0280297 -5.18545e-16 0.971913 -8.64877e-16 0.140543 -0.0515403
4.3 0.0317916 -6.42622e-16 0.968149 -5.14753e-16 0.149405 -0.0528356
4.4 0.035865 -7.63782e-16 0.964075 -3.02955e-16 0.158297 -0.053942
4.5 0.0402469 -8.74918e-16 0.959692 -4.26651e-17 0.167168 -0.0548476
4.6 0.0449298 -9.51942e-16 0.955008 2.18332e-16 0.175959 -0.0555414
4.7 0.0499013 -9.76681e-16 0.950036 4.3574e-16 0.184615 -0.0560141
4.8 0.055144 -9.58672e-16 0.944792 8.71022e-16 0.193078 -0.0562579
4.9 0.0606353 -9.02718e-16 0.939301 1.51196e-15 0.20129 -0.0562679
5 0.0663476 -8.12219e-16 0.933588 2.02956e-15 0.209196 -0.0560423
5.1 0.0722487 -7.3298e-16 0.927687 2.20386e-15 0.216738 -0.0555831
5.2 0.0783019 -6.6368e-16 0.921634 2.01908e-15 0.223867 -0.054897
5.3 0.0844676 -5.56315e-16 0.915468 1.5678e-15 0.230534 -0.0539954
5.4 0.0907034 -4.63735e-16 0.909233 9.24622e-16 0.236697 -0.0528942
5.5 0.0969658 -4.55619e-16 0.90297 2.29027e-16 0.242321 -0.0516151
5.6 0.103211 -5.88986e-16 0.896725 -4.21784e-16 0.247377 -0.050184
5.7 0.109398 -7.85638e-16 0.890538 -9.46042e-16 0.251847 -0.0486306
5.8 0.115487 -9.94826e-16 0.884449 -1.27513e-15 0.255719 -0.0469869
5.9 0.121442 -1.27888e-15 0.878493 -1.33618e-15 0.258993 -0.0452858
6 0.127232 -1.47586e-15 0.872702 -1.33324e-15 0.261677 -0.0435597
6.1 0.132833 -1.64234e-15 0.8671 -1.11547e-15 0.263788 -0.0418388
6.2 0.138223 -1.68646e-15 0.861709 -9.53665e-16 0.265351 -0.0401486
6.3 0.143389 -1.78558e-15 0.856543 -6.91986e-16 0.266396 -0.0385085
6.4 0.148317 -1.92623e-15 0.851613 -6.9204e-16 0.266957 -0.0369308
6.5 0.153002 -2.20897e-15 0.846927 -8.06906e-16 0.267071 -0.0354201
6.6 0.157437 -2.98873e-15 0.842491 -1.04423e-15 0.266771 -0.0339739
6.7 0.161617 -4.14583e-15 0.838309 -1.16586e-15 0.266091 -0.0325834
6.8 0.165536 -5.63745e-15 0.834387 -1.21878e-15 0.26506 -0.0312346
6.9 0.16919 -7.53535e-15 0.83073 -8.73547e-16 0.263701 -0.0299101
7 0.172571 -9.49648e-15 0.827347 -1.88853e-17 0.262033 -0.0285906
7.1 0.175668 -1.16618e-14 0.824246 1.36884e-15 0.260069 -0.0272569
7.2 0.178473 -1.40357e-14 0.821439 3.73633e-15 0.257815 -0.0258924
7.3 0.180973 -1.63531e-14 0.818936 6.8571e-15 0.255274 -0.0244841
7.4 0.183158 -1.88616e-14 0.816748 8.80376e-15 0.252442 -0.0230247
7.5 0.185018 -2.08364e-14 0.814885 9.56241e-15 0.249313 -0.0215136
7.6 0.186547 -2.20332e-14 0.813353 9.38771e-15 0.245883 -0.0199569
7.7 0.187741 -2.28511e-14 0.812155 9.14543e-15 0.242146 -0.0183673
7.8 0.188604 -2.42745e-14 0.81129 9.09069e-15 0.238102 -0.0167618
7.9 0.189141 -2.67844e-14 0.81075 1.05242e-14 0.233755 -0.0151606
8 0.189364 -3.1107e-14 0.810524 1.41908e-14 0.229111 -0.0135845
8.1 0.189291 -3.76322e-14 0.810595 1.98995e-14 0.224186 -0.0120527
8.2 0.18894 -4.55939e-14 0.810942 2.75238e-14 0.218996 -0.0105813
8.3 0.188337 -5.42243e-14 0.811542 3.51872e-14 0.213565 -0.00918196
8.4 0.187504 -6.10593e-14 0.812372 4.24473e-14 0.207916 -0.0078609
8.5 0.186466 -6.66055e-14 0.813406 4.88247e-14 0.202075 -0.00661894
8.6 0.185248 -7.04481e-14 0.81462 5.38215e-14 0.196065 -0.00545276
8.7 0.183872 -7.21304e-14 0.815992 5.65915e-14 0.189909 -0.00435632
8.8 0.182359 -7.12208e-14 0.817501 5.66791e-14 0.183629 -0.00332209
8.9 0.180729 -6.77121e-14 0.819128 5.45636e-14 0.177245 -0.00234186
9 0.178998 -6.29952e-14 0.820855 5.12974e-14 0.170777 -0.00140738
9.1 0.177182 -5.68092e-14 0.822668 4.76585e-14 0.164242 -0.000510757
9.2 0.175295 -5.12395e-14 0.824552 4.55773e-14 0.157657 0.000354928
9.3 0.173349 -4.76623e-14 0.826495 4.52837e-14 0.151037 0.00119551
9.4 0.171356 -4.6924e-14 0.828485 4.55948e-14 0.144396 0.00201448
9.5 0.169326 -4.91692e-14 0.830512 4.58867e-14 0.137744 0.00281205
9.6 0.16727 -5.28514e-14 0.832566 4.53421e-14 0.131094 0.00358455
9.7 0.165196 -5.63688e-14 0.834638 4.41996e-14 0.124457 0.00432492
9.8 0.163114 -5.85261e-14 0.836717 4.31163e-14 0.117848 0.00502326
9.9 0.161034 -5.9909e-14 0.838794 4.3775e-14 0.111282 0.00566797
10 0.158964 -6.0756e-14 0.840862 4.38829e-14 0.104776 0.00624615
10.1 0.156913 -6.20683e-14 0.84291 4.41916e-14 0.0983509 0.0067442
10.2 0.15489 -6.44285e-14 0.844931 4.45822e-14 0.0920286 0.00714884
10.3 0.1529 -6.77998e-14 0.846917 4.25064e-14 0.0858348 0.0074488
10.4 0.150951 -7.1477e-14 0.848864 4.18137e-14 0.0797962 0.00763623
10.5 0.149049 -7.61017e-14 0.850764 4.26738e-14 0.0739397 0.00770713
10.6 0.147195 -8.17195e-14 0.852614 4.40418e-14 0.0682911 0.00766117
10.7 0.145394 -8.67455e-14 0.854413 4.1351e-14 0.0628743 0.00750121
10.8 0.143647 -8.96779e-14 0.856157 3.9417e-14 0.0577112 0.00723279
10.9 0.141953 -8.99646e-14 0.857849 3.83309e-14 0.0528221 0.00686401
11 0.140311 -8.76789e-14 0.859487 3.57384e-14 0.0482252 0.00640678
11.1 0.138721 -8.34926e-14 0.861075 3.38521e-14 0.0439356 0.00587752
11.2 0.137178 -7.87189e-14 0.862615 3.27275e-14 0.0399632 0.00529656
11.3 0.135681 -7.4139e-14 0.864111 3.15723e-14 0.0363114 0.00468662
11.4 0.134224 -6.95308e-14 0.865565 2.85702e-14 0.0329771 0.00407086
11.5 0.132804 -6.3651e-14 0.866983 2.70564e-14 0.0299513 0.00347131
11.6 0.131416 -5.69866e-14 0.868368 2.63718e-14 0.02722 0.00290816
11.7 0.130059 -4.94463e-14 0.869724 2.86491e-14 0.0247648 0.00239854
11.8 0.128726 -4.26875e-14 0.871053 3.44032e-14 0.0225638 0.00195665
11.9 0.127417 -3.90708e-14 0.872361 4.30401e-14 0.0205926 0.0015936
12 0.126127 -3.77083e-14 0.873648 4.89094e-14 0.0188239 0.00131659
12.1 0.124855 -3.96702e-14 0.874918 5.56392e-14 0.0172295 0.00112811
12.2 0.123598 -4.29188e-14 0.876172 6.23011e-14 0.0157811 0.00102562
12.3 0.122356 -4.62609e-14 0.877412 6.75173e-14 0.0144527 0.00100223
12.4 0.121128 -4.71904e-14 0.878638 6.90087e-14 0.0132206 0.00104799
12.5 0.119913 -4.34957e-14 0.879851 7.14427e-14 0.0120638 0.0011508
12.6 0.11871 -3.65992e-14 0.881051 7.06299e-14 0.0109642 0.00129584
12.7 0.117519 -3.06605e-14 0.882239 6.99516e-14 0.00990644 0.00146634
12.8 0.116341 -2.72358e-14 0.883415 6.97021e-14 0.00888004 0.00164401
12.9 0.115174 -2.55997e-14 0.884579 6.82706e-14 0.00787934 0.00181016
13 0.11402 -2.43784e-14 0.885732 6.42584e-14 0.00690367 0.00194754
13.1 0.112877 -2.23241e-14 0.886872 5.75607e-14 0.00595638 0.00204135
13.2 0.111747 -1.99833e-14 0.888 4.93963e-14 0.00504415 0.00207997
13.3 0.110629 -1.81212e-14 0.889116 4.23095e-14 0.00417625 0.00205492
13.4 0.109522 -1.64664e-14 0.89022 3.68519e-14 0.00336424 0.00196193
13.5 0.108428 -1.53345e-14 0.891312 3.34898e-14 0.00262093 0.00180151
13.6 0.107346 -1.42178e-14 0.892392 3.12652e-14 0.00195888 0.00157927
13.7 0.106274 -1.30794e-14 0.893461 2.98279e-14 0.00138863 0.00130524
13.8 0.105215 -1.19438e-14 0.894518 2.78652e-14 0.000917494 0.000992761
13.9 0.104166 -1.07205e-14 0.895565 2.59525e-14 0.000549107 0.000657056
14 0.103128 -8.97966e-15 0.8966 2.58165e-14 0.000283592 0.00031402
14.1 0.102101 -8.47096e-15 0.897625 2.72369e-14 0.000117825 -2.05292e-05
14.2 0.101084 -9.47407e-15 0.898639 2.8293e-14 4.54873e-05 -0.000330937
14.3 0.100078 -1.13475e-14 0.899643 2.89141e-14 5.70514e-05 -0.000602426
14.4 0.0990813 -1.35069e-14 0.900637 2.95194e-14 0.00013981 -0.000821915
14.5 0.0980949 -1.55888e-14 0.901621 3.06608e-14 0.000278445 -0.000979283
14.6 0.0971184 -1.76286e-14 0.902595 3.14962e-14 0.000455557 -0.00106788
14.7 0.0961517 -1.94507e-14 0.90356 3.19407e-14 0.00065284 -0.00108517
14.8 0.0951946 -2.06859e-14 0.904515 3.2243e-14 0.000852526 -0.0010328
14.9 0.094247 -2.14356e-14 0.90546 3.20131e-14 0.00103836 -0.000915794
15 0.0933088 -2.17392e-14 0.906397 3.11495e-14 0.00119583 -0.000741953
15.1 0.0923799 -2.13582e-14 0.907324 2.95415e-14 0.00131221 -0.000521361
15.2 0.0914602 -2.05428e-14 0.908242 2.75795e-14 0.00137695 -0.000266916
15.3 0.0905497 -1.93931e-14 0.909151 2.55384e-14 0.00138278 6.30984e-06
15.4 0.0896482 -1.81529e-14 0.910051 2.36434e-14 0.00132611 0.000282074
15.5 0.0887556 -1.69184e-14 0.910941 2.18295e-14 0.00120756 0.00054358
15.6 0.0878718 -1.56068e-14 0.911823 1.95711e-14 0.00103228 0.000774854
15.7 0.0869969 -1.4384e-14 0.912697 1.72753e-14 0.000809538 0.000961825
15.8 0.0861306 -1.34105e-14 0.913561 1.50766e-14 0.000551987 0.00109374
15.9 0.0852729 -1.26469e-14 0.914417 1.33264e-14 0.000274172 0.00116397
16 0.0844238 -1.20562e-14 0.915264 1.20772e-14 -8.78781e-06 0.00116991
16.1 0.0835832 -1.15517e-14 0.916103 1.07429e-14 -0.000282242 0.00111256
16.2 0.082751 -1.1011e-14 0.916934 9.68274e-15 -0.000532597 0.00099599
16.3 0.081927 -1.04913e-14 0.917756 8.79696e-15 -0.000747416 0.000826966
16.4 0.0811112 -1.00798e-14 0.91857 8.11748e-15 -0.000915864 0.000614911
16.5 0.0803036 -9.77078e-15 0.919376 7.5219e-15 -0.00102944 0.000371751
16.6 0.0795042 -9.51564e-15 0.920174 7.31094e-15 -0.00108261 0.000111261
16.7 0.0787129 -9.31441e-15 0.920965 7.8079e-15 -0.00107321 -0.000151749
16.8 0.0779294 -9.10138e-15 0.921747 9.15962e-15 -0.00100266 -0.000402382
16.9 0.0771538 -9.04372e-15 0.922522 1.09289e-14 -0.000875922 -0.000626625
17 0.0763858 -9.16798e-15 0.923289 1.13866e-14 -0.000701113 -0.000812147
17.1 0.0756255 -9.17061e-15 0.924048 1.21064e-14 -0.000488951 -0.000949082
17.2 0.0748727 -9.04441e-15 0.9248 1.21462e-14 -0.00025207 -0.00103039
17.3 0.0741273 -8.85771e-15 0.925544 1.18011e-14 -4.30235e-06 -0.00105222
17.4 0.0733894 -8.52739e-15 0.92628 1.12749e-14 0.000239994 -0.0010141
17.5 0.0726588 -8.16789e-15 0.92701 1.04906e-14 0.000466877 -0.00091902
17.6 0.0719355 -7.83302e-15 0.927731 9.74389e-15 0.000663596 -0.000773191
17.7 0.0712194 -7.45138e-15 0.928446 8.77244e-15 0.000819359 -0.00058562
17.8 0.0705106 -7.02155e-15 0.929155 7.83248e-15 0.000925874 -0.000367521
17.9 0.069809 -6.83375e-15 0.929856 6.43935e-15 0.000977759 -0.00013164
18 0.0691144 -6.64789e-15 0.93055 4.97962e-15 0.000972848 0.000108453
18.1 0.0684267 -6.55964e-15 0.931238 4.60119e-15 0.000912212 0.000339191
18.2 0.0677459 -6.54786e-15 0.931919 4.40155e-15 0.000800003 0.000547804
18.3 0.0670717 -6.60135e-15 0.932593 3.62443e-15 0.000643223 0.000722902
18.4 0.0664043 -6.60556e-15 0.93326 2.47756e-15 0.000451236 0.000855158
18.5 0.0657435 -6.54215e-15 0.93392 1.94793e-15 0.000235161 0.000937744
18.6 0.0650893 -6.48817e-15 0.934574 1.743e-15 7.25855e-06 0.000966653
18.7 0.0644416 -6.41221e-15 0.935222 1.63018e-15 -0.000219684 0.000940806
18.8 0.0638004 -6.34162e-15 0.935862 1.5256e-15 -0.000433031 0.000862076
18.9 0.0631655 -6.28257e-15 0.936497 1.48474e-15 -0.000620932 0.000735196
19 0.062537 -6.2241e-15 0.937125 1.50731e-15 -0.000772929 0.000567555
19.1 0.0619147 -6.15808e-15 0.937747 1.42666e-15 -0.000880569 0.000368859
19.2 0.0612987 -6.09613e-15 0.938363 1.35378e-15 -0.00093795 0.000150624
19.3 0.0606887 -6.036e-15 0.938973 1.28365e-15 -0.000942125 -7.44877e-05
19.4 0.0600848 -5.97581e-15 0.939577 1.21109e-15 -0.000893337 -0.000293472
19.5 0.059487 -5.91609e-15 0.940174 1.13201e-15 -0.00079497 -0.000493858
19.6 0.058895 -5.8573e-15 0.940766 1.05295e-15 -0.000653257 -0.000664495
19.7 0.058309 -5.79909e-15 0.941352 9.77524e-16 -0.000476798 -0.000796163
19.8 0.0577288 -5.74189e-15 0.941932 9.11183e-16 -0.000275961 -0.000882028
19.9 0.0571544 -5.68445e-15 0.942506 8.52271e-16 -6.22542e-05 -0.000917923
20 0.0565857 -5.62818e-15 0.943075 7.96078e-16 0.0001523 -0.000902456
