0 0 0 1 0 0 0
0.1 1.7171e-07 1.6709e-22 0.999984 1.89399e-15 4.82696e-05 -0.000411345
0.2 7.90945e-07 2.67153e-22 0.999982 1.64818e-15 0.000195386 -0.000866633
0.3 2.03668e-06 2.04825e-21 0.999978 1.52746e-15 0.000449162 -0.00135184
0.4 4.11824e-06 1.8797e-21 0.999973 2.1842e-15 0.000814054 -0.00185287
0.5 7.27453e-06 8.75829e-21 0.999967 1.90264e-15 0.00129126 -0.00235641
0.6 1.1773e-05 8.35329e-21 0.99996 2.10616e-15 0.00187902 -0.00285081
0.7 1.79087e-05 5.28697e-21 0.999951 2.30076e-15 0.00257308 -0.00332687
0.8 2.60049e-05 1.99058e-21 0.999939 2.3354e-15 0.00336738 -0.00377839
0.9 3.64163e-05 -1.41272e-20 0.999926 2.35554e-15 0.00425476 -0.00420273
1 4.95362e-05 -2.65887e-20 0.999911 2.19663e-15 0.00522787 -0.00460103
1.1 6.58104e-05 -2.92715e-20 0.999892 1.83262e-15 0.00627999 -0.00497829
1.2 8.57584e-05 -3.99481e-20 0.999871 1.43391e-15 0.00740598 -0.00534329
1.3 0.000110006 -7.7594e-20 0.999846 1.32923e-15 0.00860303 -0.0057082
1.4 0.000139329 -8.40747e-20 0.999817 9.18658e-16 0.00987141 -0.00608812
1.5 0.000174712 -1.58845e-19 0.999782 4.81883e-16 0.011215 -0.0065004
1.6 0.000217418 -2.97881e-19 0.999741 2.7477e-17 0.0126418 -0.00696388
1.7 0.000269083 -6.52929e-19 0.999691 2.28009e-16 0.0141641 -0.00749798
1.8 0.000331809 -1.15964e-18 0.99963 2.10238e-16 0.0157982 -0.0081219
1.9 0.000408288 -2.02255e-18 0.999554 3.7766e-16 0.0175648 -0.00885361
2 0.000501919 -3.04235e-18 0.999462 3.48426e-16 0.0194881 -0.0097091
2.1 0.000616943 -4.20471e-18 0.999348 2.59467e-17 0.0215954 -0.0107016
2.2 0.00075857 -5.66877e-18 0.999206 -4.97102e-16 0.0239163 -0.0118408
2.3 0.000933103 -8.31719e-18 0.999032 -1.76524e-16 0.0264819 -0.0131328
2.4 0.00114805 -1.09922e-17 0.998817 1.08915e-16 0.0293238 -0.0145791
2.5 0.0014122 -1.43281e-17 0.998552 3.59462e-16 0.032473 -0.0161771
2.6 0.00173572 -1.7386e-17 0.998229 6.8972e-16 0.0359593 -0.0179199
2.7 0.00213009 -1.87175e-17 0.997834 6.30213e-16 0.0398094 -0.0197963
2.8 0.00260821 -1.83115e-17 0.997357 3.43624e-16 0.0440471 -0.0217914
2.9 0.00318422 -1.8251e-17 0.996781 1.03883e-15 0.0486917 -0.0238869
3 0.00387345 -1.70162e-17 0.996092 1.14472e-15 0.0537576 -0.0260619
3.1 0.00469223 -1.4542e-17 0.995273 1.13011e-15 0.0592536 -0.0282932
3.2 0.00565768 -7.42838e-18 0.994308 5.39282e-16 0.0651825 -0.0305561
3.3 0.00678743 -4.87365e-18 0.993179 4.15343e-16 0.0715412 -0.0328251
3.4 0.00809928 -1.82986e-18 0.991867 6.02723e-16 0.0783203 -0.0350742
3.5 0.00961091 2.47712e-18 0.990356 1.82715e-16 0.0855038 -0.0372779
3.6 0.0113394 -9.28783e-18 0.988628 7.1112e-16 0.0930701 -0.0394111
3.7 0.0133009 -2.18767e-17 0.986667 6.90759e-16 0.100992 -0.0414501
3.8 0.0155101 -4.20535e-17 0.984458 7.90297e-16 0.109235 -0.0433725
3.9 0.0179798 -6.00553e-17 0.981988 3.79887e-16 0.117763 -0.0451571
4 0.0207206 -9.64684e-17 0.979248 6.73527e-16 0.126532 -0.0467848
4.1 0.0237401 -1.42255e-16 0.976228 1.15501e-15 0.135495 -0.0482382
4.2 0.0270427 -1.67303e-16 0.972926 1.07998e-15 0.144602 -0.0495018
4.3 0.0306294 -2.00187e-16 0.969339 9.81721e-16 0.153798 -0.0505621
4.4 0.034497 -2.41698e-16 0.965471 9.6421e-16 0.163029 -0.0514082
4.5 0.038638 -2.98775e-16 0.96133 1.09733e-15 0.172234 -0.0520311
4.6 0.0430405 -3.5512e-16 0.956927 9.96175e-16 0.181355 -0.0524251
4.7 0.0476881 -4.3609e-16 0.952279 1.36775e-15 0.190332 -0.0525873
4.8 0.0525599 -5.35602e-16 0.947407 1.71998e-15 0.199105 -0.052518
4.9 0.0576309 -6.12354e-16 0.942335 2.04589e-15 0.207616 -0.0522216
5 0.062872 -6.34473e-16 0.937094 2.21493e-15 0.215809 -0.051706
5.1 0.0682511 -5.87271e-16 0.931714 1.88246e-15 0.223631 -0.0509835
5.2 0.0737334 -5.50518e-16 0.926231 1.90037e-15 0.231037 -0.0500707
5.3 0.0792829 -5.11143e-16 0.920681 1.95255e-15 0.237983 -0.048988
5.4 0.0848624 -4.11506e-16 0.915101 1.96723e-15 0.244434 -0.0477595
5.5 0.0904359 -2.6096e-16 0.909527 1.70298e-15 0.250364 -0.0464124
5.6 0.0959686 -1.50036e-16 0.903994 2.02673e-15 0.255753 -0.0449759
5.7 0.101428 3.90264e-17 0.898534 1.83389e-15 0.260591 -0.04348
5.8 0.106786 1.64981e-16 0.893175 1.98344e-15 0.264876 -0.0419543
5.9 0.112018 3.22788e-16 0.887943 1.72252e-15 0.268614 -0.040426
6 0.117102 3.46029e-16 0.882859 2.3639e-15 0.271821 -0.0389187
6.1 0.122022 4.44443e-16 0.877939 2.02018e-15 0.274517 -0.0374508
6.2 0.126764 5.32714e-16 0.873196 1.83842e-15 0.276729 -0.0360339
6.3 0.131317 4.84403e-16 0.868642 2.27205e-15 0.278487 -0.0346726
6.4 0.135673 4.07942e-16 0.864286 2.44102e-15 0.279821 -0.0333637
6.5 0.139821 4.19399e-16 0.860136 2.04835e-15 0.280763 -0.032097
6.6 0.143753 2.55908e-16 0.856204 2.4902e-15 0.28134 -0.0308558
6.7 0.147457 1.62672e-16 0.852499 2.68857e-15 0.281576 -0.0296192
6.8 0.150919 1.25356e-16 0.849037 2.45642e-15 0.281489 -0.0283633
6.9 0.154121 7.45337e-18 0.845833 2.31657e-15 0.281091 -0.0270645
7 0.157047 -8.8935e-17 0.842907 2.31672e-15 0.280388 -0.025701
7.1 0.159674 -1.05639e-16 0.840279 1.96983e-15 0.279381 -0.0242557
7.2 0.161983 -2.51523e-16 0.83797 2.52203e-15 0.278065 -0.0227172
7.3 0.163953 -2.57433e-16 0.836 2.60427e-15 0.276432 -0.0210814
7.4 0.165567 -2.28269e-16 0.834385 3.0871e-15 0.274472 -0.0193516
7.5 0.166812 -2.65496e-17 0.83314 2.94934e-15 0.272176 -0.0175384
7.6 0.167679 1.37264e-16 0.832272 3.18112e-15 0.269534 -0.0156586
7.7 0.168167 3.88586e-16 0.831784 2.88498e-15 0.266541 -0.0137334
7.8 0.16828 6.47798e-16 0.83167 2.32727e-15 0.263192 -0.0117872
7.9 0.16803 7.86501e-16 0.83192 2.20647e-15 0.25949 -0.00984516
8 0.167432 8.74976e-16 0.832517 2.16593e-15 0.255437 -0.00793194
8.1 0.166511 8.9002e-16 0.833438 2.14098e-15 0.251041 -0.00607017
8.2 0.165291 9.52076e-16 0.834657 1.70278e-15 0.246315 -0.00427938
8.3 0.163804 9.43375e-16 0.836144 1.5125e-15 0.241272 -0.00257523
8.4 0.16208 8.01056e-16 0.837867 2.19285e-15 0.235928 -0.00096923
8.5 0.160152 7.65527e-16 0.839795 2.22718e-15 0.230301 0.00053144
8.6 0.158052 6.66728e-16 0.841894 2.36537e-15 0.22441 0.00192364
8.7 0.155811 5.10678e-16 0.844134 2.86267e-15 0.218275 0.00320773
8.8 0.153459 3.49887e-16 0.846486 3.17978e-15 0.211914 0.00438657
8.9 0.151022 2.00269e-16 0.848922 3.17335e-15 0.205345 0.00546451
9 0.148526 3.29511e-17 0.851417 3.38493e-15 0.198587 0.00644621
9.1 0.145994 -9.12467e-17 0.85395 3.51027e-15 0.191655 0.00733576
9.2 0.143444 -1.62936e-16 0.856498 3.60203e-15 0.184568 0.0081359
9.3 0.140897 -2.36978e-16 0.859046 3.66237e-15 0.177341 0.00884761
9.4 0.138367 -2.87237e-16 0.861575 3.75974e-15 0.169994 0.00946969
9.5 0.135871 -3.21623e-16 0.864071 3.84042e-15 0.162546 0.00999865
9.6 0.13342 -3.2662e-16 0.866521 3.76077e-15 0.155017 0.0104287
9.7 0.131027 -3.15896e-16 0.868914 3.70811e-15 0.147431 0.010752
9.8 0.128701 -3.13385e-16 0.871239 3.72858e-15 0.139814 0.0109595
9.9 0.126453 -3.02313e-16 0.873487 3.66367e-15 0.132195 0.0110417
10 0.12429 -2.84077e-16 0.87565 3.59577e-15 0.124606 0.0109897
10.1 0.122217 -2.91204e-16 0.877723 3.54654e-15 0.117081 0.0107955
10.2 0.120239 -3.03838e-16 0.879701 3.57308e-15 0.109658 0.0104536
10.3 0.118359 -3.24925e-16 0.88158 3.50124e-15 0.102374 0.00996148
10.4 0.116578 -3.39966e-16 0.883361 3.43849e-15 0.0952677 0.00932041
10.5 0.114895 -3.73001e-16 0.885044 3.47576e-15 0.0883764 0.00853575
10.6 0.113308 -3.99529e-16 0.88663 3.47954e-15 0.0817361 0.00761703
10.7 0.111814 -4.14511e-16 0.888125 3.43982e-15 0.0753801 0.00657796
10.8 0.110407 -4.35182e-16 0.889532 3.57337e-15 0.0693379 0.00543627
10.9 0.10908 -4.46313e-16 0.890859 3.52725e-15 0.0636343 0.00421335
11 0.107827 -4.62604e-16 0.892112 3.60113e-15 0.0582893 0.00293387
11.1 0.10664 -4.83504e-16 0.893299 3.59503e-15 0.0533164 0.00162492
11.2 0.105511 -4.96332e-16 0.894427 3.5763e-15 0.0487225 0.000315216
11.3 0.104433 -5.16385e-16 0.895506 3.62312e-15 0.0445078 -0.000965985
11.4 0.103396 -5.35419e-16 0.896543 3.6899e-15 0.0406655 -0.00219001
11.5 0.102395 -5.54414e-16 0.897544 3.73835e-15 0.0371819 -0.00332996
11.6 0.101421 -5.6967e-16 0.898518 3.83861e-15 0.0340377 -0.00436175
11.7 0.10047 -5.78141e-16 0.899469 3.92529e-15 0.0312077 -0.00526519
11.8 0.0995353 -5.8249e-16 0.900404 3.9618e-15 0.0286631 -0.00602473
11.9 0.0986134 -5.89311e-16 0.901325 4.04865e-15 0.0263716 -0.00663005
12 0.0977006 -5.89475e-16 0.902238 4.17116e-15 0.0242994 -0.00707624
12.1 0.0967943 -5.91219e-16 0.903145 4.20167e-15 0.0224116 -0.00736396
12.2 0.0958925 -5.83617e-16 0.904046 4.20993e-15 0.0206739 -0.0074995
12.3 0.0949942 -5.69635e-16 0.904944 4.10691e-15 0.0190537 -0.00749499
12.4 0.0940986 -5.6298e-16 0.90584 4.10575e-15 0.0175219 -0.00736736
12.5 0.0932056 -5.56519e-16 0.906733 4.16101e-15 0.0160538 -0.00713738
12.6 0.0923153 -5.40509e-16 0.907623 4.10266e-15 0.0146295 -0.00682846
12.7 0.0914281 -5.42774e-16 0.90851 4.12201e-15 0.0132346 -0.00646562
12.8 0.0905445 -5.33824e-16 0.909394 4.0997e-15 0.0118606 -0.00607422
12.9 0.0896652 -5.26604e-16 0.910273 4.06498e-15 0.0105045 -0.00567864
13 0.0887909 -5.11435e-16 0.911147 3.96509e-15 0.0091687 -0.00530098
13.1 0.0879221 -4.96808e-16 0.912016 3.84842e-15 0.00785975 -0.00496013
13.2 0.0870594 -4.77329e-16 0.912879 3.67946e-15 0.00658773 -0.00467122
13.3 0.0862032 -4.72958e-16 0.913735 3.6682e-15 0.00536529 -0.00444519
13.4 0.0853539 -4.54252e-16 0.914584 3.54991e-15 0.00420719 -0.00428837
13.5 0.0845118 -4.47085e-16 0.915426 3.53949e-15 0.003129 -0.00420193
13.6 0.0836772 -4.4315e-16 0.916261 3.48824e-15 0.00214592 -0.00418196
13.7 0.08285 -4.43001e-16 0.917088 3.52812e-15 0.00127154 -0.00421975
13.8 0.0820304 -4.42676e-16 0.917908 3.56047e-15 0.000516723 -0.00430239
13.9 0.0812185 -4.43418e-16 0.91872 3.62971e-15 -0.000111599 -0.0044137
14 0.0804141 -4.39756e-16 0.919524 3.52212e-15 -0.00061092 -0.00453552
14.1 0.0796173 -4.39261e-16 0.920321 3.54368e-15 -0.000983187 -0.00464893
14.2 0.0788281 -4.32835e-16 0.92111 3.56461e-15 -0.00123485 -0.00473524
14.3 0.0780463 -4.31654e-16 0.921892 3.5962e-15 -0.00137637 -0.00477724
14.4 0.0772719 -4.2678e-16 0.922666 3.5706e-15 -0.00142212 -0.00475994
14.5 0.0765049 -4.27554e-16 0.923434 3.62117e-15 -0.00138952 -0.00467148
14.6 0.0757452 -4.27243e-16 0.924193 3.69227e-15 -0.00129825 -0.00450371
14.7 0.0749927 -4.24615e-16 0.924946 3.73282e-15 -0.00116935 -0.00425262
14.8 0.0742476 -4.20986e-16 0.925691 3.73383e-15 -0.00102435 -0.0039186
14.9 0.0735095 -4.19901e-16 0.926429 3.80092e-15 -0.000884141 -0.0035066
15 0.0727787 -4.09226e-16 0.92716 3.71159e-15 -0.000768022 -0.00302581
15.1 0.072055 -3.96984e-16 0.927884 3.67083e-15 -0.000692586 -0.00248925
15.2 0.0713383 -3.82553e-16 0.9286 3.53951e-15 -0.000670841 -0.00191297
15.3 0.0706286 -3.74894e-16 0.92931 3.47629e-15 -0.00071202 -0.00131529
15.4 0.069926 -3.75057e-16 0.930012 3.48979e-15 -0.000821004 -0.000715785
15.5 0.0692302 -3.64926e-16 0.930708 3.3792e-15 -0.000997785 -0.000134298
15.6 0.0685414 -3.62435e-16 0.931397 3.42271e-15 -0.00123803 0.000410195
15.7 0.0678594 -3.61295e-16 0.932079 3.44343e-15 -0.00153301 0.000900397
15.8 0.0671841 -3.59282e-16 0.932754 3.44402e-15 -0.00187051 0.00132209
15.9 0.0665156 -3.50902e-16 0.933422 3.37753e-15 -0.00223548 0.00166449
16 0.0658537 -3.42464e-16 0.934084 3.34964e-15 -0.00261138 0.00192072
16.1 0.0651984 -3.39925e-16 0.934739 3.37731e-15 -0.00298017 0.00208793
16.2 0.0645497 -3.29e-16 0.935388 3.27667e-15 -0.00332418 0.0021678
16.3 0.0639074 -3.2677e-16 0.93603 3.27408e-15 -0.00362654 0.00216587
16.4 0.0632714 -3.25991e-16 0.936666 3.34652e-15 -0.00387212 0.00209155
16.5 0.0626419 -3.27348e-16 0.937296 3.44973e-15 -0.00404836 0.00195756
16.6 0.0620186 -3.17191e-16 0.937919 3.35408e-15 -0.00414597 0.00177924
16.7 0.0614015 -3.14635e-16 0.938536 3.38403e-15 -0.00415952 0.00157385
16.8 0.0607905 -3.1059e-16 0.939147 3.37216e-15 -0.00408742 0.00135944
16.9 0.0601856 -3.08181e-16 0.939752 3.38942e-15 -0.00393264 0.00115395
17 0.0595868 -2.98676e-16 0.940351 3.29949e-15 -0.00370209 0.000974183
17.1 0.0589938 -2.94373e-16 0.940944 3.26597e-15 -0.00340647 0.000834961
17.2 0.0584068 -2.89666e-16 0.941531 3.21561e-15 -0.00305949 0.000748001
17.3 0.0578257 -2.92466e-16 0.942112 3.30226e-15 -0.00267689 0.000721832
17.4 0.0572503 -2.94474e-16 0.942687 3.37848e-15 -0.00227598 0.000761204
17.5 0.0566806 -2.91209e-16 0.943257 3.3807e-15 -0.00187436 0.000866898
17.6 0.0561167 -2.91596e-16 0.943821 3.44272e-15 -0.00148915 0.00103575
17.7 0.0555583 -2.90373e-16 0.944379 3.46384e-15 -0.00113625 0.00126107
17.8 0.0550055 -2.88773e-16 0.944932 3.47551e-15 -0.000829613 0.00153294
17.9 0.0544581 -2.86664e-16 0.945479 3.48343e-15 -0.000580745 0.00183875
18 0.0539163 -2.85064e-16 0.946021 3.49066e-15 -0.000397886 0.00216341
18.1 0.0533798 -2.83525e-16 0.946557 3.49306e-15 -0.000285415 0.00249023
18.2 0.0528486 -2.8103e-16 0.947089 3.49108e-15 -0.000243254 0.00280244
18.3 0.0523228 -2.78376e-16 0.947614 3.49481e-15 -0.000267704 0.0030838
18.4 0.0518022 -2.75729e-16 0.948135 3.49029e-15 -0.000351526 0.00331956
18.5 0.0512867 -2.71165e-16 0.94865 3.47127e-15 -0.00048418 0.00349715
18.6 0.0507764 -2.67968e-16 0.949161 3.46817e-15 -0.000652501 0.00360692
18.7 0.0502712 -2.64702e-16 0.949666 3.46185e-15 -0.000841236 0.0036426
18.8 0.049771 -2.61697e-16 0.950166 3.45396e-15 -0.00103425 0.00360179
18.9 0.0492757 -2.58908e-16 0.950661 3.44489e-15 -0.00121527 0.00348596
19 0.0487854 -2.5634e-16 0.951152 3.4427e-15 -0.00136859 0.00330017
19.1 0.0483 -2.53821e-16 0.951637 3.43786e-15 -0.00148016 0.00305339
19.2 0.0478194 -2.51553e-16 0.952118 3.44034e-15 -0.00153861 0.00275778
19.3 0.0473436 -2.49315e-16 0.952593 3.44459e-15 -0.00153603 0.00242784
19.4 0.0468725 -2.46928e-16 0.953065 3.44434e-15 -0.00146784 0.00207906
19.5 0.0464061 -2.44667e-16 0.953531 3.44737e-15 -0.00133309 0.00172763
19.6 0.0459444 -2.42333e-16 0.953993 3.44757e-15 -0.00113477 0.00138935
19.7 0.0454872 -2.39804e-16 0.95445 3.44321e-15 -0.000879342 0.00107887
19.8 0.0450346 -2.37648e-16 0.954903 3.44589e-15 -0.000576116 0.00080889
19.9 0.0445865 -2.35355e-16 0.955351 3.44654e-15 -0.000236649 0.000589775
20 0.0441429 -2.32993e-16 0.955794 3.4445e-15 0.000125481 0.000428724
