0 0 0 1 0 0 0
0.1 1.71708e-07 5.50997e-21 0.999969 3.14397e-14 4.82625e-05 -0.000411171
0.2 7.90774e-07 2.41509e-20 0.999966 3.17616e-14 0.000195252 -0.000865774
0.3 2.03557e-06 6.52516e-20 0.999961 3.08922e-14 0.000448517 -0.00134946
0.4 4.11414e-06 1.34252e-19 0.999955 2.93062e-14 0.0008121 -0.00184784
0.5 7.2633e-06 2.43861e-19 0.999947 2.597e-14 0.00128666 -0.00234747
0.6 1.17473e-05 3.82683e-19 0.999937 2.46228e-14 0.00186979 -0.0028367
0.7 1.78573e-05 6.09556e-19 0.999926 2.16573e-14 0.00255655 -0.00330647
0.8 2.59116e-05 8.71089e-19 0.999914 2.03388e-14 0.00334019 -0.00375097
0.9 3.62599e-05 1.18715e-18 0.999899 2.03008e-14 0.00421291 -0.00416809
1 4.92913e-05 1.43788e-18 0.999883 2.29663e-14 0.00516681 -0.00455971
1.1 6.54495e-05 1.77263e-18 0.999864 2.44556e-14 0.00619481 -0.00493172
1.2 8.5256e-05 1.74365e-18 0.999843 2.82005e-14 0.00729154 -0.00529384
1.3 0.000109345 1.36673e-18 0.999818 3.25927e-14 0.00845424 -0.00565928
1.4 0.000138512 6.18034e-19 0.999789 3.58924e-14 0.00968341 -0.00604413
1.5 0.00017377 1.50359e-19 0.999754 3.73182e-14 0.0109834 -0.00646664
1.6 0.000216434 7.9573e-19 0.999712 3.57945e-14 0.012363 -0.00694639
1.7 0.000268206 2.99279e-18 0.999661 3.48151e-14 0.013835 -0.00750337
1.8 0.000331284 7.52913e-18 0.999599 3.23351e-14 0.0154168 -0.00815704
1.9 0.00040848 1.46133e-17 0.999522 2.97652e-14 0.01713 -0.0089254
2 0.000503344 2.46766e-17 0.999427 2.70433e-14 0.0189995 -0.00982418
2.1 0.0006203 3.58061e-17 0.99931 2.50282e-14 0.0210535 -0.0108661
2.2 0.000764772 4.54155e-17 0.999164 2.41256e-14 0.023322 -0.01206
2.3 0.000943309 5.27129e-17 0.998984 2.27112e-14 0.0258364 -0.0134111
2.4 0.00116369 5.37188e-17 0.998762 2.22515e-14 0.0286281 -0.0149198
2.5 0.00143501 4.67962e-17 0.998489 2.2168e-14 0.0317278 -0.0165824
2.6 0.00176774 3.31107e-17 0.998156 2.20087e-14 0.0351641 -0.0183909
2.7 0.00217373 1.47929e-17 0.99775 2.15998e-14 0.0389627 -0.0203332
2.8 0.00266623 -8.43903e-18 0.997257 2.12181e-14 0.0431458 -0.022394
2.9 0.00325976 -3.96144e-17 0.996663 2.33004e-14 0.0477308 -0.0245548
3 0.00397008 -6.64287e-17 0.995953 2.44773e-14 0.05273 -0.0267946
3.1 0.00481398 -9.3808e-17 0.995109 2.50711e-14 0.0581505 -0.029091
3.2 0.00580911 -1.01183e-16 0.994114 2.44211e-14 0.0639932 -0.0314202
3.3 0.0069737 -1.02369e-16 0.99295 2.66193e-14 0.070253 -0.0337579
3.4 0.00832629 -7.08011e-17 0.991598 2.84155e-14 0.0769188 -0.0360802
3.5 0.00988543 1.7332e-17 0.990039 3.01436e-14 0.0839737 -0.0383635
3.6 0.0116693 1.36829e-16 0.988256 3.04914e-14 0.0913952 -0.0405853
3.7 0.0136953 2.73769e-16 0.98623 3.14684e-14 0.0991555 -0.0427241
3.8 0.0159798 4.15277e-16 0.983946 3.24002e-14 0.107222 -0.04476
3.9 0.0185374 5.51268e-16 0.981388 3.29076e-14 0.115557 -0.0466742
4 0.0213809 6.96864e-16 0.978545 3.1723e-14 0.124119 -0.0484496
4.1 0.0245206 8.89241e-16 0.975405 2.84192e-14 0.132864 -0.0500704
4.2 0.0279638 1.09164e-15 0.971962 2.41225e-14 0.141743 -0.0515219
4.3 0.0317147 1.41912e-15 0.968211 1.94376e-14 0.150705 -0.0527908
4.4 0.0357736 1.96606e-15 0.964152 1.52406e-14 0.159698 -0.0538647
4.5 0.0401367 2.61207e-15 0.959789 1.32257e-14 0.168667 -0.0547325
4.6 0.0447955 3.38676e-15 0.955131 1.14511e-14 0.177553 -0.0553847
4.7 0.049737 3.80112e-15 0.950189 1.34101e-14 0.186301 -0.0558133
4.8 0.0549431 3.95053e-15 0.944983 1.51009e-14 0.194851 -0.056013
4.9 0.0603909 3.65439e-15 0.939536 1.34738e-14 0.203146 -0.055981
5 0.0660527 2.64684e-15 0.933874 1.37189e-14 0.211129 -0.0557184
5.1 0.0718964 1.48389e-15 0.92803 1.20852e-14 0.218745 -0.0552297
5.2 0.0778864 4.63103e-16 0.92204 1.13813e-14 0.225945 -0.054524
5.3 0.0839838 -1.34059e-16 0.915943 1.15529e-14 0.232683 -0.0536145
5.4 0.0901479 -3.61755e-16 0.909779 1.21826e-14 0.238919 -0.0525192
5.5 0.0963371 -5.64385e-16 0.90359 1.39127e-14 0.24462 -0.05126
5.6 0.10251 -1.52097e-15 0.897417 1.63604e-14 0.24976 -0.0498627
5.7 0.108626 -2.90492e-15 0.8913 1.70003e-14 0.254325 -0.0483558
5.8 0.11465 -4.59464e-15 0.885276 1.74466e-14 0.258305 -0.0467693
5.9 0.120546 -6.55625e-15 0.87938 1.69276e-14 0.261702 -0.0451337
6 0.126285 -8.22519e-15 0.87364 1.2977e-14 0.264526 -0.0434779
6.1 0.131843 -9.24422e-15 0.868081 1.0159e-14 0.266795 -0.0418278
6.2 0.1372 -9.11624e-15 0.862723 6.90467e-15 0.268532 -0.0402047
6.3 0.142339 -8.31835e-15 0.857583 4.78538e-15 0.269768 -0.0386237
6.4 0.147249 -6.80015e-15 0.852673 1.7916e-15 0.270534 -0.0370935
6.5 0.151918 -5.69785e-15 0.848002 9.13949e-16 0.270864 -0.0356154
6.6 0.15634 -4.5248e-15 0.843579 6.16929e-16 0.27079 -0.0341842
6.7 0.160505 -3.22393e-15 0.839413 1.22634e-15 0.270342 -0.0327891
6.8 0.164405 -2.49862e-15 0.835512 2.00363e-15 0.269544 -0.0314148
6.9 0.168031 -2.95772e-15 0.831885 5.32192e-15 0.268416 -0.0300437
7 0.171372 -3.97928e-15 0.828544 7.61623e-15 0.266972 -0.0286583
7.1 0.174414 -5.67288e-15 0.8255 1.09418e-14 0.265219 -0.0272428
7.2 0.177147 -6.47298e-15 0.822766 1.28705e-14 0.263159 -0.0257853
7.3 0.179557 -5.01884e-15 0.820355 9.41114e-15 0.260791 -0.0242791
7.4 0.181635 -1.45663e-15 0.818276 5.84351e-15 0.258108 -0.0227232
7.5 0.183372 4.49907e-15 0.816538 -1.37905e-15 0.255107 -0.0211228
7.6 0.184765 1.19677e-14 0.815143 -8.52355e-15 0.251779 -0.0194892
7.7 0.185814 1.87138e-14 0.814093 -1.41548e-14 0.248123 -0.0178381
7.8 0.186524 2.23842e-14 0.813382 -1.6817e-14 0.244135 -0.016189
7.9 0.186907 2.08955e-14 0.812997 -1.43734e-14 0.239821 -0.0145625
8 0.186979 1.60563e-14 0.812924 -1.09555e-14 0.235186 -0.0129792
8.1 0.186759 1.01389e-14 0.813143 -4.93348e-15 0.230243 -0.0114581
8.2 0.186272 6.20228e-15 0.813629 -1.40454e-15 0.225008 -0.0100151
8.3 0.185542 5.61918e-15 0.814358 -3.15584e-15 0.2195 -0.00866175
8.4 0.184597 9.64952e-15 0.815302 -1.04062e-14 0.213743 -0.00740517
8.5 0.183464 2.02386e-14 0.816434 -2.42323e-14 0.207761 -0.00624745
8.6 0.182169 3.78929e-14 0.817728 -4.54266e-14 0.201579 -0.00518617
8.7 0.180736 5.84948e-14 0.81916 -7.19632e-14 0.195224 -0.00421495
8.8 0.179189 7.51958e-14 0.820706 -9.65917e-14 0.18872 -0.00332413
8.9 0.177546 7.94425e-14 0.822349 -1.11256e-13 0.182091 -0.00250183
9 0.175824 6.91322e-14 0.824069 -1.11703e-13 0.175358 -0.00173512
9.1 0.17404 4.27108e-14 0.825853 -9.67554e-14 0.168541 -0.0010116
9.2 0.172204 5.17768e-15 0.827688 -7.01663e-14 0.161658 -0.000320545
9.3 0.170328 -3.56942e-14 0.829564 -4.17989e-14 0.154724 0.000346013
9.4 0.16842 -6.92129e-14 0.83147 -2.0097e-14 0.147755 0.000993098
9.5 0.16649 -8.54091e-14 0.833399 -1.47344e-14 0.140767 0.00162243
9.6 0.164545 -8.07463e-14 0.835344 -2.63094e-14 0.133776 0.00223242
9.7 0.162592 -5.71291e-14 0.837296 -5.37479e-14 0.126799 0.00281847
9.8 0.160639 -2.41364e-14 0.839248 -8.72081e-14 0.119855 0.00337352
9.9 0.158692 7.93194e-15 0.841195 -1.19488e-13 0.112963 0.00388845
10 0.156758 2.87449e-14 0.843128 -1.39532e-13 0.106146 0.00435287
10.1 0.154843 3.35355e-14 0.845042 -1.44959e-13 0.0994283 0.00475598
10.2 0.152953 2.17679e-14 0.846932 -1.36116e-13 0.0928351 0.00508748
10.3 0.151094 8.0969e-17 0.84879 -1.18537e-13 0.0863933 0.00533826
10.4 0.149271 -2.64741e-14 0.850613 -9.8046e-14 0.0801304 0.00550125
10.5 0.147486 -5.34637e-14 0.852398 -7.99296e-14 0.0740741 0.00557198
10.6 0.145744 -7.99075e-14 0.85414 -6.57798e-14 0.0682518 0.00554866
10.7 0.144045 -1.01152e-13 0.855838 -5.38773e-14 0.062689 0.00543423
10.8 0.142391 -1.17776e-13 0.857492 -4.52954e-14 0.0574094 0.0052342
10.9 0.140781 -1.29699e-13 0.859102 -2.97905e-14 0.0524333 0.00495764
11 0.139215 -1.41841e-13 0.860669 -1.161e-14 0.0477777 0.00461731
11.1 0.13769 -1.52082e-13 0.862194 5.11959e-15 0.0434546 0.00422928
11.2 0.136204 -1.57511e-13 0.86368 1.7572e-14 0.0394701 0.00381216
11.3 0.134754 -1.56184e-13 0.865129 2.03338e-14 0.0358238 0.00338555
11.4 0.133338 -1.48402e-13 0.866546 1.48558e-14 0.0325094 0.0029688
11.5 0.13195 -1.35396e-13 0.867933 2.03874e-15 0.029515 0.00257986
11.6 0.13059 -1.19742e-13 0.869294 -1.69778e-14 0.0268244 0.00223486
11.7 0.129253 -1.04066e-13 0.870631 -3.84244e-14 0.0244172 0.00194787
11.8 0.127937 -8.98928e-14 0.871946 -5.93856e-14 0.0222696 0.00173022
11.9 0.12664 -7.8144e-14 0.873243 -7.68716e-14 0.020354 0.00158989
12 0.12536 -6.94305e-14 0.874524 -8.9718e-14 0.018641 0.00153044
12.1 0.124095 -6.37072e-14 0.875789 -9.96084e-14 0.0170999 0.00155054
12.2 0.122844 -6.04167e-14 0.87704 -1.06779e-13 0.015701 0.00164416
12.3 0.121606 -6.00188e-14 0.878277 -1.10906e-13 0.0144165 0.00180106
12.4 0.12038 -6.13494e-14 0.879503 -1.12995e-13 0.0132217 0.0020076
12.5 0.119168 -6.44359e-14 0.880715 -1.12073e-13 0.0120954 0.00224837
12.6 0.117967 -6.80535e-14 0.881916 -1.10314e-13 0.0110202 0.00250583
12.7 0.116779 -7.31662e-14 0.883104 -1.06147e-13 0.00998318 0.00276221
12.8 0.115604 -7.90348e-14 0.884279 -1.01584e-13 0.00897576 0.0029993
12.9 0.114441 -8.35956e-14 0.885442 -9.8867e-14 0.00799406 0.00319999
13 0.11329 -8.69852e-14 0.886593 -9.84805e-14 0.0070381 0.00334906
13.1 0.112152 -8.9436e-14 0.887731 -9.75336e-14 0.00611125 0.0034341
13.2 0.111026 -9.05549e-14 0.888856 -9.70907e-14 0.00521955 0.00344568
13.3 0.109913 -9.0457e-14 0.889969 -1.01244e-13 0.00437116 0.00337708
13.4 0.108813 -8.97067e-14 0.89107 -1.08307e-13 0.00357662 0.0032255
13.5 0.107724 -8.84961e-14 0.892158 -1.18475e-13 0.00284724 0.00299199
13.6 0.106648 -8.67629e-14 0.893235 -1.29863e-13 0.00219489 0.00268203
13.7 0.105583 -8.49404e-14 0.894299 -1.40508e-13 0.00163031 0.00230555
13.8 0.10453 -8.37166e-14 0.895352 -1.48132e-13 0.0011621 0.00187669
13.9 0.103488 -8.25157e-14 0.896394 -1.55554e-13 0.000795579 0.00141267
14 0.102458 -8.1456e-14 0.897425 -1.59667e-13 0.000531922 0.000932277
14.1 0.101437 -8.07312e-14 0.898445 -1.58736e-13 0.000368548 0.000454493
14.2 0.100428 -7.97769e-14 0.899454 -1.54984e-13 0.000299425 -2.13747e-06
14.3 0.0994286 -7.83819e-14 0.900454 -1.49793e-13 0.000315343 -0.000420186
14.4 0.0984395 -7.72745e-14 0.901443 -1.47348e-13 0.000403618 -0.000783758
14.5 0.0974603 -7.66655e-14 0.902422 -1.47122e-13 0.000548399 -0.00107982
14.6 0.0964908 -7.58912e-14 0.903391 -1.49447e-13 0.000731429 -0.00129928
14.7 0.0955311 -7.46712e-14 0.904351 -1.55159e-13 0.000933179 -0.00143764
14.8 0.0945808 -7.33672e-14 0.905301 -1.62945e-13 0.00113448 -0.00149527
14.9 0.09364 -7.28395e-14 0.906242 -1.71603e-13 0.00131779 -0.00147678
15 0.0927085 -7.37286e-14 0.907174 -1.78566e-13 0.00146803 -0.00139027
15.1 0.0917862 -7.48822e-14 0.908096 -1.83427e-13 0.00157305 -0.00124635
15.2 0.0908731 -7.6604e-14 0.909009 -1.89751e-13 0.00162354 -0.00105767
15.3 0.0899689 -7.84099e-14 0.909913 -1.95585e-13 0.00161298 -0.000838795
15.4 0.0890738 -8.03661e-14 0.910808 -1.99842e-13 0.0015387 -0.000605359
15.5 0.0881875 -8.24382e-14 0.911694 -2.02585e-13 0.00140193 -0.000373508
15.6 0.08731 -8.46044e-14 0.912572 -2.0379e-13 0.00120806 -0.000158671
15.7 0.0864413 -8.64372e-14 0.91344 -2.03201e-13 0.000966575 2.57772e-05
15.8 0.0855811 -8.77788e-14 0.9143 -1.99881e-13 0.000689723 0.000169354
15.9 0.0847296 -8.79663e-14 0.915152 -1.99492e-13 0.000391628 0.000265289
16 0.0838864 -8.722e-14 0.915995 -2.01328e-13 8.67149e-05 0.00031031
16.1 0.0830517 -8.62402e-14 0.916829 -2.04472e-13 -0.000210773 0.000304371
16.2 0.0822253 -8.52963e-14 0.917655 -2.08216e-13 -0.000487294 0.000250307
16.3 0.0814071 -8.43702e-14 0.918473 -2.11956e-13 -0.000730583 0.000153549
16.4 0.0805971 -8.36055e-14 0.919283 -2.15889e-13 -0.000930296 2.18555e-05
16.5 0.0797951 -8.28415e-14 0.920085 -2.19662e-13 -0.00107818 -0.000135253
16.6 0.0790012 -8.20395e-14 0.920879 -2.23531e-13 -0.00116841 -0.000306694
16.7 0.0782151 -8.1287e-14 0.921665 -2.25931e-13 -0.00119799 -0.000480363
16.8 0.0774368 -8.05843e-14 0.922443 -2.2635e-13 -0.00116694 -0.000643765
16.9 0.0766663 -7.98771e-14 0.923214 -2.23778e-13 -0.00107843 -0.000784739
17 0.0759034 -7.90679e-14 0.923976 -2.18151e-13 -0.000938671 -0.000892139
17.1 0.0751482 -7.82178e-14 0.924731 -2.11767e-13 -0.000756425 -0.000956527
17.2 0.0744004 -7.73162e-14 0.925479 -2.04949e-13 -0.000542991 -0.000970672
17.3 0.0736601 -7.63743e-14 0.926219 -1.98644e-13 -0.000311523 -0.000930255
17.4 0.0729272 -7.54346e-14 0.926952 -1.93115e-13 -7.60956e-05 -0.000834269
17.5 0.0722015 -7.45198e-14 0.927677 -1.89027e-13 0.000149121 -0.000685447
17.6 0.0714831 -7.36673e-14 0.928396 -1.8632e-13 0.000351096 -0.000489713
17.7 0.0707718 -7.28708e-14 0.929107 -1.85299e-13 0.000518525 -0.000255662
17.8 0.0700676 -7.21243e-14 0.929811 -1.85721e-13 0.000642298 5.88424e-06
17.9 0.0693705 -7.13875e-14 0.930508 -1.86869e-13 0.00071594 0.000282441
18 0.0686802 -7.06642e-14 0.931198 -1.88845e-13 0.000736175 0.000560402
18.1 0.0679968 -6.9945e-14 0.931881 -1.91465e-13 0.000702839 0.000826095
18.2 0.0673202 -6.92075e-14 0.932558 -1.94429e-13 0.000618843 0.00106645
18.3 0.0666504 -6.84841e-14 0.933227 -1.97307e-13 0.000489816 0.00126971
18.4 0.0659872 -6.78156e-14 0.93389 -2.00048e-13 0.000323699 0.00142577
18.5 0.0653306 -6.71827e-14 0.934547 -2.02517e-13 0.000130432 0.00152672
18.6 0.0646805 -6.65514e-14 0.935196 -2.0474e-13 -7.84934e-05 0.00156723
18.7 0.0640369 -6.59258e-14 0.93584 -2.06869e-13 -0.00029047 0.00154474
18.8 0.0633998 -6.53391e-14 0.936477 -2.0849e-13 -0.000492231 0.00145988
18.9 0.0627689 -6.47333e-14 0.937108 -2.09798e-13 -0.000670811 0.00131677
19 0.0621443 -6.41128e-14 0.937732 -2.10752e-13 -0.000814659 0.00112285
19.1 0.061526 -6.34964e-14 0.938351 -2.11654e-13 -0.000914341 0.000888417
19.2 0.0609138 -6.28791e-14 0.938963 -2.12433e-13 -0.000963299 0.000625866
19.3 0.0603077 -6.22649e-14 0.939569 -2.1317e-13 -0.000958337 0.000348982
19.4 0.0597076 -6.16494e-14 0.940169 -2.13804e-13 -0.000899512 7.14851e-05
19.5 0.0591135 -6.10417e-14 0.940763 -2.14418e-13 -0.000789781 -0.000193515
19.6 0.0585253 -6.04423e-14 0.941351 -2.15028e-13 -0.000634684 -0.00043408
19.7 0.057943 -5.98496e-14 0.941933 -2.15626e-13 -0.000441852 -0.00064001
19.8 0.0573664 -5.92586e-14 0.94251 -2.16218e-13 -0.000220671 -0.000803059
19.9 0.0567956 -5.8669e-14 0.943081 -2.16808e-13 1.8358e-05 -0.000916901
20 0.0562305 -5.80853e-14 0.943646 -2.17394e-13 0.000263527 -0.000977471
