0 0 0 1 0 0 0
0.1 1.71705e-07 -3.42247e-21 0.999955 4.90456e-15 4.82604e-05 -0.000411076
0.2 7.90677e-07 -1.62065e-20 0.999953 1.88097e-14 0.000195197 -0.000865311
0.3 2.03496e-06 -4.07395e-20 0.999949 3.41647e-14 0.000448237 -0.00134817
0.4 4.11192e-06 -6.65572e-20 0.999944 4.80403e-14 0.00081124 -0.00184515
0.5 7.25721e-06 -4.76757e-20 0.999937 5.88331e-14 0.00128462 -0.00234268
0.6 1.17334e-05 1.07724e-19 0.999929 6.50189e-14 0.0018657 -0.00282909
0.7 1.78293e-05 5.54256e-19 0.999919 6.46047e-14 0.00254924 -0.0032954
0.8 2.58604e-05 1.35894e-18 0.999908 6.15327e-14 0.00332818 -0.00373594
0.9 3.61734e-05 2.7942e-18 0.999894 5.34132e-14 0.00419448 -0.00414885
1 4.91541e-05 4.90017e-18 0.999878 4.32943e-14 0.00514004 -0.00453631
1.1 6.52437e-05 7.6937e-18 0.999859 3.32565e-14 0.00615764 -0.00490456
1.2 8.49624e-05 1.09593e-17 0.999837 2.40671e-14 0.00724192 -0.00526376
1.3 0.000108946 1.39687e-17 0.999811 1.98106e-14 0.0083902 -0.00562748
1.4 0.000137992 1.63205e-17 0.999781 1.77565e-14 0.0096032 -0.00601219
1.5 0.000173124 1.7307e-17 0.999746 1.77896e-14 0.0108856 -0.00643643
1.6 0.000215671 1.59715e-17 0.999705 1.97747e-14 0.0122464 -0.00691996
1.7 0.000267354 1.19796e-17 0.999654 2.34779e-14 0.013699 -0.00748288
1.8 0.000330399 4.99802e-18 0.999591 2.83039e-14 0.0152613 -0.00814459
1.9 0.000407651 -5.49207e-18 0.999513 3.64096e-14 0.0169553 -0.00892289
2 0.000502703 -1.68358e-17 0.999417 4.3419e-14 0.0188064 -0.00983315
2.1 0.000620022 -2.6733e-17 0.999297 4.86183e-14 0.0208429 -0.0108875
2.2 0.000765081 -3.69379e-17 0.999148 5.5185e-14 0.0230951 -0.0120944
2.3 0.000944474 -4.4107e-17 0.998965 6.07497e-14 0.0255945 -0.0134581
2.4 0.00116602 -4.52911e-17 0.998738 6.56734e-14 0.0283721 -0.0149783
2.5 0.00143885 -4.04257e-17 0.99846 6.9813e-14 0.0314581 -0.0166507
2.6 0.00177345 -2.68464e-17 0.998121 7.2076e-14 0.0348807 -0.0184665
2.7 0.00218168 1.27225e-17 0.99771 6.89293e-14 0.0386648 -0.0204133
2.8 0.00267675 7.17007e-17 0.997213 6.69587e-14 0.0428315 -0.0224752
2.9 0.00327316 1.70577e-16 0.996615 6.09827e-14 0.0473975 -0.0246337
3 0.00398661 3.19296e-16 0.9959 5.26466e-14 0.052374 -0.0268679
3.1 0.00483381 4.81362e-16 0.995052 5.01594e-14 0.057767 -0.0291555
3.2 0.00583231 6.76412e-16 0.994053 4.9543e-14 0.0635764 -0.0314734
3.3 0.00700028 8.7928e-16 0.992884 4.23875e-14 0.0697963 -0.0337981
3.4 0.00835619 1.00183e-15 0.991528 3.50107e-14 0.0764148 -0.0361064
3.5 0.00991852 1.04699e-15 0.989965 3.14311e-14 0.0834146 -0.0383759
3.6 0.0117055 9.03269e-16 0.988177 3.22471e-14 0.0907727 -0.0405853
3.7 0.0137346 5.18517e-16 0.986147 3.61367e-14 0.0984614 -0.0427148
3.8 0.0160223 -2.34476e-16 0.983859 4.55046e-14 0.106449 -0.0447458
3.9 0.0185836 -1.29332e-15 0.981298 5.81719e-14 0.114698 -0.0466609
4 0.0214317 -2.41326e-15 0.978449 7.1448e-14 0.12317 -0.0484437
4.1 0.0245775 -3.45673e-15 0.975303 8.3486e-14 0.131821 -0.0500786
4.2 0.0280289 -4.04213e-15 0.971851 9.664e-14 0.140604 -0.0515512
4.3 0.0317908 -4.46955e-15 0.968089 1.07524e-13 0.14947 -0.0528481
4.4 0.0358644 -4.45692e-15 0.964015 1.17337e-13 0.158368 -0.0539566
4.5 0.0402466 -4.06442e-15 0.959633 1.27313e-13 0.167244 -0.0548648
4.6 0.0449299 -3.61728e-15 0.954949 1.36917e-13 0.176043 -0.0555618
4.7 0.049902 -2.57143e-15 0.949977 1.42431e-13 0.184707 -0.0560375
4.8 0.0551455 -7.03147e-16 0.944733 1.43886e-13 0.19318 -0.0562843
4.9 0.0606379 1.57822e-15 0.93924 1.45288e-13 0.201403 -0.0562968
5 0.0663515 4.40014e-15 0.933525 1.41711e-13 0.209321 -0.0560729
5.1 0.0722538 6.81138e-15 0.927622 1.40527e-13 0.216879 -0.055614
5.2 0.0783083 8.38649e-15 0.921566 1.3795e-13 0.224023 -0.0549262
5.3 0.0844748 9.77192e-15 0.915398 1.37635e-13 0.230705 -0.0540206
5.4 0.0907108 1.14036e-14 0.909162 1.3884e-13 0.236883 -0.0529139
5.5 0.0969724 1.45936e-14 0.9029 1.42752e-13 0.24252 -0.051628
5.6 0.103216 2.0717e-14 0.896656 1.27074e-13 0.247588 -0.050189
5.7 0.1094 2.81364e-14 0.890472 1.06711e-13 0.252068 -0.0486268
5.8 0.115484 3.67334e-14 0.884388 8.86512e-14 0.25595 -0.0469737
5.9 0.121432 4.50397e-14 0.878439 7.96586e-14 0.259232 -0.0452634
6 0.127215 5.01506e-14 0.872655 7.92429e-14 0.261922 -0.0435291
6.1 0.132807 5.01427e-14 0.867061 8.28928e-14 0.264039 -0.0418014
6.2 0.138188 4.46416e-14 0.86168 9.72011e-14 0.265607 -0.0401066
6.3 0.143342 3.689e-14 0.856525 1.04955e-13 0.266657 -0.0384647
6.4 0.14826 2.70913e-14 0.851606 1.05844e-13 0.267224 -0.0368885
6.5 0.152933 2.06276e-14 0.846932 9.79316e-14 0.267345 -0.0353828
6.6 0.157358 1.87407e-14 0.842506 8.95895e-14 0.267055 -0.0339442
6.7 0.161529 1.49147e-14 0.838334 8.7002e-14 0.266389 -0.0325621
6.8 0.165442 4.16836e-15 0.834419 9.22656e-14 0.265374 -0.0312211
6.9 0.169091 -1.60681e-14 0.830769 1.01594e-13 0.264035 -0.0299014
7 0.172466 -4.49243e-14 0.827392 1.08877e-13 0.262389 -0.0285824
7.1 0.175558 -7.70866e-14 0.824298 1.1279e-13 0.260446 -0.0272442
7.2 0.178356 -1.07951e-13 0.821498 1.14721e-13 0.25821 -0.0258705
7.3 0.180848 -1.2828e-13 0.819004 1.171e-13 0.255683 -0.0244506
7.4 0.183023 -1.29654e-13 0.816828 1.28254e-13 0.25286 -0.0229798
7.5 0.184871 -1.12244e-13 0.814978 1.3987e-13 0.249738 -0.0214599
7.6 0.186386 -7.76384e-14 0.813461 1.46547e-13 0.246311 -0.0198982
7.7 0.187567 -3.39685e-14 0.812278 1.43228e-13 0.242578 -0.0183068
7.8 0.188416 1.13566e-14 0.811428 1.3878e-13 0.238539 -0.0167015
7.9 0.18894 5.66394e-14 0.810902 1.32202e-13 0.234196 -0.0151009
8 0.189151 1.05842e-13 0.810689 1.2855e-13 0.229558 -0.0135244
8.1 0.189066 1.6038e-13 0.810772 1.28397e-13 0.224637 -0.0119903
8.2 0.188704 2.18596e-13 0.811131 1.20754e-13 0.219452 -0.0105139
8.3 0.188089 2.79737e-13 0.811744 8.55066e-14 0.214023 -0.00910647
8.4 0.187244 3.488e-13 0.812587 3.14951e-14 0.208372 -0.00777472
8.5 0.186194 4.20624e-13 0.813635 -7.85746e-15 0.202525 -0.00652077
8.6 0.184962 4.95852e-13 0.814865 -5.02142e-14 0.196504 -0.00534252
8.7 0.183573 5.64986e-13 0.816253 -7.38281e-14 0.190333 -0.00423474
8.8 0.182047 6.32352e-13 0.817778 -9.71508e-14 0.184033 -0.00319024
8.9 0.180403 6.73583e-13 0.819421 -1.26651e-13 0.177625 -0.00220127
9 0.178659 7.1169e-13 0.821165 -1.76671e-13 0.171128 -0.00126081
9.1 0.176831 7.39812e-13 0.822992 -2.0986e-13 0.164562 -0.000362348
9.2 0.174932 7.67024e-13 0.82489 -2.02821e-13 0.157945 0.000500505
9.3 0.172977 7.86717e-13 0.826844 -1.62168e-13 0.151293 0.00133359
9.4 0.170976 7.92601e-13 0.828844 -9.58102e-14 0.144623 0.00214136
9.5 0.16894 7.56106e-13 0.830879 -2.51475e-14 0.137947 0.00292493
9.6 0.166879 6.63031e-13 0.832939 7.05958e-14 0.131277 0.00368215
9.7 0.164802 4.93792e-13 0.835014 2.50027e-13 0.124625 0.00440726
9.8 0.16272 2.95469e-13 0.837096 5.08417e-13 0.118004 0.00509152
9.9 0.16064 7.8182e-14 0.839176 7.84659e-13 0.111429 0.00572358
10 0.158571 -1.04918e-13 0.841244 1.03983e-12 0.104917 0.00628983
10.1 0.156522 -2.25976e-13 0.843292 1.25646e-12 0.0984902 0.00677655
10.2 0.154501 -2.72688e-13 0.845312 1.43965e-12 0.0921715 0.00717184
10.3 0.152514 -2.63161e-13 0.847298 1.60195e-12 0.0859855 0.00746615
10.4 0.150569 -2.06285e-13 0.849242 1.72568e-12 0.0799572 0.00765253
10.5 0.148669 -8.63182e-14 0.85114 1.81076e-12 0.0741112 0.00772691
10.6 0.14682 5.62475e-14 0.852988 1.82708e-12 0.0684714 0.0076881
10.7 0.145022 1.89327e-13 0.854784 1.84985e-12 0.0630603 0.0075376
10.8 0.143277 2.95339e-13 0.856527 1.87784e-12 0.0578998 0.00727955
10.9 0.141586 3.71384e-13 0.858217 1.91727e-12 0.0530102 0.00692149
11 0.139947 4.20711e-13 0.859854 1.96792e-12 0.0484097 0.0064751
11.1 0.138359 4.55963e-13 0.861441 2.00528e-12 0.0441129 0.00595643
11.2 0.136819 4.81071e-13 0.86298 2.02984e-12 0.0401292 0.00538432
11.3 0.135324 4.79943e-13 0.864475 2.03308e-12 0.0364631 0.00477978
11.4 0.13387 4.70001e-13 0.865929 2.0056e-12 0.0331134 0.00416556
11.5 0.132453 4.75458e-13 0.867346 1.93717e-12 0.0300726 0.003565
11.6 0.131069 5.01587e-13 0.86873 1.83485e-12 0.0273266 0.00299969
11.7 0.129714 5.55179e-13 0.870085 1.7179e-12 0.0248564 0.00248765
11.8 0.128385 6.17391e-13 0.871414 1.59711e-12 0.0226395 0.00204271
11.9 0.127078 6.70755e-13 0.87272 1.49647e-12 0.0206519 0.00167492
12 0.125792 7.05476e-13 0.874006 1.42343e-12 0.0188678 0.00139102
12.1 0.124524 7.21341e-13 0.875274 1.39027e-12 0.0172603 0.00119414
12.2 0.123271 7.37844e-13 0.876526 1.39413e-12 0.0158021 0.0010831
12.3 0.122034 7.44003e-13 0.877764 1.414e-12 0.0144664 0.00105276
12.4 0.120809 7.34917e-13 0.878988 1.43622e-12 0.0132282 0.00109338
12.5 0.119598 7.19148e-13 0.880199 1.49216e-12 0.0120655 0.00119176
12.6 0.1184 6.88988e-13 0.881397 1.53994e-12 0.0109601 0.00133196
12.7 0.117213 6.50647e-13 0.882583 1.601e-12 0.00989833 0.00149661
12.8 0.116039 6.24125e-13 0.883757 1.65128e-12 0.00887094 0.00166791
12.9 0.114877 6.02852e-13 0.884919 1.70423e-12 0.00787238 0.00182914
13 0.113727 5.92022e-13 0.886069 1.75343e-12 0.00690112 0.00196402
13.1 0.112589 5.87371e-13 0.887208 1.7888e-12 0.00595948 0.00205799
13.2 0.111462 5.83208e-13 0.888334 1.81977e-12 0.00505363 0.00209913
13.3 0.110348 5.77809e-13 0.889448 1.84892e-12 0.00419282 0.00207925
13.4 0.109246 5.70074e-13 0.89055 1.87932e-12 0.00338788 0.00199435
13.5 0.108155 5.61471e-13 0.89164 1.91678e-12 0.00265015 0.00184454
13.6 0.107076 5.67571e-13 0.892719 1.96391e-12 0.00199077 0.00163374
13.7 0.106008 5.76181e-13 0.893787 2.00466e-12 0.00141989 0.00137004
13.8 0.104952 5.82233e-13 0.894843 2.01953e-12 0.000945528 0.00106521
13.9 0.103907 5.71078e-13 0.895888 2.03862e-12 0.000572596 0.000733854
14 0.102872 5.54564e-13 0.896922 2.06457e-12 0.000302514 0.000392518
14.1 0.101849 5.2944e-13 0.897945 2.10968e-12 0.000132564 5.85432e-05
14.2 0.100836 5.09239e-13 0.898958 2.15551e-12 5.57331e-05 -0.000251245
14.3 0.0998324 4.99534e-13 0.89996 2.18443e-12 6.12266e-05 -0.000521798
14.4 0.0988394 5.03277e-13 0.900952 2.2179e-12 0.00013505 -0.000740854
14.5 0.0978563 5.12839e-13 0.901935 2.25094e-12 0.000260981 -0.000899756
14.6 0.096883 5.23249e-13 0.902907 2.28895e-12 0.000422184 -0.000993778
14.7 0.0959193 5.32224e-13 0.90387 2.33922e-12 0.00060221 -0.0010217
14.8 0.0949652 5.39833e-13 0.904823 2.36923e-12 0.000785679 -0.000985194
14.9 0.0940204 5.40966e-13 0.905767 2.39874e-12 0.000958427 -0.00088839
15 0.093085 5.39883e-13 0.906702 2.42735e-12 0.00110738 -0.000737593
15.1 0.0921589 5.3649e-13 0.907627 2.44948e-12 0.00122081 -0.000541326
15.2 0.0912419 5.32576e-13 0.908544 2.46386e-12 0.00128869 -0.00031052
15.3 0.090334 5.29772e-13 0.909451 2.46987e-12 0.00130357 -5.83582e-05
15.4 0.0894351 5.31421e-13 0.910349 2.46949e-12 0.00126139 0.000200426
15.5 0.0885451 5.3303e-13 0.911239 2.46408e-12 0.00116194 0.00045052
15.6 0.0876639 5.35998e-13 0.912119 2.46092e-12 0.00100887 0.000677184
15.7 0.0867915 5.38003e-13 0.91299 2.46191e-12 0.000809219 0.000867231
15.8 0.0859277 5.37262e-13 0.913853 2.47674e-12 0.000572897 0.00100964
15.9 0.0850726 5.34203e-13 0.914707 2.47815e-12 0.000312167 0.00109607
16 0.0842261 5.30584e-13 0.915553 2.4788e-12 4.10053e-05 0.0011214
16.1 0.0833879 5.27011e-13 0.91639 2.48023e-12 -0.000225793 0.0010843
16.2 0.082558 5.22865e-13 0.917219 2.47043e-12 -0.00047358 0.000987139
16.3 0.0817365 5.20038e-13 0.918039 2.46554e-12 -0.000688831 0.000835939
16.4 0.0809231 5.16112e-13 0.918852 2.46742e-12 -0.000860073 0.000639842
16.5 0.0801178 5.11269e-13 0.919656 2.47686e-12 -0.000978414 0.000410459
16.6 0.0793205 5.05529e-13 0.920452 2.48691e-12 -0.00103806 0.000161172
16.7 0.0785312 5.00114e-13 0.921241 2.48873e-12 -0.00103661 -9.36372e-05
16.8 0.0777498 4.95183e-13 0.922021 2.49688e-12 -0.000975188 -0.000339488
16.9 0.0769761 4.90872e-13 0.922794 2.50473e-12 -0.000858223 -0.000562661
17 0.0762101 4.87138e-13 0.923559 2.51205e-12 -0.000693183 -0.000750949
17.1 0.0754518 4.83736e-13 0.924316 2.51716e-12 -0.000490053 -0.000894314
17.2 0.074701 4.80446e-13 0.925066 2.52192e-12 -0.000260711 -0.000985355
17.3 0.0739577 4.76909e-13 0.925809 2.52903e-12 -1.82753e-05 -0.0010196
17.4 0.0732218 4.73046e-13 0.926545 2.53773e-12 0.000223554 -0.000995695
17.5 0.0724932 4.69137e-13 0.927273 2.54536e-12 0.00045116 -0.000915427
17.6 0.0717719 4.65296e-13 0.927994 2.55202e-12 0.000651709 -0.000783745
17.7 0.0710578 4.61545e-13 0.928708 2.55702e-12 0.000813861 -0.000608507
17.8 0.0703507 4.57527e-13 0.929415 2.55858e-12 0.000928516 -0.000400147
17.9 0.0696507 4.53401e-13 0.930115 2.56062e-12 0.000989439 -0.000171038
18 0.0689576 4.48997e-13 0.930808 2.56232e-12 0.0009937 6.53219e-05
18.1 0.0682714 4.44639e-13 0.931494 2.56443e-12 0.000941803 0.000295245
18.2 0.0675921 4.40346e-13 0.932172 2.56668e-12 0.000837537 0.000505751
18.3 0.0669195 4.36134e-13 0.932845 2.56898e-12 0.000687583 0.000685328
18.4 0.0662536 4.31837e-13 0.93351 2.5731e-12 0.000500965 0.000824506
18.5 0.0655944 4.27595e-13 0.934169 2.57757e-12 0.000288441 0.00091622
18.6 0.0649417 4.23369e-13 0.934821 2.58203e-12 6.18991e-05 0.000956042
18.7 0.0642955 4.19169e-13 0.935467 2.58628e-12 -0.000166201 0.000942281
18.8 0.0636557 4.15002e-13 0.936107 2.59058e-12 -0.000383377 0.000876043
18.9 0.0630223 4.10869e-13 0.93674 2.59502e-12 -0.000577688 0.000761217
19 0.0623952 4.06773e-13 0.937367 2.59946e-12 -0.000738351 0.000604376
19.1 0.0617743 4.02719e-13 0.937987 2.60367e-12 -0.000856377 0.00041452
19.2 0.0611597 3.98705e-13 0.938602 2.60779e-12 -0.000925178 0.000202636
19.3 0.0605511 3.94731e-13 0.93921 2.61182e-12 -0.000941072 -1.89466e-05
19.4 0.0599486 3.90801e-13 0.939812 2.61577e-12 -0.000903549 -0.000237356
19.5 0.0593521 3.86906e-13 0.940409 2.61965e-12 -0.000815292 -0.000440034
19.6 0.0587615 3.83048e-13 0.940999 2.62354e-12 -0.000681968 -0.000615566
19.7 0.0581768 3.79229e-13 0.941583 2.62738e-12 -0.000511729 -0.000754338
19.8 0.0575979 3.75448e-13 0.942162 2.6312e-12 -0.000314649 -0.000849072
19.9 0.0570248 3.71711e-13 0.942735 2.63495e-12 -0.000102054 -0.000895072
20 0.0564574 3.68013e-13 0.943303 2.63865e-12 0.000114105 -0.000890366
