0 0 0 1 0 0 0
0.1 1.71705e-07 2.8661e-20 0.999957 1.45903e-13 4.82603e-05 -0.000411087
0.2 7.90688e-07 1.34971e-19 0.999954 1.34737e-13 0.0001952 -0.000865364
0.3 2.03503e-06 3.60987e-19 0.999949 1.20417e-13 0.000448258 -0.00134832
0.4 4.11218e-06 7.46588e-19 0.999944 1.00643e-13 0.000811307 -0.00184546
0.5 7.25792e-06 1.32589e-18 0.999937 7.53036e-14 0.00128478 -0.00234324
0.6 1.17351e-05 2.13608e-18 0.999928 4.59012e-14 0.00186603 -0.00283
0.7 1.78326e-05 3.18738e-18 0.999918 1.96872e-14 0.00254984 -0.00329675
0.8 2.58667e-05 4.54095e-18 0.999906 1.27354e-16 0.00332918 -0.00373782
0.9 3.61842e-05 6.10029e-18 0.999893 -7.26247e-15 0.00419602 -0.00415133
1 4.91717e-05 7.61526e-18 0.999877 -1.87843e-15 0.0051423 -0.00453945
1.1 6.5271e-05 8.50173e-18 0.99986 1.3569e-14 0.00616081 -0.0049084
1.2 8.5003e-05 8.31053e-18 0.999839 3.2571e-14 0.0072462 -0.00526829
1.3 0.000109004 6.58936e-18 0.999815 5.00333e-14 0.00839578 -0.00563269
1.4 0.000138072 3.79235e-18 0.999787 6.16044e-14 0.00961025 -0.00601803
1.5 0.000173233 1.69065e-18 0.999752 6.34038e-14 0.0108943 -0.00644282
1.6 0.000215813 2.83932e-18 0.999711 5.70508e-14 0.0122569 -0.00692682
1.7 0.000267536 9.13689e-18 0.999659 4.42183e-14 0.0137114 -0.0074901
1.8 0.000330626 2.06742e-17 0.999596 2.88209e-14 0.0152756 -0.00815205
1.9 0.00040793 3.60193e-17 0.999519 1.15968e-14 0.0169715 -0.00893051
2 0.000503039 5.06094e-17 0.999423 -5.26203e-15 0.0188245 -0.00984088
2.1 0.000620421 5.77632e-17 0.999304 -1.82207e-14 0.0208629 -0.0108954
2.2 0.00076555 5.27744e-17 0.999156 -2.64374e-14 0.023117 -0.0121024
2.3 0.000945022 2.9848e-17 0.998974 -2.86051e-14 0.0256182 -0.0134664
2.4 0.00116666 1.7634e-17 0.998749 -2.702e-14 0.0283978 -0.0149871
2.5 0.00143959 7.63885e-18 0.998473 -2.03343e-14 0.0314859 -0.0166602
2.6 0.00177431 5.25469e-17 0.998136 -4.79649e-15 0.0349108 -0.018477
2.7 0.00218268 1.83462e-16 0.997726 1.88285e-14 0.0386973 -0.0204251
2.8 0.00267793 4.11447e-16 0.997229 4.64153e-14 0.0428667 -0.0224886
2.9 0.00327457 7.68977e-16 0.996632 6.89979e-14 0.0474356 -0.024649
3 0.00398831 1.25785e-15 0.995917 8.10297e-14 0.0524153 -0.0268855
3.1 0.0048359 1.95494e-15 0.995069 7.80034e-14 0.0578119 -0.029176
3.2 0.0058349 2.97268e-15 0.99407 5.46371e-14 0.0636256 -0.0314973
3.3 0.00700351 4.37706e-15 0.992901 1.1231e-14 0.0698506 -0.0338257
3.4 0.00836025 6.08393e-15 0.991543 -4.67571e-14 0.0764752 -0.0361379
3.5 0.00992362 8.1135e-15 0.989979 -9.99826e-14 0.083482 -0.0384113
3.6 0.0117118 1.02006e-14 0.98819 -1.48861e-13 0.0908481 -0.0406244
3.7 0.0137424 1.13106e-14 0.986159 -1.86429e-13 0.0985456 -0.0427572
3.8 0.0160318 1.05378e-14 0.983869 -2.1558e-13 0.106542 -0.0447911
3.9 0.018595 7.66073e-15 0.981305 -2.32838e-13 0.114802 -0.0467084
4 0.0214452 3.05849e-15 0.978453 -2.29124e-13 0.123284 -0.0484929
4.1 0.0245933 -2.20548e-15 0.975304 -1.9527e-13 0.131945 -0.050129
4.2 0.0280471 -7.31743e-15 0.971849 -1.41609e-13 0.140739 -0.0516025
4.3 0.0318115 -1.21963e-14 0.968084 -7.70233e-14 0.149616 -0.0528997
4.4 0.0358876 -1.90649e-14 0.964007 -2.56897e-14 0.158525 -0.0540076
4.5 0.0402723 -2.7668e-14 0.959622 1.27943e-14 0.167412 -0.0549144
4.6 0.0449579 -3.56251e-14 0.954936 5.6522e-14 0.17622 -0.0556092
4.7 0.0499322 -3.64486e-14 0.949962 8.56621e-14 0.184894 -0.0560828
4.8 0.0551776 -3.72979e-14 0.944716 1.12003e-13 0.193376 -0.0563275
4.9 0.0606715 -3.93142e-14 0.939222 1.0656e-13 0.201609 -0.0563381
5 0.0663864 -4.17281e-14 0.933506 5.52583e-14 0.209536 -0.0561124
5.1 0.0722897 -4.89116e-14 0.927602 -1.8344e-14 0.217102 -0.0556516
5.2 0.0783448 -5.63796e-14 0.921545 -1.13646e-13 0.224254 -0.0549619
5.3 0.0845117 -5.68211e-14 0.915378 -2.1259e-13 0.230945 -0.0540539
5.4 0.0907476 -4.46098e-14 0.909141 -2.94397e-13 0.237131 -0.0529441
5.5 0.0970087 -2.57002e-14 0.90288 -3.26002e-13 0.242776 -0.0516541
5.6 0.103251 -3.19559e-14 0.896637 -2.99575e-13 0.24785 -0.050211
5.7 0.109433 -8.8442e-14 0.890454 -2.08034e-13 0.252334 -0.0486461
5.8 0.115515 -1.98284e-13 0.884372 -4.38214e-14 0.256218 -0.0469929
5.9 0.121462 -3.37348e-13 0.878424 1.59737e-13 0.259502 -0.0452857
6 0.127243 -4.73761e-13 0.872642 3.49777e-13 0.262197 -0.0435573
6.1 0.132834 -5.57685e-13 0.867051 4.54209e-13 0.264321 -0.041837
6.2 0.138214 -5.68358e-13 0.861669 4.34637e-13 0.265898 -0.04015
6.3 0.14337 -4.8306e-13 0.856513 2.87574e-13 0.266959 -0.0385152
6.4 0.14829 -2.95528e-13 0.851592 2.6991e-14 0.267539 -0.0369444
6.5 0.152966 -2.10098e-14 0.846915 -3.29313e-13 0.267673 -0.0354423
6.6 0.157394 2.85028e-13 0.842486 -6.77691e-13 0.267396 -0.0340055
6.7 0.161569 5.32914e-13 0.838311 -9.37724e-13 0.266742 -0.032624
6.8 0.165484 6.76412e-13 0.834393 -1.04038e-12 0.26574 -0.0312818
6.9 0.169135 7.13257e-13 0.830741 -9.81757e-13 0.264412 -0.0299592
7 0.172512 6.63396e-13 0.827362 -8.15157e-13 0.262776 -0.0286354
7.1 0.175605 5.95912e-13 0.824267 -6.42812e-13 0.260841 -0.0272907
7.2 0.178402 5.19796e-13 0.821468 -5.10567e-13 0.258611 -0.02591
7.3 0.180891 4.57928e-13 0.818977 -4.55814e-13 0.256085 -0.0244833
7.4 0.183063 4.06193e-13 0.816803 -4.32859e-13 0.253261 -0.0230073
7.5 0.184907 3.1885e-13 0.814957 -3.34958e-13 0.250134 -0.021484
7.6 0.186418 2.07152e-13 0.813443 -1.94759e-13 0.246702 -0.0199213
7.7 0.187595 9.51402e-14 0.812263 -7.78883e-14 0.242961 -0.0183314
7.8 0.188441 2.34154e-14 0.811416 -7.62113e-14 0.238912 -0.01673
7.9 0.188962 6.66672e-14 0.810892 -2.32855e-13 0.234558 -0.0151359
8 0.189172 2.50624e-13 0.81068 -5.23607e-13 0.229907 -0.013568
8.1 0.189088 5.7119e-13 0.810763 -8.94012e-13 0.224974 -0.0120443
8.2 0.188728 1.03258e-12 0.811121 -1.32265e-12 0.219774 -0.0105799
8.3 0.188117 1.58765e-12 0.811731 -1.82139e-12 0.214329 -0.00918505
8.4 0.187279 2.22268e-12 0.812569 -2.38944e-12 0.20866 -0.00786661
8.5 0.186237 2.93387e-12 0.81361 -3.00096e-12 0.202792 -0.00662733
8.6 0.185016 3.67688e-12 0.81483 -3.60924e-12 0.196749 -0.00546553
8.7 0.183638 4.35162e-12 0.816207 -4.13198e-12 0.190557 -0.00437538
8.8 0.182125 4.85642e-12 0.81772 -4.52776e-12 0.184239 -0.00334832
8.9 0.180496 5.11829e-12 0.819349 -4.77482e-12 0.177817 -0.00237458
9 0.178767 5.14715e-12 0.821077 -4.87669e-12 0.171311 -0.0014445
9.1 0.176954 5.03498e-12 0.822889 -4.8738e-12 0.164738 -0.000549214
9.2 0.17507 4.9088e-12 0.824772 -4.85636e-12 0.158116 0.000318339
9.3 0.173128 4.89158e-12 0.826714 -4.97696e-12 0.151459 0.00116326
9.4 0.171138 5.05248e-12 0.828703 -5.27115e-12 0.144782 0.00198826
9.5 0.169112 5.39426e-12 0.830729 -5.6391e-12 0.138096 0.00279325
9.6 0.167058 5.81894e-12 0.832782 -6.08715e-12 0.131414 0.00357489
9.7 0.164986 6.25816e-12 0.834852 -6.532e-12 0.124749 0.00432674
9.8 0.162906 6.64066e-12 0.836931 -6.88953e-12 0.118114 0.00503892
9.9 0.160827 6.91152e-12 0.83901 -7.13107e-12 0.111525 0.00569896
10 0.158757 7.03402e-12 0.841079 -7.22427e-12 0.104998 0.00629309
10.1 0.156706 6.96952e-12 0.843129 -7.19244e-12 0.098555 0.00680734
10.2 0.154682 6.7238e-12 0.845153 -7.01654e-12 0.0922185 0.00722846
10.3 0.152691 6.32906e-12 0.847143 -6.76639e-12 0.0860133 0.00754482
10.4 0.150741 5.83096e-12 0.849092 -6.48062e-12 0.0799656 0.0077475
10.5 0.148837 5.30297e-12 0.850996 -6.21614e-12 0.0741019 0.00783119
10.6 0.146982 4.852e-12 0.852851 -5.92412e-12 0.0684481 0.00779375
10.7 0.145179 4.54906e-12 0.854653 -5.67327e-12 0.0630291 0.00763723
10.8 0.14343 4.43378e-12 0.856401 -5.4781e-12 0.057868 0.00736805
10.9 0.141736 4.49039e-12 0.858095 -5.41584e-12 0.0529847 0.00699734
11 0.140094 4.67996e-12 0.859736 -5.49209e-12 0.0483948 0.00653948
11.1 0.138503 4.94537e-12 0.861326 -5.68644e-12 0.0441097 0.00601088
11.2 0.13696 5.24642e-12 0.862868 -5.95593e-12 0.040137 0.00542962
11.3 0.135463 5.55571e-12 0.864365 -6.23064e-12 0.03648 0.00481531
11.4 0.134006 5.83663e-12 0.86582 -6.46259e-12 0.0331377 0.00418918
11.5 0.132587 6.05841e-12 0.867239 -6.62882e-12 0.0301036 0.00357296
11.6 0.131201 6.19468e-12 0.868624 -6.69144e-12 0.027366 0.00298785
11.7 0.129845 6.26624e-12 0.869979 -6.68213e-12 0.0249078 0.00245369
11.8 0.128515 6.29652e-12 0.871309 -6.69271e-12 0.0227074 0.00198797
11.9 0.127209 6.30155e-12 0.872616 -6.75749e-12 0.0207386 0.00160454
12 0.125922 6.25715e-12 0.873902 -6.82601e-12 0.0189719 0.00131222
12.1 0.124653 6.23167e-12 0.87517 -6.88175e-12 0.017377 0.00111369
12.2 0.1234 6.20152e-12 0.876422 -6.88326e-12 0.0159247 0.00100588
12.3 0.122162 6.15364e-12 0.87766 -6.72385e-12 0.0145881 0.000981132
12.4 0.120937 6.05811e-12 0.878883 -6.48283e-12 0.0133439 0.00102854
12.5 0.119724 5.94022e-12 0.880094 -6.15492e-12 0.0121713 0.00113451
12.6 0.118524 5.77787e-12 0.881293 -5.68567e-12 0.0110533 0.00128358
12.7 0.117336 5.56687e-12 0.882479 -5.23112e-12 0.00997614 0.00145819
12.8 0.116161 5.29681e-12 0.883654 -4.83558e-12 0.00893119 0.00164013
12.9 0.114997 5.04697e-12 0.884816 -4.57431e-12 0.00791443 0.0018115
13 0.113845 4.80309e-12 0.885967 -4.44177e-12 0.0069259 0.00195683
13.1 0.112706 4.58112e-12 0.887107 -4.37431e-12 0.00596825 0.00206265
13.2 0.111578 4.38976e-12 0.888234 -4.28236e-12 0.0050462 0.00211788
13.3 0.110462 4.25267e-12 0.889349 -4.14183e-12 0.00416723 0.00211272
13.4 0.109359 4.17295e-12 0.890453 -4.00524e-12 0.00334227 0.00204032
13.5 0.108267 4.15267e-12 0.891545 -3.96104e-12 0.00258448 0.00189916
13.6 0.107187 4.14266e-12 0.892625 -3.99578e-12 0.0019071 0.00169336
13.7 0.106118 4.1433e-12 0.893693 -4.13457e-12 0.00132145 0.0014318
13.8 0.10506 4.1663e-12 0.89475 -4.27342e-12 0.000835893 0.00112679
13.9 0.104014 4.1687e-12 0.895795 -4.34045e-12 0.000455301 0.000792982
14 0.102979 4.16343e-12 0.89683 -4.29269e-12 0.000181126 0.000446631
14.1 0.101954 4.14811e-12 0.897854 -4.18772e-12 1.07089e-05 0.000104828
14.2 0.100939 4.12648e-12 0.898868 -4.04282e-12 -6.25305e-05 -0.000215923
14.3 0.0999353 4.10641e-12 0.899871 -3.88368e-12 -4.87426e-05 -0.000500559
14.4 0.0989412 4.0741e-12 0.900864 -3.66632e-12 3.88518e-05 -0.000736009
14.5 0.0979571 4.03952e-12 0.901848 -3.43962e-12 0.000184471 -0.000911949
14.6 0.0969827 4.02041e-12 0.902821 -3.26622e-12 0.000370573 -0.00102162
14.7 0.096018 3.94264e-12 0.903785 -2.82785e-12 0.000579149 -0.00106216
14.8 0.0950628 3.9143e-12 0.90474 -2.65267e-12 0.0007928 -0.00103433
14.9 0.0941171 3.88079e-12 0.905685 -2.67885e-12 0.000995447 -0.000941677
15 0.0931807 3.85329e-12 0.906621 -2.70371e-12 0.00117188 -0.00079035
15.1 0.0922536 3.82684e-12 0.907548 -2.77553e-12 0.00130844 -0.00058948
15.2 0.0913356 3.80495e-12 0.908466 -2.88362e-12 0.00139385 -0.00035081
15.3 0.0904267 3.77934e-12 0.909374 -2.98432e-12 0.00141999 -8.84723e-05
15.4 0.0895268 3.73999e-12 0.910273 -3.03568e-12 0.00138248 0.000181722
15.5 0.0886358 3.70031e-12 0.911163 -3.0355e-12 0.0012812 0.000443293
15.6 0.0877537 3.65386e-12 0.912045 -3.00714e-12 0.00112023 0.000680183
15.7 0.0868803 3.60678e-12 0.912917 -2.99031e-12 0.00090784 0.000878169
15.8 0.0860157 3.5623e-12 0.913781 -2.98622e-12 0.000655435 0.00102599
15.9 0.0851598 3.52251e-12 0.914636 -3.00363e-12 0.000376593 0.0011158
16 0.0843124 3.48319e-12 0.915483 -3.06225e-12 8.58717e-05 0.00114327
16.1 0.0834734 3.44647e-12 0.916322 -3.16214e-12 -0.000201769 0.00110746
16.2 0.0826427 3.41305e-12 0.917153 -3.28107e-12 -0.000471473 0.00101069
16.3 0.0818203 3.35764e-12 0.917975 -3.29583e-12 -0.000709292 0.000858564
16.4 0.0810062 3.30251e-12 0.918788 -3.31644e-12 -0.000902835 0.000659716
16.5 0.0802001 3.25067e-12 0.919594 -3.29284e-12 -0.00104212 0.000425479
16.6 0.079402 3.20024e-12 0.920391 -3.24527e-12 -0.00112012 0.000169272
16.7 0.0786119 3.15146e-12 0.92118 -3.19193e-12 -0.0011333 -9.4074e-05
16.8 0.0778297 3.10782e-12 0.921961 -3.11479e-12 -0.0010819 -0.000349362
16.9 0.0770552 3.0682e-12 0.922735 -3.03104e-12 -0.000970017 -0.000582024
17 0.0762884 3.03155e-12 0.923501 -2.95272e-12 -0.000805145 -0.000779031
17.1 0.0755293 2.99739e-12 0.924259 -2.84725e-12 -0.000597684 -0.000929733
17.2 0.0747777 2.96451e-12 0.92501 -2.75481e-12 -0.000360151 -0.00102637
17.3 0.0740336 2.93442e-12 0.925754 -2.68259e-12 -0.000106412 -0.00106448
17.4 0.0732969 2.90574e-12 0.92649 -2.61147e-12 0.000149226 -0.00104291
17.5 0.0725676 2.87654e-12 0.92722 -2.53993e-12 0.000392762 -0.00096378
17.6 0.0718456 2.8489e-12 0.927942 -2.483e-12 0.000611155 -0.000832188
17.7 0.0711307 2.82116e-12 0.928656 -2.44198e-12 0.000792881 -0.000655969
17.8 0.0704229 2.7937e-12 0.929364 -2.40738e-12 0.000928551 -0.00044525
17.9 0.0697222 2.76653e-12 0.930064 -2.38068e-12 0.00101135 -0.000211949
18 0.0690284 2.73949e-12 0.930758 -2.35122e-12 0.00103741 3.08646e-05
18.1 0.0683415 2.71222e-12 0.931445 -2.30698e-12 0.00100603 0.000269705
18.2 0.0676615 2.68503e-12 0.932124 -2.24996e-12 0.000919665 0.000491424
18.3 0.0669882 2.65769e-12 0.932797 -2.17748e-12 0.000783778 0.000683933
18.4 0.0663216 2.63033e-12 0.933463 -2.09938e-12 0.00060649 0.000836841
18.5 0.0656617 2.60375e-12 0.934122 -2.05249e-12 0.000398153 0.000942021
18.6 0.0650083 2.57764e-12 0.934775 -2.00353e-12 0.000170768 0.000994077
18.7 0.0643614 2.55194e-12 0.935421 -1.95526e-12 -6.27467e-05 0.000990647
18.8 0.063721 2.52662e-12 0.936061 -1.90981e-12 -0.000289287 0.000932469
18.9 0.0630869 2.50148e-12 0.936695 -1.86789e-12 -0.000496298 0.000823348
19 0.0624592 2.47657e-12 0.937322 -1.84065e-12 -0.000672482 0.000669907
19.1 0.0618377 2.45192e-12 0.937943 -1.8146e-12 -0.000808508 0.000481186
19.2 0.0612224 2.42753e-12 0.938559 -1.7897e-12 -0.000897402 0.000268048
19.3 0.0606132 2.40337e-12 0.939168 -1.76554e-12 -0.000934917 4.25619e-05
19.4 0.0600101 2.37945e-12 0.939771 -1.74197e-12 -0.000919738 -0.000182665
19.5 0.059413 2.35577e-12 0.940368 -1.71852e-12 -0.000853532 -0.000395193
19.6 0.0588218 2.33233e-12 0.940958 -1.69532e-12 -0.000740788 -0.000583477
19.7 0.0582365 2.30913e-12 0.941544 -1.6723e-12 -0.000588547 -0.000737481
19.8 0.057657 2.28616e-12 0.942123 -1.64949e-12 -0.000405875 -0.000849254
19.9 0.0570833 2.26341e-12 0.942697 -1.62675e-12 -0.000203294 -0.000913315
20 0.0565153 2.24089e-12 0.943265 -1.60423e-12 7.83758e-06 -0.00092678
