0 0 0 1 0 0 0
0.1 1.71712e-07 6.08805e-22 0.999995 2.83019e-15 4.82748e-05 -0.000411465
0.2 7.91063e-07 2.5956e-21 0.999994 2.77297e-15 0.000195481 -0.000867227
0.3 2.03745e-06 6.99546e-21 0.999992 2.60257e-15 0.000449618 -0.0013535
0.4 4.12107e-06 1.23025e-20 0.999989 2.43065e-15 0.000815436 -0.00185636
0.5 7.28232e-06 2.16385e-20 0.999984 2.03756e-15 0.00129452 -0.00236263
0.6 1.17908e-05 3.39475e-20 0.999979 2.0891e-15 0.00188557 -0.00286068
0.7 1.79445e-05 5.4307e-20 0.999971 1.91894e-15 0.00258485 -0.00334121
0.8 2.60701e-05 6.78791e-20 0.999962 2.02654e-15 0.00338682 -0.00379778
0.9 3.65261e-05 8.48259e-20 0.999951 1.6912e-15 0.00428482 -0.0042274
1 4.9709e-05 9.83641e-20 0.999937 1.63417e-15 0.00527195 -0.0046307
1.1 6.60664e-05 1.35379e-19 0.99992 1.18857e-15 0.00634186 -0.0050121
1.2 8.61172e-05 1.14572e-19 0.9999 1.41013e-15 0.00748964 -0.00537968
1.3 0.000110482 1.06565e-19 0.999875 1.63258e-15 0.0087126 -0.00574489
1.4 0.000139924 1.04638e-19 0.999846 1.30115e-15 0.010011 -0.00612209
1.5 0.000175407 -6.7799e-21 0.99981 1.52478e-15 0.0113886 -0.00652793
1.6 0.000218161 -5.11994e-20 0.999767 1.3078e-15 0.0128531 -0.0069806
1.7 0.00026977 -1.24078e-19 0.999716 1.47618e-15 0.0144162 -0.007499
1.8 0.000332271 -3.7265e-19 0.999653 1.20517e-15 0.0160942 -0.0081019
1.9 0.000408263 -6.45839e-19 0.999577 1.15471e-15 0.017907 -0.00880704
2 0.000501028 -1.00205e-18 0.999484 1.26825e-15 0.0198784 -0.00963032
2.1 0.000614663 -1.16907e-18 0.999371 1.04924e-15 0.0220354 -0.010585
2.2 0.000754199 -1.66e-18 0.999231 6.08364e-16 0.0244073 -0.0116811
2.3 0.000925729 -2.41464e-18 0.99906 7.19916e-16 0.0270251 -0.012925
2.4 0.00113651 -2.62534e-18 0.998849 3.87719e-16 0.0299204 -0.0143187
2.5 0.00139506 -4.01468e-18 0.99859 7.23258e-16 0.0331247 -0.01586
2.6 0.0017112 -5.40039e-18 0.998274 1.11297e-15 0.0366682 -0.0175424
2.7 0.00209608 -5.80854e-18 0.997889 9.46195e-16 0.0405785 -0.0193552
2.8 0.00256217 -6.42372e-18 0.997423 1.4443e-15 0.0448805 -0.0212838
2.9 0.00312317 -6.37345e-18 0.996862 1.44242e-15 0.0495946 -0.0233099
3 0.00379389 -5.02834e-18 0.996191 1.27449e-15 0.0547366 -0.0254123
3.1 0.00459009 -3.66042e-18 0.995395 1.8278e-15 0.0603171 -0.0275673
3.2 0.0055282 -1.39938e-18 0.994457 1.93495e-15 0.0663405 -0.0297495
3.3 0.00662507 -2.63447e-18 0.99336 2.2639e-15 0.0728051 -0.0319321
3.4 0.00789758 3.09984e-18 0.992088 2.2029e-15 0.079703 -0.0340878
3.5 0.00936231 8.39157e-18 0.990623 2.31038e-15 0.0870197 -0.0361892
3.6 0.0110351 1.53617e-17 0.988951 2.14017e-15 0.0947343 -0.0382094
3.7 0.0129304 9.37567e-18 0.987055 2.58151e-15 0.10282 -0.0401223
3.8 0.0150611 2.23587e-17 0.984924 2.19072e-15 0.111244 -0.0419033
3.9 0.017438 1.44235e-17 0.982548 2.57479e-15 0.119968 -0.0435293
4 0.0200689 2.3148e-17 0.979917 2.13225e-15 0.128949 -0.0449791
4.1 0.0229586 2.28738e-17 0.977027 2.68872e-15 0.138138 -0.0462336
4.2 0.0261084 4.16372e-17 0.973877 1.58126e-15 0.147485 -0.0472761
4.3 0.0295153 7.27879e-17 0.97047 1.41791e-15 0.156934 -0.0480927
4.4 0.0331723 7.93403e-17 0.966813 1.8089e-15 0.166426 -0.0486722
4.5 0.0370676 8.53906e-17 0.962918 2.1451e-15 0.175903 -0.0490065
4.6 0.0411849 1.30101e-16 0.9588 2.59425e-15 0.185304 -0.0490912
4.7 0.0455032 1.81662e-16 0.954482 1.98478e-15 0.194566 -0.0489256
4.8 0.0499973 2.08666e-16 0.949988 2.09931e-15 0.203631 -0.0485132
4.9 0.0546378 2.23161e-16 0.945347 1.65842e-15 0.212438 -0.0478619
5 0.059392 1.98978e-16 0.940593 1.15992e-15 0.220933 -0.0469843
5.1 0.0642246 1.72781e-16 0.935761 1.21623e-15 0.229063 -0.0458978
5.2 0.0690985 1.40176e-16 0.930887 1.49357e-15 0.236783 -0.0446245
5.3 0.0739762 1.00762e-16 0.926009 1.27032e-15 0.244051 -0.0431908
5.4 0.0788207 4.10609e-17 0.921164 2.04516e-15 0.250836 -0.0416266
5.5 0.0835967 -1.84434e-17 0.916388 2.26509e-15 0.257111 -0.0399647
5.6 0.0882719 -1.82723e-18 0.911713 1.81749e-15 0.262862 -0.0382392
5.7 0.0928179 3.45441e-20 0.907167 2.14901e-15 0.268081 -0.0364842
5.8 0.0972106 -4.04006e-17 0.902774 1.86988e-15 0.272768 -0.0347321
5.9 0.101431 -4.5579e-18 0.898553 1.25993e-15 0.276933 -0.0330118
6 0.105465 -4.54753e-17 0.894519 1.03592e-15 0.280593 -0.0313471
6.1 0.109303 -7.97085e-17 0.890681 9.23874e-16 0.283769 -0.0297551
6.2 0.112938 -5.98945e-17 0.887046 1.14498e-15 0.286487 -0.028245
6.3 0.116367 -1.9309e-18 0.883616 9.3794e-16 0.288775 -0.0268176
6.4 0.119588 1.49767e-17 0.880395 9.02352e-16 0.290661 -0.0254655
6.5 0.122598 2.46103e-17 0.877386 8.97093e-16 0.29217 -0.0241735
6.6 0.125392 -3.40622e-18 0.874592 9.18487e-16 0.293325 -0.0229199
6.7 0.127963 -8.70209e-18 0.87202 9.3122e-16 0.294143 -0.0216787
6.8 0.130301 2.34654e-17 0.869682 9.0322e-16 0.294635 -0.0204216
6.9 0.132393 4.83792e-17 0.86759 8.81994e-16 0.294806 -0.0191205
7 0.134221 6.93489e-17 0.865762 8.59861e-16 0.294654 -0.0177504
7.1 0.135766 8.873e-17 0.864216 8.40984e-16 0.294174 -0.0162911
7.2 0.13701 8.97313e-17 0.862972 8.19025e-16 0.293353 -0.0147292
7.3 0.137931 5.70946e-17 0.86205 8.49753e-16 0.292178 -0.0130592
7.4 0.138514 3.34306e-17 0.861468 8.7961e-16 0.290633 -0.0112837
7.5 0.138745 -3.89532e-17 0.861237 9.44948e-16 0.288705 -0.00941311
7.6 0.138616 -9.54554e-17 0.861365 9.95664e-16 0.286382 -0.00746473
7.7 0.138125 -1.77255e-16 0.861856 1.06756e-15 0.283654 -0.00546092
7.8 0.137278 -2.53198e-16 0.862703 1.13315e-15 0.280518 -0.00342717
7.9 0.136086 -3.45123e-16 0.863895 1.21599e-15 0.276974 -0.00138992
8 0.134567 -4.14067e-16 0.865413 1.2704e-15 0.27303 0.000625535
8.1 0.132745 -4.46926e-16 0.867235 1.31322e-15 0.268696 0.00259676
8.2 0.130647 -4.77606e-16 0.869333 1.3428e-15 0.263985 0.00450526
8.3 0.128303 -4.59322e-16 0.871677 1.31611e-15 0.258914 0.00633699
8.4 0.125745 -4.34287e-16 0.874234 1.28974e-15 0.253502 0.00808254
8.5 0.123007 -4.00101e-16 0.876972 1.26573e-15 0.247769 0.0097368
8.6 0.12012 -3.61337e-16 0.879858 1.23915e-15 0.241733 0.0112983
8.7 0.117116 -3.2962e-16 0.882862 1.23796e-15 0.235416 0.0127683
8.8 0.114024 -2.94664e-16 0.885954 1.1963e-15 0.228835 0.0141495
8.9 0.110872 -2.73608e-16 0.889107 1.18079e-15 0.222007 0.015445
9 0.107685 -2.73687e-16 0.892294 1.16018e-15 0.214949 0.0166569
9.1 0.104486 -2.66584e-16 0.895492 1.17348e-15 0.207678 0.0177857
9.2 0.101298 -2.52744e-16 0.89868 1.1809e-15 0.20021 0.0188288
9.3 0.0981412 -2.5287e-16 0.901837 1.17655e-15 0.192563 0.0197813
9.4 0.0950338 -2.48713e-16 0.904944 1.16837e-15 0.184757 0.0206352
9.5 0.0919935 -2.4274e-16 0.907984 1.18867e-15 0.176814 0.0213797
9.6 0.0890363 -2.40852e-16 0.910942 1.19469e-15 0.168758 0.022002
9.7 0.0861772 -2.38849e-16 0.913801 1.18114e-15 0.160618 0.0224877
9.8 0.0834292 -2.32873e-16 0.916549 1.17346e-15 0.152427 0.0228216
9.9 0.080804 -2.37558e-16 0.919174 1.16966e-15 0.144219 0.0229888
10 0.0783116 -2.45538e-16 0.921666 1.18186e-15 0.136033 0.0229754
10.1 0.0759596 -2.57722e-16 0.924018 1.1861e-15 0.127913 0.0227703
10.2 0.0737538 -2.76038e-16 0.926224 1.203e-15 0.119901 0.022365
10.3 0.0716976 -2.93229e-16 0.92828 1.20773e-15 0.112044 0.0217555
10.4 0.069792 -3.11046e-16 0.930185 1.21388e-15 0.104388 0.020942
10.5 0.0680358 -3.29103e-16 0.931941 1.21356e-15 0.0969782 0.0199303
10.6 0.0664254 -3.47755e-16 0.933552 1.26822e-15 0.0898582 0.0187315
10.7 0.0649551 -3.58429e-16 0.935022 1.27831e-15 0.0830686 0.0173626
10.8 0.0636177 -3.65147e-16 0.936359 1.28708e-15 0.0766451 0.0158459
10.9 0.0624042 -3.67134e-16 0.937573 1.29362e-15 0.0706177 0.014209
11 0.0613042 -3.68492e-16 0.938672 1.28614e-15 0.0650097 0.0124832
11.1 0.0603069 -3.67726e-16 0.93967 1.26183e-15 0.0598364 0.0107031
11.2 0.0594007 -3.66942e-16 0.940576 1.27829e-15 0.0551052 0.00890512
11.3 0.058574 -3.67041e-16 0.941402 1.3223e-15 0.050815 0.00712633
11.4 0.0578156 -3.65314e-16 0.942161 1.35092e-15 0.0469564 0.005403
11.5 0.0571146 -3.60564e-16 0.942861 1.32171e-15 0.0435116 0.00376925
11.6 0.056461 -3.55905e-16 0.943515 1.30724e-15 0.0404558 0.00225569
11.7 0.0558458 -3.53424e-16 0.94413 1.31452e-15 0.0377574 0.000888129
11.8 0.055261 -3.51466e-16 0.944715 1.31911e-15 0.0353798 -0.000313516
11.9 0.0546998 -3.53941e-16 0.945276 1.31173e-15 0.0332825 -0.00133594
12 0.0541565 -3.51704e-16 0.94582 1.2472e-15 0.0314234 -0.00217282
12.1 0.0536266 -3.52473e-16 0.94635 1.24595e-15 0.0297596 -0.00282491
12.2 0.0531064 -3.54466e-16 0.94687 1.23069e-15 0.0282495 -0.00330003
12.3 0.0525935 -3.54612e-16 0.947383 1.20377e-15 0.0268541 -0.00361232
12.4 0.0520859 -3.55527e-16 0.947891 1.18398e-15 0.0255385 -0.00378151
12.5 0.0515824 -3.58771e-16 0.948394 1.18897e-15 0.024273 -0.00383189
12.6 0.0510824 -3.62402e-16 0.948894 1.19136e-15 0.0230339 -0.00379105
12.7 0.0505856 -3.61186e-16 0.949391 1.18515e-15 0.0218042 -0.0036885
12.8 0.050092 -3.60424e-16 0.949885 1.18842e-15 0.0205736 -0.00355412
12.9 0.0496016 -3.61392e-16 0.950375 1.20018e-15 0.0193386 -0.00341678
13 0.0491148 -3.5993e-16 0.950862 1.20866e-15 0.018102 -0.00330298
13.1 0.0486317 -3.59127e-16 0.951345 1.21333e-15 0.0168724 -0.00323559
13.2 0.0481528 -3.51869e-16 0.951824 1.18962e-15 0.0156626 -0.00323285
13.3 0.0476781 -3.46858e-16 0.952299 1.1912e-15 0.0144893 -0.00330754
13.4 0.0472078 -3.4271e-16 0.952769 1.17807e-15 0.0133709 -0.00346656
13.5 0.0467421 -3.39567e-16 0.953235 1.18055e-15 0.012327 -0.0037107
13.6 0.0462809 -3.35893e-16 0.953696 1.19076e-15 0.0113763 -0.00403477
13.7 0.0458243 -3.32307e-16 0.954152 1.17648e-15 0.0105356 -0.00442804
13.8 0.0453722 -3.26659e-16 0.954604 1.16871e-15 0.00981885 -0.00487496
13.9 0.0449246 -3.20599e-16 0.955052 1.15001e-15 0.00923557 -0.00535603
14 0.0444812 -3.18036e-16 0.955495 1.15951e-15 0.00879057 -0.00584908
14.1 0.0440422 -3.14581e-16 0.955934 1.17307e-15 0.00848327 -0.00633047
14.2 0.0436072 -3.11458e-16 0.956369 1.18122e-15 0.0083076 -0.00677654
14.3 0.0431764 -3.07797e-16 0.9568 1.19442e-15 0.00825219 -0.00716484
14.4 0.0427495 -3.06722e-16 0.957227 1.21866e-15 0.00830078 -0.00747549
14.5 0.0423266 -3.0785e-16 0.95765 1.25443e-15 0.00843301 -0.00769227
14.6 0.0419076 -2.98562e-16 0.958069 1.27264e-15 0.00862538 -0.00780353
14.7 0.0414924 -3.01491e-16 0.958484 1.27342e-15 0.00885242 -0.0078028
14.8 0.0410811 -3.0173e-16 0.958896 1.28718e-15 0.00908796 -0.00768916
14.9 0.0406736 -3.00815e-16 0.959303 1.2773e-15 0.00930641 -0.00746724
15 0.0402699 -2.99096e-16 0.959707 1.27943e-15 0.009484 -0.00714693
15.1 0.03987 -2.96259e-16 0.960107 1.27316e-15 0.00959995 -0.00674288
15.2 0.0394739 -2.94212e-16 0.960503 1.2694e-15 0.00963736 -0.00627367
15.3 0.0390816 -2.91719e-16 0.960895 1.26334e-15 0.00958407 -0.00576088
15.4 0.0386931 -2.88783e-16 0.961284 1.26145e-15 0.00943311 -0.00522796
15.5 0.0383083 -2.87359e-16 0.961668 1.2633e-15 0.00918302 -0.00469902
15.6 0.0379273 -2.84349e-16 0.962049 1.26467e-15 0.00883783 -0.00419761
15.7 0.0375501 -2.80862e-16 0.962427 1.24821e-15 0.00840673 -0.00374549
15.8 0.0371766 -2.76166e-16 0.9628 1.23281e-15 0.00790358 -0.00336156
15.9 0.0368067 -2.70876e-16 0.96317 1.21358e-15 0.00734604 -0.0030609
16 0.0364406 -2.67127e-16 0.963536 1.20392e-15 0.00675467 -0.00285401
16.1 0.036078 -2.62148e-16 0.963899 1.20577e-15 0.00615172 -0.00274634
16.2 0.0357191 -2.58711e-16 0.964258 1.19171e-15 0.00556 -0.00273808
16.3 0.0353637 -2.55778e-16 0.964613 1.1998e-15 0.00500171 -0.00282422
16.4 0.0350118 -2.53097e-16 0.964965 1.21379e-15 0.004497 -0.00299474
16.5 0.0346635 -2.49928e-16 0.965313 1.23098e-15 0.00406326 -0.0032354
16.6 0.0343186 -2.46654e-16 0.965658 1.24172e-15 0.00371408 -0.00352845
16.7 0.0339771 -2.44401e-16 0.965999 1.26055e-15 0.00345864 -0.00385356
16.8 0.0336391 -2.42173e-16 0.966338 1.26108e-15 0.00330124 -0.00418895
16.9 0.0333044 -2.39768e-16 0.966672 1.26381e-15 0.00324108 -0.00451251
17 0.032973 -2.36988e-16 0.967004 1.25968e-15 0.00327233 -0.00480296
17.1 0.0326449 -2.34804e-16 0.967332 1.26378e-15 0.00338446 -0.00504103
17.2 0.0323201 -2.32118e-16 0.967657 1.26734e-15 0.00356303 -0.00521045
17.3 0.0319985 -2.30492e-16 0.967978 1.26581e-15 0.00379016 -0.00529869
17.4 0.0316801 -2.28201e-16 0.968296 1.2639e-15 0.00404581 -0.00529767
17.5 0.0313649 -2.26023e-16 0.968612 1.26168e-15 0.00430877 -0.00520406
17.6 0.0310528 -2.23917e-16 0.968924 1.26203e-15 0.00455754 -0.00501957
17.7 0.0307439 -2.224e-16 0.969233 1.2619e-15 0.00477185 -0.00475065
17.8 0.030438 -2.20744e-16 0.969539 1.26154e-15 0.0049335 -0.00440813
17.9 0.0301351 -2.18854e-16 0.969842 1.26047e-15 0.00502733 -0.00400665
18 0.0298352 -2.1698e-16 0.970141 1.25956e-15 0.00504193 -0.00356378
18.1 0.0295384 -2.14798e-16 0.970438 1.25486e-15 0.00497022 -0.00309912
18.2 0.0292445 -2.12477e-16 0.970732 1.25162e-15 0.00480975 -0.00263325
18.3 0.0289535 -2.10145e-16 0.971023 1.24779e-15 0.00456287 -0.00218672
18.4 0.0286654 -2.07898e-16 0.971311 1.24848e-15 0.00423628 -0.00177902
18.5 0.0283802 -2.0518e-16 0.971597 1.24094e-15 0.00384119 -0.00142743
18.6 0.0280978 -2.02594e-16 0.971879 1.23869e-15 0.00339233 -0.0011461
18.7 0.0278182 -1.99846e-16 0.972158 1.2319e-15 0.00290717 -0.00094548
18.8 0.0275414 -1.9749e-16 0.972435 1.2287e-15 0.00240504 -0.000831692
18.9 0.0272674 -1.95117e-16 0.972709 1.22308e-15 0.00190603 -0.00080628
19 0.026996 -1.92942e-16 0.972981 1.21816e-15 0.00143001 -0.000866197
19.1 0.0267274 -1.9074e-16 0.973249 1.21554e-15 0.000995486 -0.00100395
19.2 0.0264615 -1.88692e-16 0.973515 1.2102e-15 0.000618745 -0.00120815
19.3 0.0261982 -1.8678e-16 0.973778 1.20572e-15 0.00031292 -0.001464
19.4 0.0259375 -1.84975e-16 0.974039 1.20178e-15 8.73446e-05 -0.0017542
19.5 0.0256794 -1.8328e-16 0.974297 1.20206e-15 -5.28092e-05 -0.0020599
19.6 0.0254239 -1.81584e-16 0.974553 1.20312e-15 -0.000107017 -0.00236164
19.7 0.0251709 -1.79834e-16 0.974806 1.20296e-15 -7.89981e-05 -0.00264047
19.8 0.0249205 -1.78168e-16 0.975056 1.20523e-15 2.3207e-05 -0.0028789
19.9 0.0246725 -1.76445e-16 0.975304 1.20443e-15 0.000187875 -0.00306194
20 0.024427 -1.74689e-16 0.97555 1.20231e-15 0.000400062 -0.00317784
