0 0 0 1 0 0 0
0.1 1.71708e-07 8.27988e-23 0.999974 2.84733e-16 4.82646e-05 -0.000411224
0.2 7.90826e-07 -4.02577e-22 0.999971 1.51465e-16 0.000195292 -0.000866036
0.3 2.03591e-06 -3.02631e-21 0.999966 1.14669e-15 0.000448709 -0.00135018
0.4 4.11539e-06 -6.52417e-21 0.99996 1.95992e-15 0.000812683 -0.00184937
0.5 7.26672e-06 -7.57052e-21 0.999953 2.28112e-15 0.00128803 -0.00235019
0.6 1.17551e-05 -9.64315e-21 0.999944 2.88082e-15 0.00187253 -0.00284099
0.7 1.78729e-05 -4.25458e-21 0.999933 2.51138e-15 0.00256147 -0.00331266
0.8 2.594e-05 3.24631e-21 0.999921 1.17893e-15 0.00334826 -0.00375927
0.9 3.63074e-05 9.84106e-21 0.999906 2.39655e-16 0.0042253 -0.00417856
1 4.93657e-05 -1.07323e-19 0.99989 1.02678e-15 0.00518484 -0.00457217
1.1 6.5559e-05 -2.21474e-19 0.999871 1.87873e-15 0.00621988 -0.00494573
1.2 8.54083e-05 -3.16352e-19 0.999849 2.02855e-15 0.00732511 -0.00530868
1.3 0.000109546 -3.62564e-19 0.999824 1.98749e-15 0.0084977 -0.00567393
1.4 0.000138759 -4.45034e-19 0.999795 1.44183e-15 0.00973808 -0.00605728
1.5 0.000174056 -4.77875e-19 0.99976 1.14342e-15 0.0110504 -0.00647674
1.6 0.000216734 -4.666e-19 0.999719 1.82583e-16 0.0124431 -0.00695169
1.7 0.000268476 -5.46945e-19 0.999669 -6.29501e-16 0.013929 -0.007502
1.8 0.000331454 -8.75103e-19 0.999607 -3.60927e-16 0.0155249 -0.00814711
1.9 0.000408445 -7.57709e-19 0.999532 -1.1967e-15 0.0172522 -0.00890507
2 0.000502959 -9.95169e-19 0.999438 -1.45291e-15 0.0191356 -0.00979177
2.1 0.00061937 -2.48209e-18 0.999322 2.87543e-17 0.0212029 -0.0108201
2.2 0.000763048 -2.8418e-18 0.999179 2.12639e-16 0.0234841 -0.0119994
2.3 0.00094048 -2.14655e-18 0.999001 -4.51608e-16 0.0260104 -0.0133351
2.4 0.00115938 -1.86348e-18 0.998782 -2.5254e-16 0.0288134 -0.014828
2.5 0.00142877 -3.85221e-18 0.998513 1.76593e-15 0.0319239 -0.0164748
2.6 0.00175906 -3.07204e-18 0.998183 2.97523e-15 0.0353708 -0.0182679
2.7 0.00216203 2.44579e-18 0.99778 2.14088e-15 0.0391803 -0.0201957
2.8 0.00265084 1.22604e-18 0.997291 3.7931e-15 0.0433749 -0.0222427
2.9 0.00323997 5.32799e-18 0.996702 3.56549e-15 0.0479728 -0.0243907
3 0.00394511 1.22748e-17 0.995997 3.37766e-15 0.0529869 -0.0266188
3.1 0.00478298 1.96593e-17 0.995159 3.27304e-15 0.0584247 -0.0289042
3.2 0.00577113 2.88798e-17 0.994171 2.86434e-15 0.0642877 -0.031223
3.3 0.00692772 4.35467e-17 0.993014 1.45392e-15 0.0705715 -0.0335504
3.4 0.00827117 2.22083e-17 0.991671 2.93865e-15 0.0772654 -0.035862
3.5 0.00981988 -4.42113e-18 0.990123 2.97299e-15 0.0843528 -0.0381335
3.6 0.0115918 -1.93347e-17 0.988351 8.25861e-16 0.0918114 -0.0403418
3.7 0.0136042 -5.42261e-17 0.986339 3.32634e-16 0.0996132 -0.0424648
3.8 0.0158729 -5.98565e-17 0.984071 -1.22252e-15 0.107725 -0.0444816
3.9 0.0184124 -7.35959e-17 0.981531 -2.66185e-15 0.116111 -0.046373
4 0.0212349 -1.50129e-16 0.978709 -2.34879e-15 0.124727 -0.0481211
4.1 0.0243501 -2.17421e-16 0.975595 -1.95173e-15 0.133528 -0.0497096
4.2 0.0277647 -2.76322e-16 0.97218 -1.69781e-15 0.142465 -0.0511236
4.3 0.0314821 -2.81921e-16 0.968463 -2.07662e-15 0.151486 -0.0523499
4.4 0.0355019 -2.69107e-16 0.964444 -1.98165e-15 0.160537 -0.0533768
4.5 0.0398194 -1.93079e-16 0.960126 -3.49483e-15 0.169562 -0.0541943
4.6 0.0444255 -1.58809e-16 0.95552 -3.03255e-15 0.178502 -0.0547941
4.7 0.0493067 -1.6343e-16 0.950639 -2.41517e-15 0.187301 -0.0551702
4.8 0.0544444 -1.28918e-16 0.945501 -3.26126e-15 0.195899 -0.055319
4.9 0.0598154 -1.92333e-16 0.940129 -3.18526e-15 0.204239 -0.0552396
5 0.0653922 -3.54222e-16 0.934552 -2.0017e-15 0.212266 -0.0549346
5.1 0.0711431 -3.57734e-16 0.928801 -3.32698e-15 0.219926 -0.0544103
5.2 0.0770329 -6.52532e-16 0.922911 -1.29543e-15 0.22717 -0.0536773
5.3 0.0830238 -7.46375e-16 0.916919 -2.1358e-15 0.233952 -0.0527507
5.4 0.0890763 -9.59374e-16 0.910866 -1.1702e-15 0.240234 -0.0516499
5.5 0.0951505 -1.27912e-15 0.904791 2.39498e-16 0.245984 -0.0503981
5.6 0.101207 -1.44734e-15 0.898735 5.30484e-17 0.25118 -0.0490219
5.7 0.107208 -1.73367e-15 0.892733 1.00514e-15 0.255807 -0.0475496
5.8 0.113118 -1.74367e-15 0.886822 5.16793e-16 0.259859 -0.0460106
5.9 0.118907 -1.65516e-15 0.881032 5.2944e-16 0.26334 -0.0444336
6 0.124546 -1.06693e-15 0.875392 -1.46832e-15 0.26626 -0.0428451
6.1 0.130013 -9.02374e-16 0.869924 -1.43507e-16 0.26864 -0.041268
6.2 0.135289 -3.76451e-16 0.864647 -1.27076e-15 0.270503 -0.0397201
6.3 0.140357 3.96621e-16 0.859578 -3.21547e-15 0.27188 -0.0382131
6.4 0.145206 1.23889e-15 0.854728 -4.46499e-15 0.272802 -0.0367519
6.5 0.149824 1.93631e-15 0.850108 -4.61121e-15 0.273301 -0.0353346
6.6 0.154203 2.6188e-15 0.845728 -5.70338e-15 0.273409 -0.0339531
6.7 0.15833 3.15851e-15 0.8416 -6.212e-15 0.273153 -0.0325936
6.8 0.162196 3.55772e-15 0.837733 -7.81535e-15 0.272558 -0.0312388
6.9 0.165787 3.62023e-15 0.83414 -8.39222e-15 0.271639 -0.0298693
7 0.16909 3.14439e-15 0.830836 -7.77918e-15 0.270408 -0.0284668
7.1 0.172089 2.29373e-15 0.827835 -6.58973e-15 0.268871 -0.0270155
7.2 0.174769 1.23929e-15 0.825154 -4.82583e-15 0.267026 -0.0255041
7.3 0.177115 3.96866e-16 0.822808 -3.90372e-15 0.26487 -0.0239275
7.4 0.179114 -2.84896e-16 0.820808 -3.60991e-15 0.262396 -0.0222872
7.5 0.180756 -6.653e-16 0.819165 -3.56794e-15 0.259594 -0.0205913
7.6 0.182038 -7.97741e-16 0.817882 -2.83638e-15 0.256458 -0.018854
7.7 0.182958 -7.98064e-16 0.816961 -2.30043e-15 0.252982 -0.0170942
7.8 0.183524 -2.70184e-16 0.816394 -3.48936e-15 0.249163 -0.0153338
7.9 0.183748 1.29495e-16 0.81617 -3.83734e-15 0.245003 -0.0135967
8 0.183646 6.93281e-16 0.816271 -4.0894e-15 0.240507 -0.0119062
8.1 0.183241 1.59413e-15 0.816675 -5.50249e-15 0.235686 -0.0102838
8.2 0.182559 2.22366e-15 0.817356 -5.87338e-15 0.230554 -0.00874768
8.3 0.181628 2.86453e-15 0.818286 -6.61809e-15 0.225129 -0.00731153
8.4 0.180479 3.54252e-15 0.819435 -6.99813e-15 0.219433 -0.00598436
8.5 0.179141 4.3939e-15 0.820772 -8.0372e-15 0.213487 -0.00477027
8.6 0.177643 5.411e-15 0.822269 -8.77914e-15 0.207317 -0.00366843
8.7 0.176014 6.28244e-15 0.823897 -9.86746e-15 0.200947 -0.00267372
8.8 0.174278 7.34572e-15 0.825633 -1.20658e-14 0.194402 -0.0017774
8.9 0.172458 8.08602e-15 0.827453 -1.37031e-14 0.187704 -0.000968668
9 0.170572 8.44298e-15 0.829338 -1.46883e-14 0.180874 -0.000236136
9.1 0.168639 8.08481e-15 0.83127 -1.3293e-14 0.173931 0.000430641
9.2 0.166672 7.579e-15 0.833237 -1.21836e-14 0.166893 0.00104009
9.3 0.164683 7.14909e-15 0.835225 -1.2025e-14 0.159778 0.00159834
9.4 0.162685 6.51299e-15 0.837223 -1.14082e-14 0.152606 0.00210948
9.5 0.160685 5.52347e-15 0.839222 -9.98208e-15 0.145395 0.0025757
9.6 0.158694 4.68261e-15 0.841213 -9.4681e-15 0.138164 0.00299705
9.7 0.156717 3.92192e-15 0.84319 -9.49212e-15 0.130933 0.00337124
9.8 0.154762 2.98882e-15 0.845145 -8.56972e-15 0.123725 0.00369349
9.9 0.152834 2.21191e-15 0.847073 -7.2428e-15 0.116561 0.0039571
10 0.15094 1.89647e-15 0.848967 -7.74127e-15 0.109467 0.00415443
10.1 0.149083 1.69266e-15 0.850824 -8.5458e-15 0.102471 0.0042781
10.2 0.147268 1.53441e-15 0.852639 -9.22094e-15 0.095601 0.00432184
10.3 0.145499 1.40136e-15 0.854408 -9.75953e-15 0.0888868 0.00428096
10.4 0.143777 1.45362e-15 0.85613 -1.02261e-14 0.0823588 0.00415282
10.5 0.142104 1.55054e-15 0.857803 -1.03241e-14 0.0760467 0.00393713
10.6 0.140481 1.89442e-15 0.859426 -1.17414e-14 0.0699801 0.0036366
10.7 0.138907 2.19532e-15 0.860999 -1.21668e-14 0.0641868 0.00325761
10.8 0.137381 2.50582e-15 0.862525 -1.19674e-14 0.0586918 0.00281059
10.9 0.135901 2.65856e-15 0.864005 -1.11655e-14 0.0535163 0.00230935
11 0.134463 2.792e-15 0.865442 -1.02407e-14 0.0486761 0.0017707
11.1 0.133065 3.03127e-15 0.86684 -9.94954e-15 0.044182 0.0012134
11.2 0.131703 3.22484e-15 0.868202 -9.33208e-15 0.040039 0.000657297
11.3 0.130372 3.38752e-15 0.869533 -9.61043e-15 0.0362464 0.00012267
11.4 0.129069 3.60231e-15 0.870836 -1.04454e-14 0.0327982 -0.000370492
11.5 0.12779 3.65495e-15 0.872115 -1.0031e-14 0.0296832 -0.000803137
11.6 0.12653 3.66331e-15 0.873374 -9.96555e-15 0.0268847 -0.0011579
11.7 0.125288 3.70118e-15 0.874616 -9.93795e-15 0.0243812 -0.00142007
11.8 0.124061 3.71663e-15 0.875844 -9.84521e-15 0.0221469 -0.00157865
11.9 0.122845 3.61136e-15 0.87706 -8.714e-15 0.0201533 -0.00162721
12 0.12164 3.50025e-15 0.878264 -7.78519e-15 0.0183699 -0.00156413
12.1 0.120445 3.44751e-15 0.87946 -7.63132e-15 0.016766 -0.00139249
12.2 0.119258 3.39298e-15 0.880647 -7.49706e-15 0.0153116 -0.00111971
12.3 0.118078 3.35992e-15 0.881826 -7.41175e-15 0.0139785 -0.000757345
12.4 0.116907 3.22523e-15 0.882997 -7.23337e-15 0.0127406 -0.000320478
12.5 0.115745 3.15242e-15 0.88416 -7.27056e-15 0.0115748 0.00017259
12.6 0.114591 3.0961e-15 0.885314 -7.58641e-15 0.0104622 0.000701024
12.7 0.113446 3.0682e-15 0.886458 -7.81626e-15 0.00938842 0.00124215
12.8 0.11231 2.99368e-15 0.887594 -7.7892e-15 0.008344 0.0017728
12.9 0.111185 3.24635e-15 0.888719 -9.19057e-15 0.0073255 0.00227047
13 0.11007 3.32754e-15 0.889834 -9.41516e-15 0.00633451 0.00271529
13.1 0.108966 3.50091e-15 0.890938 -9.8074e-15 0.00537658 0.0030909
13.2 0.107874 3.72191e-15 0.89203 -1.09271e-14 0.00446027 0.00338493
13.3 0.106792 3.77691e-15 0.893112 -1.08917e-14 0.00359608 0.00358949
13.4 0.105722 3.855e-15 0.894181 -1.12009e-14 0.00279537 0.0037011
13.5 0.104664 3.91918e-15 0.89524 -1.13845e-14 0.00206974 0.00372037
13.6 0.103617 3.87371e-15 0.896286 -1.0832e-14 0.00143028 0.00365196
13.7 0.102582 3.90193e-15 0.897322 -1.06842e-14 0.00088681 0.00350433
13.8 0.101557 3.80219e-15 0.898347 -1.09724e-14 0.000447265 0.00328955
13.9 0.100543 3.72563e-15 0.89936 -1.07776e-14 0.000116328 0.00302269
14 0.0995407 3.59983e-15 0.900363 -1.05111e-14 -0.00010445 0.00272112
14.1 0.0985484 3.57615e-15 0.901355 -1.01761e-14 -0.000218222 0.00240349
14.2 0.0975665 3.49786e-15 0.902337 -1.03796e-14 -0.000232512 0.00208782
14.3 0.0965947 3.41297e-15 0.903309 -1.10564e-14 -0.000158344 0.00179058
14.4 0.0956328 3.3513e-15 0.904271 -1.14279e-14 -9.57882e-06 0.00152582
14.5 0.0946807 3.32593e-15 0.905223 -1.11739e-14 0.000197122 0.00130516
14.6 0.0937382 3.17522e-15 0.906166 -1.01288e-14 0.000443562 0.00113677
14.7 0.0928052 3.15897e-15 0.907099 -1.00627e-14 0.000710519 0.00102509
14.8 0.0918816 3.15253e-15 0.908022 -1.01352e-14 0.000978798 0.000970493
14.9 0.0909671 3.13003e-15 0.908937 -1.00479e-14 0.00123049 0.000969367
15 0.0900618 3.1061e-15 0.909842 -9.9367e-15 0.00144944 0.0010147
15.1 0.0891656 3.09338e-15 0.910738 -9.96125e-15 0.00162252 0.00109635
15.2 0.0882782 3.0611e-15 0.911626 -9.91103e-15 0.00174004 0.00120258
15.3 0.0873997 3.01817e-15 0.912504 -9.84503e-15 0.00179522 0.00132006
15.4 0.0865299 2.96981e-15 0.913374 -9.78592e-15 0.00178472 0.00143474
15.5 0.0856688 2.93562e-15 0.914235 -9.76235e-15 0.00170863 0.00153224
15.6 0.0848163 2.90574e-15 0.915087 -9.80549e-15 0.00157088 0.00159849
15.7 0.0839723 2.87606e-15 0.915931 -9.82762e-15 0.00137966 0.00162073
15.8 0.0831367 2.83118e-15 0.916766 -9.73992e-15 0.00114632 0.00158904
15.9 0.0823094 2.7816e-15 0.917594 -9.62545e-15 0.000884907 0.00149676
16 0.0814904 2.73658e-15 0.918413 -9.50698e-15 0.000610686 0.0013412
16.1 0.0806795 2.69212e-15 0.919223 -9.42256e-15 0.000339213 0.0011235
16.2 0.0798767 2.64837e-15 0.920026 -9.37292e-15 8.54109e-05 0.00084838
16.3 0.0790819 2.61971e-15 0.920821 -9.45599e-15 -0.000136939 0.00052342
16.4 0.078295 2.5835e-15 0.921608 -9.39986e-15 -0.000315638 0.000159249
16.5 0.0775159 2.54564e-15 0.922387 -9.27424e-15 -0.000441331 -0.000230801
16.6 0.0767446 2.51223e-15 0.923158 -9.1589e-15 -0.000507973 -0.000631772
16.7 0.075981 2.48704e-15 0.923921 -9.14425e-15 -0.000512904 -0.00102789
16.8 0.075225 2.45751e-15 0.924677 -9.07498e-15 -0.000457018 -0.00140344
16.9 0.0744765 2.43688e-15 0.925426 -9.13013e-15 -0.000344568 -0.00174334
17 0.0737354 2.40993e-15 0.926167 -9.09116e-15 -0.000183048 -0.00203419
17.1 0.0730017 2.38817e-15 0.9269 -9.09786e-15 1.73529e-05 -0.00226483
17.2 0.0722753 2.36633e-15 0.927626 -9.11034e-15 0.000244644 -0.00242692
17.3 0.0715562 2.33408e-15 0.928345 -9.03841e-15 0.000485343 -0.0025151
17.4 0.0708442 2.30402e-15 0.929057 -8.97173e-15 0.000725094 -0.00252724
17.5 0.0701393 2.27324e-15 0.929762 -8.90332e-15 0.000949385 -0.00246467
17.6 0.0694414 2.24858e-15 0.93046 -8.87787e-15 0.0011443 -0.00233218
17.7 0.0687504 2.22038e-15 0.931151 -8.79813e-15 0.00129719 -0.00213803
17.8 0.0680663 2.19726e-15 0.931835 -8.72903e-15 0.00139779 -0.00189343
17.9 0.067389 2.17598e-15 0.932512 -8.72348e-15 0.00143877 -0.00161195
18 0.0667185 2.15636e-15 0.933183 -8.73009e-15 0.00141633 -0.00130867
18.1 0.0660546 2.13574e-15 0.933847 -8.68902e-15 0.00133014 -0.000999158
18.2 0.0653974 2.11305e-15 0.934504 -8.63516e-15 0.00118363 -0.000698493
18.3 0.0647467 2.09254e-15 0.935155 -8.60681e-15 0.000983528 -0.000420433
18.4 0.0641024 2.07064e-15 0.935799 -8.5708e-15 0.000739324 -0.000176697
18.5 0.0634646 2.05029e-15 0.936437 -8.55871e-15 0.000462584 2.34184e-05
18.6 0.0628331 2.03066e-15 0.937068 -8.56036e-15 0.000166255 0.000173475
18.7 0.0622079 2.01161e-15 0.937693 -8.57606e-15 -0.00013602 0.00027008
18.8 0.0615889 1.99325e-15 0.938312 -8.5892e-15 -0.000430474 0.00031278
18.9 0.0609761 1.97479e-15 0.938925 -8.5994e-15 -0.000703872 0.00030412
19 0.0603694 1.95466e-15 0.939532 -8.57924e-15 -0.000944191 0.000249486
19.1 0.0597687 1.93579e-15 0.940133 -8.57307e-15 -0.00114122 0.000156686
19.2 0.059174 1.91647e-15 0.940727 -8.55563e-15 -0.00128688 3.54086e-05
19.3 0.0585852 1.89715e-15 0.941316 -8.53426e-15 -0.00137572 -0.000103035
19.4 0.0580023 1.87865e-15 0.941899 -8.52123e-15 -0.00140519 -0.000246162
19.5 0.0574251 1.85963e-15 0.942476 -8.50083e-15 -0.00137587 -0.000381496
19.6 0.0568538 1.84127e-15 0.943047 -8.48661e-15 -0.00129146 -0.000496987
19.7 0.056288 1.82261e-15 0.943613 -8.46591e-15 -0.00115868 -0.000581698
19.8 0.055728 1.80466e-15 0.944173 -8.45075e-15 -0.000987268 -0.000626842
19.9 0.0551735 1.7866e-15 0.944728 -8.43097e-15 -0.00078889 -0.000626499
20 0.0546245 1.7688e-15 0.945277 -8.41046e-15 -0.000576156 -0.000577969
