0 0 0 1 0 0 0
0.1 1.71711e-07 1.18452e-21 0.999989 6.4479e-15 4.82721e-05 -0.000411403
0.2 7.91002e-07 5.81441e-21 0.999987 6.95772e-15 0.000195432 -0.00086692
0.3 2.03705e-06 1.41601e-20 0.999985 7.24819e-15 0.000449382 -0.00135264
0.4 4.1196e-06 3.04362e-20 0.999981 7.53713e-15 0.000814721 -0.00185455
0.5 7.27829e-06 6.04839e-20 0.999975 7.37886e-15 0.00129283 -0.00235941
0.6 1.17816e-05 1.00756e-19 0.999969 7.21886e-15 0.00188218 -0.00285557
0.7 1.79259e-05 1.42427e-19 0.999961 7.06328e-15 0.00257876 -0.00333377
0.8 2.60363e-05 2.05599e-19 0.99995 6.90518e-15 0.00337675 -0.00378772
0.9 3.64692e-05 2.42096e-19 0.999938 7.13346e-15 0.00426924 -0.00421458
1 4.96194e-05 3.14968e-19 0.999923 7.29687e-15 0.00524907 -0.00461526
1.1 6.59334e-05 3.79007e-19 0.999906 7.568e-15 0.00630972 -0.00499447
1.2 8.59306e-05 4.9867e-19 0.999885 7.55399e-15 0.00744614 -0.00536064
1.3 0.000110234 6.47963e-19 0.999859 7.09146e-15 0.00865557 -0.00572561
1.4 0.000139613 7.58407e-19 0.99983 7.1324e-15 0.00993825 -0.00610412
1.5 0.000175042 9.0619e-19 0.999794 6.46214e-15 0.011298 -0.00651318
1.6 0.000217769 1.00007e-18 0.999752 6.61415e-15 0.0127427 -0.00697131
1.7 0.000269403 1.39168e-18 0.999701 6.21654e-15 0.0142843 -0.00749771
1.8 0.000332016 1.83523e-18 0.999639 5.48636e-15 0.015939 -0.00811136
1.9 0.000408254 2.53772e-18 0.999563 5.03382e-15 0.0177272 -0.00883015
2 0.000501461 2.36873e-18 0.999471 5.07879e-15 0.0196729 -0.00967004
2.1 0.000615808 2.67208e-18 0.999357 5.35321e-15 0.0218032 -0.0106443
2.2 0.000756421 1.91922e-18 0.999217 5.35337e-15 0.0241476 -0.0117629
2.3 0.000929502 7.53588e-19 0.999044 4.69094e-15 0.026737 -0.0130318
2.4 0.00114244 -1.3973e-18 0.998831 4.80812e-15 0.0296032 -0.0144531
2.5 0.0014039 -3.32961e-18 0.99857 4.1406e-15 0.0327773 -0.0160243
2.6 0.00172388 -5.25513e-18 0.99825 4.42539e-15 0.0362893 -0.0177386
2.7 0.00211372 -5.07464e-18 0.99786 4.43078e-15 0.0401664 -0.0195852
2.8 0.00258612 -6.82155e-18 0.997387 5.09973e-15 0.0444329 -0.0215493
2.9 0.003155 -7.87421e-18 0.996819 4.93345e-15 0.0491085 -0.0236126
3 0.00383548 -3.40725e-18 0.996138 4.72068e-15 0.0542084 -0.0257541
3.1 0.00464361 -3.01414e-18 0.99533 4.44881e-15 0.0597422 -0.0279504
3.2 0.00559621 9.56592e-19 0.994378 4.1834e-15 0.0657135 -0.0301764
3.3 0.00671054 8.92472e-19 0.993263 4.14457e-15 0.0721198 -0.0324059
3.4 0.008004 6.28031e-18 0.99197 4.09354e-15 0.0789524 -0.0346125
3.5 0.00949376 5.98591e-18 0.99048 4.44227e-15 0.0861961 -0.0367696
3.6 0.0111963 7.3521e-18 0.988778 5.16024e-15 0.0938295 -0.0388514
3.7 0.0131271 1.68239e-17 0.986847 5.08718e-15 0.101825 -0.040833
3.8 0.0153 2.77304e-17 0.984674 4.69416e-15 0.11015 -0.0426907
3.9 0.0177267 1.74279e-17 0.982247 5.63111e-15 0.118767 -0.0444029
4 0.0204167 4.53556e-17 0.979557 5.28896e-15 0.127631 -0.0459492
4.1 0.0233764 7.68909e-17 0.976597 4.90329e-15 0.136695 -0.0473118
4.2 0.0266086 1.04632e-16 0.973365 5.47548e-15 0.145909 -0.0484747
4.3 0.0301126 1.43725e-16 0.969861 5.7734e-15 0.155217 -0.0494242
4.4 0.0338833 2.10345e-16 0.96609 5.89806e-15 0.164563 -0.0501495
4.5 0.0379116 3.00668e-16 0.962061 5.67813e-15 0.173888 -0.0506423
4.6 0.0421836 3.72738e-16 0.957789 4.66494e-15 0.183131 -0.0508975
4.7 0.0466808 4.15689e-16 0.953291 5.30752e-15 0.192231 -0.0509133
4.8 0.0513805 4.40438e-16 0.948591 5.39278e-15 0.20113 -0.0506918
4.9 0.0562557 3.79185e-16 0.943716 4.93133e-15 0.209767 -0.0502391
5 0.0612762 3.26071e-16 0.938695 5.31653e-15 0.218088 -0.0495656
5.1 0.0664083 2.21111e-16 0.933563 5.65428e-15 0.226041 -0.048686
5.2 0.0716168 1.42389e-16 0.928354 6.16167e-15 0.233578 -0.0476195
5.3 0.076865 5.43112e-17 0.923106 7.22627e-15 0.240659 -0.0463895
5.4 0.0821164 -4.4157e-18 0.917854 7.67839e-15 0.24725 -0.0450231
5.5 0.0873356 -9.55592e-17 0.912635 8.08947e-15 0.253324 -0.04355
5.6 0.0924895 -1.42218e-16 0.90748 7.67222e-15 0.258864 -0.0420017
5.7 0.0975479 -3.43283e-16 0.902422 7.86377e-15 0.263861 -0.0404101
5.8 0.102485 -5.14638e-16 0.897485 7.89657e-15 0.268315 -0.0388058
5.9 0.107278 -5.97247e-16 0.892691 7.95853e-15 0.272234 -0.0372165
6 0.111911 -6.59021e-16 0.888058 7.84115e-15 0.275633 -0.0356657
6.1 0.116369 -6.77052e-16 0.8836 7.70331e-15 0.278535 -0.0341706
6.2 0.120644 -6.78312e-16 0.879325 7.77359e-15 0.280966 -0.0327412
6.3 0.124727 -5.89765e-16 0.875242 7.10547e-15 0.282955 -0.03138
6.4 0.128611 -5.86897e-16 0.871357 7.6821e-15 0.284531 -0.0300814
6.5 0.132292 -4.26877e-16 0.867676 7.18087e-15 0.285723 -0.0288325
6.6 0.135761 -3.07888e-16 0.864207 6.78782e-15 0.286555 -0.0276144
6.7 0.139008 -2.28967e-17 0.860959 6.50845e-15 0.28705 -0.0264036
6.8 0.142022 4.22483e-16 0.857946 6.41386e-15 0.287224 -0.0251742
6.9 0.144785 6.71022e-16 0.855182 5.86101e-15 0.287084 -0.0239003
7 0.14728 8.83388e-16 0.852686 5.80276e-15 0.286635 -0.0225581
7.1 0.149487 1.02393e-15 0.850479 5.18819e-15 0.285875 -0.0211287
7.2 0.151384 9.17815e-16 0.848582 5.17034e-15 0.284797 -0.0195992
7.3 0.152951 7.25376e-16 0.847015 5.54365e-15 0.283389 -0.0179647
7.4 0.15417 4.02539e-16 0.845795 5.76679e-15 0.281642 -0.0162276
7.5 0.155027 -4.51429e-17 0.844938 5.90827e-15 0.279542 -0.0143984
7.6 0.155513 -5.42515e-16 0.844451 6.44512e-15 0.27708 -0.0124939
7.7 0.155626 -1.00279e-15 0.844338 6.86138e-15 0.274249 -0.0105358
7.8 0.155369 -1.48947e-15 0.844594 7.40321e-15 0.271045 -0.00854907
7.9 0.154754 -1.91575e-15 0.845209 7.82765e-15 0.267469 -0.00655965
8 0.153797 -2.16215e-15 0.846166 7.99568e-15 0.263526 -0.00459283
8.1 0.15252 -2.28935e-15 0.847442 7.92433e-15 0.259225 -0.00267162
8.2 0.15095 -2.36191e-15 0.849012 7.80226e-15 0.254579 -0.000815383
8.3 0.149117 -2.3272e-15 0.850844 7.91311e-15 0.249602 0.000960895
8.4 0.147053 -2.28149e-15 0.852908 7.64838e-15 0.244313 0.00264687
8.5 0.14479 -2.17987e-15 0.85517 7.42557e-15 0.238729 0.0042366
8.6 0.14236 -2.04579e-15 0.8576 7.19212e-15 0.232869 0.00572791
8.7 0.139793 -1.81687e-15 0.860166 6.68901e-15 0.226751 0.00712142
8.8 0.137121 -1.56353e-15 0.862839 6.40882e-15 0.220393 0.00841954
8.9 0.134369 -1.26944e-15 0.86559 6.3272e-15 0.21381 0.00962538
9 0.131563 -9.25746e-16 0.868396 5.96131e-15 0.207019 0.0107418
9.1 0.128727 -5.7341e-16 0.871231 5.58656e-15 0.200036 0.0117704
9.2 0.125882 -2.11052e-16 0.874076 5.19153e-15 0.192878 0.0127112
9.3 0.123048 1.11145e-16 0.87691 4.9457e-15 0.18556 0.0135616
9.4 0.120243 3.71395e-16 0.879715 4.7353e-15 0.1781 0.0143167
9.5 0.117483 5.86356e-16 0.882474 4.48475e-15 0.170519 0.014969
9.6 0.114784 7.05706e-16 0.885174 4.35019e-15 0.16284 0.015509
9.7 0.112158 7.58449e-16 0.887799 4.24089e-15 0.155087 0.0159255
9.8 0.109619 7.46017e-16 0.890338 4.17187e-15 0.147288 0.0162064
9.9 0.107177 6.68498e-16 0.89278 4.20474e-15 0.139477 0.0163398
10 0.104841 5.43893e-16 0.895116 4.3192e-15 0.131687 0.0163145
10.1 0.102618 3.93088e-16 0.897339 4.46837e-15 0.123956 0.0161212
10.2 0.100513 2.32423e-16 0.899443 4.57808e-15 0.116325 0.015753
10.3 0.0985305 9.58614e-17 0.901425 4.64612e-15 0.108834 0.0152067
10.4 0.0966711 -3.75386e-17 0.903285 4.79091e-15 0.101525 0.0144829
10.5 0.0949341 -1.32722e-16 0.905022 4.84759e-15 0.0944389 0.0135871
10.6 0.0933168 -2.1746e-16 0.906639 4.94635e-15 0.0876159 0.0125295
10.7 0.0918146 -2.7949e-16 0.908141 4.95927e-15 0.0810924 0.0113253
10.8 0.0904214 -3.24237e-16 0.909534 5.01144e-15 0.0749011 0.00999445
10.9 0.0891297 -3.56083e-16 0.910826 5.00983e-15 0.0690694 0.00856137
11 0.0879311 -3.80402e-16 0.912024 5.04352e-15 0.0636188 0.00705399
11.1 0.0868162 -3.99328e-16 0.913139 5.10581e-15 0.0585638 0.00550299
11.2 0.0857754 -4.01949e-16 0.91418 5.1166e-15 0.0539116 0.00394072
11.3 0.0847991 -3.8832e-16 0.915156 5.05803e-15 0.0496619 0.00240002
11.4 0.0838776 -3.70188e-16 0.916077 5.06688e-15 0.0458068 0.00091307
11.5 0.0830021 -3.38097e-16 0.916953 5.04831e-15 0.0423313 -0.000489813
11.6 0.0821642 -3.01996e-16 0.917791 5.01905e-15 0.0392137 -0.00178136
11.7 0.0813563 -2.66327e-16 0.918598 5.00558e-15 0.0364262 -0.00293844
11.8 0.080572 -2.32401e-16 0.919383 4.98017e-15 0.0339366 -0.00394306
11.9 0.0798056 -2.03756e-16 0.920149 4.94428e-15 0.0317088 -0.00478306
12 0.0790527 -1.84733e-16 0.920902 4.99099e-15 0.0297048 -0.00545266
12.1 0.0783097 -1.63282e-16 0.921645 5.00968e-15 0.027886 -0.00595253
12.2 0.0775737 -1.45066e-16 0.922381 4.9186e-15 0.0262147 -0.00628961
12.3 0.076843 -1.35943e-16 0.923111 4.91934e-15 0.0246558 -0.00647666
12.4 0.0761163 -1.35351e-16 0.923838 4.92865e-15 0.0231775 -0.00653153
12.5 0.0753928 -1.30117e-16 0.924561 4.81152e-15 0.0217528 -0.00647621
12.6 0.0746724 -1.39862e-16 0.925282 4.86013e-15 0.0203599 -0.00633575
12.7 0.073955 -1.49625e-16 0.925999 4.88554e-15 0.0189833 -0.00613677
12.8 0.073241 -1.49614e-16 0.926713 4.85088e-15 0.0176134 -0.00590663
12.9 0.0725307 -1.41772e-16 0.927423 4.83522e-15 0.0162472 -0.0056716
13 0.0718246 -1.38723e-16 0.92813 4.85079e-15 0.0148869 -0.00545579
13.1 0.0711232 -1.37436e-16 0.928831 4.8595e-15 0.0135403 -0.00528001
13.2 0.0704267 -1.30897e-16 0.929528 4.85157e-15 0.0122191 -0.00516082
13.3 0.0697357 -1.22615e-16 0.930219 4.82467e-15 0.0109382 -0.00510979
13.4 0.0690503 -1.18034e-16 0.930904 4.83803e-15 0.0097145 -0.00513315
13.5 0.0683708 -1.03856e-16 0.931584 4.81124e-15 0.00856542 -0.00523152
13.6 0.0676974 -9.74855e-17 0.932258 4.77535e-15 0.00750773 -0.00540007
13.7 0.06703 -1.01755e-16 0.932925 4.86376e-15 0.00655631 -0.00562898
13.8 0.0663688 -1.02433e-16 0.933586 4.83808e-15 0.00572304 -0.00590422
13.9 0.0657136 -1.079e-16 0.934242 4.89044e-15 0.00501604 -0.00620844
14 0.0650645 -1.11272e-16 0.934891 4.8578e-15 0.00443906 -0.00652207
14.1 0.0644215 -1.21696e-16 0.935534 4.94453e-15 0.00399119 -0.00682442
14.2 0.0637844 -1.28285e-16 0.936171 5.00259e-15 0.00366672 -0.00709468
14.3 0.0631532 -1.37703e-16 0.936802 5.07935e-15 0.00345529 -0.00731315
14.4 0.0625279 -1.47776e-16 0.937427 5.06504e-15 0.00334214 -0.00746242
14.5 0.0619084 -1.5944e-16 0.938047 5.15708e-15 0.00330892 -0.00752837
14.6 0.0612947 -1.64328e-16 0.93866 5.20097e-15 0.00333447 -0.00750098
14.7 0.0606867 -1.64224e-16 0.939268 5.15391e-15 0.00339588 -0.00737481
14.8 0.0600844 -1.65956e-16 0.93987 5.12769e-15 0.00346958 -0.00714944
14.9 0.0594879 -1.68301e-16 0.940467 5.14665e-15 0.00353256 -0.00682951
15 0.058897 -1.65173e-16 0.941058 5.10396e-15 0.00356357 -0.00642443
15.1 0.0583118 -1.64881e-16 0.941643 5.11912e-15 0.00354415 -0.00594784
15.2 0.0577322 -1.60514e-16 0.942222 5.07191e-15 0.00345952 -0.00541675
15.3 0.0571582 -1.56141e-16 0.942796 5.09969e-15 0.00329908 -0.00485098
15.4 0.0565898 -1.56168e-16 0.943365 5.12489e-15 0.00305707 -0.00427186
15.5 0.056027 -1.50349e-16 0.943927 5.09793e-15 0.0027328 -0.00370121
15.6 0.0554697 -1.46359e-16 0.944485 5.0147e-15 0.00233054 -0.00316014
15.7 0.0549179 -1.40397e-16 0.945037 5.05769e-15 0.00185922 -0.00266798
15.8 0.0543715 -1.29874e-16 0.945583 4.94258e-15 0.00133186 -0.00224133
15.9 0.0538306 -1.24285e-16 0.946124 4.9425e-15 0.000764812 -0.00189318
16 0.053295 -1.15309e-16 0.94666 4.85926e-15 0.000176832 -0.00163231
16.1 0.0527647 -1.09901e-16 0.94719 4.84178e-15 -0.000411876 -0.00146271
16.2 0.0522397 -1.0594e-16 0.947715 4.84705e-15 -0.000981067 -0.00138371
16.3 0.0517199 -1.04579e-16 0.948235 4.84077e-15 -0.00151125 -0.00139024
16.4 0.0512053 -1.06737e-16 0.948749 4.88498e-15 -0.00198466 -0.00147272
16.5 0.0506958 -1.10462e-16 0.949259 4.91121e-15 -0.00238626 -0.0016178
16.6 0.0501914 -1.12797e-16 0.949763 4.93497e-15 -0.00270453 -0.0018091
16.7 0.049692 -1.15818e-16 0.950263 4.9659e-15 -0.00293202 -0.00202803
16.8 0.0491976 -1.19057e-16 0.950757 4.99155e-15 -0.0030658 -0.00225477
16.9 0.0487081 -1.20571e-16 0.951247 5.00741e-15 -0.00310773 -0.00246969
17 0.0482234 -1.21306e-16 0.951731 5.0181e-15 -0.00306402 -0.00265402
17.1 0.0477436 -1.21634e-16 0.952211 5.02978e-15 -0.00294485 -0.00279088
17.2 0.0472685 -1.21779e-16 0.952686 5.03913e-15 -0.00276399 -0.00286636
17.3 0.0467982 -1.21586e-16 0.953156 5.0507e-15 -0.00253796 -0.00286995
17.4 0.0463325 -1.21821e-16 0.953622 5.06294e-15 -0.00228529 -0.00279518
17.5 0.0458715 -1.21589e-16 0.954083 5.07122e-15 -0.00202536 -0.00264022
17.6 0.0454151 -1.20863e-16 0.954539 5.07813e-15 -0.00177732 -0.00240751
17.7 0.0449632 -1.19727e-16 0.954991 5.08347e-15 -0.00155926 -0.00210375
17.8 0.0445158 -1.18817e-16 0.955438 5.08714e-15 -0.00138715 -0.00173962
17.9 0.0440729 -1.17848e-16 0.955881 5.08593e-15 -0.00127405 -0.00132906
18 0.0436343 -1.16633e-16 0.95632 5.08487e-15 -0.00122942 -0.000888615
18.1 0.0432002 -1.15111e-16 0.956754 5.08251e-15 -0.00125852 -0.000436532
18.2 0.0427703 -1.13975e-16 0.957184 5.08089e-15 -0.00136223 8.54563e-06
18.3 0.0423448 -1.12778e-16 0.957609 5.07987e-15 -0.0015371 0.000428182
18.4 0.0419234 -1.11443e-16 0.95803 5.07788e-15 -0.00177568 0.000805801
18.5 0.0415063 -1.10165e-16 0.958448 5.07785e-15 -0.00206705 0.00112689
18.6 0.0410933 -1.08735e-16 0.95886 5.07171e-15 -0.00239742 0.00138002
18.7 0.0406844 -1.07429e-16 0.959269 5.06708e-15 -0.0027508 0.00155728
18.8 0.0402796 -1.06152e-16 0.959674 5.05991e-15 -0.00311005 0.00165442
18.9 0.0398788 -1.04927e-16 0.960075 5.05387e-15 -0.00345739 0.00167121
19 0.039482 -1.03983e-16 0.960472 5.05239e-15 -0.00377557 0.00161152
19.1 0.0390891 -1.03023e-16 0.960864 5.04891e-15 -0.0040488 0.00148308
19.2 0.0387002 -1.02042e-16 0.961253 5.04618e-15 -0.0042636 0.00129693
19.3 0.0383151 -1.01018e-16 0.961639 5.0488e-15 -0.00440917 0.00106685
19.4 0.0379339 -9.98089e-17 0.96202 5.04095e-15 -0.00447805 0.000808916
19.5 0.0375564 -9.89253e-17 0.962397 5.04312e-15 -0.0044668 0.000540368
19.6 0.0371827 -9.76835e-17 0.962771 5.03672e-15 -0.00437615 0.000278904
19.7 0.0368128 -9.66617e-17 0.963141 5.03447e-15 -0.00421084 4.16399e-05
19.8 0.0364465 -9.59232e-17 0.963507 5.03939e-15 -0.00397946 -0.000156031
19.9 0.0360838 -9.50766e-17 0.96387 5.04096e-15 -0.00369415 -0.000301377
20 0.0357248 -9.41053e-17 0.964229 5.0407e-15 -0.00336906 -0.000385059
