0 0 0 1 0 0 0
0.1 1.71709e-07 -8.40416e-21 0.999974 -3.23866e-14 4.82611e-05 -0.000411125
0.2 7.90732e-07 -3.08253e-20 0.999974 -3.06359e-14 0.000195219 -0.000865536
0.3 2.03527e-06 -5.64591e-20 0.999974 -3.51959e-14 0.000448349 -0.00134879
0.4 4.11302e-06 -6.06051e-20 0.999974 -4.66335e-14 0.000811588 -0.00184644
0.5 7.26019e-06 -2.17564e-20 0.999972 -6.37992e-14 0.00128545 -0.00234499
0.6 1.17402e-05 7.08232e-20 0.999969 -8.49257e-14 0.00186738 -0.00283279
0.7 1.7843e-05 1.96452e-19 0.999964 -1.07423e-13 0.00255228 -0.00330083
0.8 2.58858e-05 2.88016e-19 0.999956 -1.27773e-13 0.0033332 -0.00374339
0.9 3.62167e-05 1.88665e-19 0.999946 -1.42641e-13 0.00420222 -0.00415851
1 4.92237e-05 -3.59887e-19 0.999932 -1.50476e-13 0.00515132 -0.00454824
1.1 6.53495e-05 -1.73528e-18 0.999916 -1.49828e-13 0.00617333 -0.00491868
1.2 8.51162e-05 -4.4864e-18 0.999896 -1.41177e-13 0.00726289 -0.00527981
1.3 0.00010916 -9.11755e-18 0.999872 -1.26721e-13 0.00841724 -0.00564505
1.4 0.000138279 -1.59365e-17 0.999843 -1.09462e-13 0.00963701 -0.00603075
1.5 0.000173495 -2.47421e-17 0.999809 -9.24349e-14 0.0109267 -0.00645536
1.6 0.000216134 -3.45106e-17 0.999767 -7.91331e-14 0.0122953 -0.00693859
1.7 0.000267913 -4.3329e-17 0.999715 -7.14858e-14 0.0137559 -0.0075005
1.8 0.000331051 -4.93231e-17 0.999652 -7.0922e-14 0.0153263 -0.0081605
1.9 0.000408383 -5.04703e-17 0.999575 -7.86134e-14 0.0170282 -0.00893652
2 0.000503493 -4.62349e-17 0.99948 -9.4683e-14 0.0188868 -0.0098441
2.1 0.000620837 -3.92155e-17 0.999362 -1.18518e-13 0.0209305 -0.0108956
2.2 0.000765878 -3.37825e-17 0.999216 -1.49127e-13 0.0231894 -0.0120999
2.3 0.000945204 -3.76817e-17 0.999036 -1.83429e-13 0.0256949 -0.0134613
2.4 0.00116663 -6.10373e-17 0.998814 -2.17368e-13 0.0284784 -0.0149802
2.5 0.0014393 -1.17689e-16 0.99854 -2.46038e-13 0.0315702 -0.0166524
2.6 0.0017737 -2.25517e-16 0.998205 -2.6555e-13 0.0349987 -0.0184696
2.7 0.00218173 -4.14159e-16 0.997797 -2.71727e-13 0.0387893 -0.0204195
2.8 0.00267663 -7.13186e-16 0.997301 -2.63315e-13 0.0429635 -0.0224864
2.9 0.00327299 -1.15827e-15 0.996704 -2.40925e-13 0.0475384 -0.0246517
3 0.00398654 -1.77817e-15 0.995989 -2.08389e-13 0.0525258 -0.0268947
3.1 0.0048341 -2.57974e-15 0.995141 -1.70077e-13 0.0579321 -0.0291927
3.2 0.00583331 -3.52179e-15 0.994141 -1.32891e-13 0.0637576 -0.0315224
3.3 0.0070024 -4.53217e-15 0.992971 -1.03916e-13 0.0699968 -0.03386
3.4 0.00835994 -5.41944e-15 0.991613 -9.00493e-14 0.0766383 -0.036182
3.5 0.00992452 -5.98771e-15 0.990048 -9.29839e-14 0.0836649 -0.0384655
3.6 0.0117144 -5.96618e-15 0.988258 -1.14652e-13 0.0910542 -0.0406884
3.7 0.0137471 -5.16856e-15 0.986224 -1.51603e-13 0.0987783 -0.04283
3.8 0.016039 -3.53957e-15 0.983931 -1.96804e-13 0.106805 -0.0448706
3.9 0.0186052 -1.25372e-15 0.981365 -2.42978e-13 0.115097 -0.0467921
4 0.0214585 1.28832e-15 0.978511 -2.81802e-13 0.123614 -0.0485776
4.1 0.0246096 3.35369e-15 0.975359 -3.06152e-13 0.132311 -0.0502114
4.2 0.0280662 3.98624e-15 0.971902 -3.11936e-13 0.141141 -0.0516789
4.3 0.0318328 2.37616e-15 0.968134 -2.9996e-13 0.150054 -0.0529665
4.4 0.0359102 -1.87265e-15 0.964056 -2.71332e-13 0.158997 -0.0540616
4.5 0.0402948 -9.06631e-15 0.959671 -2.30806e-13 0.167916 -0.0549528
4.6 0.0449788 -1.86975e-14 0.954986 -1.91251e-13 0.176754 -0.0556302
4.7 0.0499494 -3.05068e-14 0.950015 -1.41351e-13 0.185454 -0.0560852
4.8 0.0551889 -4.12018e-14 0.944775 -9.54265e-14 0.193959 -0.0563111
4.9 0.0606747 -4.99179e-14 0.939289 -6.40559e-14 0.20221 -0.0563036
5 0.0663789 -5.55074e-14 0.933584 -4.50684e-14 0.210151 -0.056062
5.1 0.0722694 -5.83017e-14 0.927693 -3.27664e-14 0.217727 -0.0555894
5.2 0.0783097 -5.75272e-14 0.921652 -3.26919e-14 0.224886 -0.0548937
5.3 0.0844605 -5.23099e-14 0.915501 -5.26939e-14 0.231581 -0.0539875
5.4 0.0906801 -4.13036e-14 0.909282 -8.71574e-14 0.237772 -0.0528879
5.5 0.0969258 -2.10109e-14 0.903036 -1.36659e-13 0.243423 -0.0516168
5.6 0.103155 1.27058e-15 0.896806 -1.81321e-13 0.248509 -0.0501998
5.7 0.109327 2.23294e-14 0.890633 -2.22478e-13 0.253012 -0.048666
5.8 0.115403 3.82232e-14 0.884557 -2.53895e-13 0.256922 -0.0470466
5.9 0.121348 4.85069e-14 0.87861 -2.61771e-13 0.26024 -0.045373
6 0.127132 5.8353e-14 0.872826 -2.50206e-13 0.262975 -0.0436761
6.1 0.13273 6.58437e-14 0.867227 -2.16983e-13 0.265144 -0.0419833
6.2 0.138121 7.01006e-14 0.861836 -1.74828e-13 0.266772 -0.0403182
6.3 0.14329 6.50748e-14 0.856666 -1.29278e-13 0.267887 -0.0386984
6.4 0.148225 5.439e-14 0.851731 -1.00581e-13 0.268522 -0.0371353
6.5 0.152916 4.67538e-14 0.847038 -8.60796e-14 0.268712 -0.0356331
6.6 0.157357 4.63454e-14 0.842595 -8.7022e-14 0.268489 -0.0341891
6.7 0.161542 5.04933e-14 0.838408 -8.85805e-14 0.267887 -0.0327935
6.8 0.165465 6.13819e-14 0.834484 -8.21656e-14 0.266933 -0.0314319
6.9 0.169118 8.49028e-14 0.830828 -7.04555e-14 0.265647 -0.0300867
7 0.172492 1.3056e-13 0.827452 -5.68579e-14 0.264046 -0.0287392
7.1 0.175578 1.72356e-13 0.824363 -4.94487e-14 0.26214 -0.0273725
7.2 0.178364 1.89185e-13 0.821575 -3.87884e-14 0.259932 -0.0259735
7.3 0.180839 1.81299e-13 0.819097 -2.41171e-14 0.257424 -0.0245333
7.4 0.182993 1.53024e-13 0.816939 -7.79758e-15 0.254612 -0.0230483
7.5 0.184819 1.18017e-13 0.81511 -1.82917e-14 0.251493 -0.0215207
7.6 0.186311 9.90351e-14 0.813614 -8.22416e-14 0.248063 -0.0199579
7.7 0.18747 1.21863e-13 0.812452 -2.08789e-13 0.244319 -0.0183724
7.8 0.188299 1.90465e-13 0.81162 -3.79279e-13 0.240259 -0.0167809
7.9 0.188806 2.63581e-13 0.81111 -5.18748e-13 0.235887 -0.0152025
8 0.189005 2.64625e-13 0.810907 -5.60364e-13 0.231212 -0.0136568
8.1 0.188913 1.6211e-13 0.810995 -4.78625e-13 0.226246 -0.0121615
8.2 0.188552 1.03978e-14 0.811353 -3.16436e-13 0.221007 -0.010731
8.3 0.187944 -1.22291e-13 0.811957 -1.77218e-13 0.215515 -0.00937605
8.4 0.187115 -1.91534e-13 0.812782 -1.20751e-13 0.209793 -0.00810267
8.5 0.186089 -2.00292e-13 0.813804 -1.56647e-13 0.203864 -0.0069123
8.6 0.18489 -1.90195e-13 0.814999 -2.33778e-13 0.197756 -0.00580181
8.7 0.183541 -1.93983e-13 0.816345 -3.03846e-13 0.191492 -0.00476449
8.8 0.182062 -1.93955e-13 0.817819 -3.58419e-13 0.185095 -0.00379139
8.9 0.180473 -1.3211e-13 0.819405 -4.37346e-13 0.17859 -0.00287249
9 0.17879 1.52511e-14 0.821084 -5.80958e-13 0.171996 -0.0019974
9.1 0.177027 2.1461e-13 0.822844 -7.97734e-13 0.165334 -0.00115576
9.2 0.175196 3.95874e-13 0.824671 -1.05126e-12 0.158622 -0.000337708
9.3 0.17331 5.29825e-13 0.826554 -1.32782e-12 0.151875 0.000464724
9.4 0.171377 5.92027e-13 0.828483 -1.61414e-12 0.145107 0.001256
9.5 0.169408 6.48979e-13 0.830449 -1.87398e-12 0.138329 0.00203608
9.6 0.16741 7.09207e-13 0.832443 -2.10123e-12 0.131555 0.00280044
9.7 0.165393 8.0026e-13 0.834457 -2.29739e-12 0.124798 0.00354117
9.8 0.163366 9.20383e-13 0.836482 -2.42397e-12 0.118075 0.004248
9.9 0.161336 1.00244e-12 0.838509 -2.45664e-12 0.111405 0.00490899
10 0.159312 1.00798e-12 0.84053 -2.36621e-12 0.104809 0.00551163
10.1 0.157303 9.43969e-13 0.842537 -2.18732e-12 0.0983065 0.00604355
10.2 0.155316 8.43931e-13 0.844521 -1.97365e-12 0.0919222 0.00649307
10.3 0.153359 7.60885e-13 0.846476 -1.79107e-12 0.0856793 0.00684939
10.4 0.151437 7.09999e-13 0.848396 -1.68868e-12 0.079602 0.00710311
10.5 0.149555 6.89565e-13 0.850276 -1.67304e-12 0.0737155 0.00724678
10.6 0.147718 6.83404e-13 0.852111 -1.71238e-12 0.0680454 0.00727577
10.7 0.145928 6.79846e-13 0.853899 -1.77876e-12 0.0626169 0.00718937
10.8 0.144188 6.76737e-13 0.855637 -1.84758e-12 0.057454 0.00699143
10.9 0.142498 6.86344e-13 0.857324 -1.89778e-12 0.0525781 0.00669058
11 0.140858 7.15128e-13 0.858963 -1.91303e-12 0.0480065 0.0062999
11.1 0.139266 7.37592e-13 0.860553 -1.89689e-12 0.0437514 0.00583628
11.2 0.13772 7.18339e-13 0.862097 -1.85654e-12 0.0398192 0.00531917
11.3 0.136217 6.5441e-13 0.863598 -1.79836e-12 0.03621 0.00476893
11.4 0.134753 5.66781e-13 0.86506 -1.71537e-12 0.0329191 0.0042057
11.5 0.133326 4.82469e-13 0.866486 -1.61687e-12 0.0299373 0.00364896
11.6 0.13193 4.13847e-13 0.867879 -1.52505e-12 0.0272513 0.00311773
11.7 0.130564 3.61211e-13 0.869244 -1.46743e-12 0.0248428 0.00263007
11.8 0.129223 3.453e-13 0.870583 -1.45787e-12 0.0226897 0.00220145
11.9 0.127905 3.60999e-13 0.871899 -1.49022e-12 0.0207658 0.00184412
12 0.126607 3.9619e-13 0.873195 -1.55113e-12 0.0190429 0.00156627
12.1 0.125327 4.44282e-13 0.874472 -1.63332e-12 0.0174908 0.00137111
12.2 0.124063 5.02794e-13 0.875734 -1.73527e-12 0.0160801 0.00125703
12.3 0.122815 5.66639e-13 0.87698 -1.85753e-12 0.0147827 0.00121824
12.4 0.12158 6.28994e-13 0.878212 -1.99037e-12 0.013573 0.00124538
12.5 0.120358 6.78409e-13 0.879432 -2.12035e-12 0.0124286 0.00132556
12.6 0.11915 7.09509e-13 0.880638 -2.22546e-12 0.0113308 0.00144331
12.7 0.117954 7.26225e-13 0.881832 -2.29729e-12 0.010266 0.00158136
12.8 0.116771 7.15103e-13 0.883013 -2.36713e-12 0.00922543 0.00172165
12.9 0.115599 6.93628e-13 0.884182 -2.40834e-12 0.00820545 0.00184721
13 0.114441 6.68549e-13 0.885339 -2.43134e-12 0.00720656 0.00194275
13.1 0.113294 6.46134e-13 0.886484 -2.44821e-12 0.00623325 0.00199527
13.2 0.11216 6.27969e-13 0.887616 -2.45059e-12 0.00529294 0.00199531
13.3 0.111037 6.20002e-13 0.888736 -2.42733e-12 0.0043957 0.00193671
13.4 0.109927 6.12741e-13 0.889844 -2.38871e-12 0.00355244 0.00181711
13.5 0.108829 6.05981e-13 0.89094 -2.35463e-12 0.00277429 0.00163767
13.6 0.107742 6.01237e-13 0.892025 -2.33472e-12 0.00207178 0.00140268
13.7 0.106667 6.00577e-13 0.893098 -2.32606e-12 0.00145469 0.00111917
13.8 0.105604 6.06792e-13 0.89416 -2.31983e-12 0.000931866 0.000796808
13.9 0.104551 6.18757e-13 0.895211 -2.30228e-12 0.000510904 0.000448194
14 0.10351 6.24709e-13 0.896251 -2.27894e-12 0.000196819 8.86002e-05
14.1 0.102479 6.21129e-13 0.897281 -2.27939e-12 -9.23418e-06 -0.000263802
14.2 0.101459 6.24717e-13 0.8983 -2.27056e-12 -0.000111208 -0.000589621
14.3 0.100449 6.2111e-13 0.899309 -2.2474e-12 -0.000118622 -0.000870418
14.4 0.0994489 6.17458e-13 0.900307 -2.16475e-12 -4.61577e-05 -0.00109083
14.5 0.0984592 6.14031e-13 0.901296 -2.09376e-12 8.84979e-05 -0.00124044
14.6 0.0974792 6.13191e-13 0.902275 -2.0327e-12 0.000266138 -0.00131344
14.7 0.096509 6.14343e-13 0.903244 -1.98403e-12 0.000467586 -0.0013089
14.8 0.0955483 6.05799e-13 0.904204 -1.93494e-12 0.000674977 -0.00122969
14.9 0.094597 5.94527e-13 0.905154 -1.87652e-12 0.000871754 -0.00108156
15 0.0936552 5.80635e-13 0.906094 -1.8221e-12 0.00104291 -0.000873048
15.1 0.0927228 5.70316e-13 0.907025 -1.77182e-12 0.00117533 -0.00061516
15.2 0.0917997 5.65251e-13 0.907947 -1.73009e-12 0.00125823 -0.000321139
15.3 0.0908857 5.63791e-13 0.90886 -1.69585e-12 0.00128335 -6.44375e-06
15.4 0.0899809 5.6314e-13 0.909764 -1.67256e-12 0.00124628 0.000311575
15.5 0.089085 5.64273e-13 0.910659 -1.64609e-12 0.00114678 0.000615042
15.6 0.0881981 5.66303e-13 0.911545 -1.6299e-12 0.00098939 0.000886844
15.7 0.08732 5.70749e-13 0.912422 -1.61413e-12 0.000782704 0.00111188
15.8 0.0864506 5.74357e-13 0.91329 -1.60304e-12 0.000538892 0.00127845
15.9 0.0855897 5.76314e-13 0.914149 -1.59491e-12 0.000272251 0.00137891
16 0.0847374 5.74195e-13 0.915 -1.58461e-12 -2.06387e-06 0.00140957
16.1 0.0838936 5.71029e-13 0.915842 -1.5769e-12 -0.000269251 0.00137052
16.2 0.0830582 5.68279e-13 0.916675 -1.57538e-12 -0.000515123 0.00126531
16.3 0.082231 5.63673e-13 0.917501 -1.57513e-12 -0.000726644 0.00110071
16.4 0.0814122 5.58472e-13 0.918318 -1.57782e-12 -0.000892709 0.00088649
16.5 0.0806015 5.53475e-13 0.919127 -1.58422e-12 -0.00100493 0.000634891
16.6 0.079799 5.48622e-13 0.919928 -1.58955e-12 -0.00105786 0.000359721
16.7 0.0790047 5.42952e-13 0.920722 -1.59183e-12 -0.00104939 7.55784e-05
16.8 0.0782182 5.37839e-13 0.921507 -1.59395e-12 -0.000980603 -0.000202836
16.9 0.0774397 5.3375e-13 0.922285 -1.59967e-12 -0.000855583 -0.000461417
17 0.0766689 5.29809e-13 0.923055 -1.60553e-12 -0.000681306 -0.000687198
17.1 0.0759059 5.25959e-13 0.923817 -1.61043e-12 -0.000467355 -0.00086891
17.2 0.0751506 5.21275e-13 0.924572 -1.61315e-12 -0.000225561 -0.000997605
17.3 0.0744027 5.16396e-13 0.925319 -1.61403e-12 3.05689e-05 -0.00106723
17.4 0.0736623 5.10986e-13 0.926059 -1.61393e-12 0.000286407 -0.00107505
17.5 0.0729292 5.05049e-13 0.926791 -1.61291e-12 0.000527239 -0.00102206
17.6 0.0722034 4.99267e-13 0.927517 -1.61122e-12 0.00073919 -0.00091287
17.7 0.0714847 4.93817e-13 0.928234 -1.60945e-12 0.000910155 -0.00075547
17.8 0.0707732 4.88399e-13 0.928945 -1.60924e-12 0.00103066 -0.00056068
17.9 0.0700688 4.83251e-13 0.929649 -1.60886e-12 0.00109435 -0.000341266
18 0.0693713 4.78534e-13 0.930345 -1.6088e-12 0.00109846 -0.000110943
18.1 0.0686808 4.74426e-13 0.931035 -1.60838e-12 0.00104355 0.000116473
18.2 0.0679973 4.70389e-13 0.931718 -1.60658e-12 0.000933495 0.000327829
18.3 0.0673206 4.66084e-13 0.932394 -1.60418e-12 0.000774971 0.00051149
18.4 0.0666507 4.61705e-13 0.933064 -1.60113e-12 0.000577016 0.000657603
18.5 0.0659874 4.57432e-13 0.933727 -1.5976e-12 0.00035056 0.000758516
18.6 0.0653308 4.53267e-13 0.934383 -1.59384e-12 0.000107938 0.000809151
18.7 0.0646807 4.49167e-13 0.935033 -1.58974e-12 -0.000137692 0.000807261
18.8 0.0640371 4.4508e-13 0.935676 -1.58526e-12 -0.000372995 0.00075364
18.9 0.0633999 4.40965e-13 0.936313 -1.58064e-12 -0.000585214 0.000652109
19 0.0627691 4.36652e-13 0.936944 -1.57609e-12 -0.000762887 0.000509329
19.1 0.0621445 4.3227e-13 0.937568 -1.57149e-12 -0.000896588 0.000334477
19.2 0.0615262 4.27939e-13 0.938186 -1.56695e-12 -0.000979559 0.00013863
19.3 0.060914 4.2365e-13 0.938799 -1.56245e-12 -0.00100807 -6.60173e-05
19.4 0.0603078 4.19391e-13 0.939405 -1.55806e-12 -0.000981648 -0.00026687
19.5 0.0597078 4.15162e-13 0.940005 -1.55377e-12 -0.000902997 -0.000451743
19.6 0.0591137 4.10977e-13 0.940599 -1.54954e-12 -0.000777757 -0.000609669
19.7 0.0585255 4.0687e-13 0.941187 -1.54534e-12 -0.000614039 -0.000731406
19.8 0.0579431 4.02799e-13 0.941769 -1.54123e-12 -0.000421814 -0.000810099
19.9 0.0573666 3.98791e-13 0.942346 -1.53723e-12 -0.000212336 -0.000841416
20 0.0567958 3.94823e-13 0.942916 -1.53325e-12 2.50349e-06 -0.000823731
