0 0 0 1 0 0 0
0.1 1.71708e-07 4.38141e-20 0.999971 5.63886e-13 4.82605e-05 -0.000411091
0.2 7.90699e-07 2.73662e-19 0.999971 6.38217e-13 0.0001952 -0.000865372
0.3 2.03506e-06 9.27381e-19 0.999971 6.48904e-13 0.000448256 -0.00134833
0.4 4.11223e-06 2.33716e-18 0.999971 6.31431e-13 0.000811302 -0.00184548
0.5 7.25801e-06 4.80178e-18 0.999969 6.33483e-13 0.00128477 -0.00234327
0.6 1.17352e-05 8.45328e-18 0.999966 6.86885e-13 0.00186601 -0.00283005
0.7 1.78329e-05 1.27143e-17 0.999961 8.15055e-13 0.00254982 -0.00329682
0.8 2.58672e-05 1.61268e-17 0.999953 1.00314e-12 0.00332916 -0.00373791
0.9 3.61852e-05 1.68991e-17 0.999943 1.19917e-12 0.00419602 -0.00415145
1 4.91733e-05 1.46435e-17 0.99993 1.36846e-12 0.0051423 -0.00453957
1.1 6.52734e-05 1.31467e-17 0.999913 1.4679e-12 0.00616081 -0.0049085
1.2 8.50066e-05 2.45456e-17 0.999893 1.48847e-12 0.00724618 -0.00526834
1.3 0.000109009 6.80611e-17 0.999868 1.4587e-12 0.00839569 -0.00563265
1.4 0.000138079 1.63219e-16 0.99984 1.41917e-12 0.00961001 -0.00601787
1.5 0.000173241 3.2185e-16 0.999805 1.39525e-12 0.0108938 -0.00644256
1.6 0.000215824 5.4296e-16 0.999763 1.38885e-12 0.0122561 -0.00692649
1.7 0.00026755 8.0079e-16 0.999711 1.38678e-12 0.0137102 -0.00748974
1.8 0.000330645 1.05316e-15 0.999649 1.3682e-12 0.0152741 -0.00815172
1.9 0.000407954 1.29368e-15 0.999572 1.3369e-12 0.0169696 -0.00893022
2 0.000503071 1.54424e-15 0.999477 1.30309e-12 0.0188221 -0.00984062
2.1 0.000620462 1.86618e-15 0.99936 1.30454e-12 0.02086 -0.0108951
2.2 0.000765602 2.28231e-15 0.999215 1.3562e-12 0.0231135 -0.0121023
2.3 0.000945086 2.72339e-15 0.999035 1.48301e-12 0.0256139 -0.0134663
2.4 0.00116674 3.18457e-15 0.998813 1.60632e-12 0.0283924 -0.0149873
2.5 0.00143969 3.68015e-15 0.99854 1.69131e-12 0.0314794 -0.0166608
2.6 0.00177445 4.28329e-15 0.998205 1.69248e-12 0.034903 -0.0184784
2.7 0.00218289 5.25295e-15 0.997796 1.60429e-12 0.0386883 -0.0204275
2.8 0.00267824 7.01484e-15 0.9973 1.4593e-12 0.0428567 -0.0224924
2.9 0.00327504 1.0218e-14 0.996702 1.3079e-12 0.0474247 -0.0246543
3 0.00398901 1.51498e-14 0.995987 1.19964e-12 0.052404 -0.0268924
3.1 0.0048369 2.17058e-14 0.995138 1.16539e-12 0.0578004 -0.0291842
3.2 0.0058363 2.95783e-14 0.994137 1.19907e-12 0.0636138 -0.0315065
3.3 0.00700538 3.73271e-14 0.992966 1.26264e-12 0.0698386 -0.033836
3.4 0.00836265 4.37417e-14 0.991607 1.3103e-12 0.0764629 -0.0361494
3.5 0.00992666 4.83289e-14 0.990042 1.34789e-12 0.0834695 -0.0384243
3.6 0.0117156 5.19477e-14 0.988251 1.31636e-12 0.0908357 -0.0406392
3.7 0.0137471 5.6772e-14 0.986218 1.21142e-12 0.0985339 -0.0427739
3.8 0.0160375 6.30102e-14 0.983927 1.04571e-12 0.106532 -0.0448093
3.9 0.0186019 7.04207e-14 0.981361 7.92216e-13 0.114793 -0.0467276
4 0.0214535 7.81655e-14 0.978508 5.23993e-13 0.123277 -0.0485124
4.1 0.0246029 8.45418e-14 0.975357 2.72727e-13 0.131939 -0.0501482
4.2 0.0280581 8.72908e-14 0.971901 1.04187e-13 0.140734 -0.0516205
4.3 0.0318239 9.80638e-14 0.968134 1.14361e-14 0.149612 -0.052916
4.4 0.0359014 9.82588e-14 0.964055 6.72795e-14 0.15852 -0.0540219
4.5 0.0402874 6.50861e-14 0.959667 2.27602e-13 0.167405 -0.0549264
4.6 0.0449744 -1.25125e-14 0.954979 4.42042e-13 0.176212 -0.0556187
4.7 0.0499498 -1.30407e-13 0.950002 5.24615e-13 0.184883 -0.056089
4.8 0.0551961 -2.64812e-13 0.944755 4.35915e-13 0.193361 -0.05633
4.9 0.0606908 -3.62106e-13 0.939259 1.806e-13 0.201588 -0.0563368
5 0.066406 -3.95384e-13 0.933543 -2.26922e-13 0.209507 -0.0561078
5.1 0.0723095 -3.73804e-13 0.927638 -7.13383e-13 0.217063 -0.0556451
5.2 0.0783646 -3.59271e-13 0.921582 -7.73598e-13 0.224205 -0.0549551
5.3 0.0845315 -2.98771e-13 0.915415 -1.28692e-12 0.230885 -0.0540492
5.4 0.0907679 -2.50398e-13 0.909178 -1.91751e-12 0.237061 -0.0529435
5.5 0.09703 -2.03023e-13 0.902914 -2.54817e-12 0.242697 -0.0516596
5.6 0.103274 -9.5105e-14 0.896669 -3.03078e-12 0.247764 -0.0502236
5.7 0.109459 7.02938e-14 0.890483 -3.10336e-12 0.252242 -0.0486655
5.8 0.115545 4.21472e-13 0.884396 -2.8876e-12 0.25612 -0.0470181
5.9 0.121497 8.64063e-13 0.878443 -2.39937e-12 0.2594 -0.0453155
6 0.127283 1.21784e-12 0.872655 -1.69212e-12 0.262089 -0.0435902
6.1 0.13288 1.39615e-12 0.867057 -8.79869e-13 0.264207 -0.0418715
6.2 0.138267 1.22505e-12 0.861669 2.93964e-13 0.265778 -0.040184
6.3 0.143429 5.54354e-13 0.856506 2.15478e-12 0.266831 -0.0385468
6.4 0.148355 -1.716e-13 0.851579 3.99229e-12 0.267401 -0.0369719
6.5 0.153037 -9.21043e-13 0.846895 5.66914e-12 0.267522 -0.0354647
6.6 0.15747 -1.4547e-12 0.842461 6.69896e-12 0.267229 -0.0340237
6.7 0.161648 -1.6001e-12 0.83828 7.03331e-12 0.266556 -0.0326407
6.8 0.165569 -1.29328e-12 0.834358 6.66767e-12 0.265533 -0.031301
6.9 0.169224 -9.38909e-13 0.830701 6.04383e-12 0.264186 -0.0299849
7 0.172607 -1.26999e-12 0.827315 5.32512e-12 0.262531 -0.0286708
7.1 0.175709 -1.69494e-12 0.824212 6.17997e-12 0.260581 -0.0273382
7.2 0.178516 -2.57254e-12 0.821402 7.00291e-12 0.258338 -0.0259707
7.3 0.181019 -3.19465e-12 0.818898 7.8191e-12 0.255803 -0.0245569
7.4 0.183205 -2.53473e-12 0.816709 7.72576e-12 0.252972 -0.0230919
7.5 0.185065 -4.27067e-13 0.814846 6.41525e-12 0.24984 -0.021577
7.6 0.186593 2.68533e-12 0.813316 3.95061e-12 0.246403 -0.0200199
7.7 0.187787 6.47679e-12 0.812119 8.56578e-13 0.242656 -0.0184334
7.8 0.188649 1.05793e-11 0.811254 -3.05669e-12 0.2386 -0.0168339
7.9 0.189187 1.45289e-11 0.810714 -7.25491e-12 0.234238 -0.0152403
8 0.189413 1.80687e-11 0.810484 -1.12556e-11 0.229578 -0.0136724
8.1 0.189344 2.13356e-11 0.81055 -1.48523e-11 0.224634 -0.0121492
8.2 0.189 2.41795e-11 0.810891 -1.69012e-11 0.219422 -0.010687
8.3 0.188404 2.62808e-11 0.811484 -1.75977e-11 0.213965 -0.00929797
8.4 0.18758 2.71238e-11 0.812305 -1.73406e-11 0.208288 -0.00798857
8.5 0.186553 2.63672e-11 0.813329 -1.55286e-11 0.202416 -0.00675961
8.6 0.185348 2.37602e-11 0.814531 -1.20276e-11 0.196375 -0.00560761
8.7 0.183986 1.93632e-11 0.815889 -7.17492e-12 0.190188 -0.00452609
8.8 0.182489 1.31411e-11 0.817383 -8.53454e-13 0.183878 -0.00350683
8.9 0.180875 5.23125e-12 0.818994 6.79606e-12 0.177468 -0.00254082
9 0.179162 -3.77392e-12 0.820704 1.55575e-11 0.170977 -0.00161801
9.1 0.177364 -1.30677e-11 0.8225 2.48543e-11 0.164424 -0.000727861
9.2 0.175495 -2.14307e-11 0.824367 3.3614e-11 0.157825 0.000139306
9.3 0.173566 -2.83353e-11 0.826293 4.07737e-11 0.151191 0.000990189
9.4 0.171588 -3.31192e-11 0.828269 4.55809e-11 0.144533 0.00182697
9.5 0.16957 -3.55415e-11 0.830284 4.76207e-11 0.137862 0.00264728
9.6 0.167523 -3.60264e-11 0.832329 4.72972e-11 0.131189 0.00344522
9.7 0.165456 -3.50922e-11 0.834393 4.54403e-11 0.124527 0.00421154
9.8 0.163379 -3.30737e-11 0.836467 4.30307e-11 0.117892 0.00493429
9.9 0.161302 -3.03169e-11 0.838541 4.00815e-11 0.1113 0.00560008
10 0.159234 -2.71595e-11 0.840607 3.6776e-11 0.104772 0.00619527
10.1 0.157183 -2.35921e-11 0.842654 3.31101e-11 0.0983306 0.00670712
10.2 0.155159 -1.98777e-11 0.844676 2.92427e-11 0.0919989 0.00712382
10.3 0.153168 -1.63617e-11 0.846664 2.53817e-11 0.0858019 0.00743499
10.4 0.151217 -1.32935e-11 0.848611 2.17154e-11 0.0797655 0.00763293
10.5 0.149312 -1.05919e-11 0.850514 1.86013e-11 0.0739158 0.00771345
10.6 0.147456 -8.30459e-12 0.852367 1.59372e-11 0.0682774 0.00767595
10.7 0.145653 -6.60947e-12 0.854167 1.40844e-11 0.0628735 0.00752294
10.8 0.143902 -5.57555e-12 0.855915 1.33591e-11 0.0577253 0.00726007
10.9 0.142205 -5.26566e-12 0.857609 1.37926e-11 0.0528519 0.00689613
11 0.140561 -5.81737e-12 0.859251 1.46567e-11 0.0482698 0.00644326
11.1 0.138967 -7.11974e-12 0.860842 1.61084e-11 0.0439921 0.00591701
11.2 0.137422 -8.73644e-12 0.862385 1.79199e-11 0.0400279 0.00533597
11.3 0.135921 -9.92899e-12 0.863884 1.96265e-11 0.0363813 0.00472132
11.4 0.134461 -1.09781e-11 0.865341 2.10924e-11 0.0330511 0.00409553
11.5 0.133039 -1.20316e-11 0.866761 2.25963e-11 0.0300305 0.00348149
11.6 0.131649 -1.29671e-11 0.868149 2.44145e-11 0.0273071 0.00290165
11.7 0.130289 -1.3482e-11 0.869506 2.6542e-11 0.0248627 0.00237701
11.8 0.128954 -1.37544e-11 0.870838 2.87734e-11 0.0226735 0.00192522
11.9 0.127643 -1.41058e-11 0.872147 3.07758e-11 0.0207112 0.00155841
12 0.126351 -1.46953e-11 0.873437 3.23419e-11 0.0189461 0.00128265
12.1 0.125077 -1.53811e-11 0.874709 3.3444e-11 0.0173486 0.00109878
12.2 0.123818 -1.57968e-11 0.875965 3.42024e-11 0.0158901 0.00100311
12.3 0.122575 -1.58361e-11 0.877206 3.49488e-11 0.0145445 0.000987649
12.4 0.121344 -1.56115e-11 0.878434 3.53424e-11 0.0132889 0.00104055
12.5 0.120127 -1.53783e-11 0.879649 3.52944e-11 0.0121039 0.00114766
12.6 0.118923 -1.51779e-11 0.880851 3.47979e-11 0.0109738 0.00129339
12.7 0.11773 -1.48914e-11 0.882042 3.41077e-11 0.00988593 0.00146097
12.8 0.11655 -1.44796e-11 0.88322 3.37105e-11 0.0088319 0.00163283
12.9 0.115382 -1.39831e-11 0.884386 3.37555e-11 0.00780738 0.00179154
13 0.114226 -1.35225e-11 0.88554 3.3825e-11 0.00681241 0.00192095
13.1 0.113082 -1.29728e-11 0.886683 3.38895e-11 0.0058517 0.00200648
13.2 0.111951 -1.26149e-11 0.887813 3.39094e-11 0.0049333 0.00203759
13.3 0.110831 -1.2489e-11 0.888931 3.40053e-11 0.00406696 0.00200831
13.4 0.109723 -1.25249e-11 0.890038 3.42642e-11 0.00326266 0.0019166
13.5 0.108627 -1.26461e-11 0.891132 3.46754e-11 0.00253009 0.00176362
13.6 0.107543 -1.28643e-11 0.892214 3.51246e-11 0.00187857 0.00155324
13.7 0.10647 -1.30352e-11 0.893285 3.53446e-11 0.00131674 0.00129223
13.8 0.105409 -1.32286e-11 0.894344 3.56109e-11 0.000852152 0.000990222
13.9 0.104358 -1.33763e-11 0.895393 3.60223e-11 0.000490374 0.00065996
14 0.103319 -1.34802e-11 0.89643 3.66158e-11 0.000234213 0.000316949
14.1 0.10229 -1.35935e-11 0.897457 3.74165e-11 8.26668e-05 -2.1209e-05
14.2 0.101272 -1.36902e-11 0.898473 3.80648e-11 2.98638e-05 -0.000336186
14.3 0.100264 -1.37937e-11 0.899478 3.86314e-11 6.54042e-05 -0.000610638
14.4 0.0992655 -1.3826e-11 0.900474 3.90884e-11 0.000174285 -0.000829403
14.5 0.0982773 -1.38054e-11 0.901459 3.95017e-11 0.00033814 -0.000981288
14.6 0.097299 -1.37679e-11 0.902435 3.98252e-11 0.000536678 -0.00106011
14.7 0.0963303 -1.36606e-11 0.903401 4.01632e-11 0.000748943 -0.00106465
14.8 0.0953712 -1.34743e-11 0.904357 4.03135e-11 0.000955416 -0.000998799
14.9 0.0944217 -1.32503e-11 0.905304 4.03725e-11 0.00113894 -0.00087022
15 0.0934816 -1.29659e-11 0.906242 4.03215e-11 0.00128576 -0.000689626
15.1 0.092551 -1.26145e-11 0.907171 4.01097e-11 0.00138579 -0.000469243
15.2 0.0916297 -1.22344e-11 0.908091 3.97898e-11 0.00143189 -0.000222229
15.3 0.0907175 -1.18251e-11 0.909002 3.94681e-11 0.00141975 3.78833e-05
15.4 0.0898145 -1.14991e-11 0.909904 3.9303e-11 0.00134759 0.000297257
15.5 0.0889203 -1.12182e-11 0.910797 3.91436e-11 0.00121662 0.000541608
15.6 0.0880351 -1.09537e-11 0.911681 3.90606e-11 0.00103121 0.00075683
15.7 0.0871586 -1.07026e-11 0.912556 3.89588e-11 0.000799426 0.000929665
15.8 0.0862908 -1.04563e-11 0.913423 3.877e-11 0.000533161 0.00104935
15.9 0.0854315 -1.02349e-11 0.914281 3.84805e-11 0.000246846 0.0011089
16 0.0845808 -1.00596e-11 0.915131 3.81026e-11 -4.39598e-05 0.00110527
16.1 0.0837386 -9.93817e-12 0.915972 3.76475e-11 -0.000323693 0.00103942
16.2 0.0829049 -9.86216e-12 0.916805 3.71208e-11 -0.000577931 0.00091574
16.3 0.0820797 -9.84666e-12 0.917629 3.66972e-11 -0.000793797 0.000741698
16.4 0.0812627 -9.8453e-12 0.918445 3.62914e-11 -0.000960374 0.000527503
16.5 0.0804539 -9.84922e-12 0.919254 3.59406e-11 -0.00106952 0.000285487
16.6 0.0796532 -9.84955e-12 0.920054 3.56329e-11 -0.00111634 2.94105e-05
16.7 0.0788605 -9.82844e-12 0.920846 3.53973e-11 -0.00109936 -0.000226365
16.8 0.0780758 -9.78388e-12 0.92163 3.51965e-11 -0.00102057 -0.000467661
16.9 0.0772989 -9.70196e-12 0.922407 3.50411e-11 -0.000885198 -0.000681168
17 0.0765297 -9.5996e-12 0.923176 3.49399e-11 -0.000701401 -0.000855229
17.1 0.0757681 -9.48167e-12 0.923937 3.49075e-11 -0.000479957 -0.00098026
17.2 0.0750142 -9.34764e-12 0.924691 3.49317e-11 -0.000233666 -0.00104946
17.3 0.0742677 -9.21526e-12 0.925437 3.49662e-11 2.33819e-05 -0.00105914
17.4 0.0735286 -9.07928e-12 0.926175 3.49844e-11 0.000276515 -0.00100896
17.5 0.0727968 -8.95041e-12 0.926906 3.50048e-11 0.000511335 -0.000902032
17.6 0.0720723 -8.80173e-12 0.92763 3.49759e-11 0.000714612 -0.000744827
17.7 0.071355 -8.65021e-12 0.928347 3.49359e-11 0.00087504 -0.000546748
17.8 0.0706449 -8.49653e-12 0.929056 3.4908e-11 0.000983954 -0.000319566
17.9 0.0699419 -8.37974e-12 0.929758 3.48709e-11 0.00103586 -7.66596e-05
18 0.0692459 -8.28705e-12 0.930454 3.48011e-11 0.00102868 0.000167863
18.1 0.0685569 -8.19597e-12 0.931142 3.47236e-11 0.000963844 0.000400072
18.2 0.0678747 -8.1064e-12 0.931824 3.46437e-11 0.000846006 0.000607055
18.3 0.0671993 -8.02081e-12 0.932499 3.45676e-11 0.000682593 0.00077757
18.4 0.0665306 -7.9406e-12 0.933167 3.44825e-11 0.0004833 0.00090251
18.5 0.0658686 -7.8619e-12 0.933829 3.44003e-11 0.00025965 0.000975241
18.6 0.0652131 -7.78444e-12 0.934484 3.43208e-11 2.44345e-05 0.000991929
18.7 0.0645642 -7.70946e-12 0.935132 3.4248e-11 -0.000208862 0.000951805
18.8 0.0639218 -7.63435e-12 0.935774 3.41766e-11 -0.000426785 0.000857367
18.9 0.0632857 -7.55936e-12 0.93641 3.41045e-11 -0.000616733 0.000714398
19 0.062656 -7.48516e-12 0.937039 3.40336e-11 -0.000767906 0.000531655
19.1 0.0620326 -7.41209e-12 0.937663 3.39641e-11 -0.000872055 0.000320271
19.2 0.0614153 -7.33903e-12 0.93828 3.38926e-11 -0.000923997 9.29296e-05
19.3 0.0608042 -7.26624e-12 0.938891 3.38216e-11 -0.000921861 -0.000137062
19.4 0.0601992 -7.19441e-12 0.939496 3.37527e-11 -0.000867008 -0.000356676
19.5 0.0596002 -7.12315e-12 0.940094 3.36834e-11 -0.000763755 -0.000553908
19.6 0.0590072 -7.0526e-12 0.940687 3.36154e-11 -0.000618925 -0.000718408
19.7 0.05842 -6.98245e-12 0.941274 3.35475e-11 -0.000441277 -0.000841914
19.8 0.0578387 -6.91314e-12 0.941855 3.34795e-11 -0.000240978 -0.000918402
19.9 0.0572632 -6.84435e-12 0.942431 3.34107e-11 -2.91114e-05 -0.00094432
20 0.0566935 -6.77625e-12 0.943001 3.33426e-11 0.000182795 -0.000918587
