0 0 0 1 0 0 0
0.1 1.71706e-07 1.68904e-21 0.999962 9.00229e-15 4.82611e-05 -0.000411131
0.2 7.90733e-07 8.02426e-21 0.999959 9.1828e-15 0.000195225 -0.00086558
0.3 2.03531e-06 2.16753e-20 0.999954 8.22477e-15 0.000448383 -0.00134892
0.4 4.11322e-06 3.86709e-20 0.999948 8.23777e-15 0.000811693 -0.00184672
0.5 7.26076e-06 6.58844e-20 0.99994 8.45452e-15 0.0012857 -0.00234549
0.6 1.17416e-05 1.0739e-19 0.999931 8.78861e-15 0.00186787 -0.00283357
0.7 1.78457e-05 1.69629e-19 0.999919 9.1353e-15 0.00255314 -0.00330194
0.8 2.58907e-05 2.64963e-19 0.999907 9.34357e-15 0.0033346 -0.00374488
0.9 3.62249e-05 3.94593e-19 0.999892 8.90861e-15 0.00420435 -0.0041604
1 4.92364e-05 5.29621e-19 0.999875 8.97112e-15 0.00515438 -0.00455051
1.1 6.53683e-05 7.13517e-19 0.999856 8.7712e-15 0.00617757 -0.00492129
1.2 8.51424e-05 8.90355e-19 0.999834 8.67157e-15 0.00726854 -0.00528267
1.3 0.000109195 1.22081e-18 0.999809 8.56462e-15 0.00842457 -0.00564804
1.4 0.000138322 1.60047e-18 0.999779 8.8864e-15 0.00964626 -0.00603368
1.5 0.000173547 2.06665e-18 0.999745 9.12157e-15 0.0109382 -0.00645798
1.6 0.000216189 2.60946e-18 0.999703 8.96871e-15 0.012309 -0.00694063
1.7 0.000267966 3.21075e-18 0.999653 8.97134e-15 0.0137721 -0.00750165
1.8 0.000331089 3.81022e-18 0.999591 8.92208e-15 0.015345 -0.00816051
1.9 0.000408392 4.31571e-18 0.999514 9.22918e-15 0.0170493 -0.00893513
2 0.00050345 5.29237e-18 0.999418 9.30562e-15 0.0189104 -0.00984111
2.1 0.000620715 6.24213e-18 0.9993 1.02575e-14 0.0209565 -0.0108909
2.2 0.000765642 7.69086e-18 0.999154 1.04997e-14 0.0232177 -0.0120933
2.3 0.000944812 1.05175e-17 0.998972 9.7123e-15 0.0257255 -0.0134528
2.4 0.00116603 1.34561e-17 0.998749 1.01179e-14 0.0285112 -0.0149698
2.5 0.00143844 1.83736e-17 0.998474 9.60626e-15 0.0316054 -0.0166401
2.6 0.00177251 2.25829e-17 0.998139 1.05954e-14 0.0350362 -0.0184554
2.7 0.00218014 2.9822e-17 0.997731 1.03861e-14 0.0388292 -0.0204036
2.8 0.00267456 3.85144e-17 0.997236 1.03419e-14 0.0430059 -0.0224689
2.9 0.00327033 5.22309e-17 0.99664 9.94444e-15 0.0475834 -0.024633
3 0.00398321 7.17767e-17 0.995927 9.0365e-15 0.0525736 -0.0268748
3.1 0.00482998 9.53143e-17 0.99508 7.68962e-15 0.057983 -0.0291722
3.2 0.0058283 1.16586e-16 0.994082 7.41075e-15 0.0638121 -0.0315016
3.3 0.00699639 1.37231e-16 0.992914 6.98947e-15 0.0700558 -0.0338391
3.4 0.00835283 1.63354e-16 0.991558 6.78235e-15 0.0767027 -0.0361612
3.5 0.0099162 1.89112e-16 0.989994 6.69861e-15 0.0837356 -0.0384445
3.6 0.0117047 1.95565e-16 0.988205 7.99625e-15 0.091132 -0.0406669
3.7 0.0137359 1.96616e-16 0.986172 8.33472e-15 0.0988638 -0.0428075
3.8 0.0160262 1.80886e-16 0.983881 7.51463e-15 0.106898 -0.0448469
3.9 0.0185904 1.57086e-16 0.981316 7.43126e-15 0.115198 -0.0467671
4 0.0214415 1.04812e-16 0.978464 7.97856e-15 0.123723 -0.0485515
4.1 0.0245901 6.899e-17 0.975314 8.70734e-15 0.132429 -0.0501847
4.2 0.028044 6.09491e-17 0.97186 8.94098e-15 0.141268 -0.0516519
4.3 0.0318077 1.02822e-16 0.968096 8.40466e-15 0.150191 -0.0529395
4.4 0.0358818 1.85734e-16 0.964021 7.57978e-15 0.159144 -0.0540348
4.5 0.0402629 2.56269e-16 0.95964 7.69937e-15 0.168073 -0.0549263
4.6 0.0449431 4.01543e-16 0.954959 7.44521e-15 0.176923 -0.055604
4.7 0.0499097 5.95671e-16 0.949993 6.8574e-15 0.185635 -0.0560592
4.8 0.0551449 8.20551e-16 0.944758 6.62344e-15 0.194152 -0.0562855
4.9 0.0606259 1.16863e-15 0.939276 5.61443e-15 0.202417 -0.0562788
5 0.0663251 1.45704e-15 0.933577 4.91473e-15 0.210373 -0.0560381
5.1 0.0722102 1.64127e-15 0.927692 5.1712e-15 0.217965 -0.0555661
5.2 0.0782449 1.83907e-15 0.921657 4.99131e-15 0.225143 -0.0548701
5.3 0.0843896 1.99743e-15 0.915511 4.89813e-15 0.231858 -0.0539624
5.4 0.0906026 1.98594e-15 0.909298 6.01292e-15 0.238069 -0.0528602
5.5 0.0968409 2.13724e-15 0.903058 5.81363e-15 0.243741 -0.0515854
5.6 0.103062 2.20461e-15 0.896836 6.23684e-15 0.248847 -0.0501643
5.7 0.109225 2.2786e-15 0.890672 5.69292e-15 0.25337 -0.0486267
5.8 0.11529 2.06549e-15 0.884605 6.03145e-15 0.257299 -0.0470046
5.9 0.121225 1.88079e-15 0.87867 5.07696e-15 0.260635 -0.0453309
6 0.126998 1.5696e-15 0.872896 5.2073e-15 0.26339 -0.0436366
6.1 0.132585 1.26535e-15 0.867308 5.23144e-15 0.265582 -0.0419492
6.2 0.137966 1.35997e-15 0.861926 4.05919e-15 0.267235 -0.040291
6.3 0.143125 1.63555e-15 0.856766 3.33835e-15 0.268379 -0.0386786
6.4 0.14805 1.84405e-15 0.85184 3.25541e-15 0.269048 -0.0371217
6.5 0.152733 2.24602e-15 0.847156 2.42024e-15 0.269274 -0.0356229
6.6 0.157166 2.56252e-15 0.842722 1.55336e-15 0.269092 -0.0341787
6.7 0.161343 2.84355e-15 0.838545 1.36121e-15 0.268531 -0.0327793
6.8 0.165255 3.31668e-15 0.834631 6.53634e-16 0.267619 -0.0314102
6.9 0.168897 4.01924e-15 0.830989 -1.42593e-16 0.266375 -0.0300538
7 0.172257 5.13901e-15 0.827628 -1.3922e-15 0.264816 -0.0286922
7.1 0.175326 6.74379e-15 0.824558 -3.17569e-15 0.262949 -0.0273086
7.2 0.178092 8.55179e-15 0.821791 -5.00577e-15 0.260778 -0.0258903
7.3 0.180543 1.02358e-14 0.819338 -6.81946e-15 0.258303 -0.0244286
7.4 0.182671 1.17615e-14 0.81721 -8.66392e-15 0.25552 -0.0229206
7.5 0.184466 1.28443e-14 0.815413 -9.6332e-15 0.252426 -0.0213693
7.6 0.185925 1.38812e-14 0.813952 -1.1161e-14 0.249014 -0.0197832
7.7 0.187047 1.42627e-14 0.812828 -1.12282e-14 0.245281 -0.0181767
7.8 0.187836 1.4008e-14 0.812037 -1.12566e-14 0.241227 -0.0165681
7.9 0.188303 1.3218e-14 0.811568 -1.00669e-14 0.236855 -0.0149777
8 0.188462 1.22827e-14 0.811408 -1.01672e-14 0.232176 -0.0134256
8.1 0.188332 1.11602e-14 0.811537 -9.31776e-15 0.227201 -0.0119296
8.2 0.187934 9.88802e-15 0.811934 -8.62329e-15 0.22195 -0.0105045
8.3 0.187292 8.33988e-15 0.812574 -7.50229e-15 0.216442 -0.00916106
8.4 0.186433 6.40707e-15 0.813433 -5.3272e-15 0.210701 -0.00790511
8.5 0.18538 4.25887e-15 0.814484 -2.73016e-15 0.204754 -0.0067373
8.6 0.18416 2.70865e-15 0.815703 -1.98558e-15 0.198626 -0.00565326
8.7 0.182794 1.55069e-15 0.817067 -7.71891e-16 0.192343 -0.00464468
8.8 0.181304 9.01927e-16 0.818556 2.48503e-16 0.185929 -0.00370092
8.9 0.179707 4.53093e-16 0.820151 7.5526e-16 0.179406 -0.00281
9 0.17802 9.6683e-17 0.821836 5.14511e-16 0.172795 -0.00195952
9.1 0.176257 -8.93553e-16 0.823599 1.03215e-15 0.166112 -0.00113782
9.2 0.174429 -2.32352e-15 0.825426 1.79023e-15 0.159374 -0.00033538
9.3 0.172547 -3.71527e-15 0.827307 2.31662e-15 0.152596 0.000454394
9.4 0.170621 -4.85217e-15 0.829232 2.49e-15 0.145789 0.00123466
9.5 0.168659 -5.58706e-15 0.831194 2.37678e-15 0.138968 0.00200489
9.6 0.166669 -6.07038e-15 0.833182 2.29575e-15 0.132146 0.00276068
9.7 0.164661 -6.51629e-15 0.835189 2.98646e-15 0.125337 0.00349381
9.8 0.162643 -6.62977e-15 0.837207 2.60615e-15 0.11856 0.00419392
9.9 0.160623 -7.00843e-15 0.839225 3.28361e-15 0.111831 0.00484907
10 0.158611 -7.26146e-15 0.841237 3.90343e-15 0.105172 0.00544639
10.1 0.156613 -7.04127e-15 0.843235 2.75056e-15 0.0986057 0.00597263
10.2 0.154638 -6.86182e-15 0.845209 1.76702e-15 0.0921551 0.00641493
10.3 0.152693 -6.63019e-15 0.847154 1.14451e-15 0.0858467 0.00676173
10.4 0.150783 -6.11446e-15 0.849064 1.20094e-16 0.0797075 0.00700379
10.5 0.148915 -5.62288e-15 0.850932 -2.03064e-16 0.0737652 0.00713503
10.6 0.147091 -5.05259e-15 0.852756 -1.2729e-15 0.0680468 0.00715272
10.7 0.145315 -4.43563e-15 0.854532 -2.04146e-15 0.0625784 0.00705775
10.8 0.143588 -3.83177e-15 0.856259 -2.90134e-15 0.057384 0.00685492
10.9 0.141911 -3.37374e-15 0.857936 -3.07672e-15 0.0524846 0.00655329
11 0.140283 -2.90396e-15 0.859563 -4.16643e-15 0.0478973 0.00616607
11.1 0.138702 -2.60135e-15 0.861144 -4.91267e-15 0.043634 0.00570992
11.2 0.137167 -2.40631e-15 0.862679 -4.92319e-15 0.0397009 0.00520417
11.3 0.135674 -2.24318e-15 0.864173 -4.70099e-15 0.0360987 0.00466927
11.4 0.134219 -2.11056e-15 0.865627 -4.5856e-15 0.0328221 0.00412645
11.5 0.1328 -2.04778e-15 0.867047 -4.17857e-15 0.0298606 0.00359664
11.6 0.131413 -2.02342e-15 0.868434 -4.38849e-15 0.0271978 0.00309944
11.7 0.130053 -2.20543e-15 0.869794 -3.87516e-15 0.024813 0.00265191
11.8 0.128719 -2.49393e-15 0.871128 -2.93689e-15 0.0226815 0.00226772
11.9 0.127406 -2.80506e-15 0.872441 -2.21577e-15 0.0207759 0.00195659
12 0.126113 -3.08306e-15 0.873734 -2.29266e-15 0.0190677 0.00172413
12.1 0.124838 -3.52494e-15 0.875009 -1.41313e-15 0.017527 0.00157218
12.2 0.123579 -3.98647e-15 0.876269 -7.83116e-16 0.0161245 0.00149859
12.3 0.122334 -4.59598e-15 0.877513 3.14941e-16 0.0148316 0.00149669
12.4 0.121104 -5.31459e-15 0.878743 1.82247e-15 0.013622 0.00155547
12.5 0.119887 -5.89288e-15 0.879961 2.42127e-15 0.0124737 0.00165974
12.6 0.118682 -6.36342e-15 0.881165 3.10321e-15 0.0113694 0.00179225
12.7 0.117491 -6.68687e-15 0.882357 3.80437e-15 0.0102973 0.00193497
12.8 0.116312 -6.8575e-15 0.883537 4.29271e-15 0.00925022 0.00207083
12.9 0.115145 -6.84515e-15 0.884704 4.69442e-15 0.00822507 0.00218422
13 0.113991 -6.68049e-15 0.885859 4.8021e-15 0.007222 0.00226121
13.1 0.112849 -6.42318e-15 0.887001 5.09287e-15 0.00624427 0.00228975
13.2 0.111719 -6.13465e-15 0.888131 5.42062e-15 0.00529831 0.00226003
13.3 0.110602 -5.72144e-15 0.889249 4.74815e-15 0.00439404 0.0021649
13.4 0.109497 -5.33483e-15 0.890354 4.28817e-15 0.00354415 0.00200121
13.5 0.108404 -4.92876e-15 0.891447 3.68391e-15 0.00276234 0.00177036
13.6 0.107323 -4.55858e-15 0.892529 3.41139e-15 0.00206202 0.0014786
13.7 0.106253 -4.244e-15 0.893599 3.25238e-15 0.00145509 0.0011365
13.8 0.105195 -3.88633e-15 0.894658 2.52261e-15 0.000950532 0.000758631
13.9 0.104147 -3.59397e-15 0.895705 2.15046e-15 0.000553533 0.000362203
14 0.103111 -3.32518e-15 0.896742 1.55367e-15 0.00026488 -3.4265e-05
14.1 0.102085 -3.09827e-15 0.897768 6.58705e-16 8.09938e-05 -0.000412436
14.2 0.101069 -2.88469e-15 0.898783 -1.72226e-16 -5.50886e-06 -0.000755193
14.3 0.100064 -2.66688e-15 0.899788 -8.97812e-16 -5.47476e-06 -0.00104726
14.4 0.0990686 -2.58307e-15 0.900784 -1.1524e-15 6.73878e-05 -0.00127622
14.5 0.0980832 -2.51937e-15 0.901769 -1.3641e-15 0.000197382 -0.00143249
14.6 0.0971076 -2.4833e-15 0.902744 -1.37216e-15 0.000367338 -0.00151018
14.7 0.0961418 -2.41439e-15 0.90371 -1.57283e-15 0.000559293 -0.00150725
14.8 0.0951854 -2.36411e-15 0.904666 -1.50711e-15 0.000755413 -0.0014251
14.9 0.0942385 -2.30726e-15 0.905613 -1.6913e-15 0.000938328 -0.00126885
15 0.093301 -2.25277e-15 0.90655 -2.3335e-15 0.00109185 -0.00104752
15.1 0.0923728 -2.26572e-15 0.907478 -2.69271e-15 0.00120205 -0.000773712
15.2 0.0914537 -2.28043e-15 0.908397 -3.15057e-15 0.00125838 -0.000463286
15.3 0.0905437 -2.28711e-15 0.909307 -3.31349e-15 0.00125452 -0.000133891
15.4 0.0896428 -2.29482e-15 0.910207 -3.328e-15 0.00118871 0.000196317
15.5 0.0887508 -2.27903e-15 0.911099 -3.34347e-15 0.00106344 0.00050992
15.6 0.0878676 -2.24872e-15 0.911982 -3.3732e-15 0.000884904 0.00079135
15.7 0.0869933 -2.20074e-15 0.912856 -3.55804e-15 0.00066215 0.00102724
15.8 0.0861276 -2.15751e-15 0.913721 -3.68217e-15 0.00040658 0.00120707
15.9 0.0852705 -2.12883e-15 0.914578 -3.7736e-15 0.000131137 0.00132337
16 0.084422 -2.08767e-15 0.915426 -3.91156e-15 -0.000150301 0.00137182
16.1 0.083582 -2.05114e-15 0.916266 -3.91681e-15 -0.000423376 0.00135146
16.2 0.0827503 -2.02873e-15 0.917097 -3.99199e-15 -0.000673849 0.00126444
16.3 0.0819268 -2.00854e-15 0.917921 -4.13607e-15 -0.000888262 0.00111626
16.4 0.0811116 -2.00546e-15 0.918736 -4.16748e-15 -0.00105463 0.000915755
16.5 0.0803045 -1.98213e-15 0.919542 -4.33997e-15 -0.00116335 0.00067471
16.6 0.0795054 -1.95571e-15 0.920341 -4.44767e-15 -0.00120788 0.000407156
16.7 0.0787143 -1.92711e-15 0.921132 -4.5155e-15 -0.00118526 0.000128485
16.8 0.0779311 -1.91071e-15 0.921915 -4.43941e-15 -0.00109621 -0.000145172
16.9 0.0771556 -1.88808e-15 0.92269 -4.55488e-15 -0.000945436 -0.000398108
17 0.0763879 -1.87066e-15 0.923457 -4.62127e-15 -0.000741254 -0.000616
17.1 0.0756278 -1.8592e-15 0.924217 -4.61924e-15 -0.000495275 -0.000787055
17.2 0.0748752 -1.84798e-15 0.924969 -4.65913e-15 -0.000221435 -0.000902553
17.3 0.0741302 -1.83226e-15 0.925714 -4.76315e-15 6.49915e-05 -0.000957374
17.4 0.0733926 -1.82025e-15 0.926451 -4.9073e-15 0.000348322 -0.000950045
17.5 0.0726623 -1.80633e-15 0.927181 -5.03687e-15 0.000613355 -0.000882588
17.6 0.0719393 -1.79085e-15 0.927904 -5.19412e-15 0.000846054 -0.000760228
17.7 0.0712234 -1.77435e-15 0.92862 -5.39463e-15 0.00103407 -0.000591145
17.8 0.0705147 -1.75406e-15 0.929328 -5.56915e-15 0.00116733 -0.000386146
17.9 0.0698131 -1.73696e-15 0.930029 -5.70488e-15 0.00123868 -0.000158172
18 0.0691184 -1.71838e-15 0.930724 -5.87129e-15 0.00124438 7.83828e-05
18.1 0.0684306 -1.70096e-15 0.931411 -6.00436e-15 0.00118439 0.000308552
18.2 0.0677497 -1.67731e-15 0.932092 -6.15654e-15 0.00106254 0.000517748
18.3 0.0670756 -1.65667e-15 0.932766 -6.28092e-15 0.000886281 0.000692649
18.4 0.0664082 -1.63683e-15 0.933433 -6.38327e-15 0.000666373 0.000822047
18.5 0.0657474 -1.62123e-15 0.934094 -6.44725e-15 0.000416143 0.000897814
18.6 0.0650932 -1.60663e-15 0.934748 -6.47748e-15 0.000150554 0.000915515
18.7 0.0644455 -1.58735e-15 0.935395 -6.5663e-15 -0.000114949 0.000874557
18.8 0.0638042 -1.56908e-15 0.936037 -6.64443e-15 -0.000365503 0.000778054
18.9 0.0631694 -1.55116e-15 0.936671 -6.72803e-15 -0.000587704 0.000632426
19 0.0625408 -1.53497e-15 0.9373 -6.75155e-15 -0.000770321 0.000446748
19.1 0.0619185 -1.51899e-15 0.937922 -6.7832e-15 -0.000904756 0.000232088
19.2 0.0613024 -1.50358e-15 0.938538 -6.79576e-15 -0.000985266 8.18535e-07
19.3 0.0606924 -1.48869e-15 0.939148 -6.80756e-15 -0.00100902 -0.000234104
19.4 0.0600885 -1.47389e-15 0.939752 -6.81668e-15 -0.000976211 -0.000459614
19.5 0.0594906 -1.45874e-15 0.940349 -6.83006e-15 -0.000890115 -0.000663195
19.6 0.0588987 -1.44384e-15 0.940941 -6.84643e-15 -0.000756756 -0.000833562
19.7 0.0583126 -1.42957e-15 0.941527 -6.85863e-15 -0.00058468 -0.000961288
19.8 0.0577324 -1.4147e-15 0.942107 -6.87987e-15 -0.000384329 -0.00103922
19.9 0.0571579 -1.40081e-15 0.942682 -6.89373e-15 -0.00016765 -0.00106301
20 0.0565892 -1.38657e-15 0.94325 -6.90154e-15 5.27548e-05 -0.00103134
