0 0 0 1 0 0 0
0.1 1.71711e-07 -2.0845e-22 0.999992 3.39342e-16 4.82699e-05 -0.000411347
0.2 7.9095e-07 -6.50046e-22 0.999991 -1.65648e-16 0.000195387 -0.000866638
0.3 2.03669e-06 -2.17723e-21 0.999991 7.67372e-17 0.000449162 -0.00135185
0.4 4.11826e-06 -1.95622e-21 0.999989 6.46096e-17 0.000814051 -0.00185288
0.5 7.27458e-06 -2.62975e-22 0.999987 5.29706e-17 0.00129125 -0.00235642
0.6 1.17731e-05 3.89475e-21 0.999983 4.40435e-17 0.001879 -0.00285084
0.7 1.79088e-05 1.27547e-20 0.999978 3.06917e-17 0.00257306 -0.00332691
0.8 2.60052e-05 2.6098e-20 0.99997 3.51969e-17 0.00336735 -0.00377846
0.9 3.64169e-05 4.73777e-20 0.99996 5.08085e-17 0.00425473 -0.00420282
1 4.95373e-05 6.45149e-20 0.999947 7.31153e-17 0.00522783 -0.00460115
1.1 6.58122e-05 8.42648e-20 0.99993 1.01384e-16 0.00627994 -0.00497844
1.2 8.57613e-05 8.98023e-20 0.99991 1.30805e-16 0.00740591 -0.00534345
1.3 0.00011001 8.22851e-20 0.999886 1.86717e-16 0.00860292 -0.00570837
1.4 0.000139336 7.50198e-20 0.999856 2.42671e-16 0.00987123 -0.0060883
1.5 0.000174721 5.19148e-20 0.99982 2.90652e-16 0.0112148 -0.00650058
1.6 0.000217431 -1.47943e-20 0.999777 3.26557e-16 0.0126414 -0.00696406
1.7 0.000269101 -5.76354e-20 0.999725 3.61528e-16 0.0141635 -0.00749818
1.8 0.000331834 -2.20681e-19 0.999662 3.90927e-16 0.0157975 -0.0081221
1.9 0.000408322 -5.34452e-19 0.999586 4.1433e-16 0.0175639 -0.00885382
2 0.000501964 -9.05007e-19 0.999492 4.22777e-16 0.019487 -0.0097093
2.1 0.000617002 -1.28149e-18 0.999377 4.1501e-16 0.0215941 -0.0107017
2.2 0.000758645 -1.65362e-18 0.999235 4.00475e-16 0.0239148 -0.0118409
2.3 0.000933195 -2.09283e-18 0.99906 3.82747e-16 0.0264802 -0.0131327
2.4 0.00114816 -2.74852e-18 0.998844 3.64033e-16 0.0293219 -0.0145789
2.5 0.00141232 -3.75791e-18 0.998579 3.28543e-16 0.032471 -0.0161766
2.6 0.00173583 -4.9006e-18 0.998256 3.00923e-16 0.0359569 -0.0179189
2.7 0.0021302 -5.04433e-18 0.997861 2.76812e-16 0.0398067 -0.0197948
2.8 0.00260829 -4.67469e-18 0.997382 2.5725e-16 0.0440438 -0.0217893
2.9 0.00318426 -3.27693e-18 0.996806 2.3545e-16 0.0486877 -0.0238841
3 0.00387344 -9.33575e-19 0.996116 2.06363e-16 0.0537525 -0.0260585
3.1 0.00469214 1.83834e-18 0.995297 1.98195e-16 0.0592473 -0.0282891
3.2 0.00565749 7.78688e-18 0.994331 1.71412e-16 0.0651749 -0.0305514
3.3 0.00678711 1.42089e-17 0.993201 1.50325e-16 0.0715322 -0.0328197
3.4 0.00809881 2.23778e-17 0.991889 1.23609e-16 0.0783095 -0.0350683
3.5 0.00961026 3.15408e-17 0.990377 9.52927e-17 0.0854913 -0.0372714
3.6 0.0113386 4.12899e-17 0.988649 6.62537e-17 0.0930557 -0.0394042
3.7 0.0132998 4.88884e-17 0.986687 2.89568e-17 0.100975 -0.0414428
3.8 0.0155088 5.87615e-17 0.984478 2.86082e-18 0.109216 -0.0433648
3.9 0.0179782 6.47401e-17 0.982009 -1.00159e-17 0.117741 -0.0451492
4 0.0207187 6.39826e-17 0.979269 -2.21619e-17 0.126507 -0.0467769
4.1 0.0237379 5.60345e-17 0.976249 -9.08949e-18 0.135467 -0.0482304
4.2 0.0270403 4.3998e-17 0.972947 5.71148e-18 0.144571 -0.0494945
4.3 0.0306268 2.98011e-17 0.969361 1.52206e-17 0.153764 -0.0505555
4.4 0.0344941 1.15992e-17 0.965494 5.14902e-17 0.16299 -0.0514024
4.5 0.0386351 -5.61873e-18 0.961353 8.59421e-17 0.172192 -0.0520265
4.6 0.0430377 -2.6702e-17 0.95695 1.39285e-16 0.181309 -0.0524215
4.7 0.0476855 -4.60791e-17 0.952303 1.76703e-16 0.190282 -0.0525847
4.8 0.0525577 -6.74365e-17 0.94743 2.15866e-16 0.199051 -0.0525163
4.9 0.0576291 -9.64815e-17 0.942359 2.49655e-16 0.207557 -0.0522205
5 0.0628709 -1.2105e-16 0.937116 2.8009e-16 0.215745 -0.0517052
5.1 0.0682507 -1.27338e-16 0.931736 2.91438e-16 0.223562 -0.0509828
5.2 0.073734 -1.38813e-16 0.926253 2.81642e-16 0.230961 -0.0500698
5.3 0.0792843 -1.34288e-16 0.920702 2.89754e-16 0.237899 -0.0489868
5.4 0.084865 -1.1883e-16 0.91512 3.12404e-16 0.244342 -0.0477581
5.5 0.0904397 -8.62919e-17 0.909545 2.8248e-16 0.250262 -0.0464111
5.6 0.0959739 -5.51013e-17 0.90401 2.5378e-16 0.25564 -0.0449752
5.7 0.101435 -1.81352e-17 0.898548 2.23296e-16 0.260465 -0.0434808
5.8 0.106796 3.91808e-17 0.893187 1.72423e-16 0.264736 -0.0419576
5.9 0.11203 8.97631e-17 0.887953 1.14544e-16 0.26846 -0.040433
6 0.117118 1.71846e-16 0.882864 5.04865e-17 0.271652 -0.0389306
6.1 0.122042 2.32541e-16 0.877939 -4.21037e-18 0.274332 -0.0374687
6.2 0.12679 2.8989e-16 0.87319 -8.74989e-17 0.276528 -0.036059
6.3 0.131351 3.73302e-16 0.868629 -1.62784e-16 0.278269 -0.0347059
6.4 0.135715 4.38026e-16 0.864264 -1.87087e-16 0.279587 -0.0334062
6.5 0.139875 4.79268e-16 0.860103 -1.84802e-16 0.280511 -0.0321494
6.6 0.143819 4.95008e-16 0.856158 -1.60661e-16 0.281071 -0.030919
6.7 0.147537 5.49137e-16 0.852439 -2.00081e-16 0.281289 -0.0296939
6.8 0.151015 6.1945e-16 0.84896 -2.45974e-16 0.281184 -0.0284502
6.9 0.154237 6.93088e-16 0.845737 -2.87349e-16 0.280768 -0.0271641
7 0.157183 7.33843e-16 0.84279 -3.01424e-16 0.280048 -0.0258137
7.1 0.159833 8.06026e-16 0.840139 -3.61379e-16 0.279023 -0.0243815
7.2 0.162166 8.87455e-16 0.837805 -4.38061e-16 0.27769 -0.0228562
7.3 0.164163 9.65933e-16 0.835808 -5.09559e-16 0.27604 -0.0212335
7.4 0.165805 1.06523e-15 0.834165 -5.9079e-16 0.274064 -0.0195166
7.5 0.16708 1.15126e-15 0.832889 -6.71053e-16 0.271752 -0.0177161
7.6 0.167979 1.22958e-15 0.83199 -7.14074e-16 0.269096 -0.0158483
7.7 0.168499 1.33464e-15 0.831468 -8.1028e-16 0.266089 -0.0139343
7.8 0.168646 1.42868e-15 0.831321 -9.08825e-16 0.262728 -0.0119983
7.9 0.168429 1.50058e-15 0.831537 -9.7663e-16 0.259013 -0.0100658
8 0.167866 1.54981e-15 0.832099 -1.03572e-15 0.254948 -0.00816188
8.1 0.166979 1.56503e-15 0.832986 -1.03859e-15 0.250541 -0.0063098
8.2 0.165794 1.58881e-15 0.83417 -1.07012e-15 0.245804 -0.00452935
8.3 0.164341 1.62613e-15 0.835622 -1.11442e-15 0.240753 -0.00283627
8.4 0.162652 1.66168e-15 0.837311 -1.1624e-15 0.235402 -0.00124164
8.5 0.160758 1.68599e-15 0.839203 -1.19182e-15 0.229772 0.000247922
8.6 0.158692 1.69179e-15 0.841268 -1.18694e-15 0.22388 0.0016298
8.7 0.156485 1.67135e-15 0.843474 -1.15387e-15 0.217746 0.0029046
8.8 0.154165 1.6517e-15 0.845793 -1.12779e-15 0.211387 0.0040752
8.9 0.151761 1.58889e-15 0.848197 -1.06129e-15 0.204823 0.00514577
9 0.149295 1.5111e-15 0.850661 -9.76152e-16 0.198069 0.0061208
9.1 0.146792 1.4575e-15 0.853163 -9.09514e-16 0.191144 0.0070042
9.2 0.144271 1.43382e-15 0.855683 -8.61288e-16 0.184065 0.00779861
9.3 0.141749 1.44634e-15 0.858203 -8.47346e-16 0.176848 0.00850499
9.4 0.139245 1.50735e-15 0.860707 -8.70471e-16 0.169512 0.00912226
9.5 0.136772 1.58246e-15 0.863179 -9.08111e-16 0.162075 0.00964693
9.6 0.134343 1.64715e-15 0.865607 -9.30114e-16 0.15456 0.0100733
9.7 0.13197 1.71229e-15 0.867979 -9.58082e-16 0.14699 0.0103939
9.8 0.129663 1.77409e-15 0.870285 -9.92084e-16 0.13939 0.0106001
9.9 0.127432 1.81931e-15 0.872516 -1.01622e-15 0.131789 0.0106827
10 0.125283 1.84176e-15 0.874664 -1.03044e-15 0.124219 0.0106328
10.1 0.123223 1.84264e-15 0.876724 -1.02691e-15 0.116714 0.010443
10.2 0.121257 1.82874e-15 0.87869 -1.01609e-15 0.10931 0.0101075
10.3 0.119386 1.80217e-15 0.88056 -1.00057e-15 0.102044 0.00962371
10.4 0.117612 1.76516e-15 0.882334 -9.86466e-16 0.0949549 0.00899281
10.5 0.115935 1.7228e-15 0.88401 -9.66584e-16 0.0880797 0.00822
10.6 0.114352 1.67832e-15 0.885593 -9.41676e-16 0.0814541 0.00731477
10.7 0.112859 1.63936e-15 0.887085 -9.19726e-16 0.0751108 0.00629072
10.8 0.111452 1.60836e-15 0.888492 -8.9832e-16 0.0690792 0.00516528
10.9 0.110124 1.58391e-15 0.889819 -8.78968e-16 0.0633838 0.00395936
11 0.108869 1.56821e-15 0.891074 -8.58226e-16 0.0580445 0.00269695
11.1 0.107678 1.55755e-15 0.892264 -8.31006e-16 0.0530751 0.00140459
11.2 0.106545 1.54681e-15 0.893397 -7.97183e-16 0.0484831 0.000110486
11.3 0.105461 1.53183e-15 0.89448 -7.55245e-16 0.0442693 -0.00115622
11.4 0.104418 1.51549e-15 0.895522 -7.09465e-16 0.0404273 -0.00236676
11.5 0.10341 1.49269e-15 0.89653 -6.56767e-16 0.036944 -0.00349415
11.6 0.10243 1.46049e-15 0.89751 -5.99224e-16 0.0337999 -0.00451412
11.7 0.101471 1.42308e-15 0.898469 -5.24669e-16 0.0309703 -0.00540634
11.8 0.100529 1.38599e-15 0.899411 -4.57374e-16 0.0284262 -0.00615512
11.9 0.099599 1.35287e-15 0.900341 -3.96948e-16 0.0261353 -0.0067503
12 0.098678 1.32648e-15 0.901261 -3.4221e-16 0.0240634 -0.0071874
12.1 0.0977634 1.30578e-15 0.902176 -2.90596e-16 0.0221764 -0.00746749
12.2 0.0968532 1.28953e-15 0.903086 -2.5057e-16 0.0204403 -0.00759694
12.3 0.0959462 1.27739e-15 0.903992 -2.26829e-16 0.0188233 -0.00758725
12.4 0.095042 1.26728e-15 0.904896 -2.26591e-16 0.0172962 -0.00745457
12.5 0.0941402 1.26094e-15 0.905798 -2.4532e-16 0.015834 -0.00721907
12.6 0.093241 1.25709e-15 0.906697 -2.89176e-16 0.0144164 -0.00690383
12.7 0.092345 1.25324e-15 0.907593 -3.31069e-16 0.0130286 -0.00653375
12.8 0.0914526 1.25027e-15 0.908485 -3.85003e-16 0.0116617 -0.00613427
12.9 0.0905646 1.24827e-15 0.909373 -4.4102e-16 0.0103125 -0.00572987
13 0.0896815 1.24533e-15 0.910256 -4.89612e-16 0.0089831 -0.00534291
13.1 0.088804 1.24156e-15 0.911133 -5.25956e-16 0.00768023 -0.00499264
13.2 0.0879327 1.23931e-15 0.912005 -5.52601e-16 0.00641435 -0.00469439
13.3 0.0870679 1.2342e-15 0.912869 -5.68406e-16 0.00519845 -0.00445889
13.4 0.0862101 1.22636e-15 0.913727 -5.72819e-16 0.00404753 -0.00429195
13.5 0.0853596 1.21827e-15 0.914578 -5.7539e-16 0.00297682 -0.00419438
13.6 0.0845165 1.20764e-15 0.915421 -5.73612e-16 0.0020008 -0.00416219
13.7 0.083681 1.19537e-15 0.916256 -5.63423e-16 0.00113228 -0.00418705
13.8 0.0828531 1.18469e-15 0.917084 -5.42768e-16 0.000381611 -0.00425684
13.9 0.0820329 1.17018e-15 0.917904 -5.07832e-16 -0.000244109 -0.00435624
14 0.0812204 1.15897e-15 0.918717 -4.654e-16 -0.000741886 -0.00446766
14.1 0.0804156 1.14671e-15 0.919522 -4.176e-16 -0.0011131 -0.00457231
14.2 0.0796184 1.13421e-15 0.920319 -3.7491e-16 -0.00136367 -0.00465156
14.3 0.0788287 1.12079e-15 0.921108 -3.30797e-16 -0.00150386 -0.00468808
14.4 0.0780466 1.10662e-15 0.92189 -2.77112e-16 -0.00154769 -0.00466674
14.5 0.0772719 1.09268e-15 0.922665 -2.36004e-16 -0.00151241 -0.00457537
14.6 0.0765046 1.07865e-15 0.923432 -1.87615e-16 -0.00141773 -0.00440563
14.7 0.0757446 1.06516e-15 0.924192 -1.4788e-16 -0.00128473 -0.0041536
14.8 0.074992 1.05263e-15 0.924945 -1.22696e-16 -0.0011347 -0.00381973
14.9 0.0742466 1.04031e-15 0.92569 -1.00126e-16 -0.0009882 -0.00340889
15 0.0735084 1.0284e-15 0.926429 -7.82978e-17 -0.00086411 -0.00292988
15.1 0.0727774 1.01668e-15 0.92716 -6.07524e-17 -0.000779142 -0.00239521
15.2 0.0720536 1.00538e-15 0.927884 -4.77364e-17 -0.00074675 -0.00182056
15.3 0.0713368 9.94962e-16 0.9286 -3.45853e-17 -0.000776405 -0.00122398
15.4 0.0706271 9.85532e-16 0.92931 -1.82821e-17 -0.00087328 -0.000625026
15.5 0.0699243 9.74624e-16 0.930013 1.76115e-18 -0.00103766 -4.36579e-05
15.6 0.0692284 9.64378e-16 0.930709 2.10757e-17 -0.00126519 0.000501018
15.7 0.0685394 9.55106e-16 0.931398 5.1e-17 -0.00154715 0.000992063
15.8 0.0678572 9.47109e-16 0.93208 9.45898e-17 -0.00187161 0.00141553
15.9 0.0671818 9.3787e-16 0.932755 1.36684e-16 -0.00222404 0.00176059
16 0.0665132 9.28621e-16 0.933423 1.85055e-16 -0.002588 0.00202052
16.1 0.0658512 9.19496e-16 0.934085 2.29586e-16 -0.00294601 0.00219225
16.2 0.0651959 9.09484e-16 0.93474 2.74295e-16 -0.00328059 0.00227687
16.3 0.0645472 8.99171e-16 0.935389 3.16321e-16 -0.00357489 0.0022795
16.4 0.063905 8.90032e-16 0.936032 3.41348e-16 -0.00381369 0.00220919
16.5 0.0632692 8.81221e-16 0.936667 3.60677e-16 -0.00398414 0.00207847
16.6 0.0626398 8.72591e-16 0.937297 3.70579e-16 -0.00407672 0.00190265
16.7 0.0620166 8.64423e-16 0.93792 3.71021e-16 -0.00408593 0.00169912
16.8 0.0613996 8.57332e-16 0.938538 3.67868e-16 -0.00401049 0.00148596
16.9 0.0607888 8.51206e-16 0.939148 3.55789e-16 -0.00385356 0.00128108
17 0.0601839 8.4563e-16 0.939753 3.38811e-16 -0.00362224 0.00110091
17.1 0.0595851 8.41068e-16 0.940352 3.10087e-16 -0.00332699 0.000959817
17.2 0.0589922 8.36426e-16 0.940945 2.70044e-16 -0.00298114 0.00086947
17.3 0.0584052 8.31645e-16 0.941532 2.25201e-16 -0.0025999 0.000838356
17.4 0.057824 8.27335e-16 0.942113 1.79049e-16 -0.00220015 0.000871266
17.5 0.0572487 8.22469e-16 0.942689 1.41107e-16 -0.00179931 0.000969332
17.6 0.056679 8.17088e-16 0.943258 1.11159e-16 -0.00141445 0.00112971
17.7 0.056115 8.11191e-16 0.943822 8.89065e-17 -0.00106156 0.00134591
17.8 0.0555567 8.04966e-16 0.944381 7.61027e-17 -0.00075454 0.00160796
17.9 0.0550039 7.97664e-16 0.944933 6.74054e-17 -0.000504604 0.00190311
18 0.0544565 7.89832e-16 0.945481 7.38838e-17 -0.000319443 0.00221641
18.1 0.0539147 7.80703e-16 0.946023 9.44311e-17 -0.000203135 0.00253175
18.2 0.0533782 7.70775e-16 0.946559 1.21472e-16 -0.000155593 0.00283285
18.3 0.0528471 7.60811e-16 0.94709 1.46192e-16 -0.000173272 0.003104
18.4 0.0523213 7.50884e-16 0.947616 1.67251e-16 -0.000249089 0.00333094
18.5 0.0518007 7.41435e-16 0.948137 1.85998e-16 -0.000372955 0.00350152
18.6 0.0512852 7.31964e-16 0.948652 2.04153e-16 -0.000532194 0.00360639
18.7 0.050775 7.23401e-16 0.949162 2.17449e-16 -0.000712087 0.00363939
18.8 0.0502697 7.1566e-16 0.949668 2.28062e-16 -0.000897023 0.0035982
18.9 0.0497696 7.07572e-16 0.950168 2.38195e-16 -0.00107139 0.00348422
19 0.0492744 7.00006e-16 0.950663 2.56067e-16 -0.00122032 0.00330246
19.1 0.0487841 6.92372e-16 0.951153 2.76868e-16 -0.00133071 0.00306129
19.2 0.0482987 6.84734e-16 0.951639 3.01985e-16 -0.00139164 0.00277176
19.3 0.0478181 6.76534e-16 0.952119 3.38576e-16 -0.00139497 0.00244705
19.4 0.0473423 6.68385e-16 0.952595 3.78273e-16 -0.0013358 0.00210194
19.5 0.0468712 6.60837e-16 0.953066 4.12266e-16 -0.00121258 0.00175173
19.6 0.0464049 6.53365e-16 0.953533 4.40461e-16 -0.00102718 0.00141186
19.7 0.0459431 6.46104e-16 0.953994 4.64286e-16 -0.000784853 0.00109706
19.8 0.045486 6.38992e-16 0.954451 4.81701e-16 -0.000493885 0.000820425
19.9 0.0450334 6.32326e-16 0.954904 4.95185e-16 -0.00016517 0.000592829
20 0.0445853 6.2602e-16 0.955352 5.00826e-16 0.000188143 0.000422189
