0 0 0 1 0 0 0
0.1 1.71707e-07 2.32959e-21 0.999967 1.14621e-14 4.8262e-05 -0.000411157
0.2 7.90759e-07 1.02431e-20 0.999964 1.0991e-14 0.000195242 -0.000865703
0.3 2.03548e-06 2.57761e-20 0.999959 1.04428e-14 0.000448466 -0.00134926
0.4 4.1138e-06 4.90282e-20 0.999953 1.05133e-14 0.000811946 -0.00184743
0.5 7.26236e-06 9.25056e-20 0.999945 1.01751e-14 0.00128629 -0.00234674
0.6 1.17452e-05 1.43195e-19 0.999936 1.10459e-14 0.00186906 -0.00283554
0.7 1.7853e-05 2.32478e-19 0.999925 1.08215e-14 0.00255526 -0.00330479
0.8 2.59038e-05 3.77677e-19 0.999912 1.04037e-14 0.00333807 -0.00374871
0.9 3.62469e-05 5.46869e-19 0.999898 1.04285e-14 0.00420965 -0.00416524
1 4.92711e-05 7.81323e-19 0.999881 1.0587e-14 0.00516208 -0.00455631
1.1 6.54196e-05 1.08092e-18 0.999862 1.17806e-14 0.00618823 -0.00492788
1.2 8.52143e-05 1.48502e-18 0.999841 1.23479e-14 0.00728276 -0.00528976
1.3 0.00010929 2.05665e-18 0.999816 1.30697e-14 0.00844291 -0.00565522
1.4 0.000138443 2.94676e-18 0.999786 1.18603e-14 0.00966922 -0.00604043
1.5 0.00017369 3.52599e-18 0.999751 1.23991e-14 0.0109661 -0.00646368
1.6 0.000216348 4.37729e-18 0.999709 1.12393e-14 0.0123423 -0.00694461
1.7 0.000268124 4.82168e-18 0.999657 1.14515e-14 0.0138109 -0.0075032
1.8 0.000331224 5.39451e-18 0.999595 1.15967e-14 0.0153893 -0.00815892
1.9 0.000408465 7.10279e-18 0.999517 1.07231e-14 0.017099 -0.00892976
2 0.000503409 8.96114e-18 0.999422 1.03023e-14 0.0189652 -0.0098314
2.1 0.000620492 1.12273e-17 0.999304 1.06283e-14 0.0210161 -0.0108764
2.2 0.000765149 1.45038e-17 0.999158 1.08025e-14 0.0232817 -0.0120738
2.3 0.000943944 1.72881e-17 0.998977 1.15244e-14 0.0257934 -0.0134283
2.4 0.00116467 2.1758e-17 0.998754 1.10755e-14 0.0285826 -0.0149405
2.5 0.00143643 2.6685e-17 0.99848 1.0388e-14 0.03168 -0.0166065
2.6 0.00176972 3.62939e-17 0.998146 7.9887e-15 0.0351141 -0.018418
2.7 0.00217639 4.14867e-17 0.997738 8.39103e-15 0.0389105 -0.0203631
2.8 0.00266969 5.15799e-17 0.997243 7.99662e-15 0.043091 -0.0224261
2.9 0.00326417 7.21533e-17 0.996648 6.56763e-15 0.0476731 -0.0245887
3 0.00397558 1.02893e-16 0.995936 4.7147e-15 0.0526689 -0.02683
3.1 0.00482072 1.33311e-16 0.99509 3.98967e-15 0.0580851 -0.0291274
3.2 0.00581724 1.63414e-16 0.994093 4.73202e-15 0.0639226 -0.0314573
3.3 0.00698338 2.10699e-16 0.992928 4.61784e-15 0.0701762 -0.0337958
3.4 0.0083377 2.57402e-16 0.991574 4.38996e-15 0.0768347 -0.0361188
3.5 0.00989877 3.12203e-16 0.990014 3.65839e-15 0.0838812 -0.038403
3.6 0.0116848 3.34387e-16 0.988228 5.09378e-15 0.0912931 -0.040626
3.7 0.0137132 3.22978e-16 0.9862 7.13551e-15 0.0990425 -0.0427665
3.8 0.0160004 3.1656e-16 0.983913 8.1642e-15 0.107097 -0.0448048
3.9 0.0185612 2.94071e-16 0.981352 8.78172e-15 0.115418 -0.0467223
4 0.0214084 2.81955e-16 0.978505 9.41166e-15 0.123966 -0.0485023
4.1 0.0245523 2.42549e-16 0.975361 1.10106e-14 0.132696 -0.050129
4.2 0.0280007 2.2646e-16 0.971912 1.30768e-14 0.14156 -0.0515879
4.3 0.0317576 3.19346e-16 0.968155 1.25613e-14 0.150508 -0.0528653
4.4 0.0358237 4.18517e-16 0.964089 1.25461e-14 0.159486 -0.0539488
4.5 0.0401952 5.50682e-16 0.959718 1.21701e-14 0.16844 -0.0548268
4.6 0.0448639 6.44821e-16 0.955049 1.37312e-14 0.177314 -0.0554895
4.7 0.0498167 8.45402e-16 0.950096 1.3079e-14 0.186049 -0.0559287
4.8 0.0550359 1.07423e-15 0.944877 1.3042e-14 0.194588 -0.0561384
4.9 0.0604983 1.4713e-15 0.939414 1.13642e-14 0.202872 -0.0561156
5 0.0661763 1.81995e-15 0.933736 1.12412e-14 0.210844 -0.0558605
5.1 0.0720378 2.14701e-15 0.927875 1.1128e-14 0.21845 -0.0553776
5.2 0.0780469 2.6163e-15 0.921865 1.03527e-14 0.225639 -0.0546754
5.3 0.0841644 3.18656e-15 0.915748 8.02004e-15 0.232366 -0.0537672
5.4 0.0903494 3.54967e-15 0.909563 7.22185e-15 0.238589 -0.0526706
5.5 0.0965598 3.46378e-15 0.903353 9.13583e-15 0.244277 -0.0514076
5.6 0.102754 3.49557e-15 0.897158 8.99259e-15 0.249404 -0.0500035
5.7 0.108891 3.09951e-15 0.891021 1.03228e-14 0.253952 -0.0484872
5.8 0.114934 2.36841e-15 0.884978 1.19413e-14 0.257914 -0.0468892
5.9 0.120848 1.82212e-15 0.879063 1.27115e-14 0.26129 -0.0452401
6 0.126605 1.111e-15 0.873306 1.35867e-14 0.264091 -0.0435695
6.1 0.132178 2.23076e-16 0.867732 1.48295e-14 0.266333 -0.0419036
6.2 0.137547 -4.51985e-16 0.862362 1.58419e-14 0.268041 -0.0402644
6.3 0.142697 -6.82455e-16 0.857211 1.58589e-14 0.269244 -0.0386675
6.4 0.147615 -7.74056e-16 0.852293 1.64273e-14 0.269974 -0.0371221
6.5 0.152291 -6.35999e-16 0.847616 1.71304e-14 0.270264 -0.0356306
6.6 0.156717 1.34851e-16 0.843188 1.65331e-14 0.270147 -0.0341885
6.7 0.160886 1.52282e-15 0.839018 1.44675e-14 0.269652 -0.032786
6.8 0.164789 3.62886e-15 0.835114 1.00447e-14 0.268805 -0.0314087
6.9 0.168419 5.36249e-15 0.831484 7.42248e-15 0.267626 -0.0300398
7 0.171764 7.04208e-15 0.828137 4.48536e-15 0.266129 -0.0286619
7.1 0.174814 8.39566e-15 0.825087 1.55935e-15 0.264324 -0.0272592
7.2 0.177557 8.78779e-15 0.822342 -3.46134e-16 0.262214 -0.0258191
7.3 0.179981 8.53278e-15 0.819917 -1.75423e-15 0.259798 -0.0243338
7.4 0.182076 7.489e-15 0.81782 -2.54265e-15 0.257071 -0.0228012
7.5 0.183836 5.53009e-15 0.816059 -1.54368e-15 0.254027 -0.0212254
7.6 0.185255 3.34156e-15 0.814638 3.94342e-16 0.250661 -0.0196166
7.7 0.186334 9.98391e-16 0.813557 3.21826e-15 0.246968 -0.0179903
7.8 0.187079 -1.3776e-15 0.812811 7.56248e-15 0.242949 -0.0163653
7.9 0.187499 -2.86468e-15 0.812389 9.51131e-15 0.238607 -0.0147618
8 0.187611 -3.63326e-15 0.812276 1.04862e-14 0.233952 -0.0131994
8.1 0.187433 -4.64484e-15 0.812453 1.37169e-14 0.228994 -0.0116959
8.2 0.186988 -4.61118e-15 0.812897 1.42807e-14 0.22375 -0.0102662
8.3 0.186301 -4.12652e-15 0.813583 1.47287e-14 0.218241 -0.00892163
8.4 0.185398 -3.29995e-15 0.814484 1.50861e-14 0.212488 -0.00766895
8.5 0.184305 -2.1814e-15 0.815576 1.45563e-14 0.206516 -0.00651005
8.6 0.183048 -5.49929e-16 0.816832 1.347e-14 0.200351 -0.00544204
8.7 0.181651 1.21593e-15 0.818229 1.35378e-14 0.194019 -0.004458
8.8 0.180134 3.86917e-15 0.819745 1.01222e-14 0.187544 -0.00354816
8.9 0.178517 6.03576e-15 0.82136 8.82625e-15 0.180949 -0.00270113
9 0.176818 8.18923e-15 0.823059 7.58569e-15 0.174256 -0.0019048
9.1 0.175049 1.02868e-14 0.824826 5.8775e-15 0.167484 -0.00114739
9.2 0.173225 1.1904e-14 0.82665 4.46569e-15 0.160651 -0.000418312
9.3 0.171355 1.28974e-14 0.828519 4.01634e-15 0.153775 0.000290988
9.4 0.169448 1.31749e-14 0.830425 3.81531e-15 0.146869 0.000985946
9.5 0.167513 1.25135e-14 0.83236 5.81386e-15 0.139949 0.00166822
9.6 0.165559 1.14374e-14 0.834314 7.45797e-15 0.133028 0.00233596
9.7 0.163592 9.99923e-15 0.836281 8.69789e-15 0.126122 0.00298389
9.8 0.161619 7.82784e-15 0.838253 1.00734e-14 0.119248 0.00360381
9.9 0.159649 4.33688e-15 0.840223 1.3641e-14 0.112425 0.00418511
10 0.157688 6.35019e-16 0.842183 1.69391e-14 0.105674 0.00471572
10.1 0.155743 -3.30475e-15 0.844128 2.13928e-14 0.0990173 0.00518301
10.2 0.153821 -6.4976e-15 0.846049 2.2932e-14 0.0924807 0.00557473
10.3 0.151928 -8.86759e-15 0.847942 2.36295e-14 0.0860912 0.00587979
10.4 0.150069 -1.04938e-14 0.8498 2.37328e-14 0.0798773 0.00608954
10.5 0.14825 -1.11866e-14 0.851619 2.29954e-14 0.0738679 0.00619878
10.6 0.146473 -1.11738e-14 0.853396 2.19412e-14 0.0680909 0.00620625
10.7 0.144741 -1.08794e-14 0.855128 2.13695e-14 0.0625723 0.00611446
10.8 0.143055 -1.04691e-14 0.856814 2.13367e-14 0.0573349 0.00592985
10.9 0.141415 -9.51466e-15 0.858454 1.98649e-14 0.052398 0.00566204
11 0.13982 -8.09e-15 0.860049 1.81461e-14 0.0477768 0.00532346
11.1 0.138269 -6.23645e-15 0.8616 1.60082e-14 0.0434821 0.00492907
11.2 0.136759 -4.55557e-15 0.86311 1.53245e-14 0.0395199 0.00449571
11.3 0.135287 -2.87643e-15 0.864582 1.32874e-14 0.035891 0.00404145
11.4 0.133851 -2.08655e-15 0.866018 1.21091e-14 0.0325915 0.00358616
11.5 0.132447 -1.74385e-15 0.867422 1.04748e-14 0.0296109 0.00314948
11.6 0.131071 -2.00455e-15 0.868798 9.2503e-15 0.0269338 0.00274944
11.7 0.129721 -2.73057e-15 0.870148 9.40141e-15 0.0245393 0.00240147
11.8 0.128394 -3.53466e-15 0.871475 9.5372e-15 0.0224032 0.00211786
11.9 0.127087 -4.39241e-15 0.872782 1.0238e-14 0.0204981 0.00190737
12 0.125799 -5.26472e-15 0.874071 1.07295e-14 0.0187945 0.00177447
12.1 0.124526 -5.95383e-15 0.875343 1.03312e-14 0.017262 0.00171943
12.2 0.123269 -6.3452e-15 0.8766 9.21104e-15 0.0158709 0.00173776
12.3 0.122026 -6.51902e-15 0.877843 7.60589e-15 0.0145928 0.00182084
12.4 0.120797 -6.60899e-15 0.879072 5.13468e-15 0.0134019 0.00195612
12.5 0.11958 -6.4747e-15 0.880289 2.2655e-15 0.0122767 0.00212786
12.6 0.118376 -6.4836e-15 0.881493 4.42055e-16 0.0112003 0.00231876
12.7 0.117185 -6.58246e-15 0.882684 -1.12294e-15 0.0101605 0.00251125
12.8 0.116006 -6.7029e-15 0.883863 -1.81392e-15 0.00914922 0.00268826
12.9 0.11484 -6.78003e-15 0.885029 -1.79307e-15 0.00816216 0.0028341
13 0.113687 -6.71577e-15 0.886183 -1.52788e-15 0.00719866 0.00293442
13.1 0.112546 -6.61725e-15 0.887324 -8.67438e-16 0.00626137 0.00297693
13.2 0.111418 -6.41098e-15 0.888453 -8.57245e-16 0.0053564 0.00295147
13.3 0.110302 -6.45114e-15 0.889569 9.82275e-16 0.00449314 0.00285149
13.4 0.109199 -6.68216e-15 0.890672 3.23944e-15 0.00368321 0.00267453
13.5 0.108108 -7.08957e-15 0.891764 5.11393e-15 0.00293908 0.0024231
13.6 0.107028 -7.68029e-15 0.892843 5.91677e-15 0.00227242 0.00210468
13.7 0.105961 -8.30984e-15 0.893911 6.39571e-15 0.00169259 0.00173052
13.8 0.104904 -8.71031e-15 0.894967 6.25337e-15 0.00120616 0.00131401
13.9 0.103859 -9.01312e-15 0.896012 5.77271e-15 0.00081771 0.000870034
14 0.102825 -9.15053e-15 0.897046 5.18189e-15 0.000529582 0.000415256
14.1 0.101802 -9.15253e-15 0.89807 5.18691e-15 0.000340544 -3.22789e-05
14.2 0.100789 -9.2507e-15 0.899083 7.25143e-15 0.00024553 -0.000454243
14.3 0.0997864 -9.07505e-15 0.900085 8.55888e-15 0.000235272 -0.000833606
14.4 0.0987939 -8.62508e-15 0.901078 9.53592e-15 0.000297101 -0.00115567
14.5 0.0978113 -8.2527e-15 0.90206 1.1809e-14 0.000415613 -0.00140909
14.6 0.0968385 -8.06736e-15 0.903033 1.41577e-14 0.000574159 -0.00158618
14.7 0.0958754 -7.96115e-15 0.903996 1.73071e-14 0.000755423 -0.00168306
14.8 0.0949218 -7.96413e-15 0.90495 1.98337e-14 0.000942216 -0.00169946
14.9 0.0939776 -7.93847e-15 0.905894 2.17124e-14 0.00111817 -0.00163869
15 0.0930427 -7.97356e-15 0.906828 2.31873e-14 0.00126837 -0.00150698
15.1 0.0921171 -8.02913e-15 0.907754 2.37027e-14 0.0013793 -0.00131351
15.2 0.0912007 -8.15712e-15 0.90867 2.30105e-14 0.00143951 -0.00107053
15.3 0.0902933 -8.40202e-15 0.909577 2.26603e-14 0.00144058 -0.000793236
15.4 0.0893949 -8.49798e-15 0.910475 2.14947e-14 0.00137822 -0.000498929
15.5 0.0885054 -8.48538e-15 0.911365 1.97405e-14 0.00125296 -0.000205544
15.6 0.0876248 -8.46266e-15 0.912245 1.84686e-14 0.00107013 7.00801e-05
15.7 0.0867529 -8.48227e-15 0.913117 1.72291e-14 0.000838722 0.000313785
15.8 0.0858896 -8.45733e-15 0.91398 1.54983e-14 0.000570256 0.000514185
15.9 0.0850349 -8.43438e-15 0.914835 1.35612e-14 0.000277771 0.000663005
16 0.0841887 -8.37625e-15 0.91568 1.21241e-14 -2.45582e-05 0.000754772
16.1 0.083351 -8.35808e-15 0.916518 1.13796e-14 -0.000321569 0.00078747
16.2 0.0825216 -8.37556e-15 0.917347 1.05087e-14 -0.00059843 0.000762779
16.3 0.0817004 -8.38769e-15 0.918168 9.4795e-15 -0.000841669 0.00068578
16.4 0.0808875 -8.34752e-15 0.918981 8.15111e-15 -0.00103992 0.000564365
16.5 0.0800826 -8.29688e-15 0.919786 8.03518e-15 -0.00118439 0.000408707
16.6 0.0792858 -8.24305e-15 0.920583 7.91854e-15 -0.00126927 0.000230322
16.7 0.0784969 -8.18804e-15 0.921372 8.05672e-15 -0.00129175 4.1741e-05
16.8 0.0777158 -8.11409e-15 0.922153 8.39258e-15 -0.00125205 -0.000144477
16.9 0.0769425 -8.00575e-15 0.922926 8.47047e-15 -0.00115323 -0.000316111
17 0.0761769 -7.89351e-15 0.923692 8.60042e-15 -0.00100112 -0.000461747
17.1 0.0754189 -7.80425e-15 0.924449 8.69511e-15 -0.0008043 -0.000571159
17.2 0.0746685 -7.76222e-15 0.9252 8.79229e-15 -0.000573862 -0.000636133
17.3 0.0739255 -7.71089e-15 0.925942 8.61146e-15 -0.000322814 -0.000651332
17.4 0.0731899 -7.63482e-15 0.926677 8.64592e-15 -6.5031e-05 -0.000614534
17.5 0.0724616 -7.55655e-15 0.927405 8.60806e-15 0.000185311 -0.000526819
17.6 0.0717406 -7.48577e-15 0.928126 8.64165e-15 0.000414728 -0.000392582
17.7 0.0710268 -7.41297e-15 0.92884 8.61487e-15 0.000611252 -0.000219057
17.8 0.07032 -7.34435e-15 0.929547 8.68041e-15 0.000764981 -1.58402e-05
17.9 0.0696203 -7.27706e-15 0.930246 8.71184e-15 0.000868571 0.00020566
18 0.0689276 -7.20865e-15 0.930939 8.66461e-15 0.000917577 0.000432777
18.1 0.0682417 -7.13923e-15 0.931625 8.60436e-15 0.000910718 0.000652172
18.2 0.0675627 -7.0727e-15 0.932304 8.54026e-15 0.000850116 0.000850817
18.3 0.0668905 -7.00398e-15 0.932976 8.45754e-15 0.000740947 0.00101692
18.4 0.0662249 -6.93693e-15 0.933641 8.36617e-15 0.000591104 0.00114062
18.5 0.0655659 -6.87153e-15 0.9343 8.27219e-15 0.000410517 0.00121443
18.6 0.0649135 -6.8045e-15 0.934952 8.15938e-15 0.00021055 0.00123367
18.7 0.0642676 -6.73665e-15 0.935598 8.04347e-15 3.24843e-06 0.00119643
18.8 0.0636282 -6.66718e-15 0.936238 7.90992e-15 -0.000199244 0.00110361
18.9 0.062995 -6.59957e-15 0.936871 7.81186e-15 -0.000385164 0.000958785
19 0.0623682 -6.5336e-15 0.937497 7.75514e-15 -0.000543538 0.000768069
19.1 0.0617476 -6.46793e-15 0.938118 7.67319e-15 -0.000664839 0.000540028
19.2 0.0611332 -6.40365e-15 0.938732 7.60987e-15 -0.000741351 0.000285471
19.3 0.060525 -6.33946e-15 0.93934 7.53901e-15 -0.000767952 1.69527e-05
19.4 0.0599227 -6.27638e-15 0.939943 7.4808e-15 -0.000742525 -0.000251962
19.5 0.0593265 -6.21322e-15 0.940539 7.41556e-15 -0.000666279 -0.0005076
19.6 0.0587362 -6.15105e-15 0.941129 7.36324e-15 -0.000543568 -0.000737037
19.7 0.0581517 -6.08943e-15 0.941713 7.30215e-15 -0.000381815 -0.000929024
19.8 0.0575731 -6.02881e-15 0.942292 7.2533e-15 -0.000190483 -0.00107449
19.9 0.0570002 -5.96886e-15 0.942865 7.18906e-15 1.95072e-05 -0.00116711
20 0.0564331 -5.9095e-15 0.943432 7.12735e-15 0.00023625 -0.00120325
