0 0 0 1 0 0 0
0.1 1.71712e-07 -2.64698e-23 0.999997 -8.0058e-17 4.82762e-05 -0.000411496
0.2 7.91094e-07 1.1701e-22 0.999996 -2.43523e-16 0.000195506 -0.000867385
0.3 2.03765e-06 2.23819e-23 0.999994 -1.84659e-16 0.00044974 -0.00135394
0.4 4.12182e-06 1.59558e-24 0.999991 -1.47438e-16 0.000815805 -0.00185729
0.5 7.28439e-06 1.82043e-22 0.999987 -1.17622e-16 0.00129539 -0.00236429
0.6 1.17955e-05 3.58103e-21 0.999982 -2.41725e-16 0.00188733 -0.00286333
0.7 1.79541e-05 5.29734e-21 0.999975 -3.11633e-16 0.00258801 -0.00334506
0.8 2.60876e-05 1.09168e-21 0.999966 -1.19488e-16 0.00339204 -0.00380301
0.9 3.65556e-05 7.21116e-21 0.999955 -2.95826e-16 0.00429291 -0.00423407
1 4.97555e-05 7.86736e-21 0.999941 -2.74579e-16 0.00528384 -0.00463876
1.1 6.61355e-05 1.30473e-20 0.999925 -2.49079e-16 0.00635858 -0.00502133
1.2 8.62144e-05 1.56976e-20 0.999904 -2.19406e-16 0.0075123 -0.00538968
1.3 0.000110611 2.57152e-20 0.99988 -1.92077e-16 0.00874237 -0.00575508
1.4 0.000140087 3.86906e-20 0.99985 -1.62321e-16 0.010049 -0.00613168
1.5 0.000175598 6.92697e-20 0.999815 -1.37809e-16 0.011436 -0.00653594
1.6 0.000218368 1.27579e-19 0.999772 -1.1654e-16 0.012911 -0.00698586
1.7 0.000269966 2.47493e-19 0.999721 -9.93384e-17 0.0144856 -0.00750021
1.8 0.000332412 2.70178e-19 0.999659 -8.6565e-17 0.016176 -0.00809764
1.9 0.000408279 2.52695e-19 0.999583 -7.86954e-17 0.0180019 -0.0087958
2 0.000500819 2.34659e-19 0.999491 -7.71689e-17 0.0199872 -0.00961055
2.1 0.000614089 1.7718e-19 0.999378 -8.34615e-17 0.0221587 -0.0105552
2.2 0.000753072 -1.71739e-20 0.999239 -9.39639e-17 0.0245456 -0.0116397
2.3 0.000923802 -4.01993e-19 0.999069 -1.10344e-16 0.0271789 -0.0128705
2.4 0.00113347 -8.41001e-19 0.998859 -1.30691e-16 0.0300904 -0.0142498
2.5 0.00139051 -1.77915e-18 0.998602 -1.53032e-16 0.0333115 -0.0157755
2.6 0.00170465 -2.5537e-18 0.998288 -1.7783e-16 0.0368726 -0.0174411
2.7 0.00208695 -3.05981e-18 0.997906 -2.04084e-16 0.0408016 -0.0192361
2.8 0.00254975 -3.19646e-18 0.997443 -2.30536e-16 0.0451235 -0.0211457
2.9 0.00310662 -3.25272e-18 0.996886 -2.56388e-16 0.0498593 -0.0231518
3 0.00377222 -3.23516e-18 0.996221 -2.79747e-16 0.0550252 -0.0252332
3.1 0.00456212 -3.37517e-18 0.995431 -3.00809e-16 0.0606319 -0.0273659
3.2 0.00549257 -1.35627e-18 0.9945 -3.20234e-16 0.0666845 -0.0295244
3.3 0.00658016 -5.09492e-19 0.993413 -3.33451e-16 0.0731819 -0.0316815
3.4 0.00784153 2.2201e-18 0.992151 -3.43427e-16 0.0801163 -0.0338095
3.5 0.0092929 4.78439e-18 0.9907 -3.47991e-16 0.0874738 -0.0358806
3.6 0.0109497 7.51213e-18 0.989043 -3.45799e-16 0.0952339 -0.0378672
3.7 0.012826 7.5452e-18 0.987167 -3.36039e-16 0.10337 -0.0397428
3.8 0.0149342 7.20509e-18 0.985059 -3.19234e-16 0.111849 -0.0414819
3.9 0.0172842 4.26489e-18 0.982709 -2.96292e-16 0.120633 -0.0430609
4 0.0198832 -9.27469e-19 0.98011 -2.67869e-16 0.12968 -0.0444579
4.1 0.0227352 -9.86538e-18 0.977257 -2.36025e-16 0.13894 -0.0456534
4.2 0.0258404 -2.15521e-17 0.974152 -1.96917e-16 0.148361 -0.0466302
4.3 0.0291948 -3.73643e-17 0.970798 -1.65225e-16 0.157889 -0.0473739
4.4 0.03279 -4.88117e-17 0.967203 -1.31168e-16 0.167466 -0.0478734
4.5 0.036613 -5.31969e-17 0.96338 -1.09197e-16 0.17703 -0.0481205
4.6 0.0406462 -5.11556e-17 0.959346 -9.54445e-17 0.186522 -0.0481109
4.7 0.044867 -4.791e-17 0.955126 -8.30353e-17 0.195878 -0.0478445
4.8 0.0492487 -3.80117e-17 0.950744 -8.51481e-17 0.20504 -0.0473253
4.9 0.0537606 -3.27237e-17 0.946232 -8.72097e-17 0.213948 -0.0465622
5 0.0583685 -1.14306e-17 0.941624 -1.1078e-16 0.222546 -0.0455687
5.1 0.063036 1.96345e-17 0.936957 -1.47527e-16 0.230783 -0.0443636
5.2 0.0677248 5.32257e-17 0.932268 -1.91144e-16 0.238612 -0.0429702
5.3 0.0723968 8.72426e-17 0.927596 -2.46248e-16 0.245994 -0.0414164
5.4 0.0770142 1.17202e-16 0.922978 -2.97095e-16 0.252897 -0.0397337
5.5 0.0815416 1.24743e-16 0.918451 -3.1329e-16 0.259295 -0.0379564
5.6 0.085947 1.35201e-16 0.914045 -3.38368e-16 0.265174 -0.0361199
5.7 0.0902023 1.27909e-16 0.90979 -3.55189e-16 0.270528 -0.0342598
5.8 0.0942844 1.31599e-16 0.905708 -3.71111e-16 0.275356 -0.0324095
5.9 0.0981756 1.08835e-16 0.901817 -3.71128e-16 0.279671 -0.0305986
6 0.101863 8.80175e-17 0.898129 -3.60343e-16 0.283487 -0.0288513
6.1 0.105339 4.69479e-17 0.894653 -3.31521e-16 0.286828 -0.0271846
6.2 0.108598 -3.16091e-18 0.891394 -2.88127e-16 0.289718 -0.0256075
6.3 0.11164 -7.23436e-17 0.888352 -2.21726e-16 0.292184 -0.0241201
6.4 0.114464 -1.87538e-16 0.885528 -9.49054e-17 0.294254 -0.0227141
6.5 0.117068 -2.89045e-16 0.882924 2.47715e-17 0.295951 -0.021373
6.6 0.119451 -3.85767e-16 0.880541 1.28141e-16 0.297297 -0.020074
6.7 0.121606 -4.44507e-16 0.878386 1.97231e-16 0.298304 -0.0187899
6.8 0.123525 -4.64828e-16 0.876467 2.33167e-16 0.298982 -0.0174913
6.9 0.125195 -4.50979e-16 0.874796 2.39168e-16 0.299333 -0.0161493
7 0.126602 -4.19087e-16 0.87339 2.30755e-16 0.299352 -0.0147383
7.1 0.127725 -3.6902e-16 0.872266 1.96827e-16 0.29903 -0.0132377
7.2 0.128548 -2.95694e-16 0.871443 1.28359e-16 0.298352 -0.0116342
7.3 0.129051 -2.14433e-16 0.87094 5.85693e-17 0.297302 -0.00992231
7.4 0.129218 -1.02856e-16 0.870773 -2.99742e-17 0.295863 -0.00810499
7.5 0.129038 1.33296e-17 0.870953 -1.43316e-16 0.294019 -0.00619304
7.6 0.128504 1.40568e-16 0.871487 -2.46238e-16 0.291757 -0.00420393
7.7 0.127614 2.46613e-16 0.872377 -3.53387e-16 0.289067 -0.00216011
7.8 0.126375 3.10347e-16 0.873615 -4.26412e-16 0.285944 -8.70233e-05
7.9 0.124801 3.24689e-16 0.87519 -4.50652e-16 0.28239 0.00198902
8 0.122908 3.27027e-16 0.877082 -4.83774e-16 0.27841 0.00404283
8.1 0.120723 3.09907e-16 0.879267 -4.77678e-16 0.274015 0.00605197
8.2 0.118273 2.4876e-16 0.881717 -4.38426e-16 0.26922 0.00799799
8.3 0.11559 1.81656e-16 0.8844 -4.06639e-16 0.264042 0.0098671
8.4 0.112705 9.78104e-17 0.887285 -3.5772e-16 0.2585 0.0116503
8.5 0.109653 3.76152e-18 0.890337 -2.92144e-16 0.252617 0.0133429
8.6 0.106466 -8.73849e-17 0.893524 -2.21059e-16 0.246411 0.014944
8.7 0.103176 -1.77378e-16 0.896814 -1.45743e-16 0.239904 0.0164552
8.8 0.099811 -2.56511e-16 0.900179 -8.21661e-17 0.233115 0.0178792
8.9 0.0964004 -3.46026e-16 0.90359 -1.93362e-17 0.226063 0.0192191
9 0.0929694 -4.10064e-16 0.907021 5.07928e-17 0.218765 0.0204766
9.1 0.0895419 -4.60197e-16 0.910448 7.39533e-17 0.211239 0.0216515
9.2 0.0861399 -4.721e-16 0.91385 8.91931e-17 0.203502 0.0227411
9.3 0.0827839 -4.71918e-16 0.917206 8.53279e-17 0.195575 0.0237391
9.4 0.0794928 -4.41762e-16 0.920497 7.33742e-17 0.187477 0.0246365
9.5 0.0762844 -3.85926e-16 0.923706 3.59678e-17 0.179233 0.0254211
9.6 0.0731752 -3.25453e-16 0.926815 -2.14262e-18 0.170868 0.0260785
9.7 0.0701802 -2.55957e-16 0.92981 -4.88032e-17 0.162413 0.0265924
9.8 0.0673129 -1.7864e-16 0.932677 -1.00202e-16 0.153903 0.026946
9.9 0.0645852 -1.09736e-16 0.935405 -1.48674e-16 0.145375 0.0271227
10 0.0620072 -4.74471e-17 0.937983 -1.94855e-16 0.136871 0.0271075
10.1 0.0595868 6.05182e-18 0.940403 -2.30843e-16 0.128435 0.0268875
10.2 0.0573297 4.2515e-17 0.94266 -2.54029e-16 0.120115 0.0264538
10.3 0.0552391 6.6193e-17 0.94475 -2.69486e-16 0.11196 0.0258016
10.4 0.0533156 7.79838e-17 0.946674 -2.78866e-16 0.104019 0.0249312
10.5 0.0515577 7.88057e-17 0.948431 -2.83621e-16 0.0963395 0.0238489
10.6 0.049961 7.06796e-17 0.950028 -2.80542e-16 0.0889683 0.0225668
10.7 0.0485193 5.29061e-17 0.95147 -2.73487e-16 0.0819478 0.0211028
10.8 0.0472243 3.19461e-17 0.952764 -2.66303e-16 0.0753156 0.019481
10.9 0.0460659 5.799e-18 0.953923 -2.5854e-16 0.0691032 0.0177303
11 0.045033 -1.8371e-17 0.954956 -2.55162e-16 0.0633348 0.0158842
11.1 0.0441135 -4.52575e-17 0.955875 -2.50607e-16 0.0580266 0.0139794
11.2 0.0432947 -6.96059e-17 0.956694 -2.48717e-16 0.053186 0.0120549
11.3 0.0425639 -9.15413e-17 0.957425 -2.50721e-16 0.0488114 0.0101502
11.4 0.0419087 -1.10052e-16 0.95808 -2.51634e-16 0.0448923 0.00830373
11.5 0.0413174 -1.24849e-16 0.958671 -2.55217e-16 0.0414095 0.00655184
11.6 0.0407789 -1.35587e-16 0.95921 -2.54827e-16 0.0383361 0.00492689
11.7 0.0402832 -1.44658e-16 0.959705 -2.48249e-16 0.0356385 0.00345616
11.8 0.0398217 -1.48741e-16 0.960167 -2.4683e-16 0.0332776 0.00216065
11.9 0.0393868 -1.47814e-16 0.960602 -2.48817e-16 0.0312104 0.00105451
12 0.0389721 -1.44081e-16 0.961017 -2.47916e-16 0.029392 0.000144346
12.1 0.0385726 -1.3796e-16 0.961416 -2.43984e-16 0.0277767 -0.000570819
12.2 0.0381842 -1.29227e-16 0.961804 -2.42305e-16 0.0263204 -0.00109936
12.3 0.037804 -1.19983e-16 0.962185 -2.40828e-16 0.0249817 -0.00145646
12.4 0.0374298 -1.09591e-16 0.962559 -2.37786e-16 0.0237236 -0.00166326
12.5 0.0370602 -9.9401e-17 0.962928 -2.34806e-16 0.0225148 -0.00174568
12.6 0.0366941 -8.77084e-17 0.963294 -2.32283e-16 0.0213303 -0.0017331
12.7 0.0363313 -7.78437e-17 0.963657 -2.30166e-16 0.0201521 -0.00165693
12.8 0.0359714 -7.0855e-17 0.964017 -2.23862e-16 0.0189698 -0.00154895
12.9 0.0356145 -6.62461e-17 0.964374 -2.17651e-16 0.0177799 -0.00143984
13 0.0352607 -6.4807e-17 0.964728 -2.10215e-16 0.0165856 -0.00135776
13.1 0.0349103 -6.45513e-17 0.965078 -2.05097e-16 0.015396 -0.00132694
13.2 0.0345633 -6.51531e-17 0.965425 -2.02116e-16 0.0142255 -0.0013667
13.3 0.03422 -6.59455e-17 0.965768 -2.02873e-16 0.0130916 -0.00149054
13.4 0.0338804 -6.61813e-17 0.966108 -2.05981e-16 0.0120144 -0.00170564
13.5 0.0335445 -6.81349e-17 0.966444 -2.0863e-16 0.0110147 -0.00201272
13.6 0.0332123 -7.01854e-17 0.966776 -2.14146e-16 0.0101126 -0.00240619
13.7 0.0328838 -7.13628e-17 0.967105 -2.22483e-16 0.00932628 -0.00287453
13.8 0.0325589 -7.34023e-17 0.967429 -2.34211e-16 0.0086704 -0.00340111
13.9 0.0322375 -7.5979e-17 0.967751 -2.45103e-16 0.00815543 -0.00396516
14 0.0319194 -7.61853e-17 0.968069 -2.60299e-16 0.0077866 -0.00454299
14.1 0.0316044 -7.57822e-17 0.968384 -2.7399e-16 0.00756352 -0.00510939
14.2 0.0312926 -7.56422e-17 0.968696 -2.91064e-16 0.00747996 -0.00563901
14.3 0.0309837 -7.4331e-17 0.969005 -3.04012e-16 0.00752401 -0.00610783
14.4 0.0306778 -7.32567e-17 0.969311 -3.10836e-16 0.00767859 -0.00649448
14.5 0.0303746 -7.24356e-17 0.969614 -3.37372e-16 0.00792219 -0.00678145
14.6 0.0300743 -7.05269e-17 0.969914 -3.41631e-16 0.00822995 -0.00695603
14.7 0.0297766 -6.85998e-17 0.970212 -3.44688e-16 0.00857483 -0.00701103
14.8 0.0294817 -6.59438e-17 0.970507 -3.47696e-16 0.00892896 -0.00694514
14.9 0.0291895 -6.41073e-17 0.970799 -3.45528e-16 0.00926504 -0.00676296
15 0.0288999 -6.28583e-17 0.971089 -3.43615e-16 0.00955763 -0.00647476
15.1 0.0286131 -5.94618e-17 0.971375 -3.40026e-16 0.00978441 -0.0060959
15.2 0.0283289 -5.74152e-17 0.97166 -3.37141e-16 0.0099272 -0.005646
15.3 0.0280475 -5.61213e-17 0.971941 -3.33225e-16 0.00997279 -0.00514788
15.4 0.0277687 -5.43173e-17 0.97222 -3.28442e-16 0.00991349 -0.00462641
15.5 0.0274926 -5.19177e-17 0.972496 -3.24674e-16 0.00974745 -0.0041072
15.6 0.0272192 -5.06232e-17 0.972769 -3.22089e-16 0.00947858 -0.00361533
15.7 0.0269485 -4.99201e-17 0.97304 -3.18945e-16 0.00911631 -0.00317406
15.8 0.0266804 -4.96059e-17 0.973308 -3.11391e-16 0.00867498 -0.0028037
15.9 0.026415 -4.8306e-17 0.973573 -3.07824e-16 0.00817307 -0.00252061
16 0.0261522 -4.77828e-17 0.973836 -3.03608e-16 0.00763213 -0.00233636
16.1 0.025892 -4.61048e-17 0.974096 -3.01782e-16 0.00707567 -0.00225726
16.2 0.0256344 -4.41595e-17 0.974354 -3.01483e-16 0.00652788 -0.00228406
16.3 0.0253794 -4.36125e-17 0.974609 -2.97713e-16 0.0060124 -0.00241194
16.4 0.0251269 -4.2772e-17 0.974862 -2.97176e-16 0.00555109 -0.00263091
16.5 0.0248769 -4.21085e-17 0.975112 -2.96916e-16 0.00516276 -0.00292612
16.6 0.0246293 -4.2325e-17 0.975359 -2.99474e-16 0.00486238 -0.003279
16.7 0.0243843 -4.31402e-17 0.975604 -3.01561e-16 0.00466025 -0.0036681
16.8 0.0241417 -4.372e-17 0.975847 -3.05489e-16 0.00456151 -0.00407023
16.9 0.0239015 -4.47267e-17 0.976087 -3.09596e-16 0.00456587 -0.00446172
17 0.0236637 -4.56326e-17 0.976325 -3.12797e-16 0.00466769 -0.00481969
17.1 0.0234282 -4.69633e-17 0.97656 -3.15694e-16 0.0048563 -0.00512318
17.2 0.0231951 -4.88119e-17 0.976793 -3.17208e-16 0.00511665 -0.0053544
17.3 0.0229643 -5.0284e-17 0.977024 -3.21226e-16 0.00543 -0.00549935
17.4 0.0227358 -5.12826e-17 0.977253 -3.23891e-16 0.00577509 -0.00554884
17.5 0.0225096 -5.25231e-17 0.977479 -3.27334e-16 0.00612928 -0.0054988
17.6 0.0222856 -5.34175e-17 0.977703 -3.33486e-16 0.00646977 -0.00535043
17.7 0.0220639 -5.40044e-17 0.977925 -3.42505e-16 0.00677463 -0.00511
17.8 0.0218444 -5.44113e-17 0.978144 -3.4873e-16 0.0070242 -0.00478856
17.9 0.021627 -5.41025e-17 0.978361 -3.53212e-16 0.00720191 -0.00440123
18 0.0214118 -5.36184e-17 0.978577 -3.61955e-16 0.00729511 -0.00396643
18.1 0.0211988 -5.21906e-17 0.97879 -3.68528e-16 0.00729569 -0.00350484
18.2 0.0209878 -5.06987e-17 0.979001 -3.69283e-16 0.00720045 -0.00303833
18.3 0.020779 -4.95178e-17 0.979209 -3.71672e-16 0.00701126 -0.00258881
18.4 0.0205723 -4.86783e-17 0.979416 -3.71263e-16 0.00673476 -0.00217703
18.5 0.0203676 -4.77255e-17 0.979621 -3.70235e-16 0.00638212 -0.00182163
18.6 0.0201649 -4.68916e-17 0.979824 -3.69915e-16 0.00596829 -0.00153819
18.7 0.0199643 -4.60612e-17 0.980024 -3.68193e-16 0.00551133 -0.00133847
18.8 0.0197656 -4.5232e-17 0.980223 -3.65729e-16 0.00503138 -0.00122977
18.9 0.0195689 -4.46666e-17 0.98042 -3.63087e-16 0.0045497 -0.00121459
19 0.0193742 -4.44078e-17 0.980614 -3.5771e-16 0.00408742 -0.00129053
19.1 0.0191814 -4.40186e-17 0.980807 -3.54252e-16 0.00366448 -0.00145052
19.2 0.0189906 -4.33774e-17 0.980998 -3.5281e-16 0.00329862 -0.00168316
19.3 0.0188016 -4.32603e-17 0.981187 -3.51653e-16 0.00300444 -0.00197342
19.4 0.0186145 -4.28199e-17 0.981374 -3.54187e-16 0.00279269 -0.00230344
19.5 0.0184293 -4.24473e-17 0.981559 -3.53616e-16 0.00266976 -0.00265346
19.6 0.018246 -4.21149e-17 0.981743 -3.53448e-16 0.00263744 -0.00300282
19.7 0.0180644 -4.16712e-17 0.981924 -3.5256e-16 0.0026926 -0.00333115
19.8 0.0178847 -4.1257e-17 0.982104 -3.52367e-16 0.00282773 -0.00361955
19.9 0.0177067 -4.08415e-17 0.982282 -3.52601e-16 0.0030312 -0.00385127
20 0.0175305 -4.04358e-17 0.982458 -3.53002e-16 0.00328781 -0.00401252
