0 0 0 1 0 0 0
0.1 1.71708e-07 -8.60268e-23 0.999973 -6.71859e-16 4.82611e-05 -0.000411116
0.2 7.90723e-07 9.65166e-22 0.999973 -1.69967e-15 0.000195214 -0.000865492
0.3 2.03521e-06 2.4939e-21 0.999973 -2.84052e-15 0.000448323 -0.00134867
0.4 4.11281e-06 7.59278e-22 0.999973 -3.03674e-15 0.000811507 -0.00184619
0.5 7.25961e-06 -6.23104e-22 0.999972 -2.76941e-15 0.00128526 -0.00234454
0.6 1.17389e-05 -1.0029e-20 0.99997 -2.1499e-15 0.00186699 -0.00283208
0.7 1.78404e-05 -3.7818e-20 0.999964 -1.44346e-15 0.00255158 -0.00329979
0.8 2.5881e-05 -8.90161e-20 0.999957 -9.09573e-16 0.00333205 -0.00374199
0.9 3.62086e-05 -1.72256e-19 0.999946 -7.82391e-16 0.00420046 -0.00415672
1 4.92109e-05 -2.68028e-19 0.999933 -1.12984e-15 0.00514876 -0.00454607
1.1 6.53304e-05 -3.30906e-19 0.999917 -1.89983e-15 0.00616979 -0.00491617
1.2 8.5089e-05 -3.09232e-19 0.999897 -2.89332e-15 0.00725818 -0.00527705
1.3 0.000109123 -1.66624e-19 0.999873 -3.90361e-15 0.00841117 -0.00564216
1.4 0.000138231 8.35119e-20 0.999844 -4.70505e-15 0.00962942 -0.00602789
1.5 0.000173437 3.88108e-19 0.999809 -5.14846e-15 0.0109175 -0.00645271
1.6 0.000216066 6.02579e-19 0.999767 -5.21819e-15 0.0122843 -0.00693635
1.7 0.000267838 6.59125e-19 0.999716 -4.95712e-15 0.0137432 -0.00749886
1.8 0.000330975 1.66196e-19 0.999653 -4.44131e-15 0.0153118 -0.00815967
1.9 0.000408315 -9.13728e-19 0.999576 -3.77215e-15 0.017012 -0.00893666
2 0.000503446 -2.72495e-18 0.999481 -3.08289e-15 0.018869 -0.00984533
2.1 0.000620827 -4.96601e-18 0.999363 -2.43094e-15 0.0209111 -0.010898
2.2 0.000765927 -7.10758e-18 0.999217 -1.98042e-15 0.0231686 -0.0121034
2.3 0.000945338 -8.94729e-18 0.999037 -1.87337e-15 0.0256728 -0.013466
2.4 0.00116688 -9.94978e-18 0.998814 -2.2071e-15 0.0284551 -0.0149859
2.5 0.00143969 -1.00933e-17 0.998541 -2.69854e-15 0.0315457 -0.016659
2.6 0.00177427 -8.36696e-18 0.998205 -3.50604e-15 0.034973 -0.0184768
2.7 0.0021825 -4.91572e-18 0.997796 -4.21699e-15 0.0387624 -0.020427
2.8 0.00267765 -4.07406e-19 0.997301 -4.66581e-15 0.0429353 -0.0224939
2.9 0.00327427 2.45602e-18 0.996703 -4.7927e-15 0.0475086 -0.0246589
3 0.00398811 1.51822e-19 0.995988 -4.51866e-15 0.0524942 -0.0269011
3.1 0.00483597 -1.06136e-17 0.99514 -3.9866e-15 0.0578981 -0.0291978
3.2 0.00583546 -3.06841e-17 0.994139 -3.193e-15 0.0637205 -0.0315259
3.3 0.00700482 -6.39412e-17 0.992969 -2.44353e-15 0.0699559 -0.0338617
3.4 0.00836259 -1.06194e-16 0.991611 -1.61706e-15 0.0765927 -0.0361819
3.5 0.00992737 -1.49955e-16 0.990045 -1.0894e-15 0.083614 -0.0384637
3.6 0.0117174 -1.8808e-16 0.988255 -9.0698e-16 0.0909973 -0.0406853
3.7 0.0137502 -2.26186e-16 0.986221 -1.05493e-15 0.0987148 -0.0428257
3.8 0.0160423 -2.61711e-16 0.983928 -1.49586e-15 0.106734 -0.0448655
3.9 0.0186086 -2.96435e-16 0.981361 -2.28993e-15 0.115018 -0.0467868
4 0.0214621 -3.33374e-16 0.978507 -3.34113e-15 0.123527 -0.0485727
4.1 0.0246135 -3.82583e-16 0.975354 -4.48826e-15 0.132215 -0.0502075
4.2 0.0280706 -4.42572e-16 0.971896 -5.29984e-15 0.141037 -0.0516769
4.3 0.0318379 -5.1256e-16 0.968127 -5.79363e-15 0.149941 -0.0529671
4.4 0.0359163 -6.05742e-16 0.964048 -5.80668e-15 0.158876 -0.0540655
4.5 0.0403023 -7.4165e-16 0.959661 -5.26994e-15 0.167786 -0.0549605
4.6 0.0449882 -9.38872e-16 0.954974 -4.19529e-15 0.176616 -0.0556419
4.7 0.0499613 -1.25703e-15 0.95 -2.42827e-15 0.185309 -0.0561007
4.8 0.0552038 -1.67027e-15 0.944758 -4.85803e-16 0.193807 -0.0563304
4.9 0.060693 -2.12166e-15 0.939268 1.56883e-15 0.202052 -0.0563266
5 0.0664014 -2.46566e-15 0.933559 3.38742e-15 0.209987 -0.0560882
5.1 0.0722964 -2.62152e-15 0.927663 4.88473e-15 0.217558 -0.0556181
5.2 0.078342 -2.50327e-15 0.921617 5.84847e-15 0.224713 -0.0549237
5.3 0.0844982 -2.01727e-15 0.91546 6.10096e-15 0.231404 -0.054017
5.4 0.0907234 -1.17107e-15 0.909234 5.59425e-15 0.23759 -0.0529155
5.5 0.0969746 -4.27255e-17 0.902981 3.85478e-15 0.243237 -0.0516407
5.6 0.103209 1.10891e-15 0.896747 1.4835e-15 0.248317 -0.0502188
5.7 0.109385 2.08315e-15 0.89057 -1.54e-15 0.252812 -0.0486789
5.8 0.115465 2.91011e-15 0.884489 -5.1659e-15 0.256714 -0.0470523
5.9 0.121413 3.53878e-15 0.87854 -8.4082e-15 0.260023 -0.045371
6 0.127199 3.97668e-15 0.872753 -1.12563e-14 0.262747 -0.0436662
6.1 0.132798 4.15769e-15 0.867153 -1.30772e-14 0.264903 -0.0419659
6.2 0.138189 3.9823e-15 0.861761 -1.36245e-14 0.266516 -0.0402943
6.3 0.143356 3.30429e-15 0.856591 -1.31625e-14 0.267614 -0.0386698
6.4 0.148289 2.37354e-15 0.851656 -1.1159e-14 0.268232 -0.0371043
6.5 0.152979 1.39836e-15 0.846965 -8.46732e-15 0.268404 -0.0356021
6.6 0.157419 6.70065e-16 0.842523 -5.60715e-15 0.268164 -0.0341598
6.7 0.161603 7.1647e-16 0.838336 -3.46022e-15 0.267545 -0.0327676
6.8 0.165526 1.43361e-15 0.834411 -3.3589e-15 0.266575 -0.0314099
6.9 0.16918 2.49279e-15 0.830754 -4.69417e-15 0.265274 -0.0300684
7 0.172557 4.93284e-15 0.827374 -6.00924e-15 0.263658 -0.0287243
7.1 0.175646 8.14258e-15 0.824283 -9.78154e-15 0.261737 -0.0273613
7.2 0.178436 1.29256e-14 0.82149 -1.67877e-14 0.259514 -0.0259661
7.3 0.180916 1.9183e-14 0.819007 -2.62412e-14 0.256991 -0.0245301
7.4 0.183076 2.89705e-14 0.816843 -3.73938e-14 0.254166 -0.0230502
7.5 0.184908 3.81834e-14 0.815007 -4.81026e-14 0.251035 -0.0215283
7.6 0.186409 4.63456e-14 0.813503 -5.70703e-14 0.247594 -0.0199717
7.7 0.187576 5.20134e-14 0.812332 -6.25417e-14 0.243842 -0.018393
7.8 0.188414 5.44794e-14 0.81149 -6.26787e-14 0.239778 -0.0168083
7.9 0.188931 5.24452e-14 0.810969 -5.73933e-14 0.235407 -0.0152352
8 0.18914 4.56687e-14 0.810756 -4.71201e-14 0.230736 -0.0136922
8.1 0.189059 3.63625e-14 0.810833 -3.27074e-14 0.225778 -0.0121963
8.2 0.188707 2.69768e-14 0.811181 -1.80482e-14 0.220549 -0.0107615
8.3 0.188108 1.9087e-14 0.811776 -7.70887e-15 0.215069 -0.00939812
8.4 0.187285 1.39517e-14 0.812594 -3.58416e-15 0.209359 -0.00811277
8.5 0.186264 1.24588e-14 0.813612 -4.98209e-15 0.203445 -0.0069084
8.6 0.185067 1.53644e-14 0.814804 -1.07732e-14 0.197351 -0.00578354
8.7 0.183719 2.28197e-14 0.816149 -1.99416e-14 0.191105 -0.00473239
8.8 0.182238 3.4237e-14 0.817626 -3.27705e-14 0.184731 -0.00374548
8.9 0.180645 4.85705e-14 0.819215 -4.45037e-14 0.17825 -0.00281178
9 0.178956 6.33973e-14 0.820901 -5.60883e-14 0.171685 -0.00192024
9.1 0.177185 7.47371e-14 0.822668 -6.45033e-14 0.165052 -0.00106086
9.2 0.175346 7.91479e-14 0.824504 -6.72361e-14 0.158368 -0.000225341
9.3 0.173448 7.53174e-14 0.826398 -6.24404e-14 0.15165 0.000592601
9.4 0.171504 6.65782e-14 0.828338 -5.2933e-14 0.144911 0.00139649
9.5 0.169521 5.8069e-14 0.830317 -4.44606e-14 0.138164 0.00218634
9.6 0.167511 5.52611e-14 0.832324 -4.14342e-14 0.131423 0.00295864
9.7 0.165481 6.04565e-14 0.834351 -4.65264e-14 0.124702 0.00370694
9.8 0.16344 7.33716e-14 0.836388 -5.95259e-14 0.118015 0.00442249
9.9 0.161396 9.11285e-14 0.838428 -7.76759e-14 0.11138 0.00509429
10 0.159359 1.10097e-13 0.840462 -9.69182e-14 0.104814 0.00570925
10.1 0.157337 1.27071e-13 0.842481 -1.14207e-13 0.0983369 0.00625273
10.2 0.155337 1.40871e-13 0.844478 -1.28376e-13 0.0919714 0.00671021
10.3 0.153366 1.51482e-13 0.846445 -1.397e-13 0.0857427 0.00706898
10.4 0.151432 1.59423e-13 0.848377 -1.47945e-13 0.0796773 0.00731929
10.5 0.149539 1.64794e-13 0.850266 -1.535e-13 0.0738014 0.00745479
10.6 0.147692 1.68004e-13 0.85211 -1.57229e-13 0.0681402 0.00747245
10.7 0.145894 1.69979e-13 0.853906 -1.59601e-13 0.0627177 0.00737232
10.8 0.144148 1.71867e-13 0.85565 -1.61296e-13 0.0575565 0.00715806
10.9 0.142452 1.73839e-13 0.857343 -1.63128e-13 0.0526774 0.00683736
11 0.140807 1.75901e-13 0.858986 -1.65476e-13 0.0480981 0.00642265
11.1 0.139212 1.78e-13 0.860579 -1.68232e-13 0.043832 0.00593004
11.2 0.137664 1.8013e-13 0.862125 -1.71326e-13 0.0398878 0.00537878
11.3 0.136159 1.82196e-13 0.863628 -1.74384e-13 0.0362687 0.00479062
11.4 0.134695 1.83984e-13 0.865089 -1.77117e-13 0.0329714 0.00418862
11.5 0.133268 1.85315e-13 0.866515 -1.7927e-13 0.0299869 0.00359564
11.6 0.131874 1.86414e-13 0.867907 -1.80536e-13 0.0273008 0.00303317
11.7 0.130509 1.86955e-13 0.869269 -1.80152e-13 0.0248934 0.0025207
11.8 0.12917 1.86814e-13 0.870606 -1.77973e-13 0.0227406 0.00207454
11.9 0.127854 1.86037e-13 0.87192 -1.74576e-13 0.0208143 0.00170703
12 0.126558 1.84484e-13 0.873213 -1.71573e-13 0.0190844 0.0014254
12.1 0.12528 1.82424e-13 0.874489 -1.69897e-13 0.0175198 0.00123129
12.2 0.124018 1.80536e-13 0.875748 -1.69899e-13 0.016091 0.00112109
12.3 0.122771 1.79516e-13 0.876993 -1.69611e-13 0.0147714 0.00108688
12.4 0.121538 1.7868e-13 0.878224 -1.68887e-13 0.0135377 0.00111799
12.5 0.120318 1.77265e-13 0.879442 -1.66958e-13 0.01237 0.00120168
12.6 0.119111 1.75293e-13 0.880647 -1.6352e-13 0.0112513 0.00132318
12.7 0.117916 1.73663e-13 0.88184 -1.59529e-13 0.010168 0.00146573
12.8 0.116734 1.72859e-13 0.883021 -1.55821e-13 0.00911128 0.00161133
12.9 0.115564 1.71711e-13 0.884189 -1.53243e-13 0.00807716 0.00174216
13 0.114406 1.69472e-13 0.885346 -1.51562e-13 0.00706718 0.00184208
13.1 0.11326 1.65944e-13 0.88649 -1.50468e-13 0.00608716 0.00189861
13.2 0.112126 1.61308e-13 0.887621 -1.4996e-13 0.00514535 0.00190314
13.3 0.111005 1.56768e-13 0.888741 -1.50057e-13 0.00425123 0.0018506
13.4 0.109895 1.53079e-13 0.889849 -1.49425e-13 0.00341522 0.00173874
13.5 0.108797 1.50452e-13 0.890945 -1.47081e-13 0.00264846 0.00156838
13.6 0.107711 1.48592e-13 0.892029 -1.43938e-13 0.00196225 0.00134366
13.7 0.106637 1.47125e-13 0.893101 -1.40179e-13 0.00136733 0.00107304
13.8 0.105574 1.45811e-13 0.894162 -1.35823e-13 0.000872269 0.000768412
13.9 0.104521 1.44248e-13 0.895212 -1.32137e-13 0.000482235 0.000444333
14 0.10348 1.42927e-13 0.896252 -1.29884e-13 0.000198402 0.000116808
14.1 0.10245 1.41615e-13 0.89728 -1.30735e-13 1.78439e-05 -0.000197624
14.2 0.10143 1.40838e-13 0.898299 -1.32045e-13 -6.61684e-05 -0.000483464
14.3 0.10042 1.40534e-13 0.899307 -1.33999e-13 -6.37709e-05 -0.00072638
14.4 0.0994206 1.40663e-13 0.900304 -1.35786e-13 1.16986e-05 -0.000914458
14.5 0.0984311 1.41079e-13 0.901293 -1.36484e-13 0.00014435 -0.00103876
14.6 0.0974514 1.41477e-13 0.902271 -1.36245e-13 0.000316525 -0.00109388
14.7 0.0964815 1.40889e-13 0.903239 -1.35788e-13 0.000509667 -0.00107833
14.8 0.0955212 1.39842e-13 0.904198 -1.35324e-13 0.000705609 -0.000994703
14.9 0.0945703 1.38897e-13 0.905147 -1.35093e-13 0.000887472 -0.000849449
15 0.0936288 1.37777e-13 0.906087 -1.35471e-13 0.00104078 -0.00065235
15.1 0.0926965 1.36232e-13 0.907018 -1.36083e-13 0.00115379 -0.000415489
15.2 0.0917734 1.34487e-13 0.907939 -1.36927e-13 0.0012181 -0.00015257
15.3 0.0908594 1.32828e-13 0.908851 -1.37266e-13 0.00122842 0.000121936
15.4 0.0899546 1.31253e-13 0.909754 -1.36082e-13 0.00118253 0.000393071
15.5 0.089059 1.29489e-13 0.910648 -1.33667e-13 0.00108159 0.000645871
15.6 0.0881723 1.27601e-13 0.911533 -1.31072e-13 0.000930348 0.000866161
15.7 0.0872945 1.25485e-13 0.91241 -1.28117e-13 0.000737065 0.00104165
15.8 0.0864254 1.23722e-13 0.913277 -1.25108e-13 0.000512623 0.00116311
15.9 0.0855649 1.21998e-13 0.914136 -1.21503e-13 0.000269656 0.00122468
16 0.0847129 1.20712e-13 0.914987 -1.18134e-13 2.15879e-05 0.00122406
16.1 0.0838694 1.19404e-13 0.915829 -1.14867e-13 -0.000218332 0.00116247
16.2 0.0830344 1.18462e-13 0.916663 -1.12819e-13 -0.00043769 0.00104429
16.3 0.0822076 1.17479e-13 0.917488 -1.11209e-13 -0.000625491 0.000876377
16.4 0.0813891 1.16481e-13 0.918305 -1.09958e-13 -0.000772463 0.00066778
16.5 0.0805788 1.15483e-13 0.919114 -1.08943e-13 -0.000871348 0.000429362
16.6 0.0797766 1.14423e-13 0.919915 -1.08008e-13 -0.000917368 0.000173489
16.7 0.0789825 1.13281e-13 0.920708 -1.0727e-13 -0.000908553 -8.65602e-05
16.8 0.0781964 1.12121e-13 0.921494 -1.06599e-13 -0.000845772 -0.000337444
16.9 0.0774181 1.10939e-13 0.922271 -1.06004e-13 -0.000732828 -0.000566221
17 0.0766477 1.09728e-13 0.923041 -1.05301e-13 -0.000576327 -0.000761034
17.1 0.075885 1.08442e-13 0.923803 -1.04577e-13 -0.000385424 -0.000911882
17.2 0.0751299 1.07106e-13 0.924558 -1.03838e-13 -0.000171171 -0.00101119
17.3 0.0743822 1.05765e-13 0.925305 -1.03091e-13 5.3937e-05 -0.00105428
17.4 0.0736419 1.04424e-13 0.926044 -1.02303e-13 0.00027673 -0.00103965
17.5 0.072909 1.03069e-13 0.926777 -1.01441e-13 0.000484234 -0.000969152
17.6 0.0721833 1.01742e-13 0.927501 -1.00392e-13 0.000664482 -0.000847832
17.7 0.0714648 1.00454e-13 0.928219 -9.91665e-14 0.000807281 -0.000683478
17.8 0.0707534 9.91835e-14 0.92893 -9.79113e-14 0.000904703 -0.000486009
17.9 0.0700492 9.79854e-14 0.929633 -9.67684e-14 0.00095139 -0.000266816
18 0.0693521 9.68474e-14 0.93033 -9.56513e-14 0.000944719 -3.8113e-05
18.1 0.068662 9.58564e-14 0.93102 -9.44675e-14 0.000884712 0.000187501
18.2 0.0679787 9.48953e-14 0.931703 -9.32905e-14 0.000774207 0.000397551
18.3 0.0673023 9.3966e-14 0.932379 -9.21454e-14 0.000618844 0.000580333
18.4 0.0666325 9.30441e-14 0.933048 -9.11253e-14 0.000426933 0.000725569
18.5 0.0659695 9.21345e-14 0.933711 -9.0071e-14 0.000209076 0.000825094
18.6 0.065313 9.12301e-14 0.934367 -8.90796e-14 -2.23978e-05 0.000873409
18.7 0.0646631 9.03299e-14 0.935016 -8.81436e-14 -0.000254192 0.00086812
18.8 0.0640197 8.94345e-14 0.935659 -8.72503e-14 -0.000472814 0.000810103
18.9 0.0633826 8.85421e-14 0.936296 -8.63556e-14 -0.00066556 0.000703659
19 0.062752 8.76576e-14 0.936927 -8.54737e-14 -0.0008214 0.000556072
19.1 0.0621276 8.67835e-14 0.937551 -8.46174e-14 -0.000931732 0.000377037
19.2 0.0615094 8.5918e-14 0.938169 -8.37642e-14 -0.000990796 0.000178004
19.3 0.0608974 8.50617e-14 0.938781 -8.29081e-14 -0.00099599 -2.87533e-05
19.4 0.0602914 8.42136e-14 0.939387 -8.20659e-14 -0.000947834 -0.000230934
19.5 0.0596915 8.33741e-14 0.939987 -8.12384e-14 -0.000849746 -0.000416805
19.6 0.0590976 8.2543e-14 0.940581 -8.04235e-14 -0.000707745 -0.000575876
19.7 0.0585095 8.17201e-14 0.941169 -7.96153e-14 -0.000530062 -0.000699304
19.8 0.0579273 8.09065e-14 0.941751 -7.88135e-14 -0.000326615 -0.000780393
19.9 0.057351 8.01016e-14 0.942327 -7.80072e-14 -0.000108522 -0.000814739
20 0.0567803 7.93047e-14 0.942898 -7.72083e-14 0.000112321 -0.00080047
