0 0 0 1 0 0 0
0.1 1.71711e-07 -1.18031e-22 0.99999 6.46503e-16 4.82688e-05 -0.00041132
0.2 7.90924e-07 8.73971e-23 0.999989 7.7677e-16 0.000195365 -0.000866503
0.3 2.03652e-06 8.8046e-22 0.999989 6.01805e-16 0.000449059 -0.00135148
0.4 4.11762e-06 1.24723e-21 0.999988 6.96906e-16 0.000813739 -0.00185209
0.5 7.27282e-06 4.45566e-21 0.999985 7.51918e-16 0.00129052 -0.00235502
0.6 1.1769e-05 9.70682e-21 0.999982 7.54802e-16 0.00187753 -0.00284862
0.7 1.79008e-05 1.84647e-20 0.999977 7.2318e-16 0.00257042 -0.0033237
0.8 2.59906e-05 2.85192e-20 0.999969 7.03076e-16 0.00336299 -0.00377413
0.9 3.63924e-05 4.36971e-20 0.999959 7.50366e-16 0.00424801 -0.00419734
1 4.94988e-05 5.71454e-20 0.999946 7.4903e-16 0.00521799 -0.00459459
1.1 6.57554e-05 8.02834e-20 0.99993 7.47325e-16 0.00626618 -0.00497101
1.2 8.5682e-05 1.03594e-19 0.999909 7.18651e-16 0.00738735 -0.00533553
1.3 0.000109906 1.40123e-19 0.999885 6.92396e-16 0.00857868 -0.00570048
1.4 0.000139206 1.86866e-19 0.999855 6.70972e-16 0.00984045 -0.00608112
1.5 0.000174571 2.56251e-19 0.999819 6.46135e-16 0.0111766 -0.00649498
1.6 0.000217275 3.86019e-19 0.999777 6.10443e-16 0.0125952 -0.00696102
1.7 0.000268961 5.77495e-19 0.999725 5.8512e-16 0.0141086 -0.00749881
1.8 0.000331751 6.84203e-19 0.999662 5.75575e-16 0.0157334 -0.00812757
1.9 0.000408356 7.33461e-19 0.999585 5.62175e-16 0.0174902 -0.00886533
2 0.000502201 7.47804e-19 0.999491 5.62445e-16 0.0194035 -0.00972807
2.1 0.000617559 7.54759e-19 0.999375 5.64791e-16 0.0215005 -0.0107289
2.2 0.000759679 6.42538e-19 0.999233 5.65791e-16 0.0238111 -0.0118776
2.3 0.000934907 3.72452e-19 0.999057 5.78134e-16 0.0263664 -0.0131799
2.4 0.0011508 4.49148e-20 0.998841 5.77021e-16 0.0291979 -0.0146373
2.5 0.0014162 -7.73682e-19 0.998575 5.87453e-16 0.0323365 -0.016247
2.6 0.00174133 -1.49625e-18 0.99825 5.777e-16 0.0358118 -0.018002
2.7 0.00213776 -1.15111e-18 0.997853 5.58826e-16 0.0396504 -0.0198909
2.8 0.00261844 -8.76741e-19 0.997372 5.36971e-16 0.0438758 -0.0218989
2.9 0.00319762 -8.40916e-19 0.996792 4.95245e-16 0.0485069 -0.0240078
3 0.00389072 -1.10179e-18 0.996099 4.48611e-16 0.0535577 -0.0261965
3.1 0.00471417 -1.10458e-18 0.995275 4.29568e-16 0.059037 -0.028442
3.2 0.00568522 2.46816e-19 0.994303 4.06178e-16 0.0649472 -0.0307199
3.3 0.00682164 -2.81745e-19 0.993167 3.8262e-16 0.0712848 -0.0330047
3.4 0.00814142 -1.39373e-18 0.991846 3.84159e-16 0.0780399 -0.0352709
3.5 0.00966243 -2.19323e-18 0.990325 3.86815e-16 0.0851967 -0.0374933
3.6 0.011402 -4.74312e-18 0.988585 4.07758e-16 0.0927331 -0.0396474
3.7 0.0133765 -9.43706e-18 0.98661 4.52226e-16 0.100621 -0.0417097
3.8 0.0156011 -1.50499e-17 0.984386 4.4529e-16 0.108829 -0.0436583
3.9 0.018089 -2.198e-17 0.981898 4.28474e-16 0.117317 -0.0454726
4 0.0208512 -2.96231e-17 0.979136 4.45583e-16 0.126043 -0.0471339
4.1 0.0238959 -3.38567e-17 0.976091 4.49574e-16 0.134961 -0.0486249
4.2 0.0272282 -3.38897e-17 0.972759 4.70419e-16 0.14402 -0.0499303
4.3 0.0308496 -3.84647e-17 0.969138 5.00646e-16 0.153168 -0.0510368
4.4 0.0347578 -3.13782e-17 0.96523 4.89083e-16 0.162347 -0.0519331
4.5 0.0389462 -2.20212e-17 0.961042 5.18078e-16 0.1715 -0.0526103
4.6 0.0434035 5.5882e-19 0.956584 5.33388e-16 0.180568 -0.0530619
4.7 0.0481143 3.27208e-17 0.951874 5.34079e-16 0.189491 -0.0532845
4.8 0.0530583 6.89666e-17 0.946929 5.27673e-16 0.19821 -0.0532775
4.9 0.0582111 1.08413e-16 0.941776 5.26782e-16 0.206667 -0.053044
5 0.0635443 1.48837e-16 0.936443 5.19501e-16 0.214806 -0.0525908
5.1 0.069026 2.03219e-16 0.930961 4.59918e-16 0.222575 -0.0519289
5.2 0.0746216 2.5564e-16 0.925365 4.48208e-16 0.229925 -0.0510734
5.3 0.0802949 3.21814e-16 0.919691 3.83232e-16 0.236814 -0.0500437
5.4 0.0860085 4.01386e-16 0.913977 3.04788e-16 0.243206 -0.0488628
5.5 0.0917256 4.99042e-16 0.908259 2.49082e-16 0.249073 -0.047557
5.6 0.0974106 5.88679e-16 0.902574 1.71236e-16 0.254395 -0.0461547
5.7 0.10303 6.56288e-16 0.896953 8.69831e-17 0.259161 -0.0446856
5.8 0.108555 6.77712e-16 0.891428 8.86282e-17 0.263368 -0.0431789
5.9 0.113958 6.68476e-16 0.886025 6.81318e-17 0.267022 -0.0416622
6 0.119217 6.48208e-16 0.880765 5.12207e-17 0.270138 -0.0401594
6.1 0.124314 6.00445e-16 0.875667 8.44594e-17 0.272737 -0.0386897
6.2 0.129234 4.89621e-16 0.870747 1.92109e-16 0.274844 -0.0372658
6.3 0.133965 3.4888e-16 0.866015 3.24556e-16 0.276491 -0.0358935
6.4 0.138496 1.90521e-16 0.861482 4.7272e-16 0.277708 -0.0345709
6.5 0.142819 4.83633e-17 0.857158 5.8108e-16 0.278528 -0.0332888
6.6 0.146922 -1.18423e-16 0.853054 7.02642e-16 0.278978 -0.0320319
6.7 0.150794 -2.17578e-16 0.849181 7.60351e-16 0.279084 -0.0307803
6.8 0.154421 -2.58581e-16 0.845553 7.30842e-16 0.278864 -0.0295116
6.9 0.157786 -2.48703e-16 0.842187 6.7327e-16 0.278331 -0.0282032
7 0.16087 -2.05099e-16 0.839102 5.77451e-16 0.277493 -0.0268345
7.1 0.163654 -9.9343e-17 0.836316 4.22229e-16 0.276351 -0.0253892
7.2 0.166118 5.27221e-17 0.833852 2.23327e-16 0.274902 -0.0238568
7.3 0.168242 2.23016e-16 0.831726 3.44441e-17 0.273139 -0.0222333
7.4 0.17001 4.65652e-16 0.829957 -2.02397e-16 0.271053 -0.0205218
7.5 0.171409 7.31589e-16 0.828556 -4.39313e-16 0.268635 -0.0187326
7.6 0.172433 1.02224e-15 0.827532 -6.66687e-16 0.265877 -0.0168816
7.7 0.173078 1.25957e-15 0.826885 -8.24138e-16 0.262771 -0.01499
7.8 0.173351 1.42e-15 0.826612 -8.83886e-16 0.259316 -0.0130816
7.9 0.173261 1.51737e-15 0.8267 -8.68618e-16 0.255511 -0.0111816
8 0.172827 1.61304e-15 0.827133 -8.57884e-16 0.251361 -0.00931473
8.1 0.172071 1.66586e-15 0.827888 -7.84127e-16 0.246873 -0.00750382
8.2 0.171019 1.64704e-15 0.828939 -6.71972e-16 0.24206 -0.00576835
8.3 0.1697 1.61572e-15 0.830256 -5.69076e-16 0.236935 -0.00412393
8.4 0.168147 1.57619e-15 0.831808 -4.72715e-16 0.231515 -0.00258186
8.5 0.166391 1.55587e-15 0.833563 -4.02249e-16 0.22582 -0.00114906
8.6 0.164465 1.54418e-15 0.835488 -3.5474e-16 0.219869 0.000171815
8.7 0.162398 1.54843e-15 0.837554 -3.34679e-16 0.213681 0.00138156
8.8 0.160219 1.55947e-15 0.839731 -3.42034e-16 0.207276 0.00248348
8.9 0.157956 1.56978e-15 0.841993 -3.6339e-16 0.200675 0.00348252
9 0.155632 1.61203e-15 0.844315 -4.36749e-16 0.193895 0.00438461
9.1 0.153269 1.67637e-15 0.846677 -5.48051e-16 0.186955 0.00519557
9.2 0.150886 1.76556e-15 0.849059 -6.95217e-16 0.179872 0.00592001
9.3 0.1485 1.84396e-15 0.851443 -8.40789e-16 0.172664 0.0065605
9.4 0.146126 1.89611e-15 0.853815 -9.69672e-16 0.165349 0.00711734
9.5 0.143779 1.93855e-15 0.856161 -1.1001e-15 0.157946 0.00758883
9.6 0.141469 1.95204e-15 0.85847 -1.20604e-15 0.150476 0.00797114
9.7 0.139207 1.94973e-15 0.86073 -1.30176e-15 0.142961 0.00825835
9.8 0.137004 1.94073e-15 0.862933 -1.38277e-15 0.135426 0.00844279
9.9 0.134865 1.92205e-15 0.86507 -1.44411e-15 0.1279 0.00851604
10 0.132799 1.89184e-15 0.867134 -1.4818e-15 0.120412 0.00847014
10.1 0.130811 1.85922e-15 0.869121 -1.50175e-15 0.112996 0.00829847
10.2 0.128905 1.83763e-15 0.871027 -1.50372e-15 0.105687 0.00799643
10.3 0.127083 1.82126e-15 0.872848 -1.4831e-15 0.0985193 0.00756193
10.4 0.125346 1.80494e-15 0.874583 -1.43488e-15 0.0915302 0.00699601
10.5 0.123695 1.78289e-15 0.876234 -1.36254e-15 0.0847549 0.0063034
10.6 0.122126 1.75925e-15 0.877802 -1.28795e-15 0.0782272 0.00549251
10.7 0.120637 1.74001e-15 0.87929 -1.2153e-15 0.0719785 0.00457553
10.8 0.119223 1.72225e-15 0.880703 -1.13644e-15 0.066037 0.00356844
10.9 0.117879 1.71174e-15 0.882046 -1.06743e-15 0.0604268 0.00249083
11 0.116599 1.71049e-15 0.883326 -1.01231e-15 0.0551668 0.00136531
11.1 0.115375 1.71586e-15 0.884548 -9.65965e-16 0.05027 0.000216746
11.2 0.114202 1.72651e-15 0.885721 -9.39518e-16 0.0457435 -0.000928422
11.3 0.113071 1.74513e-15 0.886851 -9.26479e-16 0.0415881 -0.00204299
11.4 0.111977 1.77088e-15 0.887945 -9.3478e-16 0.0377976 -0.00310001
11.5 0.110912 1.79756e-15 0.889009 -9.43934e-16 0.0343594 -0.00407424
11.6 0.109871 1.82557e-15 0.89005 -9.64644e-16 0.0312552 -0.00494324
11.7 0.108848 1.85457e-15 0.891071 -9.96513e-16 0.0284617 -0.00568808
11.8 0.10784 1.88307e-15 0.892079 -1.02939e-15 0.0259515 -0.00629387
11.9 0.106842 1.90671e-15 0.893077 -1.05513e-15 0.0236938 -0.00675037
12 0.105852 1.92193e-15 0.894067 -1.06856e-15 0.0216556 -0.00705293
12.1 0.104866 1.9303e-15 0.895051 -1.07849e-15 0.0198028 -0.00720273
12.2 0.103885 1.93013e-15 0.896032 -1.08348e-15 0.0181022 -0.00720674
12.3 0.102907 1.91431e-15 0.89701 -1.0714e-15 0.0165226 -0.00707715
12.4 0.101932 1.90121e-15 0.897985 -1.07863e-15 0.015036 -0.0068306
12.5 0.100959 1.88316e-15 0.898957 -1.08732e-15 0.0136184 -0.00648745
12.6 0.0999892 1.85972e-15 0.899927 -1.08539e-15 0.0122508 -0.00607075
12.7 0.099023 1.83214e-15 0.900893 -1.08575e-15 0.0109196 -0.00560487
12.8 0.0980611 1.79994e-15 0.901854 -1.0761e-15 0.00961658 -0.00511421
12.9 0.0971041 1.76375e-15 0.902811 -1.063e-15 0.00833883 -0.00462207
13 0.0961528 1.7252e-15 0.903762 -1.03927e-15 0.00708804 -0.00414978
13.1 0.0952078 1.68421e-15 0.904706 -1.01443e-15 0.00586999 -0.00371595
13.2 0.0942697 1.64343e-15 0.905644 -9.84257e-16 0.00469427 -0.00333517
13.3 0.093339 1.6096e-15 0.906574 -9.62493e-16 0.00357278 -0.00301801
13.4 0.0924161 1.57357e-15 0.907497 -9.37205e-16 0.00251902 -0.00277046
13.5 0.0915012 1.54002e-15 0.908411 -9.18826e-16 0.00154712 -0.00259383
13.6 0.0905947 1.50637e-15 0.909318 -9.05818e-16 0.000670755 -0.00248464
13.7 0.0896965 1.47412e-15 0.910215 -8.88523e-16 -9.78227e-05 -0.00243478
13.8 0.0888068 1.45189e-15 0.911105 -8.7578e-16 -0.000749158 -0.00243245
13.9 0.0879257 1.43399e-15 0.911986 -8.53837e-16 -0.00127699 -0.00246274
14 0.087053 1.41832e-15 0.912858 -8.32134e-16 -0.00167915 -0.00250889
14.1 0.0861887 1.40533e-15 0.913722 -8.16491e-16 -0.00195746 -0.00255306
14.2 0.0853328 1.39347e-15 0.914578 -8.00935e-16 -0.00211825 -0.00257761
14.3 0.0844852 1.38218e-15 0.915425 -7.9194e-16 -0.00217215 -0.00256618
14.4 0.0836457 1.37515e-15 0.916264 -7.8241e-16 -0.00213345 -0.00250486
14.5 0.0828144 1.37065e-15 0.917096 -7.73805e-16 -0.00201897 -0.00238286
14.6 0.0819912 1.36322e-15 0.917919 -7.64433e-16 -0.00184733 -0.00219273
14.7 0.081176 1.35423e-15 0.918734 -7.54217e-16 -0.00163843 -0.0019307
14.8 0.0803688 1.34363e-15 0.919541 -7.43803e-16 -0.0014129 -0.00159695
14.9 0.0795694 1.33137e-15 0.92034 -7.38177e-16 -0.00119083 -0.00119571
15 0.0787779 1.31942e-15 0.921131 -7.32044e-16 -0.00099101 -0.00073557
15.1 0.0779941 1.30945e-15 0.921915 -7.3514e-16 -0.000829706 -0.000228891
15.2 0.0772181 1.30194e-15 0.922691 -7.42877e-16 -0.000719855 0.000308889
15.3 0.0764497 1.29338e-15 0.923459 -7.57193e-16 -0.000670521 0.000860204
15.4 0.0756889 1.27631e-15 0.92422 -7.69665e-16 -0.000686542 0.00140612
15.5 0.0749356 1.25847e-15 0.924973 -7.75698e-16 -0.000767797 0.0019278
15.6 0.0741897 1.24174e-15 0.925719 -7.89108e-16 -0.000910019 0.00240729
15.7 0.0734513 1.22653e-15 0.926457 -7.96628e-16 -0.00110487 0.00282851
15.8 0.0727201 1.20985e-15 0.927188 -8.03524e-16 -0.00134049 0.00317874
15.9 0.0719963 1.1951e-15 0.927912 -8.23126e-16 -0.00160296 0.00344832
16 0.0712797 1.18222e-15 0.928628 -8.33278e-16 -0.0018765 0.00363113
16.1 0.0705702 1.17401e-15 0.929337 -8.42206e-16 -0.00214444 0.00372516
16.2 0.0698679 1.16713e-15 0.93004 -8.53165e-16 -0.00239024 0.00373239
16.3 0.0691726 1.16064e-15 0.930735 -8.77004e-16 -0.0025983 0.00365854
16.4 0.0684844 1.15009e-15 0.931423 -9.00065e-16 -0.00275462 0.00351288
16.5 0.0678029 1.12595e-15 0.932105 -9.30466e-16 -0.00284767 0.00330779
16.6 0.0671282 1.10042e-15 0.932779 -9.56311e-16 -0.00286867 0.00305808
16.7 0.0664603 1.07526e-15 0.933447 -9.86854e-16 -0.00281252 0.00278079
16.8 0.065799 1.04858e-15 0.934108 -1.01783e-15 -0.00267829 0.00249374
16.9 0.0651442 1.01543e-15 0.934763 -1.03427e-15 -0.00246937 0.0022146
17 0.064496 9.8444e-16 0.935411 -1.03587e-15 -0.00219328 0.00195973
17.1 0.0638543 9.70417e-16 0.936053 -1.02687e-15 -0.00186094 0.00174322
17.2 0.063219 9.59015e-16 0.936688 -1.01062e-15 -0.00148626 0.00157631
17.3 0.0625899 9.48635e-16 0.937317 -9.88323e-16 -0.00108488 0.00146657
17.4 0.0619671 9.38355e-16 0.93794 -9.70604e-16 -0.000673329 0.00141769
17.5 0.0613506 9.26598e-16 0.938556 -9.59838e-16 -0.000268309 0.00143002
17.6 0.0607401 9.15886e-16 0.939167 -9.48076e-16 0.000113892 0.00149991
17.7 0.0601357 9.04416e-16 0.939771 -9.45225e-16 0.000458594 0.00162035
17.8 0.0595373 8.92866e-16 0.94037 -9.44438e-16 0.000753415 0.0017814
17.9 0.0589449 8.83693e-16 0.940962 -9.48278e-16 0.000988688 0.00197081
18 0.0583584 8.73703e-16 0.941549 -9.4961e-16 0.00115789 0.00217471
18.1 0.0577777 8.64681e-16 0.942129 -9.51433e-16 0.00125822 0.00237833
18.2 0.0572028 8.55622e-16 0.942704 -9.54274e-16 0.00129012 0.00256676
18.3 0.0566336 8.47441e-16 0.943273 -9.62093e-16 0.00125769 0.00272587
18.4 0.0560701 8.38775e-16 0.943837 -9.68473e-16 0.00116802 0.00284282
18.5 0.0555122 8.29929e-16 0.944395 -9.68743e-16 0.00103115 0.0029069
18.6 0.0549598 8.21898e-16 0.944947 -9.79577e-16 0.000859387 0.00291009
18.7 0.054413 8.13855e-16 0.945494 -9.87524e-16 0.000666743 0.00284744
18.8 0.0538715 8.06207e-16 0.946035 -9.91967e-16 0.000467849 0.00271737
18.9 0.0533355 7.98339e-16 0.946571 -9.88671e-16 0.000277375 0.00252172
19 0.0528048 7.90165e-16 0.947102 -9.84685e-16 0.000109362 0.00226566
19.1 0.0522794 7.81596e-16 0.947628 -9.66135e-16 -2.34902e-05 0.00195764
19.2 0.0517592 7.73476e-16 0.948148 -9.51046e-16 -0.000110683 0.00160858
19.3 0.0512442 7.64981e-16 0.948663 -9.32267e-16 -0.000144514 0.00123159
19.4 0.0507343 7.5689e-16 0.949173 -9.17054e-16 -0.000120428 0.000841342
19.5 0.0502295 7.49451e-16 0.949678 -9.12706e-16 -3.72082e-05 0.000453196
19.6 0.0497297 7.41903e-16 0.950177 -9.04255e-16 0.000102756 8.20592e-05
19.7 0.0492349 7.34127e-16 0.950672 -8.89001e-16 0.000293847 -0.000258189
19.8 0.048745 7.26926e-16 0.951162 -8.82768e-16 0.000527573 -0.000555194
19.9 0.04826 7.19808e-16 0.951647 -8.7928e-16 0.000792998 -0.000798922
20 0.0477798 7.12617e-16 0.952127 -8.73054e-16 0.00107702 -0.000982134
