0 0 0 1 0 0 0
0.1 1.71708e-07 1.28169e-21 0.999972 7.90316e-15 4.82638e-05 -0.000411205
0.2 7.90807e-07 6.34411e-21 0.999969 7.09185e-15 0.000195278 -0.000865941
0.3 2.03579e-06 1.44193e-20 0.999965 7.3901e-15 0.000448638 -0.00134992
0.4 4.11494e-06 2.71633e-20 0.999958 7.7195e-15 0.000812468 -0.00184881
0.5 7.26547e-06 5.03785e-20 0.999951 7.52932e-15 0.00128752 -0.0023492
0.6 1.17523e-05 8.81863e-20 0.999942 7.42128e-15 0.00187152 -0.00283942
0.7 1.78672e-05 1.41252e-19 0.999931 7.50383e-15 0.00255966 -0.0033104
0.8 2.59296e-05 2.28202e-19 0.999918 6.87816e-15 0.00334528 -0.00375624
0.9 3.62901e-05 3.05382e-19 0.999904 7.4974e-15 0.00422072 -0.00417474
1 4.93386e-05 4.41826e-19 0.999887 7.67109e-15 0.00517817 -0.00456762
1.1 6.55191e-05 5.84091e-19 0.999869 8.32966e-15 0.0062106 -0.00494062
1.2 8.53529e-05 1.01045e-18 0.999847 5.87091e-15 0.00731267 -0.00530328
1.3 0.000109473 1.25887e-18 0.999822 4.60921e-15 0.00848158 -0.00566861
1.4 0.000138669 1.30286e-18 0.999792 4.40797e-15 0.00971777 -0.00605253
1.5 0.000173952 1.30169e-18 0.999758 4.16156e-15 0.0110255 -0.00647313
1.6 0.000216626 1.6143e-18 0.999716 2.66565e-15 0.0124133 -0.00694988
1.7 0.000268381 1.44985e-18 0.999665 3.45491e-15 0.0138939 -0.00750269
1.8 0.000331397 1.55208e-18 0.999603 3.66984e-15 0.0154845 -0.00815101
1.9 0.000408466 1.42743e-18 0.999527 4.5979e-15 0.0172063 -0.00891291
2 0.000503114 2.10453e-18 0.999433 3.94363e-15 0.0190844 -0.0098042
2.1 0.000619733 2.32602e-18 0.999317 4.17725e-15 0.0211465 -0.0108377
2.2 0.000763714 1.96772e-18 0.999172 5.17958e-15 0.0234227 -0.0120227
2.3 0.000941569 2.87865e-18 0.998994 4.83693e-15 0.0259442 -0.0133644
2.4 0.00116104 2.94098e-18 0.998773 5.08349e-15 0.0287427 -0.0148635
2.5 0.00143117 4.5122e-18 0.998503 5.35973e-15 0.0318488 -0.0165167
2.6 0.00176241 5.21487e-18 0.998171 6.29057e-15 0.0352914 -0.0183161
2.7 0.00216656 7.75504e-18 0.997767 6.94619e-15 0.0390965 -0.0202499
2.8 0.00265682 1.31642e-17 0.997277 7.63832e-15 0.0432864 -0.0223028
2.9 0.00324769 2.35321e-17 0.996686 7.45756e-15 0.0478791 -0.0244564
3 0.00395489 3.26368e-17 0.995979 8.35082e-15 0.0528873 -0.0266898
3.1 0.00479518 4.66692e-17 0.995139 8.15134e-15 0.0583184 -0.0289803
3.2 0.00578616 6.74775e-17 0.994148 7.11911e-15 0.0641735 -0.031304
3.3 0.00694601 8.13341e-17 0.992989 6.03733e-15 0.070448 -0.0336366
3.4 0.00829322 8.51944e-17 0.991642 5.74739e-15 0.0771313 -0.0359535
3.5 0.00984626 8.80003e-17 0.99009 5.79413e-15 0.0842065 -0.0382308
3.6 0.0116232 6.87695e-17 0.988313 6.89071e-15 0.0916511 -0.0404456
3.7 0.0136413 6.2529e-17 0.986296 6.71024e-15 0.0994374 -0.042576
3.8 0.0159167 -1.24822e-17 0.984021 9.7574e-15 0.107532 -0.0446014
3.9 0.0184638 -5.70544e-17 0.981474 9.61714e-15 0.115899 -0.0465029
4 0.0212952 -7.16341e-17 0.978643 9.88152e-15 0.124494 -0.0482626
4.1 0.0244208 -5.68021e-17 0.975518 8.62977e-15 0.133274 -0.0498647
4.2 0.0278475 -5.54044e-17 0.972091 8.17175e-15 0.142189 -0.0512945
4.3 0.0315791 -9.1815e-17 0.96836 9.2243e-15 0.151187 -0.0525386
4.4 0.0356153 -1.58787e-16 0.964324 1.03288e-14 0.160216 -0.0535853
4.5 0.039952 -1.68263e-16 0.959987 1.07694e-14 0.169219 -0.0544241
4.6 0.0445803 -1.05691e-16 0.955359 1.01323e-14 0.178138 -0.0550461
4.7 0.0494868 -1.33638e-16 0.950452 1.10727e-14 0.186917 -0.0554446
4.8 0.0546532 -7.89095e-17 0.945286 1.20588e-14 0.195497 -0.0556153
4.9 0.0600566 8.7432e-17 0.939882 1.15146e-14 0.20382 -0.0555565
5 0.0656692 2.83399e-16 0.934269 1.11003e-14 0.21183 -0.05527
5.1 0.0714593 4.98852e-16 0.928478 1.05532e-14 0.219474 -0.0547615
5.2 0.0773914 6.90729e-16 0.922546 9.81586e-15 0.226701 -0.0540408
5.3 0.0834274 8.14663e-16 0.91651 9.97766e-15 0.233467 -0.0531223
5.4 0.0895272 1.00841e-15 0.910409 8.94357e-15 0.239731 -0.0520248
5.5 0.0956502 1.01544e-15 0.904286 9.93539e-15 0.245462 -0.0507713
5.6 0.101756 1.03152e-15 0.898179 1.02184e-14 0.250636 -0.0493882
5.7 0.107807 1.037e-15 0.892129 1.10276e-14 0.255238 -0.0479042
5.8 0.113766 1.23736e-15 0.886169 1.1004e-14 0.259262 -0.0463489
5.9 0.119601 1.58306e-15 0.880332 9.35543e-15 0.262711 -0.0447515
6 0.125285 1.63212e-15 0.874648 8.78732e-15 0.265595 -0.043139
6.1 0.130794 1.27961e-15 0.869138 1.0725e-14 0.267933 -0.0415351
6.2 0.136107 9.37237e-16 0.863824 1.25999e-14 0.26975 -0.0399585
6.3 0.141209 8.6592e-16 0.858721 1.29584e-14 0.271075 -0.038422
6.4 0.146087 1.06904e-15 0.853841 1.20349e-14 0.271938 -0.0369322
6.5 0.150731 9.8024e-16 0.849196 1.25904e-14 0.272374 -0.0354888
6.6 0.155131 1.22668e-15 0.844795 1.14252e-14 0.272412 -0.0340848
6.7 0.159278 1.26824e-15 0.840647 1.08473e-14 0.272082 -0.0327081
6.8 0.163161 1.15359e-15 0.836763 1.06409e-14 0.271408 -0.0313426
6.9 0.166769 7.87696e-16 0.833154 1.18906e-14 0.270408 -0.02997
7 0.170089 7.5616e-16 0.829833 1.20161e-14 0.269094 -0.0285723
7.1 0.173107 5.96126e-16 0.826814 1.29175e-14 0.267473 -0.0271337
7.2 0.175809 7.94716e-16 0.82411 1.2794e-14 0.265546 -0.0256423
7.3 0.178181 9.4654e-16 0.821736 1.26738e-14 0.263309 -0.0240918
7.4 0.180212 1.17419e-15 0.819704 1.28076e-14 0.260756 -0.0224822
7.5 0.181892 1.59365e-15 0.818023 1.17789e-14 0.257878 -0.0208205
7.6 0.183216 2.04999e-15 0.816697 1.07493e-14 0.254668 -0.0191197
7.7 0.184186 2.52687e-15 0.815726 1.00863e-14 0.25112 -0.0173981
7.8 0.184808 2.95034e-15 0.815104 9.58121e-15 0.247232 -0.0156774
7.9 0.185092 3.3512e-15 0.814819 9.21587e-15 0.243005 -0.0139813
8 0.185056 3.59747e-15 0.814854 9.55786e-15 0.238447 -0.0123327
8.1 0.184722 3.8663e-15 0.815187 9.64063e-15 0.233568 -0.0107525
8.2 0.184115 3.73057e-15 0.815793 1.09291e-14 0.228385 -0.00925785
8.3 0.183263 3.61478e-15 0.816645 1.12163e-14 0.222917 -0.00786136
8.4 0.182195 3.42986e-15 0.817712 1.21146e-14 0.217185 -0.00657054
8.5 0.180939 3.34585e-15 0.818967 1.18978e-14 0.211214 -0.00538815
8.6 0.179525 2.93054e-15 0.82038 1.27593e-14 0.205027 -0.00431246
8.7 0.177978 2.65916e-15 0.821927 1.23289e-14 0.198649 -0.00333785
8.8 0.176322 2.28501e-15 0.823582 1.25495e-14 0.192105 -0.00245557
8.9 0.174578 1.88795e-15 0.825325 1.34219e-14 0.185419 -0.001655
9 0.172766 1.68236e-15 0.827137 1.38002e-14 0.178612 -0.000924275
9.1 0.170901 1.70951e-15 0.829002 1.33097e-14 0.171705 -0.000251481
9.2 0.168997 1.8237e-15 0.830906 1.24401e-14 0.164715 0.000374006
9.3 0.167065 1.93673e-15 0.832837 1.15628e-14 0.15766 0.000960273
9.4 0.165116 1.94599e-15 0.834787 1.20273e-14 0.150556 0.00151203
9.5 0.163157 1.90854e-15 0.836745 1.22493e-14 0.143419 0.00203056
9.6 0.161196 1.85594e-15 0.838705 1.25081e-14 0.136268 0.00251422
9.7 0.159243 1.93483e-15 0.840658 1.24487e-14 0.129123 0.00295899
9.8 0.157302 1.573e-15 0.842599 1.45478e-14 0.122005 0.00335914
9.9 0.15538 1.50976e-15 0.844521 1.51668e-14 0.114937 0.00370785
10 0.153484 1.29847e-15 0.846417 1.69252e-14 0.107944 0.00399783
10.1 0.151617 1.62244e-15 0.848284 1.56836e-14 0.101053 0.0042218
10.2 0.149786 1.57655e-15 0.850115 1.6089e-14 0.0942898 0.00437299
10.3 0.147993 1.48423e-15 0.851908 1.6942e-14 0.0876832 0.00444549
10.4 0.146242 1.60943e-15 0.853659 1.6365e-14 0.0812614 0.00443476
10.5 0.144534 1.59605e-15 0.855366 1.67046e-14 0.0750535 0.00433854
10.6 0.142872 1.83403e-15 0.857027 1.54616e-14 0.069088 0.00415763
10.7 0.141256 1.87454e-15 0.858643 1.56362e-14 0.0633917 0.0038966
10.8 0.139685 1.91299e-15 0.860214 1.5838e-14 0.057989 0.00356381
10.9 0.138158 2.01829e-15 0.861741 1.57362e-14 0.0529004 0.00317115
11 0.136672 2.07389e-15 0.863227 1.58668e-14 0.048142 0.00273359
11.1 0.135226 2.05187e-15 0.864673 1.647e-14 0.0437248 0.00226857
11.2 0.133815 2.09336e-15 0.866083 1.6103e-14 0.0396544 0.00179532
11.3 0.132437 2.18725e-15 0.867462 1.56554e-14 0.0359305 0.00133404
11.4 0.131088 2.26781e-15 0.868811 1.49164e-14 0.0325468 0.000904599
11.5 0.129764 2.20032e-15 0.870135 1.51312e-14 0.0294913 0.000525459
11.6 0.128462 2.09551e-15 0.871437 1.55724e-14 0.0267469 0.000213018
11.7 0.127179 1.99293e-15 0.87272 1.59931e-14 0.0242922 -1.92656e-05
11.8 0.125912 1.95711e-15 0.873986 1.60607e-14 0.0221025 -0.000161369
11.9 0.12466 1.88518e-15 0.875238 1.63368e-14 0.02015 -0.00020697
12 0.12342 1.69764e-15 0.876478 1.69156e-14 0.0184055 -0.000153828
12.1 0.122192 1.50393e-15 0.877706 1.77774e-14 0.016839 -3.74024e-06
12.2 0.120975 1.40593e-15 0.878923 1.78576e-14 0.0154202 0.000236941
12.3 0.119767 1.32324e-15 0.88013 1.79314e-14 0.0141198 0.000557298
12.4 0.11857 1.38731e-15 0.881328 1.70351e-14 0.0129109 0.000941998
12.5 0.117382 1.29351e-15 0.882515 1.73822e-14 0.0117708 0.00137204
12.6 0.116205 1.38244e-15 0.883692 1.64437e-14 0.0106814 0.00182636
12.7 0.115038 1.36682e-15 0.884859 1.64291e-14 0.00962994 0.00228316
12.8 0.113882 1.45573e-15 0.886015 1.55e-14 0.00860823 0.00272131
12.9 0.112738 1.41873e-15 0.88716 1.56464e-14 0.00761248 0.00312084
13 0.111604 1.35047e-15 0.888293 1.62103e-14 0.00664311 0.00346393
13.1 0.110483 1.33369e-15 0.889414 1.61789e-14 0.00570418 0.00373532
13.2 0.109374 1.45234e-15 0.890524 1.51457e-14 0.00480299 0.00392306
13.3 0.108276 1.58349e-15 0.891621 1.36026e-14 0.00394968 0.00401912
13.4 0.107191 1.5839e-15 0.892707 1.32608e-14 0.00315597 0.00402
13.5 0.106117 1.5625e-15 0.89378 1.31789e-14 0.00243412 0.00392675
13.6 0.105055 1.60906e-15 0.894842 1.23706e-14 0.00179584 0.00374506
13.7 0.104005 1.57695e-15 0.895892 1.26128e-14 0.00125109 0.00348462
13.8 0.102966 1.50075e-15 0.896931 1.292e-14 0.0008074 0.00315881
13.9 0.101939 1.4725e-15 0.897958 1.28993e-14 0.000469311 0.00278349
14 0.100922 1.44833e-15 0.898975 1.28845e-14 0.000238029 0.0023765
14.1 0.0999167 1.43442e-15 0.899981 1.27986e-14 0.000111066 0.0019567
14.2 0.0989214 1.40594e-15 0.900976 1.28784e-14 8.1586e-05 0.00154291
14.3 0.0979364 1.39444e-15 0.901961 1.28712e-14 0.000139267 0.00115226
14.4 0.0969615 1.37301e-15 0.902936 1.29485e-14 0.000270752 0.000800068
14.5 0.0959964 1.36713e-15 0.903901 1.28967e-14 0.000459815 0.000498894
14.6 0.0950411 1.36411e-15 0.904856 1.29136e-14 0.000688333 0.000257765
14.7 0.0940953 1.36607e-15 0.905802 1.28858e-14 0.000937127 8.18459e-05
14.8 0.0931591 1.3516e-15 0.906738 1.29761e-14 0.00118671 -2.7718e-05
14.9 0.0922321 1.35307e-15 0.907665 1.29652e-14 0.00141892 -7.42147e-05
15 0.0913144 1.33755e-15 0.908582 1.30896e-14 0.00161762 -6.45481e-05
15.1 0.0904057 1.33096e-15 0.909491 1.31264e-14 0.00176951 -8.52291e-06
15.2 0.0895062 1.32927e-15 0.91039 1.31034e-14 0.0018645 8.18474e-05
15.3 0.0886155 1.32056e-15 0.911281 1.31193e-14 0.001896 0.000192988
15.4 0.0877338 1.30469e-15 0.912163 1.31828e-14 0.001861 0.000310324
15.5 0.0868608 1.29931e-15 0.913035 1.31727e-14 0.00176049 0.000419253
15.6 0.0859964 1.28172e-15 0.913899 1.32664e-14 0.00159932 0.00050578
15.7 0.0851407 1.26186e-15 0.914755 1.33554e-14 0.00138584 0.000557836
15.8 0.0842935 1.26278e-15 0.915602 1.3238e-14 0.00113122 0.000565956
15.9 0.0834547 1.24561e-15 0.91644 1.33019e-14 0.00084855 0.000523613
16 0.0826242 1.24619e-15 0.917271 1.3218e-14 0.000552179 0.000427227
16.1 0.0818021 1.22021e-15 0.918093 1.33592e-14 0.000257345 0.000276596
16.2 0.0809881 1.20793e-15 0.918906 1.3393e-14 -2.07451e-05 7.49296e-05
16.3 0.0801823 1.19042e-15 0.919712 1.34296e-14 -0.000267578 -0.000171079
16.4 0.0793844 1.18081e-15 0.92051 1.3441e-14 -0.000470409 -0.000451521
16.5 0.0785946 1.15763e-15 0.9213 1.35852e-14 -0.00061954 -0.000753232
16.6 0.0778126 1.15166e-15 0.922082 1.35081e-14 -0.000708547 -0.00106169
16.7 0.0770383 1.14223e-15 0.922856 1.35126e-14 -0.000735093 -0.00136155
16.8 0.0762718 1.11991e-15 0.923623 1.36805e-14 -0.000700574 -0.00163786
16.9 0.0755129 1.11177e-15 0.924381 1.36709e-14 -0.00060971 -0.00187701
17 0.0747615 1.09992e-15 0.925133 1.36957e-14 -0.000470045 -0.00206721
17.1 0.0740176 1.09656e-15 0.925876 1.3611e-14 -0.00029131 -0.0021988
17.2 0.0732811 1.0881e-15 0.926613 1.35951e-14 -8.51112e-05 -0.0022646
17.3 0.072552 1.07801e-15 0.927342 1.35945e-14 0.000135571 -0.0022602
17.4 0.07183 1.07603e-15 0.928064 1.34946e-14 0.000356901 -0.0021844
17.5 0.0711153 1.06662e-15 0.928778 1.34702e-14 0.000564919 -0.00203925
17.6 0.0704077 1.05705e-15 0.929486 1.34901e-14 0.000746319 -0.00183017
17.7 0.0697071 1.04814e-15 0.930186 1.34726e-14 0.000888875 -0.0015656
17.8 0.0690135 1.03791e-15 0.93088 1.34623e-14 0.000982457 -0.00125696
17.9 0.0683268 1.02828e-15 0.931566 1.34596e-14 0.00101973 -0.00091801
18 0.067647 1.01807e-15 0.932246 1.34609e-14 0.000996855 -0.000564125
18.1 0.0669739 1.00963e-15 0.932919 1.34402e-14 0.000913741 -0.000211151
18.2 0.0663075 9.9969e-16 0.933586 1.34344e-14 0.000773951 0.000125667
18.3 0.0656477 9.90444e-16 0.934246 1.34347e-14 0.0005842 0.000432596
18.4 0.0649945 9.80568e-16 0.934899 1.34385e-14 0.000353725 0.000697991
18.5 0.0643478 9.72415e-16 0.935546 1.3423e-14 9.36009e-05 0.000912535
18.6 0.0637075 9.6113e-16 0.936186 1.34557e-14 -0.000183655 0.00106946
18.7 0.0630736 9.52235e-16 0.93682 1.34568e-14 -0.000464506 0.00116487
18.8 0.062446 9.39556e-16 0.937447 1.3511e-14 -0.000734933 0.00119794
18.9 0.0618247 9.30305e-16 0.938069 1.35124e-14 -0.000981158 0.00117128
19 0.0612095 9.20343e-16 0.938684 1.35269e-14 -0.00119065 0.00109086
19.1 0.0606005 9.10746e-16 0.939293 1.3538e-14 -0.00135294 0.000965477
19.2 0.0599975 9.01446e-16 0.939896 1.35495e-14 -0.00146007 0.000806008
19.3 0.0594005 8.92356e-16 0.940493 1.35569e-14 -0.00150754 0.000624982
19.4 0.0588095 8.83242e-16 0.941084 1.35725e-14 -0.0014939 0.000435514
19.5 0.0582243 8.74252e-16 0.941669 1.35839e-14 -0.00142066 0.0002506
19.6 0.0576449 8.65596e-16 0.942248 1.35888e-14 -0.00129242 8.25106e-05
19.7 0.0570714 8.56925e-16 0.942822 1.3598e-14 -0.00111648 -5.79055e-05
19.8 0.0565035 8.48211e-16 0.94339 1.36099e-14 -0.000902568 -0.000161893
19.9 0.0559413 8.39673e-16 0.943952 1.36191e-14 -0.000662418 -0.000222883
20 0.0553847 8.30932e-16 0.944509 1.36196e-14 -0.000408877 -0.000237395
