0 0 0 1 0 0 0
0.1 1.7171e-07 -6.11517e-23 0.999984 4.14906e-16 4.82649e-05 -0.000411227
0.2 7.90833e-07 -5.43438e-22 0.999984 4.68568e-16 0.000195293 -0.000866041
0.3 2.03592e-06 1.53013e-21 0.999984 -4.16234e-16 0.000448708 -0.00135019
0.4 4.11542e-06 3.96675e-21 0.999984 -7.21424e-16 0.000812676 -0.00184938
0.5 7.26678e-06 5.62827e-21 0.999982 -7.53869e-16 0.00128801 -0.00235021
0.6 1.17553e-05 7.3664e-21 0.999979 -7.11094e-16 0.00187251 -0.00284103
0.7 1.78732e-05 7.54594e-21 0.999974 -6.70653e-16 0.00256143 -0.00331272
0.8 2.59405e-05 3.78731e-21 0.999967 -6.14761e-16 0.00334822 -0.00375937
0.9 3.63084e-05 -4.94596e-21 0.999956 -5.53423e-16 0.00422525 -0.0041787
1 4.93673e-05 -1.97788e-20 0.999943 -4.802e-16 0.00518479 -0.00457235
1.1 6.55616e-05 -3.54378e-20 0.999927 -4.04646e-16 0.00621982 -0.00494594
1.2 8.54124e-05 -5.88512e-20 0.999907 -3.20264e-16 0.00732502 -0.00530891
1.3 0.000109552 -9.33572e-20 0.999883 -2.30172e-16 0.00849756 -0.00567417
1.4 0.000138768 -1.32332e-19 0.999854 -1.47841e-16 0.00973783 -0.00605754
1.5 0.000174069 -1.83514e-19 0.999818 -7.94562e-17 0.01105 -0.00647703
1.6 0.000216753 -1.97711e-19 0.999776 -5.22689e-17 0.0124426 -0.00695202
1.7 0.000268503 -1.52592e-19 0.999724 -2.56241e-17 0.0139281 -0.00750241
1.8 0.000331492 -1.64577e-19 0.999662 -4.63138e-17 0.0155239 -0.0081476
1.9 0.000408498 -1.87261e-19 0.999585 -1.05858e-16 0.0172509 -0.00890565
2 0.000503032 -3.15702e-19 0.999491 -1.79788e-16 0.019134 -0.00979243
2.1 0.000619468 -3.42918e-19 0.999375 -2.67018e-16 0.021201 -0.0108208
2.2 0.000763176 -4.8081e-19 0.999231 -3.66055e-16 0.0234819 -0.0120002
2.3 0.000940642 -4.51715e-19 0.999054 -4.87143e-16 0.0260078 -0.0133359
2.4 0.00115958 -5.27948e-19 0.998834 -5.76425e-16 0.0288104 -0.0148288
2.5 0.00142901 -1.05033e-18 0.998564 -6.28833e-16 0.0319203 -0.0164757
2.6 0.00175934 -1.49007e-18 0.998233 -6.51338e-16 0.0353667 -0.0182689
2.7 0.00216235 -1.65637e-18 0.997829 -6.44954e-16 0.0391755 -0.0201967
2.8 0.00265121 -1.96366e-18 0.997339 -6.32986e-16 0.0433694 -0.0222438
2.9 0.0032404 -2.35252e-18 0.996749 -5.96958e-16 0.0479665 -0.0243919
3 0.00394561 -3.89508e-18 0.996043 -4.96087e-16 0.0529798 -0.0266201
3.1 0.00478355 -6.50223e-18 0.995204 -3.41333e-16 0.0584166 -0.0289056
3.2 0.0057718 -8.56141e-18 0.994216 -2.09448e-16 0.0642785 -0.0312244
3.3 0.00692849 -1.21378e-17 0.993059 -7.85584e-17 0.070561 -0.033552
3.4 0.00827207 -1.71784e-17 0.991715 4.72229e-17 0.0772535 -0.0358638
3.5 0.00982093 -2.34496e-17 0.990167 1.59543e-16 0.0843393 -0.0381357
3.6 0.0115931 -2.97764e-17 0.988395 2.53461e-16 0.0917961 -0.0403445
3.7 0.0136057 -4.01276e-17 0.986383 2.7739e-16 0.0995962 -0.0424679
3.8 0.0158747 -5.07717e-17 0.984114 3.50743e-16 0.107706 -0.0444852
3.9 0.0184146 -6.09836e-17 0.981575 3.46301e-16 0.11609 -0.046377
4 0.0212374 -7.19827e-17 0.978752 3.35185e-16 0.124703 -0.0481253
4.1 0.0243531 -7.43299e-17 0.975637 2.431e-16 0.133502 -0.0497137
4.2 0.0277682 -7.00301e-17 0.972222 1.94213e-16 0.142437 -0.0511274
4.3 0.0314862 -5.10916e-17 0.968504 7.99411e-17 0.151455 -0.0523531
4.4 0.0355065 -1.63511e-17 0.964483 -9.57584e-17 0.160503 -0.0533792
4.5 0.0398245 2.95522e-17 0.960165 -2.6073e-16 0.169523 -0.0541957
4.6 0.0444311 8.93787e-17 0.955558 -4.59103e-16 0.17846 -0.0547945
4.7 0.0493127 1.51024e-16 0.950676 -6.3688e-16 0.187253 -0.0551696
4.8 0.0544508 2.15916e-16 0.945538 -8.03549e-16 0.195846 -0.0553176
4.9 0.0598223 2.78361e-16 0.940166 -9.14017e-16 0.20418 -0.0552378
5 0.0653996 3.35082e-16 0.934589 -1.00652e-15 0.212199 -0.054933
5.1 0.0711511 3.86981e-16 0.928837 -1.04533e-15 0.219851 -0.0544096
5.2 0.0770417 4.09222e-16 0.922946 -1.02594e-15 0.227086 -0.0536783
5.3 0.0830338 4.18605e-16 0.916953 -1.01792e-15 0.233859 -0.0527542
5.4 0.0890881 4.2331e-16 0.910899 -1.00868e-15 0.240131 -0.0516566
5.5 0.0951646 4.0068e-16 0.904822 -9.3016e-16 0.245871 -0.050409
5.6 0.101224 3.67616e-16 0.898762 -7.85903e-16 0.251056 -0.0490377
5.7 0.107229 3.33504e-16 0.892756 -6.24268e-16 0.255673 -0.0475711
5.8 0.113145 3.0114e-16 0.88684 -4.34322e-16 0.259715 -0.0460382
5.9 0.11894 2.56619e-16 0.881044 -2.78472e-16 0.263186 -0.0444673
6 0.124586 2.30135e-16 0.875396 -1.04087e-16 0.266097 -0.0428847
6.1 0.130062 2.29812e-16 0.86992 1.57608e-17 0.268466 -0.041313
6.2 0.135346 2.62685e-16 0.864633 7.61353e-17 0.27032 -0.0397701
6.3 0.140425 3.81801e-16 0.859553 1.01923e-16 0.271686 -0.0382678
6.4 0.145285 5.53408e-16 0.854691 3.67807e-18 0.272597 -0.0368108
6.5 0.149916 7.80763e-16 0.850059 -1.4757e-16 0.273086 -0.0353966
6.6 0.154306 1.02014e-15 0.845666 -3.39636e-16 0.273182 -0.0340171
6.7 0.158447 1.33206e-15 0.841524 -6.24703e-16 0.272914 -0.0326588
6.8 0.162325 1.73534e-15 0.837643 -9.45009e-16 0.272304 -0.0313051
6.9 0.16593 2.15095e-15 0.834037 -1.36899e-15 0.271369 -0.0299376
7 0.169246 2.51813e-15 0.830718 -1.70409e-15 0.270123 -0.0285384
7.1 0.172259 2.81864e-15 0.827703 -1.9344e-15 0.268569 -0.0270922
7.2 0.174953 3.10385e-15 0.825007 -2.23571e-15 0.266708 -0.0255881
7.3 0.177314 3.28617e-15 0.822643 -2.44658e-15 0.264537 -0.0240209
7.4 0.17933 3.40536e-15 0.820626 -2.58915e-15 0.26205 -0.0223913
7.5 0.180991 3.432e-15 0.818963 -2.64313e-15 0.259239 -0.0207063
7.6 0.182292 3.41297e-15 0.817659 -2.69398e-15 0.256095 -0.0189789
7.7 0.183233 3.33948e-15 0.816716 -2.68599e-15 0.252613 -0.0172272
7.8 0.18382 3.21513e-15 0.816127 -2.54347e-15 0.24879 -0.0154729
7.9 0.184065 3.06455e-15 0.81588 -2.38072e-15 0.244626 -0.0137396
8 0.183984 2.95669e-15 0.815959 -2.30368e-15 0.240125 -0.0120513
8.1 0.183599 2.87025e-15 0.816341 -2.20448e-15 0.235299 -0.01043
8.2 0.182937 2.83367e-15 0.817001 -2.15961e-15 0.230162 -0.00889466
8.3 0.182025 2.86474e-15 0.81791 -2.17697e-15 0.224732 -0.00745976
8.4 0.180894 2.91933e-15 0.819039 -2.22665e-15 0.21903 -0.00613458
8.5 0.179574 3.00436e-15 0.820357 -2.31171e-15 0.213081 -0.00492291
8.6 0.178093 3.07421e-15 0.821835 -2.3589e-15 0.206909 -0.00382339
8.7 0.17648 3.19911e-15 0.823446 -2.51116e-15 0.200539 -0.00283061
8.8 0.174759 3.35272e-15 0.825164 -2.68382e-15 0.193992 -0.00193634
8.9 0.172953 3.50351e-15 0.826968 -2.8799e-15 0.187293 -0.00113085
9 0.171082 3.67402e-15 0.828837 -3.09301e-15 0.180462 -0.000403819
9.1 0.169162 3.91032e-15 0.830754 -3.38582e-15 0.17352 0.000254769
9.2 0.167209 4.15455e-15 0.832706 -3.67052e-15 0.166487 0.000854154
9.3 0.165234 4.40769e-15 0.834678 -3.93261e-15 0.159381 0.00140199
9.4 0.163249 4.64488e-15 0.836661 -4.1654e-15 0.15222 0.00190371
9.5 0.161263 4.85763e-15 0.838646 -4.35499e-15 0.145025 0.00236227
9.6 0.159283 5.03971e-15 0.840623 -4.49187e-15 0.137812 0.00277801
9.7 0.157317 5.17318e-15 0.842586 -4.59442e-15 0.130602 0.00314901
9.8 0.155373 5.23534e-15 0.844529 -4.63307e-15 0.123415 0.00347111
9.9 0.153454 5.23918e-15 0.846445 -4.62358e-15 0.116275 0.00373834
10 0.151567 5.19038e-15 0.84833 -4.56768e-15 0.109205 0.00394338
10.1 0.149716 5.10834e-15 0.850179 -4.49026e-15 0.10223 0.00407837
10.2 0.147906 5.03354e-15 0.851987 -4.41896e-15 0.0953802 0.00413591
10.3 0.146139 4.96425e-15 0.853752 -4.34066e-15 0.0886837 0.00411007
10.4 0.144418 4.92057e-15 0.85547 -4.27565e-15 0.0821713 0.00399734
10.5 0.142745 4.88495e-15 0.857141 -4.23043e-15 0.0758732 0.00379715
10.6 0.141121 4.84296e-15 0.858764 -4.15136e-15 0.0698189 0.003512
10.7 0.139544 4.80394e-15 0.860338 -4.04933e-15 0.064036 0.00314787
10.8 0.138015 4.75687e-15 0.861865 -3.91984e-15 0.0585494 0.00271442
10.9 0.136531 4.70747e-15 0.863348 -3.78807e-15 0.0533804 0.00222492
11 0.135089 4.6634e-15 0.864788 -3.66798e-15 0.0485459 0.00169573
11.1 0.133686 4.64418e-15 0.866189 -3.56637e-15 0.044057 0.00114566
11.2 0.132318 4.64803e-15 0.867555 -3.46377e-15 0.0399191 0.000594916
11.3 0.130982 4.67866e-15 0.86889 -3.35729e-15 0.0361318 6.41234e-05
11.4 0.129673 4.70927e-15 0.870197 -3.2662e-15 0.0326888 -0.00042653
11.5 0.128387 4.76567e-15 0.871481 -3.20049e-15 0.0295784 -0.000858286
11.6 0.127122 4.84799e-15 0.872744 -3.1621e-15 0.0267843 -0.00121429
11.7 0.125875 4.94533e-15 0.873991 -3.1288e-15 0.0242854 -0.0014803
11.8 0.124641 5.03787e-15 0.875223 -3.13093e-15 0.0220571 -0.00164527
11.9 0.12342 5.11385e-15 0.876443 -3.12943e-15 0.0200719 -0.00170186
12 0.122209 5.17526e-15 0.877652 -3.12258e-15 0.0183002 -0.00164699
12.1 0.121008 5.21408e-15 0.878852 -3.09481e-15 0.0167109 -0.00148193
12.2 0.119816 5.18866e-15 0.880043 -3.0627e-15 0.0152729 -0.00121318
12.3 0.118631 5.13987e-15 0.881226 -3.01348e-15 0.0139566 -0.000852355
12.4 0.117455 5.06065e-15 0.882401 -2.95084e-15 0.0127355 -0.000415253
12.5 0.116287 4.98046e-15 0.883568 -2.89113e-15 0.0115868 7.93125e-05
12.6 0.115128 4.90817e-15 0.884726 -2.83584e-15 0.0104915 0.000610527
12.7 0.113977 4.82784e-15 0.885875 -2.7914e-15 0.0094353 0.00115624
12.8 0.112837 4.75767e-15 0.887015 -2.74995e-15 0.00840821 0.00169361
12.9 0.111706 4.69249e-15 0.888144 -2.71913e-15 0.00740579 0.00220015
13 0.110586 4.63211e-15 0.889263 -2.6879e-15 0.00642872 0.00265538
13.1 0.109477 4.57506e-15 0.890372 -2.66649e-15 0.00548211 0.0030421
13.2 0.108379 4.51608e-15 0.891469 -2.66141e-15 0.00457452 0.00334724
13.3 0.107292 4.45249e-15 0.892554 -2.68204e-15 0.00371638 0.00356238
13.4 0.106217 4.38742e-15 0.893628 -2.69302e-15 0.00291929 0.00368365
13.5 0.105153 4.32942e-15 0.894691 -2.70162e-15 0.00219486 0.0037116
13.6 0.104101 4.27664e-15 0.895742 -2.70731e-15 0.00155398 0.00365082
13.7 0.10306 4.24057e-15 0.896782 -2.71609e-15 0.00100632 0.00350968
13.8 0.10203 4.21484e-15 0.89781 -2.71184e-15 0.000559548 0.00329981
13.9 0.101011 4.20307e-15 0.898828 -2.70257e-15 0.000218972 0.00303539
14 0.100003 4.20084e-15 0.899835 -2.68664e-15 -1.34857e-05 0.0027329
14.1 0.0990052 4.1993e-15 0.900831 -2.66877e-15 -0.000139191 0.00241013
14.2 0.0980181 4.19648e-15 0.901817 -2.63043e-15 -0.000163481 0.00208541
14.3 0.0970414 4.20569e-15 0.902793 -2.58437e-15 -9.608e-05 0.00177691
14.4 0.0960746 4.21939e-15 0.903759 -2.55193e-15 4.92276e-05 0.00150081
14.5 0.0951178 4.23303e-15 0.904715 -2.52818e-15 0.000255131 0.00126999
14.6 0.0941706 4.24408e-15 0.905661 -2.5018e-15 0.000502142 0.00109302
14.7 0.093233 4.24976e-15 0.906598 -2.46569e-15 0.00077026 0.000973975
14.8 0.0923048 4.24836e-15 0.907526 -2.40224e-15 0.00104015 0.000912857
14.9 0.0913859 4.24853e-15 0.908444 -2.33334e-15 0.00129394 0.000906165
15 0.0904762 4.24378e-15 0.909353 -2.26631e-15 0.00151569 0.00094713
15.1 0.0895755 4.22778e-15 0.910253 -2.19382e-15 0.0016918 0.00102627
15.2 0.0886839 4.20166e-15 0.911144 -2.11767e-15 0.00181195 0.00113166
15.3 0.0878012 4.16809e-15 0.912027 -2.0506e-15 0.00186943 0.00124963
15.4 0.0869272 4.12082e-15 0.9129 -1.99094e-15 0.00186168 0.00136587
15.5 0.0860619 4.07465e-15 0.913765 -1.92372e-15 0.00178887 0.00146669
15.6 0.0852052 4.02886e-15 0.914621 -1.84728e-15 0.00165486 0.00153888
15.7 0.0843571 3.9946e-15 0.915469 -1.77048e-15 0.00146665 0.00157055
15.8 0.0835175 3.96567e-15 0.916308 -1.69196e-15 0.00123367 0.00155179
15.9 0.0826862 3.92567e-15 0.917139 -1.62616e-15 0.000968025 0.00147465
16 0.0818633 3.87428e-15 0.917961 -1.56985e-15 0.000684186 0.00133434
16.1 0.0810486 3.83397e-15 0.918776 -1.52741e-15 0.000398103 0.00112987
16.2 0.080242 3.78813e-15 0.919582 -1.49374e-15 0.000125927 0.00086436
16.3 0.0794436 3.74064e-15 0.92038 -1.47536e-15 -0.000116804 0.000544925
16.4 0.0786532 3.70193e-15 0.921171 -1.48285e-15 -0.000316523 0.000182398
16.5 0.0778706 3.65972e-15 0.921954 -1.48557e-15 -0.000462723 -0.000209782
16.6 0.0770958 3.61628e-15 0.922728 -1.48754e-15 -0.00054818 -0.000616322
16.7 0.0763288 3.57678e-15 0.923495 -1.492e-15 -0.000569234 -0.00102073
16.8 0.0755693 3.53851e-15 0.924255 -1.50725e-15 -0.000526043 -0.00140639
16.9 0.0748174 3.50448e-15 0.925007 -1.52242e-15 -0.000422526 -0.00175739
17 0.0740729 3.47027e-15 0.925751 -1.53462e-15 -0.00026588 -0.00205926
17.1 0.0733359 3.43564e-15 0.926488 -1.54965e-15 -6.64184e-05 -0.00229981
17.2 0.0726062 3.40162e-15 0.927218 -1.55603e-15 0.000163036 -0.00246982
17.3 0.0718838 3.37255e-15 0.92794 -1.57458e-15 0.000408047 -0.00256355
17.4 0.0711685 3.34391e-15 0.928655 -1.59536e-15 0.000653333 -0.00257892
17.5 0.0704604 3.31521e-15 0.929363 -1.60724e-15 0.00088378 -0.00251773
17.6 0.0697593 3.28492e-15 0.930064 -1.59905e-15 0.00108525 -0.00238516
17.7 0.0690652 3.25324e-15 0.930758 -1.57187e-15 0.00124532 -0.00218965
17.8 0.068378 3.22181e-15 0.931446 -1.54439e-15 0.00135373 -0.00194231
17.9 0.0676976 3.18764e-15 0.932126 -1.50138e-15 0.00140289 -0.0016564
18 0.067024 3.15375e-15 0.932799 -1.44964e-15 0.00138831 -0.00134677
18.1 0.0663571 3.11862e-15 0.933466 -1.38126e-15 0.00130909 -0.00102901
18.2 0.0656968 3.08405e-15 0.934126 -1.31248e-15 0.00116808 -0.000718731
18.3 0.065043 3.04978e-15 0.93478 -1.2467e-15 0.000971666 -0.000430445
18.4 0.0643958 3.0175e-15 0.935427 -1.195e-15 0.000729274 -0.000176643
18.5 0.0637551 2.986e-15 0.936068 -1.15728e-15 0.00045265 3.26945e-05
18.6 0.0631207 2.95482e-15 0.936702 -1.11355e-15 0.000155126 0.000190603
18.7 0.0624926 2.92579e-15 0.93733 -1.08751e-15 -0.000149234 0.000293384
18.8 0.0618708 2.89727e-15 0.937952 -1.07063e-15 -0.000446313 0.000340461
18.9 0.0612552 2.86991e-15 0.938568 -1.06481e-15 -0.000722566 0.000334306
19 0.0606457 2.84175e-15 0.939177 -1.03988e-15 -0.000965613 0.000280284
19.1 0.0600423 2.81239e-15 0.939781 -1.00468e-15 -0.00116479 0.000186189
19.2 0.0594449 2.78333e-15 0.940378 -9.70362e-16 -0.00131165 6.19911e-05
19.3 0.0588534 2.75481e-15 0.94097 -9.36727e-16 -0.00140041 -8.07537e-05
19.4 0.0582678 2.7264e-15 0.941555 -8.96723e-16 -0.00142818 -0.000229415
19.5 0.057688 2.69797e-15 0.942135 -8.4523e-16 -0.00139533 -0.000370932
19.6 0.057114 2.66987e-15 0.942709 -7.96249e-16 -0.00130572 -0.000492789
19.7 0.0565457 2.64252e-15 0.943277 -7.57823e-16 -0.00116629 -0.000583677
19.8 0.055983 2.61574e-15 0.94384 -7.18609e-16 -0.000986801 -0.000634488
19.9 0.055426 2.58914e-15 0.944397 -6.81661e-16 -0.000779023 -0.000638879
20 0.0548745 2.56334e-15 0.944949 -6.54994e-16 -0.000555798 -0.000593669
