0 0 0 1 0 0 0
0.1 1.71713e-07 2.58495e-23 1 3.90874e-17 4.82776e-05 -0.000411529
0.2 7.91126e-07 -1.6845e-23 0.999999 5.34541e-17 0.000195532 -0.000867546
0.3 2.03786e-06 -1.49736e-22 0.999998 6.89995e-17 0.000449863 -0.00135439
0.4 4.12259e-06 -4.24055e-22 0.999996 8.48921e-17 0.00081618 -0.00185824
0.5 7.2865e-06 -1.22122e-22 0.999993 1.00157e-16 0.00129628 -0.00236598
0.6 1.18004e-05 1.56026e-21 0.999988 1.14227e-16 0.00188911 -0.00286602
0.7 1.79638e-05 4.51785e-21 0.999982 1.26021e-16 0.00259122 -0.00334898
0.8 2.61054e-05 7.05484e-21 0.999974 1.35885e-16 0.00339734 -0.00380833
0.9 3.65856e-05 1.13632e-20 0.999964 1.43656e-16 0.00430113 -0.00424088
1 4.9803e-05 1.76601e-20 0.999951 1.46511e-16 0.00529592 -0.00464699
1.1 6.62062e-05 2.69623e-20 0.999934 1.43377e-16 0.00637558 -0.00503079
1.2 8.6314e-05 3.50764e-20 0.999914 1.36347e-16 0.00753537 -0.00539997
1.3 0.000110744 5.06453e-20 0.99989 1.28234e-16 0.0087727 -0.0057656
1.4 0.000140255 5.32278e-20 0.99986 1.16834e-16 0.0100878 -0.00614164
1.5 0.000175797 6.41922e-20 0.999824 1.01484e-16 0.0114844 -0.00654434
1.6 0.000218584 8.32639e-20 0.999782 8.51181e-17 0.0129702 -0.00699154
1.7 0.000270174 1.38628e-19 0.99973 6.44889e-17 0.0145566 -0.00750183
1.8 0.000332566 1.07408e-19 0.999668 4.30621e-17 0.0162597 -0.00809374
1.9 0.00040831 9.27117e-21 0.999592 2.55457e-17 0.0180993 -0.00878484
2 0.000500626 -2.23737e-19 0.999499 1.262e-17 0.0200989 -0.00959094
2.1 0.000613529 -3.84721e-19 0.999387 2.35195e-18 0.0222854 -0.0105253
2.2 0.000751955 -6.37124e-19 0.999248 -6.04676e-18 0.0246879 -0.0115981
2.3 0.000921877 -1.05028e-18 0.999078 -1.03455e-17 0.0273374 -0.0128156
2.4 0.00113042 -1.48772e-18 0.99887 -1.05259e-17 0.0302657 -0.0141802
2.5 0.00138593 -2.3295e-18 0.998614 -7.52767e-18 0.0335045 -0.0156899
2.6 0.00169804 -3.00034e-18 0.998302 -1.64115e-18 0.037084 -0.0173383
2.7 0.00207771 -3.28584e-18 0.997922 7.5545e-18 0.0410327 -0.0191149
2.8 0.00253715 -3.24567e-18 0.997463 1.95052e-17 0.0453757 -0.0210051
2.9 0.0030898 -2.99406e-18 0.99691 3.38883e-17 0.0501344 -0.0229907
3 0.00375016 -2.75631e-18 0.99625 5.13148e-17 0.0553253 -0.0250503
3.1 0.00453361 -2.85574e-18 0.995466 6.9691e-17 0.0609598 -0.02716
3.2 0.0054562 -1.10893e-18 0.994544 8.63298e-17 0.0670433 -0.0292938
3.3 0.00653427 6.18985e-19 0.993466 1.01744e-16 0.073575 -0.0314243
3.4 0.00778417 3.39824e-18 0.992216 1.14714e-16 0.0805478 -0.0335234
3.5 0.00922178 5.50622e-18 0.990778 1.25552e-16 0.0879481 -0.0355628
3.6 0.0108621 8.03029e-18 0.989138 1.34178e-16 0.0957558 -0.0375144
3.7 0.0127188 8.36404e-18 0.987281 1.40831e-16 0.103944 -0.039351
3.8 0.0148036 7.41986e-18 0.985197 1.43989e-16 0.112482 -0.0410465
3.9 0.0171258 4.83694e-18 0.982874 1.42278e-16 0.121329 -0.0425766
4 0.0196919 1.44652e-18 0.980308 1.37943e-16 0.130444 -0.0439188
4.1 0.0225048 -3.53968e-18 0.977495 1.29353e-16 0.139778 -0.0450529
4.2 0.0255637 -8.36639e-18 0.974436 1.2014e-16 0.149279 -0.0459614
4.3 0.0288636 -1.04758e-17 0.971136 1.06714e-16 0.158891 -0.0466294
4.4 0.0323948 -8.99144e-18 0.967605 9.48415e-17 0.168556 -0.0470454
4.5 0.0361428 -4.82718e-18 0.963857 7.5059e-17 0.178213 -0.0472013
4.6 0.0400884 1.00374e-18 0.959912 5.77127e-17 0.187802 -0.0470932
4.7 0.0442078 1.02616e-17 0.955792 3.97813e-17 0.197259 -0.046721
4.8 0.0484725 2.63988e-17 0.951528 1.47833e-17 0.206525 -0.0460895
4.9 0.0528503 4.04048e-17 0.94715 -3.07985e-18 0.21554 -0.0452084
5 0.0573056 5.93703e-17 0.942694 -2.77234e-17 0.224249 -0.0440923
5.1 0.0618005 7.98631e-17 0.9382 -4.91747e-17 0.232601 -0.0427612
5.2 0.0662957 9.29845e-17 0.933704 -6.76588e-17 0.240549 -0.0412398
5.3 0.0707518 9.53155e-17 0.929248 -7.47567e-17 0.248054 -0.0395574
5.4 0.0751308 8.68306e-17 0.924869 -6.4555e-17 0.255085 -0.0377469
5.5 0.0793968 6.06964e-17 0.920603 -2.00879e-17 0.261617 -0.0358442
5.6 0.0835176 2.40848e-17 0.916482 3.42324e-17 0.267636 -0.0338862
5.7 0.0874657 -8.81329e-18 0.912534 7.77305e-17 0.273137 -0.0319096
5.8 0.0912187 -4.84803e-17 0.908781 1.37823e-16 0.27812 -0.0299488
5.9 0.0947598 -1.05219e-16 0.90524 2.15607e-16 0.282597 -0.0280344
6 0.0980777 -1.40543e-16 0.901922 2.78023e-16 0.286584 -0.026191
6.1 0.101166 -1.68429e-16 0.898834 3.34915e-16 0.290103 -0.0244357
6.2 0.104022 -1.78219e-16 0.895978 3.59442e-16 0.29318 -0.0227773
6.3 0.106647 -1.77814e-16 0.893353 3.68906e-16 0.29584 -0.0212153
6.4 0.109041 -1.80855e-16 0.89096 3.9558e-16 0.298109 -0.0197406
6.5 0.111205 -1.69215e-16 0.888795 4.01301e-16 0.30001 -0.0183357
6.6 0.113139 -1.60822e-16 0.886861 3.8916e-16 0.30156 -0.0169767
6.7 0.114839 -1.09667e-16 0.885162 3.33977e-16 0.302772 -0.015635
6.8 0.116297 -2.01695e-17 0.883703 2.43011e-16 0.303651 -0.0142803
6.9 0.117503 6.11572e-17 0.882498 1.55333e-16 0.304196 -0.0128827
7 0.118441 1.24395e-16 0.881559 8.24334e-17 0.304399 -0.011416
7.1 0.119096 1.6613e-16 0.880904 2.89702e-17 0.304246 -0.00985923
7.2 0.11945 1.75962e-16 0.88055 -5.34395e-18 0.303722 -0.00819897
7.3 0.119484 1.44429e-16 0.880516 5.41115e-18 0.302805 -0.00642999
7.4 0.119185 1.20633e-16 0.880815 1.90919e-17 0.301477 -0.00455558
7.5 0.118542 6.95767e-17 0.881458 4.74825e-17 0.29972 -0.00258698
7.6 0.117549 4.35967e-17 0.882451 6.8604e-17 0.297518 -0.000542094
7.7 0.116207 1.12963e-17 0.883794 8.21948e-17 0.29486 0.00155626
7.8 0.114523 -3.461e-17 0.885477 1.12031e-16 0.291743 0.00368242
7.9 0.112511 -8.02681e-17 0.887489 1.4423e-16 0.288165 0.00581001
8 0.110193 -1.22185e-16 0.889807 1.70972e-16 0.284132 0.00791395
8.1 0.107592 -1.67489e-16 0.892408 2.24478e-16 0.279656 0.00997206
8.2 0.104739 -2.16341e-16 0.895261 2.73353e-16 0.274752 0.0119662
8.3 0.101666 -2.47545e-16 0.898334 3.0028e-16 0.269437 0.0138831
8.4 0.0984056 -2.68409e-16 0.901595 3.24117e-16 0.263733 0.015714
8.5 0.0949923 -2.72118e-16 0.905008 3.40974e-16 0.25766 0.0174547
8.6 0.0914593 -2.58783e-16 0.908541 3.5019e-16 0.251242 0.0191046
8.7 0.0878386 -2.3568e-16 0.912162 3.52444e-16 0.244498 0.0206654
8.8 0.0841601 -2.09574e-16 0.91584 3.5017e-16 0.23745 0.0221399
8.9 0.0804521 -2.04984e-16 0.919548 3.61967e-16 0.230118 0.023531
9 0.0767407 -1.9366e-16 0.92326 3.70718e-16 0.222521 0.0248403
9.1 0.0730498 -1.7186e-16 0.92695 3.61326e-16 0.214678 0.0260671
9.2 0.0694018 -1.32431e-16 0.930598 3.36786e-16 0.206608 0.0272078
9.3 0.0658175 -1.00199e-16 0.934183 3.10788e-16 0.198332 0.0282553
9.4 0.0623162 -6.46136e-17 0.937684 2.84969e-16 0.189873 0.0291994
9.5 0.0589158 -2.91064e-17 0.941084 2.49145e-16 0.181255 0.0300267
9.6 0.0556332 -6.09037e-18 0.944367 2.21809e-16 0.172507 0.0307209
9.7 0.0524836 1.77028e-17 0.947517 1.94325e-16 0.163662 0.0312644
9.8 0.0494808 3.88047e-17 0.950519 1.64175e-16 0.154757 0.0316385
9.9 0.0466369 4.93796e-17 0.953363 1.38111e-16 0.145831 0.0318249
10 0.0439622 5.12104e-17 0.956038 1.16718e-16 0.136929 0.031807
10.1 0.0414644 4.51516e-17 0.958536 1.04626e-16 0.128101 0.0315707
10.2 0.0391493 3.09819e-17 0.960851 9.59992e-17 0.119395 0.031106
10.3 0.0370197 1.4375e-17 0.962981 8.78788e-17 0.110864 0.0304075
10.4 0.0350759 -4.57908e-18 0.964924 8.11826e-17 0.102561 0.0294755
10.5 0.0333158 -2.17331e-17 0.966684 7.80987e-17 0.0945374 0.0283168
10.6 0.0317343 -4.1005e-17 0.968266 7.99094e-17 0.086842 0.0269442
10.7 0.0303242 -5.6854e-17 0.969676 8.30629e-17 0.0795202 0.0253775
10.8 0.0290762 -6.92818e-17 0.970924 8.6374e-17 0.0726117 0.0236423
10.9 0.0279792 -7.90749e-17 0.972021 8.98318e-17 0.0661496 0.0217699
11 0.0270208 -8.55608e-17 0.972979 9.43203e-17 0.0601593 0.0197963
11.1 0.0261875 -8.8983e-17 0.973813 1.0032e-16 0.0546574 0.0177607
11.2 0.0254655 -9.03936e-17 0.974535 1.07295e-16 0.0496512 0.0157046
11.3 0.0248409 -8.97058e-17 0.975159 1.15342e-16 0.0451384 0.0136701
11.4 0.0243001 -8.71241e-17 0.9757 1.23725e-16 0.0411072 0.0116981
11.5 0.0238299 -8.32677e-17 0.97617 1.3272e-16 0.0375368 0.0098269
11.6 0.0234185 -7.85913e-17 0.976582 1.42303e-16 0.0343983 0.00809086
11.7 0.0230549 -7.34148e-17 0.976945 1.51086e-16 0.0316556 0.00651872
11.8 0.0227295 -6.82304e-17 0.977271 1.60023e-16 0.029267 0.00513268
11.9 0.0224338 -6.34483e-17 0.977566 1.68363e-16 0.0271866 0.00394753
12 0.022161 -5.89252e-17 0.977839 1.76151e-16 0.0253664 0.00297011
12.1 0.0219054 -5.5138e-17 0.978095 1.79835e-16 0.023758 0.00219922
12.2 0.0216624 -5.20214e-17 0.978338 1.80887e-16 0.0223143 0.0016258
12.3 0.0214286 -4.96538e-17 0.978572 1.79197e-16 0.0209912 0.00123357
12.4 0.0212015 -4.78583e-17 0.978799 1.75433e-16 0.0197497 0.000999867
12.5 0.0209794 -4.65431e-17 0.979021 1.67032e-16 0.0185562 0.000896939
12.6 0.0207611 -4.56303e-17 0.979239 1.55978e-16 0.0173845 0.000893321
12.7 0.020546 -4.51097e-17 0.979454 1.40841e-16 0.0162156 0.000955445
12.8 0.0203338 -4.48786e-17 0.979666 1.24951e-16 0.0150386 0.0010493
12.9 0.0201242 -4.49243e-17 0.979876 1.08362e-16 0.0138501 0.00114208
13 0.0199173 -4.51066e-17 0.980083 9.41799e-17 0.0126539 0.00120378
13.1 0.0197133 -4.53656e-17 0.980287 8.15925e-17 0.0114603 0.00120855
13.2 0.0195121 -4.56318e-17 0.980488 7.12832e-17 0.0102847 0.00113591
13.3 0.0193139 -4.58622e-17 0.980686 6.31153e-17 0.00914639 0.000971591
13.4 0.0191186 -4.60114e-17 0.980882 5.55654e-17 0.00806716 0.000708086
13.5 0.0189263 -4.60679e-17 0.981074 5.11716e-17 0.00706949 0.000344853
13.6 0.0187367 -4.60254e-17 0.981264 4.95168e-17 0.00617512 -0.000111866
13.7 0.0185499 -4.58752e-17 0.98145 5.09807e-17 0.00540353 -0.000649555
13.8 0.0183657 -4.56261e-17 0.981635 5.42577e-17 0.0047706 -0.00125025
13.9 0.0181838 -4.52903e-17 0.981816 5.95898e-17 0.00428752 -0.00189166
14 0.0180042 -4.48979e-17 0.981996 6.7018e-17 0.00395996 -0.00254843
14.1 0.0178267 -4.44434e-17 0.982174 7.59478e-17 0.00378757 -0.00319362
14.2 0.017651 -4.39638e-17 0.982349 8.49113e-17 0.00376384 -0.00380023
14.3 0.0174772 -4.34582e-17 0.982523 9.49597e-17 0.00387625 -0.00434262
14.4 0.017305 -4.29512e-17 0.982695 1.05689e-16 0.00410678 -0.00479801
14.5 0.0171345 -4.24533e-17 0.982866 1.15668e-16 0.00443276 -0.00514762
14.6 0.0169655 -4.1962e-17 0.983035 1.2464e-16 0.00482792 -0.00537772
14.7 0.016798 -4.15131e-17 0.983202 1.31576e-16 0.00526362 -0.00548038
14.8 0.0166319 -4.10678e-17 0.983368 1.35652e-16 0.00571027 -0.00545382
14.9 0.0164673 -4.06267e-17 0.983533 1.4067e-16 0.00613871 -0.00530256
15 0.0163042 -4.0211e-17 0.983696 1.42165e-16 0.0065217 -0.00503715
15.1 0.0161426 -3.98123e-17 0.983858 1.42218e-16 0.00683515 -0.00467361
15.2 0.0159824 -3.94133e-17 0.984018 1.3619e-16 0.00705929 -0.00423256
15.3 0.0158237 -3.90166e-17 0.984177 1.25204e-16 0.00717959 -0.00373821
15.4 0.0156664 -3.86202e-17 0.984334 1.12933e-16 0.0071874 -0.00321703
15.5 0.0155107 -3.82274e-17 0.98449 9.78302e-17 0.00708028 -0.00269643
15.6 0.0153565 -3.78435e-17 0.984644 8.36674e-17 0.00686201 -0.00220335
15.7 0.0152037 -3.74723e-17 0.984797 7.33119e-17 0.00654234 -0.00176288
15.8 0.0150525 -3.71094e-17 0.984948 6.50463e-17 0.00613633 -0.00139702
15.9 0.0149027 -3.67523e-17 0.985098 5.93542e-17 0.00566354 -0.00112358
16 0.0147545 -3.64117e-17 0.985246 5.55681e-17 0.0051469 -0.000955304
16.1 0.0146077 -3.60631e-17 0.985393 5.23378e-17 0.00461152 -0.000899294
16.2 0.0144623 -3.57181e-17 0.985538 4.97585e-17 0.00408332 -0.000956705
16.3 0.0143184 -3.53739e-17 0.985682 4.893e-17 0.00358767 -0.00112276
16.4 0.014176 -3.50317e-17 0.985824 5.04846e-17 0.00314806 -0.00138705
16.5 0.0140349 -3.46848e-17 0.985965 5.28497e-17 0.00278493 -0.00173415
16.6 0.0138953 -3.43326e-17 0.986105 5.58949e-17 0.00251459 -0.00214448
16.7 0.013757 -3.39771e-17 0.986243 5.91972e-17 0.00234842 -0.00259535
16.8 0.0136201 -3.36239e-17 0.98638 6.29774e-17 0.00229235 -0.00306218
16.9 0.0134846 -3.32778e-17 0.986516 6.77359e-17 0.00234658 -0.00351979
17 0.0133505 -3.29352e-17 0.98665 7.2507e-17 0.00250561 -0.00394371
17.1 0.0132176 -3.25995e-17 0.986783 7.66632e-17 0.00275861 -0.00431145
17.2 0.0130861 -3.22681e-17 0.986914 7.91248e-17 0.00309 -0.00460366
17.3 0.0129559 -3.19439e-17 0.987044 8.20439e-17 0.00348034 -0.00480506
17.4 0.012827 -3.16206e-17 0.987173 8.41452e-17 0.00390731 -0.00490524
17.5 0.0126994 -3.13054e-17 0.987301 8.55032e-17 0.00434696 -0.00489912
17.6 0.012573 -3.09905e-17 0.987427 8.37377e-17 0.00477493 -0.00478717
17.7 0.0124479 -3.0682e-17 0.987552 7.98062e-17 0.00516771 -0.00457533
17.8 0.0123241 -3.03706e-17 0.987676 7.47892e-17 0.00550385 -0.00427468
17.9 0.0122015 -3.00624e-17 0.987799 6.72201e-17 0.00576508 -0.00390075
18 0.0120801 -2.97543e-17 0.98792 5.93075e-17 0.00593718 -0.00347273
18.1 0.0119599 -2.94484e-17 0.98804 5.19381e-17 0.0060107 -0.00301241
18.2 0.0118409 -2.9149e-17 0.988159 4.67261e-17 0.00598139 -0.00254306
18.3 0.011723 -2.88536e-17 0.988277 4.24979e-17 0.00585039 -0.00208817
18.4 0.0116064 -2.85642e-17 0.988394 4.01589e-17 0.00562407 -0.00167023
18.5 0.0114909 -2.82767e-17 0.988509 3.85722e-17 0.00531373 -0.00130964
18.6 0.0113766 -2.79913e-17 0.988624 3.78726e-17 0.00493486 -0.00102359
18.7 0.0112634 -2.7712e-17 0.988737 3.93459e-17 0.00450638 -0.000825257
18.8 0.0111513 -2.74391e-17 0.988849 4.32653e-17 0.00404959 -0.000723146
18.9 0.0110403 -2.7168e-17 0.98896 4.70431e-17 0.00358705 -0.000720697
19 0.0109305 -2.69043e-17 0.98907 5.17208e-17 0.0031414 -0.000816157
19.1 0.0108217 -2.66402e-17 0.989179 5.61527e-17 0.00273416 -0.00100272
19.2 0.010714 -2.63795e-17 0.989286 5.95493e-17 0.00238469 -0.00126895
19.3 0.0106074 -2.61179e-17 0.989393 6.07918e-17 0.00210913 -0.00159939
19.4 0.0105019 -2.58581e-17 0.989498 6.03862e-17 0.00191967 -0.00197542
19.5 0.0103974 -2.56067e-17 0.989603 6.09953e-17 0.00182396 -0.00237629
19.6 0.0102939 -2.53547e-17 0.989706 6.14236e-17 0.00182466 -0.00278004
19.7 0.0101915 -2.5104e-17 0.989809 6.06632e-17 0.00191937 -0.00316493
19.8 0.0100901 -2.4858e-17 0.98991 6.15008e-17 0.00210092 -0.00351043
19.9 0.00998971 -2.46202e-17 0.990011 6.06678e-17 0.00235768 -0.00379822
20 0.00989031 -2.43678e-17 0.99011 6.0368e-17 0.0026745 -0.00401302
