0 0 0 1 0 0 0
0.1 1.71705e-07 7.50453e-22 0.999956 7.97151e-15 4.82603e-05 -0.000411079
0.2 7.90681e-07 2.91459e-21 0.999953 9.09607e-15 0.000195197 -0.000865326
0.3 2.03498e-06 1.14885e-20 0.999949 9.18254e-15 0.000448242 -0.00134822
0.4 4.112e-06 2.95441e-20 0.999943 8.93724e-15 0.000811257 -0.00184524
0.5 7.25741e-06 6.19586e-20 0.999937 8.39571e-15 0.00128466 -0.00234284
0.6 1.17339e-05 1.05846e-19 0.999928 8.61925e-15 0.00186578 -0.00282935
0.7 1.78302e-05 1.79802e-19 0.999919 8.5617e-15 0.00254939 -0.00329579
0.8 2.58622e-05 2.92139e-19 0.999907 7.80912e-15 0.00332844 -0.00373648
0.9 3.61765e-05 5.35142e-19 0.999894 5.10768e-15 0.00419489 -0.00414957
1 4.91592e-05 7.64018e-19 0.999878 2.73161e-15 0.00514064 -0.00453723
1.1 6.52516e-05 1.0962e-18 0.99986 -1.02875e-15 0.00615849 -0.00490569
1.2 8.49743e-05 1.0733e-18 0.999838 -6.8079e-17 0.00724307 -0.00526511
1.3 0.000108963 1.16569e-18 0.999812 -4.45256e-16 0.00839169 -0.00562905
1.4 0.000138016 1.23075e-18 0.999782 -1.23431e-15 0.00960507 -0.00601396
1.5 0.000173157 1.18219e-18 0.999747 -1.9828e-15 0.0108879 -0.00643839
1.6 0.000215715 3.97001e-19 0.999704 1.09067e-15 0.0122492 -0.00692211
1.7 0.000267411 -2.3282e-19 0.999653 3.99286e-16 0.0137023 -0.0074852
1.8 0.000330472 -1.28314e-18 0.99959 1.28862e-15 0.0152651 -0.00814705
1.9 0.000407743 -2.12038e-18 0.999512 1.0205e-15 0.0169596 -0.00892549
2 0.000502816 -3.67722e-18 0.999416 1.97746e-15 0.0188112 -0.00983587
2.1 0.000620159 -5.0871e-18 0.999297 1.55028e-15 0.0208482 -0.0108904
2.2 0.000765246 -4.56207e-18 0.999148 -4.71569e-16 0.0231011 -0.0120975
2.3 0.000944671 -4.69394e-18 0.998965 -1.04844e-15 0.025601 -0.0134613
2.4 0.00116626 1.4477e-19 0.998739 -5.23504e-15 0.0283793 -0.0149818
2.5 0.00143913 1.72015e-18 0.998461 -6.83242e-15 0.0314661 -0.0166544
2.6 0.00177378 4.18627e-18 0.998122 -8.24084e-15 0.0348895 -0.0184705
2.7 0.00218207 2.71132e-18 0.997711 -7.58269e-15 0.0386745 -0.0204176
2.8 0.00267721 -9.94376e-18 0.997214 -7.36552e-15 0.0428421 -0.0224799
2.9 0.00327371 -2.74982e-17 0.996615 -6.99708e-15 0.047409 -0.0246387
3 0.00398726 -4.82749e-17 0.9959 -7.12452e-15 0.0523865 -0.0268734
3.1 0.00483457 -8.36522e-17 0.995052 -4.46299e-15 0.0577803 -0.0291616
3.2 0.00583321 -1.20263e-16 0.994053 -2.3505e-15 0.0635907 -0.0314802
3.3 0.00700136 -1.59418e-16 0.992884 -1.28541e-15 0.0698118 -0.0338059
3.4 0.00835749 -1.7458e-16 0.991528 2.59058e-16 0.0764319 -0.0361154
3.5 0.00992012 -1.42889e-16 0.989965 1.95109e-15 0.0834335 -0.0383862
3.6 0.0117074 -1.17289e-16 0.988176 1.48547e-15 0.0907938 -0.0405969
3.7 0.013737 -1.28832e-16 0.986146 3.64955e-15 0.0984851 -0.0427275
3.8 0.0160251 -1.23526e-16 0.983858 2.78355e-15 0.106475 -0.0447592
3.9 0.018587 -5.48027e-17 0.981296 9.5494e-16 0.114727 -0.0466747
4 0.0214358 2.40251e-17 0.978446 1.31669e-15 0.123202 -0.0484576
4.1 0.0245822 2.38465e-16 0.9753 -1.19469e-15 0.131856 -0.0500929
4.2 0.0280343 6.13198e-16 0.971847 -5.10803e-15 0.140642 -0.051566
4.3 0.0317969 9.52273e-16 0.968084 -8.28831e-15 0.149512 -0.0528631
4.4 0.0358712 1.1964e-15 0.96401 -9.65966e-15 0.158413 -0.0539714
4.5 0.040254 1.16517e-15 0.959627 -8.8526e-15 0.167292 -0.0548789
4.6 0.044938 1.03027e-15 0.954943 -8.52572e-15 0.176093 -0.0555749
4.7 0.0499107 7.34825e-16 0.949971 -6.92787e-15 0.18476 -0.0560497
4.8 0.0551547 1.87282e-16 0.944726 -5.21249e-15 0.193236 -0.0562955
4.9 0.0606473 -5.03216e-16 0.939233 -2.99214e-15 0.201462 -0.0563069
5 0.066361 -1.03966e-15 0.933518 -3.04436e-15 0.209382 -0.0560819
5.1 0.0722633 -1.08056e-15 0.927615 -3.93643e-15 0.216941 -0.0556221
5.2 0.0783177 -8.7865e-16 0.921559 -4.70565e-15 0.224087 -0.0549338
5.3 0.0844839 -1.31366e-16 0.915392 -7.43716e-15 0.230772 -0.054028
5.4 0.0907196 7.21143e-16 0.909155 -9.10132e-15 0.236952 -0.0529208
5.5 0.0969809 1.09622e-15 0.902893 -1.00541e-14 0.242591 -0.0516337
5.6 0.103224 1.10905e-15 0.896649 -1.25649e-14 0.247661 -0.0501932
5.7 0.109407 8.42755e-16 0.890466 -1.68296e-14 0.252142 -0.0486301
5.8 0.11549 -6.72572e-16 0.884383 -1.81709e-14 0.256022 -0.0469775
5.9 0.121438 -3.15467e-15 0.878434 -1.79995e-14 0.259303 -0.0452693
6 0.12722 -6.10693e-15 0.872651 -1.81665e-14 0.261993 -0.043539
6.1 0.132812 -9.17668e-15 0.867058 -1.62424e-14 0.264111 -0.0418165
6.2 0.138193 -1.19561e-14 0.861676 -1.3781e-14 0.265682 -0.0401271
6.3 0.143349 -1.33292e-14 0.856519 -1.33653e-14 0.266737 -0.0384899
6.4 0.148269 -1.35058e-14 0.851598 -1.41248e-14 0.26731 -0.0369168
6.5 0.152945 -1.25826e-14 0.84692 -1.71956e-14 0.267438 -0.0354122
6.6 0.157373 -1.14784e-14 0.842491 -1.93383e-14 0.267155 -0.033973
6.7 0.161547 -1.08966e-14 0.838315 -2.0968e-14 0.266495 -0.0325888
6.8 0.165462 -1.15147e-14 0.834399 -2.35832e-14 0.265486 -0.0312436
6.9 0.169111 -1.44785e-14 0.830748 -2.18913e-14 0.26415 -0.0299185
7 0.172486 -1.84176e-14 0.827371 -2.09732e-14 0.262505 -0.0285936
7.1 0.175578 -2.25484e-14 0.824278 -1.86268e-14 0.260561 -0.0272504
7.2 0.178374 -2.59566e-14 0.821481 -1.84962e-14 0.258323 -0.0258735
7.3 0.180864 -2.97242e-14 0.81899 -1.59397e-14 0.255792 -0.0244523
7.4 0.183036 -3.36522e-14 0.816816 -1.0735e-14 0.252967 -0.0229818
7.5 0.184883 -3.52489e-14 0.814968 -7.3383e-15 0.249843 -0.0214629
7.6 0.186397 -3.49077e-14 0.813453 -4.14928e-15 0.246415 -0.0199027
7.7 0.187576 -3.3397e-14 0.812271 2.09849e-15 0.242681 -0.0183135
7.8 0.188424 -2.97301e-14 0.811422 5.31631e-15 0.238639 -0.0167114
7.9 0.188948 -2.30813e-14 0.810897 7.38537e-16 0.234295 -0.0151151
8 0.189159 -1.27879e-14 0.810684 -7.00569e-15 0.229656 -0.0135433
8.1 0.189075 2.84665e-15 0.810766 -2.17399e-14 0.224735 -0.0120135
8.2 0.188715 2.1066e-14 0.811125 -3.77609e-14 0.219548 -0.0105405
8.3 0.188102 3.83982e-14 0.811736 -5.20238e-14 0.214115 -0.0091356
8.4 0.187259 5.24549e-14 0.812577 -6.50655e-14 0.208458 -0.00780607
8.5 0.186212 6.24688e-14 0.813623 -7.49685e-14 0.202603 -0.00655474
8.6 0.184984 6.75867e-14 0.81485 -7.52377e-14 0.196573 -0.00538023
8.7 0.183598 6.56243e-14 0.816235 -6.91088e-14 0.190394 -0.00427747
8.8 0.182076 5.66502e-14 0.817757 -6.08225e-14 0.184087 -0.00323947
8.9 0.180437 4.07027e-14 0.819396 -4.93972e-14 0.177674 -0.00225846
9 0.178698 2.44263e-14 0.821134 -3.83745e-14 0.171176 -0.00132634
9.1 0.176876 1.21401e-14 0.822957 -2.65832e-14 0.164612 -0.000435032
9.2 0.174983 2.98154e-15 0.824849 -1.88977e-14 0.158001 0.000423438
9.3 0.173034 -7.36714e-15 0.826798 -4.37477e-15 0.151358 0.0012565
9.4 0.171038 -2.58592e-14 0.828793 2.82946e-14 0.144696 0.00206938
9.5 0.169007 -4.50598e-14 0.830823 7.54572e-14 0.138027 0.00286378
9.6 0.166949 -5.87683e-14 0.832879 1.34004e-13 0.131362 0.00363662
9.7 0.164874 -6.81075e-14 0.834952 1.86068e-13 0.12471 0.00438019
9.8 0.162791 -8.0305e-14 0.837033 2.10748e-13 0.118084 0.0050838
9.9 0.16071 -7.77135e-14 0.839111 2.00642e-13 0.111502 0.00573366
10 0.158639 -5.0199e-14 0.84118 1.56359e-13 0.104981 0.006315
10.1 0.156588 5.52563e-15 0.843229 8.64595e-14 0.0985428 0.00681416
10.2 0.154564 7.75309e-14 0.845252 1.57339e-15 0.0922118 0.00721953
10.3 0.152574 1.49555e-13 0.847239 -7.2543e-14 0.0860118 0.00752142
10.4 0.150626 2.07151e-13 0.849186 -1.24544e-13 0.0799676 0.00771175
10.5 0.148723 2.41236e-13 0.851086 -1.48059e-13 0.074105 0.00778493
10.6 0.146871 2.51384e-13 0.852936 -1.3824e-13 0.0684498 0.00773893
10.7 0.145071 2.47776e-13 0.854734 -1.17646e-13 0.063027 0.00757621
10.8 0.143326 2.35752e-13 0.856478 -8.54114e-14 0.0578594 0.00730282
10.9 0.141634 2.23485e-13 0.858169 -6.76097e-14 0.0529675 0.00692782
11 0.139996 2.19586e-13 0.859806 -6.03312e-14 0.0483699 0.00646372
11.1 0.138408 2.2875e-13 0.861393 -6.42643e-14 0.0440816 0.00592767
11.2 0.136869 2.48077e-13 0.862932 -7.61404e-14 0.0401123 0.00534102
11.3 0.135374 2.6887e-13 0.864425 -8.83816e-14 0.0364646 0.00472721
11.4 0.13392 2.83412e-13 0.865878 -9.53695e-14 0.0331344 0.00411053
11.5 0.132504 2.84723e-13 0.867293 -9.25808e-14 0.0301109 0.00351334
11.6 0.13112 2.73966e-13 0.868676 -8.03131e-14 0.0273786 0.00295561
11.7 0.129765 2.53108e-13 0.87003 -5.97832e-14 0.0249173 0.00245453
11.8 0.128435 2.26794e-13 0.871358 -3.44627e-14 0.0227033 0.00202318
11.9 0.127128 1.98199e-13 0.872664 -7.95166e-15 0.020711 0.0016705
12 0.125841 1.69539e-13 0.87395 1.5671e-14 0.0189136 0.00140056
12.1 0.124572 1.43053e-13 0.875219 3.70738e-14 0.0172851 0.00121256
12.2 0.123319 1.19712e-13 0.876471 5.30048e-14 0.0158014 0.00110201
12.3 0.12208 1.00356e-13 0.877709 6.77235e-14 0.014441 0.00106269
12.4 0.120856 8.62213e-14 0.878933 7.757e-14 0.0131838 0.00108742
12.5 0.119644 7.7151e-14 0.880145 8.51527e-14 0.0120099 0.00116721
12.6 0.118445 7.34762e-14 0.881343 8.80715e-14 0.0109005 0.00129007
12.7 0.117258 7.41293e-14 0.88253 9.01029e-14 0.00984012 0.00144033
12.8 0.116084 7.85665e-14 0.883704 8.81898e-14 0.00881817 0.00160053
12.9 0.114921 8.5638e-14 0.884866 8.16158e-14 0.00782938 0.00175355
13 0.11377 9.30767e-14 0.886016 7.07895e-14 0.00687262 0.00188398
13.1 0.112631 1.00261e-13 0.887154 6.02225e-14 0.00594976 0.00197905
13.2 0.111504 1.07056e-13 0.888279 5.0498e-14 0.0050649 0.00202823
13.3 0.110389 1.13109e-13 0.889393 4.12724e-14 0.00422445 0.00202334
13.4 0.109286 1.17802e-13 0.890495 3.40191e-14 0.00343699 0.00195931
13.5 0.108195 1.21109e-13 0.891585 2.77556e-14 0.00271221 0.00183513
13.6 0.107115 1.22989e-13 0.892664 2.65859e-14 0.00205948 0.00165361
13.7 0.106046 1.2366e-13 0.893732 2.6568e-14 0.00148665 0.00142117
13.8 0.104989 1.23332e-13 0.894789 2.86859e-14 0.00100019 0.00114606
13.9 0.103943 1.22394e-13 0.895834 3.3497e-14 0.000605529 0.000838348
14 0.102908 1.20588e-13 0.896868 4.15289e-14 0.000306763 0.000510048
14.1 0.101884 1.18329e-13 0.897892 4.98038e-14 0.000105924 0.000175868
14.2 0.10087 1.15897e-13 0.898905 5.66169e-14 1.07291e-06 -0.000147113
14.3 0.0998664 1.13489e-13 0.899908 5.91683e-14 -1.47655e-05 -0.000441329
14.4 0.0988727 1.10902e-13 0.900901 6.20454e-14 4.68516e-05 -0.000690782
14.5 0.0978891 1.09838e-13 0.901884 6.27352e-14 0.000170739 -0.000882834
14.6 0.0969153 1.08797e-13 0.902857 6.2561e-14 0.000339909 -0.00100898
14.7 0.0959512 1.07874e-13 0.90382 6.16271e-14 0.000536373 -0.00106423
14.8 0.0949966 1.07045e-13 0.904774 6.19046e-14 0.000741662 -0.0010478
14.9 0.0940515 1.06081e-13 0.905718 6.27912e-14 0.000937837 -0.000962841
15 0.0931158 1.04993e-13 0.906653 6.3577e-14 0.00110858 -0.000816662
15.1 0.0921893 1.03482e-13 0.907578 6.61645e-14 0.00124034 -0.000620067
15.2 0.091272 1.01734e-13 0.908494 6.80726e-14 0.00132309 -0.000386224
15.3 0.0903638 9.97583e-14 0.909402 6.85871e-14 0.00135044 -0.000129518
15.4 0.0894646 9.78144e-14 0.910301 6.97308e-14 0.00131937 0.000135329
15.5 0.0885743 9.60765e-14 0.91119 7.23943e-14 0.00123018 0.00039376
15.6 0.0876929 9.50556e-14 0.912071 7.31881e-14 0.00108623 0.00063197
15.7 0.0868203 9.45578e-14 0.912944 7.14562e-14 0.000893659 0.000837357
15.8 0.0859563 9.39211e-14 0.913808 6.82022e-14 0.000661105 0.000998877
15.9 0.0851008 9.39762e-14 0.914662 6.59096e-14 0.000399526 0.00110747
16 0.0842539 9.40822e-14 0.915509 6.31562e-14 0.00012174 0.00115681
16.1 0.0834154 9.39471e-14 0.916346 6.22924e-14 -0.000157902 0.00114347
16.2 0.0825854 9.35538e-14 0.917176 6.22951e-14 -0.000424379 0.00106773
16.3 0.0817636 9.30396e-14 0.917997 6.15112e-14 -0.000663147 0.000933784
16.4 0.08095 9.25379e-14 0.91881 6.09232e-14 -0.000861219 0.000749405
16.5 0.0801444 9.1791e-14 0.919615 5.98013e-14 -0.00100797 0.000525277
16.6 0.079347 9.06454e-14 0.920412 5.93474e-14 -0.00109572 0.000274385
16.7 0.0785574 8.93654e-14 0.9212 5.87265e-14 -0.00112021 1.13167e-05
16.8 0.0777757 8.8454e-14 0.921981 6.06293e-14 -0.00108089 -0.000248622
16.9 0.0770018 8.7763e-14 0.922755 6.17787e-14 -0.000981075 -0.000490588
17 0.0762355 8.71034e-14 0.92352 6.36538e-14 -0.000827526 -0.000701218
17.1 0.0754769 8.64063e-14 0.924278 6.61524e-14 -0.000629914 -0.000869324
17.2 0.0747259 8.55999e-14 0.925029 6.86555e-14 -0.000400067 -0.000986464
17.3 0.0739823 8.46117e-14 0.925772 7.07557e-14 -0.000151149 -0.00104725
17.4 0.0732462 8.35892e-14 0.926508 7.22331e-14 0.000103109 -0.0010494
17.5 0.0725174 8.25719e-14 0.927237 7.33742e-14 0.000349071 -0.00099368
17.6 0.0717958 8.16075e-14 0.927958 7.33185e-14 0.000573744 -0.000883644
17.7 0.0710814 8.08164e-14 0.928673 7.2544e-14 0.000765235 -0.000725549
17.8 0.0703742 7.97947e-14 0.92938 7.17247e-14 0.000913288 -0.000528138
17.9 0.0696739 7.88866e-14 0.930079 7.13442e-14 0.00100983 -0.000302325
18 0.0689807 7.82394e-14 0.930772 7.12118e-14 0.00104948 -6.07712e-05
18.1 0.0682943 7.75442e-14 0.931458 7.1182e-14 0.00103005 0.000182784
18.2 0.0676147 7.68194e-14 0.932137 7.16552e-14 0.000952881 0.000414349
18.3 0.0669419 7.60924e-14 0.93281 7.24665e-14 0.000822769 0.000620612
18.4 0.0662758 7.53546e-14 0.933475 7.31438e-14 0.000647739 0.00078986
18.5 0.0656163 7.45935e-14 0.934134 7.38428e-14 0.000438402 0.000912813
18.6 0.0649634 7.38533e-14 0.934787 7.43728e-14 0.000207155 0.000983141
18.7 0.064317 7.31167e-14 0.935433 7.50197e-14 -3.26737e-05 0.000997752
18.8 0.063677 7.23913e-14 0.936073 7.55832e-14 -0.000267696 0.000956728
18.9 0.0630434 7.16594e-14 0.936706 7.62149e-14 -0.000485171 0.000863127
19 0.0624161 7.09282e-14 0.937333 7.69494e-14 -0.000673521 0.000722653
19.1 0.061795 7.02214e-14 0.937954 7.76047e-14 -0.000822765 0.000543355
19.2 0.0611801 6.95221e-14 0.938569 7.8297e-14 -0.000924947 0.000335299
19.3 0.0605713 6.88306e-14 0.939177 7.89797e-14 -0.000974571 0.000110172
19.4 0.0599686 6.81468e-14 0.93978 7.96549e-14 -0.000969032 -0.000119242
19.5 0.0593719 6.74686e-14 0.940376 8.03296e-14 -0.000908906 -0.000339781
19.6 0.0587812 6.6796e-14 0.940967 8.09949e-14 -0.000798064 -0.000538757
19.7 0.0581963 6.613e-14 0.941552 8.1661e-14 -0.000643437 -0.000704829
19.8 0.0576172 6.54704e-14 0.94213 8.23223e-14 -0.000454574 -0.000828857
19.9 0.0570439 6.48192e-14 0.942704 8.29706e-14 -0.000242863 -0.000904459
20 0.0564763 6.41749e-14 0.943271 8.36245e-14 -2.06586e-05 -0.000928283
