0 0 0 1 0 0 0
0.1 1.71705e-07 7.82517e-22 0.999954 4.97836e-14 4.82604e-05 -0.000411073
0.2 7.90674e-07 5.92816e-21 0.999951 6.93784e-14 0.000195196 -0.000865297
0.3 2.03494e-06 3.7272e-20 0.999947 7.98274e-14 0.000448233 -0.00134814
0.4 4.11186e-06 1.68122e-19 0.999942 8.12513e-14 0.000811226 -0.00184507
0.5 7.25703e-06 5.23523e-19 0.999935 7.77237e-14 0.00128459 -0.00234254
0.6 1.1733e-05 1.28614e-18 0.999927 7.31986e-14 0.00186563 -0.00282886
0.7 1.78284e-05 2.54191e-18 0.999917 6.88245e-14 0.00254911 -0.00329506
0.8 2.58588e-05 4.07929e-18 0.999906 6.26933e-14 0.00332797 -0.00373546
0.9 3.61706e-05 5.58143e-18 0.999893 4.84999e-14 0.00419414 -0.00414821
1 4.91496e-05 6.67331e-18 0.999877 2.66046e-14 0.00513953 -0.0045355
1.1 6.52365e-05 7.14199e-18 0.999859 2.11998e-15 0.00615693 -0.00490358
1.2 8.49518e-05 7.2943e-18 0.999838 -1.61248e-14 0.00724096 -0.00526259
1.3 0.00010893 7.40882e-18 0.999813 -2.17658e-14 0.00838895 -0.00562614
1.4 0.00013797 6.28902e-18 0.999784 -1.01463e-14 0.0096016 -0.00601069
1.5 0.000173096 3.4301e-19 0.999749 1.59116e-14 0.0108836 -0.00643477
1.6 0.000215634 -1.48172e-17 0.999707 4.699e-14 0.012244 -0.00691819
1.7 0.000267307 -3.83678e-17 0.999656 6.29252e-14 0.0136962 -0.007481
1.8 0.000330341 -6.7436e-17 0.999593 6.2085e-14 0.015258 -0.00814263
1.9 0.000407581 -8.95817e-17 0.999514 4.8006e-14 0.0169514 -0.00892085
2 0.000502619 -8.87731e-17 0.999418 2.5148e-14 0.018802 -0.00983103
2.1 0.000619923 -5.89056e-17 0.999297 3.51504e-15 0.020838 -0.0108853
2.2 0.000764965 -4.9635e-18 0.999148 -1.62038e-14 0.0230898 -0.0120922
2.3 0.000944339 4.18943e-17 0.998964 -3.55224e-14 0.0255886 -0.0134557
2.4 0.00116586 4.62701e-17 0.998737 -5.72949e-14 0.0283658 -0.0149758
2.5 0.00143867 -1.88198e-17 0.998459 -7.98565e-14 0.0314515 -0.016648
2.6 0.00177323 -1.69994e-16 0.998121 -9.24892e-14 0.0348738 -0.0184635
2.7 0.00218141 -3.96909e-16 0.99771 -8.74816e-14 0.0386575 -0.0204099
2.8 0.00267642 -6.95357e-16 0.997214 -5.82814e-14 0.0428238 -0.0224712
2.9 0.00327276 -1.06185e-15 0.996616 -8.11989e-15 0.0473892 -0.0246289
3 0.00398609 -1.55334e-15 0.995902 5.26054e-14 0.052365 -0.0268623
3.1 0.00483315 -2.18405e-15 0.995055 1.09875e-13 0.0577569 -0.029149
3.2 0.00583148 -2.87316e-15 0.994057 1.42659e-13 0.0635649 -0.0314661
3.3 0.00699923 -3.45288e-15 0.992889 1.52434e-13 0.0697833 -0.0337899
3.4 0.00835488 -3.64236e-15 0.991533 1.45729e-13 0.0764002 -0.0360974
3.5 0.00991692 -3.09834e-15 0.98997 1.27975e-13 0.0833981 -0.038366
3.6 0.0117035 -1.83944e-15 0.988182 1.07704e-13 0.0907544 -0.0405747
3.7 0.0137322 2.86051e-17 0.986152 8.33354e-14 0.0984413 -0.0427035
3.8 0.0160194 1.99588e-15 0.983864 6.27363e-14 0.106427 -0.0447337
3.9 0.0185802 3.58433e-15 0.981303 4.08373e-14 0.114675 -0.0466477
4 0.0214277 4.28909e-15 0.978456 2.79618e-14 0.123145 -0.0484292
4.1 0.0245727 3.81795e-15 0.97531 2.55161e-14 0.131793 -0.0500632
4.2 0.0280233 2.44202e-15 0.971858 4.19291e-14 0.140574 -0.0515354
4.3 0.0317844 3.09068e-16 0.968097 7.72566e-14 0.149438 -0.0528322
4.4 0.035857 -2.81031e-15 0.964023 1.17281e-13 0.158333 -0.0539406
4.5 0.0402383 -5.15075e-15 0.959642 1.47199e-13 0.167206 -0.0548487
4.6 0.0449207 -5.43105e-15 0.954959 1.61892e-13 0.176002 -0.0555452
4.7 0.0498919 -4.32937e-15 0.949988 1.62908e-13 0.184664 -0.0560205
4.8 0.0551344 -1.41102e-15 0.944744 1.43982e-13 0.193134 -0.0562667
4.9 0.0606256 2.68402e-15 0.939251 1.10896e-13 0.201354 -0.0562787
5 0.066338 8.55239e-15 0.933537 6.90316e-14 0.209268 -0.0560548
5.1 0.0722391 1.2893e-14 0.927634 1.78025e-14 0.216821 -0.0555972
5.2 0.0782925 1.61832e-14 0.921579 -3.38463e-14 0.223961 -0.0549117
5.3 0.0844583 1.58566e-14 0.915412 -8.2633e-14 0.230642 -0.054009
5.4 0.0906939 1.14112e-14 0.909175 -1.20755e-13 0.236819 -0.0529046
5.5 0.0969554 2.18436e-15 0.902912 -1.35205e-13 0.242456 -0.0516197
5.6 0.103199 -1.19139e-14 0.896667 -1.33529e-13 0.247524 -0.0501806
5.7 0.109383 -3.12361e-14 0.890483 -1.12845e-13 0.252003 -0.0486179
5.8 0.115466 -5.1272e-14 0.884398 -9.48888e-14 0.255883 -0.0469646
5.9 0.121415 -7.07096e-14 0.878448 -9.11206e-14 0.259164 -0.0452546
6 0.127198 -8.72051e-14 0.872664 -1.03594e-13 0.261854 -0.0435213
6.1 0.13279 -1.01165e-13 0.867072 -1.38025e-13 0.26397 -0.0417951
6.2 0.13817 -1.12176e-13 0.86169 -1.89082e-13 0.265537 -0.0401019
6.3 0.143325 -1.18714e-13 0.856534 -2.57566e-13 0.266588 -0.0384612
6.4 0.148244 -1.20338e-13 0.851614 -3.43342e-13 0.267155 -0.0368853
6.5 0.152918 -1.17613e-13 0.846939 -4.41799e-13 0.267276 -0.0353787
6.6 0.157344 -1.10393e-13 0.842512 -5.47812e-13 0.266986 -0.033938
6.7 0.161516 -9.97429e-14 0.838339 -6.43799e-13 0.266319 -0.0325538
6.8 0.165429 -8.66768e-14 0.834425 -7.05289e-13 0.265302 -0.0312108
6.9 0.169076 -8.09145e-14 0.830776 -7.09697e-13 0.263961 -0.0298902
7 0.172451 -9.6429e-14 0.8274 -6.56095e-13 0.262314 -0.0285709
7.1 0.175542 -1.5353e-13 0.824307 -5.55433e-13 0.260371 -0.0272328
7.2 0.17834 -2.52475e-13 0.821508 -4.31805e-13 0.258137 -0.0258595
7.3 0.180831 -3.7415e-13 0.819015 -3.36019e-13 0.255613 -0.0244394
7.4 0.183005 -5.35334e-13 0.816839 -2.5589e-13 0.252794 -0.0229674
7.5 0.184852 -7.08005e-13 0.81499 -1.97426e-13 0.249675 -0.0214451
7.6 0.186367 -8.8955e-13 0.813473 -1.37336e-13 0.246252 -0.0198799
7.7 0.187546 -1.0691e-12 0.812292 -7.6153e-14 0.242521 -0.0182846
7.8 0.188393 -1.24556e-12 0.811444 -2.84021e-14 0.238483 -0.0166757
7.9 0.188914 -1.39771e-12 0.810922 -4.21254e-14 0.23414 -0.0150721
8 0.189123 -1.48082e-12 0.810712 -1.18766e-13 0.229501 -0.0134933
8.1 0.189035 -1.45906e-12 0.810799 -2.22379e-13 0.22458 -0.0119582
8.2 0.18867 -1.35941e-12 0.811162 -3.15115e-13 0.219392 -0.0104823
8.3 0.188052 -1.17835e-12 0.811779 -3.58537e-13 0.213959 -0.00907807
8.4 0.187205 -9.50632e-13 0.812625 -3.40387e-13 0.208303 -0.00775297
8.5 0.186153 -7.06409e-13 0.813674 -2.80112e-13 0.202451 -0.00650986
8.6 0.184922 -4.81511e-13 0.814903 -2.18195e-13 0.196427 -0.00534677
8.7 0.183535 -2.98401e-13 0.816288 -1.02134e-13 0.190258 -0.00425774
8.8 0.182012 -3.04618e-13 0.817809 1.20747e-13 0.183968 -0.0032335
8.9 0.180374 -4.38896e-13 0.819445 4.18868e-13 0.177578 -0.00226284
9 0.178637 -5.97229e-13 0.821181 5.65155e-13 0.171107 -0.00133446
9.1 0.176815 -5.74418e-13 0.823 5.14333e-13 0.16457 -0.000438129
9.2 0.174924 -3.1007e-13 0.82489 1.11123e-13 0.157981 0.000433469
9.3 0.172973 1.16731e-13 0.826839 -5.52848e-13 0.151351 0.00128365
9.4 0.170974 5.90049e-13 0.828836 -1.26207e-12 0.144693 0.00211165
9.5 0.168939 1.04988e-12 0.83087 -1.89606e-12 0.138022 0.00291379
9.6 0.166876 1.5337e-12 0.83293 -2.52602e-12 0.131351 0.00368544
9.7 0.164798 1.94691e-12 0.835007 -2.9317e-12 0.124698 0.00442114
9.8 0.162713 2.34574e-12 0.83709 -3.02261e-12 0.118077 0.00511382
9.9 0.160631 2.62139e-12 0.839171 -2.89024e-12 0.111504 0.00575444
10 0.15856 2.5575e-12 0.84124 -2.79182e-12 0.104994 0.00633155
10.1 0.156509 2.20716e-12 0.84329 -2.53983e-12 0.0985652 0.00683171
10.2 0.154484 1.65155e-12 0.845313 -2.00778e-12 0.0922385 0.00724071
10.3 0.152494 9.78262e-13 0.847301 -1.22264e-12 0.086038 0.00754574
10.4 0.150545 1.50604e-13 0.849249 -3.31277e-13 0.0799904 0.00773725
10.5 0.148641 -8.25454e-13 0.85115 6.22272e-13 0.0741234 0.00781017
10.6 0.146788 -1.90973e-12 0.853001 1.59637e-12 0.0684641 0.00776391
10.7 0.144987 -2.99483e-12 0.854799 2.52815e-12 0.0630372 0.00760164
10.8 0.14324 -3.94895e-12 0.856543 3.38563e-12 0.0578649 0.00732965
10.9 0.141548 -4.67563e-12 0.858234 4.09411e-12 0.0529672 0.0069571
11 0.139909 -5.08376e-12 0.859872 4.59462e-12 0.0483609 0.00649667
11.1 0.138321 -5.12498e-12 0.861459 4.83743e-12 0.0440598 0.00596396
11.2 0.136782 -4.78044e-12 0.862998 4.73348e-12 0.0400738 0.00537731
11.3 0.135288 -4.18348e-12 0.864491 4.25161e-12 0.036409 0.00475733
11.4 0.133834 -3.44197e-12 0.865944 3.54989e-12 0.0330658 0.0041281
11.5 0.132418 -2.69066e-12 0.867359 2.7305e-12 0.0300373 0.00351516
11.6 0.131035 -1.99456e-12 0.868741 2.0892e-12 0.0273084 0.00294266
11.7 0.129681 -1.44513e-12 0.870094 1.72136e-12 0.0248572 0.00243025
11.8 0.128353 -1.10151e-12 0.871421 1.63244e-12 0.0226584 0.00199169
11.9 0.127047 -8.97507e-13 0.872726 1.76794e-12 0.0206843 0.00163526
12 0.125761 -7.78099e-13 0.874012 2.00753e-12 0.0189078 0.00136425
12.1 0.124493 -6.97534e-13 0.875279 2.22794e-12 0.0173029 0.00117843
12.2 0.123241 -6.29953e-13 0.876531 2.37706e-12 0.0158447 0.0010751
12.3 0.122003 -5.48939e-13 0.877769 2.42926e-12 0.0145091 0.00104942
12.4 0.12078 -4.55218e-13 0.878992 2.42553e-12 0.0132722 0.00109392
12.5 0.119569 -3.62718e-13 0.880203 2.36252e-12 0.0121113 0.001198
12.6 0.118371 -2.77912e-13 0.881401 2.24106e-12 0.0110062 0.00134722
12.7 0.117184 -1.87916e-13 0.882587 2.06939e-12 0.00993976 0.00152307
12.8 0.11601 -1.21006e-13 0.88376 1.87907e-12 0.00890048 0.00170419
12.9 0.114848 -3.88842e-14 0.884921 1.67342e-12 0.00788448 0.0018688
13 0.113698 1.30427e-14 0.886071 1.50053e-12 0.00689417 0.0019983
13.1 0.11256 3.4255e-14 0.887208 1.37162e-12 0.00593635 0.00207806
13.2 0.111434 4.45398e-14 0.888334 1.3045e-12 0.00502104 0.00209873
13.3 0.11032 4.77772e-14 0.889447 1.26306e-12 0.00415917 0.00205591
13.4 0.109218 4.60748e-14 0.890549 1.23521e-12 0.00336172 0.0019496
13.5 0.108128 3.6408e-14 0.89164 1.21871e-12 0.00263815 0.0017837
13.6 0.107049 1.1754e-14 0.892718 1.21069e-12 0.00199614 0.00156471
13.7 0.105982 -3.43077e-14 0.893785 1.20209e-12 0.00144192 0.00130107
13.8 0.104927 -8.22805e-14 0.89484 1.18725e-12 0.000980489 0.00100305
13.9 0.103882 -1.23637e-13 0.895885 1.18903e-12 0.000614941 0.000682652
14 0.102848 -1.73483e-13 0.896918 1.14344e-12 0.000346669 0.000353656
14.1 0.101824 -2.1998e-13 0.897941 1.06982e-12 0.000174029 3.13151e-05
14.2 0.100811 -2.52648e-13 0.898953 9.62067e-13 9.1754e-05 -0.000268993
14.3 0.0998082 -2.58996e-13 0.899956 8.1812e-13 9.08819e-05 -0.000533025
14.4 0.0988153 -2.50948e-13 0.900948 6.47909e-13 0.000159527 -0.00074879
14.5 0.0978324 -2.43499e-13 0.90193 4.91544e-13 0.000283891 -0.000906541
14.6 0.0968592 -2.41469e-13 0.902902 3.86721e-13 0.000448392 -0.000999411
14.7 0.0958956 -2.45567e-13 0.903865 3.39469e-13 0.000636255 -0.00102343
14.8 0.0949416 -2.5266e-13 0.904818 3.44166e-13 0.000829704 -0.000977844
14.9 0.093997 -2.55942e-13 0.905762 3.73607e-13 0.00101066 -0.0008662
15 0.0930617 -2.4285e-13 0.906697 3.67516e-13 0.0011625 -0.000696499
15.1 0.0921357 -2.13869e-13 0.907622 3.31989e-13 0.0012715 -0.000480395
15.2 0.0912189 -1.76863e-13 0.908538 2.55833e-13 0.00132771 -0.000232172
15.3 0.0903112 -1.4801e-13 0.909445 1.53871e-13 0.0013251 3.23902e-05
15.4 0.0894125 -1.49682e-13 0.910343 1.16451e-14 0.00126173 0.000296978
15.5 0.0885227 -1.80258e-13 0.911233 -9.11828e-14 0.00113971 0.000545464
15.6 0.0876419 -2.27569e-13 0.912113 -1.8756e-13 0.000965213 0.0007631
15.7 0.0867698 -2.86202e-13 0.912985 -2.77723e-13 0.000747587 0.000937575
15.8 0.0859064 -3.44815e-13 0.913848 -3.81886e-13 0.000498474 0.00105951
15.9 0.0850516 -3.83205e-13 0.914703 -5.30491e-13 0.000231105 0.00112258
16 0.0842053 -4.03905e-13 0.915549 -7.00013e-13 -4.03538e-05 0.00112382
16.1 0.0833674 -4.23417e-13 0.916386 -1.09147e-12 -0.000301383 0.0010637
16.2 0.0825378 -4.4009e-13 0.917215 -1.50596e-12 -0.000538168 0.000946293
16.3 0.0817165 -4.3461e-13 0.918035 -1.64979e-12 -0.000738511 0.000778962
16.4 0.0809032 -4.00051e-13 0.918848 -1.8842e-12 -0.00089252 0.000571708
16.5 0.0800981 -3.50964e-13 0.919652 -2.11704e-12 -0.000992964 0.000336479
16.6 0.0793009 -3.07938e-13 0.920448 -2.25264e-12 -0.00103553 8.64392e-05
16.7 0.0785116 -2.84748e-13 0.921236 -2.30635e-12 -0.00101896 -0.00016461
16.8 0.0777303 -2.68297e-13 0.922017 -2.329e-12 -0.000945158 -0.000403097
16.9 0.0769567 -2.58975e-13 0.922789 -2.31508e-12 -0.000818958 -0.000616312
17 0.0761909 -2.52403e-13 0.923554 -2.26704e-12 -0.000647844 -0.000792908
17.1 0.0754327 -2.39996e-13 0.924312 -2.20419e-12 -0.00044167 -0.000923502
17.2 0.074682 -2.1854e-13 0.925062 -2.14047e-12 -0.000212217 -0.00100125
17.3 0.0739389 -1.95036e-13 0.925805 -2.02111e-12 2.74701e-05 -0.00102227
17.4 0.0732031 -1.70048e-13 0.926541 -1.92898e-12 0.00026381 -0.000985898
17.5 0.0724747 -1.48475e-13 0.927269 -1.8681e-12 0.000483512 -0.000894704
17.6 0.0717535 -1.31669e-13 0.92799 -1.84737e-12 0.000674319 -0.000754304
17.7 0.0710395 -1.21689e-13 0.928704 -1.86437e-12 0.000825646 -0.000573036
17.8 0.0703326 -1.1418e-13 0.929411 -1.91458e-12 0.000929204 -0.000361525
17.9 0.0696328 -1.0823e-13 0.930111 -1.93318e-12 0.000979489 -0.00013208
18 0.0689399 -1.07929e-13 0.930803 -1.94061e-12 0.000974142 0.000102025
18.1 0.0682539 -1.0756e-13 0.931489 -1.9458e-12 0.000914088 0.000327387
18.2 0.0675747 -1.0643e-13 0.932168 -1.95028e-12 0.000803447 0.000531311
18.3 0.0669023 -1.04824e-13 0.93284 -1.95377e-12 0.000649206 0.000702577
18.4 0.0662366 -1.02919e-13 0.933505 -1.95741e-12 0.000460732 0.000832066
18.5 0.0655775 -1.0081e-13 0.934164 -1.95898e-12 0.00024914 0.000913229
18.6 0.064925 -9.85092e-14 0.934816 -1.95972e-12 2.66074e-05 0.000942364
18.7 0.0642789 -9.65969e-14 0.935461 -1.96127e-12 -0.000194331 0.000918712
18.8 0.0636393 -9.50246e-14 0.936101 -1.96274e-12 -0.000401469 0.00084445
18.9 0.0630061 -9.33199e-14 0.936734 -1.96443e-12 -0.000583598 0.000724478
19 0.0623791 -9.20255e-14 0.93736 -1.96584e-12 -0.000731068 0.000566055
19.1 0.0617584 -9.08953e-14 0.937981 -1.9673e-12 -0.000836221 0.000378378
19.2 0.0611439 -8.99671e-14 0.938595 -1.96866e-12 -0.000893743 0.000172101
19.3 0.0605355 -8.91595e-14 0.939203 -1.9698e-12 -0.000900909 -4.11851e-05
19.4 0.0599332 -8.84144e-14 0.939805 -1.97065e-12 -0.000857764 -0.000249543
19.5 0.0593368 -8.75357e-14 0.940402 -1.97157e-12 -0.000767177 -0.000441344
19.6 0.0587464 -8.66515e-14 0.940992 -1.9725e-12 -0.000634702 -0.00060595
19.7 0.0581618 -8.57677e-14 0.941576 -1.97344e-12 -0.000468292 -0.000734393
19.8 0.0575831 -8.48903e-14 0.942155 -1.97438e-12 -0.000277748 -0.000819889
19.9 0.0570102 -8.40454e-14 0.942728 -1.97523e-12 -7.41209e-05 -0.00085823
20 0.0564429 -8.32094e-14 0.943295 -1.97607e-12 0.000130989 -0.000847985
