0 0 0 1 0 0 0
0.1 1.71708e-07 2.35581e-21 0.999971 -2.33179e-15 4.82608e-05 -0.000411078
0.2 7.90686e-07 7.58381e-21 0.999971 -7.17419e-15 0.000195197 -0.000865306
0.3 2.03497e-06 1.18772e-20 0.999971 -9.57724e-15 0.000448234 -0.00134815
0.4 4.11191e-06 6.11732e-21 0.999972 -1.06497e-14 0.000811225 -0.00184509
0.5 7.25712e-06 -9.01638e-21 0.999971 -1.0932e-14 0.00128458 -0.00234257
0.6 1.17332e-05 -2.293e-20 0.999969 -1.08346e-14 0.00186562 -0.00282891
0.7 1.78287e-05 -1.35144e-20 0.999964 -1.03647e-14 0.0025491 -0.00329514
0.8 2.58594e-05 2.28145e-20 0.999957 -9.27047e-15 0.00332797 -0.00373557
0.9 3.61716e-05 6.18116e-20 0.999947 -7.54418e-15 0.00419417 -0.00414833
1 4.91511e-05 3.34114e-20 0.999934 -5.05542e-15 0.00513957 -0.00453562
1.1 6.52389e-05 -1.7583e-19 0.999918 -1.67213e-15 0.00615698 -0.00490367
1.2 8.49552e-05 -6.0068e-19 0.999898 2.90866e-15 0.00724101 -0.00526261
1.3 0.000108935 -1.06197e-18 0.999874 8.65704e-15 0.00838892 -0.00562605
1.4 0.000137976 -1.15079e-18 0.999845 1.58835e-14 0.00960144 -0.00601047
1.5 0.000173103 -1.20621e-19 0.99981 2.40902e-14 0.0108832 -0.00643444
1.6 0.000215643 2.86978e-18 0.999767 3.17459e-14 0.0122433 -0.00691776
1.7 0.000267318 8.83441e-18 0.999716 3.73419e-14 0.0136951 -0.00748051
1.8 0.000330354 1.92551e-17 0.999653 3.93471e-14 0.0152566 -0.0081421
1.9 0.000407598 3.57829e-17 0.999576 3.71341e-14 0.0169496 -0.00892033
2 0.000502641 6.03012e-17 0.999481 3.12606e-14 0.0187997 -0.00983051
2.1 0.000619951 9.49541e-17 0.999363 2.3597e-14 0.0208351 -0.0108848
2.2 0.000765002 1.40018e-16 0.999218 1.6241e-14 0.0230861 -0.0120916
2.3 0.000944388 1.92569e-16 0.999037 1.14614e-14 0.0255841 -0.0134552
2.4 0.00116593 2.45025e-16 0.998815 1.03092e-14 0.0283603 -0.0149756
2.5 0.00143876 2.86582e-16 0.998541 1.30073e-14 0.0314448 -0.0166482
2.6 0.00177336 3.11119e-16 0.998206 1.85873e-14 0.0348659 -0.0184646
2.7 0.00218161 3.20779e-16 0.997797 2.64583e-14 0.0386485 -0.0204121
2.8 0.00267672 3.28913e-16 0.9973 3.61423e-14 0.0428139 -0.0224749
2.9 0.00327322 3.63338e-16 0.996703 4.57926e-14 0.0473787 -0.0246342
3 0.00398679 4.54244e-16 0.995988 5.44102e-14 0.0523542 -0.0268693
3.1 0.00483417 6.27516e-16 0.995139 5.9802e-14 0.0577461 -0.0291576
3.2 0.00583291 9.10141e-16 0.994139 6.0257e-14 0.0635544 -0.031476
3.3 0.00700116 1.30348e-15 0.992969 5.59255e-14 0.0697732 -0.0338013
3.4 0.00835741 1.82072e-15 0.991612 4.65951e-14 0.0763907 -0.0361103
3.5 0.00992016 2.47663e-15 0.990047 3.44716e-14 0.0833894 -0.0383804
3.6 0.0117076 3.26169e-15 0.988259 2.18714e-14 0.0907465 -0.0405905
3.7 0.0137372 4.14445e-15 0.986228 1.4162e-14 0.0984345 -0.0427205
3.8 0.0160255 5.04857e-15 0.983938 1.02104e-14 0.106421 -0.0447517
3.9 0.0185875 5.83575e-15 0.981375 9.69136e-15 0.11467 -0.0466665
4 0.0214363 6.3706e-15 0.978525 1.11252e-14 0.123141 -0.0484485
4.1 0.0245827 6.68589e-15 0.975378 1.0942e-14 0.131791 -0.0500824
4.2 0.0280348 6.77917e-15 0.971925 9.71495e-15 0.140572 -0.0515538
4.3 0.0317974 7.05053e-15 0.968162 6.62245e-15 0.149437 -0.0528492
4.4 0.0358715 7.76578e-15 0.964087 3.03669e-15 0.158332 -0.0539558
4.5 0.0402541 9.1315e-15 0.959704 -1.70369e-15 0.167204 -0.0548614
4.6 0.0449378 1.12279e-14 0.95502 -8.22913e-15 0.175998 -0.0555551
4.7 0.0499101 1.357e-14 0.950047 -1.91614e-14 0.184656 -0.0560275
4.8 0.0551536 1.58112e-14 0.944803 -3.27222e-14 0.193122 -0.0562712
4.9 0.0606457 1.79204e-14 0.939311 -4.83368e-14 0.201337 -0.056281
5 0.0663587 2.04792e-14 0.933597 -6.02102e-14 0.209245 -0.0560549
5.1 0.0722605 2.42427e-14 0.927696 -6.39866e-14 0.216791 -0.0555948
5.2 0.0783144 3.00428e-14 0.921642 -5.58253e-14 0.223923 -0.0549071
5.3 0.0844804 3.79319e-14 0.915476 -4.03252e-14 0.230592 -0.0540036
5.4 0.0907162 4.63386e-14 0.909241 -2.43803e-14 0.236756 -0.0529009
5.5 0.0969785 5.32816e-14 0.902979 -1.33316e-14 0.242381 -0.0516205
5.6 0.103224 5.80169e-14 0.896734 -1.06513e-14 0.247437 -0.0501884
5.7 0.10941 6.1011e-14 0.890548 -1.82405e-14 0.251906 -0.0486344
5.8 0.115498 6.39776e-14 0.884459 -3.28286e-14 0.255778 -0.0469903
5.9 0.121452 6.93403e-14 0.878504 -5.16275e-14 0.259052 -0.0452894
6 0.127242 7.91232e-14 0.872714 -7.55211e-14 0.261736 -0.0435637
6.1 0.132843 9.2848e-14 0.867114 -9.44667e-14 0.263848 -0.041843
6.2 0.138233 1.05048e-13 0.861723 -1.05528e-13 0.265412 -0.0401523
6.3 0.143397 1.10336e-13 0.856557 -1.06836e-13 0.266456 -0.0385109
6.4 0.148325 1.04668e-13 0.851628 -1.00036e-13 0.267016 -0.0369319
6.5 0.153009 8.75495e-14 0.846943 -8.36745e-14 0.267126 -0.0354216
6.6 0.157443 5.77806e-14 0.842507 -5.33095e-14 0.266822 -0.0339786
6.7 0.161623 1.38719e-14 0.838325 -4.31613e-15 0.26614 -0.0325941
6.8 0.165543 -3.83015e-14 0.834402 5.06856e-14 0.26511 -0.0312532
6.9 0.169199 -9.04088e-14 0.830743 9.60364e-14 0.263755 -0.0299367
7 0.172583 -1.37885e-13 0.827356 1.27868e-13 0.262094 -0.0286236
7.1 0.175685 -1.81162e-13 0.824252 1.47438e-13 0.26014 -0.0272933
7.2 0.178494 -2.15238e-13 0.82144 1.60266e-13 0.257896 -0.025928
7.3 0.180999 -2.40392e-13 0.818932 1.69531e-13 0.255364 -0.0245147
7.4 0.183187 -2.50127e-13 0.816741 1.7533e-13 0.252539 -0.023047
7.5 0.185048 -2.43515e-13 0.814876 1.80187e-13 0.249414 -0.0215257
7.6 0.186576 -2.28519e-13 0.813345 1.82043e-13 0.245982 -0.0199589
7.7 0.187769 -2.15454e-13 0.812149 1.91193e-13 0.24224 -0.0183609
7.8 0.188628 -1.93338e-13 0.811287 1.73956e-13 0.238188 -0.0167505
7.9 0.18916 -1.77581e-13 0.810751 1.42262e-13 0.233831 -0.0151483
8 0.18938 -1.62549e-13 0.810529 9.57235e-14 0.22918 -0.0135744
8.1 0.189303 -1.48612e-13 0.810602 3.20187e-14 0.224248 -0.0120467
8.2 0.188951 -1.54813e-13 0.810951 -3.66362e-14 0.219055 -0.0105798
8.3 0.188346 -1.63439e-13 0.811553 -1.02405e-13 0.21362 -0.00918412
8.4 0.187513 -1.71637e-13 0.812383 -1.5745e-13 0.207968 -0.00786572
8.5 0.186475 -2.16481e-13 0.813417 -1.23107e-13 0.202123 -0.00662586
8.6 0.185257 -2.70103e-13 0.814631 -6.58997e-14 0.196108 -0.00546174
8.7 0.183882 -3.33539e-13 0.816003 2.21304e-14 0.189946 -0.00436769
8.8 0.182371 -3.86455e-13 0.817511 1.1745e-13 0.183661 -0.00333638
8.9 0.180742 -4.2615e-13 0.819136 2.0848e-13 0.177272 -0.00235951
9 0.179012 -4.55708e-13 0.820862 2.89866e-13 0.1708 -0.00142831
9.1 0.177198 -4.68688e-13 0.822673 3.51426e-13 0.164262 -0.000534566
9.2 0.175313 -4.6399e-13 0.824555 3.80348e-13 0.157676 0.000329167
9.3 0.17337 -4.52593e-13 0.826496 3.77706e-13 0.151055 0.0011686
9.4 0.171379 -4.57092e-13 0.828484 3.40051e-13 0.144414 0.0019869
9.5 0.16935 -4.78513e-13 0.830509 2.75328e-13 0.137763 0.00278398
9.6 0.167295 -5.0159e-13 0.832561 1.76036e-13 0.131115 0.00355658
9.7 0.165223 -5.12228e-13 0.834631 1.04581e-13 0.124482 0.0042982
9.8 0.163143 -5.46209e-13 0.836709 5.45028e-14 0.117876 0.00499916
9.9 0.161064 -5.96824e-13 0.838786 4.84452e-14 0.111313 0.00564736
10 0.158995 -6.61306e-13 0.840853 9.44901e-14 0.104811 0.00622954
10.1 0.156945 -7.19819e-13 0.842902 2.10119e-13 0.0983885 0.00673225
10.2 0.154922 -7.70678e-13 0.844923 3.71588e-13 0.0920693 0.00714271
10.3 0.152933 -8.34697e-13 0.846911 6.11196e-13 0.0858775 0.00744993
10.4 0.150984 -9.14676e-13 0.848858 8.54577e-13 0.0798387 0.00764526
10.5 0.149081 -1.01446e-12 0.850759 1.09512e-12 0.0739794 0.00772314
10.6 0.147227 -1.14786e-12 0.85261 1.30001e-12 0.0683259 0.0076815
10.7 0.145425 -1.33518e-12 0.85441 1.46734e-12 0.0629035 0.00752201
10.8 0.143676 -1.53994e-12 0.856155 1.58947e-12 0.0577362 0.00725011
10.9 0.141982 -1.73611e-12 0.857847 1.66921e-12 0.0528461 0.00687549
11 0.14034 -1.92168e-12 0.859487 1.7359e-12 0.0482517 0.00641221
11.1 0.138749 -2.08726e-12 0.861075 1.7971e-12 0.0439674 0.00587868
11.2 0.137206 -2.18998e-12 0.862616 1.85561e-12 0.0400014 0.00529645
11.3 0.135708 -2.2184e-12 0.864112 1.87083e-12 0.0363548 0.00468822
11.4 0.13425 -2.2219e-12 0.865567 1.82668e-12 0.0330231 0.00407586
11.5 0.13283 -2.26654e-12 0.866986 1.7368e-12 0.0299969 0.00347972
11.6 0.131443 -2.36799e-12 0.868372 1.61879e-12 0.0272631 0.00291877
11.7 0.130084 -2.46157e-12 0.869729 1.48057e-12 0.0248045 0.00241026
11.8 0.128752 -2.5017e-12 0.871059 1.31612e-12 0.0225997 0.0019689
11.9 0.127441 -2.53185e-12 0.872367 1.1763e-12 0.0206243 0.00160572
12 0.126151 -2.52396e-12 0.873655 9.56035e-13 0.018852 0.00132781
12.1 0.124878 -2.54472e-12 0.874926 7.26825e-13 0.0172556 0.00113804
12.2 0.123621 -2.57635e-12 0.87618 5.26495e-13 0.0158071 0.00103565
12.3 0.122379 -2.59184e-12 0.877419 3.88449e-13 0.0144792 0.00101553
12.4 0.121151 -2.60481e-12 0.878646 2.51787e-13 0.013246 0.00106784
12.5 0.119935 -2.62412e-12 0.879859 1.1086e-13 0.0120849 0.00117846
12.6 0.118732 -2.63554e-12 0.88106 -8.06415e-15 0.0109773 0.00133044
12.7 0.117541 -2.61723e-12 0.882249 -9.71741e-14 0.00990966 0.00150514
12.8 0.116361 -2.57038e-12 0.883426 -1.70965e-13 0.00887309 0.00168371
12.9 0.115194 -2.52356e-12 0.88459 -2.46009e-13 0.0078634 0.00184799
13 0.114039 -2.46311e-12 0.885743 -3.00928e-13 0.00688067 0.00198164
13.1 0.112896 -2.40226e-12 0.886884 -3.28571e-13 0.00592828 0.00207069
13.2 0.111766 -2.34527e-12 0.888013 -3.42764e-13 0.00501275 0.00210361
13.3 0.110647 -2.28518e-12 0.88913 -3.19156e-13 0.00414369 0.00207216
13.4 0.109541 -2.21941e-12 0.890234 -2.69402e-13 0.00333295 0.00197262
13.5 0.108446 -2.16265e-12 0.891327 -2.22305e-13 0.00259321 0.00180621
13.6 0.107363 -2.10527e-12 0.892408 -2.03297e-13 0.0019361 0.00157893
13.7 0.106292 -2.03396e-12 0.893478 -2.18532e-13 0.0013714 0.00130054
13.8 0.105232 -1.97803e-12 0.894536 -2.73953e-13 0.000906265 0.000983709
13.9 0.104183 -1.931e-12 0.895583 -3.45462e-13 0.000544525 0.000642819
14 0.103145 -1.89257e-12 0.896619 -4.13577e-13 0.000286676 0.000293789
14.1 0.102117 -1.86511e-12 0.897644 -4.78e-13 0.00012964 -4.64174e-05
14.2 0.101101 -1.83417e-12 0.898659 -5.42416e-13 6.66815e-05 -0.000361136
14.3 0.100095 -1.80396e-12 0.899663 -6.00985e-13 8.75268e-05 -0.000634898
14.4 0.0990985 -1.7845e-12 0.900657 -6.53394e-13 0.000178804 -0.000854469
14.5 0.0981122 -1.76921e-12 0.901641 -7.06218e-13 0.000324657 -0.00100934
14.6 0.0971357 -1.76336e-12 0.902616 -7.53642e-13 0.000507154 -0.00109262
14.7 0.0961688 -1.76218e-12 0.90358 -8.09172e-13 0.000707221 -0.00110167
14.8 0.0952114 -1.76645e-12 0.904536 -8.9215e-13 0.000906023 -0.00103827
14.9 0.0942634 -1.77003e-12 0.905481 -9.99074e-13 0.001086 -0.000908669
15 0.093325 -1.76774e-12 0.906418 -1.10577e-12 0.00123235 -0.000722744
15.1 0.0923958 -1.75997e-12 0.907345 -1.21047e-12 0.00133304 -0.000493331
15.2 0.0914758 -1.74469e-12 0.908263 -1.30721e-12 0.00137959 -0.000235293
15.3 0.0905648 -1.72659e-12 0.909172 -1.39429e-12 0.00136731 3.57354e-05
15.4 0.089663 -1.70039e-12 0.910072 -1.46095e-12 0.00129519 0.000304046
15.5 0.0887702 -1.67984e-12 0.910963 -1.5011e-12 0.00116583 0.000554257
15.6 0.0878863 -1.66498e-12 0.911846 -1.5246e-12 0.000985461 0.000772441
15.7 0.0870113 -1.65468e-12 0.912719 -1.54638e-12 0.000763381 0.000946869
15.8 0.086145 -1.6418e-12 0.913584 -1.57633e-12 0.000511061 0.00106854
15.9 0.0852872 -1.62884e-12 0.91444 -1.60951e-12 0.000241455 0.00113151
16 0.0844381 -1.61847e-12 0.915287 -1.6381e-12 -3.15089e-05 0.0011332
16.1 0.0835975 -1.60871e-12 0.916126 -1.66538e-12 -0.000293975 0.0010744
16.2 0.0827653 -1.59837e-12 0.916957 -1.68421e-12 -0.000532687 0.00095902
16.3 0.0819414 -1.58592e-12 0.91778 -1.69278e-12 -0.000735593 0.000794041
16.4 0.0811256 -1.57038e-12 0.918594 -1.69301e-12 -0.000892604 0.000589184
16.5 0.0803179 -1.55252e-12 0.9194 -1.68921e-12 -0.000996335 0.000356321
16.6 0.0795183 -1.53372e-12 0.920198 -1.68519e-12 -0.00104249 0.000108509
16.7 0.0787266 -1.51402e-12 0.920989 -1.67846e-12 -0.00102986 -0.000140787
16.8 0.0779428 -1.49353e-12 0.921771 -1.66572e-12 -0.000960158 -0.000378355
16.9 0.0771668 -1.47298e-12 0.922545 -1.65332e-12 -0.000837881 -0.000591626
17 0.0763986 -1.45263e-12 0.923312 -1.64559e-12 -0.000670269 -0.000769304
17.1 0.0756381 -1.4344e-12 0.924072 -1.64796e-12 -0.000466931 -0.000901912
17.2 0.0748851 -1.41721e-12 0.924824 -1.65154e-12 -0.000239574 -0.000982234
17.3 0.0741398 -1.40126e-12 0.925568 -1.65786e-12 -1.39222e-06 -0.00100596
17.4 0.0734019 -1.38585e-12 0.926305 -1.6668e-12 0.000233697 -0.000972065
17.5 0.0726715 -1.37211e-12 0.927035 -1.67759e-12 0.000451947 -0.000883088
17.6 0.0719485 -1.35632e-12 0.927758 -1.68974e-12 0.000640792 -0.000744936
17.7 0.0712327 -1.34032e-12 0.928473 -1.70289e-12 0.000789716 -0.000566459
17.8 0.0705241 -1.3239e-12 0.929182 -1.71624e-12 0.000890856 -0.000358687
17.9 0.0698225 -1.30886e-12 0.929884 -1.72997e-12 0.000939418 -0.000133987
18 0.069128 -1.29664e-12 0.930578 -1.74214e-12 0.000933707 9.47769e-05
18.1 0.0684402 -1.28462e-12 0.931266 -1.75456e-12 0.000875025 0.00031494
18.2 0.0677592 -1.27231e-12 0.931946 -1.76653e-12 0.000767375 0.000514664
18.3 0.0670848 -1.25978e-12 0.93262 -1.77873e-12 0.000617119 0.000683404
18.4 0.0664173 -1.24836e-12 0.933287 -1.79103e-12 0.00043268 0.000812268
18.5 0.0657563 -1.23686e-12 0.933947 -1.80432e-12 0.000224262 0.000894353
18.6 0.065102 -1.22501e-12 0.934601 -1.81736e-12 3.50902e-06 0.00092514
18.7 0.0644542 -1.2129e-12 0.935248 -1.83008e-12 -0.000217017 0.000902954
18.8 0.0638128 -1.20076e-12 0.935889 -1.84213e-12 -0.000424626 0.000829296
18.9 0.0631779 -1.18867e-12 0.936524 -1.85385e-12 -0.000607419 0.00070879
19 0.0625492 -1.17663e-12 0.937152 -1.86542e-12 -0.000755112 0.000548846
19.1 0.0619268 -1.16478e-12 0.937775 -1.87693e-12 -0.000859694 0.000359081
19.2 0.0613106 -1.15335e-12 0.938391 -1.88832e-12 -0.00091583 0.000150604
19.3 0.0607006 -1.14197e-12 0.939 -1.89968e-12 -0.000921024 -6.47142e-05
19.4 0.0600966 -1.13064e-12 0.939604 -1.91107e-12 -0.000875555 -0.000274902
19.5 0.0594986 -1.11944e-12 0.940202 -1.9223e-12 -0.00078235 -0.000468453
19.6 0.0589066 -1.10832e-12 0.940794 -1.93349e-12 -0.000646803 -0.000634827
19.7 0.0583204 -1.09729e-12 0.94138 -1.94455e-12 -0.000476517 -0.000764885
19.8 0.0577401 -1.08637e-12 0.94196 -1.95549e-12 -0.000281059 -0.00085139
19.9 0.0571656 -1.07556e-12 0.942534 -1.9663e-12 -7.15453e-05 -0.000889427
20 0.0565968 -1.06486e-12 0.943103 -1.977e-12 0.000139886 -0.000876882
