0 0 0 1 0 0 0
0.1 1.71708e-07 1.54961e-22 0.999971 -6.008e-15 4.82608e-05 -0.000411088
0.2 7.90695e-07 -8.03832e-24 0.999971 -9.07941e-15 0.0001952 -0.000865351
0.3 2.03503e-06 -9.12111e-22 0.99997 -1.17696e-14 0.00044825 -0.00134828
0.4 4.11213e-06 -2.37959e-21 0.999971 -1.43321e-14 0.000811276 -0.00184536
0.5 7.25774e-06 -2.12167e-20 0.999969 -1.51436e-14 0.00128471 -0.00234305
0.6 1.17346e-05 -6.55173e-20 0.999966 -1.55758e-14 0.00186588 -0.0028297
0.7 1.78316e-05 -1.50388e-19 0.999961 -1.60659e-14 0.00254958 -0.0032963
0.8 2.58648e-05 -2.81243e-19 0.999953 -1.6938e-14 0.00332876 -0.0037372
0.9 3.6181e-05 -4.47672e-19 0.999942 -1.82451e-14 0.00419539 -0.0041505
1 4.91666e-05 -6.17379e-19 0.999929 -1.98086e-14 0.00514138 -0.00453838
1.1 6.52631e-05 -7.5992e-19 0.999912 -2.13477e-14 0.00615953 -0.00490706
1.2 8.49913e-05 -8.84488e-19 0.999892 -2.25809e-14 0.00724445 -0.00526665
1.3 0.000108987 -1.12632e-18 0.999867 -2.35126e-14 0.00839343 -0.00563073
1.4 0.000138049 -1.71321e-18 0.999838 -2.42741e-14 0.00960716 -0.00601575
1.5 0.000173201 -2.8275e-18 0.999803 -2.50262e-14 0.0108903 -0.00644027
1.6 0.000215772 -4.63258e-18 0.999761 -2.55934e-14 0.0122519 -0.00692408
1.7 0.000267484 -7.17807e-18 0.99971 -2.57233e-14 0.0137053 -0.00748727
1.8 0.000330564 -1.05292e-17 0.999648 -2.51329e-14 0.0152684 -0.00814922
1.9 0.000407858 -1.47177e-17 0.999571 -2.35241e-14 0.0169631 -0.00892774
2 0.000502957 -1.95984e-17 0.999476 -2.10795e-14 0.0188148 -0.00983818
2.1 0.000620331 -2.53133e-17 0.999359 -1.81006e-14 0.0208519 -0.0108927
2.2 0.000765453 -3.23168e-17 0.999214 -1.52249e-14 0.0231047 -0.0120999
2.3 0.000944919 -4.06679e-17 0.999034 -1.28232e-14 0.0256043 -0.0134639
2.4 0.00116655 -4.91332e-17 0.998811 -1.11508e-14 0.0283822 -0.0149848
2.5 0.00143949 -5.70015e-17 0.998538 -1.02035e-14 0.0314685 -0.0166582
2.6 0.00177422 -6.25593e-17 0.998202 -9.93575e-15 0.0348914 -0.0184755
2.7 0.00218262 -6.30102e-17 0.997793 -1.0342e-14 0.038676 -0.0204241
2.8 0.00267793 -5.72318e-17 0.997296 -1.1053e-14 0.0428435 -0.0224883
2.9 0.00327467 -4.49377e-17 0.996698 -1.17566e-14 0.0474106 -0.0246493
3 0.00398855 -3.15971e-17 0.995983 -1.20086e-14 0.0523886 -0.0268864
3.1 0.00483631 -1.76635e-17 0.995134 -1.18804e-14 0.0577836 -0.0291772
3.2 0.00583554 -6.98556e-19 0.994133 -1.13253e-14 0.0635954 -0.0314985
3.3 0.00700441 1.08754e-17 0.992962 -1.05112e-14 0.0698183 -0.0338269
3.4 0.00836143 2.49003e-17 0.991603 -9.28658e-15 0.0764405 -0.036139
3.5 0.00992512 4.59148e-17 0.990037 -7.62535e-15 0.0834446 -0.0384124
3.6 0.0117137 8.17916e-17 0.988247 -5.93574e-15 0.0908079 -0.0406258
3.7 0.0137447 1.47101e-16 0.986214 -4.52486e-15 0.0985027 -0.042759
3.8 0.0160345 2.39399e-16 0.983922 -3.40227e-15 0.106497 -0.0447932
3.9 0.0185983 3.65361e-16 0.981356 -3.09832e-15 0.114754 -0.0467107
4 0.0214491 5.32021e-16 0.978503 -5.27989e-15 0.123233 -0.0484949
4.1 0.0245977 6.91404e-16 0.975353 -7.97828e-15 0.131892 -0.0501304
4.2 0.0280522 8.34063e-16 0.971897 -1.16018e-14 0.140683 -0.0516029
4.3 0.0318172 9.17026e-16 0.96813 -1.50684e-14 0.149556 -0.0528987
4.4 0.0358939 9.38091e-16 0.964052 -1.8029e-14 0.158461 -0.054005
4.5 0.0402791 1.00847e-15 0.959665 -2.01802e-14 0.167343 -0.0549097
4.6 0.0449653 1.13905e-15 0.954977 -2.00275e-14 0.176146 -0.055602
4.7 0.04994 1.06323e-15 0.950001 -1.71855e-14 0.184813 -0.0560726
4.8 0.0551856 9.00905e-16 0.944754 -1.3748e-14 0.193287 -0.056314
4.9 0.0606796 4.57254e-16 0.939259 -9.4817e-15 0.20151 -0.0563212
5 0.0663942 -2.73254e-16 0.933544 -5.25411e-15 0.209426 -0.0560923
5.1 0.0722971 -1.07564e-15 0.92764 -2.19987e-15 0.216979 -0.0556293
5.2 0.0783517 -1.66283e-15 0.921585 -6.39841e-16 0.224118 -0.0549389
5.3 0.0845181 -2.09832e-15 0.915418 -9.40719e-16 0.230793 -0.0540327
5.4 0.0907539 -2.33778e-15 0.909181 -3.59267e-15 0.236964 -0.0529274
5.5 0.0970156 -2.63704e-15 0.902918 -7.78218e-15 0.242593 -0.0516444
5.6 0.10326 -2.7506e-15 0.896672 -1.39576e-14 0.247653 -0.0502101
5.7 0.109445 -2.71618e-15 0.890485 -2.0894e-14 0.252125 -0.0486543
5.8 0.115531 -2.70089e-15 0.884397 -2.60516e-14 0.255999 -0.047009
5.9 0.121484 -2.72843e-15 0.878443 -2.79392e-14 0.259275 -0.0453073
6 0.127272 -3.33717e-15 0.872654 -2.55948e-14 0.261961 -0.0435816
6.1 0.13287 -4.49175e-15 0.867054 -2.03393e-14 0.264075 -0.0418619
6.2 0.138258 -6.08746e-15 0.861664 -1.44788e-14 0.26564 -0.0401735
6.3 0.143421 -8.02295e-15 0.856499 -9.60571e-15 0.266688 -0.0385359
6.4 0.148348 -9.61128e-15 0.85157 -8.42205e-15 0.267252 -0.0369619
6.5 0.153031 -1.20093e-14 0.846884 -9.48782e-15 0.26737 -0.035456
6.6 0.157465 -1.51636e-14 0.842448 -9.90031e-15 0.267075 -0.0340157
6.7 0.161645 -2.05049e-14 0.838265 -5.87003e-15 0.266401 -0.0326322
6.8 0.165567 -2.82284e-14 0.834341 1.23361e-15 0.265378 -0.0312909
6.9 0.169224 -3.939e-14 0.830682 1.21739e-14 0.26403 -0.029973
7 0.172608 -5.22495e-14 0.827296 2.24817e-14 0.262375 -0.0286572
7.1 0.175709 -6.33014e-14 0.824192 2.60366e-14 0.260425 -0.027323
7.2 0.178517 -7.04517e-14 0.821382 2.41246e-14 0.258182 -0.0259531
7.3 0.181019 -7.08933e-14 0.818878 1.68058e-14 0.255646 -0.024536
7.4 0.183205 -6.55736e-14 0.81669 7.38306e-15 0.252813 -0.0230666
7.5 0.185064 -5.62015e-14 0.814828 -7.31943e-16 0.249677 -0.0215474
7.6 0.18659 -4.51002e-14 0.813299 -6.80586e-15 0.246234 -0.0199872
7.7 0.187782 -3.76894e-14 0.812104 -9.56234e-15 0.242481 -0.0184001
7.8 0.188642 -3.12198e-14 0.811241 -1.44448e-14 0.23842 -0.0168034
7.9 0.189179 -2.55337e-14 0.810702 -1.94278e-14 0.234056 -0.0152156
8 0.189404 -1.93446e-14 0.810473 -2.53228e-14 0.229399 -0.0136553
8.1 0.189336 -1.21601e-14 0.810539 -3.29676e-14 0.224462 -0.0121388
8.2 0.188993 -1.80425e-15 0.810878 -4.11067e-14 0.219264 -0.0106798
8.3 0.188398 1.11955e-14 0.81147 -4.84252e-14 0.213824 -0.00928825
8.4 0.187575 2.31238e-14 0.81229 -5.34289e-14 0.208163 -0.00797047
8.5 0.186548 2.84327e-14 0.813314 -5.61812e-14 0.202305 -0.00672908
8.6 0.18534 2.42189e-14 0.814519 -4.78332e-14 0.196273 -0.00556366
8.7 0.183974 1.01391e-14 0.815882 -2.69049e-14 0.190094 -0.0044703
8.8 0.182471 -1.13513e-14 0.817382 1.66947e-15 0.183791 -0.00344165
8.9 0.180852 -3.74947e-14 0.818999 2.91845e-14 0.177386 -0.00246818
9 0.179132 -6.51331e-14 0.820716 4.82072e-14 0.1709 -0.0015393
9.1 0.177327 -9.63036e-14 0.822517 5.78294e-14 0.16435 -0.000644571
9.2 0.17545 -1.23934e-13 0.824391 6.58625e-14 0.157752 0.000224203
9.3 0.173514 -1.45351e-13 0.826324 7.23521e-14 0.151118 0.00107253
9.4 0.17153 -1.58832e-13 0.828306 7.98947e-14 0.144461 0.00190248
9.5 0.169507 -1.62968e-13 0.830326 8.57884e-14 0.137792 0.00271222
9.6 0.167456 -1.6956e-13 0.832375 9.61097e-14 0.131124 0.00349618
9.7 0.165387 -1.81081e-13 0.834441 1.08028e-13 0.124469 0.00424535
9.8 0.163309 -1.96374e-13 0.836517 1.22798e-13 0.117844 0.00494913
9.9 0.161231 -2.18794e-13 0.838592 1.39789e-13 0.111268 0.00559673
10 0.159164 -2.33119e-13 0.840656 1.44484e-13 0.104761 0.0061777
10.1 0.157116 -2.20162e-13 0.842702 1.24711e-13 0.0983408 0.00668216
10.2 0.155094 -1.80878e-13 0.844722 7.41591e-14 0.0920278 0.00709972
10.3 0.153105 -1.22785e-13 0.846709 6.95558e-15 0.085843 0.00741889
10.4 0.151157 -5.31987e-14 0.848655 -6.96898e-14 0.0798095 0.00762868
10.5 0.149252 1.64565e-14 0.850557 -1.39672e-13 0.0739529 0.00772062
10.6 0.147397 7.35632e-14 0.852411 -1.81776e-13 0.0683003 0.00769036
10.7 0.145594 1.05468e-13 0.854212 -1.8689e-13 0.0628786 0.00753855
10.8 0.143844 1.05854e-13 0.85596 -1.70404e-13 0.0577131 0.00727124
10.9 0.142147 8.78654e-14 0.857655 -1.35031e-13 0.0528255 0.00689884
11 0.140503 6.28056e-14 0.859296 -9.01246e-14 0.0482336 0.00643549
11.1 0.13891 4.15338e-14 0.860887 -4.42598e-14 0.0439513 0.00589873
11.2 0.137366 2.74896e-14 0.86243 -5.02235e-16 0.0399873 0.00530931
11.3 0.135867 1.71548e-14 0.863928 3.85848e-14 0.0363445 0.00469029
11.4 0.134408 9.95822e-15 0.865384 6.7453e-14 0.0330192 0.00406539
11.5 0.132987 2.77113e-16 0.866804 8.02715e-14 0.0300015 0.00345723
11.6 0.131598 -5.72934e-15 0.86819 8.89163e-14 0.0272765 0.00288619
11.7 0.130238 -2.09114e-14 0.869547 9.88508e-14 0.0248255 0.00236973
11.8 0.128905 -3.75927e-14 0.870878 1.12167e-13 0.0226263 0.00192226
11.9 0.127593 -5.22571e-14 0.872187 1.22179e-13 0.0206547 0.00155477
12 0.126302 -5.95793e-14 0.873475 1.25203e-13 0.0188838 0.00127433
12.1 0.125029 -5.79517e-14 0.874746 1.21811e-13 0.0172859 0.00108356
12.2 0.123771 -5.01832e-14 0.876001 1.14479e-13 0.0158333 0.000980271
12.3 0.122528 -4.06285e-14 0.877242 1.05508e-13 0.0144996 0.000957776
12.4 0.121298 -3.26311e-14 0.878469 9.62494e-14 0.0132613 0.00100584
12.5 0.120081 -2.75446e-14 0.879684 8.83214e-14 0.012098 0.00111182
12.6 0.118877 -2.44249e-14 0.880885 8.57412e-14 0.0109919 0.00126117
12.7 0.117685 -2.41569e-14 0.882075 7.94264e-14 0.00992887 0.0014377
12.8 0.116505 -2.18948e-14 0.883252 6.9007e-14 0.00889806 0.00162368
12.9 0.115338 -1.3304e-14 0.884418 5.79495e-14 0.00789329 0.00180072
13 0.114182 1.00983e-15 0.885571 4.93904e-14 0.00691293 0.00195116
13.1 0.113038 1.66501e-14 0.886713 4.57544e-14 0.00595977 0.00205893
13.2 0.111907 3.19928e-14 0.887842 4.55914e-14 0.00504066 0.00211065
13.3 0.110787 4.55823e-14 0.888959 4.48775e-14 0.0041658 0.00209637
13.4 0.10968 5.39257e-14 0.890065 4.30935e-14 0.00334818 0.00201102
13.5 0.108584 5.85598e-14 0.891158 4.35632e-14 0.00260173 0.00185533
13.6 0.1075 5.78624e-14 0.89224 4.82217e-14 0.0019395 0.00163555
13.7 0.106427 5.39723e-14 0.89331 5.54121e-14 0.00137171 0.00136265
13.8 0.105366 4.96659e-14 0.894369 5.94373e-14 0.000905218 0.00105028
13.9 0.104316 4.46306e-14 0.895417 6.55299e-14 0.000543096 0.000713811
14 0.103277 3.97568e-14 0.896454 7.12484e-14 0.000285356 0.000369351
14.1 0.102248 3.61757e-14 0.89748 7.36649e-14 0.000128274 3.36737e-05
14.2 0.10123 3.19365e-14 0.898496 7.29126e-14 6.43915e-05 -0.000277161
14.3 0.100223 2.66184e-14 0.899502 6.97827e-14 8.30361e-05 -0.000548914
14.4 0.099225 2.19868e-14 0.900498 6.50464e-14 0.000170907 -0.000769461
14.5 0.0982374 1.79997e-14 0.901483 6.09803e-14 0.000312509 -0.000929154
14.6 0.0972595 1.52684e-14 0.902459 5.60851e-14 0.000490541 -0.00102145
14.7 0.0962914 1.41139e-14 0.903425 4.8537e-14 0.00068711 -0.00104364
14.8 0.0953329 1.47339e-14 0.904382 3.84891e-14 0.000884669 -0.00099716
14.9 0.094384 1.62298e-14 0.905329 2.79922e-14 0.00106688 -0.00088698
15 0.0934445 1.7893e-14 0.906268 1.79707e-14 0.00121929 -0.00072109
15.1 0.0925143 1.96974e-14 0.907197 8.13779e-15 0.00132977 -0.000510089
15.2 0.0915933 2.19981e-14 0.908117 -1.30143e-15 0.00138896 -0.000266675
15.3 0.0906814 2.46198e-14 0.909028 -1.02217e-14 0.00139079 -5.08128e-06
15.4 0.0897785 2.77096e-14 0.90993 -1.69899e-14 0.00133258 0.000259741
15.5 0.0888846 3.05989e-14 0.910823 -2.23631e-14 0.00121524 0.000512615
15.6 0.0879996 3.30481e-14 0.911707 -2.57699e-14 0.0010433 0.000739168
15.7 0.0871233 3.53105e-14 0.912582 -2.7971e-14 0.000824486 0.000926846
15.8 0.0862558 3.71835e-14 0.913448 -2.9092e-14 0.00056897 0.00106505
15.9 0.0853969 3.91853e-14 0.914306 -2.98149e-14 0.000288999 0.00114569
16 0.0845467 4.09484e-14 0.915155 -2.92811e-14 -1.2292e-06 0.00116357
16.1 0.0837049 4.2177e-14 0.915996 -2.79543e-14 -0.000286536 0.00111689
16.2 0.0828715 4.3212e-14 0.916829 -2.65474e-14 -0.00055128 0.00100754
16.3 0.0820466 4.37151e-14 0.917653 -2.46596e-14 -0.000780398 0.00084149
16.4 0.0812299 4.36834e-14 0.918469 -2.31536e-14 -0.000960628 0.000628677
16.5 0.0804214 4.34308e-14 0.919277 -2.27874e-14 -0.00108192 0.000382321
16.6 0.0796209 4.29251e-14 0.920077 -2.33341e-14 -0.00113818 0.000117727
16.7 0.0788283 4.22533e-14 0.920869 -2.40772e-14 -0.00112779 -0.000148998
16.8 0.0780436 4.16705e-14 0.921653 -2.4294e-14 -0.00105334 -0.000402423
16.9 0.0772668 4.12151e-14 0.922429 -2.36676e-14 -0.000920953 -0.000628696
17 0.0764977 4.08096e-14 0.923198 -2.20836e-14 -0.000739437 -0.000816149
17.1 0.0757363 4.0699e-14 0.923959 -2.12862e-14 -0.000519598 -0.000955525
17.2 0.0749825 4.05348e-14 0.924712 -1.90458e-14 -0.000273771 -0.00104006
17.3 0.0742362 4.02713e-14 0.925458 -1.62626e-14 -1.54045e-05 -0.00106568
17.4 0.0734973 3.99929e-14 0.926197 -1.35902e-14 0.000241281 -0.00103124
17.5 0.0727658 3.96973e-14 0.926928 -1.09428e-14 0.000481891 -0.000938847
17.6 0.0720416 3.93405e-14 0.927652 -8.58996e-15 0.000692758 -0.000794105
17.7 0.0713245 3.90238e-14 0.928368 -6.17648e-15 0.000861935 -0.000605922
17.8 0.0706145 3.87057e-14 0.929078 -4.03743e-15 0.000980198 -0.000385861
17.9 0.0699116 3.84294e-14 0.92978 -1.88824e-15 0.00104167 -0.000147242
18 0.0692157 3.81607e-14 0.930476 -5.35109e-16 0.00104405 9.5969e-05
18.1 0.0685269 3.79226e-14 0.931165 6.34415e-16 0.000988454 0.000330059
18.2 0.0678449 3.773e-14 0.931847 1.49494e-15 0.00087906 0.000542286
18.3 0.0671698 3.75874e-14 0.932522 1.87953e-15 0.000722674 0.00072141
18.4 0.0665014 3.73843e-14 0.93319 1.84268e-15 0.000528326 0.000858057
18.5 0.0658397 3.71755e-14 0.933852 1.64775e-15 0.000306891 0.000945037
18.6 0.0651845 3.68207e-14 0.934506 2.13197e-15 7.06681e-05 0.000977723
18.7 0.0645358 3.64826e-14 0.935154 2.60716e-15 -0.000167114 0.000954316
18.8 0.0638936 3.61411e-14 0.935796 3.02276e-15 -0.000392954 0.000876132
18.9 0.0632578 3.58294e-14 0.936432 3.48032e-15 -0.00059387 0.000747716
19 0.0626284 3.54747e-14 0.937061 4.02417e-15 -0.000758275 0.000576713
19.1 0.0620052 3.5105e-14 0.937684 4.43076e-15 -0.000876817 0.000373407
19.2 0.0613882 3.47472e-14 0.938301 4.76561e-15 -0.000943047 0.000150055
19.3 0.0607774 3.43966e-14 0.938911 5.09387e-15 -0.000953834 -7.9979e-05
19.4 0.0601726 3.405e-14 0.939516 5.41767e-15 -0.000909528 -0.000303179
19.5 0.0595739 3.3708e-14 0.940115 5.72421e-15 -0.000813776 -0.000506835
19.6 0.0589811 3.3373e-14 0.940707 6.01479e-15 -0.000673032 -0.000679801
19.7 0.0583942 3.30385e-14 0.941294 6.30435e-15 -0.000495999 -0.000812997
19.8 0.0578132 3.27077e-14 0.941875 6.60296e-15 -0.000292993 -0.000899683
19.9 0.0572379 3.23826e-14 0.94245 6.92701e-15 -7.54685e-05 -0.000935616
20 0.0566684 3.20603e-14 0.94302 7.24883e-15 0.000144506 -0.000919183
