0 0 0 1 0 0 0
0.1 1.71712e-07 -8.79087e-23 0.999995 3.9271e-16 4.82724e-05 -0.000411405
0.2 7.91006e-07 -1.95308e-22 0.999995 3.97566e-16 0.000195433 -0.000866924
0.3 2.03706e-06 1.55099e-22 0.999994 3.46293e-16 0.000449382 -0.00135265
0.4 4.11963e-06 9.3142e-22 0.999992 4.44264e-16 0.00081472 -0.00185456
0.5 7.27833e-06 2.11391e-21 0.999989 5.31383e-16 0.00129283 -0.00235942
0.6 1.17816e-05 5.40652e-21 0.999985 5.99902e-16 0.00188217 -0.00285559
0.7 1.79261e-05 1.09264e-20 0.999979 6.5051e-16 0.00257875 -0.0033338
0.8 2.60366e-05 1.80862e-20 0.999972 6.74406e-16 0.00337673 -0.00378777
0.9 3.64696e-05 3.25066e-20 0.999962 6.77786e-16 0.00426921 -0.00421464
1 4.96201e-05 5.80123e-20 0.999948 6.55698e-16 0.00524904 -0.00461533
1.1 6.59347e-05 1.0038e-19 0.999932 6.12297e-16 0.00630969 -0.00499455
1.2 8.59326e-05 1.60333e-19 0.999911 5.52403e-16 0.00744609 -0.00536073
1.3 0.000110237 2.32127e-19 0.999887 4.74511e-16 0.00865549 -0.00572571
1.4 0.000139617 3.12929e-19 0.999857 3.91188e-16 0.00993813 -0.00610421
1.5 0.000175048 3.95547e-19 0.999821 2.97226e-16 0.0112978 -0.00651326
1.6 0.000217777 4.93649e-19 0.999778 1.98513e-16 0.0127424 -0.00697139
1.7 0.000269415 6.20321e-19 0.999726 1.09856e-16 0.0142839 -0.00749779
1.8 0.000332031 6.58564e-19 0.999663 1.99982e-17 0.0159385 -0.00811144
1.9 0.000408274 5.77862e-19 0.999586 -5.71204e-17 0.0177266 -0.00883022
2 0.000501487 4.58523e-19 0.999492 -1.20067e-16 0.0196722 -0.00967007
2.1 0.000615841 2.69436e-19 0.999378 -1.6607e-16 0.0218023 -0.0106443
2.2 0.00075646 -5.49775e-20 0.999237 -1.85059e-16 0.0241465 -0.0117627
2.3 0.000929548 -6.39665e-19 0.999063 -1.84591e-16 0.0267358 -0.0130315
2.4 0.00114249 -1.45908e-18 0.99885 -1.67345e-16 0.0296018 -0.0144526
2.5 0.00140395 -2.93667e-18 0.998588 -1.33565e-16 0.0327758 -0.0160235
2.6 0.00172392 -4.59096e-18 0.998268 -8.68195e-17 0.0362874 -0.0177375
2.7 0.00211375 -6.12076e-18 0.997878 -3.39013e-17 0.0401643 -0.0195836
2.8 0.00258612 -7.66251e-18 0.997405 3.11278e-17 0.0444303 -0.0215472
2.9 0.00315496 -9.20543e-18 0.996836 1.14702e-16 0.0491054 -0.0236099
3 0.00383538 -1.07193e-17 0.996155 2.03583e-16 0.0542047 -0.0257507
3.1 0.00464342 -1.28008e-17 0.995347 2.83572e-16 0.0597376 -0.0279462
3.2 0.00559591 -1.34976e-17 0.994394 3.53291e-16 0.0657078 -0.0301714
3.3 0.00671009 -1.3811e-17 0.993279 4.12471e-16 0.0721128 -0.0324002
3.4 0.00800337 -1.26865e-17 0.991986 4.45224e-16 0.0789439 -0.0346061
3.5 0.00949292 -1.0065e-17 0.990496 4.66634e-16 0.0861859 -0.0367626
3.6 0.0111952 -5.8525e-18 0.988794 4.79145e-16 0.0938175 -0.0388439
3.7 0.0131257 -4.28632e-18 0.986863 4.81445e-16 0.101811 -0.0408251
3.8 0.0152983 -2.73995e-18 0.984691 4.68458e-16 0.110134 -0.0426827
3.9 0.0177247 -1.46427e-18 0.982264 4.43712e-16 0.118748 -0.0443947
4 0.0204144 1.35173e-18 0.979575 4.00343e-16 0.12761 -0.0459411
4.1 0.0233737 6.0215e-18 0.976616 3.5056e-16 0.136672 -0.0473037
4.2 0.0266056 1.5451e-17 0.973384 2.8574e-16 0.145884 -0.0484667
4.3 0.0301092 2.34613e-17 0.969881 2.15673e-16 0.15519 -0.0494165
4.4 0.0338797 3.59987e-17 0.96611 1.42227e-16 0.164533 -0.0501421
4.5 0.0379077 6.26867e-17 0.962083 5.44732e-17 0.173855 -0.0506352
4.6 0.0421795 9.12757e-17 0.957811 -2.29138e-17 0.183095 -0.0508907
4.7 0.0466765 1.07591e-16 0.953314 -8.07541e-17 0.192192 -0.0509067
4.8 0.051376 1.22076e-16 0.948615 -1.25295e-16 0.201087 -0.0506854
4.9 0.0562512 1.227e-16 0.94374 -1.37923e-16 0.20972 -0.0502327
5 0.0612716 1.20937e-16 0.938719 -1.36266e-16 0.218037 -0.0495591
5.1 0.0664038 1.18155e-16 0.933587 -1.16046e-16 0.225985 -0.0486793
5.2 0.0716124 9.55866e-17 0.928378 -7.4941e-17 0.233517 -0.0476127
5.3 0.0768608 6.21518e-17 0.923129 -1.25141e-17 0.240591 -0.0463825
5.4 0.0821126 1.67223e-17 0.917878 6.17671e-17 0.247175 -0.0450158
5.5 0.0873322 -5.15594e-17 0.912658 1.80145e-16 0.25324 -0.0435425
5.6 0.0924866 -1.21757e-16 0.907503 2.98957e-16 0.258771 -0.0419942
5.7 0.0975458 -1.96502e-16 0.902443 4.16588e-16 0.263757 -0.0404032
5.8 0.102484 -2.51987e-16 0.897505 5.20038e-16 0.2682 -0.0388001
5.9 0.107279 -2.924e-16 0.89271 5.92942e-16 0.272106 -0.0372132
6 0.111913 -3.02455e-16 0.888075 6.38018e-16 0.275492 -0.0356657
6.1 0.116375 -3.00089e-16 0.883614 6.57153e-16 0.27838 -0.0341752
6.2 0.120653 -2.65673e-16 0.879335 6.32707e-16 0.280797 -0.0327517
6.3 0.12474 -1.95569e-16 0.875247 5.66586e-16 0.28277 -0.0313979
6.4 0.128632 -1.54984e-16 0.871356 5.3566e-16 0.28433 -0.0301079
6.5 0.13232 -1.17851e-16 0.867667 5.01224e-16 0.285506 -0.028869
6.6 0.135799 -9.29858e-17 0.864188 4.58128e-16 0.286323 -0.027662
6.7 0.139058 -3.37978e-17 0.860928 3.74484e-16 0.286802 -0.0264632
6.8 0.142085 6.87794e-17 0.857901 2.60012e-16 0.286959 -0.0252466
6.9 0.144865 1.69888e-16 0.855121 1.3582e-16 0.286804 -0.0239859
7 0.147379 2.55763e-16 0.852607 3.05739e-17 0.28634 -0.0226573
7.1 0.149606 3.10265e-16 0.850379 -3.94528e-17 0.285565 -0.0212413
7.2 0.151526 3.13393e-16 0.848459 -6.66892e-17 0.284472 -0.0197249
7.3 0.153118 2.56081e-16 0.846867 -2.33897e-17 0.283051 -0.0181026
7.4 0.154363 1.96779e-16 0.845622 4.08631e-17 0.28129 -0.0163771
7.5 0.155248 1.21155e-16 0.844737 1.10301e-16 0.279176 -0.0145588
7.6 0.155763 6.96041e-17 0.844222 1.7878e-16 0.276701 -0.0126644
7.7 0.155905 5.10714e-17 0.844079 1.98856e-16 0.273856 -0.010716
7.8 0.155679 1.88009e-17 0.844305 2.2846e-16 0.270638 -0.00873858
7.9 0.155094 -3.63104e-17 0.844889 2.8576e-16 0.267048 -0.00675836
8 0.154168 -5.51868e-17 0.845814 3.0382e-16 0.263091 -0.00480088
8.1 0.152923 -6.37771e-17 0.847059 3.36042e-16 0.258777 -0.00288934
8.2 0.151385 -6.15807e-17 0.848597 3.50641e-16 0.254118 -0.00104337
8.3 0.149585 -4.28521e-17 0.850397 3.38295e-16 0.249129 0.000721839
8.4 0.147553 -1.65976e-17 0.852428 3.09614e-16 0.243829 0.00239575
8.5 0.145322 1.45549e-17 0.854658 2.84177e-16 0.238236 0.00397234
8.6 0.142925 5.12661e-17 0.857055 2.52595e-16 0.232369 0.0054495
8.7 0.140392 8.97686e-17 0.859588 2.20922e-16 0.226245 0.00682806
8.8 0.137752 1.29613e-16 0.862228 1.86036e-16 0.219883 0.00811066
8.9 0.135033 1.55374e-16 0.864946 1.56756e-16 0.2133 0.00930064
9 0.13226 1.88128e-16 0.867719 1.31779e-16 0.206511 0.010401
9.1 0.129456 2.23878e-16 0.870522 1.07619e-16 0.199532 0.0114135
9.2 0.126644 2.60419e-16 0.873334 8.5955e-17 0.19238 0.0123384
9.3 0.123841 2.96296e-16 0.876137 5.96247e-17 0.185071 0.0131732
9.4 0.121067 3.31794e-16 0.878911 3.98216e-17 0.177624 0.0139133
9.5 0.118336 3.72899e-16 0.881641 6.69618e-18 0.170057 0.0145518
9.6 0.115665 4.10673e-16 0.884312 -1.2356e-17 0.162394 0.0150797
9.7 0.113067 4.64088e-16 0.886911 -4.46294e-17 0.15466 0.0154861
9.8 0.110553 5.25738e-16 0.889424 -9.1797e-17 0.146882 0.0157594
9.9 0.108134 5.89105e-16 0.891843 -1.40864e-16 0.139092 0.0158877
10 0.105819 6.53088e-16 0.894157 -1.96259e-16 0.131324 0.01586
10.1 0.103615 7.1005e-16 0.896361 -2.4341e-16 0.123616 0.0156668
10.2 0.101528 7.52352e-16 0.898448 -2.77763e-16 0.116006 0.0153014
10.3 0.0995599 7.85042e-16 0.900416 -3.00375e-16 0.108536 0.0147604
10.4 0.0977131 8.00544e-16 0.902262 -3.04314e-16 0.101247 0.0140445
10.5 0.0959865 8.0193e-16 0.903988 -2.94057e-16 0.0941796 0.0131588
10.6 0.0943775 7.86988e-16 0.905597 -2.68097e-16 0.0873724 0.012113
10.7 0.0928817 7.65124e-16 0.907093 -2.42783e-16 0.0808619 0.0109219
10.8 0.091493 7.38553e-16 0.908482 -2.16388e-16 0.0746808 0.00960469
10.9 0.0902041 7.06718e-16 0.90977 -1.83219e-16 0.0688563 0.00818504
11 0.0890067 6.79323e-16 0.910968 -1.59153e-16 0.0634104 0.00669036
11.1 0.0878917 6.58339e-16 0.912083 -1.43195e-16 0.0583579 0.00515097
11.2 0.0868495 6.4539e-16 0.913125 -1.33889e-16 0.0537066 0.00359907
11.3 0.0858708 6.40163e-16 0.914103 -1.31975e-16 0.0494566 0.00206753
11.4 0.084946 6.39539e-16 0.915028 -1.34659e-16 0.0456002 0.000588581
11.5 0.0840664 6.41754e-16 0.915908 -1.47945e-16 0.0421228 -0.000807386
11.6 0.0832237 6.44944e-16 0.91675 -1.60496e-16 0.0390026 -0.00209299
11.7 0.0824105 6.46869e-16 0.917563 -1.66714e-16 0.0362123 -0.00324532
11.8 0.0816204 6.47182e-16 0.918354 -1.70666e-16 0.0337199 -0.00424631
11.9 0.0808479 6.45101e-16 0.919126 -1.5819e-16 0.0314896 -0.0050837
12 0.0800885 6.42753e-16 0.919886 -1.41162e-16 0.0294837 -0.00575154
12.1 0.0793386 6.39261e-16 0.920636 -1.1548e-16 0.0276639 -0.00625034
12.2 0.0785955 6.35757e-16 0.921379 -8.40438e-17 0.0259928 -0.00658679
12.3 0.0778573 6.33089e-16 0.922118 -5.7612e-17 0.0244353 -0.00677336
12.4 0.0771228 6.3142e-16 0.922852 -3.39654e-17 0.0229599 -0.00682752
12.5 0.0763914 6.30927e-16 0.923583 -1.95666e-17 0.0215396 -0.00677087
12.6 0.0756628 6.30631e-16 0.924312 -4.1048e-18 0.0201528 -0.00662803
12.7 0.0749371 6.30347e-16 0.925038 5.49529e-18 0.0187836 -0.00642539
12.8 0.0742147 6.30189e-16 0.92576 2.31458e-18 0.0174224 -0.00618973
12.9 0.0734959 6.29134e-16 0.926479 -1.03204e-18 0.0160654 -0.00594706
13 0.0727812 6.27145e-16 0.927193 -6.50182e-18 0.0147145 -0.00572136
13.1 0.072071 6.24063e-16 0.927904 -1.16353e-17 0.0133769 -0.00553356
13.2 0.0713659 6.19643e-16 0.928609 -1.16189e-17 0.0120636 -0.00540047
13.3 0.0706662 6.14774e-16 0.929309 -1.52735e-17 0.0107894 -0.00533404
13.4 0.0699721 6.09675e-16 0.930003 -2.44027e-17 0.0095708 -0.00534086
13.5 0.0692839 6.03989e-16 0.930691 -3.10836e-17 0.00842507 -0.00542196
13.6 0.0686017 5.981e-16 0.931373 -3.91665e-17 0.00736895 -0.00557295
13.7 0.0679256 5.91988e-16 0.93205 -4.50873e-17 0.00641738 -0.0057845
13.8 0.0672556 5.86e-16 0.93272 -4.82337e-17 0.00558243 -0.00604297
13.9 0.0665917 5.7973e-16 0.933383 -4.49726e-17 0.00487252 -0.0063313
14 0.065934 5.73733e-16 0.934041 -4.37093e-17 0.00429177 -0.00663005
14.1 0.0652824 5.67626e-16 0.934692 -3.27441e-17 0.00383951 -0.00691847
14.2 0.0646368 5.61381e-16 0.935338 -1.35631e-17 0.0035102 -0.00717586
14.3 0.0639972 5.55091e-16 0.935978 1.59486e-17 0.00329358 -0.00738259
14.4 0.0633635 5.48791e-16 0.936611 4.03673e-17 0.00317512 -0.00752164
14.5 0.0627358 5.42588e-16 0.937239 6.92356e-17 0.00313677 -0.00757893
14.6 0.0621138 5.36454e-16 0.937861 9.88916e-17 0.00315763 -0.00754441
14.7 0.0614977 5.30031e-16 0.938477 1.34836e-16 0.00321509 -0.00741274
14.8 0.0608874 5.24082e-16 0.939087 1.62634e-16 0.00328587 -0.00718344
14.9 0.0602829 5.18439e-16 0.939692 1.84595e-16 0.0033474 -0.00686101
15 0.0596841 5.13275e-16 0.94029 1.98895e-16 0.00337885 -0.00645451
15.1 0.059091 5.08693e-16 0.940883 2.04563e-16 0.00336208 -0.00597708
15.2 0.0585037 5.04421e-16 0.941471 2.02951e-16 0.00328236 -0.00544524
15.3 0.057922 5.00655e-16 0.942052 1.89689e-16 0.00312909 -0.00487834
15.4 0.057346 4.96981e-16 0.942628 1.71232e-16 0.00289634 -0.0042971
15.5 0.0567757 4.93522e-16 0.943199 1.48096e-16 0.00258313 -0.00372282
15.6 0.0562109 4.90292e-16 0.943764 1.20839e-16 0.00219322 -0.00317623
15.7 0.0556517 4.87146e-16 0.944323 9.02707e-17 0.00173496 -0.00267644
15.8 0.055098 4.84147e-16 0.944877 5.66841e-17 0.00122075 -0.00224004
15.9 0.0545498 4.81033e-16 0.945425 2.47777e-17 0.000666455 -0.00188015
16 0.0540071 4.77723e-16 0.945968 -4.64189e-18 9.04328e-05 -0.00160565
16.1 0.0534697 4.7419e-16 0.946505 -2.97818e-17 -0.000487628 -0.00142102
16.2 0.0529377 4.70638e-16 0.947037 -4.99533e-17 -0.00104767 -0.00132588
16.3 0.0524109 4.66706e-16 0.947564 -6.14354e-17 -0.00157036 -0.00131545
16.4 0.0518894 4.62602e-16 0.948085 -6.74725e-17 -0.00203811 -0.00138057
16.5 0.0513731 4.58145e-16 0.948602 -6.46332e-17 -0.00243599 -0.00150828
16.6 0.0508619 4.53619e-16 0.949113 -5.62469e-17 -0.00275249 -0.00168264
16.7 0.0503558 4.49048e-16 0.949619 -4.38135e-17 -0.00298015 -0.00188553
16.8 0.0498547 4.43855e-16 0.95012 -2.34658e-17 -0.00311592 -0.00209767
16.9 0.0493586 4.38568e-16 0.950616 1.23383e-18 -0.00316126 -0.00229985
17 0.0488675 4.33542e-16 0.951107 2.85346e-17 -0.00312187 -0.00247363
17.1 0.0483812 4.2875e-16 0.951594 5.71835e-17 -0.00300758 -0.00260244
17.2 0.0478998 4.23971e-16 0.952075 7.89676e-17 -0.00283166 -0.00267237
17.3 0.0474232 4.19607e-16 0.952552 1.03029e-16 -0.0026101 -0.00267294
17.4 0.0469513 4.15343e-16 0.953023 1.23572e-16 -0.00236091 -0.0025975
17.5 0.0464841 4.11445e-16 0.953491 1.42108e-16 -0.00210301 -0.00244389
17.6 0.0460216 4.07778e-16 0.953953 1.56329e-16 -0.00185525 -0.00221414
17.7 0.0455637 4.04211e-16 0.954411 1.65629e-16 -0.00163547 -0.00191452
17.8 0.0451103 4.01114e-16 0.954864 1.61222e-16 -0.00145951 -0.00155517
17.9 0.0446615 3.9803e-16 0.955313 1.61232e-16 -0.00134036 -0.00114955
18 0.0442171 3.95173e-16 0.955757 1.60016e-16 -0.00128753 -0.000713666
18.1 0.0437771 3.92791e-16 0.956197 1.56738e-16 -0.00130656 -0.00026506
18.2 0.0433415 3.90307e-16 0.956633 1.5196e-16 -0.00139878 0.00017779
18.3 0.0429103 3.87599e-16 0.957064 1.4869e-16 -0.00156124 0.00059695
18.4 0.0424833 3.85162e-16 0.957491 1.38312e-16 -0.00178697 0.000975723
18.5 0.0420606 3.82439e-16 0.957914 1.27848e-16 -0.00206539 0.00129948
18.6 0.0416421 3.79257e-16 0.958333 1.23249e-16 -0.00238298 0.0015567
18.7 0.0412277 3.7543e-16 0.958747 1.21807e-16 -0.00272405 0.00173925
18.8 0.0408175 3.71158e-16 0.959157 1.13511e-16 -0.00307167 0.00184276
18.9 0.0404114 3.66719e-16 0.959563 1.10275e-16 -0.00340839 0.00186709
19 0.0400093 3.62454e-16 0.959965 1.07509e-16 -0.00371705 0.00181592
19.1 0.0396112 3.58777e-16 0.960363 1.03209e-16 -0.00398214 0.00169688
19.2 0.039217 3.55027e-16 0.960758 1.02813e-16 -0.0041904 0.00152079
19.3 0.0388268 3.51553e-16 0.961148 1.01034e-16 -0.00433143 0.00130116
19.4 0.0384405 3.48223e-16 0.961534 1.02754e-16 -0.00439824 0.00105364
19.5 0.038058 3.44897e-16 0.961917 1.05601e-16 -0.00438774 0.000794835
19.6 0.0376793 3.41177e-16 0.962295 1.13624e-16 -0.0043006 0.000541677
19.7 0.0373044 3.37713e-16 0.96267 1.21189e-16 -0.00414124 0.000310523
19.8 0.0369332 3.34369e-16 0.963042 1.27847e-16 -0.00391781 0.000116112
19.9 0.0365657 3.30996e-16 0.963409 1.33483e-16 -0.00364146 -2.92424e-05
20 0.0362019 3.27707e-16 0.963773 1.36678e-16 -0.00332564 -0.000116537
