0 0 0 1 0 0 0
0.1 1.71708e-07 3.43664e-21 0.999971 1.77642e-14 4.82631e-05 -0.000411187
0.2 7.9079e-07 1.60759e-20 0.999968 1.81326e-14 0.000195264 -0.000865854
0.3 2.03567e-06 3.86003e-20 0.999963 1.8185e-14 0.000448574 -0.00134968
0.4 4.11452e-06 7.43307e-20 0.999956 1.85228e-14 0.000812274 -0.00184831
0.5 7.26433e-06 1.32781e-19 0.999949 1.82409e-14 0.00128707 -0.0023483
0.6 1.17497e-05 2.01618e-19 0.999939 1.9375e-14 0.0018706 -0.002838
0.7 1.7862e-05 3.20092e-19 0.999928 1.92183e-14 0.00255802 -0.00330834
0.8 2.59202e-05 4.77444e-19 0.999916 1.89523e-14 0.00334259 -0.00375347
0.9 3.62743e-05 7.17733e-19 0.999901 1.75241e-14 0.00421659 -0.00417125
1 4.93139e-05 9.5835e-19 0.999885 1.72574e-14 0.00517216 -0.00456348
1.1 6.54827e-05 1.30101e-18 0.999866 1.653e-14 0.00620224 -0.00493596
1.2 8.53022e-05 1.52866e-18 0.999844 1.73321e-14 0.00730148 -0.00529834
1.3 0.000109406 1.89713e-18 0.999819 1.72631e-14 0.00846709 -0.00566374
1.4 0.000138587 2.34776e-18 0.999789 1.80168e-14 0.00969956 -0.00604816
1.5 0.000173858 2.81605e-18 0.999755 1.92756e-14 0.0110032 -0.00646978
1.6 0.000216527 3.75771e-18 0.999713 1.9178e-14 0.0123866 -0.00694813
1.7 0.000268291 4.94745e-18 0.999662 1.88464e-14 0.0138626 -0.00750316
1.8 0.000331341 6.07646e-18 0.9996 1.90863e-14 0.0154485 -0.00815433
1.9 0.000408478 6.95239e-18 0.999523 1.97138e-14 0.0171657 -0.00891968
2 0.000503242 7.76558e-18 0.999429 1.99083e-14 0.0190392 -0.00981499
2.1 0.000620041 9.13089e-18 0.999312 1.94285e-14 0.0210969 -0.010853
2.2 0.000764286 9.72067e-18 0.999166 2.0386e-14 0.0233689 -0.0120428
2.3 0.000942507 1.23036e-17 0.998987 1.98611e-14 0.0258865 -0.0133896
2.4 0.00116246 1.64065e-17 0.998765 2.01537e-14 0.0286812 -0.014894
2.5 0.00143324 2.26066e-17 0.998493 1.95876e-14 0.0317837 -0.0165523
2.6 0.00176528 2.80662e-17 0.998161 2.05403e-14 0.0352228 -0.0183568
2.7 0.00217043 3.57655e-17 0.997755 2.06944e-14 0.0390242 -0.0202954
2.8 0.00266191 4.16263e-17 0.997264 2.15623e-14 0.0432103 -0.0223529
2.9 0.00325423 5.37966e-17 0.996671 2.10421e-14 0.0477987 -0.0245107
3 0.00396315 6.57467e-17 0.995962 2.07417e-14 0.052802 -0.026748
3.1 0.00480545 8.11554e-17 0.99512 2.04491e-14 0.0582273 -0.0290422
3.2 0.00579874 9.3742e-17 0.994127 2.09916e-14 0.0640757 -0.0313694
3.3 0.00696124 9.71364e-17 0.992965 2.23135e-14 0.0703423 -0.0337053
3.4 0.00831149 1.14724e-16 0.991616 2.2053e-14 0.0770163 -0.0360258
3.5 0.00986798 1.47166e-16 0.99006 2.16938e-14 0.0840807 -0.038307
3.6 0.0116488 1.82481e-16 0.98828 2.20868e-14 0.0915131 -0.0405262
3.7 0.0136715 2.42822e-16 0.986258 2.15745e-14 0.0992857 -0.0426619
3.8 0.015952 3.07829e-16 0.983977 2.14014e-14 0.107366 -0.0446935
3.9 0.0185052 3.60011e-16 0.981425 2.19351e-14 0.115715 -0.0466025
4 0.0213435 4.25604e-16 0.978587 2.16316e-14 0.124293 -0.0483714
4.1 0.0244772 5.08953e-16 0.975453 2.06617e-14 0.133054 -0.0499843
4.2 0.0279134 5.46975e-16 0.972017 2.0926e-14 0.14195 -0.0514266
4.3 0.031656 5.67218e-16 0.968275 2.17729e-14 0.15093 -0.0526848
4.4 0.0357052 5.75492e-16 0.964226 2.28575e-14 0.159939 -0.0537467
4.5 0.0400569 6.64331e-16 0.959874 2.27446e-14 0.168924 -0.0546016
4.6 0.0447026 7.19822e-16 0.955228 2.36875e-14 0.177826 -0.0552403
4.7 0.049629 8.50892e-16 0.950302 2.33125e-14 0.186588 -0.0556555
4.8 0.0548179 1.13158e-15 0.945113 2.18255e-14 0.195152 -0.0558422
4.9 0.0602463 1.272e-15 0.939684 2.28526e-14 0.20346 -0.0557985
5 0.0658867 1.57309e-15 0.934044 2.22456e-14 0.211456 -0.0555256
5.1 0.0717071 1.86828e-15 0.928224 2.18752e-14 0.219085 -0.0550284
5.2 0.0776719 2.14888e-15 0.922259 2.16814e-14 0.226298 -0.0543165
5.3 0.0837426 2.42755e-15 0.916188 2.18279e-14 0.233049 -0.0534035
5.4 0.0898788 2.83229e-15 0.910051 2.03984e-14 0.239299 -0.0523077
5.5 0.0960392 2.99448e-15 0.903891 2.04054e-14 0.245014 -0.0510515
5.6 0.102183 3.12595e-15 0.897746 2.04735e-14 0.25017 -0.0496609
5.7 0.108271 3.27893e-15 0.891658 1.96372e-14 0.254751 -0.0481646
5.8 0.114266 3.32231e-15 0.885662 1.87779e-14 0.258751 -0.0465927
5.9 0.120137 3.22365e-15 0.879791 1.90505e-14 0.262171 -0.0449749
6 0.125852 3.23203e-15 0.874074 1.85895e-14 0.265023 -0.0433393
6.1 0.13139 2.99542e-15 0.868536 1.88689e-14 0.267324 -0.0417104
6.2 0.136728 2.83385e-15 0.863197 1.86718e-14 0.269098 -0.0401082
6.3 0.141852 2.66702e-15 0.858072 1.94794e-14 0.270374 -0.0385466
6.4 0.146749 2.81723e-15 0.853174 1.89294e-14 0.271185 -0.0370337
6.5 0.151409 3.04574e-15 0.848514 1.85245e-14 0.271563 -0.0355702
6.6 0.155821 3.82657e-15 0.8441 1.67117e-14 0.271541 -0.0341507
6.7 0.159979 4.30942e-15 0.839941 1.63957e-14 0.271146 -0.0327635
6.8 0.163872 4.95023e-15 0.836047 1.50155e-14 0.270405 -0.0313931
6.9 0.167491 5.5321e-15 0.832427 1.39103e-14 0.269335 -0.0300215
7 0.170823 5.87711e-15 0.829094 1.3685e-14 0.26795 -0.028631
7.1 0.173855 5.77336e-15 0.826061 1.51471e-14 0.266256 -0.027206
7.2 0.176575 5.83593e-15 0.82334 1.54205e-14 0.264257 -0.0257346
7.3 0.178969 6.17424e-15 0.820944 1.44744e-14 0.261949 -0.0242103
7.4 0.181027 6.74481e-15 0.818885 1.27087e-14 0.259327 -0.0226321
7.5 0.182741 6.75688e-15 0.817171 1.30173e-14 0.256384 -0.0210054
7.6 0.184104 6.84118e-15 0.815806 1.27973e-14 0.253113 -0.0193414
7.7 0.185119 7.01308e-15 0.814789 1.19376e-14 0.249509 -0.0176566
7.8 0.18579 6.86435e-15 0.814117 1.22949e-14 0.245568 -0.0159715
7.9 0.186129 6.57309e-15 0.813776 1.31062e-14 0.241293 -0.0143091
8 0.186152 6.4031e-15 0.813752 1.36287e-14 0.236691 -0.0126917
8.1 0.18588 6.48613e-15 0.814023 1.32456e-14 0.231772 -0.0111401
8.2 0.185336 6.83625e-15 0.814565 1.28424e-14 0.226554 -0.00967105
8.3 0.18455 6.96008e-15 0.81535 1.27858e-14 0.221055 -0.00829734
8.4 0.183547 7.63215e-15 0.816351 1.14636e-14 0.215299 -0.00702668
8.5 0.182358 8.05776e-15 0.817539 1.07092e-14 0.209311 -0.00586186
8.6 0.181009 8.26499e-15 0.818888 1.03584e-14 0.203115 -0.00480084
8.7 0.179525 8.51836e-15 0.82037 9.64306e-15 0.196739 -0.00383719
8.8 0.17793 8.72538e-15 0.821964 8.8287e-15 0.190207 -0.0029609
8.9 0.176245 8.84499e-15 0.823648 8.2698e-15 0.183544 -0.00215985
9 0.174487 8.80085e-15 0.825405 8.21553e-15 0.17677 -0.00142128
9.1 0.172672 8.86202e-15 0.82722 7.19439e-15 0.169905 -0.000733044
9.2 0.170812 8.64305e-15 0.829079 7.50662e-15 0.162969 -8.42676e-05
9.3 0.168918 8.43566e-15 0.830972 7.53023e-15 0.155979 0.00053353
9.4 0.167 8.11893e-15 0.832889 7.13592e-15 0.14895 0.00112631
9.5 0.165066 7.60349e-15 0.834823 7.48317e-15 0.141898 0.00169668
9.6 0.163123 7.14889e-15 0.836765 7.40616e-15 0.13484 0.00224394
9.7 0.161178 6.66683e-15 0.838709 7.8905e-15 0.127791 0.00276407
9.8 0.159239 6.49683e-15 0.840648 7.84033e-15 0.120772 0.0032503
9.9 0.15731 6.84444e-15 0.842576 7.66672e-15 0.113804 0.00369396
10 0.1554 7.69737e-15 0.844486 6.20265e-15 0.106909 0.00408541
10.1 0.153512 8.9659e-15 0.846373 4.18602e-15 0.100112 0.00441487
10.2 0.151653 1.04012e-14 0.848231 2.14454e-15 0.0934401 0.00467293
10.3 0.149828 1.15959e-14 0.850056 9.54768e-16 0.0869205 0.00485132
10.4 0.14804 1.27359e-14 0.851844 -3.73284e-16 0.080582 0.00494398
10.5 0.146293 1.34515e-14 0.853591 -1.09886e-15 0.0744532 0.00494768
10.6 0.144589 1.41384e-14 0.855295 -2.59818e-15 0.0685619 0.00486245
10.7 0.142929 1.44564e-14 0.856955 -2.35456e-15 0.0629345 0.00469142
10.8 0.141312 1.4596e-14 0.858571 -1.85433e-15 0.0575954 0.00444124
10.9 0.13974 1.46562e-14 0.860143 -1.76706e-15 0.0525659 0.00412245
11 0.13821 1.46691e-14 0.861673 -2.07536e-15 0.0478625 0.00374911
11.1 0.136719 1.45755e-14 0.863163 -2.20292e-15 0.0434965 0.00333791
11.2 0.135266 1.43933e-14 0.864616 -2.04275e-15 0.0394735 0.00290727
11.3 0.133847 1.42345e-14 0.866034 -1.75721e-15 0.0357932 0.0024764
11.4 0.132459 1.38235e-14 0.867422 -2.11443e-16 0.0324499 0.00206421
11.5 0.131099 1.3675e-14 0.868782 -4.804e-16 0.0294326 0.00168909
11.6 0.129763 1.34683e-14 0.870118 -4.58909e-16 0.0267251 0.00136798
11.7 0.128449 1.32181e-14 0.871432 -5.91662e-16 0.0243064 0.00111562
11.8 0.127153 1.30978e-14 0.872728 -1.57903e-15 0.0221514 0.000943375
11.9 0.125874 1.26858e-14 0.874007 9.39177e-17 0.0202316 0.000858495
12 0.12461 1.25042e-14 0.875271 3.27664e-16 0.0185169 0.000863879
12.1 0.12336 1.24346e-14 0.876521 3.5414e-16 0.0169765 0.000957682
12.2 0.122121 1.24077e-14 0.877759 3.7891e-16 0.0155801 0.00113352
12.3 0.120895 1.24156e-14 0.878986 2.60099e-16 0.014299 0.00138077
12.4 0.11968 1.23921e-14 0.880201 5.85431e-16 0.0131072 0.00168504
12.5 0.118477 1.2468e-14 0.881404 3.04399e-16 0.011982 0.0020289
12.6 0.117285 1.26187e-14 0.882597 -3.34565e-16 0.0109053 0.00239266
12.7 0.116104 1.26759e-14 0.883777 -4.58031e-16 0.00986323 0.00275554
12.8 0.114935 1.26346e-14 0.884946 6.3161e-16 0.00884772 0.00309702
12.9 0.113779 1.25042e-14 0.886103 1.06029e-15 0.00785463 0.00339734
13 0.112634 1.23061e-14 0.887247 1.79422e-15 0.0068848 0.00363919
13.1 0.111502 1.21271e-14 0.888379 2.36569e-15 0.00594268 0.00380783
13.2 0.110382 1.20301e-14 0.889499 2.27069e-15 0.00503617 0.00389164
13.3 0.109274 1.18758e-14 0.890607 2.43854e-15 0.00417644 0.00388368
13.4 0.108179 1.17709e-14 0.891702 2.36396e-15 0.00337574 0.00378175
13.5 0.107096 1.16134e-14 0.892785 2.67855e-15 0.00264655 0.00358822
13.6 0.106025 1.14663e-14 0.893856 2.67776e-15 0.00200108 0.00330997
13.7 0.104966 1.13255e-14 0.894915 2.69478e-15 0.00145009 0.00295833
13.8 0.103918 1.11658e-14 0.895962 2.97321e-15 0.00100158 0.00254845
13.9 0.102882 1.10266e-14 0.896999 3.10603e-15 0.00065984 0.00209829
14 0.101857 1.0862e-14 0.898024 3.34923e-15 0.000424716 0.00162707
14.1 0.100842 1.07155e-14 0.899039 3.55392e-15 0.000291854 0.00115397
14.2 0.0998381 1.06062e-14 0.900043 3.78448e-15 0.000253576 0.000697244
14.3 0.0988444 1.04985e-14 0.901036 3.98952e-15 0.000299185 0.000273651
14.4 0.0978608 1.0419e-14 0.90202 4.26515e-15 0.000415098 -0.000102026
14.5 0.0968871 1.03521e-14 0.902993 4.46123e-15 0.000585309 -0.000417549
14.6 0.0959232 1.02819e-14 0.903957 4.73993e-15 0.000791891 -0.000664445
14.7 0.0949689 1.02015e-14 0.904911 5.0104e-15 0.00101626 -0.000838302
14.8 0.0940241 1.0134e-14 0.905856 5.1462e-15 0.00123999 -0.000938842
14.9 0.0930887 1.00641e-14 0.906791 5.19362e-15 0.00144612 -0.000969481
15 0.0921625 1.00144e-14 0.907717 5.38723e-15 0.00161954 -0.000936626
15.1 0.0912456 9.99445e-15 0.908634 5.36878e-15 0.00174723 -0.000849434
15.2 0.0903377 9.914e-15 0.909542 5.46983e-15 0.00181871 -0.000719407
15.3 0.0894389 9.82114e-15 0.910441 5.56381e-15 0.0018268 -0.000560691
15.4 0.088549 9.72993e-15 0.91133 5.67365e-15 0.00176811 -0.000388611
15.5 0.0876679 9.63181e-15 0.912211 5.71384e-15 0.00164359 -0.00021896
15.6 0.0867956 9.53551e-15 0.913084 5.78527e-15 0.00145871 -6.67404e-05
15.7 0.0859319 9.42805e-15 0.913947 5.81666e-15 0.00122262 5.50611e-05
15.8 0.0850768 9.31917e-15 0.914802 5.89322e-15 0.000947271 0.000136836
15.9 0.0842303 9.21954e-15 0.915649 5.89887e-15 0.000646178 0.000171831
16 0.0833922 9.12127e-15 0.916487 5.94197e-15 0.000333733 0.000156309
16.1 0.0825624 9.01409e-15 0.917316 6.06312e-15 2.4517e-05 8.96318e-05
16.2 0.0817409 8.92111e-15 0.918138 6.04889e-15 -0.00026687 -2.59242e-05
16.3 0.0809275 8.83119e-15 0.918951 6.09818e-15 -0.000526647 -0.000185073
16.4 0.0801223 8.72967e-15 0.919756 6.40755e-15 -0.000742422 -0.000379501
16.5 0.0793251 8.63704e-15 0.920554 6.57118e-15 -0.000904097 -0.0005981
16.6 0.0785358 8.5469e-15 0.921343 6.69412e-15 -0.00100439 -0.000827726
16.7 0.0777543 8.44988e-15 0.922124 6.9542e-15 -0.00103968 -0.0010538
16.8 0.0769807 8.35404e-15 0.922898 7.22851e-15 -0.00101009 -0.00126141
16.9 0.0762147 8.2697e-15 0.923664 7.38532e-15 -0.000919692 -0.00143609
17 0.0754563 8.19408e-15 0.924422 7.46288e-15 -0.000776283 -0.00156504
17.1 0.0747055 8.1233e-15 0.925173 7.50946e-15 -0.000590865 -0.00163799
17.2 0.0739622 8.03941e-15 0.925916 7.70834e-15 -0.000376754 -0.00164811
17.3 0.0732262 7.95541e-15 0.926652 7.90023e-15 -0.000148526 -0.00159228
17.4 0.0724976 7.88096e-15 0.92738 7.90754e-15 7.91822e-05 -0.00147123
17.5 0.0717762 7.79954e-15 0.928101 8.04751e-15 0.00029253 -0.00128897
17.6 0.071062 7.72144e-15 0.928815 8.11981e-15 0.000478878 -0.00105247
17.7 0.0703549 7.64523e-15 0.929522 8.18776e-15 0.000627239 -0.000771137
17.8 0.0696549 7.56906e-15 0.930222 8.27701e-15 0.000728767 -0.000456529
17.9 0.0689618 7.49582e-15 0.930915 8.33034e-15 0.00077715 -0.000121884
18 0.0682756 7.42259e-15 0.931601 8.38356e-15 0.000768866 0.000218328
18.1 0.0675963 7.35065e-15 0.93228 8.43142e-15 0.000703629 0.000549048
18.2 0.0669237 7.27687e-15 0.932953 8.50848e-15 0.000584656 0.000855579
18.3 0.0662578 7.20184e-15 0.933619 8.59883e-15 0.000418307 0.00112446
18.4 0.0655985 7.12804e-15 0.934278 8.70524e-15 0.000213804 0.00134405
18.5 0.0649458 7.05446e-15 0.934931 8.80098e-15 -1.7254e-05 0.00150543
18.6 0.0642996 6.98322e-15 0.935577 8.86726e-15 -0.000261738 0.00160292
18.7 0.0636598 6.91366e-15 0.936217 8.939e-15 -0.000505942 0.00163436
18.8 0.0630263 6.84422e-15 0.93685 9.00921e-15 -0.00073642 0.00160078
18.9 0.0623992 6.77742e-15 0.937477 9.0432e-15 -0.00094052 0.00150622
19 0.0617783 6.70954e-15 0.938098 9.11758e-15 -0.00110688 0.00135751
19.1 0.0611636 6.64233e-15 0.938713 9.18867e-15 -0.00122596 0.00116397
19.2 0.060555 6.57631e-15 0.939322 9.25436e-15 -0.00129071 0.000937108
19.3 0.0599525 6.51041e-15 0.939924 9.32477e-15 -0.00129692 0.000689956
19.4 0.059356 6.44587e-15 0.940521 9.38922e-15 -0.00124356 0.000436311
19.5 0.0587653 6.38169e-15 0.941111 9.45404e-15 -0.00113284 0.000189931
19.6 0.0581806 6.31804e-15 0.941696 9.52586e-15 -0.000970093 -3.62515e-05
19.7 0.0576017 6.25561e-15 0.942275 9.59092e-15 -0.00076355 -0.000230987
19.8 0.0570286 6.19306e-15 0.942848 9.6611e-15 -0.000523617 -0.000385258
19.9 0.0564611 6.13172e-15 0.943415 9.72161e-15 -0.000262265 -0.000492435
20 0.0558993 6.07057e-15 0.943977 9.7805e-15 7.33387e-06 -0.000549038
