0 0 0 1 0 0 0
0.1 1.71708e-07 -4.17802e-21 0.999973 1.52159e-14 4.82611e-05 -0.000411108
0.2 7.90715e-07 -2.06021e-20 0.999974 3.66234e-14 0.000195209 -0.000865455
0.3 2.03516e-06 -4.46205e-20 0.999975 5.55683e-14 0.000448301 -0.00134857
0.4 4.11263e-06 -4.88211e-20 0.999975 7.09056e-14 0.000811439 -0.00184597
0.5 7.25912e-06 3.39517e-20 0.999974 8.03829e-14 0.0012851 -0.00234416
0.6 1.17378e-05 3.15678e-19 0.999971 8.36754e-14 0.00186667 -0.00283147
0.7 1.78382e-05 9.49187e-19 0.999966 8.06947e-14 0.002551 -0.0032989
0.8 2.58769e-05 2.08806e-18 0.999958 7.19537e-14 0.0033311 -0.00374077
0.9 3.62016e-05 3.87032e-18 0.999948 5.84568e-14 0.004199 -0.00415515
1 4.91998e-05 6.31659e-18 0.999934 4.16328e-14 0.00514665 -0.00454415
1.1 6.53136e-05 9.34063e-18 0.999918 2.35948e-14 0.00616685 -0.00491394
1.2 8.5065e-05 1.2596e-17 0.999898 6.63589e-15 0.00725425 -0.00527455
1.3 0.00010909 1.55014e-17 0.999874 -6.99887e-15 0.00840611 -0.0056395
1.4 0.000138188 1.71561e-17 0.999845 -1.55642e-14 0.00962309 -0.00602519
1.5 0.000173383 1.6175e-17 0.999811 -1.83155e-14 0.0109098 -0.00645011
1.6 0.000216001 1.08855e-17 0.999769 -1.54812e-14 0.0122752 -0.00693401
1.7 0.000267764 -4.5363e-19 0.999718 -8.73301e-15 0.0137326 -0.00749694
1.8 0.000330895 -1.94805e-17 0.999656 1.08599e-16 0.0152997 -0.00815832
1.9 0.000408237 -4.60948e-17 0.999579 8.98847e-15 0.0169984 -0.00893602
2 0.000503377 -7.86522e-17 0.999484 1.63899e-14 0.018854 -0.00984548
2.1 0.000620781 -1.13372e-16 0.999366 2.16005e-14 0.0208948 -0.010899
2.2 0.000765919 -1.44632e-16 0.999221 2.49601e-14 0.0231511 -0.0121053
2.3 0.000945384 -1.66542e-16 0.99904 2.69425e-14 0.0256542 -0.0134687
2.4 0.001167 -1.75284e-16 0.998818 2.81807e-14 0.0284354 -0.0149893
2.5 0.00143991 -1.69003e-16 0.998544 2.88584e-14 0.031525 -0.0166629
2.6 0.00177461 -1.54435e-16 0.998208 2.8988e-14 0.0349514 -0.018481
2.7 0.00218299 -1.39666e-16 0.997799 2.87998e-14 0.0387398 -0.0204312
2.8 0.00267829 -1.35309e-16 0.997303 2.82527e-14 0.0429115 -0.0224978
2.9 0.00327508 -1.45957e-16 0.996706 2.76767e-14 0.0474836 -0.0246621
3 0.00398908 -1.72467e-16 0.995991 2.82747e-14 0.0524675 -0.0269032
3.1 0.00483708 -2.09214e-16 0.995142 2.98089e-14 0.0578692 -0.0291985
3.2 0.0058367 -2.38754e-16 0.994142 3.30247e-14 0.063689 -0.0315249
3.3 0.00700614 -2.60764e-16 0.992971 3.7701e-14 0.0699211 -0.033859
3.4 0.00836395 -2.97106e-16 0.991613 4.46169e-14 0.0765542 -0.0361773
3.5 0.00992871 -3.44081e-16 0.990047 5.09367e-14 0.083571 -0.0384572
3.6 0.0117186 -4.78403e-16 0.988257 5.77109e-14 0.0909492 -0.0406769
3.7 0.0137513 -6.56111e-16 0.986223 6.22022e-14 0.0986608 -0.0428157
3.8 0.0160432 -8.19986e-16 0.983931 6.26003e-14 0.106673 -0.0448542
3.9 0.0186092 -9.60429e-16 0.981364 5.94668e-14 0.11495 -0.0467746
4 0.0214625 -1.06752e-15 0.97851 5.37982e-14 0.123451 -0.0485601
4.1 0.0246136 -1.20608e-15 0.975357 4.81838e-14 0.132131 -0.0501954
4.2 0.0280705 -1.23061e-15 0.9719 4.2564e-14 0.140943 -0.0516661
4.3 0.0318378 -1.10073e-15 0.968131 3.76625e-14 0.149839 -0.0529585
4.4 0.0359164 -9.84596e-16 0.964051 3.41721e-14 0.158765 -0.0540599
4.5 0.040303 -1.19156e-15 0.959663 3.51956e-14 0.167667 -0.0549588
4.6 0.0449899 -2.54009e-15 0.954976 4.33737e-14 0.176491 -0.0556443
4.7 0.0499645 -5.00002e-15 0.95 5.29308e-14 0.185177 -0.0561073
4.8 0.0552091 -9.38136e-15 0.944755 7.00736e-14 0.19367 -0.0563408
4.9 0.060701 -1.51378e-14 0.939262 8.62588e-14 0.20191 -0.0563406
5 0.0664125 -2.18922e-14 0.93355 1.00998e-13 0.209842 -0.0561054
5.1 0.0723112 -2.77114e-14 0.927651 1.13427e-13 0.217409 -0.0556377
5.2 0.0783607 -3.04855e-14 0.9216 1.16875e-13 0.224561 -0.0549447
5.3 0.0845214 -2.89761e-14 0.915439 1.12918e-13 0.23125 -0.0540383
5.4 0.0907511 -2.30908e-14 0.909208 1.01453e-13 0.237433 -0.0529352
5.5 0.0970067 -1.39409e-14 0.902952 8.70164e-14 0.243076 -0.0516573
5.6 0.103245 -3.15903e-15 0.896712 6.99129e-14 0.248152 -0.0502304
5.7 0.109425 8.51318e-15 0.890531 5.2496e-14 0.252642 -0.0486843
5.8 0.115507 1.89508e-14 0.884447 3.41506e-14 0.256537 -0.0470508
5.9 0.121457 2.8574e-14 0.878496 1.5019e-14 0.259837 -0.0453621
6 0.127244 3.66773e-14 0.872709 -3.39074e-15 0.262551 -0.0436498
6.1 0.132843 4.42117e-14 0.867109 -1.78992e-14 0.264695 -0.0419421
6.2 0.138234 5.19196e-14 0.861717 -2.57808e-14 0.266294 -0.0402637
6.3 0.1434 5.93371e-14 0.85655 -2.27892e-14 0.267376 -0.0386334
6.4 0.14833 6.54064e-14 0.851618 -1.5442e-14 0.267976 -0.0370635
6.5 0.153017 6.50926e-14 0.846929 -7.62789e-15 0.268129 -0.0355595
6.6 0.157454 5.619e-14 0.84249 8.07204e-15 0.26787 -0.034118
6.7 0.161636 3.80351e-14 0.838305 3.03303e-14 0.267232 -0.0327287
6.8 0.165558 1.53295e-14 0.834381 5.24211e-14 0.266242 -0.0313766
6.9 0.169213 -7.98046e-15 0.830724 6.99084e-14 0.264923 -0.0300433
7 0.172591 -2.78953e-14 0.827342 8.46169e-14 0.263291 -0.0287097
7.1 0.175684 -3.2794e-14 0.824246 8.4685e-14 0.261355 -0.0273584
7.2 0.17848 -1.71215e-14 0.821447 6.98273e-14 0.259122 -0.0259755
7.3 0.180968 2.25254e-14 0.818956 3.7479e-14 0.256592 -0.0245514
7.4 0.183138 6.93781e-14 0.816782 -7.33185e-15 0.253764 -0.0230816
7.5 0.184982 1.12924e-13 0.814935 -5.17451e-14 0.250633 -0.0215668
7.6 0.186495 1.45036e-13 0.813419 -8.61269e-14 0.247196 -0.0200134
7.7 0.187675 1.68966e-13 0.812235 -1.0826e-13 0.243449 -0.0184333
7.8 0.188524 1.88597e-13 0.811382 -1.18067e-13 0.239392 -0.0168424
7.9 0.189052 1.9662e-13 0.810851 -1.12375e-13 0.235025 -0.0152598
8 0.189269 1.82082e-13 0.81063 -8.26614e-14 0.230358 -0.0137053
8.1 0.189193 1.40802e-13 0.810702 -2.23522e-14 0.225403 -0.012198
8.2 0.188845 7.8288e-14 0.811046 4.29726e-14 0.220178 -0.0107535
8.3 0.188248 5.5221e-15 0.811639 1.21514e-13 0.214703 -0.00938253
8.4 0.187427 -6.38032e-14 0.812456 1.92898e-13 0.209003 -0.0080911
8.5 0.186405 -1.29182e-13 0.813474 2.53088e-13 0.203101 -0.00688081
8.6 0.185207 -1.90683e-13 0.814668 3.05838e-13 0.197024 -0.00574911
8.7 0.183855 -2.49816e-13 0.816016 3.50816e-13 0.190797 -0.00468979
8.8 0.182371 -2.97607e-13 0.817496 3.82421e-13 0.184445 -0.00369353
8.9 0.180773 -3.25808e-13 0.81909 3.93638e-13 0.177991 -0.00274898
9 0.179077 -3.28832e-13 0.820782 3.7806e-13 0.171455 -0.00184458
9.1 0.177298 -3.08417e-13 0.822557 3.36545e-13 0.164853 -0.00096996
9.2 0.175449 -2.72538e-13 0.824402 2.81247e-13 0.158202 -0.000116964
9.3 0.173541 -2.28216e-13 0.826306 2.16604e-13 0.151514 0.000719761
9.4 0.171584 -1.81166e-13 0.828259 1.47081e-13 0.144804 0.00154254
9.5 0.169588 -1.3104e-13 0.830251 7.72152e-14 0.138084 0.00235075
9.6 0.167563 -7.3133e-14 0.832272 8.35742e-15 0.131368 0.00314034
9.7 0.165518 -7.12754e-15 0.834314 -6.27105e-14 0.124667 0.00390372
9.8 0.163462 6.73404e-14 0.836366 -1.34514e-13 0.117997 0.00463032
9.9 0.161403 1.47411e-13 0.838421 -2.04416e-13 0.111375 0.00530735
10 0.159352 2.27169e-13 0.840469 -2.72943e-13 0.10482 0.00592095
10.1 0.157316 3.00989e-13 0.842502 -3.38549e-13 0.0983528 0.00645706
10.2 0.155304 3.58944e-13 0.844511 -3.96391e-13 0.0919968 0.00690228
10.3 0.153324 3.88365e-13 0.846488 -4.38606e-13 0.085777 0.00724483
10.4 0.151381 3.8438e-13 0.848428 -4.58364e-13 0.0797197 0.00747571
10.5 0.149481 3.44256e-13 0.850325 -4.34064e-13 0.0738509 0.0075893
10.6 0.147629 2.74772e-13 0.852174 -3.70503e-13 0.0681961 0.00758316
10.7 0.145827 1.85234e-13 0.853973 -2.75645e-13 0.06278 0.007458
10.8 0.144078 8.61464e-14 0.85572 -1.67822e-13 0.0576257 0.00721877
10.9 0.142381 -1.12642e-14 0.857414 -6.60068e-14 0.0527541 0.00687432
11 0.140736 -1.02825e-13 0.859057 1.88557e-14 0.0481825 0.00643795
11.1 0.139141 -1.84353e-13 0.860649 9.11913e-14 0.0439237 0.00592675
11.2 0.137594 -2.65021e-13 0.862194 1.54731e-13 0.0399855 0.00536074
11.3 0.13609 -3.33642e-13 0.863695 2.11399e-13 0.03637 0.0047622
11.4 0.134628 -3.77641e-13 0.865156 2.58152e-13 0.033073 0.00415453
11.5 0.133202 -4.01112e-13 0.866579 2.88671e-13 0.0300847 0.00355983
11.6 0.131808 -4.04e-13 0.86797 3.0508e-13 0.0273899 0.00299892
11.7 0.130445 -3.87182e-13 0.869331 3.02553e-13 0.0249684 0.00248985
11.8 0.129106 -3.6073e-13 0.870667 2.86265e-13 0.0227964 0.00204716
11.9 0.127791 -3.31341e-13 0.871979 2.51247e-13 0.0208473 0.00168142
12 0.126496 -3.10335e-13 0.873272 2.10495e-13 0.0190934 0.00139923
12.1 0.125219 -2.98551e-13 0.874547 1.8105e-13 0.0175062 0.00120295
12.2 0.123958 -2.86059e-13 0.875806 1.7123e-13 0.0160571 0.00109074
12.3 0.122712 -2.87764e-13 0.877051 1.85418e-13 0.0147193 0.0010561
12.4 0.121479 -3.03306e-13 0.878281 2.14214e-13 0.0134683 0.00108878
12.5 0.12026 -3.2546e-13 0.879498 2.2999e-13 0.0122833 0.00117517
12.6 0.119054 -3.44237e-13 0.880703 2.25984e-13 0.0111475 0.00129922
12.7 0.11786 -3.60067e-13 0.881895 1.98956e-13 0.010049 0.00144331
12.8 0.116678 -3.74167e-13 0.883075 1.54973e-13 0.0089807 0.00158924
12.9 0.115508 -3.87995e-13 0.884243 1.04387e-13 0.00794064 0.00171999
13 0.114351 -4.03432e-13 0.885398 6.32931e-14 0.00693086 0.00182107
13.1 0.113206 -4.34874e-13 0.886542 3.45008e-14 0.0059561 0.00188061
13.2 0.112074 -4.65511e-13 0.887673 1.28476e-14 0.0050237 0.00188963
13.3 0.110953 -4.87629e-13 0.888792 9.94741e-15 0.0041427 0.00184241
13.4 0.109844 -5.16782e-13 0.8899 1.47892e-14 0.00332338 0.00173648
13.5 0.108747 -5.37379e-13 0.890996 2.48486e-14 0.00257663 0.00157269
13.6 0.107662 -5.43833e-13 0.89208 1.42763e-14 0.00191338 0.0013556
13.7 0.106588 -5.39688e-13 0.893153 -1.8015e-14 0.00134363 0.00109357
13.8 0.105525 -5.23191e-13 0.894214 -5.80542e-14 0.000875224 0.000799035
13.9 0.104474 -4.88851e-13 0.895265 -8.71865e-14 0.000512089 0.000487534
14 0.103433 -4.40155e-13 0.896304 -9.04476e-14 0.00025322 0.000175505
14.1 0.102402 -3.8914e-13 0.897333 -7.37616e-14 9.3156e-05 -0.000121392
14.2 0.101383 -3.31392e-13 0.898351 -1.95697e-14 2.3667e-05 -0.000389599
14.3 0.100373 -2.69254e-13 0.899359 -1.19634e-14 3.41673e-05 -0.000617497
14.4 0.0993742 -2.08109e-13 0.900356 -2.60811e-14 0.00011205 -0.000794985
14.5 0.098385 -1.56168e-13 0.901344 -3.31574e-14 0.000242825 -0.000914202
14.6 0.0974057 -1.16551e-13 0.902322 -9.35863e-15 0.000410637 -0.000970209
14.7 0.0964362 -9.35347e-14 0.903291 2.00982e-14 0.000598745 -0.000961113
14.8 0.0954762 -7.5482e-14 0.904249 2.15736e-14 0.000789924 -0.000888379
14.9 0.0945258 -6.90686e-14 0.905198 1.43478e-14 0.000967451 -0.000757083
15 0.0935849 -6.42157e-14 0.906138 -8.79993e-15 0.00111628 -0.000575844
15.1 0.0926533 -5.5032e-14 0.907068 -4.43372e-14 0.00122418 -0.000356494
15.2 0.0917311 -4.60333e-14 0.90799 -8.23915e-14 0.00128256 -0.000112983
15.3 0.090818 -4.12718e-14 0.908901 -1.09945e-13 0.00128677 0.000139984
15.4 0.089914 -3.87732e-14 0.909804 -1.33779e-13 0.00123597 0.000388214
15.5 0.0890189 -3.76109e-14 0.910698 -1.58508e-13 0.0011322 0.00061861
15.6 0.0881327 -4.12494e-14 0.911582 -1.93586e-13 0.000979743 0.000819249
15.7 0.0872553 -4.07013e-14 0.912458 -2.25226e-13 0.000785267 0.000979334
15.8 0.0863866 -3.80752e-14 0.913325 -2.55826e-13 0.000557871 0.00108953
15.9 0.0855266 -3.78395e-14 0.914184 -2.83357e-13 0.000308916 0.0011428
16 0.0846753 -3.62485e-14 0.915034 -2.95012e-13 5.1572e-05 0.00113526
16.1 0.0838324 -3.62574e-14 0.915875 -2.99337e-13 -0.000200139 0.00106673
16.2 0.0829978 -3.73247e-14 0.916708 -3.00733e-13 -0.000432407 0.000940612
16.3 0.0821717 -3.91128e-14 0.917533 -2.94984e-13 -0.000632575 0.000763668
16.4 0.0813538 -4.08459e-14 0.91835 -2.85682e-13 -0.000789728 0.000545537
16.5 0.0805441 -4.18937e-14 0.919158 -2.7175e-13 -0.000895288 0.000298276
16.6 0.0797424 -4.29764e-14 0.919959 -2.54509e-13 -0.000943625 3.58273e-05
16.7 0.0789487 -4.40224e-14 0.920752 -2.35664e-13 -0.000932829 -0.00022686
16.8 0.0781629 -4.41797e-14 0.921538 -2.18965e-13 -0.000864809 -0.000474914
16.9 0.0773849 -4.22154e-14 0.922315 -2.0376e-13 -0.000744921 -0.000694576
17 0.0766146 -3.81871e-14 0.923085 -1.91445e-13 -0.000581521 -0.000874178
17.1 0.0758521 -3.33117e-14 0.923847 -1.82904e-13 -0.000385321 -0.00100474
17.2 0.0750971 -2.79813e-14 0.924601 -1.76814e-13 -0.000168403 -0.00108037
17.3 0.0743497 -2.18123e-14 0.925348 -1.75801e-13 5.65134e-05 -0.00109824
17.4 0.0736098 -1.58612e-14 0.926088 -1.77985e-13 0.000276635 -0.00105845
17.5 0.0728773 -9.97073e-15 0.92682 -1.82764e-13 0.000479724 -0.000963907
17.6 0.072152 -3.50712e-15 0.927545 -1.90731e-13 0.000654522 -0.000820211
17.7 0.071434 1.97046e-15 0.928262 -1.98292e-13 0.000791213 -0.000635406
17.8 0.0707232 6.15748e-15 0.928973 -2.02283e-13 0.000882007 -0.00041979
17.9 0.0700194 1.0679e-14 0.929676 -2.07205e-13 0.000921645 -0.000185369
18 0.0693226 1.56425e-14 0.930372 -2.12002e-13 0.00090777 5.48256e-05
18.1 0.0686326 2.01986e-14 0.931061 -2.15469e-13 0.000841088 0.00028754
18.2 0.0679496 2.407e-14 0.931743 -2.17581e-13 0.000725257 0.000500018
18.3 0.0672733 2.72912e-14 0.932419 -2.18792e-13 0.000566715 0.000680672
18.4 0.0666038 2.93484e-14 0.933088 -2.18179e-13 0.000374284 0.00081967
18.5 0.065941 2.93922e-14 0.93375 -2.17091e-13 0.00015879 0.00090941
18.6 0.0652849 2.96651e-14 0.934406 -2.14336e-13 -6.73318e-05 0.000945025
18.7 0.0646353 2.97856e-14 0.935055 -2.10542e-13 -0.000290759 0.000924864
18.8 0.0639921 2.99272e-14 0.935698 -2.06629e-13 -0.000498137 0.00085077
18.9 0.0633554 2.99664e-14 0.936335 -2.02968e-13 -0.000677086 0.000727958
19 0.062725 2.9682e-14 0.936965 -2.02195e-13 -0.000817097 0.000564616
19.1 0.0621009 2.94717e-14 0.937589 -2.01551e-13 -0.000910248 0.0003713
19.2 0.0614829 2.92887e-14 0.938207 -2.00923e-13 -0.000951638 0.000160088
19.3 0.0608712 2.90843e-14 0.938818 -2.00262e-13 -0.000939636 -5.62496e-05
19.4 0.0602655 2.8878e-14 0.939424 -2.00019e-13 -0.000875767 -0.000265091
19.5 0.0596658 2.86576e-14 0.940023 -1.99879e-13 -0.000764473 -0.000454741
19.6 0.0590721 2.84312e-14 0.940617 -1.99757e-13 -0.00061266 -0.000615075
19.7 0.0584843 2.82025e-14 0.941205 -1.99618e-13 -0.000429121 -0.000737914
19.8 0.0579024 2.79597e-14 0.941786 -1.9944e-13 -0.000224037 -0.000817343
19.9 0.0573263 2.76813e-14 0.942362 -1.99163e-13 -8.40278e-06 -0.000849738
20 0.0567558 2.74059e-14 0.942933 -1.98889e-13 0.000206355 -0.000833874
