0 0 0 1 0 0 0
0.1 1.71709e-07 -4.15994e-22 0.999979 -6.90615e-16 4.82629e-05 -0.000411174
0.2 7.9078e-07 -1.32743e-21 0.999979 -3.56674e-16 0.000195253 -0.000865778
0.3 2.03558e-06 -9.95227e-22 0.999979 -8.38363e-16 0.000448515 -0.00134946
0.4 4.11417e-06 -1.25008e-21 0.999979 -8.31891e-16 0.000812092 -0.00184785
0.5 7.26335e-06 -3.23783e-21 0.999978 -1.00631e-15 0.00128664 -0.00234749
0.6 1.17474e-05 -3.85093e-21 0.999975 -1.29231e-15 0.00186976 -0.00283674
0.7 1.78575e-05 -2.01333e-21 0.99997 -1.60137e-15 0.00255652 -0.00330653
0.8 2.59121e-05 1.14514e-21 0.999963 -1.91489e-15 0.00334015 -0.00375107
0.9 3.62608e-05 1.15029e-21 0.999952 -2.17942e-15 0.00421286 -0.00416823
1 4.9293e-05 -1.60083e-20 0.999939 -2.30497e-15 0.00516676 -0.00455988
1.1 6.54522e-05 -4.82492e-20 0.999923 -2.29376e-15 0.00619475 -0.00493191
1.2 8.52602e-05 -1.07084e-19 0.999903 -2.11952e-15 0.00729147 -0.00529404
1.3 0.000109351 -2.21849e-19 0.999879 -1.8216e-15 0.00845411 -0.00565947
1.4 0.00013852 -4.08027e-19 0.99985 -1.48883e-15 0.00968317 -0.00604431
1.5 0.000173783 -7.17451e-19 0.999815 -1.14239e-15 0.010983 -0.00646683
1.6 0.000216452 -1.09747e-18 0.999773 -8.8385e-16 0.0123623 -0.0069466
1.7 0.000268231 -1.57176e-18 0.999721 -7.34144e-16 0.0138341 -0.00750363
1.8 0.000331319 -2.13186e-18 0.999659 -6.92654e-16 0.0154156 -0.00815737
1.9 0.000408528 -2.78646e-18 0.999582 -7.33828e-16 0.0171284 -0.00892585
2 0.00050341 -3.40431e-18 0.999487 -8.24099e-16 0.0189976 -0.00982479
2.1 0.00062039 -3.77844e-18 0.999371 -9.66372e-16 0.0210511 -0.0108669
2.2 0.000764894 -4.26795e-18 0.999226 -1.15965e-15 0.0233191 -0.0120611
2.3 0.00094347 -5.06807e-18 0.999046 -1.32499e-15 0.025833 -0.0134124
2.4 0.0011639 -6.01588e-18 0.998825 -1.40681e-15 0.0286241 -0.0149215
2.5 0.00143528 -8.09646e-18 0.998553 -1.44821e-15 0.0317231 -0.0165845
2.6 0.00176808 -1.0615e-17 0.998219 -1.47616e-15 0.0351587 -0.0183935
2.7 0.00217415 -1.3383e-17 0.997811 -1.49726e-15 0.0389566 -0.0203364
2.8 0.00266675 -1.70657e-17 0.997318 -1.45695e-15 0.0431389 -0.0223979
2.9 0.00326042 -2.09911e-17 0.996723 -1.40308e-15 0.0477232 -0.0245594
3 0.00397091 -2.60932e-17 0.996012 -1.25381e-15 0.0527217 -0.0268
3.1 0.00481503 -2.99539e-17 0.995167 -1.17369e-15 0.0581415 -0.0290972
3.2 0.00581043 -3.29467e-17 0.994171 -1.06418e-15 0.0639834 -0.0314272
3.3 0.00697534 -3.61808e-17 0.993006 -8.78224e-16 0.0702425 -0.0337659
3.4 0.00832834 -3.55415e-17 0.991653 -7.27719e-16 0.0769076 -0.0360892
3.5 0.00988795 -3.22694e-17 0.990094 -6.04694e-16 0.0839618 -0.0383735
3.6 0.0116724 -2.64862e-17 0.988309 -5.04225e-16 0.0913826 -0.0405962
3.7 0.013699 -2.03385e-17 0.986283 -3.86139e-16 0.0991422 -0.0427359
3.8 0.0159842 -1.31554e-17 0.983998 -2.91377e-16 0.107208 -0.0447725
3.9 0.0185427 -8.74497e-18 0.98144 -2.09682e-16 0.115542 -0.0466872
4 0.0213872 -4.63228e-18 0.978595 -2.21124e-16 0.124105 -0.0484624
4.1 0.0245278 2.63265e-18 0.975454 -3.1715e-16 0.132849 -0.0500823
4.2 0.0279721 2.12191e-17 0.97201 -5.32432e-16 0.141727 -0.051532
4.3 0.0317239 4.11323e-17 0.968258 -7.29659e-16 0.150689 -0.0527982
4.4 0.0357835 7.30174e-17 0.964198 -8.82235e-16 0.15968 -0.0538687
4.5 0.040147 1.16171e-16 0.959834 -1.02638e-15 0.168644 -0.0547328
4.6 0.0448061 1.6427e-16 0.955174 -1.13684e-15 0.177527 -0.0553813
4.7 0.0497475 2.07046e-16 0.950233 -1.1605e-15 0.186268 -0.0558068
4.8 0.0549533 2.49269e-16 0.945027 -1.11455e-15 0.194811 -0.0560041
4.9 0.0604007 2.74498e-16 0.939579 -1.11745e-15 0.203098 -0.055971
5 0.066062 2.8194e-16 0.933918 -1.07846e-15 0.211072 -0.0557084
5.1 0.0719055 2.70233e-16 0.928075 -1.0645e-15 0.218681 -0.0552209
5.2 0.0778953 2.48444e-16 0.922085 -1.06563e-15 0.225872 -0.0545173
5.3 0.083993 1.95819e-16 0.915987 -1.06295e-15 0.232601 -0.0536108
5.4 0.0901579 1.64529e-16 0.909822 -1.10876e-15 0.238828 -0.0525193
5.5 0.0963485 1.71165e-16 0.903632 -1.31059e-15 0.24452 -0.0512647
5.6 0.102523 2.13953e-16 0.897456 -1.35936e-15 0.249651 -0.0498728
5.7 0.108643 2.31792e-16 0.891335 -1.41957e-15 0.254206 -0.048372
5.8 0.11467 1.81009e-16 0.885307 -1.47209e-15 0.258176 -0.0467922
5.9 0.120572 -1.45021e-17 0.879405 -1.3929e-15 0.261564 -0.0451631
6 0.126317 -3.35119e-16 0.873658 -1.21983e-15 0.26438 -0.043513
6.1 0.131883 -7.36864e-16 0.868091 -9.13882e-16 0.266641 -0.0418672
6.2 0.137248 -1.21883e-15 0.862725 -4.95097e-16 0.26837 -0.0402465
6.3 0.142395 -1.77422e-15 0.857575 1.4188e-16 0.269597 -0.0386664
6.4 0.147313 -2.4576e-15 0.852655 9.71025e-16 0.270353 -0.0371359
6.5 0.151992 -3.02842e-15 0.847974 1.48866e-15 0.270671 -0.0356573
6.6 0.156422 -3.57848e-15 0.843542 1.99026e-15 0.270584 -0.0342259
6.7 0.160596 -3.84565e-15 0.839366 2.1582e-15 0.270121 -0.0328317
6.8 0.164505 -3.94742e-15 0.835455 1.85583e-15 0.269308 -0.0314602
6.9 0.16814 -3.87563e-15 0.831817 1.17293e-15 0.268165 -0.0300946
7 0.171491 -3.5837e-15 0.828464 8.26411e-17 0.266706 -0.0287171
7.1 0.174546 -3.15036e-15 0.825406 -1.16919e-15 0.264941 -0.0273112
7.2 0.177292 -2.68807e-15 0.822658 -2.38075e-15 0.262871 -0.0258637
7.3 0.179718 -2.31894e-15 0.820229 -3.24815e-15 0.260495 -0.024367
7.4 0.181812 -2.0859e-15 0.818132 -3.65486e-15 0.257807 -0.0228192
7.5 0.183566 -1.96737e-15 0.816375 -3.67893e-15 0.254801 -0.0212255
7.6 0.184977 -2.18405e-15 0.814961 -3.42285e-15 0.251471 -0.0195968
7.7 0.186044 -2.82136e-15 0.813891 -2.59422e-15 0.247812 -0.017949
7.8 0.186772 -3.97096e-15 0.81316 -8.89506e-16 0.243822 -0.0163017
7.9 0.187173 -5.56485e-15 0.812756 1.37119e-15 0.239506 -0.0146757
8 0.187261 -7.12299e-15 0.812665 3.88674e-15 0.23487 -0.0130914
8.1 0.187057 -8.17409e-15 0.812865 6.09365e-15 0.229926 -0.0115676
8.2 0.186584 -8.52289e-15 0.813335 7.69003e-15 0.22469 -0.0101204
8.3 0.185867 -8.45473e-15 0.814049 8.66521e-15 0.219179 -0.00876249
8.4 0.184933 -8.37018e-15 0.814979 8.77147e-15 0.213417 -0.00750209
8.5 0.18381 -8.6078e-15 0.816099 9.18161e-15 0.207428 -0.00634225
8.6 0.182524 -9.36026e-15 0.817381 1.00958e-14 0.20124 -0.00528097
8.7 0.1811 -1.03652e-14 0.818801 1.16353e-14 0.194878 -0.00431174
8.8 0.179561 -1.15145e-14 0.820337 1.33161e-14 0.188367 -0.00342464
8.9 0.177926 -1.27236e-14 0.821969 1.49684e-14 0.181732 -0.00260765
9 0.176214 -1.39644e-14 0.823678 1.64413e-14 0.174995 -0.00184794
9.1 0.174438 -1.54209e-14 0.825451 1.78965e-14 0.168176 -0.00113314
9.2 0.172611 -1.71673e-14 0.827275 1.93013e-14 0.161292 -0.000452479
9.3 0.170744 -1.92694e-14 0.829139 2.05797e-14 0.154361 0.000202403
9.4 0.168846 -2.1178e-14 0.831034 2.17062e-14 0.147399 0.000836682
9.5 0.166926 -2.25602e-14 0.832952 2.26725e-14 0.140423 0.00145252
9.6 0.164991 -2.36324e-14 0.834884 2.36103e-14 0.133448 0.00204934
9.7 0.163048 -2.46343e-14 0.836825 2.47161e-14 0.126491 0.0026239
9.8 0.161105 -2.58305e-14 0.838766 2.60661e-14 0.119572 0.00317037
9.9 0.159167 -2.71263e-14 0.840702 2.74346e-14 0.112707 0.00368065
10 0.157241 -2.79346e-14 0.842625 2.84249e-14 0.10592 0.00414478
10.1 0.155334 -2.81006e-14 0.844531 2.86979e-14 0.0992308 0.00455189
10.2 0.153451 -2.76055e-14 0.846413 2.81598e-14 0.0926658 0.00489137
10.3 0.151596 -2.68223e-14 0.848265 2.71478e-14 0.086251 0.005154
10.4 0.149776 -2.57384e-14 0.850083 2.58626e-14 0.0800131 0.00533252
10.5 0.147993 -2.45068e-14 0.851864 2.46035e-14 0.073979 0.00542194
10.6 0.14625 -2.31567e-14 0.853605 2.34248e-14 0.068175 0.00541987
10.7 0.14455 -2.20064e-14 0.855302 2.27472e-14 0.0626266 0.00532711
10.8 0.142893 -2.11986e-14 0.856957 2.25564e-14 0.0573576 0.00514755
10.9 0.141279 -2.07097e-14 0.858568 2.26253e-14 0.0523892 0.00488963
11 0.139708 -1.99683e-14 0.860136 2.29808e-14 0.0477385 0.00456592
11.1 0.138178 -1.9398e-14 0.861663 2.30157e-14 0.0434174 0.00419212
11.2 0.136687 -1.88223e-14 0.863152 2.28432e-14 0.0394319 0.00378604
11.3 0.135232 -1.84595e-14 0.864605 2.24657e-14 0.0357822 0.00336663
11.4 0.13381 -1.79748e-14 0.866025 2.21044e-14 0.0324626 0.00295257
11.5 0.132418 -1.71729e-14 0.867415 2.20846e-14 0.0294629 0.00256168
11.6 0.131052 -1.5977e-14 0.868779 2.26108e-14 0.0267679 0.00221016
11.7 0.12971 -1.4435e-14 0.870119 2.36256e-14 0.024359 0.00191243
11.8 0.128389 -1.28076e-14 0.871437 2.48619e-14 0.0222133 0.00168069
11.9 0.127088 -1.15489e-14 0.872737 2.60572e-14 0.0203047 0.00152434
12 0.125802 -1.07736e-14 0.87402 2.70361e-14 0.0186039 0.00144914
12.1 0.124533 -1.04444e-14 0.875287 2.72069e-14 0.0170794 0.00145596
12.2 0.123277 -1.04755e-14 0.876541 2.66669e-14 0.0156996 0.00154017
12.3 0.122035 -1.05412e-14 0.877781 2.57054e-14 0.0144349 0.00169173
12.4 0.120805 -1.04742e-14 0.879008 2.45799e-14 0.0132593 0.00189662
12.5 0.119588 -1.03833e-14 0.880223 2.34639e-14 0.0121514 0.00213847
12.6 0.118383 -1.04695e-14 0.881426 2.23997e-14 0.0110941 0.00240003
12.7 0.11719 -1.05516e-14 0.882617 2.15571e-14 0.0100743 0.0026638
12.8 0.116009 -1.06332e-14 0.883795 2.09803e-14 0.00908191 0.00291221
12.9 0.114841 -1.05589e-14 0.884961 2.0639e-14 0.00811032 0.00312755
13 0.113686 -1.02852e-14 0.886115 2.04391e-14 0.00715795 0.00329246
13.1 0.112543 -9.88895e-15 0.887256 2.0305e-14 0.00622821 0.00339154
13.2 0.111413 -9.60244e-15 0.888384 2.0279e-14 0.00532887 0.00341303
13.3 0.110296 -9.3397e-15 0.8895 2.03689e-14 0.00447096 0.00334969
13.4 0.10919 -9.07409e-15 0.890604 2.05406e-14 0.00366725 0.0031996
13.5 0.108097 -8.87678e-15 0.891695 2.06013e-14 0.00293037 0.0029657
13.6 0.107017 -8.68573e-15 0.892775 2.05811e-14 0.00227186 0.00265558
13.7 0.105948 -8.57525e-15 0.893842 2.04663e-14 0.00170142 0.00227993
13.8 0.10489 -8.57273e-15 0.894898 2.03503e-14 0.00122689 0.00185214
13.9 0.103844 -8.59088e-15 0.895943 2.01664e-14 0.000853806 0.00138833
14 0.102809 -8.66452e-15 0.896976 2.00353e-14 0.000584601 0.000906995
14.1 0.101785 -8.69306e-15 0.897999 1.9921e-14 0.000417407 0.00042808
14.2 0.100772 -8.80846e-15 0.899011 1.99043e-14 0.000345703 -2.84825e-05
14.3 0.0997686 -8.97273e-15 0.900013 1.99891e-14 0.000358452 -0.000444909
14.4 0.0987757 -9.20313e-15 0.901005 2.02102e-14 0.00044161 -0.000806703
14.5 0.0977929 -9.41637e-15 0.901986 2.02757e-14 0.000579499 -0.00110258
14.6 0.0968199 -9.60705e-15 0.902958 2.02426e-14 0.000755357 -0.00132472
14.7 0.0958565 -9.71599e-15 0.903921 2.02781e-14 0.000951955 -0.00146863
14.8 0.0949026 -9.7494e-15 0.904873 2.0366e-14 0.00115201 -0.00153307
14.9 0.0939582 -9.72351e-15 0.905817 2.04421e-14 0.00133862 -0.00152036
15 0.0930231 -9.70664e-15 0.906751 2.04355e-14 0.00149605 -0.00143663
15.1 0.0920972 -9.69755e-15 0.907675 2.03551e-14 0.00161061 -0.00129105
15.2 0.0911805 -9.67787e-15 0.908591 2.02735e-14 0.0016708 -0.00109569
15.3 0.0902729 -9.65843e-15 0.909497 2.00822e-14 0.00166807 -0.000865566
15.4 0.0893742 -9.58852e-15 0.910395 1.98174e-14 0.00159827 -0.000617869
15.5 0.0884845 -9.52768e-15 0.911284 1.95838e-14 0.00146236 -0.000370686
15.6 0.0876036 -9.49532e-15 0.912164 1.93702e-14 0.0012662 -0.000140695
15.7 0.0867315 -9.4903e-15 0.913035 1.91891e-14 0.00101966 5.78988e-05
15.8 0.085868 -9.46667e-15 0.913897 1.89907e-14 0.000734999 0.00021414
15.9 0.0850133 -9.42932e-15 0.914751 1.88307e-14 0.000426711 0.000319769
16 0.084167 -9.35362e-15 0.915597 1.86728e-14 0.000110427 0.000370541
16.1 0.0833292 -9.25133e-15 0.916434 1.85213e-14 -0.000198422 0.000366301
16.2 0.0824998 -9.1402e-15 0.917263 1.83586e-14 -0.000484979 0.000310243
16.3 0.0816786 -9.03874e-15 0.918084 1.81286e-14 -0.000735954 0.000208557
16.4 0.0808656 -8.91888e-15 0.918896 1.78746e-14 -0.000940203 7.04681e-05
16.5 0.0800608 -8.7974e-15 0.919701 1.76151e-14 -0.00108951 -9.29949e-05
16.6 0.079264 -8.67957e-15 0.920497 1.73695e-14 -0.0011791 -0.000269637
16.7 0.0784752 -8.56556e-15 0.921285 1.71592e-14 -0.00120727 -0.0004472
16.8 0.0776942 -8.45457e-15 0.922066 1.69818e-14 -0.00117501 -0.000613751
16.9 0.0769211 -8.35164e-15 0.922839 1.68474e-14 -0.00108575 -0.000758028
17 0.0761557 -8.25627e-15 0.923604 1.67636e-14 -0.000945293 -0.000869551
17.1 0.0753979 -8.16625e-15 0.924362 1.67325e-14 -0.000761775 -0.000939118
17.2 0.0746477 -8.08196e-15 0.925112 1.67274e-14 -0.000545746 -0.000959267
17.3 0.0739049 -7.9957e-15 0.925855 1.6735e-14 -0.000309947 -0.000924953
17.4 0.0731695 -7.9116e-15 0.92659 1.6734e-14 -6.85564e-05 -0.00083437
17.5 0.0724414 -7.83257e-15 0.927318 1.67288e-14 0.000163777 -0.000689438
17.6 0.0717206 -7.75932e-15 0.928038 1.67153e-14 0.000373147 -0.000495767
17.7 0.0710069 -7.68162e-15 0.928751 1.66792e-14 0.000547444 -0.000262181
17.8 0.0703002 -7.59325e-15 0.929457 1.65986e-14 0.000677125 -2.53085e-09
17.9 0.0696005 -7.50372e-15 0.930156 1.65131e-14 0.000755641 0.000277875
18 0.0689079 -7.41233e-15 0.930849 1.64243e-14 0.000779533 0.000557707
18.1 0.0682222 -7.33367e-15 0.931534 1.63306e-14 0.00074853 0.000825737
18.2 0.0675434 -7.25273e-15 0.932213 1.62301e-14 0.000665391 0.00106859
18.3 0.0668713 -7.172e-15 0.932885 1.61356e-14 0.000535815 0.0012741
18.4 0.0662059 -7.09413e-15 0.93355 1.60452e-14 0.00036805 0.00143191
18.5 0.0655471 -7.01789e-15 0.934209 1.59633e-14 0.000172428 0.00153406
18.6 0.0648949 -6.94486e-15 0.934861 1.58882e-14 -3.91436e-05 0.00157526
18.7 0.0642492 -6.87281e-15 0.935507 1.57998e-14 -0.000253819 0.0015533
18.8 0.0636099 -6.80135e-15 0.936146 1.56956e-14 -0.000458566 0.00146921
18.9 0.062977 -6.73164e-15 0.936779 1.55917e-14 -0.000640871 0.00132716
19 0.0623503 -6.66345e-15 0.937406 1.54997e-14 -0.000789484 0.00113435
19.1 0.0617299 -6.59649e-15 0.938026 1.54158e-14 -0.000895084 0.000900517
19.2 0.0611157 -6.53041e-15 0.93864 1.5342e-14 -0.000950886 0.000637466
19.3 0.0605076 -6.46515e-15 0.939248 1.52658e-14 -0.000952931 0.000358329
19.4 0.0599055 -6.4005e-15 0.93985 1.51938e-14 -0.000900372 7.69384e-05
19.5 0.0593095 -6.33716e-15 0.940446 1.51285e-14 -0.000795442 -0.000193049
19.6 0.0587193 -6.27381e-15 0.941036 1.50615e-14 -0.000643436 -0.000438801
19.7 0.058135 -6.21159e-15 0.941621 1.49979e-14 -0.000452238 -0.000649451
19.8 0.0575566 -6.14981e-15 0.942199 1.49339e-14 -0.000231751 -0.000816103
19.9 0.0569839 -6.0889e-15 0.942772 1.48751e-14 6.713e-06 -0.000932575
20 0.0564169 -6.02841e-15 0.943339 1.48158e-14 0.000251051 -0.000995488
