0 0 0 1 0 0 0
0.1 1.71711e-07 -6.41892e-22 0.999986 -3.64227e-15 4.82708e-05 -0.000411373
0.2 7.90973e-07 -3.42875e-21 0.999985 -3.75433e-15 0.000195409 -0.000866774
0.3 2.03686e-06 -9.25964e-21 0.999982 -3.57e-15 0.00044927 -0.00135224
0.4 4.11891e-06 -1.98914e-20 0.999977 -3.31162e-15 0.00081438 -0.00185369
0.5 7.27637e-06 -3.60245e-20 0.999971 -2.81386e-15 0.00129203 -0.00235788
0.6 1.17772e-05 -5.72622e-20 0.999964 -2.53556e-15 0.00188056 -0.00285314
0.7 1.79171e-05 -8.4142e-20 0.999956 -2.44691e-15 0.00257586 -0.00333025
0.8 2.60203e-05 -1.21696e-19 0.999945 -2.52475e-15 0.00337196 -0.00378295
0.9 3.64422e-05 -1.74112e-19 0.999932 -2.6169e-15 0.00426184 -0.00420852
1 4.95769e-05 -2.63654e-19 0.999917 -2.56167e-15 0.00523823 -0.00460797
1.1 6.58705e-05 -3.70297e-19 0.999899 -2.65796e-15 0.00629451 -0.00498618
1.2 8.58425e-05 -5.47341e-19 0.999878 -2.63682e-15 0.00742558 -0.00535174
1.3 0.000110117 -7.29098e-19 0.999852 -2.80701e-15 0.00862866 -0.00571666
1.4 0.000139468 -9.43963e-19 0.999823 -3.0476e-15 0.00990399 -0.00609586
1.5 0.000174873 -1.26425e-18 0.999788 -2.87067e-15 0.0112555 -0.00650654
1.6 0.000217589 -1.61679e-18 0.999746 -2.73884e-15 0.0126909 -0.00696737
1.7 0.000269238 -1.81311e-18 0.999695 -2.57681e-15 0.0142225 -0.00749768
1.8 0.000331908 -2.05499e-18 0.999634 -2.83058e-15 0.0158666 -0.00811654
1.9 0.000408268 -2.64153e-18 0.999558 -2.87678e-15 0.0176436 -0.00884191
2 0.00050169 -3.35482e-18 0.999466 -2.69888e-15 0.0195777 -0.00968975
2.1 0.000616383 -4.28705e-18 0.999352 -2.71091e-15 0.021696 -0.0106733
2.2 0.000757513 -5.23614e-18 0.999211 -2.82481e-15 0.024028 -0.0118025
2.3 0.000931337 -6.54233e-18 0.999037 -3.03657e-15 0.0266049 -0.0130832
2.4 0.0011453 -9.32104e-18 0.998823 -2.66244e-15 0.0294583 -0.0145174
2.5 0.00140814 -1.20936e-17 0.99856 -2.36505e-15 0.0326193 -0.0161025
2.6 0.00172993 -1.49987e-17 0.998239 -2.50091e-15 0.0361177 -0.0178315
2.7 0.00212211 -1.8878e-17 0.997847 -2.39292e-15 0.0399805 -0.0196936
2.8 0.00259745 -2.36602e-17 0.997371 -1.89473e-15 0.0442317 -0.0216739
2.9 0.00317001 -2.81425e-17 0.996799 -2.28923e-15 0.0488909 -0.023754
3 0.00385501 -3.62841e-17 0.996114 -2.36143e-15 0.0539727 -0.0259131
3.1 0.00466865 -4.81851e-17 0.995301 -2.16869e-15 0.0594864 -0.0281278
3.2 0.00562791 -6.02296e-17 0.994342 -2.36845e-15 0.0654353 -0.0303732
3.3 0.00675025 -7.9254e-17 0.993219 -1.89032e-15 0.0718166 -0.0326236
3.4 0.00805328 -9.34048e-17 0.991917 -1.88595e-15 0.0786209 -0.0348526
3.5 0.00955442 -1.04845e-16 0.990416 -1.97428e-15 0.0858329 -0.0370342
3.6 0.0112705 -1.09753e-16 0.9887 -2.52099e-15 0.0934309 -0.0391431
3.7 0.0132173 -1.1648e-16 0.986753 -3.05798e-15 0.101387 -0.0411549
3.8 0.0154092 -1.28653e-16 0.984562 -3.44033e-15 0.109669 -0.0430467
3.9 0.0178584 -1.48813e-16 0.982112 -3.7243e-15 0.118239 -0.0447971
4 0.0205749 -1.62336e-16 0.979396 -4.30766e-15 0.127052 -0.0463864
4.1 0.0235659 -1.77838e-16 0.976405 -4.75205e-15 0.136063 -0.047797
4.2 0.0268351 -1.98501e-16 0.973136 -4.53816e-15 0.14522 -0.0490131
4.3 0.0303824 -2.1506e-16 0.969588 -4.5725e-15 0.15447 -0.0500213
4.4 0.034204 -1.97747e-16 0.965766 -5.05623e-15 0.163754 -0.0508104
4.5 0.0382915 -1.82489e-16 0.961678 -5.42825e-15 0.173015 -0.0513722
4.6 0.0426321 -2.03299e-16 0.957337 -5.28103e-15 0.182193 -0.0517009
4.7 0.0472085 -2.43812e-16 0.952761 -4.85834e-15 0.191227 -0.0517944
4.8 0.0519989 -2.49036e-16 0.94797 -4.68197e-15 0.200058 -0.0516538
4.9 0.0569774 -2.62274e-16 0.942991 -4.98633e-15 0.208627 -0.0512844
5 0.0621143 -2.92114e-16 0.937854 -4.62485e-15 0.216878 -0.0506954
5.1 0.0673769 -3.27498e-16 0.932591 -4.43728e-15 0.22476 -0.0499004
5.2 0.0727303 -3.97195e-16 0.927237 -4.14619e-15 0.232225 -0.0489174
5.3 0.0781382 -4.11456e-16 0.921829 -4.28048e-15 0.239232 -0.0477682
5.4 0.0835641 -4.37783e-16 0.916402 -4.35237e-15 0.245746 -0.0464785
5.5 0.0889721 -5.46984e-16 0.910994 -3.82505e-15 0.25174 -0.0450767
5.6 0.0943285 -6.042e-16 0.905637 -3.61122e-15 0.257198 -0.0435929
5.7 0.0996021 -6.74345e-16 0.900363 -3.35041e-15 0.262108 -0.0420578
5.8 0.104766 -7.21825e-16 0.895199 -2.9377e-15 0.26647 -0.0405013
5.9 0.109796 -8.06013e-16 0.890169 -2.24571e-15 0.270292 -0.0389509
6 0.114673 -7.13348e-16 0.885291 -2.19401e-15 0.273587 -0.0374299
6.1 0.119382 -6.55453e-16 0.880581 -1.90248e-15 0.276379 -0.0359562
6.2 0.123912 -5.54398e-16 0.876051 -1.61397e-15 0.278693 -0.0345407
6.3 0.128253 -4.76974e-16 0.871709 -1.54684e-15 0.280558 -0.033187
6.4 0.132398 -4.18355e-16 0.867564 -1.55216e-15 0.282006 -0.0318905
6.5 0.136337 -3.53064e-16 0.863624 -1.25397e-15 0.283065 -0.0306398
6.6 0.140064 -3.65891e-16 0.859897 -1.1107e-15 0.283764 -0.0294167
6.7 0.143567 -2.97103e-16 0.856394 -8.61454e-16 0.284124 -0.0281986
6.8 0.146831 -2.08106e-16 0.853128 -6.1158e-16 0.284162 -0.0269608
6.9 0.149842 -6.69538e-17 0.850117 -7.17082e-16 0.283889 -0.0256782
7 0.152581 7.27361e-17 0.847378 -8.00664e-16 0.28331 -0.0243283
7.1 0.155026 2.30189e-16 0.844933 -1.27042e-15 0.282424 -0.022893
7.2 0.157156 9.76141e-17 0.842802 -6.45795e-16 0.281225 -0.0213604
7.3 0.158951 -9.78099e-17 0.841006 -6.3325e-17 0.279705 -0.019726
7.4 0.160394 -2.75347e-16 0.839563 4.09223e-16 0.277852 -0.0179929
7.5 0.16147 -3.83657e-16 0.838486 5.08806e-16 0.275657 -0.0161714
7.6 0.162171 -5.79742e-16 0.837784 1.19991e-15 0.27311 -0.0142782
7.7 0.162495 -6.44348e-16 0.83746 1.28731e-15 0.270204 -0.0123351
7.8 0.162446 -7.57437e-16 0.837509 1.58761e-15 0.266936 -0.0103667
7.9 0.162033 -9.27741e-16 0.837921 2.26584e-15 0.263307 -0.00839882
8 0.161276 -8.37994e-16 0.838678 1.9008e-15 0.25932 -0.00645656
8.1 0.160194 -8.85217e-16 0.839759 2.16478e-15 0.254985 -0.00456283
8.2 0.158817 -8.23563e-16 0.841136 2.09218e-15 0.250314 -0.00273704
8.3 0.157172 -7.55865e-16 0.842781 2.21342e-15 0.245321 -0.000994289
8.4 0.155292 -5.70097e-16 0.84466 1.91399e-15 0.240024 0.000654836
8.5 0.153209 -4.37361e-16 0.846743 2.05281e-15 0.234439 0.00220403
8.6 0.150955 -3.16603e-16 0.848996 1.80498e-15 0.228585 0.00365064
8.7 0.148561 -2.53411e-16 0.85139 1.8386e-15 0.22248 0.00499493
8.8 0.146056 -2.15548e-16 0.853894 1.82284e-15 0.216141 0.00623907
8.9 0.143469 -2.66676e-16 0.856481 1.84968e-15 0.209586 0.00738626
9 0.140823 -3.28196e-16 0.859126 1.87496e-15 0.202832 0.00843993
9.1 0.138143 -4.23017e-16 0.861806 1.98595e-15 0.195896 0.00940285
9.2 0.135449 -5.03974e-16 0.8645 2.08997e-15 0.188793 0.0102764
9.3 0.13276 -5.71592e-16 0.867188 2.2024e-15 0.18154 0.0110597
9.4 0.130094 -6.07029e-16 0.869854 2.16909e-15 0.174156 0.0117496
9.5 0.127466 -5.9657e-16 0.872482 2.13459e-15 0.16666 0.0123407
9.6 0.124891 -5.90117e-16 0.875056 2.09057e-15 0.159074 0.0128254
9.7 0.122381 -5.5572e-16 0.877566 2.05018e-15 0.151421 0.0131943
9.8 0.119948 -5.11158e-16 0.879998 2.0707e-15 0.143729 0.013437
9.9 0.117602 -4.63732e-16 0.882344 2.04579e-15 0.13603 0.013543
10 0.115351 -4.07086e-16 0.884595 1.96662e-15 0.128354 0.0135027
10.1 0.113201 -3.46234e-16 0.886745 1.86107e-15 0.12074 0.0133077
10.2 0.111158 -2.97461e-16 0.888788 1.79009e-15 0.113223 0.012952
10.3 0.109225 -2.68722e-16 0.890721 1.77738e-15 0.105844 0.0124323
10.4 0.107402 -2.25679e-16 0.892544 1.68717e-15 0.098641 0.0117493
10.5 0.105689 -1.917e-16 0.894256 1.61758e-15 0.0916544 0.0109077
10.6 0.104084 -1.68442e-16 0.895861 1.54001e-15 0.084922 0.00991684
10.7 0.102583 -1.50441e-16 0.897363 1.44864e-15 0.0784793 0.00879112
10.8 0.101179 -1.42407e-16 0.898766 1.45583e-15 0.0723577 0.00754939
10.9 0.0998667 -1.46456e-16 0.900079 1.4645e-15 0.066584 0.0062148
11 0.0986375 -1.60499e-16 0.901308 1.52927e-15 0.0611788 0.00481394
11.1 0.0974831 -1.75465e-16 0.902462 1.56431e-15 0.0561562 0.00337594
11.2 0.0963948 -1.90921e-16 0.90355 1.52176e-15 0.0515234 0.00193154
11.3 0.0953637 -2.17503e-16 0.904582 1.57388e-15 0.0472803 0.000512011
11.4 0.094381 -2.38023e-16 0.905564 1.58759e-15 0.0434194 -0.000852067
11.5 0.0934386 -2.61805e-16 0.906506 1.58976e-15 0.0399265 -0.00213207
11.6 0.092529 -2.78673e-16 0.907416 1.54714e-15 0.0367808 -0.00330235
11.7 0.0916453 -2.95797e-16 0.9083 1.58381e-15 0.033956 -0.00434125
11.8 0.0907817 -3.06261e-16 0.909163 1.59067e-15 0.0314213 -0.00523201
11.9 0.0899333 -3.13713e-16 0.910011 1.62018e-15 0.0291427 -0.00596352
12 0.089096 -3.06441e-16 0.910849 1.61065e-15 0.0270842 -0.00653065
12.1 0.0882667 -3.04432e-16 0.911678 1.67412e-15 0.0252094 -0.00693425
12.2 0.0874432 -2.92219e-16 0.912501 1.69758e-15 0.0234827 -0.00718098
12.3 0.0866239 -2.7013e-16 0.91332 1.67405e-15 0.0218707 -0.00728299
12.4 0.0858079 -2.46888e-16 0.914136 1.63154e-15 0.0203432 -0.00725733
12.5 0.0849946 -2.22021e-16 0.91495 1.57875e-15 0.0188743 -0.00712492
12.6 0.0841841 -1.98775e-16 0.91576 1.57372e-15 0.0174431 -0.00690983
12.7 0.0833767 -1.75345e-16 0.916567 1.55859e-15 0.0160348 -0.00663763
12.8 0.0825726 -1.53376e-16 0.917371 1.57021e-15 0.0146401 -0.00633429
12.9 0.0817724 -1.3671e-16 0.918171 1.55275e-15 0.0132554 -0.00602505
13 0.0809767 -1.20668e-16 0.918967 1.5341e-15 0.0118828 -0.00573323
13.1 0.0801861 -1.13156e-16 0.919758 1.57226e-15 0.0105292 -0.00547911
13.2 0.0794009 -1.12586e-16 0.920543 1.60055e-15 0.00920581 -0.0052789
13.3 0.0786216 -1.0428e-16 0.921322 1.51939e-15 0.00792693 -0.00514395
13.4 0.0778486 -1.10766e-16 0.922095 1.61578e-15 0.00670847 -0.00508028
13.5 0.0770821 -1.0907e-16 0.922862 1.62981e-15 0.0055671 -0.00508864
13.6 0.0763222 -1.10809e-16 0.923622 1.63191e-15 0.00451875 -0.00516456
13.7 0.0755692 -1.14959e-16 0.924375 1.64237e-15 0.00357753 -0.00529881
13.8 0.074823 -1.23939e-16 0.925121 1.65838e-15 0.00275481 -0.00547809
13.9 0.0740836 -1.38623e-16 0.925861 1.74676e-15 0.00205834 -0.00568576
14 0.0733511 -1.57521e-16 0.926593 1.87525e-15 0.00149165 -0.00590297
14.1 0.0726254 -1.70751e-16 0.927319 1.9347e-15 0.00105356 -0.00610976
14.2 0.0719064 -1.81849e-16 0.928038 1.97353e-15 0.00073815 -0.00628616
14.3 0.0711942 -1.88034e-16 0.928751 1.97073e-15 0.000534904 -0.00641352
14.4 0.0704886 -1.93568e-16 0.929456 1.96274e-15 0.000429397 -0.00647572
14.5 0.0697896 -1.92947e-16 0.930155 1.97942e-15 0.000403727 -0.00645967
14.6 0.0690973 -1.91852e-16 0.930847 1.99839e-15 0.000437454 -0.00635629
14.7 0.0684114 -1.89011e-16 0.931533 1.96232e-15 0.000508657 -0.00616104
14.8 0.0677321 -1.89115e-16 0.932213 2.02385e-15 0.00059501 -0.0058739
14.9 0.0670592 -1.84785e-16 0.932885 2.04731e-15 0.000674722 -0.00549945
15 0.0663929 -1.75537e-16 0.933552 2.04377e-15 0.000727526 -0.00504676
15.1 0.0657329 -1.64879e-16 0.934212 1.98307e-15 0.0007357 -0.00452896
15.2 0.0650794 -1.59283e-16 0.934865 1.98316e-15 0.000685052 -0.00396278
15.3 0.0644322 -1.52751e-16 0.935512 1.99053e-15 0.000565664 -0.00336749
15.4 0.0637913 -1.47841e-16 0.936153 2.01796e-15 0.000372314 -0.0027637
15.5 0.0631568 -1.43666e-16 0.936787 2.05525e-15 0.000104657 -0.00217233
15.6 0.0625285 -1.37412e-16 0.937416 2.00016e-15 -0.000232906 -0.00161359
15.7 0.0619064 -1.28578e-16 0.938038 1.93143e-15 -0.00063152 -0.00110579
15.8 0.0612904 -1.22674e-16 0.938654 1.88092e-15 -0.00107851 -0.000664461
15.9 0.0606806 -1.23631e-16 0.939263 1.9119e-15 -0.00155819 -0.000301605
16 0.0600769 -1.25844e-16 0.939867 1.95761e-15 -0.00205276 -2.50739e-05
16.1 0.0594791 -1.28187e-16 0.940465 1.99499e-15 -0.00254327 0.000161556
16.2 0.0588873 -1.26715e-16 0.941057 1.97967e-15 -0.00301033 0.000258989
16.3 0.0583013 -1.29683e-16 0.941643 1.97851e-15 -0.00343543 0.000272692
16.4 0.0577212 -1.34451e-16 0.942223 2.05428e-15 -0.0038019 0.000212274
16.5 0.0571469 -1.36963e-16 0.942797 2.08605e-15 -0.00409579 9.09903e-05
16.6 0.0565782 -1.33341e-16 0.943366 2.0164e-15 -0.00430672 -7.5042e-05
16.7 0.0560153 -1.37727e-16 0.943929 2.0425e-15 -0.00442833 -0.000267745
16.8 0.0554579 -1.34742e-16 0.944486 1.9967e-15 -0.00445869 -0.000468049
16.9 0.0549061 -1.35003e-16 0.945038 2.00764e-15 -0.00440019 -0.000657259
17 0.0543598 -1.34117e-16 0.945584 1.9897e-15 -0.00425955 -0.000817553
17.1 0.0538189 -1.31428e-16 0.946125 1.95721e-15 -0.00404718 -0.000933319
17.2 0.0532834 -1.30655e-16 0.94666 1.96889e-15 -0.00377681 -0.000991588
17.3 0.0527532 -1.29616e-16 0.947191 1.96421e-15 -0.00346485 -0.000982898
17.4 0.0522283 -1.26152e-16 0.947715 1.9441e-15 -0.00312909 -0.000901865
17.5 0.0517086 -1.24427e-16 0.948235 1.94088e-15 -0.00278815 -0.000747168
17.6 0.0511941 -1.22768e-16 0.94875 1.93879e-15 -0.00246035 -0.000521672
17.7 0.0506847 -1.21616e-16 0.949259 1.93892e-15 -0.00216282 -0.000232384
17.8 0.0501804 -1.20034e-16 0.949763 1.93275e-15 -0.00191051 0.000110095
17.9 0.0496811 -1.18809e-16 0.950262 1.93091e-15 -0.0017155 0.000492021
18 0.0491867 -1.17747e-16 0.950757 1.93291e-15 -0.00158625 0.000897429
18.1 0.0486973 -1.16951e-16 0.951246 1.94158e-15 -0.00152723 0.00130891
18.2 0.0482128 -1.16143e-16 0.951731 1.94731e-15 -0.00153885 0.0017089
18.3 0.047733 -1.15423e-16 0.95221 1.95584e-15 -0.0016174 0.00208041
18.4 0.0472581 -1.14475e-16 0.952685 1.95682e-15 -0.00175577 0.00240803
18.5 0.0467879 -1.1373e-16 0.953155 1.96373e-15 -0.00194348 0.00267839
18.6 0.0463223 -1.12766e-16 0.953621 1.96957e-15 -0.00216744 0.00288091
18.7 0.0458614 -1.12098e-16 0.954082 1.97789e-15 -0.00241241 0.00300831
18.8 0.0454051 -1.1143e-16 0.954538 1.98296e-15 -0.00266177 0.00305688
18.9 0.0449533 -1.10586e-16 0.95499 1.98464e-15 -0.00289849 0.00302701
19 0.044506 -1.10075e-16 0.955437 1.99004e-15 -0.00310631 0.00292316
19.1 0.0440631 -1.09653e-16 0.95588 1.99863e-15 -0.00327016 0.00275349
19.2 0.0436247 -1.08942e-16 0.956318 2.00187e-15 -0.00337734 0.00252929
19.3 0.0431906 -1.0786e-16 0.956752 2.00323e-15 -0.00341818 0.00226463
19.4 0.0427609 -1.06952e-16 0.957182 2.00637e-15 -0.00338662 0.00197548
19.5 0.0423354 -1.05884e-16 0.957608 2.00421e-15 -0.00328047 0.00167884
19.6 0.0419142 -1.04879e-16 0.958029 2.0062e-15 -0.0031016 0.0013916
19.7 0.0414971 -1.0391e-16 0.958446 2.0072e-15 -0.00285549 0.00112992
19.8 0.0410842 -1.02831e-16 0.958859 2.00402e-15 -0.00255119 0.000908028
19.9 0.0406754 -1.01745e-16 0.959268 2.00343e-15 -0.00220079 0.000737785
20 0.0402707 -1.00686e-16 0.959673 2.0031e-15 -0.00181855 0.000627349
