0 0 0 1 0 0 0
0.1 1.71713e-07 3.72231e-24 0.999999 6.99833e-17 4.82763e-05 -0.000411497
0.2 7.91096e-07 3.44722e-23 0.999999 1.08441e-16 0.000195507 -0.000867387
0.3 2.03766e-06 -1.95966e-23 0.999997 1.54111e-16 0.00044974 -0.00135394
0.4 4.12183e-06 2.25594e-22 0.999995 1.7884e-16 0.000815805 -0.00185729
0.5 7.28441e-06 1.21199e-21 0.999992 1.93056e-16 0.00129539 -0.0023643
0.6 1.17956e-05 3.89478e-21 0.999987 1.94345e-16 0.00188733 -0.00286334
0.7 1.79541e-05 8.97827e-21 0.999981 1.82589e-16 0.00258801 -0.00334507
0.8 2.60877e-05 1.57052e-20 0.999973 1.65205e-16 0.00339204 -0.00380302
0.9 3.65557e-05 2.47374e-20 0.999963 1.37588e-16 0.00429291 -0.00423409
1 4.97557e-05 3.63308e-20 0.99995 1.05171e-16 0.00528383 -0.00463877
1.1 6.61359e-05 5.44861e-20 0.999933 6.97221e-17 0.00635857 -0.00502135
1.2 8.6215e-05 7.7032e-20 0.999913 3.249e-17 0.00751229 -0.0053897
1.3 0.000110612 1.04945e-19 0.999889 1.09521e-18 0.00874234 -0.00575509
1.4 0.000140088 1.27099e-19 0.999859 -2.68963e-17 0.010049 -0.00613168
1.5 0.0001756 1.43975e-19 0.999824 -5.19375e-17 0.011436 -0.00653592
1.6 0.00021837 1.43415e-19 0.999781 -7.21128e-17 0.0129109 -0.00698583
1.7 0.000269969 1.78668e-19 0.999729 -8.82978e-17 0.0144855 -0.00750016
1.8 0.000332414 1.04555e-19 0.999667 -1.00497e-16 0.0161758 -0.00809756
1.9 0.000408282 -6.39895e-20 0.999591 -1.05393e-16 0.0180017 -0.0087957
2 0.000500822 -3.12793e-19 0.999498 -1.08004e-16 0.0199869 -0.00961041
2.1 0.000614092 -5.59828e-19 0.999385 -1.05116e-16 0.0221583 -0.010555
2.2 0.000753075 -9.30241e-19 0.999246 -9.61113e-17 0.0245451 -0.0116395
2.3 0.000923804 -1.4081e-18 0.999075 -8.30179e-17 0.0271784 -0.0128702
2.4 0.00113347 -1.82175e-18 0.998865 -6.86453e-17 0.0300898 -0.0142494
2.5 0.00139051 -2.51712e-18 0.998608 -4.75736e-17 0.0333108 -0.015775
2.6 0.00170464 -2.98381e-18 0.998294 -2.56754e-17 0.0368717 -0.0174405
2.7 0.00208693 -2.94959e-18 0.997911 -4.51437e-18 0.0408006 -0.0192352
2.8 0.00254972 -2.47642e-18 0.997449 1.21778e-17 0.0451224 -0.0211447
2.9 0.00310656 -1.64625e-18 0.996892 2.58093e-17 0.049858 -0.0231506
3 0.00377213 -9.166e-19 0.996226 3.88419e-17 0.0550236 -0.0252316
3.1 0.004562 -2.15074e-19 0.995436 5.2127e-17 0.06063 -0.0273641
3.2 0.0054924 2.24969e-18 0.994506 5.76415e-17 0.0666822 -0.0295223
3.3 0.00657993 3.81856e-18 0.993418 5.94928e-17 0.0731791 -0.031679
3.4 0.00784122 6.10948e-18 0.992157 5.67683e-17 0.080113 -0.0338068
3.5 0.0092925 7.5919e-18 0.990706 5.16242e-17 0.0874699 -0.0358775
3.6 0.0109492 1.00288e-17 0.989049 4.78015e-17 0.0952293 -0.0378638
3.7 0.0128254 1.03149e-17 0.987173 4.11103e-17 0.103365 -0.0397391
3.8 0.0149334 9.54489e-18 0.985065 3.33073e-17 0.111843 -0.041478
3.9 0.0172832 7.90183e-18 0.982716 2.3695e-17 0.120627 -0.0430566
4 0.0198821 5.06388e-18 0.980117 1.2733e-17 0.129672 -0.0444533
4.1 0.0227339 4.65059e-19 0.977265 1.27483e-18 0.138931 -0.0456485
4.2 0.0258388 -1.85174e-18 0.97416 -1.30152e-17 0.148352 -0.0466249
4.3 0.0291929 -5.73932e-18 0.970806 -2.44347e-17 0.157879 -0.0473683
4.4 0.0327878 -5.08508e-18 0.967211 -3.23123e-17 0.167454 -0.0478673
4.5 0.0366105 -2.48757e-18 0.963388 -4.56274e-17 0.177016 -0.048114
4.6 0.0406433 2.8244e-18 0.959356 -5.69082e-17 0.186506 -0.0481042
4.7 0.0448637 4.74903e-18 0.955135 -5.99893e-17 0.195861 -0.0478375
4.8 0.049245 1.04152e-17 0.950754 -6.66114e-17 0.205021 -0.0473182
4.9 0.0537564 7.12829e-18 0.946243 -5.80762e-17 0.213926 -0.046555
5 0.058364 1.25028e-17 0.941635 -5.51814e-17 0.222522 -0.0455615
5.1 0.063031 2.49748e-17 0.936968 -5.37545e-17 0.230756 -0.0443564
5.2 0.0677195 3.37103e-17 0.932279 -4.83376e-17 0.238583 -0.0429631
5.3 0.0723911 4.92282e-17 0.927608 -4.96012e-17 0.245963 -0.0414094
5.4 0.0770083 6.45193e-17 0.922991 -4.63836e-17 0.252862 -0.0397268
5.5 0.0815355 7.25429e-17 0.918463 -1.90936e-17 0.259257 -0.0379495
5.6 0.0859407 6.70643e-17 0.914058 1.54758e-17 0.265133 -0.0361132
5.7 0.0901959 4.69629e-17 0.909803 5.41815e-17 0.270482 -0.0342534
5.8 0.0942781 5.16669e-17 0.905721 7.54352e-17 0.275306 -0.0324037
5.9 0.0981694 5.59657e-17 0.901829 8.87846e-17 0.279615 -0.0305939
6 0.101857 9.56047e-17 0.898141 7.88786e-17 0.283425 -0.0288481
6.1 0.105334 1.21031e-16 0.894665 6.6314e-17 0.286759 -0.0271836
6.2 0.108595 1.46472e-16 0.891404 5.30538e-17 0.289643 -0.0256094
6.3 0.111639 1.86088e-16 0.88836 2.01188e-17 0.292103 -0.0241254
6.4 0.114465 2.00948e-16 0.885534 2.78778e-17 0.294166 -0.0227233
6.5 0.117072 1.91703e-16 0.882926 4.95575e-17 0.295856 -0.0213865
6.6 0.119459 1.62208e-16 0.880539 7.40969e-17 0.297194 -0.0200921
6.7 0.121619 1.54138e-16 0.878379 7.60337e-17 0.298194 -0.0188128
6.8 0.123544 1.56784e-16 0.876454 8.17633e-17 0.298865 -0.0175191
6.9 0.125221 1.69832e-16 0.874777 6.15497e-17 0.299208 -0.0161822
7 0.126635 1.89675e-16 0.873363 4.00809e-17 0.299218 -0.0147764
7.1 0.127767 2.06147e-16 0.872231 2.65412e-17 0.298887 -0.0132813
7.2 0.128599 2.0864e-16 0.871399 4.92307e-18 0.2982 -0.0116836
7.3 0.129113 1.89779e-16 0.870886 1.13946e-17 0.29714 -0.00997794
7.4 0.129291 1.99818e-16 0.870707 5.55794e-20 0.295691 -0.00816731
7.5 0.129123 2.16168e-16 0.870875 -3.0103e-17 0.293838 -0.00626245
7.6 0.128602 2.461e-16 0.871397 -4.74725e-17 0.291566 -0.00428075
7.7 0.127726 3.03304e-16 0.872272 -1.06416e-16 0.288866 -0.00224455
7.8 0.126503 3.38388e-16 0.873496 -1.41809e-16 0.285735 -0.000179165
7.9 0.124944 3.33794e-16 0.875055 -1.35617e-16 0.282172 0.00188917
8 0.123068 3.2838e-16 0.876931 -1.30973e-16 0.278184 0.0039353
8.1 0.1209 3.04673e-16 0.879099 -8.57941e-17 0.273781 0.00593675
8.2 0.118468 2.45127e-16 0.881531 -6.41781e-18 0.268978 0.00787496
8.3 0.115802 1.92988e-16 0.884196 5.72904e-17 0.263792 0.00973599
8.4 0.112936 1.37607e-16 0.887062 1.23228e-16 0.258243 0.0115106
8.5 0.109903 1.00539e-16 0.890095 1.79769e-16 0.252352 0.0131941
8.6 0.106735 6.7949e-17 0.893263 2.32818e-16 0.246141 0.0147853
8.7 0.103464 3.96765e-17 0.896534 2.86215e-16 0.239629 0.0162857
8.8 0.100119 1.72541e-17 0.899879 3.23123e-16 0.232836 0.0176981
8.9 0.0967289 -1.66685e-17 0.903269 3.6696e-16 0.225781 0.0190258
9 0.0933184 -3.90335e-17 0.90668 4.01687e-16 0.218482 0.0202708
9.1 0.0899114 -4.31225e-17 0.910087 4.13566e-16 0.210957 0.0214331
9.2 0.0865299 -2.29247e-17 0.913468 4.0348e-16 0.203223 0.0225101
9.3 0.0831942 1.15477e-17 0.916804 3.75338e-16 0.1953 0.0234961
9.4 0.0799232 5.84298e-17 0.920075 3.39786e-16 0.187208 0.0243821
9.5 0.0767344 1.11846e-16 0.923264 2.94184e-16 0.178971 0.0251562
9.6 0.0736441 1.65941e-16 0.926354 2.55828e-16 0.170615 0.025804
9.7 0.0706672 2.30112e-16 0.929331 2.08976e-16 0.162169 0.0263094
9.8 0.0678171 3.08574e-16 0.932181 1.4264e-16 0.153668 0.0266555
9.9 0.0651057 3.79033e-16 0.934892 8.21165e-17 0.14515 0.0268257
10 0.0625428 4.44392e-16 0.937455 2.19808e-17 0.136655 0.0268048
10.1 0.0601364 5.02128e-16 0.939861 -3.58539e-17 0.128229 0.02658
10.2 0.0578922 5.44819e-16 0.942106 -8.25544e-17 0.119919 0.0261423
10.3 0.0558132 5.72078e-16 0.944185 -1.14403e-16 0.111773 0.0254867
10.4 0.0539002 5.84017e-16 0.946098 -1.33636e-16 0.103841 0.0246138
10.5 0.0521516 5.8576e-16 0.947846 -1.4371e-16 0.09617 0.0235296
10.6 0.0505631 5.75075e-16 0.949435 -1.44867e-16 0.0888066 0.0222463
10.7 0.0491284 5.5893e-16 0.95087 -1.43134e-16 0.081793 0.0207818
10.8 0.0478394 5.40118e-16 0.952159 -1.40246e-16 0.0751667 0.0191599
10.9 0.046686 5.20064e-16 0.953312 -1.3833e-16 0.0689592 0.0174096
11 0.0456571 5.01633e-16 0.954341 -1.40317e-16 0.0631944 0.015564
11.1 0.0447406 4.86263e-16 0.955257 -1.45806e-16 0.0578886 0.0136599
11.2 0.043924 4.7413e-16 0.956074 -1.51918e-16 0.0530492 0.0117357
11.3 0.0431947 4.65295e-16 0.956803 -1.56426e-16 0.0486747 0.00983072
11.4 0.0425403 4.5963e-16 0.957458 -1.60972e-16 0.0447547 0.00798332
11.5 0.0419491 4.56573e-16 0.958049 -1.65099e-16 0.0412704 0.00622959
11.6 0.0414102 4.55105e-16 0.958588 -1.67709e-16 0.0381952 0.00460186
11.7 0.0409137 4.54129e-16 0.959084 -1.67084e-16 0.0354957 0.00312742
11.8 0.0404507 4.53446e-16 0.959547 -1.65954e-16 0.0331331 0.00182746
11.9 0.040014 4.53058e-16 0.959984 -1.61859e-16 0.0310646 0.000716238
12 0.0395971 4.53043e-16 0.960401 -1.51987e-16 0.0292454 -0.000199424
12.1 0.0391951 4.53136e-16 0.960803 -1.39619e-16 0.0276298 -0.000920279
12.2 0.0388039 4.53515e-16 0.961194 -1.25515e-16 0.0261738 -0.00145447
12.3 0.0384206 4.54163e-16 0.961577 -1.11569e-16 0.0248358 -0.00181699
12.4 0.038043 4.55163e-16 0.961955 -9.93113e-17 0.0235789 -0.00202881
12.5 0.0376697 4.56319e-16 0.962328 -8.64613e-17 0.0223715 -0.00211576
12.6 0.0372999 4.57304e-16 0.962698 -7.45863e-17 0.0211885 -0.00210717
12.7 0.0369329 4.5796e-16 0.963065 -6.74503e-17 0.020012 -0.0020344
12.8 0.0365688 4.57875e-16 0.963429 -6.03576e-17 0.0188311 -0.00192924
12.9 0.0362075 4.56991e-16 0.96379 -5.49892e-17 0.0176425 -0.00182239
13 0.0358492 4.55248e-16 0.964149 -5.38215e-17 0.0164493 -0.001742
13.1 0.0354941 4.52632e-16 0.964504 -5.0718e-17 0.0152606 -0.00171234
13.2 0.0351424 4.49242e-16 0.964855 -4.67494e-17 0.0140904 -0.00175273
13.3 0.0347942 4.45359e-16 0.965204 -4.76556e-17 0.0129566 -0.0018767
13.4 0.0344497 4.41034e-16 0.965548 -4.82216e-17 0.011879 -0.00209149
13.5 0.0341089 4.36494e-16 0.965889 -5.05841e-17 0.0108785 -0.00239789
13.6 0.0337717 4.3195e-16 0.966226 -5.89203e-17 0.00997501 -0.00279033
13.7 0.0334382 4.27518e-16 0.96656 -7.11262e-17 0.00918667 -0.00325738
13.8 0.0331082 4.23181e-16 0.96689 -8.28645e-17 0.00852817 -0.00378251
13.9 0.0327817 4.18978e-16 0.967216 -9.4914e-17 0.00800988 -0.00434513
14 0.0324585 4.14935e-16 0.967539 -1.06771e-16 0.00763705 -0.00492174
14.1 0.0321385 4.10952e-16 0.967859 -1.15237e-16 0.00740933 -0.00548734
14.2 0.0318216 4.06986e-16 0.968176 -1.21158e-16 0.00732063 -0.0060168
14.3 0.0315076 4.03037e-16 0.96849 -1.23957e-16 0.00735924 -0.00648627
14.4 0.0311967 3.99115e-16 0.968801 -1.24697e-16 0.00750833 -0.00687451
14.5 0.0308885 3.95172e-16 0.969109 -1.20968e-16 0.00774669 -0.00716404
14.6 0.0305832 3.91195e-16 0.969415 -1.14658e-16 0.00804975 -0.00734209
14.7 0.0302806 3.87234e-16 0.969717 -1.05192e-16 0.00839072 -0.00740131
14.8 0.0299807 3.83363e-16 0.970017 -9.91952e-17 0.00874196 -0.00734012
14.9 0.0296836 3.7947e-16 0.970314 -8.88136e-17 0.00907624 -0.00716286
15 0.0293892 3.75567e-16 0.970609 -7.48953e-17 0.00936815 -0.00687948
15.1 0.0290976 3.7169e-16 0.9709 -5.87976e-17 0.00959526 -0.00650506
15.2 0.0288086 3.67858e-16 0.971189 -4.22838e-17 0.00973924 -0.00605898
15.3 0.0285224 3.64038e-16 0.971475 -2.29769e-17 0.00978668 -0.00556392
15.4 0.028239 3.60306e-16 0.971759 -7.77036e-18 0.00972967 -0.00504465
15.5 0.0279582 3.5662e-16 0.97204 6.86779e-18 0.00956616 -0.00452677
15.6 0.0276802 3.53009e-16 0.972318 1.8087e-17 0.00929996 -0.00403542
15.7 0.0274049 3.49439e-16 0.972593 2.77939e-17 0.00894026 -0.00359383
15.8 0.0271323 3.45969e-16 0.972865 3.36212e-17 0.0085013 -0.0032224
15.9 0.0268624 3.42586e-16 0.973135 3.47506e-17 0.00800146 -0.00293755
16 0.0265952 3.39248e-16 0.973402 3.41187e-17 0.00746225 -0.00275095
16.1 0.0263306 3.35971e-16 0.973667 3.11e-17 0.00690712 -0.00266897
16.2 0.0260687 3.32728e-16 0.973929 2.70503e-17 0.00636024 -0.00269239
16.3 0.0258093 3.29591e-16 0.974188 1.76731e-17 0.00584515 -0.00281647
16.4 0.0255525 3.26487e-16 0.974445 7.51485e-18 0.00538363 -0.00303129
16.5 0.0252983 3.23419e-16 0.974699 -3.0435e-18 0.00499451 -0.00332215
16.6 0.0250466 3.20342e-16 0.974951 -1.23165e-17 0.00469261 -0.00367064
16.7 0.0247974 3.17261e-16 0.9752 -2.05169e-17 0.0044882 -0.00405549
16.8 0.0245507 3.14158e-16 0.975447 -2.52203e-17 0.00438647 -0.00445375
16.9 0.0243064 3.11071e-16 0.975691 -2.8409e-17 0.00438723 -0.00484198
17 0.0240646 3.0802e-16 0.975933 -3.11983e-17 0.00448504 -0.00519747
17.1 0.0238251 3.04969e-16 0.976173 -3.25745e-17 0.00466944 -0.00549937
17.2 0.0235881 3.01927e-16 0.97641 -3.42367e-17 0.00492561 -0.00572988
17.3 0.0233534 2.98907e-16 0.976644 -2.87993e-17 0.0052351 -0.0058751
17.4 0.023121 2.95914e-16 0.976877 -2.09032e-17 0.00557698 -0.00592573
17.5 0.022891 2.92887e-16 0.977107 -8.44424e-18 0.00592883 -0.00587749
17.6 0.0226632 2.89844e-16 0.977335 8.53412e-18 0.006268 -0.00573134
17.7 0.0224377 2.86894e-16 0.97756 2.52433e-17 0.00657264 -0.00549325
17.8 0.0222144 2.83833e-16 0.977783 4.42879e-17 0.00682305 -0.00517402
17.9 0.0219934 2.80762e-16 0.978004 6.70368e-17 0.00700256 -0.00478854
18 0.0217745 2.77714e-16 0.978223 8.97173e-17 0.00709841 -0.00435499
18.1 0.0215579 2.74702e-16 0.97844 1.15461e-16 0.00710229 -0.0038939
18.2 0.0213434 2.71828e-16 0.978654 1.37071e-16 0.00701081 -0.00342703
18.3 0.021131 2.68819e-16 0.978867 1.58458e-16 0.00682566 -0.00297625
18.4 0.0209208 2.65989e-16 0.979077 1.76757e-16 0.00655325 -0.00256234
18.5 0.0207126 2.63155e-16 0.979285 1.89179e-16 0.00620458 -0.00220399
18.6 0.0205065 2.60437e-16 0.979491 1.94793e-16 0.00579452 -0.00191687
18.7 0.0203025 2.57853e-16 0.979695 1.9799e-16 0.00534104 -0.00171276
18.8 0.0201004 2.55338e-16 0.979897 1.96775e-16 0.00486422 -0.00159906
18.9 0.0199004 2.5286e-16 0.980097 1.9428e-16 0.00438521 -0.00157835
19 0.0197024 2.50402e-16 0.980295 1.92611e-16 0.00392504 -0.00164833
19.1 0.0195064 2.47907e-16 0.980491 1.89366e-16 0.00350357 -0.00180202
19.2 0.0193123 2.45514e-16 0.980685 1.83537e-16 0.00313844 -0.00202818
19.3 0.0191201 2.43145e-16 0.980878 1.7722e-16 0.00284424 -0.00231196
19.4 0.0189299 2.4086e-16 0.981068 1.68989e-16 0.00263175 -0.00263565
19.5 0.0187415 2.38532e-16 0.981256 1.61676e-16 0.00250744 -0.00297971
19.6 0.0185551 2.36193e-16 0.981443 1.60415e-16 0.00247312 -0.0033236
19.7 0.0183704 2.33866e-16 0.981627 1.60726e-16 0.00252583 -0.00364719
19.8 0.0181876 2.31507e-16 0.98181 1.63324e-16 0.00265822 -0.00393149
19.9 0.0180067 2.29188e-16 0.981991 1.66168e-16 0.00285887 -0.00415996
20 0.0178275 2.26902e-16 0.98217 1.68405e-16 0.00311273 -0.0043187
