0 0 0 1 0 0 0
0.1 1.7171e-07 -2.24993e-22 0.999985 2.75635e-16 4.82658e-05 -0.000411248
0.2 7.90853e-07 -3.61923e-22 0.999985 8.70376e-17 0.000195309 -0.000866144
0.3 2.03606e-06 -4.61742e-22 0.999985 -2.53718e-16 0.000448785 -0.00135048
0.4 4.11592e-06 -1.92796e-21 0.999984 -7.41943e-17 0.000812912 -0.00184999
0.5 7.26813e-06 -2.255e-21 0.999983 -1.37245e-16 0.00128857 -0.00235129
0.6 1.17584e-05 -1.01511e-21 0.999979 -2.0794e-16 0.00187362 -0.00284272
0.7 1.78793e-05 1.87801e-21 0.999974 -2.89037e-16 0.00256343 -0.00331517
0.8 2.59517e-05 1.43813e-21 0.999967 -3.66779e-16 0.00335149 -0.00376266
0.9 3.63271e-05 -3.24464e-21 0.999957 -4.52551e-16 0.00423029 -0.00418284
1 4.93966e-05 -1.17555e-20 0.999944 -5.30958e-16 0.00519212 -0.00457728
1.1 6.56048e-05 -2.96846e-20 0.999928 -5.93429e-16 0.00623004 -0.00495149
1.2 8.54724e-05 -6.31382e-20 0.999908 -6.2228e-16 0.00733873 -0.00531479
1.3 0.00010963 -1.06522e-19 0.999884 -6.07847e-16 0.00851536 -0.00567996
1.4 0.000138865 -1.85137e-19 0.999854 -5.63595e-16 0.0097603 -0.0060627
1.5 0.00017418 -2.87103e-19 0.999819 -5.13279e-16 0.0110777 -0.00648092
1.6 0.000216868 -4.28421e-19 0.999777 -4.50856e-16 0.0124758 -0.00695391
1.7 0.000268604 -5.85733e-19 0.999725 -3.92837e-16 0.0139673 -0.00750149
1.8 0.000331549 -8.6308e-19 0.999662 -3.42258e-16 0.0155691 -0.00814305
1.9 0.000408466 -1.13198e-18 0.999586 -3.05967e-16 0.0173023 -0.00889669
2 0.000502849 -1.5179e-18 0.999492 -2.92478e-16 0.0191916 -0.00977829
2.1 0.00061905 -1.87752e-18 0.999376 -2.9133e-16 0.0212646 -0.0108008
2.2 0.000762414 -1.96652e-18 0.999233 -2.91851e-16 0.0235514 -0.0119738
2.3 0.0009394 -1.87468e-18 0.999056 -3.44245e-16 0.0260831 -0.0133025
2.4 0.00115769 -1.69988e-18 0.998837 -4.09e-16 0.0288912 -0.0147881
2.5 0.00142627 -1.74532e-18 0.998568 -4.5105e-16 0.0320066 -0.0164275
2.6 0.0017555 -1.69437e-18 0.998238 -5.33955e-16 0.0354583 -0.0182131
2.7 0.00215714 -1.27774e-18 0.997836 -6.41593e-16 0.0392727 -0.0201333
2.8 0.00264431 -6.98153e-19 0.997348 -7.48613e-16 0.0434724 -0.022173
2.9 0.00323145 -9.07413e-19 0.99676 -8.65306e-16 0.0480759 -0.0243138
3 0.0039342 -3.13188e-18 0.996056 -9.54459e-16 0.0530963 -0.0265347
3.1 0.00476923 -5.81024e-18 0.99522 -1.03475e-15 0.0585412 -0.028813
3.2 0.00575404 -8.26741e-18 0.994234 -1.0788e-15 0.0644124 -0.0311246
3.3 0.00690673 -1.22627e-17 0.993081 -1.10032e-15 0.0707056 -0.0334447
3.4 0.00824564 -1.5666e-17 0.991742 -1.08522e-15 0.0774103 -0.0357487
3.5 0.00978908 -2.29137e-17 0.990199 -1.05172e-15 0.0845101 -0.0380121
3.6 0.0115549 -3.12398e-17 0.988433 -9.82462e-16 0.0919826 -0.0402114
3.7 0.0135602 -4.51502e-17 0.986428 -8.43045e-16 0.0998001 -0.0423243
3.8 0.0158208 -6.25744e-17 0.984168 -6.92947e-16 0.10793 -0.0443297
3.9 0.0183508 -8.38733e-17 0.981638 -5.86983e-16 0.116334 -0.046208
4 0.0211623 -1.05829e-16 0.978828 -4.7044e-16 0.12497 -0.047941
4.1 0.0242647 -1.2662e-16 0.975726 -3.11649e-16 0.133792 -0.0495123
4.2 0.0276643 -1.39588e-16 0.972326 -1.97006e-16 0.142751 -0.0509068
4.3 0.0313644 -1.48004e-16 0.968626 -1.03357e-16 0.151795 -0.0521112
4.4 0.0353639 -1.41137e-16 0.964627 -1.16428e-17 0.160869 -0.053114
4.5 0.0396579 -1.19051e-16 0.960333 4.60089e-17 0.169915 -0.0539054
4.6 0.0442369 -8.02642e-17 0.955754 3.04704e-17 0.178876 -0.0544778
4.7 0.049087 -2.22397e-17 0.950903 -7.73061e-17 0.187694 -0.0548258
4.8 0.0541895 5.76089e-17 0.945801 -2.26767e-16 0.196309 -0.0549465
4.9 0.0595209 1.55113e-16 0.940469 -4.58865e-16 0.204665 -0.0548403
5 0.0650537 2.57533e-16 0.934936 -6.34945e-16 0.212705 -0.0545108
5.1 0.0707562 3.8344e-16 0.929233 -8.95415e-16 0.220377 -0.0539655
5.2 0.0765938 4.86074e-16 0.923395 -1.07814e-15 0.227632 -0.0532159
5.3 0.082529 5.502e-16 0.917459 -1.26949e-15 0.234425 -0.0522779
5.4 0.0885232 5.69454e-16 0.911465 -1.34751e-15 0.240718 -0.0511715
5.5 0.0945371 5.38524e-16 0.90545 -1.39881e-15 0.246482 -0.0499204
5.6 0.100532 4.32206e-16 0.899454 -1.38669e-15 0.251692 -0.0485514
5.7 0.106472 2.6588e-16 0.893514 -1.26364e-15 0.256336 -0.047093
5.8 0.112323 7.9157e-17 0.887662 -1.12134e-15 0.260409 -0.0455746
5.9 0.118054 -1.54924e-16 0.88193 -9.32624e-16 0.263915 -0.0440243
6 0.12364 -4.06795e-16 0.876343 -6.97875e-16 0.266866 -0.0424677
6.1 0.129057 -6.92436e-16 0.870924 -4.05491e-16 0.269282 -0.0409264
6.2 0.134289 -9.55197e-16 0.865692 -1.07796e-16 0.271188 -0.0394168
6.3 0.139319 -1.13172e-15 0.86066 4.27287e-17 0.272614 -0.0379486
6.4 0.144135 -1.28022e-15 0.855842 2.11468e-16 0.273591 -0.0365249
6.5 0.148727 -1.32503e-15 0.851249 2.95343e-16 0.274151 -0.0351419
6.6 0.153083 -1.25315e-15 0.846891 2.35783e-16 0.274325 -0.0337895
6.7 0.157192 -1.04552e-15 0.84278 4.7319e-17 0.274139 -0.0324532
6.8 0.161043 -6.97326e-16 0.838927 -2.97856e-16 0.273616 -0.0311147
6.9 0.164621 -3.02574e-16 0.835347 -6.96662e-16 0.272771 -0.029755
7 0.167911 1.16567e-16 0.832055 -1.11683e-15 0.271615 -0.0283557
7.1 0.170896 5.37657e-16 0.829068 -1.57302e-15 0.270153 -0.0269015
7.2 0.173561 9.17966e-16 0.826402 -2.01958e-15 0.268385 -0.0253819
7.3 0.175889 1.23312e-15 0.824072 -2.44174e-15 0.266306 -0.0237918
7.4 0.177867 1.47466e-15 0.822093 -2.76963e-15 0.263909 -0.022133
7.5 0.179484 1.6316e-15 0.820473 -3.03632e-15 0.261185 -0.0204138
7.6 0.180735 1.74667e-15 0.81922 -3.25969e-15 0.258127 -0.0186482
7.7 0.181621 1.77397e-15 0.818333 -3.38881e-15 0.254728 -0.0168553
7.8 0.182146 1.65264e-15 0.817806 -3.33711e-15 0.250985 -0.0150579
7.9 0.182322 1.38644e-15 0.817627 -3.13422e-15 0.246897 -0.0132802
8 0.182168 9.98691e-16 0.81778 -2.83405e-15 0.242471 -0.0115468
8.1 0.181704 5.12194e-16 0.818241 -2.41394e-15 0.237714 -0.00988025
8.2 0.180959 -1.80043e-17 0.818984 -1.96085e-15 0.232642 -0.00829967
8.3 0.17996 -5.43524e-16 0.819981 -1.49721e-15 0.227271 -0.00681991
8.4 0.178738 -1.01053e-15 0.8212 -1.03404e-15 0.221622 -0.00545078
8.5 0.177325 -1.42801e-15 0.822611 -6.60125e-16 0.215717 -0.00419678
8.6 0.17575 -1.76799e-15 0.824183 -3.39768e-16 0.209579 -0.00305778
8.7 0.174042 -1.97147e-15 0.825889 -1.62275e-16 0.203232 -0.00202975
8.8 0.172227 -2.08103e-15 0.827702 -8.42015e-17 0.196699 -0.00110572
8.9 0.170329 -2.12862e-15 0.829598 -8.69828e-17 0.190001 -0.000277029
9 0.168368 -2.06361e-15 0.831556 -2.13509e-16 0.183161 0.000465762
9.1 0.166363 -1.89006e-15 0.833559 -4.49255e-16 0.176197 0.00113193
9.2 0.164329 -1.62975e-15 0.83559 -7.49604e-16 0.169131 0.00173004
9.3 0.162281 -1.31127e-15 0.837637 -1.0885e-15 0.161981 0.0022675
9.4 0.160228 -9.85936e-16 0.839687 -1.41475e-15 0.154765 0.00274963
9.5 0.158183 -6.82333e-16 0.841731 -1.69446e-15 0.147502 0.00317883
9.6 0.156152 -4.9798e-16 0.84376 -1.86787e-15 0.140209 0.00355429
9.7 0.154144 -4.1373e-16 0.845766 -1.95103e-15 0.132908 0.0038726
9.8 0.152165 -4.24457e-16 0.847742 -1.98306e-15 0.12562 0.00412835
9.9 0.150223 -4.81196e-16 0.849683 -1.99251e-15 0.118371 0.00431514
10 0.148321 -5.60601e-16 0.851583 -2.01845e-15 0.111188 0.00442632
10.1 0.146465 -6.2299e-16 0.853437 -2.08513e-15 0.104098 0.00445571
10.2 0.144658 -6.62764e-16 0.855241 -2.19369e-15 0.0971317 0.00439835
10.3 0.142903 -6.56492e-16 0.856994 -2.32879e-15 0.0903184 0.00425067
10.4 0.141203 -6.27232e-16 0.858693 -2.47089e-15 0.0836885 0.00401043
10.5 0.139556 -5.79216e-16 0.860337 -2.60495e-15 0.0772726 0.0036774
10.6 0.137965 -5.68097e-16 0.861926 -2.71029e-15 0.0711018 0.00325439
10.7 0.136427 -5.9824e-16 0.863462 -2.77822e-15 0.0652061 0.00274914
10.8 0.134941 -6.5435e-16 0.864947 -2.81651e-15 0.059612 0.00217408
10.9 0.133503 -7.17966e-16 0.866383 -2.81951e-15 0.054341 0.00154529
11 0.13211 -7.59756e-16 0.867774 -2.80799e-15 0.0494094 0.000881118
11.1 0.130758 -7.8434e-16 0.869124 -2.77627e-15 0.0448282 0.000201389
11.2 0.129442 -7.95365e-16 0.870438 -2.74832e-15 0.0406034 -0.000472811
11.3 0.128159 -8.01064e-16 0.87172 -2.7221e-15 0.0367354 -0.00111947
11.4 0.126902 -7.99992e-16 0.872975 -2.71542e-15 0.0332184 -0.00171637
11.5 0.125669 -7.97753e-16 0.874207 -2.72271e-15 0.0300404 -0.00224245
11.6 0.124455 -8.01036e-16 0.87542 -2.74426e-15 0.0271838 -0.00267894
11.7 0.123257 -7.90864e-16 0.876617 -2.78151e-15 0.0246257 -0.0030104
11.8 0.122071 -7.67244e-16 0.877802 -2.83257e-15 0.0223397 -0.00322541
11.9 0.120896 -7.21053e-16 0.878976 -2.90284e-15 0.0202967 -0.00331742
12 0.119729 -6.53502e-16 0.880142 -2.98251e-15 0.0184661 -0.00328472
12.1 0.11857 -5.85025e-16 0.8813 -3.08096e-15 0.0168171 -0.00313052
12.2 0.117417 -5.16442e-16 0.882452 -3.18464e-15 0.0153197 -0.00286244
12.3 0.11627 -4.35373e-16 0.883598 -3.29323e-15 0.0139454 -0.0024924
12.4 0.11513 -3.53407e-16 0.884738 -3.40153e-15 0.0126679 -0.00203547
12.5 0.113996 -2.77384e-16 0.885871 -3.47846e-15 0.0114638 -0.00151076
12.6 0.112868 -2.11842e-16 0.886998 -3.51821e-15 0.0103145 -0.000940003
12.7 0.111749 -1.44539e-16 0.888117 -3.53963e-15 0.00920613 -0.000346319
12.8 0.110637 -8.90259e-17 0.889227 -3.5244e-15 0.00812985 0.000247096
12.9 0.109534 -5.21035e-17 0.890329 -3.48437e-15 0.00708185 0.000817872
13 0.10844 -2.0445e-17 0.891422 -3.43784e-15 0.00606269 0.00134574
13.1 0.107357 -3.52417e-19 0.892505 -3.37684e-15 0.00507706 0.00181286
13.2 0.106283 1.43813e-17 0.893577 -3.30914e-15 0.00413327 0.00220499
13.3 0.10522 1.18755e-17 0.894639 -3.22585e-15 0.00324229 0.00251215
13.4 0.104168 6.70584e-18 0.89569 -3.13916e-15 0.00241659 0.00272941
13.5 0.103126 -4.59489e-18 0.896731 -3.04579e-15 0.00166888 0.0028566
13.6 0.102095 -5.3285e-18 0.89776 -2.95271e-15 0.00101109 0.00289818
13.7 0.101075 -6.41617e-18 0.898779 -2.8717e-15 0.000453291 0.00286283
13.8 0.100066 -6.63907e-18 0.899787 -2.81341e-15 3.00066e-06 0.00276265
13.9 0.0990672 -3.50821e-18 0.900785 -2.77889e-15 -0.00033545 0.00261239
14 0.098079 1.33172e-18 0.901772 -2.76897e-15 -0.000561345 0.00242835
14.1 0.097101 3.34462e-18 0.902749 -2.7703e-15 -0.000677616 0.00222755
14.2 0.0961331 6.5609e-18 0.903716 -2.78741e-15 -0.000690836 0.0020269
14.3 0.0951751 4.99366e-18 0.904673 -2.81952e-15 -0.000611187 0.00184262
14.4 0.094227 -6.01761e-18 0.90562 -2.87936e-15 -0.000452255 0.00168894
14.5 0.0932884 -1.61546e-17 0.906558 -2.95863e-15 -0.000230572 0.00157753
14.6 0.0923594 -2.95267e-17 0.907486 -3.03526e-15 3.50771e-05 0.00151663
14.7 0.0914397 -4.49323e-17 0.908405 -3.13336e-15 0.000324717 0.00151076
14.8 0.0905293 -6.38868e-17 0.909315 -3.23047e-15 0.000618115 0.00155995
14.9 0.089628 -8.71399e-17 0.910216 -3.33069e-15 0.000896179 0.0016599
15 0.0887358 -1.09498e-16 0.911107 -3.42816e-15 0.00114199 0.00180274
15.1 0.0878524 -1.31122e-16 0.91199 -3.52523e-15 0.00134155 0.00197757
15.2 0.0869779 -1.57965e-16 0.912864 -3.60482e-15 0.00148421 0.00217128
15.3 0.0861122 -1.83458e-16 0.913729 -3.6524e-15 0.00156267 0.00236933
15.4 0.085255 -2.03174e-16 0.914586 -3.66403e-15 0.00157373 0.00255615
15.5 0.0844063 -2.21635e-16 0.915434 -3.6311e-15 0.00151824 0.00271628
15.6 0.0835661 -2.34321e-16 0.916273 -3.58055e-15 0.0014009 0.00283525
15.7 0.0827342 -2.35669e-16 0.917104 -3.52719e-15 0.00122984 0.00290054
15.8 0.0819107 -2.3469e-16 0.917927 -3.45811e-15 0.00101597 0.00290204
15.9 0.0810954 -2.25104e-16 0.918742 -3.38047e-15 0.000772709 0.00283277
16 0.0802883 -2.2259e-16 0.919548 -3.30746e-15 0.00051488 0.00268925
16.1 0.0794892 -2.27222e-16 0.920347 -3.27548e-15 0.00025819 0.00247165
16.2 0.0786982 -2.34312e-16 0.921138 -3.22383e-15 1.84351e-05 0.00218391
16.3 0.077915 -2.37774e-16 0.921921 -3.18214e-15 -0.000189735 0.00183401
16.4 0.0771396 -2.46824e-16 0.922696 -3.15577e-15 -0.000353678 0.00143349
16.5 0.076372 -2.54346e-16 0.923463 -3.16329e-15 -0.000463778 0.000996165
16.6 0.075612 -2.62228e-16 0.924223 -3.18877e-15 -0.000513678 0.000537575
16.7 0.0748596 -2.75001e-16 0.924975 -3.2164e-15 -0.000500358 7.39981e-05
16.8 0.0741148 -2.7795e-16 0.92572 -3.21432e-15 -0.000424067 -0.000378112
16.9 0.0733773 -2.82023e-16 0.926458 -3.22084e-15 -0.000288579 -0.000802854
17 0.0726473 -2.86114e-16 0.927188 -3.23382e-15 -0.000100529 -0.00118557
17.1 0.0719244 -2.84302e-16 0.92791 -3.24287e-15 0.00013057 -0.00151349
17.2 0.0712088 -2.79866e-16 0.928626 -3.25751e-15 0.000392742 -0.00177602
17.3 0.0705003 -2.72601e-16 0.929334 -3.2681e-15 0.000671631 -0.00196544
17.4 0.0697988 -2.62602e-16 0.930036 -3.26965e-15 0.000951364 -0.00207804
17.5 0.0691043 -2.50276e-16 0.93073 -3.26835e-15 0.00121596 -0.00211429
17.6 0.0684167 -2.36722e-16 0.931418 -3.27306e-15 0.00145017 -0.00207871
17.7 0.067736 -2.24964e-16 0.932098 -3.27658e-15 0.00164062 -0.00197952
17.8 0.067062 -2.16084e-16 0.932772 -3.27197e-15 0.00177632 -0.0018277
17.9 0.0663948 -2.11292e-16 0.933439 -3.26707e-15 0.00184955 -0.00163645
18 0.0657341 -2.08027e-16 0.9341 -3.25763e-15 0.00185595 -0.00142028
18.1 0.0650801 -2.04868e-16 0.934754 -3.24774e-15 0.00179445 -0.0011939
18.2 0.0644326 -2.01661e-16 0.935401 -3.24848e-15 0.00166755 -0.000972265
18.3 0.0637915 -1.98716e-16 0.936043 -3.24978e-15 0.00148088 -0.000769482
18.4 0.0631567 -1.95992e-16 0.936677 -3.25273e-15 0.00124339 -0.000598258
18.5 0.0625283 -1.94855e-16 0.937306 -3.2436e-15 0.000966982 -0.000468789
18.6 0.0619062 -1.94154e-16 0.937928 -3.22181e-15 0.000665601 -0.000387912
18.7 0.0612902 -1.94787e-16 0.938544 -3.19923e-15 0.000354166 -0.000358928
18.8 0.0606804 -1.95112e-16 0.939154 -3.17679e-15 4.75687e-05 -0.000381627
18.9 0.0600766 -1.94678e-16 0.939757 -3.15703e-15 -0.000240219 -0.000452697
19 0.0594788 -1.94415e-16 0.940355 -3.13554e-15 -0.000496575 -0.000565912
19.1 0.058887 -1.93439e-16 0.940947 -3.11913e-15 -0.000710736 -0.000712623
19.2 0.0583011 -1.92828e-16 0.941533 -3.1036e-15 -0.000874441 -0.000882571
19.3 0.057721 -1.92427e-16 0.942113 -3.08064e-15 -0.000981653 -0.00106404
19.4 0.0571466 -1.91941e-16 0.942687 -3.05613e-15 -0.00102935 -0.001244
19.5 0.056578 -1.90769e-16 0.943256 -3.05051e-15 -0.00101779 -0.0014091
19.6 0.056015 -1.88996e-16 0.943819 -3.05271e-15 -0.0009511 -0.00154645
19.7 0.0554577 -1.8637e-16 0.944377 -3.069e-15 -0.000835948 -0.00164464
19.8 0.0549059 -1.83936e-16 0.944928 -3.08071e-15 -0.000681712 -0.00169441
19.9 0.0543595 -1.81828e-16 0.945475 -3.08722e-15 -0.000500153 -0.00168927
20 0.0538187 -1.79994e-16 0.946016 -3.09026e-15 -0.000303994 -0.00162575
