0 0 0 1 0 0 0
0.1 1.71711e-07 -1.16437e-22 0.999988 3.0092e-16 4.82677e-05 -0.000411295
0.2 7.90899e-07 8.04993e-22 0.999988 -4.85909e-16 0.000195345 -0.000866376
0.3 2.03636e-06 1.16027e-21 0.999987 -3.20426e-16 0.000448962 -0.00135112
0.4 4.11702e-06 1.32934e-21 0.999986 -5.83458e-16 0.000813445 -0.00185134
0.5 7.27116e-06 3.48172e-21 0.999984 -7.39524e-16 0.00128982 -0.00235369
0.6 1.17653e-05 6.13071e-21 0.999981 -8.94811e-16 0.00187614 -0.00284653
0.7 1.78932e-05 8.44844e-21 0.999976 -1.04856e-15 0.00256792 -0.00332067
0.8 2.59768e-05 7.30896e-21 0.999969 -1.16739e-15 0.00335889 -0.00377005
0.9 3.63692e-05 6.26028e-22 0.999959 -1.25278e-15 0.00424168 -0.00419218
1 4.94625e-05 -1.19215e-20 0.999945 -1.30079e-15 0.00520874 -0.00458842
1.1 6.57018e-05 -2.7515e-20 0.999929 -1.31551e-15 0.00625324 -0.00496404
1.2 8.56074e-05 -4.13703e-20 0.999909 -1.30527e-15 0.00736992 -0.0053281
1.3 0.000109808 -5.93042e-20 0.999884 -1.26074e-15 0.00855596 -0.00569311
1.4 0.000139084 -7.20863e-20 0.999855 -1.18526e-15 0.00981165 -0.00607447
1.5 0.000174431 -1.02221e-19 0.999819 -1.09718e-15 0.011141 -0.00648986
1.6 0.000217129 -2.00919e-19 0.999777 -9.93334e-16 0.0125521 -0.00695835
1.7 0.000268832 -2.76002e-19 0.999725 -8.78858e-16 0.0140575 -0.00749962
1.8 0.000331677 -4.42793e-19 0.999662 -7.5762e-16 0.0156738 -0.00813297
1.9 0.000408393 -6.05758e-19 0.999585 -6.36695e-16 0.0174219 -0.00887643
2 0.00050243 -8.85903e-19 0.999491 -5.12139e-16 0.0193263 -0.00974597
2.1 0.000618091 -1.04939e-18 0.999375 -4.08721e-16 0.0214144 -0.0107547
2.2 0.000760659 -1.115e-18 0.999233 -3.27166e-16 0.023716 -0.0119122
2.3 0.000936521 -7.18431e-19 0.999057 -2.64033e-16 0.0262622 -0.0132241
2.4 0.00115328 6.29547e-20 0.99884 -2.00753e-16 0.0290847 -0.0146919
2.5 0.00141984 8.91112e-19 0.998573 -1.7732e-16 0.0322143 -0.0163127
2.6 0.00174646 2.13955e-18 0.998246 -1.7443e-16 0.0356804 -0.0180791
2.7 0.0021448 4.22053e-18 0.997847 -2.23772e-16 0.0395095 -0.0199799
2.8 0.00262787 6.9047e-18 0.997364 -3.04016e-16 0.0437247 -0.022
2.9 0.00321 1.05902e-17 0.996781 -3.81462e-16 0.048345 -0.0241212
3 0.00390668 1.37537e-17 0.996084 -4.68023e-16 0.0533839 -0.0263225
3.1 0.00473446 1.91334e-17 0.995256 -5.79676e-16 0.0588498 -0.0285809
3.2 0.00571067 2.61573e-17 0.994279 -7.27656e-16 0.0647449 -0.0308722
3.3 0.00685323 3.011e-17 0.993135 -8.83705e-16 0.0710654 -0.0331711
3.4 0.00818025 3.46442e-17 0.991808 -1.00982e-15 0.0778012 -0.0354524
3.5 0.00970979 3.64825e-17 0.990278 -1.11943e-15 0.0849361 -0.0376912
3.6 0.0114594 3.54577e-17 0.988528 -1.19576e-15 0.0924481 -0.0398634
3.7 0.0134457 2.79532e-17 0.986542 -1.28256e-15 0.100309 -0.041946
3.8 0.0156842 1.82305e-17 0.984303 -1.33354e-15 0.108487 -0.0439173
3.9 0.0181883 4.30515e-18 0.981799 -1.3471e-15 0.116943 -0.0457573
4 0.0209695 -1.12742e-17 0.979019 -1.2733e-15 0.125635 -0.0474472
4.1 0.0240366 -3.66016e-17 0.975952 -1.19868e-15 0.134516 -0.0489701
4.2 0.0273951 -6.78522e-17 0.972594 -1.15787e-15 0.143537 -0.0503109
4.3 0.0310471 -9.65765e-17 0.968942 -1.02945e-15 0.152645 -0.0514562
4.4 0.0349909 -1.26219e-16 0.964999 -8.94017e-16 0.161783 -0.0523947
4.5 0.0392204 -1.44201e-16 0.960769 -7.64812e-16 0.170894 -0.0531172
4.6 0.0437253 -1.61032e-16 0.956264 -6.13627e-16 0.17992 -0.053617
4.7 0.0484906 -1.60439e-16 0.951499 -4.74024e-16 0.188802 -0.0538898
4.8 0.0534968 -1.47043e-16 0.946493 -3.53716e-16 0.19748 -0.0539343
4.9 0.0587198 -1.14516e-16 0.94127 -2.40264e-16 0.205896 -0.0537527
5 0.0641316 -4.89977e-17 0.935857 -2.35573e-16 0.213995 -0.0533505
5.1 0.0697006 6.35335e-17 0.930288 -2.43661e-16 0.221724 -0.0527375
5.2 0.0753923 2.04665e-16 0.924596 -3.27139e-16 0.229035 -0.0519276
5.3 0.0811699 3.83488e-16 0.918818 -4.59892e-16 0.235885 -0.0509387
5.4 0.0869959 5.42415e-16 0.912991 -6.00863e-16 0.242236 -0.0497928
5.5 0.0928326 6.67742e-16 0.907154 -7.43678e-16 0.248061 -0.0485151
5.6 0.0986435 7.77398e-16 0.901343 -8.93715e-16 0.253338 -0.0471333
5.7 0.104394 8.55384e-16 0.895591 -1.03182e-15 0.258055 -0.0456765
5.8 0.110053 8.78261e-16 0.889932 -1.10982e-15 0.262209 -0.044174
5.9 0.115592 8.72838e-16 0.884392 -1.17031e-15 0.265805 -0.0426535
6 0.120989 8.653e-16 0.878994 -1.24282e-15 0.268857 -0.0411396
6.1 0.126222 8.51141e-16 0.87376 -1.28473e-15 0.271385 -0.0396523
6.2 0.131277 8.19911e-16 0.868704 -1.26814e-15 0.273417 -0.0382052
6.3 0.136139 8.05059e-16 0.863841 -1.29869e-15 0.274981 -0.0368051
6.4 0.140798 7.79787e-16 0.859181 -1.25557e-15 0.276111 -0.0354517
6.5 0.145243 7.66986e-16 0.854735 -1.18407e-15 0.276836 -0.0341372
6.6 0.149463 7.49434e-16 0.850513 -1.09802e-15 0.277187 -0.0328481
6.7 0.153446 7.49185e-16 0.846529 -9.94465e-16 0.277188 -0.031566
6.8 0.157178 8.41378e-16 0.842795 -1.00767e-15 0.27686 -0.0302702
6.9 0.160644 9.5951e-16 0.839328 -1.02381e-15 0.276217 -0.0289397
7 0.163825 1.0959e-15 0.836146 -1.02579e-15 0.275266 -0.0275551
7.1 0.166703 1.22851e-15 0.833266 -1.04772e-15 0.274011 -0.0261004
7.2 0.169259 1.37794e-15 0.830709 -1.11714e-15 0.272449 -0.0245653
7.3 0.171475 1.52599e-15 0.828492 -1.17137e-15 0.270574 -0.0229459
7.4 0.173334 1.72743e-15 0.826631 -1.26321e-15 0.268378 -0.0212453
7.5 0.174826 1.94464e-15 0.825138 -1.39062e-15 0.265853 -0.0194734
7.6 0.175944 2.20153e-15 0.824019 -1.54881e-15 0.262991 -0.0176459
7.7 0.176686 2.45882e-15 0.823275 -1.72708e-15 0.259784 -0.015783
7.8 0.177059 2.66986e-15 0.822901 -1.87031e-15 0.25623 -0.0139081
7.9 0.177073 2.92116e-15 0.822886 -2.06831e-15 0.25233 -0.012046
8 0.176745 3.18542e-15 0.823211 -2.3066e-15 0.248086 -0.0102211
8.1 0.176099 3.39459e-15 0.823856 -2.49534e-15 0.243507 -0.00845622
8.2 0.175161 3.53944e-15 0.824792 -2.62713e-15 0.238605 -0.00677118
8.3 0.17396 3.64599e-15 0.825991 -2.75303e-15 0.233395 -0.00518186
8.4 0.172529 3.71056e-15 0.827422 -2.82525e-15 0.227895 -0.00369943
8.5 0.170897 3.70131e-15 0.829051 -2.81458e-15 0.222125 -0.00233016
8.6 0.169099 3.65643e-15 0.830848 -2.75765e-15 0.216106 -0.00107591
8.7 0.167162 3.63681e-15 0.832783 -2.72303e-15 0.209859 6.52277e-05
8.8 0.165116 3.64844e-15 0.834827 -2.73205e-15 0.203405 0.00109815
8.9 0.162986 3.66532e-15 0.836955 -2.75226e-15 0.196764 0.00202961
9 0.160796 3.71272e-15 0.839144 -2.8028e-15 0.189956 0.00286685
9.1 0.158565 3.75968e-15 0.841373 -2.86274e-15 0.182998 0.00361655
9.2 0.156312 3.80979e-15 0.843624 -2.92572e-15 0.175909 0.00428419
9.3 0.154052 3.85658e-15 0.845882 -2.97241e-15 0.168706 0.0048736
9.4 0.1518 3.92238e-15 0.848132 -3.02e-15 0.161409 0.0053865
9.5 0.149569 4.00339e-15 0.850362 -3.07203e-15 0.154036 0.00582213
9.6 0.147368 4.10202e-15 0.852562 -3.1201e-15 0.146609 0.00617739
9.7 0.145207 4.2316e-15 0.85472 -3.19596e-15 0.13915 0.00644768
9.8 0.143096 4.38583e-15 0.85683 -3.30583e-15 0.131684 0.00662737
9.9 0.14104 4.53256e-15 0.858884 -3.42193e-15 0.124239 0.00671008
10 0.139047 4.668e-15 0.860876 -3.54633e-15 0.116843 0.00668901
10.1 0.137121 4.76889e-15 0.862801 -3.64351e-15 0.109526 0.00655794
10.2 0.135265 4.83522e-15 0.864655 -3.72254e-15 0.102323 0.00631232
10.3 0.133482 4.87112e-15 0.866437 -3.77004e-15 0.0952661 0.0059499
10.4 0.131773 4.87839e-15 0.868144 -3.79115e-15 0.08839 0.00547101
10.5 0.130138 4.85364e-15 0.869778 -3.78164e-15 0.0817285 0.00487894
10.6 0.128576 4.79585e-15 0.871339 -3.7357e-15 0.0753145 0.00418073
10.7 0.127083 4.71691e-15 0.872831 -3.67982e-15 0.0691785 0.00338756
10.8 0.125655 4.62583e-15 0.874257 -3.62174e-15 0.0633478 0.0025146
10.9 0.124289 4.53165e-15 0.875621 -3.55548e-15 0.057845 0.00158015
11 0.122979 4.44559e-15 0.87693 -3.48815e-15 0.052688 0.000605174
11.1 0.121719 4.37372e-15 0.87819 -3.40781e-15 0.0478896 -0.000387148
11.2 0.120502 4.31744e-15 0.879405 -3.31538e-15 0.0434567 -0.0013719
11.3 0.119324 4.28793e-15 0.880582 -3.22735e-15 0.0393897 -0.00232342
11.4 0.118177 4.28988e-15 0.881728 -3.15202e-15 0.0356826 -0.00321645
11.5 0.117056 4.31174e-15 0.882848 -3.08551e-15 0.032323 -0.00402734
11.6 0.115956 4.35671e-15 0.883947 -3.05e-15 0.0292929 -0.004735
11.7 0.114872 4.41938e-15 0.88503 -3.03812e-15 0.0265692 -0.00532182
11.8 0.113801 4.48437e-15 0.886101 -3.04247e-15 0.0241247 -0.00577455
11.9 0.112739 4.54724e-15 0.887162 -3.0711e-15 0.0219293 -0.00608475
12 0.111684 4.59866e-15 0.888216 -3.11567e-15 0.0199512 -0.0062494
12.1 0.110634 4.62941e-15 0.889266 -3.15711e-15 0.0181583 -0.0062708
12.2 0.109588 4.64749e-15 0.890311 -3.19654e-15 0.0165191 -0.00615604
12.3 0.108546 4.6456e-15 0.891353 -3.22889e-15 0.0150041 -0.00591694
12.4 0.107507 4.61992e-15 0.892391 -3.23799e-15 0.0135865 -0.00556926
12.5 0.106471 4.582e-15 0.893426 -3.23821e-15 0.0122428 -0.00513196
12.6 0.10544 4.53449e-15 0.894458 -3.2234e-15 0.0109534 -0.00462688
12.7 0.104413 4.47395e-15 0.895484 -3.1849e-15 0.00970366 -0.00407784
12.8 0.103391 4.40655e-15 0.896506 -3.12561e-15 0.00848462 -0.00350963
12.9 0.102375 4.33805e-15 0.897521 -3.06507e-15 0.00729293 -0.00294641
13 0.101366 4.26352e-15 0.89853 -3.00485e-15 0.0061307 -0.00240963
13.1 0.100364 4.18313e-15 0.899531 -2.93484e-15 0.00500423 -0.00191758
13.2 0.0993701 4.10024e-15 0.900524 -2.87223e-15 0.00392301 -0.00148456
13.3 0.0983847 4.01231e-15 0.901509 -2.80671e-15 0.00289866 -0.00112036
13.4 0.0974079 3.93181e-15 0.902485 -2.75034e-15 0.00194406 -0.000830161
13.5 0.0964401 3.85593e-15 0.903453 -2.69281e-15 0.00107219 -0.000614623
13.6 0.0954815 3.79307e-15 0.904411 -2.63265e-15 0.000295352 -0.000470162
13.7 0.094532 3.73889e-15 0.90536 -2.56657e-15 -0.000375673 -0.000389036
13.8 0.0935919 3.69523e-15 0.9063 -2.5032e-15 -0.000932511 -0.000360321
13.9 0.0926609 3.66333e-15 0.90723 -2.44206e-15 -0.00136967 -0.000370133
14 0.0917392 3.63406e-15 0.908151 -2.36742e-15 -0.00168517 -0.000402547
14.1 0.0908265 3.60215e-15 0.909063 -2.2667e-15 -0.0018811 -0.000440374
14.2 0.089923 3.5612e-15 0.909966 -2.15122e-15 -0.00196373 -0.00046652
14.3 0.0890283 3.5199e-15 0.91086 -2.04575e-15 -0.00194343 -0.000465044
14.4 0.0881426 3.46913e-15 0.911746 -1.94139e-15 -0.0018343 -0.000422071
14.5 0.0872656 3.4176e-15 0.912622 -1.85012e-15 -0.00165343 -0.000326828
14.6 0.0863973 3.36733e-15 0.91349 -1.76806e-15 -0.00141964 -0.000172257
14.7 0.0855376 3.31824e-15 0.91435 -1.70489e-15 -0.00115302 4.51309e-05
14.8 0.0846864 3.27161e-15 0.915201 -1.65883e-15 -0.00087375 0.000324675
14.9 0.0838436 3.22675e-15 0.916043 -1.62847e-15 -0.000601439 0.000661655
15 0.0830093 3.18336e-15 0.916878 -1.59596e-15 -0.000354099 0.00104765
15.1 0.0821832 3.14495e-15 0.917704 -1.5582e-15 -0.000147349 0.00147065
15.2 0.0813653 3.11115e-15 0.918521 -1.51776e-15 6.55458e-06 0.00191577
15.3 0.0805554 3.08855e-15 0.919331 -1.46848e-15 9.94687e-05 0.00236617
15.4 0.0797536 3.06435e-15 0.920132 -1.4246e-15 0.000127558 0.0028044
15.5 0.0789598 3.04042e-15 0.920926 -1.38251e-15 9.11366e-05 0.0032132
15.6 0.0781738 3.01781e-15 0.921712 -1.33909e-15 -5.47009e-06 0.00357647
15.7 0.0773956 2.99704e-15 0.922489 -1.28022e-15 -0.000154601 0.0038799
15.8 0.0766252 2.97363e-15 0.923259 -1.21692e-15 -0.000345535 0.00411141
15.9 0.0758625 2.94739e-15 0.924022 -1.13495e-15 -0.000564955 0.00426174
16 0.0751074 2.9209e-15 0.924776 -1.0516e-15 -0.000797725 0.00432524
16.1 0.07436 2.89486e-15 0.925524 -9.78395e-16 -0.00102756 0.00430028
16.2 0.07362 2.86589e-15 0.926264 -9.13938e-16 -0.00123794 0.00418941
16.3 0.0728874 2.83808e-15 0.926996 -8.47368e-16 -0.00141329 0.00399947
16.4 0.0721622 2.81322e-15 0.927721 -7.85682e-16 -0.00154036 0.0037407
16.5 0.0714441 2.79057e-15 0.928439 -7.19791e-16 -0.00160816 0.0034263
16.6 0.0707332 2.76896e-15 0.92915 -6.68063e-16 -0.00160918 0.0030721
16.7 0.0700293 2.74879e-15 0.929854 -6.35106e-16 -0.0015396 0.00269479
16.8 0.0693325 2.72893e-15 0.930551 -6.0857e-16 -0.00139933 0.00231165
16.9 0.0686427 2.70839e-15 0.931241 -5.83023e-16 -0.00119224 0.00193943
17 0.0679597 2.68709e-15 0.931924 -5.64904e-16 -0.000925576 0.00159367
17.1 0.0672835 2.6646e-15 0.9326 -5.56665e-16 -0.00060985 0.00128803
17.2 0.0666141 2.64079e-15 0.933269 -5.50907e-16 -0.000257954 0.00103333
17.3 0.0659513 2.61529e-15 0.933932 -5.45906e-16 0.000115032 0.00083744
17.4 0.0652951 2.58767e-15 0.934588 -5.36859e-16 0.000492939 0.000704374
17.5 0.0646454 2.56062e-15 0.935238 -5.401e-16 0.000859431 0.00063445
17.6 0.0640022 2.53543e-15 0.935881 -5.50362e-16 0.00119876 0.000624298
17.7 0.0633653 2.50968e-15 0.936517 -5.55293e-16 0.00149643 0.000667072
17.8 0.0627349 2.48258e-15 0.937148 -5.53359e-16 0.00174039 0.000752695
17.9 0.0621107 2.4577e-15 0.937772 -5.51906e-16 0.00192138 0.000868893
18 0.0614927 2.43267e-15 0.93839 -5.44944e-16 0.00203351 0.00100142
18.1 0.0608808 2.40777e-15 0.939002 -5.24929e-16 0.00207473 0.00113582
18.2 0.060275 2.38246e-15 0.939608 -4.96019e-16 0.00204654 0.00125709
18.3 0.0596753 2.3583e-15 0.940207 -4.68375e-16 0.00195416 0.00135136
18.4 0.0590815 2.33463e-15 0.940801 -4.39035e-16 0.00180595 0.00140663
18.5 0.0584936 2.31094e-15 0.941389 -4.19652e-16 0.00161284 0.00141339
18.6 0.0579116 2.28746e-15 0.941971 -3.99325e-16 0.00138777 0.00136505
18.7 0.0573354 2.26354e-15 0.942547 -3.74255e-16 0.00114459 0.00125817
18.8 0.0567649 2.24094e-15 0.943118 -3.46438e-16 0.000897671 0.00109233
18.9 0.0562 2.21885e-15 0.943683 -3.15714e-16 0.000661276 0.000870353
19 0.0556408 2.19754e-15 0.944242 -2.95488e-16 0.000448793 0.000598138
19.1 0.0550872 2.17589e-15 0.944796 -2.703e-16 0.000272053 0.000284427
19.2 0.0545391 2.15409e-15 0.945344 -2.45226e-16 0.000140714 -5.95356e-05
19.3 0.0539964 2.13275e-15 0.945887 -2.24289e-16 6.15768e-05 -0.000420936
19.4 0.0534591 2.11137e-15 0.946424 -1.98829e-16 3.84032e-05 -0.000785552
19.5 0.0529272 2.08986e-15 0.946956 -1.71799e-16 7.15744e-05 -0.0011389
19.6 0.0524006 2.06835e-15 0.947482 -1.4209e-16 0.000157914 -0.0014671
19.7 0.0518792 2.04738e-15 0.948004 -1.14862e-16 0.000291654 -0.00175769
19.8 0.051363 2.02682e-15 0.94852 -9.06802e-17 0.000464731 -0.00199981
19.9 0.0508519 2.00659e-15 0.949031 -7.15022e-17 0.000667122 -0.00218452
20 0.0503459 1.98661e-15 0.949537 -5.02643e-17 0.000886581 -0.00230491
