0 0 0 1 0 0 0
0.1 1.71708e-07 -9.86142e-22 0.999972 -4.21343e-14 4.82608e-05 -0.000411081
0.2 7.90689e-07 -1.07739e-20 0.999973 -5.25658e-14 0.000195197 -0.00086532
0.3 2.03499e-06 -4.56737e-20 0.999974 -5.36746e-14 0.000448238 -0.00134819
0.4 4.11198e-06 -1.4826e-19 0.999975 -4.42397e-14 0.000811238 -0.00184517
0.5 7.25731e-06 -3.59958e-19 0.999974 -3.09871e-14 0.00128462 -0.00234271
0.6 1.17336e-05 -7.49856e-19 0.999971 -1.92899e-14 0.00186569 -0.00282915
0.7 1.78296e-05 -1.36729e-18 0.999966 -1.42729e-14 0.00254923 -0.00329548
0.8 2.5861e-05 -2.15766e-18 0.999959 -1.84633e-14 0.00332819 -0.00373604
0.9 3.61744e-05 -2.83467e-18 0.999949 -2.89981e-14 0.0041945 -0.00414897
1 4.91558e-05 -2.93157e-18 0.999936 -3.91832e-14 0.00514006 -0.00453643
1.1 6.52461e-05 -2.03088e-18 0.99992 -4.35632e-14 0.00615767 -0.00490468
1.2 8.4966e-05 -1.73033e-19 0.9999 -3.8898e-14 0.00724194 -0.00526382
1.3 0.000108951 2.03203e-18 0.999875 -2.77299e-14 0.00839015 -0.00562746
1.4 0.000137998 3.53001e-18 0.999846 -1.55346e-14 0.009603 -0.00601208
1.5 0.000173133 3.75062e-18 0.999811 -6.62078e-15 0.0108852 -0.00643625
1.6 0.000215683 3.63977e-18 0.999769 -3.77147e-15 0.0122456 -0.00691976
1.7 0.00026737 6.95247e-18 0.999718 -7.28897e-15 0.0136979 -0.0074827
1.8 0.000330421 1.88421e-17 0.999655 -1.45983e-14 0.0152598 -0.00814446
1.9 0.000407682 4.341e-17 0.999577 -2.35229e-14 0.0169533 -0.00892285
2 0.000502746 7.86377e-17 0.999482 -3.30229e-14 0.0188038 -0.00983317
2.1 0.000620081 1.17086e-16 0.999364 -4.33545e-14 0.0208398 -0.0108876
2.2 0.00076516 1.43917e-16 0.999219 -5.53594e-14 0.0230914 -0.0120946
2.3 0.000944577 1.4621e-16 0.999039 -6.53019e-14 0.0255899 -0.0134583
2.4 0.00116616 1.03815e-16 0.998816 -7.15326e-14 0.0283666 -0.0149788
2.5 0.00143903 1.87422e-17 0.998543 -7.34618e-14 0.0314518 -0.0166517
2.6 0.00177368 -9.91801e-17 0.998207 -7.28268e-14 0.0348734 -0.0184682
2.7 0.00218198 -2.30468e-16 0.997798 -6.92794e-14 0.0386566 -0.0204161
2.8 0.00267717 -3.47083e-16 0.997302 -6.14604e-14 0.0428227 -0.0224793
2.9 0.00327375 -4.1424e-16 0.996704 -5.35736e-14 0.0473882 -0.0246391
3 0.00398743 -4.34667e-16 0.995989 -4.74912e-14 0.0523645 -0.0268748
3.1 0.00483494 -3.64068e-16 0.99514 -4.56073e-14 0.0577574 -0.0291638
3.2 0.00583384 -2.09052e-16 0.994139 -5.12166e-14 0.0635669 -0.0314829
3.3 0.00700228 8.05315e-17 0.992969 -6.52842e-14 0.0697868 -0.0338089
3.4 0.00835877 4.43423e-16 0.991611 -8.53577e-14 0.0764055 -0.0361185
3.5 0.00992179 8.96353e-16 0.990046 -9.97751e-14 0.0834056 -0.0383895
3.6 0.0117095 1.58304e-15 0.988257 -1.0575e-13 0.0907643 -0.0406005
3.7 0.0137395 2.79869e-15 0.986226 -1.02561e-13 0.0984539 -0.0427315
3.8 0.0160283 4.1066e-15 0.983936 -9.094e-14 0.106442 -0.0447637
3.9 0.0185908 5.023e-15 0.981373 -8.21205e-14 0.114693 -0.0466794
4 0.0214402 5.27796e-15 0.978522 -7.99196e-14 0.123166 -0.0484622
4.1 0.0245873 4.8604e-15 0.975375 -7.27766e-14 0.131818 -0.050097
4.2 0.0280402 4.09878e-15 0.971921 -7.40272e-14 0.140602 -0.0515694
4.3 0.0318036 3.68523e-15 0.968157 -9.68007e-14 0.149469 -0.0528653
4.4 0.0358786 2.3975e-15 0.964082 -1.26147e-13 0.158367 -0.0539721
4.5 0.0402622 1.6708e-15 0.959697 -1.64274e-13 0.167242 -0.0548775
4.6 0.0449468 1.81195e-15 0.955012 -2.09649e-13 0.176039 -0.0555707
4.7 0.0499199 3.23196e-15 0.950038 -2.5084e-13 0.1847 -0.0560426
4.8 0.0551643 4.76427e-15 0.944793 -2.76594e-13 0.193168 -0.0562856
4.9 0.0606571 3.83443e-15 0.9393 -2.79175e-13 0.201385 -0.0562948
5 0.0663709 -8.86362e-16 0.933586 -2.54714e-13 0.209296 -0.0560684
5.1 0.0722732 -1.16289e-14 0.927684 -2.25938e-13 0.216844 -0.0556082
5.2 0.0783277 -2.87899e-14 0.92163 -1.90936e-13 0.223979 -0.0549205
5.3 0.0844942 -5.27962e-14 0.915463 -1.63952e-13 0.230652 -0.0540168
5.4 0.0907306 -7.75632e-14 0.909227 -1.31001e-13 0.236819 -0.0529136
5.5 0.0969932 -9.83172e-14 0.902964 -1.02105e-13 0.242447 -0.0516323
5.6 0.103238 -1.13502e-13 0.896718 -7.79889e-14 0.247506 -0.050199
5.7 0.109425 -1.26242e-13 0.890532 -6.38029e-14 0.251976 -0.0486438
5.8 0.115512 -1.41911e-13 0.884444 -4.4469e-14 0.25585 -0.0469991
5.9 0.121466 -1.68032e-13 0.87849 -2.9182e-15 0.259125 -0.0452981
6 0.127256 -1.90006e-13 0.872699 2.05417e-14 0.261811 -0.0435724
6.1 0.132855 -2.04809e-13 0.867099 4.97547e-14 0.263925 -0.041851
6.2 0.138245 -2.0164e-13 0.861708 4.01424e-14 0.26549 -0.0401593
6.3 0.143408 -1.6541e-13 0.856543 7.073e-15 0.266537 -0.0385172
6.4 0.148335 -9.85988e-14 0.851614 -5.64117e-14 0.267099 -0.0369377
6.5 0.153018 -1.04085e-14 0.846929 -1.51422e-13 0.267211 -0.0354261
6.6 0.157451 9.74435e-14 0.842495 -2.64833e-13 0.26691 -0.0339804
6.7 0.161628 1.98183e-13 0.838315 -3.56655e-13 0.266228 -0.0325916
6.8 0.165547 2.8104e-13 0.834394 -4.14306e-13 0.265195 -0.0312456
6.9 0.1692 3.26243e-13 0.830738 -4.26537e-13 0.263834 -0.0299247
7 0.17258 3.18041e-13 0.827356 -4.03446e-13 0.262165 -0.0286089
7.1 0.175677 2.28631e-13 0.824255 -3.23918e-13 0.260201 -0.0272791
7.2 0.178483 6.80181e-14 0.821446 -2.34915e-13 0.257947 -0.0259183
7.3 0.180984 -1.11289e-13 0.818941 -1.42704e-13 0.255404 -0.0245142
7.4 0.183172 -2.33779e-13 0.816751 -8.14763e-14 0.252571 -0.0230596
7.5 0.185035 -2.53916e-13 0.814884 -5.47305e-14 0.249441 -0.0215538
7.6 0.186567 -1.40946e-13 0.813349 -1.55593e-13 0.24601 -0.0200024
7.7 0.187766 1.02955e-13 0.812147 -3.84201e-13 0.242274 -0.0184173
7.8 0.188633 4.3657e-13 0.811276 -7.26317e-13 0.23823 -0.0168156
7.9 0.189176 7.92496e-13 0.810731 -1.14489e-12 0.233881 -0.0152173
8 0.189405 1.13082e-12 0.810498 -1.5271e-12 0.229237 -0.013643
8.1 0.189337 1.40455e-12 0.810562 -1.80814e-12 0.224311 -0.0121113
8.2 0.188992 1.58319e-12 0.810903 -1.95983e-12 0.219122 -0.0106373
8.3 0.188393 1.67128e-12 0.811498 -2.03078e-12 0.213689 -0.00923176
8.4 0.187565 1.70724e-12 0.812324 -2.03525e-12 0.208036 -0.0079013
8.5 0.18653 1.69251e-12 0.813355 -2.02163e-12 0.202185 -0.00664858
8.6 0.185313 1.63589e-12 0.814568 -1.99156e-12 0.196159 -0.00547318
8.7 0.183938 1.5746e-12 0.81594 -1.94387e-12 0.189983 -0.00437185
8.8 0.182425 1.54651e-12 0.817449 -1.89141e-12 0.183681 -0.00333891
8.9 0.180795 1.59234e-12 0.819076 -1.90405e-12 0.177276 -0.00236642
9 0.179065 1.69567e-12 0.820802 -1.97785e-12 0.170791 -0.00144472
9.1 0.177253 1.8358e-12 0.822613 -2.12992e-12 0.164247 -0.000562704
9.2 0.17537 2.01746e-12 0.824493 -2.37349e-12 0.15766 0.000290286
9.3 0.173429 2.24187e-12 0.826431 -2.69666e-12 0.151043 0.00112242
9.4 0.171442 2.49429e-12 0.828416 -3.10905e-12 0.144406 0.00193788
9.5 0.169418 2.76841e-12 0.830438 -3.5287e-12 0.13776 0.0027362
9.6 0.167366 2.99971e-12 0.832486 -3.88389e-12 0.131116 0.00351279
9.7 0.165296 3.15846e-12 0.834553 -4.10672e-12 0.124486 0.00426031
9.8 0.163218 3.23237e-12 0.836628 -4.16398e-12 0.117882 0.00496898
9.9 0.16114 3.20116e-12 0.838703 -4.09043e-12 0.11132 0.00562639
10 0.159072 3.06227e-12 0.840769 -3.91441e-12 0.104816 0.00621789
10.1 0.157021 2.88389e-12 0.842817 -3.70397e-12 0.0983913 0.00672823
10.2 0.154998 2.69621e-12 0.844839 -3.48999e-12 0.0920698 0.00714375
10.3 0.153008 2.51785e-12 0.846827 -3.28545e-12 0.0858763 0.00745358
10.4 0.151058 2.34046e-12 0.848774 -3.10037e-12 0.0798364 0.0076496
10.5 0.149155 2.15891e-12 0.850676 -2.92862e-12 0.0739768 0.00772659
10.6 0.1473 2.0135e-12 0.852529 -2.75576e-12 0.0683243 0.00768279
10.7 0.145498 1.90864e-12 0.854329 -2.61192e-12 0.062905 0.00752063
10.8 0.143749 1.84608e-12 0.856076 -2.51547e-12 0.0577431 0.00724715
10.9 0.142054 1.81468e-12 0.857768 -2.48238e-12 0.0528591 0.00687337
11 0.140412 1.79458e-12 0.859408 -2.48396e-12 0.0482699 0.00641348
11.1 0.138821 1.77928e-12 0.860997 -2.50418e-12 0.0439882 0.00588468
11.2 0.137277 1.75598e-12 0.862538 -2.5218e-12 0.0400215 0.00530656
11.3 0.135778 1.72947e-12 0.864035 -2.524e-12 0.0363721 0.00469995
11.4 0.13432 1.71583e-12 0.865491 -2.50772e-12 0.033037 0.00408595
11.5 0.132898 1.73024e-12 0.86691 -2.48582e-12 0.0300089 0.00348558
11.6 0.13151 1.77087e-12 0.868296 -2.4748e-12 0.0272753 0.00291932
11.7 0.13015 1.82512e-12 0.869653 -2.49168e-12 0.0248189 0.0024061
11.8 0.128817 1.88176e-12 0.870984 -2.52404e-12 0.0226173 0.00196192
11.9 0.127506 1.92783e-12 0.872292 -2.54489e-12 0.0206442 0.00159809
12 0.126215 1.94813e-12 0.87358 -2.55066e-12 0.0188719 0.0013205
12.1 0.124942 1.93599e-12 0.87485 -2.55176e-12 0.017273 0.00113029
12.2 0.123685 1.90763e-12 0.876105 -2.53753e-12 0.015821 0.00102517
12.3 0.122442 1.87775e-12 0.877345 -2.50975e-12 0.0144908 0.000999433
12.4 0.121213 1.84579e-12 0.878571 -2.471e-12 0.0132584 0.00104447
12.5 0.119997 1.81288e-12 0.879785 -2.42907e-12 0.0121018 0.00114865
12.6 0.118793 1.78155e-12 0.880986 -2.39386e-12 0.0110017 0.00129741
12.7 0.117601 1.75277e-12 0.882176 -2.36216e-12 0.0099419 0.00147323
12.8 0.116421 1.72864e-12 0.883354 -2.32977e-12 0.00891134 0.00165663
12.9 0.115254 1.70844e-12 0.884519 -2.29468e-12 0.00790424 0.00182736
13 0.114098 1.69346e-12 0.885673 -2.26021e-12 0.00692084 0.00196651
13.1 0.112955 1.68891e-12 0.886815 -2.22819e-12 0.00596656 0.00205857
13.2 0.111823 1.69288e-12 0.887944 -2.19863e-12 0.00505022 0.00209247
13.3 0.110704 1.70683e-12 0.889062 -2.17972e-12 0.0041824 0.00206174
13.4 0.109597 1.71709e-12 0.890167 -2.16187e-12 0.00337454 0.00196426
13.5 0.108502 1.7195e-12 0.891261 -2.14869e-12 0.00263786 0.00180194
13.6 0.107418 1.71537e-12 0.892343 -2.1346e-12 0.00198294 0.00158021
13.7 0.106347 1.70658e-12 0.893413 -2.11998e-12 0.00141916 0.00130803
13.8 0.105286 1.6988e-12 0.894471 -2.10481e-12 0.000953804 0.000997669
13.9 0.104237 1.68503e-12 0.895519 -2.09039e-12 0.000590851 0.00066396
14 0.103198 1.66743e-12 0.896556 -2.0745e-12 0.000330428 0.000323178
14.1 0.10217 1.6516e-12 0.897582 -2.05543e-12 0.000168754 -8.3786e-06
14.2 0.101153 1.63777e-12 0.898597 -2.04371e-12 9.86305e-05 -0.000315438
14.3 0.100146 1.61835e-12 0.899602 -2.03922e-12 0.000110128 -0.000584133
14.4 0.0991488 1.59383e-12 0.900596 -2.03202e-12 0.000191075 -0.00080237
14.5 0.0981616 1.56537e-12 0.901581 -2.01983e-12 0.00032715 -0.000960229
14.6 0.0971844 1.53512e-12 0.902555 -2.00593e-12 0.000502019 -0.00105056
14.7 0.096217 1.50684e-12 0.90352 -1.99813e-12 0.000698117 -0.00106957
14.8 0.0952591 1.47884e-12 0.904476 -1.99241e-12 0.000897217 -0.0010171
14.9 0.0943107 1.45299e-12 0.905422 -1.98573e-12 0.00108113 -0.000897222
15 0.0933718 1.42937e-12 0.906358 -1.97617e-12 0.00123317 -0.000718328
15.1 0.092442 1.40807e-12 0.907286 -1.96589e-12 0.00133954 -0.000492716
15.2 0.0915215 1.3889e-12 0.908205 -1.95868e-12 0.00139041 -0.000235505
15.3 0.09061 1.37049e-12 0.909114 -1.94792e-12 0.0013804 3.67421e-05
15.4 0.0897077 1.35446e-12 0.910015 -1.93871e-12 0.00130853 0.000307378
15.5 0.0888143 1.34006e-12 0.910907 -1.92825e-12 0.00117765 0.000560615
15.6 0.0879298 1.3271e-12 0.91179 -1.91771e-12 0.000993924 0.000782108
15.7 0.0870542 1.31528e-12 0.912664 -1.90591e-12 0.000766599 0.000959457
15.8 0.0861874 1.30438e-12 0.91353 -1.89604e-12 0.000507533 0.00108277
15.9 0.0853293 1.29407e-12 0.914387 -1.8876e-12 0.000230634 0.00114545
16 0.0844798 1.28505e-12 0.915235 -1.87937e-12 -4.90959e-05 0.00114476
16.1 0.0836386 1.27657e-12 0.916075 -1.86954e-12 -0.000316938 0.00108183
16.2 0.0828059 1.26846e-12 0.916907 -1.8582e-12 -0.000559262 0.000961088
16.3 0.0819815 1.26076e-12 0.91773 -1.84458e-12 -0.000763927 0.000789758
16.4 0.0811653 1.2525e-12 0.918545 -1.83094e-12 -0.000920781 0.000577614
16.5 0.0803571 1.24347e-12 0.919351 -1.81814e-12 -0.00102198 0.000336684
16.6 0.0795569 1.23416e-12 0.92015 -1.80722e-12 -0.00106265 8.07341e-05
16.7 0.0787648 1.22464e-12 0.920941 -1.7973e-12 -0.00104138 -0.000175532
16.8 0.0779805 1.21506e-12 0.921724 -1.78803e-12 -0.000960495 -0.00041752
16.9 0.0772041 1.20571e-12 0.922499 -1.77935e-12 -0.000825814 -0.000631791
17 0.0764355 1.19641e-12 0.923266 -1.77107e-12 -0.000646039 -0.000806926
17.1 0.0756747 1.18695e-12 0.924026 -1.76241e-12 -0.00043203 -0.000933983
17.2 0.0749214 1.17752e-12 0.924778 -1.75182e-12 -0.000196248 -0.00100673
17.3 0.0741756 1.16782e-12 0.925522 -1.74104e-12 4.78992e-05 -0.00102202
17.4 0.0734374 1.15783e-12 0.92626 -1.72977e-12 0.000286786 -0.00097973
17.5 0.0727066 1.1476e-12 0.926989 -1.72006e-12 0.000507199 -0.000882769
17.6 0.0719831 1.13705e-12 0.927712 -1.71018e-12 0.000696964 -0.000736983
17.7 0.071267 1.12616e-12 0.928428 -1.70072e-12 0.000845565 -0.000550888
17.8 0.070558 1.11515e-12 0.929136 -1.6916e-12 0.000944756 -0.000335286
17.9 0.069856 1.10414e-12 0.929838 -1.68182e-12 0.000989089 -0.000102724
18 0.069161 1.09329e-12 0.930533 -1.67092e-12 0.000976331 0.000133238
18.1 0.0684728 1.08211e-12 0.931221 -1.65687e-12 0.000907647 0.000358898
18.2 0.0677914 1.07129e-12 0.931902 -1.64298e-12 0.000787548 0.000561275
18.3 0.0671167 1.06078e-12 0.932576 -1.62972e-12 0.000623572 0.000728968
18.4 0.0664487 1.05039e-12 0.933244 -1.61738e-12 0.000425693 0.000852835
18.5 0.0657874 1.04025e-12 0.933904 -1.60602e-12 0.000205653 0.00092646
18.6 0.0651327 1.03004e-12 0.934559 -1.59557e-12 -2.37662e-05 0.000946467
18.7 0.0644846 1.01976e-12 0.935206 -1.58514e-12 -0.000249593 0.000912505
18.8 0.0638429 1.00961e-12 0.935848 -1.57483e-12 -0.000459293 0.000827207
18.9 0.0632077 9.99611e-13 0.936483 -1.56476e-12 -0.0006414 0.000695949
19 0.0625787 9.89722e-13 0.937111 -1.55473e-12 -0.000786087 0.000526545
19.1 0.061956 9.79925e-13 0.937734 -1.54486e-12 -0.000885665 0.000328823
19.2 0.0613396 9.7022e-13 0.93835 -1.53516e-12 -0.000934985 0.000114094
19.3 0.0607292 9.60594e-13 0.93896 -1.52555e-12 -0.000931733 -0.000105457
19.4 0.0601249 9.51065e-13 0.939564 -1.51599e-12 -0.000876548 -0.000317467
19.5 0.0595267 9.41631e-13 0.940162 -1.50654e-12 -0.000773023 -0.000510098
19.6 0.0589343 9.32291e-13 0.940755 -1.4972e-12 -0.000627446 -0.00067276
19.7 0.0583479 9.23042e-13 0.941341 -1.48794e-12 -0.0004483 -0.000796719
19.8 0.0577673 9.1388e-13 0.941921 -1.47878e-12 -0.000245733 -0.000875478
19.9 0.0571925 9.04788e-13 0.942496 -1.46969e-12 -3.10104e-05 -0.000904989
20 0.0566235 8.95785e-13 0.943065 -1.46069e-12 0.000183973 -0.000883817
