0 0 0 1 0 0 0
0.1 1.7171e-07 -1.32349e-23 0.999982 4.91506e-17 4.82641e-05 -0.000411208
0.2 7.90814e-07 -4.91874e-22 0.999983 8.60837e-16 0.000195278 -0.000865945
0.3 2.0358e-06 -2.3912e-21 0.999983 1.62741e-15 0.000448636 -0.00134992
0.4 4.11497e-06 5.4827e-22 0.999983 1.60962e-15 0.00081246 -0.00184883
0.5 7.26553e-06 6.41662e-21 0.999981 1.60861e-15 0.00128751 -0.00234922
0.6 1.17524e-05 1.62649e-20 0.999978 1.62133e-15 0.0018715 -0.00283946
0.7 1.78675e-05 3.28304e-20 0.999973 1.57323e-15 0.00255962 -0.00331046
0.8 2.59301e-05 5.88851e-20 0.999966 1.49535e-15 0.00334524 -0.00375634
0.9 3.6291e-05 9.49142e-20 0.999955 1.41218e-15 0.00422068 -0.00417488
1 4.93402e-05 1.43253e-19 0.999942 1.3131e-15 0.00517812 -0.0045678
1.1 6.55218e-05 1.88409e-19 0.999926 1.22897e-15 0.00621054 -0.00494082
1.2 8.5357e-05 2.29505e-19 0.999906 1.15905e-15 0.00731258 -0.0053035
1.3 0.000109479 2.71748e-19 0.999882 1.0968e-15 0.00848142 -0.00566884
1.4 0.000138678 2.94098e-19 0.999852 1.03187e-15 0.00971749 -0.00605276
1.5 0.000173965 2.76454e-19 0.999817 9.90078e-16 0.0110251 -0.00647339
1.6 0.000216645 2.43837e-19 0.999775 9.49728e-16 0.0124126 -0.00695018
1.7 0.000268407 1.74472e-19 0.999723 9.25839e-16 0.0138929 -0.00750307
1.8 0.000331435 1.12176e-20 0.999661 9.24139e-16 0.0154833 -0.00815149
1.9 0.000408519 -1.99876e-19 0.999584 9.31556e-16 0.0172049 -0.00891351
2 0.000503187 -5.99091e-19 0.99949 9.44112e-16 0.0190826 -0.00980494
2.1 0.000619831 -9.83356e-19 0.999374 9.55697e-16 0.0211444 -0.0108386
2.2 0.000763844 -1.21289e-18 0.99923 9.47098e-16 0.0234202 -0.0120238
2.3 0.000941737 -1.37105e-18 0.999052 8.98624e-16 0.0259414 -0.0133655
2.4 0.00116125 -1.23722e-18 0.998832 8.34346e-16 0.0287393 -0.0148648
2.5 0.00143143 -8.03671e-19 0.998561 7.08978e-16 0.0318449 -0.0165181
2.6 0.00176272 4.75742e-19 0.998229 5.98935e-16 0.0352868 -0.0183177
2.7 0.00216693 2.51981e-18 0.997823 5.37729e-16 0.0390912 -0.0202518
2.8 0.00265726 5.59589e-18 0.997332 4.16087e-16 0.0432804 -0.022305
2.9 0.00324822 9.42689e-18 0.99674 3.05657e-16 0.0478722 -0.0244589
3 0.00395553 1.22938e-17 0.996032 2.67081e-16 0.0528796 -0.0266927
3.1 0.00479595 1.50072e-17 0.995191 2.86781e-16 0.0583097 -0.0289835
3.2 0.00578709 1.7536e-17 0.994199 4.02402e-16 0.0641639 -0.0313076
3.3 0.00694714 1.64902e-17 0.993039 5.40849e-16 0.0704374 -0.0336405
3.4 0.00829458 1.34252e-17 0.991691 6.85867e-16 0.0771194 -0.0359579
3.5 0.00984789 7.03791e-18 0.990138 8.45239e-16 0.0841932 -0.0382357
3.6 0.0116251 -2.14686e-18 0.988361 1.00584e-15 0.0916364 -0.0404511
3.7 0.0136436 -2.07619e-17 0.986343 1.19103e-15 0.0994212 -0.0425822
3.8 0.0159195 -4.4754e-17 0.984068 1.35498e-15 0.107515 -0.0446082
3.9 0.0184671 -7.10829e-17 0.98152 1.54342e-15 0.115879 -0.0465102
4 0.0212991 -9.37764e-17 0.978689 1.65442e-15 0.124473 -0.0482703
4.1 0.0244253 -1.10585e-16 0.975563 1.79387e-15 0.133251 -0.0498724
4.2 0.0278528 -1.2168e-16 0.972135 1.86397e-15 0.142164 -0.0513017
4.3 0.0315851 -1.32813e-16 0.968403 1.86601e-15 0.151161 -0.0525446
4.4 0.035622 -1.40643e-16 0.964366 1.75243e-15 0.160187 -0.0535895
4.5 0.0399592 -1.4511e-16 0.960028 1.63258e-15 0.169186 -0.0544261
4.6 0.044588 -1.3889e-16 0.955399 1.45468e-15 0.178102 -0.0550458
4.7 0.0494948 -1.23472e-16 0.950492 1.30186e-15 0.186875 -0.0554422
4.8 0.0546615 -8.3076e-17 0.945325 1.11044e-15 0.195449 -0.0556112
4.9 0.0600649 -2.77068e-17 0.939922 8.79013e-16 0.203764 -0.0555514
5 0.0656777 6.3965e-17 0.934309 5.95626e-16 0.211767 -0.0552648
5.1 0.0714681 2.05473e-16 0.928518 3.1843e-16 0.219402 -0.0547574
5.2 0.0774007 3.53669e-16 0.922586 6.75588e-17 0.22662 -0.0540388
5.3 0.0834376 4.92434e-16 0.916548 -1.09747e-16 0.233376 -0.0531237
5.4 0.089539 6.15077e-16 0.910447 -2.74731e-16 0.239631 -0.0520305
5.5 0.0956643 6.90211e-16 0.904321 -4.17958e-16 0.245354 -0.0507821
5.6 0.101773 6.87663e-16 0.898212 -4.33553e-16 0.250519 -0.0494044
5.7 0.107828 6.51414e-16 0.892157 -4.09783e-16 0.255112 -0.0479259
5.8 0.113792 5.73002e-16 0.886192 -2.89644e-16 0.259126 -0.0463759
5.9 0.119634 4.44857e-16 0.880349 -2.64808e-16 0.262566 -0.0447835
6 0.125324 2.51806e-16 0.874657 -1.44516e-16 0.26544 -0.0431756
6.1 0.13084 -3.20175e-17 0.86914 1.2474e-17 0.267769 -0.041576
6.2 0.136162 -3.38995e-16 0.863817 1.58761e-16 0.269576 -0.0400032
6.3 0.141273 -6.50971e-16 0.858703 2.69084e-16 0.27089 -0.0384702
6.4 0.146161 -9.57083e-16 0.853813 3.37009e-16 0.271743 -0.0369831
6.5 0.150816 -1.2041e-15 0.849157 4.00427e-16 0.272167 -0.0355417
6.6 0.155226 -1.32207e-15 0.844744 3.30591e-16 0.272194 -0.0341394
6.7 0.159383 -1.2512e-15 0.840585 2.67921e-17 0.271851 -0.0327643
6.8 0.163277 -9.63945e-16 0.836688 -4.76047e-16 0.271163 -0.0314009
6.9 0.166897 -5.10402e-16 0.833066 -1.16739e-15 0.270149 -0.0300314
7 0.170229 8.88647e-17 0.829732 -1.92035e-15 0.268821 -0.0286381
7.1 0.17326 7.59489e-16 0.826698 -2.72087e-15 0.267185 -0.0272054
7.2 0.175976 1.39209e-15 0.82398 -3.53614e-15 0.265245 -0.0257215
7.3 0.178363 1.8132e-15 0.82159 -4.23968e-15 0.262995 -0.02418
7.4 0.18041 2.16521e-15 0.819541 -4.97099e-15 0.260431 -0.0225805
7.5 0.182108 2.39004e-15 0.817841 -5.57519e-15 0.257544 -0.0209293
7.6 0.183452 2.56752e-15 0.816495 -6.06523e-15 0.254327 -0.0192387
7.7 0.184442 2.68354e-15 0.815502 -6.48604e-15 0.250775 -0.0175262
7.8 0.185083 2.75349e-15 0.814858 -6.81845e-15 0.246885 -0.0158126
7.9 0.185388 2.93328e-15 0.814551 -7.05959e-15 0.242658 -0.0141206
8 0.185373 3.23727e-15 0.814564 -7.31701e-15 0.2381 -0.0124727
8.1 0.185059 3.66756e-15 0.814876 -7.64209e-15 0.233221 -0.0108898
8.2 0.18447 4.08522e-15 0.815462 -8.03195e-15 0.228037 -0.00938969
8.3 0.183634 4.37371e-15 0.816295 -8.47618e-15 0.222564 -0.00798666
8.4 0.182581 4.49537e-15 0.817346 -8.88931e-15 0.216826 -0.00669016
8.5 0.181338 4.34942e-15 0.818586 -9.08367e-15 0.210847 -0.00550417
8.6 0.179936 3.89534e-15 0.819986 -9.08158e-15 0.204653 -0.00442746
8.7 0.178399 3.32781e-15 0.821519 -8.94952e-15 0.198269 -0.0034542
8.8 0.176754 2.78617e-15 0.823162 -8.80286e-15 0.19172 -0.00257554
8.9 0.175021 2.37228e-15 0.824892 -8.42359e-15 0.185028 -0.00178088
9 0.173219 2.18361e-15 0.826692 -8.21386e-15 0.178218 -0.00105897
9.1 0.171364 2.19883e-15 0.828544 -8.14314e-15 0.171308 -0.000398326
9.2 0.169471 2.47085e-15 0.830435 -8.26829e-15 0.16432 0.000211787
9.3 0.167551 2.9271e-15 0.832353 -8.65435e-15 0.157271 0.000780415
9.4 0.165614 3.37929e-15 0.834288 -9.16869e-15 0.150179 0.0013142
9.5 0.163668 3.80659e-15 0.836231 -9.792e-15 0.143062 0.0018166
9.6 0.161721 3.95939e-15 0.838176 -1.02916e-14 0.135935 0.00228793
9.7 0.15978 3.67544e-15 0.840115 -1.05229e-14 0.128818 0.00272568
9.8 0.157851 2.86812e-15 0.842042 -1.03708e-14 0.12173 0.00312494
9.9 0.15594 1.62965e-15 0.843951 -9.88349e-15 0.114693 0.00347891
10 0.154052 1.7318e-16 0.845837 -9.19306e-15 0.107729 0.00377963
10.1 0.152192 -8.97025e-16 0.847694 -8.45317e-15 0.100863 0.00401871
10.2 0.150366 -1.65279e-15 0.849518 -7.92294e-15 0.0941224 0.00418802
10.3 0.148576 -2.04253e-15 0.851306 -7.65089e-15 0.0875338 0.00428033
10.4 0.146826 -2.01219e-15 0.853054 -7.74862e-15 0.0811257 0.00428981
10.5 0.145118 -1.55939e-15 0.854759 -8.25377e-15 0.0749276 0.00421289
10.6 0.143454 -7.7117e-16 0.856421 -9.10189e-15 0.0689689 0.00404963
10.7 0.141835 2.41232e-16 0.858037 -1.01752e-14 0.0632775 0.00380441
10.8 0.14026 1.32058e-15 0.85961 -1.13122e-14 0.0578779 0.00348584
10.9 0.138729 2.35903e-15 0.861139 -1.24155e-14 0.0527908 0.00310575
11 0.137238 3.29712e-15 0.862627 -1.34428e-14 0.048032 0.00267846
11.1 0.135787 4.08747e-15 0.864077 -1.43339e-14 0.0436133 0.00222026
11.2 0.13437 4.72651e-15 0.865491 -1.50788e-14 0.0395414 0.00174972
11.3 0.132987 5.20494e-15 0.866872 -1.56456e-14 0.0358172 0.0012872
11.4 0.131632 5.51127e-15 0.868225 -1.59996e-14 0.0324353 0.000853663
11.5 0.130302 5.65292e-15 0.869553 -1.61293e-14 0.0293838 0.000468853
11.6 0.128994 5.60772e-15 0.870858 -1.60615e-14 0.0266454 0.000149571
11.7 0.127706 5.39692e-15 0.872145 -1.58325e-14 0.0241981 -9.04903e-05
11.8 0.126434 5.07336e-15 0.873415 -1.54936e-14 0.0220175 -0.000241526
11.9 0.125177 4.7164e-15 0.87467 -1.51182e-14 0.0200769 -0.0002968
12 0.123933 4.36685e-15 0.875913 -1.47646e-14 0.0183474 -0.0002529
12.1 0.1227 4.05538e-15 0.877145 -1.44622e-14 0.0167985 -0.000110292
12.2 0.121478 3.78956e-15 0.878365 -1.42005e-14 0.0153988 0.00012538
12.3 0.120266 3.58764e-15 0.879576 -1.39779e-14 0.0141177 0.000443154
12.4 0.119064 3.46816e-15 0.880777 -1.37907e-14 0.0129284 0.000827317
12.5 0.117872 3.41169e-15 0.881968 -1.35989e-14 0.0118077 0.00125881
12.6 0.11669 3.40838e-15 0.883149 -1.3428e-14 0.0107376 0.00171721
12.7 0.115518 3.44467e-15 0.88432 -1.3308e-14 0.00970432 0.00218137
12.8 0.114357 3.51119e-15 0.88548 -1.32542e-14 0.00869858 0.00262992
12.9 0.113208 3.60138e-15 0.886628 -1.32509e-14 0.00771565 0.0030421
13 0.112069 3.7045e-15 0.887766 -1.32843e-14 0.00675535 0.00339894
13.1 0.110943 3.79808e-15 0.888891 -1.32908e-14 0.00582186 0.00368415
13.2 0.109828 3.85593e-15 0.890005 -1.32714e-14 0.00492263 0.00388509
13.3 0.108725 3.87632e-15 0.891106 -1.32412e-14 0.00406759 0.00399284
13.4 0.107634 3.86496e-15 0.892196 -1.32018e-14 0.00326873 0.00400265
13.5 0.106555 3.81771e-15 0.893273 -1.3153e-14 0.00253952 0.00391457
13.6 0.105489 3.77036e-15 0.894339 -1.31099e-14 0.00189351 0.00373426
13.7 0.104433 3.71803e-15 0.895393 -1.3078e-14 0.00134216 0.00347239
13.8 0.10339 3.65847e-15 0.896436 -1.30523e-14 0.000894016 0.00314362
13.9 0.102357 3.60351e-15 0.897467 -1.30143e-14 0.000553677 0.00276551
14 0.101336 3.56964e-15 0.898487 -1.2991e-14 0.000321711 0.00235689
14.1 0.100325 3.53272e-15 0.899497 -1.29811e-14 0.000193751 0.00193678
14.2 0.0993253 3.4999e-15 0.900496 -1.30076e-14 0.000162043 0.00152313
14.3 0.0983357 3.47511e-15 0.901484 -1.30601e-14 0.000215882 0.0011324
14.4 0.0973563 3.45257e-15 0.902462 -1.31316e-14 0.000342005 0.000779084
14.5 0.0963868 3.43114e-15 0.903431 -1.32014e-14 0.000524953 0.000475167
14.6 0.0954272 3.41665e-15 0.904389 -1.32655e-14 0.000747897 0.000229982
14.7 0.0944772 3.41175e-15 0.905338 -1.32901e-14 0.000992477 4.93937e-05
14.8 0.0935367 3.3932e-15 0.906277 -1.33061e-14 0.0012397 -6.47838e-05
14.9 0.0926057 3.36873e-15 0.907207 -1.32999e-14 0.00147121 -0.000114757
15 0.091684 3.35088e-15 0.908128 -1.32822e-14 0.00167036 -0.000106647
15.1 0.0907714 3.31238e-15 0.90904 -1.32674e-14 0.00182349 -4.99299e-05
15.2 0.0898679 3.27267e-15 0.909943 -1.3242e-14 0.0019193 4.36687e-05
15.3 0.0889734 3.23088e-15 0.910836 -1.31858e-14 0.00195027 0.00016003
15.4 0.0880879 3.18029e-15 0.911721 -1.31257e-14 0.00191313 0.000283808
15.5 0.0872111 3.1397e-15 0.912597 -1.30309e-14 0.00180856 0.000399369
15.6 0.0863429 3.09816e-15 0.913465 -1.29157e-14 0.00164173 0.000492211
15.7 0.0854835 3.05673e-15 0.914323 -1.28101e-14 0.00142135 0.000549794
15.8 0.0846326 3.0258e-15 0.915173 -1.26837e-14 0.0011589 0.000562333
15.9 0.0837902 2.99184e-15 0.916015 -1.25476e-14 0.000868136 0.000523102
16 0.0829562 2.96214e-15 0.916849 -1.243e-14 0.000563822 0.00042863
16.1 0.0821306 2.93635e-15 0.917674 -1.23323e-14 0.000261501 0.000279153
16.2 0.0813132 2.91137e-15 0.918491 -1.22615e-14 -2.35197e-05 7.84015e-05
16.3 0.0805039 2.88728e-15 0.919299 -1.21898e-14 -0.000277051 -0.000166517
16.4 0.0797027 2.86821e-15 0.9201 -1.21635e-14 -0.000486839 -0.000445622
16.5 0.0789096 2.86306e-15 0.920893 -1.21583e-14 -0.000643227 -0.000746547
16.6 0.0781244 2.86299e-15 0.921678 -1.21852e-14 -0.000739882 -0.00105523
16.7 0.0773471 2.85402e-15 0.922455 -1.22363e-14 -0.000774036 -0.00135685
16.8 0.0765774 2.84472e-15 0.923225 -1.23283e-14 -0.000746337 -0.00163676
16.9 0.0758154 2.82807e-15 0.923986 -1.24316e-14 -0.000660726 -0.00188109
17 0.075061 2.80888e-15 0.92474 -1.25485e-14 -0.000523978 -0.00207748
17.1 0.0743141 2.78736e-15 0.925487 -1.26584e-14 -0.000345425 -0.00221554
17.2 0.0735746 2.76434e-15 0.926226 -1.27476e-14 -0.000136579 -0.00228729
17.3 0.0728425 2.741e-15 0.926957 -1.27869e-14 8.93417e-05 -0.00228753
17.4 0.0721177 2.71689e-15 0.927682 -1.28045e-14 0.000317702 -0.00221428
17.5 0.0714001 2.69633e-15 0.928399 -1.27981e-14 0.000533507 -0.00206941
17.6 0.0706897 2.67531e-15 0.92911 -1.27737e-14 0.00072225 -0.00185861
17.7 0.0699864 2.65211e-15 0.929813 -1.27124e-14 0.000871347 -0.00159135
17.8 0.06929 2.6261e-15 0.930509 -1.26386e-14 0.00097078 -0.00127999
17.9 0.0686006 2.59856e-15 0.931199 -1.25526e-14 0.00101398 -0.000938825
18 0.0679181 2.57044e-15 0.931882 -1.24629e-14 0.000997802 -0.000582941
18.1 0.0672423 2.54374e-15 0.932557 -1.23797e-14 0.000922337 -0.000227414
18.2 0.0665733 2.51655e-15 0.933226 -1.2299e-14 0.000790853 0.000113305
18.3 0.0659109 2.49184e-15 0.933889 -1.22287e-14 0.00060911 0.000426
18.4 0.065255 2.46699e-15 0.934545 -1.2173e-14 0.000385388 0.000698673
18.5 0.0646057 2.44187e-15 0.935194 -1.21225e-14 0.000130127 0.000921301
18.6 0.0639629 2.4183e-15 0.935837 -1.20751e-14 -0.000144399 0.00108628
18.7 0.0633264 2.39654e-15 0.936473 -1.20336e-14 -0.000424454 0.00118911
18.8 0.0626963 2.37373e-15 0.937103 -1.19971e-14 -0.00069581 0.00122849
18.9 0.0620725 2.35071e-15 0.937727 -1.1978e-14 -0.000944377 0.00120656
19 0.0614548 2.32688e-15 0.938345 -1.19524e-14 -0.0011572 0.00112892
19.1 0.0608433 2.30395e-15 0.938956 -1.19293e-14 -0.00132311 0.00100416
19.2 0.0602379 2.28045e-15 0.939562 -1.18976e-14 -0.00143357 0.000843352
19.3 0.0596386 2.25739e-15 0.940161 -1.18709e-14 -0.00148341 0.000659302
19.4 0.0590451 2.23468e-15 0.940754 -1.18472e-14 -0.00147081 0.000465696
19.5 0.0584576 2.21169e-15 0.941342 -1.18148e-14 -0.00139734 0.000276183
19.6 0.057876 2.1889e-15 0.941924 -1.17824e-14 -0.00126787 0.000103693
19.7 0.0573001 2.16672e-15 0.942499 -1.17587e-14 -0.0010902 -4.07209e-05
19.8 0.0567299 2.14528e-15 0.94307 -1.17418e-14 -0.000874499 -0.000148288
19.9 0.0561655 2.12408e-15 0.943634 -1.17221e-14 -0.000632754 -0.000212673
20 0.0556066 2.10305e-15 0.944193 -1.17009e-14 -0.000377949 -0.000230887
