0 0 0 1 0 0 0
0.1 1.71712e-07 5.85304e-18 0.999995 3.44171e-11 4.82736e-05 -0.000411434
0.2 7.91034e-07 2.05207e-17 0.999994 4.00659e-11 0.000195457 -0.000867074
0.3 2.03725e-06 3.72508e-17 0.999993 4.95087e-11 0.000449499 -0.00135307
0.4 4.12034e-06 5.61748e-17 0.99999 6.02529e-11 0.000815074 -0.00185545
0.5 7.2803e-06 1.04513e-16 0.999986 6.88673e-11 0.00129367 -0.00236101
0.6 1.17862e-05 2.20714e-16 0.999981 7.64667e-11 0.00188385 -0.00285811
0.7 1.79352e-05 5.18589e-16 0.999974 8.01687e-11 0.00258177 -0.00333746
0.8 2.60532e-05 1.16143e-15 0.999965 8.13203e-11 0.00338171 -0.00379271
0.9 3.64975e-05 2.28539e-15 0.999954 8.15134e-11 0.00427692 -0.00422093
1 4.96639e-05 3.97234e-15 0.99994 8.31017e-11 0.00526034 -0.0046229
1.1 6.59995e-05 6.2576e-15 0.999923 8.78219e-11 0.00632554 -0.00500318
1.2 8.60233e-05 9.1402e-15 0.999902 9.14e-11 0.00746753 -0.00537004
1.3 0.000110357 1.24959e-14 0.999878 1.00808e-10 0.00868359 -0.00573512
1.4 0.000139768 1.58599e-14 0.999849 1.15139e-10 0.00997395 -0.00611297
1.5 0.000175224 2.98915e-14 0.999814 7.57223e-11 0.0113424 -0.00652045
1.6 0.000217965 3.99812e-14 0.999772 6.46005e-11 0.0127967 -0.00697591
1.7 0.000269588 5.17829e-14 0.99972 5.28081e-11 0.0143488 -0.00749841
1.8 0.000332148 6.77609e-14 0.999658 3.75902e-11 0.0160148 -0.00810683
1.9 0.000408268 9.04617e-14 0.999583 2.01179e-11 0.017815 -0.00881898
2 0.000501263 1.22852e-13 0.99949 1.90875e-12 0.0197733 -0.00965078
2.1 0.000615266 1.65271e-13 0.999376 -1.37346e-11 0.0219166 -0.0106155
2.2 0.000755359 2.12407e-13 0.999237 -2.44451e-11 0.0242744 -0.0117231
2.3 0.000927688 2.51972e-13 0.999064 -2.85894e-11 0.0268776 -0.0129798
2.4 0.00113958 2.61279e-13 0.998852 -2.6054e-11 0.029758 -0.0143875
2.5 0.00139962 2.20415e-13 0.998592 -1.8552e-11 0.0329469 -0.015944
2.6 0.00171773 1.1621e-13 0.998274 -8.56942e-12 0.0364741 -0.0176427
2.7 0.00210515 -2.48117e-14 0.997886 -4.26126e-13 0.0403674 -0.0194726
2.8 0.00257446 -1.77529e-13 0.997417 5.52639e-12 0.0446509 -0.0214192
2.9 0.00313948 -2.90986e-13 0.996852 9.38237e-12 0.049345 -0.0234641
3 0.00381518 -3.19957e-13 0.996176 1.20672e-11 0.0544651 -0.0255864
3.1 0.00461747 -2.17864e-13 0.995374 1.30474e-11 0.0600211 -0.0277625
3.2 0.00556297 4.72289e-14 0.994428 1.34786e-11 0.0660171 -0.0299671
3.3 0.00666875 4.67265e-13 0.993322 1.39777e-11 0.0724512 -0.0321739
3.4 0.00795198 1.01933e-12 0.992039 1.44218e-11 0.0793147 -0.0343559
3.5 0.00942952 1.6644e-12 0.990562 1.43996e-11 0.0865931 -0.0364863
3.6 0.0111176 2.315e-12 0.988874 1.4147e-11 0.0942653 -0.0385386
3.7 0.0130311 3.08557e-12 0.98696 1.40477e-11 0.102304 -0.0404873
3.8 0.0151835 3.82804e-12 0.984808 1.47044e-11 0.110677 -0.0423084
3.9 0.0175861 4.3978e-12 0.982406 1.64477e-11 0.119344 -0.0439794
4 0.0202475 4.64231e-12 0.979744 1.855e-11 0.128265 -0.0454796
4.1 0.0231734 4.45535e-12 0.976818 2.06782e-11 0.137389 -0.0467904
4.2 0.0263658 4.04261e-12 0.973626 2.36568e-11 0.146667 -0.0478955
4.3 0.029823 3.21355e-12 0.970169 2.67563e-11 0.156043 -0.0487812
4.4 0.0335389 1.97268e-12 0.966453 2.9327e-11 0.165459 -0.0494364
4.5 0.037503 4.73514e-13 0.962488 3.16192e-11 0.174856 -0.049853
4.6 0.0417004 -1.23275e-12 0.958291 3.39581e-11 0.184174 -0.0500264
4.7 0.0461115 -3.01352e-12 0.95388 3.69023e-11 0.193351 -0.0499554
4.8 0.0507122 -4.12765e-12 0.949279 4.29402e-11 0.202328 -0.0496428
4.9 0.0554746 -4.46314e-12 0.944517 4.98993e-11 0.211046 -0.0490957
5 0.0603671 -3.87715e-12 0.939624 5.62374e-11 0.219448 -0.0483253
5.1 0.0653555 -2.86815e-12 0.934636 6.10267e-11 0.227485 -0.0473478
5.2 0.0704037 -2.5043e-12 0.929587 6.4172e-11 0.235108 -0.0461838
5.3 0.0754745 -4.17997e-12 0.924516 6.64664e-11 0.242276 -0.0448579
5.4 0.0805314 -9.33644e-12 0.919459 6.9524e-11 0.248957 -0.0433987
5.5 0.085539 -1.92036e-11 0.914452 7.55616e-11 0.255125 -0.0418373
5.6 0.0904646 -3.46287e-11 0.909526 8.71577e-11 0.260763 -0.0402068
5.7 0.095279 -5.5994e-11 0.904711 1.06412e-10 0.265863 -0.0385401
5.8 0.0999572 -8.31654e-11 0.900033 1.345e-10 0.270424 -0.0368687
5.9 0.104479 -1.13539e-10 0.895511 1.52592e-10 0.274457 -0.0352211
6 0.108828 -1.46275e-10 0.891161 1.68967e-10 0.277977 -0.0336208
6.1 0.112994 -1.78179e-10 0.886995 1.79458e-10 0.281006 -0.0320851
6.2 0.116967 -2.04515e-10 0.883021 1.78792e-10 0.28357 -0.0306236
6.3 0.120743 -2.1999e-10 0.879245 1.62254e-10 0.285697 -0.029238
6.4 0.124318 -2.20622e-10 0.87567 1.44162e-10 0.287417 -0.0279218
6.5 0.127686 -2.03717e-10 0.872302 1.13721e-10 0.288757 -0.0266607
6.6 0.130842 -1.72857e-10 0.869145 7.21655e-11 0.289742 -0.0254343
6.7 0.133777 -1.36842e-10 0.86621 2.64023e-11 0.290389 -0.0242175
6.8 0.13648 -7.09311e-11 0.863506 -4.92053e-11 0.290714 -0.0229835
6.9 0.138936 1.39662e-11 0.86105 -1.44235e-10 0.290722 -0.0217051
7 0.141127 1.00089e-10 0.858859 -2.41365e-10 0.290415 -0.0203581
7.1 0.143033 1.67232e-10 0.856952 -3.20988e-10 0.28979 -0.0189229
7.2 0.144635 1.99876e-10 0.85535 -3.62452e-10 0.288838 -0.017386
7.3 0.145911 1.88088e-10 0.854074 -3.56013e-10 0.287546 -0.0157417
7.4 0.146844 1.31764e-10 0.85314 -3.03232e-10 0.285901 -0.0139922
7.5 0.14742 3.825e-11 0.852564 -2.1236e-10 0.283892 -0.0121475
7.6 0.147631 -8.00915e-11 0.852353 -9.81336e-11 0.281505 -0.0102246
7.7 0.147473 -2.06746e-10 0.85251 2.03941e-11 0.278733 -0.00824569
7.8 0.146952 -3.22832e-10 0.853031 1.23325e-10 0.275572 -0.00623612
7.9 0.146077 -4.1176e-10 0.853905 1.96851e-10 0.272024 -0.00422239
8 0.144867 -4.6375e-10 0.855115 2.34523e-10 0.268093 -0.00223004
8.1 0.143343 -4.87966e-10 0.856639 2.46469e-10 0.26379 -0.000282056
8.2 0.141534 -4.80746e-10 0.858448 2.3294e-10 0.259127 0.00160225
8.3 0.139468 -4.45934e-10 0.860513 1.99189e-10 0.254121 0.00340804
8.4 0.137179 -3.93261e-10 0.862803 1.53805e-10 0.24879 0.00512511
8.5 0.134698 -3.35418e-10 0.865283 1.07747e-10 0.243152 0.00674781
8.6 0.132057 -2.79297e-10 0.867924 6.56109e-11 0.237228 0.00827425
8.7 0.129289 -2.31072e-10 0.870692 3.15674e-11 0.231036 0.0097054
8.8 0.126422 -1.91849e-10 0.873558 -1.70872e-12 0.224594 0.0110441
8.9 0.123484 -1.52028e-10 0.876496 -3.89775e-11 0.217919 0.0122939
9 0.120501 -9.92923e-11 0.879479 -8.74446e-11 0.211027 0.0134576
9.1 0.117495 -2.81693e-11 0.882485 -1.47334e-10 0.203935 0.0145364
9.2 0.11449 5.84855e-11 0.88549 -2.14094e-10 0.196658 0.0155294
9.3 0.111503 1.53453e-10 0.888477 -2.80391e-10 0.189212 0.0164327
9.4 0.108555 2.4935e-10 0.891425 -3.40997e-10 0.181616 0.0172397
9.5 0.105661 3.36017e-10 0.894319 -3.89938e-10 0.173891 0.0179413
9.6 0.102838 4.07508e-10 0.897142 -4.27993e-10 0.166061 0.0185259
9.7 0.100099 4.63588e-10 0.89988 -4.65741e-10 0.158152 0.0189811
9.8 0.0974579 5.07411e-10 0.902521 -5.17461e-10 0.150195 0.0192935
9.9 0.0949254 5.51057e-10 0.905054 -5.76972e-10 0.142222 0.0194497
10 0.0925111 5.88734e-10 0.907468 -6.5154e-10 0.13427 0.0194368
10.1 0.0902225 6.21134e-10 0.909756 -7.23005e-10 0.126378 0.0192441
10.2 0.0880652 6.46582e-10 0.911914 -7.82652e-10 0.118588 0.0188637
10.3 0.0860428 6.71862e-10 0.913936 -8.24156e-10 0.110944 0.0182914
10.4 0.0841565 6.83805e-10 0.915822 -8.77044e-10 0.103491 0.0175281
10.5 0.0824053 6.97065e-10 0.917573 -9.64971e-10 0.0962707 0.0165794
10.6 0.0807864 7.21887e-10 0.919192 -9.42058e-10 0.0893254 0.0154563
10.7 0.0792946 7.53988e-10 0.920684 -9.31326e-10 0.082693 0.0141752
10.8 0.0779232 7.89741e-10 0.922055 -9.53492e-10 0.0764075 0.0127571
10.9 0.0766641 8.12908e-10 0.923314 -9.67547e-10 0.0704972 0.0112274
11 0.075508 8.21609e-10 0.92447 -9.74271e-10 0.0649844 0.00961551
11.1 0.0744448 8.17108e-10 0.925533 -9.66947e-10 0.0598846 0.00795365
11.2 0.073464 7.97684e-10 0.926514 -9.60081e-10 0.0552051 0.00627615
11.3 0.0725551 7.61033e-10 0.927423 -9.22185e-10 0.0509455 0.00461802
11.4 0.0717077 7.08107e-10 0.92827 -8.34917e-10 0.0470972 0.00301355
11.5 0.0709119 6.47681e-10 0.929066 -7.43925e-10 0.0436438 0.00149482
11.6 0.0701585 5.8389e-10 0.929819 -6.56615e-10 0.0405622 9.05266e-05
11.7 0.0694395 5.21616e-10 0.930538 -5.73472e-10 0.0378231 -0.00117512
11.8 0.0687474 4.64349e-10 0.931231 -4.96483e-10 0.0353925 -0.00228315
11.9 0.0680762 4.1499e-10 0.931902 -4.27445e-10 0.0332327 -0.00322047
12 0.0674207 3.77703e-10 0.932558 -3.64081e-10 0.0313039 -0.00398072
12.1 0.0667769 3.55265e-10 0.933201 -3.13507e-10 0.0295654 -0.00456405
12.2 0.0661416 3.47506e-10 0.933837 -2.78355e-10 0.0279775 -0.00497731
12.3 0.0655126 3.51304e-10 0.934466 -2.58141e-10 0.0265026 -0.00523363
12.4 0.0648882 3.62139e-10 0.93509 -2.52433e-10 0.025107 -0.00535174
12.5 0.0642676 3.74425e-10 0.935711 -2.55341e-10 0.0237622 -0.00535507
12.6 0.0636503 3.85272e-10 0.936328 -2.63299e-10 0.0224454 -0.00527018
12.7 0.0630361 3.93311e-10 0.936942 -2.73041e-10 0.0211405 -0.00512521
12.8 0.0624252 3.9806e-10 0.937553 -2.81902e-10 0.0198377 -0.00494864
12.9 0.0618179 3.99802e-10 0.93816 -2.88635e-10 0.0185338 -0.00476791
13 0.0612144 3.99275e-10 0.938764 -2.93818e-10 0.0172313 -0.00460817
13.1 0.0606152 3.96326e-10 0.939363 -2.83944e-10 0.0159382 -0.00449111
13.2 0.0600205 3.92246e-10 0.939958 -2.67826e-10 0.0146667 -0.00443402
13.3 0.0594307 3.8745e-10 0.940547 -2.46237e-10 0.0134325 -0.00444909
13.4 0.058846 3.82124e-10 0.941132 -2.20907e-10 0.0122532 -0.00454286
13.5 0.0582666 3.76298e-10 0.941712 -1.9458e-10 0.011147 -0.00471606
13.6 0.0576924 3.69973e-10 0.942286 -1.70203e-10 0.0101317 -0.00496377
13.7 0.0571237 3.63239e-10 0.942855 -1.49742e-10 0.00922307 -0.0052758
13.8 0.0565603 3.56521e-10 0.943418 -1.39444e-10 0.00843383 -0.00563751
13.9 0.0560021 3.49871e-10 0.943976 -1.3005e-10 0.00777288 -0.00603069
14 0.0554493 3.43641e-10 0.944529 -1.21446e-10 0.00724455 -0.00643464
14.1 0.0549016 3.38081e-10 0.945077 -1.14684e-10 0.00684825 -0.00682736
14.2 0.0543591 3.33303e-10 0.94562 -1.11129e-10 0.00657828 -0.00718674
14.3 0.0538215 3.29281e-10 0.946157 -1.11568e-10 0.00642394 -0.00749179
14.4 0.053289 3.25822e-10 0.94669 -1.14745e-10 0.00636991 -0.00772385
14.5 0.0527614 3.22682e-10 0.947217 -1.19376e-10 0.0063969 -0.00786768
14.6 0.0522387 3.19587e-10 0.94774 -1.23749e-10 0.00648261 -0.0079124
14.7 0.0517208 3.16359e-10 0.948258 -1.26236e-10 0.00660285 -0.00785211
14.8 0.0512078 3.13062e-10 0.948771 -1.26695e-10 0.00673285 -0.00768615
14.9 0.0506995 3.09809e-10 0.949279 -1.25308e-10 0.00684844 -0.0074192
15 0.0501961 3.0668e-10 0.949782 -1.22742e-10 0.00692741 -0.00706097
15.1 0.0496975 3.03706e-10 0.950281 -1.20256e-10 0.00695035 -0.00662552
15.2 0.0492036 3.00859e-10 0.950775 -1.19239e-10 0.00690173 -0.00613048
15.3 0.0487145 2.98088e-10 0.951264 -1.20444e-10 0.00677043 -0.00559602
15.4 0.0482302 2.9535e-10 0.951748 -1.23902e-10 0.00655001 -0.00504398
15.5 0.0477506 2.92591e-10 0.952228 -1.28921e-10 0.00623902 -0.0044969
15.6 0.0472757 2.89769e-10 0.952703 -1.34353e-10 0.00584105 -0.00397698
15.7 0.0468054 2.86857e-10 0.953173 -1.38279e-10 0.00536473 -0.00350494
15.8 0.0463398 2.83888e-10 0.953639 -1.39586e-10 0.00482322 -0.0030989
15.9 0.0458788 2.80924e-10 0.9541 -1.38642e-10 0.00423356 -0.00277326
16 0.0454223 2.78001e-10 0.954556 -1.36884e-10 0.00361558 -0.00253793
16.1 0.0449704 2.75148e-10 0.955008 -1.34987e-10 0.00299079 -0.00239775
16.2 0.044523 2.72383e-10 0.955456 -1.33235e-10 0.00238104 -0.00235234
16.3 0.04408 2.697e-10 0.955899 -1.31746e-10 0.00180726 -0.00239632
16.4 0.0436414 2.67085e-10 0.956337 -1.30869e-10 0.00128833 -0.00251978
16.5 0.0432072 2.64515e-10 0.956771 -1.30161e-10 0.000840262 -0.00270894
16.6 0.0427773 2.61956e-10 0.957201 -1.2853e-10 0.000475501 -0.0029468
16.7 0.0423517 2.59388e-10 0.957627 -1.25263e-10 0.000202286 -0.00321401
16.8 0.0419303 2.56809e-10 0.958048 -1.20229e-10 2.4178e-05 -0.00348994
16.9 0.0415131 2.54238e-10 0.958466 -1.13798e-10 -6.00511e-05 -0.00375375
17 0.0411 2.51676e-10 0.958879 -1.06457e-10 -5.63402e-05 -0.00398556
17.1 0.0406911 2.49133e-10 0.959288 -9.8504e-11 2.48191e-05 -0.00416736
17.2 0.0402862 2.4659e-10 0.959692 -9.02356e-11 0.000169493 -0.00428433
17.3 0.0398854 2.4404e-10 0.960093 -8.18096e-11 0.000360736 -0.00432508
17.4 0.0394885 2.41486e-10 0.96049 -7.36186e-11 0.000579377 -0.00428244
17.5 0.0390956 2.38943e-10 0.960883 -6.59133e-11 0.000805194 -0.00415379
17.6 0.0387066 2.364e-10 0.961272 -5.81251e-11 0.00101781 -0.0039412
17.7 0.0383214 2.33924e-10 0.961657 -5.17185e-11 0.00119851 -0.00365119
17.8 0.0379401 2.31533e-10 0.962038 -4.76291e-11 0.0013303 -0.00329476
17.9 0.0375626 2.29249e-10 0.962416 -4.57012e-11 0.00139933 -0.00288606
18 0.0371889 2.2703e-10 0.96279 -4.44787e-11 0.00139553 -0.00244178
18.1 0.0368188 2.24818e-10 0.96316 -4.26031e-11 0.00131266 -0.00198049
18.2 0.0364525 2.22604e-10 0.963526 -4.01684e-11 0.00114914 -0.00152151
18.3 0.0360898 2.20358e-10 0.963889 -3.58164e-11 0.000907785 -0.00108405
18.4 0.0357307 2.1798e-10 0.964248 -2.63714e-11 0.000595602 -0.000685884
18.5 0.0353752 2.15368e-10 0.964604 -9.16439e-12 0.000223167 -0.000342756
18.6 0.0350232 2.12672e-10 0.964956 9.36225e-12 -0.00019565 -6.71504e-05
18.7 0.0346747 2.10462e-10 0.965304 1.44397e-11 -0.000644722 0.000130935
18.8 0.0343297 2.08381e-10 0.965649 1.66212e-11 -0.00110602 0.000246063
18.9 0.0339881 2.06312e-10 0.965991 1.86725e-11 -0.00156017 0.000276372
19 0.0336499 2.04259e-10 0.966329 2.0714e-11 -0.00198785 0.000225087
19.1 0.0333151 2.02229e-10 0.966664 2.27109e-11 -0.00237117 9.99158e-05
19.2 0.0329836 2.0023e-10 0.966995 2.46249e-11 -0.00269502 -8.78706e-05
19.3 0.0326554 1.98251e-10 0.967323 2.65105e-11 -0.00294721 -0.000323685
19.4 0.0323305 1.96288e-10 0.967648 2.83964e-11 -0.00311921 -0.000590302
19.5 0.0320088 1.94338e-10 0.96797 3.02967e-11 -0.00320682 -0.000868882
19.6 0.0316903 1.92402e-10 0.968288 3.22147e-11 -0.00321071 -0.00114032
19.7 0.0313749 1.90485e-10 0.968604 3.41187e-11 -0.00313605 -0.0013867
19.8 0.0310628 1.88585e-10 0.968916 3.60257e-11 -0.00299201 -0.00159197
19.9 0.0307537 1.86708e-10 0.969225 3.79021e-11 -0.00279083 -0.00174304
20 0.0304477 1.8485e-10 0.969531 3.97599e-11 -0.00254615 -0.0018301
