0 0 0 1 0 0 0
0.1 1.71712e-07 -2.11567e-18 0.999995 2.4158e-11 4.82724e-05 -0.000411405
0.2 7.91006e-07 -6.26408e-18 0.999994 4.04259e-11 0.000195433 -0.000866925
0.3 2.03706e-06 2.65721e-18 0.999992 5.29811e-11 0.000449383 -0.00135265
0.4 4.11963e-06 6.74221e-17 0.99999 5.98803e-11 0.000814723 -0.00185456
0.5 7.27834e-06 2.69903e-16 0.999986 6.01971e-11 0.00129284 -0.00235942
0.6 1.17817e-05 7.42449e-16 0.99998 5.32646e-11 0.00188218 -0.0028556
0.7 1.79261e-05 1.63993e-15 0.999974 2.9699e-11 0.00257876 -0.00333381
0.8 2.60366e-05 3.31024e-15 0.999965 -8.60761e-12 0.00337675 -0.00378777
0.9 3.64696e-05 6.0493e-15 0.999954 -5.78723e-11 0.00426924 -0.00421465
1 4.962e-05 1.01687e-14 0.999941 -1.16421e-10 0.00524908 -0.00461534
1.1 6.59345e-05 1.57435e-14 0.999924 -1.79952e-10 0.00630973 -0.00499457
1.2 8.59323e-05 2.23793e-14 0.999904 -2.43465e-10 0.00744613 -0.00536077
1.3 0.000110236 2.59901e-14 0.99988 -2.77503e-10 0.00865553 -0.00572577
1.4 0.000139617 2.29258e-14 0.999851 -2.84384e-10 0.00993818 -0.00610433
1.5 0.000175048 1.25649e-14 0.999815 -2.88175e-10 0.0112979 -0.00651346
1.6 0.000217778 -1.0801e-14 0.999773 -2.79066e-10 0.0127425 -0.00697169
1.7 0.000269418 -5.39532e-14 0.999721 -2.52863e-10 0.0142841 -0.00749822
1.8 0.000332037 -1.23036e-13 0.999658 -2.11619e-10 0.0159388 -0.00811201
1.9 0.000408285 -2.22482e-13 0.999582 -1.63335e-10 0.0177271 -0.00883096
2 0.000501505 -3.54413e-13 0.999489 -1.08411e-10 0.0196729 -0.00967099
2.1 0.000615868 -5.15887e-13 0.999374 -5.11601e-11 0.0218033 -0.0106454
2.2 0.000756499 -6.96567e-13 0.999233 3.79808e-12 0.0241479 -0.011764
2.3 0.000929602 -8.76805e-13 0.999059 5.20781e-11 0.0267376 -0.0130329
2.4 0.00114256 -1.02543e-12 0.998846 9.27813e-11 0.029604 -0.0144541
2.5 0.00140405 -1.10548e-12 0.998585 1.20719e-10 0.0327784 -0.0160252
2.6 0.00172404 -1.06377e-12 0.998265 1.35127e-10 0.0362906 -0.0177393
2.7 0.0021139 -8.46057e-13 0.997875 1.35693e-10 0.0401679 -0.0195857
2.8 0.0025863 -3.92465e-13 0.997403 1.24407e-10 0.0444344 -0.0215495
2.9 0.00315519 3.60572e-13 0.996834 1.03764e-10 0.04911 -0.0236125
3 0.00383566 1.48819e-12 0.996153 7.95997e-11 0.0542098 -0.0257538
3.1 0.00464378 2.99337e-12 0.995345 5.5644e-11 0.0597434 -0.0279499
3.2 0.00559636 4.85165e-12 0.994393 3.45624e-11 0.0657144 -0.0301758
3.3 0.00671067 6.98173e-12 0.993278 1.80126e-11 0.0721204 -0.0324054
3.4 0.00800412 9.18692e-12 0.991985 2.80325e-12 0.0789526 -0.0346121
3.5 0.00949387 1.08719e-11 0.990495 -1.14986e-11 0.086196 -0.0367695
3.6 0.0111964 1.18837e-11 0.988792 -3.36684e-11 0.0938291 -0.0388517
3.7 0.0131273 1.17719e-11 0.986862 -5.00722e-11 0.101825 -0.0408338
3.8 0.0153002 1.05735e-11 0.984689 -7.71423e-11 0.11015 -0.0426922
3.9 0.0177271 8.46015e-12 0.982262 -1.19391e-10 0.118766 -0.0444049
4 0.0204172 5.41251e-12 0.979572 -1.52884e-10 0.127631 -0.0459519
4.1 0.023377 2.29306e-12 0.976612 -1.8529e-10 0.136696 -0.0473149
4.2 0.0266095 -5.28483e-13 0.973379 -2.04549e-10 0.145911 -0.0484781
4.3 0.0301137 -2.52011e-12 0.969875 -2.07194e-10 0.15522 -0.0494279
4.4 0.0338848 -2.92354e-12 0.966104 -2.08513e-10 0.164567 -0.0501534
4.5 0.0379134 -1.89693e-12 0.962075 -1.9316e-10 0.173892 -0.0506462
4.6 0.0421857 3.47065e-14 0.957802 -1.57517e-10 0.183135 -0.0509012
4.7 0.0466832 1.36817e-12 0.953305 -1.09123e-10 0.192237 -0.0509169
4.8 0.0513832 -8.43443e-13 0.948605 -5.02711e-11 0.201136 -0.0506951
4.9 0.0562588 -7.71654e-12 0.943729 2.09476e-11 0.209774 -0.0502421
5 0.0612795 -1.05101e-11 0.938708 6.80467e-12 0.218096 -0.0495681
5.1 0.0664119 -1.11861e-11 0.933576 -4.62431e-11 0.226049 -0.0486879
5.2 0.0716205 -1.68321e-11 0.928367 -1.01285e-10 0.233588 -0.0476206
5.3 0.0768688 -2.42539e-11 0.923118 -1.65362e-10 0.240669 -0.0463896
5.4 0.0821201 -2.87905e-11 0.917867 -2.27806e-10 0.247261 -0.0450216
5.5 0.087339 -4.53431e-11 0.912648 -1.45242e-10 0.253335 -0.0435465
5.6 0.0924923 -5.4098e-11 0.907494 -1.07495e-11 0.258875 -0.0419959
5.7 0.0975498 -4.58963e-11 0.902437 1.44804e-10 0.263872 -0.0404018
5.8 0.102485 5.859e-12 0.897501 1.52212e-10 0.268325 -0.038795
5.9 0.107277 9.9538e-11 0.892709 1.09377e-10 0.272243 -0.0372035
6 0.111908 2.15883e-10 0.888078 3.45807e-11 0.275642 -0.0356507
6.1 0.116364 2.88686e-10 0.883622 -4.79795e-11 0.278542 -0.0341541
6.2 0.120636 2.74916e-10 0.87935 -9.85165e-11 0.280971 -0.0327241
6.3 0.124716 2.11448e-10 0.875269 -9.6961e-11 0.282958 -0.0313629
6.4 0.128599 1.8791e-10 0.871387 -4.9186e-11 0.284532 -0.0300652
6.5 0.132277 2.62437e-10 0.867708 1.88322e-11 0.285723 -0.028818
6.6 0.135744 4.06946e-10 0.864241 7.23703e-11 0.286556 -0.0276019
6.7 0.13899 5.53192e-10 0.860995 9.59927e-11 0.287052 -0.026393
6.8 0.142002 6.2095e-10 0.857983 9.80918e-11 0.287226 -0.0251652
6.9 0.144764 5.64422e-10 0.85522 8.32915e-11 0.287089 -0.0238923
7 0.147259 4.21605e-10 0.852725 4.34476e-11 0.286642 -0.0225505
7.1 0.149465 2.43414e-10 0.850519 -3.04965e-11 0.285884 -0.0211209
7.2 0.151361 1.14227e-10 0.848622 -1.36502e-10 0.284807 -0.019591
7.3 0.152927 9.57719e-11 0.847056 -2.52851e-10 0.283401 -0.0179557
7.4 0.154145 1.64665e-10 0.845838 -2.83763e-10 0.281654 -0.016218
7.5 0.155001 3.16387e-10 0.844981 -2.96538e-10 0.279554 -0.0143882
7.6 0.155487 4.97572e-10 0.844496 -3.09983e-10 0.277093 -0.0124832
7.7 0.155598 6.46182e-10 0.844384 -3.36421e-10 0.274262 -0.0105245
7.8 0.15534 7.16451e-10 0.844642 -3.8436e-10 0.271058 -0.00853692
7.9 0.154724 6.94072e-10 0.845258 -4.29771e-10 0.267482 -0.00654635
8 0.153765 6.05751e-10 0.846216 -4.62433e-10 0.263539 -0.00457789
8.1 0.152486 4.80729e-10 0.847495 -4.54604e-10 0.259237 -0.0026544
8.2 0.150915 3.65552e-10 0.849066 -3.97701e-10 0.254589 -0.000795387
8.3 0.14908 3.26384e-10 0.850901 -3.13506e-10 0.24961 0.000983862
8.4 0.147013 4.04381e-10 0.852967 -2.48772e-10 0.244318 0.00267267
8.5 0.144748 5.73425e-10 0.855233 -2.35465e-10 0.238729 0.00426477
8.6 0.142315 8.07387e-10 0.857666 -2.83171e-10 0.232864 0.00575764
8.7 0.139746 9.46254e-10 0.860235 -3.42524e-10 0.22674 0.00715166
8.8 0.13707 1.01557e-09 0.86291 -4.08985e-10 0.220375 0.00844907
8.9 0.134316 9.73488e-10 0.865664 -4.0045e-10 0.213785 0.00965304
9 0.131509 8.26783e-10 0.868471 -3.28393e-10 0.206989 0.0107662
9.1 0.128671 6.00616e-10 0.871308 -1.98078e-10 0.200001 0.0117903
9.2 0.125826 3.66612e-10 0.874154 -4.4133e-11 0.192839 0.0127257
9.3 0.122992 1.71833e-10 0.876987 9.72855e-11 0.185519 0.0135706
9.4 0.120187 4.75449e-11 0.879792 2.29253e-10 0.178059 0.0143207
9.5 0.117428 -4.57574e-12 0.882551 3.07688e-10 0.17048 0.0149693
9.6 0.11473 -7.68501e-12 0.885249 3.49165e-10 0.162802 0.0155071
9.7 0.112106 1.26423e-11 0.887873 3.76518e-10 0.155051 0.0159232
9.8 0.109568 3.05236e-11 0.890411 4.13182e-10 0.147255 0.0162053
9.9 0.107127 5.75181e-11 0.892852 4.53746e-10 0.139445 0.016341
10 0.104791 6.10117e-11 0.895188 5.00828e-10 0.131655 0.0163185
10.1 0.102569 4.93404e-11 0.89741 5.45845e-10 0.123923 0.0161277
10.2 0.100465 3.45293e-11 0.899514 5.8087e-10 0.11629 0.0157616
10.3 0.0984829 3.35071e-11 0.901496 5.88129e-10 0.108796 0.0152165
10.4 0.0966238 4.80056e-11 0.903355 5.81513e-10 0.101485 0.0144934
10.5 0.0948871 6.63609e-11 0.905091 5.74693e-10 0.0943981 0.0135978
10.6 0.09327 7.33317e-11 0.906708 5.70802e-10 0.0875744 0.0125406
10.7 0.0917681 5.80375e-11 0.90821 5.92082e-10 0.0810507 0.0113372
10.8 0.0903751 2.37039e-11 0.909603 6.27992e-10 0.0748593 0.0100078
10.9 0.0890837 -1.65197e-11 0.910894 6.73832e-10 0.0690274 0.00857684
11 0.0878852 -4.65342e-11 0.912093 7.14938e-10 0.0635761 0.00707204
11.1 0.0867704 -5.67715e-11 0.913207 7.42001e-10 0.0585198 0.00552395
11.2 0.0857298 -4.66494e-11 0.914248 7.54163e-10 0.0538657 0.00396469
11.3 0.0847535 -2.36561e-11 0.915224 7.58007e-10 0.0496134 0.00242689
11.4 0.0838321 2.65791e-13 0.916146 7.64394e-10 0.0457549 0.000942397
11.5 0.0829566 1.41068e-11 0.917021 7.80225e-10 0.0422753 -0.000458861
11.6 0.0821187 1.67021e-11 0.917859 7.93765e-10 0.0391533 -0.00174998
11.7 0.0813109 3.76768e-13 0.918667 8.33567e-10 0.0363616 -0.00290811
11.8 0.0805267 -2.48518e-11 0.919451 8.64912e-10 0.0338686 -0.00391517
11.9 0.0797606 -5.15406e-11 0.920218 8.80716e-10 0.0316388 -0.00475865
12 0.079008 -7.27075e-11 0.92097 8.76216e-10 0.0296344 -0.0054323
12.1 0.0782652 -8.6455e-11 0.921713 8.7498e-10 0.0278172 -0.00593614
12.2 0.0775296 -9.21887e-11 0.922449 8.79977e-10 0.0261493 -0.00627647
12.3 0.0767993 -9.11494e-11 0.923179 8.88039e-10 0.024595 -0.00646555
12.4 0.076073 -8.54532e-11 0.923905 8.92696e-10 0.0231221 -0.00652098
12.5 0.07535 -7.71661e-11 0.924628 8.87596e-10 0.0217028 -0.00646476
12.6 0.0746299 -6.74534e-11 0.925348 8.84231e-10 0.0203153 -0.00632206
12.7 0.073913 -5.73178e-11 0.926065 8.71305e-10 0.0189436 -0.00611998
12.8 0.0731993 -4.71598e-11 0.926779 8.53031e-10 0.0175778 -0.00588629
12.9 0.0724894 -3.73027e-11 0.927489 8.3604e-10 0.0162147 -0.00564787
13 0.0717836 -2.83587e-11 0.928194 8.24762e-10 0.0148572 -0.0054292
13.1 0.0710825 -2.07977e-11 0.928895 8.20959e-10 0.0135131 -0.00525113
13.2 0.0703864 -1.49053e-11 0.929591 8.23701e-10 0.0121947 -0.00512999
13.3 0.0696957 -1.08091e-11 0.930282 8.30891e-10 0.0109169 -0.00507707
13.4 0.0690107 -8.3721e-12 0.930967 8.40288e-10 0.00969639 -0.0050983
13.5 0.0683316 -6.57744e-12 0.931646 8.59788e-10 0.00855049 -0.00519421
13.6 0.0676585 -6.05379e-12 0.932319 8.76011e-10 0.00749577 -0.00536004
13.7 0.0669914 -6.64201e-12 0.932986 8.85795e-10 0.00654699 -0.00558616
13.8 0.0663305 -8.28943e-12 0.933647 8.84726e-10 0.00571609 -0.0058586
13.9 0.0656757 -1.07253e-11 0.934302 8.72192e-10 0.00501118 -0.0061601
14 0.065027 -1.35835e-11 0.934951 8.50744e-10 0.00443606 -0.00647114
14.1 0.0643843 -1.6447e-11 0.935594 8.24858e-10 0.00398976 -0.006771
14.2 0.0637475 -1.8785e-11 0.93623 7.98409e-10 0.00366649 -0.00703903
14.3 0.0631167 -2.02266e-11 0.936861 7.75738e-10 0.00345583 -0.00725574
14.4 0.0624917 -2.05642e-11 0.937486 7.58235e-10 0.00334317 -0.00740392
14.5 0.0618725 -1.97873e-11 0.938105 7.46262e-10 0.00331025 -0.00746952
14.6 0.0612591 -1.89291e-11 0.938719 7.32736e-10 0.00333608 -0.00744246
14.7 0.0606515 -1.81831e-11 0.939326 7.17725e-10 0.00339779 -0.00731746
14.8 0.0600495 -1.77472e-11 0.939928 7.04506e-10 0.00347212 -0.00709417
14.9 0.0594533 -1.72972e-11 0.940524 6.91675e-10 0.00353634 -0.00677708
15 0.0588628 -1.71402e-11 0.941115 6.85762e-10 0.00356943 -0.00637539
15.1 0.0582779 -1.67533e-11 0.9417 6.84031e-10 0.0035531 -0.00590248
15.2 0.0576986 -1.60175e-11 0.942279 6.86441e-10 0.00347261 -0.00537515
15.3 0.0571249 -1.4939e-11 0.942853 6.91885e-10 0.00331742 -0.00481277
15.4 0.0565569 -1.36829e-11 0.943421 6.99602e-10 0.00308164 -0.00423625
15.5 0.0559944 -1.25004e-11 0.943983 7.09236e-10 0.00276423 -0.00366707
15.6 0.0554374 -1.16773e-11 0.94454 7.19568e-10 0.00236904 -0.00312622
15.7 0.0548859 -1.14491e-11 0.945092 7.27853e-10 0.00190429 -0.00263304
15.8 0.0543399 -1.18416e-11 0.945638 7.31682e-10 0.00138294 -0.0022044
15.9 0.0537992 -1.26823e-11 0.946178 7.29199e-10 0.00082092 -0.00185362
16 0.053264 -1.36208e-11 0.946714 7.20799e-10 0.00023687 -0.00158993
16.1 0.052734 -1.44656e-11 0.947244 7.07828e-10 -0.000348966 -0.00141797
16.2 0.0522093 -1.51149e-11 0.947768 6.94098e-10 -0.000915766 -0.00133744
16.3 0.0516899 -1.55028e-11 0.948288 6.8276e-10 -0.0014436 -0.00134331
16.4 0.0511756 -1.55271e-11 0.948802 6.77162e-10 -0.00191437 -0.00142544
16.5 0.0506664 -1.52303e-11 0.949311 6.77639e-10 -0.00231305 -0.00157032
16.6 0.0501622 -1.47839e-11 0.949815 6.81354e-10 -0.00262822 -0.00176138
16.7 0.0496631 -1.43731e-11 0.950315 6.85669e-10 -0.00285273 -0.00198003
16.8 0.049169 -1.40727e-11 0.950809 6.88628e-10 -0.00298382 -0.00220653
16.9 0.0486798 -1.38789e-11 0.951298 6.89813e-10 -0.00302336 -0.00242125
17 0.0481954 -1.37487e-11 0.951782 6.88919e-10 -0.00297764 -0.0026055
17.1 0.0477158 -1.36754e-11 0.952262 6.87904e-10 -0.00285704 -0.0027427
17.2 0.0472411 -1.36036e-11 0.952737 6.86841e-10 -0.00267528 -0.00281898
17.3 0.046771 -1.34808e-11 0.953207 6.86133e-10 -0.0024489 -0.00282409
17.4 0.0463056 -1.33214e-11 0.953672 6.854e-10 -0.00219612 -0.00275187
17.5 0.0458449 -1.31357e-11 0.954133 6.84341e-10 -0.0019361 -0.00260043
17.6 0.0453887 -1.29698e-11 0.954589 6.82919e-10 -0.00168755 -0.00237222
17.7 0.0449371 -1.28384e-11 0.955041 6.81198e-10 -0.00146833 -0.00207382
17.8 0.04449 -1.27318e-11 0.955488 6.79575e-10 -0.00129396 -0.00171548
17.9 0.0440473 -1.26461e-11 0.95593 6.78377e-10 -0.00117745 -0.00131079
18 0.043609 -1.25686e-11 0.956369 6.77661e-10 -0.0011283 -0.000875775
18.1 0.0431751 -1.24937e-11 0.956803 6.775e-10 -0.001152 -0.000428087
18.2 0.0427455 -1.24138e-11 0.957232 6.77541e-10 -0.00124992 1.38461e-05
18.3 0.0423202 -1.23158e-11 0.957657 6.7737e-10 -0.00141906 0.000431905
18.4 0.0418991 -1.21828e-11 0.958079 6.77107e-10 -0.00165257 0.00080923
18.5 0.0414822 -1.20301e-11 0.958496 6.76793e-10 -0.00193992 0.00113103
18.6 0.0410694 -1.18746e-11 0.958908 6.76465e-10 -0.00226747 0.00138534
18.7 0.0406608 -1.17106e-11 0.959317 6.76038e-10 -0.00261926 0.00156374
18.8 0.0402562 -1.15713e-11 0.959722 6.75684e-10 -0.00297806 0.00166138
18.9 0.0398556 -1.14342e-11 0.960122 6.75252e-10 -0.00332618 0.0016778
19 0.0394591 -1.13129e-11 0.960519 6.75102e-10 -0.00364514 0.00161761
19.1 0.0390665 -1.11956e-11 0.960911 6.74982e-10 -0.00391894 0.00148853
19.2 0.0386777 -1.1081e-11 0.9613 6.74865e-10 -0.00413452 0.00130142
19.3 0.0382929 -1.09687e-11 0.961685 6.74744e-10 -0.0042811 0.00106982
19.4 0.0379119 -1.08581e-11 0.962066 6.74624e-10 -0.00435084 0.000809846
19.5 0.0375346 -1.07486e-11 0.962443 6.74516e-10 -0.00434002 0.00053942
19.6 0.0371612 -1.06412e-11 0.962817 6.74408e-10 -0.00424933 0.000276869
19.7 0.0367914 -1.05348e-11 0.963186 6.743e-10 -0.0040842 3.94833e-05
19.8 0.0364253 -1.04294e-11 0.963552 6.74191e-10 -0.00385401 -0.000157901
19.9 0.0360629 -1.03256e-11 0.963915 6.74087e-10 -0.00357081 -0.000303545
20 0.0357041 -1.02229e-11 0.964274 6.73984e-10 -0.00324798 -0.000388828
