0 0 0 1 0 0 0
0.1 1.71711e-07 5.13438e-18 0.99999 -3.2926e-11 4.8262e-05 -0.000411086
0.2 7.90701e-07 -8.30454e-17 0.999989 3.41771e-11 0.000195201 -0.000865324
0.3 2.03501e-06 -6.69447e-16 0.999988 2.23707e-10 0.000448244 -0.00134818
0.4 4.112e-06 -2.51845e-15 0.999985 5.29163e-10 0.000811246 -0.00184513
0.5 7.25728e-06 -6.55511e-15 0.999982 9.17327e-10 0.00128462 -0.00234261
0.6 1.17334e-05 -1.34647e-14 0.999977 1.34742e-09 0.00186567 -0.00282896
0.7 1.78291e-05 -2.33228e-14 0.99997 1.7883e-09 0.00254916 -0.00329519
0.8 2.58599e-05 -3.53461e-14 0.999962 2.22524e-09 0.00332802 -0.00373562
0.9 3.61724e-05 -4.49559e-14 0.999951 2.5831e-09 0.0041942 -0.00414841
1 4.91522e-05 -4.49953e-14 0.999937 2.83423e-09 0.00513958 -0.00453573
1.1 6.52406e-05 -2.38119e-14 0.999921 2.93269e-09 0.00615696 -0.00490385
1.2 8.49577e-05 3.34983e-14 0.9999 2.84519e-09 0.00724095 -0.00526292
1.3 0.000108939 1.29495e-13 0.999876 2.66562e-09 0.00838888 -0.00562654
1.4 0.000137983 2.65289e-13 0.999847 2.42981e-09 0.00960145 -0.00601117
1.5 0.000173114 4.1927e-13 0.999811 2.24288e-09 0.0108834 -0.00643538
1.6 0.00021566 5.50339e-13 0.999769 2.21419e-09 0.0122437 -0.00691894
1.7 0.000267344 6.12147e-13 0.999717 2.42173e-09 0.0136958 -0.00748193
1.8 0.000330392 7.52878e-13 0.999653 2.38802e-09 0.0152576 -0.00814374
1.9 0.000407649 9.02198e-13 0.999576 2.34946e-09 0.016951 -0.00892217
2 0.00050271 1.02017e-12 0.99948 2.31574e-09 0.0188014 -0.0098326
2.1 0.000620042 1.03948e-12 0.999362 2.3638e-09 0.0208373 -0.0108872
2.2 0.000765119 9.78469e-13 0.999217 2.49249e-09 0.0230888 -0.0120944
2.3 0.00094454 7.28733e-13 0.999037 2.80342e-09 0.0255873 -0.0134586
2.4 0.00116613 1.27998e-13 0.998815 3.42686e-09 0.0283641 -0.0149795
2.5 0.00143901 1.21947e-13 0.998542 3.76034e-09 0.0314495 -0.0166527
2.6 0.00177369 7.31522e-13 0.998207 3.98767e-09 0.0348715 -0.0184696
2.7 0.00218202 2.23293e-12 0.997799 4.11273e-09 0.0386551 -0.0204176
2.8 0.00267725 4.62504e-12 0.997304 4.16466e-09 0.0428215 -0.0224808
2.9 0.00327386 8.07835e-12 0.996707 4.23123e-09 0.0473873 -0.0246404
3 0.00398758 1.25104e-11 0.995993 4.39803e-09 0.0523637 -0.0268756
3.1 0.00483511 1.72539e-11 0.995145 4.79732e-09 0.0577566 -0.0291642
3.2 0.00583402 2.45449e-11 0.994146 5.11881e-09 0.0635658 -0.0314827
3.3 0.00700246 3.89826e-11 0.992977 4.86547e-09 0.0697855 -0.0338079
3.4 0.0083589 6.05962e-11 0.99162 3.68613e-09 0.0764037 -0.0361167
3.5 0.00992185 5.84363e-11 0.990057 3.43753e-09 0.0834031 -0.0383869
3.6 0.0117095 5.01193e-11 0.988269 4.00171e-09 0.0907612 -0.0405973
3.7 0.0137394 4.81177e-11 0.986239 4.03798e-09 0.0984504 -0.0427276
3.8 0.016028 8.18245e-11 0.98395 3.95886e-09 0.106438 -0.0447589
3.9 0.0185903 1.23724e-10 0.981388 3.81063e-09 0.114689 -0.0466741
4 0.0214394 1.31764e-10 0.978538 3.83047e-09 0.123161 -0.0484566
4.1 0.0245862 1.4139e-10 0.975391 3.85044e-09 0.131812 -0.0500912
4.2 0.0280387 1.36113e-10 0.971938 3.9483e-09 0.140595 -0.0515636
4.3 0.0318018 1.45831e-10 0.968175 3.98056e-09 0.149462 -0.0528601
4.4 0.0358765 1.43004e-10 0.9641 4.00605e-09 0.158359 -0.0539679
4.5 0.04026 1.53554e-10 0.959716 3.90859e-09 0.167234 -0.0548747
4.6 0.0449445 1.50588e-10 0.955031 3.66355e-09 0.176031 -0.05557
4.7 0.0499179 1.49785e-10 0.950057 3.34645e-09 0.184693 -0.0560442
4.8 0.0551626 1.15972e-10 0.944812 3.11485e-09 0.193164 -0.0562895
4.9 0.060656 3.48166e-11 0.939319 3.03682e-09 0.201385 -0.0563008
5 0.0663706 -3.26093e-11 0.933604 2.95012e-09 0.2093 -0.056076
5.1 0.072274 -1.39396e-10 0.9277 2.9056e-09 0.216855 -0.0556165
5.2 0.0783295 -1.35749e-10 0.921644 2.7549e-09 0.223996 -0.0549285
5.3 0.084497 -1.06464e-10 0.915476 2.58701e-09 0.230676 -0.0540232
5.4 0.0907341 1.25771e-11 0.909239 2.2606e-09 0.236853 -0.0529168
5.5 0.0969969 1.57633e-10 0.902976 1.78822e-09 0.24249 -0.0516304
5.6 0.103242 2.60134e-10 0.896731 1.28444e-09 0.247559 -0.0501905
5.7 0.109426 2.82178e-10 0.890546 8.9075e-10 0.252039 -0.048627
5.8 0.115511 4.77952e-10 0.884461 4.88355e-10 0.255921 -0.0469724
5.9 0.121461 4.77407e-10 0.878511 5.34551e-10 0.259204 -0.0452598
6 0.127244 5.30426e-10 0.872727 4.34056e-10 0.261895 -0.0435228
6.1 0.132835 5.92772e-10 0.867135 3.73543e-10 0.264013 -0.0417924
6.2 0.138215 5.79122e-10 0.861755 3.99298e-10 0.26558 -0.0400948
6.3 0.143369 6.01189e-10 0.856602 3.74685e-10 0.266629 -0.0384504
6.4 0.148285 6.37194e-10 0.851685 3.11675e-10 0.267194 -0.036872
6.5 0.152957 6.4749e-10 0.847013 2.23625e-10 0.267313 -0.0353639
6.6 0.15738 6.79315e-10 0.842589 5.33942e-11 0.26702 -0.0339233
6.7 0.16155 7.93129e-10 0.83842 -2.4409e-10 0.266349 -0.0325397
6.8 0.16546 1.00632e-09 0.834508 -6.38391e-10 0.265331 -0.031198
6.9 0.169106 1.26658e-09 0.830862 -1.01724e-09 0.263988 -0.0298792
7 0.17248 1.48395e-09 0.827488 -1.25408e-09 0.262338 -0.0285625
7.1 0.175571 1.62033e-09 0.824397 -1.30757e-09 0.260392 -0.0272275
7.2 0.178368 1.68193e-09 0.821599 -1.20098e-09 0.258155 -0.0258583
7.3 0.180861 1.7514e-09 0.819107 -1.09445e-09 0.255628 -0.0244432
7.4 0.183036 1.91805e-09 0.81693 -1.14365e-09 0.252809 -0.0229764
7.5 0.184887 2.22933e-09 0.81508 -1.41229e-09 0.249692 -0.0214579
7.6 0.186404 2.66653e-09 0.813562 -1.8851e-09 0.246271 -0.0198948
7.7 0.187587 3.1839e-09 0.812379 -2.55145e-09 0.242544 -0.0182994
7.8 0.188437 3.64775e-09 0.811529 -3.18046e-09 0.238511 -0.0166882
7.9 0.18896 3.97415e-09 0.811005 -3.62786e-09 0.234173 -0.0150799
8 0.18917 4.1302e-09 0.810795 -3.81751e-09 0.229539 -0.0134943
8.1 0.189082 4.13559e-09 0.810882 -3.72346e-09 0.224621 -0.0119507
8.2 0.188716 4.03885e-09 0.811248 -3.40571e-09 0.219436 -0.0104651
8.3 0.188096 3.92404e-09 0.811868 -3.01681e-09 0.214004 -0.00904967
8.4 0.187245 3.86294e-09 0.812719 -2.7453e-09 0.208347 -0.00771244
8.5 0.186189 3.83632e-09 0.813775 -2.44186e-09 0.202492 -0.0064571
8.6 0.184951 3.98806e-09 0.815012 -2.42205e-09 0.196464 -0.00528217
8.7 0.183556 4.41024e-09 0.816406 -2.86288e-09 0.190287 -0.00418235
8.8 0.182025 5.19243e-09 0.817937 -3.89819e-09 0.183986 -0.00314996
8.9 0.180379 6.34092e-09 0.819584 -5.50834e-09 0.177583 -0.0021753
9 0.178633 7.80843e-09 0.821329 -7.64153e-09 0.171097 -0.00124864
9.1 0.176804 9.44881e-09 0.823157 -9.92983e-09 0.164547 -0.000360007
9.2 0.174906 1.10676e-08 0.825055 -1.1998e-08 0.157949 0.000498537
9.3 0.172951 1.25084e-08 0.82701 -1.36263e-08 0.151317 0.00133307
9.4 0.17095 1.35896e-08 0.82901 -1.45485e-08 0.144663 0.00214654
9.5 0.168914 1.42696e-08 0.831046 -1.47801e-08 0.137999 0.00293878
9.6 0.166852 1.45932e-08 0.833108 -1.45465e-08 0.131338 0.00370637
9.7 0.164774 1.46546e-08 0.835185 -1.41661e-08 0.124691 0.00444248
9.8 0.162689 1.45512e-08 0.83727 -1.39005e-08 0.118072 0.00513759
9.9 0.160607 1.43396e-08 0.839352 -1.38512e-08 0.111498 0.0057799
10 0.158535 1.39963e-08 0.841423 -1.37358e-08 0.104985 0.00635666
10.1 0.156483 1.34222e-08 0.843475 -1.29631e-08 0.0985532 0.00685465
10.2 0.154459 1.24746e-08 0.845499 -1.05483e-08 0.0922256 0.00726128
10.3 0.152469 1.16955e-08 0.847488 -8.66299e-09 0.0860257 0.0075656
10.4 0.150521 1.09161e-08 0.849437 -7.18968e-09 0.0799789 0.00775845
10.5 0.148618 1.00938e-08 0.851339 -6.0011e-09 0.0741116 0.0078344
10.6 0.146766 9.23726e-09 0.853191 -5.21831e-09 0.0684494 0.00779157
10.7 0.144966 8.50133e-09 0.854991 -4.97981e-09 0.0630179 0.00763122
10.8 0.14322 8.10307e-09 0.856737 -5.35135e-09 0.0578411 0.0073588
10.9 0.141528 7.83433e-09 0.858428 -5.73421e-09 0.0529405 0.00698479
11 0.139889 7.73515e-09 0.860067 -6.22854e-09 0.0483336 0.00652288
11.1 0.138301 7.86581e-09 0.861654 -7.05505e-09 0.0440342 0.0059896
11.2 0.136762 7.91181e-09 0.863193 -7.29997e-09 0.0400512 0.00540475
11.3 0.135267 8.06426e-09 0.864688 -7.95592e-09 0.0363877 0.00479034
11.4 0.133813 8.19924e-09 0.866141 -8.42257e-09 0.0330413 0.00416826
11.5 0.132397 8.32759e-09 0.867557 -8.80445e-09 0.0300041 0.00356061
11.6 0.131014 8.46741e-09 0.86894 -9.19979e-09 0.0272632 0.00298797
11.7 0.12966 8.59576e-09 0.870294 -9.46026e-09 0.0248007 0.00246877
11.8 0.128332 8.71258e-09 0.871621 -9.65249e-09 0.0225948 0.00201868
11.9 0.127027 8.80746e-09 0.872926 -9.77961e-09 0.02062 0.00164908
12 0.125741 8.86621e-09 0.874211 -9.81802e-09 0.018849 0.00136727
12.1 0.124474 8.90051e-09 0.875479 -9.86545e-09 0.0172532 0.00117585
12.2 0.123222 8.90238e-09 0.87673 -9.84404e-09 0.015804 0.0010727
12.3 0.121985 8.8939e-09 0.877967 -9.89395e-09 0.0144742 0.00105129
12.4 0.120762 8.86931e-09 0.87919 -1.00016e-08 0.0132389 0.0011013
12.5 0.119551 8.83055e-09 0.8804 -1.01755e-08 0.012076 0.00120867
12.6 0.118353 8.79365e-09 0.881598 -1.04485e-08 0.0109677 0.00135688
12.7 0.117167 8.7557e-09 0.882784 -1.08216e-08 0.00990032 0.00152797
12.8 0.115993 8.6484e-09 0.883958 -1.07483e-08 0.00886471 0.0017035
12.9 0.114831 8.57686e-09 0.885119 -1.09222e-08 0.00785636 0.00186561
13 0.113681 8.4626e-09 0.886269 -1.0693e-08 0.00687493 0.00199763
13.1 0.112543 8.33556e-09 0.887407 -1.03247e-08 0.00592435 0.00208527
13.2 0.111417 8.20845e-09 0.888532 -9.88438e-09 0.00501174 0.00211748
13.3 0.110304 8.09131e-09 0.889646 -9.49191e-09 0.00414657 0.00208712
13.4 0.109202 7.97664e-09 0.890748 -9.14409e-09 0.00333963 0.00199118
13.5 0.108112 7.86882e-09 0.891837 -8.87482e-09 0.00260207 0.00183079
13.6 0.107033 7.76334e-09 0.892916 -8.6296e-09 0.00194453 0.00161094
13.7 0.105966 7.634e-09 0.893983 -8.1483e-09 0.00137628 0.00133999
13.8 0.10491 7.43977e-09 0.895038 -7.03622e-09 0.000904664 0.00102948
13.9 0.103865 7.31229e-09 0.896083 -6.42252e-09 0.000534146 0.000693693
14 0.102831 7.19846e-09 0.897117 -5.90609e-09 0.000265947 0.000348329
14.1 0.101808 7.10343e-09 0.89814 -5.56698e-09 9.77252e-05 9.88798e-06
14.2 0.100795 7.0396e-09 0.899153 -5.52979e-09 2.3621e-05 -0.000305125
14.3 0.0997923 7.00639e-09 0.900155 -5.78949e-09 3.38978e-05 -0.000581539
14.4 0.0987997 6.94224e-09 0.901148 -5.78377e-09 0.000115759 -0.000806271
14.5 0.0978169 6.87583e-09 0.90213 -5.76498e-09 0.000253848 -0.000968992
14.6 0.0968439 6.81427e-09 0.903103 -5.79177e-09 0.000430946 -0.00106282
14.7 0.0958805 6.75246e-09 0.904066 -5.80696e-09 0.000628922 -0.00108479
14.8 0.0949267 6.68154e-09 0.90502 -5.71986e-09 0.000829723 -0.00103593
14.9 0.0939823 6.59927e-09 0.905964 -5.50463e-09 0.00101627 -0.00092099
15 0.0930473 6.52491e-09 0.906898 -5.3475e-09 0.00117331 -0.000748259
15.1 0.0921215 6.48166e-09 0.907824 -5.48501e-09 0.00128805 -0.000528912
15.2 0.0912049 6.41432e-09 0.90874 -5.3702e-09 0.0013507 -0.000276462
15.3 0.0902974 6.33422e-09 0.909647 -5.12174e-09 0.00135494 -6.02879e-06
15.4 0.0893989 6.26064e-09 0.910546 -4.94022e-09 0.00129813 0.000266351
15.5 0.0885093 6.18338e-09 0.911435 -4.71638e-09 0.00118153 0.000524623
15.6 0.0876286 6.11564e-09 0.912315 -4.59187e-09 0.0010102 0.000753891
15.7 0.0867566 6.06071e-09 0.913187 -4.60141e-09 0.0007926 0.000940888
15.8 0.0858933 6.00092e-09 0.91405 -4.55249e-09 0.000540047 0.00107503
15.9 0.0850386 5.94484e-09 0.914905 -4.53927e-09 0.000266029 0.00114894
16 0.0841924 5.88557e-09 0.915751 -4.48492e-09 -1.47846e-05 0.00115885
16.1 0.0833546 5.8254e-09 0.916588 -4.41527e-09 -0.000287316 0.00110469
16.2 0.0825252 5.76541e-09 0.917417 -4.34155e-09 -0.000537022 0.000990061
16.3 0.081704 5.70586e-09 0.918238 -4.2657e-09 -0.000750724 0.000821941
16.4 0.080891 5.64665e-09 0.919051 -4.18573e-09 -0.000917334 0.0006102
16.5 0.0800861 5.58805e-09 0.919856 -4.10521e-09 -0.00102842 0.000367022
16.6 0.0792892 5.52917e-09 0.920652 -4.01336e-09 -0.00107862 0.00010628
16.7 0.0785003 5.47288e-09 0.921441 -3.94448e-09 -0.00106599 -0.000157367
16.8 0.0777192 5.4196e-09 0.922222 -3.90422e-09 -0.000992003 -0.000409143
16.9 0.0769458 5.37089e-09 0.922995 -3.91275e-09 -0.000861539 -0.000634983
17 0.0761802 5.32655e-09 0.923761 -3.96941e-09 -0.000682671 -0.000822393
17.1 0.0754222 5.28459e-09 0.924518 -4.05149e-09 -0.000466137 -0.000961156
17.2 0.0746717 5.23576e-09 0.925269 -4.04341e-09 -0.000224716 -0.00104393
17.3 0.0739287 5.18303e-09 0.926011 -3.97971e-09 2.75234e-05 -0.00106668
17.4 0.0731931 5.12947e-09 0.926747 -3.89977e-09 0.000276095 -0.0010288
17.5 0.0724648 5.08604e-09 0.927475 -3.94185e-09 0.000506903 -0.000933184
17.6 0.0717437 5.03752e-09 0.928196 -3.91648e-09 0.000707074 -0.000785919
17.7 0.0710299 4.98741e-09 0.92891 -3.86583e-09 0.000865644 -0.000595912
17.8 0.0703231 4.93811e-09 0.929616 -3.82017e-09 0.000974113 -0.000374321
17.9 0.0696234 4.88898e-09 0.930316 -3.77092e-09 0.00102687 -0.000133897
18 0.0689306 4.84036e-09 0.931009 -3.72252e-09 0.00102144 0.000111709
18.1 0.0682447 4.7921e-09 0.931695 -3.67302e-09 0.000958598 0.00034862
18.2 0.0675657 4.74434e-09 0.932374 -3.62419e-09 0.000842348 0.000563576
18.3 0.0668934 4.69714e-09 0.933046 -3.57721e-09 0.000679671 0.000744646
18.4 0.0662278 4.6504e-09 0.933712 -3.5304e-09 0.000480122 0.000881884
18.5 0.0655688 4.60408e-09 0.934371 -3.48362e-09 0.000255303 0.000967906
18.6 0.0649164 4.55821e-09 0.935023 -3.43701e-09 1.81843e-05 0.000998317
18.7 0.0642705 4.51286e-09 0.935669 -3.39176e-09 -0.000217668 0.000971947
18.8 0.063631 4.46801e-09 0.936308 -3.34764e-09 -0.000438898 0.000890888
18.9 0.0629978 4.42366e-09 0.936941 -3.3048e-09 -0.000633129 0.000760324
19 0.062371 4.37978e-09 0.937568 -3.26283e-09 -0.00078966 0.0005882
19.1 0.0617504 4.33631e-09 0.938189 -3.22091e-09 -0.000900073 0.000384711
19.2 0.0611359 4.29321e-09 0.938803 -3.1785e-09 -0.00095865 0.000161679
19.3 0.0605276 4.25051e-09 0.939411 -3.1361e-09 -0.000962648 -6.81337e-05
19.4 0.0599254 4.20823e-09 0.940014 -3.09403e-09 -0.000912388 -0.000291732
19.5 0.0593291 4.16637e-09 0.94061 -3.05235e-09 -0.000811217 -0.000496614
19.6 0.0587388 4.1249e-09 0.9412 -3.01053e-09 -0.000665279 -0.000671436
19.7 0.0581543 4.08383e-09 0.941785 -2.96919e-09 -0.000483166 -0.000806627
19.8 0.0575757 4.0432e-09 0.942364 -2.92856e-09 -0.000275453 -0.000894891
19.9 0.0570028 4.00297e-09 0.942936 -2.88833e-09 -5.40927e-05 -0.000931647
20 0.0564356 3.96314e-09 0.943504 -2.8485e-09 0.000168253 -0.000915283
