0 0 0 1 0 0 0
0.1 1.71711e-07 1.12618e-16 0.99999 -6.516e-10 4.82617e-05 -0.000411104
0.2 7.90718e-07 2.3937e-15 0.999989 -2.80001e-09 0.000195207 -0.000865412
0.3 2.03513e-06 1.23601e-14 0.999987 -6.24556e-09 0.000448279 -0.00134843
0.4 4.11242e-06 3.92637e-14 0.999985 -1.08531e-08 0.000811359 -0.00184566
0.5 7.25847e-06 9.43087e-14 0.999982 -1.63715e-08 0.00128489 -0.00234357
0.6 1.17362e-05 1.8486e-13 0.999977 -2.23659e-08 0.00186623 -0.0028305
0.7 1.78348e-05 3.03342e-13 0.999971 -2.82477e-08 0.00255019 -0.00329747
0.8 2.58705e-05 4.16947e-13 0.999962 -3.34379e-08 0.00332974 -0.0037388
0.9 3.61906e-05 4.58766e-13 0.999952 -3.74819e-08 0.00419686 -0.0041526
1 4.9182e-05 3.30177e-13 0.999938 -4.0189e-08 0.00514348 -0.00454103
1.1 6.52867e-05 -7.75414e-14 0.999922 -4.17587e-08 0.00616242 -0.0049103
1.2 8.50262e-05 -9.10344e-13 0.999902 -4.20159e-08 0.00724829 -0.00527051
1.3 0.000109037 -2.25036e-12 0.999878 -4.1622e-08 0.00839843 -0.00563522
1.4 0.000138118 -4.17343e-12 0.999849 -4.07682e-08 0.00961351 -0.00602084
1.5 0.000173296 -6.6679e-12 0.999813 -3.98788e-08 0.0108982 -0.0064459
1.6 0.000215897 -9.63004e-12 0.999771 -3.93599e-08 0.0122615 -0.00693014
1.7 0.000267645 -1.29013e-11 0.999719 -3.94267e-08 0.0137168 -0.00749364
1.8 0.000330766 -1.63429e-11 0.999655 -4.005e-08 0.0152819 -0.00815579
1.9 0.000408105 -2.0004e-11 0.999578 -4.08236e-08 0.0169787 -0.00893444
2 0.000503255 -2.36399e-11 0.999483 -4.22076e-08 0.0188325 -0.00984498
2.1 0.000620684 -2.74915e-11 0.999365 -4.38081e-08 0.0208717 -0.0108997
2.2 0.000765865 -3.20301e-11 0.99922 -4.53992e-08 0.0231266 -0.0121071
2.3 0.000945397 -3.80518e-11 0.99904 -4.67699e-08 0.0256284 -0.0134716
2.4 0.00116711 -4.6939e-11 0.998818 -4.76533e-08 0.0284086 -0.0149931
2.5 0.00144013 -6.01167e-11 0.998544 -4.81054e-08 0.0314974 -0.0166674
2.6 0.00177498 -7.93899e-11 0.998209 -4.79068e-08 0.0349229 -0.0184857
2.7 0.00218352 -1.05688e-10 0.997801 -4.74337e-08 0.0387104 -0.0204357
2.8 0.00267901 -1.38368e-10 0.997305 -4.73772e-08 0.0428811 -0.0225015
2.9 0.00327597 -1.74249e-10 0.996708 -4.88903e-08 0.0474517 -0.0246645
3 0.00399013 -2.20612e-10 0.995993 -5.01026e-08 0.0524337 -0.0269036
3.1 0.00483826 -2.80632e-10 0.995145 -5.10558e-08 0.057833 -0.0291965
3.2 0.00583793 -3.53671e-10 0.994145 -5.23831e-08 0.0636497 -0.03152
3.3 0.00700734 -4.51027e-10 0.992975 -5.26615e-08 0.0698779 -0.0338506
3.4 0.00836501 -5.71797e-10 0.991617 -5.19107e-08 0.0765059 -0.0361649
3.5 0.00992947 -7.34443e-10 0.990053 -4.96671e-08 0.0835164 -0.0384407
3.6 0.0117189 -9.56274e-10 0.988263 -4.66295e-08 0.0908869 -0.0406563
3.7 0.013751 -1.22377e-09 0.98623 -4.36655e-08 0.0985895 -0.0427915
3.8 0.016042 -1.48794e-09 0.983939 -4.21561e-08 0.106592 -0.0448275
3.9 0.0186071 -1.8306e-09 0.981374 -3.72003e-08 0.114858 -0.0467466
4 0.0214593 -2.05515e-09 0.978521 -3.36054e-08 0.123348 -0.0485324
4.1 0.0246095 -2.11576e-09 0.975371 -3.23917e-08 0.132017 -0.0501691
4.2 0.0280656 -2.0671e-09 0.971914 -3.15861e-08 0.140818 -0.0516424
4.3 0.0318324 -1.95298e-09 0.968147 -2.97284e-08 0.149703 -0.0529387
4.4 0.0359108 -1.5873e-09 0.964068 -3.03258e-08 0.158618 -0.0540451
4.5 0.0402978 -1.07942e-09 0.959681 -3.2089e-08 0.167511 -0.0549497
4.6 0.0449857 -5.31525e-10 0.954993 -3.40784e-08 0.176325 -0.055642
4.7 0.0499621 6.22432e-11 0.950016 -3.70127e-08 0.185004 -0.0561124
4.8 0.0552094 5.4345e-10 0.944768 -3.99705e-08 0.193489 -0.0563535
4.9 0.0607049 7.83655e-10 0.939272 -4.22432e-08 0.201725 -0.0563602
5 0.066421 6.5216e-10 0.933556 -4.32868e-08 0.209653 -0.0561306
5.1 0.0723252 3.56923e-11 0.927651 -4.20502e-08 0.21722 -0.0556669
5.2 0.0783809 -1.46249e-09 0.921595 -3.66992e-08 0.224373 -0.0549758
5.3 0.084548 -4.34787e-09 0.915428 -2.56715e-08 0.231065 -0.0540683
5.4 0.0907843 -7.79084e-09 0.909191 -6.45328e-09 0.237253 -0.0529605
5.5 0.0970459 -7.6891e-09 0.902929 2.42042e-09 0.242901 -0.0516737
5.6 0.103289 -5.60877e-09 0.896685 7.06136e-09 0.247981 -0.0502342
5.7 0.109472 -3.58567e-09 0.890502 7.67406e-09 0.252474 -0.0486717
5.8 0.115555 -1.60483e-09 0.884418 6.30566e-09 0.256368 -0.0470189
5.9 0.121503 -4.80851e-10 0.87847 4.65833e-09 0.259663 -0.0453098
6 0.127285 -1.26037e-09 0.872687 4.6841e-09 0.262369 -0.0435774
6.1 0.132876 -1.70381e-09 0.867096 5.81111e-09 0.264502 -0.0418513
6.2 0.138255 -4.6155e-09 0.861716 9.29025e-09 0.266087 -0.0401575
6.3 0.143408 -1.31893e-08 0.856563 1.96059e-08 0.267154 -0.038516
6.4 0.148325 -2.21155e-08 0.851646 3.06543e-08 0.267737 -0.0369396
6.5 0.152997 -2.61725e-08 0.846974 3.66968e-08 0.267874 -0.0354327
6.6 0.157419 -2.22817e-08 0.84255 3.4013e-08 0.267601 -0.0339919
6.7 0.161588 -1.28336e-08 0.838381 2.39584e-08 0.266948 -0.0326072
6.8 0.165498 -2.06206e-10 0.834471 8.75269e-09 0.265946 -0.0312626
6.9 0.169142 1.61784e-08 0.830827 -1.15359e-08 0.264618 -0.02994
7 0.172512 3.30083e-08 0.827456 -3.27891e-08 0.262981 -0.0286194
7.1 0.175599 4.83463e-08 0.824368 -5.23208e-08 0.261046 -0.0272811
7.2 0.178393 6.27367e-08 0.821574 -6.8888e-08 0.258817 -0.0259091
7.3 0.18088 7.663e-08 0.819087 -8.30556e-08 0.256295 -0.0244914
7.4 0.18305 8.7572e-08 0.816916 -9.22944e-08 0.253477 -0.023023
7.5 0.184895 9.76988e-08 0.815071 -9.93229e-08 0.250357 -0.0215054
7.6 0.186407 1.0735e-07 0.813558 -1.05126e-07 0.24693 -0.0199452
7.7 0.187586 1.17237e-07 0.812379 -1.12494e-07 0.243193 -0.0183557
7.8 0.188432 1.28338e-07 0.811532 -1.25048e-07 0.239147 -0.0167535
7.9 0.188955 1.37668e-07 0.811009 -1.31747e-07 0.234794 -0.0151566
8 0.189166 1.54601e-07 0.810798 -1.42259e-07 0.230141 -0.0135851
8.1 0.189081 1.70378e-07 0.810882 -1.54361e-07 0.225201 -0.0120579
8.2 0.188721 1.79697e-07 0.811241 -1.59728e-07 0.219993 -0.010591
8.3 0.18811 1.80955e-07 0.811853 -1.56891e-07 0.214536 -0.00919521
8.4 0.187271 1.75531e-07 0.812692 -1.47972e-07 0.208854 -0.00787787
8.5 0.186228 1.69867e-07 0.813733 -1.38143e-07 0.202973 -0.00664127
8.6 0.185007 1.59353e-07 0.814954 -1.26526e-07 0.196918 -0.00548225
8.7 0.18363 1.43659e-07 0.816331 -1.10001e-07 0.190712 -0.00439551
8.8 0.182119 1.29888e-07 0.817842 -9.6411e-08 0.184381 -0.00337251
8.9 0.180491 1.14791e-07 0.819469 -8.3395e-08 0.177946 -0.00240379
9 0.178765 9.9301e-08 0.821195 -6.86267e-08 0.171426 -0.00147866
9.1 0.176955 8.53049e-08 0.823005 -5.43705e-08 0.16484 -0.000587613
9.2 0.175075 7.95953e-08 0.824885 -4.62761e-08 0.158206 0.000277209
9.3 0.173136 7.80181e-08 0.826823 -4.60835e-08 0.151535 0.00112109
9.4 0.171151 8.26566e-08 0.828809 -5.99102e-08 0.144842 0.0019463
9.5 0.169128 8.46507e-08 0.830831 -6.65048e-08 0.13814 0.00275166
9.6 0.167077 8.76073e-08 0.832882 -7.54137e-08 0.131442 0.00353365
9.7 0.165009 9.23778e-08 0.83495 -8.79589e-08 0.124762 0.00428557
9.8 0.162932 9.65814e-08 0.837026 -9.90069e-08 0.118114 0.00499845
9.9 0.160856 1.06339e-07 0.839102 -1.10943e-07 0.111513 0.0056602
10 0.158789 1.14677e-07 0.841169 -1.15143e-07 0.104979 0.00625754
10.1 0.156741 1.23697e-07 0.843217 -1.20681e-07 0.0985295 0.00677668
10.2 0.154718 1.24577e-07 0.845239 -1.20865e-07 0.092188 0.00720447
10.3 0.152729 1.21654e-07 0.847228 -1.19273e-07 0.0859788 0.00752939
10.4 0.150779 1.18571e-07 0.849178 -1.17023e-07 0.0799271 0.00774208
10.5 0.148875 1.08063e-07 0.851082 -1.05408e-07 0.0740587 0.00783626
10.6 0.14702 9.94855e-08 0.852937 -9.23732e-08 0.0683996 0.0078094
10.7 0.145217 9.15607e-08 0.85474 -7.64104e-08 0.0629746 0.00766228
10.8 0.143467 8.17197e-08 0.856489 -6.15007e-08 0.0578072 0.00740004
10.9 0.141771 6.83371e-08 0.858185 -4.34378e-08 0.0529189 0.00703244
11 0.140128 5.49539e-08 0.859827 -2.57443e-08 0.0483272 0.00657324
11.1 0.138537 4.5502e-08 0.861419 -1.21793e-08 0.044045 0.00604015
11.2 0.136994 4.29622e-08 0.862962 -6.38826e-09 0.0400801 0.00545355
11.3 0.135495 4.62197e-08 0.86446 -1.56496e-09 0.0364345 0.00483515
11.4 0.134038 5.27075e-08 0.865917 -3.2414e-09 0.0331057 0.00420674
11.5 0.132619 6.04372e-08 0.867336 -6.95738e-09 0.030085 0.0035911
11.6 0.131233 6.89799e-08 0.868722 -1.2176e-08 0.0273581 0.00300927
11.7 0.129876 7.74676e-08 0.870078 -1.72889e-08 0.0249063 0.00247965
11.8 0.128545 8.52821e-08 0.871409 -2.19907e-08 0.0227075 0.00201734
11.9 0.127238 9.1785e-08 0.872716 -2.56578e-08 0.0207365 0.0016345
12 0.12595 9.5937e-08 0.874003 -2.77076e-08 0.0189662 0.00133877
12.1 0.124681 9.81775e-08 0.875272 -2.68363e-08 0.0173685 0.00113307
12.2 0.123428 9.96705e-08 0.876526 -2.59649e-08 0.0159153 0.00101649
12.3 0.122189 1.00858e-07 0.877764 -2.49151e-08 0.0145791 0.000983461
12.4 0.120964 1.01778e-07 0.878989 -2.42585e-08 0.0133348 0.00102407
12.5 0.119751 1.02345e-07 0.880201 -2.51738e-08 0.0121607 0.00112462
12.6 0.118552 1.02513e-07 0.881401 -2.94745e-08 0.011039 0.00126872
12.7 0.117364 1.02009e-07 0.882588 -3.58885e-08 0.00995636 0.00143883
12.8 0.116189 1.0078e-07 0.883764 -4.33092e-08 0.00890361 0.00161631
12.9 0.115025 9.85183e-08 0.884927 -4.7647e-08 0.00787671 0.0017827
13 0.113874 9.4008e-08 0.886078 -3.72471e-08 0.00687626 0.00192111
13.1 0.112734 9.01841e-08 0.887218 -3.2917e-08 0.0059067 0.0020171
13.2 0.111606 8.6349e-08 0.888345 -2.74669e-08 0.00497564 0.0020595
13.3 0.110491 8.29607e-08 0.88946 -2.35974e-08 0.0040929 0.00204083
13.4 0.109387 7.9926e-08 0.890564 -2.00506e-08 0.00326965 0.00195738
13.5 0.108295 7.72375e-08 0.891656 -1.6842e-08 0.00251759 0.00180937
13.6 0.107215 7.4117e-08 0.892736 -7.41648e-09 0.00184809 0.00160104
13.7 0.106146 7.18787e-08 0.893805 -2.72584e-09 0.00127123 0.00134092
13.8 0.105089 7.00989e-08 0.894862 1.09226e-09 0.000794491 0.00104012
13.9 0.104042 6.86233e-08 0.895909 5.09855e-09 0.000422799 0.000712694
14 0.103006 6.75292e-08 0.896944 7.67795e-09 0.000157268 0.000374407
14.1 0.101981 6.68389e-08 0.897969 8.13863e-09 -4.73198e-06 4.17299e-05
14.2 0.100967 6.63982e-08 0.898984 7.35046e-09 -6.95747e-05 -0.000269128
14.3 0.0999621 6.52789e-08 0.899988 1.35932e-08 -4.70626e-05 -0.000543162
14.4 0.0989677 6.47234e-08 0.900983 1.47137e-08 4.98226e-05 -0.00076719
14.5 0.0979833 6.43076e-08 0.901967 1.44237e-08 0.000205349 -0.000930701
14.6 0.0970086 6.39141e-08 0.902942 1.43089e-08 0.000401821 -0.00102644
14.7 0.0960436 6.35838e-08 0.903906 1.32295e-08 0.000620489 -0.00105109
14.8 0.0950882 6.31636e-08 0.904862 1.27486e-08 0.000842537 -0.00100522
14.9 0.0941422 6.26486e-08 0.905807 1.28268e-08 0.00104989 -0.00089325
15 0.0932056 6.20363e-08 0.906744 1.35808e-08 0.00122631 -0.000723191
15.1 0.0922782 6.14595e-08 0.907671 1.37881e-08 0.00135806 -0.000506283
15.2 0.0913601 6.08214e-08 0.908589 1.46881e-08 0.00143465 -0.000256227
15.3 0.090451 6.01811e-08 0.909498 1.56798e-08 0.00144935 1.16319e-05
15.4 0.089551 5.95748e-08 0.910398 1.64229e-08 0.00139941 0.000281233
15.5 0.0886599 5.90087e-08 0.911289 1.67513e-08 0.00128607 0.000536664
15.6 0.0877777 5.84605e-08 0.912171 1.6926e-08 0.00111438 0.000763045
15.7 0.0869042 5.7977e-08 0.913044 1.64418e-08 0.00089279 0.000947327
15.8 0.0860394 5.74872e-08 0.913909 1.61415e-08 0.000632624 0.00107891
15.9 0.0851833 5.687e-08 0.914765 1.73067e-08 0.000347521 0.00115029
16 0.0843357 5.6214e-08 0.915612 1.89848e-08 5.25222e-05 0.00115744
16.1 0.0834965 5.55387e-08 0.916451 2.09842e-08 -0.000236702 0.00110005
16.2 0.0826656 5.4925e-08 0.917282 2.22708e-08 -0.000504836 0.000981554
16.3 0.0818431 5.43657e-08 0.918105 2.30196e-08 -0.000737779 0.000808848
16.4 0.0810287 5.38964e-08 0.918919 2.26896e-08 -0.00092347 0.000591892
16.5 0.0802225 5.33815e-08 0.919725 2.30451e-08 -0.00105251 0.000343098
16.6 0.0794242 5.28589e-08 0.920523 2.34933e-08 -0.00111877 7.67208e-05
16.7 0.0786339 5.23314e-08 0.921313 2.40451e-08 -0.0011197 -0.000192059
16.8 0.0778515 5.18105e-08 0.922096 2.45656e-08 -0.00105647 -0.000448039
16.9 0.0770769 5.12921e-08 0.92287 2.51143e-08 -0.000933822 -0.000676955
17 0.07631 5.07734e-08 0.923637 2.57234e-08 -0.00075973 -0.000866218
17.1 0.0755507 5.02683e-08 0.924397 2.62106e-08 -0.000544848 -0.00100553
17.2 0.0747989 4.9763e-08 0.925148 2.67409e-08 -0.00030196 -0.00108754
17.3 0.0740547 4.92664e-08 0.925893 2.72307e-08 -4.52217e-05 -0.00110801
17.4 0.0733178 4.87767e-08 0.92663 2.77332e-08 0.000210659 -0.00106636
17.5 0.0725883 4.82948e-08 0.927359 2.8202e-08 0.000451287 -0.00096538
17.6 0.071866 4.7815e-08 0.928081 2.87013e-08 0.000663191 -0.000811057
17.7 0.071151 4.73377e-08 0.928797 2.92126e-08 0.000834646 -0.00061234
17.8 0.070443 4.68689e-08 0.929505 2.96579e-08 0.000956351 -0.000380647
17.9 0.0697421 4.64145e-08 0.930205 2.99614e-08 0.0010219 -0.000129224
18 0.0690481 4.59759e-08 0.930899 3.01017e-08 0.00102823 0.000127635
18.1 0.0683611 4.55126e-08 0.931586 3.06528e-08 0.000975698 0.000375455
18.2 0.0676809 4.5057e-08 0.932267 3.11394e-08 0.000868026 0.000600398
18.3 0.0670075 4.46055e-08 0.93294 3.16257e-08 0.000712095 0.000790073
18.4 0.0663407 4.41617e-08 0.933607 3.20631e-08 0.000517418 0.00093422
18.5 0.0656806 4.37254e-08 0.934267 3.24567e-08 0.000295589 0.00102523
18.6 0.0650271 4.32915e-08 0.934921 3.28784e-08 5.96192e-05 0.00105854
18.7 0.0643801 4.28622e-08 0.935568 3.32941e-08 -0.000176871 0.00103292
18.8 0.0637395 4.24357e-08 0.936208 3.37257e-08 -0.000400411 0.000950417
18.9 0.0631052 4.20132e-08 0.936842 3.41557e-08 -0.000598462 0.000816227
19 0.0624773 4.15952e-08 0.93747 3.4577e-08 -0.000760063 0.000638335
19.1 0.0618557 4.11808e-08 0.938092 3.50001e-08 -0.000876437 0.000427084
19.2 0.0612402 4.07708e-08 0.938707 3.54123e-08 -0.000941413 0.000194507
19.3 0.0606308 4.03651e-08 0.939316 3.58176e-08 -0.000951802 -4.62699e-05
19.4 0.0600276 3.99636e-08 0.93992 3.6218e-08 -0.000907529 -0.000281786
19.5 0.0594303 3.95661e-08 0.940517 3.66123e-08 -0.000811609 -0.00049897
19.6 0.058839 3.91728e-08 0.941109 3.70011e-08 -0.000669957 -0.000685895
19.7 0.0582535 3.87831e-08 0.941694 3.73905e-08 -0.000491094 -0.000832469
19.8 0.0576739 3.83972e-08 0.942274 3.77764e-08 -0.000285554 -0.000930945
19.9 0.0571 3.80151e-08 0.942848 3.81585e-08 -6.53381e-05 -0.000976427
20 0.0565318 3.76369e-08 0.943416 3.85367e-08 0.000156823 -0.000967067
