0 0 0 1 0 0 0
0.1 1.71712e-07 5.18993e-21 0.999996 -3.0191e-14 4.82775e-05 -0.000411528
0.2 7.91124e-07 3.46947e-20 0.999995 -7.08237e-14 0.000195532 -0.000867544
0.3 2.03786e-06 1.18506e-19 0.999993 -1.1939e-13 0.000449863 -0.00135438
0.4 4.12258e-06 3.02892e-19 0.99999 -1.77073e-13 0.000816179 -0.00185823
0.5 7.28648e-06 6.26002e-19 0.999987 -2.42893e-13 0.00129628 -0.00236598
0.6 1.18003e-05 1.04074e-18 0.999981 -3.12145e-13 0.00188911 -0.00286601
0.7 1.79637e-05 1.30653e-18 0.999974 -3.79413e-13 0.00259122 -0.00334896
0.8 2.61053e-05 7.50445e-19 0.999965 -4.35274e-13 0.00339735 -0.00380831
0.9 3.65854e-05 -1.25957e-18 0.999954 -4.82794e-13 0.00430114 -0.00424084
1 4.98026e-05 -5.97335e-18 0.999941 -5.18914e-13 0.00529592 -0.00464695
1.1 6.62056e-05 -1.51223e-17 0.999924 -5.41488e-13 0.00637559 -0.00503073
1.2 8.63131e-05 -3.09471e-17 0.999904 -5.49676e-13 0.00753537 -0.0053999
1.3 0.000110743 -5.59611e-17 0.999879 -5.4294e-13 0.00877269 -0.00576553
1.4 0.000140253 -9.29339e-17 0.999849 -5.21313e-13 0.0100878 -0.00614156
1.5 0.000175794 -1.44373e-16 0.999814 -4.85849e-13 0.0114844 -0.00654426
1.6 0.00021858 -2.12041e-16 0.999771 -4.38111e-13 0.0129701 -0.00699146
1.7 0.000270169 -2.99833e-16 0.99972 -3.68053e-13 0.0145566 -0.00750176
1.8 0.00033256 -4.01869e-16 0.999658 -2.92233e-13 0.0162597 -0.00809368
1.9 0.000408303 -5.07577e-16 0.999583 -2.23074e-13 0.0180993 -0.00878481
2 0.000500618 -6.11775e-16 0.999491 -1.57245e-13 0.0200989 -0.00959094
2.1 0.00061352 -7.02202e-16 0.999378 -9.46198e-14 0.0222854 -0.0105254
2.2 0.000751944 -7.59621e-16 0.99924 -3.99641e-14 0.0246879 -0.0115982
2.3 0.000921866 -7.59112e-16 0.999071 5.37533e-15 0.0273375 -0.0128157
2.4 0.00113041 -6.72836e-16 0.998862 3.8251e-14 0.0302659 -0.0141804
2.5 0.00138592 -4.70153e-16 0.998607 5.65485e-14 0.0335047 -0.0156901
2.6 0.00169803 -1.18114e-16 0.998295 5.92351e-14 0.0370843 -0.0173387
2.7 0.0020777 4.13023e-16 0.997916 4.62537e-14 0.0410331 -0.0191153
2.8 0.00253715 1.14599e-15 0.997456 1.57005e-14 0.0453762 -0.0210056
2.9 0.00308981 2.07941e-15 0.996904 -2.84774e-14 0.050135 -0.0229913
3 0.00375017 3.19468e-15 0.996243 -8.49709e-14 0.0553261 -0.025051
3.1 0.00453364 4.43028e-15 0.99546 -1.50192e-13 0.0609608 -0.0271608
3.2 0.00545625 5.68718e-15 0.994537 -2.20423e-13 0.0670445 -0.0292947
3.3 0.00653434 6.81526e-15 0.993458 -2.92518e-13 0.0735765 -0.0314253
3.4 0.00778426 7.59962e-15 0.992208 -3.62307e-13 0.0805496 -0.0335245
3.5 0.0092219 7.79546e-15 0.99077 -4.25681e-13 0.0879502 -0.035564
3.6 0.0108623 7.11343e-15 0.98913 -4.79288e-13 0.0957582 -0.0375157
3.7 0.012719 5.25478e-15 0.987273 -5.19837e-13 0.103947 -0.0393523
3.8 0.0148038 1.88349e-15 0.985188 -5.44857e-13 0.112485 -0.0410479
3.9 0.017126 -3.22028e-15 0.982866 -5.52876e-13 0.121333 -0.042578
4 0.0196921 -1.02626e-14 0.980299 -5.42953e-13 0.130448 -0.0439203
4.1 0.0225051 -1.92585e-14 0.977486 -5.16103e-13 0.139783 -0.0450545
4.2 0.0255641 -3.0057e-14 0.974427 -4.72813e-13 0.149284 -0.045963
4.3 0.028864 -4.23215e-14 0.971128 -4.1485e-13 0.158897 -0.0466311
4.4 0.0323952 -5.53624e-14 0.967596 -3.45957e-13 0.168562 -0.0470472
4.5 0.0361433 -6.81988e-14 0.963848 -2.7005e-13 0.17822 -0.0472034
4.6 0.040089 -7.96701e-14 0.959903 -1.91624e-13 0.187809 -0.0470954
4.7 0.0442084 -8.8342e-14 0.955784 -1.15561e-13 0.197268 -0.0467233
4.8 0.0484732 -9.27724e-14 0.951519 -4.65529e-14 0.206535 -0.046092
4.9 0.052851 -9.14181e-14 0.947141 9.8328e-15 0.215551 -0.045211
5 0.0573064 -8.30359e-14 0.942686 4.97994e-14 0.224261 -0.0440951
5.1 0.0618013 -6.67471e-14 0.938191 7.07193e-14 0.232614 -0.042764
5.2 0.0662965 -4.2381e-14 0.933696 7.04694e-14 0.240564 -0.0412426
5.3 0.0707527 -1.03236e-14 0.92924 4.81772e-14 0.248071 -0.0395602
5.4 0.0751316 2.77558e-14 0.924861 5.26008e-15 0.255103 -0.0377497
5.5 0.0793976 6.98132e-14 0.920595 -5.50495e-14 0.261637 -0.0358468
5.6 0.0835183 1.12808e-13 0.916474 -1.29197e-13 0.267659 -0.0338886
5.7 0.0874662 1.53216e-13 0.912526 -2.11291e-13 0.273162 -0.0319115
5.8 0.091219 1.87059e-13 0.908773 -2.95071e-13 0.278148 -0.0299501
5.9 0.0947597 2.10188e-13 0.905232 -3.74171e-13 0.282628 -0.0280348
6 0.0980771 2.19134e-13 0.901914 -4.42063e-13 0.286618 -0.0261902
6.1 0.101165 2.11223e-13 0.898827 -4.93439e-13 0.29014 -0.0244334
6.2 0.10402 1.84669e-13 0.895971 -5.22861e-13 0.293221 -0.0227733
6.3 0.106643 1.39499e-13 0.893348 -5.27671e-13 0.295884 -0.0212093
6.4 0.109035 7.76548e-14 0.890956 -5.07329e-13 0.298157 -0.0197323
6.5 0.111197 1.99681e-15 0.888794 -4.63175e-13 0.300062 -0.0183249
6.6 0.113128 -8.19939e-14 0.886863 -3.98029e-13 0.301616 -0.0169631
6.7 0.114824 -1.69053e-13 0.885166 -3.17174e-13 0.302833 -0.0156186
6.8 0.116279 -2.52386e-13 0.883711 -2.26975e-13 0.303716 -0.014261
6.9 0.11748 -3.24843e-13 0.88251 -1.35436e-13 0.304265 -0.0128605
7 0.118414 -3.80071e-13 0.881576 -4.8451e-14 0.304472 -0.0113909
7.1 0.119064 -4.12472e-13 0.880926 2.56644e-14 0.304324 -0.00983115
7.2 0.119412 -4.18905e-13 0.880578 8.22884e-14 0.303804 -0.00816789
7.3 0.11944 -3.97729e-13 0.88055 1.16543e-13 0.302893 -0.00639583
7.4 0.119134 -3.49468e-13 0.880855 1.26308e-13 0.30157 -0.00451821
7.5 0.118484 -2.76976e-13 0.881505 1.11489e-13 0.299818 -0.00254619
7.6 0.117484 -1.84885e-13 0.882506 7.35247e-14 0.297621 -0.00049762
7.7 0.116133 -8.03105e-14 0.883856 1.73695e-14 0.294969 0.00160474
7.8 0.114441 2.92754e-14 0.885548 -5.23657e-14 0.291856 0.00373525
7.9 0.112421 1.35884e-13 0.887568 -1.3003e-13 0.288283 0.00586752
8 0.110093 2.31761e-13 0.889896 -2.08734e-13 0.284255 0.0079764
8.1 0.107483 3.10508e-13 0.892506 -2.84175e-13 0.279784 0.0100396
8.2 0.10462 3.67726e-13 0.895369 -3.52256e-13 0.274883 0.012039
8.3 0.101536 3.99894e-13 0.898453 -4.08134e-13 0.269571 0.0139611
8.4 0.0982649 4.06173e-13 0.901724 -4.50831e-13 0.26387 0.0157973
8.5 0.0948407 3.88017e-13 0.905148 -4.83924e-13 0.257799 0.0175434
8.6 0.0912966 3.47629e-13 0.908692 -5.05356e-13 0.251382 0.0191987
8.7 0.0876646 2.90038e-13 0.912324 -5.2611e-13 0.24464 0.020765
8.8 0.0839749 2.18891e-13 0.916014 -5.36193e-13 0.237593 0.0222452
8.9 0.0802555 1.39271e-13 0.919733 -5.35449e-13 0.230262 0.0236422
9 0.0765327 5.66281e-14 0.923456 -5.25258e-13 0.222664 0.0249576
9.1 0.0728304 -2.39079e-14 0.927158 -5.07147e-13 0.21482 0.0261906
9.2 0.0691712 -9.72997e-14 0.930817 -4.81667e-13 0.206748 0.0273375
9.3 0.0655758 -1.60199e-13 0.934413 -4.5002e-13 0.19847 0.0283914
9.4 0.0620636 -2.09472e-13 0.937925 -4.13053e-13 0.190007 0.0293417
9.5 0.0586526 -2.43288e-13 0.941336 -3.70381e-13 0.181385 0.030175
9.6 0.0553596 -2.61387e-13 0.944629 -3.23932e-13 0.172633 0.030875
9.7 0.0522001 -2.64022e-13 0.947788 -2.7322e-13 0.163783 0.0314238
9.8 0.0491879 -2.52483e-13 0.9508 -2.19124e-13 0.154871 0.0318026
9.9 0.0463351 -2.29017e-13 0.953653 -1.6304e-13 0.145939 0.0319932
10 0.043652 -1.96084e-13 0.956336 -1.06908e-13 0.137031 0.031979
10.1 0.0411465 -1.56404e-13 0.958842 -5.21917e-14 0.128196 0.0317458
10.2 0.0388243 -1.12742e-13 0.961164 -1.86243e-17 0.119484 0.0312838
10.3 0.0366882 -6.78104e-14 0.9633 4.66495e-14 0.110948 0.0305876
10.4 0.0347386 -2.3981e-14 0.96525 8.50162e-14 0.102639 0.0296578
10.5 0.0329733 1.6462e-14 0.967015 1.12225e-13 0.0946097 0.0285009
10.6 0.0313872 5.19425e-14 0.968601 1.27083e-13 0.0869091 0.0271302
10.7 0.0299731 8.11427e-14 0.970015 1.27426e-13 0.0795823 0.025565
10.8 0.0287217 1.03442e-13 0.971267 1.12681e-13 0.0726691 0.0238311
10.9 0.0276218 1.18621e-13 0.972367 8.11372e-14 0.0662028 0.0219599
11 0.026661 1.26937e-13 0.973327 3.36833e-14 0.0602086 0.0199871
11.1 0.0258259 1.29156e-13 0.974163 -2.75956e-14 0.0547032 0.0179522
11.2 0.0251025 1.26029e-13 0.974886 -1.01422e-13 0.0496942 0.0158967
11.3 0.024477 1.18803e-13 0.975511 -1.8427e-13 0.0451791 0.0138626
11.4 0.0239356 1.08731e-13 0.976053 -2.73861e-13 0.0411463 0.0118912
11.5 0.0234653 9.69213e-14 0.976523 -3.65206e-13 0.037575 0.0100208
11.6 0.0230541 8.4337e-14 0.976934 -4.53365e-13 0.0344361 0.0082859
11.7 0.022691 7.18574e-14 0.977297 -5.32827e-13 0.0316935 0.00671531
11.8 0.0223663 6.01672e-14 0.977622 -5.9996e-13 0.0293052 0.00533134
11.9 0.0220717 4.97551e-14 0.977916 -6.5092e-13 0.0272254 0.00414882
12 0.0218001 4.09654e-14 0.978188 -6.83605e-13 0.0254058 0.0031746
12.1 0.0215459 3.39849e-14 0.978442 -6.98716e-13 0.0237978 0.00240742
12.2 0.0213046 2.90162e-14 0.978684 -7.02493e-13 0.0223542 0.00183813
12.3 0.0210726 2.61353e-14 0.978916 -7.07031e-13 0.0210309 0.00145024
12.4 0.0208474 2.56689e-14 0.979141 -7.40771e-13 0.0197886 0.00122093
12.5 0.0206274 2.81523e-14 0.979361 -8.4928e-13 0.018594 0.00112225
12.6 0.0204113 2.67529e-14 0.979577 -7.27632e-13 0.0174208 0.0011226
12.7 0.0201985 2.54832e-14 0.97979 -5.87641e-13 0.0162504 0.00118833
12.8 0.0199886 2.42003e-14 0.979999 -4.36423e-13 0.0150718 0.00128543
12.9 0.0197816 2.29724e-14 0.980207 -2.8223e-13 0.0138817 0.00138115
13 0.0195773 2.19437e-14 0.980411 -1.33456e-13 0.0126841 0.00144554
13.1 0.0193759 2.12037e-14 0.980612 2.27889e-15 0.0114893 0.0014528
13.2 0.0191774 2.07697e-14 0.980811 1.17239e-13 0.0103125 0.00138248
13.3 0.0189819 2.06477e-14 0.981006 2.05431e-13 0.00917322 0.00122032
13.4 0.0187895 2.08036e-14 0.981199 2.60868e-13 0.00809306 0.000958793
13.5 0.0185999 2.12481e-14 0.981388 2.81251e-13 0.00709455 0.000597341
13.6 0.0184133 2.19967e-14 0.981575 2.64184e-13 0.00619946 0.000142175
13.7 0.0182293 2.30876e-14 0.981759 2.1052e-13 0.00542732 -0.000394212
13.8 0.018048 2.45393e-14 0.98194 1.21887e-13 0.00479412 -0.000993841
13.9 0.0178691 2.63734e-14 0.982119 1.43075e-15 0.00431112 -0.00163434
14 0.0176924 2.85506e-14 0.982296 -1.44475e-13 0.00398405 -0.00229026
14.1 0.0175177 3.09784e-14 0.982471 -3.08389e-13 0.00381257 -0.00293454
14.2 0.017345 3.35321e-14 0.982643 -4.82472e-13 0.0037901 -0.00354005
14.3 0.0171741 3.60599e-14 0.982814 -6.56949e-13 0.00390408 -0.00408106
14.4 0.0170048 3.84071e-14 0.982983 -8.22563e-13 0.00413643 -0.0045347
14.5 0.0168372 4.04234e-14 0.983151 -9.70007e-13 0.00446437 -0.00488212
14.6 0.016671 4.19792e-14 0.983317 -1.09174e-12 0.00486149 -0.00510955
14.7 0.0165064 4.29795e-14 0.983482 -1.18079e-12 0.00529903 -0.00520903
14.8 0.0163432 4.33672e-14 0.983645 -1.23249e-12 0.00574724 -0.00517882
14.9 0.0161814 4.30887e-14 0.983807 -1.24331e-12 0.00617686 -0.00502353
15 0.0160211 4.21473e-14 0.983967 -1.21211e-12 0.00656053 -0.0047538
15.1 0.0158622 4.05784e-14 0.984126 -1.13993e-12 0.00687409 -0.0043858
15.2 0.0157048 3.84481e-14 0.984283 -1.03021e-12 0.00709777 -0.00394034
15.3 0.0155488 3.58601e-14 0.984439 -8.88107e-13 0.00721709 -0.00344178
15.4 0.0153943 3.29275e-14 0.984594 -7.2123e-13 0.0072235 -0.0029167
15.5 0.0152413 2.98015e-14 0.984747 -5.37693e-13 0.00711468 -0.00239263
15.6 0.0150897 2.66333e-14 0.984899 -3.47722e-13 0.00689454 -0.00189648
15.7 0.0149396 2.3573e-14 0.985049 -1.61232e-13 0.00657292 -0.00145335
15.8 0.014791 2.07643e-14 0.985197 1.23146e-14 0.00616493 -0.00108521
15.9 0.0146438 1.83418e-14 0.985345 1.62852e-13 0.00569018 -0.000809829
16 0.0144981 1.64114e-14 0.98549 2.82828e-13 0.00517168 -0.000640007
16.1 0.0143538 1.50492e-14 0.985635 3.66001e-13 0.00463453 -0.000582762
16.2 0.014211 1.42998e-14 0.985777 4.07839e-13 0.00410466 -0.00063925
16.3 0.0140696 1.41645e-14 0.985919 4.06817e-13 0.0036075 -0.000804695
16.4 0.0139296 1.46259e-14 0.986059 3.63411e-13 0.00316661 -0.0010687
16.5 0.013791 1.56212e-14 0.986197 2.8091e-13 0.00280252 -0.00141578
16.6 0.0136538 1.70541e-14 0.986335 1.6513e-13 0.0025316 -0.00182629
16.7 0.013518 1.88058e-14 0.986471 2.41736e-14 0.00236528 -0.00227743
16.8 0.0133835 2.07424e-14 0.986605 -1.32811e-13 0.00230952 -0.0027445
16.9 0.0132503 2.27177e-14 0.986738 -2.95576e-13 0.00236447 -0.00320218
17 0.0131185 2.45939e-14 0.98687 -4.53659e-13 0.00252462 -0.0036259
17.1 0.0129879 2.62406e-14 0.987 -5.97192e-13 0.00277904 -0.00399305
17.2 0.0128587 2.75607e-14 0.98713 -7.17832e-13 0.00311204 -0.00428417
17.3 0.0127308 2.84767e-14 0.987258 -8.09266e-13 0.00350404 -0.00448394
17.4 0.0126041 2.89617e-14 0.987384 -8.68108e-13 0.0039326 -0.00458193
17.5 0.0124787 2.90331e-14 0.98751 -8.94959e-13 0.00437362 -0.00457307
17.6 0.0123545 2.8762e-14 0.987634 -8.94639e-13 0.00480257 -0.00445791
17.7 0.0122316 2.8277e-14 0.987757 -8.76761e-13 0.00519585 -0.00424249
17.8 0.0121099 2.77615e-14 0.987879 -8.55935e-13 0.0055319 -0.00393803
17.9 0.0119894 2.74437e-14 0.987999 -8.51005e-13 0.00579242 -0.00356023
18 0.0118701 2.75811e-14 0.988118 -8.83967e-13 0.00596322 -0.00312847
18.1 0.011752 2.84294e-14 0.988236 -9.77541e-13 0.00603493 -0.00266468
18.2 0.0116351 3.02152e-14 0.988353 -1.15293e-12 0.00600342 -0.00219225
18.3 0.0115193 3.30969e-14 0.988469 -1.42627e-12 0.00586993 -0.00173472
18.4 0.0114047 3.71361e-14 0.988584 -1.80586e-12 0.00564099 -0.00131463
18.5 0.0112912 4.22607e-14 0.988697 -2.28852e-12 0.00532797 -0.000952349
18.6 0.0111789 4.82319e-14 0.98881 -2.85606e-12 0.00494644 -0.000665063
18.7 0.0110676 5.46272e-14 0.988921 -3.47311e-12 0.00451535 -0.000465871
18.8 0.0109575 6.08072e-14 0.989031 -4.08306e-12 0.00405604 -0.000363319
18.9 0.0108485 6.58613e-14 0.98914 -4.60212e-12 0.00359101 -0.000360795
19 0.0107405 6.85283e-14 0.989248 -4.91093e-12 0.00314293 -0.000456727
19.1 0.0106337 6.75646e-14 0.989355 -4.88681e-12 0.00273349 -0.000644372
19.2 0.0105279 6.1937e-14 0.989461 -4.42222e-12 0.0023822 -0.000912169
19.3 0.0104231 5.17296e-14 0.989566 -3.51166e-12 0.0021053 -0.00124457
19.4 0.0103194 3.84591e-14 0.989669 -2.28793e-12 0.00191473 -0.00162304
19.5 0.0102167 1.95665e-14 0.989772 -4.88701e-13 0.00181801 -0.00202609
19.6 0.010115 1.94696e-14 0.989874 -4.89019e-13 0.00181815 -0.002432
19.7 0.0100144 1.93359e-14 0.989974 -4.88916e-13 0.00191367 -0.00281976
19.8 0.00991476 1.91827e-14 0.990074 -4.88799e-13 0.00209719 -0.00316751
19.9 0.0098161 1.90169e-14 0.990172 -4.88654e-13 0.00235665 -0.00345583
20 0.00971843 1.88277e-14 0.99027 -4.88466e-13 0.00267593 -0.00366947
