0 0 0 1 0 0 0
0.1 1.71711e-07 -4.63322e-16 0.99999 1.38763e-08 4.82619e-05 -0.000411089
0.2 7.90704e-07 -1.47715e-17 0.999989 2.10978e-08 0.000195202 -0.000865337
0.3 2.03503e-06 7.05518e-15 0.999988 2.72701e-08 0.000448248 -0.00134822
0.4 4.11206e-06 3.54904e-14 0.999986 3.12557e-08 0.00081126 -0.00184521
0.5 7.25746e-06 1.05738e-13 0.999982 3.30814e-08 0.00128465 -0.00234275
0.6 1.17338e-05 2.38852e-13 0.999978 3.31826e-08 0.00186574 -0.00282919
0.7 1.78299e-05 4.62821e-13 0.999971 3.13485e-08 0.00254929 -0.00329553
0.8 2.58615e-05 7.45546e-13 0.999963 2.99283e-08 0.00332823 -0.0037361
0.9 3.61751e-05 9.67417e-13 0.999952 3.13952e-08 0.00419453 -0.00414905
1 4.91568e-05 8.74755e-13 0.999939 3.89101e-08 0.00514007 -0.00453654
1.1 6.52476e-05 1.01808e-12 0.999922 4.1874e-08 0.00615765 -0.00490485
1.2 8.49683e-05 1.80116e-12 0.999902 4.04033e-08 0.00724189 -0.00526412
1.3 0.000108954 2.55215e-12 0.999878 4.16748e-08 0.0083901 -0.00562794
1.4 0.000138005 3.6624e-12 0.999848 4.33882e-08 0.009603 -0.00601277
1.5 0.000173144 6.05651e-12 0.999813 4.24499e-08 0.0108853 -0.00643716
1.6 0.0002157 9.23866e-12 0.99977 4.20162e-08 0.012246 -0.0069209
1.7 0.000267395 1.32829e-11 0.999718 3.95882e-08 0.0136985 -0.00748405
1.8 0.000330457 1.65597e-11 0.999655 3.84803e-08 0.0152608 -0.008146
1.9 0.000407732 1.85515e-11 0.999577 3.87055e-08 0.0169547 -0.00892456
2 0.000502811 2.04144e-11 0.999482 3.89391e-08 0.0188057 -0.00983511
2.1 0.000620166 2.19424e-11 0.999364 3.87502e-08 0.020842 -0.0108898
2.2 0.000765269 2.17774e-11 0.999219 3.85625e-08 0.0230941 -0.0120972
2.3 0.000944719 1.9307e-11 0.999039 3.82349e-08 0.0255931 -0.0134615
2.4 0.00116634 1.58567e-11 0.998817 3.6614e-08 0.0283705 -0.0149826
2.5 0.00143926 9.50615e-12 0.998544 3.58566e-08 0.0314564 -0.016656
2.6 0.00177399 1.12783e-11 0.998209 3.22188e-08 0.0348789 -0.0184732
2.7 0.00218238 8.27417e-12 0.9978 3.23111e-08 0.0386631 -0.0204216
2.8 0.00267767 2.03776e-12 0.997305 3.16522e-08 0.0428302 -0.0224852
2.9 0.00327437 -3.46891e-11 0.996708 3.0502e-08 0.0473967 -0.0246454
3 0.00398819 1.87279e-11 0.995994 2.43598e-08 0.0523739 -0.0268812
3.1 0.00483586 7.43136e-11 0.995146 2.10027e-08 0.0577677 -0.0291704
3.2 0.00583492 1.17546e-10 0.994146 1.74192e-08 0.063578 -0.0314897
3.3 0.00700356 2.68513e-10 0.992977 1.20387e-08 0.0697988 -0.0338158
3.4 0.00836024 3.00124e-10 0.99162 9.01387e-09 0.0764185 -0.0361255
3.5 0.00992348 3.72891e-10 0.990057 4.26651e-09 0.0834196 -0.0383966
3.6 0.0117115 4.54034e-10 0.988269 -3.40372e-10 0.0907794 -0.0406076
3.7 0.0137417 3.03777e-10 0.986238 6.82739e-09 0.0984704 -0.0427386
3.8 0.0160308 -2.67774e-11 0.983949 3.07079e-08 0.10646 -0.0447709
3.9 0.0185936 1.10831e-09 0.981386 4.09103e-08 0.114712 -0.0466869
4 0.0214433 4.23866e-09 0.978536 3.28341e-08 0.123187 -0.0484702
4.1 0.0245908 7.9686e-09 0.975388 2.43779e-08 0.131841 -0.0501056
4.2 0.028044 1.01583e-08 0.971935 1.43673e-08 0.140627 -0.0515785
4.3 0.0318079 1.18071e-08 0.968171 1.5545e-08 0.149496 -0.0528753
4.4 0.0358835 1.27681e-08 0.964095 2.04446e-08 0.158396 -0.053983
4.5 0.0402677 1.33169e-08 0.95971 2.50596e-08 0.167274 -0.0548898
4.6 0.0449531 1.33639e-08 0.955025 2.25967e-08 0.176073 -0.0555849
4.7 0.0499273 1.13761e-08 0.95005 2.86148e-08 0.184739 -0.0560585
4.8 0.0551728 8.65809e-09 0.944804 3.20708e-08 0.193212 -0.0563029
4.9 0.0606669 6.09536e-09 0.93931 3.45149e-08 0.201435 -0.0563129
5 0.066382 5.96212e-09 0.933595 3.34594e-08 0.209352 -0.0560868
5.1 0.0722858 5.85961e-09 0.92769 3.59434e-08 0.216908 -0.0556265
5.2 0.0783416 3.53589e-09 0.921634 4.22859e-08 0.22405 -0.0549378
5.3 0.0845093 1.19199e-09 0.915466 4.46068e-08 0.230732 -0.0540318
5.4 0.0907465 -4.61442e-09 0.909229 4.96165e-08 0.23691 -0.0529249
5.5 0.0970093 -6.0476e-09 0.902966 5.03147e-08 0.242547 -0.0516383
5.6 0.103254 -7.08532e-09 0.896721 5.37743e-08 0.247617 -0.0501982
5.7 0.109439 -7.05277e-09 0.890536 5.29919e-08 0.252098 -0.0486346
5.8 0.115523 -4.234e-09 0.884451 5.07522e-08 0.255981 -0.0469804
5.9 0.121473 4.81709e-09 0.878501 4.02073e-08 0.259264 -0.0452694
6 0.127256 1.75455e-08 0.872718 2.52193e-08 0.261957 -0.0435344
6.1 0.132848 2.9901e-08 0.867125 1.10261e-08 0.264076 -0.0418057
6.2 0.138229 3.88962e-08 0.861744 1.2371e-09 0.265646 -0.0401094
6.3 0.143383 4.68262e-08 0.85659 -8.75108e-09 0.266698 -0.0384652
6.4 0.1483 5.78387e-08 0.851672 -2.59904e-08 0.267266 -0.0368862
6.5 0.152973 6.85815e-08 0.846999 -4.16769e-08 0.267387 -0.0353776
6.6 0.157396 8.0101e-08 0.842576 -5.92005e-08 0.267097 -0.0339364
6.7 0.161566 9.18335e-08 0.838406 -7.58009e-08 0.266429 -0.0325517
6.8 0.165477 1.01412e-07 0.834495 -8.95265e-08 0.265411 -0.0312087
6.9 0.169123 1.02873e-07 0.830848 -9.12367e-08 0.264069 -0.0298886
7 0.172496 9.23273e-08 0.827475 -7.58271e-08 0.26242 -0.0285708
7.1 0.175586 7.54246e-08 0.824384 -5.60501e-08 0.260474 -0.0272357
7.2 0.178383 5.75898e-08 0.821587 -3.91568e-08 0.258239 -0.0258665
7.3 0.180875 4.48996e-08 0.819095 -3.255e-08 0.255712 -0.0244511
7.4 0.18305 4.15536e-08 0.816919 -3.0259e-08 0.252892 -0.0229836
7.5 0.184899 2.4928e-08 0.81507 -1.26741e-08 0.249773 -0.021465
7.6 0.186416 -4.07822e-09 0.813552 1.54708e-08 0.24635 -0.0199023
7.7 0.187598 -3.60885e-08 0.81237 4.85577e-08 0.242621 -0.0183079
7.8 0.188448 -5.97841e-08 0.81152 7.20127e-08 0.238584 -0.0166981
7.9 0.188972 -6.93002e-08 0.810996 7.9869e-08 0.234243 -0.0150923
8 0.189182 -6.57284e-08 0.810786 7.70146e-08 0.229606 -0.0135102
8.1 0.189095 -5.48552e-08 0.810872 6.83237e-08 0.224687 -0.0119698
8.2 0.188731 -4.13095e-08 0.811236 6.1594e-08 0.219499 -0.0104868
8.3 0.188112 -2.5236e-08 0.811855 5.00498e-08 0.214065 -0.0090738
8.4 0.187263 -6.13077e-09 0.812703 2.78978e-08 0.208407 -0.00773849
8.5 0.186209 1.24571e-08 0.813757 6.88275e-09 0.202549 -0.00648371
8.6 0.184974 2.66925e-08 0.814992 -3.13151e-09 0.196517 -0.00530921
8.7 0.183581 3.83113e-08 0.816384 -1.83026e-08 0.190337 -0.00421
8.8 0.182053 4.44248e-08 0.817913 -2.84111e-08 0.184033 -0.00317772
8.9 0.180408 4.71788e-08 0.819557 -3.37845e-08 0.177627 -0.00220268
9 0.178665 4.2017e-08 0.8213 -3.07149e-08 0.171137 -0.00127471
9.1 0.176838 3.40075e-08 0.823127 -2.37929e-08 0.164583 -0.00038468
9.2 0.174941 1.96219e-08 0.825023 -4.02809e-09 0.157981 0.000476016
9.3 0.172988 5.49887e-09 0.826977 2.13187e-08 0.151345 0.00131303
9.4 0.170988 -2.82231e-09 0.828976 4.51341e-08 0.144687 0.00212946
9.5 0.168952 -1.51949e-08 0.831011 7.39214e-08 0.13802 0.00292487
9.6 0.166891 -2.84828e-08 0.833072 9.20361e-08 0.131354 0.00369581
9.7 0.164813 -3.52412e-08 0.83515 9.35707e-08 0.124703 0.00443469
9.8 0.162728 -3.40001e-08 0.837235 8.43401e-08 0.11808 0.00513168
9.9 0.160645 -2.85204e-08 0.839317 7.42176e-08 0.111503 0.00577559
10 0.158574 -2.78528e-08 0.841389 7.78176e-08 0.104988 0.00635348
10.1 0.156522 -4.02472e-08 0.843441 8.38355e-08 0.0985555 0.0068518
10.2 0.154497 -4.76441e-08 0.845465 7.8411e-08 0.092228 0.00725873
10.3 0.152507 -5.35834e-08 0.847455 1.01775e-07 0.0860294 0.00756369
10.4 0.150558 -6.50776e-08 0.849404 1.3013e-07 0.0799838 0.00775814
10.5 0.148655 -7.94841e-08 0.851306 1.57666e-07 0.0741167 0.00783613
10.6 0.146802 -9.52952e-08 0.853159 1.72004e-07 0.0684537 0.00779422
10.7 0.145002 -1.04805e-07 0.854959 1.8703e-07 0.0630216 0.00763334
10.8 0.143255 -1.10289e-07 0.856706 2.09932e-07 0.057845 0.00735886
10.9 0.141563 -1.14582e-07 0.858398 2.12828e-07 0.0529455 0.00698148
11 0.139924 -1.11917e-07 0.860037 2.16e-07 0.0483406 0.00651597
11.1 0.138336 -1.0469e-07 0.861624 2.15695e-07 0.0440436 0.00597987
11.2 0.136796 -9.99597e-08 0.863164 2.05506e-07 0.040063 0.00539233
11.3 0.135301 -9.72111e-08 0.864658 1.82e-07 0.0364022 0.00477555
11.4 0.133848 -9.13649e-08 0.866112 1.77202e-07 0.0330584 0.00415178
11.5 0.132431 -8.31727e-08 0.867528 1.91616e-07 0.0300235 0.00354333
11.6 0.131048 -7.93354e-08 0.868911 1.72416e-07 0.0272839 0.00297007
11.7 0.129694 -7.42294e-08 0.870265 1.679e-07 0.0248225 0.00245015
11.8 0.128366 -7.04941e-08 0.871593 1.66148e-07 0.0226174 0.00199938
11.9 0.127061 -6.86152e-08 0.872898 1.62366e-07 0.0206436 0.00163038
12 0.125775 -6.80764e-08 0.874183 1.61597e-07 0.0188728 0.00135016
12.1 0.124507 -6.81452e-08 0.875451 1.58974e-07 0.0172764 0.00116111
12.2 0.123256 -6.86348e-08 0.876702 1.64398e-07 0.0158258 0.00106122
12.3 0.122018 -6.94564e-08 0.877939 1.62113e-07 0.0144937 0.00104359
12.4 0.120795 -6.954e-08 0.879163 1.59436e-07 0.0132553 0.0010974
12.5 0.119584 -6.92743e-08 0.880373 1.4994e-07 0.0120889 0.00120877
12.6 0.118385 -6.95293e-08 0.881572 1.50553e-07 0.0109766 0.00136114
12.7 0.117199 -6.87841e-08 0.882758 1.48012e-07 0.0099047 0.0015364
12.8 0.116024 -6.74019e-08 0.883932 1.47726e-07 0.00886388 0.00171587
12.9 0.114862 -6.66456e-08 0.885094 1.43062e-07 0.00784979 0.001881
13 0.113712 -6.59448e-08 0.886244 1.3712e-07 0.00686264 0.00201474
13.1 0.112574 -6.55026e-08 0.887382 1.29414e-07 0.00590663 0.00210286
13.2 0.111448 -6.49078e-08 0.888508 1.2324e-07 0.00498916 0.00213463
13.3 0.110333 -6.40609e-08 0.889622 1.18255e-07 0.00411991 0.00210237
13.4 0.109231 -6.37875e-08 0.890724 1.15805e-07 0.0033101 0.00200287
13.5 0.108141 -6.37274e-08 0.891814 1.18411e-07 0.00257146 0.00183743
13.6 0.107062 -6.31574e-08 0.892893 1.22277e-07 0.00191496 0.00161162
13.7 0.105995 -6.31166e-08 0.89396 1.25246e-07 0.0013502 0.00133471
13.8 0.104939 -6.32826e-08 0.895016 1.29893e-07 0.000883954 0.0010189
13.9 0.103893 -6.4299e-08 0.89606 1.39459e-07 0.000520316 0.000678955
14 0.102859 -6.4383e-08 0.897094 1.39186e-07 0.000259693 0.000330791
14.1 0.101836 -6.45304e-08 0.898118 1.38328e-07 9.90761e-05 -9.08125e-06
14.2 0.100822 -6.46082e-08 0.899131 1.37068e-07 3.19853e-05 -0.000324531
14.3 0.0998193 -6.46629e-08 0.900134 1.37244e-07 4.86277e-05 -0.000600604
14.4 0.0988264 -6.44618e-08 0.901126 1.38714e-07 0.000136148 -0.000824184
14.5 0.0978433 -6.40822e-08 0.902109 1.41107e-07 0.000279073 -0.000985099
14.6 0.0968701 -6.35325e-08 0.903082 1.43321e-07 0.000460247 -0.00107648
14.7 0.0959065 -6.28217e-08 0.904046 1.44448e-07 0.000661281 -0.00109522
14.8 0.0949524 -6.17592e-08 0.904999 1.43806e-07 0.000863758 -0.00104225
14.9 0.0940077 -6.04763e-08 0.905944 1.40131e-07 0.00105023 -0.000922552
15 0.0930724 -5.94599e-08 0.906878 1.37814e-07 0.00120515 -0.000744798
15.1 0.0921464 -5.86539e-08 0.907804 1.35936e-07 0.00131569 -0.000520777
15.2 0.0912295 -5.81034e-08 0.908721 1.36797e-07 0.0013724 -0.000264574
15.3 0.0903218 -5.67691e-08 0.909628 1.31038e-07 0.00136953 8.24024e-06
15.4 0.0894231 -5.61898e-08 0.910527 1.31966e-07 0.00130519 0.000281593
15.5 0.0885332 -5.53223e-08 0.911417 1.28844e-07 0.00118125 0.000539657
15.6 0.0876523 -5.46133e-08 0.912297 1.28165e-07 0.00100316 0.000767743
15.7 0.08678 -5.3964e-08 0.913169 1.26994e-07 0.000779571 0.000953005
15.8 0.0859165 -5.32594e-08 0.914033 1.23891e-07 0.000521797 0.00108505
15.9 0.0850616 -5.26943e-08 0.914887 1.21351e-07 0.00024333 0.00115654
16 0.0842151 -5.21857e-08 0.915733 1.21873e-07 -4.10501e-05 0.00116359
16.1 0.0833771 -5.17681e-08 0.916571 1.2166e-07 -0.000316014 0.00110607
16.2 0.0825475 -5.12965e-08 0.917401 1.21571e-07 -0.000566697 0.000987681
16.3 0.0817261 -5.07465e-08 0.918222 1.20636e-07 -0.000779678 0.000815655
16.4 0.0809129 -5.01954e-08 0.919035 1.1982e-07 -0.000943794 0.000600269
16.5 0.0801078 -4.96684e-08 0.91984 1.19146e-07 -0.00105075 0.000354118
16.6 0.0793107 -4.91474e-08 0.920637 1.18443e-07 -0.00109553 9.14027e-05
16.7 0.0785215 -4.86516e-08 0.921426 1.179e-07 -0.00107666 -0.000172984
16.8 0.0777402 -4.81585e-08 0.922207 1.17338e-07 -0.000996146 -0.00042429
16.9 0.0769666 -4.76809e-08 0.92298 1.16912e-07 -0.000859331 -0.000648662
17 0.0762008 -4.72165e-08 0.923746 1.16562e-07 -0.000674536 -0.000833895
17.1 0.0754426 -4.67637e-08 0.924504 1.16285e-07 -0.000452637 -0.000970005
17.2 0.0746919 -4.63062e-08 0.925254 1.15935e-07 -0.000206513 -0.00104977
17.3 0.0739487 -4.58427e-08 0.925998 1.15544e-07 4.9682e-05 -0.00106919
17.4 0.0732129 -4.53732e-08 0.926733 1.15074e-07 0.00030124 -0.00102769
17.5 0.0724844 -4.49175e-08 0.927462 1.14725e-07 0.00053386 -0.000928233
17.6 0.0717632 -4.44443e-08 0.928183 1.14055e-07 0.000734437 -0.000777063
17.7 0.0710491 -4.39985e-08 0.928897 1.13654e-07 0.000891852 -0.000583341
17.8 0.0703422 -4.35405e-08 0.929604 1.12949e-07 0.000997558 -0.000358592
17.9 0.0696423 -4.30954e-08 0.930304 1.12298e-07 0.00104611 -0.000115942
18 0.0689493 -4.26799e-08 0.930997 1.11964e-07 0.00103536 0.000130634
18.1 0.0682633 -4.22542e-08 0.931683 1.11513e-07 0.000966584 0.000367141
18.2 0.0675841 -4.18327e-08 0.932362 1.11082e-07 0.000844268 0.000580396
18.3 0.0669116 -4.14192e-08 0.933035 1.10705e-07 0.000675831 0.000758668
18.4 0.0662458 -4.10084e-08 0.933701 1.10309e-07 0.000471154 0.000892343
18.5 0.0655866 -4.05995e-08 0.93436 1.09884e-07 0.000241981 0.000974374
18.6 0.064934 -4.01936e-08 0.935012 1.09452e-07 1.34163e-06 0.00100062
18.7 0.0642879 -3.97915e-08 0.935658 1.09021e-07 -0.000237151 0.000970072
18.8 0.0636482 -3.93932e-08 0.936298 1.08592e-07 -0.000460077 0.000884961
18.9 0.0630149 -3.89997e-08 0.936931 1.08177e-07 -0.000654999 0.000750588
19 0.0623879 -3.86111e-08 0.937558 1.07781e-07 -0.000811146 0.000575035
19.1 0.0617671 -3.8227e-08 0.938179 1.07398e-07 -0.000920054 0.000368674
19.2 0.0611525 -3.78468e-08 0.938793 1.07019e-07 -0.000976034 0.000143538
19.3 0.0605441 -3.74702e-08 0.939402 1.06642e-07 -0.000976469 -8.74065e-05
19.4 0.0599416 -3.70973e-08 0.940004 1.06269e-07 -0.000921935 -0.000311018
19.5 0.0593452 -3.67282e-08 0.940601 1.059e-07 -0.000816091 -0.000514734
19.6 0.0587547 -3.63628e-08 0.941192 1.05534e-07 -0.000665434 -0.000687258
19.7 0.0581701 -3.6001e-08 0.941776 1.05172e-07 -0.000478883 -0.000819176
19.8 0.0575913 -3.56427e-08 0.942355 1.04813e-07 -0.000267284 -0.000903469
19.9 0.0570183 -3.52881e-08 0.942928 1.04459e-07 -4.27574e-05 -0.000935847
20 0.0564509 -3.4937e-08 0.943495 1.04108e-07 0.00018197 -0.000914974
