0 0 0 1 0 0 0
0.1 1.71712e-07 3.85489e-15 0.999992 5.76557e-08 4.82662e-05 -0.000411251
0.2 7.90859e-07 1.46367e-14 0.999992 7.90481e-08 0.000195311 -0.000866152
0.3 2.03607e-06 3.09887e-14 0.99999 1.03311e-07 0.000448791 -0.00135049
0.4 4.11595e-06 6.20154e-14 0.999987 1.29656e-07 0.000812924 -0.00185001
0.5 7.2682e-06 1.50543e-13 0.999984 1.57224e-07 0.00128859 -0.00235131
0.6 1.17585e-05 3.74904e-13 0.999979 1.86371e-07 0.00187366 -0.00284275
0.7 1.78795e-05 8.85296e-13 0.999972 2.16103e-07 0.00256347 -0.0033152
0.8 2.59519e-05 1.87199e-12 0.999964 2.45382e-07 0.00335154 -0.00376269
0.9 3.63274e-05 3.63961e-12 0.999953 2.70414e-07 0.00423034 -0.00418288
1 4.9397e-05 6.63774e-12 0.999939 2.88812e-07 0.00519217 -0.00457733
1.1 6.56052e-05 1.14526e-11 0.999923 2.99334e-07 0.00623008 -0.00495158
1.2 8.54732e-05 1.90092e-11 0.999902 2.99706e-07 0.00733876 -0.00531494
1.3 0.000109632 3.05908e-11 0.999878 2.90056e-07 0.0085154 -0.00568021
1.4 0.000138868 4.83313e-11 0.999848 2.69154e-07 0.00976035 -0.00606308
1.5 0.000174185 7.44454e-11 0.999813 2.40111e-07 0.0110778 -0.00648146
1.6 0.000216877 1.10852e-10 0.99977 2.07758e-07 0.012476 -0.00695464
1.7 0.000268618 1.57769e-10 0.999718 1.79169e-07 0.0139677 -0.00750244
1.8 0.000331571 2.13846e-10 0.999655 1.52579e-07 0.0155698 -0.00814423
1.9 0.000408499 2.73434e-10 0.999578 1.34389e-07 0.0173033 -0.00889807
2 0.000502896 3.24062e-10 0.999483 1.26289e-07 0.0191931 -0.00977985
2.1 0.000619115 3.47785e-10 0.999367 1.30034e-07 0.0212667 -0.0108025
2.2 0.000762499 3.29868e-10 0.999223 1.39921e-07 0.0235541 -0.0119755
2.3 0.000939506 2.67546e-10 0.999045 1.49851e-07 0.0260864 -0.0133043
2.4 0.00115782 1.61635e-10 0.998827 1.54381e-07 0.0288953 -0.01479
2.5 0.00142642 3.37707e-11 0.998559 1.53482e-07 0.0320114 -0.0164295
2.6 0.00175568 -8.59384e-11 0.998229 1.49347e-07 0.035464 -0.0182152
2.7 0.00215735 -1.55875e-10 0.997828 1.42618e-07 0.0392793 -0.0201356
2.8 0.00264456 -1.37981e-10 0.99734 1.34614e-07 0.0434799 -0.0221755
2.9 0.00323174 4.62896e-12 0.996753 1.27628e-07 0.0480843 -0.0243165
3 0.00393453 2.68202e-10 0.99605 1.21797e-07 0.0531057 -0.0265377
3.1 0.00476962 6.13904e-10 0.995215 1.18905e-07 0.0585517 -0.0288163
3.2 0.00575451 9.60943e-10 0.994231 1.17806e-07 0.0644241 -0.0311281
3.3 0.00690728 1.21992e-09 0.993078 1.18965e-07 0.0707186 -0.0334485
3.4 0.00824629 1.33158e-09 0.991739 1.19906e-07 0.0774248 -0.0357525
3.5 0.00978985 1.24642e-09 0.990196 1.21037e-07 0.0845262 -0.038016
3.6 0.0115558 9.63448e-10 0.98843 1.23677e-07 0.0920006 -0.0402153
3.7 0.0135613 3.88854e-10 0.986425 1.26274e-07 0.0998201 -0.0423281
3.8 0.015822 -3.46011e-10 0.984164 1.30759e-07 0.107952 -0.0443334
3.9 0.0183521 -1.2697e-09 0.981634 1.36336e-07 0.116358 -0.0462117
4 0.0211637 -2.5193e-09 0.978823 1.36933e-07 0.124997 -0.0479448
4.1 0.0242662 -4.09053e-09 0.97572 1.34283e-07 0.133822 -0.0495162
4.2 0.0276661 -5.89976e-09 0.97232 1.4038e-07 0.142785 -0.050911
4.3 0.0313662 -8.03099e-09 0.96862 1.50025e-07 0.151833 -0.052116
4.4 0.0353659 -9.74705e-09 0.96462 1.52527e-07 0.16091 -0.0531195
4.5 0.0396601 -1.12317e-08 0.960326 1.53752e-07 0.169962 -0.0539115
4.6 0.0442394 -1.28003e-08 0.955746 1.58028e-07 0.178929 -0.0544842
4.7 0.0490897 -1.27186e-08 0.950896 1.64387e-07 0.187753 -0.054832
4.8 0.0541922 -9.13013e-09 0.945793 1.72043e-07 0.196375 -0.054952
4.9 0.0595236 -1.00314e-09 0.940461 1.78029e-07 0.204738 -0.0548446
5 0.0650561 1.05908e-08 0.934928 1.79639e-07 0.212785 -0.0545134
5.1 0.0707581 2.20186e-08 0.929226 1.75226e-07 0.220465 -0.053966
5.2 0.0765947 2.97528e-08 0.923389 1.69012e-07 0.227727 -0.053214
5.3 0.0825286 3.08318e-08 0.917455 1.45941e-07 0.234528 -0.0522731
5.4 0.088521 2.66755e-08 0.911462 1.16573e-07 0.24083 -0.0511633
5.5 0.0945324 2.02095e-08 0.90545 8.85443e-08 0.246603 -0.0499083
5.6 0.100524 2.30148e-08 0.899458 8.509e-08 0.251824 -0.0485345
5.7 0.10646 3.11977e-08 0.893522 9.13072e-08 0.256479 -0.0470705
5.8 0.112306 3.98012e-08 0.887676 8.72461e-08 0.260563 -0.0455455
5.9 0.118031 4.60151e-08 0.881951 7.91142e-08 0.26408 -0.043988
6 0.123609 4.6994e-08 0.876372 6.67738e-08 0.267043 -0.0424237
6.1 0.129018 5.01265e-08 0.870963 4.912e-08 0.26947 -0.0408747
6.2 0.13424 5.52996e-08 0.865742 3.27387e-08 0.271387 -0.0393575
6.3 0.139258 6.22e-08 0.860723 1.1293e-08 0.272822 -0.037883
6.4 0.144062 7.21498e-08 0.855919 -9.39717e-09 0.273809 -0.036455
6.5 0.14864 8.36692e-08 0.85134 -2.55884e-08 0.27438 -0.0350703
6.6 0.152983 9.47502e-08 0.846997 -3.49236e-08 0.274566 -0.0337177
6.7 0.157079 1.03935e-07 0.842901 -4.34335e-08 0.274395 -0.032382
6.8 0.160916 1.06663e-07 0.839063 -7.07321e-08 0.273888 -0.031044
6.9 0.164481 9.93895e-08 0.835498 -9.83552e-08 0.273062 -0.0296837
7 0.167758 8.07968e-08 0.832221 -1.21794e-07 0.271926 -0.0282817
7.1 0.170729 5.5022e-08 0.829249 -1.2146e-07 0.270485 -0.0268221
7.2 0.173379 2.39302e-08 0.826599 -9.22683e-08 0.268737 -0.0252935
7.3 0.17569 -7.46914e-09 0.824288 -3.97063e-08 0.266677 -0.0236915
7.4 0.177649 -3.65655e-08 0.822328 2.74186e-08 0.264295 -0.0220179
7.5 0.179246 -5.77219e-08 0.820731 9.74966e-08 0.261583 -0.0202828
7.6 0.180475 -6.51921e-08 0.819502 1.52461e-07 0.258532 -0.0185013
7.7 0.181336 -6.07925e-08 0.818641 1.82656e-07 0.255137 -0.0166944
7.8 0.181835 -3.87371e-08 0.818142 1.94962e-07 0.251394 -0.0148858
7.9 0.181985 3.55288e-10 0.817991 1.89658e-07 0.247305 -0.0131006
8 0.181804 4.94978e-08 0.818172 1.78044e-07 0.242877 -0.0113628
8.1 0.181315 1.07067e-07 0.818661 1.61226e-07 0.23812 -0.00969484
8.2 0.180545 1.65047e-07 0.819431 1.48812e-07 0.233048 -0.00811454
8.3 0.179522 2.23778e-07 0.820453 1.54526e-07 0.227678 -0.0066364
8.4 0.178279 2.67007e-07 0.821696 1.54363e-07 0.222032 -0.00526896
8.5 0.176845 3.03149e-07 0.82313 1.54245e-07 0.21613 -0.00401642
8.6 0.175251 3.30766e-07 0.824723 1.57923e-07 0.209997 -0.00287762
8.7 0.173525 3.38042e-07 0.826449 1.73294e-07 0.203653 -0.0018484
8.8 0.171693 3.30779e-07 0.828281 2.00237e-07 0.197123 -0.000921387
8.9 0.169778 3.2093e-07 0.830196 2.12753e-07 0.190426 -8.83701e-05
9 0.167801 3.04391e-07 0.832172 2.12078e-07 0.183585 0.000660481
9.1 0.16578 2.81157e-07 0.834193 1.97465e-07 0.176617 0.00133383
9.2 0.163731 2.52373e-07 0.836241 1.61033e-07 0.169544 0.00194016
9.3 0.161667 2.25052e-07 0.838305 1.4165e-07 0.162383 0.00248569
9.4 0.1596 2.02569e-07 0.840371 1.31595e-07 0.155153 0.00297512
9.5 0.157541 1.82916e-07 0.842431 1.10176e-07 0.147872 0.00340979
9.6 0.155497 1.73549e-07 0.844474 1.09973e-07 0.140561 0.00378897
9.7 0.153477 1.74773e-07 0.846494 1.04972e-07 0.13324 0.00410899
9.8 0.151488 1.80317e-07 0.848483 1.12563e-07 0.125931 0.00436502
9.9 0.149535 1.80718e-07 0.850435 1.21083e-07 0.11866 0.00455025
10 0.147626 1.83044e-07 0.852344 1.34908e-07 0.111453 0.00465745
10.1 0.145763 1.85569e-07 0.854207 1.3457e-07 0.10434 0.00467929
10.2 0.143951 1.89081e-07 0.856019 1.32053e-07 0.09735 0.00461012
10.3 0.142193 1.98827e-07 0.857777 1.44845e-07 0.0905156 0.00444581
10.4 0.14049 2.09343e-07 0.859479 1.52349e-07 0.0838692 0.00418578
10.5 0.138844 2.19154e-07 0.861125 1.53121e-07 0.0774423 0.00383176
10.6 0.137254 2.2434e-07 0.862715 1.57141e-07 0.0712656 0.00338971
10.7 0.135719 2.27231e-07 0.86425 1.67709e-07 0.0653663 0.00286843
10.8 0.134236 2.32144e-07 0.865733 1.82736e-07 0.0597688 0.00228031
10.9 0.132803 2.41131e-07 0.867166 2.13387e-07 0.054494 0.00164001
11 0.131415 2.52555e-07 0.868554 2.40833e-07 0.0495589 0.000965571
11.1 0.130068 2.59345e-07 0.869901 2.51385e-07 0.0449747 0.00027704
11.2 0.128758 2.58952e-07 0.87121 2.42213e-07 0.0407474 -0.000403407
11.3 0.12748 2.57641e-07 0.872488 2.18096e-07 0.0368758 -0.00105369
11.4 0.12623 2.59021e-07 0.873739 1.79163e-07 0.0333537 -0.0016523
11.5 0.125003 2.74952e-07 0.874966 2.16168e-07 0.0301684 -0.00217908
11.6 0.123795 2.97665e-07 0.876174 2.71932e-07 0.0273027 -0.0026163
11.7 0.122603 3.18302e-07 0.877366 2.88471e-07 0.0247345 -0.00294922
11.8 0.121424 3.38206e-07 0.878546 2.79325e-07 0.0224382 -0.00316664
11.9 0.120255 3.56601e-07 0.879715 2.4637e-07 0.0203852 -0.00326161
12 0.119094 3.74005e-07 0.880875 1.90399e-07 0.0185449 -0.00323182
12.1 0.117941 3.89125e-07 0.882028 1.10651e-07 0.0168859 -0.00308013
12.2 0.116795 4.05309e-07 0.883175 7.43254e-08 0.0153778 -0.00281401
12.3 0.115654 4.24393e-07 0.884315 7.46643e-08 0.0139913 -0.00244553
12.4 0.11452 4.41397e-07 0.885449 1.03911e-07 0.0127004 -0.00199083
12.5 0.113392 4.53012e-07 0.886577 1.51158e-07 0.0114817 -0.00146975
12.6 0.112271 4.54101e-07 0.887698 1.94398e-07 0.0103176 -0.000904184
12.7 0.111157 4.37033e-07 0.888812 1.29662e-07 0.00919481 -0.000317913
12.8 0.110052 4.08146e-07 0.889917 1.58455e-08 0.00810539 0.000266049
12.9 0.108955 3.99504e-07 0.891014 7.25163e-08 0.00704598 0.000826057
13 0.107868 3.94318e-07 0.892101 1.68096e-07 0.00601749 0.00134234
13.1 0.10679 3.83592e-07 0.893179 2.06139e-07 0.0050247 0.00179796
13.2 0.105723 3.71871e-07 0.894246 2.29452e-07 0.00407596 0.00217966
13.3 0.104666 3.60482e-07 0.895303 2.43264e-07 0.00318189 0.00247834
13.4 0.103619 3.51056e-07 0.89635 2.52198e-07 0.00235432 0.00268927
13.5 0.102584 3.44859e-07 0.897385 2.63803e-07 0.00160558 0.00281254
13.6 0.101559 3.40789e-07 0.89841 2.65982e-07 0.000946951 0.00285257
13.7 0.100545 3.37205e-07 0.899424 2.47203e-07 0.00038813 0.00281758
13.8 0.0995415 3.33085e-07 0.900427 2.06342e-07 -6.35591e-05 0.00271914
13.9 0.0985486 3.28097e-07 0.90142 1.49864e-07 -0.00040372 0.00257143
14 0.0975661 3.27256e-07 0.902403 1.52938e-07 -0.000631533 0.00239067
14.1 0.0965938 3.26435e-07 0.903375 1.67871e-07 -0.000750095 0.00219421
14.2 0.0956314 3.25598e-07 0.904337 1.90388e-07 -0.000765974 0.00199936
14.3 0.094679 3.24022e-07 0.90529 2.13825e-07 -0.000689501 0.00182205
14.4 0.0937362 3.21338e-07 0.906232 2.3042e-07 -0.000534619 0.00167638
14.5 0.0928029 3.17493e-07 0.907166 2.38245e-07 -0.000318083 0.00157363
14.6 0.0918791 3.12625e-07 0.90809 2.35639e-07 -5.89257e-05 0.00152146
14.7 0.0909645 3.06987e-07 0.909004 2.23175e-07 0.000222815 0.00152349
14.8 0.090059 3.01151e-07 0.90991 2.1093e-07 0.00050736 0.00157896
14.9 0.0891626 2.97175e-07 0.910806 2.01288e-07 0.00077601 0.00168318
15 0.0882752 2.93027e-07 0.911693 1.96389e-07 0.00101293 0.00182799
15.1 0.0873966 2.89524e-07 0.912572 1.95481e-07 0.00120442 0.0020024
15.2 0.0865267 2.86089e-07 0.913442 1.93885e-07 0.0013405 0.0021931
15.3 0.0856656 2.82078e-07 0.914303 1.84539e-07 0.00141499 0.00238559
15.4 0.084813 2.77398e-07 0.915156 1.6917e-07 0.00142535 0.00256517
15.5 0.0839689 2.72551e-07 0.916 1.51755e-07 0.00137265 0.00271743
15.6 0.0831332 2.68169e-07 0.916835 1.38056e-07 0.00126142 0.00282888
15.7 0.0823059 2.64574e-07 0.917663 1.32982e-07 0.00109945 0.00288781
15.8 0.0814869 2.61903e-07 0.918482 1.39186e-07 0.000897243 0.00288493
15.9 0.080676 2.59749e-07 0.919293 1.49204e-07 0.000667347 0.00281375
16 0.0798732 2.57835e-07 0.920096 1.61226e-07 0.000423755 0.00267081
16.1 0.0790784 2.55892e-07 0.92089 1.72554e-07 0.000181524 0.00245597
16.2 0.0782915 2.53688e-07 0.921677 1.81049e-07 -4.42474e-05 0.00217312
16.3 0.0775124 2.51098e-07 0.922456 1.852e-07 -0.000239289 0.00182956
16.4 0.0767411 2.4846e-07 0.923228 1.8907e-07 -0.000391049 0.00143593
16.5 0.0759775 2.45796e-07 0.923991 1.91968e-07 -0.000489661 0.00100565
16.6 0.0752216 2.43154e-07 0.924747 1.93854e-07 -0.0005281 0.000554175
16.7 0.0744731 2.40626e-07 0.925496 1.94892e-07 -0.000502946 9.83855e-05
16.8 0.0737321 2.38272e-07 0.926237 1.94935e-07 -0.000414805 -0.000344745
16.9 0.0729984 2.36048e-07 0.92697 1.91867e-07 -0.000268066 -0.000758997
17 0.0722721 2.33935e-07 0.927697 1.86792e-07 -7.04569e-05 -0.00112981
17.1 0.071553 2.31902e-07 0.928416 1.82655e-07 0.000167295 -0.00144481
17.2 0.070841 2.29833e-07 0.929128 1.79676e-07 0.000432314 -0.0016946
17.3 0.0701361 2.27692e-07 0.929833 1.78013e-07 0.000710169 -0.00187323
17.4 0.0694383 2.25458e-07 0.93053 1.78781e-07 0.000985923 -0.00197871
17.5 0.0687473 2.23268e-07 0.931221 1.80467e-07 0.00124504 -0.0020119
17.6 0.0680633 2.21152e-07 0.931905 1.81543e-07 0.00147368 -0.001977
17.7 0.0673861 2.19051e-07 0.932583 1.83891e-07 0.00165915 -0.0018814
17.8 0.0667155 2.16888e-07 0.933253 1.87319e-07 0.00179129 -0.00173533
17.9 0.0660517 2.14712e-07 0.933917 1.90032e-07 0.00186249 -0.00155142
18 0.0653945 2.12597e-07 0.934574 1.93577e-07 0.00186873 -0.00134358
18.1 0.0647438 2.10549e-07 0.935225 1.96341e-07 0.00180907 -0.00112613
18.2 0.0640996 2.08583e-07 0.935869 2.00301e-07 0.00168588 -0.000913061
18.3 0.0634618 2.06643e-07 0.936507 2.04703e-07 0.0015046 -0.000717766
18.4 0.0628304 2.04597e-07 0.937139 2.10407e-07 0.00127372 -0.000552344
18.5 0.0622052 2.02367e-07 0.937764 2.15567e-07 0.0010043 -0.000426452
18.6 0.0615863 2.0015e-07 0.938383 2.1952e-07 0.000709164 -0.000347034
18.7 0.0609735 1.98156e-07 0.938996 2.20465e-07 0.000402417 -0.000318431
18.8 0.0603668 1.9646e-07 0.939602 2.17267e-07 9.88733e-05 -0.000341485
18.9 0.0597661 1.95039e-07 0.940203 2.10184e-07 -0.000186949 -0.000413743
19 0.0591714 1.93681e-07 0.940798 2.02464e-07 -0.000441657 -0.000529293
19.1 0.0585826 1.91888e-07 0.941386 2.0084e-07 -0.000653727 -0.000679537
19.2 0.0579997 1.90062e-07 0.941969 2.00029e-07 -0.000814193 -0.000853323
19.3 0.0574226 1.88275e-07 0.942546 1.99863e-07 -0.000917396 -0.00103778
19.4 0.0568513 1.86406e-07 0.943118 2.01348e-07 -0.000961306 -0.00121894
19.5 0.0562856 1.84525e-07 0.943683 2.03301e-07 -0.000947838 -0.00138333
19.6 0.0557255 1.82673e-07 0.944244 2.05165e-07 -0.000880996 -0.00151837
19.7 0.0551711 1.80845e-07 0.944798 2.07001e-07 -0.000768543 -0.00161321
19.8 0.0546221 1.79032e-07 0.945347 2.08829e-07 -0.000620638 -0.00165952
19.9 0.0540786 1.77251e-07 0.945891 2.1061e-07 -0.000449099 -0.00165258
20 0.0535405 1.75487e-07 0.946429 2.12374e-07 -0.000265593 -0.00158959
