0 0 0 1 0 0 0
0.1 1.71711e-07 -1.15172e-16 0.999989 8.30387e-10 4.8262e-05 -0.000411084
0.2 7.90699e-07 -9.51758e-16 0.999989 2.29019e-09 0.000195201 -0.000865313
0.3 2.035e-06 -1.09237e-15 0.999987 3.49165e-09 0.000448241 -0.00134815
0.4 4.11194e-06 7.82011e-15 0.999985 3.55958e-09 0.000811236 -0.00184506
0.5 7.25712e-06 4.49649e-14 0.999981 1.98818e-09 0.00128459 -0.00234249
0.6 1.17331e-05 1.39159e-13 0.999977 -1.22328e-09 0.00186561 -0.00282877
0.7 1.78284e-05 3.18383e-13 0.99997 -5.52898e-09 0.00254906 -0.00329489
0.8 2.58586e-05 5.95187e-13 0.999962 -1.02266e-08 0.00332785 -0.00373521
0.9 3.61699e-05 9.44634e-13 0.999951 -1.44354e-08 0.00419393 -0.00414785
1 4.91483e-05 1.25774e-12 0.999938 -1.68523e-08 0.00513918 -0.00453501
1.1 6.52343e-05 1.34556e-12 0.999921 -1.653e-08 0.00615639 -0.00490296
1.2 8.49483e-05 9.25977e-13 0.999901 -1.25289e-08 0.00724018 -0.00526186
1.3 0.000108925 -2.66232e-13 0.999877 -4.75011e-09 0.00838786 -0.0056253
1.4 0.000137964 -2.29893e-12 0.999847 5.80294e-09 0.00960016 -0.00600976
1.5 0.000173088 -4.38778e-12 0.999811 1.50193e-08 0.0108818 -0.0064338
1.6 0.000215625 -5.36267e-12 0.999768 2.0097e-08 0.0122417 -0.0069172
1.7 0.000267298 -4.78857e-12 0.999716 2.30228e-08 0.0136935 -0.00748003
1.8 0.000330333 -1.27463e-12 0.999653 2.26373e-08 0.0152549 -0.0081417
1.9 0.000407575 5.21216e-12 0.999575 2.06515e-08 0.0169479 -0.00892001
2 0.000502617 1.35078e-11 0.99948 1.96099e-08 0.0187979 -0.00983033
2.1 0.000619929 2.17674e-11 0.999362 2.11327e-08 0.0208333 -0.0108848
2.2 0.000764983 2.79903e-11 0.999217 2.59675e-08 0.0230844 -0.0120919
2.3 0.000944376 4.30568e-11 0.999037 2.44012e-08 0.0255825 -0.0134559
2.4 0.00116593 7.4914e-11 0.998815 1.09854e-08 0.0283588 -0.0149767
2.5 0.00143878 8.62275e-11 0.998542 1.15045e-08 0.0314436 -0.0166497
2.6 0.00177341 8.49967e-11 0.998207 1.64799e-08 0.034865 -0.0184664
2.7 0.0021817 7.94725e-11 0.997799 2.49e-08 0.0386481 -0.0204141
2.8 0.00267686 8.47771e-11 0.997303 3.47904e-08 0.0428139 -0.022477
2.9 0.00327341 1.57391e-10 0.996706 3.45266e-08 0.0473791 -0.0246362
3 0.00398704 2.42369e-10 0.995992 3.0339e-08 0.0523549 -0.026871
3.1 0.00483447 3.49498e-10 0.995145 2.2609e-08 0.057747 -0.0291589
3.2 0.00583324 4.67298e-10 0.994146 1.21056e-08 0.0635552 -0.0314768
3.3 0.00700152 6.1676e-10 0.992977 3.65235e-09 0.0697738 -0.0338014
3.4 0.00835776 8.81416e-10 0.991621 -5.60761e-09 0.076391 -0.0361097
3.5 0.00992049 1.167e-09 0.990058 -1.44671e-08 0.0833892 -0.0383791
3.6 0.0117079 1.34022e-09 0.98827 -1.99291e-08 0.0907458 -0.0405885
3.7 0.0137374 1.39148e-09 0.98624 -2.39211e-08 0.0984332 -0.042718
3.8 0.0160256 1.14851e-09 0.983951 -2.2851e-08 0.106419 -0.0447488
3.9 0.0185874 7.36185e-10 0.981389 -1.97488e-08 0.114668 -0.0466633
4 0.0214361 -5.88913e-12 0.97854 -1.28358e-08 0.123138 -0.0484452
4.1 0.0245823 -9.13159e-10 0.975394 -6.12358e-09 0.131787 -0.0500794
4.2 0.0280343 -2.23146e-09 0.971941 1.92265e-09 0.140569 -0.0515513
4.3 0.0317967 -2.71248e-09 0.968179 4.98047e-09 0.149433 -0.0528474
4.4 0.0358708 -2.70897e-09 0.964104 1.11279e-08 0.158329 -0.0539547
4.5 0.0402534 -2.96559e-09 0.959721 1.63675e-08 0.167202 -0.0548614
4.6 0.0449372 -3.64383e-09 0.955037 2.4469e-08 0.175997 -0.0555566
4.7 0.0499098 -4.44646e-09 0.950065 3.37944e-08 0.184658 -0.056031
4.8 0.0551537 -3.51712e-09 0.94482 4.12854e-08 0.193127 -0.0562763
4.9 0.0606464 -4.18763e-09 0.939327 4.97117e-08 0.201346 -0.0562876
5 0.0663602 -6.44417e-09 0.933613 5.64304e-08 0.20926 -0.0560622
5.1 0.0722627 -7.14784e-09 0.92771 5.53711e-08 0.216812 -0.0556024
5.2 0.0783173 -1.90546e-09 0.921655 4.2974e-08 0.223952 -0.0549146
5.3 0.0844839 7.23253e-09 0.915488 2.17484e-08 0.23063 -0.0540097
5.4 0.0907202 1.55592e-08 0.909252 9.33262e-10 0.236805 -0.0529039
5.5 0.0969822 1.82363e-08 0.902989 -6.14025e-09 0.24244 -0.0516183
5.6 0.103226 1.30482e-08 0.896745 2.71849e-09 0.247507 -0.0501791
5.7 0.109411 3.73992e-09 0.89056 1.39792e-08 0.251985 -0.0486165
5.8 0.115495 -6.96697e-09 0.884476 2.90651e-08 0.255866 -0.0469629
5.9 0.121445 -1.66829e-08 0.878526 4.39954e-08 0.259147 -0.0452518
6 0.127228 -2.34518e-08 0.872742 5.5713e-08 0.261837 -0.0435165
6.1 0.13282 -2.90055e-08 0.86715 6.76164e-08 0.263953 -0.0417877
6.2 0.138201 -3.37097e-08 0.861769 7.80925e-08 0.26552 -0.0400913
6.3 0.143355 -3.95693e-08 0.856614 9.05861e-08 0.266569 -0.0384474
6.4 0.148272 -4.70415e-08 0.851697 1.05328e-07 0.267134 -0.0368686
6.5 0.152945 -5.50591e-08 0.847023 1.17732e-07 0.267252 -0.0353597
6.6 0.157369 -6.28202e-08 0.842599 1.27519e-07 0.266959 -0.0339182
6.7 0.161539 -6.87605e-08 0.838429 1.34219e-07 0.266288 -0.0325339
6.8 0.16545 -7.10504e-08 0.834518 1.37123e-07 0.265269 -0.0311914
6.9 0.169096 -6.77497e-08 0.830871 1.36006e-07 0.263926 -0.0298716
7 0.17247 -5.68231e-08 0.827497 1.29382e-07 0.262276 -0.0285534
7.1 0.175561 -3.85584e-08 0.824406 1.17692e-07 0.26033 -0.027217
7.2 0.178358 -1.44494e-08 0.821608 1.01458e-07 0.258094 -0.0258465
7.3 0.18085 1.15295e-08 0.819116 8.30217e-08 0.255568 -0.0244295
7.4 0.183025 3.436e-08 0.81694 6.55671e-08 0.252748 -0.0229604
7.5 0.184874 4.77221e-08 0.815091 5.61308e-08 0.24963 -0.0214398
7.6 0.18639 4.8028e-08 0.813575 5.93118e-08 0.246209 -0.0198752
7.7 0.187571 3.46382e-08 0.812393 7.67003e-08 0.242482 -0.0182787
7.8 0.188419 1.03539e-08 0.811545 1.05766e-07 0.238449 -0.0166665
7.9 0.188941 -2.03924e-08 0.811023 1.41733e-07 0.234111 -0.0150579
8 0.189148 -5.28251e-08 0.810815 1.7919e-07 0.229478 -0.0134725
8.1 0.189059 -8.29533e-08 0.810904 2.13299e-07 0.22456 -0.0119295
8.2 0.188691 -1.08782e-07 0.811271 2.41427e-07 0.219376 -0.0104452
8.3 0.18807 -1.2809e-07 0.811893 2.56862e-07 0.213946 -0.00903169
8.4 0.187218 -1.4185e-07 0.812745 2.62517e-07 0.208292 -0.00769633
8.5 0.18616 -1.51004e-07 0.813802 2.61702e-07 0.20244 -0.00644305
8.6 0.184922 -1.55601e-07 0.815039 2.58628e-07 0.196415 -0.00527072
8.7 0.183527 -1.54363e-07 0.816434 2.50448e-07 0.190244 -0.00417343
8.8 0.181996 -1.48601e-07 0.817964 2.4128e-07 0.183948 -0.00314319
8.9 0.18035 -1.38349e-07 0.819611 2.30922e-07 0.177551 -0.00216975
9 0.178604 -1.24166e-07 0.821355 2.18835e-07 0.171071 -0.00124321
9.1 0.176776 -1.08291e-07 0.823184 2.07056e-07 0.164527 -0.000354191
9.2 0.174878 -9.23768e-08 0.825081 1.95592e-07 0.157934 0.000505165
9.3 0.172923 -7.78923e-08 0.827036 1.85176e-07 0.151306 0.00134061
9.4 0.170922 -6.54011e-08 0.829037 1.76269e-07 0.144655 0.0021554
9.5 0.168885 -5.56632e-08 0.831073 1.70327e-07 0.137993 0.00294885
9.6 0.166823 -4.88559e-08 0.833135 1.70725e-07 0.131332 0.00371634
9.7 0.164744 -4.06501e-08 0.835213 1.63468e-07 0.124685 0.00445124
9.8 0.162659 -3.43612e-08 0.837298 1.56335e-07 0.118067 0.00514466
9.9 0.160577 -2.93733e-08 0.83938 1.46291e-07 0.111491 0.00578542
10 0.158505 -2.81784e-08 0.841451 1.34786e-07 0.104977 0.00635949
10.1 0.156453 -3.25219e-08 0.843503 1.32073e-07 0.0985439 0.00685369
10.2 0.15443 -3.90755e-08 0.845526 1.34973e-07 0.0922156 0.00725624
10.3 0.152441 -4.84778e-08 0.847515 1.45873e-07 0.0860156 0.00755671
10.4 0.150493 -5.79071e-08 0.849462 1.60444e-07 0.0799689 0.0077467
10.5 0.148591 -6.7287e-08 0.851364 1.75607e-07 0.0741016 0.00782052
10.6 0.14674 -7.56964e-08 0.853215 1.86863e-07 0.0684399 0.00777585
10.7 0.144941 -8.44198e-08 0.855014 2.00787e-07 0.0630095 0.00761438
10.8 0.143196 -8.93057e-08 0.856759 2.11379e-07 0.0578338 0.00734266
10.9 0.141504 -9.23928e-08 0.858449 2.19777e-07 0.0529337 0.00696978
11 0.139866 -9.36806e-08 0.860087 2.26908e-07 0.0483271 0.00650898
11.1 0.138279 -9.49425e-08 0.861674 2.39109e-07 0.0440282 0.00597727
11.2 0.13674 -9.48188e-08 0.863213 2.47097e-07 0.0400456 0.00539466
11.3 0.135246 -9.30932e-08 0.864707 2.48196e-07 0.0363827 0.00478266
11.4 0.133793 -9.15568e-08 0.86616 2.50438e-07 0.0330368 0.00416305
11.5 0.132377 -8.953e-08 0.867576 2.53001e-07 0.0300003 0.00355827
11.6 0.130994 -8.6632e-08 0.868958 2.57076e-07 0.02726 0.0029883
11.7 0.12964 -8.3021e-08 0.870312 2.58631e-07 0.0247986 0.00247134
11.8 0.128312 -7.96335e-08 0.871639 2.60118e-07 0.0225939 0.00202307
11.9 0.127007 -7.57217e-08 0.872944 2.5655e-07 0.0206208 0.00165516
12 0.125722 -7.17675e-08 0.874229 2.5078e-07 0.0188514 0.00137511
12.1 0.124455 -6.83382e-08 0.875496 2.43896e-07 0.0172566 0.00118529
12.2 0.123203 -6.63462e-08 0.876747 2.39665e-07 0.0158078 0.0010832
12.3 0.121966 -6.57758e-08 0.877983 2.40734e-07 0.0144783 0.00106241
12.4 0.120743 -6.60748e-08 0.879207 2.45841e-07 0.0132431 0.00111201
12.5 0.119532 -6.57892e-08 0.880417 2.46321e-07 0.0120805 0.00121867
12.6 0.118334 -6.39883e-08 0.881615 2.34629e-07 0.0109723 0.00136603
12.7 0.117148 -6.53674e-08 0.8828 2.46644e-07 0.00990463 0.00153611
12.8 0.115974 -6.63872e-08 0.883974 2.55905e-07 0.00886822 0.00171044
12.9 0.114813 -6.68629e-08 0.885135 2.58012e-07 0.00785845 0.00187098
13 0.113663 -6.78329e-08 0.886285 2.61432e-07 0.00687534 0.00200075
13.1 0.112525 -6.75785e-08 0.887422 2.55502e-07 0.00592311 0.00208553
13.2 0.1114 -6.71814e-08 0.888547 2.51037e-07 0.00500905 0.00211476
13.3 0.110286 -6.61098e-08 0.889661 2.44328e-07 0.00414254 0.00208163
13.4 0.109184 -6.46053e-08 0.890762 2.36363e-07 0.00333427 0.00198292
13.5 0.108094 -6.43593e-08 0.891852 2.39493e-07 0.0025957 0.00181959
13.6 0.107016 -6.3854e-08 0.892929 2.40361e-07 0.00193771 0.00159681
13.7 0.105949 -6.35282e-08 0.893996 2.42562e-07 0.00136988 0.00132341
13.8 0.104893 -6.34736e-08 0.895051 2.47047e-07 0.0008994 0.00101135
13.9 0.103849 -6.33103e-08 0.896096 2.50465e-07 0.000530596 0.000674912
14 0.102815 -6.30746e-08 0.897129 2.53083e-07 0.000264479 0.000329965
14.1 0.101792 -6.25937e-08 0.898152 2.53421e-07 9.84812e-05 -6.96436e-06
14.2 0.100779 -6.19309e-08 0.899165 2.51932e-07 2.64326e-05 -0.000319522
14.3 0.0997765 -6.11545e-08 0.900167 2.49311e-07 3.85247e-05 -0.00059272
14.4 0.098784 -6.04669e-08 0.901159 2.47362e-07 0.000121865 -0.000813634
14.5 0.0978013 -5.98904e-08 0.902141 2.46495e-07 0.000261022 -0.000972157
14.6 0.0968285 -5.93398e-08 0.903114 2.46094e-07 0.000438763 -0.00106166
14.7 0.0958653 -5.84557e-08 0.904077 2.42477e-07 0.000636892 -0.0010793
14.8 0.0949116 -5.77604e-08 0.90503 2.4087e-07 0.000837324 -0.00102636
14.9 0.0939673 -5.7039e-08 0.905974 2.39062e-07 0.00102297 -0.00090784
15 0.0930325 -5.64548e-08 0.906909 2.3853e-07 0.0011786 -0.00073223
15.1 0.0921068 -5.58004e-08 0.907834 2.37233e-07 0.0012915 -0.000510908
15.2 0.0911904 -5.49992e-08 0.90875 2.34278e-07 0.00135204 -0.000257557
15.3 0.090283 -5.44906e-08 0.909657 2.34152e-07 0.00135404 1.25623e-05
15.4 0.0893846 -5.39277e-08 0.910555 2.33395e-07 0.00129513 0.000283474
15.5 0.0884952 -5.33599e-08 0.911445 2.32532e-07 0.00117678 0.000539354
15.6 0.0876146 -5.27732e-08 0.912325 2.31421e-07 0.00100414 0.000765392
15.7 0.0867427 -5.22874e-08 0.913196 2.31311e-07 0.000785719 0.000948625
15.8 0.0858796 -5.17826e-08 0.914059 2.30927e-07 0.000532881 0.0010787
15.9 0.085025 -5.12657e-08 0.914914 2.30351e-07 0.000259066 0.00114845
16 0.0841789 -5.07909e-08 0.915759 2.3019e-07 -2.10343e-05 0.0011543
16.1 0.0833413 -5.03363e-08 0.916596 2.30201e-07 -0.00029238 0.00109638
16.2 0.082512 -4.98727e-08 0.917425 2.30076e-07 -0.000540521 0.000978508
16.3 0.0816909 -4.94027e-08 0.918246 2.29839e-07 -0.000752397 0.000807798
16.4 0.0808781 -4.89262e-08 0.919059 2.2949e-07 -0.000917037 0.000594252
16.5 0.0800733 -4.84398e-08 0.919863 2.28985e-07 -0.00102614 0.000350146
16.6 0.0792765 -4.79591e-08 0.92066 2.28495e-07 -0.00107447 8.93436e-05
16.7 0.0784877 -4.74805e-08 0.921448 2.27982e-07 -0.00106019 -0.000173461
16.8 0.0777067 -4.70037e-08 0.922229 2.27443e-07 -0.000984893 -0.000423548
16.9 0.0769335 -4.65295e-08 0.923002 2.26884e-07 -0.00085356 -0.000646985
17 0.0761679 -4.60666e-08 0.923767 2.26411e-07 -0.000674293 -0.000831422
17.1 0.07541 -4.56176e-08 0.924524 2.26056e-07 -0.000457853 -0.000966815
17.2 0.0746597 -4.51782e-08 0.925275 2.25774e-07 -0.00021701 -0.00104601
17.3 0.0739168 -4.47435e-08 0.926017 2.25507e-07 3.42187e-05 -0.00106513
17.4 0.0731813 -4.43082e-08 0.926753 2.25185e-07 0.000281386 -0.00102376
17.5 0.0724531 -4.38656e-08 0.927481 2.24723e-07 0.000510476 -0.000924933
17.6 0.0717322 -4.34147e-08 0.928202 2.241e-07 0.000708685 -0.0007749
17.7 0.0710184 -4.2965e-08 0.928915 2.23437e-07 0.000865133 -0.000582671
17.8 0.0703118 -4.25357e-08 0.929622 2.22988e-07 0.000971411 -0.000359518
17.9 0.0696122 -4.21103e-08 0.930321 2.22536e-07 0.00102201 -0.000118312
18 0.0689195 -4.16899e-08 0.931014 2.221e-07 0.0010146 0.000127206
18.1 0.0682337 -4.12734e-08 0.9317 2.21663e-07 0.000950105 0.00036319
18.2 0.0675548 -4.08626e-08 0.932379 2.21251e-07 0.000832643 0.000576432
18.3 0.0668826 -4.04553e-08 0.933051 2.20836e-07 0.000669289 0.000755098
18.4 0.0662171 -4.00515e-08 0.933716 2.20418e-07 0.000469673 0.000889393
18.5 0.0655582 -3.96528e-08 0.934375 2.20018e-07 0.000245427 0.000972125
18.6 0.0649059 -3.92578e-08 0.935027 2.19618e-07 9.49696e-06 0.000999105
18.7 0.0642601 -3.88674e-08 0.935673 2.1923e-07 -0.000224631 0.000969366
18.8 0.0636207 -3.84812e-08 0.936312 2.18851e-07 -0.000443709 0.000885194
18.9 0.0629876 -3.80984e-08 0.936945 2.18469e-07 -0.000635507 0.00075194
19 0.0623609 -3.77193e-08 0.937572 2.1809e-07 -0.000789477 0.000577663
19.1 0.0617404 -3.7344e-08 0.938192 2.17714e-07 -0.000897343 0.000372638
19.2 0.061126 -3.69721e-08 0.938806 2.17339e-07 -0.000953519 0.000148727
19.3 0.0605178 -3.66039e-08 0.939415 2.16966e-07 -0.00095537 -8.12784e-05
19.4 0.0599157 -3.62398e-08 0.940017 2.16603e-07 -0.000903322 -0.00030439
19.5 0.0593195 -3.58793e-08 0.940613 2.16244e-07 -0.000800803 -0.000508123
19.6 0.0587293 -3.55222e-08 0.941204 2.15885e-07 -0.000654045 -0.000681186
19.7 0.0581449 -3.51687e-08 0.941788 2.15531e-07 -0.000471724 -0.000814097
19.8 0.0575664 -3.48188e-08 0.942366 2.15181e-07 -0.000264462 -0.00089973
19.9 0.0569936 -3.44723e-08 0.942939 2.14834e-07 -4.42023e-05 -0.00093369
20 0.0564265 -3.41293e-08 0.943506 2.14491e-07 0.000176466 -0.000914543
