0 0 0 1 0 0 0
0.1 1.71711e-07 -2.34997e-16 0.999989 1.27191e-09 4.82618e-05 -0.000411115
0.2 7.90728e-07 -7.15871e-16 0.999988 2.29464e-09 0.000195213 -0.000865471
0.3 2.0352e-06 -3.27233e-16 0.999987 2.9597e-09 0.00044831 -0.00134859
0.4 4.11271e-06 3.35033e-15 0.999985 3.26622e-09 0.000811457 -0.00184601
0.5 7.25926e-06 1.38828e-14 0.999981 3.27192e-09 0.00128513 -0.0023442
0.6 1.1738e-05 3.4954e-14 0.999976 3.08629e-09 0.00186671 -0.00283151
0.7 1.78385e-05 6.84948e-14 0.99997 2.84937e-09 0.00255105 -0.00329894
0.8 2.58773e-05 1.12462e-13 0.999961 2.70661e-09 0.00333116 -0.00374081
0.9 3.62022e-05 1.59199e-13 0.99995 2.78171e-09 0.00419904 -0.00415521
1 4.92005e-05 1.94776e-13 0.999937 3.1721e-09 0.00514666 -0.00454424
1.1 6.53148e-05 2.03109e-13 0.999921 3.90407e-09 0.00616683 -0.00491409
1.2 8.50669e-05 1.72941e-13 0.999901 4.93946e-09 0.00725418 -0.00527481
1.3 0.000109093 1.10681e-13 0.999877 6.16208e-09 0.00840603 -0.00563992
1.4 0.000138194 5.21151e-14 0.999847 7.41958e-09 0.00962303 -0.00602579
1.5 0.000173392 7.43405e-14 0.999812 8.53843e-09 0.0109098 -0.00645091
1.6 0.000216016 2.98225e-13 0.99977 9.36492e-09 0.0122753 -0.00693502
1.7 0.000267788 8.63545e-13 0.999718 9.8462e-09 0.0137329 -0.00749818
1.8 0.00033093 1.91101e-12 0.999655 1.00113e-08 0.0153003 -0.00815979
1.9 0.000408285 3.61539e-12 0.999577 9.83164e-09 0.0169994 -0.00893774
2 0.000503443 6.1041e-12 0.999482 9.36544e-09 0.0188555 -0.00984748
2.1 0.000620869 9.52158e-12 0.999364 8.58619e-09 0.0208968 -0.0109013
2.2 0.000766033 1.37718e-11 0.999218 7.66608e-09 0.0231536 -0.0121079
2.3 0.000945532 1.86385e-11 0.999038 6.71064e-09 0.0256574 -0.0134716
2.4 0.00116719 2.37243e-11 0.998816 5.82975e-09 0.0284394 -0.0149927
2.5 0.00144015 2.84408e-11 0.998543 5.10798e-09 0.03153 -0.0166667
2.6 0.00177491 3.18496e-11 0.998208 4.71187e-09 0.0349574 -0.0184851
2.7 0.00218335 3.30678e-11 0.997799 4.66385e-09 0.038747 -0.0204357
2.8 0.00267874 3.13739e-11 0.997304 4.89898e-09 0.04292 -0.0225024
2.9 0.00327562 2.62721e-11 0.996707 5.3553e-09 0.0474933 -0.0246668
3 0.00398972 1.76987e-11 0.995993 5.95597e-09 0.0524785 -0.0269078
3.1 0.00483782 5.97904e-12 0.995144 6.64106e-09 0.0578816 -0.0292031
3.2 0.00583753 -8.40788e-12 0.994144 7.4234e-09 0.0637028 -0.0315292
3.3 0.00700707 -2.33214e-11 0.992974 8.21206e-09 0.0699364 -0.0338627
3.4 0.00836496 -3.64165e-11 0.991616 8.97027e-09 0.0765709 -0.0361802
3.5 0.00992976 -4.54041e-11 0.990051 9.68101e-09 0.083589 -0.038459
3.6 0.0117197 -4.84876e-11 0.98826 1.03357e-08 0.0909679 -0.0406774
3.7 0.0137523 -4.40953e-11 0.986227 1.09926e-08 0.09868 -0.0428152
3.8 0.0160441 -3.05117e-11 0.983935 1.17039e-08 0.106693 -0.0448531
3.9 0.0186099 -6.4566e-12 0.981369 1.25406e-08 0.11497 -0.0467734
4 0.021463 2.95231e-11 0.978515 1.34951e-08 0.123471 -0.0485595
4.1 0.024614 7.76556e-11 0.975363 1.45785e-08 0.132152 -0.0501959
4.2 0.0280709 1.40017e-10 0.971906 1.5776e-08 0.140965 -0.0516678
4.3 0.0318382 2.2703e-10 0.968138 1.68803e-08 0.149862 -0.0529618
4.4 0.035917 3.42926e-10 0.964059 1.77778e-08 0.158789 -0.0540653
4.5 0.0403039 4.96668e-10 0.959672 1.83866e-08 0.167693 -0.0549664
4.6 0.0449914 6.92923e-10 0.954984 1.86417e-08 0.176518 -0.0556544
4.7 0.0499668 9.28198e-10 0.950009 1.85602e-08 0.185207 -0.0561204
4.8 0.0552125 1.19394e-09 0.944762 1.82463e-08 0.193702 -0.0563574
4.9 0.0607059 1.46821e-09 0.939269 1.78821e-08 0.201947 -0.0563603
5 0.0664192 1.68396e-09 0.933555 1.77328e-08 0.209884 -0.0561277
5.1 0.0723201 1.83512e-09 0.927654 1.79896e-08 0.217458 -0.0556618
5.2 0.078372 1.89795e-09 0.921601 1.87978e-08 0.224618 -0.0549695
5.3 0.0845351 1.91315e-09 0.915438 1.9856e-08 0.231317 -0.0540622
5.4 0.0907671 1.8141e-09 0.909205 2.1111e-08 0.237512 -0.0529565
5.5 0.0970246 1.61704e-09 0.902948 2.21666e-08 0.243168 -0.0516734
5.6 0.103264 1.40934e-09 0.896708 2.25612e-08 0.248257 -0.0502389
5.7 0.109444 1.36007e-09 0.890528 2.18345e-08 0.252759 -0.0486829
5.8 0.115524 1.16579e-09 0.884447 2.15198e-08 0.256665 -0.0470376
5.9 0.121471 1.10213e-09 0.8785 2.11847e-08 0.259975 -0.0453354
6 0.127252 1.11446e-09 0.872719 2.09446e-08 0.262696 -0.0436091
6.1 0.132842 1.11932e-09 0.867128 2.08953e-08 0.264845 -0.0418889
6.2 0.138222 1.11197e-09 0.861748 2.08271e-08 0.266448 -0.0402007
6.3 0.143376 1.35323e-09 0.856593 1.96553e-08 0.267534 -0.0385633
6.4 0.148294 1.16727e-09 0.851675 1.91717e-08 0.268138 -0.0369889
6.5 0.152967 4.72042e-10 0.847002 1.96421e-08 0.268296 -0.0354819
6.6 0.157391 1.27855e-10 0.842578 1.91557e-08 0.268042 -0.0340393
6.7 0.161559 -1.9702e-10 0.838409 1.93627e-08 0.26741 -0.032651
6.8 0.165468 -4.77237e-10 0.834499 2.01592e-08 0.266428 -0.0313018
6.9 0.16911 -5.55706e-10 0.830857 2.10881e-08 0.265118 -0.0299732
7 0.172477 -3.81605e-10 0.82749 2.1442e-08 0.263498 -0.0286454
7.1 0.17556 -1.90747e-12 0.824407 2.03385e-08 0.261576 -0.0272996
7.2 0.178346 -1.33371e-09 0.82162 2.03162e-08 0.259359 -0.0259202
7.3 0.180826 -5.49727e-09 0.81914 2.13006e-08 0.256845 -0.0244969
7.4 0.182988 -6.93343e-09 0.816978 2.07482e-08 0.254033 -0.0230245
7.5 0.184823 -6.33365e-09 0.815142 2.00441e-08 0.250916 -0.0215035
7.6 0.186327 -5.03173e-09 0.813638 2.02986e-08 0.247491 -0.0199417
7.7 0.187496 -3.94946e-09 0.812469 2.07915e-08 0.243753 -0.0183524
7.8 0.188333 -3.28647e-09 0.811631 2.00026e-08 0.239701 -0.0167535
7.9 0.188848 -3.44336e-09 0.811116 2.02461e-08 0.235338 -0.0151647
8 0.189052 -2.29853e-09 0.810911 1.91183e-08 0.230675 -0.0136046
8.1 0.188964 -8.66963e-10 0.811 1.76876e-08 0.225724 -0.0120903
8.2 0.188602 3.61595e-10 0.811361 1.67779e-08 0.220502 -0.0106363
8.3 0.187991 1.3564e-09 0.811972 1.58057e-08 0.215028 -0.00925418
8.4 0.187155 1.15597e-09 0.812808 1.58169e-08 0.209327 -0.00795142
8.5 0.186117 3.6623e-10 0.813846 1.69126e-08 0.203422 -0.00673073
8.6 0.184904 -5.15781e-10 0.815059 1.81976e-08 0.19734 -0.00558935
8.7 0.183536 -1.57813e-09 0.816427 1.98552e-08 0.191107 -0.00452066
8.8 0.182036 -3.15282e-09 0.817927 2.20372e-08 0.184745 -0.00351627
8.9 0.180422 -6.45978e-09 0.819541 2.56592e-08 0.178279 -0.0025658
9 0.178711 -1.1392e-08 0.821252 3.07856e-08 0.171727 -0.00165806
9.1 0.176918 -1.76341e-08 0.823045 3.69045e-08 0.165108 -0.000782766
9.2 0.175055 -2.37826e-08 0.824907 4.25535e-08 0.158438 6.75082e-05
9.3 0.173135 -3.02296e-08 0.826827 4.81922e-08 0.151732 0.000898387
9.4 0.171168 -3.5726e-08 0.828794 5.29006e-08 0.145006 0.00171324
9.5 0.169164 -3.72227e-08 0.830798 5.39729e-08 0.138272 0.00251258
9.6 0.167132 -3.96713e-08 0.83283 5.62648e-08 0.131543 0.00329295
9.7 0.165082 -4.49248e-08 0.83488 6.20718e-08 0.124833 0.004047
9.8 0.163021 -5.0952e-08 0.83694 6.8626e-08 0.118157 0.00476495
9.9 0.16096 -5.57115e-08 0.839001 7.34625e-08 0.11153 0.00543493
10 0.158907 -5.75169e-08 0.841054 7.42202e-08 0.104972 0.0060436
10.1 0.15687 -5.7606e-08 0.843091 7.41527e-08 0.0985015 0.00657754
10.2 0.154858 -5.67814e-08 0.845103 7.39318e-08 0.0921421 0.00702321
10.3 0.152877 -5.26e-08 0.847083 7.02966e-08 0.085918 0.00736873
10.4 0.150935 -4.60266e-08 0.849026 6.48501e-08 0.0798546 0.00760454
10.5 0.149035 -3.91744e-08 0.850925 5.77593e-08 0.0739776 0.00772419
10.6 0.147184 -3.27168e-08 0.852776 5.15503e-08 0.0683126 0.00772454
10.7 0.145383 -2.68185e-08 0.854577 4.61435e-08 0.062884 0.00760611
10.8 0.143634 -2.19072e-08 0.856326 4.2103e-08 0.0577149 0.00737324
10.9 0.141937 -1.82992e-08 0.858022 3.97618e-08 0.0528262 0.00703421
11 0.140293 -1.61765e-08 0.859666 3.9171e-08 0.0482356 0.00660146
11.1 0.138699 -1.52385e-08 0.86126 3.83793e-08 0.0439567 0.00609114
11.2 0.137153 -1.58012e-08 0.862806 4.02325e-08 0.0399981 0.0055232
11.3 0.135652 -1.71654e-08 0.864307 4.26067e-08 0.0363618 0.00491991
11.4 0.134192 -1.87465e-08 0.865767 4.45383e-08 0.0330445 0.00430352
11.5 0.132769 -2.0173e-08 0.867189 4.5813e-08 0.0300369 0.003696
11.6 0.131379 -2.12946e-08 0.868579 4.70301e-08 0.0273248 0.00311832
11.7 0.13002 -2.19741e-08 0.869938 4.76532e-08 0.0248889 0.0025889
11.8 0.128686 -2.21639e-08 0.871271 4.75913e-08 0.0227066 0.00212302
11.9 0.127376 -2.20496e-08 0.872581 4.72175e-08 0.0207531 0.00173235
12 0.126086 -2.17446e-08 0.873871 4.70133e-08 0.0190013 0.00142566
12.1 0.124814 -2.12528e-08 0.875143 4.68255e-08 0.0174223 0.00120746
12.2 0.123559 -2.06085e-08 0.876398 4.6283e-08 0.0159864 0.00107678
12.3 0.122318 -1.99015e-08 0.877638 4.51669e-08 0.0146657 0.00102822
12.4 0.121091 -1.9391e-08 0.878865 4.48058e-08 0.0134348 0.00105215
12.5 0.119877 -1.89993e-08 0.880078 4.42974e-08 0.0122717 0.00113527
12.6 0.118676 -1.87689e-08 0.881279 4.40261e-08 0.0111583 0.00126177
12.7 0.117487 -1.87386e-08 0.882468 4.41747e-08 0.0100812 0.0014144
12.8 0.116311 -1.88721e-08 0.883644 4.48608e-08 0.00903121 0.00157519
12.9 0.115146 -1.91351e-08 0.884809 4.55247e-08 0.00800424 0.00172641
13 0.113993 -1.94517e-08 0.885961 4.60566e-08 0.00700046 0.00185169
13.1 0.112853 -1.97849e-08 0.887101 4.63179e-08 0.00602401 0.00193696
13.2 0.111724 -2.00501e-08 0.88823 4.66496e-08 0.00508237 0.00197087
13.3 0.110608 -2.02969e-08 0.889346 4.64806e-08 0.00418563 0.00194555
13.4 0.109503 -2.05057e-08 0.89045 4.59468e-08 0.00334569 0.00185711
13.5 0.10841 -2.07199e-08 0.891543 4.6141e-08 0.00257492 0.00170611
13.6 0.107329 -2.08326e-08 0.892624 4.62186e-08 0.00188517 0.00149677
13.7 0.106259 -2.08632e-08 0.893694 4.62573e-08 0.00128704 0.00123722
13.8 0.1052 -2.07988e-08 0.894752 4.63056e-08 0.000788919 0.000938622
13.9 0.104153 -2.06372e-08 0.895799 4.66166e-08 0.00039636 0.00061529
14 0.103116 -2.04565e-08 0.896836 4.66532e-08 0.000111049 0.000282829
14.1 0.10209 -2.02333e-08 0.897862 4.62011e-08 -6.90594e-05 -4.23967e-05
14.2 0.101074 -1.9928e-08 0.898877 4.55492e-08 -0.000149845 -0.000344199
14.3 0.100069 -1.95756e-08 0.899883 4.50586e-08 -0.000140894 -0.000607699
14.4 0.0990734 -1.93691e-08 0.900878 4.58424e-08 -5.48924e-05 -0.000819799
14.5 0.0980879 -1.91261e-08 0.901863 4.59892e-08 9.24699e-05 -0.00097052
14.6 0.0971123 -1.88663e-08 0.902839 4.58494e-08 0.000283764 -0.00105311
14.7 0.0961463 -1.86112e-08 0.903805 4.56871e-08 0.000500504 -0.00106458
14.8 0.0951898 -1.83671e-08 0.904761 4.54928e-08 0.000724073 -0.00100568
14.9 0.0942428 -1.81402e-08 0.905708 4.51889e-08 0.000936536 -0.000880954
15 0.0933052 -1.7916e-08 0.906646 4.47907e-08 0.00112146 -0.000698545
15.1 0.0923769 -1.76908e-08 0.907574 4.42914e-08 0.00126477 -0.000469767
15.2 0.0914578 -1.7465e-08 0.908493 4.37087e-08 0.00135564 -0.000208409
15.3 0.0905478 -1.72604e-08 0.909403 4.32846e-08 0.00138678 7.00342e-05
15.4 0.0896468 -1.70735e-08 0.910304 4.2965e-08 0.00135487 0.000349273
15.5 0.0887547 -1.68883e-08 0.911196 4.26464e-08 0.00126056 0.000613188
15.6 0.0878716 -1.67243e-08 0.912079 4.2524e-08 0.00110829 0.000846698
15.7 0.0869972 -1.65582e-08 0.912953 4.2248e-08 0.000906013 0.00103667
15.8 0.0861315 -1.64056e-08 0.913819 4.20869e-08 0.000664473 0.00117246
15.9 0.0852744 -1.6254e-08 0.914675 4.19351e-08 0.000396636 0.00124648
16 0.0844259 -1.60891e-08 0.915524 4.16479e-08 0.000116852 0.00125467
16.1 0.0835858 -1.59327e-08 0.916364 4.14395e-08 -0.00015982 0.00119644
16.2 0.0827541 -1.5772e-08 0.917195 4.11921e-08 -0.00041843 0.00107495
16.3 0.0819306 -1.55973e-08 0.918019 4.07833e-08 -0.000645032 0.000896917
16.4 0.0811154 -1.54371e-08 0.918834 4.05681e-08 -0.000827651 0.000672171
16.5 0.0803083 -1.53098e-08 0.919641 4.07258e-08 -0.000956801 0.000413137
16.6 0.0795092 -1.52169e-08 0.92044 4.13073e-08 -0.00102612 0.000134168
16.7 0.078718 -1.50347e-08 0.921231 4.08488e-08 -0.00103278 -0.000149364
16.8 0.0779348 -1.48732e-08 0.922014 4.06103e-08 -0.000977546 -0.000421948
16.9 0.0771593 -1.46764e-08 0.92279 3.99204e-08 -0.000864701 -0.000668884
17 0.0763916 -1.45114e-08 0.923557 3.95657e-08 -0.000701734 -0.000877101
17.1 0.0756315 -1.43743e-08 0.924318 3.95091e-08 -0.000498847 -0.00103579
17.2 0.0748789 -1.42282e-08 0.92507 3.93265e-08 -0.000268341 -0.00113707
17.3 0.0741339 -1.41145e-08 0.925815 3.95207e-08 -2.37934e-05 -0.00117628
17.4 0.0733962 -1.39577e-08 0.926553 3.9218e-08 0.00022061 -0.0011521
17.5 0.0726659 -1.37978e-08 0.927283 3.88534e-08 0.000450924 -0.0010666
17.6 0.0719429 -1.36123e-08 0.928006 3.81507e-08 0.000654034 -0.000925075
17.7 0.071227 -1.34688e-08 0.928722 3.79348e-08 0.000818358 -0.000735864
17.8 0.0705183 -1.33451e-08 0.929431 3.79498e-08 0.000934661 -0.000509838
17.9 0.0698167 -1.32271e-08 0.930132 3.80301e-08 0.00099641 -0.000259809
18 0.069122 -1.30998e-08 0.930827 3.79739e-08 0.00100023 1.47386e-07
18.1 0.0684342 -1.29666e-08 0.931515 3.78189e-08 0.000946128 0.000255494
18.2 0.0677533 -1.28319e-08 0.932196 3.76217e-08 0.000837492 0.00049212
18.3 0.0670791 -1.26961e-08 0.93287 3.73926e-08 0.0006809 0.000697144
18.4 0.0664117 -1.25604e-08 0.933538 3.71524e-08 0.000485685 0.000859682
18.5 0.0657509 -1.24191e-08 0.934198 3.68001e-08 0.000263342 0.000971468
18.6 0.0650966 -1.2276e-08 0.934853 3.63919e-08 2.67375e-05 0.0010273
18.7 0.0644489 -1.21522e-08 0.9355 3.62473e-08 -0.000210639 0.00102524
18.8 0.0638076 -1.20314e-08 0.936141 3.6126e-08 -0.000435455 0.000966542
18.9 0.0631727 -1.19118e-08 0.936776 3.60074e-08 -0.000635269 0.000855553
19 0.0625441 -1.17935e-08 0.937405 3.58916e-08 -0.00079918 0.000699332
19.1 0.0619218 -1.16766e-08 0.938027 3.57811e-08 -0.000918308 0.000507254
19.2 0.0613057 -1.15615e-08 0.938643 3.56832e-08 -0.000986207 0.00029051
19.3 0.0606957 -1.14478e-08 0.939253 3.55898e-08 -0.000999217 6.15654e-05
19.4 0.0600917 -1.13351e-08 0.939857 3.54954e-08 -0.000956765 -0.000166523
19.5 0.0594938 -1.12221e-08 0.940455 3.53804e-08 -0.000861367 -0.000380804
19.6 0.0589019 -1.11101e-08 0.941047 3.52636e-08 -0.000718498 -0.000569202
19.7 0.0583158 -1.09989e-08 0.941633 3.51442e-08 -0.000536329 -0.000721233
19.8 0.0577355 -1.08894e-08 0.942214 3.50348e-08 -0.000325379 -0.000828604
19.9 0.057161 -1.07811e-08 0.942788 3.49264e-08 -9.7738e-05 -0.000885816
20 0.0565923 -1.06738e-08 0.943357 3.48192e-08 0.000133713 -0.000890387
