0 0 0 1 0 0 0
0.1 1.71712e-07 1.23633e-15 0.999993 2.91865e-08 4.8269e-05 -0.000411322
0.2 7.90926e-07 8.39813e-15 0.999992 3.82199e-08 0.000195366 -0.000866507
0.3 2.03653e-06 3.19516e-14 0.99999 4.50787e-08 0.000449062 -0.00135148
0.4 4.11764e-06 9.2824e-14 0.999987 4.92033e-08 0.000813746 -0.0018521
0.5 7.27285e-06 2.22826e-13 0.999984 5.04585e-08 0.00129053 -0.00235503
0.6 1.17691e-05 4.67684e-13 0.999978 4.86536e-08 0.00187755 -0.00284864
0.7 1.79009e-05 8.21228e-13 0.999972 4.72325e-08 0.00257045 -0.00332371
0.8 2.59907e-05 1.32523e-12 0.999963 4.57841e-08 0.00336303 -0.00377414
0.9 3.63925e-05 1.95741e-12 0.999952 4.54979e-08 0.00424805 -0.00419736
1 4.94989e-05 2.66621e-12 0.999938 4.71247e-08 0.00521804 -0.00459461
1.1 6.57554e-05 3.38299e-12 0.999922 5.09131e-08 0.00626623 -0.00497105
1.2 8.56821e-05 4.08589e-12 0.999901 5.61829e-08 0.0073874 -0.0053356
1.3 0.000109906 4.87247e-12 0.999877 6.1597e-08 0.00857874 -0.00570061
1.4 0.000139207 5.93113e-12 0.999847 6.56284e-08 0.00984054 -0.00608136
1.5 0.000174573 7.33177e-12 0.999811 6.80415e-08 0.0111768 -0.00649534
1.6 0.000217279 9.15106e-12 0.999769 6.84727e-08 0.0125955 -0.00696154
1.7 0.000268969 1.13223e-11 0.999717 6.89698e-08 0.014109 -0.0074995
1.8 0.000331764 1.42981e-11 0.999654 6.97098e-08 0.015734 -0.00812844
1.9 0.000408376 1.83961e-11 0.999578 7.22233e-08 0.0174911 -0.00886639
2 0.000502231 2.53996e-11 0.999484 7.43027e-08 0.0194047 -0.00972928
2.1 0.000617602 3.75452e-11 0.999369 7.55063e-08 0.0215022 -0.0107303
2.2 0.000759736 5.64309e-11 0.999227 7.7223e-08 0.0238133 -0.0118791
2.3 0.000934981 8.42243e-11 0.999052 7.69993e-08 0.026369 -0.0131815
2.4 0.00115089 1.14896e-10 0.998836 7.91473e-08 0.029201 -0.014639
2.5 0.00141632 1.5699e-10 0.998571 7.8803e-08 0.0323403 -0.016249
2.6 0.00174148 1.968e-10 0.998246 7.80081e-08 0.0358162 -0.0180043
2.7 0.00213794 2.27489e-10 0.99785 7.92024e-08 0.0396555 -0.0198936
2.8 0.00261868 2.26818e-10 0.997369 8.13195e-08 0.0438817 -0.0219021
2.9 0.00319791 2.23452e-10 0.99679 8.41564e-08 0.0485137 -0.0240114
3 0.00389109 2.68013e-10 0.996097 8.96132e-08 0.0535656 -0.0262006
3.1 0.00471463 3.72629e-10 0.995274 9.52973e-08 0.0590459 -0.0284466
3.2 0.0056858 4.89005e-10 0.994303 1.00061e-07 0.0649571 -0.030725
3.3 0.00682236 5.27709e-10 0.993166 1.03462e-07 0.0712959 -0.0330105
3.4 0.00814231 4.78282e-10 0.991846 1.05294e-07 0.0780525 -0.0352774
3.5 0.00966353 2.99564e-10 0.990325 1.06149e-07 0.085211 -0.0375006
3.6 0.0114034 1.6348e-10 0.988585 1.07047e-07 0.0927495 -0.0396554
3.7 0.0133782 2.20477e-10 0.986611 1.0844e-07 0.10064 -0.0417183
3.8 0.0156032 5.89367e-10 0.984386 1.11508e-07 0.10885 -0.0436672
3.9 0.0180914 1.25025e-09 0.981897 1.13414e-07 0.117342 -0.0454816
4 0.020854 1.97947e-09 0.979135 1.16105e-07 0.126071 -0.0471427
4.1 0.023899 2.51877e-09 0.976089 1.2041e-07 0.134993 -0.0486333
4.2 0.0272317 2.66e-09 0.972757 1.26535e-07 0.144056 -0.0499382
4.3 0.0308535 2.43893e-09 0.969135 1.34912e-07 0.153207 -0.0510441
4.4 0.0347619 2.04835e-09 0.965226 1.44506e-07 0.16239 -0.05194
4.5 0.0389504 1.59349e-09 0.961037 1.53955e-07 0.171548 -0.0526168
4.6 0.0434079 1.50913e-09 0.95658 1.62157e-07 0.180621 -0.0530681
4.7 0.0481187 2.3802e-09 0.951868 1.64619e-07 0.189549 -0.0532905
4.8 0.0530627 4.50346e-09 0.946924 1.63449e-07 0.198273 -0.0532835
4.9 0.0582154 8.24792e-09 0.941771 1.57879e-07 0.206736 -0.0530501
5 0.0635485 1.31661e-08 0.936438 1.48154e-07 0.214882 -0.0525971
5.1 0.0690299 1.83027e-08 0.930956 1.37735e-07 0.222658 -0.0519352
5.2 0.0746252 2.18331e-08 0.92536 1.33388e-07 0.230017 -0.0510793
5.3 0.0802979 2.2637e-08 0.919687 1.34042e-07 0.236916 -0.0500484
5.4 0.0860106 2.04946e-08 0.913974 1.40142e-07 0.243318 -0.0488653
5.5 0.0917264 1.80539e-08 0.908258 1.4118e-07 0.249197 -0.0475562
5.6 0.0974095 1.51705e-08 0.902574 1.40754e-07 0.25453 -0.0461498
5.7 0.103026 1.39239e-08 0.896957 1.35949e-07 0.259308 -0.0446755
5.8 0.108547 1.52958e-08 0.891435 1.24193e-07 0.263528 -0.0431628
5.9 0.113945 1.90626e-08 0.886037 1.08076e-07 0.267195 -0.0416391
6 0.119198 2.41018e-08 0.880784 9.28229e-08 0.270324 -0.0401284
6.1 0.124288 2.67551e-08 0.875694 8.9379e-08 0.272936 -0.0386501
6.2 0.129199 2.86247e-08 0.870783 9.03902e-08 0.275058 -0.0372171
6.3 0.133919 3.00473e-08 0.866063 9.66946e-08 0.276719 -0.0358351
6.4 0.138439 3.06536e-08 0.861543 1.06851e-07 0.277952 -0.0345026
6.5 0.142747 2.76295e-08 0.857234 1.18605e-07 0.278786 -0.0332109
6.6 0.146835 1.93216e-08 0.853146 1.31708e-07 0.27925 -0.0319452
6.7 0.150689 5.61278e-09 0.849291 1.45068e-07 0.27937 -0.030686
6.8 0.154297 -1.13706e-08 0.845683 1.58241e-07 0.279164 -0.0294113
6.9 0.157642 -2.58317e-08 0.842338 1.6884e-07 0.278647 -0.0280982
7 0.160706 -3.30999e-08 0.839273 1.71845e-07 0.277825 -0.0267262
7.1 0.16347 -2.98579e-08 0.836509 1.67354e-07 0.276701 -0.0252778
7.2 0.165913 -1.53569e-08 0.834066 1.54157e-07 0.275272 -0.0237412
7.3 0.168015 9.52056e-09 0.831963 1.32542e-07 0.27353 -0.0221114
7.4 0.169761 4.14427e-08 0.830217 1.06062e-07 0.271466 -0.0203905
7.5 0.171137 7.5419e-08 0.82884 7.98934e-08 0.269069 -0.0185885
7.6 0.172135 1.05081e-07 0.827842 5.96476e-08 0.266329 -0.0167215
7.7 0.172753 1.25074e-07 0.827223 5.19469e-08 0.263238 -0.0148115
7.8 0.172996 1.38888e-07 0.82698 5.11178e-08 0.259794 -0.0128831
7.9 0.172875 1.44574e-07 0.827101 5.73805e-08 0.255995 -0.0109631
8 0.172407 1.44099e-07 0.827568 6.74757e-08 0.251847 -0.00907751
8.1 0.171616 1.42416e-07 0.82836 7.57776e-08 0.247357 -0.00725061
8.2 0.170528 1.45567e-07 0.829447 7.63376e-08 0.242538 -0.00550309
8.3 0.169173 1.57099e-07 0.830801 6.58456e-08 0.237406 -0.00385097
8.4 0.167585 1.77905e-07 0.832389 4.51346e-08 0.23198 -0.00230541
8.5 0.165796 2.04947e-07 0.834179 1.51115e-08 0.226278 -0.000872781
8.6 0.163838 2.32525e-07 0.836137 -2.05957e-08 0.220322 0.000445132
8.7 0.161741 2.59381e-07 0.838233 -5.22044e-08 0.214131 0.00165029
8.8 0.159536 2.80691e-07 0.840438 -7.75512e-08 0.207726 0.00274732
8.9 0.157248 2.94174e-07 0.842726 -9.59847e-08 0.201125 0.00374229
9 0.154901 3.00496e-07 0.845073 -1.07518e-07 0.194347 0.00464166
9.1 0.152516 3.05272e-07 0.847457 -1.16309e-07 0.187408 0.00545146
9.2 0.150114 3.12689e-07 0.84986 -1.26793e-07 0.180326 0.0061763
9.3 0.14771 3.24799e-07 0.852264 -1.39528e-07 0.173118 0.0068189
9.4 0.145319 3.41924e-07 0.854654 -1.54315e-07 0.165801 0.00737954
9.5 0.142956 3.63603e-07 0.857018 -1.68412e-07 0.158394 0.00785599
9.6 0.140631 3.8461e-07 0.859343 -1.8706e-07 0.150917 0.00824367
9.7 0.138355 4.01286e-07 0.861618 -2.06144e-07 0.143393 0.00853608
9.8 0.136138 4.12903e-07 0.863835 -2.22542e-07 0.135848 0.00872551
9.9 0.133988 4.18254e-07 0.865986 -2.349e-07 0.128309 0.00880379
10 0.131911 4.18137e-07 0.868063 -2.41883e-07 0.120808 0.00876309
10.1 0.129913 4.18204e-07 0.870061 -2.36658e-07 0.113376 0.00859624
10.2 0.127998 4.18437e-07 0.871976 -2.27627e-07 0.106048 0.00829812
10.3 0.126169 4.20754e-07 0.873805 -2.19953e-07 0.0988605 0.00786611
10.4 0.124426 4.23399e-07 0.875548 -2.20801e-07 0.0918482 0.00729992
10.5 0.122769 4.28884e-07 0.877205 -2.2341e-07 0.0850479 0.00660282
10.6 0.121197 4.36172e-07 0.878778 -2.27133e-07 0.078495 0.00578256
10.7 0.119706 4.44029e-07 0.880269 -2.31895e-07 0.0722228 0.00485152
10.8 0.118291 4.50495e-07 0.881683 -2.41114e-07 0.0662609 0.00382646
10.9 0.116948 4.55008e-07 0.883027 -2.50232e-07 0.0606342 0.00272787
11 0.11567 4.56797e-07 0.884305 -2.5714e-07 0.0553621 0.00157944
11.1 0.11445 4.55448e-07 0.885525 -2.61602e-07 0.0504578 0.000407056
11.2 0.113281 4.51139e-07 0.886694 -2.62946e-07 0.0459288 -0.000761919
11.3 0.112156 4.44151e-07 0.887819 -2.61962e-07 0.0417753 -0.00189901
11.4 0.111067 4.35128e-07 0.888907 -2.61332e-07 0.0379904 -0.00297612
11.5 0.110009 4.24973e-07 0.889965 -2.63281e-07 0.0345603 -0.00396709
11.6 0.108976 4.14745e-07 0.890999 -2.65143e-07 0.0314652 -0.0048489
11.7 0.107961 4.05373e-07 0.892014 -2.63617e-07 0.0286802 -0.00560278
11.8 0.10696 3.97322e-07 0.893015 -2.54729e-07 0.0261768 -0.00621484
11.9 0.10597 3.91194e-07 0.894005 -2.51807e-07 0.0239237 -0.00667606
12 0.104987 3.8507e-07 0.894988 -2.49262e-07 0.0218881 -0.00698271
12.1 0.10401 3.79415e-07 0.895965 -2.44533e-07 0.0200365 -0.00713633
12.2 0.103036 3.73962e-07 0.896939 -2.4018e-07 0.0183362 -0.00714364
12.3 0.102066 3.67907e-07 0.897909 -2.32553e-07 0.0167561 -0.0070164
12.4 0.101098 3.6107e-07 0.898877 -2.24641e-07 0.0152679 -0.00677097
12.5 0.100133 3.54506e-07 0.899842 -2.18552e-07 0.0138474 -0.00642765
12.6 0.0991712 3.48944e-07 0.900804 -2.15299e-07 0.012475 -0.00600973
12.7 0.0982127 3.44437e-07 0.901762 -2.11628e-07 0.0111366 -0.00554205
12.8 0.0972586 3.40598e-07 0.902716 -2.02044e-07 0.00982374 -0.00504942
12.9 0.0963093 3.37674e-07 0.903665 -1.86697e-07 0.00853343 -0.00455607
13 0.0953658 3.35546e-07 0.904609 -1.66528e-07 0.00726762 -0.00408415
13.1 0.0944285 3.33989e-07 0.905546 -1.44442e-07 0.0060324 -0.00365285
13.2 0.0934981 3.31309e-07 0.906476 -1.27536e-07 0.00483783 -0.00327761
13.3 0.0925751 3.27883e-07 0.907399 -1.14497e-07 0.00369693 -0.00296918
13.4 0.0916599 3.23754e-07 0.908315 -1.03919e-07 0.00262431 -0.00273338
13.5 0.0907527 3.20012e-07 0.909222 -9.70851e-08 0.00163498 -0.00257103
13.6 0.0898538 3.16523e-07 0.910121 -8.87201e-08 0.000743158 -0.00247777
13.7 0.0889632 3.13503e-07 0.911011 -7.79064e-08 -3.86256e-05 -0.00244502
13.8 0.088081 3.11078e-07 0.911894 -6.47505e-08 -0.000700903 -0.00246023
13.9 0.0872072 3.08346e-07 0.912768 -5.73627e-08 -0.00123722 -0.00250785
14 0.0863418 3.05773e-07 0.913633 -5.0132e-08 -0.00164527 -0.00257099
14.1 0.0854847 3.03049e-07 0.91449 -4.69193e-08 -0.00192687 -0.00263134
14.2 0.084636 3.0025e-07 0.915339 -4.34199e-08 -0.00208868 -0.00267023
14.3 0.0837954 2.9714e-07 0.916179 -4.07858e-08 -0.00214152 -0.00267104
14.4 0.0829629 2.93771e-07 0.917012 -3.86881e-08 -0.00209973 -0.00261923
14.5 0.0821385 2.9031e-07 0.917836 -3.62891e-08 -0.00198071 -0.00250328
14.6 0.0813221 2.87131e-07 0.918653 -3.09476e-08 -0.0018042 -0.00231525
14.7 0.0805136 2.83929e-07 0.919461 -2.38816e-08 -0.00159145 -0.00205147
14.8 0.079713 2.80559e-07 0.920262 -1.82484e-08 -0.00136388 -0.00171276
14.9 0.0789202 2.77219e-07 0.921055 -1.24348e-08 -0.00114218 -0.00130426
15 0.0781352 2.74052e-07 0.92184 -5.12654e-09 -0.000945415 -0.000835373
15.1 0.0773579 2.71076e-07 0.922617 1.91836e-09 -0.000789943 -0.000319253
15.2 0.0765882 2.68178e-07 0.923387 7.58173e-09 -0.000688608 0.00022795
15.3 0.0758261 2.65588e-07 0.924149 1.36893e-08 -0.00065004 0.000788038
15.4 0.0750716 2.63313e-07 0.924903 2.15236e-08 -0.000678411 0.00134183
15.5 0.0743245 2.61131e-07 0.925651 3.15204e-08 -0.000773414 0.00187008
15.6 0.0735849 2.58835e-07 0.92639 4.26541e-08 -0.000930425 0.00235497
15.7 0.0728526 2.56429e-07 0.927122 5.19864e-08 -0.00114094 0.00278031
15.8 0.0721276 2.53961e-07 0.927847 5.79292e-08 -0.00139297 0.00313279
15.9 0.0714098 2.51612e-07 0.928565 6.42978e-08 -0.00167194 0.00340253
16 0.0706992 2.49265e-07 0.929276 6.96406e-08 -0.00196153 0.00358351
16.1 0.0699957 2.4692e-07 0.929979 7.37514e-08 -0.00224455 0.00367385
16.2 0.0692992 2.44596e-07 0.930676 7.66609e-08 -0.00250383 0.00367575
16.3 0.0686096 2.4235e-07 0.931365 7.95619e-08 -0.00272325 0.00359565
16.4 0.0679269 2.40182e-07 0.932048 8.2359e-08 -0.0028888 0.00344345
16.5 0.067251 2.38101e-07 0.932724 8.51596e-08 -0.00298913 0.00323189
16.6 0.0665818 2.36021e-07 0.933393 8.70952e-08 -0.00301587 0.00297605
16.7 0.0659193 2.33885e-07 0.934056 8.80229e-08 -0.00296437 0.00269268
16.8 0.0652634 2.31685e-07 0.934712 8.78321e-08 -0.0028337 0.00239943
16.9 0.064614 2.29393e-07 0.935361 8.64244e-08 -0.00262689 0.00211369
17 0.063971 2.27013e-07 0.936004 8.37424e-08 -0.0023507 0.00185202
17.1 0.0633345 2.24592e-07 0.936641 8.17163e-08 -0.00201548 0.00162899
17.2 0.0627043 2.22212e-07 0.937271 8.15986e-08 -0.00163454 0.00145694
17.3 0.0620804 2.19962e-07 0.937895 8.43059e-08 -0.00122369 0.00134469
17.4 0.0614627 2.17787e-07 0.938513 8.75738e-08 -0.000800338 0.00129694
17.5 0.0608511 2.15648e-07 0.939124 9.0517e-08 -0.000382571 0.00131469
17.6 0.0602456 2.13518e-07 0.93973 9.26686e-08 1.2261e-05 0.00139445
17.7 0.0596462 2.11396e-07 0.940329 9.41113e-08 0.00036831 0.00152906
17.8 0.0590527 2.09313e-07 0.940922 9.57286e-08 0.000671973 0.00170795
17.9 0.0584651 2.07258e-07 0.94151 9.72917e-08 0.000912697 0.00191791
18 0.0578834 2.05249e-07 0.942092 9.89234e-08 0.0010833 0.00214362
18.1 0.0573074 2.03305e-07 0.942668 1.00798e-07 0.00118083 0.00236887
18.2 0.0567372 2.01387e-07 0.943238 1.02387e-07 0.00120635 0.00257737
18.3 0.0561727 1.9949e-07 0.943803 1.03837e-07 0.00116466 0.00275402
18.4 0.0556137 1.97597e-07 0.944362 1.05376e-07 0.00106369 0.00288534
18.5 0.0550604 1.95683e-07 0.944915 1.06963e-07 0.00091444 0.00296012
18.6 0.0545125 1.93754e-07 0.945463 1.08669e-07 0.000730271 0.00297033
18.7 0.0539701 1.91819e-07 0.946005 1.10532e-07 0.000525579 0.0029109
18.8 0.0534331 1.89909e-07 0.946542 1.12494e-07 0.000316073 0.00277994
18.9 0.0529014 1.88007e-07 0.947074 1.14291e-07 0.000117746 0.00257959
19 0.0523751 1.86138e-07 0.9476 1.16153e-07 -5.43465e-05 0.00231591
19.1 0.0518539 1.84292e-07 0.948121 1.17987e-07 -0.000186843 0.0019985
19.2 0.051338 1.82463e-07 0.948637 1.19796e-07 -0.000269081 0.00163967
19.3 0.0508271 1.8065e-07 0.949148 1.21577e-07 -0.000293031 0.00125384
19.4 0.0503214 1.78853e-07 0.949654 1.2334e-07 -0.000255331 0.000856611
19.5 0.0498207 1.77073e-07 0.950155 1.25097e-07 -0.000155897 0.000464427
19.6 0.049325 1.75311e-07 0.95065 1.26871e-07 1.9406e-06 9.27105e-05
19.7 0.0488342 1.73566e-07 0.951141 1.28627e-07 0.000211574 -0.000244579
19.8 0.0483483 1.71838e-07 0.951627 1.3037e-07 0.000463408 -0.000535573
19.9 0.0478672 1.70129e-07 0.952108 1.3208e-07 0.000745532 -0.000771132
20 0.0473909 1.68436e-07 0.952584 1.33773e-07 0.00104429 -0.00094539
