0 0 0 1 0 0 0
0.1 1.71711e-07 6.19286e-16 0.99999 -3.48722e-09 4.82619e-05 -0.000411123
0.2 7.90736e-07 3.23809e-15 0.999989 -7.10094e-09 0.000195217 -0.000865508
0.3 2.03525e-06 7.76941e-15 0.999987 -1.00563e-08 0.000448332 -0.0013487
0.4 4.11289e-06 1.03249e-14 0.999985 -1.18544e-08 0.000811526 -0.00184623
0.5 7.25975e-06 1.69211e-15 0.999981 -1.22781e-08 0.00128529 -0.00234459
0.6 1.17391e-05 -3.07261e-14 0.999976 -1.14261e-08 0.00186704 -0.00283213
0.7 1.78407e-05 -9.62079e-14 0.99997 -9.667e-09 0.00255164 -0.00329985
0.8 2.58815e-05 -1.92177e-13 0.999961 -7.45328e-09 0.00333212 -0.00374205
0.9 3.62093e-05 -2.98404e-13 0.999951 -5.17345e-09 0.00420052 -0.00415679
1 4.92118e-05 -3.79004e-13 0.999938 -2.99363e-09 0.00514879 -0.00454617
1.1 6.53317e-05 -3.81707e-13 0.999921 -1.00817e-09 0.00616978 -0.00491634
1.2 8.50911e-05 -2.71043e-13 0.999901 1.11177e-09 0.00725813 -0.00527731
1.3 0.000109126 -1.81389e-14 0.999877 3.57062e-09 0.00841111 -0.00564258
1.4 0.000138237 5.08561e-13 0.999848 5.98795e-09 0.00962938 -0.00602849
1.5 0.000173447 1.45812e-12 0.999813 8.14413e-09 0.0109175 -0.00645352
1.6 0.000216081 3.1554e-12 0.99977 9.32784e-09 0.0122845 -0.00693738
1.7 0.000267862 6.07706e-12 0.999718 8.69179e-09 0.0137436 -0.00750014
1.8 0.000331009 1.06871e-11 0.999655 5.61355e-09 0.0153125 -0.0081612
1.9 0.000408364 1.75625e-11 0.999577 -1.29854e-09 0.017013 -0.00893847
2 0.000503513 2.12583e-11 0.999482 -2.23089e-09 0.0188705 -0.00984743
2.1 0.000620918 2.30878e-11 0.999364 -1.31821e-09 0.0209132 -0.0109004
2.2 0.000766046 2.23067e-11 0.999218 1.15515e-09 0.0231713 -0.0121061
2.3 0.000945492 2.12232e-11 0.999038 1.93369e-09 0.0256762 -0.0134691
2.4 0.00116708 1.68034e-11 0.998816 3.59212e-09 0.0284592 -0.0149894
2.5 0.00143994 1.11167e-11 0.998543 4.4844e-09 0.0315508 -0.0166629
2.6 0.00177458 4.38436e-12 0.998207 4.36095e-09 0.0349792 -0.018481
2.7 0.00218289 3.93718e-12 0.997799 1.9138e-09 0.0387699 -0.0204316
2.8 0.00267813 -2.3708e-13 0.997304 1.72273e-09 0.0429441 -0.0224987
2.9 0.00327484 3.72196e-12 0.996707 4.88857e-10 0.047519 -0.0246636
3 0.00398878 1.5867e-11 0.995993 -1.19762e-09 0.052506 -0.0269055
3.1 0.00483672 3.30795e-11 0.995145 -3.24611e-09 0.0579113 -0.029202
3.2 0.0058363 4.92884e-11 0.994145 -5.27092e-09 0.0637353 -0.0315295
3.3 0.00700572 7.37243e-11 0.992975 -7.14889e-09 0.0699721 -0.0338645
3.4 0.00836354 1.10248e-10 0.991617 -8.97941e-09 0.0766104 -0.0361836
3.5 0.00992831 1.48949e-10 0.990052 -1.08657e-08 0.0836329 -0.0384641
3.6 0.0117183 1.60666e-10 0.988262 -1.28095e-08 0.0910169 -0.0406841
3.7 0.0137509 1.11195e-10 0.986229 -1.39729e-08 0.0987349 -0.0428232
3.8 0.0160428 -3.30967e-11 0.983937 -1.26248e-08 0.106754 -0.0448621
3.9 0.0186088 -2.90256e-10 0.981371 -8.83887e-09 0.115038 -0.0467829
4 0.021462 -4.25755e-10 0.978517 -4.91393e-09 0.123547 -0.0485688
4.1 0.0246131 -2.62362e-10 0.975366 -2.64776e-09 0.132236 -0.0502043
4.2 0.0280699 6.29666e-10 0.971909 -6.13882e-09 0.141058 -0.0516748
4.3 0.0318369 4.24259e-10 0.968142 -1.21704e-08 0.149962 -0.0529667
4.4 0.0359152 1.23386e-11 0.964064 -2.27206e-08 0.158898 -0.0540672
4.5 0.0403013 -5.53814e-10 0.959678 -2.58876e-08 0.16781 -0.0549647
4.6 0.0449875 -7.82622e-10 0.954991 -2.59261e-08 0.176641 -0.0556489
4.7 0.0499611 -1.98537e-10 0.950018 -2.50838e-08 0.185336 -0.0561113
4.8 0.0552046 9.31115e-10 0.944774 -2.72301e-08 0.193837 -0.0563449
4.9 0.0606952 1.86939e-09 0.939283 -3.34326e-08 0.202087 -0.056345
5 0.0664053 1.86008e-09 0.933573 -3.96383e-08 0.210028 -0.0561101
5.1 0.0723025 1.38945e-09 0.927675 -4.52725e-08 0.217607 -0.0556426
5.2 0.0783504 2.86718e-10 0.921627 -5.01285e-08 0.224772 -0.0549493
5.3 0.0845092 -1.05185e-09 0.915469 -5.0043e-08 0.231475 -0.0540421
5.4 0.0907368 -9.79853e-10 0.909241 -4.97029e-08 0.237674 -0.0529376
5.5 0.0969899 4.5032e-10 0.902988 -5.13775e-08 0.243335 -0.0516571
5.6 0.103225 1.70775e-09 0.896753 -5.30582e-08 0.24843 -0.0502265
5.7 0.109401 3.10372e-09 0.890577 -5.42881e-08 0.252939 -0.0486753
5.8 0.115479 4.94301e-09 0.884499 -5.48073e-08 0.256853 -0.0470357
5.9 0.121422 9.40248e-09 0.878555 -5.77201e-08 0.260171 -0.0453405
6 0.127202 1.32614e-08 0.872775 -6.16861e-08 0.262902 -0.0436214
6.1 0.132792 1.04902e-08 0.867185 -6.03519e-08 0.265065 -0.0419077
6.2 0.138172 -2.62687e-09 0.861805 -4.73847e-08 0.266681 -0.0402246
6.3 0.143327 -2.92516e-08 0.85665 -2.08188e-08 0.267782 -0.0385915
6.4 0.148246 -4.93357e-08 0.851732 -1.02968e-09 0.268402 -0.03702
6.5 0.15292 -5.7094e-08 0.847057 6.4264e-09 0.268577 -0.0355137
6.6 0.157345 -5.58905e-08 0.842632 5.30104e-09 0.26834 -0.0340696
6.7 0.161514 -5.44444e-08 0.838462 4.04145e-09 0.267724 -0.0326782
6.8 0.165423 -5.98222e-08 0.834554 8.87277e-09 0.266757 -0.0313247
6.9 0.169063 -7.25934e-08 0.830913 2.07242e-08 0.265462 -0.0299905
7 0.172428 -8.88024e-08 0.827549 3.60688e-08 0.263855 -0.0286561
7.1 0.175506 -1.03739e-07 0.82447 5.03513e-08 0.261945 -0.0273038
7.2 0.178288 -1.078e-07 0.821688 5.39703e-08 0.259736 -0.0259182
7.3 0.180761 -1.0057e-07 0.819215 4.68035e-08 0.257231 -0.0244889
7.4 0.182916 -8.22602e-08 0.81706 2.87186e-08 0.254425 -0.0230105
7.5 0.184743 -5.70802e-08 0.815232 3.97945e-09 0.251312 -0.0214847
7.6 0.186237 -3.00621e-08 0.813738 -2.24367e-08 0.247887 -0.0199199
7.7 0.187397 1.366e-09 0.812578 -5.32878e-08 0.244147 -0.0183301
7.8 0.188227 3.13342e-08 0.811748 -8.30766e-08 0.240092 -0.0167319
7.9 0.188733 5.68724e-08 0.811242 -1.0791e-07 0.235726 -0.0151446
8 0.18893 7.51334e-08 0.811045 -1.25383e-07 0.231055 -0.0135881
8.1 0.188835 8.73484e-08 0.81114 -1.36846e-07 0.226094 -0.0120811
8.2 0.188469 9.28865e-08 0.811506 -1.41706e-07 0.22086 -0.0106383
8.3 0.187855 9.13967e-08 0.81212 -1.40149e-07 0.215375 -0.00926968
8.4 0.187018 8.31333e-08 0.812957 -1.32309e-07 0.209661 -0.0079816
8.5 0.185982 6.86002e-08 0.813992 -1.18763e-07 0.203744 -0.00677628
8.6 0.184772 5.01963e-08 0.815202 -1.01772e-07 0.197647 -0.00565091
8.7 0.18341 2.9472e-08 0.816564 -8.28926e-08 0.191398 -0.00459908
8.8 0.181918 8.38367e-09 0.818056 -6.40258e-08 0.18502 -0.00361167
8.9 0.180313 -1.09794e-08 0.819661 -4.71011e-08 0.178537 -0.00267766
9 0.178614 -2.6549e-08 0.82136 -3.41244e-08 0.171968 -0.0017854
9.1 0.176833 -3.68849e-08 0.823141 -2.62872e-08 0.165334 -0.000923737
9.2 0.174984 -4.11247e-08 0.82499 -2.42205e-08 0.158648 -8.33601e-05
9.3 0.173077 -3.92718e-08 0.826896 -2.77181e-08 0.151925 0.000741443
9.4 0.171124 -3.21192e-08 0.82885 -3.58176e-08 0.145179 0.00155321
9.5 0.169133 -2.1148e-08 0.830841 -4.71115e-08 0.138424 0.00235117
9.6 0.167114 -7.40143e-09 0.83286 -6.04625e-08 0.131671 0.0031313
9.7 0.165075 7.85042e-09 0.834899 -7.47426e-08 0.124937 0.00388662
9.8 0.163026 2.3763e-08 0.836948 -8.95209e-08 0.118235 0.00460721
9.9 0.160975 3.89861e-08 0.838998 -1.03834e-07 0.111584 0.00528114
10 0.158932 5.29391e-08 0.841041 -1.17286e-07 0.105001 0.00589565
10.1 0.156904 6.39849e-08 0.843069 -1.27934e-07 0.0985084 0.00643682
10.2 0.154899 7.53557e-08 0.845074 -1.38755e-07 0.092128 0.0068917
10.3 0.152925 8.27762e-08 0.847048 -1.45985e-07 0.0858844 0.00724826
10.4 0.150988 8.50808e-08 0.848985 -1.48266e-07 0.0798027 0.00749624
10.5 0.149094 8.3174e-08 0.850879 -1.45961e-07 0.0739091 0.00762812
10.6 0.147246 7.86515e-08 0.852727 -1.42058e-07 0.0682302 0.00764041
10.7 0.145448 7.29241e-08 0.854525 -1.36919e-07 0.0627918 0.00753308
10.8 0.143702 6.66032e-08 0.856271 -1.30847e-07 0.0576179 0.00731123
10.9 0.142007 5.97048e-08 0.857965 -1.23805e-07 0.0527287 0.0069847
11 0.140364 5.23362e-08 0.859608 -1.15816e-07 0.0481412 0.00656604
11.1 0.138771 4.47903e-08 0.861201 -1.07266e-07 0.0438681 0.00607156
11.2 0.137225 3.75178e-08 0.862747 -9.8814e-08 0.0399169 0.00552031
11.3 0.135723 3.10471e-08 0.864249 -9.1048e-08 0.0362898 0.00493302
11.4 0.134262 2.57446e-08 0.86571 -8.44805e-08 0.0329833 0.00433161
11.5 0.132838 2.18496e-08 0.867133 -7.95825e-08 0.0299879 0.00373812
11.6 0.131447 1.92557e-08 0.868524 -7.58758e-08 0.0272892 0.00317306
11.7 0.130086 1.77898e-08 0.869885 -7.39354e-08 0.0248686 0.00265463
11.8 0.128751 1.73254e-08 0.87122 -7.25303e-08 0.0227031 0.00219856
11.9 0.127439 1.77363e-08 0.872532 -7.20249e-08 0.0207663 0.00181751
12 0.126148 1.85467e-08 0.873823 -7.19251e-08 0.0190298 0.00151939
12.1 0.124874 1.96377e-08 0.875096 -7.21902e-08 0.0174644 0.00130751
12.2 0.123617 2.09674e-08 0.876353 -7.30262e-08 0.0160407 0.00118083
12.3 0.122375 2.24349e-08 0.877595 -7.45563e-08 0.0147305 0.00113383
12.4 0.121147 2.38954e-08 0.878823 -7.66365e-08 0.0135076 0.00115718
12.5 0.119932 2.52677e-08 0.880038 -7.92642e-08 0.01235 0.00123702
12.6 0.11873 2.64405e-08 0.88124 -8.19305e-08 0.0112398 0.0013573
12.7 0.11754 2.73984e-08 0.88243 -8.44291e-08 0.0101633 0.00150074
12.8 0.116362 2.81062e-08 0.883608 -8.62901e-08 0.00911157 0.00164923
12.9 0.115197 2.852e-08 0.884773 -8.72507e-08 0.008081 0.00178556
13 0.114043 2.86687e-08 0.885927 -8.71617e-08 0.0070723 0.0018931
13.1 0.112902 2.86274e-08 0.887068 -8.67231e-08 0.00609053 0.00195793
13.2 0.111773 2.85371e-08 0.888197 -8.70297e-08 0.00514375 0.00196975
13.3 0.110656 2.84288e-08 0.889314 -8.82166e-08 0.00424227 0.00192185
13.4 0.109551 2.84837e-08 0.890419 -9.14918e-08 0.00339802 0.00181169
13.5 0.108458 2.75052e-08 0.891512 -8.68027e-08 0.00262314 0.00163999
13.6 0.107376 2.675e-08 0.892594 -8.42869e-08 0.00192958 0.0014118
13.7 0.106306 2.60815e-08 0.893664 -8.25714e-08 0.00132787 0.00113597
13.8 0.105247 2.54419e-08 0.894723 -8.10774e-08 0.00082618 0.000824545
13.9 0.104199 2.47872e-08 0.89577 -7.92394e-08 0.000429599 0.000491883
14 0.103162 2.40937e-08 0.896807 -7.68296e-08 0.000139657 0.000153682
14.1 0.102136 2.33995e-08 0.897834 -7.42655e-08 -4.58162e-05 -0.000173806
14.2 0.101119 2.26783e-08 0.89885 -7.11466e-08 -0.000132515 -0.000474678
14.3 0.100114 2.24302e-08 0.899856 -7.17982e-08 -0.000129654 -0.0007341
14.4 0.0991179 2.23083e-08 0.900852 -7.3204e-08 -4.99334e-05 -0.000938912
14.5 0.098132 2.21432e-08 0.901838 -7.39711e-08 9.11357e-05 -0.00107914
14.6 0.0971559 2.19289e-08 0.902814 -7.42992e-08 0.000276059 -0.00114816
14.7 0.0961895 2.16835e-08 0.90378 -7.42703e-08 0.000486133 -0.00114318
14.8 0.0952326 2.13938e-08 0.904736 -7.35806e-08 0.000702344 -0.00106544
14.9 0.0942853 2.12359e-08 0.905684 -7.26755e-08 0.0009064 -0.00092027
15 0.0933472 2.11081e-08 0.906622 -7.15005e-08 0.00108189 -0.000716932
15.1 0.0924185 2.11113e-08 0.90755 -7.09396e-08 0.00121523 -0.000467822
15.2 0.0914989 2.086e-08 0.90847 -7.11618e-08 0.00129613 -0.000187379
15.3 0.0905885 2.05366e-08 0.90938 -7.20944e-08 0.00131793 0.000108215
15.4 0.0896871 2.02475e-08 0.910281 -7.18062e-08 0.00127787 0.000402247
15.5 0.0887946 1.99798e-08 0.911173 -7.0782e-08 0.00117714 0.000678336
15.6 0.0879111 2.00185e-08 0.912057 -7.15935e-08 0.00102066 0.000921311
15.7 0.0870363 1.99322e-08 0.912931 -7.19691e-08 0.000816615 0.00111798
15.8 0.0861702 1.96927e-08 0.913797 -7.32509e-08 0.000576013 0.0012578
15.9 0.0853127 1.94076e-08 0.914655 -7.29855e-08 0.000311952 0.0013334
16 0.0844638 1.91795e-08 0.915504 -7.19618e-08 3.886e-05 0.00134088
16.1 0.0836233 1.89798e-08 0.916344 -7.08443e-08 -0.000228228 0.00128004
16.2 0.0827913 1.88029e-08 0.917176 -7.02485e-08 -0.000474654 0.00115444
16.3 0.0819675 1.86391e-08 0.918 -6.96085e-08 -0.000686986 0.000971179
16.4 0.0811519 1.84568e-08 0.918816 -6.92405e-08 -0.000853691 0.000740442
16.5 0.0803444 1.8287e-08 0.919623 -6.90872e-08 -0.000965841 0.000474973
16.6 0.0795449 1.81249e-08 0.920423 -6.90018e-08 -0.00101773 0.000189375
16.7 0.0787534 1.79611e-08 0.921214 -6.9013e-08 -0.00100715 -0.000100762
16.8 0.0779698 1.77931e-08 0.921998 -6.92273e-08 -0.000935481 -0.000379909
16.9 0.077194 1.76337e-08 0.922773 -6.92244e-08 -0.000807681 -0.000633254
17 0.0764259 1.74715e-08 0.923541 -6.86966e-08 -0.000631816 -0.000847775
17.1 0.0756655 1.729e-08 0.924302 -6.83542e-08 -0.000418287 -0.00101287
17.2 0.0749126 1.71273e-08 0.925055 -6.83579e-08 -0.000179736 -0.00112053
17.3 0.0741672 1.69494e-08 0.9258 -6.81945e-08 7.00715e-05 -0.00116622
17.4 0.0734292 1.67757e-08 0.926538 -6.799e-08 0.000316852 -0.0011487
17.5 0.0726986 1.66026e-08 0.927269 -6.78074e-08 0.0005466 -0.00107014
17.6 0.0719753 1.64311e-08 0.927993 -6.76448e-08 0.000746398 -0.000935956
17.7 0.0712591 1.62661e-08 0.928709 -6.74685e-08 0.000904971 -0.000754472
17.8 0.0705501 1.61038e-08 0.929418 -6.72852e-08 0.00101341 -0.000536499
17.9 0.0698481 1.59449e-08 0.93012 -6.71081e-08 0.00106556 -0.000294719
18 0.0691531 1.57859e-08 0.930815 -6.69416e-08 0.00105859 -4.29382e-05
18.1 0.068465 1.56274e-08 0.931503 -6.67871e-08 0.000992896 0.000204628
18.2 0.0677838 1.54704e-08 0.932184 -6.6633e-08 0.000872261 0.000434112
18.3 0.0671093 1.53161e-08 0.932859 -6.64778e-08 0.000703606 0.000632947
18.4 0.0664416 1.51656e-08 0.933527 -6.63326e-08 0.000496516 0.000790486
18.5 0.0657805 1.50197e-08 0.934188 -6.6181e-08 0.000262761 0.000898703
18.6 0.0651259 1.48757e-08 0.934842 -6.60292e-08 1.53841e-05 0.000952641
18.7 0.0644779 1.47326e-08 0.93549 -6.58751e-08 -0.000232046 0.000950457
18.8 0.0638364 1.45917e-08 0.936132 -6.57252e-08 -0.000466094 0.000893403
18.9 0.0632012 1.44517e-08 0.936767 -6.55793e-08 -0.000674181 0.000785751
19 0.0625723 1.43091e-08 0.937395 -6.54347e-08 -0.000845141 0.00063444
19.1 0.0619497 1.41654e-08 0.938018 -6.52892e-08 -0.000969846 0.000448858
19.2 0.0613333 1.40235e-08 0.938634 -6.51497e-08 -0.00104182 0.000240275
19.3 0.060723 1.38838e-08 0.939245 -6.5011e-08 -0.0010576 2.12109e-05
19.4 0.0601188 1.37455e-08 0.939849 -6.48738e-08 -0.00101688 -0.000195513
19.5 0.0595206 1.36083e-08 0.940447 -6.47365e-08 -0.000922451 -0.000397375
19.6 0.0589284 1.34734e-08 0.94104 -6.45975e-08 -0.00078 -0.000572829
19.7 0.058342 1.33409e-08 0.941626 -6.44576e-08 -0.000597766 -0.000712037
19.8 0.0577615 1.32082e-08 0.942207 -6.43248e-08 -0.000386066 -0.000807222
19.9 0.0571868 1.30767e-08 0.942781 -6.41934e-08 -0.000156689 -0.000853171
20 0.0566178 1.29466e-08 0.94335 -6.40633e-08 7.7752e-05 -0.000847553
