0 0 0 1 0 0 0
0.1 1.71711e-07 -1.48368e-16 0.99999 2.01015e-10 4.82618e-05 -0.000411092
0.2 7.90706e-07 -4.70904e-16 0.999989 6.88056e-10 0.000195203 -0.000865352
0.3 2.03505e-06 -3.77228e-15 0.999988 2.36401e-09 0.000448253 -0.00134826
0.4 4.11213e-06 -1.75586e-14 0.999985 5.48244e-09 0.000811275 -0.00184529
0.5 7.25766e-06 -4.6974e-14 0.999982 9.17668e-09 0.00128469 -0.00234291
0.6 1.17343e-05 -8.54114e-14 0.999977 1.2472e-08 0.00186582 -0.00282945
0.7 1.78309e-05 -1.0445e-13 0.999971 1.44107e-08 0.00254944 -0.00329592
0.8 2.58633e-05 -7.38306e-14 0.999962 1.52009e-08 0.00332849 -0.00373664
0.9 3.61782e-05 -7.64667e-15 0.999952 1.62865e-08 0.00419494 -0.00414977
1 4.91619e-05 1.2692e-13 0.999938 1.70993e-08 0.00514067 -0.00453746
1.1 6.52556e-05 3.85056e-13 0.999922 1.74466e-08 0.00615849 -0.00490598
1.2 8.49803e-05 7.87831e-13 0.999901 1.74912e-08 0.00724301 -0.00526547
1.3 0.000108972 1.29894e-12 0.999877 1.77117e-08 0.00839157 -0.0056295
1.4 0.000138029 1.80587e-12 0.999847 1.875e-08 0.00960487 -0.00601454
1.5 0.000173177 2.07991e-12 0.999812 2.14153e-08 0.0108876 -0.00643912
1.6 0.000215743 2.33025e-12 0.999769 2.42408e-08 0.0122488 -0.00692303
1.7 0.000267452 2.94512e-12 0.999717 2.66091e-08 0.0137019 -0.00748632
1.8 0.000330528 4.61746e-12 0.999654 2.72223e-08 0.0152647 -0.00814838
1.9 0.00040782 7.18215e-12 0.999577 2.72857e-08 0.0169591 -0.00892706
2 0.000502919 1.10127e-11 0.999481 2.67931e-08 0.0188107 -0.0098377
2.1 0.000620296 1.57567e-11 0.999364 2.65044e-08 0.0208476 -0.0108925
2.2 0.000765424 2.06986e-11 0.999218 2.7206e-08 0.0231003 -0.0121
2.3 0.000944902 2.51735e-11 0.999039 2.88908e-08 0.0255999 -0.0134644
2.4 0.00116656 2.93089e-11 0.998817 3.09382e-08 0.0283778 -0.0149857
2.5 0.00143952 3.56123e-11 0.998543 3.16659e-08 0.0314643 -0.0166594
2.6 0.00177429 4.0806e-11 0.998208 3.34127e-08 0.0348874 -0.0184769
2.7 0.00218273 4.99028e-11 0.997799 3.41512e-08 0.0386724 -0.0204256
2.8 0.00267809 6.19846e-11 0.997304 3.51883e-08 0.0428403 -0.0224897
2.9 0.00327488 7.47416e-11 0.996707 3.72969e-08 0.0474077 -0.0246505
3 0.0039888 9.49831e-11 0.995993 3.91281e-08 0.052386 -0.026887
3.1 0.00483659 1.18891e-10 0.995145 4.15418e-08 0.0577809 -0.0291769
3.2 0.00583582 1.41465e-10 0.994145 4.48969e-08 0.0635923 -0.031497
3.3 0.00700465 1.64428e-10 0.992976 4.88447e-08 0.0698146 -0.033824
3.4 0.00836158 1.89912e-10 0.991619 5.2888e-08 0.0764359 -0.0361348
3.5 0.00992512 2.3534e-10 0.990055 5.62032e-08 0.0834389 -0.0384067
3.6 0.0117135 2.83449e-10 0.988266 5.82124e-08 0.0908007 -0.0406187
3.7 0.0137441 2.42459e-10 0.986235 6.20372e-08 0.0984939 -0.0427506
3.8 0.0160336 2.87165e-10 0.983945 6.49395e-08 0.106486 -0.0447837
3.9 0.018597 3.24839e-10 0.981382 6.86068e-08 0.114741 -0.0467006
4 0.0214473 7.93694e-10 0.978531 6.95387e-08 0.123219 -0.0484846
4.1 0.0245954 1.36114e-09 0.975383 6.9029e-08 0.131875 -0.0501204
4.2 0.0280494 1.89442e-09 0.971929 6.78011e-08 0.140664 -0.0515936
4.3 0.031814 2.3875e-09 0.968164 6.59001e-08 0.149536 -0.0528906
4.4 0.0358904 3.07385e-09 0.964087 6.35262e-08 0.158439 -0.0539984
4.5 0.0402754 4.12924e-09 0.959702 6.10782e-08 0.167319 -0.0549053
4.6 0.0449616 5.49336e-09 0.955016 5.93063e-08 0.176122 -0.0556003
4.7 0.0499366 6.87227e-09 0.95004 5.89552e-08 0.184789 -0.0560736
4.8 0.0551829 7.98623e-09 0.944794 5.98689e-08 0.193265 -0.0563179
4.9 0.0606778 8.64467e-09 0.939299 6.1818e-08 0.201491 -0.0563278
5 0.0663937 8.9593e-09 0.933583 6.34528e-08 0.209411 -0.0561013
5.1 0.0722981 8.81884e-09 0.927678 6.62003e-08 0.216969 -0.05564
5.2 0.0783545 8.21851e-09 0.921622 7.11369e-08 0.224114 -0.0549505
5.3 0.0845226 7.47828e-09 0.915453 7.61979e-08 0.230798 -0.0540439
5.4 0.0907601 6.98257e-09 0.909215 8.07759e-08 0.236978 -0.0529364
5.5 0.0970231 6.94423e-09 0.902952 8.47209e-08 0.242619 -0.0516494
5.6 0.103268 7.4298e-09 0.896707 8.88899e-08 0.247691 -0.0502087
5.7 0.109453 8.83949e-09 0.890522 9.06296e-08 0.252174 -0.0486443
5.8 0.115537 1.08251e-08 0.884437 9.0881e-08 0.256058 -0.0469891
5.9 0.121486 1.32877e-08 0.878488 8.97515e-08 0.259343 -0.045277
6 0.127269 1.57427e-08 0.872704 8.85801e-08 0.262037 -0.043541
6.1 0.13286 1.80164e-08 0.867113 8.79972e-08 0.264156 -0.0418121
6.2 0.13824 2.05718e-08 0.861733 8.66565e-08 0.265728 -0.0401165
6.3 0.143394 2.38824e-08 0.856579 8.38043e-08 0.266782 -0.0384734
6.4 0.14831 2.72541e-08 0.851662 8.04577e-08 0.267352 -0.0368953
6.5 0.152983 3.04024e-08 0.846989 7.6346e-08 0.267474 -0.0353875
6.6 0.157406 3.27212e-08 0.842565 7.15771e-08 0.267186 -0.0339472
6.7 0.161575 3.39999e-08 0.838396 6.69092e-08 0.26652 -0.0325638
6.8 0.165486 3.48514e-08 0.834484 6.29532e-08 0.265506 -0.0312217
6.9 0.169132 3.46396e-08 0.830838 6.05315e-08 0.264167 -0.0299017
7 0.172505 3.36817e-08 0.827465 6.01563e-08 0.26252 -0.0285835
7.1 0.175596 3.22912e-08 0.824374 6.02732e-08 0.260576 -0.0272472
7.2 0.178392 2.95599e-08 0.821577 6.20771e-08 0.258341 -0.0258767
7.3 0.180884 2.60472e-08 0.819086 6.51497e-08 0.255814 -0.0244605
7.4 0.183058 2.20579e-08 0.816911 6.92366e-08 0.252994 -0.022993
7.5 0.184907 1.83485e-08 0.815062 7.3507e-08 0.249875 -0.0214745
7.6 0.186423 1.63752e-08 0.813545 7.64383e-08 0.246452 -0.019912
7.7 0.187605 1.59517e-08 0.812363 7.71963e-08 0.242721 -0.0183177
7.8 0.188454 1.66838e-08 0.811514 7.59564e-08 0.238683 -0.0167084
7.9 0.188977 1.88109e-08 0.81099 7.31918e-08 0.234339 -0.0151032
8 0.189187 2.15609e-08 0.81078 7.01653e-08 0.229697 -0.0135221
8.1 0.1891 2.49e-08 0.810866 6.68757e-08 0.224772 -0.0119836
8.2 0.188737 2.79355e-08 0.81123 6.37409e-08 0.219579 -0.0105037
8.3 0.188119 3.06232e-08 0.811847 5.98967e-08 0.21414 -0.0090943
8.4 0.187271 3.30037e-08 0.812694 5.66552e-08 0.208477 -0.00776268
8.5 0.186219 3.39482e-08 0.813746 5.53451e-08 0.202615 -0.00651169
8.6 0.184987 3.32066e-08 0.814978 5.69564e-08 0.19658 -0.00533996
8.7 0.183597 3.29325e-08 0.816368 5.80029e-08 0.190395 -0.00424283
8.8 0.182071 3.35825e-08 0.817893 5.82031e-08 0.184086 -0.00321264
8.9 0.18043 3.25735e-08 0.819534 5.91606e-08 0.177675 -0.00223946
9 0.178689 3.07927e-08 0.821274 6.02743e-08 0.171182 -0.00131215
9.1 0.176866 2.68848e-08 0.823098 6.27527e-08 0.164626 -0.000420847
9.2 0.174972 3.04694e-08 0.824991 5.71214e-08 0.158021 0.000442668
9.3 0.173021 3.54106e-08 0.826942 5.02123e-08 0.151381 0.0012839
9.4 0.171023 4.05332e-08 0.82894 4.36113e-08 0.144718 0.00210503
9.5 0.168989 3.77573e-08 0.830974 4.55936e-08 0.138046 0.00290555
9.6 0.166928 3.13066e-08 0.833034 5.21726e-08 0.131375 0.00368117
9.7 0.164851 2.55035e-08 0.835111 5.90806e-08 0.124719 0.00442478
9.8 0.162766 2.25636e-08 0.837196 6.42343e-08 0.118092 0.00512689
9.9 0.160683 2.27272e-08 0.839279 6.61241e-08 0.111511 0.00577583
10 0.158611 2.32167e-08 0.841351 6.74554e-08 0.104992 0.00635861
10.1 0.156558 2.82871e-08 0.843403 6.30576e-08 0.0985554 0.00686206
10.2 0.154532 3.50153e-08 0.845429 5.57239e-08 0.0922237 0.00727321
10.3 0.152541 4.10741e-08 0.84742 4.80178e-08 0.0860206 0.00758075
10.4 0.150591 4.62452e-08 0.84937 3.93835e-08 0.0799712 0.0077755
10.5 0.148687 5.0764e-08 0.851273 3.08654e-08 0.0741025 0.00785144
10.6 0.146833 5.29265e-08 0.853127 2.69675e-08 0.0684406 0.00780648
10.7 0.145032 5.28374e-08 0.854928 3.00734e-08 0.0630117 0.00764237
10.8 0.143285 5.59902e-08 0.856675 2.65112e-08 0.0578397 0.00736543
10.9 0.141592 5.87672e-08 0.858368 2.62262e-08 0.0529453 0.00698669
11 0.139952 5.62432e-08 0.860007 3.33203e-08 0.0483456 0.0065199
11.1 0.138364 5.10856e-08 0.861595 4.15128e-08 0.0440539 0.00598252
11.2 0.136824 4.50214e-08 0.863135 5.04098e-08 0.0400781 0.00539451
11.3 0.135329 4.21997e-08 0.86463 5.53872e-08 0.0364208 0.00477718
11.4 0.133875 3.89425e-08 0.866084 5.97586e-08 0.0330797 0.0041527
11.5 0.132458 3.54485e-08 0.8675 6.39038e-08 0.0300469 0.00354338
11.6 0.131074 3.31745e-08 0.868884 6.69583e-08 0.0273092 0.00296979
11.7 0.12972 3.17831e-08 0.870238 6.95554e-08 0.0248485 0.0024504
11.8 0.128392 3.06792e-08 0.871566 7.28463e-08 0.0226427 0.00200069
11.9 0.127086 2.97371e-08 0.872872 7.69872e-08 0.0206663 0.00163241
12 0.1258 2.91891e-08 0.874157 8.10623e-08 0.0188916 0.0013524
12.1 0.124532 2.94952e-08 0.875425 8.2406e-08 0.0172902 0.00116329
12.2 0.12328 3.0085e-08 0.876677 8.49163e-08 0.015834 0.00106247
12.3 0.122042 3.09689e-08 0.877914 8.71199e-08 0.0144963 0.00104316
12.4 0.120818 3.27388e-08 0.879138 8.29673e-08 0.0132525 0.00109489
12.5 0.119607 3.41695e-08 0.880349 8.00528e-08 0.0120813 0.00120407
12.6 0.118409 3.53561e-08 0.881547 7.71121e-08 0.0109646 0.00135417
12.7 0.117222 3.59095e-08 0.882733 7.56731e-08 0.00988903 0.00152722
12.8 0.116048 3.58245e-08 0.883908 7.63294e-08 0.00884562 0.00170467
12.9 0.114885 3.52865e-08 0.88507 7.81767e-08 0.00783017 0.00186823
13 0.113735 3.4844e-08 0.88622 7.77969e-08 0.00684289 0.00200109
13.1 0.112596 3.39303e-08 0.887358 7.90252e-08 0.00588812 0.00208941
13.2 0.11147 3.28767e-08 0.888484 8.03851e-08 0.00497281 0.00212202
13.3 0.110356 3.17258e-08 0.889598 8.25284e-08 0.0041065 0.00209167
13.4 0.109253 3.06307e-08 0.8907 8.52381e-08 0.00330014 0.00199529
13.5 0.108163 2.9737e-08 0.89179 8.71024e-08 0.00256508 0.00183395
13.6 0.107084 2.9099e-08 0.892869 8.76463e-08 0.00191205 0.00161269
13.7 0.106016 2.87165e-08 0.893937 8.68367e-08 0.00135037 0.00134057
13.8 0.10496 2.85957e-08 0.894993 8.39831e-08 0.00088676 0.00102946
13.9 0.103914 2.84338e-08 0.896038 8.21172e-08 0.000525188 0.000693536
14 0.10288 2.83819e-08 0.897072 7.78816e-08 0.000266417 0.000348774
14.1 0.101856 2.84072e-08 0.898096 7.14548e-08 0.000107398 1.16484e-05
14.2 0.100843 2.85655e-08 0.899109 6.49109e-08 4.15831e-05 -0.000301708
14.3 0.0998394 2.89794e-08 0.900112 6.27021e-08 5.89661e-05 -0.000576335
14.4 0.0988462 2.91782e-08 0.901105 5.99748e-08 0.000146485 -0.000799366
14.5 0.097863 2.92928e-08 0.902088 5.89014e-08 0.000288629 -0.000960719
14.6 0.0968896 2.9229e-08 0.903062 5.8444e-08 0.000468295 -0.00105384
14.7 0.0959257 2.96409e-08 0.904025 6.12119e-08 0.000667525 -0.00107567
14.8 0.0949715 2.95927e-08 0.904979 6.04614e-08 0.000868287 -0.001027
14.9 0.0940267 2.91256e-08 0.905924 5.77465e-08 0.00105339 -0.000912412
15 0.0930912 2.8763e-08 0.906859 5.62979e-08 0.00120739 -0.000740145
15.1 0.092165 2.85015e-08 0.907785 5.87748e-08 0.00131747 -0.000521504
15.2 0.091248 2.82505e-08 0.908702 6.39687e-08 0.00137399 -0.000270256
15.3 0.09034 2.78109e-08 0.90961 6.57214e-08 0.00137097 -1.76494e-06
15.4 0.0894411 2.75611e-08 0.910508 6.58691e-08 0.00130633 0.000267901
15.5 0.0885511 2.73061e-08 0.911398 6.43844e-08 0.00118195 0.000522892
15.6 0.0876699 2.70442e-08 0.912279 6.34734e-08 0.00100337 0.000748499
15.7 0.0867975 2.67935e-08 0.913151 6.35528e-08 0.000779408 0.000931929
15.8 0.0859338 2.65329e-08 0.914015 6.37407e-08 0.000521564 0.00106296
15.9 0.0850787 2.63238e-08 0.91487 6.3269e-08 0.000243345 0.00113444
16 0.0842321 2.64229e-08 0.915716 5.92487e-08 -4.05511e-05 0.00114269
16.1 0.083394 2.62485e-08 0.916554 5.81697e-08 -0.000315043 0.00108763
16.2 0.0825642 2.59906e-08 0.917384 5.79906e-08 -0.000565558 0.00097278
16.3 0.0817426 2.56625e-08 0.918205 5.856e-08 -0.000778862 0.000805058
16.4 0.0809292 2.53267e-08 0.919018 5.94076e-08 -0.000943775 0.000594344
16.5 0.0801239 2.50374e-08 0.919823 5.98986e-08 -0.00105187 0.000352918
16.6 0.0793267 2.47821e-08 0.92062 5.98746e-08 -0.00109798 9.46995e-05
16.7 0.0785373 2.46034e-08 0.921409 5.95674e-08 -0.00108044 -0.000165549
16.8 0.0777559 2.44461e-08 0.922191 5.91471e-08 -0.00100114 -0.00041315
16.9 0.0769822 2.41475e-08 0.922964 6.02475e-08 -0.00086538 -0.000634307
17 0.0762162 2.39481e-08 0.92373 5.99776e-08 -0.000681531 -0.000816863
17.1 0.0754578 2.37567e-08 0.924489 5.96075e-08 -0.000460542 -0.000950978
17.2 0.074707 2.35236e-08 0.925239 5.97256e-08 -0.000215295 -0.00102966
17.3 0.0739636 2.32101e-08 0.925983 6.0891e-08 4.01807e-05 -0.00104909
17.4 0.0732277 2.29205e-08 0.926719 6.17912e-08 0.000291412 -0.0010088
17.5 0.0724991 2.26674e-08 0.927447 6.23179e-08 0.00052432 -0.000911627
17.6 0.0717777 2.24362e-08 0.928168 6.26047e-08 0.000725953 -0.000763598
17.7 0.0710635 2.22231e-08 0.928883 6.26881e-08 0.000885204 -0.000573528
17.8 0.0703564 2.20197e-08 0.92959 6.26745e-08 0.000993418 -0.000352592
17.9 0.0696563 2.18092e-08 0.93029 6.27812e-08 0.0010449 -0.000113669
18 0.0689632 2.15967e-08 0.930983 6.29398e-08 0.00103726 0.000129454
18.1 0.068277 2.13825e-08 0.931669 6.31481e-08 0.00097151 0.000362884
18.2 0.0675977 2.11695e-08 0.932348 6.33649e-08 0.000851943 0.000573453
18.3 0.0669251 2.09589e-08 0.933021 6.35754e-08 0.000685847 0.000749455
18.4 0.0662592 2.075e-08 0.933687 6.37901e-08 0.000483046 0.000881283
18.5 0.0655999 2.05428e-08 0.934346 6.40077e-08 0.000255316 0.000961918
18.6 0.0649471 2.03388e-08 0.934999 6.42065e-08 1.56879e-05 0.00098732
18.7 0.0643009 2.01365e-08 0.935645 6.44077e-08 -0.000222266 0.000956617
18.8 0.0636611 1.99366e-08 0.936285 6.46023e-08 -0.000445241 0.000872099
18.9 0.0630276 1.97382e-08 0.936918 6.48006e-08 -0.000640905 0.000739045
19 0.0624005 1.95416e-08 0.937545 6.50008e-08 -0.000798566 0.000565409
19.1 0.0617796 1.93466e-08 0.938166 6.52026e-08 -0.000909762 0.000361363
19.2 0.0611649 1.9154e-08 0.938781 6.53971e-08 -0.000968717 0.000138703
19.3 0.0605563 1.89634e-08 0.939389 6.55877e-08 -0.000972622 -8.98025e-05
19.4 0.0599537 1.87747e-08 0.939992 6.57772e-08 -0.000921811 -0.000311169
19.5 0.0593572 1.85878e-08 0.940588 6.59642e-08 -0.000819703 -0.000512921
19.6 0.0587666 1.84029e-08 0.941179 6.61485e-08 -0.000672601 -0.00068381
19.7 0.0581818 1.82197e-08 0.941764 6.63328e-08 -0.000489279 -0.000814445
19.8 0.0576029 1.80384e-08 0.942343 6.65141e-08 -0.000280436 -0.000897809
19.9 0.0570298 1.78589e-08 0.942916 6.66936e-08 -5.80998e-05 -0.00092963
20 0.0564623 1.76812e-08 0.943483 6.68713e-08 0.000165106 -0.000908603
