0 0 0 1 0 0 0
0.1 1.71711e-07 1.81994e-15 0.99999 -1.03928e-08 4.82621e-05 -0.000411131
0.2 7.90744e-07 1.68361e-15 0.999989 -1.33695e-08 0.000195222 -0.000865551
0.3 2.0353e-06 -1.9218e-14 0.999987 -8.50528e-09 0.000448359 -0.00134882
0.4 4.11309e-06 -9.00788e-14 0.999985 3.01355e-09 0.000811608 -0.00184648
0.5 7.26032e-06 -2.32571e-13 0.999981 1.88351e-08 0.00128549 -0.00234504
0.6 1.17404e-05 -4.03468e-13 0.999976 3.40613e-08 0.00186743 -0.00283284
0.7 1.78433e-05 -4.97977e-13 0.999969 4.63383e-08 0.00255234 -0.00330088
0.8 2.58862e-05 -3.38412e-13 0.999961 5.39328e-08 0.00333327 -0.00374345
0.9 3.62173e-05 3.02333e-13 0.99995 5.67314e-08 0.00420228 -0.00415858
1 4.92245e-05 1.62142e-12 0.999937 5.55854e-08 0.00515135 -0.00454833
1.1 6.53508e-05 3.49094e-12 0.999921 5.50487e-08 0.00617333 -0.00491884
1.2 8.51181e-05 6.07022e-12 0.999901 5.34692e-08 0.00726285 -0.00528006
1.3 0.000109163 9.59738e-12 0.999877 4.85616e-08 0.0084172 -0.00564546
1.4 0.000138284 1.25146e-11 0.999848 5.16213e-08 0.00963699 -0.00603135
1.5 0.000173505 1.52351e-11 0.999812 5.6092e-08 0.0109268 -0.00645617
1.6 0.000216149 1.76071e-11 0.99977 6.19356e-08 0.0122955 -0.00693963
1.7 0.000267936 2.05658e-11 0.999718 6.59182e-08 0.0137564 -0.00750178
1.8 0.000331085 2.49409e-11 0.999655 6.73282e-08 0.0153271 -0.00816204
1.9 0.000408432 3.11522e-11 0.999577 6.71148e-08 0.0170294 -0.00893833
2 0.000503559 3.95361e-11 0.999481 6.5937e-08 0.0188885 -0.00984618
2.1 0.000620926 4.89624e-11 0.999364 6.64234e-08 0.0209328 -0.010898
2.2 0.000765996 5.80448e-11 0.999218 7.08332e-08 0.0231923 -0.0121025
2.3 0.000945356 7.95309e-11 0.999038 6.75708e-08 0.0256985 -0.0134642
2.4 0.00116683 1.08125e-10 0.998816 6.20529e-08 0.0284827 -0.0149835
2.5 0.00143954 1.46261e-10 0.998543 5.35677e-08 0.0315755 -0.0166561
2.6 0.001774 1.86856e-10 0.998209 4.63126e-08 0.035005 -0.0184736
2.7 0.0021821 2.24625e-10 0.997801 4.02448e-08 0.0387969 -0.0204238
2.8 0.00267709 2.48827e-10 0.997306 3.69485e-08 0.0429726 -0.0224909
2.9 0.00327354 2.52825e-10 0.996709 3.68707e-08 0.047549 -0.0246562
3 0.00398718 2.29724e-10 0.995996 4.05495e-08 0.0525381 -0.0268989
3.1 0.00483483 2.0577e-10 0.995148 4.04277e-08 0.057946 -0.0291963
3.2 0.0058341 1.67052e-10 0.994148 3.89922e-08 0.0637729 -0.0315251
3.3 0.00700323 1.34059e-10 0.992979 3.47394e-08 0.0700135 -0.0338615
3.4 0.00836077 7.39369e-11 0.991622 3.25539e-08 0.0766561 -0.0361822
3.5 0.00992529 3.77023e-11 0.990057 2.99931e-08 0.0836837 -0.0384641
3.6 0.011715 6.04264e-11 0.988267 2.75638e-08 0.0910736 -0.0406854
3.7 0.0137475 1.68216e-10 0.986235 2.50993e-08 0.0987982 -0.0428256
3.8 0.0160391 2.80187e-10 0.983943 2.38876e-08 0.106825 -0.0448653
3.9 0.0186049 2.38117e-10 0.981377 2.7041e-08 0.115117 -0.0467862
4 0.0214578 -6.57674e-11 0.978524 3.7878e-08 0.123634 -0.0485717
4.1 0.0246084 -1.92698e-11 0.975373 4.06666e-08 0.132332 -0.0502062
4.2 0.0280647 1.13669e-11 0.971917 4.72542e-08 0.141163 -0.0516749
4.3 0.0318309 -3.21896e-10 0.96815 6.02431e-08 0.150076 -0.0529644
4.4 0.0359081 -2.06783e-11 0.964073 6.19534e-08 0.159021 -0.054062
4.5 0.0402927 1.00159e-09 0.959689 5.98355e-08 0.167941 -0.0549562
4.6 0.0449769 2.34143e-09 0.955005 5.43007e-08 0.176781 -0.0556367
4.7 0.049948 3.69348e-09 0.950034 4.84455e-08 0.185484 -0.0560948
4.8 0.0551883 4.99561e-09 0.944794 4.75e-08 0.193993 -0.0563238
4.9 0.0606752 7.09642e-09 0.939307 4.28225e-08 0.202249 -0.0563197
5 0.0663808 9.28662e-09 0.933601 3.96544e-08 0.210196 -0.0560812
5.1 0.072273 1.09587e-08 0.927709 3.78219e-08 0.217781 -0.055611
5.2 0.0783154 1.17877e-08 0.921667 3.61847e-08 0.22495 -0.0549162
5.3 0.0844682 1.2121e-08 0.915514 3.43565e-08 0.231658 -0.0540087
5.4 0.0906896 1.26096e-08 0.909293 3.11811e-08 0.237862 -0.0529054
5.5 0.0969365 1.34882e-08 0.903046 2.62242e-08 0.243528 -0.0516282
5.6 0.103166 1.34279e-08 0.896817 2.16657e-08 0.248629 -0.0502027
5.7 0.109336 1.29799e-08 0.890646 1.83126e-08 0.253146 -0.0486579
5.8 0.115409 6.15838e-09 0.884573 2.25655e-08 0.257069 -0.0470256
5.9 0.121349 2.39325e-09 0.878633 2.44185e-08 0.260398 -0.0453382
6 0.127126 6.06664e-09 0.872856 1.96001e-08 0.263142 -0.0436276
6.1 0.132714 1.82848e-08 0.867267 6.61906e-09 0.265318 -0.0419227
6.2 0.138094 3.41578e-08 0.861888 -9.22458e-09 0.266952 -0.0402475
6.3 0.14325 4.84264e-08 0.856732 -2.33087e-08 0.268072 -0.0386199
6.4 0.148169 5.61819e-08 0.851812 -3.04796e-08 0.268713 -0.0370514
6.5 0.152845 5.7161e-08 0.847136 -3.07639e-08 0.268909 -0.0355459
6.6 0.157271 4.47095e-08 0.842711 -2.01149e-08 0.268694 -0.0341004
6.7 0.161441 2.809e-08 0.838541 -7.31261e-09 0.2681 -0.0327053
6.8 0.165348 8.90508e-09 0.834634 1.22598e-08 0.267154 -0.0313457
6.9 0.168986 -1.19449e-08 0.830995 3.48328e-08 0.265878 -0.0300038
7 0.172347 -3.3399e-08 0.827635 5.83746e-08 0.264288 -0.0286608
7.1 0.17542 -5.62657e-08 0.824562 8.46964e-08 0.262395 -0.0272988
7.2 0.178194 -8.25238e-08 0.821787 1.12343e-07 0.260202 -0.0259028
7.3 0.180658 -1.11322e-07 0.819323 1.4216e-07 0.257708 -0.0244633
7.4 0.182801 -1.328e-07 0.81718 1.65273e-07 0.254911 -0.0229768
7.5 0.184616 -1.42545e-07 0.815365 1.76847e-07 0.251805 -0.0214453
7.6 0.186097 -1.42876e-07 0.813883 1.8015e-07 0.248385 -0.0198769
7.7 0.187244 -1.34506e-07 0.812736 1.7418e-07 0.244648 -0.0182853
7.8 0.18806 -1.18374e-07 0.81192 1.60165e-07 0.240593 -0.0166885
7.9 0.188555 -9.16297e-08 0.811426 1.34792e-07 0.236224 -0.0151054
8 0.18874 -6.21195e-08 0.81124 1.07088e-07 0.231552 -0.0135553
8.1 0.188636 -2.6993e-08 0.811344 7.43803e-08 0.226588 -0.0120549
8.2 0.188261 1.46321e-08 0.811718 3.48435e-08 0.221348 -0.0106194
8.3 0.187641 5.60634e-08 0.812339 -6.23347e-09 0.215855 -0.00925979
8.4 0.186799 8.9886e-08 0.813181 -4.08509e-08 0.210131 -0.00798239
8.5 0.18576 1.10216e-07 0.814219 -6.29085e-08 0.204201 -0.0067889
8.6 0.184549 1.21421e-07 0.81543 -7.60447e-08 0.198089 -0.00567627
8.7 0.183188 1.28404e-07 0.816791 -8.48908e-08 0.191822 -0.00463824
8.8 0.181698 1.35435e-07 0.81828 -9.32743e-08 0.185424 -0.0036652
8.9 0.180099 1.40228e-07 0.81988 -9.90239e-08 0.178919 -0.00274541
9 0.178405 1.40163e-07 0.821573 -9.97539e-08 0.172325 -0.00186722
9.1 0.176632 1.31466e-07 0.823346 -9.14736e-08 0.165661 -0.0010205
9.2 0.174793 1.18376e-07 0.825185 -7.8491e-08 0.158943 -0.000196402
9.3 0.172897 1.00524e-07 0.827081 -5.98504e-08 0.152187 0.000611262
9.4 0.170956 8.34499e-08 0.829022 -4.1217e-08 0.145407 0.0014056
9.5 0.168978 6.45981e-08 0.830999 -2.01199e-08 0.138618 0.00218658
9.6 0.166973 4.8396e-08 0.833004 -9.28032e-10 0.131833 0.00295078
9.7 0.164949 3.30356e-08 0.835028 1.6021e-08 0.125066 0.00369149
9.8 0.162915 1.73614e-08 0.837062 2.87618e-08 0.118333 0.00439909
9.9 0.16088 1.01271e-10 0.839097 4.37361e-08 0.111653 0.00506234
10 0.158852 -1.42017e-08 0.841125 5.68461e-08 0.105044 0.00566919
10.1 0.156838 -2.24385e-08 0.843138 6.56959e-08 0.0985279 0.00620622
10.2 0.154848 -2.44106e-08 0.845128 6.76924e-08 0.0921265 0.00666016
10.3 0.152887 -2.20766e-08 0.847089 6.47598e-08 0.0858647 0.00701918
10.4 0.150962 -1.81467e-08 0.849014 5.72565e-08 0.0797682 0.00727369
10.5 0.149078 -1.51836e-08 0.850897 5.03391e-08 0.0738629 0.00741648
10.6 0.14724 -1.43873e-08 0.852735 4.59061e-08 0.0681749 0.00744372
10.7 0.14545 -1.50863e-08 0.854525 4.5958e-08 0.0627296 0.00735565
10.8 0.143711 -1.65806e-08 0.856265 4.94306e-08 0.0575504 0.00715662
10.9 0.142021 -1.98583e-08 0.857953 5.00304e-08 0.0526581 0.00685509
11 0.140383 -2.29825e-08 0.859592 4.8961e-08 0.0480694 0.00646363
11.1 0.138792 -2.51279e-08 0.861182 4.79368e-08 0.0437965 0.00599793
11.2 0.137248 -2.53638e-08 0.862726 4.89556e-08 0.0398465 0.00547666
11.3 0.135747 -2.46971e-08 0.864227 5.08803e-08 0.0362213 0.00491982
11.4 0.134287 -2.41766e-08 0.865687 5.41321e-08 0.0329172 0.00434806
11.5 0.132862 -2.48866e-08 0.867112 5.74522e-08 0.0299255 0.0037822
11.6 0.131471 -2.69734e-08 0.868503 6.1053e-08 0.0272323 0.00324254
11.7 0.130108 -3.00984e-08 0.869865 6.47687e-08 0.0248183 0.00274751
11.8 0.128772 -3.383e-08 0.871202 6.91783e-08 0.0226603 0.00231267
11.9 0.127458 -3.72518e-08 0.872515 7.41873e-08 0.0207316 0.00194985
12 0.126165 -4.01076e-08 0.873809 7.69453e-08 0.0190033 0.00166659
12.1 0.12489 -4.2157e-08 0.875084 7.85727e-08 0.0174458 0.00146556
12.2 0.123631 -4.24094e-08 0.876342 8.34228e-08 0.0160306 0.00134535
12.3 0.122388 -4.1259e-08 0.877586 9.00503e-08 0.0147293 0.00130061
12.4 0.121158 -4.00768e-08 0.878815 8.85079e-08 0.0135162 0.00132143
12.5 0.119942 -3.79877e-08 0.880031 8.48039e-08 0.012369 0.00139464
12.6 0.118739 -3.51019e-08 0.881235 8.02356e-08 0.0112692 0.00150465
12.7 0.117548 -3.17841e-08 0.882425 7.49668e-08 0.0102033 0.00163451
12.8 0.11637 -2.84832e-08 0.883604 6.90775e-08 0.00916292 0.00176641
12.9 0.115204 -2.5495e-08 0.88477 6.28516e-08 0.0081442 0.0018837
13 0.11405 -2.30352e-08 0.885923 5.71032e-08 0.00714751 0.0019713
13.1 0.112908 -2.12348e-08 0.887065 5.26168e-08 0.00617686 0.0020163
13.2 0.111779 -2.00023e-08 0.888194 4.80077e-08 0.00523975 0.00200873
13.3 0.110662 -1.94384e-08 0.889312 4.43204e-08 0.00434624 0.00194195
13.4 0.109557 -1.94955e-08 0.890417 4.03937e-08 0.0035077 0.00181343
13.5 0.108463 -1.96967e-08 0.89151 3.80913e-08 0.00273601 0.00162459
13.6 0.107382 -1.99651e-08 0.892592 3.63758e-08 0.00204279 0.00138063
13.7 0.106311 -2.0064e-08 0.893663 3.58335e-08 0.00143839 0.00109004
13.8 0.105253 -1.96672e-08 0.894722 3.75842e-08 0.00093102 0.000764565
13.9 0.104205 -1.89009e-08 0.89577 3.96208e-08 0.000526183 0.000418496
14 0.103168 -1.81758e-08 0.896807 3.93714e-08 0.000225936 6.77795e-05
14.1 0.102141 -1.77645e-08 0.897834 3.49136e-08 2.86052e-05 -0.000270785
14.2 0.101125 -1.77158e-08 0.89885 2.84317e-08 -7.14129e-05 -0.000580705
14.3 0.100119 -1.82479e-08 0.899856 2.08353e-08 -8.33638e-05 -0.000847079
14.4 0.0991233 -1.98876e-08 0.900852 6.68009e-09 -1.97494e-05 -0.00105727
14.5 0.0981375 -2.25571e-08 0.901837 -4.69776e-09 0.000104361 -0.0012014
14.6 0.0971614 -2.6466e-08 0.902814 -1.76112e-08 0.000272109 -0.00127299
14.7 0.096195 -2.76217e-08 0.90378 -1.74081e-08 0.000465527 -0.00126936
14.8 0.0952381 -2.77637e-08 0.904737 -1.76009e-08 0.000666428 -0.00119173
14.9 0.0942907 -2.77367e-08 0.905684 -1.3639e-08 0.000857242 -0.00104519
15 0.0933526 -2.77547e-08 0.906622 -1.44597e-08 0.00102232 -0.000838328
15.1 0.0924238 -2.77498e-08 0.907551 -1.35259e-08 0.00114795 -0.00058305
15.2 0.0915042 -2.78155e-08 0.908471 -8.77042e-09 0.00122377 -0.000293716
15.3 0.0905938 -2.78091e-08 0.909381 -3.33741e-09 0.00124291 1.38576e-05
15.4 0.0896923 -2.7713e-08 0.910282 1.60872e-09 0.00120222 0.000323082
15.5 0.0887999 -2.74445e-08 0.911175 6.10057e-09 0.00110232 0.000617329
15.6 0.0879162 -2.72874e-08 0.912058 8.10553e-09 0.000947565 0.000880819
15.7 0.0870414 -2.69766e-08 0.912933 8.88306e-09 0.000745818 0.00109966
15.8 0.0861753 -2.65739e-08 0.913799 8.82988e-09 0.000507841 0.00126253
15.9 0.0853178 -2.61014e-08 0.914657 7.15781e-09 0.000246611 0.00136126
16 0.0844688 -2.58693e-08 0.915506 5.19398e-09 -2.35044e-05 0.00139123
16.1 0.0836283 -2.57553e-08 0.916346 4.71015e-09 -0.000287434 0.0013517
16.2 0.0827962 -2.55875e-08 0.917178 4.32562e-09 -0.000530495 0.00124575
16.3 0.0819723 -2.54217e-08 0.918002 4.20546e-09 -0.000739324 0.00108002
16.4 0.0811567 -2.52464e-08 0.918818 4.54386e-09 -0.000902601 0.000864186
16.5 0.0803492 -2.50418e-08 0.919625 4.60811e-09 -0.00101143 0.000610361
16.6 0.0795497 -2.47958e-08 0.920425 4.33937e-09 -0.00105988 0.000332601
16.7 0.0787581 -2.45286e-08 0.921216 3.89584e-09 -0.00104542 4.61136e-05
16.8 0.0779745 -2.42448e-08 0.922 3.21755e-09 -0.000969129 -0.000233562
16.9 0.0771986 -2.39581e-08 0.922776 2.52719e-09 -0.000835421 -0.000491509
17 0.0764305 -2.36908e-08 0.923544 2.05848e-09 -0.000652111 -0.000714246
17.1 0.07567 -2.34497e-08 0.924304 1.82443e-09 -0.000429834 -0.000890445
17.2 0.074917 -2.32252e-08 0.925057 1.75166e-09 -0.000181371 -0.00101161
17.3 0.0741716 -2.30073e-08 0.925803 1.76496e-09 7.91e-05 -0.00107259
17.4 0.0734336 -2.27954e-08 0.926541 1.78872e-09 0.000336926 -0.00107177
17.5 0.0727029 -2.25771e-08 0.927272 1.65484e-09 0.000577827 -0.00101097
17.6 0.0719795 -2.23437e-08 0.927995 1.28994e-09 0.000788675 -0.000895269
17.7 0.0712633 -2.21217e-08 0.928711 1.05735e-09 0.000958043 -0.000732511
17.8 0.0705542 -2.18988e-08 0.92942 8.06984e-10 0.00107678 -0.000533061
17.9 0.0698522 -2.16764e-08 0.930122 5.11039e-10 0.00113854 -0.000309104
18 0.0691572 -2.14618e-08 0.930818 2.83327e-10 0.00114011 -7.39786e-05
18.1 0.0684691 -2.12458e-08 0.931506 1.69286e-11 0.00108144 0.000158506
18.2 0.0677878 -2.10361e-08 0.932187 -1.93962e-10 0.000965943 0.000374744
18.3 0.0671133 -2.08286e-08 0.932862 -4.04624e-10 0.000800313 0.000562389
18.4 0.0664455 -2.06233e-08 0.933529 -6.01838e-10 0.000593965 0.000710978
18.5 0.0657844 -2.04215e-08 0.934191 -7.69012e-10 0.000358354 0.0008124
18.6 0.0651298 -2.02221e-08 0.934845 -9.20047e-10 0.000106494 0.000861477
18.7 0.0644817 -2.00218e-08 0.935493 -1.10515e-09 -0.000147779 0.000856145
18.8 0.0638401 -1.98225e-08 0.936135 -1.29804e-09 -0.000390731 0.000797687
18.9 0.0632049 -1.96249e-08 0.93677 -1.49182e-09 -0.000609438 0.000690369
19 0.062576 -1.94288e-08 0.937399 -1.69096e-09 -0.000792552 0.000541219
19.1 0.0619533 -1.92344e-08 0.938021 -1.88941e-09 -0.000930821 0.000359497
19.2 0.0613369 -1.90426e-08 0.938638 -2.0827e-09 -0.0010176 0.000156255
19.3 0.0607266 -1.88534e-08 0.939248 -2.26844e-09 -0.00104904 -5.63933e-05
19.4 0.0601224 -1.86655e-08 0.939852 -2.45422e-09 -0.00102442 -0.000265915
19.5 0.0595241 -1.848e-08 0.940451 -2.63904e-09 -0.000946037 -0.000460048
19.6 0.0589319 -1.82966e-08 0.941043 -2.8211e-09 -0.000819046 -0.000627661
19.7 0.0583455 -1.81152e-08 0.941629 -2.99796e-09 -0.000651134 -0.000758745
19.8 0.0577649 -1.79349e-08 0.94221 -3.17821e-09 -0.000452297 -0.000845618
19.9 0.0571902 -1.77564e-08 0.942785 -3.35666e-09 -0.000234055 -0.000883255
20 0.0566211 -1.75798e-08 0.943354 -3.53334e-09 -8.87182e-06 -0.000869386
