0 0 0 1 0 0 0
0.1 1.71711e-07 4.41143e-15 0.999989 -5.17602e-09 4.82635e-05 -0.000411178
0.2 7.90789e-07 2.50845e-14 0.999989 -2.24154e-08 0.000195255 -0.000865789
0.3 2.03561e-06 7.28859e-14 0.999987 -3.77145e-08 0.000448522 -0.00134948
0.4 4.11422e-06 1.65641e-13 0.999984 -5.1283e-08 0.000812106 -0.00184788
0.5 7.26344e-06 3.79494e-13 0.99998 -6.86972e-08 0.00128667 -0.00234752
0.6 1.17476e-05 8.94e-13 0.999975 -9.43736e-08 0.0018698 -0.00283677
0.7 1.78577e-05 1.78554e-12 0.999969 -1.20795e-07 0.00255657 -0.00330657
0.8 2.59123e-05 3.24148e-12 0.999961 -1.49826e-07 0.0033402 -0.0037511
0.9 3.62612e-05 5.37382e-12 0.99995 -1.78975e-07 0.00421292 -0.00416827
1 4.92935e-05 8.04298e-12 0.999936 -2.02924e-07 0.0051668 -0.00455995
1.1 6.54529e-05 1.15289e-11 0.999919 -2.27322e-07 0.00619476 -0.00493202
1.2 8.52615e-05 1.5707e-11 0.999899 -2.50406e-07 0.00729145 -0.00529423
1.3 0.000109354 2.08909e-11 0.999874 -2.74954e-07 0.00845407 -0.00565978
1.4 0.000138525 2.74149e-11 0.999844 -3.0262e-07 0.00968316 -0.00604478
1.5 0.00017379 3.56385e-11 0.999808 -3.34019e-07 0.0109831 -0.00646748
1.6 0.000216464 4.51169e-11 0.999765 -3.67242e-07 0.0123625 -0.00694746
1.7 0.00026825 5.39316e-11 0.999712 -3.98641e-07 0.0138344 -0.00750471
1.8 0.000331347 5.71101e-11 0.999649 -4.20469e-07 0.0154163 -0.00815867
1.9 0.000408568 4.49402e-11 0.999571 -4.21346e-07 0.0171295 -0.00892733
2 0.000503466 2.20159e-11 0.999475 -4.24931e-07 0.0189992 -0.00982641
2.1 0.000620464 -3.08649e-11 0.999357 -4.11637e-07 0.0210532 -0.0108686
2.2 0.000764988 -1.21547e-10 0.999212 -3.88594e-07 0.0233219 -0.0120629
2.3 0.000943587 -2.70053e-10 0.999032 -3.46683e-07 0.0258364 -0.0134144
2.4 0.00116404 -4.3995e-10 0.998811 -3.26918e-07 0.0286283 -0.0149235
2.5 0.00143545 -6.68317e-10 0.998538 -2.96504e-07 0.0317282 -0.0165867
2.6 0.00176828 -9.10165e-10 0.998205 -2.74445e-07 0.0351646 -0.0183959
2.7 0.00217439 -1.14608e-09 0.997798 -2.56788e-07 0.0389636 -0.0203391
2.8 0.00266703 -1.33072e-09 0.997305 -2.4867e-07 0.0431471 -0.0224006
2.9 0.00326074 -1.48305e-09 0.996711 -2.35963e-07 0.0477326 -0.0245621
3 0.00397128 -1.50812e-09 0.996 -2.34039e-07 0.0527325 -0.0268025
3.1 0.00481544 -1.35633e-09 0.995156 -2.43086e-07 0.0581536 -0.0290992
3.2 0.00581086 -1.02273e-09 0.99416 -2.58897e-07 0.0639968 -0.0314286
3.3 0.00697578 -5.97384e-10 0.992995 -2.73809e-07 0.070257 -0.0337664
3.4 0.00832874 8.53867e-11 0.991643 -2.9432e-07 0.0769232 -0.0360886
3.5 0.00988828 1.07489e-09 0.990083 -3.16287e-07 0.0839785 -0.0383719
3.6 0.0116726 2.07815e-09 0.988298 -3.38602e-07 0.0914002 -0.0405935
3.7 0.013699 2.38767e-09 0.986272 -3.58998e-07 0.0991608 -0.0427323
3.8 0.015984 1.3665e-09 0.983987 -3.73685e-07 0.107227 -0.0447681
3.9 0.0185421 -8.25179e-10 0.981429 -3.79538e-07 0.115563 -0.0466823
4 0.0213862 -3.3218e-09 0.978585 -3.74864e-07 0.124127 -0.0484576
4.1 0.0245264 -4.89234e-09 0.975445 -3.60131e-07 0.132872 -0.0500777
4.2 0.0279702 -6.62679e-09 0.972001 -3.37632e-07 0.141753 -0.0515283
4.3 0.0317216 -9.40191e-09 0.96825 -3.18214e-07 0.150716 -0.0527957
4.4 0.0357809 -1.25741e-08 0.964191 -2.99342e-07 0.15971 -0.053868
4.5 0.0401442 -1.63026e-08 0.959828 -2.85852e-07 0.168678 -0.0547342
4.6 0.0448031 -1.96186e-08 0.955169 -2.78817e-07 0.177565 -0.0553848
4.7 0.0497446 -2.10462e-08 0.950228 -2.81836e-07 0.186311 -0.0558122
4.8 0.0549506 -1.98553e-08 0.945022 -2.96175e-07 0.194861 -0.0560109
4.9 0.0603982 -1.68577e-08 0.939574 -3.21221e-07 0.203155 -0.0559778
5 0.0660597 -1.61051e-08 0.933913 -3.19413e-07 0.211137 -0.0557139
5.1 0.0719031 -1.72056e-08 0.928069 -3.16113e-07 0.218754 -0.0552238
5.2 0.0778925 -2.05308e-08 0.92208 -3.08522e-07 0.225955 -0.0545163
5.3 0.0839892 -2.61543e-08 0.915983 -3.02342e-07 0.232693 -0.0536049
5.4 0.0901524 -3.39715e-08 0.90982 -3.00205e-07 0.23893 -0.0525072
5.5 0.0963402 -3.59257e-08 0.903631 -3.0774e-07 0.244631 -0.0512453
5.6 0.102511 -2.9619e-08 0.89746 -3.1788e-07 0.249772 -0.0498453
5.7 0.108626 -1.3257e-08 0.891345 -3.42947e-07 0.254335 -0.0483357
5.8 0.114647 1.04e-08 0.885324 -3.80651e-07 0.258313 -0.0467473
5.9 0.12054 3.09346e-08 0.87943 -4.22718e-07 0.261708 -0.0451108
6 0.126277 3.88087e-08 0.873693 -4.52524e-07 0.264528 -0.043455
6.1 0.131832 2.44273e-08 0.868137 -4.57539e-07 0.266793 -0.0418066
6.2 0.137186 -1.82038e-08 0.862783 -4.32473e-07 0.268526 -0.0401868
6.3 0.142324 -9.22063e-08 0.857645 -3.71612e-07 0.269758 -0.0386108
6.4 0.147233 -1.9343e-07 0.852736 -2.80142e-07 0.270522 -0.0370864
6.5 0.151903 -2.99037e-07 0.848066 -1.76917e-07 0.270851 -0.0356145
6.6 0.156325 -3.80362e-07 0.843643 -9.33926e-08 0.270778 -0.0341893
6.7 0.160493 -4.28084e-07 0.839475 -3.70554e-08 0.270332 -0.0327998
6.8 0.164396 -4.45721e-07 0.835571 -6.97668e-09 0.269537 -0.0314302
6.9 0.168026 -4.35072e-07 0.831941 -4.62623e-09 0.268413 -0.0300629
7 0.171371 -4.08356e-07 0.828596 -1.73666e-08 0.266973 -0.0286798
7.1 0.174418 -3.79931e-07 0.825549 -2.36103e-08 0.265225 -0.0272649
7.2 0.177155 -3.62579e-07 0.822811 -1.4975e-09 0.26317 -0.0258057
7.3 0.17957 -3.59548e-07 0.820396 5.5474e-08 0.260805 -0.024296
7.4 0.181651 -3.53015e-07 0.818315 6.11409e-08 0.258125 -0.0227355
7.5 0.183391 -3.53394e-07 0.816574 5.92794e-08 0.255123 -0.0211308
7.6 0.184785 -3.63689e-07 0.81518 7.6369e-08 0.251795 -0.0194934
7.7 0.185835 -3.7675e-07 0.814129 1.0564e-07 0.248136 -0.0178401
7.8 0.186546 -3.80869e-07 0.813418 1.2091e-07 0.244146 -0.0161897
7.9 0.18693 -3.77565e-07 0.813034 1.32025e-07 0.239829 -0.0145631
8 0.187002 -3.66737e-07 0.812961 1.3524e-07 0.235193 -0.0129798
8.1 0.186783 -3.38464e-07 0.81318 1.13645e-07 0.230249 -0.0114587
8.2 0.186296 -3.25748e-07 0.813667 9.98396e-08 0.225013 -0.0100148
8.3 0.185566 -3.10337e-07 0.814396 8.26022e-08 0.219505 -0.00865987
8.4 0.184621 -2.86754e-07 0.815341 5.42377e-08 0.213747 -0.00740072
8.5 0.183488 -2.5912e-07 0.816474 2.06672e-08 0.207763 -0.00623989
8.6 0.182192 -2.3497e-07 0.81777 -7.21284e-09 0.201578 -0.00517477
8.7 0.180758 -2.09054e-07 0.819203 -3.27018e-08 0.195219 -0.00419911
8.8 0.179208 -1.74576e-07 0.820752 -6.03095e-08 0.188709 -0.00330303
8.9 0.177563 -1.31181e-07 0.822397 -9.16748e-08 0.182072 -0.00247585
9 0.17584 -8.18007e-08 0.824121 -1.25983e-07 0.175329 -0.00170574
9.1 0.174052 -3.46927e-08 0.825908 -1.61464e-07 0.168501 -0.000982003
9.2 0.172214 1.1354e-08 0.827746 -1.992e-07 0.161607 -0.0002941
9.3 0.170336 6.0042e-08 0.829624 -2.43089e-07 0.154664 0.000365983
9.4 0.168428 1.2164e-07 0.831532 -3.01753e-07 0.14769 0.00100418
9.5 0.166498 1.73289e-07 0.833462 -3.48539e-07 0.1407 0.0016228
9.6 0.164554 2.02123e-07 0.835405 -3.75716e-07 0.133711 0.00222176
9.7 0.162603 2.12117e-07 0.837356 -3.88322e-07 0.126739 0.00279731
9.8 0.160653 2.05727e-07 0.839307 -3.85884e-07 0.119803 0.00334349
9.9 0.158708 1.83594e-07 0.841251 -3.51174e-07 0.112922 0.00385166
10 0.156777 1.41617e-07 0.843182 -3.11498e-07 0.106117 0.00431231
10.1 0.154865 8.40631e-08 0.845094 -2.66088e-07 0.099411 0.00471496
10.2 0.152978 1.48317e-08 0.846981 -2.12826e-07 0.0928294 0.00504966
10.3 0.151122 -5.79015e-08 0.848838 -1.44899e-07 0.0863975 0.00530695
10.4 0.1493 -1.29873e-07 0.85066 -8.36258e-08 0.0801422 0.005479
10.5 0.147516 -1.97245e-07 0.852444 -3.25913e-08 0.0740908 0.00556023
10.6 0.145774 -2.54188e-07 0.854186 7.28429e-09 0.0682708 0.00554908
10.7 0.144074 -2.95991e-07 0.855885 4.19277e-08 0.0627076 0.00544656
10.8 0.142419 -3.22423e-07 0.85754 7.01741e-08 0.0574252 0.00525761
10.9 0.140808 -3.34096e-07 0.859151 7.95551e-08 0.0524436 0.00499084
11 0.139241 -3.35398e-07 0.860719 7.72498e-08 0.0477796 0.00465858
11.1 0.137714 -3.31988e-07 0.862246 4.5846e-08 0.0434452 0.00427533
11.2 0.136227 -3.26874e-07 0.863733 -1.23232e-09 0.0394483 0.00385843
11.3 0.134776 -3.18001e-07 0.865184 -3.09217e-08 0.0357901 0.00342716
11.4 0.133358 -3.07734e-07 0.866601 -5.00701e-08 0.0324659 0.00300136
11.5 0.13197 -2.91192e-07 0.867989 -6.85618e-08 0.029465 0.00259996
11.6 0.130609 -2.70898e-07 0.86935 -1.10096e-07 0.026772 0.00224055
11.7 0.129272 -2.49861e-07 0.870686 -1.57848e-07 0.0243665 0.0019386
11.8 0.127956 -2.27479e-07 0.872002 -2.07729e-07 0.022224 0.00170662
11.9 0.12666 -2.05895e-07 0.873299 -2.56625e-07 0.0203168 0.00155312
12 0.125379 -1.9168e-07 0.874579 -2.89974e-07 0.018615 0.00148252
12.1 0.124115 -1.78059e-07 0.875843 -3.28015e-07 0.0170874 0.00149445
12.2 0.122864 -1.6964e-07 0.877094 -3.61106e-07 0.0157038 0.00158395
12.3 0.121626 -1.65567e-07 0.878332 -3.84716e-07 0.0144355 0.00174126
12.4 0.120401 -1.65188e-07 0.879556 -4.04693e-07 0.0132559 0.00195333
12.5 0.119189 -1.65663e-07 0.880769 -4.12214e-07 0.012142 0.00220354
12.6 0.117989 -1.6762e-07 0.881969 -4.13811e-07 0.0110758 0.00247346
12.7 0.1168 -1.69597e-07 0.883157 -4.25828e-07 0.0100438 0.00274345
12.8 0.115625 -1.69246e-07 0.884332 -4.45192e-07 0.0090368 0.00299473
12.9 0.114461 -1.71721e-07 0.885495 -4.75989e-07 0.00805061 0.00320844
13 0.11331 -1.71612e-07 0.886646 -4.92406e-07 0.00708579 0.00336757
13.1 0.112172 -1.70143e-07 0.887784 -5.09207e-07 0.00614726 0.00345807
13.2 0.111046 -1.69672e-07 0.88891 -5.38087e-07 0.00524337 0.00346992
13.3 0.109933 -1.67161e-07 0.890023 -5.58848e-07 0.00438453 0.0033975
13.4 0.108832 -1.64565e-07 0.891124 -5.73209e-07 0.00358267 0.00323929
13.5 0.107744 -1.61667e-07 0.892213 -5.69007e-07 0.00285005 0.00299842
13.6 0.106667 -1.60174e-07 0.89329 -5.5014e-07 0.00219801 0.00268262
13.7 0.105602 -1.58908e-07 0.894354 -5.28876e-07 0.00163592 0.00230327
13.8 0.104549 -1.58542e-07 0.895408 -5.03404e-07 0.00117068 0.0018748
13.9 0.103507 -1.5749e-07 0.89645 -4.87213e-07 0.000805985 0.0014135
14 0.102476 -1.56798e-07 0.897481 -4.80125e-07 0.00054243 0.000937231
14.1 0.101456 -1.56069e-07 0.898501 -4.93358e-07 0.000376891 0.00046391
14.2 0.100446 -1.57963e-07 0.899511 -4.80977e-07 0.000303505 1.10844e-05
14.3 0.0994464 -1.5753e-07 0.90051 -4.87919e-07 0.000313237 -0.000404621
14.4 0.0984571 -1.56881e-07 0.9015 -4.91449e-07 0.000394095 -0.000768271
14.5 0.0974777 -1.56428e-07 0.902479 -4.9499e-07 0.000531545 -0.00106746
14.6 0.0965081 -1.55527e-07 0.903449 -5.00055e-07 0.000708835 -0.00129273
14.7 0.0955482 -1.53703e-07 0.904409 -5.05438e-07 0.000907639 -0.00143857
14.8 0.0945978 -1.51459e-07 0.905359 -5.12389e-07 0.00110945 -0.00150406
14.9 0.0936568 -1.49316e-07 0.9063 -5.21288e-07 0.00129658 -0.00149253
15 0.0927251 -1.47157e-07 0.907232 -5.33168e-07 0.00145338 -0.00141114
15.1 0.0918026 -1.44712e-07 0.908154 -5.44954e-07 0.00156671 -0.00126999
15.2 0.0908893 -1.41782e-07 0.909067 -5.57398e-07 0.00162669 -0.00108203
15.3 0.089985 -1.39459e-07 0.909972 -5.61926e-07 0.00162695 -0.000861316
15.4 0.0890897 -1.37381e-07 0.910867 -5.66078e-07 0.00156442 -0.000622871
15.5 0.0882033 -1.35019e-07 0.911753 -5.69747e-07 0.00143925 -0.000381871
15.6 0.0873256 -1.32849e-07 0.912631 -5.69851e-07 0.00125505 -0.000153298
15.7 0.0864567 -1.3078e-07 0.913499 -5.67584e-07 0.00101893 4.87343e-05
15.8 0.0855964 -1.29e-07 0.91436 -5.6347e-07 0.000741542 0.000212133
15.9 0.0847447 -1.27395e-07 0.915211 -5.55824e-07 0.000435853 0.000327662
16 0.0839015 -1.26402e-07 0.916055 -5.54064e-07 0.00011667 0.000389204
16.1 0.0830666 -1.25498e-07 0.916889 -5.51985e-07 -0.000200199 0.000394045
16.2 0.0822401 -1.24558e-07 0.917716 -5.49923e-07 -0.000498774 0.000343489
16.3 0.0814218 -1.23499e-07 0.918534 -5.47759e-07 -0.000764137 0.000242387
16.4 0.0806117 -1.2235e-07 0.919344 -5.45663e-07 -0.00098322 9.90467e-05
16.5 0.0798096 -1.21134e-07 0.920147 -5.44138e-07 -0.00114573 -7.51171e-05
16.6 0.0790154 -1.19953e-07 0.920941 -5.43249e-07 -0.00124484 -0.000266922
16.7 0.0782292 -1.18937e-07 0.921727 -5.4371e-07 -0.00127745 -0.000462312
16.8 0.0774508 -1.181e-07 0.922505 -5.46765e-07 -0.00124406 -0.000647183
16.9 0.0766802 -1.17075e-07 0.923276 -5.48324e-07 -0.00114837 -0.000808024
17 0.0759172 -1.15962e-07 0.924039 -5.50836e-07 -0.00099743 -0.000932698
17.1 0.0751618 -1.14745e-07 0.924794 -5.52631e-07 -0.000801207 -0.00101113
17.2 0.0744139 -1.13409e-07 0.925542 -5.5297e-07 -0.000571979 -0.00103579
17.3 0.0736735 -1.1192e-07 0.926282 -5.50837e-07 -0.000323686 -0.00100216
17.4 0.0729404 -1.10551e-07 0.927015 -5.48919e-07 -7.13304e-05 -0.000909151
17.5 0.0722147 -1.09418e-07 0.927741 -5.48888e-07 0.000170041 -0.000759457
17.6 0.0714961 -1.08177e-07 0.92846 -5.47929e-07 0.000386428 -0.000559208
17.7 0.0707847 -1.07015e-07 0.929171 -5.48617e-07 0.000565811 -0.000317611
17.8 0.0700804 -1.05888e-07 0.929876 -5.49581e-07 0.000698282 -4.62293e-05
17.9 0.0693831 -1.04723e-07 0.930573 -5.50481e-07 0.00077695 0.000241371
18 0.0686927 -1.03571e-07 0.931263 -5.50769e-07 0.000798523 0.000530668
18.1 0.0680092 -1.02475e-07 0.931947 -5.5083e-07 0.000763144 0.000807155
18.2 0.0673325 -1.01413e-07 0.932624 -5.50822e-07 0.000674125 0.00105706
18.3 0.0666626 -1.00364e-07 0.933294 -5.50795e-07 0.000537705 0.00126796
18.4 0.0659993 -9.93249e-08 0.933957 -5.50573e-07 0.000362708 0.00142945
18.5 0.0653426 -9.82649e-08 0.934614 -5.50156e-07 0.00016013 0.00153358
18.6 0.0646924 -9.72184e-08 0.935264 -5.49655e-07 -5.76395e-05 0.00157544
18.7 0.0640487 -9.61454e-08 0.935908 -5.49597e-07 -0.000277585 0.00155328
18.8 0.0634114 -9.51173e-08 0.936545 -5.50475e-07 -0.000486451 0.00146841
18.9 0.0627804 -9.41202e-08 0.937176 -5.51458e-07 -0.000671717 0.00132538
19 0.0621558 -9.31442e-08 0.9378 -5.52648e-07 -0.00082211 0.00113166
19.1 0.0615373 -9.21865e-08 0.938419 -5.54176e-07 -0.00092852 0.000897299
19.2 0.060925 -9.12485e-08 0.939031 -5.55527e-07 -0.000984547 0.000634105
19.3 0.0603188 -9.03412e-08 0.939637 -5.56512e-07 -0.000986307 0.000355426
19.4 0.0597186 -8.94407e-08 0.940237 -5.5746e-07 -0.00093334 7.49615e-05
19.5 0.0591244 -8.85513e-08 0.940832 -5.58381e-07 -0.000828032 -0.000193949
19.6 0.0585361 -8.76733e-08 0.94142 -5.59269e-07 -0.000675616 -0.000439101
19.7 0.0579537 -8.68038e-08 0.942003 -5.60087e-07 -0.000483687 -0.000649723
19.8 0.057377 -8.59439e-08 0.942579 -5.6088e-07 -0.000262029 -0.000817127
19.9 0.0568061 -8.50888e-08 0.94315 -5.61735e-07 -2.151e-05 -0.000935324
20 0.0562409 -8.42421e-08 0.943716 -5.62582e-07 0.000226238 -0.00100114
