0 0 0 1 0 0 0
0.1 1.71712e-07 1.72764e-15 0.999993 -1.0939e-08 4.8267e-05 -0.000411273
0.2 7.9088e-07 7.50687e-15 0.999992 -1.80728e-08 0.000195328 -0.000866263
0.3 2.03622e-06 9.19482e-15 0.99999 -1.86418e-08 0.000448875 -0.0013508
0.4 4.11648e-06 -1.81707e-14 0.999987 -1.18963e-08 0.000813179 -0.00185066
0.5 7.26965e-06 -1.13924e-13 0.999984 1.42523e-09 0.00128919 -0.00235247
0.6 1.17618e-05 -3.60442e-13 0.999978 2.33389e-08 0.00187486 -0.00284458
0.7 1.78861e-05 -7.97718e-13 0.999972 5.1258e-08 0.00256563 -0.00331784
0.8 2.59639e-05 -1.40545e-12 0.999963 8.3224e-08 0.0033551 -0.00376624
0.9 3.63476e-05 -1.75174e-12 0.999953 1.09547e-07 0.00423582 -0.00418737
1 4.94286e-05 -8.88374e-13 0.99994 1.22328e-07 0.00520017 -0.00458268
1.1 6.56518e-05 1.04124e-12 0.999923 1.39576e-07 0.00624124 -0.0049576
1.2 8.5538e-05 4.87132e-12 0.999902 1.56854e-07 0.00735376 -0.00532131
1.3 0.000109717 1.12061e-11 0.999878 1.7772e-07 0.00853489 -0.00568648
1.4 0.000138973 2.37719e-11 0.999849 1.84383e-07 0.00978499 -0.00606867
1.5 0.000174305 4.26469e-11 0.999814 1.89234e-07 0.0111081 -0.00648568
1.6 0.000217 6.60637e-11 0.999771 2.01426e-07 0.0125125 -0.00695669
1.7 0.000268725 9.46332e-11 0.99972 2.131e-07 0.0140108 -0.00750145
1.8 0.00033163 1.31042e-10 0.999657 2.25275e-07 0.0156197 -0.00813929
1.9 0.00040846 1.78645e-10 0.99958 2.35849e-07 0.0173603 -0.00888825
2 0.000502691 2.41642e-10 0.999485 2.42408e-07 0.0192571 -0.00976426
2.1 0.00061865 3.23276e-10 0.999369 2.42537e-07 0.0213377 -0.0107803
2.2 0.000761653 4.20396e-10 0.999225 2.35223e-07 0.023632 -0.011946
2.3 0.000938125 5.31322e-10 0.999048 2.21062e-07 0.026171 -0.0132669
2.4 0.00115571 6.44781e-10 0.99883 2.04009e-07 0.0289864 -0.0147443
2.5 0.00142336 7.49274e-10 0.998562 1.91446e-07 0.0321091 -0.016375
2.6 0.00175138 8.26059e-10 0.998234 1.94396e-07 0.0355681 -0.0181518
2.7 0.00215149 9.33714e-10 0.997834 1.78003e-07 0.03939 -0.0200632
2.8 0.00263677 1.06336e-09 0.997348 1.61763e-07 0.0435976 -0.0220941
2.9 0.00322159 1.19389e-09 0.996763 1.44267e-07 0.0482096 -0.0242262
3 0.00392155 1.24331e-09 0.996063 1.27577e-07 0.0532393 -0.0264386
3.1 0.00475326 1.15439e-09 0.995231 1.15052e-07 0.0586947 -0.0287083
3.2 0.00573415 9.02519e-10 0.99425 1.04829e-07 0.064578 -0.0310112
3.3 0.00688223 5.14151e-10 0.993102 9.89458e-08 0.0708849 -0.0333224
3.4 0.00821577 8.07876e-11 0.991769 9.51443e-08 0.0776054 -0.0356168
3.5 0.00975294 -3.92824e-10 0.990231 9.06938e-08 0.0847232 -0.0378697
3.6 0.0115115 -8.18244e-10 0.988473 8.4258e-08 0.0922161 -0.0400574
3.7 0.0135083 -1.26073e-09 0.986476 7.65048e-08 0.100056 -0.0421569
3.8 0.015759 -1.80527e-09 0.984225 6.96011e-08 0.108211 -0.0441471
3.9 0.0182774 -2.55209e-09 0.981707 6.51679e-08 0.116642 -0.0460079
4 0.0210753 -3.40358e-09 0.978909 6.22612e-08 0.125307 -0.0477212
4.1 0.0241617 -4.18903e-09 0.975822 5.69483e-08 0.13416 -0.0492702
4.2 0.0275427 -4.41951e-09 0.97244 4.81625e-08 0.143151 -0.0506401
4.3 0.031221 -4.02401e-09 0.968762 3.47533e-08 0.152228 -0.0518177
4.4 0.0351952 -3.49235e-09 0.964788 2.89875e-08 0.161336 -0.0527916
4.5 0.0394599 -2.7696e-09 0.960523 2.61355e-08 0.170416 -0.0535522
4.6 0.0440052 -1.63131e-09 0.955977 2.67967e-08 0.179412 -0.0540921
4.7 0.0488168 -7.97865e-10 0.951165 3.12319e-08 0.188265 -0.0544065
4.8 0.0538754 -3.00229e-11 0.946107 3.27477e-08 0.196914 -0.0544932
4.9 0.0591575 -4.23867e-10 0.940824 3.78874e-08 0.205304 -0.0543531
5 0.0646353 -1.19079e-09 0.935346 4.39527e-08 0.213378 -0.053991
5.1 0.070277 -6.44972e-10 0.929704 4.68461e-08 0.221082 -0.0534152
5.2 0.0760481 2.65819e-09 0.923933 4.53679e-08 0.22837 -0.0526384
5.3 0.0819114 9.20904e-09 0.91807 3.77839e-08 0.235197 -0.0516776
5.4 0.0878288 1.83317e-08 0.912152 2.27714e-08 0.241525 -0.0505533
5.5 0.0937617 2.88371e-08 0.906219 2.58459e-09 0.247326 -0.0492898
5.6 0.0996725 3.84439e-08 0.900308 -1.88388e-08 0.252577 -0.0479141
5.7 0.105525 4.34634e-08 0.894455 -3.59993e-08 0.257265 -0.0464552
5.8 0.111288 4.16646e-08 0.888692 -4.27303e-08 0.261387 -0.0449424
5.9 0.11693 3.71467e-08 0.88305 -3.49878e-08 0.264946 -0.0434038
6 0.122428 2.76452e-08 0.877552 -2.11763e-08 0.267957 -0.0418645
6.1 0.127759 1.42204e-08 0.87222 -6.38475e-09 0.27044 -0.0403449
6.2 0.132907 -7.25855e-09 0.867073 2.41357e-08 0.272419 -0.0388598
6.3 0.137857 -3.17222e-08 0.862123 5.6299e-08 0.273924 -0.0374183
6.4 0.142596 -5.16312e-08 0.857383 8.39093e-08 0.274987 -0.0360222
6.5 0.147115 -5.88542e-08 0.852864 1.00122e-07 0.275639 -0.0346666
6.6 0.151402 -4.87552e-08 0.848577 1.00701e-07 0.275911 -0.03334
6.7 0.155447 -2.44009e-08 0.844532 9.20869e-08 0.27583 -0.0320259
6.8 0.159236 8.54099e-09 0.840743 7.49689e-08 0.275416 -0.0307044
6.9 0.162754 4.15984e-08 0.837225 5.46514e-08 0.274686 -0.0293548
7 0.165985 6.9414e-08 0.833993 3.32376e-08 0.273649 -0.0279571
7.1 0.168911 9.3743e-08 0.831067 1.149e-08 0.272308 -0.0264944
7.2 0.171514 1.19186e-07 0.828464 -1.21082e-08 0.270661 -0.0249556
7.3 0.173776 1.45733e-07 0.826202 -3.63995e-08 0.2687 -0.023336
7.4 0.175682 1.71596e-07 0.824295 -5.81004e-08 0.266418 -0.0216385
7.5 0.177222 1.81724e-07 0.822755 -6.12981e-08 0.263804 -0.0198732
7.6 0.178388 1.70279e-07 0.821588 -4.02488e-08 0.260851 -0.0180564
7.7 0.179182 1.402e-07 0.820794 2.4593e-09 0.257551 -0.0162092
7.8 0.179608 1.0279e-07 0.820368 5.567e-08 0.253902 -0.0143556
7.9 0.179678 7.17577e-08 0.820298 1.01332e-07 0.249904 -0.0125217
8 0.179411 5.88479e-08 0.820564 1.26387e-07 0.245562 -0.0107325
8.1 0.178831 7.16072e-08 0.821145 1.23394e-07 0.240887 -0.00901103
8.2 0.177963 1.07193e-07 0.822012 9.44236e-08 0.235892 -0.00737645
8.3 0.176839 1.58173e-07 0.823135 4.63126e-08 0.230594 -0.00584375
8.4 0.17549 2.12671e-07 0.824484 -8.98016e-09 0.225013 -0.00442254
8.5 0.173947 2.63426e-07 0.826027 -6.20028e-08 0.219169 -0.0031176
8.6 0.172242 3.07465e-07 0.827732 -1.05754e-07 0.213086 -0.00192925
8.7 0.170403 3.46718e-07 0.82957 -1.38213e-07 0.206785 -0.000853848
8.8 0.168458 3.81971e-07 0.831514 -1.54649e-07 0.200288 0.000115331
8.9 0.166432 4.25185e-07 0.83354 -1.86622e-07 0.193615 0.000986742
9 0.164346 4.66966e-07 0.835626 -2.22113e-07 0.186786 0.00176938
9.1 0.162219 5.07438e-07 0.837753 -2.69566e-07 0.17982 0.0024724
9.2 0.160068 5.42734e-07 0.839904 -3.15901e-07 0.172733 0.00310258
9.3 0.157907 5.71374e-07 0.842064 -3.55415e-07 0.165543 0.00366393
9.4 0.155749 5.93032e-07 0.844222 -3.87319e-07 0.15827 0.00415857
9.5 0.153605 6.05209e-07 0.846365 -4.08518e-07 0.150933 0.00458665
9.6 0.151486 6.05746e-07 0.848485 -4.16843e-07 0.143552 0.00494622
9.7 0.149398 5.94641e-07 0.850572 -4.11525e-07 0.136149 0.00523327
9.8 0.147352 5.73338e-07 0.852618 -3.9353e-07 0.128748 0.00544217
9.9 0.145352 5.4357e-07 0.854618 -3.66308e-07 0.121376 0.00556635
10 0.143405 5.08785e-07 0.856565 -3.30871e-07 0.114059 0.0055989
10.1 0.141515 4.72252e-07 0.858455 -2.91635e-07 0.106829 0.00553363
10.2 0.139686 4.35815e-07 0.860283 -2.51572e-07 0.0997167 0.00536523
10.3 0.137921 4.0148e-07 0.862048 -2.14359e-07 0.0927559 0.00509044
10.4 0.136222 3.70588e-07 0.863748 -1.81432e-07 0.0859804 0.004709
10.5 0.134587 3.42005e-07 0.865383 -1.51965e-07 0.079423 0.00422384
10.6 0.133016 3.18168e-07 0.866953 -1.27111e-07 0.0731158 0.00364116
10.7 0.131508 3.00949e-07 0.868462 -1.11258e-07 0.0670884 0.00297102
10.8 0.130059 2.90514e-07 0.869911 -1.02197e-07 0.0613669 0.00222729
10.9 0.128665 2.85337e-07 0.871305 -8.44264e-08 0.0559731 0.00142745
11 0.127321 2.86714e-07 0.872648 -7.54255e-08 0.0509242 0.000591336
11.1 0.126023 2.91996e-07 0.873946 -7.27485e-08 0.046233 -0.000258697
11.2 0.124765 2.99202e-07 0.875204 -7.38458e-08 0.0419054 -0.00109823
11.3 0.123541 3.06887e-07 0.876428 -7.7215e-08 0.0379406 -0.00190275
11.4 0.122347 3.13467e-07 0.877623 -8.1399e-08 0.0343318 -0.00264876
11.5 0.121176 3.17454e-07 0.878793 -8.47522e-08 0.0310664 -0.00331414
11.6 0.120025 3.18049e-07 0.879944 -8.57425e-08 0.028126 -0.00387931
11.7 0.11889 3.1508e-07 0.88108 -8.00451e-08 0.0254878 -0.0043277
11.8 0.117766 3.09902e-07 0.882203 -7.25899e-08 0.0231241 -0.00464712
11.9 0.116652 3.03205e-07 0.883318 -6.39854e-08 0.0210051 -0.00483033
12 0.115545 2.96183e-07 0.884425 -5.4495e-08 0.0190996 -0.00487529
12.1 0.114443 2.89819e-07 0.885526 -4.627e-08 0.0173756 -0.00478484
12.2 0.113347 2.84311e-07 0.886623 -3.93095e-08 0.0158016 -0.0045672
12.3 0.112255 2.79619e-07 0.887715 -3.34524e-08 0.0143484 -0.00423552
12.4 0.111167 2.75639e-07 0.888803 -2.87302e-08 0.0129896 -0.00380686
12.5 0.110084 2.72194e-07 0.889885 -2.4092e-08 0.0117026 -0.00330158
12.6 0.109006 2.69464e-07 0.890963 -2.25127e-08 0.0104697 -0.00274224
12.7 0.107935 2.66878e-07 0.892035 -2.11868e-08 0.00927798 -0.00215199
12.8 0.10687 2.6429e-07 0.8931 -1.94789e-08 0.0081191 -0.0015547
12.9 0.105812 2.61438e-07 0.894158 -1.70399e-08 0.00699064 -0.000973426
13 0.104762 2.58105e-07 0.895208 -1.29572e-08 0.00589464 -0.000428385
13.1 0.10372 2.54477e-07 0.896249 -8.16629e-09 0.00483684 6.35049e-05
13.2 0.102688 2.51053e-07 0.897282 -5.34104e-09 0.00382584 0.000489018
13.3 0.101665 2.47612e-07 0.898305 -1.3945e-09 0.00287251 0.000839195
13.4 0.100652 2.45198e-07 0.899318 -3.12146e-09 0.00198896 0.00110911
13.5 0.0996489 2.43083e-07 0.900321 -4.08098e-09 0.00118755 0.00129863
13.6 0.0986557 2.41086e-07 0.901314 -4.14081e-09 0.000479936 0.00141174
13.7 0.0976725 2.3943e-07 0.902297 -6.07684e-09 -0.00012372 0.00145611
13.8 0.0966993 2.37729e-07 0.903271 -7.43407e-09 -0.000615755 0.00144308
13.9 0.095736 2.35992e-07 0.904234 -8.93837e-09 -0.000991524 0.00138632
14 0.0947825 2.34095e-07 0.905187 -1.00018e-08 -0.00124995 0.0013016
14.1 0.0938387 2.31859e-07 0.906131 -8.16871e-09 -0.0013937 0.00120586
14.2 0.0929044 2.29375e-07 0.907065 -3.52231e-09 -0.00142938 0.00111592
14.3 0.0919796 2.26932e-07 0.90799 1.07587e-09 -0.00136757 0.00104767
14.4 0.091064 2.24571e-07 0.908906 5.26617e-09 -0.00122261 0.00101513
14.5 0.0901577 2.22316e-07 0.909812 8.72309e-09 -0.00101178 0.00102865
14.6 0.0892603 2.20181e-07 0.91071 1.08863e-08 -0.000753729 0.00109574
14.7 0.0883719 2.18506e-07 0.911598 8.52322e-09 -0.000468381 0.00121945
14.8 0.0874923 2.17404e-07 0.912478 3.20692e-10 -0.000175656 0.00139891
14.9 0.0866215 2.15875e-07 0.913348 -3.82473e-09 0.000105542 0.00162955
15 0.0857594 2.13953e-07 0.914211 -4.28719e-09 0.000358192 0.00190319
15.1 0.0849058 2.11997e-07 0.915064 -4.0002e-09 0.000567482 0.00220835
15.2 0.0840608 2.10087e-07 0.915909 -3.50681e-09 0.000721666 0.00253084
15.3 0.0832241 2.0822e-07 0.916746 -3.35836e-09 0.000813083 0.00285461
15.4 0.0823958 2.06471e-07 0.917575 -4.29234e-09 0.000838199 0.00316289
15.5 0.0815757 2.04655e-07 0.918395 -4.92533e-09 0.000797834 0.0034391
15.6 0.0807639 2.02766e-07 0.919206 -5.1507e-09 0.000696656 0.00366791
15.7 0.0799601 2.00786e-07 0.92001 -4.29405e-09 0.000543054 0.00383593
15.8 0.0791643 1.9868e-07 0.920806 -1.90196e-09 0.000348016 0.00393239
15.9 0.0783765 1.96489e-07 0.921594 1.85929e-09 0.000125462 0.00394944
16 0.0775966 1.94187e-07 0.922374 7.48161e-09 -0.000109298 0.00388307
16.1 0.0768244 1.9232e-07 0.923146 8.7156e-09 -0.000340014 0.00373317
16.2 0.0760599 1.90476e-07 0.92391 1.0074e-08 -0.000550533 0.00350359
16.3 0.075303 1.88672e-07 0.924667 1.13369e-08 -0.000725737 0.00320223
16.4 0.0745537 1.86878e-07 0.925417 1.28055e-08 -0.000852649 0.00284081
16.5 0.0738119 1.85123e-07 0.926158 1.38466e-08 -0.0009217 0.00243368
16.6 0.0730774 1.83422e-07 0.926893 1.44175e-08 -0.000926961 0.00199704
16.7 0.0723503 1.81721e-07 0.92762 1.50873e-08 -0.000866134 0.0015474
16.8 0.0716304 1.79995e-07 0.92834 1.61155e-08 -0.000740249 0.00110126
16.9 0.0709177 1.78286e-07 0.929053 1.70071e-08 -0.000553566 0.000674551
17 0.070212 1.76563e-07 0.929759 1.81391e-08 -0.000313458 0.00028202
17.1 0.0695134 1.74829e-07 0.930457 1.95396e-08 -2.99459e-05 -6.32044e-05
17.2 0.0688217 1.7314e-07 0.931149 2.05986e-08 0.000284031 -0.000350899
17.3 0.068137 1.71453e-07 0.931834 2.18997e-08 0.000613976 -0.00057416
17.4 0.067459 1.69777e-07 0.932511 2.32875e-08 0.000944617 -0.000729491
17.5 0.0667878 1.68097e-07 0.933183 2.51155e-08 0.00126058 -0.000816789
17.6 0.0661232 1.66438e-07 0.933847 2.69192e-08 0.00154702 -0.000839293
17.7 0.0654653 1.64797e-07 0.934505 2.87165e-08 0.00179028 -0.000803657
17.8 0.0648139 1.63163e-07 0.935156 3.05945e-08 0.00197889 -0.000719634
17.9 0.064169 1.61543e-07 0.935801 3.23929e-08 0.00210402 -0.00059957
18 0.0635305 1.59934e-07 0.93644 3.41112e-08 0.00216023 -0.000457522
18.1 0.0628983 1.58336e-07 0.937072 3.57302e-08 0.00214578 -0.000308525
18.2 0.0622725 1.56747e-07 0.937698 3.72506e-08 0.00206277 -0.000167484
18.3 0.0616529 1.55165e-07 0.938318 3.87831e-08 0.00191674 -4.83302e-05
18.4 0.0610394 1.53616e-07 0.938931 4.02585e-08 0.0017165 3.66562e-05
18.5 0.0604321 1.52092e-07 0.939539 4.16977e-08 0.00147368 7.76072e-05
18.6 0.0598308 1.50592e-07 0.94014 4.30832e-08 0.00120171 6.74969e-05
18.7 0.0592354 1.49111e-07 0.940735 4.44245e-08 0.000915395 2.59143e-06
18.8 0.058646 1.47644e-07 0.941325 4.5706e-08 0.00063023 -0.000117197
18.9 0.0580625 1.46182e-07 0.941908 4.70199e-08 0.000361548 -0.000288059
19 0.0574847 1.44733e-07 0.942486 4.83577e-08 0.000122704 -0.000503241
19.1 0.0569128 1.43294e-07 0.943058 4.97531e-08 -7.46992e-05 -0.000752335
19.2 0.0563465 1.41871e-07 0.943624 5.11518e-08 -0.00022232 -0.00102307
19.3 0.0557858 1.4046e-07 0.944185 5.25581e-08 -0.000315066 -0.00130224
19.4 0.0552307 1.39062e-07 0.94474 5.39543e-08 -0.000350547 -0.00157626
19.5 0.0546812 1.37678e-07 0.945289 5.53374e-08 -0.000330292 -0.00183128
19.6 0.0541371 1.36308e-07 0.945833 5.67067e-08 -0.000258288 -0.00205408
19.7 0.0535984 1.34951e-07 0.946372 5.80626e-08 -0.000141865 -0.00223293
19.8 0.0530651 1.33608e-07 0.946906 5.94048e-08 8.8073e-06 -0.00235851
19.9 0.0525371 1.32278e-07 0.947434 6.07342e-08 0.000181794 -0.00242465
20 0.0520144 1.30962e-07 0.947956 6.20504e-08 0.00036438 -0.002428
