0 0 0 1 0 0 0
0.1 1.71712e-07 -2.11136e-19 0.999997 1.22979e-12 4.82762e-05 -0.000411497
0.2 7.91094e-07 -2.25521e-18 0.999996 3.31842e-12 0.000195506 -0.000867386
0.3 2.03765e-06 -8.33345e-18 0.999995 5.49161e-12 0.00044974 -0.00135394
0.4 4.12182e-06 -1.82809e-17 0.999992 7.06777e-12 0.000815805 -0.00185729
0.5 7.2844e-06 -2.62562e-17 0.999988 7.52245e-12 0.00129539 -0.00236429
0.6 1.17956e-05 -1.8874e-17 0.999983 6.54043e-12 0.00188733 -0.00286333
0.7 1.79541e-05 2.26306e-17 0.999976 4.04919e-12 0.00258801 -0.00334506
0.8 2.60877e-05 2.9198e-17 0.999968 3.45553e-12 0.00339204 -0.00380302
0.9 3.65556e-05 4.46886e-17 0.999957 2.50318e-12 0.00429292 -0.00423408
1 4.97556e-05 5.55441e-17 0.999943 1.4208e-12 0.00528384 -0.00463877
1.1 6.61357e-05 2.5401e-17 0.999926 4.68968e-13 0.00635858 -0.00502134
1.2 8.62146e-05 -1.06308e-16 0.999906 -1.25078e-13 0.0075123 -0.0053897
1.3 0.000110612 -4.30839e-16 0.999882 -1.71566e-13 0.00874237 -0.00575509
1.4 0.000140087 -1.05479e-15 0.999852 4.05057e-13 0.010049 -0.0061317
1.5 0.000175599 -2.08243e-15 0.999817 1.59369e-12 0.011436 -0.00653596
1.6 0.000218369 -3.61152e-15 0.999775 3.39934e-12 0.0129109 -0.00698589
1.7 0.000269968 -5.66388e-15 0.999723 5.71646e-12 0.0144856 -0.00750025
1.8 0.000332413 -8.13649e-15 0.999661 8.34978e-12 0.0161759 -0.0080977
1.9 0.000408281 -1.07917e-14 0.999586 1.10749e-11 0.0180019 -0.00879588
2 0.000500822 -1.31804e-14 0.999494 1.36893e-11 0.0199872 -0.00961065
2.1 0.000614093 -1.46566e-14 0.999381 1.59573e-11 0.0221586 -0.0105553
2.2 0.000753078 -1.44847e-14 0.999242 1.77647e-11 0.0245455 -0.0116399
2.3 0.000923811 -1.19268e-14 0.999072 1.91078e-11 0.0271789 -0.0128707
2.4 0.00113348 -6.16802e-15 0.998863 1.99954e-11 0.0300904 -0.01425
2.5 0.00139053 3.66485e-15 0.998606 2.05116e-11 0.0333116 -0.0157757
2.6 0.00170467 1.84575e-14 0.998292 2.0789e-11 0.0368727 -0.0174414
2.7 0.00208698 3.88737e-14 0.99791 2.10379e-11 0.0408018 -0.0192363
2.8 0.00254978 6.53094e-14 0.997447 2.14265e-11 0.0451238 -0.0211459
2.9 0.00310665 9.74166e-14 0.99689 2.21076e-11 0.0498597 -0.0231521
3 0.00377225 1.33874e-13 0.996224 2.31894e-11 0.0550257 -0.0252334
3.1 0.00456216 1.72348e-13 0.995434 2.47347e-11 0.0606325 -0.027366
3.2 0.00549261 2.09794e-13 0.994503 2.67302e-11 0.0666852 -0.0295244
3.3 0.0065802 2.43111e-13 0.993416 2.90681e-11 0.0731826 -0.0316814
3.4 0.00784156 2.69318e-13 0.992154 3.16e-11 0.0801171 -0.0338094
3.5 0.00929293 2.85721e-13 0.990702 3.41303e-11 0.0874745 -0.0358803
3.6 0.0109497 2.89632e-13 0.989045 3.64466e-11 0.0952346 -0.0378669
3.7 0.012826 2.78278e-13 0.987169 3.83489e-11 0.103371 -0.0397424
3.8 0.0149341 2.4961e-13 0.985061 3.9685e-11 0.11185 -0.0414815
3.9 0.0172841 2.04975e-13 0.982711 4.03731e-11 0.120634 -0.0430605
4 0.0198831 1.5311e-13 0.980111 4.04132e-11 0.12968 -0.0444576
4.1 0.0227351 1.13472e-13 0.977259 3.98723e-11 0.13894 -0.0456531
4.2 0.0258403 1.15834e-13 0.974154 3.88743e-11 0.148362 -0.0466299
4.3 0.0291946 1.94352e-13 0.9708 3.75711e-11 0.15789 -0.0473737
4.4 0.0327898 3.79227e-13 0.967205 3.61218e-11 0.167467 -0.0478731
4.5 0.0366128 6.90768e-13 0.963382 3.4662e-11 0.177032 -0.0481202
4.6 0.0406459 1.1389e-12 0.959349 3.32968e-11 0.186523 -0.0481106
4.7 0.0448666 1.72782e-12 0.955128 3.21389e-11 0.19588 -0.0478441
4.8 0.0492483 2.46838e-12 0.950747 3.11852e-11 0.205042 -0.0473248
4.9 0.0537601 3.37698e-12 0.946235 3.03619e-11 0.21395 -0.0465616
5 0.0583679 4.4548e-12 0.941627 2.9621e-11 0.222548 -0.045568
5.1 0.0630352 5.66681e-12 0.93696 2.89148e-11 0.230785 -0.0443629
5.2 0.067724 6.90759e-12 0.932271 2.82398e-11 0.238615 -0.0429694
5.3 0.0723957 7.98366e-12 0.9276 2.76763e-11 0.245997 -0.0414155
5.4 0.077013 8.63395e-12 0.922982 2.73922e-11 0.2529 -0.0397325
5.5 0.0815402 8.59251e-12 0.918455 2.75991e-11 0.259299 -0.0379548
5.6 0.0859453 7.68421e-12 0.91405 2.84666e-11 0.265179 -0.0361178
5.7 0.0902002 5.9164e-12 0.909795 3.00215e-11 0.270533 -0.034257
5.8 0.0942819 3.53086e-12 0.905713 3.20756e-11 0.275362 -0.0324059
5.9 0.0981724 9.8585e-13 0.901822 3.4216e-11 0.279676 -0.0305942
6 0.101859 -1.13248e-12 0.898135 3.58834e-11 0.283493 -0.028846
6.1 0.105334 -2.23892e-12 0.89466 3.65097e-11 0.286833 -0.0271786
6.2 0.108593 -1.88426e-12 0.891401 3.56562e-11 0.289723 -0.0256009
6.3 0.111633 1.36545e-13 0.88836 3.31383e-11 0.292189 -0.0241132
6.4 0.114456 3.72292e-12 0.885537 2.90958e-11 0.294259 -0.0227071
6.5 0.117059 8.46514e-12 0.882934 2.39877e-11 0.295956 -0.021366
6.6 0.119441 1.36944e-11 0.880552 1.85334e-11 0.297301 -0.0200672
6.7 0.121595 1.85888e-11 0.878398 1.35702e-11 0.298309 -0.0187833
6.8 0.123513 2.23097e-11 0.876479 9.91079e-12 0.298988 -0.0174848
6.9 0.125182 2.41712e-11 0.87481 8.16642e-12 0.299339 -0.0161428
7 0.126587 2.38047e-11 0.873404 8.6062e-12 0.299359 -0.0147315
7.1 0.12771 2.12829e-11 0.872281 1.10731e-11 0.299036 -0.0132306
7.2 0.128532 1.71415e-11 0.87146 1.5008e-11 0.298359 -0.0116265
7.3 0.129034 1.22925e-11 0.870958 1.95468e-11 0.297309 -0.00991408
7.4 0.1292 7.79887e-12 0.870791 2.37205e-11 0.295869 -0.00809622
7.5 0.129019 4.58674e-12 0.870973 2.66924e-11 0.294025 -0.00618383
7.6 0.128483 3.18709e-12 0.871508 2.79657e-11 0.291762 -0.00419442
7.7 0.127592 3.6027e-12 0.872399 2.75005e-11 0.289071 -0.00215047
7.8 0.126352 5.34826e-12 0.873639 2.56819e-11 0.285948 -7.74293e-05
7.9 0.124776 7.64568e-12 0.875215 2.32e-11 0.282393 0.0019985
8 0.122883 9.69875e-12 0.877108 2.07957e-11 0.278412 0.00405217
8.1 0.120697 1.1011e-11 0.879294 1.8991e-11 0.274016 0.00606123
8.2 0.118246 1.14829e-11 0.881744 1.79925e-11 0.26922 0.00800726
8.3 0.115562 1.13501e-11 0.884429 1.77142e-11 0.26404 0.00987643
8.4 0.112677 1.09858e-11 0.887314 1.79092e-11 0.258498 0.0116597
8.5 0.109624 1.06685e-11 0.890366 1.83507e-11 0.252612 0.0133524
8.6 0.106436 1.04316e-11 0.893554 1.8962e-11 0.246405 0.0149535
8.7 0.103145 1.00537e-11 0.896845 1.98529e-11 0.239896 0.0164645
8.8 0.0997801 9.1927e-12 0.90021 2.1237e-11 0.233105 0.0178884
8.9 0.0963691 7.59488e-12 0.903621 2.32812e-11 0.226051 0.0192281
9 0.0929378 5.26713e-12 0.907052 2.597e-11 0.218751 0.0204854
9.1 0.08951 2.52386e-12 0.91048 2.90483e-11 0.211222 0.0216601
9.2 0.0861077 -1.11419e-13 0.913882 3.20687e-11 0.203484 0.0227494
9.3 0.0827515 -2.099e-12 0.917238 3.45249e-11 0.195555 0.0237471
9.4 0.0794604 -3.07495e-12 0.920529 3.59983e-11 0.187455 0.0246443
9.5 0.076252 -2.97528e-12 0.923738 3.63026e-11 0.179208 0.0254287
9.6 0.0731428 -2.03425e-12 0.926847 3.55233e-11 0.170841 0.0260859
9.7 0.0701478 -6.6793e-13 0.929842 3.39488e-11 0.162384 0.0265996
9.8 0.0672807 7.02005e-13 0.932709 3.19311e-11 0.153872 0.026953
9.9 0.0645532 1.79769e-12 0.935436 2.97595e-11 0.145341 0.0271295
10 0.0619754 2.54527e-12 0.938014 2.76033e-11 0.136834 0.0271139
10.1 0.0595553 3.03733e-12 0.940434 2.55124e-11 0.128396 0.0268936
10.2 0.0572984 3.42953e-12 0.942691 2.35299e-11 0.120074 0.0264595
10.3 0.0552081 3.81896e-12 0.944781 2.20627e-11 0.111916 0.025807
10.4 0.053285 4.24648e-12 0.946704 2.09994e-11 0.103972 0.0249363
10.5 0.0515274 4.65959e-12 0.948462 2.05283e-11 0.0962908 0.0238538
10.6 0.0499311 5.01652e-12 0.950058 2.01239e-11 0.0889173 0.0225714
10.7 0.0484898 5.26353e-12 0.951499 1.98083e-11 0.0818945 0.0211074
10.8 0.0471951 5.37382e-12 0.952794 1.95753e-11 0.07526 0.0194854
10.9 0.0460371 5.33669e-12 0.953952 1.94214e-11 0.0690454 0.0177348
11 0.0450046 5.15096e-12 0.954985 1.93711e-11 0.0632749 0.0158887
11.1 0.0440854 4.82541e-12 0.955904 1.94683e-11 0.0579646 0.0139842
11.2 0.0432669 4.38869e-12 0.956722 1.97386e-11 0.0531219 0.01206
11.3 0.0425365 3.87055e-12 0.957453 2.01782e-11 0.0487452 0.0101556
11.4 0.0418817 3.28673e-12 0.958107 2.07587e-11 0.044824 0.00830955
11.5 0.0412906 2.63063e-12 0.958698 2.14484e-11 0.0413391 0.00655807
11.6 0.0407524 1.87911e-12 0.959237 2.22273e-11 0.0382637 0.00493354
11.7 0.0402571 1.01547e-12 0.959732 2.30844e-11 0.0355642 0.00346325
11.8 0.0397959 5.3185e-14 0.960193 2.40011e-11 0.0332014 0.0021683
11.9 0.0393612 -9.52201e-13 0.960628 2.4931e-11 0.0311325 0.00106281
12 0.0389468 -1.92136e-12 0.961042 2.58109e-11 0.0293124 0.000153398
12.1 0.0385475 -2.78179e-12 0.961441 2.65846e-11 0.0276953 -0.00056092
12.2 0.0381594 -3.48255e-12 0.96183 2.72149e-11 0.0262371 -0.00108855
12.3 0.0377795 -3.99741e-12 0.962209 2.76836e-11 0.0248963 -0.00144474
12.4 0.0374055 -4.32404e-12 0.962583 2.79887e-11 0.0236361 -0.00165068
12.5 0.0370361 -4.47123e-12 0.962953 2.81316e-11 0.0224251 -0.00173237
12.6 0.0366703 -4.45374e-12 0.963319 2.81183e-11 0.0212383 -0.00171924
12.7 0.0363076 -4.29227e-12 0.963681 2.79645e-11 0.020058 -0.00164266
12.8 0.0359479 -4.0119e-12 0.964041 2.7695e-11 0.0188736 -0.00153439
12.9 0.0355913 -3.6486e-12 0.964398 2.73478e-11 0.0176816 -0.00142506
13 0.0352377 -3.24034e-12 0.964751 2.69653e-11 0.0164854 -0.00134273
13.1 0.0348875 -2.82304e-12 0.965101 2.65866e-11 0.0152942 -0.00131162
13.2 0.0345407 -2.42677e-12 0.965448 2.62441e-11 0.0141219 -0.00135097
13.3 0.0341976 -2.07862e-12 0.965791 2.59654e-11 0.0129863 -0.0014743
13.4 0.0338582 -1.80309e-12 0.966131 2.57748e-11 0.0119075 -0.0016888
13.5 0.0335225 -1.61353e-12 0.966466 2.57535e-11 0.0109062 -0.00199521
13.6 0.0331906 -1.49865e-12 0.966798 2.58054e-11 0.0100025 -0.0023879
13.7 0.0328623 -1.4376e-12 0.967127 2.58971e-11 0.00921458 -0.00285533
13.8 0.0325376 -1.40943e-12 0.967451 2.5997e-11 0.0085571 -0.00338085
13.9 0.0322164 -1.40236e-12 0.967773 2.60861e-11 0.00804044 -0.00394371
14 0.0318984 -1.40803e-12 0.968091 2.61549e-11 0.00766984 -0.00452025
14.1 0.0315837 -1.42051e-12 0.968405 2.62011e-11 0.00744486 -0.00508533
14.2 0.0312721 -1.43842e-12 0.968717 2.62266e-11 0.00735928 -0.00561369
14.3 0.0309634 -1.4589e-12 0.969026 2.623e-11 0.00740131 -0.00608134
14.4 0.0306577 -1.48075e-12 0.969331 2.62093e-11 0.00755389 -0.00646691
14.5 0.0303547 -1.50193e-12 0.969634 2.61599e-11 0.00779559 -0.00675287
14.6 0.0300545 -1.52021e-12 0.969934 2.60789e-11 0.00810152 -0.00692651
14.7 0.0297571 -1.53415e-12 0.970232 2.59693e-11 0.00844466 -0.00698061
14.8 0.0294624 -1.54294e-12 0.970527 2.584e-11 0.00879716 -0.00691384
14.9 0.0291703 -1.54641e-12 0.970819 2.57038e-11 0.0091317 -0.00673079
15 0.028881 -1.5447e-12 0.971108 2.55734e-11 0.00942283 -0.00644172
15.1 0.0285943 -1.53829e-12 0.971394 2.54567e-11 0.00964824 -0.00606205
15.2 0.0283104 -1.52802e-12 0.971678 2.53544e-11 0.00978976 -0.00561138
15.3 0.0280291 -1.51493e-12 0.97196 2.52649e-11 0.00983416 -0.00511247
15.4 0.0277505 -1.49997e-12 0.972238 2.51859e-11 0.00977371 -0.00459017
15.5 0.0274746 -1.48399e-12 0.972514 2.51154e-11 0.00960649 -0.00407015
15.6 0.0272014 -1.4676e-12 0.972788 2.50536e-11 0.00933641 -0.00357751
15.7 0.0269308 -1.45136e-12 0.973058 2.50018e-11 0.00897286 -0.00313555
15.8 0.0266629 -1.43559e-12 0.973326 2.49602e-11 0.00853022 -0.00276464
15.9 0.0263977 -1.42031e-12 0.973591 2.49269e-11 0.00802703 -0.0024812
16 0.026135 -1.40534e-12 0.973854 2.48997e-11 0.00748498 -0.00229682
16.1 0.025875 -1.39031e-12 0.974114 2.4874e-11 0.00692767 -0.00221766
16.2 0.0256176 -1.37489e-12 0.974371 2.48452e-11 0.00637931 -0.00224432
16.3 0.0253627 -1.35882e-12 0.974626 2.4808e-11 0.00586348 -0.00237182
16.4 0.0251104 -1.34206e-12 0.974879 2.47618e-11 0.00540187 -0.00259004
16.5 0.0248605 -1.32492e-12 0.975128 2.4714e-11 0.00501321 -0.00288419
16.6 0.0246132 -1.30784e-12 0.975376 2.46768e-11 0.00471231 -0.00323573
16.7 0.0243683 -1.29132e-12 0.975621 2.46631e-11 0.00450937 -0.00362333
16.8 0.0241258 -1.2757e-12 0.975863 2.46804e-11 0.00440955 -0.00402399
16.9 0.0238858 -1.26104e-12 0.976103 2.47249e-11 0.00441268 -0.00441415
17 0.0236481 -1.24717e-12 0.976341 2.47846e-11 0.00451321 -0.00477093
17.1 0.0234128 -1.23385e-12 0.976576 2.48463e-11 0.00470058 -0.00507342
17.2 0.0231799 -1.22114e-12 0.976809 2.49094e-11 0.00495982 -0.00530369
17.3 0.0229493 -1.20952e-12 0.97704 2.49905e-11 0.00527229 -0.00544779
17.4 0.0227209 -1.19963e-12 0.977268 2.51155e-11 0.00561674 -0.00549646
17.5 0.0224948 -1.19194e-12 0.977494 2.53027e-11 0.00597043 -0.00544555
17.6 0.022271 -1.18642e-12 0.977718 2.55541e-11 0.0063105 -0.00529624
17.7 0.0220494 -1.17475e-12 0.977939 2.5528e-11 0.00661521 -0.00505493
17.8 0.02183 -1.16368e-12 0.978159 2.55016e-11 0.00686468 -0.00473255
17.9 0.0216128 -1.15324e-12 0.978376 2.54808e-11 0.00704234 -0.00434425
18 0.0213978 -1.14329e-12 0.978591 2.5464e-11 0.00713553 -0.00390842
18.1 0.0211849 -1.13366e-12 0.978804 2.54493e-11 0.00713608 -0.0034457
18.2 0.0209741 -1.12418e-12 0.979015 2.54352e-11 0.00704073 -0.00297798
18.3 0.0207654 -1.11465e-12 0.979224 2.54203e-11 0.00685122 -0.00252723
18.4 0.0205587 -1.10495e-12 0.97943 2.54037e-11 0.00657421 -0.00211442
18.5 0.0203542 -1.09498e-12 0.979635 2.53859e-11 0.00622098 -0.00175834
18.6 0.0201517 -1.08473e-12 0.979837 2.53672e-11 0.00580669 -0.00147461
18.7 0.0199511 -1.07424e-12 0.980038 2.53482e-11 0.00534958 -0.00127495
18.8 0.0197526 -1.06359e-12 0.980236 2.53296e-11 0.00486995 -0.00116647
18.9 0.0195561 -1.05282e-12 0.980433 2.53114e-11 0.00438905 -0.00115146
19 0.0193615 -1.04206e-12 0.980627 2.5295e-11 0.00392792 -0.00122722
19.1 0.0191688 -1.03134e-12 0.98082 2.52801e-11 0.00350641 -0.00138666
19.2 0.0189781 -1.02065e-12 0.981011 2.52651e-11 0.00314199 -0.00161835
19.3 0.0187893 -1.01012e-12 0.9812 2.5248e-11 0.00284922 -0.0019073
19.4 0.0186023 -9.99769e-13 0.981387 2.52293e-11 0.00263863 -0.00223573
19.5 0.0184172 -9.89754e-13 0.981572 2.5215e-11 0.00251622 -0.00258427
19.6 0.018234 -9.79964e-13 0.981755 2.52053e-11 0.00248385 -0.00293263
19.7 0.0180525 -9.70264e-13 0.981936 2.51955e-11 0.0025389 -0.00326046
19.8 0.0178729 -9.60566e-13 0.982116 2.51861e-11 0.00267416 -0.00354784
19.9 0.0176951 -9.51008e-13 0.982294 2.51765e-11 0.00287754 -0.00377787
20 0.017519 -9.41545e-13 0.98247 2.51671e-11 0.00313333 -0.00393877
