0 0 0 1 0 0 0
0.1 1.71712e-07 1.73871e-14 0.999993 8.014e-08 4.8268e-05 -0.000411297
0.2 7.90902e-07 7.17461e-14 0.999992 7.51162e-08 0.000195346 -0.000866381
0.3 2.03637e-06 1.67063e-13 0.99999 6.96361e-08 0.000448965 -0.00135113
0.4 4.11704e-06 3.16195e-13 0.999987 5.90265e-08 0.000813453 -0.00185136
0.5 7.2712e-06 5.10837e-13 0.999984 4.41962e-08 0.00128984 -0.00235371
0.6 1.17653e-05 6.58848e-13 0.999978 3.10412e-08 0.00187616 -0.00284654
0.7 1.78933e-05 7.23372e-13 0.999972 1.54568e-08 0.00256796 -0.00332068
0.8 2.59769e-05 7.29224e-13 0.999963 -2.83571e-09 0.00335893 -0.00377007
0.9 3.63693e-05 7.42549e-13 0.999953 -2.27659e-08 0.00424173 -0.0041922
1 4.94627e-05 1.05653e-12 0.999939 -4.61018e-08 0.0052088 -0.00458844
1.1 6.5702e-05 2.20692e-12 0.999922 -7.49507e-08 0.00625329 -0.00496409
1.2 8.56077e-05 4.93534e-12 0.999902 -1.12003e-07 0.00736997 -0.0053282
1.3 0.000109808 8.01777e-12 0.999877 -1.44724e-07 0.00855601 -0.00569329
1.4 0.000139086 1.06219e-11 0.999848 -1.78326e-07 0.00981172 -0.00607477
1.5 0.000174434 1.01798e-11 0.999812 -2.00409e-07 0.0111411 -0.0064903
1.6 0.000217134 2.45995e-12 0.999769 -1.98259e-07 0.0125524 -0.00695897
1.7 0.000268842 -1.78372e-11 0.999718 -1.63705e-07 0.0140579 -0.00750043
1.8 0.000331694 -3.7648e-11 0.999655 -1.44595e-07 0.0156745 -0.00813397
1.9 0.000408418 -5.98341e-11 0.999579 -1.19774e-07 0.0174229 -0.00887763
2 0.000502468 -7.66671e-11 0.999485 -9.62361e-08 0.0193276 -0.00974734
2.1 0.000618143 -8.81202e-11 0.999369 -7.2062e-08 0.0214162 -0.0107562
2.2 0.000760729 -8.78994e-11 0.999226 -5.20545e-08 0.0237183 -0.0119138
2.3 0.000936611 -6.73312e-11 0.99905 -3.26679e-08 0.0262651 -0.0132259
2.4 0.00115339 -1.89227e-11 0.998833 -1.57562e-08 0.0290883 -0.0146938
2.5 0.00141998 9.61638e-11 0.998567 3.65301e-09 0.0322186 -0.0163148
2.6 0.00174663 2.90494e-10 0.99824 1.85878e-08 0.0356854 -0.0180814
2.7 0.00214501 5.85467e-10 0.997842 3.55699e-08 0.0395153 -0.0199825
2.8 0.00262812 9.39202e-10 0.997359 5.97679e-08 0.0437315 -0.0220029
2.9 0.0032103 1.3353e-09 0.996777 8.43137e-08 0.0483526 -0.0241243
3 0.00390704 1.79069e-09 0.99608 1.00461e-07 0.0533925 -0.026326
3.1 0.00473489 2.38623e-09 0.995252 1.12023e-07 0.0588593 -0.0285849
3.2 0.0057112 3.27853e-09 0.994276 1.17857e-07 0.0647554 -0.0308766
3.3 0.00685387 4.55299e-09 0.993134 1.16522e-07 0.071077 -0.0331762
3.4 0.00818104 6.27908e-09 0.991806 1.08651e-07 0.0778141 -0.0354582
3.5 0.00971076 8.45254e-09 0.990277 9.77435e-08 0.0849508 -0.0376978
3.6 0.0114606 1.12512e-08 0.988527 8.57455e-08 0.0924649 -0.0398706
3.7 0.0134472 1.47685e-08 0.986541 7.16798e-08 0.100329 -0.0419536
3.8 0.015686 1.8572e-08 0.984302 5.81484e-08 0.108509 -0.0439252
3.9 0.0181904 2.16619e-08 0.981798 4.9006e-08 0.116968 -0.045765
4 0.020972 2.34264e-08 0.979017 4.87577e-08 0.125663 -0.0474545
4.1 0.0240393 2.32254e-08 0.97595 5.45568e-08 0.134548 -0.048977
4.2 0.0273981 2.08626e-08 0.972591 6.67171e-08 0.143573 -0.0503174
4.3 0.0310503 1.56671e-08 0.968939 8.38591e-08 0.152684 -0.0514625
4.4 0.0349943 7.51753e-09 0.964995 8.71068e-08 0.161827 -0.0524009
4.5 0.039224 -1.01523e-09 0.960765 8.18509e-08 0.170943 -0.0531233
4.6 0.043729 -7.39647e-09 0.956259 7.49974e-08 0.179974 -0.053623
4.7 0.0484944 -6.64797e-09 0.951494 5.77942e-08 0.188861 -0.0538955
4.8 0.0535005 3.45216e-09 0.946488 3.20026e-08 0.197545 -0.0539396
4.9 0.0587233 2.60528e-08 0.941264 8.96899e-09 0.205968 -0.0537573
5 0.0641348 5.54359e-08 0.935853 9.36461e-09 0.214074 -0.0533544
5.1 0.0697033 7.93638e-08 0.930284 3.20444e-08 0.22181 -0.0527404
5.2 0.0753942 8.57577e-08 0.924592 7.15184e-08 0.229129 -0.0519289
5.3 0.0811708 6.77506e-08 0.918815 1.07323e-07 0.235987 -0.0509381
5.4 0.0869953 2.70821e-08 0.912991 1.3674e-07 0.242347 -0.04979
5.5 0.09283 -1.75347e-08 0.907156 1.67506e-07 0.248182 -0.0485099
5.6 0.0986384 -6.23133e-08 0.901347 1.87723e-07 0.25347 -0.0471253
5.7 0.104386 -1.00254e-07 0.895599 2.19931e-07 0.258199 -0.0456648
5.8 0.110041 -1.2637e-07 0.889944 2.498e-07 0.262367 -0.0441574
5.9 0.115576 -1.36773e-07 0.884409 2.47987e-07 0.265977 -0.0426309
6 0.120967 -1.20182e-07 0.879018 2.24881e-07 0.269044 -0.0411098
6.1 0.126193 -6.49682e-08 0.873791 1.68142e-07 0.271589 -0.0396138
6.2 0.131239 1.5488e-08 0.868745 9.29267e-08 0.273636 -0.0381567
6.3 0.136091 1.04569e-07 0.863893 -3.36933e-09 0.275216 -0.0367458
6.4 0.140737 1.94371e-07 0.859246 -1.2138e-07 0.27636 -0.0353812
6.5 0.145167 2.7497e-07 0.854816 -1.89036e-07 0.2771 -0.0340563
6.6 0.149371 3.46351e-07 0.850612 -2.39264e-07 0.277464 -0.0327579
6.7 0.153336 3.83929e-07 0.846646 -2.81264e-07 0.277478 -0.031469
6.8 0.15705 4.12846e-07 0.842933 -3.32215e-07 0.277162 -0.030169
6.9 0.160496 4.48747e-07 0.839486 -3.99256e-07 0.276533 -0.0288366
7 0.163658 4.84253e-07 0.836324 -4.85845e-07 0.275598 -0.0274513
7.1 0.166517 5.11098e-07 0.833465 -5.34184e-07 0.27436 -0.0259962
7.2 0.169053 5.15503e-07 0.830929 -5.37793e-07 0.272818 -0.024459
7.3 0.171249 4.83204e-07 0.828733 -4.79133e-07 0.270965 -0.0228349
7.4 0.173088 4.04375e-07 0.826893 -3.85719e-07 0.268791 -0.0211262
7.5 0.174559 2.93305e-07 0.825422 -2.7151e-07 0.266285 -0.0193426
7.6 0.175654 1.66184e-07 0.824327 -1.59958e-07 0.263439 -0.0174999
7.7 0.176371 4.17852e-08 0.823609 -7.05541e-08 0.260246 -0.0156197
7.8 0.176717 -6.49357e-08 0.823264 -1.40238e-08 0.256701 -0.0137265
7.9 0.176702 -1.43244e-07 0.823279 8.87326e-09 0.252804 -0.011847
8 0.176344 -1.8877e-07 0.823636 3.79456e-09 0.24856 -0.0100068
8.1 0.175666 -2.01585e-07 0.824314 -2.48704e-08 0.243979 -0.0082299
8.2 0.174696 -1.87123e-07 0.825283 -7.43526e-08 0.239073 -0.0065359
8.3 0.173464 -1.53216e-07 0.826515 -1.44341e-07 0.233858 -0.00494087
8.4 0.172001 -8.5107e-08 0.827977 -1.52919e-07 0.228354 -0.00345571
8.5 0.170341 -3.72754e-09 0.829638 -1.50568e-07 0.22258 -0.00208622
8.6 0.168514 8.83265e-08 0.831464 -1.36696e-07 0.216559 -0.000833133
8.7 0.166552 1.53772e-07 0.833426 -1.89731e-07 0.21031 0.000306037
8.8 0.164482 2.28666e-07 0.835496 -2.46701e-07 0.203855 0.00133693
8.9 0.16233 3.0806e-07 0.837647 -3.24073e-07 0.197212 0.00226605
9 0.160118 3.82349e-07 0.839858 -4.15556e-07 0.190403 0.00310068
9.1 0.157868 4.51348e-07 0.842108 -5.11014e-07 0.183444 0.00384812
9.2 0.155598 5.10548e-07 0.844379 -5.8018e-07 0.176354 0.00451473
9.3 0.153322 5.45167e-07 0.846654 -6.3148e-07 0.169151 0.00510464
9.4 0.151055 5.58029e-07 0.84892 -6.66151e-07 0.161852 0.00561989
9.5 0.148809 5.48344e-07 0.851166 -6.79656e-07 0.154475 0.00605953
9.6 0.146595 5.12867e-07 0.853379 -6.65453e-07 0.147042 0.00642063
9.7 0.144423 4.49278e-07 0.855552 -6.22577e-07 0.139574 0.006698
9.8 0.1423 3.57702e-07 0.857675 -5.57625e-07 0.132095 0.00688461
9.9 0.140233 2.51326e-07 0.859741 -4.77226e-07 0.124633 0.00697262
10 0.13823 1.39111e-07 0.861744 -3.89268e-07 0.117218 0.00695485
10.1 0.136295 1.65568e-08 0.863678 -2.92037e-07 0.109881 0.00682473
10.2 0.134432 -1.2299e-07 0.865541 -1.88699e-07 0.102657 0.00657738
10.3 0.132643 -2.71677e-07 0.86733 -8.21492e-08 0.0955791 0.0062101
10.4 0.13093 -4.10973e-07 0.869043 3.31195e-08 0.0886834 0.00572367
10.5 0.129291 -5.22465e-07 0.870681 1.45042e-07 0.0820036 0.00512212
10.6 0.127727 -5.98331e-07 0.872245 2.2403e-07 0.0755731 0.00441337
10.7 0.126233 -6.41329e-07 0.873739 2.7807e-07 0.0694219 0.00360872
10.8 0.124807 -6.63856e-07 0.875165 3.03304e-07 0.0635773 0.0027234
10.9 0.123443 -6.72064e-07 0.876529 3.06997e-07 0.0580616 0.0017753
11 0.122135 -6.7474e-07 0.877836 2.97809e-07 0.0528933 0.000785502
11.1 0.120879 -6.74609e-07 0.879092 2.90677e-07 0.0480842 -0.000223017
11.2 0.119667 -6.82589e-07 0.880304 2.85169e-07 0.0436422 -0.00122517
11.3 0.118494 -6.91998e-07 0.881477 2.78727e-07 0.0395679 -0.00219514
11.4 0.117353 -7.01442e-07 0.882618 2.39124e-07 0.035856 -0.0031066
11.5 0.116238 -7.05345e-07 0.883733 2.09571e-07 0.0324933 -0.00393525
11.6 0.115145 -7.04138e-07 0.884826 2.03672e-07 0.0294624 -0.00466012
11.7 0.114069 -6.98416e-07 0.885903 1.9733e-07 0.0267399 -0.00526275
11.8 0.113005 -6.8811e-07 0.886967 1.85042e-07 0.0242986 -0.00572911
11.9 0.11195 -6.69379e-07 0.888021 1.77711e-07 0.0221073 -0.00604976
12 0.110903 -6.44336e-07 0.889069 1.82943e-07 0.0201335 -0.00622136
12.1 0.109861 -6.16921e-07 0.890111 2.02229e-07 0.0183439 -0.00624587
12.2 0.108822 -5.91362e-07 0.891149 2.32378e-07 0.016706 -0.00613084
12.3 0.107788 -5.77857e-07 0.892184 2.17349e-07 0.0151886 -0.00588913
12.4 0.106756 -5.74556e-07 0.893216 1.81525e-07 0.0137647 -0.00553796
12.5 0.105728 -5.79802e-07 0.894244 1.37835e-07 0.0124108 -0.00509774
12.6 0.104703 -5.86381e-07 0.895268 1.29207e-07 0.0111083 -0.00459153
12.7 0.103683 -5.96124e-07 0.896288 1.44644e-07 0.00984349 -0.00404345
12.8 0.102669 -6.10867e-07 0.897302 1.63325e-07 0.00860861 -0.00347822
12.9 0.10166 -6.2802e-07 0.898311 1.88662e-07 0.00740098 -0.00291915
13 0.100658 -6.45314e-07 0.899313 2.15807e-07 0.00622263 -0.00238746
13.1 0.0996631 -6.61643e-07 0.900308 2.36304e-07 0.00507941 -0.00190142
13.2 0.0986763 -6.76227e-07 0.901294 2.45466e-07 0.00398067 -0.00147566
13.3 0.0976979 -6.88324e-07 0.902273 2.38825e-07 0.00293819 -0.00112042
13.4 0.0967281 -6.99476e-07 0.903242 2.44972e-07 0.00196563 -0.000841668
13.5 0.0957673 -7.07671e-07 0.904203 2.48398e-07 0.00107719 -0.000640193
13.6 0.0948157 -7.12389e-07 0.905155 2.525e-07 0.000286474 -0.000511806
13.7 0.0938732 -7.13279e-07 0.906097 2.4782e-07 -0.000394927 -0.000447548
13.8 0.0929399 -7.11057e-07 0.907031 2.33673e-07 -0.000958546 -0.000435097
13.9 0.0920159 -7.04951e-07 0.907955 2.1841e-07 -0.00139937 -0.000459538
14 0.091101 -6.96762e-07 0.90887 2.06412e-07 -0.00171597 -0.000504304
14.1 0.0901951 -6.86483e-07 0.909776 1.85818e-07 -0.00191088 -0.000551642
14.2 0.0892982 -6.76185e-07 0.910673 1.64589e-07 -0.00199143 -0.000583852
14.3 0.0884101 -6.66523e-07 0.911561 1.38377e-07 -0.00196881 -0.000584883
14.4 0.0875308 -6.56198e-07 0.91244 1.36499e-07 -0.00185787 -0.0005412
14.5 0.0866602 -6.45925e-07 0.913311 1.39833e-07 -0.00167624 -0.00044239
14.6 0.0857981 -6.36396e-07 0.914173 1.46372e-07 -0.00144326 -0.00028205
14.7 0.0849445 -6.28462e-07 0.915026 1.46269e-07 -0.00117916 -5.73579e-05
14.8 0.0840994 -6.22546e-07 0.915871 1.49606e-07 -0.00090434 0.000230278
14.9 0.0832626 -6.17189e-07 0.916708 1.52894e-07 -0.000637965 0.000575763
15 0.082434 -6.11045e-07 0.917537 1.47791e-07 -0.000397752 0.000970533
15.1 0.0816137 -6.04217e-07 0.918357 1.47023e-07 -0.000199045 0.0014027
15.2 0.0808014 -5.9717e-07 0.91917 1.50358e-07 -5.41052e-05 0.00185757
15.3 0.0799973 -5.89881e-07 0.919974 1.57126e-07 2.86425e-05 0.00231816
15.4 0.0792011 -5.82923e-07 0.92077 1.63262e-07 4.50197e-05 0.0027663
15.5 0.0784129 -5.76336e-07 0.921558 1.6333e-07 -4.54446e-06 0.00318399
15.6 0.0776325 -5.70255e-07 0.922339 1.60301e-07 -0.000115499 0.00355429
15.7 0.0768599 -5.64556e-07 0.923111 1.54005e-07 -0.000279337 0.00386234
15.8 0.076095 -5.59204e-07 0.923876 1.47883e-07 -0.000484649 0.00409578
15.9 0.0753377 -5.53951e-07 0.924633 1.43573e-07 -0.000717174 0.0042463
16 0.074588 -5.48673e-07 0.925383 1.40575e-07 -0.000961451 0.00430859
16.1 0.0738457 -5.43211e-07 0.926125 1.40051e-07 -0.00120093 0.00428133
16.2 0.0731109 -5.38013e-07 0.92686 1.38409e-07 -0.00141922 0.00416742
16.3 0.0723834 -5.32907e-07 0.927588 1.36487e-07 -0.00160068 0.00397348
16.4 0.0716631 -5.27805e-07 0.928308 1.34705e-07 -0.00173162 0.00371005
16.5 0.07095 -5.22634e-07 0.929021 1.32346e-07 -0.0018011 0.00339084
16.6 0.070244 -5.17377e-07 0.929727 1.29538e-07 -0.00180181 0.00303189
16.7 0.0695451 -5.12125e-07 0.930426 1.26498e-07 -0.00173011 0.0026502
16.8 0.0688531 -5.06915e-07 0.931118 1.2304e-07 -0.00158627 0.00226326
16.9 0.068168 -5.01739e-07 0.931803 1.19294e-07 -0.00137414 0.00188769
17 0.0674897 -4.96591e-07 0.932482 1.14428e-07 -0.00110091 0.00153903
17.1 0.0668182 -4.91677e-07 0.933153 1.06885e-07 -0.000776613 0.00123098
17.2 0.0661533 -4.87113e-07 0.933818 9.60226e-08 -0.000414019 0.000975002
17.3 0.0654951 -4.82672e-07 0.934476 8.53796e-08 -2.80318e-05 0.000779616
17.4 0.0648434 -4.78201e-07 0.935128 7.82975e-08 0.000364441 0.000649759
17.5 0.0641982 -4.73675e-07 0.935773 7.25484e-08 0.00074591 0.000586283
17.6 0.0635594 -4.69086e-07 0.936412 6.77061e-08 0.00109948 0.000585631
17.7 0.062927 -4.64465e-07 0.937044 6.3407e-08 0.00141002 0.000640535
17.8 0.0623008 -4.59889e-07 0.93767 5.90743e-08 0.00166475 0.000740322
17.9 0.0616809 -4.55196e-07 0.93829 5.26236e-08 0.00185412 0.000871635
18 0.0610672 -4.50698e-07 0.938904 4.77197e-08 0.00197245 0.00101935
18.1 0.0604596 -4.46299e-07 0.939512 4.32568e-08 0.0020181 0.00116814
18.2 0.059858 -4.41894e-07 0.940113 3.89269e-08 0.00199289 0.0013029
18.3 0.0592624 -4.37474e-07 0.940709 3.38547e-08 0.00190225 0.00140961
18.4 0.0586727 -4.33084e-07 0.941299 2.86784e-08 0.00175466 0.00147629
18.5 0.0580889 -4.28725e-07 0.941883 2.34036e-08 0.00156089 0.00149308
18.6 0.0575109 -4.24397e-07 0.942461 1.79832e-08 0.00133384 0.00145257
18.7 0.0569387 -4.19997e-07 0.943033 1.03979e-08 0.00108819 0.00135072
18.8 0.0563721 -4.15612e-07 0.943599 2.62575e-09 0.000839096 0.00118655
18.9 0.0558112 -4.11443e-07 0.94416 -2.10438e-09 0.000602093 0.000963193
19 0.0552559 -4.07352e-07 0.944716 -6.19123e-09 0.000391422 0.000687016
19.1 0.0547061 -4.03297e-07 0.945265 -1.02356e-08 0.000219308 0.000367609
19.2 0.0541618 -3.99279e-07 0.94581 -1.4258e-08 9.55054e-05 1.70142e-05
19.3 0.0536228 -3.95305e-07 0.946349 -1.82252e-08 2.60843e-05 -0.000350908
19.4 0.0530893 -3.91372e-07 0.946882 -2.21555e-08 1.42118e-05 -0.000722132
19.5 0.052561 -3.87479e-07 0.94741 -2.6049e-08 6.0358e-05 -0.00108135
19.6 0.052038 -3.83622e-07 0.947933 -2.99058e-08 0.000161438 -0.00141377
19.7 0.0515203 -3.79804e-07 0.948451 -3.37238e-08 0.00031072 -0.00170609
19.8 0.0510076 -3.76023e-07 0.948964 -3.75058e-08 0.000498429 -0.00194737
19.9 0.0505001 -3.72281e-07 0.949472 -4.12473e-08 0.000712705 -0.00212968
20 0.0499976 -3.68577e-07 0.949974 -4.49516e-08 0.000940354 -0.00224817
