0 0 0 1 0 0 0
0.1 1.71711e-07 2.28238e-15 0.99999 -1.05989e-08 4.82618e-05 -0.000411095
0.2 7.9071e-07 8.87704e-16 0.99999 -1.43492e-08 0.000195204 -0.000865369
0.3 2.03507e-06 -2.99254e-14 0.999988 -1.0745e-08 0.00044826 -0.00134831
0.4 4.11222e-06 -1.26612e-13 0.999986 -2.37941e-09 0.000811297 -0.0018454
0.5 7.25789e-06 -3.1802e-13 0.999982 7.56421e-09 0.00128474 -0.0023431
0.6 1.17348e-05 -6.00981e-13 0.999978 1.61617e-08 0.00186593 -0.00282975
0.7 1.7832e-05 -9.15886e-13 0.999971 2.10334e-08 0.00254964 -0.00329636
0.8 2.58654e-05 -1.14012e-12 0.999963 2.07479e-08 0.00332882 -0.00373727
0.9 3.61818e-05 -1.12758e-12 0.999952 1.53924e-08 0.00419544 -0.00415059
1 4.91678e-05 -7.81045e-13 0.999939 6.27008e-09 0.00514141 -0.00453851
1.1 6.52648e-05 -1.54602e-13 0.999922 -4.41388e-09 0.00615953 -0.00490726
1.2 8.49939e-05 4.52068e-13 0.999902 -1.41365e-08 0.00724442 -0.00526698
1.3 0.000108991 4.68891e-13 0.999878 -2.07395e-08 0.0083934 -0.00563123
1.4 0.000138056 -8.53121e-13 0.999848 -2.30776e-08 0.00960718 -0.00601647
1.5 0.000173213 -4.20431e-12 0.999813 -2.14624e-08 0.0108905 -0.00644125
1.6 0.000215791 -1.00339e-11 0.99977 -1.69989e-08 0.0122522 -0.00692531
1.7 0.000267512 -1.83498e-11 0.999718 -1.12478e-08 0.0137059 -0.00748872
1.8 0.000330605 -2.90879e-11 0.999655 -4.41138e-09 0.0152693 -0.00815089
1.9 0.000407914 -4.15079e-11 0.999578 2.17536e-09 0.0169645 -0.00892965
2 0.000503032 -5.34433e-11 0.999482 7.14188e-09 0.0188167 -0.00984036
2.1 0.000620431 -6.22828e-11 0.999365 9.57e-09 0.0208543 -0.0108952
2.2 0.000765583 -6.46771e-11 0.999219 8.37609e-09 0.0231076 -0.0121028
2.3 0.000945087 -5.86657e-11 0.999039 4.79217e-09 0.0256079 -0.0134673
2.4 0.00116677 -4.53047e-11 0.998817 4.18717e-10 0.0283865 -0.0149887
2.5 0.00143977 -2.85899e-11 0.998544 -2.23102e-09 0.0314737 -0.0166626
2.6 0.00177457 -1.87028e-11 0.998209 1.84564e-10 0.0348976 -0.0184804
2.7 0.00218307 -8.76729e-12 0.9978 1.1741e-09 0.0386833 -0.0204296
2.8 0.00267848 -6.05715e-12 0.997305 3.05739e-09 0.0428521 -0.0224942
2.9 0.00327535 -1.33551e-11 0.996708 5.1927e-09 0.0474205 -0.0246556
3 0.00398937 -1.81719e-11 0.995993 2.55475e-09 0.0523999 -0.0268928
3.1 0.00483729 -3.74659e-11 0.995145 -6.69066e-10 0.0577961 -0.0291836
3.2 0.00583668 -7.88989e-11 0.994146 -2.86061e-09 0.063609 -0.0315046
3.3 0.00700571 -1.63369e-10 0.992976 -2.67748e-09 0.0698329 -0.0338326
3.4 0.00836288 -2.9963e-10 0.991619 -2.09561e-10 0.076456 -0.0361444
3.5 0.00992673 -5.00508e-10 0.990055 4.42048e-09 0.0834611 -0.0384175
3.6 0.0117154 -7.69877e-10 0.988266 9.33933e-09 0.0908254 -0.0406306
3.7 0.0137466 -1.08819e-09 0.986235 1.58061e-08 0.0985212 -0.0427637
3.8 0.0160366 -1.47665e-09 0.983945 2.42894e-08 0.106516 -0.0447978
3.9 0.0186005 -1.93653e-09 0.981381 3.56057e-08 0.114774 -0.0467153
4 0.0214515 -2.35892e-09 0.978529 4.66885e-08 0.123255 -0.0485
4.1 0.0246003 -2.66358e-09 0.97538 5.77998e-08 0.131915 -0.0501364
4.2 0.028055 -2.67048e-09 0.971925 6.67777e-08 0.140708 -0.0516099
4.3 0.0318204 -2.26545e-09 0.96816 7.2917e-08 0.149583 -0.0529069
4.4 0.0358975 -1.52002e-09 0.964082 7.5862e-08 0.15849 -0.0540146
4.5 0.0402834 -4.04449e-10 0.959696 7.61521e-08 0.167374 -0.0549209
4.6 0.0449703 1.21057e-09 0.955009 7.22985e-08 0.17618 -0.0556151
4.7 0.049946 3.51559e-09 0.950033 6.363e-08 0.184851 -0.0560875
4.8 0.0551928 7.01475e-09 0.944786 4.59322e-08 0.193329 -0.0563307
4.9 0.0606881 1.11552e-08 0.939291 2.66842e-08 0.201558 -0.0563395
5 0.0664043 1.50502e-08 0.933574 4.69368e-09 0.20948 -0.0561118
5.1 0.0723089 1.80773e-08 0.927669 -1.48507e-08 0.21704 -0.0556501
5.2 0.0783653 2.03315e-08 0.921613 -2.64222e-08 0.224188 -0.0549604
5.3 0.0845334 2.2297e-08 0.915444 -4.06208e-08 0.230874 -0.0540535
5.4 0.0907708 2.4378e-08 0.909206 -5.31168e-08 0.237056 -0.0529457
5.5 0.0970337 2.49189e-08 0.902943 -6.09386e-08 0.242698 -0.0516583
5.6 0.103278 2.14312e-08 0.896698 -6.10587e-08 0.247771 -0.050218
5.7 0.109463 1.6816e-08 0.890514 -6.46192e-08 0.252257 -0.0486547
5.8 0.115547 9.6939e-09 0.884429 -6.66859e-08 0.256144 -0.0470008
5.9 0.121496 1.14625e-09 0.878479 -6.68031e-08 0.259432 -0.0452897
6 0.127279 -7.17131e-09 0.872696 -6.64485e-08 0.262129 -0.0435548
6.1 0.132871 -1.5046e-08 0.867104 -6.91021e-08 0.264252 -0.0418267
6.2 0.138251 -2.15513e-08 0.861724 -7.24676e-08 0.265827 -0.0401314
6.3 0.143405 -2.84006e-08 0.85657 -7.68651e-08 0.266884 -0.0384881
6.4 0.148322 -3.49343e-08 0.851652 -7.99144e-08 0.267457 -0.03691
6.5 0.152994 -4.15704e-08 0.846979 -8.26829e-08 0.267584 -0.0354017
6.6 0.157418 -4.28611e-08 0.842556 -8.6804e-08 0.267299 -0.0339603
6.7 0.161587 -4.13994e-08 0.838386 -9.20126e-08 0.266636 -0.0325759
6.8 0.165497 -3.51048e-08 0.834476 -1.0016e-07 0.265624 -0.0312331
6.9 0.169142 -2.81809e-08 0.83083 -1.08123e-07 0.264287 -0.0299128
7 0.172515 -2.38538e-08 0.827457 -1.1443e-07 0.262642 -0.0285947
7.1 0.175605 -1.97153e-08 0.824367 -1.17367e-07 0.2607 -0.0272589
7.2 0.178401 -1.35263e-08 0.821571 -1.19461e-07 0.258466 -0.0258889
7.3 0.180891 -7.86459e-09 0.81908 -1.18854e-07 0.25594 -0.0244724
7.4 0.183065 -4.47329e-09 0.816906 -1.14465e-07 0.253119 -0.0230049
7.5 0.184913 5.83811e-10 0.815057 -1.14152e-07 0.249998 -0.021487
7.6 0.186429 2.74387e-09 0.813541 -1.2515e-07 0.246573 -0.0199262
7.7 0.187611 5.73394e-10 0.812359 -1.29461e-07 0.24284 -0.0183347
7.8 0.18846 -1.06446e-09 0.81151 -1.32717e-07 0.238799 -0.0167292
7.9 0.188985 -2.81788e-09 0.810985 -1.36853e-07 0.234454 -0.0151284
8 0.189196 -2.08527e-09 0.810773 -1.39202e-07 0.229812 -0.0135508
8.1 0.189112 -3.59372e-09 0.810857 -1.40083e-07 0.224885 -0.0120144
8.2 0.188751 -7.2556e-09 0.811218 -1.38745e-07 0.219689 -0.010536
8.3 0.188135 -8.72651e-09 0.811833 -1.39658e-07 0.214246 -0.00912699
8.4 0.187291 -2.07426e-08 0.812677 -1.30554e-07 0.208577 -0.00779598
8.5 0.186241 -4.19888e-08 0.813727 -1.14704e-07 0.20271 -0.00654587
8.6 0.185011 -6.10235e-08 0.814956 -9.58365e-08 0.196668 -0.00537472
8.7 0.183624 -7.36922e-08 0.816343 -7.65979e-08 0.190476 -0.00427727
8.8 0.182101 -7.23882e-08 0.817866 -8.06847e-08 0.184159 -0.0032464
8.9 0.180462 -6.31728e-08 0.819505 -9.0998e-08 0.17774 -0.0022723
9 0.178724 -5.13739e-08 0.821242 -1.01784e-07 0.171239 -0.00134428
9.1 0.176903 -3.69363e-08 0.823064 -1.14641e-07 0.164672 -0.000452532
9.2 0.175011 -2.71877e-08 0.824955 -1.21706e-07 0.158057 0.000411229
9.3 0.173062 -2.43793e-08 0.826904 -1.21983e-07 0.151408 0.00125242
9.4 0.171066 -2.30238e-08 0.828899 -1.2146e-07 0.144738 0.00207365
9.5 0.169034 -2.28572e-08 0.830931 -1.19229e-07 0.13806 0.00287513
9.6 0.166975 -2.66457e-08 0.83299 -1.11419e-07 0.131383 0.00365274
9.7 0.1649 -3.80078e-08 0.835065 -9.09175e-08 0.124721 0.00439944
9.8 0.162816 -5.48338e-08 0.837148 -5.75163e-08 0.118088 0.00510425
9.9 0.160734 -6.09628e-08 0.83923 -4.76225e-08 0.111502 0.0057551
10 0.158663 -5.87498e-08 0.841301 -4.99488e-08 0.104979 0.00633917
10.1 0.15661 -4.82976e-08 0.843353 -7.19022e-08 0.0985404 0.00684419
10.2 0.154585 -4.62672e-08 0.845378 -7.76794e-08 0.0922083 0.00725679
10.3 0.152595 -4.73539e-08 0.847369 -8.06624e-08 0.0860072 0.00756581
10.4 0.150645 -4.01387e-08 0.849318 -9.60094e-08 0.079962 0.00776261
10.5 0.148741 -2.76461e-08 0.851222 -1.15154e-07 0.074098 0.00784228
10.6 0.146887 -2.20567e-08 0.853076 -1.25971e-07 0.0684407 0.00780158
10.7 0.145085 -2.47405e-08 0.854877 -1.2671e-07 0.0630159 0.00764215
10.8 0.143337 -2.64668e-08 0.856625 -1.28147e-07 0.0578471 0.00736937
10.9 0.141644 -2.74394e-08 0.858318 -1.24067e-07 0.0529558 0.00699334
11 0.140004 -2.98331e-08 0.859958 -1.10852e-07 0.0483593 0.00652843
11.1 0.138414 -3.20828e-08 0.861547 -9.8414e-08 0.0440704 0.00599253
11.2 0.136874 -3.52919e-08 0.863088 -8.68028e-08 0.0400968 0.00540529
11.3 0.135378 -4.06207e-08 0.864584 -7.56784e-08 0.0364414 0.0047885
11.4 0.133923 -4.64114e-08 0.866038 -7.22069e-08 0.0331014 0.00416377
11.5 0.132505 -5.26142e-08 0.867455 -7.39812e-08 0.0300692 0.00355314
11.6 0.131121 -6.1794e-08 0.86884 -6.02676e-08 0.0273314 0.00297737
11.7 0.129766 -7.14673e-08 0.870194 -4.48817e-08 0.02487 0.00245518
11.8 0.128437 -8.26594e-08 0.871523 -2.94332e-08 0.0226625 0.00200195
11.9 0.127131 -9.44739e-08 0.872829 -1.53656e-08 0.020684 0.00162928
12 0.125845 -1.03234e-07 0.874115 -7.99221e-10 0.0189072 0.00134448
12.1 0.124576 -1.07445e-07 0.875383 5.22734e-09 0.017304 0.0011506
12.2 0.123324 -1.10745e-07 0.876636 1.2288e-08 0.0158465 0.00104504
12.3 0.122086 -1.13348e-07 0.877873 9.44209e-09 0.014508 0.00102168
12.4 0.120862 -1.14772e-07 0.879098 -6.25603e-09 0.0132637 0.00107056
12.5 0.11965 -1.12163e-07 0.880309 -5.9123e-09 0.0120914 0.00117816
12.6 0.118451 -1.09841e-07 0.881508 -8.65165e-09 0.0109733 0.00132833
12.7 0.117265 -1.08021e-07 0.882694 -1.0948e-08 0.00989568 0.00150265
12.8 0.11609 -1.0645e-07 0.883869 -7.97647e-09 0.00884961 0.00168206
12.9 0.114927 -1.05407e-07 0.885032 -2.29697e-09 0.00783119 0.0018482
13 0.113776 -1.02398e-07 0.886182 -1.01442e-08 0.00684091 0.00198453
13.1 0.112637 -9.97292e-08 0.887321 -1.39635e-08 0.00588271 0.00207681
13.2 0.111511 -9.69976e-08 0.888447 -2.05092e-08 0.00496382 0.00211369
13.3 0.110396 -9.46507e-08 0.889562 -2.49055e-08 0.00409395 0.00208774
13.4 0.109293 -9.29551e-08 0.890664 -2.59811e-08 0.00328409 0.00199562
13.5 0.108202 -9.17601e-08 0.891755 -2.59183e-08 0.00254575 0.00183813
13.6 0.107123 -9.07456e-08 0.892834 -2.63151e-08 0.00188985 0.0016202
13.7 0.106055 -8.98367e-08 0.893902 -2.63648e-08 0.00132583 0.00135041
13.8 0.104998 -8.8839e-08 0.894958 -2.79165e-08 0.000860857 0.00104059
13.9 0.103952 -8.78114e-08 0.896004 -2.95533e-08 0.000499262 0.000705269
14 0.102917 -8.66234e-08 0.897038 -3.19115e-08 0.000241616 0.000360402
14.1 0.101893 -8.54874e-08 0.898063 -3.35456e-08 8.49101e-05 2.26565e-05
14.2 0.100879 -8.43692e-08 0.899076 -3.53799e-08 2.24022e-05 -0.000291606
14.3 0.0998759 -8.33583e-08 0.90008 -3.75703e-08 4.39286e-05 -0.000567398
14.4 0.0988823 -8.25446e-08 0.901073 -3.92068e-08 0.000136232 -0.000791696
14.5 0.0978988 -8.17806e-08 0.902056 -4.06601e-08 0.000283576 -0.000954377
14.6 0.0969249 -8.09223e-08 0.90303 -4.321e-08 0.000468532 -0.00104873
14.7 0.0959608 -8.03609e-08 0.903994 -4.29853e-08 0.000672908 -0.00107164
14.8 0.0950062 -7.983e-08 0.904948 -4.27321e-08 0.000878405 -0.001024
14.9 0.094061 -7.9298e-08 0.905893 -4.23606e-08 0.00106774 -0.000910546
15 0.0931252 -7.86575e-08 0.906829 -4.28396e-08 0.00122545 -0.00073947
15.1 0.0921986 -7.78768e-08 0.907755 -4.44206e-08 0.00133858 -0.000521977
15.2 0.0912813 -7.6852e-08 0.908672 -4.82446e-08 0.00139735 -0.000271737
15.3 0.090373 -7.59151e-08 0.909581 -5.11585e-08 0.00139568 -4.06657e-06
15.4 0.0894737 -7.50811e-08 0.91048 -5.29795e-08 0.00133138 0.000264945
15.5 0.0885834 -7.4194e-08 0.91137 -5.52706e-08 0.00120626 0.000519392
15.6 0.0877019 -7.32472e-08 0.912251 -5.81794e-08 0.00102594 0.000744473
15.7 0.0868292 -7.21584e-08 0.913123 -6.25848e-08 0.000799336 0.000927347
15.8 0.0859652 -7.16071e-08 0.913987 -6.10197e-08 0.000538115 0.00105778
15.9 0.0851097 -7.16284e-08 0.914842 -5.32223e-08 0.00025596 0.00112864
16 0.0842628 -7.18455e-08 0.915689 -4.35407e-08 -3.2232e-05 0.00113634
16.1 0.0834244 -7.08245e-08 0.916527 -4.73865e-08 -0.000311208 0.00108087
16.2 0.0825943 -6.98378e-08 0.917357 -5.0761e-08 -0.000566267 0.000965852
16.3 0.0817724 -6.91341e-08 0.918179 -5.14695e-08 -0.000784026 0.000798231
16.4 0.0809587 -6.84908e-08 0.918992 -5.15589e-08 -0.000953329 0.000587856
16.5 0.0801532 -6.78031e-08 0.919798 -5.22447e-08 -0.00106566 0.000346875
16.6 0.0793556 -6.71292e-08 0.920595 -5.28512e-08 -0.00111564 8.90715e-05
16.7 0.078566 -6.64479e-08 0.921384 -5.36113e-08 -0.00110135 -0.000170887
16.8 0.0777842 -6.5766e-08 0.922166 -5.44725e-08 -0.00102444 -0.000418307
16.9 0.0770103 -6.50941e-08 0.92294 -5.5292e-08 -0.000890017 -0.000639316
17 0.076244 -6.44351e-08 0.923706 -5.60673e-08 -0.000706379 -0.000821679
17.1 0.0754853 -6.37881e-08 0.924465 -5.68143e-08 -0.000484433 -0.000955424
17.2 0.0747342 -6.31461e-08 0.925216 -5.75697e-08 -0.000237146 -0.00103344
17.3 0.0739906 -6.25265e-08 0.925959 -5.81089e-08 2.12253e-05 -0.00105185
17.4 0.0732544 -6.19105e-08 0.926695 -5.86752e-08 0.000275992 -0.00101021
17.5 0.0725255 -6.13023e-08 0.927424 -5.92015e-08 0.000512837 -0.000911503
17.6 0.0718039 -6.07003e-08 0.928146 -5.9717e-08 0.000718648 -0.000761896
17.7 0.0710894 -6.00981e-08 0.92886 -6.03124e-08 0.000882224 -0.000570362
17.8 0.0703821 -5.94982e-08 0.929568 -6.09462e-08 0.00099489 -0.000348124
17.9 0.0696817 -5.89034e-08 0.930268 -6.15811e-08 0.00105088 -0.00010798
18 0.0689884 -5.83138e-08 0.930961 -6.22118e-08 0.00104761 0.00013635
18.1 0.0683019 -5.77285e-08 0.931648 -6.28456e-08 0.000985843 0.000371046
18.2 0.0676223 -5.71538e-08 0.932327 -6.34261e-08 0.000869628 0.000582909
18.3 0.0669495 -5.65853e-08 0.933 -6.39926e-08 0.000706011 0.00076012
18.4 0.0662833 -5.60226e-08 0.933666 -6.45459e-08 0.000504646 0.000892909
18.5 0.0656238 -5.54651e-08 0.934326 -6.50969e-08 0.000277266 0.000974087
18.6 0.0649708 -5.49144e-08 0.934979 -6.5628e-08 3.69531e-05 0.000999474
18.7 0.0643243 -5.43694e-08 0.935625 -6.61505e-08 -0.000202615 0.000968122
18.8 0.0636843 -5.38295e-08 0.936265 -6.66731e-08 -0.000427966 0.00088232
18.9 0.0630506 -5.32942e-08 0.936899 -6.7203e-08 -0.000626582 0.000747409
19 0.0624233 -5.2764e-08 0.937526 -6.77306e-08 -0.000787633 0.000571481
19.1 0.0618021 -5.22393e-08 0.938147 -6.82523e-08 -0.000902528 0.000364823
19.2 0.0611872 -5.17198e-08 0.938762 -6.8768e-08 -0.000965372 0.000139327
19.3 0.0605784 -5.12055e-08 0.939371 -6.92785e-08 -0.000973229 -9.21814e-05
19.4 0.0599756 -5.06961e-08 0.939974 -6.9786e-08 -0.000926253 -0.000316645
19.5 0.0593788 -5.0192e-08 0.940571 -7.02877e-08 -0.000827659 -0.000521491
19.6 0.058788 -4.96932e-08 0.941162 -7.07805e-08 -0.000683545 -0.000695338
19.7 0.0582031 -4.91989e-08 0.941746 -7.12732e-08 -0.000502527 -0.000828625
19.8 0.0576239 -4.87094e-08 0.942326 -7.17627e-08 -0.000295246 -0.000914166
19.9 0.0570506 -4.82247e-08 0.942899 -7.22474e-08 -7.3712e-05 -0.000947534
20 0.0564829 -4.77449e-08 0.943467 -7.27272e-08 0.000149376 -0.000927309
