0 0 0 1 0 0 0
0.1 1.71711e-07 3.22703e-17 0.99999 -1.8762e-10 4.82618e-05 -0.000411099
0.2 7.90714e-07 -2.35569e-16 0.999989 8.78487e-12 0.000195205 -0.000865389
0.3 2.0351e-06 -1.81189e-15 0.999988 5.47223e-10 0.000448268 -0.00134836
0.4 4.11231e-06 -5.89029e-15 0.999986 1.3115e-09 0.000811324 -0.00184552
0.5 7.25816e-06 -1.26309e-14 0.999982 2.1382e-09 0.00128481 -0.00234332
0.6 1.17355e-05 -1.9294e-14 0.999977 2.85335e-09 0.00186606 -0.0028301
0.7 1.78333e-05 -1.83047e-14 0.999971 3.30306e-09 0.00254988 -0.00329688
0.8 2.58678e-05 3.98972e-15 0.999963 3.37664e-09 0.00332923 -0.00373798
0.9 3.61859e-05 6.64297e-14 0.999952 3.03005e-09 0.00419608 -0.00415153
1 4.91744e-05 1.89516e-13 0.999939 2.28618e-09 0.00514233 -0.00453969
1.1 6.5275e-05 3.88427e-13 0.999922 1.23678e-09 0.00616081 -0.00490869
1.2 8.50091e-05 6.63428e-13 0.999902 2.82682e-11 0.00724614 -0.00526865
1.3 0.000109013 9.90154e-13 0.999877 -1.16693e-09 0.00839564 -0.00563314
1.4 0.000138086 1.31229e-12 0.999848 -2.17851e-09 0.00961002 -0.00601858
1.5 0.000173253 1.54829e-12 0.999813 -2.91589e-09 0.0108939 -0.00644351
1.6 0.000215842 1.59003e-12 0.99977 -3.30716e-09 0.0122564 -0.00692769
1.7 0.000267577 1.31571e-12 0.999718 -3.31532e-09 0.0137108 -0.00749119
1.8 0.000330684 6.30135e-13 0.999655 -3.00197e-09 0.015275 -0.00815339
1.9 0.000408009 -5.13667e-13 0.999577 -2.46184e-09 0.0169709 -0.00893214
2 0.000503145 -2.0672e-12 0.999482 -1.83902e-09 0.0188239 -0.00984282
2.1 0.000620561 -3.86685e-12 0.999364 -1.28352e-09 0.0208622 -0.0108977
2.2 0.000765732 -5.62385e-12 0.999219 -9.31343e-10 0.0231163 -0.0121052
2.3 0.000945256 -6.9343e-12 0.999039 -8.82378e-10 0.0256173 -0.0134698
2.4 0.00116696 -7.33819e-12 0.998817 -1.1863e-09 0.0283967 -0.0149913
2.5 0.00143998 -6.45224e-12 0.998544 -1.82527e-09 0.0314846 -0.0166654
2.6 0.00177481 -4.10203e-12 0.998209 -2.72084e-09 0.0349093 -0.0184835
2.7 0.00218335 -4.4792e-13 0.997801 -3.76079e-09 0.0386958 -0.0204331
2.8 0.00267881 3.86826e-12 0.997305 -4.80812e-09 0.0428655 -0.0224984
2.9 0.00327574 7.6283e-12 0.996708 -5.72638e-09 0.047435 -0.0246605
3 0.00398985 9.11165e-12 0.995993 -6.40588e-09 0.0524156 -0.0268986
3.1 0.00483789 6.40915e-12 0.995145 -6.79082e-09 0.0578133 -0.0291904
3.2 0.00583743 -2.26125e-12 0.994146 -6.87984e-09 0.0636279 -0.0315126
3.3 0.00700666 -1.81031e-11 0.992976 -6.72151e-09 0.0698539 -0.0338418
3.4 0.0083641 -4.1329e-11 0.991619 -6.3983e-09 0.0764795 -0.0361549
3.5 0.00992826 -7.0747e-11 0.990054 -6.02334e-09 0.0834873 -0.0384292
3.6 0.0117174 -1.03643e-10 0.988265 -5.71463e-09 0.0908546 -0.0406434
3.7 0.0137489 -1.36167e-10 0.986233 -5.5662e-09 0.0985537 -0.0427775
3.8 0.0160395 -1.64e-10 0.983942 -5.63661e-09 0.106552 -0.0448124
3.9 0.018604 -1.83915e-10 0.981378 -5.91904e-09 0.114814 -0.0467306
4 0.0214555 -1.91128e-10 0.978526 -6.47985e-09 0.123299 -0.0485157
4.1 0.024605 -1.84764e-10 0.975376 -7.24016e-09 0.131963 -0.0501522
4.2 0.0280604 -1.7034e-10 0.971921 -8.09153e-09 0.140759 -0.0516257
4.3 0.0318265 -1.56541e-10 0.968154 -8.90883e-09 0.149639 -0.0529223
4.4 0.0359043 -1.56318e-10 0.964076 -9.58498e-09 0.158549 -0.0540295
4.5 0.0402907 -1.79492e-10 0.95969 -1.00339e-08 0.167437 -0.0549352
4.6 0.0449782 -2.39078e-10 0.955002 -1.01798e-08 0.176246 -0.0556286
4.7 0.0499543 -3.41867e-10 0.950026 -1.0023e-08 0.18492 -0.0561006
4.8 0.0552015 -4.88336e-10 0.944778 -9.60461e-09 0.193401 -0.0563437
4.9 0.0606972 -6.70206e-10 0.939282 -9.00226e-09 0.201633 -0.0563527
5 0.0664137 -8.74199e-10 0.933565 -8.32155e-09 0.209559 -0.0561255
5.1 0.0723187 -1.07472e-09 0.92766 -7.68665e-09 0.217123 -0.0556636
5.2 0.0783754 -1.24503e-09 0.921603 -7.20061e-09 0.224274 -0.0549734
5.3 0.0845438 -1.35733e-09 0.915434 -6.94924e-09 0.230963 -0.0540659
5.4 0.0907813 -1.38898e-09 0.909196 -6.97872e-09 0.237147 -0.0529579
5.5 0.0970442 -1.33405e-09 0.902933 -7.28331e-09 0.242792 -0.0516707
5.6 0.103289 -1.19921e-09 0.896688 -7.80949e-09 0.247869 -0.0502305
5.7 0.109473 -1.00796e-09 0.890503 -8.46594e-09 0.252358 -0.0486674
5.8 0.115558 -7.93912e-10 0.884419 -9.14295e-09 0.256249 -0.0470137
5.9 0.121507 -6.00794e-10 0.878469 -9.72386e-09 0.25954 -0.0453027
6 0.12729 -4.72151e-10 0.872686 -1.01072e-08 0.26224 -0.0435681
6.1 0.132881 -4.41109e-10 0.867094 -1.02254e-08 0.264368 -0.0418405
6.2 0.138261 -5.28691e-10 0.861714 -1.00535e-08 0.265948 -0.040145
6.3 0.143415 -7.21186e-10 0.85656 -9.6325e-09 0.267009 -0.0385015
6.4 0.148331 -9.97776e-10 0.851643 -9.04123e-09 0.267587 -0.036923
6.5 0.153003 -1.30928e-09 0.846971 -8.38719e-09 0.267718 -0.0354142
6.6 0.157426 -1.63466e-09 0.842548 -7.74923e-09 0.267437 -0.0339721
6.7 0.161594 -1.92079e-09 0.838379 -7.22424e-09 0.266778 -0.0325865
6.8 0.165503 -2.11761e-09 0.83447 -6.88304e-09 0.265769 -0.0312426
6.9 0.169147 -2.19989e-09 0.830825 -6.74393e-09 0.264434 -0.0299215
7 0.172518 -2.16937e-09 0.827454 -6.77498e-09 0.262791 -0.0286029
7.1 0.175606 -2.04866e-09 0.824366 -6.90936e-09 0.260851 -0.0272669
7.2 0.178401 -1.85989e-09 0.821571 -7.08237e-09 0.258619 -0.0258967
7.3 0.18089 -1.64852e-09 0.819082 -7.21772e-09 0.256094 -0.0244808
7.4 0.183062 -1.43927e-09 0.816909 -7.2945e-09 0.253274 -0.0230135
7.5 0.184909 -1.24066e-09 0.815062 -7.31905e-09 0.250153 -0.0214963
7.6 0.186423 -1.05239e-09 0.813547 -7.33983e-09 0.246726 -0.0199366
7.7 0.187604 -9.05272e-10 0.812366 -7.27702e-09 0.242991 -0.0183468
7.8 0.188453 -7.86393e-10 0.811517 -7.2232e-09 0.238947 -0.0167433
7.9 0.188977 -6.93973e-10 0.810993 -7.19023e-09 0.234597 -0.0151444
8 0.189189 -6.17832e-10 0.810781 -7.17311e-09 0.229949 -0.0135706
8.1 0.189105 -5.74059e-10 0.810864 -7.13314e-09 0.225017 -0.0120405
8.2 0.188745 -5.8093e-10 0.811223 -7.00465e-09 0.219817 -0.0105685
8.3 0.188133 -6.60968e-10 0.811835 -6.71155e-09 0.21437 -0.00916607
8.4 0.187292 -8.32761e-10 0.812676 -6.19536e-09 0.208698 -0.00784073
8.5 0.186246 -1.08228e-09 0.813721 -5.4452e-09 0.202827 -0.00659494
8.6 0.185021 -1.38997e-09 0.814946 -4.49285e-09 0.196781 -0.00542689
8.7 0.183639 -1.71004e-09 0.816328 -3.43573e-09 0.190584 -0.00433156
8.8 0.182121 -2.00836e-09 0.817846 -2.30875e-09 0.184262 -0.00330129
8.9 0.180487 -2.21634e-09 0.81948 -1.34625e-09 0.177835 -0.00232624
9 0.178753 -2.28528e-09 0.821213 -7.3018e-10 0.171324 -0.00139694
9.1 0.176936 -2.3169e-09 0.82303 -1.57802e-10 0.164749 -0.000503342
9.2 0.175048 -2.1817e-09 0.824918 1.68233e-11 0.158125 0.000362852
9.3 0.173103 -1.91445e-09 0.826863 -1.53988e-10 0.151465 0.00120697
9.4 0.17111 -1.57802e-09 0.828855 -5.5698e-10 0.144783 0.00203082
9.5 0.169081 -1.22522e-09 0.830885 -1.07258e-09 0.138091 0.00283398
9.6 0.167024 -8.70682e-10 0.832941 -1.81119e-09 0.131403 0.00361203
9.7 0.164951 -5.896e-10 0.835014 -2.47217e-09 0.124733 0.0043581
9.8 0.16287 -3.89519e-10 0.837095 -2.93943e-09 0.118095 0.00506337
9.9 0.16079 -2.90187e-10 0.839175 -3.1174e-09 0.111505 0.00571744
10 0.158721 -2.69025e-10 0.841244 -2.97316e-09 0.10498 0.00630728
10.1 0.15667 -3.46413e-10 0.843295 -2.4443e-09 0.098539 0.00681903
10.2 0.154645 -5.19132e-10 0.845319 -1.54178e-09 0.0922046 0.0072391
10.3 0.152655 -7.49137e-10 0.847309 -4.16063e-10 0.0860008 0.00755613
10.4 0.150705 -1.03436e-09 0.849259 8.46933e-10 0.0799527 0.00776059
10.5 0.1488 -1.3164e-09 0.851163 2.09709e-09 0.0740868 0.00784653
10.6 0.146945 -1.54825e-09 0.853018 3.06967e-09 0.068429 0.00781117
10.7 0.145143 -1.67546e-09 0.85482 3.47743e-09 0.0630049 0.00765589
10.8 0.143394 -1.66014e-09 0.856569 3.06733e-09 0.0578376 0.00738675
10.9 0.141699 -1.436e-09 0.858263 1.48988e-09 0.0529481 0.00701401
11 0.140058 -1.275e-09 0.859905 2.16519e-10 0.0483536 0.00655161
11.1 0.138467 -1.23771e-09 0.861495 -3.34119e-10 0.0440675 0.00601687
11.2 0.136925 -1.21651e-09 0.863036 -5.79958e-10 0.0400976 0.00542926
11.3 0.135428 -1.20012e-09 0.864533 -6.62253e-10 0.0364467 0.00481031
11.4 0.133973 -1.15239e-09 0.865989 -7.91134e-10 0.0331118 0.00418261
11.5 0.132554 -1.02599e-09 0.867407 -1.34844e-09 0.0300844 0.00356862
11.6 0.131169 -1.04607e-09 0.868792 -1.05775e-09 0.0273509 0.00298918
11.7 0.129814 -1.12455e-09 0.870148 -3.84111e-10 0.0248929 0.0024632
11.8 0.128484 -1.27024e-09 0.871477 7.29356e-10 0.0226881 0.00200616
11.9 0.127177 -1.51363e-09 0.872784 2.53837e-09 0.0207114 0.00162921
12 0.12589 -1.65925e-09 0.87407 3.798e-09 0.0189357 0.00133991
12.1 0.124622 -1.78899e-09 0.875339 4.99175e-09 0.0173328 0.00114126
12.2 0.123369 -1.91915e-09 0.876592 6.13918e-09 0.0158744 0.00103134
12.3 0.122131 -2.02171e-09 0.87783 7.07723e-09 0.0145337 0.00100396
12.4 0.120906 -2.11643e-09 0.879054 7.93138e-09 0.0132863 0.0010493
12.5 0.119694 -2.17044e-09 0.880266 8.48675e-09 0.0121104 0.00115361
12.6 0.118495 -2.16642e-09 0.881465 8.60436e-09 0.0109881 0.00130064
12.7 0.117308 -2.11303e-09 0.882652 8.33442e-09 0.009906 0.00147225
12.8 0.116133 -2.05819e-09 0.883827 8.03011e-09 0.00885545 0.00164978
12.9 0.11497 -2.19234e-09 0.884989 9.15677e-09 0.00783244 0.00181509
13 0.113818 -2.25981e-09 0.88614 9.7646e-09 0.00683733 0.00195116
13.1 0.112679 -2.228e-09 0.887279 9.57416e-09 0.00587452 0.0020439
13.2 0.111552 -2.12609e-09 0.888406 8.81953e-09 0.00495153 0.00208192
13.3 0.110437 -1.91901e-09 0.889521 7.20899e-09 0.00407825 0.00205793
13.4 0.109334 -1.72332e-09 0.890624 5.71066e-09 0.00326576 0.00196871
13.5 0.108243 -1.53468e-09 0.891715 4.25971e-09 0.00252552 0.00181516
13.6 0.107163 -1.41495e-09 0.892794 3.38874e-09 0.00186824 0.00160213
13.7 0.106095 -1.30987e-09 0.893863 2.62851e-09 0.00130324 0.00133811
13.8 0.105038 -1.04674e-09 0.894919 4.66359e-10 0.000837561 0.00103445
13.9 0.103991 -8.21769e-10 0.895965 -1.41861e-09 0.000475485 0.000705174
14 0.102956 -6.80793e-10 0.897 -2.55394e-09 0.000217768 0.000366025
14.1 0.101932 -5.98451e-10 0.898025 -3.24017e-09 6.15472e-05 3.34181e-05
14.2 0.100917 -5.91262e-10 0.899039 -3.29264e-09 2.42679e-07 -0.000276437
14.3 0.0999134 -6.24653e-10 0.900043 -2.97068e-09 2.36421e-05 -0.000548516
14.4 0.0989195 -6.90678e-10 0.901036 -2.3045e-09 0.000118478 -0.000769948
14.5 0.0979355 -7.63202e-10 0.90202 -1.55213e-09 0.000268964 -0.000930642
14.6 0.0969613 -8.05076e-10 0.902994 -1.0828e-09 0.000457514 -0.00102381
14.7 0.0959968 -8.19455e-10 0.903959 -8.56128e-10 0.000665728 -0.00104639
14.8 0.0950418 -7.89382e-10 0.904914 -1.03728e-09 0.000875083 -0.000999308
14.9 0.0940963 -7.61504e-10 0.905859 -1.18257e-09 0.00106813 -0.000887386
15 0.0931602 -7.65122e-10 0.906795 -1.0044e-09 0.00122941 -0.000718979
15.1 0.0922333 -8.62081e-10 0.907722 8.57864e-11 0.00134603 -0.000505253
15.2 0.0913155 -9.67348e-10 0.908639 1.18938e-09 0.00140854 -0.000259788
15.3 0.0904069 -9.88369e-10 0.909548 1.47204e-09 0.00141101 2.55574e-06
15.4 0.0895074 -9.58611e-10 0.910447 1.26379e-09 0.00135116 0.000266296
15.5 0.0886167 -9.1477e-10 0.911338 9.01123e-10 0.00123048 0.000516086
15.6 0.0877349 -8.49886e-10 0.91222 3.2768e-10 0.00105403 0.000737467
15.7 0.0868619 -7.85462e-10 0.913092 -2.43222e-10 0.000830229 0.000917667
15.8 0.0859975 -7.00039e-10 0.913957 -1.06709e-09 0.000570387 0.00104631
15.9 0.0851418 -6.18643e-10 0.914812 -1.85606e-09 0.000288057 0.00111603
16 0.0842946 -5.13758e-10 0.915659 -3.27956e-09 -1.85709e-06 0.00112293
16.1 0.0834558 -4.37348e-10 0.916498 -4.2695e-09 -0.000283842 0.00106683
16.2 0.0826254 -3.84677e-10 0.917328 -4.87707e-09 -0.000542854 0.000951324
16.3 0.0818032 -2.00598e-10 0.91815 -6.96812e-09 -0.000765152 0.000783396
16.4 0.0809892 2.9376e-11 0.918964 -9.55776e-09 -0.000939362 0.000573161
16.5 0.0801834 3.1222e-10 0.91977 -1.27909e-08 -0.00105692 0.000332942
16.6 0.0793855 5.83204e-10 0.920567 -1.59679e-08 -0.00111249 7.6576e-05
16.7 0.0785956 7.46033e-10 0.921357 -1.81065e-08 -0.00110421 -0.000181421
16.8 0.0778135 7.54768e-10 0.922139 -1.85715e-08 -0.0010337 -0.000426669
16.9 0.0770393 8.73724e-10 0.922913 -2.04587e-08 -0.000905822 -0.000645674
17 0.0762727 9.2787e-10 0.923679 -2.14374e-08 -0.000728458 -0.000826493
17.1 0.0755138 1.08874e-09 0.924438 -2.36094e-08 -0.00051201 -0.000959326
17.2 0.0747624 1.18495e-09 0.925189 -2.47375e-08 -0.000268937 -0.00103699
17.3 0.0740185 1.20042e-09 0.925933 -2.47136e-08 -1.31201e-05 -0.0010553
17.4 0.073282 1.29878e-09 0.926669 -2.59087e-08 0.000240828 -0.00101353
17.5 0.0725528 1.34796e-09 0.927399 -2.65069e-08 0.000478496 -0.000914353
17.6 0.0718309 1.39247e-09 0.92812 -2.72128e-08 0.00068649 -0.000763792
17.7 0.0711161 1.39372e-09 0.928835 -2.7419e-08 0.000853278 -0.000570877
17.8 0.0704085 1.37756e-09 0.929543 -2.74458e-08 0.0009699 -0.000347041
17.9 0.069708 1.35693e-09 0.930243 -2.74502e-08 0.00103049 -0.000105345
18 0.0690144 1.25785e-09 0.930937 -2.63478e-08 0.00103248 0.000140337
18.1 0.0683277 1.21706e-09 0.931624 -2.60242e-08 0.000976675 0.000376184
18.2 0.0676478 1.16358e-09 0.932304 -2.54502e-08 0.000867036 0.000589164
18.3 0.0669747 1.14558e-09 0.932977 -2.53682e-08 0.000710387 0.000767689
18.4 0.0663083 1.12112e-09 0.933643 -2.51824e-08 0.000515973 0.000902182
18.5 0.0656485 1.10356e-09 0.934303 -2.5081e-08 0.000294986 0.000985475
18.6 0.0649953 1.08169e-09 0.934956 -2.49045e-08 6.00169e-05 0.00101322
18.7 0.0643485 1.06059e-09 0.935603 -2.47204e-08 -0.000175629 0.000984132
18.8 0.0637083 1.04955e-09 0.936243 -2.46996e-08 -0.00039864 0.000900119
18.9 0.0630743 1.04196e-09 0.936877 -2.4732e-08 -0.000596451 0.000766201
19 0.0624467 1.03211e-09 0.937504 -2.47327e-08 -0.000758027 0.00059027
19.1 0.0618254 1.01936e-09 0.938125 -2.46862e-08 -0.000874589 0.000382612
19.2 0.0612102 1.00768e-09 0.93874 -2.4655e-08 -0.000940001 0.00015522
19.3 0.0606011 9.98084e-10 0.939349 -2.46518e-08 -0.000951099 -7.89041e-05
19.4 0.0599982 9.8817e-10 0.939953 -2.4643e-08 -0.00090795 -0.000306454
19.5 0.0594012 9.78276e-10 0.94055 -2.46334e-08 -0.000813751 -0.000514727
19.6 0.0588101 9.6851e-10 0.941141 -2.46227e-08 -0.00067454 -0.000692332
19.7 0.058225 9.58497e-10 0.941726 -2.46102e-08 -0.000498748 -0.000829692
19.8 0.0576456 9.4896e-10 0.942305 -2.46007e-08 -0.000296746 -0.000919648
19.9 0.057072 9.39518e-10 0.942879 -2.45912e-08 -8.01949e-05 -0.000957721
20 0.0565042 9.30169e-10 0.943447 -2.45819e-08 0.00013849 -0.000942324
