0 0 0 1 0 0 0
0.1 1.71711e-07 -6.81515e-15 0.99999 -3.20157e-08 4.8264e-05 -0.000411194
0.2 7.90804e-07 -2.85433e-14 0.999989 -3.17412e-08 0.000195267 -0.000865867
0.3 2.03571e-06 -6.17199e-14 0.999987 -3.58448e-08 0.000448579 -0.0013497
0.4 4.1146e-06 -9.55796e-14 0.999984 -4.42186e-08 0.00081228 -0.00184834
0.5 7.26447e-06 -1.22022e-13 0.999981 -5.5609e-08 0.00128707 -0.00234834
0.6 1.17499e-05 -1.57722e-13 0.999976 -6.80823e-08 0.00187061 -0.00283806
0.7 1.78624e-05 -2.79519e-13 0.99997 -7.92588e-08 0.00255803 -0.00330843
0.8 2.59209e-05 -6.53206e-13 0.999961 -8.7091e-08 0.0033426 -0.0037536
0.9 3.62755e-05 -1.5092e-12 0.99995 -9.11004e-08 0.0042166 -0.00417142
1 4.93159e-05 -3.12459e-12 0.999937 -9.16718e-08 0.00517216 -0.00456371
1.1 6.54859e-05 -5.98634e-12 0.99992 -8.65987e-08 0.00620221 -0.00493625
1.2 8.53074e-05 -1.04943e-11 0.9999 -7.70261e-08 0.0073014 -0.00529873
1.3 0.000109414 -1.70538e-11 0.999876 -6.31768e-08 0.00846694 -0.00566424
1.4 0.000138599 -2.59811e-11 0.999846 -4.49763e-08 0.0096993 -0.00604881
1.5 0.000173877 -3.74118e-11 0.99981 -2.21838e-08 0.0110028 -0.00647064
1.6 0.000216556 -4.9466e-11 0.999767 -1.39813e-09 0.0123861 -0.00694925
1.7 0.000268335 -6.12637e-11 0.999714 1.94741e-08 0.013862 -0.00750459
1.8 0.000331405 -7.10193e-11 0.999651 3.93285e-08 0.015448 -0.00815609
1.9 0.000408569 -7.59606e-11 0.999574 5.74942e-08 0.0171652 -0.00892177
2 0.000503368 -7.31043e-11 0.999478 7.33653e-08 0.0190389 -0.00981739
2.1 0.000620212 -5.86103e-11 0.999361 8.62094e-08 0.0210967 -0.0108557
2.2 0.000764511 -2.78848e-11 0.999217 9.52593e-08 0.023369 -0.0120459
2.3 0.000942797 2.46898e-11 0.999038 9.983e-08 0.0258868 -0.0133929
2.4 0.00116283 1.05803e-10 0.998818 9.88695e-08 0.0286818 -0.0148977
2.5 0.00143369 2.1587e-10 0.998547 9.57012e-08 0.0317846 -0.0165565
2.6 0.00176583 3.5959e-10 0.998215 8.99261e-08 0.035224 -0.0183615
2.7 0.00217109 5.30765e-10 0.997809 8.32028e-08 0.0390259 -0.0203008
2.8 0.0026627 7.26276e-10 0.997317 7.50343e-08 0.0432124 -0.0223588
2.9 0.0032552 9.45029e-10 0.996724 6.54576e-08 0.0478014 -0.0245171
3 0.00396431 1.17804e-09 0.996014 5.4678e-08 0.0528053 -0.0267548
3.1 0.00480682 1.40527e-09 0.995172 4.22801e-08 0.0582312 -0.0290491
3.2 0.00580036 1.58121e-09 0.994178 2.93886e-08 0.06408 -0.0313763
3.3 0.00696314 1.63608e-09 0.993016 2.21811e-08 0.070347 -0.0337122
3.4 0.00831368 1.72003e-09 0.991665 1.33298e-08 0.0770211 -0.0360325
3.5 0.0098705 1.78854e-09 0.990109 7.18493e-10 0.0840857 -0.0383136
3.6 0.0116517 1.52329e-09 0.988327 -1.13571e-08 0.0915182 -0.0405328
3.7 0.0136747 9.04965e-10 0.986305 -2.22196e-08 0.0992909 -0.0426684
3.8 0.0159557 2.42139e-11 0.984024 -3.46055e-08 0.107371 -0.0447001
3.9 0.0185093 -6.89276e-10 0.98147 -4.61704e-08 0.115721 -0.0466091
4 0.0213481 -1.23973e-09 0.978632 -5.69204e-08 0.1243 -0.048378
4.1 0.0244823 -1.45737e-09 0.975497 -6.61329e-08 0.133062 -0.0499906
4.2 0.027919 -1.56542e-09 0.972061 -7.32395e-08 0.141959 -0.0514323
4.3 0.0316621 -1.53565e-09 0.968318 -8.82958e-08 0.15094 -0.0526896
4.4 0.0357117 -1.65777e-09 0.964269 -1.03296e-07 0.159951 -0.0537504
4.5 0.0400637 -2.76528e-09 0.959917 -1.14739e-07 0.168936 -0.0546038
4.6 0.0447095 -4.79888e-09 0.955271 -1.18536e-07 0.177838 -0.0552408
4.7 0.0496358 -7.267e-09 0.950344 -1.10631e-07 0.1866 -0.0556542
4.8 0.0548246 -9.05197e-09 0.945156 -1.00667e-07 0.195162 -0.0558394
4.9 0.0602528 -1.12286e-08 0.939727 -8.39684e-08 0.203468 -0.0557944
5 0.0658928 -1.40223e-08 0.934087 -6.28066e-08 0.211462 -0.0555205
5.1 0.0717128 -1.98791e-08 0.928267 -3.89926e-08 0.21909 -0.0550225
5.2 0.0776771 -2.76211e-08 0.922303 -1.3197e-08 0.226302 -0.0543097
5.3 0.0837473 -3.39495e-08 0.916233 1.20375e-08 0.233052 -0.0533959
5.4 0.0898828 -3.75932e-08 0.910097 3.67314e-08 0.2393 -0.0522995
5.5 0.0960426 -3.62677e-08 0.903937 5.79987e-08 0.245014 -0.051043
5.6 0.102186 -3.06959e-08 0.897793 7.84217e-08 0.25017 -0.0496526
5.7 0.108273 -2.13764e-08 0.891706 9.535e-08 0.254751 -0.0481565
5.8 0.114268 -8.93401e-09 0.88571 1.06892e-07 0.258751 -0.0465847
5.9 0.120138 4.65144e-09 0.87984 1.12093e-07 0.26217 -0.0449674
6 0.125854 1.7766e-08 0.874124 1.10188e-07 0.265019 -0.0433331
6.1 0.131391 2.91739e-08 0.868587 9.87271e-08 0.267318 -0.0417068
6.2 0.13673 3.88334e-08 0.863247 8.13146e-08 0.269091 -0.0401089
6.3 0.141855 4.63182e-08 0.858122 5.97611e-08 0.270367 -0.0385527
6.4 0.146754 5.36547e-08 0.853223 4.07102e-08 0.271179 -0.0370456
6.5 0.151416 6.26232e-08 0.84856 2.78297e-08 0.27156 -0.035588
6.6 0.155833 7.15483e-08 0.844143 2.39992e-08 0.271543 -0.0341735
6.7 0.159995 8.10055e-08 0.839981 3.05035e-08 0.271155 -0.0327891
6.8 0.163893 8.78254e-08 0.836082 4.58025e-08 0.270422 -0.0314183
6.9 0.167516 8.6653e-08 0.832459 6.60362e-08 0.269359 -0.0300428
7 0.170851 7.94467e-08 0.829123 8.79791e-08 0.267981 -0.0286453
7.1 0.173885 5.67939e-08 0.826088 1.0805e-07 0.266292 -0.0272105
7.2 0.176605 2.81106e-08 0.823368 1.24965e-07 0.264294 -0.025728
7.3 0.178998 -1.23163e-09 0.820974 1.37414e-07 0.261983 -0.0241919
7.4 0.181053 -2.00954e-08 0.81892 1.50757e-07 0.259355 -0.0226031
7.5 0.182761 -2.79331e-08 0.817211 1.60166e-07 0.256403 -0.0209684
7.6 0.184119 -3.38538e-08 0.815853 1.68804e-07 0.25312 -0.0193011
7.7 0.185128 -4.73454e-08 0.814844 1.84077e-07 0.249504 -0.0176183
7.8 0.185794 -5.03431e-08 0.814177 1.81664e-07 0.245552 -0.0159394
7.9 0.186129 -3.38503e-08 0.813842 1.4895e-07 0.241269 -0.0142866
8 0.18615 9.907e-09 0.813821 8.03554e-08 0.236661 -0.0126806
8.1 0.185878 7.8857e-08 0.814093 -1.18236e-08 0.231741 -0.0111411
8.2 0.185336 1.63594e-07 0.814634 -1.145e-07 0.226525 -0.00968317
8.3 0.184553 2.55208e-07 0.815417 -2.06333e-07 0.221031 -0.00831921
8.4 0.183555 3.42336e-07 0.816415 -2.83707e-07 0.215282 -0.00705524
8.5 0.18237 4.13181e-07 0.817599 -3.44372e-07 0.209303 -0.00589329
8.6 0.181026 4.60807e-07 0.818943 -3.80031e-07 0.203118 -0.00483004
8.7 0.179546 4.80261e-07 0.820422 -3.87407e-07 0.19675 -0.00385981
8.8 0.177955 4.71568e-07 0.822013 -3.66374e-07 0.190225 -0.0029734
8.9 0.176271 4.44799e-07 0.823697 -3.38081e-07 0.183564 -0.00216022
9 0.174513 4.01161e-07 0.825454 -3.00291e-07 0.17679 -0.00140824
9.1 0.172696 3.53751e-07 0.827271 -2.5573e-07 0.169921 -0.000706753
9.2 0.170833 3.07315e-07 0.829134 -2.25964e-07 0.162978 -4.56579e-05
9.3 0.168935 2.71909e-07 0.831032 -2.04779e-07 0.155976 0.000581996
9.4 0.167013 2.56675e-07 0.832954 -1.97839e-07 0.148933 0.00118124
9.5 0.165074 2.56473e-07 0.834893 -2.13862e-07 0.141867 0.00175381
9.6 0.163127 2.68266e-07 0.83684 -2.45709e-07 0.134794 0.00229898
9.7 0.161178 2.86841e-07 0.838788 -2.54859e-07 0.127734 0.00281266
9.8 0.159236 3.11416e-07 0.84073 -2.51705e-07 0.120706 0.0032895
9.9 0.157306 3.35852e-07 0.84266 -2.74741e-07 0.113731 0.00372219
10 0.155394 3.63073e-07 0.844572 -3.46889e-07 0.106834 0.00410248
10.1 0.153506 3.92212e-07 0.84646 -4.37777e-07 0.100038 0.004421
10.2 0.151648 4.31457e-07 0.848318 -4.80534e-07 0.093369 0.00466959
10.3 0.149824 4.60571e-07 0.850142 -5.34639e-07 0.0868547 0.00484062
10.4 0.148037 4.83049e-07 0.851929 -5.72577e-07 0.080523 0.00492804
10.5 0.146291 5.00893e-07 0.853675 -6.00784e-07 0.0744021 0.00492809
10.6 0.144588 5.09e-07 0.855378 -6.30507e-07 0.0685198 0.00484113
10.7 0.142928 5.04862e-07 0.857037 -6.72311e-07 0.0629019 0.00467019
10.8 0.141313 4.90257e-07 0.858652 -7.18299e-07 0.057572 0.00442245
10.9 0.139742 4.78058e-07 0.860224 -6.99479e-07 0.0525496 0.00410838
11 0.138212 4.6731e-07 0.861753 -6.43356e-07 0.0478509 0.00374105
11.1 0.136722 4.60278e-07 0.863243 -5.41979e-07 0.0434866 0.00333561
11.2 0.135269 4.45429e-07 0.864696 -4.75936e-07 0.0394634 0.0029096
11.3 0.13385 4.26441e-07 0.866114 -4.87266e-07 0.0357816 0.00248208
11.4 0.132462 4.14144e-07 0.867502 -4.6325e-07 0.0324363 0.00207257
11.5 0.131101 4.04904e-07 0.868863 -4.41583e-07 0.029416 0.00169991
11.6 0.129765 3.97049e-07 0.870199 -4.27226e-07 0.0267042 0.00138056
11.7 0.128451 3.9036e-07 0.871513 -4.17065e-07 0.02428 0.00112845
11.8 0.127155 3.84144e-07 0.872809 -3.99194e-07 0.0221185 0.000954526
11.9 0.125876 3.77534e-07 0.874088 -3.79687e-07 0.0201922 0.000865164
12 0.124612 3.72514e-07 0.875352 -3.54274e-07 0.0184724 0.000862798
12.1 0.123361 3.69684e-07 0.876602 -3.18426e-07 0.0169294 0.00094657
12.2 0.122123 3.66492e-07 0.87784 -2.77095e-07 0.0155335 0.00111128
12.3 0.120897 3.65717e-07 0.879066 -2.44997e-07 0.0142558 0.00134737
12.4 0.119682 3.67563e-07 0.88028 -2.66378e-07 0.0130696 0.00164126
12.5 0.118479 3.7408e-07 0.881483 -2.71518e-07 0.0119518 0.00197594
12.6 0.117287 3.76888e-07 0.882675 -2.88265e-07 0.0108836 0.00233205
12.7 0.116107 3.81909e-07 0.883855 -2.85882e-07 0.00985127 0.00268877
12.8 0.114939 3.90958e-07 0.885024 -2.54582e-07 0.00884601 0.00302554
12.9 0.113782 4.04519e-07 0.886181 -1.83629e-07 0.007864 0.0033228
13 0.112638 4.15239e-07 0.887325 -1.25821e-07 0.00690622 0.00356313
13.1 0.111505 4.21037e-07 0.888457 -9.14375e-08 0.00597736 0.00373225
13.2 0.110386 4.25408e-07 0.889577 -5.72635e-08 0.00508514 0.00381972
13.3 0.109278 4.27573e-07 0.890684 -2.68555e-08 0.00423928 0.00381917
13.4 0.108183 4.29948e-07 0.891779 -2.67792e-08 0.00345083 0.00372825
13.5 0.1071 4.27909e-07 0.892862 -3.57834e-08 0.00273134 0.00354884
13.6 0.106029 4.24463e-07 0.893933 -3.69851e-08 0.00209201 0.00328724
13.7 0.10497 4.28784e-07 0.894992 4.8298e-09 0.00154278 0.00295396
13.8 0.103922 4.35404e-07 0.89604 1.06968e-07 0.00109063 0.00256285
13.9 0.102885 4.29021e-07 0.897076 1.18101e-07 0.000739551 0.00212971
14 0.10186 4.17208e-07 0.898102 1.03173e-07 0.000490795 0.00167189
14.1 0.100845 4.11353e-07 0.899116 1.281e-07 0.000341919 0.00120828
14.2 0.0998413 4.07665e-07 0.90012 1.58516e-07 0.000286891 0.000757053
14.3 0.0988475 4.05701e-07 0.901114 1.89914e-07 0.000316285 0.000335122
14.4 0.0978638 4.01328e-07 0.902098 2.02528e-07 0.000417604 -4.22935e-05
14.5 0.09689 3.96701e-07 0.903072 2.122e-07 0.000575563 -0.000362435
14.6 0.0959261 3.92292e-07 0.904036 2.2324e-07 0.000772898 -0.000615823
14.7 0.0949717 3.87961e-07 0.90499 2.3267e-07 0.000991205 -0.000796747
14.8 0.0940269 3.82457e-07 0.905935 2.2931e-07 0.00121173 -0.000903816
14.9 0.0930915 3.77263e-07 0.90687 2.29578e-07 0.00141684 -0.00093994
15 0.0921653 3.72304e-07 0.907797 2.35481e-07 0.00159056 -0.000911023
15.1 0.0912484 3.66924e-07 0.908713 2.43528e-07 0.00171887 -0.000826311
15.2 0.0903405 3.60889e-07 0.909621 2.50945e-07 0.00179078 -0.000697986
15.3 0.0894416 3.56704e-07 0.91052 2.42728e-07 0.00179883 -0.000540519
15.4 0.0885517 3.52599e-07 0.91141 2.33355e-07 0.00173985 -0.000369669
15.5 0.0876706 3.47215e-07 0.912291 2.11469e-07 0.00161506 -0.000201415
15.6 0.0867982 3.39802e-07 0.913163 1.66874e-07 0.00142972 -5.06719e-05
15.7 0.0859346 3.34741e-07 0.914027 1.44229e-07 0.00119268 6.93564e-05
15.8 0.0850795 3.31458e-07 0.914882 1.36459e-07 0.000916166 0.000148178
15.9 0.0842329 3.28545e-07 0.915728 1.35757e-07 0.00061443 0.000178669
16 0.0833948 3.25615e-07 0.916566 1.37599e-07 0.000302779 0.000157415
16.1 0.082565 3.22424e-07 0.917396 1.38078e-07 -3.47977e-06 8.44911e-05
16.2 0.0817435 3.19495e-07 0.918218 1.43548e-07 -0.000289658 -3.66922e-05
16.3 0.0809301 3.16611e-07 0.919031 1.51788e-07 -0.000542409 -0.000199567
16.4 0.0801248 3.13874e-07 0.919837 1.64065e-07 -0.000750362 -0.000395106
16.5 0.0793276 3.11202e-07 0.920634 1.78835e-07 -0.000904654 -0.000612042
16.6 0.0785383 3.08441e-07 0.921423 1.94718e-07 -0.000999356 -0.000837535
16.7 0.0777568 3.05253e-07 0.922205 2.07625e-07 -0.00103166 -0.00105783
16.8 0.0769831 3.02582e-07 0.922978 2.23864e-07 -0.00100223 -0.00125923
16.9 0.0762171 2.98994e-07 0.923744 2.27337e-07 -0.000914942 -0.00142873
17 0.0754588 2.95992e-07 0.924503 2.33839e-07 -0.000776776 -0.00155475
17.1 0.0747079 2.92888e-07 0.925254 2.35514e-07 -0.000597328 -0.00162766
17.2 0.0739646 2.89701e-07 0.925997 2.33512e-07 -0.000388396 -0.00164023
17.3 0.0732286 2.86511e-07 0.926733 2.3245e-07 -0.000163402 -0.00158887
17.4 0.0725 2.83156e-07 0.927462 2.31776e-07 6.32169e-05 -0.00147286
17.5 0.0717786 2.79842e-07 0.928183 2.34418e-07 0.000276955 -0.00129519
17.6 0.0710644 2.76473e-07 0.928897 2.39221e-07 0.000464317 -0.00106252
17.7 0.0703573 2.73332e-07 0.929604 2.45591e-07 0.000613833 -0.000784627
17.8 0.0696573 2.706e-07 0.930305 2.51889e-07 0.000716671 -0.000473564
17.9 0.0689642 2.68073e-07 0.930998 2.57496e-07 0.000766759 -0.000142849
18 0.068278 2.65522e-07 0.931684 2.62153e-07 0.000760975 0.000193129
18.1 0.0675986 2.62952e-07 0.932364 2.65244e-07 0.00069951 0.000519831
18.2 0.066926 2.60356e-07 0.933036 2.68654e-07 0.000585543 0.000823364
18.3 0.0662601 2.58008e-07 0.933702 2.69385e-07 0.000425118 0.00109079
18.4 0.0656008 2.55386e-07 0.934362 2.73092e-07 0.000226962 0.00131093
18.5 0.064948 2.52841e-07 0.935014 2.76137e-07 1.90415e-06 0.00147519
18.6 0.0643018 2.50349e-07 0.935661 2.7894e-07 -0.00023789 0.0015777
18.7 0.063662 2.47875e-07 0.936301 2.81807e-07 -0.000479421 0.00161555
18.8 0.0630285 2.4537e-07 0.936934 2.84888e-07 -0.000709354 0.00158913
18.9 0.0624014 2.42895e-07 0.937561 2.88011e-07 -0.000914926 0.00150188
19 0.0617805 2.40462e-07 0.938182 2.91017e-07 -0.0010845 0.0013601
19.1 0.0611657 2.38095e-07 0.938797 2.93278e-07 -0.00120819 0.00117271
19.2 0.0605571 2.3572e-07 0.939405 2.95764e-07 -0.00127844 0.000950898
19.3 0.0599546 2.33373e-07 0.940008 2.98167e-07 -0.00129078 0.000707743
19.4 0.059358 2.3105e-07 0.940604 3.00514e-07 -0.00124393 0.00045704
19.5 0.0587674 2.28754e-07 0.941195 3.0286e-07 -0.00113998 0.000212635
19.6 0.0581827 2.26481e-07 0.94178 3.05168e-07 -0.000984115 -1.2903e-05
19.7 0.0576037 2.24232e-07 0.942359 3.07436e-07 -0.000784342 -0.00020828
19.8 0.0570306 2.22006e-07 0.942932 3.0968e-07 -0.000550564 -0.000364539
19.9 0.0564631 2.19797e-07 0.9435 3.11889e-07 -0.00029406 -0.000475299
20 0.0559013 2.1761e-07 0.944061 3.14076e-07 -2.68883e-05 -0.000536798
