0 0 0 1 0 0 0
0.1 1.71711e-07 7.19193e-15 0.99999 -2.87758e-09 4.8263e-05 -0.000411165
0.2 7.90776e-07 2.57021e-14 0.999989 -1.79533e-08 0.000195245 -0.000865719
0.3 2.03552e-06 4.39649e-14 0.999988 -2.71086e-08 0.000448472 -0.00134928
0.4 4.11389e-06 4.14523e-14 0.999985 -3.12508e-08 0.000811954 -0.00184746
0.5 7.26252e-06 -4.62541e-16 0.999981 -3.22205e-08 0.00128631 -0.00234679
0.6 1.17455e-05 -9.09368e-14 0.999976 -3.14575e-08 0.00186907 -0.00283561
0.7 1.78535e-05 -2.25691e-13 0.99997 -2.97191e-08 0.00255528 -0.00330489
0.8 2.59047e-05 -3.78426e-13 0.999962 -2.78272e-08 0.00333809 -0.00374885
0.9 3.62483e-05 -4.21809e-13 0.999951 -2.91174e-08 0.00420967 -0.00416543
1 4.92733e-05 -3.85492e-13 0.999938 -3.18665e-08 0.00516208 -0.00455656
1.1 6.54231e-05 -6.57623e-13 0.999922 -3.05533e-08 0.0061882 -0.00492819
1.2 8.52199e-05 -1.39216e-12 0.999902 -2.65422e-08 0.00728269 -0.00529016
1.3 0.000109299 -2.76035e-12 0.999877 -2.01477e-08 0.00844276 -0.00565573
1.4 0.000138456 -4.51783e-12 0.999848 -1.39781e-08 0.00966898 -0.00604109
1.5 0.00017371 -6.85865e-12 0.999812 -5.24509e-09 0.0109658 -0.00646453
1.6 0.000216379 -8.99249e-12 0.999769 2.30621e-09 0.0123419 -0.00694569
1.7 0.00026817 -9.71926e-12 0.999717 7.05867e-09 0.0138104 -0.00750457
1.8 0.000331289 -7.08405e-12 0.999653 7.33348e-09 0.0153887 -0.00816061
1.9 0.000408557 1.26349e-12 0.999575 2.12973e-09 0.0170985 -0.00893181
2 0.000503537 1.90624e-11 0.99948 -1.16844e-08 0.0189648 -0.00983381
2.1 0.000620664 4.08152e-11 0.999362 -2.23476e-08 0.0210157 -0.0108792
2.2 0.000765376 6.31879e-11 0.999216 -2.97828e-08 0.0232815 -0.012077
2.3 0.000944238 8.22321e-11 0.999036 -3.2067e-08 0.0257933 -0.0134321
2.4 0.00116504 1.04864e-10 0.998814 -3.4694e-08 0.0285827 -0.0149448
2.5 0.0014369 1.18524e-10 0.998541 -3.34086e-08 0.0316802 -0.0166115
2.6 0.0017703 1.19404e-10 0.998207 -2.90547e-08 0.0351145 -0.0184238
2.7 0.00217711 1.07336e-10 0.9978 -2.33006e-08 0.0389111 -0.0203699
2.8 0.00267058 1.01748e-10 0.997306 -2.19022e-08 0.0430921 -0.022434
2.9 0.00326528 1.02785e-10 0.996711 -2.29673e-08 0.0476748 -0.0245975
3 0.00397696 1.19698e-10 0.995998 -2.64904e-08 0.0526714 -0.0268396
3.1 0.00482242 1.52613e-10 0.995153 -3.15196e-08 0.0580885 -0.0291376
3.2 0.00581931 1.91919e-10 0.994156 -3.66363e-08 0.0639269 -0.0314679
3.3 0.00698586 2.19125e-10 0.992989 -4.04018e-08 0.0701813 -0.0338064
3.4 0.00834064 2.11241e-10 0.991634 -4.16934e-08 0.0768405 -0.0361294
3.5 0.00990221 1.57907e-10 0.990073 -4.0767e-08 0.0838874 -0.0384134
3.6 0.0116888 8.12044e-11 0.988286 -4.00047e-08 0.0912997 -0.0406363
3.7 0.0137178 -6.69744e-11 0.986257 -3.89335e-08 0.0990495 -0.0427769
3.8 0.0160056 -2.87302e-10 0.983969 -3.67994e-08 0.107104 -0.0448153
3.9 0.018567 -6.07803e-10 0.981408 -3.159e-08 0.115427 -0.0467331
4 0.0214149 -1.01951e-09 0.978559 -2.27393e-08 0.123977 -0.0485129
4.1 0.0245596 -9.96381e-10 0.975414 -1.78754e-08 0.132709 -0.0501387
4.2 0.0280087 -7.3471e-10 0.971964 -1.52435e-08 0.141575 -0.0515959
4.3 0.0317662 -4.1348e-10 0.968206 -1.31248e-08 0.150523 -0.0528711
4.4 0.0358327 4.15214e-10 0.96414 -1.76512e-08 0.159502 -0.0539523
4.5 0.0402044 1.56816e-09 0.959768 -2.20499e-08 0.168455 -0.0548282
4.6 0.0448731 3.02193e-09 0.9551 -2.80479e-08 0.177327 -0.0554894
4.7 0.049826 4.53982e-09 0.950147 -3.37356e-08 0.18606 -0.0559277
4.8 0.0550451 6.10446e-09 0.944928 -3.94002e-08 0.194596 -0.0561374
4.9 0.0605075 7.73894e-09 0.939466 -4.51289e-08 0.202879 -0.0561152
5 0.0661858 9.28888e-09 0.933788 -5.14488e-08 0.210851 -0.055861
5.1 0.0720476 9.77863e-09 0.927926 -5.21817e-08 0.218459 -0.0553782
5.2 0.0780569 8.91819e-09 0.921917 -4.98934e-08 0.225651 -0.0546751
5.3 0.0841747 5.95195e-09 0.915799 -4.40324e-08 0.232381 -0.0537647
5.4 0.0903595 1.07049e-09 0.909614 -3.43194e-08 0.238608 -0.0526649
5.5 0.0965693 -4.36202e-09 0.903404 -2.3157e-08 0.244299 -0.0513979
5.6 0.102762 -8.40907e-09 0.897211 -1.34274e-08 0.249427 -0.0499895
5.7 0.108898 -9.8767e-09 0.891075 -7.98262e-09 0.253975 -0.0484688
5.8 0.114938 -8.39272e-09 0.885034 -8.58806e-09 0.257937 -0.0468663
5.9 0.120849 -4.48484e-09 0.879123 -1.46132e-08 0.261311 -0.045213
6 0.126602 1.16864e-09 0.87337 -2.6017e-08 0.264108 -0.0435386
6.1 0.132171 8.45172e-09 0.867801 -4.2432e-08 0.266346 -0.0418703
6.2 0.137536 1.83485e-08 0.862435 -6.42718e-08 0.268049 -0.0402298
6.3 0.142681 3.24187e-08 0.85729 -8.77804e-08 0.269246 -0.0386335
6.4 0.147594 4.93334e-08 0.852376 -1.12069e-07 0.269969 -0.0370912
6.5 0.152267 6.14188e-08 0.847703 -1.27163e-07 0.270255 -0.0356054
6.6 0.156691 6.60727e-08 0.843279 -1.36584e-07 0.270134 -0.0341715
6.7 0.160859 6.05345e-08 0.839111 -1.32284e-07 0.269639 -0.0327787
6.8 0.164763 4.88792e-08 0.835207 -1.22148e-07 0.268794 -0.0314113
6.9 0.168395 3.50349e-08 0.831575 -1.09528e-07 0.26762 -0.0300514
7 0.171744 2.25769e-08 0.828225 -9.80896e-08 0.26613 -0.0286804
7.1 0.174798 1.22822e-08 0.825171 -8.87188e-08 0.264332 -0.027282
7.2 0.177546 4.35192e-09 0.822422 -8.1865e-08 0.262228 -0.0258437
7.3 0.179976 -7.5437e-10 0.819992 -7.50698e-08 0.259815 -0.0243581
7.4 0.182077 -2.08081e-09 0.817891 -7.0805e-08 0.257091 -0.0228244
7.5 0.183842 2.01652e-09 0.816126 -7.29965e-08 0.254048 -0.0212474
7.6 0.185265 1.24673e-08 0.814701 -8.45574e-08 0.250683 -0.0196379
7.7 0.186349 3.13072e-08 0.813618 -1.01965e-07 0.246993 -0.0180111
7.8 0.187097 5.71744e-08 0.812869 -1.2412e-07 0.242977 -0.0163847
7.9 0.187521 8.52771e-08 0.812444 -1.46175e-07 0.238639 -0.0147779
8 0.187635 1.15151e-07 0.81233 -1.75992e-07 0.233985 -0.0132104
8.1 0.187459 1.41207e-07 0.812506 -2.03404e-07 0.229027 -0.011701
8.2 0.187014 1.62281e-07 0.81295 -2.26815e-07 0.223781 -0.0102653
8.3 0.186327 1.78957e-07 0.813637 -2.46999e-07 0.218267 -0.00891519
8.4 0.185423 1.91154e-07 0.81454 -2.57347e-07 0.212509 -0.00765735
8.5 0.184329 1.99023e-07 0.815634 -2.61934e-07 0.206531 -0.00649385
8.6 0.183069 2.04004e-07 0.816893 -2.65271e-07 0.20036 -0.00542181
8.7 0.181669 2.06312e-07 0.818292 -2.67553e-07 0.19402 -0.00443436
8.8 0.18015 2.05215e-07 0.819811 -2.67578e-07 0.187537 -0.00352228
8.9 0.178531 1.9725e-07 0.82143 -2.64465e-07 0.180934 -0.00267393
9 0.176829 1.83986e-07 0.823132 -2.57936e-07 0.174232 -0.00187739
9.1 0.175058 1.66664e-07 0.824902 -2.5596e-07 0.16745 -0.00112079
9.2 0.173232 1.46121e-07 0.826728 -2.58088e-07 0.160608 -0.000394735
9.3 0.17136 1.26435e-07 0.828599 -2.44272e-07 0.153721 0.000308491
9.4 0.169453 1.07991e-07 0.830506 -2.21127e-07 0.146807 0.000994042
9.5 0.167518 9.02911e-08 0.83244 -1.87213e-07 0.139881 0.00166419
9.6 0.165565 7.58477e-08 0.834394 -1.53932e-07 0.132959 0.00231779
9.7 0.1636 6.18797e-08 0.836358 -1.29157e-07 0.126056 0.00295118
9.8 0.161631 4.88204e-08 0.838328 -1.10729e-07 0.119191 0.00355764
9.9 0.159664 3.75717e-08 0.840294 -9.96792e-08 0.112381 0.00412835
10 0.157707 2.90542e-08 0.842251 -9.69367e-08 0.105646 0.00465216
10.1 0.155766 2.5821e-08 0.844192 -1.0378e-07 0.0990075 0.00511694
10.2 0.153848 2.76988e-08 0.84611 -1.19663e-07 0.0924896 0.00551022
10.3 0.151958 3.74539e-08 0.847999 -1.26227e-07 0.0861187 0.00582205
10.4 0.150102 4.73431e-08 0.849855 -1.44665e-07 0.0799216 0.00604379
10.5 0.148285 5.63279e-08 0.851672 -1.66927e-07 0.0739258 0.00616979
10.6 0.146508 6.733e-08 0.853448 -1.81639e-07 0.0681574 0.00619686
10.7 0.144776 7.98646e-08 0.85518 -1.94347e-07 0.0626423 0.00612588
10.8 0.143089 9.284e-08 0.856868 -2.02967e-07 0.0574032 0.00596159
10.9 0.141447 1.03649e-07 0.858509 -2.08956e-07 0.0524602 0.00571281
11 0.13985 1.10737e-07 0.860106 -2.15505e-07 0.0478286 0.00539074
11.1 0.138297 1.1412e-07 0.861659 -2.24402e-07 0.0435205 0.00500958
11.2 0.136784 1.16351e-07 0.863171 -2.27006e-07 0.039543 0.00458571
11.3 0.13531 1.21473e-07 0.864645 -2.14652e-07 0.0358981 0.00413724
11.4 0.133871 1.28977e-07 0.866083 -2.04978e-07 0.0325823 0.00368344
11.5 0.132464 1.36507e-07 0.867489 -1.99295e-07 0.0295863 0.00324374
11.6 0.131087 1.40333e-07 0.868866 -2.12104e-07 0.0268956 0.00283687
11.7 0.129735 1.43539e-07 0.870218 -2.07779e-07 0.0244901 0.00247918
11.8 0.128407 1.45599e-07 0.871546 -1.95228e-07 0.0223454 0.00218364
11.9 0.127099 1.42005e-07 0.872853 -2.05957e-07 0.0204342 0.00195985
12 0.12581 1.36114e-07 0.874143 -2.22895e-07 0.0187272 0.00181262
12.1 0.124537 1.28561e-07 0.875415 -2.35488e-07 0.0171946 0.00174301
12.2 0.12328 1.21146e-07 0.876672 -2.45354e-07 0.0158064 0.00174728
12.3 0.122037 1.15018e-07 0.877915 -2.45869e-07 0.0145337 0.00181752
12.4 0.120807 1.0859e-07 0.879145 -2.47049e-07 0.0133511 0.00194213
12.5 0.11959 9.98251e-08 0.880361 -2.54639e-07 0.0122362 0.00210639
12.6 0.118386 9.09884e-08 0.881565 -2.57778e-07 0.0111707 0.00229363
12.7 0.117195 8.34029e-08 0.882756 -2.56422e-07 0.0101405 0.0024861
12.8 0.116017 7.84987e-08 0.883935 -2.44879e-07 0.00913639 0.00266555
12.9 0.114851 7.70735e-08 0.885101 -2.14348e-07 0.00815391 0.00281494
13 0.113697 8.06619e-08 0.886254 -1.63564e-07 0.0071924 0.00291885
13.1 0.112556 7.86863e-08 0.887395 -1.67268e-07 0.00625528 0.00296456
13.2 0.111428 7.67571e-08 0.888523 -1.84133e-07 0.00534939 0.00294117
13.3 0.110312 7.56804e-08 0.889639 -1.97243e-07 0.00448485 0.00284201
13.4 0.109209 7.45673e-08 0.890743 -2.15973e-07 0.00367378 0.00266541
13.5 0.108117 7.37599e-08 0.891834 -2.36136e-07 0.00292854 0.00241429
13.6 0.107038 7.30628e-08 0.892914 -2.59937e-07 0.00226066 0.00209564
13.7 0.10597 7.22371e-08 0.893981 -2.80102e-07 0.0016799 0.00172056
13.8 0.104914 7.13489e-08 0.895038 -2.97231e-07 0.00119355 0.00130261
13.9 0.103869 7.0813e-08 0.896083 -3.09064e-07 0.000806369 0.000857265
14 0.102834 7.02973e-08 0.897117 -3.16147e-07 0.000519886 0.000401786
14.1 0.101811 6.96134e-08 0.89814 -3.20512e-07 0.000332211 -4.57586e-05
14.2 0.100798 6.8347e-08 0.899153 -3.23992e-07 0.000237883 -0.000467563
14.3 0.0997954 6.74195e-08 0.900156 -3.27368e-07 0.000228192 -0.000847238
14.4 0.0988028 6.59358e-08 0.901148 -3.33711e-07 0.000291156 -0.00116999
14.5 0.0978201 6.48192e-08 0.902131 -3.3753e-07 0.000412017 -0.00142371
14.6 0.0968472 6.31118e-08 0.903103 -3.44495e-07 0.000574017 -0.00160013
14.7 0.095884 6.22741e-08 0.904066 -3.38483e-07 0.000759493 -0.00169462
14.8 0.0949303 6.1742e-08 0.90502 -3.27484e-07 0.000950346 -0.00170673
14.9 0.0939861 6.11466e-08 0.905964 -3.26264e-07 0.00112918 -0.00163999
15 0.0930511 6.07287e-08 0.906899 -3.38596e-07 0.00128025 -0.00150185
15.1 0.0921254 5.9531e-08 0.907825 -3.57404e-07 0.00139027 -0.0013029
15.2 0.0912089 5.77324e-08 0.908741 -3.85109e-07 0.00144884 -0.00105619
15.3 0.0903014 5.52221e-08 0.909648 -4.12144e-07 0.0014488 -0.000776594
15.4 0.0894029 5.49294e-08 0.910547 -4.17286e-07 0.00138657 -0.000480287
15.5 0.0885133 5.49861e-08 0.911436 -4.15763e-07 0.00126253 -0.00018397
15.6 0.0876326 5.58943e-08 0.912316 -4.03176e-07 0.00108085 9.64538e-05
15.7 0.0867606 5.61458e-08 0.913188 -3.99888e-07 0.000849166 0.00034616
15.8 0.0858973 5.58423e-08 0.914052 -3.84582e-07 0.000578312 0.000552773
15.9 0.0850426 5.58978e-08 0.914906 -3.67229e-07 0.000281282 0.000706839
16 0.0841964 5.63003e-08 0.915752 -3.54673e-07 -2.73527e-05 0.000802014
16.1 0.0833586 5.69618e-08 0.91659 -3.49048e-07 -0.00033202 0.000835557
16.2 0.0825292 5.5929e-08 0.91742 -3.49162e-07 -0.000617297 0.000808667
16.3 0.081708 5.42067e-08 0.918241 -3.56267e-07 -0.000868847 0.000726316
16.4 0.080895 5.19126e-08 0.919054 -3.7056e-07 -0.00107429 0.000596253
16.5 0.0800901 4.97149e-08 0.919859 -3.85102e-07 -0.00122359 0.000429134
16.6 0.0792931 4.84279e-08 0.920656 -3.91163e-07 -0.00131 0.000237654
16.7 0.0785042 4.75812e-08 0.921445 -3.91678e-07 -0.00133022 3.5652e-05
16.8 0.077723 4.68656e-08 0.922226 -3.93157e-07 -0.00128451 -0.000162795
16.9 0.0769497 4.61738e-08 0.922999 -3.96291e-07 -0.00117664 -0.000344112
17 0.076184 4.52411e-08 0.923765 -4.02379e-07 -0.00101372 -0.0004961
17.1 0.075426 4.45738e-08 0.924523 -4.07409e-07 -0.000805688 -0.000608398
17.2 0.0746755 4.37475e-08 0.925274 -4.14584e-07 -0.000564559 -0.000673299
17.3 0.0739325 4.33872e-08 0.926017 -4.15723e-07 -0.00030382 -0.000686017
17.4 0.0731968 4.29802e-08 0.926752 -4.1613e-07 -3.77974e-05 -0.00064467
17.5 0.0724685 4.27634e-08 0.927481 -4.13762e-07 0.000218955 -0.000550745
17.6 0.0717474 4.25524e-08 0.928202 -4.11635e-07 0.000452687 -0.000408819
17.7 0.0710335 4.2429e-08 0.928916 -4.08719e-07 0.000651055 -0.000226508
17.8 0.0703267 4.20275e-08 0.929622 -4.07869e-07 0.000803908 -1.40757e-05
17.9 0.069627 4.15341e-08 0.930322 -4.07681e-07 0.00090385 0.000216315
18 0.0689342 4.09794e-08 0.931015 -4.08619e-07 0.000946622 0.000451295
18.1 0.0682483 4.04603e-08 0.931701 -4.09129e-07 0.000931349 0.000677097
18.2 0.0675692 4.00374e-08 0.93238 -4.08926e-07 0.000860461 0.000880379
18.3 0.0668969 3.96576e-08 0.933053 -4.08211e-07 0.000739749 0.00104888
18.4 0.0662312 3.9273e-08 0.933718 -4.07656e-07 0.000577789 0.00117241
18.5 0.0655722 3.88904e-08 0.934377 -4.07239e-07 0.000385223 0.00124349
18.6 0.0649198 3.85119e-08 0.93503 -4.06773e-07 0.000174057 0.00125746
18.7 0.0642738 3.81286e-08 0.935676 -4.06281e-07 -4.2807e-05 0.00121248
18.8 0.0636343 3.77415e-08 0.936315 -4.0577e-07 -0.000252304 0.00111021
18.9 0.0630011 3.73522e-08 0.936948 -4.05182e-07 -0.000442139 0.000954851
19 0.0623742 3.69614e-08 0.937575 -4.04474e-07 -0.000601108 0.000753609
19.1 0.0617536 3.657e-08 0.938195 -4.03629e-07 -0.000720061 0.000516074
19.2 0.0611391 3.61964e-08 0.93881 -4.03e-07 -0.000791971 0.000253745
19.3 0.0605308 3.58332e-08 0.939418 -4.0257e-07 -0.000812476 -2.06092e-05
19.4 0.0599285 3.54759e-08 0.940021 -4.02199e-07 -0.00078007 -0.000293518
19.5 0.0593322 3.51236e-08 0.940617 -4.01852e-07 -0.000696317 -0.000551492
19.6 0.0587418 3.47755e-08 0.941208 -4.01503e-07 -0.000565819 -0.000781812
19.7 0.0581574 3.44297e-08 0.941792 -4.01165e-07 -0.000396007 -0.000973387
19.8 0.0575787 3.40872e-08 0.942371 -4.00831e-07 -0.000196562 -0.00111744
19.9 0.0570058 3.37481e-08 0.942944 -4.00492e-07 2.10694e-05 -0.00120782
20 0.0564386 3.34123e-08 0.943511 -4.00156e-07 0.000244706 -0.0012415
