0 0 0 1 0 0 0
0.1 1.71711e-07 2.51097e-15 0.999989 2.08036e-08 4.82626e-05 -0.000411152
0.2 7.90764e-07 9.63704e-16 0.999989 3.4708e-08 0.000195236 -0.000865655
0.3 2.03544e-06 -2.54747e-14 0.999987 5.61847e-08 0.000448428 -0.00134911
0.4 4.11359e-06 -9.22699e-14 0.999984 8.10836e-08 0.000811821 -0.00184709
0.5 7.26169e-06 -1.79983e-13 0.999981 1.05137e-07 0.00128599 -0.00234613
0.6 1.17436e-05 -2.13747e-13 0.999976 1.25821e-07 0.00186844 -0.00283457
0.7 1.78497e-05 -5.37018e-14 0.999969 1.42022e-07 0.00255414 -0.00330339
0.8 2.58978e-05 4.88118e-13 0.999961 1.54255e-07 0.00333623 -0.00374683
0.9 3.62367e-05 1.59864e-12 0.99995 1.64445e-07 0.00420682 -0.00416287
1 4.92551e-05 3.53972e-12 0.999937 1.72795e-07 0.00515795 -0.0045535
1.1 6.53963e-05 6.57024e-12 0.999921 1.80373e-07 0.00618248 -0.00492474
1.2 8.51823e-05 1.10507e-11 0.999901 1.87173e-07 0.00727505 -0.00528645
1.3 0.000109249 1.76096e-11 0.999877 1.91613e-07 0.00843291 -0.00565201
1.4 0.000138394 2.69206e-11 0.999848 1.93536e-07 0.00965664 -0.00603762
1.5 0.000173636 3.99446e-11 0.999813 1.91792e-07 0.0109507 -0.00646166
1.6 0.000216298 5.76896e-11 0.99977 1.8557e-07 0.012324 -0.00694378
1.7 0.00026809 8.06588e-11 0.999718 1.75742e-07 0.0137895 -0.00750401
1.8 0.000331225 1.08428e-10 0.999654 1.64198e-07 0.0153649 -0.00816179
1.9 0.000408529 1.39351e-10 0.999577 1.5299e-07 0.0170717 -0.00893508
2 0.000503574 1.70394e-10 0.999481 1.45055e-07 0.0189352 -0.0098395
2.1 0.000620804 1.99763e-10 0.999363 1.39175e-07 0.0209835 -0.0108876
2.2 0.000765669 2.2428e-10 0.999217 1.38012e-07 0.0232468 -0.0120882
2.3 0.000944742 2.44667e-10 0.999037 1.37204e-07 0.0257564 -0.013446
2.4 0.00116583 2.63254e-10 0.998815 1.32859e-07 0.0285437 -0.0149616
2.5 0.00143805 2.89458e-10 0.998543 1.20549e-07 0.0316393 -0.0166309
2.6 0.0017719 3.35517e-10 0.998208 9.8828e-08 0.0350717 -0.0184457
2.7 0.00217926 4.13064e-10 0.9978 6.6344e-08 0.0388665 -0.0203938
2.8 0.0026734 4.84843e-10 0.997305 3.3786e-08 0.0430455 -0.0224595
2.9 0.00326886 5.48347e-10 0.996709 2.6532e-09 0.0476259 -0.0246243
3 0.00398141 5.56758e-10 0.995996 -1.70685e-08 0.0526197 -0.0268671
3.1 0.00482785 4.69131e-10 0.99515 -2.27184e-08 0.0580333 -0.0291654
3.2 0.00582583 3.30997e-10 0.994152 -3.1459e-08 0.0638674 -0.0314957
3.3 0.00699358 3.93419e-11 0.992984 -3.54595e-08 0.0701165 -0.0338341
3.4 0.00834967 -4.02843e-10 0.991627 -3.75812e-08 0.0767695 -0.0361569
3.5 0.00991267 -9.81872e-10 0.990064 -3.82111e-08 0.0838092 -0.0384409
3.6 0.0117008 -1.70481e-09 0.988276 -3.43794e-08 0.0912132 -0.040664
3.7 0.0137315 -2.45145e-09 0.986245 -2.79867e-08 0.0989537 -0.0428053
3.8 0.0160213 -3.13444e-09 0.983955 -1.9484e-08 0.106998 -0.0448449
3.9 0.018585 -3.7316e-09 0.98139 -7.91449e-09 0.11531 -0.0467646
4 0.0214354 -4.15968e-09 0.97854 2.65545e-10 0.123847 -0.0485473
4.1 0.0245831 -4.43705e-09 0.975392 6.27617e-09 0.132566 -0.0501771
4.2 0.0280357 -4.54704e-09 0.971938 9.24015e-09 0.141419 -0.0516394
4.3 0.0317975 -4.3658e-09 0.968176 6.7669e-09 0.150354 -0.0529206
4.4 0.0358691 -3.48577e-09 0.964105 -1.23367e-09 0.159319 -0.0540085
4.5 0.0402468 -2.22876e-09 0.959727 -4.74352e-09 0.16826 -0.054892
4.6 0.0449226 -7.94218e-11 0.955051 -1.19427e-08 0.17712 -0.0555611
4.7 0.0498838 2.43446e-09 0.95009 -1.7267e-08 0.185841 -0.0560075
4.8 0.0551124 4.79333e-09 0.944862 -1.96706e-08 0.194367 -0.0562252
4.9 0.0605857 6.73246e-09 0.939389 -2.03604e-08 0.202639 -0.0562104
5 0.066276 7.75335e-09 0.933699 -1.82233e-08 0.210602 -0.0559627
5.1 0.0721512 7.70565e-09 0.927824 -1.08826e-08 0.2182 -0.0554855
5.2 0.078175 6.66917e-09 0.9218 -1.50351e-09 0.225384 -0.0547865
5.3 0.0843082 4.80748e-09 0.915667 7.86697e-09 0.232105 -0.0538781
5.4 0.0905092 2.38051e-09 0.909466 1.50868e-08 0.238324 -0.0527776
5.5 0.0967354 1.56172e-09 0.90324 1.58972e-08 0.244005 -0.051507
5.6 0.102945 3.1668e-09 0.897031 9.89594e-09 0.249123 -0.0500924
5.7 0.109096 8.01853e-09 0.890879 -2.7122e-09 0.253659 -0.0485625
5.8 0.115151 1.4136e-08 0.884824 -1.59046e-08 0.257606 -0.0469481
5.9 0.121076 1.88799e-08 0.878899 -2.90301e-08 0.260964 -0.0452808
6 0.12684 2.06773e-08 0.873135 -4.4953e-08 0.263741 -0.0435908
6.1 0.132418 1.89069e-08 0.867556 -6.16212e-08 0.265955 -0.0419061
6.2 0.13779 1.10547e-08 0.862184 -7.07159e-08 0.26763 -0.0402497
6.3 0.142941 3.24513e-09 0.857034 -7.17833e-08 0.268796 -0.0386391
6.4 0.147858 -4.50765e-09 0.852117 -6.2249e-08 0.269486 -0.037085
6.5 0.152532 -9.02772e-09 0.847443 -4.78353e-08 0.269735 -0.0355902
6.6 0.156957 -1.19263e-08 0.843018 -2.57525e-08 0.269577 -0.0341506
6.7 0.161125 -1.48022e-08 0.838849 -2.01934e-09 0.269041 -0.0327552
6.8 0.165031 -1.84128e-08 0.834943 1.8005e-08 0.268155 -0.0313892
6.9 0.168664 -2.45279e-08 0.831309 2.87493e-08 0.266938 -0.0300349
7 0.172017 -3.5341e-08 0.827956 3.40264e-08 0.265406 -0.0286736
7.1 0.175078 -5.30259e-08 0.824894 3.91578e-08 0.263567 -0.0272886
7.2 0.177836 -7.26532e-08 0.822136 4.61358e-08 0.261425 -0.0258667
7.3 0.180278 -8.75488e-08 0.819693 6.33047e-08 0.258976 -0.0243997
7.4 0.182395 -9.65514e-08 0.817576 7.58655e-08 0.256218 -0.0228857
7.5 0.184179 -1.02516e-07 0.815791 8.3336e-08 0.253146 -0.0213294
7.6 0.185626 -1.11785e-07 0.814344 8.62008e-08 0.249754 -0.0197403
7.7 0.186736 -1.27539e-07 0.813234 9.33121e-08 0.24604 -0.0181322
7.8 0.187513 -1.50509e-07 0.812457 1.05202e-07 0.242003 -0.0165224
7.9 0.187967 -1.72113e-07 0.812002 1.33333e-07 0.237646 -0.0149303
8 0.188113 -1.88948e-07 0.811856 1.65167e-07 0.232979 -0.013376
8.1 0.187969 -1.77806e-07 0.811999 1.66462e-07 0.228013 -0.0118777
8.2 0.187558 -1.49313e-07 0.81241 1.61646e-07 0.222766 -0.0104501
8.3 0.186903 -1.15093e-07 0.813064 1.4811e-07 0.217258 -0.00910397
8.4 0.186031 -7.89293e-08 0.813936 1.14208e-07 0.211512 -0.00784513
8.5 0.184966 -5.19363e-08 0.815 8.47705e-08 0.205552 -0.00667529
8.6 0.183734 -3.94883e-08 0.816232 7.00777e-08 0.199403 -0.0055914
8.7 0.182358 -4.25762e-08 0.817608 7.25181e-08 0.193092 -0.00458716
8.8 0.180859 -6.03334e-08 0.819107 9.97075e-08 0.186642 -0.00365341
8.9 0.179255 -9.10008e-08 0.82071 1.54605e-07 0.180076 -0.00277883
9 0.177565 -1.22521e-07 0.822401 1.92863e-07 0.173416 -0.0019515
9.1 0.175801 -1.62767e-07 0.824165 2.37722e-07 0.166682 -0.00115995
9.2 0.173976 -2.1383e-07 0.825989 2.80941e-07 0.15989 -0.000394257
9.3 0.172101 -2.82296e-07 0.827864 3.19208e-07 0.153057 0.000353192
9.4 0.170187 -3.61941e-07 0.829778 3.47783e-07 0.146198 0.00108654
9.5 0.16824 -4.41055e-07 0.831725 3.76094e-07 0.139327 0.00180691
9.6 0.16627 -5.15241e-07 0.833694 4.06834e-07 0.13246 0.00251192
9.7 0.164285 -5.94395e-07 0.835679 4.38082e-07 0.125612 0.0031972
9.8 0.162292 -6.70041e-07 0.837672 5.0882e-07 0.118801 0.00385446
9.9 0.1603 -7.31638e-07 0.839665 5.8158e-07 0.112042 0.00447323
10 0.158314 -7.7353e-07 0.841649 6.48202e-07 0.105358 0.00504228
10.1 0.156344 -7.89611e-07 0.843619 6.86637e-07 0.0987683 0.00554922
10.2 0.154396 -7.85036e-07 0.845568 7.02355e-07 0.0922969 0.00598143
10.3 0.152476 -7.71984e-07 0.847488 6.91459e-07 0.0859685 0.00632722
10.4 0.15059 -7.61551e-07 0.849374 6.79455e-07 0.0798097 0.00657666
10.5 0.148742 -7.49958e-07 0.851221 6.62516e-07 0.0738473 0.00672326
10.6 0.146938 -7.41442e-07 0.853025 6.51644e-07 0.0681085 0.00676326
10.7 0.145179 -7.30801e-07 0.854785 6.36502e-07 0.0626187 0.00669684
10.8 0.143466 -7.14268e-07 0.856497 6.25842e-07 0.057401 0.00652828
10.9 0.141802 -6.97857e-07 0.858161 6.11272e-07 0.0524764 0.00626532
11 0.140184 -6.82347e-07 0.859779 5.97331e-07 0.0478621 0.0059202
11.1 0.138612 -6.73019e-07 0.861351 5.86555e-07 0.0435706 0.00550814
11.2 0.137083 -6.74708e-07 0.86288 5.84515e-07 0.0396091 0.00504668
11.3 0.135595 -6.84027e-07 0.864368 5.91841e-07 0.0359792 0.00455549
11.4 0.134144 -7.0115e-07 0.865819 6.18355e-07 0.0326768 0.00405474
11.5 0.132728 -7.24305e-07 0.867236 6.48322e-07 0.029692 0.0035648
11.6 0.131342 -7.54426e-07 0.868622 6.78415e-07 0.0270095 0.00310463
11.7 0.129983 -7.88447e-07 0.869981 7.01471e-07 0.0246101 0.00269075
11.8 0.128649 -8.22805e-07 0.871315 7.17467e-07 0.0224702 0.00233705
11.9 0.127337 -8.5691e-07 0.872627 7.27457e-07 0.0205621 0.00205405
12 0.126044 -8.87789e-07 0.87392 7.43069e-07 0.0188563 0.00184772
12.1 0.124768 -9.11869e-07 0.875196 7.65373e-07 0.0173227 0.00171902
12.2 0.123509 -9.27454e-07 0.876455 7.8899e-07 0.0159319 0.00166493
12.3 0.122264 -9.34863e-07 0.8777 7.98749e-07 0.014656 0.00167843
12.4 0.121033 -9.37085e-07 0.878931 7.74043e-07 0.0134696 0.0017494
12.5 0.119815 -9.35373e-07 0.880149 7.10663e-07 0.0123498 0.00186485
12.6 0.11861 -9.29236e-07 0.881353 6.30992e-07 0.0112775 0.00200921
12.7 0.117418 -9.19594e-07 0.882545 5.53197e-07 0.0102382 0.00216489
12.8 0.116239 -9.05435e-07 0.883725 4.96583e-07 0.0092224 0.00231378
12.9 0.115072 -8.90276e-07 0.884892 4.53835e-07 0.00822551 0.00243848
13 0.113917 -8.74592e-07 0.886046 4.28735e-07 0.00724722 0.0025231
13.1 0.112776 -8.58862e-07 0.887188 4.14662e-07 0.00629161 0.00255394
13.2 0.111646 -8.40096e-07 0.888317 4.33867e-07 0.0053667 0.00252063
13.3 0.110529 -8.25889e-07 0.889434 4.30701e-07 0.00448332 0.00241715
13.4 0.109424 -8.13749e-07 0.890539 4.26618e-07 0.00365367 0.00224197
13.5 0.108331 -8.05242e-07 0.891632 4.14415e-07 0.00289026 0.00199764
13.6 0.10725 -7.99296e-07 0.892713 3.91492e-07 0.002205 0.00169088
13.7 0.106181 -7.94538e-07 0.893782 3.65336e-07 0.00160799 0.00133205
13.8 0.105123 -7.89522e-07 0.89484 3.37493e-07 0.0011073 0.00093542
13.9 0.104076 -7.82599e-07 0.895886 3.34432e-07 0.000707761 0.00051627
14 0.10304 -7.74558e-07 0.896922 3.45522e-07 0.000411269 9.14842e-05
14.1 0.102015 -7.65821e-07 0.897947 3.62971e-07 0.000216194 -0.000321096
14.2 0.101 -7.57971e-07 0.898962 3.73287e-07 0.000117199 -0.000703769
14.3 0.0999955 -7.50276e-07 0.899966 3.82319e-07 0.000105223 -0.00103997
14.4 0.099001 -7.46437e-07 0.90096 3.62796e-07 0.00016781 -0.00131538
14.5 0.0980164 -7.41383e-07 0.901945 3.51421e-07 0.000289781 -0.0015187
14.6 0.0970416 -7.35344e-07 0.902919 3.44797e-07 0.000453992 -0.00164217
14.7 0.0960764 -7.28669e-07 0.903884 3.39345e-07 0.000642008 -0.00168187
14.8 0.0951208 -7.21361e-07 0.904839 3.35577e-07 0.000835096 -0.0016382
14.9 0.0941746 -7.13651e-07 0.905785 3.30615e-07 0.0010153 -0.00151593
15 0.0932378 -7.05523e-07 0.906722 3.26716e-07 0.00116642 -0.00132376
15.1 0.0923102 -6.96942e-07 0.907649 3.27853e-07 0.00127475 -0.00107372
15.2 0.0913918 -6.87961e-07 0.908568 3.30024e-07 0.00133005 -0.000780962
15.3 0.0904825 -6.7848e-07 0.909477 3.36413e-07 0.001326 -0.000462056
15.4 0.0895822 -6.69019e-07 0.910377 3.48782e-07 0.00126013 -0.000134096
15.5 0.0886908 -6.59479e-07 0.911268 3.65793e-07 0.00113374 0.000185973
15.6 0.0878082 -6.51595e-07 0.91215 3.71482e-07 0.000951703 0.000482208
15.7 0.0869345 -6.4551e-07 0.913023 3.54308e-07 0.000722079 0.00074028
15.8 0.0860694 -6.36825e-07 0.913888 3.65378e-07 0.00045574 0.000947939
15.9 0.085213 -6.27924e-07 0.914745 3.72901e-07 0.000165978 0.00109585
16 0.0843651 -6.21876e-07 0.915593 3.59869e-07 -0.000132331 0.00117815
16.1 0.0835256 -6.1668e-07 0.916432 3.46892e-07 -0.000423576 0.00119282
16.2 0.0826945 -6.11287e-07 0.917263 3.41277e-07 -0.000692344 0.00114177
16.3 0.0818717 -6.05585e-07 0.918086 3.29662e-07 -0.000924479 0.00103058
16.4 0.081057 -5.99575e-07 0.918901 3.15065e-07 -0.0011077 0.000868032
16.5 0.0802505 -5.93416e-07 0.919707 3.03835e-07 -0.00123255 0.000665791
16.6 0.079452 -5.8713e-07 0.920506 2.94356e-07 -0.00129265 0.000437648
16.7 0.0786614 -5.80844e-07 0.921297 2.87544e-07 -0.00128573 0.00019846
16.8 0.0778787 -5.7489e-07 0.922079 2.86598e-07 -0.00121327 -3.69021e-05
16.9 0.0771038 -5.69214e-07 0.922854 2.83133e-07 -0.00108007 -0.000254629
17 0.0763367 -5.63297e-07 0.923622 2.80862e-07 -0.000893827 -0.0004423
17.1 0.0755771 -5.57425e-07 0.924381 2.79355e-07 -0.000664849 -0.000589484
17.2 0.0748251 -5.51636e-07 0.925133 2.77681e-07 -0.000405497 -0.000688225
17.3 0.0740806 -5.45949e-07 0.925878 2.74222e-07 -0.000129542 -0.000733407
17.4 0.0733435 -5.40391e-07 0.926615 2.69728e-07 0.000148527 -0.000722944
17.5 0.0726137 -5.34983e-07 0.927345 2.63262e-07 0.000414105 -0.000658012
17.6 0.0718912 -5.29633e-07 0.928067 2.565e-07 0.000653236 -0.000542933
17.7 0.0711758 -5.24399e-07 0.928783 2.48375e-07 0.000853545 -0.000385048
17.8 0.0704676 -5.19152e-07 0.929491 2.41488e-07 0.00100463 -0.000194497
17.9 0.0697665 -5.13923e-07 0.930192 2.35687e-07 0.001099 1.65024e-05
18 0.0690723 -5.08765e-07 0.930886 2.30509e-07 0.00113256 0.000234462
18.1 0.068385 -5.03694e-07 0.931574 2.25556e-07 0.00110485 0.00044546
18.2 0.0677046 -4.98674e-07 0.932254 2.20582e-07 0.00101895 0.000636051
18.3 0.0670309 -4.937e-07 0.932928 2.15737e-07 0.000881137 0.000794215
18.4 0.066364 -4.88774e-07 0.933595 2.10866e-07 0.000700429 0.000909935
18.5 0.0657036 -4.83892e-07 0.934255 2.06093e-07 0.000488035 0.000975688
18.6 0.0650499 -4.79051e-07 0.934909 2.01293e-07 0.000256713 0.000986908
18.7 0.0644026 -4.7427e-07 0.935556 1.96491e-07 1.98514e-05 0.00094218
18.8 0.0637618 -4.69546e-07 0.936197 1.91677e-07 -0.000209162 0.000843253
18.9 0.0631273 -4.64872e-07 0.936831 1.86941e-07 -0.000417628 0.000694605
19 0.0624992 -4.60246e-07 0.93746 1.82279e-07 -0.000594036 0.000503663
19.1 0.0618773 -4.55667e-07 0.938081 1.77718e-07 -0.000728858 0.000280275
19.2 0.0612616 -4.51136e-07 0.938697 1.73269e-07 -0.000815099 3.60838e-05
19.3 0.0606521 -4.46644e-07 0.939307 1.68785e-07 -0.00084856 -0.000216044
19.4 0.0600486 -4.42202e-07 0.93991 1.64382e-07 -0.000828192 -0.000462839
19.5 0.0594511 -4.37803e-07 0.940508 1.59997e-07 -0.000755784 -0.000691273
19.6 0.0588595 -4.33447e-07 0.941099 1.55643e-07 -0.000636149 -0.000889083
19.7 0.0582739 -4.29134e-07 0.941685 1.51314e-07 -0.000476809 -0.00104572
19.8 0.057694 -4.24864e-07 0.942265 1.47044e-07 -0.000287519 -0.00115252
19.9 0.05712 -4.20637e-07 0.942839 1.42817e-07 -8.00691e-05 -0.00120387
20 0.0565516 -4.16451e-07 0.943407 1.38632e-07 0.000132771 -0.00119739
