0 0 0 1 0 0 0
0.1 1.71711e-07 -9.76622e-16 0.999991 7.78836e-09 4.82647e-05 -0.000411212
0.2 7.90821e-07 -1.71087e-15 0.99999 1.15545e-08 0.00019528 -0.000865954
0.3 2.03582e-06 6.45408e-15 0.999989 1.195e-08 0.000448643 -0.00134994
0.4 4.11501e-06 4.22335e-14 0.999986 8.80053e-09 0.000812474 -0.00184885
0.5 7.26561e-06 1.23033e-13 0.999982 4.06731e-09 0.00128753 -0.00234925
0.6 1.17525e-05 2.58197e-13 0.999977 -6.5662e-10 0.00187153 -0.00283949
0.7 1.78676e-05 4.24434e-13 0.99997 -3.08861e-09 0.00255967 -0.00331049
0.8 2.59303e-05 6.058e-13 0.999961 -3.55728e-09 0.00334529 -0.00375637
0.9 3.62913e-05 7.01856e-13 0.99995 -1.22082e-09 0.00422073 -0.00417491
1 4.93406e-05 5.52849e-13 0.999937 4.83177e-09 0.00517817 -0.00456785
1.1 6.55223e-05 1.15119e-13 0.99992 1.24995e-08 0.00621058 -0.00494091
1.2 8.53579e-05 -3.56196e-13 0.9999 1.88671e-08 0.0073126 -0.00530365
1.3 0.00010948 -5.66411e-13 0.999876 2.29328e-08 0.00848144 -0.00566909
1.4 0.000138681 1.13882e-13 0.999847 2.36962e-08 0.00971753 -0.00605315
1.5 0.000173971 2.49436e-12 0.999811 2.05273e-08 0.0110252 -0.00647396
1.6 0.000216654 7.32268e-12 0.999769 1.36579e-08 0.0124128 -0.00695096
1.7 0.000268423 1.4753e-11 0.999717 4.47679e-09 0.0138934 -0.00750408
1.8 0.000331459 2.3911e-11 0.999654 -5.44268e-09 0.015484 -0.00815273
1.9 0.000408555 3.40977e-11 0.999576 -1.89455e-08 0.017206 -0.00891495
2 0.000503237 4.35745e-11 0.999481 -3.15469e-08 0.0190842 -0.00980655
2.1 0.0006199 5.01893e-11 0.999364 -4.30491e-08 0.0211466 -0.0108403
2.2 0.000763932 5.18404e-11 0.999219 -5.38432e-08 0.023423 -0.0120255
2.3 0.000941847 4.6869e-11 0.999041 -6.58703e-08 0.0259449 -0.0133674
2.4 0.00116138 2.45841e-11 0.998822 -7.07423e-08 0.0287436 -0.0148668
2.5 0.0014316 -2.56254e-11 0.998551 -7.00498e-08 0.03185 -0.0165203
2.6 0.00176291 -1.13576e-10 0.99822 -6.36079e-08 0.0352929 -0.0183201
2.7 0.00216716 -2.42487e-10 0.997815 -5.39677e-08 0.0390983 -0.0202543
2.8 0.00265753 -4.06619e-10 0.997324 -4.4515e-08 0.0432886 -0.0223076
2.9 0.00324853 -6.34958e-10 0.996732 -3.08585e-08 0.0478816 -0.0244616
3 0.00395589 -9.22758e-10 0.996025 -1.9127e-08 0.0528903 -0.0266953
3.1 0.00479637 -1.23893e-09 0.995184 -1.42312e-08 0.0583217 -0.028986
3.2 0.00578755 -1.54541e-09 0.994193 -1.49806e-08 0.0641771 -0.0313098
3.3 0.00694763 -1.75489e-09 0.993033 -2.1182e-08 0.070452 -0.0336424
3.4 0.0082951 -1.77427e-09 0.991686 -3.11271e-08 0.0771354 -0.0359592
3.5 0.00984841 -1.53726e-09 0.990132 -4.22101e-08 0.0842106 -0.0382365
3.6 0.0116256 -1.02501e-09 0.988355 -5.21449e-08 0.0916553 -0.0404512
3.7 0.0136441 -2.792e-10 0.986337 -6.27259e-08 0.0994415 -0.0425815
3.8 0.0159198 6.02618e-10 0.984061 -7.17894e-08 0.107537 -0.0446069
3.9 0.0184673 1.4504e-09 0.981514 -7.93437e-08 0.115903 -0.0465085
4 0.0212991 2.114e-09 0.978682 -8.40813e-08 0.124499 -0.0482685
4.1 0.0244251 2.46201e-09 0.975556 -8.77345e-08 0.133279 -0.0498709
4.2 0.0278524 2.48537e-09 0.972129 -9.15237e-08 0.142195 -0.0513009
4.3 0.0315844 2.16117e-09 0.968397 -9.64191e-08 0.151195 -0.052545
4.4 0.0356212 1.28733e-09 0.96436 -9.89901e-08 0.160225 -0.0535911
4.5 0.0399584 3.42543e-10 0.960023 -1.04238e-07 0.169229 -0.0544287
4.6 0.0445871 -5.71713e-10 0.955395 -1.12992e-07 0.17815 -0.0550493
4.7 0.0494939 -1.54577e-09 0.950488 -1.21943e-07 0.186929 -0.055446
4.8 0.0546605 -3.04999e-09 0.945321 -1.31631e-07 0.195509 -0.0556146
4.9 0.0600638 -5.49367e-09 0.939917 -1.39543e-07 0.203831 -0.0555537
5 0.0656761 -8.86643e-09 0.934305 -1.43828e-07 0.21184 -0.0552653
5.1 0.0714658 -1.13678e-08 0.928515 -1.43329e-07 0.219481 -0.0547553
5.2 0.0773973 -1.21491e-08 0.922583 -1.39241e-07 0.226706 -0.0540336
5.3 0.0834326 -1.04522e-08 0.916547 -1.38179e-07 0.233469 -0.0531147
5.4 0.0895318 -6.82973e-09 0.910448 -1.45527e-07 0.239731 -0.0520175
5.5 0.0956542 -4.04966e-09 0.904325 -1.53471e-07 0.24546 -0.0507647
5.6 0.10176 -2.78695e-09 0.898219 -1.61959e-07 0.250633 -0.0493824
5.7 0.10781 -8.42882e-10 0.892169 -1.66207e-07 0.255234 -0.047899
5.8 0.113769 7.9248e-10 0.886209 -1.65606e-07 0.259257 -0.0463445
5.9 0.119605 4.07459e-09 0.880373 -1.62585e-07 0.262704 -0.0447478
6 0.125289 1.01052e-08 0.874689 -1.66307e-07 0.265587 -0.0431368
6.1 0.130798 1.16628e-08 0.869179 -1.69379e-07 0.267924 -0.0415355
6.2 0.136112 5.34977e-09 0.863865 -1.62555e-07 0.269739 -0.0399631
6.3 0.141216 -9.45663e-09 0.858761 -1.44703e-07 0.271063 -0.0384321
6.4 0.146097 -3.03535e-08 0.853879 -1.16499e-07 0.27193 -0.0369482
6.5 0.150745 -5.12628e-08 0.849231 -8.24033e-08 0.27237 -0.0355094
6.6 0.155149 -7.0146e-08 0.844827 -6.69586e-08 0.272415 -0.0341082
6.7 0.159299 -7.99205e-08 0.840676 -5.78263e-08 0.272093 -0.0327316
6.8 0.163186 -7.86017e-08 0.836789 -5.95542e-08 0.271426 -0.0313634
6.9 0.166798 -6.291e-08 0.833177 -7.41097e-08 0.270432 -0.0299856
7 0.17012 -3.31727e-08 0.829855 -9.89141e-08 0.269122 -0.0285809
7.1 0.173139 9.1546e-09 0.826835 -1.33042e-07 0.267503 -0.027134
7.2 0.175841 6.06625e-08 0.824133 -1.74639e-07 0.265575 -0.0256341
7.3 0.178211 1.18199e-07 0.821763 -2.22184e-07 0.263335 -0.0240753
7.4 0.180239 1.76361e-07 0.819735 -2.78921e-07 0.260776 -0.0224592
7.5 0.181915 2.28545e-07 0.818058 -3.34392e-07 0.257892 -0.020793
7.6 0.183235 2.68742e-07 0.816737 -3.82847e-07 0.254674 -0.0190904
7.7 0.184201 2.89353e-07 0.815771 -4.16151e-07 0.251118 -0.0173692
7.8 0.184818 2.88723e-07 0.815154 -4.32138e-07 0.247222 -0.0156513
7.9 0.185099 2.74672e-07 0.814873 -4.34011e-07 0.242989 -0.0139593
8 0.185061 2.54464e-07 0.814911 -4.1952e-07 0.238425 -0.0123162
8.1 0.184725 2.22043e-07 0.815247 -3.95031e-07 0.233544 -0.010742
8.2 0.184118 1.82104e-07 0.815854 -3.52943e-07 0.228359 -0.00925372
8.3 0.183266 1.33588e-07 0.816705 -3.02194e-07 0.222892 -0.00786257
8.4 0.182199 7.90126e-08 0.817772 -2.48094e-07 0.217162 -0.00657622
8.5 0.180945 2.40149e-08 0.819026 -1.95241e-07 0.211194 -0.0053964
8.6 0.179533 -3.35498e-08 0.820438 -1.45342e-07 0.205012 -0.00432118
8.7 0.177987 -9.1006e-08 0.821983 -1.04802e-07 0.198638 -0.00334445
8.8 0.176332 -1.40099e-07 0.823638 -7.1832e-08 0.192096 -0.00245863
8.9 0.17459 -1.82059e-07 0.825381 -4.2701e-08 0.18541 -0.00165321
9 0.172777 -2.13876e-07 0.827193 -1.43712e-08 0.178599 -0.000917412
9.1 0.170912 -2.35108e-07 0.829058 -2.88161e-09 0.171686 -0.000240476
9.2 0.169006 -2.49588e-07 0.830963 -3.68701e-09 0.164689 0.000386584
9.3 0.167074 -2.43111e-07 0.832895 -4.79817e-09 0.157626 0.000971453
9.4 0.165123 -2.29733e-07 0.834846 -1.91068e-08 0.150515 0.00151882
9.5 0.163164 -2.19986e-07 0.836804 -4.99406e-08 0.143376 0.00203128
9.6 0.161205 -2.09481e-07 0.838764 -1.10507e-07 0.136224 0.00250874
9.7 0.159252 -1.77151e-07 0.840717 -1.90033e-07 0.129082 0.00294848
9.8 0.157312 -1.33072e-07 0.842656 -2.81783e-07 0.121968 0.00334511
9.9 0.155392 -6.95244e-08 0.844576 -3.06424e-07 0.114905 0.00369241
10 0.153497 -3.24135e-09 0.846471 -3.18969e-07 0.107918 0.00398263
10.1 0.151631 5.52043e-08 0.848336 -3.29666e-07 0.10103 0.00420809
10.2 0.1498 9.46995e-08 0.850167 -3.76538e-07 0.09427 0.00436057
10.3 0.148008 1.16091e-07 0.851959 -4.28222e-07 0.0876663 0.00443423
10.4 0.146258 1.25535e-07 0.853709 -4.54435e-07 0.0812471 0.00442524
10.5 0.144551 1.30801e-07 0.855416 -4.71559e-07 0.075041 0.0043315
10.6 0.142889 1.31295e-07 0.857077 -4.81061e-07 0.0690761 0.00415348
10.7 0.141273 1.32053e-07 0.858693 -4.78983e-07 0.0633797 0.00389585
10.8 0.139702 1.29788e-07 0.860264 -4.94083e-07 0.0579753 0.00356685
10.9 0.138174 1.25549e-07 0.861792 -5.09845e-07 0.0528837 0.00317752
11 0.136689 1.22476e-07 0.863277 -5.14361e-07 0.0481212 0.00274229
11.1 0.135242 1.18048e-07 0.864724 -5.12553e-07 0.0436996 0.00227811
11.2 0.133831 1.10645e-07 0.866135 -5.04195e-07 0.0396251 0.0018038
11.3 0.132452 9.96844e-08 0.867513 -4.91458e-07 0.0358979 0.00133961
11.4 0.131103 8.69356e-08 0.868862 -4.75653e-07 0.0325122 0.000905727
11.5 0.129778 7.34517e-08 0.870187 -4.61065e-07 0.0294568 0.000521459
11.6 0.128476 6.06332e-08 0.871489 -4.46738e-07 0.0267143 0.000204343
11.7 0.127193 4.99979e-08 0.872771 -4.33375e-07 0.0242627 -3.14846e-05
11.8 0.125927 4.29443e-08 0.874038 -4.22868e-07 0.0220764 -0.000176093
11.9 0.124675 3.96105e-08 0.875289 -4.20892e-07 0.0201271 -0.000222798
12 0.123435 4.08979e-08 0.876528 -4.26214e-07 0.0183846 -0.000169757
12.1 0.122207 4.57541e-08 0.877756 -4.30513e-07 0.0168181 -1.97347e-05
12.2 0.12099 5.12507e-08 0.878974 -4.36861e-07 0.0153971 0.00022
12.3 0.119782 5.56617e-08 0.880181 -4.43475e-07 0.0140931 0.000537457
12.4 0.118585 5.84029e-08 0.881378 -4.47681e-07 0.0128804 0.000916568
12.5 0.117397 6.00765e-08 0.882566 -4.51094e-07 0.0117378 0.001339
12.6 0.11622 6.17783e-08 0.883743 -4.55349e-07 0.0106483 0.00178481
12.7 0.115054 6.34603e-08 0.884909 -4.60676e-07 0.00959909 0.00223366
12.8 0.113898 6.48302e-08 0.886065 -4.64216e-07 0.00858142 0.00266491
12.9 0.112753 6.57428e-08 0.88721 -4.6571e-07 0.00759091 0.00305884
13 0.11162 6.70973e-08 0.888343 -4.66156e-07 0.00662768 0.00339746
13.1 0.110498 6.86624e-08 0.889464 -4.65391e-07 0.00569596 0.00366581
13.2 0.109389 7.02749e-08 0.890574 -4.66115e-07 0.00480283 0.00385209
13.3 0.108291 7.18521e-08 0.891671 -4.6788e-07 0.00395769 0.00394869
13.4 0.107206 7.27992e-08 0.892756 -4.66435e-07 0.0031715 0.00395197
13.5 0.106132 7.35995e-08 0.89383 -4.63857e-07 0.00245593 0.00386292
13.6 0.10507 7.39499e-08 0.894891 -4.61567e-07 0.00182234 0.00368645
13.7 0.10402 7.39947e-08 0.895941 -4.59476e-07 0.00128107 0.00343221
13.8 0.102981 7.40856e-08 0.89698 -4.56138e-07 0.00083997 0.00311313
13.9 0.101954 7.39176e-08 0.898008 -4.54485e-07 0.000504025 0.00274547
14 0.100937 7.37715e-08 0.899024 -4.52126e-07 0.000274331 0.00234746
14.1 0.0999312 7.34309e-08 0.90003 -4.51401e-07 0.000147478 0.00193806
14.2 0.0989357 7.30165e-08 0.901026 -4.51011e-07 0.000115931 0.00153528
14.3 0.0979506 7.25334e-08 0.902011 -4.50556e-07 0.000168955 0.00115536
14.4 0.0969755 7.19459e-08 0.902986 -4.50008e-07 0.000293288 0.00081251
14.5 0.0960103 7.1274e-08 0.903951 -4.49382e-07 0.000473255 0.000518668
14.6 0.0950548 7.05331e-08 0.904907 -4.48476e-07 0.000691318 0.00028212
14.7 0.0941089 6.97701e-08 0.905853 -4.46917e-07 0.000929732 0.000107723
14.8 0.0931725 6.89635e-08 0.906789 -4.45075e-07 0.00117005 -3.26018e-06
14.9 0.0922454 6.81508e-08 0.907716 -4.43804e-07 0.0013952 -5.3517e-05
15 0.0913275 6.73394e-08 0.908634 -4.43459e-07 0.00159008 -4.88338e-05
15.1 0.0904187 6.65482e-08 0.909543 -4.43995e-07 0.00174154 2.29262e-06
15.2 0.089519 6.58238e-08 0.910442 -4.4488e-07 0.00183866 8.87846e-05
15.3 0.0886283 6.51411e-08 0.911333 -4.46289e-07 0.00187423 0.000197808
15.4 0.0877464 6.41647e-08 0.912215 -4.44362e-07 0.00184414 0.000315137
15.5 0.0868732 6.34369e-08 0.913088 -4.43188e-07 0.00174839 0.000426084
15.6 0.0860088 6.27429e-08 0.913952 -4.41866e-07 0.00159101 0.000516212
15.7 0.085153 6.20838e-08 0.914808 -4.40274e-07 0.0013801 0.00057271
15.8 0.0843056 6.1445e-08 0.915655 -4.38435e-07 0.00112686 0.000585565
15.9 0.0834668 6.08089e-08 0.916494 -4.36557e-07 0.000844688 0.00054789
16 0.0826362 6.02511e-08 0.917325 -4.35438e-07 0.000548198 0.000455951
16.1 0.081814 5.96966e-08 0.918147 -4.34464e-07 0.000252768 0.000309429
16.2 0.0809999 5.91257e-08 0.918961 -4.33531e-07 -2.63392e-05 0.00011148
16.3 0.080194 5.85448e-08 0.919767 -4.32569e-07 -0.00027494 -0.000131166
16.4 0.079396 5.79424e-08 0.920565 -4.31811e-07 -0.000480633 -0.000408958
16.5 0.078606 5.74303e-08 0.921355 -4.32546e-07 -0.000633446 -0.000709623
16.6 0.0778239 5.6875e-08 0.922137 -4.32457e-07 -0.00072668 -0.00101894
16.7 0.0770495 5.63003e-08 0.922911 -4.32065e-07 -0.000757119 -0.00132149
16.8 0.0762829 5.57092e-08 0.923678 -4.3153e-07 -0.00072532 -0.00160221
16.9 0.0755238 5.5105e-08 0.924437 -4.3083e-07 -0.000635462 -0.00184658
17 0.0747724 5.45456e-08 0.925188 -4.30025e-07 -0.000495035 -0.00204175
17.1 0.0740284 5.40154e-08 0.925932 -4.29251e-07 -0.000314327 -0.00217737
17.2 0.0732918 5.34694e-08 0.926669 -4.2856e-07 -0.000105617 -0.00224592
17.3 0.0725625 5.29336e-08 0.927398 -4.27959e-07 0.000117457 -0.00224296
17.4 0.0718405 5.24063e-08 0.92812 -4.27503e-07 0.000340926 -0.00216771
17.5 0.0711257 5.18893e-08 0.928835 -4.27097e-07 0.000550163 -0.00202248
17.6 0.070418 5.13762e-08 0.929542 -4.26651e-07 0.000731328 -0.00181332
17.7 0.0697173 5.08679e-08 0.930243 -4.26248e-07 0.000872788 -0.00154981
17.8 0.0690236 5.03696e-08 0.930937 -4.25932e-07 0.000965537 -0.00124376
17.9 0.0683368 4.98685e-08 0.931624 -4.25481e-07 0.00100297 -0.000908456
18 0.0676569 4.93715e-08 0.932304 -4.25064e-07 0.00098158 -0.000558573
18.1 0.0669837 4.88913e-08 0.932977 -4.24768e-07 0.000901039 -0.000209142
18.2 0.0663172 4.84088e-08 0.933644 -4.24338e-07 0.000764279 0.000124897
18.3 0.0656573 4.79291e-08 0.934304 -4.23921e-07 0.000577504 0.000429405
18.4 0.065004 4.74527e-08 0.934957 -4.23512e-07 0.000349751 0.000693014
18.5 0.0643572 4.69814e-08 0.935604 -4.23145e-07 9.19712e-05 0.000905654
18.6 0.0637169 4.65135e-08 0.936244 -4.22772e-07 -0.000183081 0.00106021
18.7 0.0630829 4.60499e-08 0.936878 -4.22344e-07 -0.000461364 0.0011532
18.8 0.0624552 4.55915e-08 0.937506 -4.21911e-07 -0.000728945 0.00118449
18.9 0.0618337 4.51378e-08 0.938127 -4.21489e-07 -0.00097264 0.00115701
19 0.0612185 4.46877e-08 0.938742 -4.2111e-07 -0.0011804 0.00107663
19.1 0.0606094 4.42436e-08 0.939352 -4.20715e-07 -0.00134202 0.000951707
19.2 0.0600063 4.3802e-08 0.939955 -4.20291e-07 -0.00144963 0.000792698
19.3 0.0594092 4.33653e-08 0.940552 -4.19858e-07 -0.00149813 0.000611819
19.4 0.0588181 4.29336e-08 0.941143 -4.19424e-07 -0.00148576 0.000422075
19.5 0.0582328 4.25055e-08 0.941728 -4.18997e-07 -0.00141396 0.000236485
19.6 0.0576534 4.20812e-08 0.942308 -4.18582e-07 -0.00128702 6.72519e-05
19.7 0.0570798 4.16611e-08 0.942881 -4.18166e-07 -0.00111244 -7.47358e-05
19.8 0.0565118 4.1245e-08 0.943449 -4.17754e-07 -0.000899583 -0.000180451
19.9 0.0559495 4.08346e-08 0.944012 -4.17343e-07 -0.000659554 -0.000242739
20 0.0553928 4.04283e-08 0.944568 -4.16937e-07 -0.000404834 -0.000257358
