0 0 0 1 0 0 0
0.1 1.71711e-07 2.61241e-15 0.99999 2.35142e-08 4.82624e-05 -0.000411141
0.2 7.90754e-07 1.81153e-14 0.999989 2.1639e-08 0.000195229 -0.000865601
0.3 2.03537e-06 6.46018e-14 0.999988 1.48651e-08 0.000448391 -0.00134895
0.4 4.11332e-06 1.57112e-13 0.999985 6.44865e-09 0.000811706 -0.00184677
0.5 7.26096e-06 2.87308e-13 0.999982 -2.07083e-10 0.00128572 -0.00234555
0.6 1.17419e-05 4.41786e-13 0.999976 -5.41182e-09 0.0018679 -0.00283365
0.7 1.78463e-05 5.81294e-13 0.99997 -8.52095e-09 0.00255317 -0.00330206
0.8 2.58917e-05 6.65472e-13 0.999961 -1.01905e-08 0.00333463 -0.00374504
0.9 3.62265e-05 6.69932e-13 0.99995 -1.12508e-08 0.00420437 -0.0041606
1 4.92389e-05 5.18548e-13 0.999937 -1.1166e-08 0.00515439 -0.00455078
1.1 6.53722e-05 2.12551e-13 0.999921 -1.12917e-08 0.00617755 -0.00492163
1.2 8.51485e-05 -2.33879e-13 0.999901 -1.17131e-08 0.00726847 -0.0052831
1.3 0.000109204 -7.88626e-13 0.999877 -1.24884e-08 0.00842442 -0.00564859
1.4 0.000138336 -1.34634e-12 0.999848 -1.39782e-08 0.00964602 -0.00603438
1.5 0.000173568 -1.78195e-12 0.999813 -1.60897e-08 0.0109378 -0.00645888
1.6 0.000216221 -2.04005e-12 0.99977 -1.8545e-08 0.0123086 -0.00694177
1.7 0.000268013 -1.47256e-12 0.999718 -2.31461e-08 0.0137716 -0.00750309
1.8 0.000331157 -8.8917e-14 0.999655 -2.89708e-08 0.0153444 -0.00816227
1.9 0.000408488 2.64171e-12 0.999577 -3.7282e-08 0.0170488 -0.00893725
2 0.000503582 6.37947e-12 0.999482 -4.71814e-08 0.0189099 -0.0098436
2.1 0.000620891 9.67027e-12 0.999364 -5.75274e-08 0.020956 -0.0108938
2.2 0.000765874 1.03026e-11 0.999219 -6.73119e-08 0.0232173 -0.0120966
2.3 0.000945112 5.72745e-12 0.999039 -7.60899e-08 0.025725 -0.0134567
2.4 0.00116642 -6.87772e-12 0.998817 -8.38062e-08 0.0285107 -0.0149744
2.5 0.00143892 -3.33511e-11 0.998545 -9.00633e-08 0.0316047 -0.0166456
2.6 0.00177312 -7.75094e-11 0.99821 -9.52343e-08 0.0350356 -0.0184621
2.7 0.00218091 -1.39283e-10 0.997802 -1.00415e-07 0.0388288 -0.0204116
2.8 0.00267554 -2.24046e-10 0.997307 -1.04032e-07 0.043006 -0.0224783
2.9 0.00327158 -3.26369e-10 0.996711 -1.08074e-07 0.0475844 -0.0246436
3 0.00398478 -4.32199e-10 0.995998 -1.15198e-07 0.0525757 -0.0268867
3.1 0.00483195 -5.5295e-10 0.995151 -1.23806e-07 0.0579864 -0.0291848
3.2 0.00583071 -7.0632e-10 0.994152 -1.31723e-07 0.0638168 -0.0315146
3.3 0.00699931 -8.91842e-10 0.992983 -1.38998e-07 0.0700616 -0.0338522
3.4 0.00835631 -1.13876e-09 0.991626 -1.44738e-07 0.0767092 -0.0361741
3.5 0.00992027 -1.49322e-09 0.990062 -1.47576e-07 0.0837426 -0.0384572
3.6 0.0117094 -1.99663e-09 0.988272 -1.46396e-07 0.0911392 -0.0406796
3.7 0.0137413 -2.61774e-09 0.98624 -1.43298e-07 0.0988712 -0.0428206
3.8 0.0160323 -3.34701e-09 0.983949 -1.38125e-07 0.106906 -0.0448605
3.9 0.0185973 -4.14236e-09 0.981383 -1.32728e-07 0.115208 -0.0467813
4 0.0214494 -4.94633e-09 0.978531 -1.2807e-07 0.123735 -0.0485658
4.1 0.024599 -5.66718e-09 0.975381 -1.25176e-07 0.132442 -0.0501983
4.2 0.0280539 -6.23341e-09 0.971926 -1.24078e-07 0.141284 -0.0516641
4.3 0.0318185 -6.67126e-09 0.968161 -1.22989e-07 0.150208 -0.0529498
4.4 0.0358934 -6.72575e-09 0.964086 -1.26109e-07 0.159162 -0.0540429
4.5 0.0402753 -6.49325e-09 0.959704 -1.29945e-07 0.168092 -0.0549319
4.6 0.044956 -6.18961e-09 0.955023 -1.33519e-07 0.176941 -0.0556068
4.7 0.0499229 -6.12919e-09 0.950056 -1.36333e-07 0.185652 -0.0560597
4.8 0.0551582 -6.57044e-09 0.944821 -1.37901e-07 0.194168 -0.0562839
4.9 0.0606393 -7.52493e-09 0.93934 -1.38798e-07 0.20243 -0.0562754
5 0.0663384 -8.99345e-09 0.933642 -1.37899e-07 0.210384 -0.0560334
5.1 0.0722234 -1.06563e-08 0.927757 -1.35213e-07 0.217975 -0.055561
5.2 0.078258 -1.21469e-08 0.921722 -1.31051e-07 0.225151 -0.0548653
5.3 0.0844027 -1.32482e-08 0.915578 -1.25722e-07 0.231865 -0.0539585
5.4 0.0906158 -1.4029e-08 0.909365 -1.195e-07 0.238076 -0.0528575
5.5 0.0968545 -1.45243e-08 0.903126 -1.13619e-07 0.243749 -0.0515841
5.6 0.103076 -1.47116e-08 0.896905 -1.08948e-07 0.248858 -0.0501644
5.7 0.109239 -1.43964e-08 0.890741 -1.0537e-07 0.253385 -0.048627
5.8 0.115306 -1.35394e-08 0.884675 -1.02685e-07 0.25732 -0.047003
5.9 0.12124 -1.19907e-08 0.87874 -1.02041e-07 0.260663 -0.0453246
6 0.127013 -9.49482e-09 0.872967 -1.03619e-07 0.263423 -0.0436229
6.1 0.132598 -6.22017e-09 0.867382 -1.0591e-07 0.265618 -0.0419259
6.2 0.137975 -2.44317e-09 0.862004 -1.08447e-07 0.267272 -0.0402571
6.3 0.143129 1.22192e-09 0.856851 -1.13872e-07 0.268413 -0.0386348
6.4 0.148048 4.31633e-09 0.851932 -1.2228e-07 0.269076 -0.0370703
6.5 0.152723 5.07753e-09 0.847257 -1.31701e-07 0.269295 -0.0355676
6.6 0.157148 5.57934e-09 0.842832 -1.44567e-07 0.269104 -0.0341232
6.7 0.161316 7.54268e-09 0.838664 -1.60665e-07 0.268534 -0.0327271
6.8 0.165222 1.27434e-08 0.834758 -1.71941e-07 0.267614 -0.031364
6.9 0.168857 2.1374e-08 0.831122 -1.74371e-07 0.266363 -0.0300159
7 0.172213 2.52168e-08 0.827766 -1.69409e-07 0.264798 -0.0286636
7.1 0.17528 2.53085e-08 0.824699 -1.60616e-07 0.262926 -0.0272907
7.2 0.178046 2.09866e-08 0.821933 -1.3666e-07 0.260753 -0.0258841
7.3 0.180499 1.40569e-08 0.81948 -1.10464e-07 0.258277 -0.0244342
7.4 0.18263 6.1636e-09 0.817348 -8.65813e-08 0.255496 -0.0229377
7.5 0.184431 1.25608e-09 0.815547 -6.94085e-08 0.252403 -0.0213975
7.6 0.185898 2.15254e-10 0.81408 -5.57676e-08 0.248994 -0.0198225
7.7 0.187029 1.26242e-09 0.812949 -4.70622e-08 0.245266 -0.0182261
7.8 0.187829 5.00378e-09 0.812149 -4.08125e-08 0.241219 -0.0166247
7.9 0.188307 2.47959e-09 0.811671 -5.14562e-08 0.236855 -0.0150381
8 0.188476 -1.66737e-09 0.811502 -4.91121e-08 0.232182 -0.0134868
8.1 0.188355 -1.59072e-09 0.811622 -4.92495e-08 0.227215 -0.0119889
8.2 0.187966 2.21034e-09 0.812011 -6.0879e-08 0.22197 -0.0105593
8.3 0.187333 1.00579e-08 0.812644 -7.06299e-08 0.216469 -0.00920811
8.4 0.186479 1.83462e-08 0.813497 -7.57857e-08 0.210732 -0.00794164
8.5 0.185432 2.51124e-08 0.814545 -8.91274e-08 0.204787 -0.00676128
8.6 0.184214 3.1494e-08 0.815762 -9.71131e-08 0.198658 -0.00566396
8.7 0.182849 3.54565e-08 0.817127 -9.56788e-08 0.19237 -0.00464298
8.8 0.181359 4.01079e-08 0.818617 -9.9191e-08 0.185947 -0.00368906
8.9 0.17976 4.28318e-08 0.820215 -1.0046e-07 0.179413 -0.00279063
9 0.178071 4.49047e-08 0.821904 -9.74814e-08 0.172788 -0.00193593
9.1 0.176305 4.77002e-08 0.82367 -8.83962e-08 0.166091 -0.00111448
9.2 0.174475 4.50732e-08 0.825499 -7.64691e-08 0.159339 -0.00031687
9.3 0.172592 3.77261e-08 0.827383 -6.92091e-08 0.152547 0.000463511
9.4 0.170665 2.79939e-08 0.829309 -6.37576e-08 0.145732 0.00123078
9.5 0.168704 2.46191e-08 0.83127 -6.63272e-08 0.138907 0.00198549
9.6 0.166716 2.98515e-08 0.833257 -7.27108e-08 0.132086 0.00272492
9.7 0.164712 3.43805e-08 0.835262 -7.888e-08 0.125285 0.00344334
9.8 0.162698 3.47087e-08 0.837275 -8.57349e-08 0.118519 0.00413215
9.9 0.160683 2.65468e-08 0.83929 -9.08589e-08 0.111805 0.00478058
10 0.158674 1.76838e-08 0.841298 -9.19356e-08 0.105164 0.00537634
10.1 0.156681 1.70835e-08 0.843292 -9.88725e-08 0.0986158 0.0059064
10.2 0.154709 3.90346e-08 0.845264 -1.03135e-07 0.0921834 0.00635757
10.3 0.152765 6.78165e-08 0.847207 -1.226e-07 0.0858918 0.00671759
10.4 0.150857 9.29829e-08 0.849115 -1.53797e-07 0.0797672 0.00697623
10.5 0.148988 1.06398e-07 0.850984 -1.67901e-07 0.0738367 0.0071264
10.6 0.147164 1.09572e-07 0.852808 -1.70017e-07 0.0681268 0.00716429
10.7 0.145386 1.03295e-07 0.854585 -1.59099e-07 0.0626628 0.00709053
10.8 0.143657 8.50748e-08 0.856314 -1.48373e-07 0.0574682 0.00690927
10.9 0.141977 5.7034e-08 0.857993 -1.23311e-07 0.0525634 0.00662918
11 0.140346 2.05967e-08 0.859624 -8.67982e-08 0.0479655 0.0062624
11.1 0.138762 -1.70159e-08 0.861208 -2.4247e-08 0.0436869 0.00582437
11.2 0.137223 -5.30537e-08 0.862747 5.11032e-08 0.0397345 0.00533328
11.3 0.135726 -8.99665e-08 0.864243 8.54149e-08 0.0361098 0.00480869
11.4 0.134268 -1.19539e-07 0.865701 1.10038e-07 0.0328085 0.00427104
11.5 0.132846 -1.42275e-07 0.867124 1.13323e-07 0.0298218 0.00374055
11.6 0.131455 -1.56844e-07 0.868514 1.08499e-07 0.0271348 0.0032368
11.7 0.130093 -1.63396e-07 0.869876 1.11332e-07 0.0247279 0.00277748
11.8 0.128757 -1.64686e-07 0.871212 1.23981e-07 0.0225778 0.00237668
11.9 0.127443 -1.61202e-07 0.872526 1.27898e-07 0.0206583 0.00204506
12 0.126148 -1.54912e-07 0.87382 1.42602e-07 0.0189409 0.00178983
12.1 0.124872 -1.46269e-07 0.875096 1.72256e-07 0.0173962 0.001614
12.2 0.123613 -1.38609e-07 0.876356 1.99975e-07 0.0159947 0.00151606
12.3 0.122368 -1.32265e-07 0.8776 2.21064e-07 0.0147079 0.00148996
12.4 0.121137 -1.28546e-07 0.878831 2.23848e-07 0.0135095 0.00152604
12.5 0.11992 -1.25802e-07 0.880048 2.19593e-07 0.0123771 0.00161117
12.6 0.118715 -1.23789e-07 0.881252 2.04548e-07 0.011292 0.00172964
12.7 0.117524 -1.22802e-07 0.882444 1.68639e-07 0.0102398 0.00186452
12.8 0.116345 -1.23597e-07 0.883623 1.13433e-07 0.00921147 0.00199779
12.9 0.115178 -1.2117e-07 0.88479 8.40346e-08 0.00820289 0.00211197
13 0.114024 -1.17067e-07 0.885944 7.24191e-08 0.00721451 0.00219162
13.1 0.112882 -1.17115e-07 0.887086 4.79191e-08 0.00625053 0.00222371
13.2 0.111752 -1.17208e-07 0.888216 2.8317e-08 0.0053186 0.00219891
13.3 0.110635 -1.18387e-07 0.889333 1.07287e-08 0.00442869 0.00211062
13.4 0.109529 -1.21012e-07 0.890439 -1.02022e-08 0.00359264 0.00195646
13.5 0.108436 -1.23755e-07 0.891532 -2.2084e-08 0.00282273 0.0017387
13.6 0.107354 -1.27351e-07 0.892614 -2.93836e-08 0.00213048 0.00146334
13.7 0.106284 -1.29322e-07 0.893684 -2.12646e-08 0.00152615 0.00113988
13.8 0.105226 -1.31893e-07 0.894742 -2.05098e-08 0.00101786 0.000780525
13.9 0.104178 -1.33148e-07 0.89579 -1.50592e-08 0.000611575 0.000400381
14 0.103141 -1.33093e-07 0.896827 -6.11389e-09 0.000309326 1.5955e-05
14.1 0.102115 -1.33539e-07 0.897853 -1.23984e-08 0.000109594 -0.000355287
14.2 0.101099 -1.3379e-07 0.898869 -2.06074e-08 6.95677e-06 -0.000696237
14.3 0.100093 -1.33239e-07 0.899874 -2.57464e-08 -7.93283e-06 -0.00099114
14.4 0.0990979 -1.322e-07 0.900869 -2.93616e-08 5.22777e-05 -0.0012265
14.5 0.0981124 -1.30735e-07 0.901855 -3.03665e-08 0.000172388 -0.00139192
14.6 0.0971366 -1.2878e-07 0.902831 -2.79089e-08 0.000335358 -0.00148062
14.7 0.0961705 -1.27368e-07 0.903797 -3.04052e-08 0.000523311 -0.00148952
14.8 0.0952139 -1.26073e-07 0.904753 -3.36558e-08 0.000717904 -0.00141979
14.9 0.0942667 -1.24577e-07 0.905701 -3.62103e-08 0.000901649 -0.00127652
15 0.093329 -1.22843e-07 0.906638 -3.81911e-08 0.00105878 -0.00106841
15.1 0.0924004 -1.20601e-07 0.907567 -3.67848e-08 0.00117592 -0.000807322
15.2 0.0914811 -1.18156e-07 0.908486 -3.46927e-08 0.00124258 -0.000507582
15.3 0.0905709 -1.15715e-07 0.909396 -3.42546e-08 0.00125176 -0.000185385
15.4 0.0896697 -1.13985e-07 0.910298 -3.21683e-08 0.00120037 0.0001421
15.5 0.0887774 -1.13168e-07 0.91119 -3.18724e-08 0.00108934 0.000457718
15.6 0.0878941 -1.12338e-07 0.912073 -3.32456e-08 0.000923289 0.000745386
15.7 0.0870195 -1.12061e-07 0.912948 -3.94675e-08 0.000710116 0.000990794
15.8 0.0861536 -1.11097e-07 0.913814 -4.95541e-08 0.000460641 0.001182
15.9 0.0852963 -1.1052e-07 0.914671 -5.69153e-08 0.000187995 0.00131016
16 0.0844476 -1.0964e-07 0.91552 -6.07131e-08 -9.32615e-05 0.00137
16.1 0.0836073 -1.08179e-07 0.91636 -5.6411e-08 -0.000367928 0.00136004
16.2 0.0827754 -1.0657e-07 0.917192 -5.23696e-08 -0.000621107 0.00128262
16.3 0.0819518 -1.04946e-07 0.918016 -4.78293e-08 -0.000839038 0.00114359
16.4 0.0811363 -1.03384e-07 0.918832 -4.31119e-08 -0.00100987 0.000952234
16.5 0.080329 -1.02309e-07 0.919639 -4.2089e-08 -0.00112437 0.00072046
16.6 0.0795297 -1.01496e-07 0.920438 -4.31986e-08 -0.00117651 0.000462144
16.7 0.0787384 -1.00386e-07 0.92123 -4.42858e-08 -0.00116377 0.000192227
16.8 0.0779549 -9.93753e-08 0.922013 -4.62347e-08 -0.00108727 -7.41255e-05
16.9 0.0771793 -9.84264e-08 0.922789 -4.80895e-08 -0.000951484 -0.000322443
17 0.0764113 -9.75489e-08 0.923557 -5.02352e-08 -0.000763943 -0.000539512
17.1 0.075651 -9.66549e-08 0.924317 -5.31548e-08 -0.000534963 -0.000714078
17.2 0.0748983 -9.57525e-08 0.92507 -5.5535e-08 -0.000277128 -0.000837502
17.3 0.074153 -9.4706e-08 0.925815 -5.6366e-08 -4.52736e-06 -0.000904236
17.4 0.0734152 -9.37297e-08 0.926553 -5.7894e-08 0.000268156 -0.000912105
17.5 0.0726847 -9.27546e-08 0.927284 -5.95145e-08 0.000526333 -0.000862138
17.6 0.0719615 -9.17925e-08 0.928007 -6.13485e-08 0.000756135 -0.000758728
17.7 0.0712454 -9.08337e-08 0.928723 -6.3359e-08 0.000945254 -0.000609397
17.8 0.0705365 -8.98902e-08 0.929432 -6.53191e-08 0.00108377 -0.000424294
17.9 0.0698347 -8.89593e-08 0.930134 -6.69736e-08 0.00116483 -0.00021563
18 0.0691398 -8.80224e-08 0.930829 -6.85689e-08 0.00118483 3.29072e-06
18.1 0.0684519 -8.708e-08 0.931517 -7.01563e-08 0.00114361 0.000218796
18.2 0.0677708 -8.62017e-08 0.932198 -7.09005e-08 0.00104438 0.000417703
18.3 0.0670965 -8.53342e-08 0.932872 -7.16957e-08 0.000893414 0.000587988
18.4 0.0664288 -8.4438e-08 0.93354 -7.29814e-08 0.000699613 0.000719581
18.5 0.0657679 -8.3555e-08 0.934201 -7.41151e-08 0.000474171 0.00080469
18.6 0.0651135 -8.27007e-08 0.934855 -7.51024e-08 0.000229879 0.000838316
18.7 0.0644656 -8.18452e-08 0.935503 -7.62623e-08 -2.00671e-05 0.000818482
18.8 0.0638241 -8.09987e-08 0.936145 -7.73954e-08 -0.000262127 0.000746204
18.9 0.0631891 -8.01592e-08 0.93678 -7.85426e-08 -0.000483243 0.000625489
19 0.0625603 -7.93266e-08 0.937408 -7.98271e-08 -0.000671631 0.000463142
19.1 0.0619378 -7.84721e-08 0.938031 -8.15193e-08 -0.000817411 0.000268536
19.2 0.0613215 -7.76593e-08 0.938647 -8.26773e-08 -0.000913321 5.30109e-05
19.3 0.0607114 -7.68872e-08 0.939257 -8.3456e-08 -0.000955171 -0.000170873
19.4 0.0601073 -7.61225e-08 0.939861 -8.42208e-08 -0.000941797 -0.000390183
19.5 0.0595092 -7.53655e-08 0.940459 -8.49681e-08 -0.000875132 -0.000592244
19.6 0.0589171 -7.46161e-08 0.941052 -8.57022e-08 -0.000760176 -0.000765421
19.7 0.0583309 -7.38741e-08 0.941638 -8.64305e-08 -0.000604432 -0.000899728
19.8 0.0577505 -7.31391e-08 0.942218 -8.71655e-08 -0.000417671 -0.000987331
19.9 0.0571758 -7.24113e-08 0.942793 -8.78933e-08 -0.000211494 -0.00102292
20 0.0566069 -7.16908e-08 0.943362 -8.86138e-08 1.50869e-06 -0.00100417
