0 0 0 1 0 0 0
0.1 1.71711e-07 1.29931e-15 0.99999 -7.56108e-09 4.82618e-05 -0.000411109
0.2 7.90723e-07 3.33892e-15 0.999989 -1.26205e-08 0.00019521 -0.00086544
0.3 2.03516e-06 -9.63738e-16 0.999988 -1.51589e-08 0.000448293 -0.0013485
0.4 4.11256e-06 -2.42264e-14 0.999985 -1.55645e-08 0.000811403 -0.00184582
0.5 7.25884e-06 -8.09884e-14 0.999982 -1.45285e-08 0.001285 -0.00234386
0.6 1.1737e-05 -1.80597e-13 0.999977 -1.28495e-08 0.00186645 -0.00283097
0.7 1.78365e-05 -3.18072e-13 0.999971 -1.13088e-08 0.00255058 -0.00329816
0.8 2.58737e-05 -4.67303e-13 0.999962 -1.05016e-08 0.00333037 -0.00373974
0.9 3.6196e-05 -5.79016e-13 0.999952 -1.08047e-08 0.00419784 -0.00415383
1 4.91907e-05 -5.96483e-13 0.999938 -1.21844e-08 0.00514491 -0.00454254
1.1 6.52999e-05 -4.7699e-13 0.999922 -1.43043e-08 0.0061644 -0.00491209
1.2 8.50454e-05 -2.24185e-13 0.999902 -1.65886e-08 0.00725095 -0.00527256
1.3 0.000109064 9.36223e-14 0.999878 -1.84337e-08 0.00840185 -0.00563748
1.4 0.000138154 3.45643e-13 0.999849 -1.93586e-08 0.0096178 -0.00602324
1.5 0.000173342 3.82645e-13 0.999813 -1.91626e-08 0.0109034 -0.00644837
1.6 0.000215955 1.34979e-13 0.999771 -1.80549e-08 0.0122677 -0.0069326
1.7 0.000267716 -2.24917e-13 0.999719 -1.67348e-08 0.0137241 -0.00749599
1.8 0.000330849 -4.16932e-13 0.999655 -1.57656e-08 0.0152902 -0.00815796
1.9 0.000408198 6.35342e-15 0.999578 -1.56474e-08 0.0169881 -0.00893634
2 0.000503356 1.24285e-12 0.999482 -1.62342e-08 0.0188429 -0.00984658
2.1 0.000620788 3.38638e-12 0.999364 -1.76157e-08 0.0208831 -0.010901
2.2 0.000765969 5.75231e-12 0.999219 -1.90958e-08 0.0231389 -0.0121081
2.3 0.000945494 5.82246e-12 0.999039 -1.90505e-08 0.0256417 -0.0134723
2.4 0.00116719 1.12969e-12 0.998817 -1.67232e-08 0.0284227 -0.0149937
2.5 0.0014402 -1.13163e-11 0.998543 -1.16146e-08 0.0315123 -0.0166679
2.6 0.00177502 -3.24715e-11 0.998208 -4.27758e-09 0.0349388 -0.0184864
2.7 0.00218354 -5.41797e-11 0.997799 2.27832e-09 0.0387273 -0.0204367
2.8 0.002679 -6.67927e-11 0.997303 5.89633e-09 0.0428991 -0.0225031
2.9 0.00327595 -5.90413e-11 0.996706 4.33063e-09 0.047471 -0.0246667
3 0.00399012 -4.65391e-11 0.995992 3.33629e-09 0.0524546 -0.0269067
3.1 0.00483827 -1.67913e-11 0.995144 3.85768e-10 0.0578557 -0.0292008
3.2 0.005838 8.90046e-12 0.994144 -1.17515e-09 0.0636745 -0.0315255
3.3 0.00700751 3.98338e-11 0.992974 -2.23964e-09 0.0699052 -0.0338574
3.4 0.00836532 8.43177e-11 0.991616 -3.76268e-09 0.0765361 -0.0361733
3.5 0.00992999 1.04664e-10 0.990051 -4.35565e-09 0.0835501 -0.0384505
3.6 0.0117197 8.04096e-11 0.98826 -2.17425e-09 0.0909244 -0.0406676
3.7 0.0137521 1.83411e-11 0.986228 1.6982e-09 0.0986314 -0.0428043
3.8 0.0160436 -6.99444e-11 0.983936 6.89843e-09 0.106639 -0.0448413
3.9 0.0186091 -1.05208e-10 0.98137 1.13953e-08 0.11491 -0.046761
4 0.0214619 6.73141e-11 0.978517 9.58954e-09 0.123405 -0.0485469
4.1 0.0246125 4.0061e-10 0.975366 1.44403e-09 0.132079 -0.0501834
4.2 0.0280691 3.80675e-10 0.971909 1.15005e-09 0.140887 -0.0516561
4.3 0.0318363 3.42723e-10 0.968142 9.13073e-10 0.149777 -0.0529512
4.4 0.035915 3.48424e-10 0.964063 1.10084e-09 0.158698 -0.054056
4.5 0.0403021 4.43051e-10 0.959676 6.77032e-10 0.167596 -0.0549587
4.6 0.0449899 6.49275e-10 0.954988 -2.02696e-09 0.176415 -0.0556489
4.7 0.0499658 5.74334e-10 0.950012 -1.44911e-09 0.185098 -0.0561172
4.8 0.0552125 4.48544e-10 0.944765 -9.09019e-10 0.193588 -0.0563563
4.9 0.0607071 3.64664e-10 0.93927 -1.41467e-09 0.201827 -0.0563612
5 0.066422 2.73393e-10 0.933555 -1.99599e-09 0.209759 -0.0561302
5.1 0.0723248 3.79301e-10 0.927652 -4.11082e-09 0.217329 -0.0556657
5.2 0.0783788 -2.54559e-10 0.921597 -4.16558e-09 0.224485 -0.054974
5.3 0.0845442 2.5528e-12 0.915432 -4.32578e-09 0.23118 -0.0540664
5.4 0.0907786 2.34851e-10 0.909197 -3.99714e-09 0.237371 -0.0529594
5.5 0.0970384 9.76435e-10 0.902937 -5.86318e-09 0.243023 -0.0516743
5.6 0.10328 1.67751e-09 0.896695 -9.57368e-09 0.248106 -0.0502374
5.7 0.109462 7.70199e-10 0.890513 -1.17963e-08 0.252602 -0.0486786
5.8 0.115544 4.09293e-10 0.88443 -1.28415e-08 0.256501 -0.0470305
5.9 0.121491 8.14686e-10 0.878482 -1.43806e-08 0.259802 -0.045326
6 0.127274 -2.18455e-10 0.8727 -1.4429e-08 0.262515 -0.0435979
6.1 0.132865 -3.68543e-09 0.867108 -1.24862e-08 0.264656 -0.041876
6.2 0.138246 -5.7981e-09 0.861727 -1.00347e-08 0.26625 -0.0401856
6.3 0.143401 -8.1439e-09 0.856572 -7.37643e-09 0.267327 -0.0385459
6.4 0.148319 -9.3384e-09 0.851653 -6.29398e-09 0.267922 -0.0369695
6.5 0.152993 -9.46124e-09 0.846979 -7.05932e-09 0.26807 -0.0354611
6.6 0.157417 -8.15408e-09 0.842555 -9.88029e-09 0.267807 -0.0340179
6.7 0.161586 -7.61284e-09 0.838385 -1.2579e-08 0.267164 -0.03263
6.8 0.165495 6.60205e-11 0.834476 -2.17076e-08 0.266171 -0.0312822
6.9 0.169138 6.5883e-10 0.830832 -2.30401e-08 0.264851 -0.0299559
7 0.172507 2.79916e-09 0.827463 -2.49731e-08 0.263221 -0.0286308
7.1 0.175591 8.46006e-09 0.824378 -2.92917e-08 0.261291 -0.0272877
7.2 0.178381 -9.62772e-09 0.821588 -1.16803e-08 0.259066 -0.0259109
7.3 0.180864 -2.4769e-08 0.819105 2.41021e-09 0.256545 -0.0244893
7.4 0.18303 -3.23535e-08 0.816939 9.58672e-09 0.253726 -0.0230183
7.5 0.184869 -3.82449e-08 0.815099 1.59441e-08 0.250605 -0.0214997
7.6 0.186376 -4.33131e-08 0.813591 2.14954e-08 0.247175 -0.019941
7.7 0.18755 -5.17005e-08 0.812417 3.04941e-08 0.243434 -0.0183551
7.8 0.188393 -5.63416e-08 0.811574 3.57521e-08 0.239382 -0.0167586
7.9 0.188913 -5.38251e-08 0.811054 3.39203e-08 0.235024 -0.0151693
8 0.189123 -4.69505e-08 0.810844 2.80087e-08 0.230368 -0.0136058
8.1 0.189038 -4.09001e-08 0.810928 2.2908e-08 0.225425 -0.0120861
8.2 0.18868 -3.31121e-08 0.811286 1.62187e-08 0.220213 -0.0106253
8.3 0.188071 -2.53033e-08 0.811895 9.67039e-09 0.21475 -0.00923514
8.4 0.187234 -2.36113e-08 0.812731 9.18122e-09 0.209059 -0.00792336
8.5 0.186196 -3.02549e-08 0.81377 1.68821e-08 0.203167 -0.00669289
8.6 0.184979 -4.52221e-08 0.814986 3.21867e-08 0.197099 -0.00554159
8.7 0.183608 -5.61705e-08 0.816357 4.24146e-08 0.190881 -0.00446293
8.8 0.182102 -6.73969e-08 0.817862 5.17927e-08 0.184537 -0.0034478
8.9 0.180482 -8.4064e-08 0.819482 6.66027e-08 0.178089 -0.00248569
9 0.178764 -1.03266e-07 0.821201 8.39118e-08 0.171556 -0.00156589
9.1 0.176962 -1.21002e-07 0.823002 9.97836e-08 0.164956 -0.000678831
9.2 0.17509 -1.3548e-07 0.824874 1.12598e-07 0.158306 0.000182867
9.3 0.173159 -1.4667e-07 0.826805 1.2286e-07 0.151619 0.0010243
9.4 0.171181 -1.54245e-07 0.828783 1.31736e-07 0.144911 0.00184811
9.5 0.169166 -1.58017e-07 0.830798 1.36692e-07 0.138193 0.00265408
9.6 0.167123 -1.6051e-07 0.832841 1.40966e-07 0.13148 0.00343823
9.7 0.165061 -1.63935e-07 0.834902 1.46571e-07 0.124786 0.00419396
9.8 0.16299 -1.64883e-07 0.836973 1.49808e-07 0.118123 0.00491145
9.9 0.16092 -1.63806e-07 0.839043 1.50911e-07 0.111508 0.00557816
10 0.158858 -1.61671e-07 0.841105 1.50668e-07 0.10496 0.00618045
10.1 0.156813 -1.57585e-07 0.84315 1.4795e-07 0.0984995 0.00670475
10.2 0.154794 -1.51106e-07 0.845169 1.42099e-07 0.0921491 0.00713835
10.3 0.152808 -1.42481e-07 0.847155 1.33272e-07 0.0859332 0.00746961
10.4 0.150861 -1.32963e-07 0.849102 1.22652e-07 0.0798769 0.0076894
10.5 0.148958 -1.24021e-07 0.851004 1.12108e-07 0.0740061 0.00779139
10.6 0.147104 -1.16726e-07 0.852858 1.03298e-07 0.0683468 0.00777273
10.7 0.145302 -1.11265e-07 0.85466 9.64293e-08 0.0629239 0.00763449
10.8 0.143553 -1.07359e-07 0.856409 9.1241e-08 0.0577606 0.00738248
10.9 0.141857 -1.04866e-07 0.858105 8.74906e-08 0.0528771 0.00702588
11 0.140214 -1.03638e-07 0.859748 8.54469e-08 0.0482906 0.00657777
11.1 0.138621 -1.03511e-07 0.861341 8.48564e-08 0.0440141 0.00605488
11.2 0.137077 -1.04073e-07 0.862885 8.50039e-08 0.0400551 0.00547724
11.3 0.135577 -1.05378e-07 0.864385 8.57187e-08 0.036416 0.00486615
11.4 0.134119 -1.06795e-07 0.865843 8.62526e-08 0.0330935 0.00424397
11.5 0.132698 -1.07821e-07 0.867264 8.60221e-08 0.0300791 0.00363244
11.6 0.13131 -1.09354e-07 0.868651 8.59323e-08 0.0273591 0.00305256
11.7 0.129952 -1.10263e-07 0.870009 8.49689e-08 0.0249147 0.0025234
11.8 0.12862 -1.10305e-07 0.871341 8.32251e-08 0.0227231 0.00206063
11.9 0.127311 -1.09971e-07 0.87265 8.14685e-08 0.0207586 0.00167601
12 0.126023 -1.0976e-07 0.873939 8.03872e-08 0.0189936 0.00137743
12.1 0.124752 -1.09533e-07 0.875209 7.82819e-08 0.0173997 0.00116771
12.2 0.123498 -1.09312e-07 0.876464 7.65179e-08 0.0159489 0.00104555
12.3 0.122258 -1.08923e-07 0.877703 7.56271e-08 0.0146139 0.00100552
12.4 0.121032 -1.08137e-07 0.878929 7.52621e-08 0.0133697 0.00103758
12.5 0.119819 -1.06883e-07 0.880142 7.47524e-08 0.0121947 0.00112829
12.6 0.118618 -1.0535e-07 0.881342 7.44661e-08 0.0110711 0.00126175
12.7 0.11743 -1.03623e-07 0.882531 7.37206e-08 0.00998575 0.00142035
12.8 0.116254 -1.0193e-07 0.883707 7.32058e-08 0.00893043 0.00158579
12.9 0.11509 -1.00259e-07 0.88487 7.23601e-08 0.00790153 0.00174054
13 0.113938 -9.86066e-08 0.886022 7.10498e-08 0.00689956 0.00186852
13.1 0.112798 -9.69729e-08 0.887162 6.93918e-08 0.00592875 0.00195604
13.2 0.11167 -9.53695e-08 0.88829 6.75378e-08 0.00499646 0.0019923
13.3 0.110554 -9.38437e-08 0.889406 6.57966e-08 0.00411214 0.00196997
13.4 0.10945 -9.24517e-08 0.89051 6.44241e-08 0.0032867 0.00188534
13.5 0.108357 -9.12462e-08 0.891603 6.3715e-08 0.00253166 0.00173868
13.6 0.107277 -9.02233e-08 0.892683 6.35841e-08 0.00185824 0.00153398
13.7 0.106207 -8.93576e-08 0.893753 6.39336e-08 0.00127655 0.00127912
13.8 0.105149 -8.85706e-08 0.894811 6.43401e-08 0.000794437 0.000985086
13.9 0.104102 -8.7815e-08 0.895858 6.45915e-08 0.000416886 0.000665862
14 0.103066 -8.70091e-08 0.896894 6.41926e-08 0.000145361 0.000336904
14.1 0.10204 -8.62223e-08 0.897919 6.38467e-08 -2.24651e-05 1.44431e-05
14.2 0.101025 -8.53344e-08 0.898934 6.23999e-08 -9.28587e-05 -0.000285446
14.3 0.10002 -8.43192e-08 0.899939 5.95724e-08 -7.58062e-05 -0.000547832
14.4 0.0990246 -8.32197e-08 0.900934 5.57596e-08 1.55525e-05 -0.000760161
14.5 0.0980396 -8.21501e-08 0.901919 5.21226e-08 0.000165616 -0.000912629
14.6 0.0970644 -8.11126e-08 0.902894 4.86677e-08 0.000356985 -0.000998686
14.7 0.0960989 -8.01563e-08 0.903859 4.57939e-08 0.000571275 -0.00101541
14.8 0.0951429 -7.93359e-08 0.904815 4.42759e-08 0.00079001 -0.000963644
14.9 0.0941963 -7.86185e-08 0.905761 4.37985e-08 0.000995578 -0.000847978
15 0.0932591 -7.80248e-08 0.906698 4.46124e-08 0.00117211 -0.00067635
15.1 0.0923313 -7.74625e-08 0.907626 4.58307e-08 0.00130615 -0.000459745
15.2 0.0914126 -7.6892e-08 0.908544 4.70584e-08 0.00138717 -0.000211716
15.3 0.090503 -7.62592e-08 0.909454 4.77095e-08 0.00140835 5.29647e-05
15.4 0.0896025 -7.55221e-08 0.910354 4.73175e-08 0.00136662 0.000318494
15.5 0.0887108 -7.4668e-08 0.911246 4.56825e-08 0.00126284 0.000569072
15.6 0.0878281 -7.37171e-08 0.912128 4.29492e-08 0.00110182 0.00079003
15.7 0.0869541 -7.27233e-08 0.913002 3.9638e-08 0.000891798 0.000968455
15.8 0.0860889 -7.19367e-08 0.913867 3.83167e-08 0.000643854 0.00109417
15.9 0.0852322 -7.12531e-08 0.914724 3.80077e-08 0.000371214 0.00116011
16 0.0843841 -7.06168e-08 0.915571 3.81341e-08 8.83657e-05 0.00116259
16.1 0.0835444 -6.99723e-08 0.916411 3.80889e-08 -0.000189652 0.0011015
16.2 0.0827131 -6.91902e-08 0.917242 3.64736e-08 -0.000448115 0.000980328
16.3 0.0818901 -6.83464e-08 0.918065 3.40711e-08 -0.000673456 0.000805897
16.4 0.0810753 -6.74586e-08 0.91888 3.10582e-08 -0.000853973 0.000588069
16.5 0.0802685 -6.70558e-08 0.919686 3.34822e-08 -0.000980632 0.000339013
16.6 0.0794699 -6.65298e-08 0.920485 3.44506e-08 -0.0010474 7.26814e-05
16.7 0.0786791 -6.58811e-08 0.921276 3.39974e-08 -0.00105166 -0.000196038
16.8 0.0778962 -6.52044e-08 0.922058 3.30359e-08 -0.000994393 -0.000452232
16.9 0.0771212 -6.43996e-08 0.922833 3.04013e-08 -0.00088 -0.000681818
17 0.0763538 -6.38123e-08 0.923601 3.03696e-08 -0.000716029 -0.000872309
17.1 0.0755941 -6.31692e-08 0.92436 2.96096e-08 -0.00051265 -0.00101348
17.2 0.0748419 -6.25356e-08 0.925112 2.8904e-08 -0.000282124 -0.00109791
17.3 0.0740972 -6.19259e-08 0.925857 2.84312e-08 -3.80846e-05 -0.00112136
17.4 0.0733599 -6.13436e-08 0.926594 2.82342e-08 0.000205235 -0.00108303
17.5 0.07263 -6.0785e-08 0.927324 2.82741e-08 0.000433801 -0.000985562
17.6 0.0719073 -6.02341e-08 0.928047 2.83573e-08 0.000634589 -0.000834845
17.7 0.0711918 -5.96607e-08 0.928763 2.8104e-08 0.000796348 -0.000639692
17.8 0.0704834 -5.90855e-08 0.929471 2.77574e-08 0.000910177 -0.000411322
17.9 0.0697821 -5.84754e-08 0.930172 2.68903e-08 0.000970019 -0.000162738
18 0.0690878 -5.78619e-08 0.930867 2.58883e-08 0.000973032 9.21763e-05
18.1 0.0684004 -5.72441e-08 0.931554 2.47367e-08 0.000919559 0.000339237
18.2 0.0677198 -5.66844e-08 0.932235 2.42629e-08 0.000813245 0.000564884
18.3 0.0670459 -5.62089e-08 0.932909 2.49225e-08 0.000660681 0.000756898
18.4 0.0663788 -5.56761e-08 0.933576 2.47609e-08 0.000471045 0.000905053
18.5 0.0657183 -5.51243e-08 0.934236 2.4268e-08 0.000255534 0.00100164
18.6 0.0650644 -5.45806e-08 0.93489 2.37996e-08 2.67509e-05 0.00104194
18.7 0.064417 -5.40347e-08 0.935538 2.32218e-08 -0.000202045 0.00102441
18.8 0.063776 -5.34942e-08 0.936178 2.26417e-08 -0.000417724 0.000950773
18.9 0.0631415 -5.29619e-08 0.936813 2.21113e-08 -0.000608027 0.000825897
19 0.0625132 -5.24338e-08 0.937441 2.1573e-08 -0.000762302 0.000657423
19.1 0.0618912 -5.19138e-08 0.938063 2.10855e-08 -0.000872095 0.000455268
19.2 0.0612753 -5.13959e-08 0.938679 2.05497e-08 -0.00093145 0.000231051
19.3 0.0606656 -5.08841e-08 0.939288 2.0034e-08 -0.000937262 -2.41935e-06
19.4 0.060062 -5.03778e-08 0.939892 1.95283e-08 -0.000889558 -0.000232067
19.5 0.0594644 -4.98765e-08 0.94049 1.90236e-08 -0.000791345 -0.000445148
19.6 0.0588727 -4.93801e-08 0.941082 1.85217e-08 -0.000648463 -0.000629925
19.7 0.0582869 -4.88885e-08 0.941668 1.80279e-08 -0.000469319 -0.000776429
19.8 0.057707 -4.84021e-08 0.942248 1.75414e-08 -0.000264287 -0.000876971
19.9 0.0571328 -4.79205e-08 0.942822 1.70598e-08 -4.51593e-05 -0.000926627
20 0.0565643 -4.74436e-08 0.94339 1.6583e-08 0.000175536 -0.000923484
