0 0 0 1 0 0 0
0.1 1.71713e-07 2.37825e-24 1 -2.68834e-24 4.82624e-05 -0.000411093
0.2 7.90711e-07 1.17131e-23 0.999999 2.36648e-26 0.000195204 -0.000865345
0.3 2.03505e-06 -2.27733e-21 0.999998 1.93692e-22 0.000448252 -0.00134823
0.4 4.11198e-06 -4.81367e-20 0.999996 -7.76132e-20 0.000811266 -0.00184522
0.5 7.25668e-06 3.01019e-19 0.999993 -1.19371e-19 0.00128466 -0.00234278
0.6 1.17306e-05 4.61781e-19 0.999988 8.34445e-19 0.00186575 -0.00282923
0.7 1.78199e-05 -4.25234e-19 0.999982 9.75831e-19 0.0025493 -0.00329558
0.8 2.5836e-05 -3.53968e-19 0.999974 1.63371e-18 0.00332826 -0.00373618
0.9 3.61183e-05 -1.29967e-18 0.999964 1.40596e-18 0.00419457 -0.00414916
1 4.9042e-05 1.98057e-18 0.99995 7.95634e-19 0.00514012 -0.00453671
1.1 6.50326e-05 4.91211e-18 0.999934 5.04984e-18 0.00615773 -0.00490509
1.2 8.45895e-05 1.49885e-17 0.999914 2.79576e-18 0.00724201 -0.00526445
1.3 0.00010832 1.98632e-17 0.99989 3.85722e-18 0.00839027 -0.00562839
1.4 0.000136985 2.79971e-17 0.999861 1.88429e-17 0.00960322 -0.00601339
1.5 0.000171563 2.55713e-17 0.999826 1.83311e-17 0.0108856 -0.00643804
1.6 0.000213325 4.5578e-17 0.999784 1.1638e-17 0.0122463 -0.00692218
1.7 0.000263925 4.78428e-17 0.999733 1.51379e-17 0.0136991 -0.00748564
1.8 0.000326066 5.89566e-17 0.999671 7.46923e-18 0.0152616 -0.00814769
1.9 0.000402149 2.66248e-17 0.999595 -3.11023e-18 0.016956 -0.00892623
2 0.000496312 4.33402e-17 0.9995 5.08201e-19 0.0188074 -0.00983661
2.1 0.000612765 8.22193e-17 0.999384 -1.18131e-17 0.0208443 -0.0108911
2.2 0.00075685 1.60219e-16 0.999239 5.29596e-18 0.0230968 -0.0120981
2.3 0.000935275 1.18399e-16 0.999061 5.74509e-17 0.0255963 -0.0134618
2.4 0.00115585 1.5724e-16 0.99884 5.85822e-17 0.028374 -0.0149824
2.5 0.00142779 1.71284e-16 0.998568 -8.98132e-18 0.0314601 -0.0166552
2.6 0.00176156 5.84973e-17 0.998234 -1.90658e-17 0.0348828 -0.0184716
2.7 0.00216909 2.2822e-17 0.997826 1.19888e-17 0.0386684 -0.0204201
2.8 0.00266363 1.13185e-16 0.99733 5.67136e-17 0.0428361 -0.0224837
2.9 0.00325976 3.09265e-16 0.996732 1.06211e-16 0.0474034 -0.0246435
3 0.00397313 2.89417e-16 0.996017 -9.23218e-17 0.052383 -0.0268783
3.1 0.00482043 2.83703e-16 0.995169 -1.23504e-16 0.0577799 -0.0291657
3.2 0.00581916 6.30273e-17 0.99417 1.89551e-17 0.0635921 -0.0314811
3.3 0.00698757 -1.96992e-16 0.993001 2.11992e-16 0.069814 -0.0338023
3.4 0.00834384 -2.80636e-16 0.991645 2.73537e-16 0.0764339 -0.0361066
3.5 0.00990634 -1.6739e-16 0.990082 2.66719e-16 0.0834342 -0.0383725
3.6 0.0116933 -5.29883e-16 0.988295 -8.00549e-17 0.0907924 -0.0405789
3.7 0.0137222 -3.88043e-17 0.986266 -2.16134e-16 0.098481 -0.0427052
3.8 0.0160091 -2.74852e-16 0.983979 -7.76214e-17 0.106467 -0.0447329
3.9 0.018569 -2.72111e-16 0.98142 -3.09725e-16 0.114714 -0.0466455
4 0.0214148 -6.17854e-16 0.978574 4.70485e-16 0.123182 -0.0484267
4.1 0.0245575 -1.744e-16 0.975431 4.39094e-16 0.131829 -0.0500612
4.2 0.0280067 -8.65768e-16 0.971982 5.07117e-16 0.140607 -0.0515358
4.3 0.0317666 -1.13416e-15 0.968222 8.46154e-16 0.149469 -0.0528356
4.4 0.0358388 -1.35797e-15 0.96415 1.19849e-15 0.158362 -0.0539474
4.5 0.0402189 -1.17914e-15 0.95977 7.92785e-16 0.167234 -0.0548592
4.6 0.0449006 -1.48122e-15 0.955088 8.85183e-16 0.176029 -0.0555599
4.7 0.0498701 4.47833e-15 0.950118 -6.33741e-15 0.18469 -0.0560403
4.8 0.0551115 7.05559e-15 0.944876 -9.16357e-15 0.193163 -0.0562943
4.9 0.0606026 9.14435e-15 0.939385 -1.1215e-14 0.201389 -0.0563135
5 0.0663182 2.20127e-15 0.933669 -3.81756e-15 0.209311 -0.0560923
5.1 0.0722238 -4.05333e-15 0.927764 3.66305e-15 0.216874 -0.0556337
5.2 0.0782814 -9.26648e-15 0.921706 7.10008e-15 0.224023 -0.0549432
5.3 0.0844509 -1.4567e-14 0.915535 1.13618e-14 0.23071 -0.0540318
5.4 0.0906896 -1.59474e-14 0.909296 1.25551e-14 0.236889 -0.0529153
5.5 0.0969534 -1.47227e-14 0.903031 1.15825e-14 0.242528 -0.051624
5.6 0.103194 -1.18389e-14 0.896789 1.04504e-14 0.247591 -0.0501699
5.7 0.109375 -5.94832e-15 0.890609 2.71212e-15 0.252069 -0.0485949
5.8 0.115455 1.75273e-15 0.884528 -6.01886e-15 0.255944 -0.0469297
5.9 0.121398 3.48338e-15 0.878585 -1.52292e-14 0.259217 -0.0452081
6 0.127179 4.14074e-15 0.872803 -2.18607e-14 0.261893 -0.0434631
6.1 0.132763 7.85625e-15 0.867219 -2.46384e-14 0.263981 -0.041728
6.2 0.138136 7.5507e-15 0.861846 -2.55808e-14 0.265516 -0.0400289
6.3 0.143286 5.88605e-15 0.856695 -2.53519e-14 0.266544 -0.0383853
6.4 0.148198 6.3711e-15 0.851783 -2.92508e-14 0.267084 -0.0368069
6.5 0.152867 6.93443e-16 0.847113 -2.21919e-14 0.267179 -0.0353009
6.6 0.157287 4.33618e-15 0.842693 -2.37132e-14 0.266846 -0.0338674
6.7 0.161459 5.16601e-15 0.838519 -2.1656e-14 0.266138 -0.0325006
6.8 0.165374 9.09231e-16 0.834604 -1.98625e-14 0.265074 -0.0311888
6.9 0.16903 -6.75473e-15 0.830948 -1.4191e-14 0.263693 -0.0298869
7 0.172418 -1.4475e-14 0.827558 -6.55296e-15 0.262 -0.0286009
7.1 0.17553 -2.61208e-14 0.824444 3.7138e-15 0.260012 -0.0273037
7.2 0.178356 -3.42885e-14 0.821617 1.26878e-14 0.257737 -0.0259748
7.3 0.180883 -2.83535e-14 0.81909 3.28552e-15 0.255168 -0.0246042
7.4 0.1831 -4.78525e-14 0.816873 1.55845e-14 0.252316 -0.023186
7.5 0.184999 -5.58243e-14 0.814973 1.84199e-14 0.249166 -0.0217148
7.6 0.186573 -5.73604e-14 0.813398 3.23487e-14 0.245714 -0.0201968
7.7 0.187821 -5.5081e-14 0.812149 3.69016e-14 0.241958 -0.0186444
7.8 0.188739 -5.46964e-14 0.81123 3.02979e-14 0.237903 -0.0170761
7.9 0.189335 -4.80774e-14 0.810634 2.37682e-14 0.233544 -0.0155048
8 0.189622 -4.74419e-14 0.810347 2.67057e-14 0.22889 -0.0139525
8.1 0.189613 -4.24979e-14 0.810355 2.46403e-14 0.223954 -0.0124378
8.2 0.189329 -3.84455e-14 0.810639 2.25345e-14 0.21875 -0.0109776
8.3 0.188789 -3.31782e-14 0.811179 1.93744e-14 0.213298 -0.0095815
8.4 0.188019 -3.54907e-14 0.811947 1.51293e-14 0.207623 -0.00826164
8.5 0.187043 -3.15438e-14 0.812924 9.62905e-15 0.201749 -0.00701881
8.6 0.185883 -2.99982e-14 0.814083 1.2443e-14 0.1957 -0.0058539
8.7 0.184563 -3.28372e-14 0.815402 1.42402e-14 0.189504 -0.0047624
8.8 0.183105 -3.16896e-14 0.81686 1.46771e-14 0.183182 -0.00373505
8.9 0.181528 -3.2585e-14 0.818436 1.70769e-14 0.176759 -0.00276408
9 0.179848 -3.17533e-14 0.820116 1.462e-14 0.170253 -0.00184171
9.1 0.178081 -3.69629e-14 0.821883 1.6054e-14 0.163686 -0.000956421
9.2 0.176242 -3.56776e-14 0.823722 1.48141e-14 0.157071 -9.9214e-05
9.3 0.17434 -3.68399e-14 0.825622 1.34825e-14 0.150422 0.000735013
9.4 0.172392 -3.92775e-14 0.827571 1.57458e-14 0.143753 0.00154942
9.5 0.170405 -3.8847e-14 0.829557 1.96062e-14 0.137076 0.00234364
9.6 0.16839 -3.6784e-14 0.831572 1.8706e-14 0.130405 0.00311369
9.7 0.166358 -3.28393e-14 0.833604 2.19479e-14 0.123753 0.00385507
9.8 0.164317 -3.70561e-14 0.835644 2.65608e-14 0.117132 0.00455779
9.9 0.162271 -3.02372e-14 0.837689 2.61473e-14 0.110559 0.00521053
10 0.160234 -3.06953e-14 0.839727 2.71172e-14 0.10405 0.00580174
10.1 0.15821 -3.17857e-14 0.84175 2.32797e-14 0.0976264 0.00631646
10.2 0.156208 -2.93884e-14 0.843752 1.97839e-14 0.0913105 0.00674378
10.3 0.154238 -3.14095e-14 0.845722 1.52757e-14 0.0851257 0.00707212
10.4 0.152302 -2.95907e-14 0.847658 1.38824e-14 0.079095 0.00729429
10.5 0.150407 -2.96095e-14 0.849553 1.29973e-14 0.0732483 0.00740276
10.6 0.148561 -2.94864e-14 0.8514 1.35005e-14 0.0676069 0.00739638
10.7 0.146764 -2.74651e-14 0.853197 1.16872e-14 0.0621961 0.00727486
10.8 0.145018 -2.54281e-14 0.854944 1.27428e-14 0.0570315 0.00704201
10.9 0.143322 -2.65869e-14 0.85664 1.20045e-14 0.0521504 0.00670172
11 0.141676 -2.82091e-14 0.858285 1.3323e-14 0.0475625 0.00627442
11.1 0.140079 -2.65135e-14 0.859882 1.41094e-14 0.0432802 0.00577338
11.2 0.138528 -2.56715e-14 0.861433 1.41655e-14 0.0393134 0.00521787
11.3 0.137021 -2.49891e-14 0.86294 1.40936e-14 0.0356658 0.00462829
11.4 0.135553 -2.48029e-14 0.864408 1.44741e-14 0.0323364 0.00402686
11.5 0.134123 -2.43221e-14 0.865838 1.35524e-14 0.0293188 0.0034352
11.6 0.132726 -2.52403e-14 0.867234 1.25892e-14 0.026598 0.00287459
11.7 0.131358 -2.64231e-14 0.868603 1.48509e-14 0.0241567 0.00236235
11.8 0.130015 -2.80903e-14 0.869946 1.57302e-14 0.0219752 0.00191484
11.9 0.128694 -2.89821e-14 0.871267 1.52541e-14 0.0200248 0.00154575
12 0.127393 -2.83651e-14 0.872568 1.48132e-14 0.0182797 0.0012615
12.1 0.126109 -2.85458e-14 0.873851 1.44988e-14 0.0167116 0.00106564
12.2 0.124842 -2.87033e-14 0.875119 1.41766e-14 0.0152924 0.000956898
12.3 0.123589 -2.92039e-14 0.876371 1.36703e-14 0.0139943 0.000928656
12.4 0.122351 -2.9006e-14 0.877609 1.33688e-14 0.0127924 0.000972559
12.5 0.121126 -2.79828e-14 0.878834 1.28244e-14 0.0116629 0.00107543
12.6 0.119913 -2.70343e-14 0.880047 1.25323e-14 0.010587 0.00122153
12.7 0.118714 -2.619e-14 0.881246 1.1877e-14 0.00955169 0.00139121
12.8 0.117526 -2.58941e-14 0.882434 1.15028e-14 0.00854668 0.00156684
12.9 0.116351 -2.55037e-14 0.883609 1.10183e-14 0.00756623 0.00173105
13 0.115188 -2.54421e-14 0.884773 1.09533e-14 0.0066104 0.00186498
13.1 0.114036 -2.45351e-14 0.885924 1.06577e-14 0.0056831 0.00195765
13.2 0.112896 -2.40218e-14 0.887064 1.00717e-14 0.00479104 0.00199687
13.3 0.111768 -2.45858e-14 0.888192 9.5664e-15 0.00394338 0.00197556
13.4 0.110652 -2.37356e-14 0.889309 9.16743e-15 0.00315137 0.0018883
13.5 0.109547 -2.49125e-14 0.890413 8.53605e-15 0.00242625 0.00173619
13.6 0.108454 -2.51945e-14 0.891506 8.11081e-15 0.00177966 0.00152436
13.7 0.107373 -2.41678e-14 0.892588 7.86486e-15 0.00122147 0.00126027
13.8 0.106303 -2.53554e-14 0.893658 7.79837e-15 0.00075941 0.000955323
13.9 0.105243 -2.45672e-14 0.894717 7.68876e-15 0.000398051 0.000624374
14 0.104195 -2.42475e-14 0.895766 7.24084e-15 0.000139993 0.000283039
14.1 0.103158 -2.42094e-14 0.896803 6.71626e-15 -1.77728e-05 -5.17234e-05
14.2 0.102131 -2.40866e-14 0.89783 6.4921e-15 -8.14257e-05 -0.000363281
14.3 0.101114 -2.39833e-14 0.898846 6.18149e-15 -6.02699e-05 -0.000637342
14.4 0.100108 -2.38851e-14 0.899853 6.14641e-15 3.32827e-05 -0.000860415
14.5 0.0991117 -2.35823e-14 0.900849 5.91271e-15 0.000183921 -0.0010204
14.6 0.0981256 -2.33473e-14 0.901835 5.68275e-15 0.000373673 -0.00111137
14.7 0.0971491 -2.31621e-14 0.902811 5.44298e-15 0.000585562 -0.00113065
14.8 0.0961824 -2.28974e-14 0.903778 5.23486e-15 0.000799604 -0.00107756
14.9 0.0952256 -2.26727e-14 0.904735 5.02516e-15 0.000998647 -0.000957166
15 0.094278 -2.24483e-14 0.905682 4.79472e-15 0.00116657 -0.000778371
15.1 0.09334 -2.22612e-14 0.90662 4.55485e-15 0.00129044 -0.000552184
15.2 0.0924113 -2.20602e-14 0.907549 4.33263e-15 0.00135983 -0.00029262
15.3 0.0914918 -2.18527e-14 0.908468 4.10455e-15 0.00136833 -1.53922e-05
15.4 0.0905815 -2.206e-14 0.909378 3.79094e-15 0.0013135 0.000263101
15.5 0.0896802 -2.20417e-14 0.91028 3.54305e-15 0.00119673 0.000526359
15.6 0.0887879 -2.16158e-14 0.911172 3.38988e-15 0.00102359 0.000760082
15.7 0.0879044 -2.17795e-14 0.912055 3.08283e-15 0.000802452 0.000950504
15.8 0.0870298 -2.10895e-14 0.91293 2.91561e-15 0.000544893 0.00108692
15.9 0.0861641 -2.06048e-14 0.913796 2.7257e-15 0.000264646 0.00116181
16 0.0853069 -2.09163e-14 0.914653 2.45077e-15 -2.32005e-05 0.00117125
16.1 0.0844581 -2.01492e-14 0.915501 2.29888e-15 -0.000303101 0.00111508
16.2 0.0836185 -2.08641e-14 0.916341 2.02241e-15 -0.00055996 0.000996884
16.3 0.0827865 -2.10133e-14 0.917173 1.80569e-15 -0.000780001 0.000823759
16.4 0.0819624 -2.13881e-14 0.917997 1.59633e-15 -0.000951554 0.000605873
16.5 0.0811465 -1.86546e-14 0.918813 1.58569e-15 -0.00106572 0.000355865
16.6 0.0803388 -1.95352e-14 0.919621 1.31755e-15 -0.00111684 8.81007e-05
16.7 0.0795394 -1.85043e-14 0.92042 1.16072e-15 -0.00110285 -0.000182154
16.8 0.078748 -2.07824e-14 0.921211 6.37137e-16 -0.00102531 -0.000439608
16.9 0.0779644 -1.93159e-14 0.921995 7.64283e-16 -0.000889356 -0.000669816
17 0.0771886 -2.00251e-14 0.922771 3.34964e-16 -0.000703342 -0.00085999
17.1 0.0764206 -2.04037e-14 0.923539 -1.06232e-18 -0.000478367 -0.000999709
17.2 0.0756602 -1.95574e-14 0.924299 -1.19738e-17 -0.000227622 -0.0010815
17.3 0.0749074 -1.87958e-14 0.925052 -4.96046e-17 3.43711e-05 -0.00110122
17.4 0.074162 -1.77633e-14 0.925797 -1.1202e-16 0.000292728 -0.00105849
17.5 0.0734241 -1.9079e-14 0.926535 -4.97121e-16 0.000532553 -0.00095586
17.6 0.0726935 -1.77798e-14 0.927266 -4.87755e-16 0.000740437 -0.000799844
17.7 0.0719702 -1.7889e-14 0.927989 -7.93436e-16 0.000904818 -0.00059974
17.8 0.0712541 -1.77223e-14 0.928705 -9.31028e-16 0.0010167 -0.000367266
17.9 0.0705451 -1.65082e-14 0.929414 -9.71569e-16 0.00107015 -0.000115874
18 0.0698432 -1.64353e-14 0.930116 -1.13661e-15 0.0010626 0.000140024
18.1 0.0691482 -1.81933e-14 0.930811 -1.54526e-15 0.000994964 0.000385881
18.2 0.0684602 -1.61658e-14 0.931499 -1.48959e-15 0.000871546 0.000607925
18.3 0.067779 -1.63186e-14 0.93218 -1.66418e-15 0.000699784 0.000793662
18.4 0.0671046 -1.69289e-14 0.932855 -1.90708e-15 0.000489811 0.000932868
18.5 0.0664369 -1.65778e-14 0.933522 -2.08101e-15 0.000253838 0.00101804
18.6 0.0657758 -1.66294e-14 0.934184 -2.34511e-15 5.45203e-06 0.0010448
18.7 0.0651213 -1.60527e-14 0.934838 -2.36687e-15 -0.000241168 0.00101211
18.8 0.0644734 -1.53947e-14 0.935486 -2.39838e-15 -0.000472061 0.000922326
18.9 0.0638319 -1.48682e-14 0.936128 -2.48445e-15 -0.000674272 0.000781005
19 0.0631967 -1.5261e-14 0.936763 -2.7201e-15 -0.00083658 0.000596588
19.1 0.0625679 -1.56851e-14 0.937391 -3.01956e-15 -0.000950116 0.000379884
19.2 0.0619453 -1.53501e-14 0.938014 -3.12572e-15 -0.00100885 0.000143445
19.3 0.061329 -1.48515e-14 0.93863 -3.23882e-15 -0.00100991 -9.91642e-05
19.4 0.0607187 -1.4476e-14 0.939241 -3.36537e-15 -0.000953717 -0.00033414
19.5 0.0601146 -1.46301e-14 0.939845 -3.58245e-15 -0.000843926 -0.000548227
19.6 0.0595164 -1.40568e-14 0.940443 -3.62293e-15 -0.000687161 -0.000729542
19.7 0.0589242 -1.43549e-14 0.941035 -3.88693e-15 -0.000492771 -0.000867913
19.8 0.0583379 -1.42073e-14 0.941621 -4.01864e-15 -0.000272061 -0.00095594
19.9 0.0577574 -1.40871e-14 0.942202 -4.21195e-15 -3.776e-05 -0.000989051
20 0.0571828 -1.39421e-14 0.942777 -4.28848e-15 0.000196739 -0.000965825
