0 0 0 1 0 0 0
0.1 1.71713e-07 2.37825e-24 1 -2.68834e-24 4.82665e-05 -0.000411254
0.2 7.90865e-07 1.17131e-23 0.999999 -9.33482e-24 0.000195312 -0.000866158
0.3 2.03609e-06 -2.27729e-21 0.999998 6.97502e-23 0.000448794 -0.0013505
0.4 4.1159e-06 -3.50623e-20 0.999996 4.71062e-20 0.000812928 -0.00185002
0.5 7.2677e-06 -1.71788e-19 0.999993 -4.31139e-19 0.0012886 -0.00235133
0.6 1.17563e-05 -6.47039e-19 0.999988 1.58326e-19 0.00187366 -0.00284278
0.7 1.78729e-05 3.92453e-19 0.999982 -3.92784e-19 0.00256348 -0.00331524
0.8 2.59351e-05 1.07425e-18 0.999974 -1.266e-18 0.00335156 -0.00376276
0.9 3.62894e-05 3.41833e-20 0.999963 -1.88643e-18 0.00423036 -0.00418299
1 4.93191e-05 1.44978e-18 0.99995 -1.08612e-18 0.0051922 -0.0045775
1.1 6.54571e-05 9.0286e-18 0.999934 -4.51055e-18 0.00623012 -0.00495182
1.2 8.52077e-05 1.23581e-17 0.999913 -4.7956e-18 0.00733882 -0.0053153
1.3 0.000109179 8.78659e-18 0.999889 4.35305e-18 0.00851548 -0.00568072
1.4 0.000138127 9.87449e-18 0.99986 9.99911e-18 0.00976048 -0.00606382
1.5 0.000173014 1.10516e-17 0.999824 3.52644e-18 0.011078 -0.00648251
1.6 0.000215082 2.52757e-17 0.999782 -1.0228e-17 0.0124762 -0.00695614
1.7 0.000265943 2.09145e-17 0.999731 -3.64913e-19 0.0139682 -0.0075043
1.8 0.000327673 1.15353e-17 0.999669 -8.95518e-18 0.0155707 -0.00814627
1.9 0.000403421 1.91027e-18 0.999593 -2.87371e-17 0.0173047 -0.00890007
2 0.00049655 8.8616e-18 0.9995 -6.26124e-17 0.019195 -0.00978165
2.1 0.000611641 -3.69309e-18 0.999385 -6.91886e-17 0.0212691 -0.010804
2.2 0.000753745 5.48455e-17 0.999243 -2.53344e-17 0.023557 -0.0119766
2.3 0.000929863 -3.52182e-18 0.999066 -1.84581e-17 0.0260898 -0.0133049
2.4 0.0011473 2.59284e-19 0.998849 7.96335e-18 0.028899 -0.01479
2.5 0.00141481 1.77925e-16 0.998581 2.5263e-17 0.0320155 -0.0164287
2.6 0.00174326 2.34593e-16 0.998253 -3.60493e-17 0.0354682 -0.0182135
2.7 0.00214438 3.09157e-16 0.99785 -8.68373e-17 0.0392848 -0.020134
2.8 0.00263103 2.34702e-16 0.997362 6.76999e-17 0.0434861 -0.0221742
2.9 0.00321809 2.73808e-16 0.996773 3.06684e-17 0.0480918 -0.0243157
3 0.00392097 2.91907e-16 0.996069 -1.01063e-16 0.0531155 -0.0265381
3.1 0.00475614 2.69937e-16 0.995233 -2.28168e-16 0.0585667 -0.0288171
3.2 0.00574103 3.07074e-16 0.994247 -2.47577e-16 0.0644459 -0.0311279
3.3 0.00689376 2.1048e-16 0.993095 -1.66337e-16 0.0707476 -0.0334466
3.4 0.00823268 6.52876e-17 0.991755 1.78367e-16 0.0774624 -0.0357481
3.5 0.00977615 2.96916e-16 0.990212 1.46162e-16 0.0845728 -0.0380088
3.6 0.0115418 4.86582e-16 0.988446 -5.82281e-17 0.0920567 -0.0402049
3.7 0.0135463 4.18417e-16 0.986441 -8.18974e-17 0.0998879 -0.0423142
3.8 0.0158055 1.25484e-15 0.984182 -4.43035e-16 0.108033 -0.0443152
3.9 0.0183334 8.9681e-16 0.981655 -6.4395e-17 0.116454 -0.0461876
4 0.0211409 5.79044e-16 0.978847 -5.21124e-17 0.12511 -0.0479123
4.1 0.0242373 1.23647e-15 0.975751 -4.4249e-16 0.133954 -0.0494734
4.2 0.0276307 1.72271e-15 0.972358 -2.93954e-16 0.142936 -0.0508546
4.3 0.0313236 1.60761e-15 0.968665 -1.38936e-15 0.152005 -0.0520434
4.4 0.0353142 4.72332e-15 0.964674 -4.08524e-15 0.161105 -0.0530273
4.5 0.0395962 5.66676e-15 0.960392 -5.32199e-15 0.17018 -0.0537965
4.6 0.0441621 5.93106e-16 0.955826 -1.19622e-16 0.17917 -0.0543437
4.7 0.0489956 2.72604e-16 0.950993 -2.92901e-16 0.188017 -0.0546629
4.8 0.0540798 1.66204e-15 0.945908 -1.79841e-15 0.196663 -0.0547525
4.9 0.059389 3.25832e-15 0.940599 -1.83886e-16 0.205052 -0.0546134
5 0.0648956 6.19943e-15 0.935092 -4.02034e-15 0.213124 -0.0542527
5.1 0.0705666 9.17607e-15 0.929421 -7.54685e-15 0.22083 -0.0536754
5.2 0.0763655 1.42555e-14 0.923622 -1.09987e-14 0.22812 -0.0528832
5.3 0.0822568 1.299e-14 0.91773 -9.92396e-15 0.234945 -0.0519017
5.4 0.0882002 1.01418e-14 0.911785 -8.63457e-15 0.241272 -0.0507556
5.5 0.094155 9.79197e-15 0.90583 -7.61712e-15 0.24708 -0.0494541
5.6 0.100085 8.55905e-15 0.899899 -7.20302e-15 0.252339 -0.0480354
5.7 0.105951 8.45962e-15 0.894032 -1.00175e-14 0.257034 -0.0465241
5.8 0.111719 7.65087e-15 0.888263 -1.19623e-14 0.261161 -0.0449517
5.9 0.117359 6.95978e-15 0.882624 -1.10701e-14 0.264724 -0.0433434
6 0.122843 7.72063e-15 0.87714 -1.05257e-14 0.267736 -0.041719
6.1 0.128149 1.14846e-14 0.871834 -1.25319e-14 0.270202 -0.0401078
6.2 0.13326 8.9668e-15 0.866722 -1.00135e-14 0.272165 -0.0385219
6.3 0.138155 3.03985e-15 0.861826 -6.76678e-15 0.273647 -0.0369732
6.4 0.142822 3.86184e-15 0.857158 -7.8098e-15 0.274678 -0.0354675
6.5 0.147253 5.84733e-15 0.852727 -1.10159e-14 0.275286 -0.0340018
6.6 0.151436 8.02392e-15 0.848542 -1.20967e-14 0.275499 -0.0325659
6.7 0.155361 -1.15236e-15 0.844617 -2.1304e-15 0.275342 -0.0311435
6.8 0.159017 -1.17432e-14 0.84096 7.7844e-15 0.27483 -0.0297297
6.9 0.16239 -1.60039e-14 0.837585 1.25515e-14 0.273985 -0.0283035
7 0.165461 -1.69554e-14 0.834513 7.47359e-15 0.272824 -0.0268502
7.1 0.168234 -2.01672e-14 0.831738 6.61144e-15 0.271338 -0.0253588
7.2 0.170686 -2.2486e-14 0.829285 2.67877e-15 0.269531 -0.0238148
7.3 0.172801 -1.5889e-14 0.827169 -7.04563e-15 0.267389 -0.0222167
7.4 0.174572 -8.32943e-15 0.825397 -1.37131e-14 0.264916 -0.0205733
7.5 0.175992 3.59024e-15 0.823976 -1.93559e-14 0.262108 -0.0188921
7.6 0.177062 9.60567e-15 0.822905 -2.67119e-14 0.25896 -0.0171857
7.7 0.177785 1.18264e-14 0.822181 -3.50455e-14 0.255466 -0.015469
7.8 0.178167 1.35491e-14 0.821798 -4.40034e-14 0.251627 -0.0137612
7.9 0.178222 1.56836e-14 0.821742 -4.62524e-14 0.24745 -0.0120822
8 0.177969 1.54535e-14 0.821995 -5.02572e-14 0.242943 -0.0104508
8.1 0.17743 1.61e-14 0.822533 -4.99586e-14 0.238115 -0.00888697
8.2 0.176627 1.58729e-14 0.823335 -4.76833e-14 0.232985 -0.00739991
8.3 0.175589 1.65049e-14 0.824372 -5.23626e-14 0.227571 -0.00600025
8.4 0.174343 1.4432e-14 0.825618 -4.86075e-14 0.221894 -0.00469273
8.5 0.172915 1.40649e-14 0.827045 -4.65417e-14 0.215974 -0.00347765
8.6 0.171333 1.12018e-14 0.828627 -4.43205e-14 0.209837 -0.00235156
8.7 0.169619 1.05203e-14 0.83034 -3.90084e-14 0.203501 -0.00130945
8.8 0.167798 7.09841e-15 0.83216 -3.24982e-14 0.19699 -0.000342362
8.9 0.165889 8.13555e-15 0.834069 -2.95934e-14 0.190324 0.000560488
9 0.16391 8.59583e-15 0.836048 -2.65072e-14 0.183525 0.00140882
9.1 0.161877 7.38909e-15 0.838081 -2.62695e-14 0.176609 0.00220855
9.2 0.159802 6.31083e-15 0.840155 -2.43117e-14 0.169591 0.0029658
9.3 0.157699 7.28497e-15 0.842258 -2.13708e-14 0.162493 0.00368695
9.4 0.155578 1.00666e-14 0.844378 -2.26163e-14 0.155331 0.0043718
9.5 0.153452 1.01164e-14 0.846504 -1.93882e-14 0.148119 0.00501847
9.6 0.151328 9.9477e-15 0.848627 -2.03689e-14 0.140882 0.00562322
9.7 0.149218 1.07447e-14 0.850738 -2.19502e-14 0.133636 0.00617842
9.8 0.147126 1.61454e-14 0.852829 -2.52416e-14 0.126405 0.00667489
9.9 0.145064 1.89712e-14 0.854891 -2.84874e-14 0.119211 0.00710155
10 0.143041 1.9634e-14 0.856913 -3.11464e-14 0.112081 0.00744725
10.1 0.14106 2.05921e-14 0.858894 -3.46686e-14 0.105047 0.00770269
10.2 0.139129 2.68184e-14 0.860826 -3.77316e-14 0.0981367 0.00785889
10.3 0.13725 2.95478e-14 0.862704 -4.13664e-14 0.0913796 0.00790192
10.4 0.135428 2.9102e-14 0.864526 -4.42106e-14 0.0848086 0.0078332
10.5 0.133664 3.06204e-14 0.86629 -4.46215e-14 0.0784569 0.00765008
10.6 0.131963 3.21402e-14 0.867992 -4.45318e-14 0.0723543 0.00735465
10.7 0.130323 3.07202e-14 0.869632 -4.36234e-14 0.0665283 0.00695321
10.8 0.128745 2.8909e-14 0.87121 -4.27207e-14 0.0610052 0.00645161
10.9 0.127225 3.01676e-14 0.87273 -4.26311e-14 0.0558042 0.00586689
11 0.125761 2.97725e-14 0.874193 -4.30559e-14 0.0509452 0.00521742
11.1 0.124349 2.79097e-14 0.875605 -4.23334e-14 0.0464356 0.00452288
11.2 0.122985 2.78919e-14 0.876969 -4.14621e-14 0.0422805 0.00380495
11.3 0.121663 2.49397e-14 0.878291 -3.79827e-14 0.0384818 0.00308518
11.4 0.120379 2.21985e-14 0.879575 -3.6161e-14 0.0350325 0.00238997
11.5 0.119129 2.14399e-14 0.880825 -3.41864e-14 0.031919 0.00173977
11.6 0.117907 2.02442e-14 0.882046 -3.28061e-14 0.0291238 0.00115699
11.7 0.116711 1.84747e-14 0.883242 -3.15885e-14 0.0266228 0.000658602
11.8 0.115536 1.68389e-14 0.884417 -3.08747e-14 0.0243886 0.000259291
11.9 0.114379 1.69729e-14 0.885574 -3.01513e-14 0.0223901 -3.28407e-05
12 0.113237 1.65575e-14 0.886716 -2.96711e-14 0.0205942 -0.00021295
12.1 0.112107 1.64846e-14 0.887846 -2.98436e-14 0.0189684 -0.000283326
12.2 0.110989 1.65925e-14 0.888963 -2.95307e-14 0.0174807 -0.000250124
12.3 0.109883 1.64589e-14 0.890069 -2.94776e-14 0.0161012 -0.000123812
12.4 0.108787 1.63142e-14 0.891166 -2.91037e-14 0.014802 8.05834e-05
12.5 0.107701 1.60692e-14 0.892252 -2.89694e-14 0.0135602 0.000344021
12.6 0.106625 1.53108e-14 0.893328 -2.95357e-14 0.0123576 0.00064599
12.7 0.105558 1.55746e-14 0.894394 -2.9978e-14 0.0111813 0.000963635
12.8 0.104502 1.53367e-14 0.89545 -3.00191e-14 0.0100226 0.00127464
12.9 0.103456 1.5386e-14 0.896497 -3.01556e-14 0.00887992 0.00155716
13 0.10242 1.58738e-14 0.897532 -2.98433e-14 0.00775489 0.0017908
13.1 0.101395 1.60887e-14 0.898557 -2.9812e-14 0.00665685 0.00196026
13.2 0.100381 1.60821e-14 0.899572 -2.95831e-14 0.00559584 0.00205341
13.3 0.099378 1.59143e-14 0.900575 -2.92979e-14 0.0045844 0.00206266
13.4 0.0983855 1.58243e-14 0.901568 -2.92863e-14 0.00363712 0.00198467
13.5 0.0974028 1.54465e-14 0.90255 -2.87231e-14 0.00277038 0.00182253
13.6 0.0964306 1.56439e-14 0.903523 -2.84747e-14 0.00199805 0.00157987
13.7 0.0954688 1.47496e-14 0.904484 -2.86094e-14 0.0013326 0.00126998
13.8 0.0945171 1.56523e-14 0.905436 -2.85223e-14 0.000784372 0.000907352
13.9 0.0935755 1.56246e-14 0.906378 -2.82551e-14 0.000358671 0.000510592
14 0.0926434 1.58181e-14 0.90731 -2.77601e-14 5.88615e-05 9.88609e-05
14.1 0.0917208 1.47821e-14 0.908232 -2.80512e-14 -0.000118871 -0.000306842
14.2 0.0908075 1.39391e-14 0.909146 -2.79928e-14 -0.000180444 -0.000686325
14.3 0.0899036 1.41749e-14 0.910049 -2.75034e-14 -0.000137108 -0.00102032
14.4 0.0890085 1.39728e-14 0.910944 -2.72991e-14 -3.54523e-06 -0.00129215
14.5 0.0881227 1.37673e-14 0.91183 -2.70819e-14 0.00020132 -0.00148856
14.6 0.0872457 1.35559e-14 0.912707 -2.69298e-14 0.000456581 -0.00159901
14.7 0.0863775 1.34649e-14 0.913575 -2.6787e-14 0.000739602 -0.00161903
14.8 0.0855179 1.32535e-14 0.914435 -2.66547e-14 0.00102831 -0.00154912
14.9 0.0846669 1.30907e-14 0.915286 -2.65176e-14 0.00129992 -0.00139327
15 0.0838245 1.29056e-14 0.916128 -2.63887e-14 0.00153483 -0.00116096
15.1 0.0829905 1.27636e-14 0.916962 -2.62741e-14 0.00171542 -0.000866084
15.2 0.0821647 1.26574e-14 0.917788 -2.61466e-14 0.00182826 -0.000524893
15.3 0.0813472 1.25251e-14 0.918605 -2.60342e-14 0.00186431 -0.000156064
15.4 0.0805378 1.24191e-14 0.919414 -2.59092e-14 0.00181877 0.000220182
15.5 0.0797365 1.22951e-14 0.920216 -2.57823e-14 0.00169185 0.000583572
15.6 0.0789431 1.21784e-14 0.921009 -2.56575e-14 0.00148839 0.000914294
15.7 0.0781576 1.21016e-14 0.921795 -2.55321e-14 0.00121779 0.00119478
15.8 0.07738 1.19493e-14 0.922572 -2.53939e-14 0.000893167 0.00141024
15.9 0.0766102 1.17497e-14 0.923342 -2.52506e-14 0.000530762 0.00154926
16 0.075848 1.19072e-14 0.924104 -2.51044e-14 0.000148947 0.00160472
16.1 0.0750936 1.2316e-14 0.924858 -2.49414e-14 -0.000232579 0.00157397
16.2 0.0743464 1.196e-14 0.925605 -2.47674e-14 -0.000594359 0.00145963
16.3 0.0736066 1.20314e-14 0.926345 -2.46491e-14 -0.000917998 0.00126795
16.4 0.072874 1.24002e-14 0.927077 -2.43481e-14 -0.00118704 0.00100962
16.5 0.0721488 1.24561e-14 0.927803 -2.41429e-14 -0.00138794 0.000698848
16.6 0.0714306 1.36946e-14 0.928521 -2.38984e-14 -0.00151081 0.00035257
16.7 0.0707199 1.35348e-14 0.929232 -2.37435e-14 -0.00154992 -1.04688e-05
16.8 0.0700162 1.27072e-14 0.929935 -2.36525e-14 -0.001504 -0.000370727
16.9 0.0693195 1.31415e-14 0.930632 -2.34659e-14 -0.0013763 -0.000708925
17 0.0686298 1.33049e-14 0.931322 -2.34015e-14 -0.00117437 -0.00100707
17.1 0.0679469 1.25134e-14 0.932005 -2.3285e-14 -0.000909685 -0.00124943
17.2 0.0672708 1.2497e-14 0.932681 -2.32832e-14 -0.000596957 -0.00142335
17.3 0.0666015 1.18939e-14 0.93335 -2.31539e-14 -0.000253302 -0.00152007
17.4 0.0659388 1.13458e-14 0.934013 -2.31166e-14 0.00010246 -0.00153455
17.5 0.0652827 1.20353e-14 0.934669 -2.2832e-14 0.000451122 -0.00146664
17.6 0.0646331 1.14368e-14 0.935319 -2.27101e-14 0.000773949 -0.00132046
17.7 0.06399 1.13875e-14 0.935962 -2.27438e-14 0.00105372 -0.0011043
17.8 0.0633533 1.13295e-14 0.936598 -2.25312e-14 0.00127562 -0.000830183
17.9 0.0627229 1.15194e-14 0.937229 -2.23063e-14 0.00142805 -0.000513127
18 0.0620988 1.14586e-14 0.937853 -2.21873e-14 0.00150321 -0.000170389
18.1 0.0614809 1.07149e-14 0.938471 -2.21913e-14 0.00149747 0.000179505
18.2 0.0608692 1.02693e-14 0.939082 -2.21376e-14 0.00141159 0.000517838
18.3 0.0602635 1.04688e-14 0.939688 -2.19991e-14 0.00125061 0.000826525
18.4 0.0596639 1.00928e-14 0.940288 -2.1905e-14 0.00102356 0.00108901
18.5 0.0590702 9.86569e-15 0.940881 -2.17836e-14 0.000742994 0.00129159
18.6 0.0584825 9.77919e-15 0.941469 -2.16921e-14 0.000424269 0.00142374
18.7 0.0579005 1.00637e-14 0.942051 -2.15816e-14 8.46819e-05 0.0014788
18.8 0.0573244 9.76674e-15 0.942627 -2.14518e-14 -0.000257446 0.00145425
18.9 0.056754 9.79218e-15 0.943198 -2.12952e-14 -0.000583764 0.00135188
19 0.0561893 1.02679e-14 0.943762 -2.1126e-14 -0.000876874 0.00117764
19.1 0.0556302 1.00456e-14 0.944321 -2.10604e-14 -0.00112126 0.000941266
19.2 0.0550767 9.76628e-15 0.944875 -2.09871e-14 -0.0013041 0.000655808
19.3 0.0545287 9.51175e-15 0.945423 -2.09301e-14 -0.00141596 0.00033685
19.4 0.0539861 9.35209e-15 0.945966 -2.0939e-14 -0.00145124 1.68746e-06
19.5 0.0534489 9.35169e-15 0.946503 -2.08434e-14 -0.00140852 -0.000331618
19.6 0.0529171 9.15144e-15 0.947035 -2.08045e-14 -0.00129053 -0.000645207
19.7 0.0523906 9.80816e-15 0.947561 -2.05726e-14 -0.00110403 -0.000922383
19.8 0.0518693 9.45526e-15 0.948082 -2.05379e-14 -0.000859429 -0.0011485
19.9 0.0513532 9.29548e-15 0.948598 -2.04003e-14 -0.00057017 -0.00131173
20 0.0508422 9.07917e-15 0.949109 -2.03515e-14 -0.000252024 -0.00140368
