0 0 0 1 0 0 0
0.1 1.71713e-07 2.37825e-24 1 -2.68834e-24 4.8275e-05 -0.000411467
0.2 7.91067e-07 1.17131e-23 0.999999 2.36648e-26 0.000195482 -0.000867231
0.3 2.03746e-06 5.41234e-20 0.999998 8.34494e-22 0.000449619 -0.0013535
0.4 4.12106e-06 1.12403e-19 0.999996 -1.32143e-19 0.000815437 -0.00185637
0.5 7.28218e-06 -5.16965e-19 0.999993 -5.84814e-20 0.00129452 -0.00236264
0.6 1.17902e-05 -4.77081e-19 0.999988 -1.15254e-18 0.00188557 -0.00286071
0.7 1.79425e-05 -1.09459e-18 0.999982 -1.09294e-18 0.00258486 -0.00334125
0.8 2.60649e-05 -1.75401e-18 0.999974 -1.59751e-18 0.00338682 -0.00379786
0.9 3.65143e-05 4.00414e-18 0.999963 -3.40496e-18 0.00428483 -0.00422752
1 4.96846e-05 4.85033e-18 0.99995 -2.93885e-18 0.00527196 -0.00463089
1.1 6.60195e-05 1.12315e-17 0.999933 -3.23058e-18 0.00634187 -0.00501238
1.2 8.60324e-05 1.17472e-17 0.999913 -4.74124e-18 0.00748966 -0.0053801
1.3 0.000110336 1.16405e-17 0.999888 -7.16433e-19 0.00871264 -0.0057455
1.4 0.000139683 1.35029e-17 0.999858 -4.30361e-18 0.0100111 -0.00612298
1.5 0.000175021 1.56164e-17 0.999822 -3.78076e-18 0.0113887 -0.00652919
1.6 0.000217562 2.06374e-17 0.99978 2.58851e-18 0.0128532 -0.00698239
1.7 0.000268869 2.31412e-17 0.999728 3.78774e-18 0.0144166 -0.00750124
1.8 0.000330944 2.4165e-17 0.999666 2.04555e-17 0.016095 -0.0081044
1.9 0.000406342 -3.09924e-18 0.99959 1.00857e-17 0.0179083 -0.00880961
2 0.000498295 -7.9087e-18 0.999498 6.46873e-18 0.0198803 -0.00963277
2.1 0.000610834 1.6704e-17 0.999386 -1.51218e-17 0.0220378 -0.0105872
2.2 0.000748909 3.16211e-17 0.999247 -2.16362e-17 0.0244102 -0.011683
2.3 0.000918511 8.4025e-19 0.999078 -1.86784e-17 0.0270284 -0.0129264
2.4 0.00112744 4.37037e-17 0.998869 -2.57413e-17 0.0299241 -0.0143195
2.5 0.00138425 4.20808e-17 0.998612 -2.04361e-18 0.0331288 -0.0158602
2.6 0.00169878 -2.12066e-17 0.998297 -7.14283e-17 0.0366724 -0.0175421
2.7 0.00208232 1.05072e-16 0.997912 -9.49305e-17 0.0405838 -0.0193549
2.8 0.00254754 4.46149e-17 0.997446 -1.47055e-16 0.0448861 -0.0212835
2.9 0.00310814 -3.04967e-16 0.996884 -2.02644e-16 0.0496008 -0.0233099
3 0.00377838 -4.00231e-16 0.996213 -2.97536e-16 0.0547441 -0.0254133
3.1 0.00457446 -2.13945e-16 0.995417 -5.32347e-16 0.0603267 -0.0275694
3.2 0.00551269 3.02377e-17 0.994478 -6.09318e-16 0.0663534 -0.029753
3.3 0.00660987 3.88667e-16 0.993381 -7.26044e-16 0.072823 -0.0319371
3.4 0.00788272 3.11593e-16 0.992108 -4.09915e-16 0.0797301 -0.0340939
3.5 0.00934768 2.06957e-16 0.990643 -7.88503e-16 0.0870574 -0.0361945
3.6 0.0110206 3.10301e-16 0.98897 -9.76372e-16 0.0947835 -0.0382131
3.7 0.0129161 -6.24046e-17 0.987074 -8.86133e-16 0.102883 -0.0401227
3.8 0.0150468 1.13801e-16 0.984944 -1.1156e-15 0.111322 -0.0418988
3.9 0.0174234 -4.83263e-17 0.982568 -1.70571e-15 0.120062 -0.0435191
4 0.0200533 -2.16315e-16 0.979938 -1.56305e-15 0.12906 -0.0449616
4.1 0.022941 5.19601e-17 0.977051 -2.01411e-15 0.138268 -0.0462074
4.2 0.0260871 2.8974e-16 0.973905 -2.40822e-15 0.147635 -0.0472402
4.3 0.029488 2.65447e-16 0.970504 -2.12739e-15 0.157107 -0.0480449
4.4 0.0331362 1.03278e-15 0.966856 -2.13879e-15 0.166626 -0.048609
4.5 0.0370215 8.56183e-16 0.962971 -1.97054e-15 0.176132 -0.0489246
4.6 0.0411269 7.66398e-16 0.958865 -1.91155e-15 0.185564 -0.048986
4.7 0.0454313 -2.78089e-15 0.954561 2.7303e-15 0.19486 -0.0487932
4.8 0.0499068 -4.44932e-15 0.950085 2.52216e-15 0.203961 -0.0483495
4.9 0.0545261 -4.98591e-15 0.945466 2.88121e-15 0.212808 -0.0476628
5 0.0592546 -4.92902e-15 0.940737 3.3116e-15 0.221345 -0.0467445
5.1 0.0640556 -5.48271e-15 0.935936 1.5426e-15 0.229521 -0.0456118
5.2 0.0688903 -6.37123e-15 0.931101 1.23617e-15 0.237289 -0.0442872
5.3 0.0737228 -8.26066e-15 0.926268 -1.91978e-15 0.244608 -0.0427967
5.4 0.0785123 -9.73319e-15 0.921479 6.37507e-17 0.251446 -0.0411694
5.5 0.0832225 -1.11687e-14 0.916768 1.60852e-16 0.25778 -0.0394373
5.6 0.0878202 -1.2659e-14 0.91217 6.65517e-17 0.26359 -0.0376348
5.7 0.0922774 -1.88745e-14 0.907713 7.64663e-15 0.268872 -0.0358013
5.8 0.0965684 -1.228e-14 0.903421 1.67732e-15 0.273625 -0.0339605
5.9 0.100672 -2.34349e-15 0.899317 -8.21242e-15 0.277863 -0.0321461
6 0.104575 -2.31004e-15 0.895415 -7.85313e-15 0.281595 -0.0303795
6.1 0.108264 -1.48618e-15 0.891724 -9.4685e-15 0.284846 -0.028678
6.2 0.111733 -7.71228e-16 0.888255 -1.07625e-14 0.28764 -0.0270517
6.3 0.114977 -8.16399e-17 0.885011 -1.00434e-14 0.290003 -0.0255001
6.4 0.11799 -6.08927e-15 0.881997 -5.02343e-15 0.291962 -0.0240163
6.5 0.120773 -8.86641e-15 0.879214 -5.32599e-15 0.293538 -0.0225859
6.6 0.12332 -1.06768e-14 0.876668 -6.75632e-15 0.294752 -0.0211889
6.7 0.125624 -1.25778e-14 0.874363 -5.47323e-15 0.295619 -0.0198023
6.8 0.127675 -5.83951e-15 0.872311 -6.88484e-15 0.296143 -0.0183992
6.9 0.129461 -1.83979e-14 0.870525 1.73628e-15 0.296327 -0.0169517
7 0.130965 -1.55997e-14 0.869021 7.2251e-16 0.296163 -0.0154411
7.1 0.132171 -2.03685e-14 0.867814 3.62384e-15 0.295643 -0.0138497
7.2 0.133061 -1.67626e-14 0.866923 -2.76117e-17 0.29475 -0.0121689
7.3 0.133624 -5.22825e-14 0.86636 2.04561e-14 0.293473 -0.0103981
7.4 0.133845 -3.40692e-14 0.866139 2.4383e-14 0.291795 -0.00854165
7.5 0.133715 -2.17235e-14 0.866268 1.4799e-14 0.2897 -0.00661211
7.6 0.133231 -1.59694e-15 0.86675 -1.1106e-14 0.287173 -0.00463013
7.7 0.132398 3.18698e-15 0.867583 -1.39345e-14 0.284207 -0.00261739
7.8 0.131219 2.72398e-15 0.868762 -1.41228e-14 0.280801 -0.000601713
7.9 0.129716 5.51445e-15 0.870265 -1.54444e-14 0.276957 0.00139445
8 0.127909 9.84007e-15 0.87207 -2.00078e-14 0.272683 0.00334664
8.1 0.125827 1.36223e-14 0.874151 -2.33988e-14 0.267992 0.00523492
8.2 0.123499 1.32217e-14 0.876478 -2.44354e-14 0.262899 0.00704132
8.3 0.120958 1.39949e-14 0.879019 -1.9586e-14 0.257427 0.00875611
8.4 0.118237 9.17403e-15 0.88174 -1.8808e-14 0.251596 0.0103741
8.5 0.115367 6.14703e-16 0.884609 -1.20003e-14 0.245431 0.0118949
8.6 0.112382 -8.66656e-15 0.887594 -3.87711e-15 0.238957 0.0133221
8.7 0.109309 -1.44179e-14 0.890666 -3.74869e-16 0.232194 0.0146637
8.8 0.106174 -2.0319e-14 0.8938 3.37945e-15 0.225165 0.0159245
8.9 0.103003 -2.65198e-14 0.896971 1.12238e-14 0.217887 0.0171129
9 0.0998188 -3.07456e-14 0.900155 1.58395e-14 0.210382 0.0182331
9.1 0.0966482 -3.6649e-14 0.903325 2.16907e-14 0.202666 0.019288
9.2 0.0934964 -3.99192e-14 0.906477 2.32616e-14 0.194762 0.0202786
9.3 0.0903845 -4.23741e-14 0.909589 2.45814e-14 0.186685 0.0212023
9.4 0.0873283 -4.37346e-14 0.912645 2.27844e-14 0.178458 0.0220521
9.5 0.0843416 -4.22024e-14 0.915632 2.39498e-14 0.170103 0.022816
9.6 0.0814392 -4.04865e-14 0.918534 2.4075e-14 0.161646 0.0234813
9.7 0.0786331 -4.12474e-14 0.92134 2.26552e-14 0.153119 0.0240336
9.8 0.0759351 -4.06502e-14 0.924038 2.35305e-14 0.144553 0.0244561
9.9 0.0733563 -3.74213e-14 0.926617 2.41979e-14 0.135985 0.024729
10 0.0709051 -4.08983e-14 0.929068 2.48863e-14 0.127458 0.0248388
10.1 0.0685893 -4.42097e-14 0.931383 2.63895e-14 0.119013 0.0247728
10.2 0.0664154 -5.01254e-14 0.933557 2.70349e-14 0.110696 0.0245165
10.3 0.0643864 -5.41336e-14 0.935586 3.64863e-14 0.102555 0.0240666
10.4 0.0625035 -5.25679e-14 0.937468 3.31994e-14 0.0946378 0.023421
10.5 0.0607655 -5.05446e-14 0.939206 2.94432e-14 0.0869906 0.0225817
10.6 0.0591698 -4.99841e-14 0.940802 2.88895e-14 0.0796588 0.0215585
10.7 0.0577133 -5.10114e-14 0.942259 2.78296e-14 0.0726836 0.0203665
10.8 0.0563875 -4.84502e-14 0.943585 2.58933e-14 0.0661029 0.0190297
10.9 0.0551844 -4.81309e-14 0.944788 2.52025e-14 0.0599469 0.0175747
11 0.0540942 -4.81546e-14 0.945878 2.34976e-14 0.0542408 0.0160311
11.1 0.0531084 -4.89587e-14 0.946864 2.03244e-14 0.0489898 0.0144397
11.2 0.0522129 -5.11167e-14 0.94776 2.0306e-14 0.0442095 0.0128305
11.3 0.0513981 -5.22466e-14 0.948574 2.11486e-14 0.0398937 0.0112431
11.4 0.0506528 -5.15968e-14 0.94932 2.07533e-14 0.036031 0.00971372
11.5 0.0499655 -5.24086e-14 0.950007 2.22187e-14 0.0326014 0.00827663
11.6 0.0493269 -5.39605e-14 0.950646 2.28435e-14 0.0295771 0.00696198
11.7 0.048729 -5.44973e-14 0.951243 2.3193e-14 0.026923 0.0057953
11.8 0.0481616 -5.59293e-14 0.951811 2.41553e-14 0.0245995 0.00479679
11.9 0.0476201 -5.46528e-14 0.952352 2.49183e-14 0.0225636 0.0039787
12 0.0470993 -5.41723e-14 0.952873 2.53133e-14 0.0207689 0.00334614
12.1 0.0465944 -5.69961e-14 0.953378 2.58652e-14 0.0191682 0.00289713
12.2 0.0461023 -5.83696e-14 0.95387 2.57618e-14 0.0177197 0.00262063
12.3 0.0456203 -5.7549e-14 0.954352 2.55244e-14 0.0163811 0.00250025
12.4 0.0451467 -5.73827e-14 0.954826 2.54311e-14 0.0151147 0.00251363
12.5 0.0446795 -5.75978e-14 0.955293 2.47762e-14 0.0138912 0.00263316
12.6 0.0442185 -5.73203e-14 0.955754 2.41691e-14 0.0126859 0.00282884
12.7 0.0437618 -5.50913e-14 0.95621 2.37328e-14 0.0114823 0.00306814
12.8 0.0433121 -5.36744e-14 0.95666 2.31134e-14 0.0102707 0.00331869
12.9 0.0428677 -5.22428e-14 0.957104 2.20793e-14 0.0090492 0.00354948
13 0.042428 -5.20808e-14 0.957544 2.2155e-14 0.00782174 0.00373223
13.1 0.0419952 -5.13337e-14 0.957977 2.10174e-14 0.00659846 0.00384354
13.2 0.0415667 -5.11832e-14 0.958406 2.05969e-14 0.00539874 0.00386269
13.3 0.0411435 -5.06326e-14 0.958829 2.00832e-14 0.00424071 0.00377814
13.4 0.0407263 -4.98207e-14 0.959246 1.90693e-14 0.00314604 0.00358283
13.5 0.0403144 -4.95316e-14 0.959658 1.89951e-14 0.00213741 0.00327852
13.6 0.0399075 -4.89636e-14 0.960065 1.84776e-14 0.00123643 0.00287215
13.7 0.0395058 -4.83672e-14 0.960467 1.78335e-14 0.000462483 0.00237781
13.8 0.0391097 -4.76646e-14 0.960863 1.73951e-14 -0.000168552 0.00181462
13.9 0.0387186 -4.68805e-14 0.961254 1.70291e-14 -0.000646614 0.00120547
14 0.0383321 -4.65005e-14 0.96164 1.66287e-14 -0.000965258 0.000576379
14.1 0.0379499 -4.59611e-14 0.962023 1.62559e-14 -0.00112566 -4.42426e-05
14.2 0.0375719 -4.54182e-14 0.962401 1.58284e-14 -0.00113664 -0.00062823
14.3 0.0371977 -4.50796e-14 0.962775 1.53712e-14 -0.00100941 -0.00115165
14.4 0.036828 -4.46044e-14 0.963144 1.49227e-14 -0.000763025 -0.00158964
14.5 0.0364619 -4.41051e-14 0.96351 1.44779e-14 -0.000420547 -0.00192359
14.6 0.0360993 -4.36494e-14 0.963873 1.40701e-14 -7.93686e-06 -0.00214043
14.7 0.0357404 -4.32613e-14 0.964231 1.36661e-14 0.000444429 -0.00223062
14.8 0.0353852 -4.2839e-14 0.964587 1.32539e-14 0.000907262 -0.00219346
14.9 0.0350335 -4.24279e-14 0.964938 1.28387e-14 0.00135112 -0.00203325
15 0.0346849 -4.2008e-14 0.965287 1.24074e-14 0.00174808 -0.00176136
15.1 0.03434 -4.15675e-14 0.965631 1.19839e-14 0.0020744 -0.00139385
15.2 0.0339985 -4.11632e-14 0.965973 1.1578e-14 0.00231035 -0.000951624
15.3 0.0336611 -4.0823e-14 0.966311 1.11581e-14 0.0024417 -0.000459212
15.4 0.0333264 -3.9946e-14 0.966645 1.08606e-14 0.00246012 5.72665e-05
15.5 0.0329949 -3.99573e-14 0.966977 1.03673e-14 0.00236321 0.000570029
15.6 0.0326666 -3.95623e-14 0.967305 9.95966e-15 0.00215506 0.00105205
15.7 0.0323416 -3.91472e-14 0.96763 9.54953e-15 0.00184578 0.00147819
15.8 0.0320197 -3.87526e-14 0.967952 9.15793e-15 0.00145082 0.00182649
15.9 0.031701 -3.83607e-14 0.968271 8.77104e-15 0.000990145 0.00207926
16 0.0313857 -3.79806e-14 0.968586 8.39003e-15 0.000487128 0.00222392
16.1 0.0310734 -3.76065e-14 0.968898 8.01189e-15 -3.27146e-05 0.00225366
16.2 0.0307642 -3.72397e-14 0.969207 7.64127e-15 -0.00054308 0.00216768
16.3 0.0304579 -3.69628e-14 0.969513 7.24604e-15 -0.00101826 0.00197119
16.4 0.0301547 -3.6593e-14 0.969816 6.88695e-15 -0.00143449 0.00167512
16.5 0.0298544 -3.66519e-14 0.970116 6.45038e-15 -0.00177116 0.00129547
16.6 0.0295572 -3.59532e-14 0.970414 6.12964e-15 -0.00201186 0.000852434
16.7 0.0292628 -3.69266e-14 0.970708 5.56813e-15 -0.00214525 0.000369345
16.8 0.0289717 -3.65656e-14 0.970999 5.16833e-15 -0.00216555 -0.000128574
16.9 0.0286834 -3.63862e-14 0.971287 4.79711e-15 -0.00207277 -0.000615719
17 0.028398 -3.50738e-14 0.971573 4.56774e-15 -0.0018729 -0.00106671
17.1 0.0281154 -3.49622e-14 0.971855 4.1669e-15 -0.00157724 -0.00145873
17.2 0.0278357 -3.5061e-14 0.972135 3.72976e-15 -0.00120197 -0.00177204
17.3 0.0275587 -3.43701e-14 0.972412 3.47032e-15 -0.000767239 -0.00199112
17.4 0.0272845 -3.38871e-14 0.972686 3.1255e-15 -0.000296065 -0.00210544
17.5 0.027013 -3.43451e-14 0.972958 2.66172e-15 0.00018684 -0.00210998
17.6 0.0267442 -3.35783e-14 0.973226 2.3543e-15 0.000656378 -0.00200542
17.7 0.0264781 -3.35307e-14 0.973492 2.00111e-15 0.00108835 -0.00179805
17.8 0.0262147 -3.27952e-14 0.973756 1.72982e-15 0.00146072 -0.00149946
17.9 0.0259538 -3.29108e-14 0.974017 1.33349e-15 0.0017547 -0.00112581
18 0.0256956 -3.24712e-14 0.974275 1.02446e-15 0.00195572 -0.000697032
18.1 0.0254399 -3.20748e-14 0.974531 6.87545e-16 0.00205413 -0.00023574
18.2 0.0251868 -3.17006e-14 0.974784 3.96495e-16 0.00204562 0.000234135
18.3 0.0249362 -3.15807e-14 0.975034 5.31547e-17 0.00193156 0.000687967
18.4 0.024688 -3.09639e-14 0.975283 -2.20312e-16 0.00171867 0.00110253
18.5 0.0244424 -3.09197e-14 0.975528 -5.7452e-16 0.00141876 0.00145673
18.6 0.0241992 -3.09378e-14 0.975771 -9.39401e-16 0.00104803 0.00173277
18.7 0.0239584 -3.03701e-14 0.976012 -1.20228e-15 0.000626201 0.00191701
18.8 0.02372 -3.02123e-14 0.976251 -1.51186e-15 0.000175493 0.0020007
18.9 0.023484 -2.95667e-14 0.976487 -1.75356e-15 -0.000280579 0.00198034
19 0.0232503 -2.91701e-14 0.97672 -2.02161e-15 -0.000718408 0.00185783
19.1 0.023019 -2.89594e-14 0.976952 -2.33032e-15 -0.00111552 0.00164034
19.2 0.0227899 -2.83151e-14 0.977181 -2.56437e-15 -0.00145175 0.00133988
19.3 0.0225632 -2.82551e-14 0.977407 -2.86785e-15 -0.00171021 0.000972664
19.4 0.0223387 -2.79784e-14 0.977632 -3.14672e-15 -0.00187819 0.000558201
19.5 0.0221164 -2.76279e-14 0.977854 -3.40865e-15 -0.00194775 0.000118295
19.6 0.0218963 -2.73101e-14 0.978074 -3.66446e-15 -0.00191611 -0.000324117
19.7 0.0216785 -2.70708e-14 0.978292 -3.94961e-15 -0.00178573 -0.000746158
19.8 0.0214628 -2.67551e-14 0.978508 -4.22166e-15 -0.00156416 -0.00112619
19.9 0.0212492 -2.65024e-14 0.978721 -4.47961e-15 -0.0012636 -0.00144492
20 0.0210378 -2.62178e-14 0.978933 -4.75327e-15 -0.000900209 -0.00168639
