0 0 0 1 0 0 0
0.1 1.71713e-07 2.37825e-24 1 -2.68834e-24 4.82658e-05 -0.000411234
0.2 7.90846e-07 2.35459e-24 0.999999 2.36648e-26 0.000195296 -0.000866056
0.3 2.03596e-06 1.50818e-20 0.999998 3.03228e-22 0.000448716 -0.00135021
0.4 4.11541e-06 4.07854e-19 0.999996 5.46638e-19 0.000812693 -0.00184942
0.5 7.26633e-06 2.99624e-19 0.999993 2.78293e-20 0.00128804 -0.00235026
0.6 1.17531e-05 1.73551e-18 0.999988 -1.19012e-18 0.00187255 -0.00284108
0.7 1.78664e-05 3.43736e-18 0.999982 -8.99169e-19 0.00256149 -0.00331279
0.8 2.59228e-05 6.4048e-18 0.999974 -2.40106e-18 0.00334829 -0.00375947
0.9 3.62683e-05 8.30547e-18 0.999963 -2.20075e-18 0.00422533 -0.00417884
1 4.92851e-05 8.3649e-18 0.99995 1.5348e-18 0.00518487 -0.00457256
1.1 6.54051e-05 8.0969e-18 0.999934 1.35844e-18 0.0062199 -0.00494627
1.2 8.51323e-05 6.20225e-18 0.999914 -2.96415e-18 0.00732511 -0.00530942
1.3 0.000109075 8.48476e-18 0.999889 -4.50774e-18 0.00849768 -0.00567494
1.4 0.000137989 7.54638e-18 0.99986 -4.05727e-18 0.00973801 -0.00605865
1.5 0.000172841 1.34117e-17 0.999825 3.93283e-18 0.0110503 -0.0064786
1.6 0.000214876 1.29676e-17 0.999782 3.85687e-18 0.012443 -0.00695423
1.7 0.000265712 1.89766e-17 0.999731 -1.27323e-17 0.0139291 -0.00750516
1.8 0.000327434 3.36424e-17 0.999669 -1.90307e-17 0.0155255 -0.00815074
1.9 0.000403227 5.18233e-17 0.999593 -7.38218e-18 0.0172533 -0.00890896
2 0.000496465 2.03489e-17 0.9995 3.76482e-18 0.0191374 -0.00979574
2.1 0.000611771 1.98328e-17 0.999385 -2.22052e-17 0.0212055 -0.0108241
2.2 0.000754194 5.31739e-17 0.999242 -5.00677e-17 0.0234875 -0.0120032
2.3 0.000930805 8.04433e-17 0.999065 -4.3905e-17 0.0260146 -0.0133384
2.4 0.0011489 -7.24416e-17 0.998847 -1.18923e-16 0.0288183 -0.0148309
2.5 0.00141727 -8.81465e-17 0.998579 -9.99343e-17 0.0319293 -0.0164772
2.6 0.00174683 2.5615e-17 0.998249 -9.01332e-17 0.0353767 -0.0182696
2.7 0.00214896 -7.67294e-17 0.997847 -5.73995e-17 0.0391867 -0.0201967
2.8 0.00263685 1.07523e-16 0.997359 -6.51255e-17 0.0433817 -0.022243
2.9 0.00322503 1.01956e-16 0.996771 -9.47823e-17 0.0479799 -0.0243903
3 0.00392908 2.86102e-16 0.996066 -2.6685e-17 0.0529945 -0.0266175
3.1 0.00476637 3.59494e-16 0.995228 -7.85489e-17 0.058436 -0.0289029
3.2 0.0057538 5.38291e-16 0.994238 -1.44748e-16 0.0643012 -0.0312196
3.3 0.00691003 3.46027e-16 0.993081 -6.90489e-17 0.0705858 -0.0335434
3.4 0.00825295 6.31325e-16 0.991738 2.19752e-16 0.0772796 -0.035851
3.5 0.00980099 1.92646e-16 0.990189 5.45823e-16 0.0843675 -0.0381182
3.6 0.0115719 3.28949e-16 0.988418 1.01435e-15 0.0918237 -0.040323
3.7 0.0135828 8.48423e-16 0.986407 1.46993e-15 0.0996221 -0.0424442
3.8 0.0158495 6.8598e-16 0.98414 1.158e-15 0.10773 -0.0444605
3.9 0.0183869 9.80303e-16 0.981602 1.00813e-15 0.11611 -0.0463538
4 0.0212067 1.12042e-15 0.978782 1.96282e-16 0.124722 -0.0481061
4.1 0.0243173 3.9153e-16 0.975671 5.04995e-16 0.133521 -0.0497014
4.2 0.0277284 1.27864e-15 0.972259 -2.47916e-16 0.142456 -0.0511243
4.3 0.0314437 -1.99591e-15 0.968543 2.81628e-15 0.151477 -0.052361
4.4 0.0354632 -4.38771e-15 0.964523 5.3824e-15 0.160531 -0.0533991
4.5 0.0397826 -3.21944e-15 0.960202 2.84914e-15 0.16956 -0.0542275
4.6 0.0443918 -2.63214e-15 0.955592 3.09471e-15 0.178506 -0.0548378
4.7 0.0492777 -4.74209e-15 0.950705 4.34062e-15 0.187311 -0.0552262
4.8 0.0544218 -1.79237e-15 0.94556 1.00011e-15 0.195919 -0.0553831
4.9 0.0597988 2.4253e-16 0.940184 -4.31116e-16 0.204275 -0.0553078
5 0.0653837 -6.74879e-16 0.9346 -1.58572e-15 0.212314 -0.0550059
5.1 0.0711472 6.57218e-16 0.928837 -3.80611e-15 0.219983 -0.0544828
5.2 0.0770506 1.13384e-15 0.922934 -5.34515e-15 0.22723 -0.0537527
5.3 0.0830536 6.92546e-16 0.916931 -6.56683e-15 0.234017 -0.0528214
5.4 0.0891175 -1.2588e-15 0.910867 -6.18666e-15 0.240305 -0.0517101
5.5 0.0952014 -3.03629e-15 0.904783 -3.82111e-15 0.246061 -0.0504388
5.6 0.101269 -4.66846e-15 0.898714 1.21113e-15 0.251259 -0.0490434
5.7 0.107276 -8.49315e-15 0.892708 3.40781e-15 0.25588 -0.0475488
5.8 0.11319 -9.92139e-15 0.886792 8.5869e-15 0.259927 -0.0459927
5.9 0.118981 -9.24809e-15 0.881002 2.01935e-15 0.263398 -0.0443979
6 0.124619 -4.75045e-15 0.875363 -3.03248e-15 0.266303 -0.0427945
6.1 0.130081 -1.22072e-15 0.869901 -1.13011e-14 0.268657 -0.0412092
6.2 0.135353 3.49551e-15 0.864628 -1.27701e-14 0.270492 -0.0396623
6.3 0.140416 1.40977e-14 0.859564 -2.15389e-14 0.271837 -0.0381585
6.4 0.145259 2.12057e-14 0.854719 -2.53354e-14 0.272724 -0.0367031
6.5 0.149875 2.6319e-14 0.850101 -3.07141e-14 0.273225 -0.035293
6.6 0.154256 3.2218e-14 0.845718 -3.78664e-14 0.273344 -0.0339101
6.7 0.158389 3.32725e-14 0.841583 -3.30721e-14 0.273103 -0.0325452
6.8 0.162257 3.79773e-14 0.837714 -3.41506e-14 0.272518 -0.0311798
6.9 0.165854 3.39901e-14 0.834115 -2.4789e-14 0.271611 -0.0297931
7 0.169162 2.45791e-14 0.830803 -1.60973e-14 0.27039 -0.0283648
7.1 0.172162 1.11197e-14 0.827799 8.69807e-15 0.268855 -0.0268918
7.2 0.174839 -6.33192e-15 0.825122 1.86174e-14 0.267005 -0.0253573
7.3 0.177171 -2.72413e-14 0.822788 3.62578e-14 0.264834 -0.0237616
7.4 0.179153 -3.72419e-14 0.820803 4.86599e-14 0.262346 -0.0221115
7.5 0.180789 -4.42852e-14 0.819166 5.09499e-14 0.259514 -0.0204127
7.6 0.18205 -6.12241e-14 0.817903 5.4104e-14 0.25635 -0.0186867
7.7 0.182956 -6.92809e-14 0.816998 6.49536e-14 0.252843 -0.0169432
7.8 0.183514 -7.52012e-14 0.816439 7.50256e-14 0.248995 -0.0152063
7.9 0.183733 -6.55378e-14 0.816218 7.52062e-14 0.244806 -0.0135002
8 0.183636 -6.53006e-14 0.816316 7.35307e-14 0.240271 -0.011841
8.1 0.183235 -4.53972e-14 0.816716 5.30552e-14 0.235434 -0.0102668
8.2 0.182552 -4.82426e-14 0.817399 5.57325e-14 0.230295 -0.00877813
8.3 0.181627 -4.30736e-14 0.818324 4.18023e-14 0.224873 -0.00739253
8.4 0.18049 -2.73748e-14 0.81946 1.74828e-14 0.21921 -0.00610143
8.5 0.179175 -5.39256e-15 0.820773 3.37061e-15 0.213306 -0.00491361
8.6 0.177699 2.14801e-13 0.822248 -2.06539e-13 0.207175 -0.00382973
8.7 0.176095 7.67311e-13 0.823853 -7.38606e-13 0.200852 -0.00283716
8.8 0.174378 4.05613e-12 0.825569 -4.02857e-12 0.194349 -0.00192954
8.9 0.172577 3.34603e-12 0.82737 -3.50838e-12 0.187693 -0.00110429
9 0.170705 2.04783e-12 0.829241 -2.08513e-12 0.180911 -0.000346096
9.1 0.168777 1.5465e-12 0.831168 -1.64237e-12 0.17401 0.00034294
9.2 0.166818 1.19266e-12 0.833126 -1.28957e-12 0.167011 0.000986751
9.3 0.164828 6.6354e-13 0.835115 -7.90733e-13 0.159928 0.00159093
9.4 0.162832 5.24126e-13 0.837111 -6.7395e-13 0.15278 0.00215297
9.5 0.160825 4.05936e-13 0.839118 -5.56688e-13 0.14557 0.00267576
9.6 0.158823 6.50907e-14 0.841119 -1.48992e-13 0.138314 0.00314295
9.7 0.156829 -1.87885e-13 0.843113 1.12592e-13 0.131061 0.00355977
9.8 0.154854 -1.46185e-13 0.845088 6.38944e-14 0.123814 0.00391271
9.9 0.152903 -9.3938e-13 0.847039 8.51286e-13 0.116608 0.00419483
10 0.150997 -1.07744e-12 0.848945 1.01483e-12 0.109465 0.00440251
10.1 0.149124 -1.26011e-12 0.850818 1.19344e-12 0.102422 0.00451942
10.2 0.147299 -6.93274e-13 0.852643 6.92347e-13 0.0955027 0.00454806
10.3 0.145516 -5.312e-13 0.854428 5.99353e-13 0.088746 0.00448138
10.4 0.14378 -1.30447e-12 0.856164 1.33198e-12 0.0821708 0.00432199
10.5 0.1421 -1.59118e-12 0.857845 1.62154e-12 0.0758233 0.00405394
10.6 0.140471 -1.19441e-12 0.859474 1.20219e-12 0.0697374 0.00369925
10.7 0.138894 -4.29049e-13 0.861051 4.10223e-13 0.0639385 0.00326149
10.8 0.137369 -7.82129e-13 0.862575 7.2841e-13 0.0584533 0.00275843
10.9 0.13589 -8.51453e-13 0.864054 8.29692e-13 0.0532963 0.00220165
11 0.134458 -8.47309e-13 0.865485 9.27016e-13 0.0484849 0.00161213
11.1 0.133063 2.83797e-15 0.86688 2.72194e-14 0.044032 0.00100439
11.2 0.131708 -2.37665e-13 0.868235 3.44522e-13 0.0399393 0.000405377
11.3 0.130385 8.2142e-13 0.869556 -5.92024e-14 0.0362126 -0.000156188
11.4 0.129091 -1.22371e-12 0.87085 1.04638e-12 0.0328341 -0.000662859
11.5 0.127819 -2.90827e-12 0.87212 1.39286e-12 0.0297936 -0.00109024
11.6 0.126567 3.6177e-12 0.873371 -4.05045e-12 0.0270649 -0.0014213
11.7 0.125329 -8.13934e-14 0.874609 -3.19391e-14 0.0246249 -0.00164628
11.8 0.124101 4.24361e-12 0.875837 8.95121e-13 0.0224401 -0.0017521
11.9 0.122884 5.47313e-12 0.877054 -2.3748e-12 0.0204826 -0.00174059
12 0.121676 4.25028e-12 0.878262 -2.8551e-12 0.0187186 -0.00160949
12.1 0.120476 5.13252e-12 0.879462 -4.50666e-12 0.0171204 -0.00136758
12.2 0.119286 1.95212e-12 0.880653 -5.07498e-13 0.0156522 -0.00102424
12.3 0.118104 1.589e-11 0.881835 -1.70497e-11 0.0142889 -0.000598689
12.4 0.116929 1.33239e-11 0.883011 -1.30524e-11 0.0130013 -0.000111012
12.5 0.115768 -4.75564e-12 0.884172 2.33401e-12 0.0117778 0.000420194
12.6 0.114611 9.28917e-12 0.885329 -6.09041e-12 0.010599 0.000965145
12.7 0.113467 -8.14583e-12 0.886472 1.26904e-11 0.00945767 0.0015057
12.8 0.112331 -1.72708e-12 0.887608 9.02921e-12 0.00834944 0.00202231
12.9 0.111204 -2.95641e-12 0.888733 7.27103e-12 0.00727544 0.0024895
13 0.110086 1.60606e-12 0.889851 6.48299e-13 0.00623758 0.00289953
13.1 0.108988 5.90935e-12 0.890949 -4.54429e-13 0.00524497 0.00322915
13.2 0.107898 8.49515e-12 0.892039 -1.33105e-12 0.0043068 0.00347413
13.3 0.106822 1.19313e-11 0.893115 -2.81656e-12 0.00342921 0.00362814
13.4 0.105756 8.72612e-12 0.894182 -3.81e-12 0.00262682 0.00368813
13.5 0.104702 1.7186e-11 0.895237 1.12322e-11 0.00190909 0.00365908
13.6 0.10366 7.1973e-12 0.896282 -1.35237e-11 0.00128464 0.00354569
13.7 0.102625 -6.32884e-11 0.897319 1.19665e-10 0.000772124 0.00336048
13.8 0.101601 1.47155e-12 0.898345 4.27176e-12 0.000365016 0.0031149
13.9 0.100589 1.80723e-12 0.899358 -3.79294e-12 7.23045e-05 0.00282639
14 0.0995859 -2.55542e-12 0.900362 -8.10934e-12 -0.000106848 0.00251642
14.1 0.0985946 -5.98178e-12 0.901355 -1.56369e-11 -0.000178965 0.00219965
14.2 0.0976158 -1.07341e-11 0.902334 -1.14526e-11 -0.000152506 0.00189435
14.3 0.0966467 -1.49586e-11 0.903303 -4.87221e-12 -4.31905e-05 0.00162067
14.4 0.0956865 -1.64036e-11 0.904263 -6.73528e-12 0.000134651 0.00138807
14.5 0.0947362 -1.7476e-11 0.905212 -5.95484e-12 0.000362308 0.00120518
14.6 0.0937969 -1.72266e-11 0.906151 -6.41152e-12 0.000620407 0.00108074
14.7 0.0928657 -1.6868e-11 0.907082 -6.57397e-12 0.000888199 0.00101554
14.8 0.0919444 -1.76872e-11 0.908003 -5.78477e-12 0.00114976 0.00100574
14.9 0.0910314 -1.8009e-11 0.908915 -5.44376e-12 0.0013849 0.00104914
15 0.0901276 -1.81104e-11 0.909818 -5.76233e-12 0.00157971 0.00113419
15.1 0.0892326 -1.71445e-11 0.910713 -7.06836e-12 0.00171996 0.0012509
15.2 0.0883464 -2.02156e-11 0.911598 -4.3135e-12 0.0017969 0.00138529
15.3 0.0874691 -2.11065e-11 0.912475 -3.85015e-12 0.00180528 0.00152292
15.4 0.0866017 -2.44881e-11 0.913342 -6.10669e-12 0.00174443 0.00164418
15.5 0.0857425 -2.69245e-11 0.914201 -4.35391e-12 0.0016178 0.00173567
15.6 0.0848921 -2.44939e-11 0.915051 6.50141e-12 0.00143427 0.0017837
15.7 0.0840497 -1.97277e-11 0.915893 -7.2031e-12 0.00120445 0.00177757
15.8 0.083215 -2.53853e-11 0.916727 -7.41678e-12 0.000939197 0.00171047
15.9 0.0823884 -3.51432e-11 0.917554 -5.13136e-12 0.00065836 0.00157615
16 0.0815682 -2.17665e-11 0.918373 -1.09779e-11 0.000374058 0.00137622
16.1 0.0807565 -2.34582e-11 0.919185 -1.28265e-11 0.000104665 0.00111278
16.2 0.0799524 -1.87683e-11 0.919989 -1.2808e-11 -0.000136832 0.000794967
16.3 0.0791563 -1.59296e-11 0.920786 -1.15221e-11 -0.000336788 0.000430688
16.4 0.0783682 -3.41071e-11 0.921573 5.2309e-12 -0.000484793 3.31687e-05
16.5 0.0775884 -6.90389e-11 0.922352 1.76588e-11 -0.000571927 -0.00038053
16.6 0.0768174 -2.59332e-11 0.923123 -1.12607e-11 -0.000595831 -0.000798025
16.7 0.0760528 -2.8588e-11 0.923885 -4.80631e-12 -0.000556855 -0.00119979
16.8 0.0752975 -3.4805e-11 0.92464 9.46835e-13 -0.00045748 -0.00157036
16.9 0.0745502 -3.04948e-11 0.925387 1.18611e-12 -0.000303687 -0.00189476
17 0.0738099 -3.05875e-11 0.926127 2.33933e-12 -0.00010511 -0.00216271
17.1 0.0730769 -3.32953e-11 0.926859 4.62366e-12 0.000128294 -0.00236366
17.2 0.072352 -1.3585e-10 0.927583 2.42847e-10 0.000380255 -0.00248804
17.3 0.0716343 3.19392e-11 0.928302 6.78092e-11 0.000636633 -0.00253576
17.4 0.0709214 -8.62672e-12 0.929014 8.23483e-12 0.000876236 -0.00251224
17.5 0.0702174 -9.53045e-13 0.92972 -1.12521e-12 0.00109819 -0.00240699
17.6 0.0695202 -4.57022e-12 0.930419 -7.84268e-12 0.00128097 -0.002235
17.7 0.0688294 -1.50339e-11 0.931111 -1.73768e-11 0.00141257 -0.00200785
17.8 0.068146 -2.41533e-11 0.931796 -3.0467e-11 0.00148463 -0.00173896
17.9 0.067469 -2.81714e-11 0.932473 -3.13479e-11 0.0014917 -0.00143963
18 0.0667985 -2.9673e-11 0.933144 -3.16162e-11 0.00143368 -0.00112904
18.1 0.0661339 -2.90226e-11 0.933808 -3.25944e-11 0.00131235 -0.000823205
18.2 0.0654765 -2.83275e-11 0.934463 -3.16208e-11 0.00113308 -0.000534109
18.3 0.0648259 -2.96553e-11 0.935115 -3.11905e-11 0.000905324 -0.000278565
18.4 0.0641821 -4.14775e-11 0.935758 -6.1558e-11 0.000641452 -6.15347e-05
18.5 0.0635439 -3.66911e-11 0.936395 -5.14459e-11 0.000351058 0.000108065
18.6 0.0629124 -3.52848e-11 0.937027 -3.94494e-11 4.71362e-05 0.000226229
18.7 0.0622866 -3.29861e-11 0.937652 -3.0895e-11 -0.000255127 0.000289962
18.8 0.0616678 -9.3649e-11 0.938271 -6.1765e-11 -0.000543957 0.000299759
18.9 0.0610558 -3.26151e-11 0.938884 -2.17936e-11 -0.00080515 0.000259699
19 0.0604494 -2.5566e-11 0.93949 -1.3681e-11 -0.00102733 0.000176602
19.1 0.0598492 -2.66255e-11 0.940091 -1.87558e-11 -0.00120123 6.00311e-05
19.2 0.0592552 -2.72052e-11 0.940686 -2.42191e-11 -0.00131952 -7.97592e-05
19.3 0.0586665 -2.57586e-11 0.941275 -2.76328e-11 -0.00137837 -0.000231108
19.4 0.0580837 -2.44015e-11 0.941858 -2.91246e-11 -0.00137641 -0.000379798
19.5 0.0575065 -2.36549e-11 0.942435 -2.61137e-11 -0.00131542 -0.000514423
19.6 0.056935 -2.31953e-11 0.943005 -2.36276e-11 -0.00120137 -0.000624281
19.7 0.0563692 -2.25629e-11 0.943571 -2.15216e-11 -0.00104252 -0.000693948
19.8 0.0558088 -3.03024e-11 0.944132 -5.32771e-11 -0.00084965 -0.000720241
19.9 0.0552538 -3.49818e-11 0.944686 -4.02524e-11 -0.000635349 -0.000697544
20 0.0547041 -3.02552e-11 0.945235 -3.03756e-11 -0.000411397 -0.00062288
