0 0 0 1 0 0 0
0.1 1.71713e-07 2.37825e-24 1 -2.68834e-24 4.82622e-05 -0.000411113
0.2 7.90731e-07 1.17131e-23 0.999999 -9.33482e-24 0.000195212 -0.000865448
0.3 2.03518e-06 -3.60712e-20 0.999998 -1.85955e-22 0.000448297 -0.00134852
0.4 4.11248e-06 -5.91178e-19 0.999996 2.789e-19 0.00081141 -0.00184584
0.5 7.25811e-06 -7.21177e-19 0.999993 1.84252e-19 0.00128501 -0.00234389
0.6 1.1734e-05 -6.76322e-20 0.999988 -3.10296e-19 0.00186646 -0.00283101
0.7 1.7827e-05 -3.90955e-18 0.999982 -1.31609e-18 0.0025506 -0.00329821
0.8 2.58495e-05 -4.32286e-18 0.999974 -4.43792e-18 0.0033304 -0.00373982
0.9 3.61419e-05 -3.31525e-18 0.999964 -6.53925e-19 0.00419788 -0.00415394
1 4.90811e-05 -3.20533e-18 0.99995 -8.51778e-19 0.00514496 -0.00454271
1.1 6.50939e-05 -2.4419e-18 0.999934 3.66285e-18 0.00616448 -0.00491233
1.2 8.46812e-05 -4.26503e-18 0.999914 3.41803e-19 0.00725107 -0.00527289
1.3 0.000108452 -1.93725e-17 0.99989 8.85143e-19 0.00840202 -0.00563792
1.4 0.000137167 -2.41388e-18 0.999861 -3.33163e-18 0.00961802 -0.00602386
1.5 0.000171807 7.68154e-19 0.999826 -4.3221e-18 0.0109037 -0.00644923
1.6 0.000213641 1.32207e-17 0.999784 2.59453e-18 0.012268 -0.00693386
1.7 0.000264324 6.26196e-18 0.999733 2.55639e-18 0.0137246 -0.00749756
1.8 0.000326528 -4.4593e-18 0.99967 -5.84955e-18 0.0152911 -0.00815962
1.9 0.000402667 -1.85118e-17 0.999594 -1.27848e-17 0.0169893 -0.00893799
2 0.00049687 -1.6383e-17 0.9995 -4.56989e-17 0.0188446 -0.00984808
2.1 0.000613345 -2.29945e-17 0.999383 -5.88383e-17 0.0208854 -0.0109023
2.2 0.000757432 -1.43494e-17 0.999239 -4.17868e-17 0.0231416 -0.012109
2.3 0.000935842 -6.9228e-18 0.99906 -2.66717e-17 0.0256448 -0.0134727
2.4 0.00115639 1.0489e-16 0.99884 -3.50414e-17 0.0284262 -0.0149935
2.5 0.0014283 1.81652e-16 0.998568 3.19239e-18 0.0315161 -0.0166671
2.6 0.00176204 2.95486e-16 0.998234 -2.15752e-17 0.0349427 -0.0184849
2.7 0.00216953 3.10455e-16 0.997825 -4.19971e-17 0.0387325 -0.0204354
2.8 0.0026644 2.96816e-16 0.997329 4.57866e-17 0.0429049 -0.0225017
2.9 0.0032608 4.384e-16 0.996731 1.41123e-16 0.0474775 -0.024665
3 0.00397444 5.96733e-16 0.996016 1.1049e-16 0.0524632 -0.0269041
3.1 0.00482209 6.5908e-16 0.995167 -9.70675e-17 0.0578671 -0.0291966
3.2 0.0058216 9.74427e-16 0.994167 3.86192e-18 0.0636877 -0.0315177
3.3 0.00699078 3.21659e-16 0.992998 1.22823e-16 0.0699193 -0.0338453
3.4 0.00834809 -1.02756e-16 0.99164 2.38361e-16 0.0765501 -0.0361564
3.5 0.00991186 1.61158e-16 0.990077 2.80572e-16 0.0835629 -0.0384295
3.6 0.0117009 -8.9065e-17 0.988287 5.35761e-16 0.0909348 -0.0406425
3.7 0.013732 -1.04574e-16 0.986256 6.60066e-16 0.098639 -0.0427757
3.8 0.0160218 -1.62042e-16 0.983966 8.86884e-16 0.106642 -0.0448096
3.9 0.0185848 -3.86901e-16 0.981404 8.07377e-16 0.114907 -0.0467278
4 0.0214341 -9.1222e-16 0.978555 8.26711e-16 0.123395 -0.0485141
4.1 0.02458 -8.00552e-16 0.975409 1.39903e-15 0.132061 -0.0501528
4.2 0.028033 1.73053e-17 0.971956 1.723e-15 0.14086 -0.0516296
4.3 0.0317972 -6.19801e-16 0.968192 1.99757e-15 0.149743 -0.0529306
4.4 0.0358738 -8.34723e-16 0.964115 2.49298e-15 0.158657 -0.0540428
4.5 0.0402596 -7.16802e-16 0.959729 2.62434e-15 0.167548 -0.0549543
4.6 0.0449446 -1.12859e-15 0.955044 3.31617e-15 0.176363 -0.0556547
4.7 0.0499189 -2.00692e-15 0.95007 4.04899e-15 0.185045 -0.0561347
4.8 0.0551652 -4.157e-15 0.944823 4.93685e-15 0.193535 -0.0563855
4.9 0.0606614 -6.31534e-16 0.939327 1.77263e-15 0.201778 -0.0564022
5 0.0663815 6.25157e-16 0.933606 7.88112e-16 0.209714 -0.0561818
5.1 0.0722913 -1.3272e-15 0.927696 1.83907e-15 0.217288 -0.0557256
5.2 0.0783523 -1.94312e-15 0.921635 3.82147e-15 0.224447 -0.0550376
5.3 0.0845256 -3.02687e-15 0.915461 3.95101e-15 0.231143 -0.0541318
5.4 0.0907685 -6.01337e-16 0.909217 1.98748e-15 0.237335 -0.0530248
5.5 0.0970357 3.49603e-15 0.902949 -2.06122e-16 0.242987 -0.0517344
5.6 0.103284 3.23195e-15 0.8967 7.24073e-16 0.248073 -0.0502889
5.7 0.109473 -5.91935e-15 0.890511 8.65117e-15 0.252569 -0.0487203
5.8 0.115561 -9.3488e-16 0.884422 6.58516e-15 0.256465 -0.0470626
5.9 0.121514 -6.89871e-15 0.878468 1.11287e-15 0.259756 -0.0453471
6 0.127302 1.71406e-15 0.872679 1.19659e-15 0.262441 -0.0436124
6.1 0.132898 5.83496e-15 0.867084 2.3055e-15 0.264548 -0.0418862
6.2 0.138279 1.93997e-14 0.861702 -1.32071e-14 0.266102 -0.0401953
6.3 0.143438 1.06911e-14 0.856542 -2.9439e-15 0.267154 -0.0385639
6.4 0.148363 9.601e-15 0.851616 1.42189e-15 0.267722 -0.0369936
6.5 0.153048 8.35202e-15 0.846931 -1.33643e-16 0.26784 -0.0354969
6.6 0.157485 4.60684e-15 0.842493 4.67229e-15 0.267546 -0.0340683
6.7 0.161671 3.39023e-15 0.838306 8.2289e-15 0.266868 -0.0327056
6.8 0.1656 -5.29665e-16 0.834376 9.59388e-15 0.265839 -0.0313866
6.9 0.16927 7.72182e-15 0.830705 3.69376e-15 0.264493 -0.0300791
7 0.172669 1.09585e-14 0.827305 1.2348e-15 0.262833 -0.0287862
7.1 0.175791 1.67966e-14 0.824181 1.31372e-14 0.260876 -0.0274807
7.2 0.178618 5.72702e-15 0.821354 5.38872e-15 0.258636 -0.0261445
7.3 0.181147 1.07748e-14 0.818824 6.09611e-15 0.256098 -0.0247637
7.4 0.183369 -7.43135e-15 0.816602 2.15902e-14 0.253276 -0.0233349
7.5 0.18527 -5.98938e-15 0.8147 1.72144e-14 0.250155 -0.0218561
7.6 0.186842 -2.62123e-15 0.813126 1.39933e-14 0.246724 -0.0203262
7.7 0.188088 2.73377e-15 0.81188 1.19326e-14 0.242985 -0.018762
7.8 0.189001 6.99003e-15 0.810967 1.26924e-14 0.238936 -0.0171884
7.9 0.189591 5.0432e-15 0.810377 1.35015e-14 0.234584 -0.0156146
8 0.189869 1.368e-15 0.810098 1.14649e-14 0.229936 -0.0140623
8.1 0.189854 6.5175e-15 0.810112 7.1576e-15 0.224998 -0.0125504
8.2 0.189563 4.3946e-15 0.810403 6.16761e-15 0.219789 -0.0110964
8.3 0.189018 8.56801e-15 0.810947 4.52913e-15 0.21433 -0.00970953
8.4 0.188244 1.25955e-14 0.811721 3.82909e-15 0.208642 -0.00840157
8.5 0.187265 1.65357e-14 0.812698 4.81569e-15 0.20275 -0.00717541
8.6 0.186105 2.10127e-14 0.813858 -4.53347e-15 0.196682 -0.0060301
8.7 0.184788 2.02698e-14 0.815175 -4.35432e-15 0.190463 -0.00495954
8.8 0.183336 1.088e-14 0.816627 4.96337e-15 0.184116 -0.00395702
8.9 0.181767 -1.77449e-14 0.818195 3.60342e-14 0.177664 -0.00301042
9 0.180098 -4.34877e-14 0.819864 6.17786e-14 0.171128 -0.00211124
9.1 0.178343 -6.93019e-14 0.821618 8.63622e-14 0.164528 -0.00124868
9.2 0.176519 -8.04137e-14 0.823442 9.83164e-14 0.157878 -0.000413356
9.3 0.174637 -7.95802e-14 0.825323 1.01027e-13 0.151192 0.000397985
9.4 0.172707 -5.80456e-14 0.827252 8.08236e-14 0.144488 0.00119167
9.5 0.170742 -4.7642e-14 0.829217 6.77297e-14 0.137775 0.00196785
9.6 0.168748 -3.81807e-14 0.831211 5.55786e-14 0.131067 0.00272477
9.7 0.166736 -3.19725e-14 0.833223 5.03041e-14 0.124374 0.00345392
9.8 0.164714 -1.95664e-14 0.835244 4.10629e-14 0.117712 0.00414843
9.9 0.162692 -6.6561e-15 0.837266 3.33456e-14 0.111096 0.00479631
10 0.160678 3.95032e-15 0.83928 2.52284e-14 0.104544 0.00538444
10.1 0.158678 7.25432e-15 0.841279 1.78839e-14 0.0980772 0.00589828
10.2 0.156698 1.25218e-14 0.84326 1.3131e-14 0.0917163 0.00632218
10.3 0.154743 1.67379e-14 0.845214 1.12808e-14 0.0854898 0.00664738
10.4 0.152824 1.94469e-14 0.847134 1.20119e-14 0.0794226 0.00686461
10.5 0.150944 1.9095e-14 0.849014 1.15831e-14 0.0735397 0.00697078
10.6 0.149109 2.13529e-14 0.850849 8.89245e-15 0.0678685 0.00696406
10.7 0.147322 1.9378e-14 0.852635 1.00498e-14 0.0624285 0.00683907
10.8 0.145584 1.96345e-14 0.854373 1.15845e-14 0.0572458 0.00660477
10.9 0.143898 1.55152e-14 0.856061 1.45958e-14 0.0523352 0.00626766
11 0.142258 1.25402e-14 0.857701 1.78912e-14 0.0477296 0.00584077
11.1 0.140666 9.74651e-15 0.859292 1.85923e-14 0.043434 0.00534335
11.2 0.139121 5.35182e-15 0.860837 2.25328e-14 0.0394572 0.00479325
11.3 0.137618 4.08409e-15 0.86234 2.54195e-14 0.0358013 0.00421099
11.4 0.136152 3.90081e-15 0.863806 2.29074e-14 0.0324668 0.00361828
11.5 0.134723 6.4702e-15 0.865234 2.64163e-14 0.0294462 0.00303545
11.6 0.133328 7.34928e-15 0.86663 2.1383e-14 0.0267274 0.0024867
11.7 0.13196 -1.05927e-15 0.867998 2.73414e-14 0.024287 0.00198914
11.8 0.130616 4.48123e-16 0.869342 2.77135e-14 0.022106 0.00156055
11.9 0.129294 1.4806e-15 0.870664 2.67146e-14 0.0201577 0.00121127
12 0.12799 1.30657e-15 0.871967 2.59115e-14 0.0184154 0.000948622
12.1 0.126704 2.04998e-15 0.873254 2.48674e-14 0.0168494 0.000775787
12.2 0.125433 2.16028e-15 0.874524 2.29553e-14 0.0154305 0.000691264
12.3 0.124177 4.20752e-15 0.875781 2.40863e-14 0.0141315 0.000688429
12.4 0.122934 6.03397e-15 0.877023 2.28391e-14 0.0129266 0.000757924
12.5 0.121704 4.1632e-15 0.878253 2.40252e-14 0.0117923 0.000885334
12.6 0.120487 4.98087e-15 0.87947 2.31472e-14 0.0107101 0.00105464
12.7 0.119282 5.52326e-15 0.880676 2.26286e-14 0.00966581 0.0012476
12.8 0.118089 5.26701e-15 0.881868 2.25137e-14 0.00865072 0.00144504
12.9 0.116909 5.62879e-15 0.883049 2.26303e-14 0.00765856 0.00162889
13 0.11574 5.69453e-15 0.884218 2.28176e-14 0.00668998 0.00178037
13.1 0.114583 5.52362e-15 0.885374 2.33015e-14 0.00574909 0.00188705
13.2 0.113439 5.66684e-15 0.886519 2.34296e-14 0.00484318 0.00193746
13.3 0.112306 5.86465e-15 0.887652 2.34878e-14 0.00398208 0.00192361
13.4 0.111185 7.6152e-15 0.888773 2.3634e-14 0.00317734 0.00184203
13.5 0.110075 6.93222e-15 0.889883 2.37411e-14 0.00244126 0.00169281
13.6 0.108977 6.42055e-15 0.89098 2.42173e-14 0.00178532 0.00148129
13.7 0.107891 5.70459e-15 0.892067 2.46477e-14 0.00121952 0.00121594
13.8 0.106816 6.17405e-15 0.893142 2.49458e-14 0.000752096 0.000909301
13.9 0.105752 5.93014e-15 0.894206 2.47966e-14 0.00038782 0.000575649
14 0.104699 5.62615e-15 0.895259 2.5049e-14 0.000128328 0.000231592
14.1 0.103657 5.12504e-15 0.896301 2.51404e-14 -2.88464e-05 -0.00010614
14.2 0.102625 5.1281e-15 0.897332 2.52589e-14 -8.96369e-05 -0.000420316
14.3 0.101603 4.98256e-15 0.898354 2.5329e-14 -6.42373e-05 -0.000695866
14.4 0.100592 4.91592e-15 0.899365 2.54001e-14 3.45092e-05 -0.000918513
14.5 0.0995905 4.88283e-15 0.900367 2.55096e-14 0.000190765 -0.00107784
14.6 0.098599 5.0441e-15 0.901358 2.55136e-14 0.000386923 -0.00116668
14.7 0.097618 4.9645e-15 0.902339 2.55362e-14 0.000604642 -0.00118192
14.8 0.0966461 4.97463e-15 0.903311 2.55914e-14 0.000824693 -0.00112385
14.9 0.0956841 4.96384e-15 0.904273 2.56402e-14 0.00102877 -0.00099749
15 0.0947322 4.9562e-15 0.905225 2.56835e-14 0.00120113 -0.000811658
15.1 0.0937895 4.93394e-15 0.906167 2.57301e-14 0.00132818 -0.00057745
15.2 0.0928564 4.89376e-15 0.9071 2.57616e-14 0.00139939 -0.000309529
15.3 0.0919325 4.89692e-15 0.908024 2.58134e-14 0.00140815 -2.35819e-05
15.4 0.0910178 4.68079e-15 0.908939 2.58351e-14 0.00135195 0.000263518
15.5 0.0901121 4.67321e-15 0.909845 2.58893e-14 0.00123226 0.000535185
15.6 0.0892155 4.15414e-15 0.910741 2.58679e-14 0.00105467 0.000775865
15.7 0.0883277 3.84899e-15 0.911629 2.58423e-14 0.00082788 0.000972454
15.8 0.0874489 3.94181e-15 0.912508 2.58224e-14 0.000563643 0.00111367
15.9 0.0865789 4.03453e-15 0.913378 2.58916e-14 0.000276 0.00119181
16 0.0857176 3.77345e-15 0.914239 2.59238e-14 -1.9625e-05 0.00120281
16.1 0.0848648 3.13465e-15 0.915092 2.58317e-14 -0.000307328 0.00114647
16.2 0.0840204 3.17978e-15 0.915936 2.58916e-14 -0.00057165 0.00102642
16.3 0.0831845 3.17667e-15 0.916772 2.59567e-14 -0.000798469 0.000849856
16.4 0.0823567 1.86908e-15 0.917599 2.5895e-14 -0.000975795 0.000627138
16.5 0.0815371 1.58976e-15 0.918419 2.58842e-14 -0.00109445 0.000371153
16.6 0.0807256 3.81019e-15 0.919231 2.63124e-14 -0.00114859 9.65746e-05
16.7 0.0799224 2.51094e-15 0.920034 2.60932e-14 -0.00113598 -0.000180988
16.8 0.0791272 4.29998e-15 0.920829 2.63975e-14 -0.00105813 -0.000445875
16.9 0.0783398 2.27859e-15 0.921616 2.62485e-14 -0.000920182 -0.000683265
17 0.0775603 2.75289e-15 0.922396 2.63585e-14 -0.000730601 -0.000880006
17.1 0.0767886 3.78198e-15 0.923168 2.6462e-14 -0.000500657 -0.00102534
17.2 0.0760245 5.08748e-15 0.923932 2.66422e-14 -0.000243785 -0.00111151
17.3 0.0752681 2.93319e-15 0.924688 2.64233e-14 2.51885e-05 -0.00113415
17.4 0.0745192 2.5947e-15 0.925437 2.6421e-14 0.000291033 -0.00109272
17.5 0.0737777 3.08669e-15 0.926179 2.64928e-14 0.00053848 -0.00098968
17.6 0.0730436 3.07262e-15 0.926913 2.65209e-14 0.000753735 -0.000831563
17.7 0.0723168 3.16379e-15 0.927639 2.65482e-14 0.000924864 -0.000627757
17.8 0.0715972 2.3793e-15 0.928359 2.64588e-14 0.00104253 -0.000390153
17.9 0.0708848 3.42656e-15 0.929071 2.66568e-14 0.00110049 -0.000132451
18 0.0701795 2.76183e-15 0.929777 2.65662e-14 0.00109594 0.00013063
18.1 0.0694812 2.64939e-15 0.930475 2.66313e-14 0.00102963 0.000384186
18.2 0.0687898 2.01238e-15 0.931166 2.64778e-14 0.000905787 0.000614059
18.3 0.0681054 2.49517e-15 0.931851 2.66136e-14 0.000731856 0.000807361
18.4 0.0674277 2.39457e-15 0.932528 2.66463e-14 0.000518061 0.00095348
18.5 0.0667568 2.19782e-15 0.933199 2.67172e-14 0.000276795 0.00104455
18.6 0.0660926 3.18553e-15 0.933864 2.68793e-14 2.1903e-05 0.0010759
18.7 0.0654349 2.67707e-15 0.934521 2.68472e-14 -0.000232115 0.00104623
18.8 0.0647838 2.55314e-15 0.935172 2.68133e-14 -0.000470927 0.000957723
18.9 0.0641392 2.79977e-15 0.935817 2.68575e-14 -0.000681175 0.000815867
19 0.063501 2.97067e-15 0.936455 2.69722e-14 -0.000851225 0.000629108
19.1 0.0628692 2.70099e-15 0.937087 2.68891e-14 -0.000971807 0.00040836
19.2 0.0622436 1.98046e-15 0.937713 2.67433e-14 -0.00103652 0.000166367
19.3 0.0616243 2.28119e-15 0.938332 2.68703e-14 -0.00104217 -8.30316e-05
19.4 0.0610111 2.38233e-15 0.938945 2.68804e-14 -0.00098892 -0.000325693
19.5 0.060404 2.25155e-15 0.939552 2.68282e-14 -0.000880268 -0.00054797
19.6 0.059803 1.36941e-15 0.940153 2.66649e-14 -0.000722754 -0.000737558
19.7 0.059208 1.9716e-15 0.940748 2.68164e-14 -0.000525749 -0.000883854
19.8 0.0586188 2.51248e-15 0.941337 2.69112e-14 -0.000300674 -0.000979039
19.9 0.0580356 2.66316e-15 0.941921 2.69503e-14 -6.0471e-05 -0.00101816
20 0.0574581 2.31492e-15 0.942498 2.69149e-14 0.000181174 -0.000999469
