0 0 0 1 0 0 0
0.1 1.71713e-07 2.37825e-24 1 -2.68834e-24 4.8275e-05 -0.000411467
0.2 7.91067e-07 1.17131e-23 0.999999 2.36648e-26 0.000195482 -0.000867231
0.3 2.03746e-06 5.41234e-20 0.999998 8.34494e-22 0.000449619 -0.0013535
0.4 4.12106e-06 1.12403e-19 0.999996 -1.32143e-19 0.000815437 -0.00185637
0.5 7.28218e-06 -5.16965e-19 0.999993 -5.84814e-20 0.00129452 -0.00236264
0.6 1.17902e-05 -4.77081e-19 0.999988 -1.15254e-18 0.00188557 -0.00286071
0.7 1.79425e-05 -1.09459e-18 0.999982 -1.09294e-18 0.00258486 -0.00334125
0.8 2.60649e-05 -1.75401e-18 0.999974 -1.59751e-18 0.00338682 -0.00379786
0.9 3.65143e-05 4.00414e-18 0.999963 -3.40496e-18 0.00428483 -0.00422752
1 4.96846e-05 4.85033e-18 0.99995 -2.93885e-18 0.00527196 -0.00463089
1.1 6.60195e-05 1.12315e-17 0.999933 -3.23058e-18 0.00634187 -0.00501238
1.2 8.60324e-05 1.17472e-17 0.999913 -4.74124e-18 0.00748966 -0.0053801
1.3 0.000110336 1.16405e-17 0.999888 -7.16433e-19 0.00871264 -0.0057455
1.4 0.000139683 1.35029e-17 0.999858 -4.30361e-18 0.0100111 -0.00612298
1.5 0.000175021 1.56164e-17 0.999822 -3.78076e-18 0.0113887 -0.00652919
1.6 0.000217562 2.06374e-17 0.99978 2.58851e-18 0.0128532 -0.00698239
1.7 0.000268869 2.31412e-17 0.999728 3.78774e-18 0.0144166 -0.00750124
1.8 0.000330944 2.4165e-17 0.999666 2.04555e-17 0.016095 -0.0081044
1.9 0.000406342 -3.09924e-18 0.99959 1.00857e-17 0.0179083 -0.00880961
2 0.000498295 -7.9087e-18 0.999498 6.46873e-18 0.0198803 -0.00963277
2.1 0.000610834 1.6704e-17 0.999386 -1.51218e-17 0.0220378 -0.0105872
2.2 0.000748909 3.16211e-17 0.999247 -2.16362e-17 0.0244102 -0.011683
2.3 0.000918511 8.4025e-19 0.999078 -1.86784e-17 0.0270284 -0.0129264
2.4 0.00112744 4.37037e-17 0.998869 -2.57413e-17 0.0299241 -0.0143195
2.5 0.00138425 4.20808e-17 0.998612 -2.04361e-18 0.0331288 -0.0158602
2.6 0.0016988 3.67733e-18 0.998297 -8.52302e-17 0.0366724 -0.0175421
2.7 0.00208199 -3.3577e-16 0.997914 -6.91715e-17 0.0405829 -0.0193543
2.8 0.00254668 -3.92061e-16 0.997449 -7.43246e-17 0.0448848 -0.0212822
2.9 0.00310663 -4.52257e-16 0.996889 -1.21078e-17 0.0495989 -0.0233076
3 0.00377583 -4.78894e-16 0.99622 7.48015e-17 0.054741 -0.0254095
3.1 0.00457081 -4.85595e-16 0.995423 7.53249e-17 0.0603228 -0.0275643
3.2 0.00550752 -6.87018e-16 0.994485 1.60654e-16 0.0663467 -0.0297466
3.3 0.00660356 -7.13514e-16 0.993388 2.37613e-16 0.0728118 -0.0319298
3.4 0.00787531 -1.03393e-15 0.992116 2.05146e-16 0.0797108 -0.0340859
3.5 0.00933959 -1.34233e-15 0.990651 8.52971e-18 0.0870324 -0.0361898
3.6 0.0110116 -1.06797e-15 0.988978 2.41489e-16 0.0947482 -0.0382078
3.7 0.0129065 -9.09139e-16 0.987082 -1.15856e-16 0.102835 -0.0401184
3.8 0.0150365 -9.68844e-16 0.984952 -5.04529e-16 0.111259 -0.0418971
3.9 0.0174123 -8.797e-16 0.982575 -1.06751e-15 0.119984 -0.0435212
4 0.0200419 -8.34691e-16 0.979945 -9.17143e-16 0.128966 -0.0449694
4.1 0.0229295 -8.64638e-16 0.977057 -1.45326e-15 0.138152 -0.0462233
4.2 0.0260759 3.19915e-16 0.97391 -2.83474e-16 0.147497 -0.0472668
4.3 0.0294782 1.06913e-15 0.970509 -8.48677e-16 0.156941 -0.0480833
4.4 0.0331294 1.52581e-15 0.96686 -6.64129e-16 0.166432 -0.0486668
4.5 0.0370195 1.74351e-15 0.962971 -3.93344e-16 0.175907 -0.0490061
4.6 0.0411349 2.77171e-15 0.958856 -7.19783e-16 0.185307 -0.0490953
4.7 0.0454513 2.39535e-15 0.954539 3.81553e-17 0.194569 -0.0489357
4.8 0.049945 -1.93067e-15 0.950047 4.03254e-15 0.203634 -0.0485298
4.9 0.0545854 -5.52801e-16 0.945408 2.07419e-15 0.212444 -0.0478839
5 0.0593442 -4.2462e-15 0.940649 6.44258e-15 0.220942 -0.047011
5.1 0.0641827 -6.04366e-15 0.935811 6.27939e-15 0.229077 -0.0459278
5.2 0.0690609 -6.72195e-15 0.930933 7.6657e-15 0.236801 -0.0446567
5.3 0.0739421 -1.19484e-14 0.926051 1.08384e-14 0.244074 -0.0432219
5.4 0.0787867 -1.58276e-14 0.921205 1.11783e-14 0.25086 -0.0416532
5.5 0.0835621 -1.69291e-14 0.916427 1.06542e-14 0.257136 -0.0399869
5.6 0.0882349 -1.96173e-14 0.911752 1.04177e-14 0.262884 -0.0382556
5.7 0.0927787 -1.28767e-14 0.907207 4.09541e-15 0.268101 -0.036498
5.8 0.09717 -1.03914e-14 0.902813 2.48221e-15 0.272793 -0.0347364
5.9 0.101387 -9.67014e-15 0.898593 -3.19228e-15 0.276959 -0.0330077
6 0.105419 -1.24812e-14 0.894558 -1.04078e-14 0.280615 -0.0313368
6.1 0.109256 -1.21605e-14 0.890722 -1.36747e-14 0.283785 -0.0297452
6.2 0.11289 -5.06013e-15 0.887089 -1.45175e-14 0.286498 -0.0282354
6.3 0.116315 3.72333e-15 0.883663 -1.60652e-14 0.288784 -0.0268121
6.4 0.119532 1.12559e-14 0.880445 -1.97205e-14 0.290667 -0.0254646
6.5 0.122542 1.66367e-14 0.877434 -1.78968e-14 0.292176 -0.024181
6.6 0.125339 1.55297e-14 0.874638 -1.79695e-14 0.293325 -0.0229342
6.7 0.127915 1.50817e-14 0.872061 -1.93863e-14 0.29414 -0.0217
6.8 0.130265 8.11038e-15 0.869709 -1.42951e-14 0.294629 -0.0204486
6.9 0.132365 -2.58862e-16 0.867607 -1.36401e-14 0.294788 -0.0191503
7 0.134202 -7.91629e-15 0.865769 -7.10825e-15 0.294632 -0.017778
7.1 0.13576 -6.57959e-15 0.864209 -1.52598e-14 0.294143 -0.0163196
7.2 0.137014 -2.64267e-15 0.862954 -2.25115e-14 0.293316 -0.0147613
7.3 0.137949 1.90807e-15 0.862018 -2.88395e-14 0.292132 -0.0130874
7.4 0.138547 2.62992e-15 0.861419 -3.71036e-14 0.290566 -0.0113074
7.5 0.138792 9.78085e-15 0.861172 -2.92024e-14 0.288611 -0.00943388
7.6 0.138678 2.22885e-14 0.861282 -4.7877e-14 0.286261 -0.00748427
7.7 0.138207 2.9504e-14 0.861752 -5.3292e-14 0.283508 -0.00548491
7.8 0.137382 2.98567e-14 0.862574 -5.10474e-14 0.280369 -0.00345393
7.9 0.136202 4.19928e-14 0.863752 -7.31447e-14 0.276823 -0.00140936
8 0.134698 6.45299e-14 0.865253 -9.02296e-14 0.272882 0.00060864
8.1 0.132895 5.73091e-14 0.867053 -8.84368e-14 0.268553 0.00258456
8.2 0.13082 4.43993e-14 0.869124 -6.94335e-14 0.263844 0.00450418
8.3 0.128503 4.81752e-14 0.871436 -7.01873e-14 0.258779 0.00634113
8.4 0.125952 3.4717e-14 0.873983 -5.06052e-14 0.253367 0.0081088
8.5 0.123229 1.43393e-14 0.876703 -2.40646e-14 0.247627 0.00978637
8.6 0.120352 -2.58316e-14 0.879575 -6.56378e-15 0.241588 0.0113636
8.7 0.117362 -4.53069e-14 0.882559 -1.98008e-14 0.23526 0.0128473
8.8 0.114278 -3.91221e-14 0.885638 5.97443e-15 0.228664 0.014235
8.9 0.111129 1.14935e-14 0.888783 -1.53511e-14 0.221828 0.0155369
9 0.107942 5.44058e-15 0.891966 -3.99808e-15 0.214758 0.0167419
9.1 0.104753 -1.6564e-14 0.895153 1.91779e-14 0.207477 0.0178646
9.2 0.101582 -4.83549e-15 0.898321 1.82695e-14 0.199996 0.0189007
9.3 0.0984508 -2.92523e-15 0.901451 2.57399e-14 0.192338 0.019842
9.4 0.0953699 -3.35981e-14 0.904529 3.9989e-14 0.184538 0.020695
9.5 0.0923448 -3.03737e-14 0.907552 4.29851e-14 0.176589 0.02143
9.6 0.0893982 -3.42537e-14 0.910495 3.51749e-14 0.168521 0.0220306
9.7 0.0865514 -3.56879e-14 0.913339 1.55077e-14 0.160373 0.0224929
9.8 0.0838143 -3.80777e-14 0.916075 -1.26083e-14 0.152171 0.0228041
9.9 0.0811958 -3.07435e-14 0.918695 -2.67877e-14 0.143956 0.0229437
10 0.0787145 -5.31269e-14 0.921179 -1.9336e-15 0.135769 0.0228978
10.1 0.0763786 -7.12086e-14 0.92352 1.8732e-14 0.127663 0.0226652
10.2 0.0741857 -7.33907e-14 0.925717 2.31049e-14 0.119675 0.0222372
10.3 0.0721368 -7.77523e-14 0.92777 3.20199e-14 0.111848 0.0216057
10.4 0.0702355 -9.28718e-14 0.929673 4.37137e-14 0.104227 0.020777
10.5 0.0684904 -1.15326e-13 0.931418 4.55249e-14 0.0968564 0.0197624
10.6 0.0668975 -1.29728e-13 0.933007 7.01523e-14 0.0897675 0.018576
10.7 0.0654475 -1.57859e-13 0.934453 9.45829e-14 0.0829894 0.017229
10.8 0.0641248 -1.77542e-13 0.935771 1.09773e-13 0.076555 0.0157298
10.9 0.062917 -1.8917e-13 0.936974 1.22931e-13 0.0705049 0.0140991
11 0.0618191 -2.03163e-13 0.938068 1.30528e-13 0.0648656 0.0123653
11.1 0.0608207 -1.99208e-13 0.939064 1.13425e-13 0.0596632 0.0105695
11.2 0.059913 -2.00244e-13 0.93997 1.25177e-13 0.0549093 0.008756
11.3 0.0590842 -2.03132e-13 0.940799 1.28196e-13 0.0505999 0.00696193
11.4 0.0583217 -2.2132e-13 0.941563 1.51677e-13 0.0467548 0.00524841
11.5 0.0576199 -2.08899e-13 0.942268 1.22374e-13 0.0433341 0.003611
11.6 0.0569673 -1.92011e-13 0.942924 1.10184e-13 0.0403051 0.00209198
11.7 0.0563503 -2.10241e-13 0.943544 1.19245e-13 0.0376398 0.000710713
11.8 0.0557634 -2.01361e-13 0.944133 1.16745e-13 0.0353058 -0.00051344
11.9 0.0551962 -1.88475e-13 0.944701 9.92036e-14 0.0332523 -0.00155324
12 0.0546479 -1.94275e-13 0.94525 1.08548e-13 0.0314355 -0.00240594
12.1 0.0541132 -1.9869e-13 0.945784 1.14578e-13 0.0298159 -0.00306705
12.2 0.0535889 -1.91405e-13 0.946308 1.06245e-13 0.0283507 -0.00354492
12.3 0.0530739 -1.46062e-13 0.946821 1.0647e-13 0.0270062 -0.00384491
12.4 0.0525607 -1.19186e-13 0.947336 1.02026e-13 0.0257452 -0.00399226
12.5 0.0520528 -1.22925e-13 0.947846 9.62593e-14 0.0245254 -0.00399785
12.6 0.0515475 -1.37207e-13 0.948351 2.8931e-14 0.0233208 -0.00389275
12.7 0.0510416 -1.42648e-13 0.948855 1.15415e-15 0.0220935 -0.00371364
12.8 0.050541 -1.32878e-13 0.949353 -4.17701e-14 0.0208403 -0.00351196
12.9 0.0500411 -9.98658e-14 0.94985 -1.09995e-13 0.0195658 -0.00332167
13 0.0495438 -9.94704e-14 0.950345 -1.50595e-13 0.0182811 -0.0031679
13.1 0.0490512 -1.12151e-13 0.950836 -1.47193e-13 0.0170004 -0.00307081
13.2 0.0485677 -9.16641e-14 0.951319 -1.83882e-13 0.0157346 -0.00305204
13.3 0.0480831 -1.13492e-13 0.951804 -1.52702e-13 0.0145034 -0.00312457
13.4 0.0476038 -9.86856e-14 0.952285 -1.46846e-13 0.0133306 -0.00329324
13.5 0.0471272 -7.84907e-14 0.952763 -1.46745e-13 0.0122431 -0.00356102
13.6 0.0466558 -4.70349e-14 0.953237 -1.21368e-13 0.0112624 -0.00392229
13.7 0.0461932 -6.95949e-14 0.953703 -9.79219e-14 0.0104079 -0.00434918
13.8 0.0457361 -4.39776e-14 0.954161 -1.08363e-13 0.00969024 -0.00481842
13.9 0.0452841 -1.12079e-13 0.954614 -9.92656e-14 0.00911287 -0.00530635
14 0.044836 -9.85344e-14 0.955063 -1.23121e-13 0.00867255 -0.00579279
14.1 0.0443977 -5.01767e-14 0.955497 -1.57604e-13 0.00836388 -0.00624206
14.2 0.0439621 -3.10704e-14 0.955928 -1.82001e-13 0.00817442 -0.00667422
14.3 0.0435258 -4.3773e-14 0.956361 -1.59935e-13 0.00809184 -0.00706506
14.4 0.043095 -6.09465e-14 0.956789 -5.08282e-14 0.00811195 -0.00738908
14.5 0.0426675 -7.2935e-14 0.957216 -4.67417e-15 0.00821685 -0.00763001
14.6 0.0422444 -1.27772e-14 0.957639 -3.55805e-14 0.00839226 -0.00777722
14.7 0.041824 1.27504e-14 0.95806 -2.69318e-14 0.00861698 -0.00782627
14.8 0.0414076 1.34321e-14 0.958478 -2.40685e-14 0.00886758 -0.00776194
14.9 0.0409966 3.53127e-15 0.95889 -2.57508e-14 0.00911794 -0.00758331
15 0.0405931 -1.09754e-14 0.959294 -3.97108e-14 0.00934322 -0.00729205
15.1 0.040195 -2.02033e-14 0.959691 -4.73044e-14 0.00951503 -0.00689728
15.2 0.0397983 -3.4716e-14 0.960087 -1.35583e-14 0.00960466 -0.0064223
15.3 0.0394084 -6.15412e-15 0.960474 -4.74287e-14 0.00959484 -0.00589036
15.4 0.0390215 6.2939e-15 0.960858 -6.28837e-15 0.00947881 -0.00533025
15.5 0.0386365 -3.47406e-16 0.961241 -1.41055e-14 0.00925665 -0.00476366
15.6 0.0382528 -2.23877e-14 0.961625 3.46532e-14 0.00892502 -0.00422605
15.7 0.037874 -7.58192e-14 0.962006 2.7964e-14 0.00850098 -0.00374417
15.8 0.0375001 -7.16346e-14 0.962382 -3.26121e-14 0.008 -0.00332671
15.9 0.0371267 -7.39591e-14 0.962758 -4.24517e-14 0.0074312 -0.00299516
16 0.0367596 -5.99789e-14 0.963125 -4.63435e-14 0.00682212 -0.00275889
16.1 0.0363936 -3.85226e-13 0.96349 9.2654e-14 0.00619416 -0.00263133
16.2 0.0360307 5.50644e-14 0.963853 1.08351e-13 0.00557453 -0.00260744
16.3 0.0356715 1.29267e-13 0.964211 9.31174e-14 0.00498412 -0.00268711
16.4 0.035317 8.57693e-14 0.964565 1.67785e-13 0.00444892 -0.00285964
16.5 0.0349665 7.60948e-14 0.964915 8.89476e-14 0.00398448 -0.0031103
16.6 0.0346222 3.49892e-14 0.965258 2.79424e-14 0.00361166 -0.00341771
16.7 0.0342799 -1.33798e-14 0.9656 -4.261e-14 0.00333073 -0.0037525
16.8 0.0339386 -8.41776e-14 0.96594 -1.44558e-13 0.00314957 -0.0041057
16.9 0.0336009 -9.89533e-14 0.966277 -1.70999e-13 0.00307472 -0.00444913
17 0.0332658 -9.95351e-14 0.966611 -1.6714e-13 0.00309679 -0.00475917
17.1 0.0329374 -8.75604e-14 0.966938 -1.5708e-13 0.00320398 -0.00501637
17.2 0.0326089 -8.66461e-14 0.967265 -1.76392e-13 0.00337778 -0.00520305
17.3 0.0322864 -7.36291e-14 0.967586 -1.47908e-13 0.00360325 -0.00531094
17.4 0.0319668 -5.36059e-14 0.967904 -1.35758e-13 0.00386298 -0.00533017
17.5 0.0316507 -3.81937e-14 0.96822 -1.18844e-13 0.00413691 -0.005259
17.6 0.0313372 -2.74598e-14 0.968532 -1.13275e-13 0.00440235 -0.00509834
17.7 0.0310264 -1.68063e-14 0.968842 -8.61502e-14 0.00463812 -0.00484889
17.8 0.0307182 -7.94973e-15 0.969149 -7.01664e-14 0.00482848 -0.00451703
17.9 0.0304125 -2.06372e-14 0.969453 -5.71476e-14 0.0049529 -0.00412144
18 0.0301108 -2.10837e-14 0.969753 -4.98291e-14 0.00500377 -0.0036763
18.1 0.029813 -2.36253e-14 0.97005 -4.46725e-14 0.00496661 -0.00319737
18.2 0.0295173 -1.4831e-14 0.970347 -4.77973e-14 0.00483736 -0.00271075
18.3 0.0292243 -6.51634e-15 0.970639 -4.77851e-14 0.00461442 -0.00223696
18.4 0.0289349 -6.91913e-15 0.970926 -5.153e-14 0.00430593 -0.00179624
18.5 0.0286507 -9.21954e-15 0.971209 -5.88321e-14 0.00392224 -0.00141001
18.6 0.0283655 4.29346e-12 0.971492 7.69087e-12 0.0034748 -0.00109418
18.7 0.028085 1.27198e-12 0.971772 2.32064e-12 0.00298479 -0.000860578
18.8 0.0278051 6.54683e-13 0.972051 9.77202e-13 0.00247154 -0.000718212
18.9 0.0275288 5.59655e-13 0.972327 6.07067e-13 0.00195692 -0.000668569
19 0.0272546 4.01826e-13 0.9726 3.72461e-13 0.00146147 -0.000709741
19.1 0.026983 2.95642e-13 0.972871 3.13425e-13 0.00100434 -0.000835773
19.2 0.026714 1.64145e-13 0.97314 2.78653e-13 0.000602153 -0.0010337
19.3 0.0264478 5.5628e-14 0.973405 1.73366e-13 0.000270067 -0.00128966
19.4 0.026185 -2.47999e-14 0.973667 -1.02559e-13 1.81962e-05 -0.00158791
19.5 0.0259239 -9.61551e-14 0.973928 -2.49127e-13 -0.000144423 -0.00190769
19.6 0.0256663 -1.77276e-13 0.974185 -3.62621e-13 -0.000215777 -0.00222744
19.7 0.0254105 -2.00317e-13 0.97444 -4.42869e-13 -0.000200429 -0.00252853
19.8 0.0251596 -2.38465e-13 0.974691 -5.01221e-13 -0.000104288 -0.00279195
19.9 0.0249097 -2.5002e-13 0.974941 -5.40478e-13 5.98501e-05 -0.00300099
20 0.0246624 -2.51007e-13 0.975189 -5.28173e-13 0.000278287 -0.00314123
