0 0 0 1 0 0 0
0.1 1.71713e-07 2.37825e-24 1 -2.68834e-24 4.82693e-05 -0.000411324
0.2 7.90932e-07 2.35459e-24 0.999999 2.36648e-26 0.000195368 -0.000866513
0.3 2.03654e-06 4.82209e-21 0.999998 2.1999e-22 0.000449064 -0.00135149
0.4 4.11761e-06 8.787e-20 0.999996 -2.7342e-19 0.00081375 -0.00185211
0.5 7.27248e-06 4.04484e-19 0.999993 -3.01614e-19 0.00129054 -0.00235505
0.6 1.17675e-05 -1.33105e-18 0.999988 -5.03205e-19 0.00187756 -0.00284867
0.7 1.78958e-05 -1.06092e-18 0.999982 -4.90235e-19 0.00257046 -0.00332376
0.8 2.59776e-05 1.31026e-18 0.999974 -7.98228e-19 0.00336305 -0.00377422
0.9 3.63629e-05 2.52235e-19 0.999963 -1.62877e-18 0.00424807 -0.00419747
1 4.9438e-05 -2.95489e-19 0.99995 -8.83693e-19 0.00521807 -0.00459478
1.1 6.56391e-05 3.22384e-18 0.999933 -6.55984e-18 0.00626626 -0.00497131
1.2 8.54728e-05 7.14448e-18 0.999913 -1.23571e-17 0.00738745 -0.00533598
1.3 0.000109548 9.88909e-18 0.999889 -9.29032e-18 0.00857881 -0.00570117
1.4 0.000138617 1.13286e-17 0.999859 -1.26052e-17 0.00984063 -0.00608216
1.5 0.000173637 1.42176e-17 0.999824 -1.83273e-17 0.0111769 -0.00649649
1.6 0.000215837 1.22447e-17 0.999781 -2.3414e-17 0.0125957 -0.00696317
1.7 0.000266809 3.05563e-18 0.99973 -2.69573e-17 0.0141095 -0.00750152
1.8 0.0003286 -5.31122e-18 0.999668 -2.13494e-17 0.0157349 -0.00813067
1.9 0.000403831 -2.43254e-17 0.999593 -2.799e-17 0.0174925 -0.00886863
2 0.000496292 -3.13592e-17 0.9995 -3.35058e-17 0.0194067 -0.00973135
2.1 0.000610151 -8.16859e-17 0.999386 -3.37978e-17 0.0215047 -0.0107321
2.2 0.000750916 -8.92206e-17 0.999245 -3.50272e-17 0.0238163 -0.0118805
2.3 0.000924899 -3.46998e-17 0.999071 -4.23462e-17 0.0263725 -0.0131823
2.4 0.00113956 6.01879e-17 0.998856 -2.11128e-18 0.0292049 -0.0146393
2.5 0.00140411 7.68703e-17 0.998592 -6.7143e-17 0.0323444 -0.0162485
2.6 0.00172867 5.00221e-17 0.998267 -1.1446e-16 0.0358204 -0.0180028
2.7 0.00212445 1.48565e-16 0.99787 -1.08588e-16 0.039661 -0.0198922
2.8 0.00260483 1.71998e-16 0.997388 -7.9362e-17 0.0438878 -0.0219009
2.9 0.00318399 1.68885e-16 0.996807 -4.35248e-17 0.0485209 -0.024011
3 0.00387725 -5.95534e-17 0.996113 -1.01867e-16 0.0535753 -0.0262019
3.1 0.0047006 -6.44459e-17 0.995288 4.6875e-18 0.0590611 -0.0284503
3.2 0.00567177 -1.53121e-16 0.994317 1.5816e-16 0.0649788 -0.0307293
3.3 0.00680843 -9.81214e-17 0.99318 3.40392e-16 0.0713263 -0.0330153
3.4 0.00812854 -3.71645e-16 0.99186 3.58112e-16 0.0780935 -0.0352823
3.5 0.00965001 -5.08908e-16 0.990338 2.31017e-16 0.0852652 -0.037505
3.6 0.0113899 -1.09156e-15 0.988598 7.98752e-17 0.0928201 -0.0396584
3.7 0.0133644 -1.09136e-15 0.986624 -8.95937e-17 0.100728 -0.0417179
3.8 0.0155883 -2.66153e-16 0.9844 -2.68167e-16 0.108959 -0.0436621
3.9 0.0180749 -5.13898e-16 0.981913 1.31261e-16 0.117474 -0.0454691
4 0.020834 -4.88231e-16 0.979154 -1.61931e-16 0.12623 -0.0471201
4.1 0.0238735 -8.95153e-16 0.976115 -1.53195e-19 0.135182 -0.0485965
4.2 0.0271975 -7.03777e-16 0.972791 -2.60224e-16 0.144277 -0.0498827
4.3 0.0308107 -4.2586e-16 0.969178 -4.58997e-16 0.153463 -0.0509641
4.4 0.0347083 -4.60911e-16 0.96528 -1.31404e-15 0.162683 -0.051831
4.5 0.0388824 -9.82195e-16 0.961106 -2.5769e-17 0.171878 -0.052473
4.6 0.04332 -1.53901e-15 0.956668 1.20119e-15 0.180989 -0.0528839
4.7 0.048008 -2.25787e-15 0.95198 5.13985e-16 0.189957 -0.0530613
4.8 0.0529254 -1.27774e-15 0.947062 -1.47733e-15 0.198723 -0.0530032
4.9 0.0580447 -4.17147e-16 0.941943 -1.16743e-15 0.207228 -0.0527138
5 0.0633379 -1.67311e-15 0.93665 2.2939e-15 0.215415 -0.0522008
5.1 0.0687718 -3.15169e-15 0.931216 5.49256e-15 0.223233 -0.0514778
5.2 0.0743091 -3.94618e-15 0.925678 5.06527e-15 0.23064 -0.0505548
5.3 0.0799119 -4.82618e-15 0.920075 6.58791e-15 0.237584 -0.0494571
5.4 0.0855462 -8.3581e-15 0.91444 1.02764e-14 0.244035 -0.0482021
5.5 0.0911701 -9.412e-15 0.908816 1.07603e-14 0.249974 -0.0468135
5.6 0.0967476 -1.36672e-14 0.903237 1.77287e-14 0.255375 -0.0453226
5.7 0.102248 -1.49719e-14 0.897736 2.03134e-14 0.260222 -0.0437555
5.8 0.107636 -1.52066e-14 0.892347 1.96117e-14 0.264516 -0.0421455
5.9 0.112885 -1.46323e-14 0.887097 2.0562e-14 0.26826 -0.0405178
6 0.117972 -1.49163e-14 0.88201 1.7121e-14 0.27147 -0.0388969
6.1 0.122879 -1.49214e-14 0.877103 1.41929e-14 0.274159 -0.0372983
6.2 0.127589 -1.12084e-14 0.872393 1.32665e-14 0.276353 -0.0357359
6.3 0.132088 -1.19764e-14 0.867894 1.40629e-14 0.278085 -0.0342191
6.4 0.136362 -1.77457e-14 0.863619 1.39039e-14 0.279382 -0.0327444
6.5 0.140404 -1.97042e-14 0.859577 1.77727e-14 0.280272 -0.0313086
6.6 0.144202 -1.50792e-14 0.855777 1.28395e-14 0.28078 -0.0298964
6.7 0.147748 -9.61653e-15 0.85223 6.86573e-15 0.280923 -0.0284937
6.8 0.151029 -5.37015e-15 0.848948 3.19352e-15 0.280721 -0.0270758
6.9 0.154028 -8.67878e-17 0.845948 -1.03883e-16 0.280179 -0.0256322
7 0.156734 6.72233e-15 0.843241 -8.91124e-15 0.279301 -0.0241473
7.1 0.159121 9.98231e-15 0.840853 -9.39168e-15 0.278095 -0.0226103
7.2 0.161192 8.10304e-15 0.838779 -1.53407e-14 0.276553 -0.0210114
7.3 0.162924 8.70332e-15 0.837046 -2.08519e-14 0.274668 -0.0193494
7.4 0.164312 4.44302e-15 0.835657 -2.22616e-14 0.272421 -0.0176246
7.5 0.165343 -9.77647e-16 0.834625 -2.28591e-14 0.269813 -0.0158556
7.6 0.166013 3.34746e-15 0.833953 -2.13558e-14 0.266842 -0.0140571
7.7 0.166331 -7.32908e-15 0.833634 -1.27626e-14 0.263495 -0.0122522
7.8 0.166309 -1.82083e-14 0.833657 -2.22568e-15 0.259779 -0.0104588
7.9 0.16596 -1.84387e-14 0.834005 -4.45576e-15 0.255693 -0.00869847
8 0.165301 -2.71123e-14 0.834663 -2.81965e-15 0.25125 -0.00699019
8.1 0.16436 -2.6866e-14 0.835603 9.70876e-18 0.246463 -0.00535164
8.2 0.163163 -2.42473e-14 0.836799 3.17528e-15 0.241348 -0.00379407
8.3 0.161738 -2.689e-14 0.838223 2.10643e-15 0.235922 -0.00233191
8.4 0.160115 -2.53895e-14 0.839846 8.64638e-16 0.230208 -0.000964693
8.5 0.158322 -2.18133e-14 0.841638 -2.29521e-16 0.224227 0.000305751
8.6 0.156386 -1.90236e-14 0.843574 -7.77589e-15 0.218003 0.00148533
8.7 0.154333 -1.31687e-14 0.845626 -1.53125e-14 0.211554 0.00257732
8.8 0.152186 -7.67923e-15 0.847773 -2.00938e-14 0.204906 0.00359209
8.9 0.149966 -2.32973e-15 0.849992 -2.70772e-14 0.198075 0.00454001
9 0.147694 2.36747e-15 0.852264 -2.98698e-14 0.191082 0.0054276
9.1 0.145384 8.56854e-15 0.854573 -3.33059e-14 0.183942 0.00626215
9.2 0.143052 9.5713e-15 0.856904 -3.65149e-14 0.176678 0.00704789
9.3 0.140714 1.17584e-14 0.859243 -3.93311e-14 0.169306 0.00778762
9.4 0.138379 1.18984e-14 0.861577 -4.67703e-14 0.161841 0.00848088
9.5 0.13606 1.35407e-14 0.863896 -5.12348e-14 0.154309 0.00912407
9.6 0.133767 1.64494e-14 0.866188 -5.76382e-14 0.146727 0.00970971
9.7 0.131508 2.13404e-14 0.868447 -6.13254e-14 0.139122 0.0102288
9.8 0.129294 2.3678e-14 0.870661 -6.35412e-14 0.131516 0.0106705
9.9 0.127133 2.58247e-14 0.872822 -6.49546e-14 0.123939 0.0110239
10 0.125034 2.10616e-14 0.874921 -6.42779e-14 0.116421 0.0112765
10.1 0.122999 2.30399e-14 0.876956 -6.35446e-14 0.108995 0.0114195
10.2 0.121035 1.85e-14 0.87892 -5.7543e-14 0.101697 0.0114416
10.3 0.119147 1.15961e-14 0.880808 -5.38676e-14 0.0945618 0.0113331
10.4 0.117339 8.35883e-15 0.882616 -5.36556e-14 0.0876266 0.0110923
10.5 0.115611 5.18126e-15 0.884345 -5.16885e-14 0.0809274 0.01072
10.6 0.113962 1.62479e-15 0.885993 -4.96113e-14 0.0744992 0.0102172
10.7 0.112393 -1.34338e-15 0.887562 -4.57919e-14 0.0683737 0.00959702
10.8 0.1109 -5.43386e-15 0.889055 -4.46818e-14 0.062578 0.00887514
10.9 0.10948 -4.53558e-15 0.890475 -4.51593e-14 0.0571361 0.00806589
11 0.108128 -4.95361e-15 0.891827 -4.48913e-14 0.0520616 0.00718921
11.1 0.106838 -1.55369e-15 0.893117 -4.59139e-14 0.0473685 0.006271
11.2 0.105604 -2.36344e-15 0.89435 -4.60689e-14 0.0430619 0.00533442
11.3 0.104421 -1.09889e-15 0.895533 -4.76817e-14 0.0391422 0.00440915
11.4 0.103283 2.33586e-16 0.896671 -4.96989e-14 0.0355971 0.00352268
11.5 0.102181 1.43497e-15 0.897773 -5.08769e-14 0.0324135 0.00269842
11.6 0.101114 2.98755e-15 0.89884 -5.27322e-14 0.0295701 0.0019589
11.7 0.100074 4.78204e-15 0.899879 -5.31382e-14 0.0270393 0.00132501
11.8 0.0990566 6.35997e-15 0.900897 -5.37917e-14 0.0247902 0.000810223
11.9 0.0980563 6.58975e-15 0.901897 -5.43415e-14 0.0227883 0.00042435
12 0.0970712 7.21872e-15 0.902882 -5.57022e-14 0.0209963 0.000171017
12.1 0.0960987 7.86265e-15 0.903855 -5.63666e-14 0.0193782 4.80471e-05
12.2 0.0951377 9.07156e-15 0.904816 -5.67792e-14 0.0178986 4.79901e-05
12.3 0.0941872 9.49117e-15 0.905766 -5.65002e-14 0.016524 0.000157675
12.4 0.0932454 8.98806e-15 0.906708 -5.61038e-14 0.0152246 0.000359114
12.5 0.0923123 8.59283e-15 0.907641 -5.60882e-14 0.0139753 0.000631013
12.6 0.0913879 8.46338e-15 0.908566 -5.56606e-14 0.0127562 0.000948645
12.7 0.0904719 7.31662e-15 0.909482 -5.52988e-14 0.011554 0.00128649
12.8 0.0895645 6.90299e-15 0.910389 -5.4932e-14 0.0103605 0.00161898
12.9 0.0886656 6.38471e-15 0.911288 -5.45942e-14 0.00917396 0.00192085
13 0.0877758 6.04023e-15 0.912178 -5.41291e-14 0.00799835 0.00217159
13.1 0.0868959 6.18961e-15 0.913058 -5.41013e-14 0.00684225 0.00235206
13.2 0.0860246 6.17784e-15 0.913929 -5.40799e-14 0.00571817 0.00244801
13.3 0.0851635 6.02553e-15 0.914791 -5.38324e-14 0.0046417 0.00245034
13.4 0.0843113 6.11682e-15 0.915643 -5.40042e-14 0.00362999 0.00235509
13.5 0.083468 5.96625e-15 0.916486 -5.3827e-14 0.00270106 0.00216353
13.6 0.0826339 6.71913e-15 0.91732 -5.51634e-14 0.00187211 0.0018835
13.7 0.0818092 5.98939e-15 0.918145 -5.42014e-14 0.00115786 0.00152667
13.8 0.0809933 5.85585e-15 0.918961 -5.433e-14 0.000569891 0.00111013
13.9 0.0801862 5.57158e-15 0.919768 -5.45075e-14 0.000115641 0.000653139
14 0.0793872 4.74179e-15 0.920567 -5.47983e-14 -0.000201025 0.000178565
14.1 0.0785963 4.57876e-15 0.921358 -5.46496e-14 -0.000382247 -0.000291356
14.2 0.0778133 3.76852e-15 0.922141 -5.46697e-14 -0.000434376 -0.000732773
14.3 0.0770381 4.19928e-15 0.922916 -5.4572e-14 -0.000369779 -0.00112435
14.4 0.0762715 4.33321e-15 0.923682 -5.43746e-14 -0.00020448 -0.00144713
14.5 0.0755125 4.65645e-15 0.924441 -5.43803e-14 4.19577e-05 -0.00168607
14.6 0.0747611 4.53526e-15 0.925193 -5.43297e-14 0.000346431 -0.0018285
14.7 0.074017 4.56114e-15 0.925937 -5.42633e-14 0.000683969 -0.00186894
14.8 0.0732804 4.59156e-15 0.926673 -5.42025e-14 0.0010294 -0.00180681
14.9 0.0725515 4.56144e-15 0.927402 -5.41475e-14 0.0013587 -0.00164631
15 0.0718296 4.61437e-15 0.928124 -5.40745e-14 0.00164833 -0.00139677
15.1 0.0711151 4.54041e-15 0.928838 -5.40226e-14 0.00187837 -0.00107302
15.2 0.0704076 4.56616e-15 0.929546 -5.39575e-14 0.00203324 -0.000692708
15.3 0.069707 4.55443e-15 0.930246 -5.38992e-14 0.00210166 -0.000276511
15.4 0.0690134 4.51476e-15 0.93094 -5.38567e-14 0.00207742 0.000153146
15.5 0.0683268 4.48866e-15 0.931626 -5.38135e-14 0.00195968 0.000573343
15.6 0.067647 4.41271e-15 0.932306 -5.37671e-14 0.00175286 0.000961937
15.7 0.0669739 4.35621e-15 0.932979 -5.3718e-14 0.00146641 0.00129827
15.8 0.0663074 4.36553e-15 0.933646 -5.3667e-14 0.00111414 0.001565
15.9 0.0656478 4.30599e-15 0.934305 -5.3629e-14 0.000713563 0.00174827
16 0.0649949 3.82502e-15 0.934958 -5.36467e-14 0.000284752 0.00183878
16.1 0.0643484 4.1405e-15 0.935605 -5.35856e-14 -0.000150334 0.00183244
16.2 0.0637083 4.5959e-15 0.936245 -5.35443e-14 -0.000569955 0.00173024
16.3 0.0630747 4.20056e-15 0.936878 -5.34983e-14 -0.000952889 0.00153793
16.4 0.0624467 3.79394e-15 0.937506 -5.35539e-14 -0.00127988 0.00126613
16.5 0.0618251 3.453e-15 0.938128 -5.35341e-14 -0.00153462 0.00092958
16.6 0.0612098 3.30794e-15 0.938743 -5.35226e-14 -0.00170462 0.00054636
16.7 0.0606005 2.63846e-15 0.939352 -5.35201e-14 -0.00178187 0.000136885
16.8 0.0599975 3.2351e-15 0.939955 -5.34621e-14 -0.0017632 -0.000277163
16.9 0.0594005 3.61339e-15 0.940552 -5.34161e-14 -0.00165047 -0.000673991
17 0.0588095 3.23057e-15 0.941143 -5.33575e-14 -0.00145043 -0.00103284
17.1 0.0582243 3.00711e-15 0.941728 -5.33178e-14 -0.00117432 -0.00133508
17.2 0.057645 2.90182e-15 0.942307 -5.32514e-14 -0.000837242 -0.00156536
17.3 0.0570714 2.76407e-15 0.942881 -5.3356e-14 -0.00045754 -0.00171166
17.4 0.0565036 2.80068e-15 0.943449 -5.33747e-14 -5.55341e-05 -0.00176695
17.5 0.0559413 2.55265e-15 0.944011 -5.33887e-14 0.000347388 -0.0017289
17.6 0.0553847 2.65058e-15 0.944568 -5.33352e-14 0.00072994 -0.00160008
17.7 0.0548336 1.94636e-15 0.945119 -5.34147e-14 0.00107205 -0.00138784
17.8 0.054288 2.12752e-15 0.945664 -5.34147e-14 0.00135592 -0.00110385
17.9 0.0537478 2.3357e-15 0.946204 -5.32508e-14 0.00156691 -0.000763502
18 0.053213 3.00013e-15 0.946739 -5.31814e-14 0.00169433 -0.000385052
18.1 0.0526836 3.10603e-15 0.947269 -5.30818e-14 0.00173197 1.13527e-05
18.2 0.0521594 2.95529e-15 0.947793 -5.30195e-14 0.00167835 0.000404831
18.3 0.0516404 2.98825e-15 0.948312 -5.30141e-14 0.00153683 0.000774591
18.4 0.0511265 2.91768e-15 0.948826 -5.29933e-14 0.00131538 0.00110133
18.5 0.0506178 2.7769e-15 0.949334 -5.29828e-14 0.00102612 0.00136811
18.6 0.0501142 2.84803e-15 0.949838 -5.29572e-14 0.000684688 0.00156128
18.7 0.0496155 2.71841e-15 0.950337 -5.29421e-14 0.000309351 0.00167112
18.8 0.0491218 2.444e-15 0.95083 -5.2947e-14 -7.99385e-05 0.00169236
18.9 0.0486331 3.26006e-15 0.951319 -5.28288e-14 -0.000462618 0.00162443
19 0.0481491 3.11315e-15 0.951803 -5.27853e-14 -0.000818599 0.00147145
19.1 0.0476701 3.17555e-15 0.952282 -5.27874e-14 -0.00112932 0.00124199
19.2 0.0471957 2.78074e-15 0.952757 -5.28165e-14 -0.00137871 0.000948583
19.3 0.0467261 2.81769e-15 0.953226 -5.27775e-14 -0.00155402 0.000607066
19.4 0.0462612 2.84505e-15 0.953691 -5.27521e-14 -0.00164649 0.000235701
19.5 0.0458009 2.73487e-15 0.954151 -5.27374e-14 -0.00165177 -0.000145792
19.6 0.0453452 2.68572e-15 0.954607 -5.27233e-14 -0.0015701 -0.000517277
19.7 0.044894 2.82553e-15 0.955058 -5.26359e-14 -0.00140631 -0.000859272
19.8 0.0444473 2.68116e-15 0.955505 -5.26638e-14 -0.00116954 -0.00115396
19.9 0.044005 2.8027e-15 0.955947 -5.25743e-14 -0.000872681 -0.00138613
20 0.0435672 2.94345e-15 0.956385 -5.25299e-14 -0.000531723 -0.00154395
