0 0 0 1 0 0 0
0.1 1.71713e-07 2.37825e-24 1 -2.68834e-24 4.82624e-05 -0.000411127
0.2 7.90744e-07 1.17131e-23 0.999999 -9.33482e-24 0.000195219 -0.000865517
0.3 2.03527e-06 -2.44963e-20 0.999998 2.04799e-22 0.000448336 -0.00134871
0.4 4.11282e-06 -4.77618e-20 0.999996 9.47541e-20 0.000811533 -0.00184625
0.5 7.25905e-06 -1.26613e-19 0.999993 7.3196e-19 0.0012853 -0.00234461
0.6 1.17362e-05 2.7086e-19 0.999988 -4.44458e-19 0.00186705 -0.00283217
0.7 1.78316e-05 6.67168e-19 0.999982 -1.35397e-19 0.00255166 -0.0032999
0.8 2.5858e-05 -2.67384e-18 0.999974 -2.71339e-19 0.00333214 -0.00374213
0.9 3.61569e-05 -2.5646e-18 0.999963 -2.01557e-18 0.00420055 -0.00415691
1 4.91054e-05 -2.16134e-19 0.99995 -2.87049e-18 0.00514885 -0.00454634
1.1 6.51314e-05 6.16413e-18 0.999934 6.85632e-19 0.00616987 -0.00491658
1.2 8.47362e-05 8.96853e-18 0.999914 6.82665e-19 0.00725825 -0.00527765
1.3 0.000108529 8.8542e-18 0.99989 1.24396e-18 0.00841127 -0.00564304
1.4 0.000137271 2.16099e-17 0.99986 -6.11382e-18 0.00962959 -0.00602912
1.5 0.000171942 2.86284e-17 0.999826 -5.75772e-18 0.0109178 -0.0064544
1.6 0.000213808 2.95559e-17 0.999783 -1.23504e-17 0.0122848 -0.00693866
1.7 0.000264522 2.74997e-17 0.999733 -1.46773e-17 0.0137441 -0.00750171
1.8 0.00032674 6.50609e-18 0.99967 -1.60163e-17 0.0153133 -0.00816287
1.9 0.000402877 -7.26611e-17 0.999594 -1.61027e-17 0.0170143 -0.0089401
2 0.000497052 -1.04171e-16 0.999499 -3.54932e-17 0.0188722 -0.00984889
2.1 0.000613468 -1.41768e-16 0.999383 -1.64917e-17 0.0209154 -0.0109017
2.2 0.00075746 -1.31969e-16 0.999239 1.16157e-18 0.023174 -0.012107
2.3 0.000935728 -1.27401e-16 0.99906 -5.51396e-18 0.0256793 -0.0134695
2.4 0.00115614 -1.58306e-16 0.99884 -4.64789e-17 0.0284627 -0.0149893
2.5 0.00142781 -2.14955e-17 0.998568 -3.70401e-17 0.0315546 -0.0166621
2.6 0.00176125 6.63939e-17 0.998235 -4.6163e-17 0.0349832 -0.0184796
2.7 0.00216845 2.52548e-17 0.997827 -5.30248e-17 0.038774 -0.0204294
2.8 0.00266259 6.44133e-17 0.997333 -3.60525e-17 0.0429484 -0.0224958
2.9 0.00325826 -8.23925e-17 0.996737 -9.38505e-17 0.0475235 -0.0246599
3 0.00397121 -2.25067e-16 0.996024 2.38252e-17 0.0525118 -0.0269015
3.1 0.0048183 -2.35691e-16 0.995176 1.3325e-16 0.0579219 -0.0291985
3.2 0.00581707 -2.35867e-16 0.994175 2.38769e-16 0.0637464 -0.0315241
3.3 0.00698574 -2.25733e-16 0.993005 1.88145e-16 0.0699835 -0.0338572
3.4 0.0083432 -1.11295e-16 0.991647 3.17949e-16 0.0766217 -0.0361746
3.5 0.00990762 -7.51175e-18 0.990082 4.47034e-16 0.0836439 -0.0384533
3.6 0.0116969 3.04738e-17 0.988292 4.12356e-16 0.0910259 -0.0406718
3.7 0.0137285 -6.86424e-16 0.986259 7.79779e-16 0.0987413 -0.0428103
3.8 0.016019 -1.00227e-15 0.983969 9.95454e-16 0.106758 -0.0448496
3.9 0.0185835 -1.08231e-15 0.981404 8.04701e-16 0.11504 -0.0467726
4 0.0214342 -1.20244e-15 0.978553 1.39077e-15 0.123545 -0.0485619
4.1 0.0245816 -1.54616e-15 0.975405 1.78947e-15 0.132232 -0.050202
4.2 0.028036 -1.78213e-15 0.97195 2.72514e-15 0.141054 -0.0516783
4.3 0.0318019 -8.6475e-17 0.968183 3.19556e-15 0.149958 -0.0529766
4.4 0.0358801 1.09923e-15 0.964105 2.92153e-15 0.158894 -0.0540835
4.5 0.0402664 -2.09249e-15 0.959719 2.45243e-15 0.167805 -0.054986
4.6 0.0449533 -1.18529e-15 0.955032 7.8079e-16 0.17664 -0.0556771
4.7 0.049929 4.15438e-16 0.950056 -5.3582e-17 0.185339 -0.056147
4.8 0.0551752 3.97693e-16 0.94481 -1.14639e-15 0.193844 -0.056385
4.9 0.0606689 1.20198e-15 0.939317 -2.9297e-15 0.202096 -0.0563897
5 0.0663846 4.01423e-15 0.933602 -3.50186e-15 0.210039 -0.0561637
5.1 0.0722908 1.04656e-15 0.927696 -2.08147e-15 0.21762 -0.0557052
5.2 0.0783491 -1.36915e-15 0.921638 3.09397e-15 0.224789 -0.055019
5.3 0.0845182 -2.12727e-15 0.915469 3.83022e-15 0.231496 -0.0541146
5.4 0.0907549 -1.95686e-15 0.909232 2.74535e-15 0.237705 -0.0530017
5.5 0.097015 -2.89745e-15 0.902971 6.65844e-15 0.243372 -0.0517098
5.6 0.103257 -8.75509e-15 0.896729 8.28518e-15 0.248473 -0.0502658
5.7 0.109439 -1.15303e-14 0.890547 9.21682e-15 0.252988 -0.0486998
5.8 0.115521 -1.10595e-14 0.884464 8.31551e-15 0.256902 -0.0470463
5.9 0.121466 -1.23467e-14 0.878519 5.45955e-15 0.26022 -0.0453334
6 0.127243 -8.1294e-15 0.872741 4.00022e-15 0.262946 -0.0435978
6.1 0.132829 -9.90021e-15 0.867156 5.69856e-15 0.265099 -0.0418701
6.2 0.138202 -1.27884e-14 0.861782 1.09247e-14 0.266697 -0.0401774
6.3 0.143352 -2.07288e-14 0.856631 2.07672e-14 0.26778 -0.0385345
6.4 0.148253 -2.05416e-14 0.851728 1.68723e-14 0.268385 -0.0369571
6.5 0.152917 -2.24879e-14 0.847064 1.43097e-14 0.268554 -0.0354475
6.6 0.157329 -2.12772e-14 0.84265 8.77419e-15 0.268311 -0.0340026
6.7 0.161485 -1.86026e-14 0.838493 1.08173e-14 0.267685 -0.0326178
6.8 0.165381 -1.64443e-14 0.834597 1.56248e-14 0.266711 -0.0312695
6.9 0.169013 -1.68667e-14 0.830963 1.48144e-14 0.265412 -0.0299453
7 0.172369 -1.97409e-14 0.827606 2.20906e-14 0.263805 -0.0286218
7.1 0.175443 -2.39304e-14 0.824531 2.12885e-14 0.261901 -0.0272759
7.2 0.178224 -1.84597e-14 0.821749 2.27066e-14 0.259697 -0.0258982
7.3 0.180699 -2.41638e-14 0.819272 2.85672e-14 0.257196 -0.0244751
7.4 0.182858 -3.30688e-14 0.817113 2.45843e-14 0.254403 -0.0230026
7.5 0.184691 -2.14714e-14 0.815281 1.09537e-14 0.25131 -0.0214779
7.6 0.186187 6.29512e-15 0.813784 -1.88217e-14 0.247901 -0.0199127
7.7 0.187351 1.99295e-15 0.81262 -1.1525e-14 0.244176 -0.0183187
7.8 0.188186 1.4469e-14 0.811787 -1.84764e-14 0.24013 -0.0167102
7.9 0.188697 -1.85997e-14 0.811275 1.69573e-14 0.235764 -0.0151142
8 0.188893 -5.17287e-14 0.811079 6.69167e-14 0.231099 -0.0135415
8.1 0.188786 -3.15087e-14 0.811187 3.89934e-14 0.226145 -0.0120191
8.2 0.188405 -5.08247e-14 0.811568 3.61784e-14 0.220909 -0.0105602
8.3 0.18778 -2.58512e-14 0.812192 1.43251e-14 0.215417 -0.00918093
8.4 0.186934 -9.90445e-14 0.813036 7.62338e-14 0.209693 -0.00788542
8.5 0.185886 -2.86595e-14 0.814083 -2.71072e-15 0.203771 -0.00667699
8.6 0.184666 -7.40785e-14 0.815302 3.98912e-14 0.197663 -0.00555258
8.7 0.183295 -8.8933e-14 0.816672 5.60053e-14 0.191405 -0.0045031
8.8 0.181787 -5.45405e-14 0.818179 2.45975e-14 0.185018 -0.00351439
8.9 0.180174 -5.67841e-14 0.819791 2.39678e-14 0.178527 -0.00258853
9 0.178464 -7.81991e-14 0.8215 5.96667e-14 0.171951 -0.00170706
9.1 0.176675 -6.77524e-14 0.823288 4.86298e-14 0.165309 -0.00086287
9.2 0.174818 -7.65453e-14 0.825145 4.86437e-14 0.158623 -4.01737e-05
9.3 0.172906 -6.77086e-14 0.827057 4.13326e-14 0.151901 0.000764964
9.4 0.170952 -7.15454e-14 0.82901 4.48312e-14 0.145162 0.00155679
9.5 0.168958 -7.93919e-14 0.831004 3.76577e-14 0.13842 0.00233658
9.6 0.166941 -7.28878e-14 0.83302 3.68817e-14 0.131686 0.00310099
9.7 0.16491 -7.74885e-14 0.835051 6.05617e-14 0.124968 0.00383847
9.8 0.162863 -6.01803e-14 0.837099 4.6406e-14 0.118288 0.00455386
9.9 0.160811 8.67147e-15 0.839151 -2.30061e-14 0.111656 0.00522668
10 0.158767 -4.1531e-14 0.841195 2.92758e-14 0.10509 0.00584847
10.1 0.156738 -2.53997e-14 0.843225 1.57087e-14 0.0986083 0.00640349
10.2 0.154731 -4.45303e-14 0.845231 3.73135e-14 0.0922375 0.0068751
10.3 0.152755 -7.88426e-14 0.847208 6.02917e-14 0.0859954 0.00725314
10.4 0.150814 -5.63016e-14 0.849148 3.60846e-14 0.0799119 0.00752052
10.5 0.148915 -5.41879e-14 0.851047 2.96376e-14 0.0740145 0.00767454
10.6 0.147064 -4.30968e-14 0.852898 2.58146e-14 0.0683278 0.00770597
10.7 0.145259 -4.48125e-14 0.854703 4.99613e-14 0.0628755 0.00762066
10.8 0.143507 -3.96777e-14 0.856456 4.0605e-14 0.0576783 0.00740936
10.9 0.141807 -3.26874e-14 0.858156 3.87408e-14 0.0527675 0.00709038
11 0.140163 -3.54808e-14 0.8598 4.35146e-14 0.0481576 0.00667547
11.1 0.138572 -4.21674e-14 0.861391 5.45628e-14 0.0438612 0.00617936
11.2 0.137027 -4.15304e-14 0.862937 5.70209e-14 0.0398886 0.00561887
11.3 0.135525 -3.38261e-14 0.864438 4.26099e-14 0.036246 0.00501958
11.4 0.134066 -2.48617e-14 0.865898 3.14333e-14 0.032922 0.00440262
11.5 0.132644 -3.12719e-14 0.86732 3.22455e-14 0.0299166 0.00379096
11.6 0.131259 -5.4639e-14 0.868706 4.87466e-14 0.0272109 0.00320297
11.7 0.129902 -5.28641e-14 0.870062 5.345e-14 0.0247869 0.00266406
11.8 0.128569 -5.49011e-14 0.871395 5.25752e-14 0.0226231 0.00218885
11.9 0.127258 -5.01304e-14 0.872706 6.11865e-14 0.0206931 0.00179174
12 0.125967 -4.42345e-14 0.873998 5.34766e-14 0.0189674 0.00147835
12.1 0.124694 -4.49282e-14 0.87527 6.18643e-14 0.0174134 0.00125324
12.2 0.123438 -5.38654e-14 0.876526 6.79743e-14 0.0160041 0.00111624
12.3 0.122197 -4.57383e-14 0.877767 5.38498e-14 0.0147102 0.00106474
12.4 0.12097 -3.6457e-14 0.878995 5.30223e-14 0.0135064 0.00108632
12.5 0.119756 -3.77172e-14 0.880209 5.68601e-14 0.0123682 0.00116982
12.6 0.118554 -3.68132e-14 0.881411 5.56476e-14 0.011277 0.00129903
12.7 0.117365 -3.54059e-14 0.8826 5.92658e-14 0.010217 0.00145507
12.8 0.116189 -3.8616e-14 0.883777 5.99556e-14 0.0091789 0.00162014
12.9 0.115026 -3.81756e-14 0.884941 5.5998e-14 0.00815734 0.0017765
13 0.113874 -3.8892e-14 0.886093 4.95227e-14 0.00715292 0.00190496
13.1 0.112735 -4.5615e-14 0.887232 5.90554e-14 0.00616924 0.00199056
13.2 0.111609 -3.77521e-14 0.888359 5.02768e-14 0.00521563 0.00202169
13.3 0.110496 -3.67991e-14 0.889473 5.31172e-14 0.00430336 0.00198848
13.4 0.109394 -3.85935e-14 0.890574 6.55396e-14 0.00344609 0.00189058
13.5 0.108304 -3.64197e-14 0.891664 6.17293e-14 0.00265521 0.00172757
13.6 0.107226 -3.08536e-14 0.892742 6.06907e-14 0.00194406 0.00150352
13.7 0.10616 -2.58203e-14 0.893809 5.432e-14 0.00132473 0.0012267
13.8 0.105104 -1.79514e-14 0.894864 4.60146e-14 0.000806048 0.000910791
13.9 0.104061 -2.13387e-14 0.895908 5.0349e-14 0.000393196 0.000568733
14 0.103027 -1.24769e-14 0.896942 4.34501e-14 9.29205e-05 0.000216495
14.1 0.102004 -1.84846e-15 0.897965 3.57158e-14 -0.00010168 -0.000125878
14.2 0.10099 -4.80967e-15 0.898978 3.75004e-14 -0.000192269 -0.000443447
14.3 0.0999879 -6.83372e-16 0.899981 3.19837e-14 -0.000188653 -0.000721075
14.4 0.0989934 7.29362e-15 0.900976 2.10026e-14 -0.000103971 -0.000943616
14.5 0.0980094 -9.19254e-15 0.90196 4.38082e-14 4.39148e-05 -0.0010989
14.6 0.097035 1.37831e-14 0.902935 3.71424e-14 0.00023724 -0.00117934
14.7 0.0960709 1.27357e-14 0.903899 4.25688e-14 0.000456272 -0.0011831
14.8 0.0951152 4.58477e-14 0.904855 1.07928e-14 0.000682284 -0.00111252
14.9 0.0941707 2.2917e-14 0.905799 3.20528e-14 0.000897136 -0.000972581
15 0.0932355 2.76518e-14 0.906735 3.86694e-14 0.00108386 -0.000772749
15.1 0.0923106 2.88619e-14 0.90766 6.63167e-14 0.00122856 -0.000524129
15.2 0.0913951 2.02822e-14 0.908576 5.4714e-14 0.00132093 -0.000241487
15.3 0.0904878 3.16926e-14 0.909484 5.06372e-14 0.00135458 5.88529e-05
15.4 0.0895902 3.76676e-14 0.910382 4.94583e-14 0.00132455 0.000361129
15.5 0.0887011 4.09002e-14 0.911271 5.40789e-14 0.0012309 0.000649396
15.6 0.0878212 3.83494e-14 0.912151 4.90558e-14 0.00107747 0.000905534
15.7 0.0869491 3.85164e-14 0.913023 5.79312e-14 0.00087162 0.00111788
15.8 0.0860855 4.82257e-14 0.913887 4.00248e-14 0.000624759 0.00127133
15.9 0.0852304 5.63829e-14 0.914742 4.17393e-14 0.000351232 0.00135913
16 0.0843834 5.77368e-14 0.915589 4.25273e-14 6.64086e-05 0.00137591
16.1 0.0835438 6.00251e-14 0.916428 4.03228e-14 -0.000214033 0.00132054
16.2 0.0827132 5.49352e-14 0.917258 5.32823e-14 -0.000475504 0.00119727
16.3 0.0818903 6.48019e-14 0.91808 4.94639e-14 -0.000701464 0.00101328
16.4 0.0810759 6.42323e-14 0.918894 5.41845e-14 -0.000880381 0.000778395
16.5 0.0802697 7.767e-14 0.919701 4.43061e-14 -0.00100299 0.000506575
16.6 0.0794717 8.09261e-14 0.920499 5.35341e-14 -0.00106232 0.000211209
16.7 0.078681 7.06312e-14 0.921291 5.90759e-14 -0.00105584 -9.04447e-05
16.8 0.0778979 7.54377e-14 0.922073 4.76337e-14 -0.000987204 -0.000378788
16.9 0.0771231 7.74738e-14 0.922848 4.56073e-14 -0.000858595 -0.000642034
17 0.0763559 7.34238e-14 0.923615 4.22286e-14 -0.000678519 -0.000865849
17.1 0.075596 6.68421e-14 0.924375 4.25591e-14 -0.000459105 -0.00103987
17.2 0.0748435 7.12211e-14 0.925127 4.05016e-14 -0.000211804 -0.00115409
17.3 0.0740991 7.21231e-14 0.925872 3.73073e-14 4.94664e-05 -0.00120439
17.4 0.0733617 7.15374e-14 0.926609 3.55213e-14 0.000309055 -0.00118788
17.5 0.0726315 7.17705e-14 0.927339 2.81461e-14 0.000551532 -0.00110667
17.6 0.0719085 7.2044e-14 0.928062 3.50068e-14 0.000763688 -0.00096626
17.7 0.071193 6.8214e-14 0.928777 3.83444e-14 0.000932229 -0.000776084
17.8 0.0704851 6.34157e-14 0.929484 2.99953e-14 0.00104756 -0.0005468
17.9 0.0697841 6.49243e-14 0.930184 3.8473e-14 0.00110451 -0.000292784
18 0.0690902 6.47876e-14 0.930878 3.84014e-14 0.00109838 -2.94024e-05
18.1 0.0684032 6.75205e-14 0.931564 4.49882e-14 0.00103161 0.000228893
18.2 0.0677228 7.14188e-14 0.932245 5.22739e-14 0.000906496 0.000466907
18.3 0.0670495 6.47378e-14 0.932918 4.83818e-14 0.000731524 0.000674496
18.4 0.0663823 6.37437e-14 0.933586 4.95173e-14 0.000515444 0.000839809
18.5 0.0657222 6.8293e-14 0.934247 2.20382e-14 0.000271644 0.000950926
18.6 0.0650676 5.14613e-14 0.934902 1.98943e-14 1.25314e-05 0.00100709
18.7 0.0644199 5.32396e-14 0.93555 2.9095e-14 -0.00024626 0.00100218
18.8 0.0637787 5.38823e-14 0.93619 2.6392e-14 -0.000491307 0.000939293
18.9 0.0631445 5.44626e-14 0.936826 2.75993e-14 -0.000708395 0.000822911
19 0.0625163 5.41423e-14 0.937455 2.54548e-14 -0.000886195 0.000660807
19.1 0.0618942 5.33903e-14 0.938077 2.59518e-14 -0.00101662 0.000462311
19.2 0.0612779 5.50309e-14 0.938693 3.01049e-14 -0.00109096 0.000238983
19.3 0.0606683 5.63405e-14 0.939302 3.20558e-14 -0.00110571 5.29137e-06
19.4 0.0600647 5.57554e-14 0.939906 3.50873e-14 -0.001061 -0.000224859
19.5 0.0594669 5.65859e-14 0.940505 4.19325e-14 -0.000959229 -0.000440035
19.6 0.0588752 5.34045e-14 0.941096 3.5867e-14 -0.000807236 -0.000627041
19.7 0.0582891 5.49499e-14 0.941683 4.41191e-14 -0.000612262 -0.000774624
19.8 0.0577092 5.09397e-14 0.942263 3.96037e-14 -0.00038687 -0.000874568
19.9 0.0571353 5.10316e-14 0.942838 4.30207e-14 -0.000142686 -0.000921432
20 0.0565672 4.8369e-14 0.943406 5.44848e-14 0.000106139 -0.000914688
