0 0 0 1 0 0 0
0.1 1.71713e-07 2.37825e-24 1 -2.68834e-24 4.82683e-05 -0.000411299
0.2 7.90908e-07 1.17131e-23 0.999999 2.36648e-26 0.000195348 -0.000866387
0.3 2.03638e-06 2.64025e-20 0.999998 3.80475e-22 0.000448968 -0.00135114
0.4 4.117e-06 4.3004e-19 0.999996 2.53334e-20 0.000813457 -0.00185137
0.5 7.27078e-06 3.19979e-19 0.999993 2.88588e-19 0.00128985 -0.00235373
0.6 1.17635e-05 -4.58821e-20 0.999988 2.63644e-19 0.00187617 -0.00284658
0.7 1.78877e-05 -5.20658e-19 0.999982 7.23674e-19 0.00256797 -0.00332073
0.8 2.59625e-05 -1.58225e-18 0.999974 8.05368e-19 0.00335895 -0.00377014
0.9 3.63367e-05 -1.79047e-18 0.999963 4.54582e-19 0.00424175 -0.00419231
1 4.93957e-05 -1.47362e-18 0.99995 5.01405e-18 0.00520882 -0.00458862
1.1 6.55741e-05 -5.30806e-18 0.999934 1.01664e-17 0.00625333 -0.00496435
1.2 8.53779e-05 -2.08676e-18 0.999913 1.16861e-17 0.00737003 -0.00532858
1.3 0.000109415 -1.49272e-18 0.999889 9.26341e-18 0.00855609 -0.00569383
1.4 0.00013844 -1.99231e-17 0.999859 1.55249e-17 0.00981183 -0.00607555
1.5 0.000173411 -3.17067e-17 0.999824 2.3033e-17 0.0111413 -0.00649141
1.6 0.000215562 -2.40257e-17 0.999782 2.17399e-17 0.0125526 -0.00696055
1.7 0.00026649 -2.0439e-17 0.999731 3.4893e-17 0.0140584 -0.00750238
1.8 0.000328253 -3.70217e-17 0.999669 4.05769e-17 0.0156754 -0.00813612
1.9 0.000403484 -1.2546e-17 0.999593 2.46858e-17 0.0174244 -0.00887978
2 0.000496269 -9.48707e-18 0.9995 1.87275e-17 0.0193296 -0.00974929
2.1 0.00061057 6.25348e-18 0.999386 5.93976e-18 0.0214187 -0.0107579
2.2 0.000752029 -1.05142e-17 0.999244 1.80198e-17 0.0237213 -0.011915
2.3 0.000926593 3.49839e-18 0.99907 3.559e-17 0.0262686 -0.0132266
2.4 0.00114254 -1.99549e-19 0.998854 9.85806e-17 0.0290921 -0.0146939
2.5 0.00140822 -1.01748e-16 0.998588 8.0064e-17 0.0322226 -0.016314
2.6 0.00173401 -1.69251e-16 0.998262 4.3304e-17 0.0356895 -0.0180798
2.7 0.00213148 -9.66621e-17 0.997864 7.23159e-17 0.0395195 -0.0199799
2.8 0.00261356 1.26728e-17 0.997382 1.79909e-16 0.0437356 -0.0219994
2.9 0.00319484 1.39091e-17 0.996801 1.65851e-16 0.0483568 -0.0241199
3 0.0038905 -6.96478e-17 0.996104 1.8838e-16 0.0533967 -0.0263205
3.1 0.00471768 1.92394e-16 0.995276 2.19549e-16 0.0588679 -0.0285792
3.2 0.00569352 3.15575e-16 0.994298 -3.78334e-17 0.0647666 -0.0308691
3.3 0.00683543 3.04579e-16 0.993155 1.17019e-16 0.0710888 -0.0331648
3.4 0.00816218 1.18224e-16 0.991828 1.57568e-17 0.0778263 -0.035443
3.5 0.00969119 1.91383e-16 0.990298 1.03957e-16 0.0849624 -0.0376786
3.6 0.0114401 2.51288e-16 0.988549 2.30363e-17 0.0924753 -0.0398485
3.7 0.0134255 5.54213e-16 0.986562 -1.73174e-16 0.100337 -0.0419297
3.8 0.0156623 -4.07659e-16 0.984325 -6.60273e-19 0.108514 -0.0439002
3.9 0.018164 -1.05147e-16 0.981823 -3.2188e-16 0.11697 -0.0457411
4 0.0209417 -4.8639e-16 0.979045 -4.20456e-16 0.12566 -0.0474337
4.1 0.0240051 2.57121e-16 0.975982 -1.65982e-15 0.13454 -0.0489618
4.2 0.0273578 2.98562e-16 0.972628 -1.64458e-15 0.143562 -0.0503098
4.3 0.0310063 7.36538e-16 0.96898 -2.05674e-15 0.152671 -0.0514648
4.4 0.0349475 1.75216e-15 0.965039 -2.4336e-15 0.161813 -0.0524144
4.5 0.0391776 2.76139e-15 0.960808 -5.54098e-15 0.170931 -0.0531487
4.6 0.0436855 -2.02878e-15 0.956299 -1.3889e-15 0.179964 -0.0536599
4.7 0.0484552 2.27407e-16 0.951528 -3.63018e-15 0.188856 -0.0539431
4.8 0.0534666 2.17656e-15 0.946516 -4.6617e-15 0.197546 -0.053996
4.9 0.0586955 1.43153e-15 0.941286 -4.54651e-15 0.205976 -0.0538194
5 0.0641132 -1.1077e-15 0.935867 -3.98264e-15 0.21409 -0.0534309
5.1 0.0696896 1.94529e-15 0.930291 -5.01922e-15 0.221838 -0.0528174
5.2 0.0753944 4.65228e-15 0.924588 -5.2197e-15 0.229168 -0.0520046
5.3 0.0811839 3.34073e-15 0.918799 -3.9698e-15 0.236031 -0.0510126
5.4 0.0870186 1.10748e-14 0.912965 -1.31072e-14 0.242397 -0.0498616
5.5 0.0928606 5.64542e-15 0.907123 -8.56965e-15 0.24824 -0.0485679
5.6 0.0986762 4.84579e-15 0.901307 -8.87822e-15 0.253529 -0.047165
5.7 0.10443 1.04351e-15 0.895553 -8.58078e-15 0.258256 -0.0456825
5.8 0.110089 5.32474e-15 0.889893 -9.6092e-15 0.262416 -0.0441522
5.9 0.115622 9.30292e-15 0.88436 -1.38464e-14 0.266012 -0.0426126
6 0.121014 1.6254e-14 0.878967 -2.16571e-14 0.26907 -0.0410758
6.1 0.126244 1.65815e-14 0.873736 -1.64101e-14 0.2716 -0.039565
6.2 0.131289 1.06015e-14 0.868689 -1.81857e-14 0.273629 -0.0380994
6.3 0.136138 1.29568e-14 0.863837 -2.45103e-14 0.275181 -0.0366913
6.4 0.140782 1.49453e-14 0.859192 -2.78795e-14 0.276298 -0.0353343
6.5 0.145206 1.5818e-14 0.854765 -2.33293e-14 0.277016 -0.0340215
6.6 0.149403 1.96957e-14 0.850566 -2.88509e-14 0.277364 -0.032737
6.7 0.153366 1.43079e-14 0.846601 -2.9863e-14 0.277375 -0.0314651
6.8 0.157086 6.59576e-15 0.842879 -2.28142e-14 0.277069 -0.0301665
6.9 0.160538 1.10204e-14 0.839424 -2.77384e-14 0.276449 -0.0288317
7 0.163717 3.00202e-15 0.836243 -2.3675e-14 0.275535 -0.0274312
7.1 0.16659 8.75171e-16 0.833367 -1.59671e-14 0.274318 -0.0259487
7.2 0.16914 4.18645e-15 0.830813 -9.85498e-15 0.272794 -0.0243734
7.3 0.171349 -3.22336e-15 0.828602 -1.35873e-14 0.270948 -0.0227075
7.4 0.173198 -4.83514e-15 0.826749 -1.53283e-14 0.268771 -0.0209474
7.5 0.174663 -6.25123e-15 0.82528 -1.42508e-14 0.266233 -0.0191251
7.6 0.17575 6.32922e-15 0.82419 -1.81191e-14 0.263363 -0.0172725
7.7 0.176453 1.87031e-14 0.823484 -1.87964e-14 0.260137 -0.0153909
7.8 0.176785 1.23694e-14 0.82315 -1.97374e-14 0.256552 -0.0135025
7.9 0.176754 2.79417e-14 0.823178 -2.61261e-14 0.252615 -0.0116396
8 0.176385 3.81782e-14 0.823545 -2.76993e-14 0.248335 -0.00982396
8.1 0.175702 4.297e-14 0.824228 -2.11429e-14 0.243732 -0.00809314
8.2 0.174725 2.03536e-14 0.825205 2.54015e-16 0.238796 -0.00644318
8.3 0.173496 2.01184e-14 0.826433 8.35685e-15 0.233566 -0.00491088
8.4 0.172049 6.77101e-16 0.827879 -1.4584e-15 0.228046 -0.00349733
8.5 0.170419 -4.91339e-16 0.829509 2.39697e-14 0.222284 -0.00219711
8.6 0.168614 2.76905e-14 0.831313 -1.94337e-15 0.216287 -0.00101952
8.7 0.166685 4.89723e-14 0.833242 -3.50453e-14 0.210088 7.36849e-05
8.8 0.164647 3.5943e-14 0.835278 -2.96888e-14 0.2037 0.00107587
8.9 0.162525 2.31045e-14 0.837399 -3.27679e-14 0.19712 0.00200477
9 0.160353 3.65678e-14 0.83957 -4.66451e-14 0.190375 0.00285166
9.1 0.158142 7.73573e-14 0.84178 -9.02913e-14 0.183481 0.00363075
9.2 0.155882 6.59929e-14 0.844038 -6.56684e-14 0.176456 0.00434257
9.3 0.153612 8.11511e-14 0.846306 -8.85776e-14 0.169306 0.00499081
9.4 0.15135 8.36961e-14 0.848565 -9.54284e-14 0.162045 0.00557285
9.5 0.149095 7.59516e-14 0.850816 -8.09235e-14 0.154688 0.00607674
9.6 0.146872 5.02801e-14 0.853037 -4.6372e-14 0.147261 0.00650444
9.7 0.144691 2.60759e-14 0.855215 -2.85562e-14 0.139782 0.00684322
9.8 0.142555 -2.05934e-15 0.857351 -3.27925e-15 0.132264 0.00708351
9.9 0.14048 -1.733e-14 0.859425 2.6522e-14 0.124755 0.00720774
10 0.138468 -5.1197e-14 0.861437 4.87283e-14 0.117272 0.00721009
10.1 0.136519 -6.62812e-14 0.863386 5.21466e-14 0.109868 0.00708678
10.2 0.134645 -7.64929e-14 0.865258 8.69869e-14 0.102568 0.0068346
10.3 0.132851 -9.84819e-14 0.867051 9.60942e-14 0.0954223 0.00644685
10.4 0.131124 -1.03299e-13 0.868778 9.14515e-14 0.088478 0.00592867
10.5 0.129476 -1.05264e-13 0.870426 9.25321e-14 0.0817537 0.00528656
10.6 0.127899 -1.19744e-13 0.872003 9.80494e-14 0.0752896 0.00453557
10.7 0.126391 -1.26589e-13 0.873511 9.179e-14 0.0691208 0.00368406
10.8 0.124954 -1.3977e-13 0.874948 9.91288e-14 0.0632656 0.00275047
10.9 0.123588 -1.39021e-13 0.876314 1.03939e-13 0.0577476 0.0017494
11 0.122286 -1.43975e-13 0.877616 1.04959e-13 0.0525838 0.000702625
11.1 0.121034 -1.42781e-13 0.878869 1.1677e-13 0.0477956 -0.000348256
11.2 0.119834 -1.23107e-13 0.880071 1.01553e-13 0.0433939 -0.00138435
11.3 0.118674 -1.15801e-13 0.88123 9.44086e-14 0.0393652 -0.00237911
11.4 0.117545 -1.12649e-13 0.882359 6.96076e-14 0.0357082 -0.00331152
11.5 0.116443 -9.22909e-14 0.883461 4.48055e-14 0.0324059 -0.00415192
11.6 0.11536 -7.75847e-14 0.884545 3.17323e-14 0.0294254 -0.00487732
11.7 0.114297 -5.29658e-14 0.885609 3.69622e-15 0.0267556 -0.00547029
11.8 0.113245 -5.8707e-14 0.886661 3.74578e-15 0.0243606 -0.00591851
11.9 0.112199 -6.89019e-14 0.887707 9.35533e-15 0.0222124 -0.00621069
12 0.11116 -8.66442e-14 0.888747 5.22074e-15 0.0202703 -0.00634869
12.1 0.110124 -1.26735e-13 0.889783 4.77e-14 0.0185015 -0.00633354
12.2 0.109086 -1.55877e-13 0.890821 4.98574e-14 0.0168687 -0.0061762
12.3 0.108049 -3.40344e-13 0.891858 1.52149e-13 0.0153461 -0.00589466
12.4 0.107014 -2.68848e-13 0.892894 3.03301e-13 0.013908 -0.00550417
12.5 0.105981 -3.10235e-13 0.893927 3.23973e-13 0.0125294 -0.00502942
12.6 0.104953 -4.22749e-13 0.894956 4.15364e-13 0.0111932 -0.00450524
12.7 0.103931 -4.66845e-13 0.895978 4.52606e-13 0.00989243 -0.00394134
12.8 0.102915 -3.93547e-13 0.896994 3.49065e-13 0.00862225 -0.00336584
12.9 0.101905 -3.24249e-13 0.898005 2.87816e-13 0.00738274 -0.0028062
13 0.1009 -2.85923e-13 0.89901 2.57903e-13 0.00617962 -0.00228094
13.1 0.0999028 -2.55873e-13 0.900007 2.32162e-13 0.00501569 -0.00180686
13.2 0.0989133 -2.40335e-13 0.900996 2.0554e-13 0.00390082 -0.00139644
13.3 0.0979314 -2.32471e-13 0.901978 2.09317e-13 0.00284573 -0.00105818
13.4 0.0969595 -2.27066e-13 0.902949 2.07421e-13 0.00186445 -0.000797512
13.5 0.0959965 -2.23375e-13 0.90391 2.05204e-13 0.00096999 -0.000616584
13.6 0.0950431 -3.41968e-13 0.904863 1.98206e-13 0.000177871 -0.000508979
13.7 0.0941 -2.62618e-13 0.905806 1.94681e-13 -0.000500515 -0.000465697
13.8 0.0931681 -1.79821e-13 0.906739 2.27963e-13 -0.00105624 -0.00047468
13.9 0.0922449 -1.63111e-13 0.907662 2.21893e-13 -0.00148359 -0.000519233
14 0.0913303 -8.46163e-14 0.908576 1.44373e-13 -0.00178367 -0.000585205
14.1 0.0904252 -1.13595e-13 0.909481 1.68326e-13 -0.00195511 -0.000648351
14.2 0.0895289 -8.94515e-14 0.910377 1.40019e-13 -0.00200647 -0.000690826
14.3 0.0886403 -8.217e-14 0.911265 1.34991e-13 -0.00195259 -0.000695159
14.4 0.0877611 -1.02867e-13 0.912142 1.422e-13 -0.00181126 -0.000645771
14.5 0.08689 -1.20436e-13 0.913013 1.50574e-13 -0.00160193 -0.000534389
14.6 0.0860284 -1.31745e-13 0.913875 1.54788e-13 -0.00134648 -0.000355674
14.7 0.0851737 -1.4711e-13 0.914728 1.56146e-13 -0.0010645 -0.00010981
14.8 0.0843259 -1.79459e-13 0.915574 1.45992e-13 -0.00077698 0.000204534
14.9 0.0834868 -1.73703e-13 0.916414 1.34169e-13 -0.000501214 0.000576516
15 0.0826558 -1.70391e-13 0.917245 1.15617e-13 -0.000257738 0.000997243
15.1 0.0818322 -1.53633e-13 0.918068 1.04966e-13 -6.19394e-05 0.00145403
15.2 0.0810161 -1.35325e-13 0.918884 1.06934e-13 7.59936e-05 0.00192938
15.3 0.0802082 -1.18721e-13 0.919691 8.61747e-14 0.000148419 0.00240864
15.4 0.0794087 -1.07653e-13 0.92049 7.77034e-14 0.000150931 0.00287731
15.5 0.0786154 -1.07627e-13 0.92128 9.14165e-14 8.21869e-05 0.00331154
15.6 0.0778297 -1.09082e-13 0.922065 1.02833e-13 -5.08095e-05 0.00369455
15.7 0.0770512 -1.27032e-13 0.922843 1.20633e-13 -0.0002424 0.0040116
15.8 0.0762801 -1.49623e-13 0.923614 1.14938e-13 -0.000481123 0.00425002
15.9 0.075517 -1.29834e-13 0.924377 1.37116e-13 -0.000752056 0.0043962
16 0.0747611 -9.37937e-14 0.925132 1.29387e-13 -0.0010314 0.0044476
16.1 0.0740126 -1.37592e-13 0.925879 1.3284e-13 -0.00130148 0.00439785
16.2 0.0732741 -1.4377e-13 0.926618 1.30083e-13 -0.00154214 0.00425285
16.3 0.0725424 -1.46269e-13 0.927351 1.36975e-13 -0.00173683 0.00401971
16.4 0.071819 -1.50574e-13 0.928075 1.40449e-13 -0.00186993 0.0037173
16.5 0.0711032 -1.54857e-13 0.92879 1.5905e-13 -0.00193106 0.00336057
16.6 0.070394 -1.69129e-13 0.929498 1.93307e-13 -0.00191052 0.00296851
16.7 0.0696921 -1.62152e-13 0.930199 2.02672e-13 -0.00181323 0.00256013
16.8 0.0689985 -2.33396e-13 0.930894 2.86768e-13 -0.00163729 0.00215481
16.9 0.0683123 -2.3079e-13 0.931581 2.85708e-13 -0.00139204 0.00176829
17 0.067634 -1.36997e-13 0.93226 2.25276e-13 -0.00108266 0.00141816
17.1 0.0669611 -1.35214e-13 0.932933 2.42216e-13 -0.000725636 0.00111698
17.2 0.066296 -1.25069e-13 0.933599 2.19535e-13 -0.000331825 0.000877049
17.3 0.0656384 -1.14278e-13 0.934259 1.99187e-13 7.77579e-05 0.000704336
17.4 0.0649873 -1.16377e-13 0.934912 1.91427e-13 0.000486291 0.000602351
17.5 0.0643429 -1.15792e-13 0.935558 1.76006e-13 0.000877457 0.000568749
17.6 0.0637038 -1.03349e-13 0.936196 1.55913e-13 0.00123257 0.00060159
17.7 0.0630699 -1.02908e-13 0.936828 1.40223e-13 0.00153572 0.000687201
17.8 0.0624422 -4.1525e-14 0.937455 1.27474e-13 0.00177701 0.000815682
17.9 0.0618203 -1.91973e-14 0.938078 7.9106e-14 0.00194714 0.000973725
18 0.0612051 -6.95691e-14 0.938693 1.02138e-13 0.00204115 0.00114188
18.1 0.0605976 -8.15196e-14 0.939302 7.57218e-14 0.00206107 0.00130783
18.2 0.0599964 -6.69777e-14 0.939905 7.72636e-14 0.00200585 0.00145181
18.3 0.0594014 -7.11032e-14 0.940501 8.21739e-14 0.00188183 0.00156194
18.4 0.0588133 -8.317e-14 0.941089 9.66152e-14 0.00170283 0.00162578
18.5 0.0582308 -8.66352e-14 0.941673 1.03157e-13 0.00148133 0.00163466
18.6 0.0576528 -1.10888e-13 0.942252 1.27892e-13 0.00122233 0.00157677
18.7 0.0570811 -1.66755e-13 0.942824 1.8413e-13 0.000952464 0.00145068
18.8 0.0565145 -1.34292e-13 0.94339 1.58139e-13 0.000685627 0.0012591
18.9 0.0559534 -1.30334e-13 0.943952 1.68744e-13 0.00043651 0.0010049
19 0.0553971 -1.34878e-13 0.944508 1.86967e-13 0.000220106 0.000697994
19.1 0.0548457 -1.27537e-13 0.945059 1.85286e-13 4.82371e-05 0.000350465
19.2 0.0543004 -1.27165e-13 0.945604 1.89727e-13 -6.70416e-05 -3.304e-05
19.3 0.0537596 -1.26852e-13 0.946144 2.08127e-13 -0.00012186 -0.000430578
19.4 0.0532253 -1.30499e-13 0.946678 2.17676e-13 -0.000112365 -0.000826967
19.5 0.0526966 -1.31612e-13 0.947206 2.23187e-13 -4.01245e-05 -0.00120362
19.6 0.0521728 -1.21233e-13 0.94773 1.80466e-13 8.89716e-05 -0.00154823
19.7 0.0516539 -1.14877e-13 0.948247 1.34255e-13 0.000268984 -0.0018461
19.8 0.0511386 -1.10501e-13 0.948761 1.0136e-13 0.000486549 -0.00208621
19.9 0.0506297 -1.12055e-13 0.949269 1.00175e-13 0.000730035 -0.00225872
20 0.0501256 -1.11968e-13 0.949772 9.06766e-14 0.000985622 -0.00236143
