0 0 0 1 0 0 0
0.1 1.71713e-07 2.37825e-24 1 -2.68834e-24 4.82625e-05 -0.000411088
0.2 7.90707e-07 1.17131e-23 0.999999 2.36648e-26 0.000195203 -0.000865322
0.3 2.03502e-06 1.62003e-20 0.999998 2.72339e-22 0.000448246 -0.00134816
0.4 4.11186e-06 -3.56597e-19 0.999996 -3.49369e-20 0.000811243 -0.00184508
0.5 7.25634e-06 9.28574e-19 0.999993 2.24079e-19 0.0012846 -0.00234252
0.6 1.17298e-05 1.74574e-18 0.999988 -2.41134e-19 0.00186563 -0.0028288
0.7 1.78182e-05 -6.48872e-19 0.999982 -5.07169e-20 0.00254908 -0.00329495
0.8 2.58328e-05 -2.04264e-19 0.999974 -1.94636e-19 0.00332788 -0.00373529
0.9 3.61125e-05 6.13769e-20 0.999964 1.96334e-18 0.00419397 -0.00414797
1 4.90323e-05 -3.80607e-18 0.99995 1.91414e-18 0.00513924 -0.00453519
1.1 6.50172e-05 -6.24629e-18 0.999934 4.50534e-18 0.00615648 -0.00490321
1.2 8.45662e-05 -5.92764e-18 0.999914 6.74026e-18 0.00724031 -0.00526219
1.3 0.000108286 -5.54935e-18 0.99989 5.56729e-19 0.00838804 -0.00562575
1.4 0.000136937 -1.27227e-17 0.999861 5.45217e-18 0.00960038 -0.00601038
1.5 0.000171498 -3.22561e-18 0.999826 9.11512e-18 0.010882 -0.00643468
1.6 0.000213237 5.89676e-19 0.999784 7.01046e-18 0.012242 -0.00691849
1.7 0.000263812 4.18988e-18 0.999733 6.79521e-18 0.013694 -0.00748165
1.8 0.000325928 -1.49999e-18 0.999671 1.52029e-17 0.0152557 -0.00814343
1.9 0.000401987 3.19149e-17 0.999595 1.46219e-17 0.0169491 -0.00892173
2 0.000496124 3.1874e-17 0.9995 -6.95696e-18 0.0187997 -0.00983188
2.1 0.000612548 2.17735e-17 0.999384 -8.60757e-18 0.0208356 -0.0108862
2.2 0.000756603 -5.00412e-18 0.99924 -5.91314e-17 0.0230872 -0.0120929
2.3 0.000934993 -2.51343e-17 0.999061 -6.79154e-17 0.0255857 -0.0134564
2.4 0.00115553 -3.81056e-17 0.998841 -4.32022e-17 0.0283624 -0.0149765
2.5 0.00142742 -5.28359e-17 0.998569 -1.57163e-17 0.0314475 -0.0166489
2.6 0.00176111 -5.27441e-17 0.998235 -2.13572e-17 0.0348691 -0.0184649
2.7 0.00216856 6.20004e-17 0.997826 -1.35035e-17 0.0386535 -0.0204127
2.8 0.00266298 8.93281e-17 0.99733 1.00241e-18 0.04282 -0.0224756
2.9 0.00325899 1.81323e-16 0.996732 -2.25253e-17 0.047386 -0.0246345
3 0.00397219 -7.04943e-17 0.996018 -3.33881e-17 0.0523641 -0.0268682
3.1 0.00481929 -9.36169e-18 0.99517 2.58064e-17 0.0577594 -0.0291543
3.2 0.00581775 3.61672e-17 0.994171 1.90384e-16 0.0635697 -0.0314684
3.3 0.00698582 8.65558e-17 0.993003 6.60662e-17 0.0697896 -0.0337882
3.4 0.00834167 2.04509e-16 0.991647 1.13931e-16 0.0764072 -0.0360908
3.5 0.00990365 5.82102e-17 0.990085 3.31965e-16 0.083405 -0.0383551
3.6 0.01169 9.95155e-17 0.988298 5.75335e-17 0.0907604 -0.0405597
3.7 0.0137181 -2.95537e-16 0.98627 3.81172e-16 0.0984459 -0.0426842
3.8 0.0160042 -3.2634e-16 0.983984 3.92465e-16 0.106429 -0.0447102
3.9 0.0185631 -1.21946e-17 0.981426 3.86263e-16 0.114672 -0.0466207
4 0.0214077 -4.697e-16 0.978581 1.32569e-17 0.123136 -0.0484
4.1 0.0245492 -6.71595e-16 0.97544 -9.24825e-17 0.131778 -0.0500332
4.2 0.0279968 -1.26419e-15 0.971992 -2.47539e-16 0.140553 -0.0515065
4.3 0.0317547 -1.36285e-15 0.968234 -4.27173e-16 0.14941 -0.0528051
4.4 0.0358254 -1.81575e-15 0.964163 -4.00992e-16 0.1583 -0.0539161
4.5 0.0402037 -2.12611e-15 0.959785 1.36624e-16 0.167168 -0.0548274
4.6 0.0448835 -8.07257e-16 0.955105 -1.68354e-15 0.175958 -0.0555278
4.7 0.0498509 -1.96037e-15 0.950137 4.5533e-16 0.184615 -0.0560081
4.8 0.0550904 3.9357e-16 0.944898 -2.02786e-15 0.193085 -0.0562622
4.9 0.0605794 2.22784e-15 0.939409 -3.71366e-15 0.201307 -0.0562817
5 0.0662932 4.03749e-15 0.933695 -5.12652e-15 0.209227 -0.0560604
5.1 0.0721967 3.78955e-15 0.927791 -5.15473e-15 0.216787 -0.0556016
5.2 0.0782521 4.35159e-15 0.921735 -8.12039e-15 0.223934 -0.0549102
5.3 0.0844195 1.49155e-15 0.915567 -6.53702e-15 0.230619 -0.0539987
5.4 0.0906561 -1.5741e-15 0.90933 -1.74781e-15 0.2368 -0.0528802
5.5 0.0969175 -7.67597e-16 0.903067 -1.81072e-15 0.242438 -0.0515878
5.6 0.103156 2.66911e-15 0.896828 -7.07352e-15 0.247497 -0.0501334
5.7 0.109332 4.82293e-15 0.890651 -8.03409e-15 0.251973 -0.0485593
5.8 0.11541 8.54541e-15 0.884573 -1.06557e-14 0.255847 -0.0468938
5.9 0.121352 9.18255e-15 0.87863 -9.53987e-15 0.259117 -0.045171
6 0.127129 8.96311e-15 0.872853 -8.3178e-15 0.261793 -0.043425
6.1 0.132712 9.40691e-15 0.867269 -6.86585e-15 0.263878 -0.0416889
6.2 0.138083 -8.09882e-16 0.861898 1.02528e-14 0.265415 -0.0399881
6.3 0.14323 -1.76571e-14 0.856751 2.55886e-14 0.266446 -0.0383404
6.4 0.148139 -2.06066e-14 0.851842 2.78244e-14 0.266989 -0.0367606
6.5 0.152801 -1.68732e-14 0.84718 2.33828e-14 0.267079 -0.0352514
6.6 0.157218 -1.40142e-14 0.842763 2.27953e-14 0.266756 -0.0338175
6.7 0.161383 -1.27713e-14 0.838596 1.87028e-14 0.266049 -0.0324456
6.8 0.165293 -8.76501e-15 0.834686 1.7582e-14 0.264983 -0.0311238
6.9 0.168942 -2.69148e-15 0.831036 1.37177e-14 0.263593 -0.0298252
7 0.172324 -1.17133e-15 0.827654 8.4214e-15 0.261904 -0.0285304
7.1 0.175431 -1.14448e-15 0.824546 7.36185e-15 0.259915 -0.0272291
7.2 0.178249 4.4033e-15 0.821727 4.14279e-15 0.257636 -0.0258975
7.3 0.18076 1.33383e-14 0.819215 -3.27634e-15 0.255075 -0.0245235
7.4 0.182971 -3.84334e-15 0.817004 1.50985e-14 0.252221 -0.0231028
7.5 0.184861 6.74553e-15 0.815113 -4.17249e-17 0.249068 -0.0216298
7.6 0.186425 3.14029e-15 0.813548 1.1466e-14 0.24562 -0.0201147
7.7 0.187663 -3.11271e-15 0.812309 1.61401e-14 0.241867 -0.018562
7.8 0.188574 -1.32088e-14 0.811397 2.56684e-14 0.23781 -0.0169899
7.9 0.189165 -6.09725e-15 0.810806 1.76837e-14 0.23345 -0.0154159
8 0.189443 -3.80339e-15 0.810527 1.9126e-14 0.228798 -0.0138603
8.1 0.189426 4.4115e-16 0.810544 1.09061e-14 0.223866 -0.0123442
8.2 0.189133 -1.04451e-14 0.810836 2.26746e-14 0.218665 -0.0108818
8.3 0.188587 -1.8663e-14 0.811382 3.86998e-14 0.213219 -0.0094851
8.4 0.187809 -1.67601e-14 0.812159 4.10082e-14 0.207549 -0.00816341
8.5 0.186824 -1.93553e-14 0.813144 4.10288e-14 0.201682 -0.00691858
8.6 0.185657 -1.86804e-14 0.814311 4.18192e-14 0.195639 -0.0057491
8.7 0.184328 -2.33441e-14 0.815639 4.41809e-14 0.189449 -0.00465352
8.8 0.182862 1.34041e-15 0.817105 1.93908e-14 0.183134 -0.00362312
8.9 0.181275 -1.15703e-14 0.818691 2.96486e-14 0.176716 -0.00265032
9 0.179586 -2.95206e-15 0.82038 2.42594e-14 0.170217 -0.00172354
9.1 0.177812 -4.17359e-15 0.822154 2.31174e-14 0.163655 -0.000833672
9.2 0.175963 -1.45676e-15 0.824003 2.18797e-14 0.157047 2.61852e-05
9.3 0.174055 -5.64632e-16 0.82591 2.14371e-14 0.150406 0.000861853
9.4 0.172099 -1.19451e-15 0.827865 2.32013e-14 0.143745 0.00167641
9.5 0.170106 -5.84523e-15 0.829858 2.58197e-14 0.137077 0.00247059
9.6 0.168086 -7.65936e-15 0.831878 3.14329e-14 0.130412 0.00324125
9.7 0.166046 -6.40463e-15 0.833918 2.81686e-14 0.123768 0.00398165
9.8 0.163997 -1.0525e-14 0.835966 3.34815e-14 0.117156 0.0046839
9.9 0.161947 -1.37368e-14 0.838015 3.57005e-14 0.110589 0.00533755
10 0.159905 -2.06068e-14 0.840058 3.79519e-14 0.104086 0.00592907
10.1 0.157878 -1.9774e-14 0.842085 3.64661e-14 0.0976675 0.00644533
10.2 0.155873 -2.77756e-14 0.844089 4.16563e-14 0.0913546 0.00687394
10.3 0.153901 -2.71056e-14 0.846062 4.51896e-14 0.0851716 0.00720305
10.4 0.151964 -2.34313e-14 0.847999 4.32797e-14 0.0791448 0.00742517
10.5 0.150069 -1.59815e-14 0.849894 2.95063e-14 0.0732972 0.00753433
10.6 0.148221 -1.50333e-14 0.851742 1.63856e-14 0.0676541 0.00752696
10.7 0.146422 -1.45792e-14 0.853542 1.65419e-14 0.0622331 0.00740425
10.8 0.144673 -1.35681e-14 0.855291 1.57156e-14 0.0570712 0.0071632
10.9 0.142977 -7.392e-15 0.856987 1.18751e-14 0.0521852 0.00681921
11 0.14133 -1.0597e-14 0.858634 1.58685e-14 0.0475931 0.00638281
11.1 0.139733 -1.15459e-14 0.860231 1.56629e-14 0.0433079 0.00587293
11.2 0.138183 -8.29615e-15 0.86178 1.29831e-14 0.0393388 0.00531013
11.3 0.136676 -9.9285e-15 0.863288 1.24737e-14 0.0356902 0.00471286
11.4 0.135208 -7.56239e-15 0.864755 1.17342e-14 0.03236 0.00410364
11.5 0.133781 -9.33953e-15 0.866182 1.26712e-14 0.0293427 0.00350404
11.6 0.132386 -9.6081e-15 0.867578 1.25405e-14 0.0266213 0.00293611
11.7 0.13102 -1.0504e-14 0.868943 8.94618e-15 0.0241817 0.00241742
11.8 0.12968 -7.57385e-15 0.870283 5.02011e-15 0.0220025 0.00196498
11.9 0.128361 -7.63706e-15 0.871602 5.17199e-15 0.0200542 0.00159184
12 0.127063 -7.76377e-15 0.8729 3.48384e-15 0.018312 0.00130492
12.1 0.125782 -1.0868e-14 0.874181 5.77375e-15 0.0167455 0.00110726
12.2 0.124518 -1.14273e-14 0.875445 -7.87377e-16 0.0153277 0.000997463
12.3 0.123268 -1.47707e-14 0.876694 -2.58372e-15 0.0140301 0.000969655
12.4 0.122033 -1.92624e-14 0.87793 -2.52797e-15 0.012827 0.00101408
12.5 0.120811 -2.28478e-14 0.879152 -1.32418e-15 0.0116961 0.00111743
12.6 0.119601 -7.86791e-15 0.880362 -9.61996e-15 0.0106181 0.00126412
12.7 0.118405 -1.1373e-14 0.881558 -9.62949e-15 0.00957889 0.00143457
12.8 0.11722 -1.51259e-14 0.882743 -9.78406e-15 0.00856891 0.00161045
12.9 0.116048 -1.85813e-14 0.883915 -1.09855e-14 0.00758504 0.00177491
13 0.114888 -2.23004e-14 0.885075 -1.11083e-14 0.00662431 0.00190803
13.1 0.113739 -2.31505e-14 0.886224 -1.14751e-14 0.00569248 0.00199908
13.2 0.112603 -2.44033e-14 0.88736 -1.24081e-14 0.00479542 0.0020361
13.3 0.111478 -2.41194e-14 0.888485 -1.37108e-14 0.00394296 0.00201159
13.4 0.110365 -1.13127e-14 0.889599 -2.54741e-14 0.00314684 0.00192033
13.5 0.109263 -3.72719e-15 0.8907 -3.68384e-14 0.00241847 0.00176364
13.6 0.108173 -1.27774e-14 0.89179 -3.12072e-14 0.0017689 0.00154642
13.7 0.107094 -2.35995e-14 0.892869 -2.28216e-14 0.00120875 0.00127645
13.8 0.106027 -3.99518e-14 0.893936 -2.39389e-14 0.000746109 0.000966256
13.9 0.104971 -4.54212e-14 0.894992 -1.32038e-14 0.00038526 0.000630308
14 0.103925 -5.74075e-14 0.896038 -4.79269e-15 0.000128281 0.000284561
14.1 0.10289 -6.89053e-14 0.897073 6.93444e-15 -2.74655e-05 -5.41784e-05
14.2 0.101865 -7.77394e-14 0.898098 1.4936e-14 -8.87096e-05 -0.000369248
14.3 0.100851 -6.21558e-14 0.899112 -5.29605e-16 -6.42107e-05 -0.000645524
14.4 0.0998471 -6.9776e-14 0.900116 8.25296e-15 3.29253e-05 -0.000870307
14.5 0.0988532 -7.45825e-14 0.901109 1.35962e-14 0.000187168 -0.00103136
14.6 0.0978694 -8.17068e-14 0.902093 2.12465e-14 0.000381042 -0.00112213
14.7 0.0968952 -8.96434e-14 0.903067 3.01503e-14 0.000595811 -0.00113912
14.8 0.095931 -9.17162e-14 0.904031 3.24988e-14 0.00081245 -0.00108397
14.9 0.0949766 -9.11759e-14 0.904986 3.15025e-14 0.00101341 -0.000960954
15 0.0940316 -9.20705e-14 0.905931 3.27457e-14 0.00118268 -0.000778929
15.1 0.0930961 -9.14513e-14 0.906866 3.17865e-14 0.00130676 -0.000549316
15.2 0.0921698 -9.12128e-14 0.907792 3.18576e-14 0.00137561 -0.000286439
15.3 0.0912527 -9.0372e-14 0.90871 3.06646e-14 0.0013827 -5.95694e-06
15.4 0.0903448 -8.93385e-14 0.909617 2.93101e-14 0.00132556 0.000275384
15.5 0.0894458 -8.81054e-14 0.910516 2.77043e-14 0.00120601 0.000540965
15.6 0.0885558 -8.68926e-14 0.911406 2.53487e-14 0.00102946 0.000776269
15.7 0.0876747 -8.53179e-14 0.912287 2.31128e-14 0.000804591 0.000967444
15.8 0.0868023 -8.38328e-14 0.91316 2.06789e-14 0.000543188 0.00110373
15.9 0.0859388 -8.11762e-14 0.914023 1.68515e-14 0.000259204 0.0011776
16 0.0850838 -7.86033e-14 0.914878 1.36576e-14 -3.20596e-05 0.00118518
16.1 0.0842373 -7.60908e-14 0.915725 1.06116e-14 -0.000314863 0.0011264
16.2 0.0833991 -7.53912e-14 0.916563 7.66417e-15 -0.000573944 0.001005
16.3 0.0825692 -7.54192e-14 0.917392 5.50005e-15 -0.000795401 0.000828242
16.4 0.0817475 -7.41365e-14 0.918214 2.61391e-15 -0.000967482 0.000606504
16.5 0.080934 -7.2438e-14 0.919027 3.72179e-15 -0.00108126 0.000352636
16.6 0.0801287 -7.43753e-14 0.919833 4.10391e-15 -0.0011311 8.12242e-05
16.7 0.0793314 -6.88516e-14 0.92063 3.392e-15 -0.001115 -0.000192261
16.8 0.078542 -7.103e-14 0.92142 2.50544e-15 -0.00103466 -0.000452348
16.9 0.0777605 -6.87315e-14 0.922201 1.96376e-15 -0.000895368 -0.000684441
17 0.0769868 -6.64987e-14 0.922975 1.5508e-15 -0.000705668 -0.000875647
17.1 0.0762207 -6.77174e-14 0.923741 5.91674e-16 -0.000476874 -0.00101549
17.2 0.0754623 -6.47786e-14 0.924499 2.00237e-16 -0.000222396 -0.00109648
17.3 0.0747115 -6.64371e-14 0.92525 -7.9274e-16 4.30311e-05 -0.00111454
17.4 0.0739681 -6.56877e-14 0.925994 -1.37529e-15 0.000304324 -0.00106939
17.5 0.0732321 -6.29346e-14 0.92673 -1.87797e-15 0.00054642 -0.000963697
17.6 0.0725034 -6.30925e-14 0.927458 -2.52996e-15 0.000755781 -0.000804166
17.7 0.071782 -6.29793e-14 0.92818 -3.23891e-15 0.000920758 -0.000600297
17.8 0.0710677 -6.21802e-14 0.928894 -3.84593e-15 0.00103232 -0.000364024
17.9 0.0703606 -6.13911e-14 0.929601 -4.43901e-15 0.00108456 -0.000109016
18 0.0696605 -6.14824e-14 0.930301 -5.08265e-15 0.00107497 0.000150104
18.1 0.0689674 -5.95129e-14 0.930994 -5.56485e-15 0.00100458 0.000398607
18.2 0.0682811 -5.95204e-14 0.93168 -6.21389e-15 0.000877868 0.000622567
18.3 0.0676017 -5.91112e-14 0.93236 -6.78468e-15 0.000702448 0.000809383
18.4 0.0669291 -5.72381e-14 0.933033 -7.15661e-15 0.000488665 0.000948766
18.5 0.0662631 -5.71151e-14 0.933698 -7.86687e-15 0.00024895 0.0010332
18.6 0.0656038 -5.74e-14 0.934358 -8.58702e-15 -2.8964e-06 0.00105836
18.7 0.064951 -5.61389e-14 0.935011 -8.99051e-15 -0.000252497 0.0010233
18.8 0.0643048 -5.63997e-14 0.935657 -9.77204e-15 -0.000485719 0.000930499
18.9 0.0636649 -5.62646e-14 0.936297 -1.04621e-14 -0.000689476 0.000785697
19 0.0630314 -5.52038e-14 0.93693 -1.09388e-14 -0.000852457 0.000597532
19.1 0.0624043 -5.4398e-14 0.937557 -1.14607e-14 -0.000965758 0.000377028
19.2 0.0617833 -5.392e-14 0.938178 -1.2e-14 -0.00102336 0.000136956
19.3 0.0611686 -5.36085e-14 0.938793 -1.25325e-14 -0.00102246 -0.000108911
19.4 0.0605599 -5.23119e-14 0.939402 -1.29051e-14 -0.000963585 -0.000346585
19.5 0.0599574 -5.2042e-14 0.940004 -1.34803e-14 -0.000850552 -0.000562655
19.6 0.0593608 -5.15512e-14 0.940601 -1.39944e-14 -0.000690167 -0.000745125
19.7 0.0587701 -5.14738e-14 0.941191 -1.46208e-14 -0.000491989 -0.000883758
19.8 0.0581854 -5.02776e-14 0.941776 -1.51007e-14 -0.000267539 -0.000971139
19.9 0.0576064 -5.02046e-14 0.942355 -1.56959e-14 -2.97599e-05 -0.00100274
20 0.0570332 -4.96866e-14 0.942928 -1.61342e-14 0.000207756 -0.000977212
