0 0 0 1 0 0 0
0.1 1.71713e-07 2.37825e-24 1 -2.68834e-24 4.82622e-05 -0.000411103
0.2 7.90721e-07 2.35459e-24 0.999999 2.36648e-26 0.000195207 -0.000865397
0.3 2.03512e-06 2.48937e-20 0.999998 2.82994e-22 0.000448272 -0.00134838
0.4 4.11223e-06 1.49807e-19 0.999996 8.99669e-20 0.000811331 -0.00184554
0.5 7.25741e-06 3.49898e-19 0.999993 -1.11965e-20 0.00128482 -0.00234334
0.6 1.17323e-05 -5.78056e-19 0.999988 -8.03542e-19 0.00186608 -0.00283014
0.7 1.78235e-05 -3.82189e-19 0.999982 -4.09914e-19 0.0025499 -0.00329693
0.8 2.5843e-05 4.50933e-19 0.999974 -1.6881e-18 0.00332925 -0.00373806
0.9 3.61305e-05 4.7115e-20 0.999964 -3.25165e-19 0.00419611 -0.00415165
1 4.90623e-05 5.90422e-18 0.99995 2.0406e-18 0.00514239 -0.00453986
1.1 6.50647e-05 6.32125e-18 0.999934 2.65312e-18 0.0061609 -0.00490893
1.2 8.46378e-05 6.1116e-18 0.999914 9.89392e-18 0.00724627 -0.00526898
1.3 0.00010839 4.42708e-18 0.99989 9.84966e-18 0.00839582 -0.00563358
1.4 0.000137083 4.80702e-18 0.999861 5.01065e-18 0.00961024 -0.00601919
1.5 0.000171695 2.69206e-17 0.999826 1.27228e-18 0.0108942 -0.00644438
1.6 0.000213498 2.11717e-17 0.999784 2.15073e-18 0.0122567 -0.00692896
1.7 0.000264147 1.15496e-17 0.999733 1.71401e-17 0.0137113 -0.00749276
1.8 0.000326328 6.27756e-18 0.999671 2.34631e-17 0.0152758 -0.00815507
1.9 0.000402451 -2.95318e-17 0.999594 3.51143e-17 0.0169722 -0.00893379
2 0.00049665 5.43968e-18 0.9995 1.66714e-17 0.0188256 -0.00984431
2.1 0.000613134 3.93628e-17 0.999383 2.49518e-17 0.0208645 -0.0108989
2.2 0.000757248 7.41366e-17 0.999239 -9.74959e-18 0.023119 -0.0121061
2.3 0.0009357 1.18836e-16 0.999061 -2.97667e-17 0.0256204 -0.0134701
2.4 0.00115631 1.36727e-16 0.99884 -5.05958e-17 0.0284001 -0.0149911
2.5 0.00142829 1.44427e-16 0.998568 -3.65665e-17 0.0314883 -0.0166645
2.6 0.0017621 1.97993e-16 0.998234 -1.20952e-17 0.0349132 -0.0184819
2.7 0.00216968 2.96758e-16 0.997825 8.89687e-17 0.0387011 -0.0204316
2.8 0.00266438 2.22729e-16 0.997329 2.90981e-17 0.0428714 -0.0224969
2.9 0.00326066 1.78583e-16 0.996731 -6.00121e-17 0.0474415 -0.0246586
3 0.00397425 -8.08592e-17 0.996016 1.05618e-16 0.0524244 -0.0268957
3.1 0.00482187 -1.81691e-17 0.995167 1.66017e-16 0.0578249 -0.0291858
3.2 0.00582103 1.47462e-16 0.994168 1.62813e-16 0.0636413 -0.0315042
3.3 0.00699003 2.58534e-16 0.992999 1.38458e-16 0.0698681 -0.0338287
3.4 0.00834705 3.3498e-16 0.991642 -1.74179e-17 0.076493 -0.0361367
3.5 0.00991042 3.75072e-16 0.990078 -9.23853e-17 0.0834997 -0.0384063
3.6 0.0116985 6.29318e-16 0.98829 -1.82498e-16 0.0908643 -0.0406163
3.7 0.0137288 3.45841e-16 0.986259 -2.9957e-16 0.0985606 -0.0427466
3.8 0.0160175 7.72068e-16 0.983971 -1.88347e-16 0.106555 -0.0447779
3.9 0.0185793 3.78246e-16 0.981409 -3.60604e-16 0.114811 -0.0466939
4 0.0214273 -5.67247e-17 0.978561 -5.40961e-16 0.123288 -0.0484782
4.1 0.0245725 4.77019e-17 0.975416 -6.0778e-16 0.131944 -0.0501155
4.2 0.0280242 9.84912e-18 0.971964 -1.06051e-15 0.140731 -0.0515919
4.3 0.031787 3.86875e-16 0.968202 -1.67413e-15 0.149604 -0.0528936
4.4 0.0358608 -5.94108e-17 0.964128 -1.73882e-15 0.158508 -0.054007
4.5 0.0402435 4.05583e-15 0.959745 -4.82957e-15 0.16739 -0.0549198
4.6 0.0449266 2.17626e-15 0.955061 -2.60478e-15 0.176195 -0.0556213
4.7 0.0499001 4.10671e-15 0.950088 -4.56991e-15 0.184866 -0.0561014
4.8 0.0551457 -7.28856e-16 0.944842 -6.3753e-16 0.193347 -0.0563547
4.9 0.0606411 1.81678e-15 0.939347 -2.13335e-15 0.201582 -0.0563731
5 0.0663604 -2.69875e-16 0.933627 -6.72737e-16 0.20951 -0.0561525
5.1 0.0722699 1.35798e-15 0.927717 -3.61237e-15 0.217078 -0.0556957
5.2 0.0783315 3.34527e-15 0.921656 -6.76583e-15 0.224233 -0.0550072
5.3 0.084505 4.0212e-15 0.915481 -8.287e-15 0.230923 -0.0540985
5.4 0.0907472 4.24927e-15 0.909238 -7.63499e-15 0.23711 -0.0529882
5.5 0.0970151 5.60495e-15 0.902969 -3.66875e-15 0.242754 -0.051695
5.6 0.103258 1.29672e-14 0.896725 -6.52623e-15 0.247828 -0.0502441
5.7 0.109445 1.53319e-14 0.890538 -7.22628e-15 0.252314 -0.0486711
5.8 0.115532 1.62756e-14 0.88445 -5.79268e-15 0.256197 -0.047008
5.9 0.121484 2.01418e-14 0.878498 -6.38435e-15 0.259478 -0.0452885
6 0.127268 1.61684e-14 0.872713 -2.37834e-15 0.262162 -0.043545
6.1 0.132862 1.29113e-14 0.867119 -2.4956e-15 0.26426 -0.0418097
6.2 0.138241 2.41236e-14 0.861739 -1.47713e-14 0.265809 -0.0401094
6.3 0.143394 2.54312e-14 0.856586 -1.42043e-14 0.26684 -0.0384651
6.4 0.148308 2.27743e-14 0.851672 -1.04454e-14 0.267388 -0.0368873
6.5 0.152981 1.91489e-14 0.846998 -8.56847e-15 0.267484 -0.0353859
6.6 0.157408 8.35269e-15 0.84257 5.57864e-16 0.267165 -0.0339584
6.7 0.161585 9.29596e-15 0.838392 -6.59447e-16 0.266463 -0.0325993
6.8 0.165508 8.17701e-15 0.834469 -1.12153e-15 0.265412 -0.0312887
6.9 0.16917 1.84851e-14 0.830806 -8.93762e-15 0.264039 -0.0299937
7 0.172568 1.60929e-14 0.827408 -5.42862e-15 0.262357 -0.0287114
7.1 0.17569 1.88799e-14 0.824284 -4.00015e-15 0.26038 -0.0274179
7.2 0.178521 2.17588e-14 0.821452 -2.52279e-15 0.258119 -0.0260937
7.3 0.181054 1.69993e-14 0.818918 -2.59417e-15 0.25557 -0.0247247
7.4 0.183281 1.6305e-14 0.81669 8.76169e-16 0.252734 -0.0233073
7.5 0.185189 8.02893e-15 0.81478 5.15734e-15 0.249596 -0.0218346
7.6 0.18677 2.07736e-15 0.813198 1.65122e-14 0.246156 -0.0203162
7.7 0.188024 1.00905e-15 0.811944 1.63724e-14 0.24241 -0.018761
7.8 0.18895 -3.51876e-15 0.811017 2.29122e-14 0.238354 -0.0171866
7.9 0.189553 -6.60918e-15 0.810415 1.87985e-14 0.233998 -0.015615
8 0.189843 -1.53996e-14 0.810124 2.43871e-14 0.229344 -0.0140625
8.1 0.189838 -1.66129e-14 0.810128 2.15251e-14 0.224407 -0.0125465
8.2 0.189557 -1.77396e-14 0.810409 2.10923e-14 0.219196 -0.0110858
8.3 0.189022 -1.42616e-14 0.810943 1.78524e-14 0.213735 -0.00969348
8.4 0.188256 -4.04537e-15 0.811709 9.38094e-15 0.20805 -0.00837713
8.5 0.187283 5.94559e-15 0.812681 3.30609e-15 0.202162 -0.00713912
8.6 0.186127 1.54489e-14 0.813837 -6.26421e-15 0.196099 -0.00598356
8.7 0.184813 2.71821e-14 0.815151 -1.73925e-14 0.189886 -0.00490157
8.8 0.183361 2.98155e-14 0.816602 -2.50868e-14 0.183548 -0.00388533
8.9 0.181792 3.28694e-14 0.818171 -2.74673e-14 0.177106 -0.00292707
9 0.180121 2.80569e-14 0.819841 -2.75196e-14 0.170581 -0.00201758
9.1 0.178364 3.25506e-14 0.821598 -2.84214e-14 0.163995 -0.00114559
9.2 0.176536 3.29334e-14 0.823426 -2.96042e-14 0.157362 -0.000302748
9.3 0.174649 3.15323e-14 0.825312 -2.90996e-14 0.150695 0.00051788
9.4 0.172715 3.87342e-14 0.827246 -2.95732e-14 0.14401 0.00132
9.5 0.170742 3.57079e-14 0.829218 -2.69132e-14 0.137315 0.00210444
9.6 0.168739 2.96887e-14 0.83122 -2.13159e-14 0.130625 0.0028665
9.7 0.166717 2.8717e-14 0.833242 -1.68119e-14 0.123958 0.0036004
9.8 0.164686 2.61194e-14 0.835273 -1.34985e-14 0.117323 0.00429827
9.9 0.162655 2.07749e-14 0.837304 -8.69915e-15 0.110734 0.00494889
10 0.16063 1.95479e-14 0.839329 -6.67378e-15 0.104211 0.00553966
10.1 0.15862 1.93469e-14 0.841339 -6.06615e-15 0.0977729 0.00605723
10.2 0.156631 1.84218e-14 0.843328 -1.45439e-15 0.091442 0.00648888
10.3 0.154668 1.64474e-14 0.845291 1.99785e-15 0.0852433 0.00682227
10.4 0.15274 1.63308e-14 0.847218 2.29033e-15 0.0791993 0.00704898
10.5 0.150854 1.8886e-14 0.849104 -2.57084e-16 0.0733379 0.00716305
10.6 0.149013 1.85812e-14 0.850946 9.71757e-16 0.0676848 0.00716192
10.7 0.14722 2.00237e-14 0.852739 -5.26829e-16 0.0622605 0.00704557
10.8 0.145479 1.97601e-14 0.854481 -5.32353e-16 0.0570849 0.00681899
10.9 0.143786 1.92313e-14 0.856174 -1.12985e-15 0.0521928 0.00648469
11 0.142141 2.06389e-14 0.857818 -1.8394e-15 0.0475949 0.00606143
11.1 0.140545 2.02737e-14 0.859414 -4.49944e-16 0.0433057 0.0055647
11.2 0.138995 2.13127e-14 0.860964 -1.61783e-15 0.039333 0.0050138
11.3 0.137488 2.43121e-14 0.862471 -2.02158e-15 0.0356809 0.00442894
11.4 0.136018 2.41555e-14 0.863941 -3.0835e-15 0.0323486 0.00383144
11.5 0.134588 2.41341e-14 0.865371 -2.81824e-15 0.0293294 0.0032443
11.6 0.13319 2.46655e-14 0.866769 -3.05868e-15 0.0266078 0.00268981
11.7 0.13182 2.49808e-14 0.868139 -2.47995e-15 0.0241673 0.00218296
11.8 0.130475 2.36607e-14 0.869484 -2.05082e-15 0.0219867 0.001742
11.9 0.129152 2.2672e-14 0.870806 -1.11785e-15 0.0200404 0.00137912
12 0.127849 2.43231e-14 0.872109 -5.92786e-16 0.0182993 0.00110287
12.1 0.126563 2.42053e-14 0.873396 -9.43913e-16 0.016735 0.000915679
12.2 0.125292 2.31608e-14 0.874667 -9.67626e-16 0.0153198 0.000816353
12.3 0.124036 2.14128e-14 0.875923 -1.10584e-15 0.0140253 0.000798876
12.4 0.122794 2.04305e-14 0.877164 -9.62696e-16 0.0128256 0.000853975
12.5 0.121564 2.00892e-14 0.878394 -6.25925e-16 0.0116979 0.000968107
12.6 0.120348 1.97637e-14 0.87961 -7.45812e-16 0.0106233 0.00112479
12.7 0.119143 1.93326e-14 0.880815 -2.90532e-16 0.00958772 0.0013063
12.8 0.117952 1.88824e-14 0.882006 -4.38689e-17 0.00858156 0.00149265
12.9 0.116772 1.84847e-14 0.883186 6.64474e-16 0.00759907 0.00166734
13 0.115605 1.871e-14 0.884353 7.33397e-16 0.00664019 0.00181259
13.1 0.114449 1.85309e-14 0.885508 1.12301e-15 0.00570906 0.00191415
13.2 0.113306 1.9148e-14 0.886652 1.40579e-15 0.00481218 0.00196106
13.3 0.112174 1.89315e-14 0.887784 1.16435e-15 0.00396002 0.00194528
13.4 0.111053 1.80755e-14 0.888903 1.19491e-15 0.00316183 0.00186365
13.5 0.109945 1.65706e-14 0.890012 8.24766e-16 0.00243143 0.00171428
13.6 0.108847 1.59174e-14 0.891109 6.9826e-16 0.00178037 0.00150387
13.7 0.107762 1.53952e-14 0.892194 7.16364e-16 0.00121831 0.00124068
13.8 0.106689 1.43838e-14 0.893268 6.2845e-16 0.000753069 0.000936129
13.9 0.105625 1.43858e-14 0.894331 6.9427e-16 0.000389885 0.000604769
14 0.104573 1.39275e-14 0.895383 9.01978e-16 0.000130252 0.000262918
14.1 0.103532 1.33959e-14 0.896424 1.02753e-15 -2.83245e-05 -7.2817e-05
14.2 0.102501 1.32692e-14 0.897455 1.35408e-15 -9.17058e-05 -0.000385663
14.3 0.101481 1.30012e-14 0.898476 1.41467e-15 -6.99225e-05 -0.000660544
14.4 0.10047 1.27868e-14 0.899486 1.5505e-15 2.55215e-05 -0.000885289
14.5 0.0994703 1.27526e-14 0.900486 1.76264e-15 0.000178397 -0.00104554
14.6 0.0984802 1.26874e-14 0.901476 1.93564e-15 0.000371107 -0.00113713
14.7 0.0974999 1.25278e-14 0.902456 2.03863e-15 0.00058566 -0.00115543
14.8 0.0965299 1.23785e-14 0.903426 2.17972e-15 0.000802801 -0.00110143
14.9 0.0955695 1.22278e-14 0.904386 2.31759e-15 0.00100486 -0.000979497
15 0.0946186 1.20701e-14 0.905337 2.4479e-15 0.00117592 -0.000798909
15.1 0.0936772 1.19428e-14 0.906279 2.59173e-15 0.00130251 -0.000569995
15.2 0.0927452 1.18277e-14 0.907211 2.71607e-15 0.00137414 -0.000307205
15.3 0.0918224 1.1718e-14 0.908133 2.82298e-15 0.0013843 -2.63649e-05
15.4 0.0909087 1.18064e-14 0.909047 2.99899e-15 0.0013304 0.000255978
15.5 0.0900042 1.23246e-14 0.909952 3.2464e-15 0.00121406 0.000523415
15.6 0.0891086 1.19681e-14 0.910847 3.29816e-15 0.00104034 0.000761149
15.7 0.088222 1.17842e-14 0.911734 3.44502e-15 0.000817848 0.000955344
15.8 0.0873442 1.23638e-14 0.912611 3.63658e-15 0.000558217 0.00109513
15.9 0.0864753 1.22547e-14 0.91348 3.76457e-15 0.000275278 0.00117284
16 0.085615 1.24999e-14 0.914341 3.92144e-15 -1.57528e-05 0.00118441
16.1 0.0847632 1.18009e-14 0.915192 4.00301e-15 -0.000299176 0.00112961
16.2 0.0839198 1.22504e-14 0.916036 4.16171e-15 -0.000559722 0.00101195
16.3 0.0830848 1.25879e-14 0.91687 4.36626e-15 -0.000783434 0.000838519
16.4 0.0822578 1.22222e-14 0.917697 4.38499e-15 -0.00095846 0.000619507
16.5 0.0814393 1.19115e-14 0.918516 4.493e-15 -0.00107572 0.000367616
16.6 0.080629 1.33568e-14 0.919326 4.84424e-15 -0.00112942 9.73154e-05
16.7 0.0798266 1.12367e-14 0.920129 4.70618e-15 -0.00111733 -0.000175994
16.8 0.0790323 1.20995e-14 0.920923 4.93116e-15 -0.00104095 -0.000436863
16.9 0.0782459 1.46601e-14 0.921709 5.49661e-15 -0.000905332 -0.000670665
17 0.0774673 1.15783e-14 0.922488 5.19906e-15 -0.000718819 -0.000864423
17.1 0.0766965 1.15521e-14 0.923259 5.23437e-15 -0.000492534 -0.00100753
17.2 0.0759334 1.18953e-14 0.924022 5.43748e-15 -0.000239733 -0.00109233
17.3 0.0751778 1.19932e-14 0.924777 5.6893e-15 2.49589e-05 -0.00111453
17.4 0.0744298 1.25099e-14 0.925525 5.84019e-15 0.00028652 -0.00107361
17.5 0.0736892 1.19392e-14 0.926266 5.98685e-15 0.000529889 -0.000972018
17.6 0.072956 1.19559e-14 0.926999 6.1147e-15 0.000741476 -0.000816214
17.7 0.0722301 9.98887e-15 0.927725 5.88792e-15 0.000909526 -0.000615478
17.8 0.0715114 1.0005e-14 0.928444 6.06943e-15 0.00102485 -0.000381553
17.9 0.0707998 1.13688e-14 0.929155 6.34e-15 0.00108134 -0.000127963
18 0.0700953 1.09678e-14 0.92986 6.41216e-15 0.00107626 0.000130771
18.1 0.0693979 9.96139e-15 0.930557 6.46694e-15 0.00101039 0.000379958
18.2 0.0687074 1.0455e-14 0.931248 6.58223e-15 0.000887938 0.000605657
18.3 0.0680237 1.09649e-14 0.931931 6.78441e-15 0.000716294 0.000795185
18.4 0.0673469 1.06639e-14 0.932608 6.77836e-15 0.000505572 0.000938119
18.5 0.0666768 1.10761e-14 0.933278 7.10956e-15 0.000268019 0.00102676
18.6 0.0660133 1.09394e-14 0.933942 7.20358e-15 1.72998e-05 0.00105655
18.7 0.0653565 1.08438e-14 0.934599 7.25323e-15 -0.00023229 0.00102629
18.8 0.0647062 1.02803e-14 0.935249 7.26845e-15 -0.000466638 0.000938193
18.9 0.0640623 9.97809e-15 0.935893 7.36268e-15 -0.000672609 0.000797734
19 0.0634249 9.74778e-15 0.93653 7.44651e-15 -0.000838785 0.000613298
19.1 0.0627938 1.07266e-14 0.937161 7.80687e-15 -0.000956096 0.000395691
19.2 0.062169 9.98705e-15 0.937786 7.7679e-15 -0.00101831 0.000157505
19.3 0.0615504 9.78711e-15 0.938405 7.92601e-15 -0.00102237 -8.76067e-05
19.4 0.060938 1.01811e-14 0.939017 8.12e-15 -0.000968525 -0.000325714
19.5 0.0603316 1.00895e-14 0.939624 8.16329e-15 -0.000860314 -0.000543399
19.6 0.0597313 1.00407e-14 0.940224 8.27427e-15 -0.000704266 -0.000728591
19.7 0.059137 9.82291e-15 0.940818 8.37286e-15 -0.000509687 -0.000870911
19.8 0.0585486 9.72723e-15 0.941407 8.49064e-15 -0.000287884 -0.000962753
19.9 0.057966 9.52517e-15 0.941989 8.59519e-15 -5.16387e-05 -0.000999338
20 0.0573892 9.42925e-15 0.942566 8.61267e-15 0.000185557 -0.000979057
