0 0 0 1 0 0 0
0.1 1.71713e-07 2.37825e-24 1 -2.68834e-24 4.82623e-05 -0.00041112
0.2 7.90737e-07 1.17131e-23 0.999999 -9.33482e-24 0.000195215 -0.00086548
0.3 2.03522e-06 3.83511e-21 0.999998 2.55576e-22 0.000448314 -0.00134861
0.4 4.11264e-06 6.57889e-20 0.999996 -2.79821e-19 0.000811465 -0.00184603
0.5 7.25855e-06 3.36433e-19 0.999993 -4.27518e-19 0.00128514 -0.00234422
0.6 1.1735e-05 8.08176e-19 0.999988 -6.58606e-19 0.00186673 -0.00283155
0.7 1.78291e-05 1.86914e-18 0.999982 -5.69922e-19 0.00255107 -0.003299
0.8 2.58535e-05 1.12959e-18 0.999974 -5.8892e-19 0.00333119 -0.0037409
0.9 3.61489e-05 -1.26513e-18 0.999964 1.9306e-18 0.00419908 -0.00415533
1 4.90924e-05 -2.56335e-18 0.99995 2.09475e-18 0.00514672 -0.00454442
1.1 6.51115e-05 -2.70884e-18 0.999934 1.13038e-19 0.00616691 -0.00491434
1.2 8.47071e-05 -4.16191e-18 0.999914 7.07981e-18 0.00725431 -0.00527515
1.3 0.000108488 -6.05903e-18 0.99989 1.17943e-17 0.0084062 -0.00564038
1.4 0.000137217 -4.03219e-18 0.99986 1.62865e-17 0.00962325 -0.00602641
1.5 0.000171872 -9.80985e-18 0.999826 1.52024e-17 0.0109101 -0.00645179
1.6 0.000213722 -1.02065e-17 0.999783 1.05676e-17 0.0122756 -0.00693629
1.7 0.00026442 2.89961e-18 0.999733 1.04323e-17 0.0137334 -0.00749975
1.8 0.000326633 8.2694e-18 0.99967 1.00527e-17 0.0153012 -0.00816146
1.9 0.000402774 3.32756e-17 0.999594 -5.30549e-18 0.0170006 -0.00893938
2 0.000496967 1.09337e-16 0.9995 -1.69143e-17 0.0188572 -0.00984896
2.1 0.00061342 1.81259e-16 0.999383 -1.06428e-17 0.020899 -0.0109026
2.2 0.00075747 2.0947e-16 0.999239 -6.2606e-17 0.0231564 -0.0121088
2.3 0.000935822 1.98726e-16 0.99906 -5.24099e-17 0.0256606 -0.013472
2.4 0.00115634 2.05475e-17 0.99884 -2.14024e-17 0.0284429 -0.0149925
2.5 0.00142815 -1.3152e-16 0.998568 1.34742e-17 0.0315337 -0.0166658
2.6 0.00176175 -1.00376e-16 0.998234 -3.9484e-17 0.0349613 -0.0184836
2.7 0.00216946 -1.04105e-16 0.997825 -2.27836e-17 0.0387522 -0.0204343
2.8 0.00266415 -2.14689e-16 0.997329 6.25061e-18 0.0429257 -0.0225011
2.9 0.00326037 -2.83356e-16 0.996731 1.67262e-16 0.0474997 -0.0246652
3 0.00397387 -3.8486e-16 0.996016 1.3693e-16 0.0524871 -0.0269054
3.1 0.00482187 -2.38168e-16 0.995167 9.52799e-17 0.0578931 -0.0291991
3.2 0.00582144 -1.94665e-16 0.994168 7.03382e-17 0.0637161 -0.0315217
3.3 0.00699087 4.8018e-17 0.992998 5.42971e-17 0.0699508 -0.0338508
3.4 0.00834831 6.70888e-17 0.991641 -2.42622e-16 0.0765849 -0.0361636
3.5 0.0099124 9.28574e-17 0.990076 -3.01625e-16 0.0836019 -0.0384385
3.6 0.0117016 -1.64696e-16 0.988287 -3.61824e-16 0.0909785 -0.0406531
3.7 0.013733 4.05398e-16 0.986255 -7.5295e-16 0.0986878 -0.0427877
3.8 0.0160232 1.46649e-16 0.983965 -8.49353e-16 0.106696 -0.0448228
3.9 0.0185866 -2.50941e-16 0.981402 -8.19212e-16 0.114967 -0.0467417
4 0.0214363 -2.58744e-16 0.978553 -3.01503e-16 0.123461 -0.0485285
4.1 0.0245826 -2.06411e-16 0.975407 4.09013e-17 0.132134 -0.0501671
4.2 0.028036 3.59098e-16 0.971953 4.03212e-17 0.14094 -0.0516438
4.3 0.0318005 1.19483e-15 0.968188 -1.21125e-15 0.149829 -0.0529442
4.4 0.0358763 -5.5193e-16 0.964113 1.98138e-16 0.158749 -0.0540556
4.5 0.0402606 -2.10186e-15 0.959728 9.4481e-16 0.167648 -0.054966
4.6 0.044945 -4.27445e-16 0.955043 2.66669e-17 0.176468 -0.0556648
4.7 0.0499192 -5.32746e-16 0.950069 4.6881e-16 0.185154 -0.0561419
4.8 0.0551649 2.16923e-15 0.944823 -2.34443e-15 0.193649 -0.0563925
4.9 0.0606601 2.85913e-15 0.939328 -2.65148e-15 0.201897 -0.0564085
5 0.0663792 3.32418e-15 0.933609 -2.40987e-15 0.209836 -0.056189
5.1 0.0722881 1.0914e-15 0.9277 -2.71106e-15 0.217414 -0.0557342
5.2 0.0783485 7.23921e-16 0.921639 -2.58141e-15 0.224579 -0.0550487
5.3 0.0845211 3.79999e-15 0.915465 -4.38548e-15 0.231281 -0.0541454
5.4 0.0907628 1.01635e-14 0.909223 -5.77759e-15 0.23748 -0.0530404
5.5 0.0970289 8.46594e-15 0.902956 -4.39824e-15 0.243137 -0.0517527
5.6 0.103274 7.45692e-16 0.896709 4.19203e-14 0.24823 -0.0503107
5.7 0.109461 -4.0862e-16 0.890522 1.52767e-14 0.252734 -0.0487469
5.8 0.11555 1.58409e-14 0.884432 -8.68636e-15 0.256638 -0.0470925
5.9 0.121505 4.68106e-14 0.878477 -3.55857e-14 0.25994 -0.0453801
6 0.127295 8.01107e-14 0.872685 -6.36324e-14 0.262639 -0.0436467
6.1 0.132895 6.77914e-14 0.867086 -4.64906e-14 0.264756 -0.0419218
6.2 0.138279 5.28445e-14 0.861702 -2.27018e-14 0.266338 -0.0402315
6.3 0.143441 6.25133e-14 0.856539 -3.9304e-14 0.267404 -0.038593
6.4 0.148369 7.80118e-14 0.85161 -5.27357e-14 0.267982 -0.0370205
6.5 0.153054 9.25809e-14 0.846924 -6.26613e-14 0.268109 -0.0355218
6.6 0.157491 8.22258e-14 0.842486 -5.41132e-14 0.26782 -0.0340958
6.7 0.161677 8.22098e-14 0.838299 -5.4528e-14 0.267154 -0.0327295
6.8 0.165605 8.74177e-14 0.83437 -5.81229e-14 0.266144 -0.0313983
6.9 0.169271 1.07558e-13 0.830703 -7.28742e-14 0.264805 -0.0300951
7 0.172668 1.03877e-13 0.827305 -7.09529e-14 0.263158 -0.0288012
7.1 0.17579 1.11801e-13 0.824181 -4.41378e-14 0.261215 -0.0274932
7.2 0.178611 1.13089e-13 0.82136 -6.91758e-14 0.258992 -0.0261551
7.3 0.181135 1.05143e-13 0.818835 -6.50357e-14 0.256476 -0.0247717
7.4 0.18335 9.50401e-14 0.816618 -5.13289e-14 0.253668 -0.0233385
7.5 0.185246 8.33487e-14 0.814721 -4.2511e-14 0.250554 -0.0218494
7.6 0.186812 6.986e-14 0.813155 -2.2234e-14 0.247137 -0.0203157
7.7 0.188047 6.29603e-14 0.811919 -1.69668e-14 0.243408 -0.0187506
7.8 0.188954 4.30876e-14 0.811011 4.10895e-15 0.239371 -0.0171641
7.9 0.189533 3.94158e-14 0.810432 3.42735e-15 0.235028 -0.0155871
8 0.1898 2.43083e-14 0.810164 1.86594e-14 0.230382 -0.0140339
8.1 0.189774 2.44558e-14 0.81019 2.17056e-14 0.225449 -0.0125199
8.2 0.18947 3.01844e-14 0.810493 1.18061e-14 0.220241 -0.011067
8.3 0.188915 3.11104e-14 0.811048 6.67457e-15 0.214784 -0.00968134
8.4 0.18813 4.20622e-14 0.811832 3.91138e-15 0.209095 -0.00837363
8.5 0.187142 4.29806e-14 0.812819 2.90227e-15 0.203202 -0.00715026
8.6 0.185975 4.90096e-14 0.813985 -1.78984e-15 0.197129 -0.00600655
8.7 0.18465 5.71437e-14 0.81531 -1.20366e-15 0.190902 -0.00494131
8.8 0.183191 7.17311e-14 0.816769 -1.51165e-14 0.184548 -0.00394167
8.9 0.181616 8.12392e-14 0.818343 -2.69182e-14 0.178085 -0.0030007
9 0.179943 9.64961e-14 0.820016 -4.55242e-14 0.171538 -0.00210957
9.1 0.178185 1.20085e-13 0.821773 -7.00055e-14 0.164923 -0.0012545
9.2 0.176359 1.20054e-13 0.823599 -7.05524e-14 0.158259 -0.000429043
9.3 0.174475 1.24669e-13 0.825482 -7.35178e-14 0.151559 0.000372242
9.4 0.172545 1.16927e-13 0.827412 -6.61411e-14 0.144839 0.00115572
9.5 0.17058 9.91228e-14 0.829377 -4.71774e-14 0.138109 0.00192067
9.6 0.168588 7.87369e-14 0.831367 -2.87318e-14 0.131385 0.00266585
9.7 0.166579 7.82608e-14 0.833376 -2.49125e-14 0.124676 0.00338532
9.8 0.164561 7.00328e-14 0.835395 -1.96522e-14 0.117998 0.00406907
9.9 0.162543 6.86903e-14 0.837412 -1.31689e-14 0.111367 0.00470597
10 0.160535 6.89275e-14 0.83942 -1.27289e-14 0.104804 0.00528517
10.1 0.158541 5.85765e-14 0.841414 9.42687e-16 0.0983253 0.00579294
10.2 0.156566 5.10742e-14 0.843388 8.60354e-15 0.0919541 0.00621443
10.3 0.154619 4.8997e-14 0.845336 9.32869e-15 0.0857158 0.00653849
10.4 0.152706 3.6284e-14 0.847249 2.2793e-14 0.0796362 0.00675524
10.5 0.150832 3.25344e-14 0.849123 3.02989e-14 0.0737406 0.00685908
10.6 0.149002 2.73374e-14 0.850952 3.34528e-14 0.0680548 0.00684738
10.7 0.147219 2.43058e-14 0.852735 3.92156e-14 0.0626018 0.00672231
10.8 0.145487 3.48209e-14 0.854468 3.29867e-14 0.0574081 0.00648752
10.9 0.143804 3.99266e-14 0.856151 2.824e-14 0.0524937 0.00615259
11 0.14217 4.58944e-14 0.857785 2.30671e-14 0.0478752 0.00572852
11.1 0.140583 4.91265e-14 0.859372 1.84035e-14 0.0435681 0.00523091
11.2 0.139041 5.14847e-14 0.860914 1.53307e-14 0.0395804 0.00468347
11.3 0.137541 4.97065e-14 0.862414 1.55013e-14 0.0359154 0.00410392
11.4 0.136078 5.1705e-14 0.863876 1.27059e-14 0.0325722 0.00351359
11.5 0.134653 5.17128e-14 0.865302 1.38226e-14 0.0295431 0.00293494
11.6 0.133259 5.06915e-14 0.866695 1.40595e-14 0.0268139 0.0023885
11.7 0.131894 5.13179e-14 0.868061 1.46441e-14 0.0243683 0.0018929
11.8 0.130552 5.05609e-14 0.869402 1.57564e-14 0.022184 0.00146463
11.9 0.129232 5.01535e-14 0.870723 1.59227e-14 0.020232 0.00111663
12 0.12793 4.90612e-14 0.872024 1.66819e-14 0.0184865 0.000856177
12.1 0.126646 4.74443e-14 0.873309 1.82148e-14 0.0169184 0.00068611
12.2 0.125376 4.52746e-14 0.874578 2.01516e-14 0.0154982 0.000604526
12.3 0.124121 4.37086e-14 0.875834 2.17726e-14 0.0141978 0.000605997
12.4 0.122878 4.25089e-14 0.877075 2.23998e-14 0.0129923 0.000680301
12.5 0.121649 4.14861e-14 0.878305 2.37612e-14 0.0118578 0.000813831
12.6 0.120432 3.98658e-14 0.879522 2.48594e-14 0.0107766 0.000989918
12.7 0.119228 3.8486e-14 0.880726 2.67246e-14 0.00973251 0.00119026
12.8 0.118036 3.83057e-14 0.881918 2.64297e-14 0.00871572 0.00139555
12.9 0.116856 3.7714e-14 0.883098 2.68238e-14 0.00772149 0.0015871
13 0.115687 3.7261e-14 0.884267 2.70257e-14 0.00675024 0.00174714
13.1 0.114531 3.73004e-14 0.885423 2.75547e-14 0.00580613 0.0018614
13.2 0.113387 3.73765e-14 0.886568 2.80458e-14 0.00489765 0.00191894
13.3 0.112254 3.72783e-14 0.887701 2.85413e-14 0.00403233 0.00191207
13.4 0.111133 3.57162e-14 0.888821 2.88021e-14 0.00322266 0.00183749
13.5 0.110024 3.50394e-14 0.889931 2.90396e-14 0.00248006 0.0016944
13.6 0.108926 3.5204e-14 0.891028 2.91961e-14 0.00181736 0.0014875
13.7 0.10784 3.5096e-14 0.892115 2.9182e-14 0.00124401 0.00122573
13.8 0.106765 3.56178e-14 0.89319 2.91288e-14 0.000769128 0.000920972
13.9 0.105701 3.33644e-14 0.894253 2.90284e-14 0.000397493 0.000587736
14 0.104648 3.36596e-14 0.895306 2.96532e-14 0.000130979 0.00024238
14.1 0.103606 3.3216e-14 0.896348 3.01776e-14 -3.2055e-05 -9.80834e-05
14.2 0.102575 3.27799e-14 0.89738 3.0665e-14 -9.76596e-05 -0.000415562
14.3 0.101554 3.28687e-14 0.898401 3.11134e-14 -7.61468e-05 -0.000694852
14.4 0.100542 3.25599e-14 0.899412 3.14241e-14 2.02579e-05 -0.00092361
14.5 0.0995418 3.23104e-14 0.900413 3.1717e-14 0.000176358 -0.00108868
14.6 0.0985511 3.1907e-14 0.901403 3.20424e-14 0.000373479 -0.00118227
14.7 0.0975708 3.15552e-14 0.902383 3.23929e-14 0.000593307 -0.00120175
14.8 0.0965999 3.11813e-14 0.903354 3.27565e-14 0.000816624 -0.00114727
14.9 0.0956387 3.08288e-14 0.904315 3.31037e-14 0.00102527 -0.00102322
15 0.0946872 3.05235e-14 0.905267 3.34311e-14 0.00120252 -0.000838566
15.1 0.093745 3.02105e-14 0.906209 3.37461e-14 0.00133483 -0.000604371
15.2 0.0928123 2.9897e-14 0.907142 3.40606e-14 0.00141132 -0.000335012
15.3 0.0918888 2.96007e-14 0.908065 3.43624e-14 0.00142505 -4.62991e-05
15.4 0.0909745 2.98783e-14 0.908979 3.47878e-14 0.00137313 0.000244773
15.5 0.0900693 2.85928e-14 0.909885 3.48808e-14 0.00125684 0.000521431
15.6 0.0891731 2.85557e-14 0.910781 3.52323e-14 0.00108127 0.000767615
15.7 0.0882859 2.83568e-14 0.911668 3.55296e-14 0.000855405 0.000970284
15.8 0.0874074 2.83844e-14 0.912546 3.58553e-14 0.000590713 0.00111772
15.9 0.086538 2.8082e-14 0.913416 3.61274e-14 0.000301217 0.00120187
16 0.085677 2.72774e-14 0.914277 3.63882e-14 2.41204e-06 0.00121836
16.1 0.0848246 2.63873e-14 0.915129 3.6539e-14 -0.000289652 0.00116667
16.2 0.0839806 2.68287e-14 0.915973 3.68363e-14 -0.000559301 0.00105017
16.3 0.0831451 2.63962e-14 0.916808 3.70823e-14 -0.000792136 0.000875856
16.4 0.0823177 2.71342e-14 0.917635 3.73838e-14 -0.000975851 0.00065394
16.5 0.0814985 2.76783e-14 0.918455 3.77876e-14 -0.00110092 0.000397255
16.6 0.0806874 2.46472e-14 0.919266 3.76373e-14 -0.00116115 0.000120497
16.7 0.0798844 2.48495e-14 0.920069 3.79857e-14 -0.00115396 -0.000160618
16.8 0.0790896 2.41103e-14 0.920864 3.81824e-14 -0.00108057 -0.000430244
16.9 0.0783026 2.68468e-14 0.921651 3.87616e-14 -0.000945855 -0.000673307
17 0.0775235 2.41269e-14 0.92243 3.87815e-14 -0.000758086 -0.000876346
17.1 0.0767521 2.56724e-14 0.923201 3.91187e-14 -0.000528423 -0.00102826
17.2 0.0759884 2.37557e-14 0.923965 3.92044e-14 -0.000270271 -0.00112092
17.3 0.0752323 2.38288e-14 0.924721 3.94793e-14 1.48832e-06 -0.00114959
17.4 0.0744838 2.23034e-14 0.92547 3.9676e-14 0.000271481 -0.0011134
17.5 0.0737426 2.41215e-14 0.926211 4.00147e-14 0.000524218 -0.0010145
17.6 0.0730089 2.3122e-14 0.926945 4.02381e-14 0.000745622 -0.000859179
17.7 0.0722824 2.25417e-14 0.927671 4.03353e-14 0.000923419 -0.000656654
17.8 0.0715632 2.35923e-14 0.92839 4.08005e-14 0.0010479 -0.000418729
17.9 0.0708511 2.19559e-14 0.929102 4.0829e-14 0.00111245 -0.000159105
18 0.0701462 2.32517e-14 0.929807 4.13117e-14 0.00111388 0.000107405
18.1 0.0694482 2.16643e-14 0.930505 4.13065e-14 0.00105261 0.00036572
18.2 0.0687572 2.23408e-14 0.931196 4.16013e-14 0.000932566 0.00060143
18.3 0.068073 2.2428e-14 0.93188 4.19404e-14 0.000760971 0.000801327
18.4 0.0673957 2.0976e-14 0.932558 4.19269e-14 0.000547904 0.000954437
18.5 0.0667251 2.13525e-14 0.933228 4.22701e-14 0.000305702 0.00105251
18.6 0.0660612 2.06235e-14 0.933892 4.23958e-14 4.8248e-05 0.00109046
18.7 0.0654039 2.13554e-14 0.93455 4.27704e-14 -0.000209829 0.00106664
18.8 0.0647531 2.08801e-14 0.9352 4.28844e-14 -0.000453981 0.000982895
18.9 0.0641088 2.06188e-14 0.935845 4.31177e-14 -0.000670562 0.000844423
19 0.0634709 2.06252e-14 0.936483 4.33842e-14 -0.00084759 0.000659474
19.1 0.0628393 1.96407e-14 0.937114 4.34577e-14 -0.000975409 0.000438848
19.2 0.0622141 1.99476e-14 0.937739 4.3736e-14 -0.00104721 0.000195268
19.3 0.061595 1.95142e-14 0.938358 4.38904e-14 -0.00105941 -5.73495e-05
19.4 0.0609821 1.94418e-14 0.938971 4.4106e-14 -0.00101179 -0.000304695
19.5 0.0603754 1.93478e-14 0.939578 4.43182e-14 -0.000907521 -0.000532868
19.6 0.0597746 1.96721e-14 0.940179 4.4558e-14 -0.000752897 -0.000729244
19.7 0.0591799 1.86526e-14 0.940774 4.458e-14 -0.000557111 -0.000882842
19.8 0.058591 1.87296e-14 0.941362 4.47201e-14 -0.000331505 -0.000985438
19.9 0.058008 1.78907e-14 0.941945 4.47501e-14 -8.9035e-05 -0.00103166
20 0.0574308 1.77922e-14 0.942523 4.49502e-14 0.000156495 -0.00101937
