0 0 0 1 0 0 0
0.1 1.71713e-07 2.37825e-24 1 -2.68834e-24 4.82631e-05 -0.000411156
0.2 7.90772e-07 2.10715e-23 0.999999 2.36648e-26 0.000195238 -0.000865664
0.3 2.03546e-06 -3.79255e-20 0.999998 -1.39137e-22 0.000448432 -0.00134912
0.4 4.11353e-06 2.08619e-19 0.999996 4.622e-20 0.000811827 -0.00184711
0.5 7.26105e-06 -5.52321e-19 0.999993 -8.13563e-20 0.001286 -0.00234616
0.6 1.17408e-05 -5.12818e-19 0.999988 -6.37804e-19 0.00186846 -0.00283461
0.7 1.78411e-05 3.08739e-19 0.999982 -1.48817e-18 0.00255416 -0.00330345
0.8 2.58759e-05 1.75595e-19 0.999974 -3.15048e-18 0.00333625 -0.00374691
0.9 3.61877e-05 -9.52494e-20 0.999963 -2.67894e-18 0.00420686 -0.004163
1 4.91552e-05 -1.16452e-18 0.99995 -3.54408e-19 0.005158 -0.00455368
1.1 6.52075e-05 -8.83168e-18 0.999934 5.47654e-18 0.00618255 -0.00492499
1.2 8.48468e-05 -9.33461e-18 0.999914 3.35234e-18 0.00727516 -0.00528681
1.3 0.000108682 -1.84406e-17 0.999889 5.63534e-18 0.00843306 -0.0056525
1.4 0.000137474 -2.46527e-17 0.99986 9.57536e-18 0.00965684 -0.00603829
1.5 0.000172197 -3.04309e-17 0.999825 1.52151e-17 0.010951 -0.0064626
1.6 0.000214115 -2.93497e-17 0.999783 5.07679e-18 0.0123242 -0.00694512
1.7 0.000264871 -2.50514e-17 0.999732 2.28059e-17 0.01379 -0.00750566
1.8 0.000326892 -6.11725e-17 0.99967 3.03635e-17 0.0153657 -0.00816357
1.9 0.000403025 -4.58307e-17 0.999594 2.56336e-17 0.017073 -0.00893683
2 0.000497018 -6.63012e-17 0.9995 2.03551e-17 0.018937 -0.00984109
2.1 0.000613053 3.00244e-18 0.999383 2.03707e-17 0.0209858 -0.0108889
2.2 0.00075683 -1.88658e-17 0.999239 1.50442e-17 0.0232495 -0.0120892
2.3 0.000935173 -4.75185e-17 0.999061 3.90493e-17 0.0257595 -0.0134466
2.4 0.00115552 -4.13704e-17 0.998841 3.1066e-17 0.0285473 -0.0149616
2.5 0.00142684 -1.70823e-17 0.998569 7.38302e-17 0.0316432 -0.0166302
2.6 0.00175982 -2.43915e-17 0.998236 4.57033e-17 0.0350758 -0.0184443
2.7 0.00216641 8.18058e-17 0.997828 -7.94078e-17 0.0388719 -0.0203925
2.8 0.00266011 1.73244e-16 0.997333 -5.86906e-17 0.0430515 -0.0224584
2.9 0.00325514 3.10596e-16 0.996736 1.30149e-16 0.0476326 -0.0246231
3 0.00396732 2.32383e-16 0.996023 9.45238e-17 0.0526288 -0.0268655
3.1 0.00481337 3.15414e-16 0.995176 1.00753e-16 0.0580457 -0.0291629
3.2 0.00581115 3.55778e-16 0.994178 3.51039e-16 0.0638824 -0.0314903
3.3 0.00697885 8.61561e-16 0.99301 4.11808e-16 0.070134 -0.033825
3.4 0.0083341 5.55518e-15 0.991654 4.94975e-15 0.0767888 -0.0361437
3.5 0.00989679 2.85703e-15 0.990091 3.83782e-15 0.0838301 -0.038424
3.6 0.0116843 2.22317e-15 0.988303 4.12763e-15 0.0912345 -0.0406432
3.7 0.013714 1.44142e-15 0.986273 3.79677e-15 0.0989745 -0.0427811
3.8 0.0160021 6.76156e-16 0.983985 4.20263e-15 0.107016 -0.0448178
3.9 0.0185633 -3.43588e-16 0.981424 4.33137e-15 0.115324 -0.046736
4 0.0214103 -5.67906e-16 0.978577 4.84604e-15 0.123857 -0.0485185
4.1 0.0245538 -4.67583e-16 0.975434 5.9059e-15 0.132571 -0.0501496
4.2 0.0280026 8.26518e-16 0.971985 5.35933e-15 0.14142 -0.051615
4.3 0.0317597 1.66926e-15 0.968228 4.16339e-15 0.150352 -0.0529006
4.4 0.0358269 5.02644e-15 0.96416 1.78477e-15 0.159315 -0.053994
4.5 0.0401995 8.98651e-15 0.959788 -2.72028e-15 0.168255 -0.0548839
4.6 0.0448729 7.17898e-15 0.955114 -1.58126e-15 0.177115 -0.0555604
4.7 0.0498329 8.29904e-15 0.950154 -2.23379e-15 0.185838 -0.0560142
4.8 0.0550633 -2.76454e-15 0.944924 8.68207e-15 0.194365 -0.0562397
4.9 0.0605356 6.16104e-15 0.939451 -5.88248e-16 0.202641 -0.0562342
5 0.066231 7.51932e-15 0.933756 -1.51718e-15 0.210607 -0.0559992
5.1 0.0721126 7.83691e-15 0.927874 -1.40651e-15 0.218209 -0.0555355
5.2 0.0781408 7.79812e-15 0.921845 -4.03896e-15 0.225395 -0.0548453
5.3 0.0842805 1.30278e-14 0.915705 -1.23775e-14 0.232121 -0.0539442
5.4 0.0904881 2.05117e-14 0.909496 -2.08416e-14 0.238348 -0.0528473
5.5 0.0967203 2.036e-14 0.903264 -2.30005e-14 0.244036 -0.0515767
5.6 0.102937 1.24583e-14 0.897046 -1.61682e-14 0.249166 -0.0501588
5.7 0.109097 1.16452e-14 0.890885 -1.51696e-14 0.253715 -0.048625
5.8 0.115161 1.04812e-14 0.884821 -1.52096e-14 0.257673 -0.0470035
5.9 0.121092 1.37482e-14 0.87889 -1.67852e-14 0.261038 -0.0453281
6 0.126863 9.11537e-15 0.873118 -1.56556e-14 0.263809 -0.0436277
6.1 0.132445 6.36058e-15 0.867536 -1.34091e-14 0.266024 -0.0419293
6.2 0.137821 1.45529e-14 0.86216 -1.66509e-14 0.267692 -0.0402622
6.3 0.142974 7.71836e-15 0.857005 -1.30021e-14 0.268856 -0.0386392
6.4 0.147892 -9.14558e-17 0.852086 -7.08769e-15 0.269541 -0.0370759
6.5 0.152567 -1.09767e-14 0.847412 -1.17328e-15 0.269784 -0.0355744
6.6 0.156992 -1.49902e-14 0.842986 4.16769e-15 0.269616 -0.0341365
6.7 0.161161 -1.61324e-14 0.838816 2.1769e-15 0.269073 -0.0327403
6.8 0.165069 -1.59593e-14 0.834907 4.99258e-15 0.268177 -0.0313802
6.9 0.168708 -1.80821e-14 0.831266 8.47572e-15 0.266952 -0.0300374
7 0.172071 -1.69551e-14 0.827901 1.00541e-14 0.265417 -0.0286917
7.1 0.175132 -2.06341e-14 0.82484 1.35486e-14 0.263588 -0.0273291
7.2 0.177904 -2.11197e-14 0.822067 5.98568e-15 0.261459 -0.0259323
7.3 0.180363 -2.0318e-14 0.819605 4.60809e-15 0.259032 -0.0244935
7.4 0.182502 -2.22102e-14 0.817466 6.89728e-15 0.256295 -0.0230007
7.5 0.184311 -1.35461e-14 0.815656 5.63866e-15 0.253248 -0.0214622
7.6 0.18578 -1.24938e-14 0.814186 6.08099e-15 0.249894 -0.0198868
7.7 0.186913 -5.73294e-15 0.813053 1.75225e-15 0.246225 -0.0182902
7.8 0.187714 -3.54459e-15 0.81225 -2.28082e-15 0.242238 -0.0166856
7.9 0.188191 -2.61658e-15 0.811772 -9.21901e-15 0.237938 -0.0150936
8 0.188356 -1.93376e-15 0.811607 -1.01158e-14 0.23333 -0.013531
8.1 0.188229 -1.03891e-16 0.811733 -1.3216e-14 0.228431 -0.012016
8.2 0.187831 5.70692e-16 0.81213 -1.27506e-14 0.223253 -0.010565
8.3 0.187185 -3.93909e-15 0.812776 -1.53111e-14 0.217814 -0.00919
8.4 0.186315 -3.62647e-15 0.813646 -1.38164e-14 0.212138 -0.00789541
8.5 0.185247 -5.3409e-15 0.814713 -9.45352e-15 0.206247 -0.00668525
8.6 0.184006 -5.5791e-15 0.815954 -1.02893e-14 0.200166 -0.00556031
8.7 0.182615 -5.62158e-15 0.817344 -7.37435e-15 0.193919 -0.00451337
8.8 0.181094 -7.37936e-15 0.818864 -6.35539e-15 0.187533 -0.00353697
8.9 0.179466 -1.00114e-14 0.820492 -2.3791e-15 0.18103 -0.00262007
9 0.177746 -1.26272e-14 0.822212 -8.36453e-16 0.174426 -0.00175467
9.1 0.175949 -1.07137e-14 0.824008 3.69931e-15 0.167743 -0.00092878
9.2 0.174089 -1.42545e-14 0.825868 4.97422e-15 0.160997 -0.000135083
9.3 0.172178 -1.71455e-14 0.827778 5.76577e-15 0.154205 0.000633237
9.4 0.170227 -1.92995e-14 0.829729 7.22148e-15 0.14738 0.00137826
9.5 0.168244 -1.90003e-14 0.83171 6.70295e-15 0.14054 0.00210108
9.6 0.166241 -1.94571e-14 0.833713 9.75594e-15 0.133696 0.0027987
9.7 0.164227 -2.21847e-14 0.835727 6.4759e-15 0.126867 0.00346598
9.8 0.162208 -2.18044e-14 0.837745 4.31944e-15 0.120065 0.00409385
9.9 0.160195 -2.06111e-14 0.839758 -3.34664e-15 0.11331 0.00467221
10 0.158195 -2.26808e-14 0.841758 -5.00842e-15 0.106618 0.00518996
10.1 0.156218 -1.9418e-14 0.843735 -7.30283e-15 0.100015 0.00563387
10.2 0.154266 -1.76591e-14 0.845686 -8.20087e-15 0.0935241 0.00599171
10.3 0.152348 -1.72979e-14 0.847605 -1.06513e-14 0.0871731 0.00625183
10.4 0.150466 -1.62562e-14 0.849486 -1.20731e-14 0.0809876 0.00640835
10.5 0.148627 -1.42245e-14 0.851326 -9.93097e-15 0.074995 0.00645272
10.6 0.146833 -1.31142e-14 0.853119 -9.99937e-15 0.0692239 0.00638602
10.7 0.145088 -1.22953e-14 0.854864 -1.0759e-14 0.0636976 0.00621056
10.8 0.143393 -1.27076e-14 0.856559 -7.75815e-15 0.058439 0.00593416
10.9 0.141748 -1.25798e-14 0.858205 -7.51582e-15 0.0534675 0.00556429
11 0.14015 -1.53052e-14 0.859802 -5.56554e-15 0.048797 0.00511064
11.1 0.138598 -1.44145e-14 0.861354 -5.48918e-15 0.0444509 0.00459559
11.2 0.13709 -1.49077e-14 0.862861 -4.0973e-15 0.040429 0.00403746
11.3 0.135623 -1.66851e-14 0.864328 -4.5069e-15 0.0367347 0.00345525
11.4 0.134193 -1.49824e-14 0.865758 -6.53469e-15 0.0333663 0.00287049
11.5 0.132796 -1.49814e-14 0.867155 -5.62003e-15 0.0303149 0.00230618
11.6 0.13143 -1.53216e-14 0.86852 -5.89289e-15 0.0275656 0.00178193
11.7 0.130092 -1.61997e-14 0.869859 -5.14006e-15 0.0251022 0.00131313
11.8 0.128776 -1.61094e-14 0.871175 -5.61702e-15 0.0228967 0.00092057
11.9 0.127479 -1.598e-14 0.872472 -5.73256e-15 0.020923 0.000612656
12 0.126199 -1.59431e-14 0.873751 -6.22399e-15 0.0191526 0.000395137
12.1 0.124936 -1.55918e-14 0.875015 -8.39368e-15 0.0175572 0.000269654
12.2 0.123686 -1.9432e-14 0.876264 -3.89088e-15 0.0161075 0.00023377
12.3 0.12245 -2.06404e-14 0.8775 -7.2596e-16 0.014775 0.000280052
12.4 0.121227 -2.03407e-14 0.878723 5.96706e-17 0.0135344 0.000397812
12.5 0.120016 -1.86207e-14 0.879934 -6.25162e-17 0.0123631 0.00057225
12.6 0.118816 -1.72566e-14 0.881134 8.08915e-16 0.0112421 0.000785637
12.7 0.117627 -1.34653e-14 0.882323 -3.60678e-15 0.0101579 0.00102028
12.8 0.116452 -1.32968e-14 0.883499 -3.41198e-15 0.00910093 0.00125603
12.9 0.115288 -1.32738e-14 0.884663 -4.22584e-15 0.00806689 0.00147356
13 0.114135 -1.31085e-14 0.885815 -4.46296e-15 0.00705608 0.00165498
13.1 0.112995 -1.31681e-14 0.886955 -4.78539e-15 0.00607361 0.001787
13.2 0.111866 -1.28663e-14 0.888084 -4.84731e-15 0.00512731 0.00185867
13.3 0.110749 -1.25963e-14 0.889201 -4.99467e-15 0.00422726 0.00186162
13.4 0.109643 -1.42753e-14 0.890307 -5.45756e-15 0.00338479 0.00179263
13.5 0.108549 -1.45862e-14 0.891402 -5.71115e-15 0.00261363 0.00165282
13.6 0.107466 -1.46106e-14 0.892485 -5.73302e-15 0.0019254 0.0014456
13.7 0.106394 -1.53635e-14 0.893556 -5.95486e-15 0.00133029 0.00118149
13.8 0.105334 -1.60692e-14 0.894616 -6.32051e-15 0.000837469 0.000872159
13.9 0.104285 -1.51585e-14 0.895666 -6.37406e-15 0.000451207 0.000533392
14 0.103246 -1.32952e-14 0.896704 -6.41013e-15 0.000174249 0.000181942
14.1 0.102219 -1.39978e-14 0.897732 -6.37781e-15 3.811e-06 -0.000164597
14.2 0.101201 -1.41851e-14 0.89875 -6.75326e-15 -6.6165e-05 -0.000488379
14.3 0.100194 -1.40043e-14 0.899757 -6.73823e-15 -4.54419e-05 -0.000773527
14.4 0.0991963 -1.38871e-14 0.900754 -6.80881e-15 5.29243e-05 -0.00100533
14.5 0.098209 -1.38304e-14 0.901741 -6.98208e-15 0.000213877 -0.00117271
14.6 0.0972315 -1.36601e-14 0.902718 -7.09006e-15 0.000416822 -0.00126683
14.7 0.0962638 -1.36176e-14 0.903686 -7.21886e-15 0.000643926 -0.00128453
14.8 0.0953058 -1.35272e-14 0.904644 -7.37357e-15 0.00087612 -0.00122621
14.9 0.0943575 -1.339e-14 0.905592 -7.5181e-15 0.00109303 -0.00109558
15 0.0934188 -1.31996e-14 0.906531 -7.63414e-15 0.00127824 -0.0009014
15.1 0.0924892 -1.30533e-14 0.90746 -7.75984e-15 0.00141705 -0.00065582
15.2 0.091569 -1.2984e-14 0.908381 -7.89565e-15 0.00149852 -0.000372934
15.3 0.0906579 -1.28626e-14 0.909292 -8.03699e-15 0.00151503 -6.94265e-05
15.4 0.0897559 -1.29887e-14 0.910194 -8.2354e-15 0.00146338 0.000237493
15.5 0.0888628 -1.2727e-14 0.911087 -8.33277e-15 0.00134443 0.000530547
15.6 0.0879786 -1.24884e-14 0.911971 -8.43593e-15 0.00116319 0.000793138
15.7 0.0871032 -1.31934e-14 0.912846 -8.81823e-15 0.000928438 0.00101066
15.8 0.0862364 -1.29961e-14 0.913713 -8.8915e-15 0.000652103 0.00117116
15.9 0.0853787 -1.28378e-14 0.914571 -9.0082e-15 0.000348696 0.00126604
16 0.0845292 -1.25812e-14 0.91542 -9.15776e-15 3.3987e-05 0.00129063
16.1 0.0836882 -1.25319e-14 0.916261 -9.2548e-15 -0.000275396 0.00124375
16.2 0.0828557 -1.29292e-14 0.917093 -9.48097e-15 -0.000563087 0.00112843
16.3 0.0820312 -1.26891e-14 0.917918 -9.63341e-15 -0.00081392 0.000951509
16.4 0.0812153 -1.34265e-14 0.918734 -9.85902e-15 -0.00101478 0.000723196
16.5 0.0804068 -1.25761e-14 0.919542 -9.93538e-15 -0.00115533 0.00045651
16.6 0.0796064 -1.80848e-14 0.920342 -1.13031e-14 -0.0012286 0.000166517
16.7 0.0788144 -1.23041e-14 0.921135 -1.01505e-14 -0.00123133 -0.000130523
16.8 0.0780301 -1.24258e-14 0.921919 -1.0373e-14 -0.00116415 -0.000418067
16.9 0.0772537 -1.29437e-14 0.922695 -1.05454e-14 -0.00103154 -0.000680211
17 0.076485 -1.35256e-14 0.923464 -1.07504e-14 -0.000841533 -0.000902573
17.1 0.075724 -1.23576e-14 0.924225 -1.05975e-14 -0.00060528 -0.00107308
17.2 0.0749705 -1.23133e-14 0.924978 -1.08903e-14 -0.000336384 -0.00118264
17.3 0.0742246 -1.04067e-14 0.925724 -1.07205e-14 -5.01503e-05 -0.00122559
17.4 0.073486 -1.13287e-14 0.926463 -1.10395e-14 0.000237417 -0.00120024
17.5 0.0727548 -1.16612e-14 0.927194 -1.10635e-14 0.000510022 -0.00110807
17.6 0.0720309 -1.1361e-14 0.927918 -1.11264e-14 0.000752627 -0.000954887
17.7 0.0713142 -1.11696e-14 0.928635 -1.11809e-14 0.000951894 -0.00074965
17.8 0.0706046 -1.19553e-14 0.929344 -1.13074e-14 0.001097 -0.000504149
17.9 0.0699021 -1.08763e-14 0.930047 -1.13915e-14 0.00118022 -0.000232329
18 0.0692065 -1.10593e-14 0.930743 -1.14598e-14 0.00119734 5.05007e-05
18.1 0.0685179 -9.97118e-15 0.931431 -1.14821e-14 0.00114785 0.000328529
18.2 0.0678361 -9.6349e-15 0.932113 -1.15967e-14 0.00103494 0.000586407
18.3 0.0671612 -1.0114e-14 0.932788 -1.17732e-14 0.000865315 0.000809831
18.4 0.0664929 -1.02619e-14 0.933456 -1.18825e-14 0.000648806 0.000986621
18.5 0.0658313 -1.08782e-14 0.934118 -1.20494e-14 0.00039778 0.00110727
18.6 0.0651763 -9.79816e-15 0.934773 -1.20344e-14 0.000126435 0.00116548
18.7 0.0645277 -1.01432e-14 0.935421 -1.22679e-14 -0.000149998 0.00115845
18.8 0.0638857 -1.04971e-14 0.936063 -1.24212e-14 -0.00041611 0.00108703
18.9 0.06325 -9.27192e-15 0.936699 -1.22985e-14 -0.000657178 0.000955657
19 0.0626207 -9.7562e-15 0.937328 -1.25061e-14 -0.000859974 0.000772057
19.1 0.0619976 -9.65079e-15 0.937951 -1.2592e-14 -0.00101349 0.000546816
19.2 0.0613807 -9.61367e-15 0.938568 -1.26766e-14 -0.00110954 0.000292756
19.3 0.0607699 -9.68829e-15 0.939179 -1.28187e-14 -0.00114319 2.42136e-05
19.4 0.0601653 -8.84555e-15 0.939784 -1.27366e-14 -0.00111302 -0.000243773
19.5 0.0595666 -8.61175e-15 0.940382 -1.28538e-14 -0.00102114 -0.000496302
19.6 0.0589739 -9.25747e-15 0.940975 -1.30373e-14 -0.000873119 -0.000719436
19.7 0.0583871 -8.43226e-15 0.941562 -1.29096e-14 -0.000677579 -0.000900972
19.8 0.0578061 -8.98981e-15 0.942143 -1.31933e-14 -0.000445657 -0.00103116
19.9 0.057231 -8.22425e-15 0.942718 -1.31609e-14 -0.000190654 -0.001103
20 0.0566615 -8.66278e-15 0.943288 -1.3338e-14 7.31478e-05 -0.00111298
