0 0 0 1 0 0 0
0.1 1.71713e-07 2.37825e-24 1 -2.68834e-24 4.82624e-05 -0.000411091
0.2 7.90709e-07 1.17131e-23 0.999999 2.36648e-26 0.000195203 -0.000865333
0.3 2.03503e-06 -2.51957e-22 0.999998 -1.51266e-22 0.000448249 -0.00134819
0.4 4.11192e-06 -1.38894e-19 0.999996 2.02146e-20 0.000811253 -0.00184515
0.5 7.2565e-06 -7.5029e-19 0.999993 -1.36349e-19 0.00128463 -0.00234264
0.6 1.17301e-05 9.7382e-19 0.999988 8.19791e-19 0.00186568 -0.002829
0.7 1.7819e-05 3.65761e-19 0.999982 -5.65318e-19 0.00254918 -0.00329524
0.8 2.58343e-05 -2.19454e-19 0.999974 -8.47123e-20 0.00332805 -0.0037357
0.9 3.61152e-05 2.52553e-18 0.999964 -3.64251e-18 0.00419424 -0.00414853
1 4.90368e-05 3.62685e-18 0.99995 -1.40669e-18 0.00513964 -0.0045359
1.1 6.50244e-05 9.69229e-18 0.999934 -7.46173e-18 0.00615705 -0.00490409
1.2 8.45771e-05 1.00663e-17 0.999914 -4.2208e-18 0.00724108 -0.00526325
1.3 0.000108302 1.81875e-17 0.99989 -4.58459e-18 0.00838905 -0.00562699
1.4 0.000136959 1.16542e-17 0.999861 -2.46805e-18 0.00960167 -0.0060118
1.5 0.000171528 8.35019e-18 0.999826 -6.33877e-18 0.0108836 -0.00643627
1.6 0.000213278 -6.06267e-18 0.999784 2.4231e-18 0.0122439 -0.00692023
1.7 0.000263865 -9.52384e-18 0.999733 5.65733e-18 0.0136963 -0.00748354
1.8 0.000325993 6.60444e-18 0.999671 3.29548e-18 0.0152584 -0.00814546
1.9 0.000402063 -1.28078e-17 0.999595 -1.43462e-17 0.0169523 -0.00892387
2 0.000496213 5.06426e-18 0.9995 -2.07192e-17 0.0188032 -0.00983414
2.1 0.000612651 4.00317e-17 0.999384 -2.75264e-17 0.0208396 -0.0108885
2.2 0.000756721 1.31879e-16 0.99924 -4.13406e-17 0.0230916 -0.0120954
2.3 0.000935129 1.14052e-16 0.999061 -1.07362e-16 0.0255905 -0.013459
2.4 0.00115569 1.60239e-16 0.99884 -6.07186e-17 0.0283677 -0.0149793
2.5 0.0014276 1.3596e-16 0.998568 -6.72814e-17 0.0314533 -0.0166519
2.6 0.00176133 8.66159e-17 0.998235 -7.20003e-17 0.0348754 -0.0184681
2.7 0.00216882 7.7499e-17 0.997826 -8.22489e-17 0.0386604 -0.0204163
2.8 0.00266329 1.25678e-16 0.99733 -1.23379e-16 0.0428274 -0.0224795
2.9 0.00325936 -8.83053e-17 0.996732 -1.27197e-16 0.047394 -0.0246387
3 0.00397265 1.91985e-18 0.996018 -3.03216e-16 0.0523728 -0.0268729
3.1 0.00481985 7.31209e-17 0.995169 -4.2855e-16 0.0577688 -0.0291597
3.2 0.00581843 8.6215e-17 0.994171 -3.76924e-16 0.06358 -0.0314743
3.3 0.00698666 1.09569e-17 0.993002 -4.61623e-16 0.0698008 -0.0337948
3.4 0.00834271 3.18384e-16 0.991646 -2.43001e-16 0.0764194 -0.0360982
3.5 0.00990494 9.07252e-17 0.990084 -1.8661e-16 0.0834184 -0.0383632
3.6 0.0116915 2.02794e-16 0.988297 -1.52799e-16 0.090775 -0.0405686
3.7 0.01372 5.0298e-16 0.986268 -6.48484e-18 0.0984619 -0.042694
3.8 0.0160065 -4.9499e-16 0.983982 4.03845e-16 0.106446 -0.0447207
3.9 0.0185659 -1.02195e-15 0.981423 3.06087e-16 0.114691 -0.0466321
4 0.0214111 -1.08426e-15 0.978578 2.36899e-17 0.123157 -0.0484122
4.1 0.024553 -1.26746e-15 0.975436 -3.29285e-16 0.131801 -0.0500462
4.2 0.0280014 -9.69507e-16 0.971987 -3.49496e-16 0.140577 -0.0515201
4.3 0.03176 -2.17446e-15 0.968229 7.11601e-16 0.149437 -0.0528192
4.4 0.0358316 -1.11004e-15 0.964157 -5.27229e-16 0.158328 -0.0539307
4.5 0.0402107 -8.46381e-16 0.959778 -7.50449e-16 0.167198 -0.0548423
4.6 0.0448913 3.39182e-16 0.955097 -1.84783e-15 0.17599 -0.0555429
4.7 0.0498596 1.64794e-15 0.950128 -3.71086e-15 0.184649 -0.0560234
4.8 0.0551001 1.09941e-14 0.944888 -1.3211e-14 0.19312 -0.0562774
4.9 0.0605901 1.48879e-14 0.939398 -1.81593e-14 0.201344 -0.0562968
5 0.0663047 1.09837e-14 0.933683 -1.2847e-14 0.209266 -0.0560755
5.1 0.0722092 5.95594e-15 0.927778 -7.39411e-15 0.216827 -0.0556166
5.2 0.0782652 3.75802e-15 0.921722 -7.57512e-15 0.223974 -0.0549258
5.3 0.0844336 2.43631e-15 0.915553 -4.65139e-15 0.23066 -0.0540144
5.4 0.0906708 -7.65942e-16 0.909315 -2.57219e-15 0.23684 -0.0528969
5.5 0.0969329 -1.97315e-15 0.903052 -2.546e-15 0.242479 -0.051605
5.6 0.103175 -1.09502e-14 0.896809 6.64458e-15 0.24754 -0.0501505
5.7 0.109356 -2.04585e-14 0.890628 1.78117e-14 0.252017 -0.0485752
5.8 0.115435 -3.07963e-14 0.884548 2.84676e-14 0.255891 -0.046909
5.9 0.121379 -4.40759e-14 0.878604 4.13019e-14 0.259163 -0.0451862
6 0.127157 -5.21503e-14 0.872825 5.04392e-14 0.261838 -0.0434402
6.1 0.132742 -6.07599e-14 0.86724 6.11642e-14 0.263923 -0.0417047
6.2 0.138113 -6.92806e-14 0.861868 6.50214e-14 0.265459 -0.0400049
6.3 0.143259 -6.23582e-14 0.856722 5.44926e-14 0.266489 -0.0383567
6.4 0.148168 -3.54096e-14 0.851813 3.157e-14 0.267032 -0.0367744
6.5 0.152831 -2.04303e-14 0.847149 1.81239e-14 0.26712 -0.0352678
6.6 0.157249 -2.15331e-14 0.842731 1.50512e-14 0.266793 -0.0338343
6.7 0.161417 -2.24429e-14 0.838562 1.47182e-14 0.266085 -0.0324655
6.8 0.165328 -2.08919e-14 0.83465 1.33589e-14 0.26502 -0.0311525
6.9 0.168981 -1.99685e-14 0.830997 1.04074e-14 0.263639 -0.029848
7 0.172366 -2.19903e-14 0.827612 1.10348e-14 0.261949 -0.0285578
7.1 0.175474 -3.24715e-14 0.824503 1.89292e-14 0.25996 -0.0272586
7.2 0.178293 -3.6117e-14 0.821682 1.72003e-14 0.257683 -0.025928
7.3 0.180811 -3.55015e-14 0.819164 2.21677e-14 0.25512 -0.0245548
7.4 0.183024 -4.08062e-14 0.81695 3.30998e-14 0.252266 -0.0231376
7.5 0.184918 -5.0406e-14 0.815055 3.53574e-14 0.249118 -0.0216676
7.6 0.18649 -4.80581e-14 0.813482 2.47585e-14 0.245662 -0.0201497
7.7 0.187733 -5.1989e-14 0.812238 3.10292e-14 0.241907 -0.0185995
7.8 0.188647 -4.47859e-14 0.811323 3.29327e-14 0.237848 -0.0170298
7.9 0.189239 -4.00593e-14 0.81073 2.73681e-14 0.233488 -0.015457
8 0.189521 -3.93962e-14 0.810447 3.29207e-14 0.228837 -0.0139007
8.1 0.18951 -3.84282e-14 0.810458 3.25264e-14 0.2239 -0.0123873
8.2 0.189221 -2.78649e-14 0.810747 2.41325e-14 0.218696 -0.0109275
8.3 0.188681 -2.03581e-14 0.811287 2.1609e-14 0.213247 -0.00953067
8.4 0.187908 -1.35648e-14 0.81206 1.42686e-14 0.207576 -0.00820988
8.5 0.186926 -7.9971e-15 0.81304 1.19828e-14 0.201705 -0.00696754
8.6 0.185762 -8.80595e-15 0.814204 1.194e-14 0.19566 -0.00580165
8.7 0.184439 -1.17772e-14 0.815526 1.58189e-14 0.189467 -0.00470729
8.8 0.182978 -9.04185e-15 0.816987 1.44637e-14 0.18315 -0.00367807
8.9 0.181397 -1.38883e-14 0.818568 1.81248e-14 0.176731 -0.00270548
9 0.179713 -1.68994e-14 0.820251 1.93496e-14 0.17023 -0.0017799
9.1 0.177941 -2.64457e-14 0.822023 2.75487e-14 0.163666 -0.000891804
9.2 0.176098 -2.93462e-14 0.823866 3.06472e-14 0.157056 -3.28021e-05
9.3 0.174193 -3.82029e-14 0.82577 3.73613e-14 0.150412 0.000802965
9.4 0.17224 -4.27101e-14 0.827722 4.69207e-14 0.143747 0.00161923
9.5 0.170249 -4.87529e-14 0.829713 5.0996e-14 0.137073 0.0024153
9.6 0.168229 -5.70113e-14 0.831732 5.53638e-14 0.130404 0.00318531
9.7 0.166191 -6.13252e-14 0.83377 5.71776e-14 0.123754 0.00392578
9.8 0.164144 -6.28446e-14 0.835817 5.94592e-14 0.117136 0.00462827
9.9 0.162099 -5.88102e-14 0.837862 5.93484e-14 0.110564 0.00528159
10 0.160062 -6.00604e-14 0.839899 5.86227e-14 0.104057 0.00587295
10.1 0.15804 -6.17254e-14 0.841921 6.23646e-14 0.0976359 0.00638741
10.2 0.156039 -6.4245e-14 0.843922 6.44255e-14 0.0913206 0.00681564
10.3 0.154069 -6.87653e-14 0.845892 6.32294e-14 0.0851373 0.00714401
10.4 0.152133 -6.34211e-14 0.847828 5.75608e-14 0.0791109 0.00736444
10.5 0.15024 -6.30857e-14 0.849721 5.28485e-14 0.0732634 0.00747247
10.6 0.148393 -6.10607e-14 0.851569 5.05391e-14 0.0676219 0.00746609
10.7 0.146594 -5.66538e-14 0.853367 4.51707e-14 0.0622087 0.00734226
10.8 0.144847 -5.09013e-14 0.855115 4.33622e-14 0.0570445 0.00710378
10.9 0.14315 -4.59295e-14 0.856812 4.09721e-14 0.0521594 0.00675988
11 0.141504 -4.39157e-14 0.858458 3.88278e-14 0.0475712 0.00632745
11.1 0.139907 -4.15404e-14 0.860055 3.82721e-14 0.0432891 0.00582001
11.2 0.138356 -4.08837e-14 0.861606 3.77951e-14 0.039323 0.00526081
11.3 0.136849 -4.05595e-14 0.863113 3.74137e-14 0.0356769 0.00466803
11.4 0.135381 -4.14207e-14 0.86458 3.76598e-14 0.0323484 0.00406333
11.5 0.133953 -4.08414e-14 0.866009 3.83363e-14 0.0293333 0.00346845
11.6 0.132556 -4.0921e-14 0.867406 3.94878e-14 0.026612 0.00290464
11.7 0.131188 -4.32751e-14 0.868773 4.00542e-14 0.024173 0.00239015
11.8 0.129847 -4.30461e-14 0.870115 3.97162e-14 0.0219932 0.00194158
11.9 0.128527 -4.38162e-14 0.871434 4.01658e-14 0.0200439 0.0015717
12 0.127227 -4.4273e-14 0.872734 4.08134e-14 0.0183005 0.00128723
12.1 0.125945 -4.43036e-14 0.874017 4.12044e-14 0.0167333 0.00109172
12.2 0.124678 -4.55982e-14 0.875283 4.11201e-14 0.0153142 0.000983726
12.3 0.123428 -4.09744e-14 0.876534 4.23494e-14 0.0140157 0.00095718
12.4 0.12219 -3.94052e-14 0.877771 4.95826e-14 0.0128117 0.00100241
12.5 0.120967 -3.29997e-14 0.878994 4.40237e-14 0.0116801 0.00110606
12.6 0.119755 -3.56484e-14 0.880206 4.21305e-14 0.010601 0.0012526
12.7 0.118558 -3.423e-14 0.881404 4.2099e-14 0.0095619 0.00142222
12.8 0.117371 -3.41732e-14 0.88259 4.29233e-14 0.0085521 0.00159783
12.9 0.116197 -3.37832e-14 0.883764 4.28955e-14 0.00756766 0.0017606
13 0.115035 -3.40196e-14 0.884926 4.26004e-14 0.00660928 0.0018935
13.1 0.113885 -3.35085e-14 0.886076 4.23211e-14 0.00567859 0.00198365
13.2 0.112747 -3.32724e-14 0.887214 4.21962e-14 0.00478317 0.00201971
13.3 0.111621 -3.3047e-14 0.888341 4.18505e-14 0.00393272 0.00199434
13.4 0.110506 -3.19806e-14 0.889456 4.19917e-14 0.00313861 0.00190331
13.5 0.109402 -3.3162e-14 0.890559 4.19034e-14 0.00241291 0.00174676
13.6 0.108311 -3.16981e-14 0.891651 4.17656e-14 0.00176665 0.00153
13.7 0.107231 -3.32791e-14 0.892731 4.07714e-14 0.001209 0.00126188
13.8 0.106162 -3.34475e-14 0.893799 4.05944e-14 0.000748722 0.00095339
13.9 0.105105 -3.31983e-14 0.894857 4.06656e-14 0.000389822 0.000619422
14 0.104058 -3.30402e-14 0.895904 4.05652e-14 0.000134666 0.000275699
14.1 0.103022 -3.28286e-14 0.89694 4.00049e-14 -2.04571e-05 -6.05527e-05
14.2 0.101996 -3.25096e-14 0.897966 3.95802e-14 -8.094e-05 -0.000373045
14.3 0.100981 -3.21785e-14 0.898981 3.9417e-14 -5.64663e-05 -0.000647227
14.4 0.0999759 -3.19299e-14 0.899986 3.93811e-14 4.02871e-05 -0.000869297
14.5 0.0989806 -3.17759e-14 0.900981 3.97423e-14 0.000193303 -0.00102787
14.6 0.0979959 -3.16754e-14 0.901965 3.86306e-14 0.000385573 -0.00111706
14.7 0.0970207 -3.23356e-14 0.902941 4.00501e-14 0.000598445 -0.00113348
14.8 0.0960553 -3.19165e-14 0.903906 3.97691e-14 0.000813756 -0.00107754
14.9 0.0950997 -3.15782e-14 0.904861 3.94591e-14 0.00101283 -0.000954049
15 0.0941534 -3.11522e-14 0.905808 3.90964e-14 0.00118002 -0.000772219
15.1 0.0932166 -3.07952e-14 0.906744 3.87911e-14 0.00130237 -0.000543124
15.2 0.0922892 -3.04254e-14 0.907672 3.84856e-14 0.00136963 -0.000281284
15.3 0.0913709 -3.01018e-14 0.90859 3.81744e-14 0.00137545 -2.2286e-06
15.4 0.0904618 -3.03426e-14 0.909499 3.77438e-14 0.00131745 0.000277407
15.5 0.0895617 -2.99322e-14 0.910399 3.74555e-14 0.0011975 0.000541109
15.6 0.0886705 -2.9953e-14 0.91129 3.71541e-14 0.00102104 0.000774482
15.7 0.0877882 -2.95501e-14 0.912173 3.68869e-14 0.000796745 0.000963794
15.8 0.0869148 -2.93777e-14 0.913046 3.65831e-14 0.000536357 0.0010984
15.9 0.0860503 -2.95951e-14 0.91391 3.62895e-14 0.000253774 0.00117087
16 0.0851942 -2.93431e-14 0.914767 3.60569e-14 -3.57856e-05 0.00117743
16.1 0.0843465 -2.89305e-14 0.915614 3.57937e-14 -0.000316682 0.00111806
16.2 0.0835075 -2.72915e-14 0.916453 3.55848e-14 -0.000573766 0.000996531
16.3 0.0826771 -2.76285e-14 0.917284 3.52271e-14 -0.00079325 0.000820125
16.4 0.081854 -2.60068e-14 0.918106 3.5089e-14 -0.000963498 0.000599194
16.5 0.0810392 -2.66148e-14 0.918921 3.47932e-14 -0.00107568 0.000346542
16.6 0.0802327 -2.61798e-14 0.919728 3.44421e-14 -0.00112428 7.66831e-05
16.7 0.0794342 -2.67781e-14 0.920526 3.41038e-14 -0.00110733 -0.000195003
16.8 0.0786439 -2.84478e-14 0.921316 3.34952e-14 -0.0010266 -0.000453148
16.9 0.0778613 -2.63526e-14 0.922099 3.3519e-14 -0.000887393 -0.000683271
17 0.0770866 -2.57714e-14 0.922874 3.33251e-14 -0.000698243 -0.000872592
17.1 0.0763196 -2.55269e-14 0.923641 3.31751e-14 -0.00047043 -0.00101074
17.2 0.0755602 -2.6181e-14 0.9244 3.27165e-14 -0.000217305 -0.00109034
17.3 0.0748083 -2.51346e-14 0.925152 3.25333e-14 4.64783e-05 -0.00110736
17.4 0.074064 -2.42706e-14 0.925896 3.24043e-14 0.000305935 -0.00106161
17.5 0.073327 -2.37894e-14 0.926633 3.21265e-14 0.000546109 -0.000955771
17.6 0.0725974 -2.45497e-14 0.927363 3.18255e-14 0.000753576 -0.000796562
17.7 0.0718751 -2.4357e-14 0.928085 3.15311e-14 0.000916797 -0.000593459
17.8 0.0711599 -2.45855e-14 0.9288 3.12438e-14 0.00102685 -0.000358348
17.9 0.0704518 -2.3363e-14 0.929508 3.11209e-14 0.0010779 -0.00010483
18 0.0697508 -2.39596e-14 0.930209 3.07545e-14 0.00106751 0.000152563
18.1 0.0690568 -2.40733e-14 0.930903 3.05325e-14 0.000996771 0.000399203
18.2 0.0683697 -2.24564e-14 0.931591 3.04314e-14 0.000870158 0.000621275
18.3 0.0676894 -2.0706e-14 0.932271 3.04014e-14 0.00069529 0.000806286
18.4 0.0670159 -2.23006e-14 0.932944 2.99665e-14 0.000482474 0.000944054
18.5 0.0663491 -2.11624e-14 0.933611 2.99199e-14 0.000244082 0.00102716
18.6 0.0656889 -2.2256e-14 0.934271 2.95025e-14 -6.16375e-06 0.00105134
18.7 0.0650353 -2.15638e-14 0.934925 2.93454e-14 -0.000253981 0.00101572
18.8 0.0643881 -2.13406e-14 0.935572 2.91531e-14 -0.000485342 0.000922804
18.9 0.0637475 -2.08106e-14 0.936213 2.89014e-14 -0.000687269 0.000778336
19 0.0631132 -2.08128e-14 0.936847 2.87208e-14 -0.000848558 0.000590932
19.1 0.0624852 -2.05498e-14 0.937475 2.85063e-14 -0.000960402 0.00037157
19.2 0.0618634 -2.09773e-14 0.938097 2.823e-14 -0.00101687 0.000132953
19.3 0.0612479 -2.03146e-14 0.938712 2.81007e-14 -0.00101521 -0.000111234
19.4 0.0606385 -1.97426e-14 0.939322 2.79389e-14 -0.000956012 -0.0003471
19.5 0.0600351 -1.97704e-14 0.939925 2.77366e-14 -0.000843094 -0.000561341
19.6 0.0594377 -1.94272e-14 0.940523 2.75237e-14 -0.000683259 -0.000742068
19.7 0.0588463 -1.84155e-14 0.941114 2.74563e-14 -0.000486031 -0.000879143
19.8 0.0582608 -1.88727e-14 0.941699 2.71752e-14 -0.000262873 -0.000965244
19.9 0.0576811 -1.93888e-14 0.942279 2.68641e-14 -2.66519e-05 -0.000995909
20 0.0571072 -1.88376e-14 0.942853 2.66534e-14 0.000209132 -0.000969857
