0 0 0 1 0 0 0
0.1 1.71713e-07 2.37825e-24 1 -2.68834e-24 4.82626e-05 -0.000411135
0.2 7.90752e-07 2.35459e-24 0.999999 -9.33482e-24 0.000195224 -0.00086556
0.3 2.03532e-06 -1.66079e-20 0.999998 1.56177e-22 0.000448363 -0.00134883
0.4 4.11302e-06 -1.62068e-19 0.999996 -2.11296e-19 0.000811615 -0.0018465
0.5 7.25963e-06 -4.74914e-19 0.999993 4.56709e-20 0.0012855 -0.00234506
0.6 1.17375e-05 -1.87096e-18 0.999988 1.03885e-20 0.00186745 -0.00283288
0.7 1.78344e-05 -3.74688e-18 0.999982 9.37113e-19 0.00255236 -0.00330094
0.8 2.58633e-05 -5.71802e-18 0.999974 1.4037e-18 0.00333329 -0.00374353
0.9 3.61659e-05 -3.89494e-18 0.999963 2.19494e-18 0.00420231 -0.0041587
1 4.912e-05 -9.20351e-18 0.99995 1.19736e-18 0.0051514 -0.00454851
1.1 6.51538e-05 -8.09993e-18 0.999934 -2.09014e-18 0.00617341 -0.00491909
1.2 8.47689e-05 -1.35471e-17 0.999914 -1.42391e-18 0.00726297 -0.00528041
1.3 0.000108574 -2.54895e-17 0.99989 2.99483e-18 0.00841736 -0.00564593
1.4 0.000137332 -3.71289e-17 0.99986 1.27261e-18 0.0096372 -0.006032
1.5 0.000172019 -3.26463e-17 0.999825 5.66552e-18 0.0109271 -0.00645707
1.6 0.000213902 -2.95783e-17 0.999783 8.35398e-18 0.0122958 -0.00694093
1.7 0.00026463 -2.17182e-17 0.999732 1.27315e-17 0.0137569 -0.00750338
1.8 0.00032685 -1.475e-17 0.99967 3.17372e-17 0.0153279 -0.00816373
1.9 0.000402977 -3.43186e-17 0.999594 1.06768e-17 0.0170306 -0.00893999
2 0.000497121 -6.76229e-17 0.999499 -3.21747e-18 0.0188902 -0.00984767
2.1 0.000613484 -1.12832e-16 0.999383 1.41898e-17 0.020935 -0.0108993
2.2 0.000757392 -1.42929e-16 0.999239 3.01927e-17 0.023195 -0.0121034
2.3 0.000935544 -4.78475e-17 0.999061 3.2384e-17 0.0257016 -0.0134647
2.4 0.00115612 -1.78332e-16 0.99884 4.99029e-17 0.0284862 -0.0149834
2.5 0.00142783 -2.45665e-16 0.998568 1.79077e-17 0.0315792 -0.0166553
2.6 0.00176129 -1.29716e-16 0.998235 -6.04789e-17 0.035009 -0.0184722
2.7 0.00216832 -1.44844e-16 0.997827 -5.34477e-17 0.038801 -0.0204216
2.8 0.00266225 -1.49786e-16 0.997333 8.18439e-17 0.0429768 -0.0224879
2.9 0.00325815 -2.35882e-16 0.996737 7.77039e-17 0.0475534 -0.0246524
3 0.00397117 -1.09945e-16 0.996024 5.38693e-18 0.0525438 -0.0268946
3.1 0.00481868 -6.12294e-16 0.995175 -7.43499e-17 0.0579558 -0.0291927
3.2 0.00581782 -4.60829e-16 0.994175 2.13174e-16 0.0637833 -0.0315197
3.3 0.00698677 -3.22136e-16 0.993005 5.28651e-17 0.0700244 -0.0338543
3.4 0.00834402 -1.96113e-16 0.991646 5.13446e-17 0.076667 -0.0361731
3.5 0.00990807 -5.99999e-17 0.990081 2.19832e-16 0.0836947 -0.0384532
3.6 0.0116974 -1.10322e-16 0.988291 7.66876e-17 0.0910833 -0.0406729
3.7 0.0137292 -5.61233e-17 0.986258 -5.40548e-17 0.0988058 -0.0428122
3.8 0.0160196 3.31664e-16 0.983967 3.89072e-16 0.10683 -0.0448514
3.9 0.0185835 2.26625e-16 0.981403 1.48846e-16 0.115122 -0.0467735
4 0.0214337 4.1406e-16 0.978552 -1.96666e-16 0.123638 -0.0485604
4.1 0.0245798 1.81342e-16 0.975405 -1.9057e-15 0.132335 -0.0501991
4.2 0.0280336 -8.04655e-16 0.971951 -1.80732e-15 0.141166 -0.0516733
4.3 0.0317986 -6.92452e-16 0.968186 -1.61286e-15 0.15008 -0.0529687
4.4 0.0358759 -1.18313e-15 0.96411 -1.03186e-15 0.159021 -0.0540731
4.5 0.0402616 3.45155e-15 0.959724 -6.04889e-15 0.16794 -0.0549716
4.6 0.0449472 1.13986e-14 0.955038 -1.25998e-14 0.176778 -0.0556598
4.7 0.0499207 1.18482e-14 0.950065 -1.33283e-14 0.185482 -0.0561271
4.8 0.055164 -2.67455e-15 0.944822 1.92636e-15 0.193989 -0.0563631
4.9 0.0606552 -1.91289e-15 0.93933 2.19827e-15 0.20225 -0.0563661
5 0.0663662 -2.06959e-15 0.93362 5.47937e-15 0.210204 -0.056135
5.1 0.072265 -1.45109e-15 0.927721 4.64059e-15 0.217798 -0.0556684
5.2 0.0783141 -1.79442e-15 0.921673 6.54056e-15 0.224979 -0.0549722
5.3 0.0844753 -1.93016e-15 0.915511 7.68835e-15 0.231688 -0.0540707
5.4 0.0907064 -1.82587e-15 0.90928 6.5171e-15 0.237899 -0.0529668
5.5 0.0969618 -4.3643e-15 0.903025 7.65258e-15 0.243571 -0.051685
5.6 0.103198 -2.83474e-15 0.896789 6.46237e-15 0.248676 -0.0502443
5.7 0.10937 -4.44148e-15 0.890617 4.70486e-15 0.253196 -0.0486751
5.8 0.115441 -3.39072e-15 0.884545 2.11254e-15 0.257119 -0.0470226
5.9 0.121379 -8.86552e-16 0.878608 -4.02563e-15 0.260443 -0.04532
6 0.127151 -7.28856e-16 0.872835 -5.00701e-15 0.26318 -0.0435975
6.1 0.132734 1.3909e-15 0.867252 -1.03949e-14 0.265347 -0.0418814
6.2 0.138103 1.23175e-14 0.861882 -1.44431e-14 0.26697 -0.0401953
6.3 0.143251 1.80415e-14 0.856733 -1.99271e-14 0.268073 -0.038559
6.4 0.148162 2.2453e-14 0.851821 -2.80645e-14 0.268698 -0.0369788
6.5 0.152828 2.13272e-14 0.847154 -2.00848e-14 0.268879 -0.0354663
6.6 0.157243 2.25699e-14 0.842737 -1.40835e-14 0.268653 -0.0340164
6.7 0.161405 1.30823e-14 0.838574 -5.23551e-15 0.268052 -0.0326208
6.8 0.165301 1.83291e-15 0.834677 7.0394e-15 0.267099 -0.0312661
6.9 0.168929 1.74977e-15 0.831048 1.87675e-14 0.265822 -0.0299358
7 0.172281 -4.32501e-15 0.827694 2.32984e-14 0.264233 -0.0286059
7.1 0.175348 -9.1578e-15 0.824625 3.0419e-14 0.26234 -0.0272587
7.2 0.17812 -1.25001e-14 0.821852 2.87684e-14 0.260149 -0.0258774
7.3 0.180585 -7.5502e-15 0.819385 3.15094e-14 0.257667 -0.0244503
7.4 0.182731 2.75775e-15 0.817239 1.34874e-14 0.254884 -0.0229755
7.5 0.184551 7.43204e-16 0.81542 1.8993e-14 0.251795 -0.0214536
7.6 0.186038 5.41496e-15 0.813934 2.22933e-14 0.248395 -0.0198826
7.7 0.18719 2.94979e-14 0.812782 1.8424e-14 0.24467 -0.0182913
7.8 0.18801 2.40447e-14 0.811962 1.97547e-14 0.240621 -0.0166918
7.9 0.188506 2.45967e-14 0.811466 2.11543e-14 0.236269 -0.0151037
8 0.188693 1.42047e-14 0.81128 3.03046e-14 0.231605 -0.0135428
8.1 0.188583 2.1716e-14 0.811389 2.50433e-14 0.226646 -0.0120214
8.2 0.188201 2.12611e-14 0.811771 3.71772e-14 0.221406 -0.010569
8.3 0.187573 7.54961e-15 0.812398 5.03109e-14 0.215913 -0.00919077
8.4 0.186721 2.44355e-15 0.813249 5.99243e-14 0.210186 -0.00790076
8.5 0.185662 2.58116e-15 0.814306 6.57611e-14 0.204248 -0.00670516
8.6 0.184435 1.67447e-14 0.815533 4.9276e-14 0.198125 -0.0055931
8.7 0.183058 3.23025e-14 0.81691 2.75933e-14 0.191852 -0.00455948
8.8 0.181556 3.27124e-15 0.818412 4.89054e-14 0.185453 -0.00358682
8.9 0.179948 -2.05661e-14 0.820018 8.71986e-14 0.178939 -0.00267776
9 0.178251 1.56488e-16 0.821715 6.93904e-14 0.172347 -0.00181226
9.1 0.176475 -6.24521e-14 0.82349 1.40052e-13 0.16568 -0.000977527
9.2 0.174639 -2.50119e-13 0.825325 3.34959e-13 0.15897 -0.000166371
9.3 0.172743 9.01407e-13 0.82722 -1.15793e-12 0.152215 0.000634733
9.4 0.170798 -6.1353e-13 0.829164 1.11661e-12 0.14544 0.00142559
9.5 0.168819 -5.92684e-13 0.831143 9.28501e-13 0.13866 0.00220154
9.6 0.166813 4.91138e-13 0.833148 -1.20436e-13 0.13189 0.00296538
9.7 0.164783 1.10312e-12 0.835177 -7.26829e-13 0.125129 0.00371144
9.8 0.162746 7.22681e-13 0.837214 -1.36226e-13 0.118398 0.00442708
9.9 0.160711 -1.42001e-13 0.839248 5.58385e-13 0.11172 0.00510107
10 0.158679 -4.12953e-13 0.841279 8.0629e-13 0.10511 0.00571895
10.1 0.156659 -6.32101e-13 0.843299 1.28837e-12 0.0985897 0.00626239
10.2 0.154662 -3.64326e-13 0.845297 9.6672e-13 0.0921787 0.0067196
10.3 0.152691 -6.0571e-14 0.847267 7.41023e-13 0.0859048 0.007082
10.4 0.150756 3.49977e-13 0.849203 3.70247e-13 0.0797963 0.00733565
10.5 0.148866 1.82173e-12 0.851093 -1.08446e-12 0.0738783 0.00747745
10.6 0.147024 1.70121e-12 0.852936 -9.98128e-13 0.068183 0.00750408
10.7 0.145225 2.20167e-12 0.854735 -1.56377e-12 0.0627278 0.00741129
10.8 0.14348 2.84014e-12 0.85648 -2.19556e-12 0.0575392 0.00720357
10.9 0.141786 2.64143e-12 0.858175 -2.09436e-12 0.0526423 0.00689245
11 0.140144 2.48441e-12 0.859817 -2.07487e-12 0.0480453 0.00648857
11.1 0.138553 2.80766e-12 0.861408 -2.21174e-12 0.0437675 0.0060092
11.2 0.13701 1.55703e-12 0.862951 -9.66182e-13 0.0398161 0.00547272
11.3 0.135513 2.60567e-12 0.864449 -9.55046e-13 0.0361946 0.00490069
11.4 0.134057 3.52003e-12 0.865905 -2.47026e-12 0.032897 0.00431279
11.5 0.132638 2.93756e-12 0.867324 -2.22286e-12 0.0299178 0.00373518
11.6 0.131252 2.87418e-12 0.868709 -2.17877e-12 0.0272408 0.00318947
11.7 0.129895 3.32482e-12 0.870067 -2.33849e-12 0.024842 0.00269095
11.8 0.128565 3.46659e-12 0.871397 -2.54673e-12 0.0227001 0.0022591
11.9 0.127256 3.22084e-12 0.872706 -2.35244e-12 0.0207867 0.001904
12 0.125968 2.65476e-12 0.873995 -1.83065e-12 0.0190713 0.00163046
12.1 0.124695 2.1249e-12 0.875269 -1.23269e-12 0.0175245 0.00144278
12.2 0.123439 1.59757e-12 0.876525 -1.15039e-12 0.0161146 0.00133892
12.3 0.122198 2.60619e-12 0.877767 -1.87842e-12 0.0148148 0.00131082
12.4 0.120971 2.05969e-12 0.878995 -1.21444e-12 0.0135971 0.00134795
12.5 0.119755 1.89346e-12 0.88021 -1.15863e-12 0.0124432 0.00143588
12.6 0.118547 1.67391e-12 0.88142 -9.65662e-13 0.0113432 0.00156145
12.7 0.117357 1.41837e-12 0.882609 -9.3986e-13 0.0102655 0.00170674
12.8 0.11618 1.2573e-12 0.883788 -8.06381e-13 0.00921111 0.00185188
12.9 0.115016 2.08863e-12 0.884952 8.26838e-13 0.00817534 0.00198164
13 0.113866 6.97779e-14 0.886103 -1.02185e-12 0.0071583 0.00207926
13.1 0.112727 -1.12406e-12 0.887241 -1.5343e-12 0.00616371 0.00212792
13.2 0.111602 -1.99615e-12 0.888366 -2.0495e-12 0.00520356 0.00211757
13.3 0.11049 -2.57184e-12 0.889479 -2.84729e-12 0.00428786 0.00204206
13.4 0.109389 -2.2022e-12 0.89058 -2.3456e-12 0.00342997 0.00189916
13.5 0.1083 -1.37816e-12 0.891669 4.86896e-12 0.00264499 0.00168953
13.6 0.107223 -2.76831e-12 0.892746 4.80915e-12 0.00194524 0.00142077
13.7 0.106158 -3.54158e-12 0.893812 4.41743e-12 0.00134064 0.00110666
13.8 0.105103 -3.42293e-12 0.894867 4.07589e-12 0.000838986 0.000758385
13.9 0.10406 -3.52476e-12 0.89591 3.77381e-12 0.000444592 0.000392672
14 0.103027 -3.8595e-12 0.896944 4.12841e-12 0.000158877 2.5655e-05
14.1 0.102004 -2.71587e-12 0.897967 1.71784e-12 -2.12741e-05 -0.000325639
14.2 0.100991 -1.31405e-12 0.89898 3.66741e-13 -0.000101551 -0.000644481
14.3 0.0999877 -7.23458e-13 0.899983 -1.38707e-13 -9.34741e-05 -0.000915534
14.4 0.0989944 -4.78729e-13 0.900976 -3.19149e-13 -9.09633e-06 -0.0011256
14.5 0.0980101 7.07426e-14 0.90196 -8.18177e-13 0.000134951 -0.00126554
14.6 0.0970361 4.08558e-13 0.902934 -1.18563e-12 0.000319776 -0.00132826
14.7 0.096072 1.36328e-12 0.903899 -2.56668e-12 0.000527457 -0.00131148
14.8 0.0951173 6.70649e-13 0.904853 -1.87799e-12 0.000738095 -0.00121918
14.9 0.0941728 3.2241e-13 0.905798 -1.50527e-12 0.000934241 -0.0010554
15 0.0932374 3.48445e-13 0.906733 -1.42691e-12 0.00109946 -0.000832078
15.1 0.0923119 2.56644e-13 0.907659 -1.17581e-12 0.0012189 -0.000560348
15.2 0.0913961 3.31165e-13 0.908575 -1.14334e-12 0.00128611 -0.000257432
15.3 0.0904888 2.46554e-12 0.909482 -1.92698e-12 0.00129237 6.03492e-05
15.4 0.0895903 6.47058e-13 0.910381 -7.81741e-13 0.00123688 0.000376962
15.5 0.0887015 1.33335e-13 0.91127 -2.09175e-12 0.00112096 0.000673575
15.6 0.0878211 -2.04012e-13 0.91215 -8.22584e-13 0.000950298 0.000935791
15.7 0.0869491 1.26778e-12 0.913023 -3.83662e-13 0.000732865 0.00115048
15.8 0.0860852 -1.05909e-12 0.913888 9.27787e-13 0.000479836 0.00130519
15.9 0.0852296 -5.73981e-13 0.914743 -1.41886e-12 0.000206855 0.00139406
16 0.0843821 -9.31711e-13 0.91559 -1.62948e-13 -7.2672e-05 0.00141208
16.1 0.0835429 -1.19978e-13 0.916429 -9.37707e-13 -0.000341589 0.00135894
16.2 0.0827123 -2.1452e-12 0.917259 4.91461e-13 -0.000587436 0.00123967
16.3 0.08189 -1.8863e-13 0.918081 -1.26585e-12 -0.000797151 0.00105989
16.4 0.0810761 2.98469e-13 0.918895 -1.56106e-12 -0.000956642 0.00083139
16.5 0.0802705 5.08788e-13 0.9197 -1.68608e-12 -0.00105837 0.000566455
16.6 0.0794728 6.19956e-13 0.920498 -1.74649e-12 -0.00109747 0.000280217
16.7 0.0786835 7.42515e-13 0.921287 -1.83225e-12 -0.00107233 -1.15304e-05
16.8 0.0779013 9.068e-13 0.922069 -1.95412e-12 -0.000985454 -0.000293452
16.9 0.0771275 9.43124e-13 0.922843 -1.97487e-12 -0.000840114 -0.000551505
17 0.0763609 1.0055e-12 0.92361 -2.02071e-12 -0.000646617 -0.000773073
17.1 0.0756024 1.0754e-12 0.924368 -2.08534e-12 -0.000412595 -0.000945339
17.2 0.0748511 1.21836e-12 0.92512 -2.20884e-12 -0.000152722 -0.00106005
17.3 0.0741073 1.24068e-12 0.925863 -2.20641e-12 0.000117241 -0.00111241
17.4 0.073371 1.4033e-12 0.9266 -2.40673e-12 0.000384754 -0.00110009
17.5 0.0726415 1.37814e-12 0.927329 -2.34447e-12 0.000631274 -0.00102589
17.6 0.0719191 1.43208e-12 0.928051 -2.37276e-12 0.000844744 -0.000895697
17.7 0.0712035 1.49148e-12 0.928767 -2.51126e-12 0.00101362 -0.00071803
17.8 0.0704954 1.60346e-12 0.929476 -2.47198e-12 0.00112858 -0.000504246
17.9 0.0697943 8.0358e-14 0.930177 -3.1611e-12 0.00118427 -0.000268077
18 0.0690996 1.01811e-12 0.930872 -1.9374e-12 0.00117758 -2.08398e-05
18.1 0.0684104 1.22883e-12 0.931555 -2.04039e-12 0.00110935 0.000220321
18.2 0.0677304 3.99114e-13 0.932235 -1.14455e-13 0.000981298 0.000441231
18.3 0.0670566 1.17984e-12 0.932909 -1.26751e-12 0.000802983 0.000630788
18.4 0.0663902 1.71952e-12 0.933577 -1.60205e-12 0.000584185 0.000780722
18.5 0.0657301 1.65545e-12 0.934238 -1.54846e-12 0.000335682 0.000880877
18.6 0.0650769 1.84042e-12 0.934892 -1.33187e-12 7.11844e-05 0.000925672
18.7 0.0644303 1.56585e-12 0.935539 2.05226e-12 -0.000196098 0.000911892
18.8 0.0637902 -4.90374e-13 0.93618 3.10198e-12 -0.000449643 0.000841861
18.9 0.0631565 -2.85083e-12 0.936814 6.69013e-12 -0.000677294 0.000720697
19 0.062529 -4.66676e-12 0.937442 1.18247e-11 -0.000865635 0.000553766
19.1 0.0619079 -5.26281e-12 0.938064 2.10794e-11 -0.00100517 0.000353217
19.2 0.0612928 -4.96198e-12 0.93868 1.01396e-11 -0.00108775 0.00012966
19.3 0.0606837 -1.93586e-12 0.93929 6.04823e-12 -0.00111141 -0.000102572
19.4 0.0600801 -1.02827e-12 0.939893 5.4586e-12 -0.00107489 -0.000328819
19.5 0.0594822 -1.41127e-12 0.940492 4.78941e-12 -0.000980559 -0.000536068
19.6 0.0588901 -1.29013e-12 0.941084 4.54619e-12 -0.000834129 -0.000712949
19.7 0.0583036 -1.26159e-12 0.94167 4.50409e-12 -0.000645162 -0.000848358
19.8 0.057723 -1.31563e-12 0.94225 4.34656e-12 -0.000424382 -0.000935049
19.9 0.0571482 -1.30163e-12 0.942824 3.92063e-12 -0.000185064 -0.000967111
20 0.0565788 -1.16043e-12 0.943393 3.58602e-12 5.94518e-05 -0.000942307
