0 0 0 1 0 0 0
0.1 1.71713e-07 2.37825e-24 1 -2.68834e-24 4.82623e-05 -0.000411099
0.2 7.90718e-07 2.35459e-24 0.999999 2.36648e-26 0.000195206 -0.000865377
0.3 2.03509e-06 -1.81637e-20 0.999998 -2.24954e-23 0.000448264 -0.00134832
0.4 4.11214e-06 -4.18721e-19 0.999996 -1.04449e-19 0.000811304 -0.00184542
0.5 7.25713e-06 -3.89207e-19 0.999993 1.01969e-20 0.00128475 -0.00234313
0.6 1.17316e-05 -1.20289e-19 0.999988 -1.89612e-19 0.00186594 -0.00282979
0.7 1.78222e-05 -2.66157e-19 0.999982 7.48483e-20 0.00254965 -0.00329642
0.8 2.58403e-05 -1.15534e-18 0.999974 1.39205e-18 0.00332884 -0.00373734
0.9 3.61259e-05 -3.29602e-18 0.999964 1.81926e-18 0.00419548 -0.00415071
1 4.90546e-05 -1.06838e-18 0.99995 -6.08744e-19 0.00514146 -0.00453868
1.1 6.50526e-05 3.45525e-18 0.999934 -2.95044e-18 0.00615961 -0.0049075
1.2 8.46197e-05 9.64659e-18 0.999914 -4.9566e-18 0.00724454 -0.0052673
1.3 0.000108364 8.77208e-18 0.99989 -1.16706e-17 0.00839357 -0.00563168
1.4 0.000137046 -2.70124e-18 0.999861 -1.54604e-17 0.0096074 -0.00601709
1.5 0.000171647 -5.22802e-19 0.999826 -1.20446e-17 0.0108907 -0.00644212
1.6 0.000213435 5.0443e-18 0.999784 -6.93052e-18 0.0122525 -0.00692658
1.7 0.000264067 6.58513e-18 0.999733 1.22491e-18 0.0137064 -0.00749031
1.8 0.000326234 1.10471e-17 0.999671 2.25584e-18 0.0152702 -0.00815258
1.9 0.000402345 1.50646e-17 0.999594 4.34972e-18 0.0169657 -0.0089313
2 0.000496534 -1.72773e-17 0.9995 -8.28421e-18 0.0188184 -0.00984184
2.1 0.000613012 -6.15943e-18 0.999383 -2.57035e-17 0.0208565 -0.0108965
2.2 0.000757121 -4.89629e-17 0.999239 -2.43052e-17 0.0231103 -0.0121036
2.3 0.000935572 -2.86304e-17 0.999061 -3.49881e-17 0.025611 -0.0134676
2.4 0.00115618 -3.4501e-17 0.99884 -3.30248e-17 0.02839 -0.0149885
2.5 0.00142816 -1.41602e-17 0.998568 -1.57654e-17 0.0314774 -0.0166618
2.6 0.00176197 -9.08052e-17 0.998234 1.6114e-17 0.0349015 -0.0184788
2.7 0.00216948 -1.7022e-16 0.997826 6.63664e-17 0.0386873 -0.0204273
2.8 0.00266401 -1.82347e-16 0.997332 4.65262e-17 0.0428562 -0.0224911
2.9 0.00326003 -3.28167e-16 0.996736 1.6351e-16 0.0474247 -0.0246517
3 0.00397323 -3.64811e-16 0.996022 1.05265e-16 0.0524054 -0.0268887
3.1 0.00482045 -9.95152e-17 0.995174 6.08448e-17 0.0578054 -0.0291803
3.2 0.00581918 -5.76422e-16 0.994173 1.41156e-16 0.063619 -0.0314999
3.3 0.00698759 -3.91765e-16 0.993004 -3.5211e-17 0.0698431 -0.0338261
3.4 0.00834446 -5.47826e-16 0.991646 7.85286e-19 0.0764659 -0.0361362
3.5 0.00990794 -3.55131e-16 0.990081 -2.55343e-16 0.0834709 -0.0384079
3.6 0.011696 -2.77355e-16 0.988292 1.56833e-16 0.0908348 -0.0406199
3.7 0.0137261 -3.70443e-18 0.986261 -1.88573e-17 0.0985284 -0.0427522
3.8 0.0160151 -4.01663e-16 0.983972 -2.352e-16 0.106522 -0.0447866
3.9 0.0185772 -4.19547e-16 0.981409 5.20594e-16 0.114779 -0.0467052
4 0.0214253 -4.20321e-16 0.978561 3.3521e-16 0.123257 -0.0484913
4.1 0.0245704 -1.05596e-15 0.975416 2.73961e-16 0.131916 -0.0501304
4.2 0.0280225 -1.6885e-15 0.971963 5.55561e-16 0.140707 -0.051608
4.3 0.0317859 -1.2399e-15 0.968199 -5.20969e-16 0.149581 -0.0529104
4.4 0.0358621 -1.7286e-15 0.964123 -3.89429e-16 0.15849 -0.0540225
4.5 0.0402489 2.70061e-15 0.959736 -5.14051e-15 0.167374 -0.0549338
4.6 0.0449362 -1.46655e-15 0.955048 -1.07094e-16 0.176181 -0.0556347
4.7 0.049913 -4.32891e-15 0.950071 8.57214e-16 0.184854 -0.0561146
4.8 0.0551632 -3.86917e-15 0.944822 1.49172e-15 0.193334 -0.0563647
4.9 0.0606633 -3.92067e-15 0.939322 2.73794e-15 0.201565 -0.0563815
5 0.066382 -1.14683e-15 0.933605 -9.05723e-16 0.209487 -0.0561633
5.1 0.0722927 -5.73438e-17 0.927694 -1.58855e-15 0.217057 -0.0557037
5.2 0.0783553 9.23982e-16 0.921631 -4.96777e-16 0.224213 -0.0550121
5.3 0.0845301 1.91417e-15 0.915456 -1.03631e-15 0.230908 -0.0540992
5.4 0.0907748 2.53063e-15 0.909211 -3.98383e-15 0.237086 -0.0529987
5.5 0.0970444 9.46699e-15 0.90294 -7.91363e-15 0.242732 -0.0517139
5.6 0.103295 1.39552e-14 0.896689 -1.06107e-14 0.247811 -0.0502636
5.7 0.109482 1.71164e-14 0.890503 -1.51601e-14 0.252296 -0.0486791
5.8 0.115567 2.06685e-14 0.884418 -2.09098e-14 0.256182 -0.0470125
5.9 0.121517 2.02185e-14 0.878467 -2.04574e-14 0.259467 -0.0452894
6 0.127297 2.00151e-14 0.872686 -1.82656e-14 0.262159 -0.0435419
6.1 0.132884 2.10426e-14 0.867099 -1.45987e-14 0.264276 -0.0418029
6.2 0.138258 2.05267e-14 0.861724 -1.96583e-14 0.26584 -0.040099
6.3 0.143404 1.63188e-14 0.856577 -1.62958e-14 0.266886 -0.0384485
6.4 0.148312 1.655e-14 0.851668 -2.31815e-14 0.267442 -0.0368687
6.5 0.15298 1.0054e-14 0.847001 -1.46416e-14 0.267569 -0.0353596
6.6 0.157398 3.28268e-14 0.842582 -3.75614e-14 0.267288 -0.0339171
6.7 0.16156 3.07733e-14 0.838419 -3.25225e-14 0.266618 -0.0325308
6.8 0.165461 2.28735e-14 0.834516 -2.34687e-14 0.265599 -0.0311882
6.9 0.169103 1.82509e-14 0.830872 -1.87082e-14 0.264259 -0.0298689
7 0.172472 4.49939e-14 0.827502 -5.35541e-14 0.262619 -0.0285497
7.1 0.175558 -2.16209e-14 0.824415 1.35322e-14 0.260674 -0.0272168
7.2 0.17835 -2.03942e-14 0.821622 2.0288e-14 0.258436 -0.0258523
7.3 0.180841 1.1056e-13 0.819129 -9.66138e-14 0.25591 -0.0244379
7.4 0.183016 4.28519e-14 0.816952 -3.56452e-14 0.253091 -0.0229724
7.5 0.184866 7.63984e-14 0.8151 -7.342e-14 0.249975 -0.0214581
7.6 0.186383 -1.42275e-14 0.813581 6.63509e-15 0.246558 -0.0198952
7.7 0.187565 3.97749e-14 0.812397 -5.03108e-14 0.242829 -0.0182973
7.8 0.188419 1.62711e-13 0.811546 -1.55517e-13 0.238796 -0.0167029
7.9 0.188947 1.98546e-13 0.811017 -2.00199e-13 0.234458 -0.0151031
8 0.189162 3.059e-13 0.810802 -2.80848e-13 0.229808 -0.0135313
8.1 0.189084 3.26853e-13 0.81088 -2.98047e-13 0.22488 -0.0119913
8.2 0.188723 1.82743e-13 0.811239 -1.43172e-13 0.219686 -0.0105107
8.3 0.188111 8.1845e-14 0.811852 -3.92373e-14 0.214243 -0.0090959
8.4 0.187267 1.22965e-14 0.812694 9.68152e-15 0.208566 -0.00775723
8.5 0.186219 -1.23418e-14 0.813742 3.26167e-14 0.202697 -0.00649591
8.6 0.184992 3.35821e-14 0.814969 -1.81884e-14 0.196654 -0.00532056
8.7 0.183603 -1.11839e-14 0.81636 2.22688e-14 0.190467 -0.00421995
8.8 0.182075 -2.61487e-14 0.817887 4.64288e-14 0.184144 -0.00318721
8.9 0.180431 -1.48877e-14 0.81953 3.4572e-14 0.177723 -0.00221223
9 0.178691 -8.16477e-15 0.821271 2.8928e-14 0.17122 -0.0012842
9.1 0.176868 1.56129e-16 0.823094 2.71071e-14 0.164653 -0.000391613
9.2 0.174973 8.18974e-16 0.824989 2.45525e-14 0.158035 0.000467383
9.3 0.173019 1.96926e-14 0.826942 1.38483e-14 0.151382 0.00130542
9.4 0.17102 1.55245e-14 0.828941 1.00359e-14 0.14471 0.00212192
9.5 0.168989 -9.29106e-16 0.830972 1.31677e-14 0.138027 0.0029147
9.6 0.166925 6.26555e-14 0.833036 -5.11979e-14 0.131347 0.00368408
9.7 0.164845 1.00615e-13 0.835117 -9.05074e-14 0.124687 0.00442077
9.8 0.162759 1.22838e-13 0.837203 -1.04896e-13 0.118057 0.00511687
9.9 0.160677 9.37874e-14 0.839285 -7.10353e-14 0.111475 0.00576225
10 0.158606 4.47077e-14 0.841358 -4.15982e-14 0.104958 0.00634614
10.1 0.156555 1.85387e-14 0.843409 -1.0667e-14 0.0985203 0.0068539
10.2 0.15453 -3.6381e-14 0.845434 4.12089e-14 0.0921876 0.00727141
10.3 0.15254 -7.43882e-14 0.847424 6.84053e-14 0.0859856 0.00758505
10.4 0.150588 -1.56133e-13 0.849377 1.60283e-13 0.0799366 0.00778605
10.5 0.148681 -1.50129e-13 0.851284 1.43797e-13 0.0740682 0.00786604
10.6 0.146826 -1.73928e-13 0.85314 1.62198e-13 0.068409 0.00782407
10.7 0.145021 -2.13322e-13 0.854945 2.02511e-13 0.0629831 0.00766307
10.8 0.143273 -3.08259e-13 0.856693 2.93118e-13 0.0578127 0.00738953
10.9 0.141579 -3.5173e-13 0.858388 3.37602e-13 0.0529219 0.00701146
11 0.139939 -3.93197e-13 0.860028 3.8209e-13 0.0483259 0.00654316
11.1 0.138351 -4.22332e-13 0.861616 4.4008e-13 0.0440406 0.00600344
11.2 0.136811 -4.0559e-13 0.863157 4.25939e-13 0.0400717 0.00541182
11.3 0.135316 -4.15472e-13 0.864652 4.41959e-13 0.0364223 0.00479072
11.4 0.13386 -3.88965e-13 0.866108 4.17859e-13 0.0330891 0.00416039
11.5 0.132443 -4.06082e-13 0.867525 3.87997e-13 0.0300636 0.00355006
11.6 0.13106 -5.15568e-13 0.868907 4.6004e-13 0.0273352 0.00297408
11.7 0.129706 -4.25387e-13 0.870261 3.71418e-13 0.0248808 0.00245531
11.8 0.128376 -3.92025e-13 0.871591 3.368e-13 0.0226796 0.00200604
11.9 0.127069 -6.55766e-13 0.872897 8.07989e-13 0.0207042 0.00163754
12 0.125783 -4.69386e-13 0.874183 5.23286e-13 0.0189314 0.00135627
12.1 0.124513 -3.52272e-13 0.875452 4.07971e-13 0.0173295 0.00116604
12.2 0.12326 -3.17651e-13 0.876705 3.78843e-13 0.0158741 0.00106639
12.3 0.122022 -3.1844e-13 0.877943 3.58643e-13 0.0145356 0.001049
12.4 0.120797 -2.88033e-13 0.879168 2.8724e-13 0.0132889 0.00110493
12.5 0.119585 -1.85103e-13 0.88038 1.71539e-13 0.0121122 0.00122044
12.6 0.118386 -3.32779e-13 0.881579 2.7033e-13 0.0109881 0.00137425
12.7 0.117199 -3.15532e-13 0.882765 2.83437e-13 0.00990234 0.00155019
12.8 0.116025 -2.87614e-13 0.88394 2.80496e-13 0.00884946 0.00172915
12.9 0.114864 -3.22612e-13 0.885101 2.1386e-13 0.00782301 0.00189362
13 0.113715 -3.92155e-13 0.88625 2.05017e-13 0.00682667 0.00202635
13.1 0.112578 -3.81322e-13 0.887386 3.03674e-13 0.005862 0.00211359
13.2 0.111454 -2.95953e-13 0.888511 3.29993e-13 0.00493732 0.00214573
13.3 0.110341 -3.30512e-13 0.889623 3.62333e-13 0.00406198 0.00211373
13.4 0.109241 -3.04644e-13 0.890723 3.57662e-13 0.00324816 0.00201398
13.5 0.108152 -2.75178e-13 0.891812 3.56899e-13 0.00250726 0.00184744
13.6 0.107075 -2.98996e-13 0.89289 3.33915e-13 0.00185128 0.00161761
13.7 0.106008 -3.49391e-13 0.893956 3.73617e-13 0.00129036 0.00133796
13.8 0.104953 -2.56929e-13 0.895011 3.02697e-13 0.00083344 0.00101946
13.9 0.103909 -3.60297e-13 0.896055 5.4114e-13 0.000479543 0.000679475
14 0.102875 -3.43636e-13 0.897089 3.89423e-13 0.00022788 0.000332626
14.1 0.101851 -1.55586e-13 0.898113 2.71828e-13 7.62977e-05 -6.73324e-06
14.2 0.100835 -9.3126e-14 0.899129 1.69529e-13 2.00551e-05 -0.000322582
14.3 0.099831 -1.25871e-13 0.900132 2.64485e-13 4.72076e-05 -0.000595534
14.4 0.0988377 -2.36249e-13 0.901125 3.35087e-13 0.000144925 -0.000819003
14.5 0.0978544 -1.30065e-13 0.902108 2.83568e-13 0.000298156 -0.000979553
14.6 0.0968814 -1.20686e-13 0.903081 3.08915e-13 0.000487461 -0.0010684
14.7 0.0959183 -1.13165e-13 0.904044 3.31421e-13 0.000697016 -0.00108692
14.8 0.0949654 -1.23347e-13 0.904997 3.57976e-13 0.000906316 -0.00103322
14.9 0.0940212 -1.29397e-13 0.905941 3.60146e-13 0.00109627 -0.000914626
15 0.0930863 -8.50969e-14 0.906876 3.94129e-13 0.00125621 -0.000736652
15.1 0.0921609 -7.73865e-14 0.907801 3.77887e-13 0.00136939 -0.000511736
15.2 0.0912444 -1.04917e-13 0.908718 4.215e-13 0.00142652 -0.00025443
15.3 0.0903371 -8.6447e-14 0.909625 4.17622e-13 0.00142103 2.0595e-05
15.4 0.0894393 2.17343e-14 0.910522 3.29822e-13 0.00135073 0.000295225
15.5 0.0885499 -8.47297e-14 0.911411 4.51125e-13 0.00121954 0.000554034
15.6 0.0876692 -6.77126e-15 0.912292 3.86187e-13 0.00103221 0.000782212
15.7 0.0867975 7.7505e-16 0.913163 3.79906e-13 0.000797151 0.000966304
15.8 0.0859344 4.9817e-14 0.914026 3.54959e-13 0.000527747 0.001096
15.9 0.0850798 -1.55425e-14 0.914881 3.98339e-13 0.000236684 0.00116394
16 0.0842341 -6.06695e-14 0.915726 4.19378e-13 -5.9661e-05 0.00116588
16.1 0.0833965 -7.89458e-14 0.916564 4.33947e-13 -0.000345052 0.00110244
16.2 0.0825673 -1.11014e-13 0.917393 4.29959e-13 -0.000604933 0.000978772
16.3 0.0817467 -9.66561e-14 0.918214 3.49594e-13 -0.000825499 0.000802234
16.4 0.0809341 -7.40077e-14 0.919027 3.21903e-13 -0.000994817 0.00058065
16.5 0.0801296 -6.78166e-14 0.919831 3.09329e-13 -0.0011045 0.000328583
16.6 0.079333 -8.4479e-14 0.920628 3.139e-13 -0.00114831 6.08435e-05
16.7 0.0785442 -8.40258e-14 0.921416 3.05368e-13 -0.00112585 -0.000207181
16.8 0.0777633 -9.44416e-14 0.922197 3.04346e-13 -0.00103939 -0.000460122
16.9 0.0769901 -9.29993e-14 0.922971 2.99015e-13 -0.000894283 -0.000684113
17 0.076224 -1.08257e-13 0.923736 3.11386e-13 -0.000699045 -0.000866753
17.1 0.0754656 -1.01151e-13 0.924495 2.95308e-13 -0.000465951 -0.000998069
17.2 0.0747153 -8.23349e-14 0.925245 3.50981e-13 -0.000208828 -0.00107064
17.3 0.0739723 -9.38963e-14 0.925989 4.29103e-13 5.82583e-05 -0.00108172
17.4 0.0732366 -7.30472e-14 0.926724 4.01924e-13 0.000319426 -0.00103112
17.5 0.0725082 -6.82267e-14 0.927453 3.7968e-13 0.000560446 -0.000921556
17.6 0.0717873 -4.84152e-14 0.928174 3.59759e-13 0.000767337 -0.000759264
17.7 0.0710732 -4.26426e-14 0.928888 3.46781e-13 0.000929043 -0.000555789
17.8 0.0703663 -3.39359e-14 0.929595 3.2181e-13 0.00103701 -0.000322506
17.9 0.0696663 -2.19623e-14 0.930295 2.98717e-13 0.00108565 -7.24552e-05
18 0.0689727 -5.51545e-14 0.930989 2.74207e-13 0.00107296 0.000179535
18.1 0.0682868 -1.77694e-14 0.931675 2.68988e-13 0.000999732 0.000419188
18.2 0.0676079 -4.06799e-15 0.932354 2.54536e-13 0.000871396 0.000633255
18.3 0.0669359 -3.69047e-14 0.933026 3.26504e-13 0.000695773 0.000809725
18.4 0.0662705 -6.53283e-14 0.933691 2.64646e-13 0.000482719 0.000939228
18.5 0.0656114 2.18947e-14 0.934351 3.07983e-13 0.000244985 0.00101491
18.6 0.064959 -9.24867e-14 0.935003 2.73326e-14 -4.09667e-06 0.0010326
18.7 0.0643133 9.05848e-14 0.935649 -1.1474e-13 -0.000250701 0.000991296
18.8 0.0636737 7.81228e-14 0.93629 -1.91082e-13 -0.000480688 0.0008944
18.9 0.0630404 1.26992e-13 0.936923 -2.09252e-13 -0.000681413 0.000747566
19 0.0624134 1.79482e-13 0.93755 -2.08038e-13 -0.000841653 0.000558499
19.1 0.0617926 2.11619e-13 0.938171 -1.06466e-13 -0.000952363 0.000339384
19.2 0.0611778 2.05899e-13 0.938786 -1.48592e-13 -0.00100775 0.000102552
19.3 0.0605692 8.95621e-14 0.939395 -4.83421e-13 -0.00100572 -0.000138543
19.4 0.0599667 1.52729e-13 0.939997 -4.60921e-13 -0.000947622 -0.000370689
19.5 0.0593704 1.8303e-13 0.940593 -3.94021e-13 -0.000836757 -0.000582036
19.6 0.0587803 1.70847e-13 0.941183 -4.65629e-13 -0.000678386 -0.000757021
19.7 0.0581958 1.52483e-13 0.941768 -2.42326e-13 -0.000483262 -0.000888765
19.8 0.0576173 1.4667e-13 0.942345 8.4638e-14 -0.000262724 -0.00096935
19.9 0.0570442 3.93321e-13 0.942919 -9.91434e-13 -2.80482e-05 -0.000994333
20 0.0564771 1.60324e-13 0.943486 2.92454e-13 0.000204989 -0.000963833
