0 0 0 1 0 0 0
0.1 1.71713e-07 2.37825e-24 1 -2.68834e-24 4.82776e-05 -0.000411529
0.2 7.91126e-07 2.35459e-24 0.999999 -9.33482e-24 0.000195532 -0.000867546
0.3 2.03786e-06 -7.72055e-21 0.999998 7.56122e-23 0.000449863 -0.00135439
0.4 4.12258e-06 -9.41189e-20 0.999996 -4.6216e-20 0.00081618 -0.00185824
0.5 7.28644e-06 -3.64126e-19 0.999993 7.39862e-20 0.00129628 -0.00236599
0.6 1.18001e-05 -3.43962e-19 0.999988 -5.20114e-20 0.00188911 -0.00286603
0.7 1.79631e-05 -3.47284e-19 0.999982 -4.09247e-19 0.00259122 -0.003349
0.8 2.61036e-05 1.11071e-18 0.999974 -6.99891e-19 0.00339735 -0.00380838
0.9 3.65815e-05 2.44649e-19 0.999963 -2.24911e-18 0.00430114 -0.00424095
1 4.97945e-05 2.78447e-19 0.99995 -3.37484e-18 0.00529593 -0.00464713
1.1 6.61901e-05 9.86182e-19 0.999933 -2.4959e-18 0.0063756 -0.005031
1.2 8.62852e-05 7.0451e-18 0.999912 -7.16883e-18 0.0075354 -0.00540031
1.3 0.000110695 1.0142e-17 0.999887 -5.91987e-18 0.00877274 -0.00576612
1.4 0.000140174 1.78152e-17 0.999858 -8.44009e-18 0.0100879 -0.00614242
1.5 0.000175667 4.12144e-17 0.999822 -5.32421e-18 0.0114846 -0.00654549
1.6 0.000218384 5.04237e-17 0.999779 3.47204e-18 0.0129703 -0.0069932
1.7 0.000269875 5.42095e-17 0.999727 1.69241e-18 0.0145571 -0.00750391
1.8 0.000332126 5.33694e-17 0.999665 -1.99724e-18 0.0162606 -0.00809605
1.9 0.000407673 5.60915e-17 0.999589 -1.83292e-17 0.0181007 -0.00878718
2 0.000499715 3.5154e-17 0.999497 -2.3858e-17 0.0201009 -0.00959311
2.1 0.000612246 3.18444e-17 0.999384 -2.00404e-17 0.0222878 -0.0105272
2.2 0.000750169 4.97819e-17 0.999246 -7.87716e-18 0.0246908 -0.0115995
2.3 0.000919421 5.46213e-17 0.999077 -1.89376e-17 0.0273406 -0.0128166
2.4 0.00112708 -6.94868e-18 0.998869 -5.1183e-17 0.0302692 -0.0141806
2.5 0.00138144 4.18712e-17 0.998614 -8.84033e-17 0.033508 -0.0156898
2.6 0.00169207 3.02108e-17 0.998304 -6.18389e-17 0.0370875 -0.0173377
2.7 0.00206988 -1.38297e-17 0.997925 -1.21458e-16 0.041037 -0.0191144
2.8 0.0025269 6.06744e-17 0.997466 -2.00113e-16 0.04538 -0.0210047
2.9 0.00307731 -5.03613e-17 0.996915 -2.81985e-16 0.0501389 -0.0229905
3 0.00373556 -2.11244e-17 0.996257 -2.36124e-16 0.0553302 -0.0250506
3.1 0.0045179 -2.48221e-16 0.995474 -3.13164e-16 0.0609654 -0.0271607
3.2 0.00543965 -1.44213e-16 0.994552 -3.62392e-16 0.06705 -0.0292952
3.3 0.00651745 -6.93759e-17 0.993474 -1.09617e-16 0.0735835 -0.0314266
3.4 0.00776699 -1.2714e-16 0.992225 -3.3604e-16 0.0805589 -0.0335267
3.5 0.00920439 -2.46631e-16 0.990787 -4.38896e-16 0.0879627 -0.0355669
3.6 0.0108445 1.96507e-16 0.989147 -5.55557e-16 0.0957749 -0.0375191
3.7 0.0127014 4.64771e-16 0.98729 -7.38106e-16 0.103969 -0.0393555
3.8 0.0147865 6.74801e-16 0.985205 -1.07776e-15 0.112516 -0.04105
3.9 0.017109 6.69442e-16 0.982883 -1.22279e-15 0.121374 -0.0425765
4 0.0196749 2.55011e-16 0.980317 -1.18408e-15 0.130498 -0.0439136
4.1 0.0224873 1.69913e-16 0.977504 -8.9664e-16 0.139842 -0.0450409
4.2 0.0255454 1.21351e-16 0.974446 -7.49071e-16 0.149353 -0.045941
4.3 0.0288436 3.24666e-16 0.971148 -3.82501e-16 0.158973 -0.0466013
4.4 0.0323721 4.95372e-16 0.96762 -2.57655e-17 0.168645 -0.0470091
4.5 0.0361157 6.01724e-16 0.963876 1.89751e-17 0.17831 -0.047157
4.6 0.0400552 1.20703e-16 0.959937 -1.28719e-16 0.187906 -0.0470414
4.7 0.0441667 4.3033e-16 0.955825 -6.90585e-16 0.197373 -0.0466618
4.8 0.0484199 4.02705e-16 0.951572 9.99241e-17 0.20665 -0.0460223
4.9 0.0527866 -3.29529e-16 0.947205 1.45267e-15 0.215679 -0.0451325
5 0.0572295 4.29698e-15 0.942762 -5.09378e-15 0.224403 -0.0440065
5.1 0.0617109 6.19827e-15 0.938281 -4.98052e-15 0.232773 -0.0426635
5.2 0.066192 8.21581e-15 0.9338 -3.69339e-15 0.240742 -0.0411281
5.3 0.0706301 8.92086e-15 0.929362 -6.64264e-15 0.248272 -0.0394303
5.4 0.0749906 4.44722e-15 0.925001 -4.35749e-15 0.255329 -0.0376022
5.5 0.0792354 3.02744e-15 0.920756 -1.3952e-15 0.261891 -0.0356773
5.6 0.0833308 4.10369e-16 0.916661 2.28132e-15 0.267943 -0.0336937
5.7 0.08725 -8.23027e-16 0.912742 3.84501e-15 0.273476 -0.0316883
5.8 0.0909684 -3.38429e-15 0.909023 2.74466e-15 0.278496 -0.0296933
5.9 0.0944686 -2.28054e-15 0.905523 -8.23862e-16 0.28301 -0.0277391
6 0.0977394 -5.46577e-15 0.902252 2.26276e-15 0.287036 -0.0258512
6.1 0.100773 5.81494e-16 0.899219 -1.40213e-15 0.290592 -0.0240509
6.2 0.103566 5.37487e-15 0.896426 -8.38575e-15 0.293707 -0.0223399
6.3 0.106119 9.75706e-15 0.893872 -1.54623e-14 0.296402 -0.0207183
6.4 0.108433 1.18647e-14 0.891558 -1.87744e-14 0.298704 -0.0191824
6.5 0.110506 1.71462e-14 0.889484 -2.49034e-14 0.300634 -0.0177162
6.6 0.11234 1.92071e-14 0.887651 -2.64529e-14 0.302211 -0.0162956
6.7 0.11393 1.91178e-14 0.886061 -2.63329e-14 0.303445 -0.0148929
6.8 0.115269 1.79185e-14 0.884721 -2.5439e-14 0.30434 -0.0134781
6.9 0.116348 1.22668e-14 0.883642 -2.03343e-14 0.304896 -0.0120226
7 0.117153 8.26768e-15 0.882837 -1.38008e-14 0.305102 -0.0105008
7.1 0.117667 4.21053e-15 0.882323 -7.55544e-15 0.304945 -0.00889255
7.2 0.117875 -1.4568e-15 0.882115 -3.59737e-15 0.304406 -0.00718504
7.3 0.117761 -5.80242e-15 0.882229 1.13491e-15 0.303464 -0.00537431
7.4 0.117311 -1.11268e-14 0.882678 5.60707e-15 0.302101 -0.00346422
7.5 0.116516 -1.40479e-14 0.883472 1.06841e-14 0.300297 -0.00146592
7.6 0.115374 -1.6188e-14 0.884615 1.26181e-14 0.298035 0.000601848
7.7 0.113884 -1.44455e-14 0.886104 1.12437e-14 0.295305 0.00271601
7.8 0.112057 -1.20289e-14 0.887931 8.25834e-15 0.292103 0.00485101
7.9 0.109909 -1.00028e-14 0.89008 9.09845e-15 0.288428 0.00698136
8 0.10746 -5.58751e-15 0.892528 6.29129e-15 0.284286 0.00908231
8.1 0.104738 -3.70385e-15 0.89525 2.08805e-15 0.279688 0.0111316
8.2 0.101771 -2.81324e-15 0.898216 1.20495e-15 0.274649 0.0131124
8.3 0.0985942 4.05611e-15 0.901394 -3.0868e-15 0.26919 0.0150121
8.4 0.0952404 1.06969e-14 0.904747 -7.88298e-15 0.263331 0.0168233
8.5 0.0917432 1.75551e-14 0.908244 -1.17409e-14 0.257095 0.0185429
8.6 0.0881359 2.18492e-14 0.911852 -1.37442e-14 0.250503 0.0201715
8.7 0.0844504 2.20278e-14 0.915537 -1.567e-14 0.24358 0.0217115
8.8 0.0807162 2.14624e-14 0.919271 -1.4057e-14 0.236348 0.023167
8.9 0.0769604 2.16733e-14 0.923027 -1.61359e-14 0.228826 0.0245419
9 0.0732092 2.62857e-14 0.926778 -1.85269e-14 0.221035 0.0258387
9.1 0.0694852 2.5326e-14 0.930502 -2.24488e-14 0.212996 0.0270575
9.2 0.0658098 2.81701e-14 0.934178 -2.56742e-14 0.204729 0.0281955
9.3 0.0622031 2.88315e-14 0.937784 -2.61348e-14 0.196256 0.0292462
9.4 0.0586837 2.8692e-14 0.941304 -2.10951e-14 0.1876 0.0301994
9.5 0.0552686 2.73304e-14 0.944719 -1.66928e-14 0.178789 0.0310423
9.6 0.0519739 2.27038e-14 0.948014 -1.2952e-14 0.169851 0.0317589
9.7 0.0488143 1.60459e-14 0.951173 -8.43714e-15 0.160821 0.0323315
9.8 0.0458033 1.58396e-14 0.954184 -1.42059e-14 0.151735 0.0327417
9.9 0.0429523 -1.05505e-15 0.957035 -3.79218e-15 0.142636 0.0329711
10 0.0402712 -1.27758e-14 0.959717 5.24502e-15 0.133567 0.0330023
10.1 0.0377676 -2.63318e-14 0.96222 1.75749e-14 0.124579 0.0328207
10.2 0.0354471 -3.37788e-14 0.964541 2.52363e-14 0.115721 0.0324159
10.3 0.0333122 -4.15066e-14 0.966676 3.47907e-14 0.107048 0.0317819
10.4 0.0313635 -4.86558e-14 0.968624 4.51326e-14 0.0986108 0.0309186
10.5 0.0295985 -4.47517e-14 0.97039 4.43272e-14 0.0904618 0.0298319
10.6 0.0280123 -3.65395e-14 0.971976 3.74524e-14 0.082651 0.028534
10.7 0.0265979 -2.99501e-14 0.97339 2.98325e-14 0.0752236 0.027044
10.8 0.0253465 -2.22899e-14 0.974642 2.32809e-14 0.0682199 0.0253877
10.9 0.0242466 4.85367e-14 0.975741 -1.27305e-13 0.0616725 0.0235954
11 0.0232869 4.94196e-14 0.976701 -1.00541e-13 0.0556061 0.0217036
11.1 0.0224529 1.47668e-14 0.977535 -9.82132e-14 0.0500371 0.0197509
11.2 0.0217298 1.40528e-13 0.978258 4.82199e-14 0.0449731 0.0177786
11.3 0.0211055 5.036e-14 0.978882 2.46473e-14 0.0404105 0.015829
11.4 0.020568 1.12663e-13 0.97942 -2.77241e-13 0.0363364 0.0139424
11.5 0.0201004 1.19054e-13 0.979887 -2.57517e-13 0.0327299 0.0121574
11.6 0.0196928 1.3621e-13 0.980295 -2.55783e-13 0.0295607 0.0105078
11.7 0.0193346 1.42325e-13 0.980653 -2.47475e-13 0.0267926 0.00902208
11.8 0.0190167 1.42093e-13 0.980971 -2.38365e-13 0.024383 0.00772225
11.9 0.0187305 1.40552e-13 0.981257 -2.29012e-13 0.0222857 0.00662308
12 0.0184691 1.10132e-13 0.981518 -1.91947e-13 0.0204511 0.0057314
12.1 0.0182275 1.0379e-13 0.98176 -1.85463e-13 0.0188277 0.00504432
12.2 0.0180006 1.08761e-13 0.981987 -1.91147e-13 0.0173701 0.00455238
12.3 0.0177846 1.09214e-13 0.982203 -1.91212e-13 0.0160335 0.00423936
12.4 0.0175777 1.23483e-13 0.98241 -1.90633e-13 0.0147773 0.00408213
12.5 0.0173767 1.05663e-13 0.982611 -1.86118e-13 0.0135679 0.00405211
12.6 0.0171802 1.2774e-13 0.982807 -2.07434e-13 0.0123781 0.00411701
12.7 0.0169872 1.23603e-13 0.983 -2.03263e-13 0.0111888 0.00424281
12.8 0.0167986 1.22882e-13 0.983189 -2.00508e-13 0.00998947 0.00439379
12.9 0.0166132 1.19573e-13 0.983375 -2.00572e-13 0.00877504 0.00453633
13 0.0164309 1.46324e-13 0.983557 -1.76183e-13 0.0075538 0.00464067
13.1 0.0162526 1.44481e-13 0.983735 -2.02374e-13 0.00633464 0.00467878
13.2 0.0160782 1.42925e-13 0.98391 -1.97459e-13 0.00513353 0.00463145
13.3 0.0159075 1.39807e-13 0.98408 -1.92887e-13 0.00397137 0.00448346
13.4 0.0157401 1.3818e-13 0.984248 -1.89485e-13 0.00287079 0.00422776
13.5 0.015576 1.37409e-13 0.984412 -1.87244e-13 0.00185503 0.00386436
13.6 0.0154148 1.36122e-13 0.984573 -1.86069e-13 0.00094708 0.00339933
13.7 0.0152568 1.34774e-13 0.984731 -1.84229e-13 0.000167539 0.00284716
13.8 0.0151016 1.33777e-13 0.984886 -1.82726e-13 -0.000468436 0.00222663
13.9 0.0149491 1.32817e-13 0.985039 -1.81201e-13 -0.000948457 0.00155842
14 0.0147993 1.3176e-13 0.985189 -1.80149e-13 -0.00126521 0.000873345
14.1 0.0146513 1.30686e-13 0.985337 -1.79207e-13 -0.00142018 0.00019782
14.2 0.0145052 1.29638e-13 0.985483 -1.78253e-13 -0.00141972 -0.000439822
14.3 0.0143612 1.2845e-13 0.985626 -1.77186e-13 -0.00127683 -0.00101279
14.4 0.0142187 1.27309e-13 0.985769 -1.76085e-13 -0.0010101 -0.00149682
14.5 0.0140777 1.26124e-13 0.98591 -1.74988e-13 -0.000642983 -0.001872
14.6 0.0139382 1.24988e-13 0.986049 -1.73878e-13 -0.000203633 -0.00212413
14.7 0.0138001 1.23811e-13 0.986187 -1.72736e-13 0.000278677 -0.00224496
14.8 0.0136634 1.22542e-13 0.986324 -1.71511e-13 0.000773364 -0.00223212
14.9 0.013528 1.2129e-13 0.986459 -1.7032e-13 0.00124995 -0.00209001
15 0.0133938 1.20041e-13 0.986593 -1.69154e-13 0.00168005 -0.00182931
15.1 0.013261 1.18689e-13 0.986726 -1.67961e-13 0.0020385 -0.00146635
15.2 0.0131293 1.17384e-13 0.986858 -1.6685e-13 0.0023044 -0.00102251
15.3 0.0129987 1.16203e-13 0.986988 -1.65721e-13 0.00246245 -0.000522753
15.4 0.0128693 1.15141e-13 0.987118 -1.64514e-13 0.0025034 5.51699e-06
15.5 0.0127412 1.13999e-13 0.987246 -1.63355e-13 0.0024244 0.000533819
15.6 0.0126144 1.12837e-13 0.987373 -1.6221e-13 0.0022291 0.00103408
15.7 0.0124888 1.11742e-13 0.987498 -1.61086e-13 0.00192734 0.00148007
15.8 0.0123644 1.10625e-13 0.987622 -1.5997e-13 0.00153457 0.00184871
15.9 0.0122413 1.09513e-13 0.987746 -1.58864e-13 0.00107096 0.00212121
16 0.0121197 1.08447e-13 0.987867 -1.57789e-13 0.000560275 0.00228399
16.1 0.0119991 1.07332e-13 0.987988 -1.56727e-13 2.86279e-05 0.00232933
16.2 0.0118796 1.0628e-13 0.988107 -1.55669e-13 -0.000496937 0.00225569
16.3 0.0117613 1.05231e-13 0.988225 -1.54618e-13 -0.00098985 0.00206771
16.4 0.0116441 1.0419e-13 0.988342 -1.53577e-13 -0.00142539 0.00177595
16.5 0.011528 1.03157e-13 0.988458 -1.52543e-13 -0.00178184 0.00139597
16.6 0.0114131 1.02119e-13 0.988573 -1.51523e-13 -0.00204204 0.000948519
16.7 0.0112993 1.01131e-13 0.988687 -1.50506e-13 -0.0021936 0.000456928
16.8 0.0111869 1.00149e-13 0.988799 -1.49506e-13 -0.00222993 -5.31597e-05
16.9 0.0110756 9.92094e-14 0.98891 -1.48498e-13 -0.00215036 -0.000555372
17 0.0109654 9.82601e-14 0.98902 -1.47513e-13 -0.00196021 -0.00102398
17.1 0.0108563 9.73675e-14 0.98913 -1.4653e-13 -0.0016704 -0.0014352
17.2 0.0107482 9.64776e-14 0.989238 -1.45561e-13 -0.00129689 -0.00176843
17.3 0.0106413 9.5603e-14 0.989345 -1.44596e-13 -0.000859761 -0.00200728
17.4 0.0105354 9.47339e-14 0.98945 -1.43642e-13 -0.000382189 -0.00214033
17.5 0.0104306 9.37906e-14 0.989555 -1.42701e-13 0.000110795 -0.00216177
17.6 0.0103268 9.29285e-14 0.989659 -1.41757e-13 0.000593611 -0.00207154
17.7 0.0102241 9.19371e-14 0.989762 -1.4085e-13 0.00104145 -0.00187535
17.8 0.0101223 9.10582e-14 0.989864 -1.39928e-13 0.00143154 -0.00158431
17.9 0.0100216 9.01657e-14 0.989964 -1.39021e-13 0.00174429 -0.00121433
18 0.00992188 8.92881e-14 0.990064 -1.38122e-13 0.00196432 -0.0007852
18.1 0.00982316 8.83872e-14 0.990163 -1.37236e-13 0.00208112 -0.000319602
18.2 0.00972542 8.75339e-14 0.99026 -1.36351e-13 0.00208963 0.000158221
18.3 0.00962865 8.6558e-14 0.990357 -1.35482e-13 0.00199041 0.00062342
18.4 0.00953284 8.55842e-14 0.990453 -1.34642e-13 0.00178957 0.00105215
18.5 0.00943799 8.47389e-14 0.990548 -1.3379e-13 0.00149841 0.00142265
18.6 0.00934408 8.39222e-14 0.990642 -1.32936e-13 0.00113278 0.00171639
18.7 0.0092511 8.30981e-14 0.990735 -1.32103e-13 0.000712202 0.00191894
18.8 0.00915905 8.22723e-14 0.990827 -1.31277e-13 0.000258867 0.00202073
18.9 0.00906792 8.15046e-14 0.990918 -1.30456e-13 -0.000203563 0.00201744
19 0.00897769 8.06566e-14 0.991008 -1.29648e-13 -0.000651178 0.00191024
19.1 0.00888836 7.9946e-14 0.991097 -1.28824e-13 -0.00106105 0.00170562
19.2 0.00879992 7.92516e-14 0.991186 -1.28027e-13 -0.00141242 0.00141503
19.3 0.00871236 7.84174e-14 0.991273 -1.27238e-13 -0.00168773 0.00105424
19.4 0.00862567 7.75713e-14 0.99136 -1.26467e-13 -0.00187351 0.000642512
19.5 0.00853985 7.68542e-14 0.991446 -1.25683e-13 -0.00196101 0.000201526
19.6 0.00845487 7.61083e-14 0.991531 -1.24922e-13 -0.00194666 -0.00024572
19.7 0.00837075 7.53465e-14 0.991615 -1.24164e-13 -0.00183213 -0.000676124
19.8 0.00828745 7.4584e-14 0.991698 -1.23423e-13 -0.00162428 -0.00106767
19.9 0.00820499 7.3831e-14 0.991781 -1.22677e-13 -0.00133468 -0.00140054
20 0.00812335 7.30567e-14 0.991862 -1.21961e-13 -0.000979021 -0.00165813
