0 0 0 1 0 0 0
0.1 1.71713e-07 2.37825e-24 1 -2.68834e-24 4.82622e-05 -0.000411113
0.2 7.90731e-07 1.17131e-23 0.999999 -9.33482e-24 0.000195212 -0.000865448
0.3 2.03518e-06 -3.60712e-20 0.999998 -1.85955e-22 0.000448297 -0.00134852
0.4 4.11248e-06 -5.91178e-19 0.999996 2.789e-19 0.00081141 -0.00184584
0.5 7.25811e-06 -7.21177e-19 0.999993 1.84252e-19 0.00128501 -0.00234389
0.6 1.1734e-05 -6.76322e-20 0.999988 -3.10296e-19 0.00186646 -0.00283101
0.7 1.7827e-05 -3.90955e-18 0.999982 -1.31609e-18 0.0025506 -0.00329821
0.8 2.58495e-05 -4.32286e-18 0.999974 -4.43792e-18 0.0033304 -0.00373982
0.9 3.61419e-05 -3.31525e-18 0.999964 -6.53925e-19 0.00419788 -0.00415394
1 4.90811e-05 -3.20533e-18 0.99995 -8.51778e-19 0.00514496 -0.00454271
1.1 6.50939e-05 -2.4419e-18 0.999934 3.66285e-18 0.00616448 -0.00491233
1.2 8.46812e-05 -4.26503e-18 0.999914 3.41803e-19 0.00725107 -0.00527289
1.3 0.000108452 -1.93725e-17 0.99989 8.85143e-19 0.00840202 -0.00563792
1.4 0.000137167 -2.41388e-18 0.999861 -3.33163e-18 0.00961802 -0.00602386
1.5 0.000171807 7.68154e-19 0.999826 -4.3221e-18 0.0109037 -0.00644923
1.6 0.000213641 1.32207e-17 0.999784 2.59453e-18 0.012268 -0.00693386
1.7 0.000264324 6.26196e-18 0.999733 2.55639e-18 0.0137246 -0.00749756
1.8 0.000326528 -4.4593e-18 0.99967 -5.84955e-18 0.0152911 -0.00815962
1.9 0.000402667 -1.85118e-17 0.999594 -1.27848e-17 0.0169893 -0.00893799
2 0.00049687 -1.6383e-17 0.9995 -4.56989e-17 0.0188446 -0.00984808
2.1 0.000613345 -2.29945e-17 0.999383 -5.88383e-17 0.0208854 -0.0109023
2.2 0.000757432 -1.43494e-17 0.999239 -4.17868e-17 0.0231416 -0.012109
2.3 0.000935842 -6.9228e-18 0.99906 -2.66717e-17 0.0256448 -0.0134727
2.4 0.00115639 1.0489e-16 0.99884 -3.50414e-17 0.0284262 -0.0149935
2.5 0.0014283 1.81652e-16 0.998568 3.19239e-18 0.0315161 -0.0166671
2.6 0.00176203 1.97204e-16 0.998234 -1.31599e-17 0.0349427 -0.0184849
2.7 0.00216948 2.4488e-16 0.997826 9.49931e-17 0.0387313 -0.0204345
2.8 0.00266398 3.59383e-16 0.997332 1.38051e-16 0.0429033 -0.0225001
2.9 0.00326 2.03055e-16 0.996736 6.65997e-17 0.0474754 -0.0246629
3 0.00397329 3.99175e-16 0.996022 1.22232e-17 0.0524602 -0.0269027
3.1 0.00482069 4.11471e-16 0.995174 1.28149e-16 0.057866 -0.0291973
3.2 0.00581972 3.10607e-16 0.994173 1.06307e-16 0.0636852 -0.0315202
3.3 0.00698858 5.96877e-16 0.993003 3.6344e-16 0.069916 -0.0338504
3.4 0.00834611 7.40139e-16 0.991644 2.0017e-16 0.0765467 -0.0361646
3.5 0.00991046 9.72862e-16 0.990079 1.21106e-16 0.0835605 -0.0384404
3.6 0.0116996 1.11043e-15 0.988289 -2.00103e-18 0.090934 -0.0406562
3.7 0.013731 9.67024e-16 0.986257 -5.9432e-16 0.0986379 -0.0427919
3.8 0.0160214 1.10923e-15 0.983966 -2.60067e-16 0.106642 -0.0448294
3.9 0.0185851 1.35559e-15 0.981402 1.83915e-16 0.114911 -0.0467513
4 0.0214352 1.2057e-15 0.978552 3.10644e-16 0.123403 -0.0485405
4.1 0.0245823 1.31185e-15 0.975404 1.00525e-16 0.132076 -0.0501817
4.2 0.0280365 1.46727e-15 0.971949 -3.321e-16 0.140883 -0.0516598
4.3 0.0318023 2.44882e-15 0.968183 -1.27797e-15 0.149773 -0.0529614
4.4 0.0358806 4.07813e-15 0.964105 -3.55533e-15 0.158695 -0.0540712
4.5 0.0402687 1.01527e-14 0.959717 -9.68267e-15 0.167593 -0.0549797
4.6 0.044957 8.66708e-15 0.955028 -7.75473e-15 0.176415 -0.0556772
4.7 0.049935 5.96167e-15 0.95005 -5.70913e-15 0.185099 -0.0561544
4.8 0.0551837 8.50389e-15 0.944801 -9.56816e-15 0.193595 -0.0563985
4.9 0.060682 1.01087e-14 0.939304 -1.2301e-14 0.201838 -0.0564084
5 0.0664028 1.20182e-14 0.933583 -1.31251e-14 0.209775 -0.0561827
5.1 0.0723145 1.01349e-14 0.927672 -1.38503e-14 0.21735 -0.055722
5.2 0.0783771 9.16057e-15 0.92161 -1.3011e-14 0.224515 -0.0550311
5.3 0.0845525 8.35854e-15 0.915434 -1.17758e-14 0.231216 -0.0541229
5.4 0.0907941 4.55787e-15 0.909192 -9.58694e-15 0.237414 -0.0530085
5.5 0.0970592 1.66605e-15 0.902926 -3.46687e-15 0.243067 -0.0517119
5.6 0.103307 2.88764e-15 0.896679 -7.58248e-15 0.248154 -0.0502652
5.7 0.109489 -5.04055e-15 0.890497 -4.24781e-15 0.252649 -0.0486871
5.8 0.115573 -6.66689e-16 0.884413 -9.70323e-15 0.256546 -0.0470288
5.9 0.12152 7.95328e-15 0.878466 -1.78247e-14 0.259843 -0.0453139
6 0.127299 1.17943e-14 0.872686 -2.2669e-14 0.262549 -0.0435766
6.1 0.132889 1.67909e-14 0.867096 -3.2137e-14 0.264681 -0.041845
6.2 0.138262 4.48997e-15 0.861722 -2.18997e-14 0.266265 -0.0401451
6.3 0.143409 -3.9655e-15 0.856574 -4.82942e-15 0.267331 -0.0384961
6.4 0.148317 -3.10729e-15 0.851666 -4.5858e-15 0.267917 -0.03691
6.5 0.152987 -6.46515e-15 0.846994 2.80059e-15 0.268059 -0.0353952
6.6 0.157402 -1.42991e-14 0.842579 8.07323e-15 0.267793 -0.0339498
6.7 0.161559 -1.61326e-14 0.838421 1.47573e-14 0.26714 -0.0325619
6.8 0.165458 -2.47379e-14 0.83452 2.10054e-14 0.266138 -0.0312161
6.9 0.169094 -4.16739e-14 0.830883 4.11195e-14 0.26481 -0.0298939
7 0.172452 -4.37886e-14 0.827524 3.73078e-14 0.263171 -0.0285879
7.1 0.175531 -3.4593e-14 0.824444 2.18943e-14 0.261249 -0.0272419
7.2 0.178315 -2.7853e-14 0.821659 2.17609e-14 0.259024 -0.0258744
7.3 0.180798 -3.54694e-14 0.819174 1.96937e-14 0.256508 -0.0244591
7.4 0.182969 -2.67219e-14 0.817001 1.36526e-14 0.253689 -0.0229913
7.5 0.184811 -2.01899e-14 0.81516 1.06355e-14 0.250584 -0.0214771
7.6 0.186319 -1.07799e-14 0.813651 6.57396e-16 0.247165 -0.0199174
7.7 0.187491 -1.38063e-15 0.812479 -5.70091e-15 0.243428 -0.0183401
7.8 0.188342 -1.15726e-14 0.811629 -9.31827e-15 0.239379 -0.0167542
7.9 0.188873 -1.16431e-14 0.811097 -2.09793e-15 0.235034 -0.0151724
8 0.189088 -5.29302e-15 0.810881 -1.28424e-15 0.230381 -0.0136021
8.1 0.189012 -3.53577e-16 0.810957 -9.93596e-16 0.22544 -0.0120724
8.2 0.188659 5.54669e-15 0.81131 -9.03002e-15 0.22023 -0.0105951
8.3 0.188046 1.13672e-14 0.811923 -1.48031e-14 0.214766 -0.00919297
8.4 0.187205 1.77684e-14 0.812764 -2.54943e-14 0.20907 -0.00786981
8.5 0.186159 1.40161e-14 0.813809 -2.31576e-14 0.203176 -0.00663098
8.6 0.184933 9.63907e-15 0.815035 -2.13888e-14 0.197108 -0.00548022
8.7 0.183554 1.02788e-14 0.816414 -1.80703e-14 0.190892 -0.00439804
8.8 0.182043 4.86246e-15 0.817925 -5.86071e-15 0.184541 -0.0033785
8.9 0.180419 1.06511e-14 0.819549 2.68911e-15 0.178091 -0.00241532
9 0.178696 1.29493e-14 0.821272 -5.57369e-15 0.171558 -0.00149754
9.1 0.176892 1.15326e-14 0.823077 1.27913e-14 0.16496 -0.000611586
9.2 0.175016 5.6357e-15 0.824952 1.15683e-14 0.158313 0.00025014
9.3 0.173085 1.12736e-14 0.826884 -1.42857e-15 0.151632 0.00108931
9.4 0.17111 -1.35515e-15 0.828859 8.86065e-15 0.144931 0.00192346
9.5 0.169091 -8.95082e-15 0.830878 1.26372e-14 0.138209 0.00272238
9.6 0.167053 -1.5423e-14 0.832916 1.59978e-14 0.131501 0.00349786
9.7 0.164991 -1.31742e-14 0.834978 2.93377e-15 0.124805 0.00425183
9.8 0.162922 -1.8565e-14 0.837047 -4.46179e-15 0.118137 0.00497077
9.9 0.160849 -1.09268e-14 0.83912 -6.31727e-15 0.111519 0.00563839
10 0.158784 -1.56315e-14 0.841186 -7.959e-15 0.104965 0.00623902
10.1 0.156737 -1.76483e-14 0.843234 -4.54163e-15 0.098498 0.00676247
10.2 0.154712 -1.42891e-14 0.84526 -4.16726e-15 0.092139 0.00719177
10.3 0.15272 -1.18983e-14 0.847251 -8.2774e-15 0.0859166 0.00751638
10.4 0.150767 -6.76758e-15 0.849205 4.09468e-15 0.0798566 0.0077296
10.5 0.148859 -1.33605e-14 0.851114 1.46897e-14 0.0739837 0.00782517
10.6 0.147001 -9.90388e-15 0.852972 2.29465e-15 0.0683247 0.0078058
10.7 0.145193 -1.65002e-15 0.854779 1.82199e-14 0.0629023 0.0076656
10.8 0.143439 -8.52238e-15 0.856533 1.46973e-14 0.057736 0.00740869
10.9 0.141738 -3.79464e-15 0.858235 1.4765e-14 0.0528511 0.00704645
11 0.140093 -1.61257e-14 0.85988 1.90516e-14 0.0482669 0.00658956
11.1 0.138496 -2.78261e-14 0.861477 3.89734e-14 0.0439963 0.00606215
11.2 0.136952 -1.23425e-13 0.863021 -1.47426e-13 0.0400409 0.00547899
11.3 0.135453 9.19006e-15 0.864521 -1.57967e-13 0.0364093 0.00486464
11.4 0.133998 1.30005e-13 0.865975 -3.09301e-13 0.0330928 0.00423893
11.5 0.132579 -1.92447e-13 0.867395 -2.06979e-13 0.0300841 0.00362515
11.6 0.131194 -1.22849e-13 0.868779 -2.1343e-13 0.0273727 0.00304513
11.7 0.129837 1.57184e-13 0.870137 -6.95075e-14 0.024938 0.00251783
11.8 0.128507 1.91921e-13 0.871467 -2.10248e-13 0.0227509 0.00205556
11.9 0.127198 3.67026e-13 0.872776 -3.00368e-13 0.0207933 0.00167452
12 0.125909 1.76103e-12 0.874064 -2.48749e-12 0.0190337 0.0013795
12.1 0.124638 -1.02184e-12 0.875336 -7.84987e-13 0.0174438 0.00117239
12.2 0.123383 -9.19546e-13 0.876591 -1.08145e-12 0.0160001 0.00105582
12.3 0.122145 -8.84256e-13 0.877829 -6.5321e-13 0.0146671 0.0010239
12.4 0.12092 -2.3632e-12 0.879053 7.41704e-13 0.0134241 0.00106408
12.5 0.119707 -3.72067e-12 0.880266 1.75321e-12 0.01225 0.00116278
12.6 0.118509 -3.22325e-12 0.881464 1.97281e-12 0.0111247 0.0013076
12.7 0.117322 -3.38142e-12 0.882651 2.09458e-12 0.010035 0.00147639
12.8 0.116146 -3.79342e-12 0.883826 2.21812e-12 0.0089722 0.0016518
12.9 0.114983 -4.03073e-12 0.884989 2.39745e-12 0.00793278 0.0018131
13 0.113831 -4.23927e-12 0.886141 2.66031e-12 0.00691824 0.00194492
13.1 0.112693 -3.91203e-12 0.887279 2.57042e-12 0.00593281 0.00203216
13.2 0.111567 -2.8375e-12 0.888404 2.66298e-12 0.00498515 0.00206671
13.3 0.110453 -4.28675e-12 0.889518 3.45714e-12 0.00408678 0.00203794
13.4 0.109352 -5.41873e-12 0.890619 4.57888e-12 0.00324971 0.00194351
13.5 0.108262 -5.10034e-12 0.891709 4.41082e-12 0.00248511 0.0017838
13.6 0.107185 -4.83583e-12 0.892786 4.06168e-12 0.00180532 0.00156451
13.7 0.106118 -5.87954e-12 0.893853 5.15668e-12 0.00122145 0.00129249
13.8 0.105061 -6.22954e-12 0.894909 5.53871e-12 0.000740214 0.000983975
13.9 0.104017 -6.54565e-12 0.895953 5.8534e-12 0.00036843 0.000647312
14 0.102983 -6.81696e-12 0.896987 6.13061e-12 0.000105072 0.000305593
14.1 0.101958 -6.75437e-12 0.898011 6.36843e-12 -5.22705e-05 -2.69539e-05
14.2 0.100945 -7.31223e-12 0.899025 6.43592e-12 -0.000109803 -0.000334813
14.3 0.0999405 -7.55999e-12 0.900029 6.75672e-12 -7.88589e-05 -0.000601262
14.4 0.0989461 -7.70451e-12 0.901023 6.88237e-12 2.69953e-05 -0.000814219
14.5 0.0979619 -7.98474e-12 0.902007 7.20036e-12 0.000192246 -0.000965778
14.6 0.0969875 -8.23269e-12 0.902981 7.45203e-12 0.000395374 -0.00104528
14.7 0.096023 -9.00216e-12 0.903945 8.14642e-12 0.000618705 -0.00105287
14.8 0.0950678 -8.71982e-12 0.904901 7.78094e-12 0.000843588 -0.000990078
14.9 0.0941217 -8.91533e-12 0.905847 7.87547e-12 0.00105312 -0.000861643
15 0.0931855 -8.94193e-12 0.906783 7.84187e-12 0.00123108 -0.000676527
15.1 0.092258 -9.18844e-12 0.90771 8.09406e-12 0.00136262 -0.000447626
15.2 0.0913397 -9.89557e-12 0.908629 8.14613e-12 0.00143736 -0.000186992
15.3 0.0904304 -9.1808e-12 0.909538 7.9937e-12 0.00145022 8.98389e-05
15.4 0.0895303 -9.25299e-12 0.910438 7.76626e-12 0.00139612 0.000366475
15.5 0.088639 -8.34599e-12 0.911328 7.05146e-12 0.00127892 0.00062329
15.6 0.0877568 -7.06204e-12 0.912211 6.81549e-12 0.00110411 0.00084817
15.7 0.0868836 -7.12274e-12 0.913084 7.53471e-12 0.000879557 0.00102743
15.8 0.0860198 -9.7931e-12 0.913947 1.11105e-11 0.000615975 0.00114869
15.9 0.0851644 -7.97126e-12 0.914802 7.79796e-12 0.00033072 0.0012082
16 0.0843178 -7.78602e-12 0.915648 6.71252e-12 3.56831e-05 0.00120053
16.1 0.0834798 -7.96737e-12 0.916486 6.72511e-12 -0.00025001 0.00112834
16.2 0.0826509 -7.78749e-12 0.917315 6.19155e-12 -0.000513521 0.000995113
16.3 0.0818296 -7.85643e-12 0.918135 5.29271e-12 -0.000740343 0.000807293
16.4 0.0810169 -8.31369e-12 0.918948 5.34678e-12 -0.000916278 0.000574503
16.5 0.0802122 -9.00831e-12 0.919752 6.64197e-12 -0.00103901 0.000313694
16.6 0.0794155 -7.53609e-12 0.920549 5.53427e-12 -0.00109658 3.59122e-05
16.7 0.0786263 -7.1945e-12 0.921338 5.49047e-12 -0.00109139 -0.000241681
16.8 0.0778463 -7.32821e-12 0.922119 6.15443e-12 -0.00102094 -0.000503398
16.9 0.0770729 -7.9988e-12 0.922892 6.09343e-12 -0.000893267 -0.000739986
17 0.0763081 -7.76201e-12 0.923658 5.82298e-12 -0.000715728 -0.000932142
17.1 0.0755514 -7.44965e-12 0.924417 5.39323e-12 -0.00049426 -0.00107452
17.2 0.0748012 -7.03436e-12 0.925168 4.93846e-12 -0.000245484 -0.00115473
17.3 0.0740589 -6.30102e-12 0.925911 4.55161e-12 1.57883e-05 -0.00116913
17.4 0.0733238 -6.05234e-12 0.926646 4.09544e-12 0.000274978 -0.0011175
17.5 0.0725957 -5.72774e-12 0.927375 3.74358e-12 0.000515151 -0.00100215
17.6 0.0718748 -5.40988e-12 0.928096 3.43511e-12 0.000721239 -0.000832114
17.7 0.0711609 -5.08757e-12 0.92881 3.16583e-12 0.000883819 -0.000615465
17.8 0.0704536 -4.87551e-12 0.929517 2.9975e-12 0.000995923 -0.000366168
17.9 0.0697527 -4.59373e-12 0.930218 2.7955e-12 0.00104507 -9.66662e-05
18 0.069059 -4.25526e-12 0.930912 2.53748e-12 0.00103148 0.000177262
18.1 0.0683719 -4.01773e-12 0.9316 2.38e-12 0.000956423 0.00043813
18.2 0.0676907 -3.68507e-12 0.932281 2.17052e-12 0.000825533 0.000671563
18.3 0.0670168 -3.70709e-12 0.932956 2.21328e-12 0.000644862 0.000865271
18.4 0.0663501 -3.16051e-12 0.933623 1.75152e-12 0.000426609 0.00100562
18.5 0.0656892 -2.92281e-12 0.934285 1.73683e-12 0.000185946 0.00108694
18.6 0.065035 -2.74954e-12 0.934939 1.71265e-12 -6.17324e-05 0.00110752
18.7 0.0643867 -2.73566e-12 0.935587 1.59904e-12 -0.000304017 0.00106571
18.8 0.0637451 -2.83064e-12 0.936229 1.65654e-12 -0.000528178 0.000965364
18.9 0.0631106 -2.58945e-12 0.936863 1.26137e-12 -0.000720865 0.000810916
19 0.0624827 -2.66989e-12 0.937492 1.22203e-12 -0.000869826 0.000613484
19.1 0.0618606 -2.67767e-12 0.938114 1.11295e-12 -0.000967375 0.000385025
19.2 0.0612446 -2.5515e-12 0.93873 1.01182e-12 -0.00100828 0.000139485
19.3 0.0606352 -2.27794e-12 0.93934 8.03772e-13 -0.000991696 -0.000111086
19.4 0.0600319 -2.06049e-12 0.939944 7.07013e-13 -0.000915794 -0.000351129
19.5 0.0594345 -1.90308e-12 0.940541 6.55098e-13 -0.000788142 -0.00056763
19.6 0.0588429 -1.73452e-12 0.941133 5.52166e-13 -0.000617146 -0.000747812
19.7 0.0582573 -1.63558e-12 0.941719 5.00725e-13 -0.000412473 -0.000883531
19.8 0.0576773 -1.51144e-12 0.942299 4.62244e-13 -0.000184693 -0.000967161
19.9 0.0571031 -1.40264e-12 0.942873 4.45013e-13 5.26101e-05 -0.000995274
20 0.0565345 -1.31832e-12 0.943441 4.47568e-13 0.000286012 -0.00096564
