0 0 0 1 0 0 0
0.1 1.71713e-07 2.37825e-24 1 -2.68834e-24 4.82703e-05 -0.000411351
0.2 7.90957e-07 1.17131e-23 0.999999 2.36648e-26 0.000195389 -0.000866645
0.3 2.03671e-06 5.2052e-20 0.999998 7.34252e-22 0.000449166 -0.00135186
0.4 4.11824e-06 -4.65508e-20 0.999996 -2.25957e-19 0.00081406 -0.0018529
0.5 7.27426e-06 3.62877e-19 0.999993 5.42256e-19 0.00129127 -0.00235645
0.6 1.17717e-05 7.92824e-19 0.999988 1.42949e-18 0.00187903 -0.00285088
0.7 1.79044e-05 2.47846e-18 0.999982 2.43587e-18 0.0025731 -0.00332696
0.8 2.59936e-05 3.12342e-18 0.999974 -5.90868e-19 0.0033674 -0.00377854
0.9 3.63906e-05 1.14341e-18 0.999963 2.52739e-18 0.00425478 -0.00420295
1 4.9483e-05 -1.36601e-18 0.99995 6.59628e-18 0.00522789 -0.00460133
1.1 6.57082e-05 -5.57607e-19 0.999933 5.87196e-18 0.00628002 -0.00497873
1.2 8.55739e-05 -4.12937e-18 0.999913 7.53594e-18 0.007406 -0.0053439
1.3 0.000109689 -1.01216e-17 0.999888 1.60253e-17 0.00860304 -0.00570905
1.4 0.000138807 -9.37584e-18 0.999859 1.60516e-17 0.0098714 -0.0060893
1.5 0.000173881 -7.6582e-18 0.999824 1.95708e-17 0.011215 -0.00650205
1.6 0.000216137 -2.04286e-18 0.999781 1.18995e-17 0.0126418 -0.00696615
1.7 0.00026716 -4.28283e-18 0.99973 2.05041e-17 0.0141643 -0.00750083
1.8 0.000328988 -1.93699e-17 0.999668 2.82487e-17 0.015799 -0.00812513
1.9 0.000404228 1.50724e-17 0.999592 1.69972e-17 0.0175662 -0.00885705
2 0.000496435 5.97714e-17 0.9995 -2.09587e-17 0.0194901 -0.00971252
2.1 0.000610147 5.91006e-17 0.999386 -4.40286e-17 0.0215981 -0.0107048
2.2 0.000750495 3.85701e-17 0.999246 -3.27974e-17 0.0239198 -0.0118437
2.3 0.000923634 9.61311e-17 0.999073 -1.7625e-17 0.0264861 -0.0131351
2.4 0.00113747 1.03114e-16 0.998859 -3.03409e-17 0.0293286 -0.0145808
2.5 0.00140085 -1.13536e-16 0.998595 -2.639e-17 0.0324785 -0.016178
2.6 0.00172317 -4.59111e-17 0.998273 7.47709e-19 0.0359651 -0.0179198
2.7 0.00211632 -1.37529e-16 0.997879 -2.01647e-17 0.0398155 -0.0197951
2.8 0.00259334 -8.05209e-17 0.997402 2.26686e-17 0.0440534 -0.0217892
2.9 0.00316856 -3.15376e-16 0.996827 -1.07901e-16 0.048698 -0.0238836
3 0.00385737 -3.54367e-16 0.996138 -1.46821e-16 0.0537637 -0.0260575
3.1 0.00467538 2.46442e-17 0.995319 3.32971e-17 0.0592614 -0.0282902
3.2 0.00564012 -1.12033e-16 0.994352 1.64276e-16 0.0651942 -0.0305556
3.3 0.00676929 2.04928e-16 0.993222 1.79125e-16 0.0715542 -0.032823
3.4 0.00808023 5.56072e-16 0.99191 3.89726e-16 0.0783324 -0.0350697
3.5 0.00959117 4.81606e-16 0.990398 5.66047e-16 0.0855153 -0.0372713
3.6 0.0113185 3.73264e-16 0.98867 9.43528e-16 0.0930814 -0.0394031
3.7 0.0132788 5.96624e-16 0.986709 9.51163e-16 0.101003 -0.0414408
3.8 0.0154864 9.83551e-18 0.984501 1.11395e-15 0.109246 -0.0433629
3.9 0.0179534 7.15664e-16 0.982034 7.97625e-16 0.117773 -0.045147
4 0.0206907 1.19267e-15 0.979298 1.03154e-15 0.126539 -0.0467752
4.1 0.0237054 1.86912e-15 0.976285 1.17193e-15 0.135499 -0.0482307
4.2 0.0270017 1.72801e-15 0.972989 -1.77721e-16 0.144603 -0.0494977
4.3 0.0305871 1.11683e-15 0.969405 9.00729e-16 0.153795 -0.0505639
4.4 0.0344526 1.07648e-15 0.965539 1.78764e-15 0.163023 -0.0514166
4.5 0.0385914 8.36987e-16 0.961401 1.57543e-15 0.172227 -0.0520475
4.6 0.0429936 4.53623e-15 0.956999 -2.34372e-15 0.181346 -0.0524505
4.7 0.0476423 3.4833e-15 0.952349 -2.28807e-16 0.190323 -0.0526215
4.8 0.0525184 6.00071e-15 0.947473 -2.51728e-15 0.199097 -0.0525594
4.9 0.0575967 4.22064e-15 0.942393 8.20838e-16 0.207615 -0.0522687
5 0.0628453 3.30304e-15 0.937145 -7.71289e-16 0.215812 -0.0517599
5.1 0.0682296 6.61397e-15 0.931761 -3.42649e-15 0.223638 -0.0510438
5.2 0.0737172 5.23932e-15 0.926273 -6.22111e-15 0.231051 -0.0501415
5.3 0.079273 6.09351e-15 0.920717 -1.01433e-14 0.238003 -0.049059
5.4 0.0848582 6.39261e-15 0.91513 -7.79539e-15 0.24446 -0.0478297
5.5 0.0904377 5.88299e-15 0.90955 -2.32563e-15 0.250397 -0.0464809
5.6 0.0959748 2.46606e-16 0.90401 3.06258e-15 0.255792 -0.0450388
5.7 0.10144 -1.83047e-15 0.898543 6.5912e-15 0.260632 -0.0435351
5.8 0.106801 -1.71773e-15 0.893182 2.8477e-15 0.264913 -0.0420011
5.9 0.11203 -1.92409e-15 0.887951 6.47522e-15 0.268643 -0.0404595
6 0.11711 -2.12416e-17 0.882869 8.44674e-15 0.271842 -0.0389414
6.1 0.122025 -1.38388e-14 0.87795 2.16101e-14 0.274528 -0.0374646
6.2 0.126768 -8.81184e-15 0.873206 2.21239e-14 0.276729 -0.0360391
6.3 0.131329 -1.0861e-14 0.868644 2.41295e-14 0.278479 -0.0346742
6.4 0.135693 -5.75418e-15 0.864278 1.45538e-14 0.279798 -0.0333659
6.5 0.139852 -1.428e-14 0.860117 2.15529e-14 0.280723 -0.0321055
6.6 0.143792 -2.25588e-15 0.856175 1.84662e-14 0.281276 -0.030875
6.7 0.147506 -1.02222e-14 0.852459 2.00413e-14 0.28151 -0.0296478
6.8 0.150982 -5.59046e-15 0.848979 1.91508e-14 0.281431 -0.0284034
6.9 0.154202 2.57165e-15 0.845757 1.10815e-14 0.281055 -0.0271016
7 0.157141 -2.2008e-15 0.842813 1.77716e-14 0.280365 -0.0257382
7.1 0.159783 -2.81562e-15 0.84017 5.78263e-15 0.279375 -0.0242753
7.2 0.162106 1.33313e-15 0.837844 4.10286e-15 0.278078 -0.0227032
7.3 0.164091 5.64501e-15 0.835858 6.52337e-15 0.276454 -0.0210208
7.4 0.165721 1.81904e-14 0.834224 -1.85131e-14 0.274493 -0.0192424
7.5 0.166979 2.10843e-14 0.832963 -2.10519e-14 0.272186 -0.0173733
7.6 0.167856 3.33433e-14 0.832083 -1.51664e-14 0.269519 -0.0154306
7.7 0.168341 1.75307e-14 0.831593 1.1475e-15 0.266471 -0.0134573
7.8 0.168446 2.26116e-14 0.831484 -7.25409e-15 0.26307 -0.0114726
7.9 0.168171 3.34185e-14 0.831756 -2.12244e-14 0.259326 -0.00952653
8 0.167534 3.81345e-14 0.832391 -3.50059e-14 0.255226 -0.00763042
8.1 0.166579 4.74991e-14 0.833343 -5.48588e-14 0.250793 -0.00579841
8.2 0.165338 4.638e-14 0.834583 -5.74724e-14 0.246025 -0.00405346
8.3 0.163839 3.50623e-14 0.836079 -6.44373e-14 0.240929 -0.00240672
8.4 0.16211 3.69222e-14 0.837806 -5.32859e-14 0.23555 -0.00087094
8.5 0.160183 3.84005e-14 0.839733 -4.01889e-14 0.229904 0.000546015
8.6 0.158086 3.64765e-14 0.841829 -2.34968e-14 0.224008 0.00185185
8.7 0.155859 2.39061e-14 0.844054 4.01302e-15 0.217876 0.00304204
8.8 0.15352 -6.98331e-15 0.846392 8.97858e-15 0.211548 0.00412819
8.9 0.151096 -3.75336e-14 0.848814 3.40666e-14 0.205012 0.00512054
9 0.148625 -4.56373e-14 0.851284 2.13757e-14 0.198324 0.00604621
9.1 0.146127 -3.58284e-14 0.853781 3.36017e-14 0.191477 0.00691002
9.2 0.143613 -2.66194e-14 0.856294 3.01178e-14 0.18448 0.00770349
9.3 0.14111 -2.5348e-14 0.858794 1.23035e-14 0.177369 0.00843615
9.4 0.138624 1.71155e-15 0.861276 2.47706e-14 0.17013 0.00910743
9.5 0.136193 -4.66689e-15 0.863701 1.68285e-14 0.162752 0.00971569
9.6 0.133793 3.79548e-15 0.8661 5.7144e-15 0.155287 0.0102357
9.7 0.131436 1.60132e-14 0.868458 1.59609e-14 0.147729 0.0106513
9.8 0.129131 -1.7843e-14 0.870762 1.79505e-14 0.140104 0.0109428
9.9 0.126898 -9.83161e-15 0.872994 3.82791e-15 0.132458 0.0111137
10 0.12474 8.44589e-16 0.875152 2.08612e-14 0.124834 0.0111402
10.1 0.122664 -3.30097e-15 0.87723 5.48109e-15 0.117253 0.0110216
10.2 0.120675 2.51808e-15 0.879219 -1.67492e-14 0.109768 0.0107508
10.3 0.118783 6.34637e-15 0.881111 -1.84205e-14 0.102402 0.0103082
10.4 0.116986 -1.267e-15 0.882907 -1.69095e-14 0.0952024 0.00969626
10.5 0.115276 -4.48245e-14 0.884616 5.44205e-14 0.0882205 0.00892001
10.6 0.113656 6.76791e-14 0.886235 -1.77295e-14 0.0814847 0.00799011
10.7 0.112127 4.73077e-14 0.887762 5.74119e-14 0.0750481 0.00692249
10.8 0.11069 -5.10023e-17 0.889198 1.65672e-13 0.0689402 0.00573361
10.9 0.109336 2.54773e-14 0.89055 2.31328e-13 0.0631674 0.00444808
11 0.108062 -1.57117e-14 0.891823 1.93034e-13 0.0577804 0.00308891
11.1 0.106861 -2.88e-13 0.893021 6.60872e-13 0.0527857 0.00169065
11.2 0.105721 -3.08521e-13 0.894162 1.09604e-12 0.0481929 0.000287373
11.3 0.104645 -8.61299e-14 0.895239 1.19676e-12 0.0439969 -0.0010887
11.4 0.103615 -6.09448e-13 0.89627 2.03914e-12 0.0402012 -0.00239174
11.5 0.102618 -5.70642e-13 0.897267 1.86695e-12 0.0367781 -0.00360436
11.6 0.101655 -1.31901e-12 0.89823 1.80284e-12 0.033714 -0.00469104
11.7 0.10072 -9.04447e-13 0.899167 9.59697e-13 0.0309742 -0.00562443
11.8 0.0997996 -1.09459e-12 0.900087 1.14044e-12 0.0285192 -0.00639109
11.9 0.0988909 -1.2992e-12 0.900996 1.03525e-12 0.0263184 -0.00697919
12 0.0979885 -1.3219e-12 0.901899 9.04264e-13 0.0243301 -0.00739303
12.1 0.0970919 -1.21248e-12 0.902796 9.30599e-13 0.0225174 -0.00763709
12.2 0.0961976 -8.2701e-13 0.903691 5.97465e-13 0.0208514 -0.00771794
12.3 0.0953067 -1.30229e-12 0.904582 1.20117e-12 0.0192841 -0.00765076
12.4 0.0944195 -4.0322e-12 0.905469 3.87507e-12 0.0178034 -0.00745004
12.5 0.0935342 -9.47596e-14 0.906352 3.94856e-13 0.0163623 -0.00713723
12.6 0.0926511 -6.81709e-13 0.907235 1.2513e-12 0.0149447 -0.00674383
12.7 0.0917668 -1.39617e-12 0.908119 2.02724e-12 0.0135395 -0.00629837
12.8 0.0908841 -1.66446e-12 0.908999 2.21696e-12 0.0121291 -0.00582574
12.9 0.0900024 -1.98877e-12 0.909881 2.29529e-12 0.0107241 -0.00536468
13 0.0891255 -2.04372e-12 0.910758 2.25014e-12 0.00932983 -0.00493828
13.1 0.0882508 -2.02513e-12 0.911632 2.21813e-12 0.00795572 -0.00456065
13.2 0.0873839 -2.01038e-12 0.912499 2.21157e-12 0.00661179 -0.00424896
13.3 0.0865242 -2.10079e-12 0.913359 2.21553e-12 0.0053156 -0.00401841
13.4 0.0856707 -2.25271e-12 0.914212 2.28767e-12 0.00408167 -0.00387276
13.5 0.0848231 -1.60898e-12 0.915059 1.57583e-12 0.0029311 -0.00381295
13.6 0.0839836 -9.79269e-13 0.915899 1.71703e-12 0.0018814 -0.00383566
13.7 0.0831509 1.28036e-13 0.916731 2.15242e-12 0.000950344 -0.00393161
13.8 0.0823202 -2.50905e-12 0.917553 3.71217e-12 0.00014983 -0.00408865
13.9 0.0815041 -1.97364e-12 0.918368 2.83937e-12 -0.000507866 -0.00428559
14 0.0806982 -1.27805e-12 0.919174 1.96278e-12 -0.00101253 -0.00449917
14.1 0.0798985 -1.09337e-12 0.919974 1.81408e-12 -0.00137206 -0.00469976
14.2 0.0791059 -1.02278e-12 0.920767 1.7937e-12 -0.00159359 -0.00486948
14.3 0.0783217 -9.64287e-13 0.921553 1.74001e-12 -0.0016899 -0.00498957
14.4 0.0775441 -8.91097e-13 0.922332 1.65888e-12 -0.00166865 -0.00504047
14.5 0.0767732 -8.31798e-13 0.923103 1.55116e-12 -0.00155795 -0.00500459
14.6 0.076012 -7.89019e-13 0.923867 1.44077e-12 -0.00137743 -0.00487179
14.7 0.0752572 -7.48257e-13 0.924623 1.3268e-12 -0.00115476 -0.00463449
14.8 0.0745086 -7.42598e-13 0.925373 1.23693e-12 -0.000915085 -0.00428836
14.9 0.0737674 -7.33029e-13 0.926115 1.13175e-12 -0.000684699 -0.00384564
15 0.073035 -7.61886e-13 0.926849 1.06173e-12 -0.000490204 -0.00331585
15.1 0.07231 -7.93379e-13 0.927575 1.00752e-12 -0.000348088 -0.0027157
15.2 0.071592 -8.0119e-13 0.928293 9.3781e-13 -0.000275995 -0.00206232
15.3 0.0708806 -8.10981e-13 0.929006 8.77168e-13 -0.000288647 -0.00137642
15.4 0.0701754 -8.39157e-13 0.929711 8.49685e-13 -0.000390557 -0.000687244
15.5 0.0694765 -9.24901e-13 0.93041 8.52472e-13 -0.000581264 -1.73253e-05
15.6 0.0687849 -9.74455e-13 0.931104 8.72001e-13 -0.000857277 0.000607708
15.7 0.0681002 -9.09593e-13 0.931789 7.75614e-13 -0.00120724 0.00116787
15.8 0.0674236 -8.38023e-13 0.932465 6.66341e-13 -0.00161938 0.00164297
15.9 0.0667515 -8.58057e-13 0.933137 6.98012e-13 -0.00206871 0.00201816
16 0.0660868 -8.2538e-13 0.933802 6.69497e-13 -0.00253291 0.00228352
16.1 0.0654288 -8.32354e-13 0.93446 6.79124e-13 -0.00298923 0.00243931
16.2 0.0647796 -7.26114e-13 0.935109 5.84187e-13 -0.00341807 0.00248807
16.3 0.0641362 -6.52682e-13 0.935752 5.79825e-13 -0.00380063 0.00243526
16.4 0.0635016 -6.25763e-13 0.936387 5.89602e-13 -0.00410496 0.00228383
16.5 0.0628753 -5.98047e-13 0.937011 5.97305e-13 -0.00431623 0.00206539
16.6 0.0622543 -4.9633e-13 0.937632 4.93125e-13 -0.00442836 0.00179731
16.7 0.0616379 -5.70131e-13 0.938248 5.3698e-13 -0.0044334 0.00150198
16.8 0.0610262 -5.63594e-13 0.938859 4.45727e-13 -0.00433054 0.0012043
16.9 0.0604193 -4.45991e-13 0.939464 3.71333e-13 -0.0041273 0.000927245
17 0.0598189 -4.42721e-13 0.940064 2.86711e-13 -0.00383638 0.000693948
17.1 0.0592241 -3.88838e-13 0.940657 2.07677e-13 -0.00347311 0.000517924
17.2 0.0586325 -3.76213e-13 0.941245 1.82907e-13 -0.00305675 0.000411679
17.3 0.0580479 -3.80967e-13 0.94183 2.26101e-13 -0.00260584 0.000382169
17.4 0.05747 -2.9093e-13 0.942406 1.24646e-13 -0.0021411 0.000433807
17.5 0.0568982 -2.54279e-13 0.942978 7.54093e-14 -0.00168465 0.000566863
17.6 0.0563313 -3.89703e-13 0.943544 6.19514e-14 -0.00124681 0.000773952
17.7 0.0557702 -2.12055e-13 0.944106 1.03008e-13 -0.000852181 0.00104984
17.8 0.0552143 -1.23344e-13 0.944661 6.18139e-14 -0.000517779 0.00138122
17.9 0.0546635 -9.28118e-14 0.945215 -2.62502e-14 -0.00025543 0.00174889
18 0.0541185 -5.06272e-14 0.94576 -6.47761e-14 -7.58791e-05 0.00213629
18.1 0.0535796 -1.3023e-14 0.9463 -1.06996e-13 2.30483e-05 0.00252393
18.2 0.0530472 -4.25514e-15 0.946833 -1.07939e-13 3.82248e-05 0.00289103
18.3 0.0525188 1.1216e-14 0.947361 -1.26577e-13 -2.26127e-05 0.00322115
18.4 0.0519961 -9.87935e-15 0.947884 -7.80371e-14 -0.000151584 0.0034968
18.5 0.0514794 3.08526e-15 0.9484 -8.71898e-14 -0.000336314 0.00370795
18.6 0.0509664 3.78694e-14 0.948914 -8.10767e-14 -0.000562472 0.00383267
18.7 0.0504599 3.60591e-14 0.949419 -6.73878e-14 -0.000812087 0.0038744
18.8 0.0499587 -9.08803e-15 0.94992 -2.63529e-14 -0.00106966 0.00382874
18.9 0.0494622 -8.50513e-14 0.950416 1.45338e-13 -0.00131258 0.00369548
19 0.048971 -3.45975e-14 0.950907 1.19393e-13 -0.00152341 0.003478
19.1 0.0484849 -1.56027e-13 0.951392 3.01434e-13 -0.00168388 0.00318942
19.2 0.0480028 -8.01404e-14 0.951873 2.46948e-13 -0.00178031 0.00284301
19.3 0.0475254 -5.00941e-14 0.95235 2.07911e-13 -0.00180291 0.00245557
19.4 0.0470534 -5.50635e-14 0.952822 1.97238e-13 -0.00174667 0.00204744
19.5 0.0465858 -6.1471e-14 0.95329 2.02033e-13 -0.0016091 0.00163582
19.6 0.046123 -6.82984e-14 0.953754 1.87421e-13 -0.00139301 0.00124161
19.7 0.0456648 -7.36664e-14 0.954212 1.64285e-13 -0.00110807 0.000880764
19.8 0.0452115 -8.26667e-14 0.954667 1.47838e-13 -0.000764887 0.000568539
19.9 0.0447631 -8.32229e-14 0.955117 1.59532e-13 -0.00037637 0.000318813
20 0.0443187 -5.54476e-14 0.955562 1.83462e-13 4.03534e-05 0.00014004
