0 0 0 1 0 0 0
0.1 1.71713e-07 2.37825e-24 1 -2.68834e-24 4.82626e-05 -0.000411086
0.2 7.90705e-07 2.10715e-23 0.999999 -9.33482e-24 0.000195203 -0.000865312
0.3 2.035e-06 1.24096e-21 0.999998 4.19605e-22 0.000448243 -0.00134813
0.4 4.11181e-06 1.05189e-19 0.999996 1.10521e-19 0.000811234 -0.00184502
0.5 7.25621e-06 -3.71999e-19 0.999993 -3.06937e-19 0.00128458 -0.00234241
0.6 1.17294e-05 2.17883e-19 0.999988 -1.9414e-19 0.00186558 -0.00282863
0.7 1.78175e-05 1.5043e-18 0.999982 -4.31257e-20 0.00254899 -0.00329469
0.8 2.58314e-05 1.58323e-18 0.999974 1.46372e-18 0.00332773 -0.00373492
0.9 3.61101e-05 3.11856e-18 0.999964 5.60684e-19 0.00419374 -0.00414748
1 4.90283e-05 3.70489e-18 0.99995 2.27066e-19 0.0051389 -0.00453456
1.1 6.5011e-05 5.52556e-18 0.999934 8.77054e-18 0.006156 -0.00490244
1.2 8.45566e-05 2.23999e-18 0.999914 2.71579e-18 0.00723966 -0.00526126
1.3 0.000108272 5.49183e-19 0.99989 5.20451e-18 0.00838719 -0.00562466
1.4 0.000136917 -9.77308e-18 0.999861 6.27887e-18 0.0095993 -0.00600914
1.5 0.000171471 -5.33531e-18 0.999826 8.9463e-19 0.0108807 -0.00643329
1.6 0.000213202 3.56926e-18 0.999784 5.72458e-18 0.0122404 -0.00691695
1.7 0.000263766 5.05408e-18 0.999733 -3.19689e-18 0.013692 -0.00747998
1.8 0.000325873 1.82257e-17 0.999671 -1.82291e-17 0.0152534 -0.00814165
1.9 0.000401921 -1.88113e-17 0.999595 -2.34673e-17 0.0169465 -0.00891983
2 0.000496047 7.34343e-18 0.999501 -1.11057e-17 0.0187967 -0.00982988
2.1 0.000612458 -2.1892e-17 0.999384 2.70404e-17 0.0208322 -0.010884
2.2 0.0007565 4.4747e-17 0.99924 3.67248e-17 0.0230834 -0.0120907
2.3 0.000934874 1.8142e-17 0.999061 5.92167e-17 0.0255816 -0.013454
2.4 0.00115539 -5.70554e-17 0.998841 6.95381e-17 0.0283579 -0.0149741
2.5 0.00142725 -1.35889e-16 0.998569 8.12777e-17 0.0314426 -0.0166463
2.6 0.00176091 -7.96848e-17 0.998235 4.85669e-17 0.0348638 -0.018462
2.7 0.00216825 -1.19915e-16 0.997828 -4.36331e-17 0.0386465 -0.0204088
2.8 0.00266245 -2.2305e-16 0.997333 -1.35658e-17 0.042812 -0.0224705
2.9 0.00325811 -5.20826e-16 0.996738 4.98875e-18 0.0473768 -0.0246286
3 0.00397084 -3.43738e-16 0.996025 -1.84868e-16 0.0523533 -0.0268627
3.1 0.00481739 8.63067e-17 0.995178 -1.90375e-16 0.0577484 -0.0291518
3.2 0.00581538 2.11099e-16 0.99418 -3.52333e-16 0.0635566 -0.0314684
3.3 0.0069828 2.55412e-16 0.993013 -2.98079e-16 0.0697737 -0.0337902
3.4 0.00833837 5.19574e-16 0.991655 -1.07601e-17 0.0763884 -0.0360962
3.5 0.00990037 4.87724e-16 0.990092 -9.48937e-17 0.083383 -0.0383626
3.6 0.0116867 2.10156e-16 0.988304 -6.57003e-16 0.0907354 -0.0405707
3.7 0.0137147 -1.36254e-16 0.986275 -6.81141e-16 0.09842 -0.042699
3.8 0.016001 -5.30014e-16 0.983988 -5.66128e-16 0.106402 -0.04473
3.9 0.0185603 -2.12705e-16 0.981428 -1.07994e-15 0.114646 -0.0466462
4 0.0214056 4.33972e-16 0.978582 -1.16397e-15 0.123114 -0.048432
4.1 0.0245474 1.51756e-15 0.97544 -2.20686e-15 0.131761 -0.0500705
4.2 0.0279962 3.16987e-15 0.97199 -2.90612e-15 0.140541 -0.0515475
4.3 0.0317564 3.63089e-15 0.968229 -2.70226e-15 0.149404 -0.0528495
4.4 0.035829 2.55758e-15 0.964157 -2.39881e-15 0.158299 -0.0539603
4.5 0.0402118 4.1454e-15 0.959774 -3.42682e-15 0.167172 -0.054872
4.6 0.0448947 3.60406e-15 0.955091 -3.16452e-15 0.175966 -0.055574
4.7 0.0498677 2.92408e-15 0.950117 -8.39643e-16 0.184632 -0.0560576
4.8 0.0551129 2.12963e-15 0.944872 4.52489e-16 0.193105 -0.0563077
4.9 0.0606072 1.61993e-15 0.939378 1.11342e-15 0.201327 -0.0563229
5 0.0663234 -9.59163e-16 0.933662 9.85903e-16 0.209244 -0.0561019
5.1 0.0722337 -6.82087e-16 0.927752 4.28463e-16 0.216802 -0.055641
5.2 0.0782973 -2.28588e-15 0.921689 2.74176e-15 0.223947 -0.0549515
5.3 0.0844717 -2.71843e-15 0.915515 3.63644e-15 0.230631 -0.0540422
5.4 0.0907148 -3.62496e-15 0.909272 5.4404e-16 0.236811 -0.0529288
5.5 0.0969827 -5.07603e-15 0.903003 1.17481e-15 0.242449 -0.051633
5.6 0.103232 -6.13492e-15 0.896754 1.9185e-15 0.247513 -0.0501956
5.7 0.109415 -6.45616e-15 0.890571 6.87095e-15 0.251985 -0.0486227
5.8 0.115502 -6.2386e-15 0.884483 8.87195e-15 0.255861 -0.0469606
5.9 0.121451 -5.81679e-15 0.878533 5.27243e-15 0.259135 -0.0452388
6 0.127234 -5.52928e-15 0.872749 4.74581e-15 0.261818 -0.0434928
6.1 0.132823 -5.30909e-16 0.86716 1.74747e-15 0.263926 -0.041755
6.2 0.138199 4.05893e-15 0.861784 -3.31593e-15 0.265479 -0.0400521
6.3 0.143351 9.65926e-15 0.856631 -2.37487e-15 0.266516 -0.0384049
6.4 0.148267 1.74695e-14 0.851713 -6.20663e-15 0.267064 -0.0368239
6.5 0.15294 1.84392e-14 0.847039 -6.96599e-15 0.267183 -0.0353094
6.6 0.157376 1.36036e-14 0.842604 -1.57222e-15 0.266887 -0.0338623
6.7 0.161529 8.87603e-15 0.838449 6.2585e-15 0.266217 -0.0324758
6.8 0.165428 3.68539e-16 0.834549 1.56945e-14 0.26519 -0.031134
6.9 0.169067 -6.40835e-15 0.830908 1.66583e-14 0.263839 -0.0298152
7 0.172437 -1.1917e-14 0.827537 1.80475e-14 0.262185 -0.0284998
7.1 0.175527 -2.07954e-14 0.824446 2.52195e-14 0.260235 -0.0271708
7.2 0.178324 -1.6088e-14 0.821648 2.12912e-14 0.257997 -0.0258023
7.3 0.180816 -2.45443e-14 0.819155 2.36553e-14 0.255472 -0.0243867
7.4 0.182993 -1.36131e-14 0.816977 1.96361e-15 0.252656 -0.0229188
7.5 0.184845 -2.9802e-14 0.815125 2.32086e-14 0.249542 -0.021399
7.6 0.186361 -1.38026e-14 0.813607 9.53244e-15 0.246128 -0.0198381
7.7 0.187531 -1.82921e-14 0.812435 1.08629e-14 0.242403 -0.0182438
7.8 0.188377 -1.71397e-14 0.811587 -7.90821e-15 0.238377 -0.0166336
7.9 0.188897 -1.80272e-14 0.811067 -1.59148e-14 0.234051 -0.0150263
8 0.18911 -2.18843e-14 0.810854 -1.49995e-14 0.229424 -0.0134386
8.1 0.189022 -1.92774e-14 0.810941 -1.56328e-14 0.224515 -0.0118936
8.2 0.188656 -2.35165e-14 0.811306 -2.25403e-14 0.219337 -0.0104031
8.3 0.188037 -2.41378e-14 0.811926 -1.46885e-14 0.213906 -0.00898947
8.4 0.187181 -2.07551e-14 0.812782 -2.24006e-14 0.208256 -0.00765761
8.5 0.186119 -2.35564e-14 0.813844 -7.31143e-15 0.20241 -0.00640301
8.6 0.184877 -2.12533e-14 0.815086 -1.09302e-14 0.196389 -0.00522863
8.7 0.183482 -2.71529e-14 0.816481 8.63055e-16 0.190225 -0.00412466
8.8 0.18195 -3.2136e-14 0.818012 -4.76526e-15 0.183942 -0.0030876
8.9 0.1803 -2.70334e-14 0.819662 -9.43169e-15 0.17755 -0.00210913
9 0.178551 -2.73908e-14 0.82141 -1.04004e-14 0.171075 -0.00117438
9.1 0.176717 -3.16892e-14 0.823245 -2.00739e-14 0.16453 -0.000283722
9.2 0.174816 -3.94229e-14 0.825146 -6.40133e-15 0.157932 0.000577299
9.3 0.172856 -4.25763e-14 0.827106 -1.651e-14 0.151301 0.00141292
9.4 0.170851 -1.03532e-13 0.829111 5.50439e-14 0.144651 0.00222658
9.5 0.168813 -2.0833e-14 0.83115 -1.958e-14 0.137993 0.00302104
9.6 0.166752 -6.19323e-14 0.833211 1.71148e-14 0.131329 0.00378905
9.7 0.164675 -5.34467e-14 0.835288 1.66255e-14 0.124685 0.00452393
9.8 0.162593 3.47638e-14 0.837371 -6.91275e-14 0.118066 0.00522038
9.9 0.160517 2.07478e-13 0.839447 -2.34948e-13 0.111484 0.00586351
10 0.158451 1.23628e-13 0.841514 -1.35064e-13 0.104965 0.00644027
10.1 0.156398 -2.40743e-14 0.843566 -1.08528e-14 0.0985203 0.00693178
10.2 0.154373 -9.07278e-14 0.845591 5.18522e-14 0.0921792 0.00733235
10.3 0.152382 2.1441e-14 0.847582 -8.18169e-14 0.0859662 0.00762872
10.4 0.150433 -7.10773e-14 0.849531 -8.30929e-15 0.0799111 0.00781283
10.5 0.148531 6.05965e-14 0.851433 -6.86964e-14 0.0740353 0.00787693
10.6 0.14668 3.74356e-17 0.853285 5.76578e-16 0.0683698 0.00782299
10.7 0.144882 1.73217e-13 0.855083 -1.7458e-13 0.0629367 0.00765098
10.8 0.143138 1.72418e-13 0.856827 -1.82458e-13 0.0577612 0.00736789
10.9 0.141448 1.13074e-13 0.858517 -1.18964e-13 0.0528624 0.00698403
11 0.139812 -5.67162e-14 0.860154 4.84309e-14 0.0482595 0.00651336
11.1 0.138227 -5.68949e-14 0.861738 1.24773e-13 0.043968 0.00597189
11.2 0.136688 -2.95733e-14 0.863278 8.65692e-14 0.03999 0.00538224
11.3 0.135195 -1.42771e-13 0.864771 1.81717e-13 0.0363365 0.00476383
11.4 0.133741 -2.02778e-13 0.866225 2.37459e-13 0.0330007 0.00414
11.5 0.132325 -2.72714e-13 0.867641 2.89354e-13 0.029978 0.0035327
11.6 0.13094 -3.11817e-13 0.869025 3.2301e-13 0.0272517 0.0029633
11.7 0.129586 -3.64254e-13 0.870379 3.6039e-13 0.0248048 0.00244929
11.8 0.128257 -3.95473e-13 0.871708 3.76628e-13 0.0226131 0.00200671
11.9 0.12695 -4.40545e-13 0.873015 4.12011e-13 0.0206519 0.00164704
12 0.125663 -4.84169e-13 0.874302 4.52324e-13 0.0188922 0.00137615
12.1 0.124394 -4.99658e-13 0.875571 4.78083e-13 0.0173048 0.00119482
12.2 0.123141 -4.30947e-13 0.876824 4.014e-13 0.0158639 0.00110412
12.3 0.121903 -3.56426e-13 0.878063 3.49488e-13 0.0145389 0.0010952
12.4 0.120677 -2.74073e-13 0.879289 3.24831e-13 0.0133044 0.00115675
12.5 0.119463 -1.38025e-13 0.880502 1.53397e-13 0.0121388 0.00127603
12.6 0.118264 -4.69232e-14 0.881702 1.34682e-13 0.0110237 0.00143569
12.7 0.117078 -1.2648e-13 0.882888 1.58477e-13 0.00994478 0.00161602
12.8 0.115903 -1.46976e-14 0.884063 7.50576e-14 0.00889405 0.00179725
12.9 0.11474 -5.7381e-14 0.885225 3.89056e-14 0.00786923 0.00196006
13 0.11359 -2.29722e-13 0.886375 2.92348e-13 0.00687009 0.0020882
13.1 0.112452 -2.07877e-13 0.887512 1.54825e-13 0.00590224 0.00216858
13.2 0.111326 -1.98841e-13 0.888638 1.32378e-13 0.00497496 0.00219235
13.3 0.110215 -1.16519e-13 0.889749 6.91905e-14 0.00409507 0.00214887
13.4 0.109115 -5.54047e-14 0.890849 3.9375e-14 0.00327596 0.00203881
13.5 0.108028 -2.27345e-15 0.891936 -1.092e-14 0.00252739 0.00186241
13.6 0.106952 -2.4154e-15 0.893012 -5.67296e-15 0.00186427 0.00162393
13.7 0.105888 8.88809e-14 0.894077 -8.94314e-14 0.00129276 0.00133441
13.8 0.104834 1.33369e-13 0.89513 -1.22456e-13 0.000822219 0.00100738
13.9 0.103791 1.56387e-13 0.896174 -1.43655e-13 0.000457141 0.000655932
14 0.102759 1.91844e-13 0.897205 -1.82328e-13 0.000197929 0.000297807
14.1 0.101738 2.15905e-13 0.898227 -2.08003e-13 4.24881e-05 -5.05533e-05
14.2 0.100726 2.02133e-13 0.899239 -1.91689e-13 -1.62886e-05 -0.000372481
14.3 0.0997242 2.69179e-13 0.90024 -2.53951e-13 1.15682e-05 -0.000649736
14.4 0.0987324 2.83554e-13 0.901232 -2.67614e-13 0.000110265 -0.000871538
14.5 0.0977503 3.16974e-13 0.902214 -3.15156e-13 0.000263164 -0.00102707
14.6 0.0967786 3.09975e-13 0.903185 -3.02674e-13 0.000453093 -0.0011121
14.7 0.0958161 3.27481e-13 0.904147 -3.02465e-13 0.000664003 -0.00112509
14.8 0.0948632 3.41552e-13 0.9051 -3.01236e-13 0.000877735 -0.0010651
14.9 0.0939212 3.38567e-13 0.906043 -2.66294e-13 0.00107452 -0.000936255
15 0.0929885 3.39743e-13 0.906975 -2.63729e-13 0.00123966 -0.000748852
15.1 0.0920644 3.4721e-13 0.907899 -2.89674e-13 0.00136099 -0.000510887
15.2 0.0911495 3.47014e-13 0.908814 -2.94024e-13 0.00142363 -0.000240131
15.3 0.0902437 3.52749e-13 0.90972 -3.08801e-13 0.00142203 4.71524e-05
15.4 0.0893467 3.57096e-13 0.910617 -3.24401e-13 0.00135579 0.000332211
15.5 0.0884577 3.46979e-13 0.911506 -3.06174e-13 0.00122685 0.00060021
15.6 0.0875781 2.96067e-13 0.912386 -1.9367e-13 0.00104006 0.000834904
15.7 0.0867077 3.72966e-13 0.913257 -2.4197e-13 0.000804131 0.00102333
15.8 0.0858462 4.70467e-13 0.914118 -4.18583e-13 0.000532443 0.0011543
15.9 0.0849936 3.85804e-13 0.914971 -4.61167e-13 0.000240208 0.00122117
16 0.0841496 3.41028e-13 0.915816 -4.41942e-13 -5.74572e-05 0.00122119
16.1 0.0833133 3.22748e-13 0.916652 -4.21481e-13 -0.000346667 0.00115342
16.2 0.0824863 3.30561e-13 0.917478 -4.22789e-13 -0.000610278 0.0010194
16.3 0.0816675 2.65351e-13 0.918297 -3.29815e-13 -0.000833041 0.000829619
16.4 0.0808564 3.35321e-13 0.919108 -3.94544e-13 -0.00100484 0.000593764
16.5 0.0800535 2.53949e-13 0.919911 -3.23698e-13 -0.00111498 0.000325082
16.6 0.0792585 2.89693e-13 0.920705 -3.50148e-13 -0.00115876 4.02176e-05
16.7 0.0784713 2.27042e-13 0.921493 -2.73868e-13 -0.00113184 -0.000244508
16.8 0.0776915 2.10011e-13 0.922273 -2.47627e-13 -0.00103849 -0.000510519
16.9 0.0769192 2.01647e-13 0.923045 -2.26694e-13 -0.000883904 -0.000744335
17 0.0761549 2.14744e-13 0.92381 -2.06744e-13 -0.000680392 -0.000932814
17.1 0.075398 1.72752e-13 0.924567 -1.46208e-13 -0.000438798 -0.00106667
17.2 0.074649 3.29044e-13 0.925316 -1.04247e-13 -0.000173851 -0.00113765
17.3 0.0739069 3.20728e-13 0.926058 -2.29919e-13 9.88713e-05 -0.00114399
17.4 0.0731721 9.0684e-14 0.926794 -4.23259e-13 0.000365213 -0.00108408
17.5 0.0724442 -8.19194e-15 0.927522 -4.68244e-13 0.000608789 -0.000962731
17.6 0.0717234 2.86774e-13 0.928242 -5.29342e-13 0.000815786 -0.000786087
17.7 0.0710102 3.97746e-13 0.928955 -3.48261e-13 0.000974078 -0.000566468
17.8 0.0703048 2.18871e-13 0.92966 -3.91211e-13 0.00107631 -0.000315119
17.9 0.0696063 2.67839e-13 0.930359 -2.75291e-13 0.00111794 -4.99765e-05
18 0.0689143 2.87367e-13 0.931051 -1.88736e-13 0.00109392 0.000216714
18.1 0.0682292 2.91805e-13 0.931736 -1.81006e-13 0.00100837 0.000470061
18.2 0.0675509 2.94112e-13 0.932414 -1.75762e-13 0.00086559 0.000694259
18.3 0.0668791 2.95622e-13 0.933086 -1.65977e-13 0.000673617 0.000877607
18.4 0.0662144 2.91883e-13 0.933751 -1.41963e-13 0.000444339 0.00100947
18.5 0.0655564 2.82365e-13 0.934409 -1.45603e-13 0.000192646 0.001083
18.6 0.0649048 2.6692e-13 0.93506 -1.12137e-13 -6.89716e-05 0.00109339
18.7 0.0642592 2.57522e-13 0.935706 -8.75223e-14 -0.000325095 0.00104138
18.8 0.06362 2.44271e-13 0.936345 -5.94318e-14 -0.000560842 0.000929523
18.9 0.0629873 2.35383e-13 0.936977 -3.29668e-14 -0.000761479 0.000764604
19 0.0623609 2.31812e-13 0.937604 -3.07354e-14 -0.000917023 0.000557397
19.1 0.0617406 2.21836e-13 0.938224 -1.81993e-14 -0.00101825 0.000321033
19.2 0.0611268 3.78108e-13 0.938837 1.79246e-14 -0.00106086 6.70742e-05
19.3 0.0605195 4.14347e-13 0.939445 4.81814e-14 -0.00104271 -0.000188918
19.4 0.0599184 4.69572e-13 0.940046 4.94285e-14 -0.00096534 -0.000432008
19.5 0.0593225 5.09055e-13 0.940642 4.9607e-14 -0.000834656 -0.000647821
19.6 0.0587326 5.62348e-13 0.941232 2.25011e-14 -0.000656003 -0.000826655
19.7 0.0581487 6.35007e-13 0.941816 8.58772e-14 -0.000442006 -0.000957004
19.8 0.0575704 6.86581e-13 0.942394 7.75471e-14 -0.000204019 -0.00103334
19.9 0.0569979 7.4407e-13 0.942966 9.25613e-14 4.4665e-05 -0.00105038
20 0.0564308 5.35025e-13 0.943532 8.07738e-14 0.000288624 -0.00100722
