0 0 0 1 0 0 0
0.1 1.71713e-07 2.37825e-24 1 -2.68834e-24 4.82703e-05 -0.000411351
0.2 7.90957e-07 1.17131e-23 0.999999 2.36648e-26 0.000195389 -0.000866645
0.3 2.03671e-06 5.2052e-20 0.999998 7.34252e-22 0.000449166 -0.00135186
0.4 4.11824e-06 -4.65508e-20 0.999996 -2.25957e-19 0.00081406 -0.0018529
0.5 7.27426e-06 3.62877e-19 0.999993 5.42256e-19 0.00129127 -0.00235645
0.6 1.17717e-05 7.92824e-19 0.999988 1.42949e-18 0.00187903 -0.00285088
0.7 1.79044e-05 2.47846e-18 0.999982 2.43587e-18 0.0025731 -0.00332696
0.8 2.59936e-05 3.12342e-18 0.999974 -5.90868e-19 0.0033674 -0.00377854
0.9 3.63906e-05 1.14341e-18 0.999963 2.52739e-18 0.00425478 -0.00420295
1 4.9483e-05 -1.36601e-18 0.99995 6.59628e-18 0.00522789 -0.00460133
1.1 6.57082e-05 -5.57607e-19 0.999933 5.87196e-18 0.00628002 -0.00497873
1.2 8.55739e-05 -4.12937e-18 0.999913 7.53594e-18 0.007406 -0.0053439
1.3 0.000109689 -1.01216e-17 0.999888 1.60253e-17 0.00860304 -0.00570905
1.4 0.000138807 -9.37584e-18 0.999859 1.60516e-17 0.0098714 -0.0060893
1.5 0.000173881 -7.6582e-18 0.999824 1.95708e-17 0.011215 -0.00650205
1.6 0.000216137 -2.04286e-18 0.999781 1.18995e-17 0.0126418 -0.00696615
1.7 0.00026716 -4.28283e-18 0.99973 2.05041e-17 0.0141643 -0.00750083
1.8 0.000328988 -1.93699e-17 0.999668 2.82487e-17 0.015799 -0.00812513
1.9 0.000404228 1.50724e-17 0.999592 1.69972e-17 0.0175662 -0.00885705
2 0.000496435 5.97714e-17 0.9995 -2.09587e-17 0.0194901 -0.00971252
2.1 0.000610147 5.91006e-17 0.999386 -4.40286e-17 0.0215981 -0.0107048
2.2 0.000750495 3.85701e-17 0.999246 -3.27974e-17 0.0239198 -0.0118437
2.3 0.000923634 9.61311e-17 0.999073 -1.7625e-17 0.0264861 -0.0131351
2.4 0.00113747 1.03114e-16 0.998859 -3.03409e-17 0.0293286 -0.0145808
2.5 0.00140085 -1.13536e-16 0.998595 -2.639e-17 0.0324785 -0.016178
2.6 0.00172317 -1.05524e-16 0.998273 -9.4489e-18 0.0359651 -0.0179198
2.7 0.00211693 -1.19614e-17 0.997878 -5.17324e-17 0.0398166 -0.0197961
2.8 0.00259443 -1.65206e-16 0.997398 -1.39645e-16 0.0440551 -0.0217913
2.9 0.00317049 2.36777e-17 0.996821 -1.81483e-16 0.0487009 -0.0238875
3 0.0038599 -4.09085e-16 0.99613 -2.93438e-16 0.053769 -0.0260641
3.1 0.00467883 -5.55937e-16 0.99531 -4.12708e-16 0.0592688 -0.0282972
3.2 0.00564412 -2.17976e-16 0.994345 -3.30923e-16 0.0652052 -0.0305617
3.3 0.00677402 -6.87918e-16 0.993215 -1.37726e-16 0.0715738 -0.0328307
3.4 0.00808609 -8.05719e-16 0.991903 -2.03858e-16 0.0783637 -0.0350793
3.5 0.00959801 -1.25048e-15 0.990391 -2.45633e-17 0.0855608 -0.0372818
3.6 0.0113267 -1.54272e-15 0.988662 1.36006e-16 0.093143 -0.0394131
3.7 0.0132882 -2.06459e-15 0.9867 -1.30888e-16 0.101082 -0.0414494
3.8 0.0154967 -2.16836e-15 0.984492 -1.79115e-16 0.109346 -0.0433673
3.9 0.0179651 -1.83965e-15 0.982024 -7.99947e-16 0.117897 -0.0451458
4 0.020703 -1.93932e-15 0.979286 -1.00978e-15 0.126693 -0.0467644
4.1 0.0237176 -1.59252e-15 0.976272 -1.08775e-15 0.135687 -0.0482048
4.2 0.0270124 -2.22746e-15 0.972977 -8.76126e-16 0.144829 -0.0494509
4.3 0.0305904 -2.73315e-15 0.969399 -1.23218e-15 0.154063 -0.0504878
4.4 0.0344474 -3.51909e-15 0.965542 1.54784e-16 0.163334 -0.0513056
4.5 0.0385751 -4.12054e-15 0.961414 1.92011e-16 0.172582 -0.051894
4.6 0.0429623 -4.05759e-15 0.957027 6.61764e-16 0.181747 -0.0522468
4.7 0.047588 -6.33932e-15 0.952401 3.19274e-15 0.190769 -0.0523621
4.8 0.0524328 -6.16929e-15 0.947556 2.2576e-15 0.199589 -0.0522395
4.9 0.0574676 8.01399e-16 0.942521 -4.56498e-15 0.208147 -0.0518841
5 0.0626679 4.11482e-15 0.93732 -6.50119e-15 0.216389 -0.0513049
5.1 0.0679982 4.46467e-15 0.93199 -6.70263e-15 0.224262 -0.050515
5.2 0.0734206 3.77399e-15 0.926567 -7.70751e-15 0.231721 -0.0495277
5.3 0.0788979 3.69701e-15 0.921089 -8.88461e-15 0.238723 -0.0483664
5.4 0.0843936 5.09743e-15 0.915593 -1.20865e-14 0.245231 -0.047054
5.5 0.0898706 6.44624e-15 0.910115 -1.2711e-14 0.251219 -0.0456193
5.6 0.0952915 6.79759e-15 0.904694 -1.31536e-14 0.256677 -0.0440842
5.7 0.100625 8.15014e-15 0.89936 -1.27177e-14 0.261589 -0.0424862
5.8 0.105838 7.34138e-15 0.894147 -1.34632e-14 0.26595 -0.0408508
5.9 0.110907 9.3792e-15 0.889077 -1.41321e-14 0.269771 -0.0392081
6 0.11581 6.40628e-15 0.884173 -1.31535e-14 0.273066 -0.0375789
6.1 0.120531 4.06738e-15 0.879452 -1.02133e-14 0.27585 -0.0359798
6.2 0.125056 6.33302e-16 0.874927 -4.79202e-15 0.27815 -0.0344203
6.3 0.129364 -5.34489e-15 0.870618 4.64139e-15 0.279992 -0.0329071
6.4 0.133454 -1.26762e-14 0.866528 1.03301e-14 0.281399 -0.03144
6.5 0.13731 -1.53544e-14 0.862671 1.32961e-14 0.282402 -0.0300091
6.6 0.140924 -2.46749e-14 0.859056 2.32185e-14 0.283027 -0.0286038
6.7 0.144288 -2.74809e-14 0.855691 2.5552e-14 0.283293 -0.027203
6.8 0.147387 -2.3464e-14 0.852592 2.3962e-14 0.28321 -0.0257905
6.9 0.150207 -2.75433e-14 0.849771 3.03973e-14 0.282788 -0.0243424
7 0.152733 -2.35993e-14 0.847243 3.28121e-14 0.282029 -0.0228483
7.1 0.154949 -2.60116e-14 0.845025 3.29687e-14 0.280931 -0.0212937
7.2 0.156837 -2.43162e-14 0.843136 2.82479e-14 0.279493 -0.0196748
7.3 0.158391 -2.10238e-14 0.841581 2.8322e-14 0.277705 -0.0179901
7.4 0.159594 -2.512e-14 0.840376 2.92727e-14 0.275553 -0.0162447
7.5 0.160447 -1.7686e-14 0.839522 3.4279e-14 0.27303 -0.014451
7.6 0.160941 -1.29277e-14 0.839026 2.94998e-14 0.270119 -0.0126199
7.7 0.161084 -8.06646e-15 0.838882 3.17943e-14 0.266831 -0.0107795
7.8 0.160885 -4.25997e-15 0.839081 3.40812e-14 0.263162 -0.00895179
7.9 0.160358 -1.9148e-15 0.839608 3.21106e-14 0.259115 -0.00715708
8 0.159522 -5.58642e-15 0.840442 3.36142e-14 0.254702 -0.00541617
8.1 0.158407 -2.40444e-15 0.841557 3.58055e-14 0.249931 -0.00374686
8.2 0.157035 -5.89534e-15 0.842929 4.17344e-14 0.244822 -0.00216102
8.3 0.155439 -1.00674e-14 0.844524 3.81748e-14 0.239392 -0.00066742
8.4 0.153649 -1.14428e-14 0.846314 3.98975e-14 0.233661 0.000730094
8.5 0.151693 -1.69505e-14 0.848269 4.58799e-14 0.227654 0.00203198
8.6 0.149599 -2.18482e-14 0.850362 5.20727e-14 0.221392 0.00324288
8.7 0.147393 -2.68742e-14 0.852568 5.17717e-14 0.214896 0.00436798
8.8 0.145097 -2.6358e-14 0.854863 5.3704e-14 0.208189 0.00541605
8.9 0.142736 -3.08433e-14 0.857224 5.42075e-14 0.201287 0.00639416
9 0.140328 -3.54081e-14 0.859631 5.86423e-14 0.194212 0.00731036
9.1 0.137891 -3.59259e-14 0.862067 5.75089e-14 0.186982 0.00817326
9.2 0.135441 -3.85812e-14 0.864517 5.63951e-14 0.179615 0.00898583
9.3 0.132992 -3.7741e-14 0.866966 5.3716e-14 0.172127 0.00974866
9.4 0.130553 -3.32256e-14 0.869404 5.09389e-14 0.164539 0.0104611
9.5 0.128139 -3.10207e-14 0.871818 5.04941e-14 0.156872 0.011117
9.6 0.125758 -2.73817e-14 0.874198 4.34496e-14 0.149146 0.0117113
9.7 0.123423 -2.4073e-14 0.876534 4.28848e-14 0.141387 0.0122302
9.8 0.121143 -2.01389e-14 0.878814 4.20963e-14 0.13362 0.0126629
9.9 0.118927 -1.41842e-14 0.88103 3.97015e-14 0.125875 0.0129954
10 0.116781 -1.31373e-14 0.883176 3.65691e-14 0.118189 0.0132167
10.1 0.114711 -1.09786e-14 0.885245 3.37144e-14 0.110596 0.0133145
10.2 0.112723 -1.10727e-14 0.887233 3.54465e-14 0.103131 0.0132803
10.3 0.110823 -1.27144e-14 0.889133 3.6589e-14 0.0958354 0.0131088
10.4 0.109011 -1.13639e-14 0.890946 3.67376e-14 0.0887455 0.0127972
10.5 0.107289 -1.1359e-14 0.892668 3.91274e-14 0.0818985 0.0123446
10.6 0.105656 -1.30315e-14 0.894301 3.98062e-14 0.0753317 0.0117558
10.7 0.104111 -1.84411e-14 0.895846 3.81082e-14 0.0690756 0.0110447
10.8 0.10265 -1.70698e-14 0.897306 3.71216e-14 0.0631586 0.0102241
10.9 0.101267 -1.83178e-14 0.898689 3.90438e-14 0.0576084 0.009313
11 0.0999591 -1.9459e-14 0.899997 3.88093e-14 0.0524399 0.00833407
11.1 0.0987186 -2.15481e-14 0.901236 3.83762e-14 0.0476652 0.0073111
11.2 0.0975409 -2.20632e-14 0.902414 3.70936e-14 0.0432905 0.00627431
11.3 0.0964178 -2.42932e-14 0.903537 3.91046e-14 0.0393139 0.00525158
11.4 0.0953418 -2.32916e-14 0.904613 4.09669e-14 0.0357257 0.0042726
11.5 0.0943082 -2.19726e-14 0.905646 3.89058e-14 0.0325097 0.0033604
11.6 0.0933096 -1.77675e-14 0.906645 3.22103e-14 0.0296443 0.00254229
11.7 0.0923383 -1.71778e-14 0.907616 3.3827e-14 0.0270987 0.00183749
11.8 0.0913906 -1.53747e-14 0.908563 3.25935e-14 0.0248413 0.00126035
11.9 0.0904616 -1.65535e-14 0.909493 3.39044e-14 0.0228365 0.000820881
12 0.089548 -1.48703e-14 0.910406 3.34922e-14 0.0210458 0.000522164
12.1 0.0886475 -1.53452e-14 0.911307 3.37188e-14 0.0194309 0.000362461
12.2 0.0877582 -1.96729e-14 0.912196 3.76784e-14 0.0179549 0.000333161
12.3 0.0868789 -1.66925e-14 0.913075 3.50293e-14 0.0165839 0.000420636
12.4 0.0860078 -1.72841e-14 0.913946 3.57594e-14 0.0152863 0.000605761
12.5 0.0851451 -1.67454e-14 0.914809 3.4833e-14 0.0140371 0.000865623
12.6 0.0842906 -1.65488e-14 0.915663 3.45256e-14 0.0128152 0.00117565
12.7 0.0834439 -1.47948e-14 0.916509 3.50297e-14 0.0116074 0.00150881
12.8 0.0826055 -1.43122e-14 0.917348 3.45894e-14 0.0104052 0.0018372
12.9 0.0817748 -1.50792e-14 0.918179 3.44669e-14 0.00920617 0.00213589
13 0.0809534 -1.50916e-14 0.919 3.41176e-14 0.00801596 0.00238275
13.1 0.0801405 -1.48512e-14 0.919813 3.33603e-14 0.0068432 0.00255781
13.2 0.0793358 -1.43243e-14 0.920618 3.30688e-14 0.00570082 0.00264635
13.3 0.0785407 -1.39088e-14 0.921414 3.27425e-14 0.00460557 0.00263814
13.4 0.0777537 -1.38342e-14 0.922201 3.24963e-14 0.00357558 0.00252997
13.5 0.0769752 -1.39102e-14 0.922979 3.26938e-14 0.0026293 0.00232185
13.6 0.0762055 -1.36305e-14 0.923749 3.21901e-14 0.00178471 0.0020226
13.7 0.0754441 -1.35466e-14 0.92451 3.22172e-14 0.00105742 0.00164416
13.8 0.0746913 -1.3379e-14 0.925263 3.24076e-14 0.000459829 0.00120401
13.9 0.0739466 -1.3187e-14 0.926008 3.24045e-14 -8.88354e-08 0.000722563
14 0.0732099 -1.30272e-14 0.926745 3.23368e-14 -0.00031837 0.000222397
14.1 0.0724806 -1.24667e-14 0.927474 3.56789e-14 -0.00049747 -0.000272145
14.2 0.0717582 -1.3306e-14 0.928196 3.32246e-14 -0.000543052 -0.00073702
14.3 0.0710441 -1.28503e-14 0.92891 3.29237e-14 -0.000468041 -0.00115056
14.4 0.0703372 -1.31316e-14 0.929617 3.27552e-14 -0.000288498 -0.0014922
14.5 0.0696373 -1.19746e-14 0.930317 3.28037e-14 -2.45443e-05 -0.00174656
14.6 0.0689443 -1.21221e-14 0.931009 3.25611e-14 0.000298772 -0.00190001
14.7 0.0682582 -1.20785e-14 0.931695 3.23553e-14 0.000656421 -0.00194738
14.8 0.0675792 -1.19468e-14 0.932374 3.2205e-14 0.00102312 -0.00188806
14.9 0.0669068 -1.1777e-14 0.933047 3.20642e-14 0.00137231 -0.0017255
15 0.0662411 -1.16367e-14 0.933712 3.1913e-14 0.00168108 -0.00146981
15.1 0.0655822 -1.14657e-14 0.934371 3.1797e-14 0.00192793 -0.00113615
15.2 0.0649297 -1.13598e-14 0.935024 3.16704e-14 0.00209677 -0.000742673
15.3 0.0642837 -1.12063e-14 0.93567 3.15532e-14 0.00217572 -0.000310768
15.4 0.0636441 -1.11313e-14 0.936309 3.14522e-14 0.00215816 0.000136359
15.5 0.0630109 -1.10181e-14 0.936942 3.13365e-14 0.00204301 0.000574924
15.6 0.0623839 -1.08952e-14 0.937569 3.1236e-14 0.00183461 0.00098189
15.7 0.0617631 -1.08062e-14 0.93819 3.11571e-14 0.00154251 0.0013358
15.8 0.0611485 -1.0731e-14 0.938804 3.10462e-14 0.0011809 0.00161827
15.9 0.0605401 -1.05857e-14 0.939413 3.09502e-14 0.000767747 0.00181482
16 0.0599381 -1.05645e-14 0.940015 3.08592e-14 0.000323935 0.00191565
16.1 0.059342 -1.05972e-14 0.940611 3.07559e-14 -0.000128303 0.00191626
16.2 0.0587521 -9.82693e-15 0.941201 3.07032e-14 -0.000566165 0.00181698
16.3 0.0581674 -9.64385e-15 0.941786 3.06617e-14 -0.000967581 0.00162358
16.4 0.0575882 -1.10061e-14 0.942365 3.02977e-14 -0.00131242 0.00134671
16.5 0.0570149 -9.99356e-15 0.942938 3.03065e-14 -0.00158353 0.00100136
16.6 0.0564474 -1.04509e-14 0.943505 3.01176e-14 -0.00176767 0.000606005
16.7 0.0558858 -1.08258e-14 0.944067 2.99917e-14 -0.00185614 0.000181624
16.8 0.0553297 -1.13657e-14 0.944623 2.97216e-14 -0.00184524 -0.00024941
16.9 0.0547792 -9.86797e-15 0.945173 2.97976e-14 -0.00173647 -0.000664516
17 0.0542341 -1.01406e-14 0.945718 2.96646e-14 -0.00153637 -0.00104209
17.1 0.0536945 -1.02129e-14 0.946258 2.95099e-14 -0.00125619 -0.00136262
17.2 0.0531602 -9.8256e-15 0.946792 2.94863e-14 -0.00091121 -0.00160989
17.3 0.0526313 -9.88087e-15 0.947321 2.94778e-14 -0.000520122 -0.0017711
17.4 0.0521076 -9.27153e-15 0.947845 2.93278e-14 -0.000103777 -0.00183853
17.5 0.0515891 -9.81748e-15 0.948363 2.91545e-14 0.000315775 -0.00180925
17.6 0.0510758 -1.03142e-14 0.948877 2.89157e-14 0.000716475 -0.00168541
17.7 0.0505675 -9.68118e-15 0.949385 2.88961e-14 0.0010774 -0.00147412
17.8 0.0500644 -1.02269e-14 0.949888 2.8695e-14 0.00137987 -0.001187
17.9 0.0495662 -1.01683e-14 0.950386 2.85408e-14 0.00160837 -0.000839561
18 0.0490731 -9.79032e-15 0.950879 2.84952e-14 0.00175139 -0.000450387
18.1 0.0485848 -1.03957e-14 0.951368 2.82182e-14 0.00180197 -4.00272e-05
18.2 0.0481013 -9.93865e-15 0.951851 2.81675e-14 0.00175796 0.000369819
18.3 0.0476227 -1.01965e-14 0.95233 2.80629e-14 0.00162229 0.000757677
18.4 0.0471489 -1.03915e-14 0.952804 2.79544e-14 0.00140262 0.00110339
18.5 0.0466797 -1.02388e-14 0.953273 2.78701e-14 0.00111099 0.00138913
18.6 0.0462153 -9.75838e-15 0.953737 2.77948e-14 0.000763113 0.00160032
18.7 0.0457554 -9.75043e-15 0.954197 2.77055e-14 0.000377546 0.0017264
18.8 0.0453001 -9.58254e-15 0.954652 2.76689e-14 -2.52924e-05 0.0017613
18.9 0.0448494 -9.26595e-15 0.955103 2.76046e-14 -0.000424209 0.00170379
19 0.0444031 -8.92594e-15 0.955549 2.75675e-14 -0.000798353 0.00155746
19.1 0.0439613 -8.85862e-15 0.955991 2.74766e-14 -0.0011283 0.00133055
19.2 0.0435239 -8.69248e-15 0.956429 2.74001e-14 -0.00139707 0.00103545
19.3 0.0430908 -8.54055e-15 0.956862 2.72996e-14 -0.00159098 0.000688032
19.4 0.0426621 -8.17413e-15 0.95729 2.72469e-14 -0.00170037 0.000306827
19.5 0.0422376 -8.47485e-15 0.957715 2.71229e-14 -0.00172006 -8.79979e-05
19.6 0.0418173 -8.3795e-15 0.958135 2.70234e-14 -0.00164957 -0.00047569
19.7 0.0414012 -8.36564e-15 0.958551 2.69182e-14 -0.0014932 -0.000836001
19.8 0.0409893 -8.15075e-15 0.958963 2.6871e-14 -0.00125966 -0.00115025
19.9 0.0405814 -8.08357e-15 0.959371 2.68231e-14 -0.00096168 -0.00140227
20 0.0401776 -8.01389e-15 0.959775 2.66946e-14 -0.000615269 -0.00157929
