0 0 0 1 0 0 0
0.1 1.71713e-07 2.37825e-24 1 -2.68834e-24 4.82665e-05 -0.000411254
0.2 7.90865e-07 1.17131e-23 0.999999 -9.33482e-24 0.000195312 -0.000866158
0.3 2.03609e-06 -2.27729e-21 0.999998 6.97502e-23 0.000448794 -0.0013505
0.4 4.1159e-06 -3.50623e-20 0.999996 4.71062e-20 0.000812928 -0.00185002
0.5 7.2677e-06 -1.71788e-19 0.999993 -4.31139e-19 0.0012886 -0.00235133
0.6 1.17563e-05 -6.47039e-19 0.999988 1.58326e-19 0.00187366 -0.00284278
0.7 1.78729e-05 3.92453e-19 0.999982 -3.92784e-19 0.00256348 -0.00331524
0.8 2.59351e-05 1.07425e-18 0.999974 -1.266e-18 0.00335156 -0.00376276
0.9 3.62894e-05 3.41833e-20 0.999963 -1.88643e-18 0.00423036 -0.00418299
1 4.93191e-05 1.44978e-18 0.99995 -1.08612e-18 0.0051922 -0.0045775
1.1 6.54571e-05 9.0286e-18 0.999934 -4.51055e-18 0.00623012 -0.00495182
1.2 8.52077e-05 1.23581e-17 0.999913 -4.7956e-18 0.00733882 -0.0053153
1.3 0.000109179 8.78659e-18 0.999889 4.35305e-18 0.00851548 -0.00568072
1.4 0.000138127 9.87449e-18 0.99986 9.99911e-18 0.00976048 -0.00606382
1.5 0.000173014 1.10516e-17 0.999824 3.52644e-18 0.011078 -0.00648251
1.6 0.000215082 2.52757e-17 0.999782 -1.0228e-17 0.0124762 -0.00695614
1.7 0.000265943 2.09145e-17 0.999731 -3.64913e-19 0.0139682 -0.0075043
1.8 0.000327673 1.15353e-17 0.999669 -8.95518e-18 0.0155707 -0.00814627
1.9 0.000403421 1.91027e-18 0.999593 -2.87371e-17 0.0173047 -0.00890007
2 0.00049655 8.8616e-18 0.9995 -6.26124e-17 0.019195 -0.00978165
2.1 0.000611641 -3.69309e-18 0.999385 -6.91886e-17 0.0212691 -0.010804
2.2 0.000753745 5.48455e-17 0.999243 -2.53344e-17 0.023557 -0.0119766
2.3 0.000929863 -3.52182e-18 0.999066 -1.84581e-17 0.0260898 -0.0133049
2.4 0.0011473 2.59284e-19 0.998849 7.96335e-18 0.028899 -0.01479
2.5 0.00141481 1.77925e-16 0.998581 2.5263e-17 0.0320155 -0.0164287
2.6 0.00174325 2.09409e-16 0.998253 -2.95786e-17 0.0354682 -0.0182135
2.7 0.00214398 1.46697e-16 0.997852 -4.32963e-17 0.0392835 -0.020133
2.8 0.00263013 1.35414e-16 0.997365 -7.42197e-17 0.0434843 -0.0221719
2.9 0.0032162 2.63491e-16 0.996779 -9.77516e-17 0.0480888 -0.0243118
3 0.00391774 1.51346e-16 0.996077 -8.44296e-17 0.0531103 -0.0265319
3.1 0.00475228 3.56687e-16 0.995241 1.56955e-16 0.0585597 -0.0288103
3.2 0.00573687 3.13311e-16 0.994255 2.04913e-16 0.0644341 -0.0311203
3.3 0.00688908 5.58254e-16 0.993102 1.88358e-16 0.0707293 -0.033437
3.4 0.00822717 3.37285e-16 0.991763 3.27967e-16 0.0774356 -0.0357374
3.5 0.00976981 -2.0162e-16 0.99022 2.82395e-16 0.0845374 -0.0379966
3.6 0.0115345 -1.41335e-16 0.988455 -1.09088e-16 0.09201 -0.0401931
3.7 0.0135381 9.17416e-17 0.986451 1.35862e-16 0.0998259 -0.0423035
3.8 0.0157965 4.32897e-16 0.984192 1.83456e-16 0.107953 -0.0443078
3.9 0.0183243 2.03176e-16 0.981664 -5.62802e-17 0.116355 -0.0461878
4 0.0211324 3.38016e-16 0.978856 -3.27319e-16 0.124989 -0.0479248
4.1 0.0242295 4.41309e-16 0.975759 2.39907e-16 0.133811 -0.0495033
4.2 0.0276248 5.05261e-16 0.972363 5.95432e-16 0.142772 -0.0509069
4.3 0.0313227 3.95044e-16 0.968664 1.7417e-15 0.151819 -0.0521221
4.4 0.035321 2.66505e-15 0.964665 -2.02564e-15 0.160898 -0.0531367
4.5 0.039616 1.63317e-15 0.960369 -1.55154e-15 0.169952 -0.0539401
4.6 0.0441969 9.82024e-16 0.955787 -9.6965e-16 0.178924 -0.0545243
4.7 0.0490516 3.56948e-16 0.950932 -1.20907e-15 0.187753 -0.0548822
4.8 0.0541597 -2.20786e-16 0.945823 -1.8282e-16 0.196381 -0.0550153
4.9 0.0594967 1.41396e-16 0.940486 4.99908e-16 0.204755 -0.0549153
5 0.0650371 -7.33303e-16 0.934946 2.25587e-15 0.212816 -0.0545884
5.1 0.0707508 -8.52871e-16 0.929233 3.47787e-15 0.220509 -0.0540427
5.2 0.0766008 -4.51654e-15 0.923383 6.88702e-15 0.227778 -0.0532933
5.3 0.0825473 -1.30485e-15 0.917437 7.74864e-15 0.234587 -0.0523517
5.4 0.0885511 7.67437e-16 0.911433 5.69282e-15 0.240896 -0.0512312
5.5 0.0945717 -1.76022e-16 0.905412 2.7608e-15 0.246674 -0.0499611
5.6 0.100575 -1.44296e-15 0.899409 4.86831e-15 0.251898 -0.0485684
5.7 0.106516 2.33237e-14 0.893468 -1.92395e-14 0.256548 -0.0470795
5.8 0.112363 1.52564e-14 0.88762 -9.29799e-15 0.260627 -0.0455356
5.9 0.118093 1.29361e-14 0.881889 -9.66535e-15 0.264136 -0.0439607
6 0.123674 1.30954e-14 0.876307 -5.1218e-15 0.267085 -0.0423796
6.1 0.129081 1.6782e-14 0.8709 -2.91993e-16 0.269491 -0.0408225
6.2 0.134297 1.78844e-14 0.865683 -2.26562e-15 0.271377 -0.0393054
6.3 0.139311 1.46146e-14 0.860668 -1.48793e-15 0.272784 -0.0378349
6.4 0.144109 8.39839e-15 0.855868 1.98525e-15 0.273741 -0.0364118
6.5 0.148687 2.75928e-15 0.851288 1.42758e-14 0.27431 -0.0350254
6.6 0.15303 -1.2063e-14 0.846944 2.21597e-14 0.274493 -0.033668
6.7 0.15713 -1.39787e-14 0.842841 2.62395e-14 0.274328 -0.0323246
6.8 0.160974 -2.69966e-14 0.838994 3.7586e-14 0.273833 -0.0309681
6.9 0.164541 -2.94294e-14 0.835425 4.3174e-14 0.273012 -0.0295988
7 0.167826 -3.15556e-14 0.832137 4.20179e-14 0.271882 -0.0281744
7.1 0.170801 -3.7943e-14 0.829161 4.18226e-14 0.270442 -0.0266868
7.2 0.173445 -4.50402e-14 0.826516 4.04113e-14 0.268681 -0.0251387
7.3 0.175756 -3.23987e-14 0.824204 2.03845e-14 0.266599 -0.0235128
7.4 0.177709 2.97256e-14 0.82225 -3.4605e-14 0.264188 -0.0218198
7.5 0.179291 1.35792e-14 0.820666 -1.12618e-14 0.261458 -0.0200817
7.6 0.180503 3.93956e-14 0.819452 -4.55566e-14 0.258386 -0.0183051
7.7 0.181349 5.63934e-14 0.818607 -5.79574e-14 0.254966 -0.0165132
7.8 0.181828 1.38828e-13 0.818128 -8.37048e-14 0.251182 -0.0147485
7.9 0.18197 -3.49076e-13 0.817985 3.26386e-13 0.247058 -0.0130126
8 0.181798 -4.28324e-13 0.818157 3.88979e-13 0.242603 -0.0113259
8.1 0.181318 -3.7283e-13 0.818635 3.30107e-13 0.237828 -0.00971659
8.2 0.180554 -3.47602e-13 0.819397 3.23846e-13 0.232761 -0.00819409
8.3 0.179531 -2.30248e-13 0.820418 2.14576e-13 0.22743 -0.00675773
8.4 0.178306 -2.33647e-13 0.821641 2.15466e-13 0.221828 -0.0054169
8.5 0.176892 -1.34801e-13 0.823054 9.60782e-14 0.215968 -0.00417969
8.6 0.175316 -2.37477e-14 0.824628 -2.28096e-14 0.209893 -0.00305037
8.7 0.173604 8.8425e-14 0.82634 -1.43372e-13 0.203611 -0.00202103
8.8 0.171794 1.61229e-14 0.828148 -9.71698e-14 0.197144 -0.00108582
8.9 0.169899 -8.55081e-14 0.830041 8.58721e-15 0.19051 -0.000236612
9 0.167928 -1.92039e-13 0.832008 1.05484e-13 0.183715 0.000543843
9.1 0.165925 -2.52862e-13 0.83401 1.60868e-13 0.176796 0.00126574
9.2 0.163885 -2.05478e-13 0.836048 8.86332e-14 0.169762 0.00192837
9.3 0.161818 -2.20106e-13 0.838113 8.9278e-14 0.162622 0.00253279
9.4 0.159754 -3.69751e-13 0.840179 2.31644e-13 0.155396 0.00308569
9.5 0.157684 -2.82709e-13 0.84225 1.2533e-13 0.14811 0.00356764
9.6 0.155629 -1.93004e-13 0.844306 4.79537e-14 0.140779 0.00398701
9.7 0.153586 -9.15033e-14 0.846349 -5.48825e-14 0.133433 0.00434845
9.8 0.151581 1.17981e-13 0.848354 -2.16605e-13 0.126064 0.00462637
9.9 0.149621 -1.98923e-13 0.850314 9.11468e-14 0.11873 0.00482008
10 0.147702 -1.79995e-13 0.852234 6.51053e-14 0.111457 0.0049221
10.1 0.145815 -4.97712e-13 0.854122 4.24363e-13 0.104285 0.00493499
10.2 0.143987 -9.88364e-13 0.85595 9.40753e-13 0.0972356 0.00484466
10.3 0.142217 -6.14225e-12 0.857722 6.19648e-12 0.0903453 0.0046478
10.4 0.140508 -1.3826e-11 0.859432 1.32362e-11 0.0836518 0.00435155
10.5 0.138866 -1.20892e-11 0.861074 1.16407e-11 0.0771913 0.00395353
10.6 0.137279 -9.29129e-12 0.862662 9.23746e-12 0.0709831 0.00346262
10.7 0.135747 -1.07061e-11 0.864193 1.07182e-11 0.0650636 0.00288285
10.8 0.134272 -1.20145e-11 0.865668 1.24327e-11 0.0594652 0.00223065
10.9 0.132842 -1.48556e-11 0.867098 1.50254e-11 0.0542051 0.00152218
11 0.131459 -1.17464e-11 0.86848 1.1205e-11 0.0493019 0.000788975
11.1 0.130122 -1.62713e-11 0.869816 1.37243e-11 0.0447729 5.52938e-05
11.2 0.128822 -1.30576e-11 0.871116 1.2499e-11 0.0406088 -0.000662057
11.3 0.127555 -1.14568e-11 0.872382 1.092e-11 0.0368032 -0.00133601
11.4 0.126315 -1.07576e-11 0.873621 1.04206e-11 0.0333511 -0.00194685
11.5 0.125104 -1.06626e-11 0.874832 1.08862e-11 0.0302417 -0.00247499
11.6 0.123898 -1.6008e-11 0.876038 1.62665e-11 0.0274464 -0.00289659
11.7 0.122706 -1.76629e-11 0.87723 2.03098e-11 0.024946 -0.00320124
11.8 0.121528 -2.2288e-11 0.878407 3.01405e-11 0.022706 -0.00337978
11.9 0.120358 -3.08086e-11 0.879577 2.12316e-11 0.0206976 -0.00342595
12 0.119197 -8.77352e-12 0.880737 2.16652e-11 0.0188928 -0.00332989
12.1 0.118044 -6.26916e-11 0.881891 -4.27457e-11 0.0172514 -0.00311308
12.2 0.116897 -7.08773e-12 0.883037 4.12473e-11 0.0157432 -0.00277956
12.3 0.115757 -2.1488e-11 0.884177 8.18195e-11 0.0143396 -0.00234302
12.4 0.114625 -2.58971e-11 0.885309 7.22459e-11 0.0130178 -0.00182796
12.5 0.113498 -4.43519e-11 0.886436 1.68099e-11 0.011756 -0.00126589
12.6 0.112377 8.42402e-10 0.887557 -3.21327e-09 0.0105384 -0.000659255
12.7 0.111263 -5.58999e-10 0.888669 -4.72684e-10 0.00935154 -4.85068e-05
12.8 0.110162 -4.32336e-10 0.889769 2.41034e-10 0.00819869 0.000541691
12.9 0.10907 -3.30908e-08 0.890861 -2.28503e-08 0.00707888 0.00109354
13 0.107984 1.61989e-07 0.891946 -1.46934e-07 0.00599596 0.00159241
13.1 0.106907 -2.86642e-07 0.893023 -4.40191e-08 0.00495549 0.00201756
13.2 0.10584 -1.11384e-06 0.894089 5.12155e-07 0.00396661 0.00236483
13.3 0.104779 -6.47143e-07 0.895149 6.26922e-08 0.00304108 0.00261812
13.4 0.103731 -6.72361e-07 0.896196 1.04513e-07 0.00219212 0.00276958
13.5 0.102695 -6.52461e-07 0.897233 2.4814e-07 0.0014318 0.00283457
13.6 0.10167 -8.38487e-07 0.898256 8.36265e-07 0.000774026 0.00281654
13.7 0.100658 -8.46707e-07 0.899269 1.05049e-06 0.000226046 0.00272481
13.8 0.0996563 -9.3672e-07 0.90027 9.84892e-07 -0.000197877 0.0025746
13.9 0.0986658 -1.0468e-06 0.901261 8.58703e-07 -0.000497396 0.00238621
14 0.0976867 -1.00752e-06 0.90224 4.50421e-07 -0.000678245 0.00217936
14.1 0.0967181 -1.05386e-06 0.903209 3.62251e-07 -0.000741584 0.00197055
14.2 0.0957581 -9.91303e-07 0.904169 -3.64413e-08 -0.000703727 0.00177744
14.3 0.094808 -1.00747e-06 0.90512 -3.75142e-07 -0.000576764 0.00161836
14.4 0.0938669 -9.02053e-07 0.906061 -5.8467e-07 -0.000380306 0.00149796
14.5 0.0929347 -7.40261e-07 0.906993 -7.57751e-07 -0.00012854 0.00142748
14.6 0.0920117 -5.15729e-07 0.907917 -9.64099e-07 0.000155683 0.00141517
14.7 0.0910977 -1.44153e-08 0.908831 -9.13035e-07 0.000455276 0.0014602
14.8 0.0901917 1.47e-07 0.909737 -1.1188e-06 0.000748677 0.00156108
14.9 0.0892942 2.13331e-07 0.910634 -1.25311e-06 0.00101638 0.00171492
15 0.0884061 -3.10472e-07 0.911522 -1.04109e-06 0.0012427 0.00190739
15.1 0.0875269 -5.58095e-07 0.912401 -4.37913e-07 0.00141104 0.00212756
15.2 0.0866575 -8.74436e-07 0.91327 -2.99663e-07 0.00151672 0.00236047
15.3 0.085798 -9.29895e-07 0.91413 -2.64816e-07 0.00154923 0.00258748
15.4 0.0849461 -9.8566e-07 0.914981 -2.09355e-07 0.00151072 0.0027927
15.5 0.0841019 -1.10264e-06 0.915826 -2.20334e-07 0.00140282 0.00295857
15.6 0.0832673 -1.08996e-06 0.916661 -2.74907e-07 0.0012348 0.0030687
15.7 0.0824404 -1.10331e-06 0.91749 -3.19142e-07 0.00101559 0.00311587
15.8 0.0816201 -1.13888e-06 0.918308 -2.73529e-07 0.000762826 0.00308807
15.9 0.0808072 -1.15658e-06 0.919121 -2.67136e-07 0.000487181 0.0029819
16 0.080004 -1.22744e-06 0.919924 -3.01806e-07 0.000207939 0.00279554
16.1 0.0792087 -1.07127e-06 0.920719 -3.37614e-07 -5.96813e-05 0.00253207
16.2 0.0784207 -8.73012e-07 0.921507 -2.51256e-07 -0.000297299 0.00219546
16.3 0.0776406 -6.00489e-07 0.922287 -3.52112e-07 -0.000491518 0.00179959
16.4 0.0768675 -3.1496e-07 0.923059 -3.50224e-07 -0.00062987 0.0013559
16.5 0.076102 -6.58936e-08 0.923825 -3.83794e-07 -0.000704203 0.000882166
16.6 0.0753438 4.18998e-08 0.924583 -6.53868e-07 -0.000708327 0.000393467
16.7 0.0745927 6.1648e-08 0.925334 -7.09087e-07 -0.000646068 -9.03813e-05
16.8 0.0738497 -6.19352e-08 0.926076 -1.05826e-06 -0.000514585 -0.000551627
16.9 0.0731154 -4.32136e-07 0.926809 -1.13316e-06 -0.000321 -0.00097421
17 0.0723891 -2.7159e-07 0.927536 -1.25023e-06 -7.92631e-05 -0.00134279
17.1 0.0716695 2.12357e-08 0.928257 -1.41923e-06 0.000202285 -0.0016405
17.2 0.0709561 -2.21975e-07 0.928972 -1.3881e-06 0.000503924 -0.00186639
17.3 0.0702502 -2.43471e-07 0.929679 -1.41991e-06 0.000810281 -0.00201103
17.4 0.0695511 -4.1848e-07 0.930378 -1.31481e-06 0.00110678 -0.00207986
17.5 0.0688594 -3.2576e-07 0.931071 -1.38034e-06 0.00137797 -0.00207226
17.6 0.0681748 -4.38938e-07 0.931756 -1.22067e-06 0.0016102 -0.00199605
17.7 0.0674975 -5.36057e-07 0.932434 -1.27249e-06 0.00178884 -0.00186014
17.8 0.0668278 -3.43225e-07 0.933104 -1.24227e-06 0.00190496 -0.00167723
17.9 0.0661654 -1.70166e-07 0.933767 -1.09279e-06 0.0019533 -0.00146142
18 0.0655098 -1.73592e-07 0.934423 -1.01067e-06 0.00192888 -0.00122814
18.1 0.0648604 -1.64726e-07 0.935073 -1.00867e-06 0.0018343 -0.000995443
18.2 0.0642167 -1.41989e-07 0.935717 -9.75344e-07 0.00167481 -0.000776721
18.3 0.0635788 6.17815e-08 0.936355 -5.51761e-07 0.00145738 -0.000586071
18.4 0.0629472 1.05044e-07 0.936987 -4.53313e-07 0.0011941 -0.000435562
18.5 0.0623214 2.34714e-07 0.937613 -5.4257e-07 0.000898237 -0.000331214
18.6 0.0617006 2.31145e-07 0.938235 -5.73661e-07 0.000586917 -0.00027936
18.7 0.0610879 2.6405e-07 0.938846 -6.91847e-07 0.000269442 -0.000279835
18.8 0.06048 2.44314e-07 0.939454 -7.74964e-07 -3.92909e-05 -0.00033132
18.9 0.0598786 2.08831e-07 0.940056 -8.58499e-07 -0.000323471 -0.000431222
19 0.059283 2.17867e-07 0.940652 -9.46379e-07 -0.000569069 -0.000572747
19.1 0.0586933 1.16047e-07 0.941242 -7.92119e-07 -0.000767197 -0.000746299
19.2 0.05811 1.3062e-07 0.941825 -8.42681e-07 -0.000910273 -0.000938906
19.3 0.0575322 1.32063e-07 0.942403 -8.82515e-07 -0.000992791 -0.00113805
19.4 0.0569601 3.42438e-08 0.942975 -8.82277e-07 -0.00101258 -0.00132899
19.5 0.056394 6.09535e-09 0.943541 -9.00509e-07 -0.000972323 -0.00149885
19.6 0.0558336 5.72978e-09 0.944102 -9.18457e-07 -0.000876098 -0.00163436
19.7 0.0552787 1.49806e-08 0.944657 -9.15347e-07 -0.000735206 -0.00172347
19.8 0.0547293 5.97745e-08 0.945207 -9.21151e-07 -0.000555478 -0.00176031
19.9 0.0541856 1.98199e-07 0.945751 -8.81679e-07 -0.000353339 -0.0017359
20 0.0536474 2.78689e-07 0.94629 -8.43142e-07 -0.00014253 -0.00165054
