0 0 0 1 0 0 0
0.1 1.71713e-07 2.37825e-24 1 -2.68834e-24 4.82651e-05 -0.000411215
0.2 7.90828e-07 1.17131e-23 0.999999 -9.33482e-24 0.000195282 -0.000865962
0.3 2.03584e-06 -1.05789e-20 0.999998 1.88544e-22 0.000448646 -0.00134995
0.4 4.11496e-06 1.02503e-19 0.999996 2.34567e-19 0.000812479 -0.00184886
0.5 7.26506e-06 1.33753e-18 0.999993 -4.22046e-19 0.00128754 -0.00234927
0.6 1.17502e-05 6.7791e-19 0.999988 9.89323e-20 0.00187154 -0.00283952
0.7 1.78603e-05 1.41523e-18 0.999982 -3.12931e-19 0.00255968 -0.00331054
0.8 2.59115e-05 9.34659e-19 0.999974 -2.45381e-18 0.00334531 -0.00375644
0.9 3.62489e-05 1.97889e-18 0.999963 -2.3307e-18 0.00422076 -0.00417503
1 4.92538e-05 -2.73712e-18 0.99995 -4.48178e-18 0.0051782 -0.00456802
1.1 6.53575e-05 -7.14326e-18 0.999934 -2.42426e-18 0.00621062 -0.00494117
1.2 8.50634e-05 -3.19835e-18 0.999914 -6.64921e-18 0.00731267 -0.00530402
1.3 0.00010898 -1.31679e-18 0.999889 -2.35418e-18 0.00848155 -0.00566962
1.4 0.000137864 3.06399e-18 0.99986 -6.50252e-18 0.0097177 -0.0060539
1.5 0.000172685 3.88605e-18 0.999825 -8.03885e-18 0.0110254 -0.006475
1.6 0.00021469 1.2154e-17 0.999783 -4.90289e-18 0.0124131 -0.00695242
1.7 0.000265506 -3.36753e-18 0.999732 -6.53798e-19 0.0138939 -0.00750586
1.8 0.000327223 -4.17977e-18 0.99967 -1.47006e-18 0.0154849 -0.00815466
1.9 0.000403285 3.40564e-18 0.999593 -1.87355e-17 0.0172073 -0.00891681
2 0.000496576 -2.55071e-17 0.9995 -1.28077e-17 0.0190861 -0.00980823
2.1 0.000612138 -1.61951e-17 0.999384 -2.3804e-18 0.0211489 -0.0108418
2.2 0.000755046 -4.83638e-17 0.999241 -1.31131e-17 0.0234259 -0.0120266
2.3 0.000931924 -7.47178e-17 0.999064 6.50728e-18 0.0259482 -0.013368
2.4 0.00115032 -2.12739e-17 0.998846 -3.07092e-17 0.0287473 -0.0148668
2.5 0.00141929 8.40019e-17 0.998576 -4.98733e-17 0.031854 -0.0165195
2.6 0.00174996 -9.09448e-16 0.998246 1.12247e-15 0.035297 -0.0183184
2.7 0.00215359 -5.52894e-17 0.99784 3.89097e-16 0.0391038 -0.0202527
2.8 0.00264339 -1.27103e-16 0.997349 9.1541e-17 0.0432947 -0.0223063
2.9 0.00323436 -1.53141e-16 0.996756 3.07047e-19 0.0478889 -0.0244606
3 0.00394187 5.32377e-18 0.996047 3.52122e-17 0.0529004 -0.0266955
3.1 0.00478243 2.83317e-17 0.995205 1.77348e-16 0.0583384 -0.028988
3.2 0.00577388 3.36812e-16 0.994213 4.19553e-16 0.0641984 -0.0313108
3.3 0.00693405 1.76235e-16 0.993053 2.96045e-16 0.0704778 -0.0336416
3.4 0.00828145 1.04187e-15 0.991705 -5.14998e-16 0.0771666 -0.0359571
3.5 0.00983456 5.16888e-16 0.990152 -2.43279e-16 0.0842487 -0.0382325
3.6 0.0116113 9.51847e-17 0.988375 -1.53668e-16 0.091702 -0.0404448
3.7 0.0136289 2.38029e-16 0.986358 -5.06108e-16 0.0994983 -0.0425712
3.8 0.015903 6.49566e-16 0.984084 -1.0881e-15 0.107604 -0.0445912
3.9 0.0184481 1.01985e-15 0.981539 -9.92156e-16 0.115979 -0.0464858
4 0.0212758 1.54738e-15 0.978711 -1.04457e-15 0.124585 -0.0482381
4.1 0.0243959 1.19437e-15 0.975592 -1.20111e-15 0.133375 -0.0498313
4.2 0.0278178 2.24852e-15 0.97217 -2.08602e-15 0.142301 -0.0512506
4.3 0.031544 1.86856e-15 0.968444 -2.02519e-15 0.151311 -0.0524825
4.4 0.0355741 1.10945e-15 0.964414 -9.46707e-16 0.16035 -0.053515
4.5 0.0399039 -6.02772e-15 0.960084 6.22734e-15 0.169362 -0.0543378
4.6 0.0445225 -3.92377e-15 0.955465 4.87617e-15 0.178292 -0.0549445
4.7 0.0494174 -4.45485e-15 0.95057 4.81668e-15 0.187081 -0.0553272
4.8 0.0545694 -3.04402e-15 0.945417 2.86297e-15 0.195669 -0.0554826
4.9 0.0599588 -2.98711e-15 0.940028 3.81038e-15 0.204002 -0.0554111
5 0.0655565 -4.14121e-15 0.93443 2.60376e-15 0.21202 -0.0551167
5.1 0.07133 -4.43901e-15 0.928657 3.19989e-15 0.219675 -0.0546027
5.2 0.0772405 -4.54329e-15 0.922746 4.0529e-15 0.226913 -0.053869
5.3 0.0832547 -4.56223e-15 0.916731 7.57199e-15 0.233688 -0.0529383
5.4 0.0893303 -5.93127e-15 0.910654 7.30241e-15 0.239969 -0.0518318
5.5 0.0954245 -4.44007e-15 0.90456 9.10966e-15 0.245724 -0.0505602
5.6 0.1015 -2.72841e-15 0.898483 8.43936e-15 0.250926 -0.0491603
5.7 0.107518 5.67618e-16 0.892464 7.50844e-15 0.255561 -0.0476554
5.8 0.113443 7.92507e-16 0.88654 4.7992e-15 0.259618 -0.0460748
5.9 0.119238 -8.67969e-16 0.880744 8.43311e-15 0.263085 -0.0444532
6 0.124878 8.13731e-16 0.875104 4.50538e-15 0.26599 -0.0428113
6.1 0.130336 -1.66518e-15 0.869646 7.41634e-15 0.268345 -0.0411749
6.2 0.135596 -2.40731e-15 0.864385 3.93494e-15 0.270196 -0.0395641
6.3 0.140641 -2.79481e-15 0.85934 4.02802e-15 0.271555 -0.0379887
6.4 0.145455 -2.52081e-15 0.854525 5.78983e-15 0.272448 -0.0364557
6.5 0.150027 -1.02484e-16 0.849952 5.521e-15 0.272911 -0.0349668
6.6 0.154351 -6.85068e-15 0.845627 1.04057e-14 0.272973 -0.0335123
6.7 0.158412 -9.78566e-15 0.841565 1.44866e-14 0.272656 -0.0320882
6.8 0.162206 -1.51912e-14 0.83777 2.52532e-14 0.271987 -0.0306791
6.9 0.16572 -1.44858e-14 0.834254 2.96684e-14 0.270982 -0.0292692
7 0.168946 -1.77977e-14 0.831026 3.34605e-14 0.269655 -0.0278456
7.1 0.171859 -2.63665e-14 0.828112 4.79316e-14 0.268027 -0.0263925
7.2 0.174462 -2.97257e-14 0.825508 5.3537e-14 0.266082 -0.0248991
7.3 0.17674 -3.45332e-14 0.823229 5.29168e-14 0.263814 -0.023353
7.4 0.178681 -3.8774e-14 0.821287 6.0922e-14 0.261227 -0.0217628
7.5 0.180274 -3.75303e-14 0.819693 5.8347e-14 0.258315 -0.0201396
7.6 0.181522 -3.4714e-14 0.818445 5.05837e-14 0.255077 -0.0184885
7.7 0.182428 -3.55956e-14 0.817538 4.56356e-14 0.251509 -0.0168244
7.8 0.182994 -2.96759e-14 0.816971 4.45978e-14 0.247608 -0.0151659
7.9 0.183236 -2.33466e-14 0.816728 4.43867e-14 0.243384 -0.013529
8 0.18317 -2.50506e-14 0.816793 4.28541e-14 0.23884 -0.0119359
8.1 0.182816 -2.61377e-14 0.817147 4.40628e-14 0.23399 -0.0104027
8.2 0.182197 -2.62709e-14 0.817765 4.56061e-14 0.228849 -0.00894022
8.3 0.181337 -2.39894e-14 0.818624 4.77765e-14 0.223435 -0.0075591
8.4 0.180263 -2.39235e-14 0.819698 4.62061e-14 0.21777 -0.0062667
8.5 0.179001 -2.31227e-14 0.820959 5.04926e-14 0.211874 -0.00506387
8.6 0.177576 -2.39707e-14 0.822383 5.16466e-14 0.205772 -0.00394627
8.7 0.176013 -2.35391e-14 0.823946 5.32694e-14 0.199486 -0.00290846
8.8 0.174333 -2.60662e-14 0.825625 5.90993e-14 0.193038 -0.00194349
8.9 0.172556 -2.57331e-14 0.827402 6.16623e-14 0.186447 -0.00104252
9 0.1707 -2.59964e-14 0.829258 6.52443e-14 0.179736 -0.000193377
9.1 0.16878 -2.63533e-14 0.831178 6.48396e-14 0.172925 0.000610623
9.2 0.166808 -2.32462e-14 0.833148 6.02033e-14 0.166027 0.00137622
9.3 0.1648 -2.46189e-14 0.835157 6.05949e-14 0.159061 0.00211047
9.4 0.162763 -2.16744e-14 0.837193 6.06268e-14 0.152042 0.00281284
9.5 0.16071 -2.40328e-14 0.839246 6.32091e-14 0.144986 0.00348255
9.6 0.158649 -2.36766e-14 0.841306 6.63431e-14 0.137913 0.00411811
9.7 0.15659 -2.55687e-14 0.843365 6.4478e-14 0.130839 0.00471118
9.8 0.15454 -2.67455e-14 0.845415 6.65339e-14 0.123787 0.00525247
9.9 0.152508 -3.154e-14 0.847446 6.4085e-14 0.116777 0.00573215
10 0.150503 -3.57541e-14 0.84945 6.57093e-14 0.109835 0.00613954
10.1 0.148531 -3.49989e-14 0.851423 6.33859e-14 0.102986 0.00646359
10.2 0.146597 -3.56911e-14 0.853356 6.1572e-14 0.0962578 0.00669476
10.3 0.144707 -3.10417e-14 0.855246 5.90542e-14 0.0896779 0.00682244
10.4 0.142864 -3.50114e-14 0.857089 5.82771e-14 0.0832765 0.00684397
10.5 0.141073 -3.61595e-14 0.85888 5.77125e-14 0.0770853 0.00675436
10.6 0.139337 -3.31761e-14 0.860616 5.65772e-14 0.0711335 0.00655773
10.7 0.137656 -3.17073e-14 0.862298 5.63034e-14 0.0654436 0.00625631
10.8 0.136031 -2.9627e-14 0.863922 5.53818e-14 0.0600429 0.00585523
10.9 0.134459 -2.61532e-14 0.865494 5.24379e-14 0.0549497 0.00536872
11 0.132939 -2.56796e-14 0.867014 5.15469e-14 0.0501832 0.00481465
11.1 0.131467 -2.53599e-14 0.868485 5.05068e-14 0.045753 0.00421083
11.2 0.13004 -2.48172e-14 0.869913 4.83308e-14 0.0416644 0.00357743
11.3 0.128653 -2.48928e-14 0.8713 4.77572e-14 0.0379175 0.00293528
11.4 0.127302 -2.40728e-14 0.87265 4.67621e-14 0.034508 0.00230877
11.5 0.125984 -2.46874e-14 0.873968 4.83561e-14 0.0314232 0.00171729
11.6 0.124695 -2.55185e-14 0.875257 4.93199e-14 0.0286483 0.00118098
11.7 0.123431 -2.57558e-14 0.87652 4.89265e-14 0.0261612 0.000718672
11.8 0.122189 -2.61414e-14 0.877762 4.98502e-14 0.0239343 0.000345546
11.9 0.120965 -2.50324e-14 0.878986 4.91728e-14 0.0219402 6.89273e-05
12 0.119755 -2.49287e-14 0.880196 5.01283e-14 0.0201471 -0.000106755
12.1 0.11856 -2.44055e-14 0.881391 5.06112e-14 0.0185256 -0.000181561
12.2 0.117377 -2.44896e-14 0.882574 5.03214e-14 0.0170434 -0.000160643
12.3 0.116207 -2.40748e-14 0.883744 5.06821e-14 0.0156724 -5.26989e-05
12.4 0.115047 -2.28027e-14 0.884904 5.04912e-14 0.0143854 0.000128715
12.5 0.113899 -2.35974e-14 0.886052 4.96507e-14 0.0131605 0.000366132
12.6 0.112761 -2.31725e-14 0.887189 4.9668e-14 0.0119802 0.000640048
12.7 0.111634 -2.28329e-14 0.888317 4.94536e-14 0.0108306 0.000929489
12.8 0.110518 -2.13512e-14 0.889433 4.90512e-14 0.00970409 0.0012137
12.9 0.109412 -2.1196e-14 0.890539 4.84386e-14 0.00859764 0.00147223
13 0.108318 -2.05479e-14 0.891633 4.81569e-14 0.0075121 0.00168591
13.1 0.107236 -2.0257e-14 0.892716 4.74499e-14 0.00645549 0.00184071
13.2 0.106163 -1.99203e-14 0.893788 4.74396e-14 0.00543804 0.00192437
13.3 0.105103 -1.96078e-14 0.894848 4.70699e-14 0.00447006 0.00193072
13.4 0.104054 -1.93783e-14 0.895897 4.67929e-14 0.00356504 0.00185631
13.5 0.103015 -1.9243e-14 0.896936 4.66816e-14 0.00273836 0.00170361
13.6 0.101987 -1.92432e-14 0.897964 4.65288e-14 0.00200152 0.00147699
13.7 0.10097 -2.00242e-14 0.898981 4.61926e-14 0.0013667 0.00118803
13.8 0.0999639 -1.92806e-14 0.899987 4.58339e-14 0.000842999 0.000850323
13.9 0.0989682 -1.96202e-14 0.900983 4.5786e-14 0.000435704 0.000481261
14 0.0979822 -2.12812e-14 0.901969 4.53763e-14 0.000147019 9.88879e-05
14.1 0.0970064 -2.23919e-14 0.902945 4.46933e-14 -2.65241e-05 -0.000277186
14.2 0.0960403 -2.25645e-14 0.903911 4.45159e-14 -9.09528e-05 -0.000628188
14.3 0.0950838 -2.27763e-14 0.904867 4.42404e-14 -5.64581e-05 -0.000935867
14.4 0.0941374 -2.267e-14 0.905813 4.39285e-14 6.1576e-05 -0.00118482
14.5 0.0932004 -2.24395e-14 0.90675 4.36932e-14 0.000246646 -0.00136307
14.6 0.0922728 -2.21737e-14 0.907678 4.35172e-14 0.000477784 -0.00146073
14.7 0.0913545 -2.20008e-14 0.908596 4.3341e-14 0.000733896 -0.00147377
14.8 0.0904453 -2.17736e-14 0.909505 4.31437e-14 0.00099391 -0.00140318
14.9 0.0895451 -2.1615e-14 0.910405 4.29448e-14 0.00123749 -0.00125373
15 0.0886543 -2.14156e-14 0.911296 4.27367e-14 0.00144576 -0.00103431
15.1 0.0877722 -2.12131e-14 0.912178 4.2521e-14 0.00160293 -0.000758161
15.2 0.0868989 -2.09828e-14 0.913051 4.23204e-14 0.0016967 -0.000440668
15.3 0.0860343 -2.07739e-14 0.913916 4.20992e-14 0.0017188 -9.96078e-05
15.4 0.0851783 -2.05755e-14 0.914772 4.18868e-14 0.00166537 0.000246091
15.5 0.0843307 -2.03531e-14 0.915619 4.16865e-14 0.00153709 0.000577413
15.6 0.0834917 -1.99736e-14 0.916458 4.1517e-14 0.00133912 0.000876271
15.7 0.0826609 -1.97944e-14 0.917289 4.13032e-14 0.0010806 0.00112656
15.8 0.0818385 -1.95558e-14 0.918112 4.11096e-14 0.000774261 0.00131469
15.9 0.0810243 -1.88628e-14 0.918926 4.09963e-14 0.000435652 0.00143068
16 0.0802182 -1.9072e-14 0.919732 4.07735e-14 8.21462e-05 0.00146858
16.1 0.0794202 -1.876e-14 0.92053 4.05954e-14 -0.000267844 0.00142676
16.2 0.07863 -1.89839e-14 0.92132 4.03447e-14 -0.000596387 0.00130819
16.3 0.0778476 -1.86273e-14 0.922102 4.02081e-14 -0.000886536 0.00111952
16.4 0.0770728 -1.87266e-14 0.922877 4.00241e-14 -0.0011234 0.000871373
16.5 0.0763058 -1.72733e-14 0.923644 3.98898e-14 -0.00129498 0.000577562
16.6 0.0755465 -1.97975e-14 0.924403 3.94588e-14 -0.0013928 0.000254296
16.7 0.0747947 -1.94193e-14 0.925155 3.93239e-14 -0.00141239 -8.07057e-05
16.8 0.0740505 -1.92844e-14 0.925899 3.90752e-14 -0.00135348 -0.000409189
16.9 0.0733137 -1.80022e-14 0.926636 3.91008e-14 -0.00122001 -0.000713361
17 0.0725842 -1.76323e-14 0.927366 3.89433e-14 -0.00101993 -0.000976854
17.1 0.071862 -1.74871e-14 0.928088 3.88032e-14 -0.000764705 -0.00118561
17.2 0.0711469 -1.83471e-14 0.928803 3.85299e-14 -0.000468691 -0.00132862
17.3 0.070439 -1.65686e-14 0.929511 3.84428e-14 -0.000148278 -0.0013987
17.4 0.0697381 -1.66979e-14 0.930212 3.82004e-14 0.000178754 -0.00139216
17.5 0.0690442 -1.61513e-14 0.930906 3.81051e-14 0.000494537 -0.00130996
17.6 0.0683572 -1.61515e-14 0.931593 3.79878e-14 0.000781898 -0.00115703
17.7 0.0676771 -1.56249e-14 0.932273 3.78723e-14 0.00102533 -0.000942123
17.8 0.0670037 -1.6369e-14 0.932946 3.76667e-14 0.00121181 -0.000677288
17.9 0.066337 -1.55707e-14 0.933613 3.75159e-14 0.00133151 -0.000377226
18 0.0656769 -1.59067e-14 0.934273 3.7308e-14 0.00137829 -5.84566e-05
18.1 0.0650234 -1.62005e-14 0.934926 3.70497e-14 0.00135002 0.00026158
18.2 0.0643764 -1.57897e-14 0.935573 3.693e-14 0.00124864 0.000565569
18.3 0.0637359 -1.54023e-14 0.936214 3.67748e-14 0.00108009 0.000836981
18.4 0.0631017 -1.54771e-14 0.936848 3.65901e-14 0.000853921 0.00106127
18.5 0.0624738 -1.55171e-14 0.937476 3.64009e-14 0.000582751 0.00122652
18.6 0.0618522 -1.45793e-14 0.938098 3.64078e-14 0.000281584 0.00132413
18.7 0.0612367 -1.40695e-14 0.938713 3.636e-14 -3.30406e-05 0.00134919
18.8 0.0606274 -1.41142e-14 0.939322 3.61862e-14 -0.00034395 0.00130078
18.9 0.0600242 -1.31423e-14 0.939926 3.61561e-14 -0.000634276 0.00118197
19 0.0594269 -1.37416e-14 0.940523 3.58972e-14 -0.000888369 0.000999645
19.1 0.0588356 -1.37773e-14 0.941114 3.5674e-14 -0.00109264 0.000764097
19.2 0.0582502 -1.27709e-14 0.9417 3.56499e-14 -0.0012363 0.000488446
19.3 0.0576706 -1.39994e-14 0.942279 3.53673e-14 -0.0013119 0.000187913
19.4 0.0570968 -1.30207e-14 0.942853 3.53809e-14 -0.00131574 -0.00012102
19.5 0.0565286 -1.29926e-14 0.943421 3.5189e-14 -0.00124806 -0.000421514
19.6 0.0559662 -1.30542e-14 0.943984 3.50297e-14 -0.00111296 -0.000697291
19.7 0.0554093 -1.32043e-14 0.94454 3.48786e-14 -0.000918185 -0.000933512
19.8 0.054858 -1.19973e-14 0.945092 3.49491e-14 -0.000674687 -0.00111758
19.9 0.0543121 -1.38688e-14 0.945638 3.45185e-14 -0.000395992 -0.00123981
20 0.0537717 -1.23607e-14 0.946178 3.46146e-14 -9.74548e-05 -0.00129392
