0 0 0 1 0 0 0
0.1 1.71713e-07 2.37825e-24 1 -2.68834e-24 4.82738e-05 -0.000411436
0.2 7.91038e-07 2.35459e-24 0.999999 -9.33482e-24 0.000195457 -0.000867078
0.3 2.03726e-06 2.25124e-20 0.999998 2.88621e-22 0.000449501 -0.00135307
0.4 4.12032e-06 6.77284e-20 0.999996 -5.18341e-20 0.000815076 -0.00185546
0.5 7.28011e-06 1.86529e-19 0.999993 4.95801e-19 0.00129367 -0.00236102
0.6 1.17853e-05 2.71213e-19 0.999988 4.69399e-19 0.00188385 -0.00285813
0.7 1.79325e-05 -7.20631e-19 0.999982 -1.47783e-18 0.00258177 -0.0033375
0.8 2.60462e-05 -1.03394e-19 0.999974 -7.77471e-20 0.00338172 -0.00379277
0.9 3.64817e-05 -8.21167e-19 0.999963 -1.86913e-18 0.00427692 -0.00422104
1 4.96314e-05 -1.77623e-18 0.99995 -8.19559e-20 0.00526035 -0.00462307
1.1 6.59372e-05 -7.37959e-18 0.999933 8.34239e-19 0.00632556 -0.00500345
1.2 8.59108e-05 -1.6934e-17 0.999913 2.86949e-18 0.00746756 -0.00537044
1.3 0.000110164 -1.239e-17 0.999888 3.72962e-18 0.00868364 -0.00573571
1.4 0.000139448 -1.72513e-17 0.999858 1.70751e-18 0.00997404 -0.00611384
1.5 0.000174713 -1.2169e-17 0.999823 -7.1462e-18 0.0113425 -0.00652168
1.6 0.000217175 -1.0704e-17 0.99978 -1.53929e-18 0.0127969 -0.00697764
1.7 0.0002684 -1.55037e-17 0.999729 2.26296e-18 0.0143493 -0.00750055
1.8 0.000330398 -1.49749e-17 0.999666 1.34066e-17 0.0160158 -0.00810918
1.9 0.000405738 -3.64985e-17 0.999591 1.91168e-17 0.0178165 -0.00882133
2 0.000497667 -4.93372e-17 0.999499 1.80108e-17 0.0197753 -0.00965294
2.1 0.000610236 -6.43373e-17 0.999386 4.5374e-17 0.0219191 -0.0106174
2.2 0.000748419 -7.58067e-17 0.999248 6.08709e-17 0.0242774 -0.0117245
2.3 0.000919202 -1.34178e-16 0.999077 6.49586e-17 0.026881 -0.0129807
2.4 0.00112937 -1.06627e-16 0.998867 6.65554e-17 0.0297617 -0.0143878
2.5 0.00138798 -1.21343e-16 0.998608 5.8489e-17 0.0329507 -0.0159436
2.6 0.00170441 -5.99383e-18 0.998291 8.20133e-17 0.036478 -0.0176417
2.7 0.00209067 8.70463e-17 0.997905 9.64964e-17 0.0403712 -0.019471
2.8 0.00255903 1.14048e-16 0.997437 9.51774e-17 0.0446546 -0.0214169
2.9 0.00312266 9.45477e-19 0.996873 1.86636e-16 0.0493487 -0.0234614
3 0.00379724 3.68667e-17 0.996198 7.46566e-17 0.0544687 -0.0255831
3.1 0.00459826 -6.26608e-17 0.995396 4.73838e-17 0.0600264 -0.0277598
3.2 0.00554308 -3.17714e-17 0.994449 -2.6227e-17 0.0660228 -0.0299648
3.3 0.00664824 2.62263e-16 0.993343 -1.29481e-16 0.0724578 -0.0321719
3.4 0.00793114 3.32682e-16 0.99206 -2.11775e-16 0.0793263 -0.0343563
3.5 0.00940803 3.89349e-16 0.990582 -3.78499e-16 0.0866058 -0.0364845
3.6 0.0110953 1.93079e-16 0.988894 -1.35976e-17 0.0942788 -0.0385344
3.7 0.0130079 3.12917e-16 0.98698 -3.63131e-16 0.102317 -0.0404806
3.8 0.0151595 4.21615e-16 0.984828 -5.63777e-16 0.11069 -0.0422999
3.9 0.0175612 4.84317e-16 0.982426 -5.42496e-16 0.119359 -0.0439695
4 0.0202211 6.77685e-16 0.979765 -4.31284e-16 0.128279 -0.0454689
4.1 0.023144 1.26065e-15 0.976842 -6.44511e-16 0.137399 -0.0467791
4.2 0.0263332 4.26442e-16 0.973656 -5.51121e-16 0.146673 -0.0478851
4.3 0.0297844 6.46418e-16 0.970208 -1.15427e-15 0.156046 -0.0487736
4.4 0.0334928 8.32355e-16 0.966502 -1.46682e-15 0.165459 -0.0494337
4.5 0.0374538 1.66689e-15 0.962541 -2.48853e-15 0.174853 -0.049856
4.6 0.0416497 2.80374e-15 0.958346 -6.8577e-16 0.184167 -0.0500364
4.7 0.0460618 7.25561e-16 0.953936 9.83265e-16 0.193344 -0.049972
4.8 0.0506621 3.52442e-15 0.949335 -1.89153e-15 0.20232 -0.0496661
4.9 0.0554253 2.15315e-15 0.94457 -1.09729e-15 0.211041 -0.0491248
5 0.0603225 4.07144e-15 0.939673 -2.78192e-15 0.219448 -0.0483589
5.1 0.0653156 4.02669e-15 0.93468 -4.26783e-15 0.227489 -0.047384
5.2 0.070367 4.07392e-15 0.929627 -5.79993e-15 0.235115 -0.0462209
5.3 0.0754405 4.11023e-15 0.92455 -5.15329e-15 0.242287 -0.0448928
5.4 0.0804986 6.20317e-15 0.919488 -3.41086e-15 0.248971 -0.0434302
5.5 0.0855048 1.20957e-14 0.914478 -3.35051e-15 0.255138 -0.0418625
5.6 0.0904296 1.29587e-14 0.909551 -3.16142e-15 0.260776 -0.0402314
5.7 0.0952459 1.48308e-14 0.904736 -5.98531e-15 0.265881 -0.0385464
5.8 0.099925 7.75662e-15 0.900058 5.56686e-16 0.27044 -0.0368696
5.9 0.104444 7.5361e-15 0.895539 6.26923e-15 0.274471 -0.0352195
6 0.10879 1.15455e-14 0.891192 7.14683e-15 0.277987 -0.0336197
6.1 0.112953 1.67725e-14 0.887028 6.43544e-15 0.281009 -0.0320844
6.2 0.116926 1.33371e-14 0.883054 1.40592e-14 0.283558 -0.0306334
6.3 0.1207 7.39604e-15 0.879278 1.43999e-14 0.285672 -0.0292465
6.4 0.124274 1.10087e-14 0.875702 6.37295e-15 0.287378 -0.0279418
6.5 0.127642 1.6737e-14 0.872332 3.36256e-15 0.288708 -0.0266957
6.6 0.130802 2.54112e-14 0.869169 -3.93827e-15 0.289678 -0.0254828
6.7 0.133739 2.85302e-14 0.866231 -4.56312e-16 0.290321 -0.0242824
6.8 0.136461 2.8751e-14 0.863506 4.40766e-15 0.290645 -0.0230646
6.9 0.138948 3.31813e-14 0.861019 5.25677e-15 0.290655 -0.0217986
7 0.141166 3.10272e-14 0.858799 9.53481e-15 0.290346 -0.020465
7.1 0.143091 3.02811e-14 0.856873 1.07852e-15 0.289714 -0.0190333
7.2 0.144708 4.55776e-14 0.855255 -1.15651e-14 0.288758 -0.0174959
7.3 0.146002 3.89835e-14 0.85396 -7.69119e-15 0.287486 -0.0158461
7.4 0.14695 2.01499e-14 0.85301 1.49594e-14 0.285859 -0.0140849
7.5 0.147546 1.58072e-14 0.852411 9.69498e-15 0.283865 -0.0122201
7.6 0.147777 5.57928e-15 0.852176 1.59097e-14 0.281486 -0.0102622
7.7 0.147643 -1.01858e-14 0.852304 3.07748e-14 0.278716 -0.00822283
7.8 0.147137 -1.83962e-14 0.852806 4.78107e-14 0.275549 -0.00615852
7.9 0.146274 -1.6309e-14 0.853663 3.52506e-14 0.271982 -0.00409874
8 0.145067 -3.27064e-14 0.854867 5.28334e-14 0.268026 -0.00207075
8.1 0.143545 -4.2349e-14 0.856384 6.05614e-14 0.263692 -9.57935e-05
8.2 0.141727 -2.93161e-14 0.858197 6.34606e-14 0.259002 0.00182215
8.3 0.139649 -5.4362e-14 0.860268 9.27711e-14 0.253974 0.00363874
8.4 0.137354 -1.47801e-13 0.86256 1.99381e-13 0.248606 0.00535613
8.5 0.134871 -2.71005e-13 0.86504 3.06692e-13 0.242935 0.00698121
8.6 0.132234 2.33165e-13 0.867673 -1.78963e-13 0.236985 0.00850968
8.7 0.129457 5.93509e-14 0.870446 -8.98775e-15 0.230788 0.00991429
8.8 0.126588 2.89948e-13 0.873312 -2.53219e-13 0.224343 0.0112229
8.9 0.123658 1.64119e-13 0.87624 -1.65921e-13 0.217648 0.0124179
9 0.120687 3.51763e-14 0.879208 -5.32501e-14 0.210721 0.0135215
9.1 0.117718 1.503e-13 0.882175 -1.56295e-13 0.203582 0.0145416
9.2 0.114754 3.48138e-14 0.885138 -1.10015e-13 0.196268 0.0154919
9.3 0.111794 5.04366e-14 0.888096 -8.95261e-14 0.188815 0.0163334
9.4 0.108874 2.24466e-13 0.891013 -2.57594e-13 0.18122 0.0170944
9.5 0.106008 8.11412e-14 0.893876 -1.61668e-13 0.17351 0.0177496
9.6 0.10321 2.89795e-13 0.896674 -2.24772e-13 0.165716 0.0182993
9.7 0.100491 1.2806e-13 0.899392 -1.45699e-13 0.157852 0.0187301
9.8 0.0978527 6.08228e-14 0.902032 -6.12995e-13 0.149931 0.019007
9.9 0.0953294 -1.99828e-13 0.904556 -4.65279e-14 0.141991 0.0191372
10 0.0929254 1.37224e-13 0.90696 -7.82818e-13 0.134059 0.0191115
10.1 0.0906493 -1.1525e-13 0.909237 -4.86232e-13 0.126189 0.0189087
10.2 0.0885031 -6.03887e-14 0.911383 -4.65844e-13 0.118425 0.0185277
10.3 0.0864949 3.14878e-13 0.91339 -7.41456e-13 0.110799 0.0179783
10.4 0.0846217 7.34758e-13 0.915262 -9.03986e-13 0.103371 0.0172533
10.5 0.0828917 1.09415e-12 0.916992 -1.09762e-12 0.0961916 0.0163428
10.6 0.0812981 1.02875e-12 0.918585 -1.08872e-12 0.0892725 0.0152569
10.7 0.0798247 1.41382e-12 0.920057 -1.75965e-12 0.0826585 0.0140109
10.8 0.0784653 1.25373e-12 0.921416 -7.37982e-13 0.0763869 0.0126203
10.9 0.0772086 9.77564e-13 0.922671 -3.81744e-13 0.0704887 0.0111059
11 0.0760505 -8.02507e-13 0.923828 6.29273e-14 0.0649868 0.00950147
11.1 0.0749856 6.32775e-12 0.924892 -6.88647e-12 0.0599026 0.00784031
11.2 0.0740058 -4.11131e-12 0.92587 -2.85548e-11 0.055232 0.0061607
11.3 0.0730979 8.56429e-12 0.926776 -3.19241e-11 0.0509894 0.00450081
11.4 0.0722568 -4.62741e-13 0.927616 -1.70452e-11 0.0471594 0.00289884
11.5 0.0714656 2.92297e-13 0.928406 -1.88477e-11 0.0437228 0.00138251
11.6 0.0707206 -1.08038e-12 0.929151 -1.49839e-11 0.0406582 -1.48488e-05
11.7 0.0700051 -3.21055e-12 0.929866 -1.22068e-11 0.0379396 -0.00126674
11.8 0.0693171 -5.26928e-12 0.930552 -8.63952e-12 0.0355271 -0.00236435
11.9 0.0686471 -9.94518e-12 0.931222 -2.89444e-12 0.0333866 -0.00328942
12 0.0679911 -8.3573e-12 0.931873 -2.44857e-12 0.0314587 -0.00404288
12.1 0.0673501 -2.83685e-11 0.932513 5.66526e-12 0.0297365 -0.00460755
12.2 0.0667186 -2.17071e-11 0.933145 5.89065e-12 0.0281655 -0.00499896
12.3 0.0660918 -2.4812e-11 0.933774 4.77565e-12 0.0266971 -0.00523207
12.4 0.0654655 -2.01362e-11 0.934402 1.86958e-12 0.025294 -0.00532836
12.5 0.06484 -1.26605e-11 0.93503 -2.33161e-11 0.0239363 -0.00529934
12.6 0.0642186 4.54743e-11 0.935652 2.35397e-11 0.02262 -0.00519418
12.7 0.063599 -7.66966e-12 0.936271 -2.10031e-11 0.0212891 -0.00502089
12.8 0.0629851 -5.29552e-11 0.936886 2.51989e-11 0.0199623 -0.00482598
12.9 0.0623782 -9.48359e-11 0.937492 6.84278e-11 0.0186288 -0.00463526
13 0.0617704 -8.56983e-11 0.938099 6.56836e-11 0.0172998 -0.00446935
13.1 0.0611694 -1.01811e-10 0.938699 8.34003e-11 0.0159802 -0.00435344
13.2 0.0605747 -8.49281e-11 0.939294 6.40867e-11 0.0146827 -0.00430513
13.3 0.0599843 -7.16029e-11 0.939884 5.59956e-11 0.0134278 -0.00433443
13.4 0.0594009 -4.67242e-11 0.940467 4.3197e-11 0.0122337 -0.00444543
13.5 0.0588246 -3.31256e-11 0.941044 3.48407e-11 0.0111138 -0.00463597
13.6 0.0582538 -8.30927e-12 0.941616 1.28883e-11 0.0100908 -0.00490421
13.7 0.0576861 4.60159e-12 0.942185 -1.19112e-11 0.00917735 -0.00523754
13.8 0.0571218 1.30297e-11 0.942749 -2.34895e-11 0.00838661 -0.00562093
13.9 0.056562 2.6794e-11 0.943311 -3.34035e-11 0.00773055 -0.00603017
14 0.0560063 3.65725e-11 0.943868 -3.90047e-11 0.00721123 -0.00644534
14.1 0.0554549 4.07066e-11 0.944421 -4.26744e-11 0.00682294 -0.00685213
14.2 0.0549118 5.65512e-11 0.944965 -5.97645e-11 0.00656768 -0.00721237
14.3 0.0543736 4.30399e-11 0.945504 -4.49625e-11 0.00641923 -0.00751246
14.4 0.05384 4.86008e-11 0.946036 -4.47895e-11 0.00635901 -0.00774273
14.5 0.0533104 3.85298e-11 0.946564 -3.44619e-11 0.0063849 -0.00788094
14.6 0.0527856 3.48731e-11 0.947087 -3.18426e-11 0.00646996 -0.00792394
14.7 0.0522652 2.91155e-11 0.947605 -2.70141e-11 0.00659062 -0.00786811
14.8 0.0517485 2.35816e-11 0.94812 -2.14045e-11 0.00672517 -0.0077088
14.9 0.0512349 4.1143e-11 0.948633 -1.64203e-11 0.00684854 -0.00745279
15 0.0507272 1.19485e-11 0.949141 -3.24515e-11 0.00694074 -0.00709721
15.1 0.0502231 1.37215e-11 0.949645 -2.41297e-11 0.00697531 -0.00665741
15.2 0.0497245 9.57395e-12 0.950143 -1.18204e-11 0.00693615 -0.00615342
15.3 0.0492308 6.03427e-12 0.950636 -8.35187e-12 0.00680944 -0.00560316
15.4 0.0487399 7.66548e-13 0.951126 -2.49282e-12 0.00658945 -0.00503421
15.5 0.0482534 4.90181e-12 0.951612 -2.08922e-12 0.00626845 -0.00447495
15.6 0.0477708 -8.74482e-12 0.952093 6.31195e-13 0.00585987 -0.0039432
15.7 0.0472923 -5.3082e-12 0.952571 5.97555e-12 0.00537041 -0.00346403
15.8 0.0468192 2.49324e-14 0.953044 -1.122e-12 0.00481483 -0.00305475
15.9 0.0463519 3.70881e-12 0.953511 -5.2962e-12 0.00421395 -0.00272948
16 0.0458884 7.73441e-12 0.953975 -1.36503e-11 0.00358665 -0.00249654
16.1 0.0454316 7.09235e-12 0.954433 -1.67814e-11 0.00295161 -0.00235644
16.2 0.0449784 8.36179e-12 0.954887 -1.24858e-11 0.00233069 -0.00231197
16.3 0.0445319 8.48764e-12 0.955335 -8.83724e-12 0.00174557 -0.00235915
16.4 0.0440896 9.91751e-12 0.955777 -1.07484e-11 0.00121392 -0.00249022
16.5 0.0436522 1.29792e-11 0.956215 -3.50941e-12 0.000755303 -0.00268416
16.6 0.0432196 1.8903e-11 0.956647 1.55713e-12 0.00038103 -0.00293351
16.7 0.0427922 2.18165e-11 0.957074 3.59256e-12 0.000102936 -0.00321539
16.8 0.0423676 2.28096e-11 0.957498 3.44235e-12 -7.58269e-05 -0.00350808
16.9 0.0419481 2.24822e-11 0.957917 2.63945e-12 -0.000155351 -0.00378343
17 0.0415315 2.30249e-11 0.958333 1.23724e-12 -0.000144244 -0.00402779
17.1 0.0411177 2.18915e-11 0.958745 -8.14168e-13 -5.13772e-05 -0.00422109
17.2 0.0407098 2.17027e-11 0.959152 -2.69604e-12 0.000109387 -0.00434535
17.3 0.0403047 1.8017e-11 0.959556 -7.42325e-12 0.000318344 -0.00438724
17.4 0.0399031 1.55074e-11 0.959958 -1.13711e-11 0.000556051 -0.00433888
17.5 0.0395057 1.73427e-11 0.960354 -1.10169e-11 0.000796734 -0.00419849
17.6 0.0391115 1.77736e-11 0.960747 -1.04855e-11 0.00102112 -0.00397072
17.7 0.0387213 1.6943e-11 0.961137 -8.75585e-12 0.00120935 -0.00366643
17.8 0.0383343 1.60354e-11 0.961524 -7.09714e-12 0.00134542 -0.00329618
17.9 0.0379513 1.50961e-11 0.961908 -5.86501e-12 0.00141726 -0.00287357
18 0.0375722 1.36823e-11 0.962287 -4.66347e-12 0.00141441 -0.00241478
18.1 0.0371972 1.22519e-11 0.962663 -3.60177e-12 0.00132969 -0.00193785
18.2 0.0368252 1.14125e-11 0.963033 -2.33127e-12 0.00116285 -0.00146209
18.3 0.0364578 9.96804e-12 0.963401 -2.32743e-12 0.00091091 -0.00100806
18.4 0.0360944 8.48691e-12 0.963766 -3.9566e-12 0.000583076 -0.000596147
18.5 0.0357354 4.50842e-12 0.964126 2.28228e-11 0.000190372 -0.000246917
18.6 0.0353796 5.15158e-12 0.964482 -6.56967e-12 -0.000250066 2.96621e-05
18.7 0.0350276 6.32009e-12 0.964835 -5.07024e-12 -0.00072 0.000222642
18.8 0.0346783 6.73535e-12 0.965185 -4.61128e-12 -0.00120034 0.000325491
18.9 0.0343337 7.12311e-12 0.96553 -5.09178e-12 -0.00166882 0.000338977
19 0.0339944 6.88184e-12 0.96587 -5.30368e-12 -0.00210458 0.000268571
19.1 0.0336554 7.06881e-12 0.966208 -6.0434e-12 -0.0024908 0.000124143
19.2 0.0333249 8.45889e-12 0.96654 -8.0492e-12 -0.00281239 -8.32358e-05
19.3 0.0329938 7.99704e-12 0.96687 -1.05625e-11 -0.00305961 -0.000333494
19.4 0.0326656 7.33502e-12 0.967199 -1.06515e-11 -0.0032234 -0.000609716
19.5 0.0323413 6.74011e-12 0.967523 -1.18982e-11 -0.00330142 -0.000893428
19.6 0.0320188 5.88379e-12 0.967846 -1.23645e-11 -0.00329695 -0.00116935
19.7 0.0316997 -5.85849e-12 0.968164 1.04907e-12 -0.00321413 -0.00141906
19.8 0.0313829 4.18551e-12 0.968481 -1.20686e-11 -0.00306295 -0.00162735
19.9 0.0310696 1.97667e-12 0.968795 -1.10596e-11 -0.00284818 -0.00178339
20 0.0307601 1.6083e-12 0.969106 -1.26986e-11 -0.00258651 -0.00186952
