0 0 0 1 0 0 0
0.1 1.71713e-07 2.37825e-24 1 -2.68834e-24 4.82658e-05 -0.000411234
0.2 7.90846e-07 2.35459e-24 0.999999 2.36648e-26 0.000195296 -0.000866056
0.3 2.03596e-06 1.50818e-20 0.999998 3.03228e-22 0.000448716 -0.00135021
0.4 4.11541e-06 4.07854e-19 0.999996 5.46638e-19 0.000812693 -0.00184942
0.5 7.26633e-06 2.99624e-19 0.999993 2.78293e-20 0.00128804 -0.00235026
0.6 1.17531e-05 1.73551e-18 0.999988 -1.19012e-18 0.00187255 -0.00284108
0.7 1.78664e-05 3.43736e-18 0.999982 -8.99169e-19 0.00256149 -0.00331279
0.8 2.59228e-05 6.4048e-18 0.999974 -2.40106e-18 0.00334829 -0.00375947
0.9 3.62683e-05 8.30547e-18 0.999963 -2.20075e-18 0.00422533 -0.00417884
1 4.92851e-05 8.3649e-18 0.99995 1.5348e-18 0.00518487 -0.00457256
1.1 6.54051e-05 8.0969e-18 0.999934 1.35844e-18 0.0062199 -0.00494627
1.2 8.51323e-05 6.20225e-18 0.999914 -2.96415e-18 0.00732511 -0.00530942
1.3 0.000109075 8.48476e-18 0.999889 -4.50774e-18 0.00849768 -0.00567494
1.4 0.000137989 7.54638e-18 0.99986 -4.05727e-18 0.00973801 -0.00605865
1.5 0.000172841 1.34117e-17 0.999825 3.93283e-18 0.0110503 -0.0064786
1.6 0.000214876 1.29676e-17 0.999782 3.85687e-18 0.012443 -0.00695423
1.7 0.000265712 1.89766e-17 0.999731 -1.27323e-17 0.0139291 -0.00750516
1.8 0.000327434 3.36424e-17 0.999669 -1.90307e-17 0.0155255 -0.00815074
1.9 0.000403227 5.18233e-17 0.999593 -7.38218e-18 0.0172533 -0.00890896
2 0.000496465 2.03489e-17 0.9995 3.76482e-18 0.0191374 -0.00979574
2.1 0.000611771 1.98328e-17 0.999385 -2.22052e-17 0.0212055 -0.0108241
2.2 0.000754194 5.31739e-17 0.999242 -5.00677e-17 0.0234875 -0.0120032
2.3 0.000930805 8.04433e-17 0.999065 -4.3905e-17 0.0260146 -0.0133384
2.4 0.0011489 -7.24416e-17 0.998847 -1.18923e-16 0.0288183 -0.0148309
2.5 0.00141727 -8.81465e-17 0.998579 -9.99343e-17 0.0319293 -0.0164772
2.6 0.00174684 9.61547e-18 0.998249 -8.17177e-17 0.0353767 -0.0182696
2.7 0.00214935 7.76893e-17 0.997845 -8.59534e-17 0.0391879 -0.0201977
2.8 0.00263771 -1.29117e-16 0.997355 -1.5423e-16 0.0433835 -0.0222453
2.9 0.00322684 -9.9727e-17 0.996764 -2.0758e-16 0.0479828 -0.024394
3 0.00393204 -2.3232e-16 0.996057 -3.24105e-16 0.0529995 -0.0266233
3.1 0.00477014 -2.50963e-16 0.995218 -3.97816e-16 0.0584423 -0.028909
3.2 0.00575842 -1.68924e-16 0.99423 -5.87484e-16 0.0643114 -0.0312263
3.3 0.00691508 -3.2478e-16 0.993073 -5.80365e-16 0.0706016 -0.0335517
3.4 0.00825856 -2.19126e-16 0.991729 -5.56874e-16 0.0773029 -0.0358606
3.5 0.00980725 -1.79517e-16 0.990181 -7.55595e-16 0.0843979 -0.038129
3.6 0.011579 1.54575e-16 0.988409 -8.52123e-16 0.0918641 -0.0403337
3.7 0.0135908 6.53002e-16 0.986397 -7.48725e-16 0.0996748 -0.0424529
3.8 0.0158583 6.09791e-16 0.984129 -9.29704e-16 0.107797 -0.0444654
3.9 0.0183956 7.93034e-16 0.981592 -5.54309e-16 0.116193 -0.0463519
4 0.0212143 5.42744e-16 0.978773 -9.55711e-16 0.124821 -0.0480937
4.1 0.0243238 3.53292e-16 0.975664 -1.17655e-15 0.133637 -0.0496742
4.2 0.0277328 8.7943e-16 0.972255 -1.13627e-15 0.142589 -0.0510779
4.3 0.031444 5.25896e-17 0.968544 -3.71306e-16 0.151628 -0.0522923
4.4 0.0354586 -2.37758e-16 0.964529 -6.08218e-16 0.160696 -0.0533042
4.5 0.0397676 -2.58057e-15 0.96022 2.39521e-15 0.169739 -0.0541037
4.6 0.0443627 -1.37932e-15 0.955625 1.23217e-15 0.178699 -0.0546837
4.7 0.0492315 -9.02624e-16 0.950756 1.79685e-15 0.187517 -0.0550379
4.8 0.0543535 -3.73666e-15 0.945633 5.0437e-15 0.196133 -0.0551625
4.9 0.0597049 -2.49277e-15 0.940282 4.18714e-15 0.204494 -0.0550593
5 0.065263 -3.08558e-15 0.934724 4.24326e-15 0.212539 -0.0547328
5.1 0.0709905 -1.44321e-15 0.928996 3.8025e-15 0.220215 -0.0541867
5.2 0.0768516 -3.85284e-16 0.923135 2.11679e-15 0.227477 -0.0534246
5.3 0.0828093 2.62407e-15 0.917176 -1.95098e-16 0.234275 -0.05247
5.4 0.0888249 2.37785e-15 0.91116 -9.40588e-16 0.240578 -0.051344
5.5 0.0948558 -1.70324e-15 0.905129 -9.40245e-16 0.246355 -0.0500603
5.6 0.100865 -5.83591e-15 0.899118 3.21639e-15 0.251579 -0.0486527
5.7 0.106814 -6.7745e-15 0.893169 1.59145e-15 0.256241 -0.0471484
5.8 0.112668 -4.08873e-15 0.887315 -2.14243e-15 0.260329 -0.0455754
5.9 0.118393 -3.09547e-15 0.881589 -8.27147e-15 0.263837 -0.0439657
6 0.123962 1.72125e-15 0.87602 -1.54894e-14 0.266782 -0.0423354
6.1 0.129351 5.54282e-15 0.870631 -1.91766e-14 0.269184 -0.0407155
6.2 0.134546 1.64851e-14 0.865436 -2.684e-14 0.271088 -0.0391251
6.3 0.139528 1.66011e-14 0.860453 -2.70038e-14 0.272505 -0.0375681
6.4 0.14428 1.47238e-14 0.8557 -2.92469e-14 0.273465 -0.0360515
6.5 0.148795 1.54954e-14 0.851183 -3.16001e-14 0.274 -0.0345766
6.6 0.153063 9.85187e-15 0.846915 -2.62704e-14 0.274138 -0.0331303
6.7 0.157069 5.64403e-15 0.842907 -2.51586e-14 0.273901 -0.0317066
6.8 0.160807 2.41736e-15 0.839168 -2.34701e-14 0.27331 -0.0302908
6.9 0.164263 -4.71157e-17 0.83571 -1.91228e-14 0.272383 -0.0288679
7 0.167429 1.68362e-15 0.832543 -1.77596e-14 0.27113 -0.0274246
7.1 0.170276 -4.77092e-15 0.829694 -1.28287e-14 0.269571 -0.025949
7.2 0.172811 -1.03669e-14 0.827158 -8.23512e-15 0.267694 -0.0244291
7.3 0.175016 -1.47527e-14 0.824952 -9.10014e-15 0.265488 -0.0228526
7.4 0.176881 -1.50011e-14 0.823086 -1.23081e-14 0.262955 -0.0212315
7.5 0.178396 -1.99153e-14 0.82157 -6.97177e-15 0.260089 -0.0195739
7.6 0.17956 -2.49245e-14 0.820406 -5.45128e-15 0.256891 -0.0178909
7.7 0.180379 -2.33756e-14 0.819586 -9.32901e-15 0.253356 -0.016198
7.8 0.180858 -1.97292e-14 0.819105 -1.30056e-14 0.249481 -0.0145169
7.9 0.181012 -1.73126e-14 0.81895 -1.24013e-14 0.245276 -0.0128615
8 0.180857 -1.70118e-14 0.819105 -1.28349e-14 0.240749 -0.0112507
8.1 0.180416 -2.09579e-14 0.819545 -1.82232e-14 0.235907 -0.0097063
8.2 0.17971 -1.57993e-14 0.82025 -1.87208e-14 0.23077 -0.00823822
8.3 0.178767 -1.32283e-14 0.821193 -2.35039e-14 0.225356 -0.00685457
8.4 0.177613 -1.30674e-14 0.822346 -2.08111e-14 0.219687 -0.00556002
8.5 0.176275 -1.21819e-14 0.823683 -2.37787e-14 0.213781 -0.00435764
8.6 0.174779 -8.6489e-15 0.825178 -2.25266e-14 0.207665 -0.00324099
8.7 0.173149 -3.80694e-15 0.826808 -2.48926e-14 0.201361 -0.00220446
8.8 0.171406 2.65242e-15 0.82855 -3.23807e-14 0.194886 -0.00124293
8.9 0.169571 4.94288e-15 0.830385 -3.3314e-14 0.188265 -0.000344252
9 0.167661 6.84791e-15 0.832295 -3.60791e-14 0.181516 0.000502396
9.1 0.16569 3.50437e-15 0.834266 -3.38061e-14 0.174658 0.00130262
9.2 0.163674 4.75654e-15 0.836282 -3.12175e-14 0.167707 0.00206347
9.3 0.161624 2.56866e-15 0.838332 -2.9562e-14 0.160682 0.00279195
9.4 0.15955 2.89561e-16 0.840405 -2.97872e-14 0.153599 0.0034883
9.5 0.157466 2.2639e-15 0.842488 -3.02119e-14 0.146473 0.00414949
9.6 0.155378 2.38092e-15 0.844576 -3.09005e-14 0.139323 0.00477202
9.7 0.153297 -1.08589e-16 0.846657 -3.35969e-14 0.132167 0.00534852
9.8 0.151231 -2.6478e-15 0.848722 -3.49645e-14 0.12503 0.00586942
9.9 0.149187 -6.29179e-15 0.850766 -3.63035e-14 0.117933 0.0063249
10 0.147175 -1.59973e-15 0.852778 -3.98318e-14 0.110901 0.00670508
10.1 0.145199 -1.55938e-15 0.854753 -3.92051e-14 0.103962 0.00699731
10.2 0.143267 -4.07535e-15 0.856685 -3.61729e-14 0.0971451 0.00719293
10.3 0.141383 -3.55752e-15 0.858569 -3.58095e-14 0.0904799 0.00728287
10.4 0.13955 -6.13112e-15 0.860402 -3.59094e-14 0.0839977 0.00726176
10.5 0.137773 -4.61667e-15 0.862179 -3.67354e-14 0.0777305 0.00712778
10.6 0.136054 -6.09744e-15 0.863899 -3.65508e-14 0.0717058 0.00688122
10.7 0.134394 -4.91392e-15 0.865559 -3.52054e-14 0.0659525 0.00652871
10.8 0.132791 -3.72956e-15 0.867162 -3.66184e-14 0.0604946 0.00607715
10.9 0.131244 -2.73702e-15 0.868708 -3.59955e-14 0.0553524 0.00554023
11 0.129751 -1.24558e-15 0.870202 -3.73976e-14 0.0505458 0.00493915
11.1 0.128307 -3.70198e-16 0.871646 -3.98654e-14 0.0460826 0.00429077
11.2 0.126909 6.32167e-16 0.873044 -3.96557e-14 0.0419667 0.00361738
11.3 0.125552 3.09747e-15 0.874401 -4.04149e-14 0.0382004 0.00293979
11.4 0.124232 4.99231e-15 0.87572 -4.12991e-14 0.0347772 0.00228221
11.5 0.122946 5.54521e-15 0.877006 -4.18573e-14 0.0316837 0.00166684
11.6 0.121688 5.38019e-15 0.878263 -4.08631e-14 0.0289037 0.00111306
11.7 0.120455 5.689e-15 0.879496 -4.11081e-14 0.0264137 0.000639018
11.8 0.119244 5.231e-15 0.880708 -4.08869e-14 0.0241866 0.000259572
11.9 0.11805 5.53861e-15 0.881902 -4.07742e-14 0.022192 -1.78476e-05
12 0.116871 5.12972e-15 0.88308 -4.01518e-14 0.020399 -0.000188889
12.1 0.115705 5.3505e-15 0.884246 -4.00929e-14 0.0187751 -0.000254528
12.2 0.114552 4.85607e-15 0.885399 -4.01104e-14 0.0172882 -0.000220737
12.3 0.11341 5.23027e-15 0.886541 -4.04619e-14 0.01591 -9.78859e-05
12.4 0.112279 5.55669e-15 0.887673 -4.04801e-14 0.0146136 9.96402e-05
12.5 0.111158 4.96742e-15 0.888794 -3.98186e-14 0.0133765 0.000353791
12.6 0.110047 5.92078e-15 0.889904 -3.95248e-14 0.0121806 0.000644107
12.7 0.108947 5.45181e-15 0.891004 -3.92722e-14 0.0110128 0.000949095
12.8 0.107857 5.14697e-15 0.892094 -3.88952e-14 0.00986637 0.00124707
12.9 0.106777 4.9719e-15 0.893174 -3.90447e-14 0.00873805 0.0015176
13 0.105709 5.15148e-15 0.894243 -3.87913e-14 0.00762943 0.00174055
13.1 0.104651 5.35405e-15 0.8953 -3.88025e-14 0.00654865 0.00190092
13.2 0.103605 5.0897e-15 0.896346 -3.89765e-14 0.0055074 0.00198654
13.3 0.10257 4.87828e-15 0.897381 -3.89989e-14 0.00451631 0.00199139
13.4 0.101545 4.52219e-15 0.898406 -3.91226e-14 0.00358993 0.00191204
13.5 0.100531 4.05279e-15 0.89942 -3.94813e-14 0.00274406 0.00175101
13.6 0.0995281 3.69052e-15 0.900423 -3.93991e-14 0.00199121 0.00151364
13.7 0.0985355 2.42183e-15 0.901416 -4.0064e-14 0.00134333 0.00121203
13.8 0.0975532 1.46252e-15 0.902398 -4.02331e-14 0.000810521 0.000860181
13.9 0.0965812 1.44982e-15 0.90337 -3.9982e-14 0.000397352 0.000476573
14 0.0956194 1.26156e-15 0.904332 -4.02226e-14 0.000106433 7.94164e-05
14.1 0.0946672 1.15714e-15 0.905284 -4.05797e-14 -6.58091e-05 -0.000310726
14.2 0.0937246 9.84189e-16 0.906226 -4.04366e-14 -0.00012527 -0.000674127
14.3 0.0927915 1.30356e-15 0.907159 -4.03117e-14 -8.34886e-05 -0.000992321
14.4 0.0918678 1.18751e-15 0.908083 -4.02108e-14 4.49772e-05 -0.00124955
14.5 0.0909535 1.29957e-15 0.908997 -4.01824e-14 0.000241677 -0.00143337
14.6 0.0900483 1.22228e-15 0.909902 -4.01107e-14 0.000485341 -0.00153325
14.7 0.0891522 1.18441e-15 0.910798 -4.00366e-14 0.000755558 -0.0015463
14.8 0.0882649 1.16885e-15 0.911686 -4.0008e-14 0.00102872 -0.00147185
14.9 0.0873867 1.20548e-15 0.912564 -3.99825e-14 0.00128462 -0.00131552
15 0.0865172 1.20085e-15 0.913433 -3.99471e-14 0.00150384 -0.00108637
15.1 0.0856563 1.17347e-15 0.914294 -3.99377e-14 0.0016696 -0.000798227
15.2 0.0848041 1.17677e-15 0.915146 -3.99171e-14 0.00176935 -0.000466974
15.3 0.0839603 1.1668e-15 0.91599 -3.98977e-14 0.00179441 -0.000111111
15.4 0.0831249 1.15966e-15 0.916825 -3.98863e-14 0.00174096 0.000250071
15.5 0.0822978 1.15544e-15 0.917652 -3.98685e-14 0.00160939 0.000596562
15.6 0.081479 1.12093e-15 0.918471 -3.98749e-14 0.00140505 0.000909678
15.7 0.0806682 1.20196e-15 0.919282 -3.98583e-14 0.00113732 0.00117267
15.8 0.0798655 9.26485e-16 0.920085 -3.99001e-14 0.000819413 0.00137129
15.9 0.0790711 9.54365e-16 0.920879 -3.99581e-14 0.000467219 0.00149526
16 0.0782844 -5.4162e-18 0.921666 -4.00061e-14 9.87104e-05 0.00153812
16.1 0.0775056 -8.20323e-16 0.922444 -4.0093e-14 -0.000267005 0.00149787
16.2 0.0767346 -2.62484e-17 0.923215 -4.00815e-14 -0.000611191 0.0013776
16.3 0.0759709 6.73521e-16 0.923979 -3.9961e-14 -0.000916259 0.00118394
16.4 0.0752149 4.74525e-16 0.924735 -3.9976e-14 -0.00116663 0.000927729
16.5 0.0744664 2.3585e-15 0.925483 -3.9833e-14 -0.00134968 0.000623137
16.6 0.0737253 -1.64015e-15 0.926225 -4.02076e-14 -0.00145639 0.000286857
16.7 0.0729916 2.38307e-15 0.926958 -3.97294e-14 -0.00148185 -6.27975e-05
16.8 0.0722654 4.41279e-16 0.927684 -3.9927e-14 -0.00142549 -0.000406896
16.9 0.0715463 1.98295e-15 0.928403 -3.9787e-14 -0.00129114 -0.000726914
17 0.0708344 1.57124e-15 0.929115 -3.98759e-14 -0.00108672 -0.00100574
17.1 0.0701296 8.83117e-16 0.92982 -3.98946e-14 -0.000823897 -0.00122856
17.2 0.0694318 5.7641e-16 0.930518 -3.98978e-14 -0.000517354 -0.00138371
17.3 0.0687409 -1.07473e-15 0.931209 -4.00758e-14 -0.000183959 -0.0014634
17.4 0.068057 2.63801e-16 0.931893 -3.99637e-14 0.000157916 -0.00146343
17.5 0.0673798 2.91557e-16 0.93257 -3.99246e-14 0.000489706 -0.00138443
17.6 0.0667093 6.59996e-16 0.93324 -3.9824e-14 0.00079348 -0.00123113
17.7 0.0660456 1.00489e-15 0.933904 -3.97886e-14 0.00105294 -0.00101225
17.8 0.0653884 6.24674e-16 0.934561 -3.98207e-14 0.00125428 -0.000739993
17.9 0.0647378 6.37136e-16 0.935212 -3.9811e-14 0.00138694 -0.00042938
18 0.0640936 8.05765e-16 0.935856 -3.9782e-14 0.00144412 -9.74007e-05
18.1 0.0634559 3.2537e-16 0.936494 -3.98334e-14 0.00142315 0.000237896
18.2 0.0628245 9.70345e-16 0.937125 -3.97252e-14 0.00132559 0.000558476
18.3 0.0621994 9.41603e-16 0.93775 -3.97038e-14 0.00115711 0.000847016
18.4 0.0615805 1.27239e-15 0.938369 -3.96568e-14 0.00092723 0.00108813
18.5 0.0609677 1.74313e-15 0.938982 -3.95522e-14 0.000648697 0.00126909
18.6 0.0603611 5.61588e-16 0.939589 -3.97677e-14 0.000336826 0.00138049
18.7 0.0597605 8.88322e-16 0.940189 -3.9709e-14 8.639e-06 0.00141671
18.8 0.0591659 1.15492e-15 0.940784 -3.9677e-14 -0.00031806 0.00137625
18.9 0.0585772 6.60748e-16 0.941373 -3.97347e-14 -0.00062565 0.00126174
19 0.0579943 1.17216e-16 0.941955 -3.98205e-14 -0.000897645 0.00107979
19.1 0.0574173 4.36621e-16 0.942533 -3.978e-14 -0.00111958 0.000840639
19.2 0.0568459 -3.71411e-16 0.943104 -3.98827e-14 -0.00127984 0.000557474
19.3 0.0562803 3.4826e-16 0.943669 -3.97642e-14 -0.00136999 0.000245905
19.4 0.0557203 2.25271e-16 0.944229 -3.97402e-14 -0.00138565 -7.71039e-05
19.5 0.0551659 6.79881e-16 0.944784 -3.96517e-14 -0.00132642 -0.000394051
19.6 0.054617 -1.32058e-16 0.945333 -3.97911e-14 -0.00119594 -0.000687865
19.7 0.0540735 6.47901e-16 0.945876 -3.96183e-14 -0.00100167 -0.000942821
19.8 0.0535355 3.45845e-16 0.946414 -3.96847e-14 -0.000754474 -0.00114539
19.9 0.0530028 2.0737e-16 0.946947 -3.97203e-14 -0.000468005 -0.00128494
20 0.0524754 7.14105e-16 0.947474 -3.95496e-14 -0.000157958 -0.00135431
