0 0 0 1 0 0 0
0.1 1.71713e-07 2.37825e-24 1 -2.68834e-24 4.82645e-05 -0.000411198
0.2 7.90812e-07 1.17131e-23 0.999999 2.36648e-26 0.000195269 -0.000865875
0.3 2.03573e-06 1.2353e-21 0.999998 4.77854e-22 0.000448583 -0.00134971
0.4 4.11454e-06 1.59575e-19 0.999996 3.38347e-20 0.000812286 -0.00184836
0.5 7.2639e-06 4.7442e-19 0.999993 1.12002e-19 0.00128708 -0.00234837
0.6 1.17475e-05 5.27592e-19 0.999988 3.84233e-19 0.00187063 -0.0028381
0.7 1.78547e-05 2.09575e-19 0.999982 8.86492e-19 0.00255805 -0.00330849
0.8 2.59012e-05 3.11948e-18 0.999974 4.83215e-20 0.00334263 -0.00375369
0.9 3.62312e-05 4.98258e-18 0.999963 -7.62315e-19 0.00421663 -0.00417155
1 4.92253e-05 6.42437e-18 0.99995 -9.1863e-21 0.0051722 -0.00456388
1.1 6.53141e-05 4.82171e-18 0.999934 -4.35762e-19 0.00620227 -0.00493651
1.2 8.50007e-05 6.66154e-18 0.999914 -5.50008e-19 0.00730149 -0.00529909
1.3 0.000108894 3.85729e-18 0.999889 -2.57151e-18 0.00846708 -0.00566476
1.4 0.000137751 3.46533e-18 0.99986 1.27344e-18 0.0096995 -0.00604953
1.5 0.000172543 6.75112e-18 0.999825 6.00879e-18 0.0110031 -0.00647164
1.6 0.000214523 1.24339e-17 0.999783 1.03712e-17 0.0123864 -0.00695066
1.7 0.000265321 1.71556e-17 0.999732 4.9356e-18 0.0138626 -0.0075063
1.8 0.000327037 1.97544e-17 0.99967 1.72175e-17 0.0154489 -0.00815796
1.9 0.000403149 2.43225e-17 0.999594 6.79152e-18 0.0171666 -0.00892358
2 0.000496813 -3.64841e-18 0.9995 3.06923e-17 0.0190407 -0.00981903
2.1 0.00061251 -6.52806e-17 0.999384 6.02668e-17 0.0210991 -0.0108571
2.2 0.000755619 -3.93087e-17 0.999241 2.49571e-17 0.0233718 -0.0120469
2.3 0.000933122 -6.34451e-17 0.999063 -2.65474e-17 0.0258901 -0.0133935
2.4 0.00115231 -5.16424e-18 0.998844 -7.81025e-17 0.0286855 -0.0148976
2.5 0.00142214 3.02215e-17 0.998574 -1.16507e-16 0.0317886 -0.0165558
2.6 0.00175355 1.32249e-17 0.998242 -1.84895e-16 0.0352281 -0.0183599
2.7 0.00215807 1.00257e-16 0.997837 -1.49083e-16 0.0390313 -0.0202993
2.8 0.00264918 -2.46254e-16 0.997344 -3.38079e-17 0.0432185 -0.0223576
2.9 0.00324119 -1.08237e-16 0.99675 -1.00491e-16 0.0478084 -0.0245161
3 0.00395026 -3.16688e-16 0.996039 -1.31317e-16 0.0528151 -0.0267549
3.1 0.00479266 -2.4199e-16 0.995195 -6.97761e-17 0.0582475 -0.0290512
3.2 0.00578613 -1.12598e-16 0.994202 -2.15383e-16 0.0641007 -0.0313773
3.3 0.00694855 -7.72229e-17 0.993039 -1.79055e-16 0.0703717 -0.033711
3.4 0.0082989 -3.07457e-17 0.991688 -5.79561e-16 0.0770505 -0.036029
3.5 0.00985557 1.07136e-16 0.990132 -6.4185e-16 0.0841209 -0.0383081
3.6 0.0116363 1.40373e-16 0.988351 -6.63061e-16 0.0915604 -0.0405243
3.7 0.0136583 4.19646e-16 0.986329 -9.36276e-16 0.0993401 -0.0426557
3.8 0.0159376 4.61592e-16 0.98405 -8.71148e-16 0.107427 -0.0446821
3.9 0.0184888 4.55698e-16 0.981499 -2.87974e-16 0.115782 -0.0465851
4 0.0213237 5.09789e-16 0.978664 -1.62097e-16 0.124366 -0.0483478
4.1 0.0244521 3.33331e-16 0.975536 -1.23456e-16 0.133134 -0.0499533
4.2 0.027884 9.87908e-16 0.972104 8.15361e-17 0.142036 -0.0513876
4.3 0.0316218 2.4653e-16 0.968366 1.45042e-15 0.151021 -0.0526371
4.4 0.0356655 -1.40807e-15 0.964323 3.0328e-15 0.160037 -0.0536893
4.5 0.0400107 -2.54863e-15 0.959977 4.5402e-15 0.169025 -0.0545339
4.6 0.0446489 -4.05778e-15 0.955339 4.68434e-15 0.177932 -0.055164
4.7 0.0495664 -3.5272e-15 0.950421 3.21233e-15 0.186699 -0.0555711
4.8 0.0547448 -1.16024e-15 0.945243 7.20823e-16 0.195267 -0.0557511
4.9 0.0601637 1.6856e-15 0.939823 -9.23363e-16 0.203581 -0.0557028
5 0.0657951 3.70917e-15 0.934192 -4.09331e-15 0.211582 -0.0554307
5.1 0.0716058 5.83411e-15 0.928381 -4.94013e-15 0.219216 -0.0549358
5.2 0.0775584 3.41714e-15 0.922428 -4.91412e-16 0.226438 -0.0542231
5.3 0.0836166 7.92836e-16 0.916369 5.90404e-16 0.233197 -0.0533074
5.4 0.089739 2.59043e-15 0.910246 8.85219e-16 0.239461 -0.0522112
5.5 0.0958859 1.63828e-14 0.904098 -7.68947e-15 0.245193 -0.0509449
5.6 0.102016 1.08753e-14 0.897968 5.8127e-15 0.250374 -0.0495434
5.7 0.108087 2.49474e-14 0.891897 -9.89847e-15 0.254985 -0.0480335
5.8 0.114062 3.64254e-14 0.885921 -1.87308e-14 0.259012 -0.0464451
5.9 0.119909 3.09307e-14 0.880073 -1.46874e-14 0.262443 -0.0448109
6 0.125598 3.8911e-14 0.874384 -2.0132e-14 0.265308 -0.043154
6.1 0.131107 1.52475e-14 0.868875 -3.94885e-15 0.26762 -0.0415031
6.2 0.136416 3.14739e-14 0.863565 -2.06765e-14 0.269422 -0.0398762
6.3 0.141505 3.74575e-14 0.858475 -2.7592e-14 0.270721 -0.0382864
6.4 0.146363 4.02474e-14 0.853616 -2.91515e-14 0.271554 -0.0367421
6.5 0.150981 4.05102e-14 0.848998 -2.93529e-14 0.27195 -0.035247
6.6 0.155349 3.52829e-14 0.844629 -2.39187e-14 0.271943 -0.0337946
6.7 0.159455 3.42536e-14 0.840522 -2.44327e-14 0.271559 -0.0323738
6.8 0.163293 3.24167e-14 0.836683 -2.16416e-14 0.270819 -0.0309745
6.9 0.166855 2.31171e-14 0.83312 -1.60955e-14 0.269747 -0.0295786
7 0.17013 1.78613e-14 0.829844 -8.6532e-15 0.268352 -0.0281739
7.1 0.173096 1.21406e-14 0.826876 -2.15704e-15 0.266658 -0.0267408
7.2 0.175753 4.86129e-15 0.824217 7.25628e-15 0.264657 -0.0252774
7.3 0.178091 3.12948e-16 0.821878 1.85236e-14 0.262342 -0.0237594
7.4 0.180096 -1.96804e-15 0.819873 2.21347e-14 0.25971 -0.0221973
7.5 0.181763 -6.70187e-15 0.818205 2.17052e-14 0.25676 -0.0205938
7.6 0.18308 -5.38933e-15 0.816887 2.42323e-14 0.253487 -0.0189673
7.7 0.184059 -3.02453e-15 0.815907 2.43063e-14 0.249887 -0.0173253
7.8 0.184702 1.11104e-15 0.815264 1.86281e-14 0.245962 -0.0156864
7.9 0.185019 7.80131e-15 0.814946 8.70849e-15 0.241717 -0.0140637
8 0.185026 1.08923e-14 0.814938 5.03439e-15 0.237157 -0.0124813
8.1 0.184744 1.77898e-14 0.815219 -3.95879e-15 0.232294 -0.0109553
8.2 0.184196 2.54788e-14 0.815766 -1.49274e-14 0.227142 -0.00950073
8.3 0.183405 3.0499e-14 0.816556 -1.85184e-14 0.221723 -0.00812584
8.4 0.182396 3.52232e-14 0.817564 -1.9633e-14 0.216058 -0.00683597
8.5 0.181198 3.87981e-14 0.818762 -2.05226e-14 0.210168 -0.00563391
8.6 0.179834 3.74065e-14 0.820125 -1.77329e-14 0.204076 -0.00451688
8.7 0.178329 3.09908e-14 0.82163 -1.64846e-14 0.197806 -0.00347797
8.8 0.176703 2.6008e-14 0.823256 -1.60115e-14 0.19138 -0.00251016
8.9 0.174975 2.31765e-14 0.824983 -1.13025e-14 0.184818 -0.00160609
9 0.173165 1.74604e-14 0.826793 -6.30257e-15 0.17814 -0.0007543
9.1 0.171286 1.40149e-14 0.828671 -5.98328e-15 0.171367 5.42422e-05
9.2 0.169353 8.09337e-15 0.830604 -5.63609e-15 0.164515 0.000825642
9.3 0.167376 5.88152e-15 0.83258 -8.79982e-15 0.157603 0.00156736
9.4 0.165368 3.53829e-15 0.834588 -8.6479e-15 0.150642 0.00227881
9.5 0.16334 -1.88232e-15 0.836615 -6.57519e-15 0.143652 0.00296138
9.6 0.1613 1.60995e-16 0.838655 -5.27192e-15 0.13665 0.00361159
9.7 0.159257 2.4258e-15 0.840697 -7.47579e-15 0.12965 0.00422339
9.8 0.15722 1.05297e-14 0.842735 -9.25515e-15 0.122676 0.00478687
9.9 0.155197 1.0665e-14 0.844757 -1.15728e-14 0.115746 0.00529231
10 0.153196 1.22542e-14 0.846758 -1.08322e-14 0.108882 0.00572958
10.1 0.151223 1.41372e-14 0.848731 -7.00065e-15 0.10211 0.00608537
10.2 0.149285 1.20209e-14 0.850669 -8.34649e-15 0.0954558 0.00635147
10.3 0.147388 1.38524e-14 0.852566 -8.48415e-15 0.0889493 0.00652003
10.4 0.145536 1.31162e-14 0.854418 -7.82638e-15 0.082617 0.00658318
10.5 0.143732 1.18052e-14 0.856222 -7.68358e-15 0.0764904 0.00653503
10.6 0.14198 1.17602e-14 0.857973 -6.65163e-15 0.0705959 0.00637831
10.7 0.140282 1.06473e-14 0.859672 -3.86514e-15 0.0649591 0.00611903
10.8 0.138636 9.0417e-15 0.861317 -2.23637e-15 0.0596054 0.00575809
10.9 0.137042 7.10885e-15 0.862911 -2.6549e-15 0.0545529 0.00531264
11 0.135498 4.21627e-15 0.864456 -1.19305e-15 0.0498152 0.0047946
11.1 0.134 3.38187e-15 0.865953 -6.09318e-16 0.0454136 0.0042235
11.2 0.132547 2.10762e-15 0.867406 1.36367e-15 0.0413466 0.00362038
11.3 0.131134 2.22345e-15 0.868819 2.26563e-15 0.0376169 0.0030044
11.4 0.129758 2.27643e-15 0.870195 2.36463e-15 0.0342191 0.00239807
11.5 0.128414 2.20076e-15 0.871538 2.97083e-15 0.0311438 0.00182218
11.6 0.127099 2.54172e-15 0.872852 2.76013e-15 0.0283749 0.00129673
11.7 0.12581 3.56918e-15 0.874142 2.19108e-15 0.0258928 0.00083939
11.8 0.124542 3.71949e-15 0.87541 1.98399e-15 0.0236698 0.000465871
11.9 0.123292 3.11688e-15 0.876659 1.50263e-15 0.0216793 0.000185147
12 0.122059 3.37072e-15 0.877893 2.05486e-15 0.01989 2.38342e-06
12.1 0.120839 2.83955e-15 0.879112 2.61944e-15 0.0182718 -8.30569e-05
12.2 0.119633 3.11766e-15 0.880318 2.81963e-15 0.0167949 -7.53149e-05
12.3 0.11844 3.72144e-15 0.881511 2.47334e-15 0.0154315 1.67177e-05
12.4 0.117258 2.04917e-15 0.882693 2.34654e-15 0.0141553 0.000180671
12.5 0.116088 -1.28106e-15 0.883863 2.55494e-15 0.0129438 0.00039995
12.6 0.114928 -1.06398e-16 0.885023 1.52079e-15 0.0117791 0.000656472
12.7 0.11378 4.66139e-16 0.886171 1.75546e-15 0.0106479 0.000930031
12.8 0.112642 5.90194e-16 0.887309 1.9054e-15 0.00954173 0.00119935
12.9 0.111516 6.64199e-16 0.888435 2.61465e-15 0.00845681 0.00144597
13 0.1104 7.87217e-16 0.889551 2.23647e-15 0.00739328 0.00165169
13.1 0.109297 8.61038e-16 0.890654 2.36069e-15 0.006359 0.00180069
13.2 0.108204 7.94123e-16 0.891746 2.70336e-15 0.0053622 0.00188302
13.3 0.107124 6.64173e-16 0.892826 2.94296e-15 0.00441557 0.00188956
13.4 0.106054 1.10082e-15 0.893896 3.13659e-15 0.00353 0.00181858
13.5 0.104996 7.05323e-16 0.894955 2.96296e-15 0.00271994 0.00167112
13.6 0.103948 1.93902e-16 0.896002 2.9034e-15 0.00199776 0.00145307
13.7 0.102912 -5.32671e-16 0.897038 3.07497e-15 0.00137493 0.00117401
13.8 0.101886 -1.21874e-15 0.898064 3.15334e-15 0.000860143 0.000847596
13.9 0.100871 -1.33445e-15 0.899079 3.20823e-15 0.00045857 0.000490121
14 0.0998666 -1.10025e-15 0.900084 3.20614e-15 0.000172126 0.000119891
14.1 0.098872 4.03625e-16 0.901078 3.35588e-15 -1.89369e-06 -0.000244738
14.2 0.0978873 2.21159e-16 0.902063 3.48338e-15 -6.92743e-05 -0.000585078
14.3 0.0969125 1.15817e-16 0.903037 3.4189e-15 -4.11222e-05 -0.00088328
14.4 0.095948 8.17761e-17 0.904002 3.37808e-15 6.84756e-05 -0.00112545
14.5 0.094993 1.03743e-16 0.904957 3.38829e-15 0.000243666 -0.00129941
14.6 0.0940476 1.5685e-16 0.905902 3.39222e-15 0.000463312 -0.00139521
14.7 0.0931116 1.22891e-16 0.906838 3.40134e-15 0.000708244 -0.0014099
14.8 0.0921849 8.68496e-17 0.907764 3.40178e-15 0.000957477 -0.00134383
14.9 0.0912674 6.45125e-17 0.908682 3.3907e-15 0.00119165 -0.00120117
15 0.0903595 6.13785e-17 0.90959 3.37396e-15 0.00139151 -0.000990674
15.1 0.0894604 7.29362e-17 0.910489 3.37102e-15 0.00154207 -0.000725235
15.2 0.0885703 9.60278e-17 0.911379 3.36683e-15 0.00163148 -0.000419843
15.3 0.0876891 1.19211e-16 0.91226 3.36146e-15 0.00165171 -9.17501e-05
15.4 0.0868166 8.90498e-17 0.913133 3.35937e-15 0.00159907 0.000240684
15.5 0.0859528 -1.29926e-17 0.913997 3.33551e-15 0.00147427 0.000559035
15.6 0.0850975 -5.58723e-17 0.914852 3.32113e-15 0.00128232 0.0008459
15.7 0.0842508 2.1676e-16 0.915698 3.36747e-15 0.00103223 0.00108539
15.8 0.0834125 5.26374e-16 0.916537 3.31864e-15 0.000736334 0.00126474
15.9 0.0825827 9.77001e-16 0.917366 3.3319e-15 0.000409673 0.00137426
16 0.0817612 1.35085e-15 0.918188 3.3825e-15 6.93146e-05 0.00140827
16.1 0.0809478 3.74863e-16 0.919001 3.26388e-15 -0.000267035 0.0013655
16.2 0.0801424 3.86791e-16 0.919807 3.34588e-15 -0.000582075 0.00124878
16.3 0.0793449 8.81771e-16 0.920604 3.43983e-15 -0.000859424 0.00106476
16.4 0.0785555 2.50848e-15 0.921393 3.57585e-15 -0.00108478 0.000823893
16.5 0.0777735 -1.15483e-15 0.922175 3.21883e-15 -0.00124667 0.000539661
16.6 0.0769996 1.87796e-15 0.922949 3.54284e-15 -0.00133708 0.000227852
16.7 0.0762334 4.53498e-16 0.923716 3.19566e-15 -0.0013519 -9.43364e-05
16.8 0.0754748 -6.08397e-16 0.924474 3.24112e-15 -0.00129111 -0.000409238
16.9 0.0747239 -1.11074e-15 0.925225 3.11451e-15 -0.00115876 -0.000699693
17 0.0739803 7.47391e-16 0.925969 3.44219e-15 -0.00096278 -0.000949982
17.1 0.0732442 1.82427e-16 0.926705 3.28909e-15 -0.00071446 -0.00114668
17.2 0.0725154 -3.52587e-16 0.927434 3.14871e-15 -0.000427869 -0.00127937
17.3 0.0717939 -2.50974e-16 0.928155 3.19709e-15 -0.000118971 -0.0013414
17.4 0.0710795 5.34438e-16 0.928869 3.33808e-15 0.00019498 -0.00132947
17.5 0.0703723 -1.0222e-15 0.929577 3.13034e-15 0.000496727 -0.00124485
17.6 0.0696721 -1.63416e-15 0.930277 2.99583e-15 0.000769765 -0.00109263
17.7 0.0689788 -1.09164e-15 0.93097 3.09536e-15 0.000999275 -0.000881564
17.8 0.0682925 3.97997e-16 0.931656 3.2229e-15 0.00117292 -0.000623574
17.9 0.0676129 -4.97468e-16 0.932336 3.13642e-15 0.00128152 -0.000333068
18 0.0669402 -2.29028e-15 0.933009 2.93696e-15 0.00131949 -2.61394e-05
18.1 0.0662741 -1.20234e-16 0.933675 3.20467e-15 0.00128517 0.000280316
18.2 0.0656147 1.48876e-16 0.934334 3.20964e-15 0.00118087 0.000569623
18.3 0.0649618 3.575e-16 0.934987 3.27878e-15 0.00101268 0.000825957
18.4 0.0643154 -6.51271e-16 0.935634 3.09497e-15 0.000790205 0.00103551
18.5 0.0636755 1.56749e-16 0.936273 3.12875e-15 0.000525936 0.0011871
18.6 0.0630419 -1.33833e-16 0.936907 3.07344e-15 0.000234582 0.00127282
18.7 0.0624146 -7.92754e-16 0.937534 2.99073e-15 -6.77583e-05 0.00128838
18.8 0.0617936 -9.05863e-16 0.938155 3.00039e-15 -0.000364485 0.00123337
18.9 0.0611787 -1.02271e-15 0.93877 2.88135e-15 -0.000639406 0.00111124
19 0.06057 -3.94737e-16 0.939379 3.02383e-15 -0.000877625 0.000929082
19.1 0.0599673 -5.91826e-16 0.939982 3.05546e-15 -0.00106634 0.000697245
19.2 0.0593706 8.4669e-16 0.940578 3.29142e-15 -0.00119555 0.000428716
19.3 0.0587799 -4.50058e-17 0.941169 3.13028e-15 -0.00125854 0.000138412
19.4 0.058195 -6.70083e-17 0.941754 3.14361e-15 -0.0012523 -0.000157652
19.5 0.0576159 -4.17714e-16 0.942333 3.0891e-15 -0.00117759 -0.000443246
19.6 0.0570427 -2.78071e-16 0.942906 3.07386e-15 -0.00103894 -0.000702814
19.7 0.0564751 -2.20182e-16 0.943474 3.15039e-15 -0.000844315 -0.000922319
19.8 0.0559131 -6.49076e-17 0.944036 3.26952e-15 -0.000604722 -0.00109001
19.9 0.0553568 -8.62383e-17 0.944592 3.17613e-15 -0.000333544 -0.00119702
20 0.054806 -3.57807e-16 0.945143 3.12538e-15 -4.58115e-05 -0.0012379
