0 0 0 1 0 0 0
0.1 1.71713e-07 2.37825e-24 1 -2.68834e-24 4.82628e-05 -0.000411145
0.2 7.90761e-07 1.17131e-23 0.999999 2.36648e-26 0.000195231 -0.000865609
0.3 2.03539e-06 -2.45624e-20 0.999998 2.43221e-22 0.000448395 -0.00134897
0.4 4.11326e-06 1.17418e-18 0.999996 -1.97709e-19 0.000811712 -0.00184678
0.5 7.2603e-06 8.76004e-19 0.999993 -3.56251e-19 0.00128573 -0.00234558
0.6 1.17391e-05 2.23253e-18 0.999988 1.28743e-18 0.00186791 -0.00283369
0.7 1.78375e-05 9.09075e-19 0.999982 7.84744e-19 0.00255319 -0.00330211
0.8 2.58692e-05 2.33203e-18 0.999974 -1.44557e-18 0.00333465 -0.00374512
0.9 3.61761e-05 4.43753e-19 0.999963 -1.13967e-18 0.0042044 -0.00416072
1 4.91366e-05 1.21497e-18 0.99995 -3.68085e-18 0.00515444 -0.00455095
1.1 6.51791e-05 -7.28822e-18 0.999934 3.3258e-19 0.00617762 -0.00492188
1.2 8.48057e-05 -4.70718e-18 0.999914 -6.99646e-19 0.00726858 -0.00528345
1.3 0.000108625 -1.45805e-17 0.999889 -1.19719e-18 0.00842458 -0.00564908
1.4 0.000137399 -1.77004e-17 0.99986 -5.54152e-18 0.00964623 -0.00603504
1.5 0.000172104 -9.27905e-18 0.999825 -3.84079e-18 0.0109381 -0.0064598
1.6 0.000214004 2.56754e-18 0.999783 4.70282e-18 0.0123089 -0.00694308
1.7 0.000264746 -3.65608e-18 0.999732 7.28456e-18 0.0137721 -0.00750471
1.8 0.000326769 -1.12107e-17 0.99967 1.72314e-17 0.0153453 -0.008164
1.9 0.000402926 -2.02835e-17 0.999594 2.35788e-17 0.0170501 -0.00893895
2 0.000496974 -5.19122e-17 0.9995 3.59562e-17 0.0189117 -0.00984513
2.1 0.000613102 -1.79026e-18 0.999383 3.88747e-17 0.0209583 -0.0108951
2.2 0.00075702 5.76705e-17 0.999239 4.375e-17 0.02322 -0.0120975
2.3 0.000935533 8.52729e-17 0.999061 1.62632e-17 0.0257281 -0.0134572
2.4 0.00115613 6.29884e-17 0.99884 1.04394e-17 0.0285142 -0.0149743
2.5 0.00142779 3.44807e-17 0.998568 2.32547e-17 0.0316085 -0.0166449
2.6 0.00176118 6.4708e-17 0.998235 2.27498e-17 0.0350396 -0.0184606
2.7 0.00216817 1.05232e-16 0.997828 2.86199e-17 0.0388329 -0.0204093
2.8 0.00266202 -3.01582e-17 0.997334 7.66327e-17 0.0430102 -0.0224751
2.9 0.00325731 -1.77177e-16 0.996738 9.74028e-17 0.0475887 -0.0246396
3 0.00396978 -9.43173e-17 0.996026 1.40259e-16 0.0525816 -0.0268822
3.1 0.00481624 -3.51261e-17 0.995178 7.27681e-17 0.0579968 -0.029181
3.2 0.00581435 -1.41085e-16 0.994178 4.88239e-16 0.0638277 -0.0315088
3.3 0.0069823 -5.377e-16 0.993009 3.08878e-16 0.0700726 -0.0338445
3.4 0.00833858 -4.23844e-16 0.991651 1.8371e-16 0.07672 -0.0361645
3.5 0.00990212 -3.24166e-16 0.990087 2.68718e-16 0.0837533 -0.0384458
3.6 0.0116906 -1.52558e-16 0.988298 2.72822e-16 0.0911476 -0.0406665
3.7 0.0137214 -4.39715e-16 0.986266 1.43443e-16 0.0988768 -0.0428065
3.8 0.0160109 -4.22046e-16 0.983977 -5.09282e-16 0.106909 -0.0448466
3.9 0.0185742 -4.28974e-16 0.981413 -6.56946e-16 0.115208 -0.0467693
4 0.0214235 -4.56926e-16 0.978563 -4.22139e-16 0.123731 -0.048557
4.1 0.0245692 -4.38721e-16 0.975417 -2.05983e-16 0.132437 -0.0501943
4.2 0.0280215 -3.29319e-16 0.971964 -1.14401e-16 0.141277 -0.0516661
4.3 0.0317845 -5.03241e-16 0.968201 -1.02748e-16 0.1502 -0.0529586
4.4 0.0358592 -1.14263e-15 0.964125 -1.44537e-16 0.159156 -0.0540588
4.5 0.0402414 -1.78499e-15 0.959742 -2.41397e-16 0.168086 -0.0549542
4.6 0.0449227 -1.80022e-15 0.95506 -1.01608e-15 0.176938 -0.0556367
4.7 0.0498914 -2.34579e-15 0.950092 -1.59391e-16 0.185653 -0.0560973
4.8 0.0551298 -3.16705e-15 0.944854 -1.24196e-15 0.194172 -0.0563262
4.9 0.0606142 -2.53538e-15 0.939371 -1.80998e-15 0.202439 -0.0563221
5 0.0663174 5.26319e-17 0.933668 -3.41103e-15 0.210396 -0.0560847
5.1 0.0722123 3.14936e-15 0.927774 -5.99444e-15 0.217993 -0.0556151
5.2 0.0782582 1.56106e-15 0.921728 -5.69238e-15 0.225174 -0.0549258
5.3 0.0844145 2.39098e-15 0.915572 -8.06005e-15 0.231891 -0.0540229
5.4 0.090637 1.57559e-15 0.909349 -8.79528e-15 0.238109 -0.0529207
5.5 0.0968861 2.64185e-15 0.9031 -6.17483e-15 0.243791 -0.0516404
5.6 0.103112 4.36652e-15 0.896874 -2.34472e-15 0.248909 -0.0502011
5.7 0.109281 3.61007e-15 0.890705 -3.1693e-15 0.25344 -0.048647
5.8 0.11535 6.6486e-15 0.884635 -6.11986e-15 0.257372 -0.0470067
5.9 0.121285 4.24002e-15 0.8787 -4.29018e-15 0.26071 -0.0453129
6 0.127056 -1.63309e-15 0.872929 -2.12936e-15 0.263463 -0.0435937
6.1 0.132637 6.20919e-15 0.867348 -9.75409e-15 0.265646 -0.0418812
6.2 0.138004 5.55956e-14 0.86198 -4.967e-14 0.26728 -0.0402028
6.3 0.143149 5.50324e-14 0.856834 -5.04815e-14 0.268388 -0.038577
6.4 0.148052 4.72466e-14 0.851931 -4.21222e-14 0.269042 -0.0370129
6.5 0.152716 3.35835e-14 0.847264 -3.0614e-14 0.269253 -0.0355107
6.6 0.157135 2.21396e-14 0.842844 -1.61968e-14 0.26906 -0.0340649
6.7 0.161298 1.77703e-14 0.83868 -5.43011e-15 0.268481 -0.0326744
6.8 0.165193 8.48786e-15 0.834784 9.99103e-15 0.267558 -0.0313163
6.9 0.168823 6.88283e-15 0.831153 1.39338e-14 0.266309 -0.0299745
7 0.172174 7.38901e-15 0.8278 1.08841e-14 0.264744 -0.0286335
7.1 0.175236 -5.01187e-15 0.824736 1.0242e-14 0.262877 -0.0272729
7.2 0.178003 -6.76712e-15 0.821968 1.00904e-14 0.260711 -0.0258764
7.3 0.180461 -1.62456e-13 0.819509 1.48852e-13 0.258247 -0.0244354
7.4 0.182599 -3.11157e-13 0.817372 3.49979e-13 0.255478 -0.0229436
7.5 0.184403 -2.16915e-13 0.815567 2.3818e-13 0.252405 -0.021406
7.6 0.185872 -3.8678e-13 0.814098 4.29635e-13 0.249019 -0.0198245
7.7 0.187007 2.7859e-13 0.812962 -3.26058e-13 0.245307 -0.0182188
7.8 0.187795 4.18844e-13 0.812174 -4.91854e-13 0.241264 -0.0166063
7.9 0.188279 -5.8404e-15 0.81169 -3.53544e-14 0.236909 -0.0150082
8 0.188441 -2.87778e-13 0.811527 2.93157e-13 0.232246 -0.0134453
8.1 0.188311 -3.80274e-13 0.811658 3.62546e-13 0.22728 -0.0119313
8.2 0.187903 -4.94383e-13 0.812068 4.54905e-13 0.222031 -0.0104898
8.3 0.187253 -4.49339e-13 0.812718 4.65445e-13 0.21651 -0.00913168
8.4 0.18639 -4.59833e-13 0.813578 4.79707e-13 0.210761 -0.00785443
8.5 0.185333 -6.31608e-13 0.814633 6.11565e-13 0.204811 -0.00667085
8.6 0.184106 -3.4155e-13 0.815859 2.94857e-13 0.198668 -0.00558052
8.7 0.182727 -2.16614e-13 0.817237 1.96568e-13 0.192375 -0.00456556
8.8 0.181221 -3.8751e-13 0.818743 3.66095e-13 0.185947 -0.00361271
8.9 0.179611 -3.42523e-13 0.820353 3.32996e-13 0.179409 -0.00271945
9 0.17791 -5.21969e-13 0.822053 5.56514e-13 0.172778 -0.00187297
9.1 0.176132 -1.91027e-13 0.823828 1.49326e-13 0.166076 -0.00106033
9.2 0.174296 -3.39769e-13 0.825663 3.32793e-13 0.159323 -0.000270293
9.3 0.172407 -2.55915e-13 0.827552 2.64073e-13 0.152532 0.000497272
9.4 0.170477 -8.38646e-13 0.829481 8.05082e-13 0.145716 0.00124864
9.5 0.168512 -5.09517e-13 0.831445 5.02003e-13 0.138901 0.00199272
9.6 0.166518 -6.66281e-13 0.833438 6.65805e-13 0.132101 0.00272506
9.7 0.164511 -4.40166e-13 0.835445 3.66627e-13 0.125315 0.00344294
9.8 0.162497 -7.03994e-13 0.837458 5.72927e-13 0.118566 0.0041336
9.9 0.160481 -9.99874e-13 0.839473 8.27627e-13 0.111866 0.00477512
10 0.158469 -1.33356e-12 0.841484 1.15688e-12 0.105238 0.00537087
10.1 0.156473 -1.17368e-12 0.843479 9.65332e-13 0.0986982 0.00590801
10.2 0.154498 -1.13383e-12 0.845453 9.00256e-13 0.0922679 0.00636604
10.3 0.152552 -1.30922e-12 0.847399 1.14104e-12 0.0859763 0.00673612
10.4 0.150638 -1.33572e-12 0.849314 1.20809e-12 0.0798475 0.00701207
10.5 0.148764 -1.40273e-12 0.851187 1.28021e-12 0.0739107 0.00717681
10.6 0.146935 -1.27628e-12 0.853018 1.2705e-12 0.0681878 0.00722577
10.7 0.145154 -1.47016e-12 0.854799 1.58288e-12 0.0627135 0.00715595
10.8 0.143421 -1.42295e-12 0.856533 1.4459e-12 0.0575033 0.00697457
10.9 0.141737 -1.32093e-12 0.858217 1.38487e-12 0.0525823 0.00669104
11 0.140103 -1.25662e-12 0.859852 1.33343e-12 0.0479719 0.00631985
11.1 0.138519 -1.23299e-12 0.861436 1.28795e-12 0.0436809 0.00587626
11.2 0.136982 -1.34826e-12 0.862973 1.35094e-12 0.0397182 0.00537786
11.3 0.135487 -8.8581e-13 0.864468 1.28746e-12 0.0360864 0.00484434
11.4 0.134032 5.97321e-12 0.865923 -1.22164e-11 0.0327799 0.00429605
11.5 0.132612 1.95278e-11 0.867343 -2.08509e-12 0.0297903 0.00375367
11.6 0.131224 -1.44733e-11 0.868731 1.65002e-11 0.0271036 0.00323648
11.7 0.129865 2.15104e-11 0.870091 -2.29615e-11 0.0247006 0.00276259
11.8 0.128532 5.27666e-12 0.871425 8.99172e-12 0.0225585 0.00234788
11.9 0.127222 2.95476e-12 0.872735 1.25969e-11 0.0206519 0.00200803
12 0.125932 9.89777e-12 0.874025 6.52741e-12 0.018951 0.00175024
12.1 0.124659 -3.75925e-11 0.875299 1.8101e-11 0.0174205 0.0015756
12.2 0.123403 -6.09391e-11 0.876556 9.38769e-11 0.0160307 0.00148261
12.3 0.12216 1.53735e-10 0.877799 4.66835e-10 0.0147535 0.00146593
12.4 0.120933 1.48493e-10 0.879027 -1.7778e-10 0.0135633 0.00151018
12.5 0.119716 -1.15029e-10 0.880244 1.42737e-11 0.0124385 0.00160757
12.6 0.118514 -2.65233e-10 0.881447 8.64026e-11 0.0113577 0.00173911
12.7 0.117322 -1.32956e-10 0.882639 -6.14906e-11 0.0103068 0.00188895
12.8 0.116143 -1.65627e-10 0.883818 -6.45192e-11 0.00927675 0.00203714
12.9 0.114975 -6.66615e-11 0.884986 -3.01041e-11 0.00826002 0.00216579
13 0.113822 3.53703e-10 0.88614 1.07748e-10 0.00725926 0.00225547
13.1 0.11268 -5.36608e-11 0.887281 -1.05655e-10 0.00628264 0.00229765
13.2 0.111549 3.43953e-11 0.888412 -5.1943e-11 0.00533285 0.00227128
13.3 0.110431 -3.21333e-11 0.889529 -4.59048e-11 0.00443002 0.00218168
13.4 0.109327 -7.33778e-11 0.890633 -3.72452e-11 0.00358075 0.00202491
13.5 0.108236 -1.72371e-10 0.891725 -6.67271e-11 0.00279949 0.00180289
13.6 0.107157 -1.99012e-10 0.892803 -7.78541e-11 0.00209592 0.00152099
13.7 0.10609 -2.16741e-10 0.893871 -8.57121e-11 0.00148344 0.00118862
13.8 0.105036 -2.06094e-10 0.894927 -4.78707e-11 0.00097028 0.000816334
13.9 0.103992 -2.09878e-10 0.895971 -2.60809e-11 0.00055973 0.000423689
14 0.102959 -2.13577e-10 0.897005 -1.53167e-10 0.000256316 2.69558e-05
14.1 0.101936 -2.85313e-10 0.898027 -5.34186e-11 5.85631e-05 -0.000357447
14.2 0.100925 -2.50504e-10 0.899039 -1.44741e-10 -3.78143e-05 -0.000711465
14.3 0.0999229 -2.96739e-10 0.900041 -9.2721e-11 -4.42861e-05 -0.00101741
14.4 0.0989302 -3.0477e-10 0.901033 -7.65302e-11 2.78401e-05 -0.00126062
14.5 0.0979462 -3.14137e-10 0.902017 -6.23574e-11 0.000162053 -0.00142907
14.6 0.096973 -3.29499e-10 0.902991 -4.94329e-11 0.000338145 -0.00151839
14.7 0.0960081 -6.525e-11 0.903955 -3.10935e-10 0.000538976 -0.0015234
14.8 0.0950495 -3.38938e-10 0.904914 -1.44607e-10 0.000743488 -0.00144715
14.9 0.0941027 1.05411e-11 0.90586 -4.32674e-10 0.000935183 -0.00129486
15 0.0931674 -3.08622e-10 0.906796 -5.20624e-10 0.00109615 -0.00107814
15.1 0.092241 -2.18614e-10 0.907722 -3.40792e-10 0.00121454 -0.00080969
15.2 0.0913268 -1.87528e-10 0.908637 -2.22983e-10 0.00128075 -0.000502633
15.3 0.0904223 -1.49746e-10 0.909542 -2.61342e-10 0.00128596 -0.000173574
15.4 0.0895246 -1.55173e-10 0.91044 -2.52813e-10 0.0012304 0.000160594
15.5 0.088635 -1.50849e-10 0.911329 -2.58722e-10 0.00111305 0.00048405
15.6 0.087753 -1.49311e-10 0.912212 -2.61513e-10 0.000938685 0.000775418
15.7 0.0868815 -1.56362e-10 0.913084 -2.55143e-10 0.000715554 0.00102283
15.8 0.0860176 -1.36161e-10 0.913948 -2.18795e-10 0.000456179 0.0012121
15.9 0.0851612 -1.9545e-10 0.914804 -2.23853e-10 0.000174207 0.00133702
16 0.0843134 -1.78527e-10 0.915652 -2.56857e-10 -0.000114151 0.00138927
16.1 0.0834752 -2.10792e-10 0.916492 -2.39376e-10 -0.000393015 0.00137192
16.2 0.0826451 -2.13217e-10 0.917321 -2.4852e-10 -0.000648115 0.00128714
16.3 0.0818239 -2.12915e-10 0.918143 -2.53017e-10 -0.000864922 0.00113838
16.4 0.0810104 -1.99642e-10 0.918957 -2.14907e-10 -0.00103402 0.000939886
16.5 0.080205 -1.75434e-10 0.919763 -1.93932e-10 -0.00114539 0.00070223
16.6 0.0794078 -1.55091e-10 0.920561 -1.77576e-10 -0.00119547 0.000440183
16.7 0.0786174 -1.71317e-10 0.921351 -1.94464e-10 -0.00117868 0.000167624
16.8 0.0778351 -1.90741e-10 0.922134 -2.025e-10 -0.00109901 -9.97297e-05
16.9 0.077061 -2.16028e-10 0.922908 -1.26147e-10 -0.000960928 -0.000350784
17 0.0762949 -4.4052e-10 0.923674 -3.9921e-10 -0.000770581 -0.000571221
17.1 0.0755366 -3.14737e-10 0.924433 -3.73993e-10 -0.000537301 -0.000748303
17.2 0.0747862 -2.52041e-10 0.925184 -3.0703e-10 -0.000275174 -0.000872452
17.3 0.0740428 -2.37278e-10 0.925926 -2.85584e-10 2.97205e-06 -0.000939581
17.4 0.0733072 -2.17197e-10 0.926662 -2.32866e-10 0.000283303 -0.000947972
17.5 0.0725791 -1.75982e-10 0.92739 -2.32862e-10 0.000549076 -0.000895328
17.6 0.0718578 -1.80801e-10 0.928111 -2.29308e-10 0.000786729 -0.000786813
17.7 0.0711436 -1.95969e-10 0.928825 -2.33922e-10 0.000983271 -0.000628735
17.8 0.070437 -2.0526e-10 0.929533 -2.31549e-10 0.00112762 -0.000432336
17.9 0.0697369 -2.17059e-10 0.930233 -2.50042e-10 0.0012107 -0.000211982
18 0.0690438 -2.26219e-10 0.930926 -2.56886e-10 0.00122908 1.79144e-05
18.1 0.0683575 -2.31732e-10 0.931613 -2.6038e-10 0.00118408 0.000244479
18.2 0.0676778 -2.3831e-10 0.932293 -2.69399e-10 0.00107834 0.000453983
18.3 0.067005 -2.45426e-10 0.932965 -2.66219e-10 0.000919228 0.000632249
18.4 0.0663384 -7.08833e-10 0.93363 -5.49725e-10 0.000715815 0.000769028
18.5 0.0656787 -2.32184e-10 0.934289 -3.07382e-10 0.00047937 0.000857576
18.6 0.0650255 -1.18427e-10 0.934943 1.31931e-11 0.000222422 0.000891276
18.7 0.0643787 -1.78476e-10 0.93559 -1.05232e-10 -3.87439e-05 0.000869286
18.8 0.0637384 -2.14208e-10 0.936231 -1.95056e-10 -0.000290578 0.000792214
18.9 0.0631044 -2.36279e-10 0.936864 -2.73931e-10 -0.000520013 0.000664562
19 0.0624766 -2.33493e-10 0.937492 -2.37901e-10 -0.00071485 0.000492579
19.1 0.0618555 -2.37297e-10 0.938114 -2.53773e-10 -0.000865215 0.000288466
19.2 0.0612406 -2.43079e-10 0.938729 -2.78696e-10 -0.000963061 6.12213e-05
19.3 0.0606323 -2.53008e-10 0.939338 -2.98517e-10 -0.00100316 -0.000174454
19.4 0.06003 -2.58452e-10 0.939941 -3.13967e-10 -0.000984982 -0.000404733
19.5 0.0594334 -2.73861e-10 0.940538 -3.26849e-10 -0.000911013 -0.000617608
19.6 0.0588428 -2.80753e-10 0.941128 -3.36293e-10 -0.000786412 -0.000799427
19.7 0.058258 -3.05831e-10 0.941714 -3.63824e-10 -0.000619457 -0.000939604
19.8 0.057679 -2.96994e-10 0.942293 -3.68622e-10 -0.000419505 -0.00103073
19.9 0.0571056 -3.07205e-10 0.942866 -3.54319e-10 -0.000201113 -0.00106558
20 0.0565383 -3.06964e-10 0.943432 -3.59146e-10 2.3911e-05 -0.00104312
