0 0 0 1 0 0 0
0.1 1.71713e-07 2.37825e-24 1 -2.68834e-24 4.82738e-05 -0.000411436
0.2 7.91038e-07 2.35459e-24 0.999999 -9.33482e-24 0.000195457 -0.000867078
0.3 2.03726e-06 2.25124e-20 0.999998 2.88621e-22 0.000449501 -0.00135307
0.4 4.12032e-06 6.77284e-20 0.999996 -5.18341e-20 0.000815076 -0.00185546
0.5 7.28011e-06 1.86529e-19 0.999993 4.95801e-19 0.00129367 -0.00236102
0.6 1.17853e-05 2.71213e-19 0.999988 4.69399e-19 0.00188385 -0.00285813
0.7 1.79325e-05 -7.20631e-19 0.999982 -1.47783e-18 0.00258177 -0.0033375
0.8 2.60462e-05 -1.03394e-19 0.999974 -7.77471e-20 0.00338172 -0.00379277
0.9 3.64817e-05 -8.21167e-19 0.999963 -1.86913e-18 0.00427692 -0.00422104
1 4.96314e-05 -1.77623e-18 0.99995 -8.19559e-20 0.00526035 -0.00462307
1.1 6.59372e-05 -7.37959e-18 0.999933 8.34239e-19 0.00632556 -0.00500345
1.2 8.59108e-05 -1.6934e-17 0.999913 2.86949e-18 0.00746756 -0.00537044
1.3 0.000110164 -1.239e-17 0.999888 3.72962e-18 0.00868364 -0.00573571
1.4 0.000139448 -1.72513e-17 0.999858 1.70751e-18 0.00997404 -0.00611384
1.5 0.000174713 -1.2169e-17 0.999823 -7.1462e-18 0.0113425 -0.00652168
1.6 0.000217175 -1.0704e-17 0.99978 -1.53929e-18 0.0127969 -0.00697764
1.7 0.0002684 -1.55037e-17 0.999729 2.26296e-18 0.0143493 -0.00750055
1.8 0.000330398 -1.49749e-17 0.999666 1.34066e-17 0.0160158 -0.00810918
1.9 0.000405738 -3.64985e-17 0.999591 1.91168e-17 0.0178165 -0.00882133
2 0.000497667 -4.93372e-17 0.999499 1.80108e-17 0.0197753 -0.00965294
2.1 0.000610236 -6.43373e-17 0.999386 4.5374e-17 0.0219191 -0.0106174
2.2 0.000748419 -7.58067e-17 0.999248 6.08709e-17 0.0242774 -0.0117245
2.3 0.000919202 -1.34178e-16 0.999077 6.49586e-17 0.026881 -0.0129807
2.4 0.00112937 -1.06627e-16 0.998867 6.65554e-17 0.0297617 -0.0143878
2.5 0.00138798 -1.21343e-16 0.998608 5.8489e-17 0.0329507 -0.0159436
2.6 0.00170474 1.91457e-17 0.998291 8.59948e-17 0.036478 -0.0176416
2.7 0.00209122 1.44019e-16 0.997903 4.10116e-17 0.0403721 -0.0194717
2.8 0.00256019 1.37375e-16 0.997433 1.01226e-16 0.044656 -0.0214185
2.9 0.00312474 2.08149e-16 0.996867 1.34487e-16 0.0493508 -0.0234642
3 0.00380008 7.94288e-17 0.996191 8.09884e-17 0.0544724 -0.0255879
3.1 0.0046024 1.06839e-16 0.995388 -6.81414e-17 0.0600312 -0.0277655
3.2 0.0055481 -6.77553e-17 0.994442 -1.27624e-17 0.0660318 -0.0299721
3.3 0.006654 8.61473e-17 0.993336 -1.77693e-16 0.0724742 -0.0321804
3.4 0.00793747 -8.73644e-18 0.992053 -3.33557e-16 0.0793483 -0.0343624
3.5 0.00941536 6.75332e-16 0.990575 -2.94431e-16 0.0866381 -0.0364922
3.6 0.0111038 7.73101e-16 0.988886 -5.78396e-16 0.094324 -0.0385424
3.7 0.0130176 8.45168e-16 0.986972 -4.59834e-16 0.102378 -0.0404878
3.8 0.0151701 1.09478e-15 0.98482 -5.91401e-16 0.110768 -0.0423045
3.9 0.017572 1.21123e-15 0.982418 -4.05767e-16 0.119455 -0.0439691
4 0.0202318 8.10269e-16 0.979759 5.79398e-17 0.128395 -0.0454615
4.1 0.0231548 1.04163e-15 0.976836 -1.74235e-16 0.137544 -0.0467631
4.2 0.0263422 1.26834e-15 0.973649 -3.58469e-16 0.146848 -0.0478557
4.3 0.0297915 1.81359e-15 0.9702 -2.38367e-18 0.156254 -0.0487255
4.4 0.0334982 1.36312e-15 0.966493 9.588e-16 0.165703 -0.0493606
4.5 0.0374516 1.95599e-15 0.96254 8.14942e-16 0.175137 -0.0497521
4.6 0.041635 1.22167e-15 0.958356 1.60536e-15 0.184493 -0.049896
4.7 0.0460278 2.11167e-15 0.953963 2.28067e-15 0.193712 -0.0497896
4.8 0.0506062 2.57359e-15 0.949385 3.26464e-15 0.202734 -0.0494354
4.9 0.0553423 -1.18531e-16 0.944649 5.6937e-15 0.211498 -0.0488414
5 0.0602029 -5.63812e-16 0.939788 5.15131e-15 0.21995 -0.0480177
5.1 0.0651511 -3.43313e-15 0.93484 6.42134e-15 0.228038 -0.0469813
5.2 0.0701527 -3.02902e-15 0.929838 6.57428e-15 0.235714 -0.0457528
5.3 0.0751657 -4.20628e-16 0.924825 5.71598e-15 0.242939 -0.0443562
5.4 0.0801526 1.26011e-15 0.919838 6.17837e-15 0.24968 -0.0428197
5.5 0.0850774 2.84313e-15 0.914913 -6.11029e-16 0.255914 -0.0411744
5.6 0.0899079 -5.56599e-16 0.910082 2.38762e-15 0.261615 -0.0394577
5.7 0.0946133 -1.61488e-15 0.905376 6.15194e-15 0.266785 -0.0376988
5.8 0.0991669 -1.69953e-15 0.900822 5.74084e-15 0.271428 -0.0359234
5.9 0.103548 -7.02554e-15 0.89644 1.15136e-14 0.275545 -0.0341661
6 0.107738 -9.61922e-15 0.892249 1.30003e-14 0.279152 -0.0324483
6.1 0.111724 -8.97282e-15 0.888263 1.2114e-14 0.282266 -0.0307849
6.2 0.115495 -3.65176e-15 0.884491 8.92816e-15 0.284918 -0.0291879
6.3 0.119048 -5.28454e-16 0.880938 3.80566e-15 0.287134 -0.0276589
6.4 0.122378 2.7465e-15 0.877607 3.7823e-16 0.288939 -0.0261905
6.5 0.125478 6.71357e-15 0.874506 -5.4527e-15 0.290357 -0.0247686
6.6 0.128341 1.15125e-14 0.871644 -1.10888e-14 0.291411 -0.0233745
6.7 0.130958 1.38876e-14 0.869025 -1.59004e-14 0.292111 -0.0219856
6.8 0.133321 9.49652e-15 0.866662 -1.49412e-14 0.292467 -0.0205768
6.9 0.135414 1.30254e-14 0.864568 -1.8553e-14 0.29248 -0.0191291
7 0.137228 1.41421e-14 0.862753 -2.05385e-14 0.292144 -0.0176193
7.1 0.138743 1.5554e-14 0.861237 -2.3133e-14 0.291459 -0.0160363
7.2 0.139925 1.08371e-14 0.860055 -1.90456e-14 0.290409 -0.0143701
7.3 0.140772 1.10586e-14 0.859206 -1.7414e-14 0.288979 -0.0126209
7.4 0.141276 7.49916e-15 0.858702 -1.54571e-14 0.287154 -0.0107941
7.5 0.141427 -3.69837e-16 0.85855 -9.16754e-15 0.284926 -0.00889905
7.6 0.141222 -5.71204e-15 0.858754 -2.59153e-15 0.282282 -0.00696044
7.7 0.140667 -9.4809e-15 0.859307 2.04153e-15 0.279213 -0.00500233
7.8 0.139773 -4.23962e-15 0.860201 -2.49868e-16 0.275722 -0.00304855
7.9 0.138554 -1.22958e-15 0.861419 1.92628e-16 0.271813 -0.00112142
8 0.137033 1.37325e-15 0.862939 -4.70714e-15 0.267495 0.000755146
8.1 0.135236 3.26887e-15 0.864734 -8.81835e-15 0.262781 0.00256435
8.2 0.133194 6.92534e-15 0.866775 -1.03032e-14 0.25769 0.0042923
8.3 0.130936 9.91972e-15 0.869032 -1.63362e-14 0.252238 0.00593056
8.4 0.128493 1.42969e-14 0.871475 -2.3285e-14 0.24645 0.00746986
8.5 0.125898 1.60937e-14 0.874068 -2.85577e-14 0.240346 0.00891871
8.6 0.123181 2.32682e-14 0.876784 -3.18378e-14 0.233947 0.0102786
8.7 0.120369 2.60708e-14 0.879595 -3.62317e-14 0.227274 0.0115551
8.8 0.117488 2.68244e-14 0.882476 -4.46806e-14 0.220348 0.0127542
8.9 0.114562 2.83581e-14 0.885401 -4.82555e-14 0.213186 0.0138837
9 0.111611 3.47265e-14 0.888352 -4.78585e-14 0.205809 0.0149495
9.1 0.108654 3.37472e-14 0.891309 -5.07132e-14 0.198233 0.0159554
9.2 0.10571 3.46143e-14 0.894252 -5.11668e-14 0.190476 0.0169
9.3 0.102792 3.4779e-14 0.897169 -4.93284e-14 0.18256 0.0177812
9.4 0.0999184 3.33626e-14 0.900043 -4.50261e-14 0.174505 0.018593
9.5 0.0971079 2.70945e-14 0.902853 -4.32965e-14 0.166335 0.0193258
9.6 0.0943661 2.67012e-14 0.905595 -4.05311e-14 0.158076 0.0199688
9.7 0.0917039 2.56384e-14 0.908257 -4.49602e-14 0.149756 0.020509
9.8 0.0891337 2.51274e-14 0.910827 -4.85704e-14 0.141406 0.0209276
9.9 0.0866663 2.08431e-14 0.913294 -4.63338e-14 0.133064 0.0212101
10 0.0843097 1.64283e-14 0.915651 -4.0496e-14 0.124771 0.0213432
10.1 0.0820711 1.50251e-14 0.91789 -4.22554e-14 0.116565 0.0213157
10.2 0.0799565 1.78777e-14 0.920004 -4.52401e-14 0.108489 0.0211173
10.3 0.0779693 2.11565e-14 0.921991 -4.80636e-14 0.100589 0.0207399
10.4 0.0761115 1.95618e-14 0.923849 -4.53961e-14 0.0929092 0.0201801
10.5 0.0743839 1.9199e-14 0.925577 -4.2707e-14 0.0854932 0.0194442
10.6 0.0727843 1.63219e-14 0.927177 -4.10616e-14 0.0783845 0.0185405
10.7 0.0713069 1.53809e-14 0.928654 -4.30179e-14 0.0716209 0.0174817
10.8 0.069946 1.37293e-14 0.930014 -4.23975e-14 0.0652372 0.0162899
10.9 0.0686944 1.52062e-14 0.931266 -4.17092e-14 0.0592602 0.0149897
11 0.0675445 1.46078e-14 0.932416 -3.91978e-14 0.0537123 0.0136086
11.1 0.0664876 1.37711e-14 0.933473 -4.06501e-14 0.0486092 0.0121788
11.2 0.0655134 1.54779e-14 0.934447 -3.97086e-14 0.0439555 0.0107354
11.3 0.0646122 1.39982e-14 0.935349 -4.05613e-14 0.0397484 0.00931519
11.4 0.0637728 1.58907e-14 0.936188 -4.23279e-14 0.0359732 0.0079537
11.5 0.0629874 1.6025e-14 0.936973 -4.2293e-14 0.0326134 0.00667854
11.6 0.062246 1.75139e-14 0.937715 -4.24822e-14 0.0296428 0.00551806
11.7 0.06154 1.66187e-14 0.938421 -4.30318e-14 0.0270274 0.00449714
11.8 0.0608634 1.64861e-14 0.939097 -4.27492e-14 0.0247294 0.00363371
11.9 0.0602102 1.4908e-14 0.939751 -4.2924e-14 0.0227058 0.00293868
12 0.0595752 1.50102e-14 0.940386 -4.31297e-14 0.0209141 0.00241688
12.1 0.0589552 1.45609e-14 0.941005 -4.32018e-14 0.0193108 0.00206572
12.2 0.0583473 1.53608e-14 0.941613 -4.35404e-14 0.0178537 0.00187593
12.3 0.0577487 1.44079e-14 0.942212 -4.33181e-14 0.016503 0.00182935
12.4 0.0571584 1.58412e-14 0.942802 -4.23877e-14 0.0152241 0.00190542
12.5 0.0565752 1.47939e-14 0.943385 -4.22602e-14 0.013987 0.0020777
12.6 0.0559987 1.35542e-14 0.943962 -4.20798e-14 0.0127689 0.00231575
12.7 0.0554279 1.33804e-14 0.944532 -4.2381e-14 0.0115555 0.00259043
12.8 0.0548637 1.287e-14 0.945097 -4.174e-14 0.0103393 0.00286846
12.9 0.054306 1.26118e-14 0.945654 -4.12287e-14 0.00911668 0.00312355
13 0.0537545 1.23388e-14 0.946206 -4.10981e-14 0.00789269 0.0033275
13.1 0.0532094 1.22314e-14 0.946751 -4.12548e-14 0.00667698 0.00345912
13.2 0.052671 1.22335e-14 0.94729 -4.11393e-14 0.00548719 0.00349753
13.3 0.0521387 1.22529e-14 0.947822 -4.06511e-14 0.0043428 0.0034339
13.4 0.0516126 1.19248e-14 0.948348 -4.05566e-14 0.00326263 0.00326185
13.5 0.051093 1.17964e-14 0.948868 -4.04315e-14 0.00226979 0.00298204
13.6 0.0505797 1.17777e-14 0.949381 -4.03385e-14 0.00138418 0.00260356
13.7 0.0500727 1.17324e-14 0.949888 -4.01773e-14 0.000623742 0.00213962
13.8 0.0495714 1.14461e-14 0.950389 -4.00122e-14 3.58729e-06 0.00160938
13.9 0.0490755 1.16195e-14 0.950885 -3.98073e-14 -0.00046705 0.00103454
14 0.0485859 1.15274e-14 0.951375 -3.97446e-14 -0.00078277 0.000441068
14.1 0.0481019 1.14013e-14 0.951859 -3.96863e-14 -0.00094477 -0.000144362
14.2 0.047623 1.13616e-14 0.952338 -3.95902e-14 -0.000960706 -0.000694209
14.3 0.047149 1.12337e-14 0.952812 -3.95317e-14 -0.000843961 -0.00118399
14.4 0.0466798 1.10797e-14 0.953281 -3.94105e-14 -0.000612232 -0.00159229
14.5 0.0462152 1.09936e-14 0.953745 -3.93185e-14 -0.000288855 -0.00189981
14.6 0.0457559 1.10224e-14 0.954205 -3.92505e-14 0.000101038 -0.00209399
14.7 0.0453008 1.07861e-14 0.954659 -3.91852e-14 0.000529392 -0.00216807
14.8 0.0448502 1.06311e-14 0.95511 -3.9079e-14 0.000966151 -0.00211924
14.9 0.0444043 1.02774e-14 0.955556 -3.90622e-14 0.0013837 -0.00195291
15 0.0439628 1.07766e-14 0.955997 -3.88579e-14 0.00175506 -0.0016804
15.1 0.0435255 1.06403e-14 0.956434 -3.87485e-14 0.00205736 -0.00131731
15.2 0.0430926 1.06105e-14 0.956867 -3.8605e-14 0.00227193 -0.000884235
15.3 0.0426639 1.05335e-14 0.957296 -3.84981e-14 0.00238516 -0.000404719
15.4 0.0422394 1.03873e-14 0.95772 -3.83912e-14 0.00238921 9.52603e-05
15.5 0.0418191 1.02914e-14 0.958141 -3.82855e-14 0.0022826 0.000588773
15.6 0.0414038 1.01986e-14 0.958556 -3.81913e-14 0.00206993 0.00105078
15.7 0.0409918 1.00974e-14 0.958968 -3.80943e-14 0.00176104 0.00145678
15.8 0.0405842 9.97673e-15 0.959376 -3.79927e-14 0.0013712 0.00178586
15.9 0.0401803 9.89884e-15 0.95978 -3.78898e-14 0.000919992 0.0020213
16 0.0397806 9.76707e-15 0.960179 -3.78003e-14 0.000430188 0.00215139
16.1 0.0393848 9.66255e-15 0.960575 -3.77053e-14 -7.34475e-05 0.00217002
16.2 0.0389928 9.47517e-15 0.960967 -3.76205e-14 -0.000565489 0.00207692
16.3 0.0386047 9.73305e-15 0.961355 -3.74828e-14 -0.00102119 0.00187763
16.4 0.0382204 9.82036e-15 0.961739 -3.73698e-14 -0.00141778 0.00158316
16.5 0.0378399 9.5928e-15 0.96212 -3.72957e-14 -0.00173562 0.00120942
16.6 0.0374632 8.83851e-15 0.962496 -3.72782e-14 -0.00195926 0.000776268
16.7 0.0370902 8.9955e-15 0.962869 -3.71264e-14 -0.00207816 0.000306534
16.8 0.0367211 8.62232e-15 0.963238 -3.70795e-14 -0.00208722 -0.000175234
16.9 0.0363558 9.30936e-15 0.963603 -3.69199e-14 -0.00198706 -0.000644045
17 0.035994 8.92538e-15 0.963965 -3.6806e-14 -0.00178381 -0.00107595
17.1 0.0356359 8.92988e-15 0.964323 -3.67308e-14 -0.00148903 -0.00144855
17.2 0.0352813 8.93215e-15 0.964678 -3.66544e-14 -0.0011188 -0.00174318
17.3 0.0349302 8.52379e-15 0.965029 -3.65799e-14 -0.000692967 -0.0019452
17.4 0.0345827 9.34712e-15 0.965376 -3.63432e-14 -0.000234099 -0.00204489
17.5 0.0342386 8.17959e-15 0.96572 -3.64303e-14 0.000233718 -0.00203788
17.6 0.0338979 8.07143e-15 0.966061 -3.63587e-14 0.000686129 -0.00192536
17.7 0.0335606 8.09557e-15 0.966398 -3.62587e-14 0.00109978 -0.00171397
17.8 0.0332267 8.1256e-15 0.966732 -3.61845e-14 0.0014535 -0.00141544
17.9 0.0328961 8.29744e-15 0.967063 -3.60779e-14 0.00172941 -0.00104588
18 0.0325687 8.03042e-15 0.96739 -3.5975e-14 0.00191379 -0.000624976
18.1 0.0322447 8.54935e-15 0.967714 -3.58072e-14 0.00199777 -0.000174927
18.2 0.0319238 8.06736e-15 0.968035 -3.58051e-14 0.00197773 0.000280831
18.3 0.0316062 8.47469e-15 0.968353 -3.56391e-14 0.00185551 0.000718548
18.4 0.0312917 7.31497e-15 0.968667 -3.57084e-14 0.00163818 0.0011157
18.5 0.0309803 8.13236e-15 0.968979 -3.54765e-14 0.00133774 0.00145204
18.6 0.0306721 7.77593e-15 0.969287 -3.54525e-14 0.000970359 0.00171061
18.7 0.0303669 7.86015e-15 0.969592 -3.53582e-14 0.000555576 0.00187864
18.8 0.0300647 7.16294e-15 0.969894 -3.54059e-14 0.000115129 0.00194809
18.9 0.0297656 7.21334e-15 0.970193 -3.53072e-14 -0.000327795 0.00191614
19 0.0294694 7.26963e-15 0.97049 -3.51835e-14 -0.000750342 0.00178522
19.1 0.0291762 7.20552e-15 0.970783 -3.51103e-14 -0.00113079 0.00156287
19.2 0.0288859 7.17416e-15 0.971073 -3.50447e-14 -0.00144977 0.00126131
19.3 0.0285985 6.81962e-15 0.971361 -3.50241e-14 -0.00169123 0.000896748
19.4 0.0283139 6.94154e-15 0.971645 -3.49064e-14 -0.00184328 0.000488554
19.5 0.0280322 6.69054e-15 0.971927 -3.48647e-14 -0.00189872 5.81942e-05
19.6 0.0277532 6.67768e-15 0.972206 -3.4796e-14 -0.00185542 -0.00037188
19.7 0.0274771 6.58025e-15 0.972482 -3.47331e-14 -0.00171638 -0.000779403
19.8 0.0272037 6.65261e-15 0.972755 -3.4657e-14 -0.00148954 -0.00114345
19.9 0.026933 6.47319e-15 0.973026 -3.46042e-14 -0.00118732 -0.0014455
20 0.026665 6.46046e-15 0.973294 -3.45079e-14 -0.000825938 -0.00167039
