0 0 0 1 0 0 0
0.1 1.71713e-07 2.37825e-24 1 -2.68834e-24 4.82626e-05 -0.000411086
0.2 7.90705e-07 2.10715e-23 0.999999 -9.33482e-24 0.000195203 -0.000865312
0.3 2.035e-06 1.24096e-21 0.999998 4.19605e-22 0.000448243 -0.00134813
0.4 4.11181e-06 1.05189e-19 0.999996 1.10521e-19 0.000811234 -0.00184502
0.5 7.25621e-06 -3.71999e-19 0.999993 -3.06937e-19 0.00128458 -0.00234241
0.6 1.17294e-05 2.17883e-19 0.999988 -1.9414e-19 0.00186558 -0.00282863
0.7 1.78175e-05 1.5043e-18 0.999982 -4.31257e-20 0.00254899 -0.00329469
0.8 2.58314e-05 1.58323e-18 0.999974 1.46372e-18 0.00332773 -0.00373492
0.9 3.61101e-05 3.11856e-18 0.999964 5.60684e-19 0.00419374 -0.00414748
1 4.90283e-05 3.70489e-18 0.99995 2.27066e-19 0.0051389 -0.00453456
1.1 6.5011e-05 5.52556e-18 0.999934 8.77054e-18 0.006156 -0.00490244
1.2 8.45566e-05 2.23999e-18 0.999914 2.71579e-18 0.00723966 -0.00526126
1.3 0.000108272 5.49183e-19 0.99989 5.20451e-18 0.00838719 -0.00562466
1.4 0.000136917 -9.77308e-18 0.999861 6.27887e-18 0.0095993 -0.00600914
1.5 0.000171471 -5.33531e-18 0.999826 8.9463e-19 0.0108807 -0.00643329
1.6 0.000213202 3.56926e-18 0.999784 5.72458e-18 0.0122404 -0.00691695
1.7 0.000263766 5.05408e-18 0.999733 -3.19689e-18 0.013692 -0.00747998
1.8 0.000325873 1.82257e-17 0.999671 -1.82291e-17 0.0152534 -0.00814165
1.9 0.000401921 -1.88113e-17 0.999595 -2.34673e-17 0.0169465 -0.00891983
2 0.000496047 7.34343e-18 0.999501 -1.11057e-17 0.0187967 -0.00982988
2.1 0.000612458 -2.1892e-17 0.999384 2.70404e-17 0.0208322 -0.010884
2.2 0.0007565 4.4747e-17 0.99924 3.67248e-17 0.0230834 -0.0120907
2.3 0.000934874 1.8142e-17 0.999061 5.92167e-17 0.0255816 -0.013454
2.4 0.00115539 -5.70554e-17 0.998841 6.95381e-17 0.0283579 -0.0149741
2.5 0.00142725 -1.35889e-16 0.998569 8.12777e-17 0.0314426 -0.0166463
2.6 0.00176092 -8.71096e-17 0.998235 4.69702e-17 0.0348638 -0.018462
2.7 0.00216833 -1.53572e-16 0.997826 7.4249e-17 0.0386478 -0.0204096
2.8 0.0026627 -3.38733e-16 0.997331 -4.81911e-17 0.0428138 -0.0224722
2.9 0.00325865 -4.89114e-16 0.996733 -9.01337e-17 0.0473792 -0.0246307
3 0.00397178 -5.57745e-16 0.996018 -2.28168e-16 0.0523568 -0.026864
3.1 0.00481879 -5.94804e-16 0.99517 -2.03549e-16 0.0577514 -0.0291497
3.2 0.00581713 -4.75559e-16 0.994172 -2.86509e-17 0.063561 -0.0314632
3.3 0.00698506 -4.47849e-16 0.993004 -8.87607e-17 0.0697801 -0.0337824
3.4 0.00834073 -4.64651e-16 0.991648 -1.35478e-16 0.0763968 -0.0360844
3.5 0.0099025 -9.29642e-17 0.990086 5.30152e-17 0.0833937 -0.038348
3.6 0.0116886 1.9997e-17 0.9883 -6.25597e-17 0.090748 -0.040552
3.7 0.0137164 2.58464e-16 0.986272 -2.11939e-16 0.0984324 -0.0426758
3.8 0.0160021 1.58535e-16 0.983986 2.65952e-16 0.106414 -0.0447011
3.9 0.0185606 8.68246e-17 0.981428 2.97977e-16 0.114656 -0.0466109
4 0.0214047 2.48998e-16 0.978584 3.91206e-16 0.123119 -0.0483896
4.1 0.0245456 2.86778e-16 0.975443 5.79608e-16 0.13176 -0.0500222
4.2 0.0279927 3.58242e-16 0.971996 7.58551e-16 0.140532 -0.051495
4.3 0.0317499 3.95285e-16 0.968239 3.90064e-16 0.149388 -0.0527932
4.4 0.03582 1.07405e-15 0.964169 -2.94022e-16 0.158276 -0.0539038
4.5 0.0401976 2.09842e-15 0.959791 -9.38364e-17 0.167143 -0.0548148
4.6 0.0448766 2.32823e-15 0.955112 -2.45981e-17 0.175932 -0.055515
4.7 0.0498432 -6.79855e-16 0.950145 2.39629e-15 0.184587 -0.0559953
4.8 0.0550816 -6.91374e-15 0.944906 7.76153e-15 0.193053 -0.0562486
4.9 0.0605697 -5.62819e-15 0.939418 6.21513e-15 0.201274 -0.0562684
5 0.0662828 -2.81295e-15 0.933705 2.14637e-15 0.209193 -0.0560476
5.1 0.0721856 -1.58976e-15 0.927802 -4.24227e-16 0.216752 -0.0555895
5.2 0.0782403 -4.64035e-15 0.921747 1.4771e-15 0.223898 -0.0548988
5.3 0.0844068 -2.78872e-15 0.91558 -1.69031e-15 0.230583 -0.0539881
5.4 0.0906418 -2.20505e-15 0.909344 1.70362e-15 0.236766 -0.0528692
5.5 0.0969027 -7.52935e-15 0.903082 3.08018e-15 0.242403 -0.0515774
5.6 0.103142 -2.84479e-15 0.896842 -3.90373e-15 0.247462 -0.0501242
5.7 0.109319 -9.10247e-15 0.890664 -1.74457e-15 0.251938 -0.0485508
5.8 0.115395 -1.18228e-14 0.884587 2.56135e-15 0.255813 -0.0468841
5.9 0.121336 -1.38816e-14 0.878645 3.5496e-15 0.259085 -0.0451604
6 0.127112 -1.76846e-14 0.87287 1.61326e-15 0.261761 -0.0434132
6.1 0.132693 -1.79104e-14 0.867287 -8.87614e-16 0.263851 -0.0416758
6.2 0.138063 -1.41869e-14 0.861918 4.58983e-16 0.265388 -0.0399727
6.3 0.143203 -1.13028e-14 0.856776 5.36338e-16 0.266417 -0.0383218
6.4 0.148112 -1.10699e-14 0.851867 1.41422e-15 0.266959 -0.0367366
6.5 0.15278 -5.26975e-15 0.847199 -1.47287e-15 0.267047 -0.0352266
6.6 0.157194 -8.66812e-15 0.842785 -1.47687e-17 0.266719 -0.0337905
6.7 0.161352 5.81756e-15 0.838626 8.921e-16 0.26601 -0.0324195
6.8 0.165258 -4.06588e-15 0.834719 9.3378e-15 0.264949 -0.0310991
6.9 0.168906 -1.74251e-14 0.831071 1.93905e-14 0.263566 -0.0297958
7 0.172284 -9.71751e-16 0.827693 4.3679e-15 0.261872 -0.0285033
7.1 0.175386 -3.68185e-15 0.82459 5.57567e-15 0.259884 -0.0272007
7.2 0.178201 -5.1256e-15 0.821773 6.78912e-16 0.257607 -0.0258682
7.3 0.180709 -1.21433e-14 0.819265 1.11382e-14 0.255044 -0.0244921
7.4 0.182914 -1.67372e-14 0.817059 1.59939e-14 0.252193 -0.0230711
7.5 0.184803 -1.84387e-14 0.81517 1.74802e-14 0.249045 -0.0215993
7.6 0.186365 -2.30701e-14 0.813607 1.90717e-14 0.245597 -0.0200824
7.7 0.1876 -2.89891e-14 0.812371 2.6509e-14 0.241844 -0.018528
7.8 0.188508 -2.85952e-14 0.811463 3.36136e-14 0.237787 -0.0169538
7.9 0.189092 -2.14527e-14 0.810877 2.52118e-14 0.233432 -0.015378
8 0.189367 -2.62957e-14 0.810602 3.07683e-14 0.228783 -0.0138216
8.1 0.189346 -2.44656e-14 0.810623 2.81274e-14 0.223851 -0.0123022
8.2 0.189049 -2.23712e-14 0.810919 2.55331e-14 0.218655 -0.010836
8.3 0.188496 -1.74532e-14 0.811472 1.35347e-14 0.21321 -0.0094371
8.4 0.187712 -3.23978e-15 0.812256 1.02107e-14 0.207541 -0.00811266
8.5 0.186722 -5.14854e-15 0.813245 1.09138e-14 0.201673 -0.00686689
8.6 0.185548 -7.31839e-15 0.814418 1.06601e-14 0.195633 -0.00569985
8.7 0.184216 -1.93823e-15 0.81575 1.89815e-15 0.189445 -0.00460359
8.8 0.182746 -4.38828e-15 0.81722 3.29273e-15 0.183134 -0.00357282
8.9 0.181155 -1.14535e-14 0.81881 8.25873e-15 0.176721 -0.00259869
9 0.179462 -1.02822e-14 0.820503 1.88385e-14 0.170226 -0.00167068
9.1 0.177682 7.6959e-15 0.822282 -1.74714e-15 0.163667 -0.000779525
9.2 0.17583 -4.8567e-14 0.824134 5.27027e-14 0.157062 8.02458e-05
9.3 0.173918 -7.61169e-14 0.826045 7.99215e-14 0.150422 0.000915387
9.4 0.171958 -1.92465e-14 0.828005 3.43555e-14 0.143763 0.00173039
9.5 0.169962 4.29304e-15 0.830001 -1.09272e-15 0.137096 0.00252408
9.6 0.167938 1.59574e-13 0.832024 -1.77453e-13 0.130435 0.00329526
9.7 0.165897 6.49718e-14 0.834065 -5.33152e-14 0.12379 0.00403522
9.8 0.163847 3.14871e-15 0.836116 -1.49939e-17 0.117177 0.00473693
9.9 0.161795 -1.44826e-13 0.838168 1.40245e-13 0.110611 0.00538882
10 0.159751 -2.71481e-13 0.840211 2.65883e-13 0.10411 0.00597821
10.1 0.157722 -3.67948e-13 0.84224 3.88555e-13 0.0976915 0.00649217
10.2 0.155716 -4.98628e-13 0.844246 5.54087e-13 0.0913804 0.00691697
10.3 0.153738 -5.68406e-13 0.846224 5.66208e-13 0.085198 0.00724264
10.4 0.1518 -4.75815e-13 0.848163 5.0972e-13 0.0791721 0.00746129
10.5 0.149903 -6.25097e-13 0.85006 6.79288e-13 0.073327 0.0075668
10.6 0.148054 -6.76846e-13 0.85191 7.58266e-13 0.067687 0.0075579
10.7 0.146255 -6.05833e-13 0.853709 6.92525e-13 0.0622679 0.00743421
10.8 0.144506 -5.66972e-13 0.855458 6.37318e-13 0.0571079 0.00719273
10.9 0.14281 -5.08564e-13 0.857154 5.68252e-13 0.0522238 0.0068472
11 0.141164 -1.40308e-13 0.858799 2.03867e-13 0.0476321 0.00641265
11.1 0.139568 -3.32957e-13 0.860396 3.72233e-13 0.0433468 0.00590283
11.2 0.138019 -3.78326e-13 0.861945 4.20975e-13 0.0393773 0.00534102
11.3 0.136514 -4.17969e-13 0.86345 4.70758e-13 0.0357274 0.00474501
11.4 0.13505 -4.54649e-13 0.864914 5.11249e-13 0.0323952 0.00413744
11.5 0.133624 -4.68755e-13 0.86634 5.18341e-13 0.0293759 0.00353948
11.6 0.13223 -4.66217e-13 0.867734 5.14949e-13 0.0266512 0.00297245
11.7 0.130865 -4.62463e-13 0.869099 5.13281e-13 0.0242086 0.00245323
11.8 0.129526 -4.65771e-13 0.870438 5.13086e-13 0.0220243 0.00199923
11.9 0.128208 -4.56124e-13 0.871755 5.04486e-13 0.0200717 0.00162414
12 0.126911 -4.49409e-13 0.873052 4.98641e-13 0.0183254 0.00133452
12.1 0.125632 -4.40532e-13 0.874332 4.90498e-13 0.0167564 0.00113394
12.2 0.124368 -4.18644e-13 0.875595 4.70793e-13 0.0153356 0.00102125
12.3 0.12312 -4.09237e-13 0.876844 4.4017e-13 0.0140355 0.00099057
12.4 0.121885 -4.05815e-13 0.878079 4.38474e-13 0.0128307 0.00103203
12.5 0.120663 -4.01228e-13 0.879301 4.34085e-13 0.0116992 0.00113226
12.6 0.119454 -3.89492e-13 0.880509 4.27708e-13 0.0106203 0.00127557
12.7 0.118258 -3.81183e-13 0.881705 4.19718e-13 0.00958088 0.00144338
12.8 0.117075 -3.73738e-13 0.882889 4.12177e-13 0.00857187 0.00161687
12.9 0.115904 -3.67869e-13 0.88406 4.05595e-13 0.0075885 0.00177794
13 0.114745 -3.62807e-13 0.885219 4.01048e-13 0.00662892 0.00190956
13.1 0.113597 -3.56424e-13 0.886367 3.95458e-13 0.00569776 0.00199953
13.2 0.112461 -3.52023e-13 0.887502 3.91296e-13 0.00480188 0.00203564
13.3 0.111338 -3.48042e-13 0.888626 3.88047e-13 0.00395082 0.00201012
13.4 0.110225 -3.44056e-13 0.889738 3.85457e-13 0.00315593 0.00191908
13.5 0.109125 -3.42914e-13 0.890839 3.83958e-13 0.00242625 0.00176244
13.6 0.108036 -3.41447e-13 0.891928 3.81801e-13 0.00177802 0.00154558
13.7 0.106959 -3.3989e-13 0.893005 3.79295e-13 0.00121868 0.00127705
13.8 0.105893 -3.37685e-13 0.894071 3.76562e-13 0.000756466 0.00096824
13.9 0.104838 -3.34889e-13 0.895126 3.74189e-13 0.000395752 0.000633752
14 0.103794 -3.32775e-13 0.89617 3.71881e-13 0.000138515 0.000289589
14.1 0.10276 -3.29984e-13 0.897204 3.69409e-13 -1.80699e-05 -4.77595e-05
14.2 0.101737 -3.27319e-13 0.898226 3.66477e-13 -8.03308e-05 -0.000361544
14.3 0.100725 -3.25341e-13 0.899239 3.64701e-13 -5.7431e-05 -0.00063698
14.4 0.099722 -3.21477e-13 0.900242 3.60973e-13 3.84439e-05 -0.000861445
14.5 0.0987293 -3.18185e-13 0.901234 3.57777e-13 0.00019067 -0.00102149
14.6 0.0977467 -3.14821e-13 0.902217 3.54401e-13 0.000382 -0.00111201
14.7 0.0967736 -3.1159e-13 0.90319 3.51021e-13 0.00059445 -0.00112989
14.8 0.0958108 -3.08345e-13 0.904152 3.47765e-13 0.000809202 -0.0010756
14.9 0.0948575 -3.0506e-13 0.905106 3.44527e-13 0.00100848 -0.000953949
15 0.0939138 -3.01901e-13 0.906049 3.41331e-13 0.00117652 -0.000773562
15.1 0.0929793 -2.98732e-13 0.906984 3.38194e-13 0.00129977 -0.000545802
15.2 0.0920542 -2.95656e-13 0.907909 3.35119e-13 0.00136822 -0.000284881
15.3 0.0911383 -2.92294e-13 0.908825 3.32214e-13 0.00137536 -6.35903e-06
15.4 0.0902315 -2.90149e-13 0.909732 3.29089e-13 0.00131882 0.000273147
15.5 0.0893337 -2.87164e-13 0.910629 3.26185e-13 0.00120008 0.00053705
15.6 0.0884448 -2.84254e-13 0.911518 3.23351e-13 0.00102476 0.000770988
15.7 0.0875648 -2.81725e-13 0.912398 3.20529e-13 0.000801385 0.000961148
15.8 0.0866936 -2.78951e-13 0.913269 3.17761e-13 0.000541647 0.00109682
15.9 0.0858311 -2.76387e-13 0.914132 3.15066e-13 0.000259404 0.0011705
16 0.0849771 -2.74317e-13 0.914986 3.12358e-13 -3.01448e-05 0.00117831
16.1 0.0841317 -2.71893e-13 0.915831 3.09765e-13 -0.000311356 0.00112017
16.2 0.0832947 -2.68733e-13 0.916668 3.07385e-13 -0.000569057 0.000999756
16.3 0.0824658 -2.66042e-13 0.917496 3.05031e-13 -0.000789421 0.000824288
16.4 0.0816452 -2.63531e-13 0.918317 3.02854e-13 -0.000960756 0.000604054
16.5 0.0808327 -2.60516e-13 0.919129 3.00403e-13 -0.00107417 0.000351819
16.6 0.0800282 -2.5916e-13 0.919934 2.97474e-13 -0.00112404 8.20708e-05
16.7 0.0792319 -2.54306e-13 0.92073 2.95156e-13 -0.00110837 -0.000189814
16.8 0.0784435 -2.53493e-13 0.921519 2.92435e-13 -0.00102882 -0.000448452
16.9 0.077663 -2.50769e-13 0.922299 2.89868e-13 -0.000890632 -0.00067933
17 0.0768902 -2.47739e-13 0.923072 2.87491e-13 -0.000702283 -0.00086962
17.1 0.0761251 -2.46481e-13 0.923837 2.84838e-13 -0.000475009 -0.00100889
17.2 0.0753677 -2.43251e-13 0.924595 2.8246e-13 -0.000222131 -0.00108969
17.3 0.0746178 -2.41805e-13 0.925345 2.79979e-13 4.17034e-05 -0.00110794
17.4 0.0738753 -2.38778e-13 0.926087 2.77684e-13 0.000301503 -0.00106333
17.5 0.0731402 -2.35295e-13 0.926822 2.75373e-13 0.000542285 -0.000958517
17.6 0.0724125 -2.34796e-13 0.92755 2.72843e-13 0.000750584 -0.00080014
17.7 0.071692 -2.32223e-13 0.92827 2.7052e-13 0.000914805 -0.000597633
17.8 0.0709786 -2.29521e-13 0.928984 2.68314e-13 0.00102596 -0.000362848
17.9 0.0702724 -2.26515e-13 0.92969 2.66143e-13 0.00107815 -0.000109374
18 0.0695731 -2.25452e-13 0.930389 2.6371e-13 0.00106887 0.000148258
18.1 0.0688809 -2.22335e-13 0.931081 2.6162e-13 0.000999133 0.000395396
18.2 0.0681955 -2.20135e-13 0.931767 2.59339e-13 0.000873361 0.000618194
18.3 0.0675169 -2.17992e-13 0.932445 2.57152e-13 0.000699124 0.000804108
18.4 0.0668451 -2.15242e-13 0.933117 2.55052e-13 0.000486692 0.000942899
18.5 0.06618 -2.13629e-13 0.933782 2.52805e-13 0.000248419 0.00102708
18.6 0.0655215 -2.11538e-13 0.934441 2.50682e-13 -1.97548e-06 0.00105233
18.7 0.0648696 -2.10317e-13 0.935093 2.48392e-13 -0.000250197 0.0010177
18.8 0.0642241 -2.07441e-13 0.935738 2.46505e-13 -0.00048219 0.000925631
18.9 0.0635851 -2.06404e-13 0.936377 2.44203e-13 -0.000684933 0.000781826
19 0.0629524 -2.03218e-13 0.93701 2.42416e-13 -0.00084717 0.000594859
19.1 0.062326 -2.01644e-13 0.937636 2.40396e-13 -0.000960032 0.000375686
19.2 0.0617058 -1.98773e-13 0.938256 2.38565e-13 -0.00101752 0.000137
19.3 0.0610919 -1.97388e-13 0.93887 2.3643e-13 -0.00101684 -0.000107504
19.4 0.060484 -1.95895e-13 0.939478 2.3437e-13 -0.000958491 -0.000343913
19.5 0.0598822 -1.94731e-13 0.94008 2.3229e-13 -0.000846263 -0.000558887
19.6 0.0592863 -1.91928e-13 0.940676 2.30527e-13 -0.000686911 -0.000740488
19.7 0.0586964 -1.89633e-13 0.941266 2.28625e-13 -0.000489932 -0.000878523
19.8 0.0581124 -1.88642e-13 0.94185 2.26516e-13 -0.000266778 -0.000965609
19.9 0.0575341 -1.86463e-13 0.942428 2.24662e-13 -3.03182e-05 -0.000997223
20 0.0569617 -1.8454e-13 0.943001 2.22728e-13 0.000205929 -0.000972025
