0 0 0 1 0 0 0
0.1 1.71713e-07 2.37825e-24 1 -2.68834e-24 4.82683e-05 -0.000411299
0.2 7.90908e-07 1.17131e-23 0.999999 2.36648e-26 0.000195348 -0.000866387
0.3 2.03638e-06 2.64025e-20 0.999998 3.80475e-22 0.000448968 -0.00135114
0.4 4.117e-06 4.3004e-19 0.999996 2.53334e-20 0.000813457 -0.00185137
0.5 7.27078e-06 3.19979e-19 0.999993 2.88588e-19 0.00128985 -0.00235373
0.6 1.17635e-05 -4.58821e-20 0.999988 2.63644e-19 0.00187617 -0.00284658
0.7 1.78877e-05 -5.20658e-19 0.999982 7.23674e-19 0.00256797 -0.00332073
0.8 2.59625e-05 -1.58225e-18 0.999974 8.05368e-19 0.00335895 -0.00377014
0.9 3.63367e-05 -1.79047e-18 0.999963 4.54582e-19 0.00424175 -0.00419231
1 4.93957e-05 -1.47362e-18 0.99995 5.01405e-18 0.00520882 -0.00458862
1.1 6.55741e-05 -5.30806e-18 0.999934 1.01664e-17 0.00625333 -0.00496435
1.2 8.53779e-05 -2.08676e-18 0.999913 1.16861e-17 0.00737003 -0.00532858
1.3 0.000109415 -1.49272e-18 0.999889 9.26341e-18 0.00855609 -0.00569383
1.4 0.00013844 -1.99231e-17 0.999859 1.55249e-17 0.00981183 -0.00607555
1.5 0.000173411 -3.17067e-17 0.999824 2.3033e-17 0.0111413 -0.00649141
1.6 0.000215562 -2.40257e-17 0.999782 2.17399e-17 0.0125526 -0.00696055
1.7 0.00026649 -2.0439e-17 0.999731 3.4893e-17 0.0140584 -0.00750238
1.8 0.000328253 -3.70217e-17 0.999669 4.05769e-17 0.0156754 -0.00813612
1.9 0.000403484 -1.2546e-17 0.999593 2.46858e-17 0.0174244 -0.00887978
2 0.000496269 -9.48707e-18 0.9995 1.87275e-17 0.0193296 -0.00974929
2.1 0.00061057 6.25348e-18 0.999386 5.93976e-18 0.0214187 -0.0107579
2.2 0.000752029 -1.05142e-17 0.999244 1.80198e-17 0.0237213 -0.011915
2.3 0.000926593 3.49839e-18 0.99907 3.559e-17 0.0262686 -0.0132266
2.4 0.00114254 -1.99549e-19 0.998854 9.85806e-17 0.0290921 -0.0146939
2.5 0.00140822 -1.01748e-16 0.998588 8.0064e-17 0.0322226 -0.016314
2.6 0.00173402 -1.5004e-16 0.998262 4.4416e-17 0.0356895 -0.0180798
2.7 0.00213184 -2.20901e-16 0.997863 7.46987e-17 0.0395207 -0.0199809
2.8 0.00261452 -3.0126e-16 0.997378 1.05548e-16 0.0437374 -0.0220017
2.9 0.00319662 -3.62885e-16 0.996794 4.49137e-17 0.0483598 -0.0241239
3 0.00389344 -1.10575e-16 0.996096 1.63807e-16 0.0534022 -0.0263272
3.1 0.00472107 -1.02821e-16 0.995268 2.27096e-16 0.0588759 -0.0285892
3.2 0.00569741 1.13657e-17 0.994291 1.9754e-16 0.0647797 -0.0308817
3.3 0.00684021 1.62939e-16 0.993148 4.11338e-16 0.0711093 -0.0331808
3.4 0.00816748 3.34494e-16 0.99182 3.69241e-16 0.0778563 -0.0354622
3.5 0.00969733 2.49038e-16 0.99029 3.54216e-17 0.0850054 -0.0377005
3.6 0.0114472 1.38552e-17 0.98854 8.45631e-17 0.0925345 -0.0398715
3.7 0.0134332 2.44915e-16 0.986554 -5.09052e-17 0.100415 -0.0419513
3.8 0.0156708 -3.07074e-17 0.984317 -2.95601e-16 0.108615 -0.0439175
3.9 0.0181732 2.02762e-16 0.981815 -4.91633e-17 0.117095 -0.0457497
4 0.0209509 4.75731e-16 0.979037 -3.39137e-16 0.125815 -0.0474288
4.1 0.0240123 1.10111e-15 0.975976 -3.71192e-16 0.134727 -0.0489373
4.2 0.0273645 2.36868e-15 0.972623 -1.20403e-15 0.143781 -0.0502592
4.3 0.0310088 1.99097e-15 0.968979 -1.08281e-15 0.152924 -0.0513811
4.4 0.0349424 4.1683e-15 0.965046 -3.20022e-15 0.1621 -0.0522914
4.5 0.0391579 6.6443e-15 0.96083 -6.2197e-15 0.17125 -0.0529802
4.6 0.0436455 4.54779e-15 0.956342 -4.62748e-15 0.180315 -0.0534409
4.7 0.04839 9.55835e-15 0.951598 -9.57973e-15 0.189237 -0.0536707
4.8 0.0533706 2.88987e-14 0.946617 -2.98101e-14 0.197954 -0.0536677
4.9 0.0585617 2.72861e-14 0.941426 -2.79669e-14 0.206412 -0.0534356
5 0.0639368 1.89166e-14 0.93605 -1.8519e-14 0.214553 -0.0529824
5.1 0.069461 2.54525e-14 0.930526 -2.49264e-14 0.222324 -0.0523157
5.2 0.0750979 2.84039e-14 0.924889 -2.77315e-14 0.229685 -0.0514494
5.3 0.0808119 1.76663e-14 0.919174 -1.70722e-14 0.236581 -0.0503994
5.4 0.0865654 1.27237e-14 0.91342 -9.84095e-15 0.242983 -0.0491908
5.5 0.0923175 -6.50643e-14 0.907668 5.81508e-14 0.248869 -0.047842
5.6 0.0980329 -3.13488e-14 0.901951 2.97225e-14 0.254214 -0.0463837
5.7 0.103675 -2.862e-14 0.896308 2.6174e-14 0.259003 -0.0448447
5.8 0.109212 -4.99797e-14 0.890771 4.21584e-14 0.263233 -0.043255
5.9 0.114614 -5.19006e-14 0.885368 4.26751e-14 0.266908 -0.0416439
6 0.119858 -6.39723e-14 0.880124 5.42005e-14 0.270046 -0.0400283
6.1 0.124921 -7.88937e-14 0.875061 8.00692e-14 0.272651 -0.0384339
6.2 0.129791 -1.00379e-13 0.87019 9.21488e-14 0.274757 -0.0368744
6.3 0.13445 -1.02656e-13 0.86553 9.59103e-14 0.276398 -0.0353528
6.4 0.138884 -1.189e-13 0.861095 1.13798e-13 0.2776 -0.0338706
6.5 0.143085 -1.08533e-13 0.856894 9.94207e-14 0.278391 -0.0324249
6.6 0.147043 -1.00947e-13 0.852935 1.0007e-13 0.278795 -0.0310013
6.7 0.150747 -9.76501e-14 0.84923 1.01072e-13 0.278831 -0.0295881
6.8 0.154183 -8.47817e-14 0.845794 8.64905e-14 0.278518 -0.0281649
6.9 0.157334 -8.25152e-14 0.842641 8.36426e-14 0.277864 -0.0267198
7 0.16019 -7.09703e-14 0.839784 8.03415e-14 0.276879 -0.0252368
7.1 0.162727 -6.90853e-14 0.837245 6.95472e-14 0.275574 -0.0237083
7.2 0.164947 -5.37838e-14 0.835023 6.4594e-14 0.273933 -0.0221246
7.3 0.166828 -3.9744e-14 0.83314 5.11856e-14 0.271951 -0.0204797
7.4 0.168365 -3.51803e-14 0.831603 4.55183e-14 0.269619 -0.0187782
7.5 0.169549 -2.73766e-14 0.830418 3.60957e-14 0.266935 -0.0170348
7.6 0.170375 -1.86331e-14 0.82959 3.19759e-14 0.263892 -0.0152668
7.7 0.170851 -3.00115e-14 0.829115 3.38483e-14 0.260485 -0.0134929
7.8 0.17098 -2.23287e-14 0.828985 2.21852e-14 0.25672 -0.0117316
7.9 0.170783 -2.20365e-14 0.829181 2.23848e-14 0.252597 -0.0100033
8 0.170277 -3.48137e-14 0.829687 3.34846e-14 0.248129 -0.00832797
8.1 0.169488 -4.51387e-14 0.830475 4.76722e-14 0.243327 -0.00672242
8.2 0.168441 -5.3879e-14 0.831522 6.08531e-14 0.238208 -0.00519726
8.3 0.167164 -6.81303e-14 0.832798 7.05308e-14 0.232789 -0.00376744
8.4 0.165686 -7.70294e-14 0.834275 7.90965e-14 0.227092 -0.00242948
8.5 0.164035 -8.77417e-14 0.835925 8.9537e-14 0.221139 -0.00118501
8.6 0.162236 -7.87708e-14 0.837724 8.91009e-14 0.21495 -3.38815e-05
8.7 0.160316 -8.17959e-14 0.839644 8.9891e-14 0.20855 0.00103495
8.8 0.158298 -8.46902e-14 0.841662 9.09985e-14 0.201957 0.00202855
8.9 0.156201 -9.1092e-14 0.843758 9.1459e-14 0.195192 0.00295506
9 0.154045 -8.46336e-14 0.845913 9.22913e-14 0.188274 0.0038229
9.1 0.151845 -8.26525e-14 0.848113 9.33146e-14 0.181221 0.00463922
9.2 0.149616 -8.05597e-14 0.850341 9.26113e-14 0.174052 0.00541189
9.3 0.147371 -8.30544e-14 0.852586 8.78548e-14 0.166785 0.00614154
9.4 0.145122 -8.10345e-14 0.854835 8.81147e-14 0.159436 0.00682903
9.5 0.142879 -7.60787e-14 0.857077 8.5877e-14 0.152023 0.00747091
9.6 0.140654 -6.8433e-14 0.859302 8.496e-14 0.144571 0.00806079
9.7 0.138454 -6.11632e-14 0.861501 7.81844e-14 0.137099 0.00858986
9.8 0.13629 -5.81516e-14 0.863665 7.46737e-14 0.129632 0.00904829
9.9 0.134169 -5.36986e-14 0.865786 6.79524e-14 0.122197 0.00942505
10 0.132098 -4.66777e-14 0.867856 6.10681e-14 0.114823 0.00970863
10.1 0.130088 -3.91117e-14 0.869867 5.55021e-14 0.107542 0.00988917
10.2 0.128141 -3.00502e-14 0.871813 5.16773e-14 0.100387 0.00995715
10.3 0.12626 -2.37078e-14 0.873695 4.84492e-14 0.0933935 0.00990408
10.4 0.124448 -2.66037e-14 0.875506 4.60068e-14 0.086594 0.009728
10.5 0.12271 -2.91856e-14 0.877245 4.37719e-14 0.0800248 0.00942373
10.6 0.121044 -2.95265e-14 0.878911 4.50456e-14 0.0737194 0.00899715
10.7 0.11945 -3.21182e-14 0.880505 5.00237e-14 0.0677071 0.00845444
10.8 0.117926 -3.61804e-14 0.882028 4.87454e-14 0.0620155 0.00781315
10.9 0.116471 -3.85861e-14 0.883484 4.93361e-14 0.0566674 0.00708759
11 0.115078 -3.9405e-14 0.884876 5.07012e-14 0.0516786 0.00629685
11.1 0.113742 -3.98498e-14 0.886212 5.09495e-14 0.0470586 0.00546473
11.2 0.112459 -4.06271e-14 0.887495 5.24656e-14 0.0428133 0.00461319
11.3 0.111223 -4.10111e-14 0.88873 5.48543e-14 0.0389437 0.00376918
11.4 0.11003 -4.26786e-14 0.889923 5.59833e-14 0.0354392 0.00295856
11.5 0.108873 -4.38102e-14 0.89108 5.67961e-14 0.0322868 0.00220385
11.6 0.107747 -4.39006e-14 0.892206 5.62561e-14 0.0294663 0.00153082
11.7 0.106647 -4.40599e-14 0.893306 5.63464e-14 0.0269512 0.00095624
11.8 0.105568 -4.4049e-14 0.894384 5.66127e-14 0.0247112 0.000494493
11.9 0.104508 -4.35823e-14 0.895445 5.64546e-14 0.0227125 0.000154694
12 0.103461 -4.29293e-14 0.896491 5.57683e-14 0.0209196 -6.02826e-05
12.1 0.102428 -4.21594e-14 0.897525 5.51485e-14 0.0192979 -0.0001525
12.2 0.101405 -4.11737e-14 0.898547 5.50698e-14 0.0178131 -0.000129553
12.3 0.100393 -4.06575e-14 0.899559 5.44929e-14 0.0164337 -3.82705e-06
12.4 0.0993908 -3.97126e-14 0.900562 5.36859e-14 0.0151309 0.000208016
12.5 0.0983973 -3.93417e-14 0.901555 5.29642e-14 0.0138803 0.000485097
12.6 0.0974131 -3.79116e-14 0.902539 5.26729e-14 0.0126629 0.000804676
12.7 0.0964378 -3.71496e-14 0.903514 5.167e-14 0.0114652 0.00114234
12.8 0.0954716 -3.69119e-14 0.904481 5.04829e-14 0.0102787 0.00147323
12.9 0.0945143 -3.66825e-14 0.905438 4.99283e-14 0.00910178 0.00177345
13 0.0935671 -3.5931e-14 0.906385 4.88781e-14 0.00793823 0.00202067
13.1 0.0926294 -3.50827e-14 0.907323 4.80401e-14 0.00679668 0.00220026
13.2 0.0917022 -3.47431e-14 0.90825 4.79657e-14 0.00569033 0.0022956
13.3 0.0907849 -3.44036e-14 0.909168 4.77395e-14 0.00463274 0.00230017
13.4 0.0898772 -3.41009e-14 0.910075 4.72063e-14 0.00364063 0.00221054
13.5 0.0889788 -3.37962e-14 0.910974 4.71772e-14 0.00273159 0.00202824
13.6 0.0880903 -3.36445e-14 0.911862 4.69289e-14 0.00192143 0.00175973
13.7 0.0872111 -3.37975e-14 0.912742 4.65779e-14 0.00122368 0.00141826
13.8 0.0863415 -3.26164e-14 0.913611 4.62811e-14 0.000649943 0.00101943
13.9 0.0854809 -3.1559e-14 0.914472 4.60819e-14 0.000206905 0.000582427
14 0.0846291 -3.154e-14 0.915323 4.5688e-14 -0.000102238 0.000129636
14.1 0.0837869 -3.10097e-14 0.916165 4.56891e-14 -0.000280072 -0.000317125
14.2 0.0829526 -3.14093e-14 0.917 4.54609e-14 -0.000334574 -0.000736086
14.3 0.0821266 -3.11008e-14 0.917826 4.52433e-14 -0.000275189 -0.00110575
14.4 0.0813096 -3.15355e-14 0.918643 4.45686e-14 -0.00011972 -0.00140896
14.5 0.0805006 -3.13325e-14 0.919452 4.42607e-14 0.000113462 -0.00163077
14.6 0.0796996 -3.10936e-14 0.920253 4.39296e-14 0.000401677 -0.00175966
14.7 0.0789068 -3.06341e-14 0.921045 4.36116e-14 0.000721026 -0.00178998
14.8 0.0781216 -3.03728e-14 0.92183 4.32678e-14 0.00104715 -0.00172175
14.9 0.0773441 -3.0063e-14 0.922608 4.29519e-14 0.00135552 -0.0015596
15 0.0765747 -2.98464e-14 0.923377 4.26499e-14 0.00162526 -0.00131286
15.1 0.0758129 -2.95838e-14 0.924139 4.235e-14 0.00183654 -0.000996258
15.2 0.0750587 -2.92768e-14 0.924893 4.20585e-14 0.00197479 -0.000626969
15.3 0.0743119 -2.89802e-14 0.92564 4.17567e-14 0.00202947 -0.000225129
15.4 0.0735725 -2.87122e-14 0.926379 4.14563e-14 0.00199502 0.000187535
15.5 0.0728404 -2.84319e-14 0.927111 4.11625e-14 0.00187107 0.000588916
15.6 0.0721158 -2.81335e-14 0.927836 4.08772e-14 0.00166236 0.000957666
15.7 0.0713982 -2.7821e-14 0.928553 4.05928e-14 0.00137838 0.00127441
15.8 0.0706883 -2.73944e-14 0.929263 4.03168e-14 0.00103284 0.0015224
15.9 0.0699849 -2.74014e-14 0.929966 4.0009e-14 0.000642975 0.0016888
16 0.0692887 -2.67549e-14 0.930662 3.97717e-14 0.000228409 0.00176518
16.1 0.0685992 -2.69569e-14 0.931352 3.94557e-14 -0.000189688 0.001748
16.2 0.0679165 -2.57809e-14 0.932034 3.93189e-14 -0.000590257 0.00163896
16.3 0.0672406 -2.57467e-14 0.93271 3.90373e-14 -0.000953019 0.0014441
16.4 0.0665712 -2.55811e-14 0.933379 3.87781e-14 -0.00125967 0.0011742
16.5 0.0659086 -2.52275e-14 0.934042 3.85758e-14 -0.0014949 0.000843958
16.6 0.0652526 -2.55739e-14 0.934698 3.83845e-14 -0.00164714 0.00047117
16.7 0.0646031 -2.34051e-14 0.935347 3.82155e-14 -0.00170926 7.57924e-05
16.8 0.0639603 -2.37074e-14 0.93599 3.79881e-14 -0.00167883 -0.000321138
16.9 0.0633239 -2.329e-14 0.936626 3.77604e-14 -0.0015583 -0.000698623
17 0.0626938 -2.34265e-14 0.937256 3.75243e-14 -0.00135484 -0.00103682
17.1 0.06207 -2.33537e-14 0.93788 3.72188e-14 -0.0010799 -0.00131807
17.2 0.0614524 -2.2847e-14 0.938498 3.70082e-14 -0.000748622 -0.00152785
17.3 0.0608409 -2.29848e-14 0.939109 3.6722e-14 -0.000378953 -0.00165564
17.4 0.0602355 -2.31168e-14 0.939715 3.641e-14 9.18893e-06 -0.00169493
17.5 0.0596362 -2.3078e-14 0.940314 3.61483e-14 0.00039494 -0.00164418
17.6 0.0590428 -2.38578e-14 0.940907 3.57968e-14 0.000757885 -0.00150669
17.7 0.0584553 -2.34543e-14 0.941495 3.56031e-14 0.00107888 -0.00129025
17.8 0.0578737 -2.24155e-14 0.942077 3.54935e-14 0.00134114 -0.00100679
17.9 0.0572978 -2.21231e-14 0.942652 3.52781e-14 0.00153107 -0.000671717
18 0.0567277 -2.1704e-14 0.943223 3.50937e-14 0.00163902 -0.000303065
18.1 0.0561632 -2.17346e-14 0.943787 3.4794e-14 0.00165974 7.94525e-05
18.2 0.0556044 -2.10387e-14 0.944346 3.46738e-14 0.0015926 0.000455594
18.3 0.0550511 -2.12997e-14 0.944899 3.44182e-14 0.00144166 0.000805386
18.4 0.0545034 -2.09607e-14 0.945447 3.42353e-14 0.00121537 0.00111048
18.5 0.053961 -2.09223e-14 0.945989 3.39472e-14 0.000926164 0.00135499
18.6 0.0534241 -2.06485e-14 0.946526 3.37916e-14 0.000589697 0.00152634
18.7 0.0528925 -2.04264e-14 0.947058 3.35647e-14 0.00022405 0.0016159
18.8 0.0523663 -2.01245e-14 0.947584 3.33638e-14 -0.00015126 0.00161941
18.9 0.0518452 -1.96799e-14 0.948105 3.31879e-14 -0.000516319 0.00153721
19 0.0513293 -1.93497e-14 0.948621 3.3003e-14 -0.000851873 0.00137414
19.1 0.0508186 -1.9364e-14 0.949132 3.27889e-14 -0.00114034 0.00113932
19.2 0.0503129 -1.89701e-14 0.949637 3.26439e-14 -0.00136674 0.000845597
19.3 0.0498123 -1.87923e-14 0.950138 3.24172e-14 -0.00151947 0.000508868
19.4 0.0493167 -1.86256e-14 0.950634 3.22623e-14 -0.00159087 0.000147207
19.5 0.048826 -1.82492e-14 0.951124 3.2099e-14 -0.00157765 -0.000220098
19.6 0.0483401 -1.80717e-14 0.95161 3.18868e-14 -0.00148102 -0.000573578
19.7 0.0478592 -1.81331e-14 0.952091 3.16922e-14 -0.00130658 -0.000894607
19.8 0.0473829 -1.69093e-14 0.952567 3.16286e-14 -0.00106402 -0.00116639
19.9 0.0469115 -1.78388e-14 0.953039 3.12992e-14 -0.0007666 -0.00137483
20 0.0464447 -1.7153e-14 0.953506 3.12104e-14 -0.000430369 -0.00150929
