0 0 0 1 0 0 0
0.1 1.71713e-07 2.37825e-24 1 -2.68834e-24 4.82623e-05 -0.000411096
0.2 7.90714e-07 2.35459e-24 0.999999 2.36648e-26 0.000195205 -0.00086536
0.3 2.03507e-06 -1.33084e-20 0.999998 1.65149e-22 0.000448257 -0.00134827
0.4 4.11205e-06 2.3157e-20 0.999996 2.06911e-19 0.000811283 -0.00184531
0.5 7.25689e-06 -6.2797e-19 0.999993 7.16557e-20 0.0012847 -0.00234294
0.6 1.17311e-05 -3.24731e-19 0.999988 4.5485e-19 0.00186583 -0.00282949
0.7 1.7821e-05 7.28989e-19 0.999982 7.75107e-19 0.00254946 -0.00329597
0.8 2.5838e-05 1.4457e-18 0.999974 1.0605e-18 0.00332852 -0.00373672
0.9 3.61219e-05 2.77864e-18 0.999964 5.72668e-19 0.00419497 -0.00414988
1 4.90479e-05 -1.00683e-18 0.99995 3.33333e-18 0.00514072 -0.00453763
1.1 6.5042e-05 -3.16738e-18 0.999934 3.64608e-18 0.00615857 -0.00490623
1.2 8.46037e-05 -1.45336e-18 0.999914 4.66867e-18 0.00724314 -0.0052658
1.3 0.00010834 -1.09664e-18 0.99989 1.03529e-17 0.00839175 -0.00562995
1.4 0.000137014 -2.896e-18 0.999861 1.2592e-17 0.0096051 -0.00601516
1.5 0.000171603 -1.96665e-18 0.999826 4.18541e-18 0.0108879 -0.00644
1.6 0.000213377 -8.77157e-18 0.999784 4.76135e-18 0.0122491 -0.0069243
1.7 0.000263993 -9.47904e-18 0.999733 7.67641e-18 0.0137024 -0.00748791
1.8 0.000326146 -1.24415e-17 0.999671 1.31134e-17 0.0152655 -0.00815009
1.9 0.000402243 -1.29383e-17 0.999594 2.12194e-17 0.0169604 -0.00892874
2 0.00049642 -2.5194e-17 0.9995 3.87196e-17 0.0188124 -0.00983922
2.1 0.000612886 -6.62364e-17 0.999384 1.33095e-17 0.0208499 -0.0108938
2.2 0.000756986 -1.58663e-16 0.999239 2.0903e-17 0.023103 -0.0121009
2.3 0.000935427 -2.35399e-16 0.999061 4.36041e-17 0.025603 -0.0134648
2.4 0.00115602 -2.56465e-16 0.99884 5.98804e-17 0.0283813 -0.0149855
2.5 0.00142799 -2.97023e-16 0.998568 -2.94513e-17 0.0314681 -0.0166585
2.6 0.00176177 -3.65276e-16 0.998234 -2.52988e-17 0.0348914 -0.0184753
2.7 0.00216928 -1.89048e-16 0.997826 4.35781e-17 0.0386765 -0.0204233
2.8 0.00266371 -1.36674e-16 0.997332 8.27411e-17 0.0428445 -0.0224866
2.9 0.00325967 -1.75157e-16 0.996736 1.46106e-16 0.0474121 -0.0246466
3 0.00397279 -3.28376e-16 0.996023 1.79817e-16 0.0523916 -0.0268828
3.1 0.00481989 -4.67793e-16 0.995175 2.41056e-16 0.0577903 -0.0291735
3.2 0.00581847 -3.3809e-16 0.994174 1.24671e-16 0.0636024 -0.0314922
3.3 0.00698667 -3.92487e-16 0.993005 9.57114e-17 0.0698248 -0.0338174
3.4 0.00834327 -5.07757e-16 0.991647 -3.01865e-17 0.0764456 -0.0361264
3.5 0.00990642 -4.17931e-16 0.990083 7.55319e-17 0.0834485 -0.0383971
3.6 0.0116941 -1.15404e-16 0.988294 4.86232e-16 0.0908099 -0.0406079
3.7 0.0137237 1.35181e-16 0.986264 1.89604e-16 0.0985009 -0.0427393
3.8 0.0160121 8.32507e-17 0.983975 5.41379e-16 0.106491 -0.0447728
3.9 0.0185736 1.89603e-17 0.981413 2.44597e-16 0.114745 -0.0466906
4 0.0214211 -2.7006e-16 0.978565 3.40825e-16 0.123221 -0.0484761
4.1 0.0245654 -1.18886e-15 0.975421 -1.73411e-17 0.131876 -0.0501148
4.2 0.0280168 -1.6725e-15 0.971969 -4.0287e-16 0.140663 -0.0515922
4.3 0.0317791 -4.3386e-16 0.968206 1.54674e-16 0.149534 -0.0528944
4.4 0.0358547 -8.68439e-16 0.964131 1.44511e-15 0.158437 -0.0540057
4.5 0.0402404 -7.7779e-16 0.959745 1.7972e-15 0.167316 -0.0549176
4.6 0.044926 7.01087e-16 0.955059 7.06062e-16 0.17612 -0.0556194
4.7 0.0499015 3.84405e-15 0.950084 -4.0022e-16 0.184788 -0.0560999
4.8 0.0551492 2.72543e-15 0.944836 1.03937e-15 0.193269 -0.0563507
4.9 0.0606473 3.89773e-15 0.939339 9.03511e-17 0.201498 -0.0563655
5 0.0663686 4.14248e-15 0.933618 4.99624e-16 0.209422 -0.0561431
5.1 0.0722807 5.03492e-15 0.927706 -7.92348e-16 0.216986 -0.0556861
5.2 0.0783446 7.49848e-15 0.921642 -3.03655e-15 0.224139 -0.0549971
5.3 0.0845206 1.00099e-14 0.915466 -1.84248e-15 0.230831 -0.0540877
5.4 0.0907648 1.11358e-14 0.909222 -1.84747e-15 0.237018 -0.052973
5.5 0.0970327 1.34906e-14 0.902953 -2.27138e-15 0.242649 -0.0516936
5.6 0.103283 1.56729e-14 0.896701 -6.2544e-15 0.247724 -0.0502532
5.7 0.10947 1.33936e-14 0.890516 -3.33864e-15 0.252208 -0.0486702
5.8 0.115557 1.02568e-14 0.884428 1.46595e-15 0.256094 -0.0470003
5.9 0.121505 5.83593e-15 0.87848 -8.34889e-16 0.259376 -0.0452762
6 0.127287 4.34568e-15 0.872698 3.89162e-15 0.262066 -0.0435323
6.1 0.132875 4.76747e-15 0.867109 -4.57528e-16 0.26418 -0.0417931
6.2 0.13825 4.02326e-15 0.861733 2.02689e-15 0.265744 -0.0400889
6.3 0.143398 1.97502e-15 0.856585 1.27478e-14 0.266784 -0.0384409
6.4 0.14831 6.60738e-15 0.851672 1.08136e-14 0.267346 -0.0368556
6.5 0.152972 8.69156e-15 0.847008 4.46269e-15 0.26747 -0.0353424
6.6 0.15739 7.88693e-15 0.84259 4.81491e-15 0.267181 -0.0338961
6.7 0.16155 1.05969e-14 0.838429 2.55236e-15 0.266505 -0.0325076
6.8 0.165452 9.54567e-15 0.834526 4.712e-15 0.265482 -0.0311633
6.9 0.169089 8.07009e-15 0.830887 -6.53712e-16 0.264136 -0.0298434
7 0.172457 9.9732e-15 0.827517 -3.75359e-15 0.262489 -0.0285301
7.1 0.17554 1.22014e-14 0.824433 -1.25662e-14 0.260543 -0.0271998
7.2 0.178336 1.95978e-14 0.821637 -8.22035e-15 0.258311 -0.0258376
7.3 0.180824 1.77103e-14 0.819147 1.91845e-16 0.25578 -0.0244299
7.4 0.183001 1.30611e-14 0.816968 4.90659e-15 0.252956 -0.0229657
7.5 0.18485 -1.74983e-15 0.815117 1.16078e-14 0.249843 -0.0214476
7.6 0.18637 -2.18814e-15 0.813596 1.11866e-14 0.246425 -0.0198878
7.7 0.187561 -2.94445e-15 0.812405 1.56798e-14 0.242695 -0.0182987
7.8 0.188416 -4.10315e-15 0.811552 6.04253e-15 0.238671 -0.0166983
7.9 0.188931 -1.74445e-15 0.811036 1.42095e-15 0.234344 -0.015083
8 0.189147 -4.81336e-15 0.810819 -2.3834e-15 0.229713 -0.0135072
8.1 0.189066 -6.5458e-15 0.8109 -7.58734e-15 0.224792 -0.0119723
8.2 0.188711 -2.51357e-15 0.811256 -1.05222e-14 0.219592 -0.0104848
8.3 0.188093 -3.17899e-15 0.811873 -1.82937e-14 0.214147 -0.00907121
8.4 0.187248 -9.84599e-15 0.812717 -2.11422e-14 0.20848 -0.00773612
8.5 0.186199 -1.3494e-14 0.813766 -2.88137e-14 0.202621 -0.00647672
8.6 0.184964 -2.94265e-15 0.815001 -3.95179e-14 0.196584 -0.00530189
8.7 0.183571 4.03726e-15 0.816394 -5.78666e-14 0.190408 -0.0041943
8.8 0.182045 5.46537e-14 0.81792 -1.03745e-13 0.184099 -0.00314974
8.9 0.180399 6.79917e-14 0.819566 -1.16477e-13 0.177685 -0.0021728
9 0.178655 7.28595e-14 0.821309 -1.20464e-13 0.171183 -0.00124459
9.1 0.176829 6.94285e-14 0.823136 -1.10179e-13 0.164624 -0.00035207
9.2 0.174931 6.96098e-14 0.825033 -1.10622e-13 0.158012 0.000511441
9.3 0.172978 5.58257e-14 0.826986 -1.06419e-13 0.151366 0.00135593
9.4 0.170986 4.12901e-14 0.828978 -1.0438e-13 0.144697 0.00216624
9.5 0.168949 3.54429e-14 0.831014 -1.04544e-13 0.13802 0.00295913
9.6 0.166886 2.11797e-14 0.833078 -8.38237e-14 0.131345 0.00372887
9.7 0.164805 4.986e-15 0.835159 -6.95587e-14 0.124687 0.00446615
9.8 0.16272 -8.55634e-15 0.837244 -5.739e-14 0.118058 0.00516228
9.9 0.160637 -1.78525e-14 0.839328 -2.5915e-14 0.111476 0.00580533
10 0.158565 -2.39852e-14 0.8414 -2.62571e-14 0.104955 0.00638559
10.1 0.156517 -3.93664e-14 0.843448 2.51924e-15 0.098518 0.0068861
10.2 0.154493 -5.02034e-14 0.845472 8.11307e-15 0.0921835 0.00729328
10.3 0.152504 -4.94683e-14 0.847461 -8.7008e-15 0.0859792 0.00759628
10.4 0.150554 -3.13591e-14 0.849412 -3.05171e-14 0.079931 0.00778702
10.5 0.148649 -3.48392e-14 0.851317 -3.18447e-14 0.0740648 0.00785755
10.6 0.146792 6.96609e-15 0.853174 -7.68476e-14 0.0684071 0.00780667
10.7 0.144989 -7.81669e-15 0.854978 -5.57755e-14 0.0629847 0.00763833
10.8 0.143241 3.33876e-14 0.856726 -9.99639e-14 0.0578212 0.00736034
10.9 0.141548 -7.26598e-14 0.858419 -1.90513e-15 0.0529323 0.0069847
11 0.139908 -8.39124e-14 0.860059 5.91018e-15 0.048336 0.00652007
11.1 0.138321 -9.9833e-15 0.861646 -8.58422e-14 0.0440449 0.00598579
11.2 0.136783 -1.53648e-14 0.863185 -1.22157e-13 0.0400727 0.00539605
11.3 0.135288 -5.71651e-14 0.86468 -9.30098e-14 0.0364194 0.00477743
11.4 0.133833 -8.73553e-15 0.866134 -1.46124e-13 0.0330829 0.00415274
11.5 0.132417 1.12268e-14 0.86755 -1.76375e-13 0.0300557 0.00354451
11.6 0.131034 -8.52975e-15 0.868933 -1.64592e-13 0.0273231 0.00297338
11.7 0.129673 -7.86257e-14 0.870293 -1.06057e-13 0.0248621 0.002455
11.8 0.128342 -1.15676e-13 0.871624 -9.29262e-14 0.0226613 0.00200675
11.9 0.127036 -2.73591e-14 0.872931 -1.31241e-13 0.0206856 0.001639
12 0.125749 4.89465e-14 0.874219 -2.48914e-13 0.0189147 0.00136193
12.1 0.12448 2.77489e-14 0.875488 -2.29203e-13 0.0173188 0.00117848
12.2 0.123227 -4.7667e-14 0.876741 -1.3263e-13 0.0158652 0.00108435
12.3 0.121989 -1.43469e-13 0.877979 -7.01756e-14 0.0145299 0.00107309
12.4 0.120765 -2.11779e-13 0.879204 6.98868e-14 0.0132837 0.00113289
12.5 0.119554 -1.30239e-13 0.880415 -1.66553e-14 0.0121082 0.00125327
12.6 0.118356 -5.31798e-14 0.881613 -9.78975e-14 0.0109849 0.00141043
12.7 0.117172 -2.38212e-14 0.882797 -1.19212e-13 0.00990018 0.00158895
12.8 0.115999 7.10562e-14 0.88397 -2.03883e-13 0.00884567 0.00176789
12.9 0.114838 1.05539e-13 0.885131 -2.5085e-13 0.00782031 0.00193192
13 0.11369 7.18603e-14 0.88628 -2.28437e-13 0.0068231 0.00206259
13.1 0.112552 4.35071e-14 0.887416 -1.97859e-13 0.00586066 0.00214734
13.2 0.111427 1.46471e-14 0.888542 -1.70836e-13 0.00493433 0.00217346
13.3 0.110314 -5.85296e-15 0.889655 -1.57848e-13 0.00405968 0.00213459
13.4 0.109212 -1.11636e-14 0.890757 -1.43944e-13 0.00324858 0.00202554
13.5 0.108122 -1.28118e-14 0.891847 -1.39105e-13 0.00251094 0.00185232
13.6 0.107043 1.40297e-13 0.892925 -2.95922e-13 0.00185731 0.00161942
13.7 0.105975 2.41262e-14 0.893993 -1.66334e-13 0.0012967 0.00133632
13.8 0.104918 1.5218e-13 0.895049 -2.87329e-13 0.000836032 0.00101507
13.9 0.103873 -4.24267e-14 0.896094 -1.00631e-13 0.000477051 0.000669592
14 0.102841 3.00185e-14 0.897125 -1.79603e-13 0.000231063 0.000313245
14.1 0.101817 1.0247e-14 0.898149 -1.65754e-13 8.16306e-05 -2.98614e-05
14.2 0.100804 9.31474e-15 0.899162 -1.65729e-13 2.66599e-05 -0.000347925
14.3 0.0998017 7.08381e-15 0.900164 -1.59084e-13 5.53743e-05 -0.00062403
14.4 0.0988091 -6.0343e-15 0.901157 -1.4757e-13 0.000154021 -0.000846474
14.5 0.0978269 9.39316e-15 0.90214 -1.78194e-13 0.000306706 -0.00100402
14.6 0.0968546 1.36415e-15 0.903113 -1.79359e-13 0.00049721 -0.00109026
14.7 0.0958924 -3.58414e-15 0.904075 -1.82889e-13 0.000703581 -0.00110512
14.8 0.0949404 1.88844e-14 0.905028 -2.05419e-13 0.000909531 -0.00104725
14.9 0.0939969 1.84872e-14 0.905972 -2.06792e-13 0.00109818 -0.000922143
15 0.0930644 6.57492e-14 0.906904 -2.49296e-13 0.00125223 -0.000740257
15.1 0.0921388 4.94576e-14 0.90783 -2.28424e-13 0.00136212 -0.00051126
15.2 0.0912235 6.30483e-14 0.908745 -2.38311e-13 0.00141542 -0.000251272
15.3 0.0903164 7.21456e-15 0.909652 -1.76693e-13 0.00140826 2.6392e-05
15.4 0.0894193 1.35165e-14 0.910549 -1.75028e-13 0.0013385 0.000304097
15.5 0.0885309 2.39414e-14 0.911438 -1.81317e-13 0.00120746 0.00056712
15.6 0.0876515 3.54356e-14 0.912317 -1.90506e-13 0.00102028 0.00079948
15.7 0.0867815 4.28204e-14 0.913187 -1.99095e-13 0.000786714 0.000986584
15.8 0.0859201 4.22173e-14 0.914048 -1.96491e-13 0.000516359 0.00112127
15.9 0.0850669 6.19944e-14 0.914902 -2.03664e-13 0.000224088 0.00119123
16 0.0842224 6.7199e-14 0.915747 -2.16636e-13 -7.28056e-05 0.00119473
16.1 0.0833864 7.72505e-14 0.916583 -2.3457e-13 -0.000359915 0.00113178
16.2 0.0825584 9.09161e-14 0.917411 -2.4734e-13 -0.000620355 0.00100513
16.3 0.0817382 1.06129e-13 0.918231 -2.56924e-13 -0.000840823 0.000822951
16.4 0.080926 1.12085e-13 0.919043 -2.56087e-13 -0.00100861 0.000596043
16.5 0.0801222 1.40457e-13 0.919846 -2.9127e-13 -0.00111537 0.000339398
16.6 0.079326 1.48694e-13 0.920642 -3.1038e-13 -0.00115622 6.53932e-05
16.7 0.0785376 1.53852e-13 0.921431 -3.25268e-13 -0.00112968 -0.000209069
16.8 0.0777572 1.59674e-13 0.922211 -3.36859e-13 -0.00103804 -0.000468227
16.9 0.0769843 1.70666e-13 0.922984 -3.49858e-13 -0.000888388 -0.000698649
17 0.0762197 1.28242e-13 0.923748 -3.15508e-13 -0.000687744 -0.000886292
17.1 0.0754618 1.11586e-13 0.924506 -2.89257e-13 -0.000448726 -0.00102089
17.2 0.0747115 8.85888e-14 0.925256 -2.83376e-13 -0.000186213 -0.00109493
17.3 0.0739686 1.54073e-13 0.925999 -3.29231e-13 8.58954e-05 -0.00110693
17.4 0.0732328 1.62461e-13 0.926734 -3.49437e-13 0.000350002 -0.00105534
17.5 0.0725044 1.16363e-13 0.927462 -3.16165e-13 0.000592713 -0.000944075
17.6 0.0717832 1.71742e-13 0.928183 -3.81642e-13 0.000800271 -0.000777324
17.7 0.0710688 1.70029e-13 0.928897 -3.72496e-13 0.000960587 -0.000568172
17.8 0.070362 1.99398e-13 0.929604 -2.78685e-13 0.00106433 -0.000327498
17.9 0.0696617 1.84542e-13 0.930303 -2.2363e-13 0.00110752 -7.2945e-05
18 0.0689692 1.77361e-13 0.930994 -2.30329e-13 0.00108903 0.00018507
18.1 0.0682837 1.82684e-13 0.93168 -2.02194e-13 0.00100728 0.000430768
18.2 0.067604 1.62214e-13 0.93236 -1.6596e-13 0.000869619 0.000649883
18.3 0.066933 1.65362e-13 0.933033 -7.25845e-14 0.000683657 0.000830927
18.4 0.0662678 1.7284e-13 0.933699 -6.99413e-14 0.000460507 0.000960821
18.5 0.0656089 1.75125e-13 0.934359 -6.77676e-14 0.000214157 0.00103461
18.6 0.0649564 1.79097e-13 0.935011 -7.20619e-14 -4.18381e-05 0.00104945
18.7 0.0643101 1.55303e-13 0.935655 -1.41206e-13 -0.000293666 0.00100505
18.8 0.0636704 1.37015e-13 0.936295 -1.40737e-13 -0.000525902 0.000902661
18.9 0.0630374 1.33445e-13 0.936929 -1.37028e-13 -0.000728066 0.000748954
19 0.0624104 1.26338e-13 0.937556 -1.15924e-13 -0.000887526 0.000554102
19.1 0.0617897 1.18664e-13 0.938177 -9.56756e-14 -0.000995179 0.000329048
19.2 0.061175 1.1791e-13 0.938791 -8.14873e-14 -0.00104485 8.76638e-05
19.3 0.0605667 1.37423e-13 0.9394 -4.92954e-14 -0.00103474 -0.000158218
19.4 0.0599642 1.39627e-13 0.940003 -2.85206e-14 -0.000966552 -0.000393535
19.5 0.0593675 1.32936e-13 0.940599 -2.34498e-14 -0.000844789 -0.000606202
19.6 0.0587762 1.24697e-13 0.94119 -2.15108e-14 -0.000675491 -0.000781264
19.7 0.0581917 1.34568e-13 0.941775 -1.70965e-14 -0.000469385 -0.000911707
19.8 0.0576128 1.24298e-13 0.942354 -1.46759e-14 -0.00023861 -0.000989
19.9 0.0570399 1.19723e-13 0.942927 -2.43221e-14 3.56928e-06 -0.00100974
20 0.0564724 1.22651e-13 0.943494 -1.43784e-14 0.000243701 -0.000973522
