0 0 0 1 0 0 0
0.1 1.71713e-07 2.37825e-24 1 -2.68834e-24 4.82622e-05 -0.000411108
0.2 7.90726e-07 1.17131e-23 0.999999 -9.33482e-24 0.000195209 -0.000865421
0.3 2.03515e-06 1.97744e-20 0.999998 4.87698e-22 0.000448283 -0.00134844
0.4 4.11235e-06 1.99263e-19 0.999996 -5.52064e-20 0.000811366 -0.00184567
0.5 7.25773e-06 1.54368e-20 0.999993 -4.54304e-19 0.0012849 -0.00234359
0.6 1.17331e-05 5.42823e-20 0.999988 -6.14179e-19 0.00186625 -0.00283054
0.7 1.78251e-05 -8.44558e-19 0.999982 7.22956e-19 0.00255021 -0.00329752
0.8 2.5846e-05 -4.51367e-19 0.999974 2.18692e-18 0.00332976 -0.00373888
0.9 3.61359e-05 3.77815e-18 0.999964 1.40482e-18 0.0041969 -0.00415272
1 4.90711e-05 3.64586e-19 0.99995 2.5011e-18 0.00514354 -0.0045412
1.1 6.50784e-05 -9.38628e-19 0.999934 2.01366e-18 0.0061625 -0.00491054
1.2 8.46582e-05 -3.36447e-18 0.999914 9.41321e-18 0.00724842 -0.00527084
1.3 0.000108419 -3.61851e-18 0.99989 9.02231e-18 0.0083986 -0.00563566
1.4 0.000137123 -3.10298e-18 0.999861 1.44679e-17 0.00961373 -0.00602145
1.5 0.000171749 -2.31607e-17 0.999826 9.91984e-18 0.0108985 -0.00644676
1.6 0.000213567 -1.81646e-17 0.999784 1.13691e-17 0.0122618 -0.0069314
1.7 0.000264233 -1.11037e-17 0.999733 7.35263e-18 0.0137173 -0.00749521
1.8 0.000326426 -6.74165e-19 0.99967 1.38276e-17 0.0152827 -0.00815745
1.9 0.000402559 1.04032e-17 0.999594 1.74982e-17 0.0169799 -0.00893607
2 0.000496763 -1.78718e-17 0.9995 3.33902e-17 0.0188342 -0.00984646
2.1 0.000613248 6.21225e-18 0.999383 2.5053e-17 0.020874 -0.0109009
2.2 0.000757355 3.04452e-17 0.999239 1.266e-17 0.0231293 -0.012108
2.3 0.000935795 -1.59969e-17 0.99906 -4.10293e-17 0.0256316 -0.0134719
2.4 0.00115639 -3.34647e-17 0.99884 -3.99449e-17 0.0284121 -0.0149929
2.5 0.00142834 -7.61922e-17 0.998568 8.88271e-18 0.0315011 -0.0166665
2.6 0.00176214 -7.8927e-17 0.998234 4.07978e-17 0.0349268 -0.0184841
2.7 0.0021697 -2.79867e-17 0.997825 1.06495e-16 0.0387157 -0.0204343
2.8 0.00266438 3.81539e-17 0.997329 1.82893e-16 0.0428869 -0.0225001
2.9 0.00326067 -4.43092e-17 0.996731 1.26945e-16 0.0474583 -0.0246626
3 0.00397429 1.88134e-16 0.996016 7.6844e-17 0.0524425 -0.0269007
3.1 0.00482197 8.72966e-17 0.995167 1.13538e-16 0.0578446 -0.0291919
3.2 0.00582123 1.29073e-16 0.994168 1.4174e-16 0.063663 -0.0315116
3.3 0.0069904 -1.30992e-16 0.992998 4.23759e-16 0.069892 -0.0338376
3.4 0.00834759 -1.86226e-16 0.991641 4.19627e-16 0.0765196 -0.036147
3.5 0.00991134 -1.29626e-18 0.990077 5.39312e-16 0.0835291 -0.0384181
3.6 0.0116998 -1.26282e-17 0.988288 3.82873e-16 0.090897 -0.0406296
3.7 0.0137306 -4.68659e-16 0.986258 4.75843e-16 0.0985969 -0.0427613
3.8 0.0160198 9.69606e-17 0.983968 7.00873e-16 0.106595 -0.0447939
3.9 0.0185822 3.81918e-16 0.981406 5.42179e-16 0.114855 -0.0467111
4 0.021431 3.04051e-16 0.978558 4.89754e-16 0.123336 -0.0484964
4.1 0.0245769 3.4508e-16 0.975412 3.3738e-16 0.131997 -0.0501345
4.2 0.0280295 -2.59589e-16 0.971959 6.72046e-16 0.14079 -0.0516114
4.3 0.0317932 -8.41586e-16 0.968195 1.80907e-15 0.149666 -0.0529133
4.4 0.0358679 -1.88654e-15 0.964121 2.44916e-15 0.158575 -0.0540268
4.5 0.0402515 -4.62062e-15 0.959737 4.39571e-15 0.167462 -0.0549394
4.6 0.0449355 -5.02879e-15 0.955053 5.86274e-15 0.176271 -0.0556405
4.7 0.0499099 -3.85675e-15 0.950078 5.30916e-15 0.184946 -0.0561202
4.8 0.0551561 -3.08863e-15 0.944832 4.42779e-15 0.193432 -0.0563731
4.9 0.0606518 -2.62523e-15 0.939336 3.87468e-15 0.20167 -0.0563914
5 0.0663721 -2.8847e-15 0.933615 3.72342e-15 0.209602 -0.0561713
5.1 0.0722821 -2.35303e-15 0.927705 1.99802e-15 0.217172 -0.0557154
5.2 0.0783439 -1.1896e-15 0.921643 3.81033e-15 0.22433 -0.0550267
5.3 0.0845188 -1.774e-15 0.915468 4.43392e-15 0.231023 -0.0541193
5.4 0.090762 1.10675e-15 0.909223 3.83364e-15 0.237211 -0.0530097
5.5 0.0970287 1.64192e-15 0.902956 5.62644e-16 0.242861 -0.0517248
5.6 0.103275 -1.32492e-15 0.896709 -7.04441e-16 0.247943 -0.050277
5.7 0.109463 4.03378e-15 0.89052 -7.17525e-15 0.252434 -0.0487059
5.8 0.11555 3.87484e-15 0.884433 -3.9603e-15 0.256324 -0.0470446
5.9 0.121501 3.95767e-15 0.878481 -3.62948e-15 0.25961 -0.0453261
6 0.127288 2.21907e-15 0.872694 -3.59934e-15 0.2623 -0.0435836
6.1 0.132884 3.86871e-15 0.867098 -4.92987e-15 0.264402 -0.0418495
6.2 0.138266 1.33678e-15 0.861716 -3.79355e-15 0.265955 -0.0401502
6.3 0.14342 2.35498e-14 0.856561 -2.41914e-14 0.266993 -0.0385075
6.4 0.14834 2.17661e-14 0.851641 -2.43978e-14 0.267549 -0.0369313
6.5 0.153016 1.84951e-14 0.846963 -2.47531e-14 0.267653 -0.0354294
6.6 0.157446 2.12447e-14 0.842534 -2.98093e-14 0.267343 -0.0339995
6.7 0.161626 1.48486e-14 0.838352 -2.36899e-14 0.266649 -0.0326395
6.8 0.165552 1.33531e-14 0.834426 -1.87678e-14 0.265607 -0.0313259
6.9 0.169216 3.54205e-15 0.830761 -5.3083e-15 0.264245 -0.0300279
7 0.172613 -4.2981e-15 0.827363 -1.01244e-15 0.26257 -0.0287423
7.1 0.175734 -1.51266e-14 0.82424 7.50007e-15 0.260599 -0.0274454
7.2 0.178566 -2.74549e-14 0.821408 1.726e-14 0.258345 -0.0261175
7.3 0.181096 -3.05979e-14 0.818877 2.42655e-14 0.255802 -0.0247467
7.4 0.18332 -3.31213e-14 0.816651 2.8055e-14 0.252971 -0.0233252
7.5 0.185227 -3.43228e-14 0.814743 3.03966e-14 0.249843 -0.0218548
7.6 0.186808 -2.98108e-14 0.813162 2.97758e-14 0.246405 -0.0203342
7.7 0.188061 -2.37035e-14 0.811909 2.69456e-14 0.24266 -0.0187767
7.8 0.188981 -2.11224e-14 0.810987 2.59909e-14 0.238616 -0.0172022
7.9 0.18958 -1.58246e-14 0.810388 2.05235e-14 0.234261 -0.0156291
8 0.189867 -6.49585e-15 0.8101 1.20553e-14 0.229608 -0.0140792
8.1 0.189859 -1.6427e-15 0.810108 7.74643e-15 0.224671 -0.0125666
8.2 0.189576 5.60475e-15 0.81039 -2.55419e-15 0.219463 -0.0111073
8.3 0.189039 1.69346e-14 0.810927 -9.5178e-15 0.214002 -0.00971784
8.4 0.18827 2.09062e-14 0.811695 -1.73596e-14 0.208315 -0.0084053
8.5 0.187296 2.68443e-14 0.812668 -1.88606e-14 0.202427 -0.00717164
8.6 0.18614 2.83468e-14 0.813824 -2.04653e-14 0.196362 -0.00601601
8.7 0.184826 2.96682e-14 0.815137 -2.13541e-14 0.190145 -0.00493658
8.8 0.183375 2.72166e-14 0.816588 -1.73173e-14 0.183803 -0.00392288
8.9 0.181807 2.3609e-14 0.818155 -1.61263e-14 0.177355 -0.00296716
9 0.180138 1.7106e-14 0.819825 -1.00974e-14 0.170822 -0.00206117
9.1 0.178382 1.01765e-14 0.82158 -4.33204e-15 0.164225 -0.00119334
9.2 0.176555 7.34044e-15 0.823406 3.39913e-15 0.15758 -0.000354682
9.3 0.17467 -4.66836e-16 0.825291 5.29251e-15 0.150901 0.00046081
9.4 0.172738 -7.66708e-15 0.827223 1.09001e-14 0.144207 0.0012577
9.5 0.170769 -1.30805e-14 0.829191 1.41258e-14 0.137504 0.00203639
9.6 0.168772 -1.05389e-14 0.831188 1.64656e-14 0.130805 0.00279428
9.7 0.166757 -1.34563e-14 0.833202 1.66735e-14 0.124127 0.00352589
9.8 0.164732 -1.1597e-14 0.835227 1.41929e-14 0.11748 0.0042215
9.9 0.162706 -4.93509e-15 0.837253 1.09488e-14 0.11088 0.00487014
10 0.160688 -1.13427e-14 0.83927 1.72469e-14 0.104345 0.00545825
10.1 0.158685 -7.13922e-15 0.841274 1.65151e-14 0.0978949 0.00597188
10.2 0.156702 -8.01444e-15 0.843256 2.11576e-14 0.091553 0.00639874
10.3 0.154746 -1.53943e-15 0.845212 1.25004e-14 0.0853444 0.00672705
10.4 0.152825 3.9745e-15 0.847133 1.02654e-14 0.0792936 0.00695128
10.5 0.150942 1.1495e-14 0.849016 3.02952e-15 0.0734273 0.00706202
10.6 0.149103 1.33922e-14 0.850855 7.46587e-16 0.067767 0.00706051
10.7 0.147314 1.60799e-14 0.852644 -1.08702e-15 0.0623354 0.00694488
10.8 0.145576 1.71195e-14 0.854384 -3.5528e-15 0.0571545 0.00671722
10.9 0.143885 2.02043e-14 0.856074 -4.6791e-15 0.0522566 0.00638366
11 0.142244 1.84985e-14 0.857715 -2.57958e-15 0.0476548 0.00596218
11.1 0.140648 1.62143e-14 0.859311 -2.63993e-15 0.0433626 0.00546575
11.2 0.139098 1.70587e-14 0.86086 -5.52818e-15 0.0393874 0.00491819
11.3 0.13759 1.7031e-14 0.862368 -4.92765e-15 0.035733 0.0043364
11.4 0.136123 1.80302e-14 0.863835 -5.90046e-15 0.0323983 0.00374261
11.5 0.134693 1.76367e-14 0.865265 -5.62009e-15 0.0293765 0.00315898
11.6 0.133294 1.7908e-14 0.866664 -5.01519e-15 0.026653 0.00260682
11.7 0.131925 1.74455e-14 0.868034 -3.98537e-15 0.0242098 0.00210458
11.8 0.130579 1.75213e-14 0.869379 -3.88526e-15 0.0220269 0.00166778
11.9 0.129256 1.81382e-14 0.870702 -3.61116e-15 0.0200782 0.00130945
12 0.127952 1.65753e-14 0.872006 -2.91186e-15 0.0183357 0.0010372
12.1 0.126665 1.6482e-14 0.873293 -2.06011e-15 0.0167697 0.000854133
12.2 0.125394 1.64284e-14 0.874564 -2.31024e-15 0.0153527 0.000759061
12.3 0.124138 1.70798e-14 0.87582 -2.18496e-15 0.0140566 0.000745682
12.4 0.122895 1.69066e-14 0.877063 -2.22364e-15 0.0128553 0.000804671
12.5 0.121665 1.74011e-14 0.878293 -1.85469e-15 0.0117262 0.00092236
12.6 0.120447 1.74651e-14 0.87951 -1.87015e-15 0.0106503 0.00108281
12.7 0.119243 1.80796e-14 0.880715 -1.77176e-15 0.00961274 0.00126746
12.8 0.11805 1.79057e-14 0.881908 -1.54316e-15 0.00860506 0.00145836
12.9 0.116871 1.74889e-14 0.883087 -8.0681e-16 0.00762182 0.00163681
13 0.115703 1.68667e-14 0.884256 -8.65071e-16 0.00666139 0.00178475
13.1 0.114546 1.69392e-14 0.885412 -4.38629e-16 0.00572857 0.00188953
13.2 0.113402 1.70048e-14 0.886557 -2.53591e-16 0.00483017 0.0019394
13.3 0.112269 1.56559e-14 0.887689 -3.5891e-16 0.00397687 0.00192613
13.4 0.111149 1.5276e-14 0.888811 -7.97502e-18 0.00317939 0.0018475
13.5 0.110039 1.44697e-14 0.88992 -5.51551e-17 0.0024481 0.00170184
13.6 0.108941 1.40028e-14 0.891018 1.96333e-16 0.00179531 0.00149451
13.7 0.107855 1.37452e-14 0.892105 1.21772e-16 0.00123113 0.00123372
13.8 0.106781 1.40822e-14 0.893179 2.62525e-16 0.000763608 0.00093143
13.9 0.105718 1.29051e-14 0.894243 2.46461e-16 0.000397927 0.000601729
14 0.104665 1.14654e-14 0.895295 4.09039e-16 0.000135474 0.000260917
14.1 0.103623 1.23325e-14 0.896337 9.47291e-16 -2.5458e-05 -7.43622e-05
14.2 0.102592 1.21838e-14 0.897368 7.54653e-16 -9.10995e-05 -0.000387702
14.3 0.10157 1.20029e-14 0.898389 1.06235e-15 -7.08809e-05 -0.00066373
14.4 0.100559 1.18811e-14 0.8994 1.05306e-15 2.41315e-05 -0.00088922
14.5 0.0995585 1.18502e-14 0.9004 1.12685e-15 0.000175961 -0.00105077
14.6 0.0985675 1.15834e-14 0.901391 1.23878e-15 0.000367991 -0.00114265
14.7 0.0975862 1.14225e-14 0.902372 1.41832e-15 0.000582367 -0.00116226
14.8 0.0966154 1.13051e-14 0.903343 1.52144e-15 0.000799971 -0.00110934
14.9 0.095654 1.12087e-14 0.904304 1.63967e-15 0.00100292 -0.00098836
15 0.0947023 1.11451e-14 0.905256 1.74664e-15 0.00117517 -0.000808008
15.1 0.0937601 1.10338e-14 0.906198 1.85227e-15 0.00130308 -0.000579527
15.2 0.0928272 1.10193e-14 0.907131 1.97854e-15 0.00137629 -0.000316694
15.3 0.0919036 1.11989e-14 0.908055 2.15595e-15 0.00138818 -3.54316e-05
15.4 0.0909892 1.08996e-14 0.908969 2.20733e-15 0.0013358 0.000247899
15.5 0.0900838 1.1205e-14 0.909874 2.40223e-15 0.00122072 0.000516707
15.6 0.0891882 1.16832e-14 0.91077 2.66512e-15 0.00104815 0.000755761
15.7 0.0883009 1.11937e-14 0.911658 2.70854e-15 0.000826485 0.000951775
15.8 0.0874225 1.07873e-14 0.912536 2.77755e-15 0.000567277 0.00109356
15.9 0.0865528 1.07167e-14 0.913406 2.8885e-15 0.000284319 0.00117336
16 0.0856916 1.03794e-14 0.914267 2.99729e-15 -7.19236e-06 0.001187
16.1 0.0848389 1.05786e-14 0.91512 3.1444e-15 -0.00029155 0.00113412
16.2 0.0839946 1.07671e-14 0.915964 3.34723e-15 -0.000553448 0.00101815
16.3 0.0831586 3.53498e-14 0.9168 6.68781e-15 -0.000778867 0.000846058
16.4 0.0823309 9.58358e-15 0.917627 3.76524e-15 -0.000955872 0.000627964
16.5 0.0815113 8.1138e-15 0.918447 3.43473e-15 -0.00107528 0.000376511
16.6 0.0807002 9.69813e-15 0.919258 3.73717e-15 -0.00113118 0.000106133
16.7 0.0798972 1.10816e-14 0.920061 4.08419e-15 -0.00112122 -0.000167772
16.8 0.0791022 1.09154e-14 0.920856 4.08539e-15 -0.00104678 -0.00042973
16.9 0.0783151 8.41143e-15 0.921643 3.75895e-15 -0.000912799 -0.000665061
17 0.0775359 1.07345e-14 0.922422 4.26751e-15 -0.000727523 -0.000860708
17.1 0.0767644 8.97097e-15 0.923194 4.22037e-15 -0.000501994 -0.00100596
17.2 0.0760005 1.0048e-14 0.923958 4.37287e-15 -0.000249419 -0.00109305
17.3 0.0752443 9.3129e-15 0.924714 4.3865e-15 1.56001e-05 -0.00111754
17.4 0.0744956 9.88358e-15 0.925463 4.49549e-15 0.000278033 -0.00107879
17.5 0.0737544 9.07968e-15 0.926204 4.53507e-15 0.000522778 -0.000979123
17.6 0.0730205 9.8482e-15 0.926938 4.66551e-15 0.000736175 -0.000824875
17.7 0.072294 8.54842e-15 0.927664 4.6183e-15 0.000906372 -0.000625234
17.8 0.0715746 8.28689e-15 0.928384 4.65391e-15 0.00102407 -0.00039187
17.9 0.0708624 8.31674e-15 0.929096 4.7667e-15 0.00108301 -0.000138266
18 0.0701573 8.67755e-15 0.929801 4.89422e-15 0.00108033 0.000121068
18.1 0.0694593 9.14429e-15 0.930499 5.1212e-15 0.00101668 0.000371415
18.2 0.0687681 8.87887e-15 0.93119 5.19937e-15 0.000896128 0.000598779
18.3 0.0680839 8.26051e-15 0.931874 5.23503e-15 0.000725946 0.000790389
18.4 0.0674064 8.09312e-15 0.932552 5.33939e-15 0.000516161 0.000935711
18.5 0.0667357 8.90216e-15 0.933223 5.4914e-15 0.000278959 0.00102692
18.6 0.0660717 7.82526e-15 0.933887 5.37152e-15 2.79738e-05 0.00105929
18.7 0.0654143 7.58862e-15 0.934544 5.42758e-15 -0.000222493 0.00103151
18.8 0.0647634 8.05817e-15 0.935195 5.62102e-15 -0.000458287 0.000945629
18.9 0.064119 8.02491e-15 0.935839 5.73413e-15 -0.000666201 0.000806994
19 0.063481 9.06994e-15 0.936477 6.06934e-15 -0.000834712 0.000623881
19.1 0.0628493 7.88031e-15 0.937109 5.96322e-15 -0.000954621 0.000407013
19.2 0.062224 8.27259e-15 0.937734 6.13299e-15 -0.00101955 0.000168932
19.3 0.0616048 7.51295e-15 0.938353 6.12721e-15 -0.0010263 -7.67226e-05
19.4 0.0609919 7.93076e-15 0.938966 6.29832e-15 -0.00097495 -0.000315999
19.5 0.060385 7.70087e-15 0.939573 6.27845e-15 -0.000868903 -0.000535421
19.6 0.0597841 8.84683e-15 0.940174 6.47617e-15 -0.000714559 -0.000722827
19.7 0.0591893 7.61646e-15 0.940769 6.45058e-15 -0.000521119 -0.000867717
19.8 0.0586003 7.21277e-15 0.941358 6.48325e-15 -0.000299819 -0.000962341
19.9 0.0580173 7.3169e-15 0.941941 6.56368e-15 -6.34048e-05 -0.00100177
20 0.05744 6.95813e-15 0.942518 6.60285e-15 0.000174632 -0.000984223
