0 0 0 1 0 0 0
0.1 1.71713e-07 2.37825e-24 1 -2.68834e-24 4.82674e-05 -0.000411276
0.2 7.90886e-07 2.10715e-23 0.999999 -9.33482e-24 0.000195329 -0.000866269
0.3 2.03623e-06 3.34037e-20 0.999998 3.5566e-22 0.000448878 -0.00135081
0.4 4.11643e-06 7.12337e-20 0.999996 1.06547e-19 0.000813183 -0.00185067
0.5 7.26919e-06 3.58491e-19 0.999993 4.08094e-20 0.0012892 -0.00235249
0.6 1.17598e-05 9.46063e-19 0.999988 2.64145e-19 0.00187487 -0.00284461
0.7 1.78801e-05 1.70471e-18 0.999982 -2.91651e-19 0.00256564 -0.00331789
0.8 2.59483e-05 5.55845e-19 0.999974 -6.19395e-19 0.00335511 -0.00376632
0.9 3.63122e-05 3.84377e-18 0.999963 -1.32751e-18 0.00423584 -0.00418748
1 4.9356e-05 5.29092e-18 0.99995 -2.11738e-18 0.00520019 -0.00458285
1.1 6.55134e-05 1.78278e-18 0.999934 -3.86559e-18 0.00624127 -0.00495785
1.2 8.52895e-05 3.7726e-18 0.999913 -2.08809e-18 0.0073538 -0.00532168
1.3 0.000109292 -1.04799e-17 0.999889 -2.2977e-18 0.00853496 -0.00568702
1.4 0.000138277 -1.44167e-17 0.999859 -3.48577e-18 0.00978509 -0.00606944
1.5 0.000173204 -1.10703e-17 0.999824 -6.45449e-18 0.0111083 -0.00648676
1.6 0.00021531 -2.05909e-17 0.999782 -8.73014e-19 0.0125128 -0.00695823
1.7 0.000266202 1.58903e-18 0.999731 1.07476e-17 0.0140113 -0.00750334
1.8 0.000327945 -3.36583e-17 0.999669 5.28429e-18 0.0156207 -0.00814136
1.9 0.000403467 -6.74179e-17 0.999593 9.30512e-20 0.0173617 -0.0088903
2 0.000496528 -7.79298e-17 0.9995 -1.55188e-17 0.019259 -0.00976611
2.1 0.000611069 -5.70562e-17 0.999385 -2.20394e-17 0.0213402 -0.0107819
2.2 0.000752943 -6.94824e-17 0.999243 -3.14677e-17 0.0236349 -0.0119472
2.3 0.000928494 -9.03792e-17 0.999068 -6.81806e-17 0.0261744 -0.0132675
2.4 0.00114494 -1.13012e-16 0.998851 -1.55833e-17 0.0289902 -0.0147442
2.5 0.00141138 -1.90347e-16 0.998585 -2.0255e-17 0.0321131 -0.0163742
2.6 0.00173872 -2.33423e-16 0.998257 -1.73365e-17 0.0355723 -0.0181502
2.7 0.00213827 -2.48014e-16 0.997857 -2.7793e-17 0.0393942 -0.0200607
2.8 0.00262272 -1.74892e-16 0.997373 -6.28491e-17 0.0436019 -0.0220906
2.9 0.00320674 -1.61897e-16 0.996789 -9.41298e-17 0.0482139 -0.0242216
3 0.00390601 -2.9123e-16 0.996089 -1.85367e-16 0.0532438 -0.0264328
3.1 0.00473693 -1.14198e-16 0.995257 -1.27268e-16 0.0587021 -0.0287022
3.2 0.00571696 -1.45839e-17 0.994275 -2.33739e-16 0.0645878 -0.0310034
3.3 0.00686398 1.28238e-16 0.993127 -5.22522e-19 0.0708956 -0.033311
3.4 0.00819622 -8.75038e-17 0.991794 -4.67406e-17 0.0776163 -0.0356017
3.5 0.0097324 2.0029e-16 0.990258 -2.92748e-16 0.0847337 -0.0378506
3.6 0.0114899 6.86698e-17 0.9885 -2.43669e-17 0.0922242 -0.0400353
3.7 0.0134851 -4.44352e-17 0.986505 -1.62741e-16 0.10006 -0.0421333
3.8 0.0157336 -7.51086e-16 0.984256 1.42193e-16 0.10821 -0.0441233
3.9 0.0182489 -1.41491e-15 0.981742 9.15514e-17 0.116636 -0.0459863
4 0.0210439 -6.99293e-16 0.978947 -5.04761e-16 0.125296 -0.0477035
4.1 0.0241255 -1.53608e-15 0.975866 -8.31117e-16 0.134145 -0.049259
4.2 0.0275023 -6.11481e-16 0.97249 -1.32372e-15 0.143133 -0.050637
4.3 0.0311776 -1.61413e-15 0.968815 -1.94068e-15 0.152208 -0.0518243
4.4 0.0351506 -1.69466e-15 0.964842 -1.04712e-15 0.161314 -0.0528085
4.5 0.0394162 -3.85938e-16 0.960576 -1.12264e-15 0.170395 -0.0535796
4.6 0.0439642 1.07953e-15 0.956028 -3.43173e-15 0.179392 -0.0541299
4.7 0.0487788 -7.06842e-16 0.951213 -4.76923e-15 0.188247 -0.0544533
4.8 0.0538438 -2.3604e-15 0.946147 -5.42638e-15 0.196903 -0.054549
4.9 0.0591311 -4.91591e-15 0.94086 -3.02306e-15 0.205299 -0.0544244
5 0.0646168 -5.75444e-15 0.935374 -2.21753e-15 0.213386 -0.0540702
5.1 0.0702695 -6.65335e-15 0.929721 -3.09849e-16 0.221105 -0.0535003
5.2 0.0760548 -5.32824e-15 0.923935 -1.98106e-15 0.228402 -0.0527305
5.3 0.081931 -4.8858e-15 0.918058 -2.16527e-15 0.235236 -0.0517733
5.4 0.0878596 -1.058e-15 0.912129 -8.71072e-15 0.241577 -0.0506431
5.5 0.0937997 1.57647e-16 0.906187 -1.12353e-14 0.247389 -0.0493709
5.6 0.0997178 3.5944e-16 0.900267 -1.03648e-14 0.252646 -0.0479749
5.7 0.105583 3.02641e-15 0.8944 -1.63213e-14 0.257338 -0.0464926
5.8 0.111348 -2.6317e-15 0.888633 -9.34552e-15 0.261454 -0.0449567
5.9 0.116994 -3.1393e-15 0.882986 -5.52022e-15 0.265007 -0.0433985
6 0.122496 -6.94401e-15 0.877484 -4.40326e-15 0.268005 -0.0418424
6.1 0.127827 -1.42926e-14 0.872151 -7.90726e-16 0.270468 -0.0403101
6.2 0.132971 -2.18606e-14 0.867006 2.9252e-15 0.272428 -0.0388171
6.3 0.137917 -2.06998e-14 0.862058 8.40908e-15 0.273891 -0.0373777
6.4 0.142641 -2.05091e-14 0.857332 8.38806e-15 0.274903 -0.0359885
6.5 0.147147 -2.3453e-14 0.852824 1.68981e-14 0.275541 -0.0346463
6.6 0.151432 -2.47855e-14 0.848539 1.92041e-14 0.275807 -0.0333318
6.7 0.155478 -2.57375e-14 0.844491 2.39581e-14 0.275725 -0.0320232
6.8 0.159275 -2.64233e-14 0.840692 3.18957e-14 0.275325 -0.0307012
6.9 0.162801 -2.33746e-14 0.837164 3.10176e-14 0.274608 -0.0293407
7 0.166044 -2.01553e-14 0.833919 2.5803e-14 0.273588 -0.0279243
7.1 0.168981 -1.06373e-14 0.830979 2.88391e-14 0.272258 -0.0264308
7.2 0.171592 -1.05105e-14 0.828365 2.67963e-14 0.27061 -0.024856
7.3 0.173861 -6.13563e-15 0.826093 1.49663e-14 0.268637 -0.0231938
7.4 0.175773 -7.98163e-15 0.824178 1.48581e-14 0.266336 -0.0214513
7.5 0.177298 -6.73429e-15 0.82265 1.7313e-14 0.263706 -0.0196674
7.6 0.178448 -8.98297e-15 0.821496 1.37279e-14 0.260733 -0.0178394
7.7 0.179227 -1.44097e-14 0.820716 2.77244e-15 0.257404 -0.015993
7.8 0.179624 -3.5093e-14 0.820317 6.86306e-15 0.253699 -0.0141646
7.9 0.179668 -5.82311e-14 0.820272 -3.67387e-15 0.249653 -0.0123739
8 0.179386 -5.89473e-14 0.820553 1.83936e-14 0.245274 -0.0106376
8.1 0.178807 -6.44016e-14 0.82113 2.03563e-14 0.240572 -0.00897764
8.2 0.177957 -7.70716e-14 0.821978 3.06899e-14 0.235543 -0.00740921
8.3 0.17685 -7.10427e-14 0.823083 3.65764e-14 0.230245 -0.005952
8.4 0.175525 -3.09518e-14 0.824407 1.28588e-14 0.224685 -0.0046036
8.5 0.174003 -8.16184e-15 0.825928 -1.418e-14 0.218883 -0.00336824
8.6 0.17232 1.39455e-15 0.82761 -3.91596e-14 0.212853 -0.00223466
8.7 0.170471 -1.37146e-14 0.829458 -1.31728e-14 0.206632 -0.0011936
8.8 0.168567 -2.96838e-15 0.83136 -3.08307e-14 0.200224 -0.000222736
8.9 0.166573 6.0197e-15 0.833351 -3.49892e-14 0.193637 0.00066736
9 0.16452 1.33002e-14 0.835405 -2.96874e-14 0.186876 0.00148143
9.1 0.162417 1.543e-14 0.837507 -3.06906e-14 0.179974 0.00222436
9.2 0.160286 -3.73665e-15 0.839638 -1.69136e-14 0.17293 0.00290896
9.3 0.158134 3.20908e-15 0.841788 -2.93949e-14 0.165797 0.0035213
9.4 0.155976 -1.81038e-13 0.843945 1.52626e-13 0.158562 0.00408053
9.5 0.153811 -3.03572e-14 0.846108 3.00602e-14 0.151235 0.00457488
9.6 0.15168 -2.69192e-14 0.848238 4.42582e-14 0.143858 0.00499096
9.7 0.149582 -1.08379e-14 0.850335 2.83517e-14 0.136437 0.0053304
9.8 0.147526 -9.08684e-15 0.85239 -1.06004e-14 0.129004 0.00558092
9.9 0.145521 1.08657e-14 0.854394 -1.53152e-14 0.121597 0.00574756
10 0.143561 -1.78962e-14 0.856353 1.18212e-14 0.114226 0.00580716
10.1 0.141663 -4.78486e-14 0.858251 2.56814e-14 0.106933 0.0057605
10.2 0.139832 -2.74022e-14 0.860082 2.67965e-14 0.0997565 0.00559669
10.3 0.13805 -8.04941e-14 0.861863 7.29001e-14 0.0927294 0.00531293
10.4 0.136332 -1.04161e-13 0.863582 1.19461e-13 0.0859042 0.00492174
10.5 0.134695 -4.50672e-14 0.865219 8.23427e-14 0.0792922 0.00441336
10.6 0.133117 -8.11575e-14 0.866797 1.11038e-13 0.0729354 0.00379913
10.7 0.131604 -4.93709e-14 0.868311 9.98329e-14 0.0668699 0.00309336
10.8 0.130167 -4.83146e-14 0.869748 9.92123e-14 0.0611261 0.00230477
10.9 0.128776 -7.5155e-14 0.87114 1.29927e-13 0.0557156 0.00145959
11 0.127438 -7.89847e-14 0.872479 1.23713e-13 0.0506676 0.000574815
11.1 0.126152 -5.8572e-14 0.873766 1.04379e-13 0.0459875 -0.000322323
11.2 0.124908 -5.07016e-14 0.87501 1.00372e-13 0.0416884 -0.00120984
11.3 0.123699 -4.75132e-14 0.876219 9.48345e-14 0.0377666 -0.00205459
11.4 0.122519 -5.86437e-14 0.877399 8.40155e-14 0.0342067 -0.00283119
11.5 0.121364 -6.83781e-14 0.878555 8.14667e-14 0.0309973 -0.00351192
11.6 0.120225 -6.64748e-14 0.879694 8.30672e-14 0.0281134 -0.00407994
11.7 0.119097 -5.78117e-14 0.880822 4.67881e-14 0.0255273 -0.00452107
11.8 0.117978 -4.7526e-14 0.88194 2.95205e-14 0.0232064 -0.00482473
11.9 0.116867 -1.31257e-14 0.88305 4.56889e-16 0.0211294 -0.00498081
12 0.115767 4.92244e-15 0.88415 -2.62033e-14 0.019255 -0.00499517
12.1 0.114673 -2.99534e-14 0.885245 -1.47323e-13 0.0175532 -0.00486763
12.2 0.113582 -3.85576e-14 0.886336 -9.05272e-14 0.0159905 -0.0046137
12.3 0.112493 -1.68057e-13 0.887424 -2.42941e-14 0.0145361 -0.0042437
12.4 0.111409 -1.7035e-13 0.888508 2.4456e-14 0.013167 -0.00377595
12.5 0.110329 -6.08764e-13 0.889589 8.08804e-14 0.01186 -0.0032343
12.6 0.109251 -3.20188e-13 0.890667 -1.08069e-13 0.0105986 -0.00264157
12.7 0.108179 -2.9737e-13 0.891739 -1.89189e-13 0.00937345 -0.00202471
12.8 0.107112 -3.05533e-13 0.892807 -2.63442e-13 0.00817856 -0.00141091
12.9 0.10605 -4.75241e-13 0.89387 1.2995e-14 0.00701351 -0.000819591
13 0.104996 -2.74606e-13 0.894925 -3.64739e-14 0.00588326 -0.000270618
13.1 0.103951 -1.93418e-13 0.895972 -1.28801e-13 0.00478877 0.000217785
13.2 0.102913 -1.38462e-13 0.897012 -1.89682e-13 0.00374168 0.000629434
13.3 0.101885 -1.46657e-13 0.89804 -2.37737e-13 0.00275384 0.000958704
13.4 0.100869 -2.04956e-13 0.899057 2.74606e-15 0.00183848 0.00120179
13.5 0.0998626 -2.30315e-13 0.900063 -1.39956e-14 0.00101464 0.00135536
13.6 0.0988685 -2.74507e-13 0.901058 4.73929e-14 0.000292648 0.00142639
13.7 0.0978851 -2.47181e-13 0.902041 -1.93138e-14 -0.000311385 0.00142334
13.8 0.0969104 9.69426e-13 0.903015 -1.33474e-12 -0.000789572 0.00135993
13.9 0.0959484 -1.34065e-12 0.903976 9.95274e-13 -0.00113954 0.00125874
14 0.0949986 -4.49075e-13 0.904925 2.57658e-13 -0.00135719 0.00113803
14.1 0.0940574 -4.79542e-13 0.905865 2.54353e-13 -0.00145838 0.00101917
14.2 0.0931234 -5.71122e-13 0.906798 2.95447e-13 -0.00144777 0.000917441
14.3 0.0921978 -4.52325e-13 0.907723 2.6145e-13 -0.00133634 0.000847401
14.4 0.091282 -4.53301e-13 0.90864 2.66089e-13 -0.00114616 0.000820965
14.5 0.0903758 -7.81942e-13 0.909546 -2.25302e-13 -0.000891168 0.00085018
14.6 0.0894782 -9.2089e-13 0.910443 1.80956e-13 -0.000594658 0.000942484
14.7 0.0885908 -7.64384e-13 0.911331 3.05107e-13 -0.000275202 0.00109995
14.8 0.0877117 -6.63817e-13 0.91221 3.91898e-13 4.32577e-05 0.00131972
14.9 0.0868406 -8.63932e-13 0.91308 7.82421e-13 0.000338987 0.00159605
15 0.085978 -8.39552e-13 0.913943 7.9944e-13 0.000595813 0.00191842
15.1 0.0851242 -8.79836e-13 0.914796 8.58247e-13 0.000798447 0.00227261
15.2 0.0842811 -9.66589e-13 0.915641 1.06491e-12 0.000935377 0.00263933
15.3 0.0834469 -1.0167e-12 0.916476 1.04427e-12 0.000999932 0.0030058
15.4 0.0826218 -7.98219e-13 0.917302 7.87824e-13 0.000988537 0.0033525
15.5 0.0818063 -7.33287e-13 0.918113 7.23045e-13 0.000896661 0.00366408
15.6 0.0809942 -6.37342e-13 0.918925 6.29296e-13 0.000741909 0.00391035
15.7 0.0801896 -6.72107e-13 0.919729 5.97359e-13 0.000532696 0.00408335
15.8 0.0793919 -5.09956e-13 0.920527 4.6894e-13 0.000284134 0.00417446
15.9 0.0786039 -5.40693e-13 0.921316 5.05738e-13 1.03672e-05 0.00417365
16 0.0778246 -5.58361e-13 0.922095 5.19714e-13 -0.000269726 0.00407589
16.1 0.0770511 -5.55757e-13 0.922868 5.09101e-13 -0.000535969 0.00388229
16.2 0.0762869 -5.64411e-13 0.923632 5.0978e-13 -0.000768795 0.0036064
16.3 0.0755294 -5.62519e-13 0.924389 4.96916e-13 -0.000954494 0.00325666
16.4 0.0747774 -5.47538e-13 0.925141 4.75292e-13 -0.00108204 0.002848
16.5 0.0740325 -5.55199e-13 0.925885 4.60949e-13 -0.00114118 0.00239404
16.6 0.0732962 -5.37925e-13 0.926621 4.30027e-13 -0.00112808 0.00191261
16.7 0.072565 -5.28286e-13 0.927351 3.97031e-13 -0.00103682 0.00142377
16.8 0.0718426 -5.07185e-13 0.928074 3.71464e-13 -0.000872922 0.000947312
16.9 0.0711274 -5.72678e-13 0.92879 3.54712e-13 -0.00064117 0.000500908
17 0.0704199 -1.49301e-13 0.929497 1.71331e-13 -0.000354605 0.000101329
17.1 0.0697193 -5.65702e-13 0.930197 4.73238e-13 -2.73855e-05 -0.000239907
17.2 0.069026 -4.82303e-13 0.930891 3.55644e-13 0.000327224 -0.000511955
17.3 0.0683397 -4.082e-13 0.931577 2.78482e-13 0.000692287 -0.000708862
17.4 0.067659 -3.56012e-13 0.932258 2.13732e-13 0.00104827 -0.000832012
17.5 0.0669874 -2.96387e-13 0.932929 1.43414e-13 0.00138309 -0.000883733
17.6 0.066322 -2.77016e-13 0.933594 1.48096e-13 0.00167821 -0.00086894
17.7 0.0656625 -2.39452e-13 0.934252 1.0045e-13 0.00191844 -0.000797245
17.8 0.0650098 -1.63771e-13 0.934903 9.81366e-14 0.00209727 -0.000679248
17.9 0.0643633 -9.52111e-14 0.935549 8.55544e-14 0.00220424 -0.000530337
18 0.0637233 -3.30073e-14 0.936189 7.50587e-14 0.00223806 -0.000364882
18.1 0.0630894 1.01396e-14 0.936823 -1.16704e-13 0.00219744 -0.00019794
18.2 0.0624619 1.63594e-14 0.937451 -1.27906e-13 0.00208674 -4.5209e-05
18.3 0.0618406 3.46593e-14 0.938072 -8.74773e-14 0.00191335 7.86301e-05
18.4 0.0612262 1.33416e-13 0.938687 -1.56236e-13 0.00168713 0.000164536
18.5 0.060617 4.14366e-14 0.939296 -7.46866e-14 0.00141754 0.000199404
18.6 0.0600139 1.5669e-14 0.9399 -9.97177e-14 0.00111926 0.000180848
18.7 0.059416 -4.41003e-14 0.940499 -4.54019e-14 0.000810335 0.000103863
18.8 0.0588246 -3.64509e-14 0.941091 -1.82475e-14 0.000504838 -3.16095e-05
18.9 0.0582393 -8.37522e-14 0.941678 1.21481e-14 0.000218818 -0.000221232
19 0.0576596 -1.83659e-13 0.942259 -2.36019e-13 -3.51801e-05 -0.000458905
19.1 0.0570861 3.51682e-13 0.942834 2.26192e-13 -0.00024415 -0.000736363
19.2 0.0565186 1.03768e-13 0.943402 1.71684e-14 -0.000396497 -0.00103798
19.3 0.055957 9.26599e-15 0.943964 7.29229e-14 -0.000486728 -0.00135038
19.4 0.0554009 -7.86357e-15 0.94452 8.16406e-14 -0.000509945 -0.00165682
19.5 0.0548516 -1.93691e-14 0.945069 8.21929e-14 -0.000469074 -0.00194167
19.6 0.0543067 -2.77349e-14 0.945613 7.21929e-14 -0.000368563 -0.00218807
19.7 0.0537663 -4.74229e-14 0.946152 7.4608e-14 -0.00021819 -0.00238239
19.8 0.053232 -6.19886e-14 0.946687 6.3028e-14 -3.06982e-05 -0.00251587
19.9 0.0527029 -4.68385e-14 0.947217 1.98995e-14 0.000181438 -0.00258102
20 0.0521779 -5.82904e-14 0.947741 2.59236e-14 0.000401634 -0.00257376
