0 0 0 1 0 0 0
0.1 1.71713e-07 2.37825e-24 1 -2.68834e-24 4.82624e-05 -0.000411127
0.2 7.90744e-07 1.17131e-23 0.999999 -9.33482e-24 0.000195219 -0.000865517
0.3 2.03527e-06 -2.44963e-20 0.999998 2.04799e-22 0.000448336 -0.00134871
0.4 4.11282e-06 -4.77618e-20 0.999996 9.47541e-20 0.000811533 -0.00184625
0.5 7.25905e-06 -1.26613e-19 0.999993 7.3196e-19 0.0012853 -0.00234461
0.6 1.17362e-05 2.7086e-19 0.999988 -4.44458e-19 0.00186705 -0.00283217
0.7 1.78316e-05 6.67168e-19 0.999982 -1.35397e-19 0.00255166 -0.0032999
0.8 2.5858e-05 -2.67384e-18 0.999974 -2.71339e-19 0.00333214 -0.00374213
0.9 3.61569e-05 -2.5646e-18 0.999963 -2.01557e-18 0.00420055 -0.00415691
1 4.91054e-05 -2.16134e-19 0.99995 -2.87049e-18 0.00514885 -0.00454634
1.1 6.51314e-05 6.16413e-18 0.999934 6.85632e-19 0.00616987 -0.00491658
1.2 8.47362e-05 8.96853e-18 0.999914 6.82665e-19 0.00725825 -0.00527765
1.3 0.000108529 8.8542e-18 0.99989 1.24396e-18 0.00841127 -0.00564304
1.4 0.000137271 2.16099e-17 0.99986 -6.11382e-18 0.00962959 -0.00602912
1.5 0.000171942 2.86284e-17 0.999826 -5.75772e-18 0.0109178 -0.0064544
1.6 0.000213808 2.95559e-17 0.999783 -1.23504e-17 0.0122848 -0.00693866
1.7 0.000264522 2.74997e-17 0.999733 -1.46773e-17 0.0137441 -0.00750171
1.8 0.00032674 6.50609e-18 0.99967 -1.60163e-17 0.0153133 -0.00816287
1.9 0.000402877 -7.26611e-17 0.999594 -1.61027e-17 0.0170143 -0.0089401
2 0.000497052 -1.04171e-16 0.999499 -3.54932e-17 0.0188722 -0.00984889
2.1 0.000613468 -1.41768e-16 0.999383 -1.64917e-17 0.0209154 -0.0109017
2.2 0.00075746 -1.31969e-16 0.999239 1.16157e-18 0.023174 -0.012107
2.3 0.000935728 -1.27401e-16 0.99906 -5.51396e-18 0.0256793 -0.0134695
2.4 0.00115614 -1.58306e-16 0.99884 -4.64789e-17 0.0284627 -0.0149893
2.5 0.00142781 -2.14955e-17 0.998568 -3.70401e-17 0.0315546 -0.0166621
2.6 0.00176155 -7.38307e-18 0.998234 -4.92146e-17 0.0349832 -0.0184796
2.7 0.00216903 6.84436e-18 0.997826 -5.61299e-17 0.0387752 -0.0204303
2.8 0.00266347 1.00978e-16 0.99733 -1.57897e-16 0.04295 -0.0224974
2.9 0.00325944 1.26571e-16 0.996732 -1.69138e-16 0.0475255 -0.0246622
3 0.00397323 1.79508e-16 0.996017 -2.64545e-16 0.0525148 -0.0269032
3.1 0.00482099 3.42773e-16 0.995168 -2.62564e-16 0.057923 -0.0291982
3.2 0.00582067 1.97281e-16 0.994169 -4.73786e-16 0.0637487 -0.0315223
3.3 0.00698994 2.11569e-16 0.992999 -5.20565e-16 0.0699869 -0.0338531
3.4 0.0083473 2.20329e-16 0.991642 -5.50593e-16 0.076625 -0.0361677
3.5 0.00991141 2.25443e-16 0.990077 -8.19801e-16 0.0836468 -0.0384442
3.6 0.0117007 6.51166e-18 0.988288 -5.24692e-16 0.0910289 -0.0406605
3.7 0.0137321 4.83036e-16 0.986256 -5.46387e-16 0.0987444 -0.0427964
3.8 0.0160224 1.2817e-16 0.983966 -8.39965e-16 0.106759 -0.0448324
3.9 0.0185859 -5.56208e-16 0.981403 -2.42722e-16 0.115037 -0.046752
4 0.0214357 -7.38825e-16 0.978553 -7.08805e-16 0.123539 -0.0485389
4.1 0.0245821 -6.67625e-16 0.975407 -4.15815e-16 0.13222 -0.0501772
4.2 0.0280355 -4.42236e-16 0.971953 -8.35511e-16 0.141033 -0.0516528
4.3 0.0317998 -4.50047e-16 0.968189 -1.26872e-15 0.14993 -0.0529516
4.4 0.0358754 1.73203e-15 0.964113 -4.07086e-15 0.158859 -0.0540609
4.5 0.0402594 4.62812e-15 0.959729 -6.09797e-15 0.167765 -0.0549685
4.6 0.0449429 1.56772e-15 0.955045 -2.03144e-15 0.176593 -0.0556645
4.7 0.0499153 -1.91556e-15 0.950073 2.23819e-16 0.185285 -0.0561388
4.8 0.0551604 -3.01642e-15 0.944827 2.52346e-15 0.193787 -0.0563861
4.9 0.0606537 -2.33771e-15 0.939334 9.69271e-16 0.202041 -0.0563996
5 0.0663706 -1.9575e-15 0.933617 -6.97721e-16 0.209987 -0.0561786
5.1 0.0722765 -5.88214e-15 0.927711 4.20225e-15 0.217569 -0.0557235
5.2 0.078334 -7.5534e-15 0.921653 8.22393e-15 0.224739 -0.0550384
5.3 0.084503 -6.37709e-15 0.915483 3.84227e-15 0.231445 -0.0541362
5.4 0.0907402 -6.41091e-15 0.909245 6.76356e-15 0.237647 -0.0530376
5.5 0.0970023 -1.06737e-14 0.902982 1.31748e-14 0.243316 -0.0517543
5.6 0.103246 -1.74099e-14 0.896737 1.82717e-14 0.24842 -0.0503153
5.7 0.109432 -1.61982e-14 0.89055 1.56333e-14 0.252933 -0.0487547
5.8 0.11552 -1.43337e-14 0.884462 1.29614e-14 0.256848 -0.0471043
5.9 0.121473 -7.02478e-15 0.878508 7.68434e-15 0.260159 -0.0453974
6 0.127263 2.55046e-15 0.872718 3.53643e-15 0.262864 -0.0436704
6.1 0.13286 6.64229e-15 0.867121 6.1709e-16 0.264996 -0.041951
6.2 0.138245 5.36682e-15 0.861736 -9.37541e-16 0.266589 -0.0402671
6.3 0.143407 7.05807e-15 0.856573 -2.67251e-15 0.267671 -0.0386329
6.4 0.148335 1.08849e-14 0.851644 -6.02937e-15 0.268268 -0.0370631
6.5 0.153021 9.85958e-15 0.846957 -6.70817e-15 0.268416 -0.0355655
6.6 0.15746 8.98281e-15 0.842517 -8.78933e-15 0.268151 -0.0341382
6.7 0.161645 3.68677e-15 0.838331 -7.19341e-15 0.267506 -0.0327691
6.8 0.165574 6.33162e-15 0.834402 -6.43434e-15 0.266521 -0.0314326
6.9 0.169239 1.03923e-14 0.830736 -7.5321e-15 0.265211 -0.0301214
7 0.172632 1.3717e-14 0.827341 -7.23164e-15 0.26359 -0.0288155
7.1 0.175742 8.10775e-15 0.824229 -2.39093e-15 0.261671 -0.0274955
7.2 0.178559 5.63054e-15 0.821412 7.75273e-16 0.259463 -0.0261432
7.3 0.181077 6.5275e-15 0.818893 2.40317e-15 0.256963 -0.0247485
7.4 0.183283 5.12692e-15 0.816685 3.18087e-15 0.254169 -0.0233041
7.5 0.185166 1.00541e-15 0.814801 5.40023e-17 0.251068 -0.0218032
7.6 0.186718 2.94351e-15 0.813249 -1.07186e-15 0.247657 -0.0202591
7.7 0.187937 6.48971e-17 0.81203 3.47395e-15 0.243939 -0.0186822
7.8 0.188822 -2.39468e-15 0.811143 3.69138e-15 0.239909 -0.0170964
7.9 0.189383 -1.0025e-15 0.810582 -1.46612e-15 0.235569 -0.015516
8 0.189635 7.84818e-16 0.81033 -5.20758e-15 0.230929 -0.0139612
8.1 0.189591 3.46949e-15 0.810373 -8.29967e-15 0.225996 -0.0124511
8.2 0.189271 8.71117e-15 0.810692 -9.8177e-15 0.220793 -0.0109997
8.3 0.188698 1.59079e-14 0.811264 -9.80322e-15 0.215338 -0.00961836
8.4 0.187898 1.80473e-14 0.812063 -1.22233e-14 0.209651 -0.00831924
8.5 0.186897 1.66072e-14 0.813064 -1.2565e-14 0.203758 -0.00710364
8.6 0.185719 1.45977e-14 0.814242 -1.4032e-14 0.197685 -0.00596791
8.7 0.184386 1.83944e-14 0.815574 -1.62844e-14 0.191454 -0.00490702
8.8 0.182919 1.91818e-14 0.81704 -1.5911e-14 0.185095 -0.0039166
8.9 0.181339 2.37959e-14 0.81862 -1.70257e-14 0.178626 -0.00298401
9 0.179662 2.40577e-14 0.820297 -1.83088e-14 0.172071 -0.0020984
9.1 0.177901 1.8136e-14 0.822057 -1.2371e-14 0.165445 -0.00125092
9.2 0.176072 1.99805e-14 0.823885 -1.55288e-14 0.158768 -0.000432551
9.3 0.174187 1.60531e-14 0.82577 -1.01685e-14 0.152052 0.000363647
9.4 0.172257 1.16437e-14 0.827699 -8.21697e-15 0.145315 0.00114037
9.5 0.170292 1.3976e-14 0.829664 -1.28814e-14 0.138567 0.00189993
9.6 0.1683 1.03734e-14 0.831655 -1.37346e-14 0.131822 0.00263862
9.7 0.166291 8.15018e-15 0.833664 -9.72838e-15 0.125093 0.00335136
9.8 0.164276 8.39524e-15 0.835679 -7.69162e-15 0.118391 0.0040294
9.9 0.162259 5.14968e-15 0.837696 -8.61298e-15 0.11174 0.00465924
10 0.16025 5.50315e-16 0.839704 -7.33246e-15 0.105152 0.0052303
10.1 0.158258 -5.03247e-16 0.841697 -6.67217e-15 0.0986491 0.00572752
10.2 0.156288 7.11741e-16 0.843666 -3.03631e-15 0.092254 0.00613799
10.3 0.154347 4.14523e-16 0.845607 -3.69376e-15 0.0859914 0.00645152
10.4 0.152442 1.74936e-15 0.847512 -5.025e-15 0.0798884 0.00665735
10.5 0.150576 2.7992e-15 0.849378 -6.01311e-15 0.0739723 0.00675203
10.6 0.148754 2.25184e-15 0.851201 -1.81943e-15 0.068269 0.00673118
10.7 0.146977 5.31383e-15 0.852977 -2.27653e-15 0.0628 0.00659818
10.8 0.145251 3.74628e-15 0.854703 -4.48905e-16 0.0575912 0.00635794
10.9 0.143575 5.23411e-15 0.85638 -1.99616e-15 0.0526641 0.00601637
11 0.141947 7.17109e-15 0.858007 -3.49543e-15 0.0480327 0.00558192
11.1 0.140365 4.75618e-15 0.859589 -3.378e-15 0.0437205 0.00508298
11.2 0.138829 3.80658e-15 0.861126 -1.8753e-15 0.0397286 0.00453293
11.3 0.137335 2.49035e-15 0.86262 -9.18703e-16 0.0360595 0.00395282
11.4 0.135876 3.07102e-15 0.864079 6.84013e-16 0.0327137 0.0033641
11.5 0.134456 3.39502e-15 0.865498 1.20208e-15 0.0296827 0.00278865
11.6 0.133067 3.883e-15 0.866887 1.28659e-15 0.0269524 0.00224658
11.7 0.131705 1.54656e-15 0.868249 3.60111e-15 0.0245058 0.00175801
11.8 0.130367 8.37792e-16 0.869587 3.1558e-15 0.0223193 0.00133753
11.9 0.12905 4.7645e-16 0.870904 4.37865e-15 0.0203653 0.000999409
12 0.127752 3.69725e-15 0.872203 2.26303e-15 0.0186173 0.000749247
12.1 0.126469 1.04943e-15 0.873485 4.99823e-15 0.0170454 0.000590266
12.2 0.125203 1.12473e-15 0.874752 3.59278e-15 0.0156208 0.000520416
12.3 0.123949 2.43072e-15 0.876005 2.45035e-15 0.0143151 0.000533556
12.4 0.12271 2.77049e-15 0.877244 3.07839e-15 0.0131025 0.000619256
12.5 0.121483 2.52898e-15 0.878471 2.75148e-15 0.0119604 0.000763234
12.6 0.120268 6.72752e-14 0.879686 -6.35945e-14 0.0108698 0.000948864
12.7 0.119064 -2.90294e-15 0.88089 -3.70213e-16 0.0098159 0.00115792
12.8 0.117874 1.68473e-16 0.882081 -1.28289e-15 0.00878927 0.00137056
12.9 0.116695 1.57423e-15 0.883259 -1.76376e-15 0.00778594 0.00156836
13 0.115528 2.34202e-15 0.884426 -2.34265e-15 0.00680445 0.00173251
13.1 0.114373 2.61907e-15 0.885581 -2.67025e-15 0.00585036 0.00185005
13.2 0.113231 2.74675e-15 0.886723 -2.46516e-15 0.00493103 0.00190921
13.3 0.1121 2.30801e-15 0.887854 -2.90452e-15 0.00405798 0.00190298
13.4 0.110981 2.73483e-15 0.888973 -2.98264e-15 0.00324047 0.0018269
13.5 0.109873 2.69669e-15 0.890081 -2.63447e-15 0.00249206 0.00168128
13.6 0.108777 3.48407e-15 0.891177 -2.26e-15 0.00182462 0.00147182
13.7 0.107693 7.37379e-16 0.892262 -1.58986e-15 0.00124872 0.00120693
13.8 0.106619 1.12714e-15 0.893335 -3.82749e-15 0.000772454 0.000899164
13.9 0.105557 1.30827e-15 0.894397 -2.41413e-15 0.000400956 0.000563371
14 0.104506 9.99966e-16 0.895449 -2.44801e-15 0.000135614 0.000216175
14.1 0.103466 6.23454e-16 0.896489 -2.63546e-15 -2.58638e-05 -0.000124991
14.2 0.102436 5.57748e-16 0.897519 -2.84446e-15 -8.95741e-05 -0.000443165
14.3 0.101416 3.89194e-16 0.898539 -3.04529e-15 -6.51943e-05 -0.000722347
14.4 0.100406 7.4226e-16 0.899548 -3.24491e-15 3.42467e-05 -0.000949618
14.5 0.099407 6.05386e-16 0.900547 -3.06963e-15 0.000192563 -0.00111194
14.6 0.0984175 5.21024e-16 0.901537 -3.12187e-15 0.000392179 -0.00120354
14.7 0.0974379 4.91302e-16 0.902516 -3.16227e-15 0.000613805 -0.00122018
14.8 0.0964678 5.78208e-16 0.903486 -3.2225e-15 0.000838759 -0.00116221
14.9 0.0955081 6.03838e-16 0.904446 -3.23019e-15 0.00104836 -0.00103422
15 0.0945578 5.91121e-16 0.905396 -3.23154e-15 0.001226 -0.000845374
15.1 0.093617 5.83711e-16 0.906337 -3.23565e-15 0.00135793 -0.000606902
15.2 0.0926855 5.12757e-16 0.907268 -3.26017e-15 0.0014333 -0.000333363
15.3 0.0917633 5.01288e-16 0.908191 -3.25193e-15 0.00144525 -4.08293e-05
15.4 0.0908502 7.4789e-16 0.909104 -3.17926e-15 0.00139088 0.000253797
15.5 0.0899463 6.06947e-16 0.910008 -3.21168e-15 0.00127151 0.000533464
15.6 0.0890513 1.59961e-16 0.910903 -3.29958e-15 0.00109242 0.000782265
15.7 0.0881652 2.37489e-16 0.911789 -3.29067e-15 0.000862661 0.000986183
15.8 0.087288 1.1806e-16 0.912666 -3.27028e-15 0.000593967 0.00113436
15.9 0.0864196 -5.80866e-17 0.913534 -3.29914e-15 0.000300479 0.00121844
16 0.0855598 4.77671e-17 0.914394 -3.26512e-15 -2.14356e-06 0.00123405
16.1 0.0847086 2.39773e-16 0.915245 -3.21836e-15 -0.000297696 0.00118074
16.2 0.0838657 -1.64171e-16 0.916088 -3.28049e-15 -0.00057036 0.00106196
16.3 0.0830312 8.53079e-16 0.916922 -3.22577e-15 -0.000805615 0.000884798
16.4 0.082205 3.53164e-16 0.917748 -3.24537e-15 -0.000991059 0.000659622
16.5 0.0813868 -1.23218e-15 0.918566 -3.41074e-15 -0.0011171 0.00039941
16.6 0.0805771 1.35732e-15 0.919376 -3.11173e-15 -0.0011775 0.00011902
16.7 0.0797752 -3.63445e-16 0.920178 -3.30092e-15 -0.0011697 -0.000165662
16.8 0.0789815 -9.05846e-16 0.920972 -3.41933e-15 -0.00109492 -0.000438629
16.9 0.0781956 -1.67265e-15 0.921758 -3.60353e-15 -0.000958128 -0.00068465
17 0.0774175 1.74663e-15 0.922536 -3.05265e-15 -0.000767683 -0.000890129
17.1 0.0766472 3.0857e-16 0.923306 -3.30946e-15 -0.00053487 -0.00104385
17.2 0.0758845 1.78262e-15 0.924069 -3.20254e-15 -0.000273239 -0.00113759
17.3 0.0751295 2.7459e-16 0.924824 -3.30118e-15 2.16557e-06 -0.00116657
17.4 0.0743819 1.88488e-16 0.925571 -3.33765e-15 0.0002758 -0.00112989
17.5 0.0736418 -4.66643e-16 0.926312 -3.39669e-15 0.000532005 -0.00102971
17.6 0.0729091 -2.29058e-16 0.927044 -3.34944e-15 0.000756537 -0.000872394
17.7 0.0721836 4.55802e-16 0.92777 -3.28768e-15 0.000936971 -0.000667229
17.8 0.0714654 -7.89319e-16 0.928488 -3.4702e-15 0.00106347 -0.000426139
17.9 0.0707543 -8.22018e-16 0.929199 -3.50068e-15 0.00112931 -0.000162969
18 0.0700503 -2.95831e-16 0.929903 -3.4148e-15 0.00113124 0.000107303
18.1 0.0693533 -5.22641e-16 0.9306 -3.45117e-15 0.00106963 0.000369421
18.2 0.0686632 -1.0732e-15 0.93129 -3.54784e-15 0.000948435 0.000608792
18.3 0.06798 -1.77072e-15 0.931973 -3.69544e-15 0.000774903 0.000812031
18.4 0.0673036 -2.95793e-16 0.93265 -3.50716e-15 0.0005592 0.000967998
18.5 0.0666339 4.07709e-16 0.933319 -3.37148e-15 0.000313783 0.0010683
18.6 0.0659709 -8.65787e-16 0.933983 -3.61942e-15 5.26804e-05 0.00110773
18.7 0.0653144 6.24112e-16 0.934639 -3.37283e-15 -0.000209307 0.00108456
18.8 0.0646645 -2.32732e-16 0.935289 -3.55878e-15 -0.000457444 0.00100058
18.9 0.0640211 -1.44176e-15 0.935932 -3.79445e-15 -0.00067789 0.000861006
19 0.0633841 -2.55595e-16 0.936569 -3.52686e-15 -0.000858469 0.000674113
19.1 0.0627534 -9.84989e-16 0.9372 -3.70265e-15 -0.000989344 0.000450786
19.2 0.062129 1.3349e-17 0.937824 -3.55743e-15 -0.00106355 0.000203873
19.3 0.0615108 -3.63518e-17 0.938443 -3.63261e-15 -0.00107736 -5.25567e-05
19.4 0.0608988 1.34955e-17 0.939055 -3.63686e-15 -0.00103048 -0.000304009
19.5 0.0602928 1.24315e-17 0.939661 -3.69428e-15 -0.000926015 -0.000536382
19.6 0.0596929 8.80969e-17 0.94026 -3.59637e-15 -0.000770304 -0.000736761
19.7 0.0590989 7.83522e-17 0.940854 -3.58653e-15 -0.00057244 -0.000894196
19.8 0.0585109 -4.08613e-16 0.941442 -3.70004e-15 -0.000343993 -0.00100003
19.9 0.0579287 -3.23766e-17 0.942025 -3.64799e-15 -9.8004e-05 -0.00104879
20 0.0573523 -5.20159e-19 0.942601 -3.67043e-15 0.000151556 -0.0010382
