0 0 0 1 0 0 0
0.1 1.71713e-07 2.37825e-24 1 -2.68834e-24 4.82626e-05 -0.000411135
0.2 7.90752e-07 2.35459e-24 0.999999 -9.33482e-24 0.000195224 -0.00086556
0.3 2.03532e-06 -1.66079e-20 0.999998 1.56177e-22 0.000448363 -0.00134883
0.4 4.11302e-06 -1.62068e-19 0.999996 -2.11296e-19 0.000811615 -0.0018465
0.5 7.25963e-06 -4.74914e-19 0.999993 4.56709e-20 0.0012855 -0.00234506
0.6 1.17375e-05 -1.87096e-18 0.999988 1.03885e-20 0.00186745 -0.00283288
0.7 1.78344e-05 -3.74688e-18 0.999982 9.37113e-19 0.00255236 -0.00330094
0.8 2.58633e-05 -5.71802e-18 0.999974 1.4037e-18 0.00333329 -0.00374353
0.9 3.61659e-05 -3.89494e-18 0.999963 2.19494e-18 0.00420231 -0.0041587
1 4.912e-05 -9.20351e-18 0.99995 1.19736e-18 0.0051514 -0.00454851
1.1 6.51538e-05 -8.09993e-18 0.999934 -2.09014e-18 0.00617341 -0.00491909
1.2 8.47689e-05 -1.35471e-17 0.999914 -1.42391e-18 0.00726297 -0.00528041
1.3 0.000108574 -2.54895e-17 0.99989 2.99483e-18 0.00841736 -0.00564593
1.4 0.000137332 -3.71289e-17 0.99986 1.27261e-18 0.0096372 -0.006032
1.5 0.000172019 -3.26463e-17 0.999825 5.66552e-18 0.0109271 -0.00645707
1.6 0.000213902 -2.95783e-17 0.999783 8.35398e-18 0.0122958 -0.00694093
1.7 0.00026463 -2.17182e-17 0.999732 1.27315e-17 0.0137569 -0.00750338
1.8 0.00032685 -1.475e-17 0.99967 3.17372e-17 0.0153279 -0.00816373
1.9 0.000402977 -3.43186e-17 0.999594 1.06768e-17 0.0170306 -0.00893999
2 0.000497121 -6.76229e-17 0.999499 -3.21747e-18 0.0188902 -0.00984767
2.1 0.000613484 -1.12832e-16 0.999383 1.41898e-17 0.020935 -0.0108993
2.2 0.000757392 -1.42929e-16 0.999239 3.01927e-17 0.023195 -0.0121034
2.3 0.000935544 -4.78475e-17 0.999061 3.2384e-17 0.0257016 -0.0134647
2.4 0.00115612 -1.78332e-16 0.99884 4.99029e-17 0.0284862 -0.0149834
2.5 0.00142783 -2.45665e-16 0.998568 1.79077e-17 0.0315792 -0.0166553
2.6 0.0017613 -9.98115e-17 0.998235 -6.85611e-17 0.035009 -0.0184722
2.7 0.00216838 -1.5644e-16 0.997826 -1.11914e-16 0.0388022 -0.0204225
2.8 0.00266295 -3.06257e-17 0.99733 -2.30841e-16 0.0429784 -0.0224897
2.9 0.00325881 -1.79006e-16 0.996733 -3.15646e-16 0.0475556 -0.0246548
3 0.00397213 -1.54829e-16 0.996018 -3.11483e-16 0.0525469 -0.0268967
3.1 0.00481951 4.51268e-17 0.99517 -2.84902e-16 0.0579577 -0.0291928
3.2 0.00581848 1.66354e-16 0.99417 -1.47625e-16 0.0637867 -0.0315183
3.3 0.00698738 -8.33808e-18 0.993001 -1.48572e-16 0.0700288 -0.0338507
3.4 0.00834448 2.16381e-16 0.991644 1.30912e-16 0.076672 -0.036167
3.5 0.00990849 3.08644e-16 0.99008 2.76216e-16 0.0836996 -0.038445
3.6 0.0116975 4.32721e-16 0.988291 8.55525e-16 0.091088 -0.0406626
3.7 0.0137289 5.6853e-16 0.986259 9.15453e-16 0.0988106 -0.0427993
3.8 0.016019 6.82763e-16 0.983969 1.30619e-15 0.106834 -0.0448357
3.9 0.0185824 7.45987e-16 0.981406 1.94969e-15 0.11512 -0.0467554
4 0.021432 8.97575e-16 0.978556 2.1309e-15 0.12363 -0.0485418
4.1 0.0245786 8.64481e-16 0.97541 2.6129e-15 0.13232 -0.0501788
4.2 0.0280313 -3.15926e-16 0.971957 3.38471e-15 0.141144 -0.0516519
4.3 0.0317945 -4.96923e-16 0.968194 4.53082e-15 0.150051 -0.0529481
4.4 0.0358694 -2.79617e-15 0.964119 7.13458e-15 0.158989 -0.0540537
4.5 0.0402511 -3.85474e-15 0.959737 8.36029e-15 0.167904 -0.0549573
4.6 0.0449347 -2.4689e-15 0.955053 6.73402e-15 0.176741 -0.0556486
4.7 0.0499059 -2.26011e-15 0.950082 6.6939e-15 0.185445 -0.0561186
4.8 0.0551488 -1.41889e-15 0.944839 6.43662e-15 0.193954 -0.0563591
4.9 0.0606386 -4.35527e-15 0.939349 9.37784e-15 0.202213 -0.056367
5 0.0663482 -5.15097e-15 0.933639 1.16539e-14 0.210164 -0.0561432
5.1 0.0722477 -6.65103e-15 0.927739 1.37268e-14 0.217753 -0.0556865
5.2 0.0783004 -4.99542e-15 0.921686 1.27051e-14 0.224927 -0.0549981
5.3 0.0844629 -6.50347e-15 0.915523 1.38808e-14 0.231637 -0.0540939
5.4 0.0906948 -1.09957e-14 0.90929 1.77065e-14 0.237842 -0.0529963
5.5 0.0969494 -1.03701e-14 0.903035 1.89789e-14 0.243514 -0.0517164
5.6 0.103186 -1.47904e-14 0.896797 1.95644e-14 0.248622 -0.0502873
5.7 0.109366 -1.44718e-14 0.890617 2.60461e-14 0.253142 -0.0487377
5.8 0.115448 -1.25033e-14 0.884534 2.37648e-14 0.257068 -0.0471005
5.9 0.1214 -8.30533e-15 0.878582 2.597e-14 0.260393 -0.0454078
6 0.127187 -4.86694e-15 0.872794 2.01295e-14 0.263117 -0.0436929
6.1 0.132784 1.85338e-15 0.867197 1.46514e-14 0.265266 -0.041982
6.2 0.138172 9.70996e-15 0.86181 9.70783e-15 0.266886 -0.0403055
6.3 0.143339 1.2193e-14 0.856642 1.00992e-14 0.267995 -0.0386756
6.4 0.148271 1.90451e-14 0.851708 2.2138e-15 0.268618 -0.0371087
6.5 0.152958 2.64834e-14 0.847021 -2.1901e-15 0.268793 -0.0356092
6.6 0.157398 3.92277e-14 0.84258 -1.0292e-14 0.268557 -0.034174
6.7 0.161585 3.65716e-14 0.838392 -7.38358e-15 0.26794 -0.0327927
6.8 0.165511 3.2902e-14 0.834465 -2.575e-15 0.266985 -0.0314452
6.9 0.169172 3.15214e-14 0.830803 5.17129e-15 0.265696 -0.0301202
7 0.172558 2.75104e-14 0.827416 1.31096e-14 0.264099 -0.0287981
7.1 0.175657 2.59682e-14 0.824315 1.42354e-14 0.2622 -0.0274654
7.2 0.178457 2.18941e-14 0.821514 2.30598e-14 0.260012 -0.0260993
7.3 0.180962 1.28662e-14 0.819008 3.30845e-14 0.25753 -0.02469
7.4 0.183149 1.16727e-14 0.81682 3.68507e-14 0.254744 -0.0232294
7.5 0.185012 6.39062e-15 0.814956 4.7353e-14 0.251656 -0.0217191
7.6 0.186543 3.07552e-15 0.813424 5.1036e-14 0.248259 -0.0201687
7.7 0.187741 -2.32553e-18 0.812226 5.40887e-14 0.244551 -0.0185895
7.8 0.188603 -2.50193e-15 0.811364 5.63701e-14 0.240534 -0.017002
7.9 0.189141 2.29232e-15 0.810825 4.98498e-14 0.236207 -0.0154213
8 0.18937 8.3713e-15 0.810595 4.85626e-14 0.231574 -0.0138693
8.1 0.189305 1.21715e-14 0.810659 4.36264e-14 0.226652 -0.0123619
8.2 0.188966 2.25363e-14 0.810998 3.71127e-14 0.221459 -0.0109139
8.3 0.188377 3.1705e-14 0.811586 2.77498e-14 0.21601 -0.00953773
8.4 0.187563 4.09992e-14 0.812399 2.07464e-14 0.210327 -0.00824249
8.5 0.186547 4.78631e-14 0.813415 1.50764e-14 0.204438 -0.00702952
8.6 0.185353 5.73768e-14 0.814607 1.06045e-14 0.198366 -0.00589639
8.7 0.184007 5.9183e-14 0.815953 8.63518e-15 0.192134 -0.00483977
8.8 0.182528 6.26889e-14 0.817431 1.79108e-15 0.185769 -0.00385175
8.9 0.180937 6.22009e-14 0.819022 -2.60907e-15 0.179292 -0.00292253
9 0.179251 6.33191e-14 0.820708 -4.11775e-15 0.172725 -0.00203993
9.1 0.177482 6.13325e-14 0.822476 -1.95341e-15 0.166084 -0.00119632
9.2 0.175646 5.76829e-14 0.824312 1.72234e-15 0.159388 -0.000382102
9.3 0.173755 4.90499e-14 0.826203 7.08071e-15 0.152652 0.000409812
9.4 0.17182 4.49447e-14 0.828137 9.8162e-15 0.145888 0.00118115
9.5 0.16985 4.23757e-14 0.830107 1.34994e-14 0.13911 0.001932
9.6 0.167856 4.15554e-14 0.8321 1.75738e-14 0.132334 0.00265991
9.7 0.165845 4.19994e-14 0.834111 1.7988e-14 0.125571 0.00335935
9.8 0.163827 3.99465e-14 0.836128 2.49159e-14 0.118842 0.00402097
9.9 0.161811 3.56176e-14 0.838144 2.82151e-14 0.112159 0.00463506
10 0.159803 3.3129e-14 0.840151 2.93019e-14 0.105541 0.00518919
10.1 0.157813 3.26024e-14 0.842142 3.09024e-14 0.0990102 0.00566968
10.2 0.155847 3.11011e-14 0.844108 2.9974e-14 0.0925893 0.00606404
10.3 0.153912 2.9705e-14 0.846043 3.18175e-14 0.0863033 0.00636204
10.4 0.152012 3.00964e-14 0.847942 3.05084e-14 0.0801791 0.00655287
10.5 0.150153 3.16305e-14 0.849801 2.69886e-14 0.0742436 0.00663188
10.6 0.148338 3.59659e-14 0.851615 2.64176e-14 0.0685228 0.00659772
10.7 0.146571 3.99082e-14 0.853382 2.39639e-14 0.0630424 0.00645008
10.8 0.144854 4.20398e-14 0.8551 2.18721e-14 0.0578224 0.00619932
10.9 0.143186 4.37279e-14 0.856767 2.12799e-14 0.0528844 0.00585114
11 0.141567 4.42974e-14 0.858387 2.08711e-14 0.048248 0.0054153
11.1 0.139993 4.51245e-14 0.859961 1.96749e-14 0.0439286 0.00491378
11.2 0.138465 4.49103e-14 0.861489 1.9863e-14 0.0399301 0.00436461
11.3 0.136978 4.78101e-14 0.862976 1.91355e-14 0.0362576 0.00378651
11.4 0.135528 4.73121e-14 0.864426 2.03364e-14 0.0329071 0.00320172
11.5 0.134112 4.69198e-14 0.865841 2.10319e-14 0.0298713 0.00263277
11.6 0.132729 4.47127e-14 0.867224 2.06787e-14 0.0271363 0.00209993
11.7 0.131373 4.48475e-14 0.868581 2.05481e-14 0.024685 0.00162076
11.8 0.13004 4.31796e-14 0.869913 2.14418e-14 0.0224925 0.00121287
11.9 0.128727 4.18195e-14 0.871226 2.24623e-14 0.0205315 0.000886706
12 0.127433 3.98557e-14 0.872521 2.3185e-14 0.0187746 0.00064848
12.1 0.126155 3.94097e-14 0.873798 2.42119e-14 0.0171935 0.000501118
12.2 0.124892 3.84003e-14 0.875062 2.52491e-14 0.0157596 0.000442251
12.3 0.123642 3.76618e-14 0.876311 2.60988e-14 0.0144438 0.000465527
12.4 0.122406 3.75283e-14 0.877547 2.665e-14 0.0132208 0.000560546
12.5 0.121182 3.63331e-14 0.878771 2.6518e-14 0.0120675 0.000712252
12.6 0.11997 3.61336e-14 0.879982 2.62037e-14 0.0109659 0.000904273
12.7 0.118769 3.64678e-14 0.881183 2.62919e-14 0.00990136 0.00111857
12.8 0.117582 3.58879e-14 0.882371 2.66316e-14 0.00886503 0.0013352
12.9 0.116406 3.54145e-14 0.883546 2.70297e-14 0.00785282 0.00153614
13 0.115243 3.55572e-14 0.88471 2.70087e-14 0.00686329 0.00170264
13.1 0.114092 3.54651e-14 0.885862 2.74752e-14 0.00590307 0.00182144
13.2 0.112952 3.56328e-14 0.887002 2.77167e-14 0.00497955 0.00188281
13.3 0.111824 3.56171e-14 0.88813 2.79096e-14 0.00410031 0.00187829
13.4 0.110707 3.4208e-14 0.889246 2.83775e-14 0.00327871 0.00180366
13.5 0.109602 3.28018e-14 0.890351 2.85501e-14 0.00252681 0.00165937
13.6 0.108509 3.22731e-14 0.891445 2.85417e-14 0.00185625 0.00145136
13.7 0.107427 3.14925e-14 0.892526 2.8737e-14 0.00127771 0.00118789
13.8 0.106356 3.21236e-14 0.893597 2.93275e-14 0.000798475 0.000881575
13.9 0.105297 3.1038e-14 0.894657 2.96512e-14 0.000424396 0.00054721
14 0.104248 3.01945e-14 0.895706 2.97564e-14 0.00015663 0.000201214
14.1 0.10321 3.00942e-14 0.896744 2.97824e-14 -7.00707e-06 -0.000139078
14.2 0.102183 2.93352e-14 0.897771 3.02896e-14 -7.27525e-05 -0.00045694
14.3 0.101166 2.91095e-14 0.898788 3.05707e-14 -4.95624e-05 -0.000735364
14.4 0.100158 2.88467e-14 0.899795 3.09396e-14 4.90003e-05 -0.000961975
14.5 0.099161 2.85054e-14 0.900792 3.13177e-14 0.00020645 -0.00112375
14.6 0.098174 2.8197e-14 0.901779 3.16898e-14 0.000405518 -0.00121411
14.7 0.0971968 2.79391e-14 0.902756 3.20037e-14 0.000626721 -0.00122933
14.8 0.0962297 2.76735e-14 0.903723 3.22922e-14 0.00085115 -0.00117034
14.9 0.0952721 2.73579e-14 0.90468 3.25824e-14 0.00106052 -0.00104132
15 0.0943242 2.70745e-14 0.905628 3.28548e-14 0.00123779 -0.00085143
15.1 0.0933857 2.68432e-14 0.906567 3.31419e-14 0.00136944 -0.000611877
15.2 0.0924566 2.6575e-14 0.907496 3.34105e-14 0.00144455 -0.000337184
15.3 0.0915366 2.6301e-14 0.908416 3.36753e-14 0.00145624 -4.34128e-05
15.4 0.0906258 2.59717e-14 0.909327 3.39261e-14 0.00140156 0.000252564
15.5 0.0897241 2.52043e-14 0.910228 3.40842e-14 0.00128176 0.00053367
15.6 0.0888313 2.5005e-14 0.911121 3.43159e-14 0.00110211 0.000783977
15.7 0.0879474 2.48885e-14 0.912005 3.45981e-14 0.0008714 0.000989401
15.8 0.0870724 2.4952e-14 0.91288 3.49137e-14 0.000601763 0.00113882
15.9 0.0862062 2.44513e-14 0.913746 3.51489e-14 0.000307069 0.0012242
16 0.0853486 2.38856e-14 0.914604 3.53623e-14 3.00024e-06 0.00124096
16.1 0.0844994 2.43329e-14 0.915453 3.569e-14 -0.000294225 0.00118857
16.2 0.0836588 2.38402e-14 0.916293 3.58747e-14 -0.000568759 0.00107042
16.3 0.0828263 2.32829e-14 0.917125 3.60632e-14 -0.000806028 0.000893539
16.4 0.082002 2.35527e-14 0.917949 3.63791e-14 -0.000993559 0.000668234
16.5 0.081186 2.49409e-14 0.918766 3.68277e-14 -0.00112168 0.000407451
16.6 0.080378 2.26428e-14 0.919574 3.67928e-14 -0.00118404 0.000126037
16.7 0.0795782 2.2053e-14 0.920374 3.70096e-14 -0.00117797 -0.000160112
16.8 0.0787864 2.44032e-14 0.921166 3.76404e-14 -0.00110461 -0.000434948
16.9 0.0780025 2.21332e-14 0.92195 3.75276e-14 -0.000968813 -0.000683176
17 0.0772263 2.27339e-14 0.922726 3.78835e-14 -0.000778852 -0.000891104
17.1 0.0764579 2.20335e-14 0.923494 3.79758e-14 -0.00054595 -0.0010474
17.2 0.0756972 2.14071e-14 0.924255 3.81223e-14 -0.000283625 -0.00114371
17.3 0.074944 2.23953e-14 0.925008 3.85054e-14 -6.91529e-06 -0.00117511
17.4 0.0741982 2.17068e-14 0.925754 3.86497e-14 0.000268603 -0.00114056
17.5 0.07346 2.12716e-14 0.926492 3.88653e-14 0.000527203 -0.00104208
17.6 0.072729 2.10983e-14 0.927223 3.91346e-14 0.000754541 -0.000885902
17.7 0.0720054 1.98578e-14 0.927947 3.91842e-14 0.000938057 -0.000681218
17.8 0.0712889 1.98305e-14 0.928663 3.93996e-14 0.00106776 -0.000439884
17.9 0.0705796 1.95589e-14 0.929373 3.96486e-14 0.00113675 -0.000175718
18 0.0698773 2.16989e-14 0.930075 4.01157e-14 0.0011416 9.62929e-05
18.1 0.069182 1.96605e-14 0.93077 4.00561e-14 0.0010825 0.000360835
18.2 0.0684936 1.98609e-14 0.931458 4.03412e-14 0.000963238 0.000603215
18.3 0.0678121 1.94287e-14 0.93214 4.05123e-14 0.000790927 0.000809911
18.4 0.0671374 2.00469e-14 0.932815 4.08825e-14 0.00057563 0.00096961
18.5 0.0664693 2.01302e-14 0.933483 4.10885e-14 0.000329737 0.00107372
18.6 0.0658079 2.03906e-14 0.934144 4.1356e-14 6.72636e-05 0.00111683
18.7 0.0651531 1.92353e-14 0.934799 4.13546e-14 -0.000196953 0.001097
18.8 0.0645049 1.83868e-14 0.935447 4.14056e-14 -0.00044809 0.00101581
18.9 0.063863 1.90271e-14 0.936089 4.17582e-14 -0.000672171 0.000878287
19 0.0632276 1.8108e-14 0.936724 4.17942e-14 -0.000856842 0.000692578
19.1 0.0625985 1.8109e-14 0.937354 4.1988e-14 -0.000992054 0.00046946
19.2 0.0619756 1.77323e-14 0.937976 4.20582e-14 -0.00107061 0.00022173
19.3 0.0613589 1.68044e-14 0.938593 4.21011e-14 -0.00108853 -3.65365e-05
19.4 0.0607484 1.65484e-14 0.939204 4.2258e-14 -0.00104528 -0.000290778
19.5 0.0601439 1.60651e-14 0.939808 4.24142e-14 -0.00094376 -0.000526771
19.6 0.0595455 1.69803e-14 0.940407 4.27771e-14 -0.000790101 -0.000731425
19.7 0.058953 1.64514e-14 0.940999 4.29211e-14 -0.000593254 -0.000893572
19.8 0.0583664 1.65001e-14 0.941586 4.30987e-14 -0.000364698 -0.0010043
19.9 0.0577857 1.63555e-14 0.942166 4.32729e-14 -0.000117444 -0.00105787
20 0.0572107 1.64336e-14 0.942741 4.34904e-14 0.000134503 -0.00105173
