0 0 0 1 0 0 0
0.1 1.71713e-07 2.37825e-24 1 -2.68834e-24 4.82624e-05 -0.000411091
0.2 7.90709e-07 1.17131e-23 0.999999 2.36648e-26 0.000195203 -0.000865333
0.3 2.03503e-06 -2.51957e-22 0.999998 -1.51266e-22 0.000448249 -0.00134819
0.4 4.11192e-06 -1.38894e-19 0.999996 2.02146e-20 0.000811253 -0.00184515
0.5 7.2565e-06 -7.5029e-19 0.999993 -1.36349e-19 0.00128463 -0.00234264
0.6 1.17301e-05 9.7382e-19 0.999988 8.19791e-19 0.00186568 -0.002829
0.7 1.7819e-05 3.65761e-19 0.999982 -5.65318e-19 0.00254918 -0.00329524
0.8 2.58343e-05 -2.19454e-19 0.999974 -8.47123e-20 0.00332805 -0.0037357
0.9 3.61152e-05 2.52553e-18 0.999964 -3.64251e-18 0.00419424 -0.00414853
1 4.90368e-05 3.62685e-18 0.99995 -1.40669e-18 0.00513964 -0.0045359
1.1 6.50244e-05 9.69229e-18 0.999934 -7.46173e-18 0.00615705 -0.00490409
1.2 8.45771e-05 1.00663e-17 0.999914 -4.2208e-18 0.00724108 -0.00526325
1.3 0.000108302 1.81875e-17 0.99989 -4.58459e-18 0.00838905 -0.00562699
1.4 0.000136959 1.16542e-17 0.999861 -2.46805e-18 0.00960167 -0.0060118
1.5 0.000171528 8.35019e-18 0.999826 -6.33877e-18 0.0108836 -0.00643627
1.6 0.000213278 -6.06267e-18 0.999784 2.4231e-18 0.0122439 -0.00692023
1.7 0.000263865 -9.52384e-18 0.999733 5.65733e-18 0.0136963 -0.00748354
1.8 0.000325993 6.60444e-18 0.999671 3.29548e-18 0.0152584 -0.00814546
1.9 0.000402063 -1.28078e-17 0.999595 -1.43462e-17 0.0169523 -0.00892387
2 0.000496213 5.06426e-18 0.9995 -2.07192e-17 0.0188032 -0.00983414
2.1 0.000612651 4.00317e-17 0.999384 -2.75264e-17 0.0208396 -0.0108885
2.2 0.000756721 1.31879e-16 0.99924 -4.13406e-17 0.0230916 -0.0120954
2.3 0.000935129 1.14052e-16 0.999061 -1.07362e-16 0.0255905 -0.013459
2.4 0.00115569 1.60239e-16 0.99884 -6.07186e-17 0.0283677 -0.0149793
2.5 0.0014276 1.3596e-16 0.998568 -6.72814e-17 0.0314533 -0.0166519
2.6 0.00176132 9.45061e-17 0.998235 -7.46334e-17 0.0348754 -0.0184681
2.7 0.00216875 1.29199e-16 0.997827 -6.17642e-17 0.0386591 -0.0204154
2.8 0.00266306 1.48145e-16 0.997333 -5.50226e-17 0.0428257 -0.0224778
2.9 0.00325886 -7.26107e-17 0.996737 3.3639e-17 0.0473917 -0.0246367
3 0.00397178 6.86563e-17 0.996024 1.5671e-17 0.0523694 -0.0268718
3.1 0.00481862 -7.6714e-17 0.995176 -1.54263e-18 0.0577684 -0.0291628
3.2 0.00581693 -3.39907e-16 0.994176 -8.74585e-17 0.0635786 -0.0314802
3.3 0.00698479 -1.88254e-16 0.993006 8.98351e-17 0.0697983 -0.0338033
3.4 0.00834083 -3.09216e-16 0.991649 1.31732e-16 0.0764151 -0.0361104
3.5 0.00990345 -7.61877e-16 0.990086 2.62057e-16 0.0834129 -0.038379
3.6 0.0116903 -1.084e-15 0.988298 6.00824e-16 0.0907687 -0.0405881
3.7 0.013719 -1.98428e-15 0.986269 7.97583e-16 0.0984551 -0.0427179
3.8 0.0160063 -3.05368e-15 0.983981 1.1223e-15 0.10644 -0.0447501
3.9 0.0185666 -1.89691e-15 0.98142 1.00577e-15 0.114687 -0.0466673
4 0.0214128 -1.89382e-15 0.978574 1.00508e-15 0.123158 -0.0484531
4.1 0.0245557 -2.55323e-15 0.97543 5.49272e-16 0.131808 -0.0500923
4.2 0.0280056 5.58582e-16 0.97198 -2.51574e-15 0.140592 -0.0515698
4.3 0.0317669 2.65642e-15 0.968218 -5.11346e-15 0.14946 -0.0528726
4.4 0.0358409 4.96148e-15 0.964145 -7.50412e-15 0.15836 -0.0539851
4.5 0.040225 1.14091e-14 0.95976 -1.60644e-14 0.167238 -0.0548968
4.6 0.0449094 1.30144e-14 0.955075 -1.67609e-14 0.176039 -0.0555975
4.7 0.0498841 7.13964e-15 0.9501 -1.17838e-14 0.184705 -0.0560768
4.8 0.0551304 -1.88002e-15 0.944853 -3.44604e-15 0.193179 -0.0563272
4.9 0.0606276 3.31596e-15 0.939356 -8.02335e-15 0.201405 -0.0563403
5 0.0663476 4.90318e-15 0.933637 -1.05879e-14 0.209325 -0.0561159
5.1 0.0722588 -3.08164e-15 0.927727 -1.78689e-15 0.216884 -0.055658
5.2 0.0783219 -4.69002e-15 0.921664 -2.07556e-16 0.224031 -0.0549668
5.3 0.0844961 -4.07195e-15 0.91549 1.92618e-15 0.230717 -0.0540561
5.4 0.0907389 -4.83998e-15 0.909248 2.10074e-15 0.236898 -0.0529419
5.5 0.0970053 -6.84775e-15 0.902981 4.04624e-15 0.242537 -0.0516436
5.6 0.103255 -4.55885e-15 0.89673 -1.47099e-15 0.247603 -0.0502148
5.7 0.109438 -8.01527e-15 0.890548 5.28323e-15 0.252076 -0.0486343
5.8 0.115523 -8.90244e-15 0.884463 6.63187e-15 0.255955 -0.0469703
5.9 0.121472 -1.48055e-14 0.878514 1.06692e-14 0.259232 -0.0452489
6 0.127254 -1.89141e-14 0.872731 1.3119e-14 0.261917 -0.0435048
6.1 0.132844 -2.56207e-14 0.867141 2.17252e-14 0.264027 -0.0417672
6.2 0.138222 -2.94894e-14 0.861762 2.48743e-14 0.265581 -0.0400657
6.3 0.143378 -3.75974e-14 0.856604 3.52938e-14 0.266619 -0.0384186
6.4 0.148298 -4.16231e-14 0.851684 3.4854e-14 0.267182 -0.0368338
6.5 0.152976 -4.28634e-14 0.847005 3.58848e-14 0.267297 -0.0353185
6.6 0.157387 -3.64693e-14 0.842593 2.46999e-14 0.267006 -0.033871
6.7 0.161547 -3.69111e-14 0.838431 2.52499e-14 0.266327 -0.0324825
6.8 0.165449 -3.00595e-14 0.834529 1.87697e-14 0.265301 -0.0311379
6.9 0.169088 -2.71351e-14 0.830888 1.96045e-14 0.263955 -0.029821
7 0.172454 -1.64948e-14 0.827522 1.02193e-14 0.262305 -0.0285041
7.1 0.17554 -9.58997e-15 0.824435 3.59469e-15 0.26036 -0.0271731
7.2 0.178334 -1.09972e-15 0.82164 -3.77761e-15 0.258121 -0.0258091
7.3 0.180822 7.64102e-15 0.819152 -6.55909e-15 0.255597 -0.024393
7.4 0.182995 -2.78543e-15 0.816978 4.89217e-15 0.252775 -0.0229247
7.5 0.184847 8.04585e-15 0.815124 -7.12648e-15 0.249649 -0.0214075
7.6 0.186359 -6.56788e-17 0.81361 -8.23095e-15 0.246229 -0.0198507
7.7 0.187544 -2.04907e-15 0.812424 3.1958e-15 0.242507 -0.0182668
7.8 0.188392 -3.6252e-15 0.811576 -4.0479e-15 0.238485 -0.0166627
7.9 0.188911 -2.16217e-14 0.811056 6.26855e-15 0.234157 -0.0150527
8 0.189129 -2.24866e-14 0.810838 1.13327e-14 0.229527 -0.0134718
8.1 0.18905 -1.97872e-14 0.810917 1.5034e-14 0.224618 -0.0119281
8.2 0.188688 -1.90544e-14 0.811278 1.51412e-14 0.219434 -0.0104397
8.3 0.188068 -3.45563e-14 0.811898 1.81825e-14 0.214006 -0.00902256
8.4 0.187216 -4.66218e-14 0.812749 2.78916e-14 0.208355 -0.00768505
8.5 0.186161 -4.23183e-14 0.813804 2.80857e-14 0.202501 -0.00642523
8.6 0.184923 -3.74845e-14 0.815042 2.38731e-14 0.19647 -0.00524622
8.7 0.183532 -8.40045e-15 0.816433 -4.8484e-15 0.190296 -0.00414002
8.8 0.181998 -6.40673e-14 0.817967 5.86351e-14 0.18401 -0.00310058
8.9 0.180349 -7.44979e-14 0.819616 7.06698e-14 0.177614 -0.00211786
9 0.178596 -6.58423e-14 0.821368 6.98606e-14 0.171127 -0.00118392
9.1 0.176763 -6.31536e-14 0.823201 8.28131e-14 0.164575 -0.000290247
9.2 0.174858 -8.16951e-14 0.825105 1.04605e-13 0.157967 0.000571246
9.3 0.1729 -8.99286e-14 0.827063 1.1188e-13 0.151329 0.00141174
9.4 0.170903 -8.29174e-14 0.82906 1.11714e-13 0.144667 0.00221926
9.5 0.168863 -6.32429e-14 0.8311 8.8228e-14 0.137997 0.00301429
9.6 0.166808 -3.56658e-14 0.833155 6.20117e-14 0.131323 0.00377651
9.7 0.164739 1.96553e-15 0.835225 2.94013e-14 0.124661 0.00450841
9.8 0.162662 8.14369e-15 0.837301 3.04516e-14 0.118029 0.00519577
9.9 0.16059 2.05234e-14 0.839374 2.91674e-14 0.111447 0.00583136
10 0.158523 6.51043e-14 0.841441 -7.34614e-15 0.104926 0.00639852
10.1 0.156475 1.45134e-13 0.843489 -1.19867e-13 0.0984879 0.00688765
10.2 0.154454 -1.25271e-13 0.84551 4.4447e-14 0.0921531 0.00728945
10.3 0.152467 -3.08679e-14 0.847496 -4.2382e-14 0.0859469 0.0075817
10.4 0.150517 -1.96716e-13 0.849447 3.18975e-13 0.0798976 0.00776314
10.5 0.148611 6.16491e-14 0.851352 1.19194e-13 0.0740333 0.00782757
10.6 0.14676 2.3366e-13 0.853204 -6.86622e-14 0.0683779 0.00777155
10.7 0.144957 7.80749e-13 0.855007 -5.93147e-13 0.062958 0.00760118
10.8 0.143208 4.20748e-13 0.856757 -3.34766e-13 0.0577907 0.00732047
10.9 0.141512 2.00742e-13 0.858453 -1.89569e-13 0.052904 0.00693958
11 0.139874 1.55848e-13 0.860091 -1.59863e-13 0.0483127 0.00647253
11.1 0.138285 8.05867e-14 0.861679 -8.70502e-14 0.0440301 0.00593923
11.2 0.136745 3.4754e-14 0.86322 -4.51112e-14 0.0400624 0.00535669
11.3 0.135249 7.44524e-14 0.864716 -7.14104e-14 0.0364114 0.00474794
11.4 0.133796 1.54972e-13 0.866169 -1.27358e-13 0.0330766 0.00413281
11.5 0.132378 3.80986e-13 0.867586 -3.26308e-13 0.0300479 0.00353608
11.6 0.130994 6.82314e-13 0.86897 -6.66366e-13 0.0273133 0.0029752
11.7 0.129638 3.45395e-13 0.870326 -3.08739e-13 0.0248563 0.00246754
11.8 0.128309 2.74681e-13 0.871655 -2.67575e-13 0.0226523 0.00202981
11.9 0.127001 2.096e-13 0.872963 -1.65212e-13 0.0206769 0.00167332
12 0.125714 1.49661e-13 0.87425 -8.24615e-14 0.0189024 0.00140366
12.1 0.124445 -2.59279e-13 0.875518 3.34618e-13 0.0173008 0.00122356
12.2 0.123194 3.35116e-14 0.87677 7.96663e-13 0.0158452 0.00113084
12.3 0.121956 -1.18413e-13 0.878008 4.95233e-13 0.0145082 0.00111913
12.4 0.120733 1.04526e-13 0.879231 4.24623e-13 0.0132631 0.00117587
12.5 0.119524 1.1762e-12 0.88044 1.04278e-12 0.0120876 0.00128582
12.6 0.118329 1.23066e-12 0.881636 1.60205e-12 0.0109661 0.00143664
12.7 0.117144 5.23449e-13 0.88282 9.14139e-13 0.00988627 0.00160669
12.8 0.115971 4.60047e-13 0.883993 7.70653e-13 0.00883772 0.00177918
12.9 0.11481 4.11864e-13 0.885153 6.44278e-13 0.00781811 0.00193506
13 0.113661 1.9849e-13 0.886302 7.50262e-13 0.006826 0.00205843
13.1 0.112524 1.24014e-13 0.887439 6.90487e-13 0.00586728 0.002135
13.2 0.111399 8.38448e-14 0.888565 6.54294e-13 0.00494878 0.00215537
13.3 0.110285 7.65154e-14 0.889678 6.39693e-13 0.00407961 0.00211272
13.4 0.109183 1.0458e-13 0.890781 5.72983e-13 0.00326856 0.00200385
13.5 0.108092 1.09e-13 0.891872 5.43889e-13 0.00253082 0.00182865
13.6 0.107013 5.01008e-14 0.89295 6.17e-13 0.00187633 0.00159238
13.7 0.105946 -2.69664e-14 0.894017 7.2781e-13 0.00131494 0.00130616
13.8 0.104892 -1.99321e-13 0.89507 9.09242e-13 0.000853046 0.00098124
13.9 0.103847 -1.32469e-13 0.896116 8.6911e-13 0.000496404 0.000635743
14 0.102814 -3.60797e-13 0.897148 1.09606e-12 0.000245207 0.000280832
14.1 0.101791 -4.78883e-13 0.898171 1.20489e-12 9.65583e-05 -6.11413e-05
14.2 0.100779 -5.50655e-13 0.899183 1.29267e-12 4.0722e-05 -0.000375613
14.3 0.0997777 -2.00249e-12 0.900185 2.8671e-12 6.75509e-05 -0.000646583
14.4 0.0987869 -1.52833e-12 0.901175 2.25926e-12 0.000166105 -0.000862726
14.5 0.0978053 -1.24028e-12 0.902157 1.97999e-12 0.000316909 -0.00101223
14.6 0.0968335 -9.81023e-13 0.903129 1.75035e-12 0.000503159 -0.00108965
14.7 0.0958733 -1.38892e-12 0.904089 1.90768e-12 0.000706989 -0.0010944
14.8 0.0949201 -3.59781e-13 0.905042 1.08014e-12 0.000909058 -0.0010261
14.9 0.0939767 -3.51447e-13 0.905985 1.08879e-12 0.00109212 -0.000892645
15 0.0930428 -3.28499e-13 0.90692 1.07768e-12 0.00124071 -0.000701393
15.1 0.0921183 -2.23753e-13 0.907844 1.01405e-12 0.00134342 -0.000467415
15.2 0.0912013 -2.36347e-13 0.908761 9.77323e-13 0.00139029 -0.000203127
15.3 0.0902948 -1.7433e-13 0.909668 9.77264e-13 0.00137744 7.49779e-05
15.4 0.0893974 -2.42856e-13 0.910565 1.04224e-12 0.00130099 0.000351177
15.5 0.0885087 -1.41593e-13 0.911454 8.63809e-13 0.00116497 0.000611632
15.6 0.0876283 -2.46213e-13 0.912334 9.69941e-13 0.000976052 0.000837419
15.7 0.0867574 -3.47133e-13 0.913205 1.07744e-12 0.000740922 0.0010145
15.8 0.0858951 -4.33865e-13 0.914068 1.16835e-12 0.000473818 0.00113455
15.9 0.0850414 -5.07417e-13 0.914922 1.24012e-12 0.000188776 0.00119164
16 0.0841961 -5.6354e-13 0.915767 1.30448e-12 -9.92703e-05 0.00118254
16.1 0.0833591 -3.72029e-13 0.916604 1.3792e-12 -0.000374851 0.00110764
16.2 0.0825306 -3.47763e-13 0.917433 1.59806e-12 -0.000622197 0.000972563
16.3 0.0817105 -8.41534e-13 0.918253 8.07255e-13 -0.00082955 0.000784885
16.4 0.080898 -8.50613e-13 0.919066 1.04707e-12 -0.000985273 0.00055604
16.5 0.0800936 -8.22313e-13 0.919871 1.04591e-12 -0.00108339 0.000298979
16.6 0.0792969 -8.75534e-13 0.920668 1.12637e-12 -0.00111619 2.64094e-05
16.7 0.0785082 -9.48664e-13 0.921457 1.20574e-12 -0.00108396 -0.000244523
16.8 0.0777267 -1.04178e-12 0.922238 1.31572e-12 -0.000989595 -0.000498687
16.9 0.0769541 -1.05029e-12 0.923011 1.35658e-12 -0.000838548 -0.000722045
17 0.0761888 -1.12081e-12 0.923776 1.42443e-12 -0.000639775 -0.000904122
17.1 0.075431 -1.16417e-12 0.924534 1.43983e-12 -0.000404484 -0.00103341
17.2 0.0746811 -1.19194e-12 0.925284 1.44652e-12 -0.000146951 -0.00110119
17.3 0.0739388 -1.22079e-12 0.926026 1.47329e-12 0.000115841 -0.00110476
17.4 0.0732037 -1.21774e-12 0.926761 1.46598e-12 0.000370853 -0.00104553
17.5 0.072476 -1.20704e-12 0.927489 1.42436e-12 0.000603012 -0.000927321
17.6 0.0717554 -1.17335e-12 0.92821 1.3861e-12 0.000799507 -0.000758261
17.7 0.0710418 -1.17465e-12 0.928924 1.37921e-12 0.000949649 -0.000547461
17.8 0.0703356 -1.18579e-12 0.92963 1.41208e-12 0.00104552 -0.00030742
17.9 0.0696363 -1.23859e-12 0.930329 1.45218e-12 0.00108219 -5.26979e-05
18 0.0689442 -1.30926e-12 0.931022 1.37813e-12 0.00105599 0.000204001
18.1 0.0682588 -1.33076e-12 0.931707 1.35685e-12 0.000970351 0.00044735
18.2 0.0675801 -1.3204e-12 0.932386 1.34326e-12 0.000830169 0.000662927
18.3 0.0669084 -1.31156e-12 0.933058 1.33685e-12 0.000645069 0.000839409
18.4 0.0662434 -1.29986e-12 0.933723 1.32512e-12 0.000424958 0.000969238
18.5 0.065585 -1.28148e-12 0.934381 1.33021e-12 0.000181182 0.00104209
18.6 0.0649333 -1.27734e-12 0.935033 1.39687e-12 -7.16636e-05 0.00105418
18.7 0.0642878 -1.28771e-12 0.935679 1.48602e-12 -0.000318495 0.00100567
18.8 0.0636488 -8.41931e-13 0.936318 -2.09756e-13 -0.000545628 0.000901096
18.9 0.0630158 -2.53452e-12 0.93695 2.49946e-12 -0.000739683 0.000747533
19 0.0623892 -3.09771e-12 0.937577 2.56472e-12 -0.000889863 0.000551419
19.1 0.0617689 -3.37738e-12 0.938197 2.41996e-12 -0.000989099 0.000326023
19.2 0.0611551 -2.1047e-12 0.938811 9.5448e-13 -0.00103246 8.55746e-05
19.3 0.0605469 -1.46755e-11 0.939419 7.50447e-12 -0.00101606 -0.000159731
19.4 0.0599457 9.63017e-13 0.940021 1.6655e-12 -0.000940703 -0.000391395
19.5 0.059349 2.34817e-12 0.940617 4.44536e-14 -0.000818149 -0.000601915
19.6 0.0587591 2.30383e-12 0.941207 1.99312e-14 -0.000647154 -0.000779139
19.7 0.058175 2.23302e-12 0.941792 8.66796e-14 -0.000440044 -0.000908766
19.8 0.0575967 2.11061e-12 0.94237 -3.81967e-14 -0.000208006 -0.000986655
19.9 0.0570246 2.13035e-12 0.942943 -8.76411e-14 3.30199e-05 -0.00100623
20 0.0564579 1.99917e-12 0.94351 6.76867e-14 0.000272436 -0.000969672
