0 0 0 1 0 0 0
0.1 1.71713e-07 2.37825e-24 1 -2.68834e-24 4.82651e-05 -0.000411215
0.2 7.90828e-07 1.17131e-23 0.999999 -9.33482e-24 0.000195282 -0.000865962
0.3 2.03584e-06 -1.05789e-20 0.999998 1.88544e-22 0.000448646 -0.00134995
0.4 4.11496e-06 1.02503e-19 0.999996 2.34567e-19 0.000812479 -0.00184886
0.5 7.26506e-06 1.33753e-18 0.999993 -4.22046e-19 0.00128754 -0.00234927
0.6 1.17502e-05 6.7791e-19 0.999988 9.89323e-20 0.00187154 -0.00283952
0.7 1.78603e-05 1.41523e-18 0.999982 -3.12931e-19 0.00255968 -0.00331054
0.8 2.59115e-05 9.34659e-19 0.999974 -2.45381e-18 0.00334531 -0.00375644
0.9 3.62489e-05 1.97889e-18 0.999963 -2.3307e-18 0.00422076 -0.00417503
1 4.92538e-05 -2.73712e-18 0.99995 -4.48178e-18 0.0051782 -0.00456802
1.1 6.53575e-05 -7.14326e-18 0.999934 -2.42426e-18 0.00621062 -0.00494117
1.2 8.50634e-05 -3.19835e-18 0.999914 -6.64921e-18 0.00731267 -0.00530402
1.3 0.00010898 -1.31679e-18 0.999889 -2.35418e-18 0.00848155 -0.00566962
1.4 0.000137864 3.06399e-18 0.99986 -6.50252e-18 0.0097177 -0.0060539
1.5 0.000172685 3.88605e-18 0.999825 -8.03885e-18 0.0110254 -0.006475
1.6 0.00021469 1.2154e-17 0.999783 -4.90289e-18 0.0124131 -0.00695242
1.7 0.000265506 -3.36753e-18 0.999732 -6.53798e-19 0.0138939 -0.00750586
1.8 0.000327223 -4.17977e-18 0.99967 -1.47006e-18 0.0154849 -0.00815466
1.9 0.000403285 3.40564e-18 0.999593 -1.87355e-17 0.0172073 -0.00891681
2 0.000496576 -2.55071e-17 0.9995 -1.28077e-17 0.0190861 -0.00980823
2.1 0.000612138 -1.61951e-17 0.999384 -2.3804e-18 0.0211489 -0.0108418
2.2 0.000755046 -4.83638e-17 0.999241 -1.31131e-17 0.0234259 -0.0120266
2.3 0.000931924 -7.47178e-17 0.999064 6.50728e-18 0.0259482 -0.013368
2.4 0.00115032 -2.12739e-17 0.998846 -3.07092e-17 0.0287473 -0.0148668
2.5 0.00141929 8.40019e-17 0.998576 -4.98733e-17 0.031854 -0.0165195
2.6 0.00174997 2.37094e-16 0.998246 -7.78743e-17 0.035297 -0.0183184
2.7 0.00215374 1.09786e-16 0.997842 -5.08141e-17 0.0391025 -0.0202517
2.8 0.00264338 6.8289e-17 0.997352 -3.86169e-17 0.0432929 -0.0223041
2.9 0.00323376 8.8307e-17 0.996762 -1.55063e-16 0.047886 -0.0244571
3 0.00394036 5.5976e-17 0.996055 -1.85433e-16 0.0528963 -0.0266896
3.1 0.00478014 1.31441e-17 0.995214 -1.58423e-16 0.058331 -0.0289791
3.2 0.00577043 -4.76243e-17 0.994221 -2.223e-16 0.0641874 -0.0313002
3.3 0.00692961 6.50089e-17 0.993061 -1.97822e-16 0.0704629 -0.0336296
3.4 0.00827601 1.10686e-16 0.991715 -1.56874e-17 0.0771461 -0.0359427
3.5 0.00982807 1.73764e-17 0.990162 2.41768e-16 0.0842208 -0.0382162
3.6 0.0116038 7.80708e-17 0.988386 2.54671e-16 0.0916643 -0.0404282
3.7 0.0136208 9.58807e-17 0.986369 3.09433e-16 0.0994477 -0.0425567
3.8 0.0158948 -3.4478e-17 0.984095 5.80928e-16 0.107539 -0.044582
3.9 0.0184399 2.94413e-16 0.981549 3.54384e-16 0.115901 -0.0464853
4 0.0212677 -4.64262e-16 0.978721 9.84786e-16 0.124492 -0.0482491
4.1 0.0243894 -8.68464e-16 0.975599 2.27199e-16 0.133269 -0.0498573
4.2 0.0278132 -3.428e-16 0.972174 -4.61333e-16 0.142183 -0.0512952
4.3 0.0315429 -1.47955e-15 0.968444 -6.26118e-16 0.151182 -0.0525488
4.4 0.035579 -1.58484e-16 0.964407 -1.2532e-15 0.160212 -0.0536054
4.5 0.039917 8.3764e-18 0.960068 -4.14443e-16 0.169218 -0.0544538
4.6 0.0445473 1.55756e-15 0.955437 -1.23358e-15 0.178142 -0.0550852
4.7 0.0494568 4.16477e-16 0.950527 -3.17551e-17 0.186924 -0.055492
4.8 0.0546269 4.47288e-16 0.945356 8.048e-16 0.19551 -0.0556699
4.9 0.0600347 6.83859e-16 0.939949 -1.38191e-15 0.20384 -0.0556162
5 0.0656533 1.25614e-15 0.934331 -1.19137e-15 0.211859 -0.0553323
5.1 0.0714522 -7.58418e-18 0.928533 -1.65148e-15 0.219508 -0.054832
5.2 0.077394 3.25322e-15 0.922592 -6.86467e-15 0.226743 -0.0541164
5.3 0.0834409 1.61178e-15 0.916545 -8.13132e-15 0.233518 -0.0531991
5.4 0.0895512 3.17155e-15 0.910435 -6.17303e-15 0.239793 -0.0521013
5.5 0.0956848 1.30584e-15 0.904301 -4.82865e-15 0.245533 -0.0508417
5.6 0.101804 -1.13041e-15 0.898182 -5.52199e-15 0.250715 -0.0494496
5.7 0.10786 -7.89469e-15 0.892126 -6.77519e-16 0.255319 -0.047938
5.8 0.113826 -1.42605e-14 0.886159 6.41369e-15 0.259346 -0.0463589
5.9 0.119666 -1.49985e-14 0.880319 6.20016e-15 0.26279 -0.0447399
6 0.125348 -1.04316e-14 0.874636 1.17971e-15 0.265664 -0.043107
6.1 0.130851 -1.50276e-14 0.869132 4.48556e-15 0.267988 -0.0414865
6.2 0.136158 -1.51905e-14 0.863825 5.64705e-15 0.269791 -0.0398966
6.3 0.141246 -1.63891e-14 0.858735 1.12403e-14 0.271068 -0.0383581
6.4 0.146117 -2.0918e-14 0.853862 1.11322e-14 0.271904 -0.0368688
6.5 0.150756 -2.39492e-14 0.849222 1.84848e-14 0.272325 -0.0354337
6.6 0.155154 -2.7644e-14 0.844822 1.60918e-14 0.272361 -0.0340369
6.7 0.159297 -2.73705e-14 0.840679 1.82539e-14 0.272036 -0.0326644
6.8 0.16318 -1.72001e-14 0.836794 2.19407e-14 0.271368 -0.0312988
6.9 0.166792 -1.20485e-14 0.833179 1.38721e-14 0.270379 -0.0299169
7 0.170116 -1.68914e-15 0.829854 1.08729e-14 0.26907 -0.0284967
7.1 0.173134 6.92363e-15 0.826834 5.72003e-15 0.267446 -0.0270413
7.2 0.175835 1.36752e-14 0.824132 1.79631e-15 0.26551 -0.0255355
7.3 0.178205 1.89538e-14 0.821759 6.2462e-15 0.263262 -0.0239718
7.4 0.180226 2.19973e-15 0.819737 3.55103e-15 0.2607 -0.0223563
7.5 0.181898 -1.65496e-14 0.818063 2.26943e-14 0.257807 -0.0207044
7.6 0.183209 -1.0437e-13 0.81675 4.80157e-14 0.254584 -0.0190135
7.7 0.184166 -2.65804e-14 0.815791 6.21629e-15 0.251027 -0.0173076
7.8 0.184786 -6.62406e-14 0.815171 6.05976e-14 0.247123 -0.0156013
7.9 0.18507 -8.53272e-14 0.814886 7.48152e-14 0.242876 -0.0139183
8 0.185036 -8.25469e-15 0.814919 -3.31094e-14 0.238295 -0.012289
8.1 0.184704 -5.82802e-14 0.815251 2.37127e-14 0.233403 -0.0107317
8.2 0.184098 -6.85863e-14 0.815858 4.01324e-14 0.22821 -0.00926327
8.3 0.183249 -4.88741e-14 0.816705 6.43748e-15 0.222735 -0.00789855
8.4 0.18218 -6.70393e-14 0.817773 4.24039e-14 0.217023 -0.00663183
8.5 0.180935 -5.91965e-14 0.819018 3.33102e-14 0.211068 -0.00547703
8.6 0.179528 -2.58195e-14 0.820425 3.13248e-15 0.204896 -0.00443266
8.7 0.177999 -3.2221e-15 0.821953 -1.82502e-14 0.198542 -0.00347872
8.8 0.176357 -8.06069e-15 0.823592 -9.70308e-15 0.19204 -0.0026066
8.9 0.174627 -8.40068e-16 0.82532 -2.12605e-14 0.185397 -0.00181144
9 0.172835 2.48643e-14 0.82711 -5.22811e-14 0.178635 -0.00108069
9.1 0.170994 4.66607e-14 0.82895 -7.78371e-14 0.171772 -0.000385297
9.2 0.169103 4.43024e-14 0.830842 -8.68217e-14 0.164826 0.000272581
9.3 0.167175 3.41991e-14 0.832768 -8.66764e-14 0.157804 0.000894039
9.4 0.165221 3.25677e-14 0.834722 -7.97324e-14 0.150722 0.00149222
9.5 0.163253 1.84399e-14 0.83669 -4.12736e-14 0.1436 0.00205857
9.6 0.16128 6.59175e-15 0.838663 -3.85835e-14 0.136452 0.00258743
9.7 0.159309 2.40427e-14 0.840633 -3.98818e-14 0.129285 0.00307456
9.8 0.157353 4.86019e-15 0.842589 -3.13863e-14 0.122147 0.00350992
9.9 0.155416 -5.87293e-16 0.844526 -2.92271e-14 0.115044 0.00388876
10 0.153512 -9.06669e-15 0.846431 -2.01263e-14 0.108011 0.00420823
10.1 0.151637 -1.63342e-14 0.848307 -4.16479e-15 0.101079 0.00444853
10.2 0.149791 2.27229e-15 0.850152 -3.54397e-14 0.0942605 0.00461492
10.3 0.147985 -8.05497e-15 0.851959 -1.92466e-14 0.0875921 0.00467804
10.4 0.14622 -2.43907e-13 0.853724 2.05381e-13 0.0811208 0.00464434
10.5 0.144503 -3.4078e-13 0.855441 3.38196e-13 0.0748684 0.00451242
10.6 0.142833 1.24665e-13 0.857112 -1.23972e-13 0.0688682 0.00428671
10.7 0.141214 7.99047e-14 0.858732 -9.88226e-14 0.0631491 0.00397756
10.8 0.13964 7.56062e-14 0.860307 -1.01997e-13 0.0577351 0.00359293
10.9 0.138111 3.15225e-14 0.861835 -7.14697e-14 0.052649 0.00314662
11 0.136626 2.4994e-16 0.86332 -2.46101e-14 0.0479051 0.00265603
11.1 0.135183 -4.83321e-14 0.864763 3.12617e-14 0.0435154 0.00213968
11.2 0.133775 -1.56564e-14 0.86617 1.90172e-14 0.039487 0.00162181
11.3 0.132399 -7.9508e-14 0.867545 5.93007e-14 0.0358184 0.00112824
11.4 0.131054 -8.23855e-15 0.868891 7.15025e-17 0.0324989 0.000676872
11.5 0.129731 2.99306e-14 0.870212 -1.78437e-14 0.0295107 0.000292262
11.6 0.128431 1.15401e-14 0.871512 -2.99509e-15 0.0268344 -1.06964e-05
11.7 0.127154 -2.3627e-14 0.87279 2.5871e-14 0.0244425 -0.0002187
11.8 0.12589 3.25213e-14 0.874054 -2.17116e-14 0.0223059 -0.00032584
11.9 0.12464 3.11571e-14 0.875304 -4.09119e-14 0.0203955 -0.000327779
12 0.123403 3.18188e-14 0.876542 -4.73642e-14 0.0186805 -0.000224025
12.1 0.122174 1.6361e-14 0.877771 -3.46678e-14 0.0171304 -2.14327e-05
12.2 0.120956 3.12644e-14 0.878989 -3.72581e-14 0.0157152 0.000274516
12.3 0.119747 1.80556e-14 0.880198 -2.46135e-14 0.0144042 0.000643508
12.4 0.118546 1.6694e-14 0.881398 -1.50153e-14 0.0131725 0.00107108
12.5 0.117357 2.73034e-15 0.882588 1.07975e-14 0.0120016 0.00153886
12.6 0.116179 -7.0309e-15 0.883767 -2.24967e-17 0.0108711 0.00202525
12.7 0.115012 -2.2519e-14 0.884933 1.43244e-14 0.00976797 0.0025049
12.8 0.113856 -4.45328e-14 0.886089 4.13448e-14 0.00869024 0.00295376
12.9 0.112713 1.48437e-14 0.887232 1.80552e-15 0.0076379 0.00335346
13 0.111583 2.34475e-14 0.888362 -1.22002e-14 0.0066154 0.00368231
13.1 0.110465 5.19365e-15 0.88948 5.49778e-15 0.00562299 0.00392753
13.2 0.109359 1.08083e-14 0.890587 -2.03764e-14 0.00467735 0.00407891
13.3 0.108264 6.90245e-14 0.891683 -3.64815e-14 0.00378755 0.00412991
13.4 0.107181 5.99238e-14 0.892768 -1.72718e-14 0.00297242 0.00407919
13.5 0.106111 5.48331e-14 0.893839 -2.28399e-14 0.00224466 0.00393228
13.6 0.105052 2.987e-14 0.894899 -2.20373e-14 0.00161145 0.00369786
13.7 0.104004 3.59232e-14 0.895949 -3.88706e-14 0.00108419 0.00338859
13.8 0.102967 3.99499e-14 0.896986 -4.55262e-14 0.000667859 0.00302305
13.9 0.101944 5.16121e-14 0.898009 -6.08777e-14 0.00036641 0.00261586
14 0.100933 6.72203e-14 0.899022 -6.15271e-14 0.000178405 0.00218732
14.1 0.0999296 7.60521e-14 0.900025 -5.6842e-14 9.91331e-05 0.00175564
14.2 0.0989384 8.10979e-14 0.901017 -5.92401e-14 0.000117961 0.00134361
14.3 0.0979578 5.99965e-14 0.901998 -3.12473e-14 0.000221555 0.000966283
14.4 0.096986 4.35354e-14 0.902969 2.29675e-15 0.000396057 0.000640427
14.5 0.0960241 -1.54988e-13 0.903931 1.49737e-14 0.000617981 0.000375074
14.6 0.0950705 7.08021e-14 0.904885 1.47571e-14 0.000868189 0.000178494
14.7 0.0941269 -5.95751e-14 0.905829 1.59644e-13 0.00112765 4.85314e-05
14.8 0.0931926 -1.08848e-13 0.906764 1.86053e-13 0.00137773 -1.44034e-05
14.9 0.0922686 -1.48751e-13 0.907688 2.04552e-13 0.0016014 -1.5887e-05
15 0.0913538 -1.48203e-13 0.908603 1.87233e-13 0.00178171 3.46753e-05
15.1 0.0904472 -1.62325e-13 0.90951 7.57603e-14 0.001908 0.000126382
15.2 0.0895502 -1.87235e-13 0.910407 1.23561e-13 0.00196886 0.000247475
15.3 0.0886619 -1.17293e-13 0.911295 1.39633e-13 0.00196062 0.000380553
15.4 0.0877829 -1.51849e-13 0.912174 1.08857e-13 0.00188385 0.000511285
15.5 0.0869115 -1.56789e-13 0.913045 1.00446e-13 0.0017372 0.000620657
15.6 0.0860481 -1.59199e-13 0.913909 1.00142e-13 0.0015318 0.000702031
15.7 0.085194 -1.73971e-13 0.914763 1.1164e-13 0.00127832 0.000737959
15.8 0.0843474 -1.61064e-13 0.915609 8.38195e-14 0.000989437 0.000720856
15.9 0.0835086 -1.4406e-13 0.916447 1.07958e-13 0.000679151 0.000645602
16 0.0826778 -1.36207e-13 0.917278 1.02747e-13 0.000364218 0.000510468
16.1 0.0818545 -1.22677e-13 0.918101 7.63909e-14 6.24315e-05 0.000318812
16.2 0.0810382 -1.26203e-13 0.918917 7.03491e-14 -0.000213207 7.60843e-05
16.3 0.0802309 -1.19656e-13 0.919723 7.20134e-14 -0.000448533 -0.000207964
16.4 0.0794323 -1.16703e-13 0.920521 7.57036e-14 -0.00063214 -0.000522827
16.5 0.0786422 -1.22286e-13 0.921311 8.56969e-14 -0.000754921 -0.000853168
16.6 0.0778604 -1.693e-13 0.922093 5.3546e-14 -0.000811767 -0.00118488
16.7 0.0770872 -1.33112e-13 0.922867 6.85733e-14 -0.000800844 -0.00150156
16.8 0.0763226 -1.04776e-13 0.923631 6.70911e-14 -0.000725414 -0.00178629
16.9 0.0755655 -9.48812e-14 0.924388 7.88038e-14 -0.000591981 -0.00202447
17 0.0748158 -9.26965e-14 0.925138 7.95771e-14 -0.000411209 -0.00220343
17.1 0.0740726 -8.23498e-14 0.925881 1.21544e-13 -0.000194952 -0.00231533
17.2 0.0733362 -5.53131e-14 0.926616 8.19658e-14 4.12507e-05 -0.00235329
17.3 0.0726081 -8.24637e-14 0.927343 9.19389e-14 0.000286799 -0.0023159
17.4 0.0718858 -1.70984e-13 0.928064 9.71794e-14 0.000523423 -0.00220301
17.5 0.0711706 -1.40591e-13 0.928779 -3.07042e-13 0.000735255 -0.00201851
17.6 0.0704633 -2.35011e-13 0.929486 1.08712e-13 0.000911363 -0.00177211
17.7 0.0697616 -1.39535e-13 0.930189 4.03345e-14 0.00103932 -0.00147479
17.8 0.0690673 -1.65775e-13 0.930883 1.11772e-13 0.00111084 -0.00113791
17.9 0.0683798 -5.07432e-15 0.931571 -1.53601e-14 0.00112145 -0.000780413
18 0.0676981 1.38326e-14 0.932252 1.97069e-14 0.00107042 -0.000414942
18.1 0.0670239 3.75895e-14 0.932927 4.80289e-14 0.000956133 -5.78023e-05
18.2 0.0663567 8.6584e-14 0.933595 -3.96884e-14 0.000785835 0.000277049
18.3 0.0656962 1.04556e-13 0.934256 -7.06174e-14 0.000565211 0.000573461
18.4 0.0650418 3.84535e-13 0.934909 4.67605e-13 0.000309114 0.000822883
18.5 0.064394 3.63963e-13 0.935555 -1.49366e-13 2.68971e-05 0.00101616
18.6 0.063752 4.19087e-13 0.936198 -3.56249e-13 -0.000266951 0.0011472
18.7 0.0631166 4.40756e-13 0.936832 -4.78045e-13 -0.000557398 0.00121179
18.8 0.0624885 4.01639e-13 0.937461 -4.75404e-13 -0.000832252 0.00121466
18.9 0.0618671 3.77704e-13 0.938083 -5.1627e-13 -0.0010761 0.00115787
19 0.0612522 3.06508e-13 0.938698 -3.88705e-13 -0.00127761 0.00104872
19.1 0.0606437 2.5027e-13 0.939306 -3.15251e-13 -0.00142787 0.000897173
19.2 0.0600424 2.23934e-13 0.939908 -4.44662e-13 -0.00151947 0.000715559
19.3 0.0594456 1.86975e-13 0.940504 -3.24841e-13 -0.00154692 0.000514718
19.4 0.0588532 1.93351e-13 0.941098 -2.38741e-13 -0.00150673 0.000312583
19.5 0.0582651 2.00525e-13 0.941685 -1.69898e-13 -0.00140726 0.000123684
19.6 0.0576852 2.04388e-13 0.942265 -1.34806e-13 -0.00125353 -4.46196e-05
19.7 0.0571112 1.8785e-13 0.942839 -9.31643e-14 -0.00105461 -0.00017636
19.8 0.0565424 1.87074e-13 0.943408 -5.01558e-14 -0.000820118 -0.000269598
19.9 0.0559788 1.75487e-13 0.943971 -5.1633e-14 -0.000561617 -0.000317009
20 0.0554186 1.40076e-13 0.944531 -3.64243e-14 -0.000292792 -0.000311832
