0 0 0 1 0 0 0
0.1 1.71713e-07 2.37825e-24 1 -2.68834e-24 4.82623e-05 -0.000411096
0.2 7.90714e-07 2.35459e-24 0.999999 2.36648e-26 0.000195205 -0.00086536
0.3 2.03507e-06 -1.33084e-20 0.999998 1.65149e-22 0.000448257 -0.00134827
0.4 4.11205e-06 2.3157e-20 0.999996 2.06911e-19 0.000811283 -0.00184531
0.5 7.25689e-06 -6.2797e-19 0.999993 7.16557e-20 0.0012847 -0.00234294
0.6 1.17311e-05 -3.24731e-19 0.999988 4.5485e-19 0.00186583 -0.00282949
0.7 1.7821e-05 7.28989e-19 0.999982 7.75107e-19 0.00254946 -0.00329597
0.8 2.5838e-05 1.4457e-18 0.999974 1.0605e-18 0.00332852 -0.00373672
0.9 3.61219e-05 2.77864e-18 0.999964 5.72668e-19 0.00419497 -0.00414988
1 4.90479e-05 -1.00683e-18 0.99995 3.33333e-18 0.00514072 -0.00453763
1.1 6.5042e-05 -3.16738e-18 0.999934 3.64608e-18 0.00615857 -0.00490623
1.2 8.46037e-05 -1.45336e-18 0.999914 4.66867e-18 0.00724314 -0.0052658
1.3 0.00010834 -1.09664e-18 0.99989 1.03529e-17 0.00839175 -0.00562995
1.4 0.000137014 -2.896e-18 0.999861 1.2592e-17 0.0096051 -0.00601516
1.5 0.000171603 -1.96665e-18 0.999826 4.18541e-18 0.0108879 -0.00644
1.6 0.000213377 -8.77157e-18 0.999784 4.76135e-18 0.0122491 -0.0069243
1.7 0.000263993 -9.47904e-18 0.999733 7.67641e-18 0.0137024 -0.00748791
1.8 0.000326146 -1.24415e-17 0.999671 1.31134e-17 0.0152655 -0.00815009
1.9 0.000402243 -1.29383e-17 0.999594 2.12194e-17 0.0169604 -0.00892874
2 0.00049642 -2.5194e-17 0.9995 3.87196e-17 0.0188124 -0.00983922
2.1 0.000612886 -6.62364e-17 0.999384 1.33095e-17 0.0208499 -0.0108938
2.2 0.000756986 -1.58663e-16 0.999239 2.0903e-17 0.023103 -0.0121009
2.3 0.000935427 -2.35399e-16 0.999061 4.36041e-17 0.025603 -0.0134648
2.4 0.00115602 -2.56465e-16 0.99884 5.98804e-17 0.0283813 -0.0149855
2.5 0.00142799 -2.97023e-16 0.998568 -2.94513e-17 0.0314681 -0.0166585
2.6 0.00176178 -3.46964e-16 0.998234 -3.23467e-17 0.0348914 -0.0184753
2.7 0.00216932 -2.96504e-16 0.997825 -8.82487e-17 0.0386777 -0.0204242
2.8 0.00266396 -2.12882e-16 0.997329 -8.18287e-17 0.0428462 -0.0224883
2.9 0.00326015 -1.36761e-16 0.996731 -1.04942e-16 0.0474143 -0.0246486
3 0.0039736 -1.88562e-17 0.996017 8.04288e-18 0.0523949 -0.026884
3.1 0.00482101 -2.50393e-16 0.995168 -7.11391e-17 0.0577928 -0.0291722
3.2 0.00581988 -1.43702e-16 0.994169 -2.1797e-16 0.0636062 -0.0314885
3.3 0.00698849 6.72308e-17 0.993 -2.16536e-16 0.0698294 -0.0338107
3.4 0.008345 -2.92058e-17 0.991644 -3.10654e-16 0.0764508 -0.0361159
3.5 0.00990781 1.42877e-16 0.990081 -2.30044e-16 0.0834528 -0.0383829
3.6 0.0116951 2.33666e-16 0.988293 1.51665e-16 0.0908128 -0.0405903
3.7 0.0137245 1.7156e-16 0.986264 -3.36686e-17 0.0985035 -0.0427178
3.8 0.0160119 -6.52259e-16 0.983976 -1.52727e-16 0.106492 -0.0447466
3.9 0.0185724 -9.43497e-16 0.981416 -2.69406e-16 0.114741 -0.0466602
4 0.0214189 -9.37867e-16 0.97857 -2.42713e-16 0.123212 -0.0484424
4.1 0.0245624 -7.54214e-16 0.975426 -4.49995e-16 0.131861 -0.0500779
4.2 0.0280124 -2.14753e-16 0.971976 -6.52657e-16 0.140641 -0.0515533
4.3 0.0317733 -1.03394e-15 0.968215 -5.55945e-16 0.149506 -0.0528537
4.4 0.0358464 -1.78521e-15 0.964142 1.47307e-16 0.158403 -0.0539661
4.5 0.0402276 -2.48963e-15 0.959761 7.72018e-17 0.167277 -0.0548783
4.6 0.0449104 -2.53082e-15 0.955078 -4.45984e-18 0.176074 -0.0555793
4.7 0.049881 -2.3981e-16 0.950107 -2.48645e-15 0.184738 -0.0560597
4.8 0.0551235 5.91111e-15 0.944864 -7.42949e-15 0.193213 -0.0563138
4.9 0.0606158 6.03468e-15 0.939372 -7.35817e-15 0.201442 -0.0563329
5 0.0663328 1.74761e-15 0.933655 -4.87191e-15 0.209367 -0.0561118
5.1 0.0722397 1.24528e-15 0.927748 -6.91605e-15 0.216931 -0.0556536
5.2 0.0782979 3.90406e-15 0.921689 -7.77806e-15 0.224079 -0.0549646
5.3 0.0844691 4.47805e-15 0.915517 -9.3723e-15 0.230768 -0.0540545
5.4 0.0907092 5.41877e-15 0.909276 -1.14434e-14 0.236948 -0.0529401
5.5 0.0969738 4.73253e-15 0.903011 -1.02551e-14 0.242588 -0.0516514
5.6 0.103217 8.29945e-15 0.896766 -9.93453e-15 0.247656 -0.0501977
5.7 0.109401 2.01657e-15 0.890582 -3.53001e-15 0.252137 -0.0486198
5.8 0.115483 2.14902e-15 0.884499 -1.06818e-15 0.256015 -0.046953
5.9 0.121428 -6.36492e-16 0.878554 -7.81842e-16 0.259289 -0.0452283
6 0.127207 -1.0743e-16 0.872775 -2.52784e-16 0.261967 -0.0434805
6.1 0.132793 5.5656e-15 0.867188 -3.72701e-15 0.264052 -0.0417456
6.2 0.138166 -1.10659e-15 0.861814 2.283e-15 0.265585 -0.0400463
6.3 0.143317 -3.06914e-15 0.856663 4.93839e-15 0.266614 -0.0384043
6.4 0.148232 -2.8574e-16 0.851748 -1.66077e-16 0.267156 -0.0368284
6.5 0.152905 6.97408e-15 0.847074 -6.18874e-15 0.267245 -0.0353264
6.6 0.15733 -6.97644e-16 0.842648 -1.6803e-15 0.266918 -0.0338981
6.7 0.161507 9.62519e-15 0.838471 -1.1454e-14 0.266212 -0.032535
6.8 0.165424 1.69155e-14 0.834552 -2.05587e-14 0.265149 -0.0312241
6.9 0.169082 1.77058e-14 0.830894 -1.91661e-14 0.263767 -0.0299299
7 0.172472 1.73856e-14 0.827503 -2.04702e-14 0.262085 -0.0286441
7.1 0.175585 1.79059e-14 0.824389 -1.75319e-14 0.260106 -0.0273468
7.2 0.178412 1.27723e-14 0.821561 -2.2431e-14 0.257834 -0.0260198
7.3 0.18094 4.63862e-15 0.819032 -1.88135e-14 0.255276 -0.0246484
7.4 0.183164 -2.25392e-15 0.816808 -1.07907e-14 0.252425 -0.0232306
7.5 0.185069 -1.53817e-15 0.814901 -5.61956e-15 0.249275 -0.0217572
7.6 0.186645 -4.53695e-15 0.813324 -4.99572e-16 0.245825 -0.0202396
7.7 0.187895 -9.32197e-15 0.812074 3.16986e-15 0.24207 -0.0186859
7.8 0.188816 -1.8749e-14 0.811152 7.81301e-15 0.238011 -0.0171159
7.9 0.189416 -2.01668e-14 0.810552 1.37765e-14 0.233649 -0.015545
8 0.189706 -2.26019e-14 0.810261 1.23481e-14 0.228995 -0.013992
8.1 0.189701 -2.03629e-14 0.810265 8.68236e-15 0.224059 -0.0124751
8.2 0.189419 -2.28176e-14 0.810547 1.05586e-14 0.21885 -0.0110132
8.3 0.188884 -2.21942e-14 0.811082 8.11683e-15 0.213392 -0.0096195
8.4 0.188117 -2.71952e-14 0.811849 8.88266e-15 0.207712 -0.00830142
8.5 0.187144 -1.87385e-14 0.812821 5.01013e-15 0.201833 -0.00706123
8.6 0.185987 -1.56508e-14 0.813977 4.58178e-15 0.195778 -0.00590164
8.7 0.18467 -1.12749e-14 0.815294 2.10165e-15 0.189576 -0.00481268
8.8 0.183215 -2.3185e-15 0.816749 -1.32773e-15 0.183249 -0.00378902
8.9 0.18164 -2.92915e-16 0.818323 -5.52448e-15 0.17682 -0.0028224
9 0.179964 6.46084e-15 0.819999 -9.83996e-15 0.170309 -0.00190347
9.1 0.178201 7.00913e-15 0.821762 -1.46581e-14 0.163734 -0.00102308
9.2 0.176366 8.88121e-15 0.823596 -1.45265e-14 0.157114 -0.000171046
9.3 0.174471 1.03864e-14 0.825491 -1.47843e-14 0.150462 0.000658128
9.4 0.172527 1.58457e-14 0.827434 -1.54082e-14 0.143791 0.00146803
9.5 0.170544 1.64765e-14 0.829416 -2.14385e-14 0.137112 0.00225854
9.6 0.168534 1.31677e-14 0.831426 -1.89329e-14 0.130438 0.00302732
9.7 0.166504 4.36813e-15 0.833456 -1.60585e-14 0.123783 0.00376766
9.8 0.164465 2.03739e-15 0.835495 -1.41004e-14 0.117159 0.00446998
9.9 0.162425 5.39705e-16 0.837535 -1.97999e-14 0.110582 0.00512355
10 0.160393 3.6788e-15 0.839567 -2.45831e-14 0.104072 0.00571586
10.1 0.158374 5.4064e-15 0.841585 -1.91103e-14 0.0976462 0.006233
10.2 0.156381 -1.86257e-15 0.843578 -1.01814e-14 0.0913274 0.00666466
10.3 0.154415 -6.81792e-15 0.845544 -6.62329e-15 0.08514 0.0069973
10.4 0.152483 -9.94998e-15 0.847476 -7.49784e-15 0.0791077 0.00722455
10.5 0.150592 -8.85198e-15 0.849367 -7.522e-15 0.0732572 0.00733853
10.6 0.148747 -1.03131e-14 0.851213 -4.12431e-15 0.0676123 0.00733533
10.7 0.146951 -6.54291e-15 0.853009 -3.80523e-15 0.0621898 0.00721853
10.8 0.145204 -5.68649e-15 0.854757 -6.66971e-15 0.0570291 0.00698544
10.9 0.143508 -7.61909e-15 0.856453 -6.74489e-15 0.0521441 0.00664878
11 0.141862 -9.78878e-15 0.858098 -5.15055e-15 0.0475527 0.00622106
11.1 0.140264 -8.90681e-15 0.859696 -6.88212e-15 0.0432684 0.00572254
11.2 0.138712 -7.68738e-15 0.861247 -7.67411e-15 0.0392984 0.00516804
11.3 0.137203 -8.44147e-15 0.862757 -7.68064e-15 0.0356487 0.00457919
11.4 0.135733 -6.52459e-15 0.864226 -8.90177e-15 0.0323178 0.00397767
11.5 0.134302 -5.04943e-15 0.865657 -9.64671e-15 0.0292993 0.00338514
11.6 0.132905 -4.10692e-15 0.867055 -1.11289e-14 0.0265793 0.00282355
11.7 0.131536 -4.25887e-15 0.868423 -1.08623e-14 0.0241399 0.00231064
11.8 0.130193 -3.46056e-15 0.869766 -1.07541e-14 0.0219598 0.00186424
11.9 0.128872 -3.65349e-15 0.871088 -1.07024e-14 0.0200113 0.00149565
12 0.12757 -3.48895e-15 0.87239 -1.16334e-14 0.0182695 0.00121253
12.1 0.126285 -3.00216e-15 0.873674 -1.18883e-14 0.0167045 0.00101795
12.2 0.125017 -2.65383e-15 0.874943 -1.07669e-14 0.0152882 0.000910802
12.3 0.123762 -2.49384e-15 0.876197 -9.68717e-15 0.0139931 0.000885357
12.4 0.122522 -3.27554e-15 0.877437 -1.04858e-14 0.0127934 0.000932487
12.5 0.121295 -3.36502e-15 0.878664 -1.02458e-14 0.0116662 0.00103867
12.6 0.120081 -3.19702e-15 0.879878 -1.00606e-14 0.0105931 0.00118772
12.7 0.118878 -3.50336e-15 0.881081 -9.74191e-15 0.00955922 0.00136262
12.8 0.11769 -2.96753e-15 0.88227 -1.03755e-14 0.00855515 0.00154402
12.9 0.116513 -2.91473e-15 0.883446 -1.02988e-14 0.00757438 0.00171319
13 0.115348 -3.07234e-15 0.884611 -1.03094e-14 0.00661758 0.00185124
13.1 0.114195 -3.57617e-15 0.885764 -9.86791e-15 0.00568882 0.00194796
13.2 0.113054 -3.86894e-15 0.886905 -9.53003e-15 0.00479473 0.00199022
13.3 0.111926 -3.59914e-15 0.888034 -9.61852e-15 0.00394473 0.00197044
13.4 0.110808 -4.30586e-15 0.889152 -1.01726e-14 0.00315008 0.00188504
13.5 0.109702 -6.35954e-15 0.890258 -1.0612e-14 0.00242269 0.00173374
13.6 0.108608 -6.55618e-15 0.891352 -1.08036e-14 0.00177392 0.00152164
13.7 0.107525 -5.44039e-15 0.892434 -1.07098e-14 0.00121362 0.00125682
13.8 0.106454 -6.23454e-15 0.893506 -1.11403e-14 0.000749947 0.000951214
13.9 0.105394 -5.29048e-15 0.894566 -1.08716e-14 0.000387877 0.00061904
14 0.104344 -3.92329e-15 0.895615 -1.05884e-14 0.00012924 0.00027607
14.1 0.103305 -3.15396e-15 0.896654 -1.07426e-14 -2.81245e-05 -6.02871e-05
14.2 0.102276 -3.25304e-15 0.897683 -1.09061e-14 -9.07976e-05 -0.000373581
14.3 0.101258 -3.16302e-15 0.898701 -1.09554e-14 -6.83092e-05 -0.000648754
14.4 0.10025 -3.17331e-15 0.899709 -1.09979e-14 2.69493e-05 -0.000871694
14.5 0.0992517 -3.15666e-15 0.900707 -1.10367e-14 0.000179066 -0.00103249
14.6 0.0982637 -3.1329e-15 0.901695 -1.10829e-14 0.000370963 -0.00112382
14.7 0.0972856 -3.10919e-15 0.902673 -1.11187e-14 0.000584218 -0.00114238
14.8 0.0963174 -3.08172e-15 0.903641 -1.11235e-14 0.000800144 -0.00108846
14.9 0.095359 -3.05428e-15 0.9046 -1.11474e-14 0.00100081 -0.000967667
15 0.0944101 -3.03976e-15 0.905548 -1.11895e-14 0.00117067 -0.000787765
15.1 0.0934708 -3.04007e-15 0.906488 -1.12066e-14 0.00129601 -0.000560205
15.2 0.0925408 -2.97062e-15 0.907418 -1.12309e-14 0.00136671 -0.000299111
15.3 0.09162 -2.95508e-15 0.908339 -1.12545e-14 0.00137616 -2.00057e-05
15.4 0.0907084 -2.98136e-15 0.90925 -1.12936e-14 0.00132177 0.000260485
15.5 0.0898059 -3.13193e-15 0.910153 -1.13773e-14 0.00120521 0.000525848
15.6 0.0889123 -3.47656e-15 0.911046 -1.14834e-14 0.0010317 0.000761602
15.7 0.0880276 -3.56642e-15 0.911931 -1.15722e-14 0.000809769 0.000953897
15.8 0.0871517 -3.84438e-15 0.912807 -1.1615e-14 0.000551034 0.00109194
15.9 0.0862847 -3.79839e-15 0.913674 -1.16691e-14 0.000269299 0.00116812
16 0.0854262 -4.34491e-15 0.914532 -1.17764e-14 -2.02668e-05 0.00117847
16.1 0.0845764 -4.47886e-15 0.915382 -1.18575e-14 -0.000302024 0.00112278
16.2 0.0837349 -4.2444e-15 0.916223 -1.19074e-14 -0.000560775 0.00100461
16.3 0.0829016 -3.9934e-15 0.917056 -1.19142e-14 -0.000782644 0.000831081
16.4 0.0820767 -3.89264e-15 0.917881 -1.19683e-14 -0.000955863 0.000612378
16.5 0.0812598 -4.73896e-15 0.918698 -1.19744e-14 -0.00107144 0.000361192
16.6 0.0804513 -4.41429e-15 0.919507 -1.22054e-14 -0.00112366 9.1959e-05
16.7 0.0796508 -6.28601e-15 0.920307 -1.25459e-14 -0.00111038 -0.000179971
16.8 0.0788582 -4.8671e-15 0.9211 -1.2479e-14 -0.00103314 -0.000439216
16.9 0.0780736 -3.04242e-15 0.921884 -1.21354e-14 -0.000897064 -0.000671229
17 0.0772967 -5.13619e-15 0.922661 -1.24525e-14 -0.000710509 -0.000863123
17.1 0.0765276 -4.49826e-15 0.92343 -1.24936e-14 -0.000484611 -0.00100439
17.2 0.0757661 -3.95817e-15 0.924192 -1.2532e-14 -0.000232614 -0.00108746
17.3 0.0750123 -3.71103e-15 0.924946 -1.25569e-14 3.08914e-05 -0.00110814
17.4 0.0742659 -5.6512e-15 0.925692 -1.2705e-14 0.000290936 -0.001066
17.5 0.0735269 -4.6139e-15 0.926431 -1.27233e-14 0.000532534 -0.000963545
17.6 0.0727953 -4.09067e-15 0.927163 -1.27226e-14 0.000742178 -0.000807294
17.7 0.072071 -4.21043e-15 0.927887 -1.27744e-14 0.000908213 -0.000606558
17.8 0.0713539 -5.68728e-15 0.928604 -1.30005e-14 0.00102156 -0.000373092
17.9 0.0706439 -2.86644e-15 0.929314 -1.26964e-14 0.00107619 -0.000120403
18 0.069941 -2.97498e-15 0.930017 -1.27708e-14 0.00106949 0.000137024
18.1 0.069245 -3.91433e-15 0.930713 -1.28769e-14 0.00100233 0.000384559
18.2 0.068556 -5.08249e-15 0.931402 -1.30754e-14 0.000878989 0.000608339
18.3 0.0678739 -4.101e-15 0.932084 -1.29501e-14 0.000706903 0.000795777
18.4 0.0671985 -4.07763e-15 0.93276 -1.30488e-14 0.000496223 0.000936557
18.5 0.0665299 -2.88935e-15 0.933428 -1.28671e-14 0.000259204 0.00102309
18.6 0.0658679 -3.01336e-15 0.93409 -1.29227e-14 9.49123e-06 0.00105093
18.7 0.0652125 -2.74052e-15 0.934746 -1.28866e-14 -0.000238664 0.00101899
18.8 0.0645636 -2.5052e-15 0.935394 -1.28867e-14 -0.000471217 0.000929569
18.9 0.0639212 -3.59452e-15 0.936037 -1.31475e-14 -0.000675122 0.000788224
19 0.0632852 -3.00275e-15 0.936673 -1.30916e-14 -0.000839065 0.000603392
19.1 0.0626555 -2.83593e-15 0.937303 -1.30819e-14 -0.000954093 0.000385909
19.2 0.0620321 -2.88371e-15 0.937926 -1.30583e-14 -0.0010141 0.000148372
19.3 0.0614148 -3.1528e-15 0.938543 -1.3107e-14 -0.00101613 -9.55934e-05
19.4 0.0608038 -2.86949e-15 0.939154 -1.31028e-14 -0.000960571 -0.000332109
19.5 0.0601987 -3.41895e-15 0.939759 -1.32417e-14 -0.000851041 -0.000547836
19.6 0.0595998 -2.66241e-15 0.940358 -1.31156e-14 -0.000694151 -0.000730801
19.7 0.0590067 -3.14483e-15 0.940951 -1.32518e-14 -0.000499261 -0.000870744
19.8 0.0584196 -2.89967e-15 0.941538 -1.32017e-14 -0.000277703 -0.00096018
19.9 0.0578383 -2.77205e-15 0.94212 -1.31522e-14 -4.22557e-05 -0.000994464
20 0.0572628 -2.81605e-15 0.942695 -1.32673e-14 0.000193625 -0.000972111
