0 0 0 1 0 0 0
0.1 1.71713e-07 2.37825e-24 1 -2.68834e-24 4.82631e-05 -0.000411156
0.2 7.90772e-07 2.10715e-23 0.999999 2.36648e-26 0.000195238 -0.000865664
0.3 2.03546e-06 -3.79255e-20 0.999998 -1.39137e-22 0.000448432 -0.00134912
0.4 4.11353e-06 2.08619e-19 0.999996 4.622e-20 0.000811827 -0.00184711
0.5 7.26105e-06 -5.52321e-19 0.999993 -8.13563e-20 0.001286 -0.00234616
0.6 1.17408e-05 -5.12818e-19 0.999988 -6.37804e-19 0.00186846 -0.00283461
0.7 1.78411e-05 3.08739e-19 0.999982 -1.48817e-18 0.00255416 -0.00330345
0.8 2.58759e-05 1.75595e-19 0.999974 -3.15048e-18 0.00333625 -0.00374691
0.9 3.61877e-05 -9.52494e-20 0.999963 -2.67894e-18 0.00420686 -0.004163
1 4.91552e-05 -1.16452e-18 0.99995 -3.54408e-19 0.005158 -0.00455368
1.1 6.52075e-05 -8.83168e-18 0.999934 5.47654e-18 0.00618255 -0.00492499
1.2 8.48468e-05 -9.33461e-18 0.999914 3.35234e-18 0.00727516 -0.00528681
1.3 0.000108682 -1.84406e-17 0.999889 5.63534e-18 0.00843306 -0.0056525
1.4 0.000137474 -2.46527e-17 0.99986 9.57536e-18 0.00965684 -0.00603829
1.5 0.000172197 -3.04309e-17 0.999825 1.52151e-17 0.010951 -0.0064626
1.6 0.000214115 -2.93497e-17 0.999783 5.07679e-18 0.0123242 -0.00694512
1.7 0.000264871 -2.50514e-17 0.999732 2.28059e-17 0.01379 -0.00750566
1.8 0.000326892 -6.11725e-17 0.99967 3.03635e-17 0.0153657 -0.00816357
1.9 0.000403025 -4.58307e-17 0.999594 2.56336e-17 0.017073 -0.00893683
2 0.000497018 -6.63012e-17 0.9995 2.03551e-17 0.018937 -0.00984109
2.1 0.000613053 3.00244e-18 0.999383 2.03707e-17 0.0209858 -0.0108889
2.2 0.00075683 -1.88658e-17 0.999239 1.50442e-17 0.0232495 -0.0120892
2.3 0.000935173 -4.75185e-17 0.999061 3.90493e-17 0.0257595 -0.0134466
2.4 0.00115552 -4.13704e-17 0.998841 3.1066e-17 0.0285473 -0.0149616
2.5 0.00142684 -1.70823e-17 0.998569 7.38302e-17 0.0316432 -0.0166302
2.6 0.00175981 -1.92965e-17 0.998236 3.81197e-17 0.0350758 -0.0184443
2.7 0.00216636 -2.3994e-16 0.997829 3.71414e-17 0.0388707 -0.0203916
2.8 0.00265963 -3.31762e-16 0.997336 -4.74509e-17 0.0430498 -0.0224565
2.9 0.00325427 -2.69519e-16 0.996741 5.46966e-17 0.0476302 -0.0246204
3 0.00396602 -4.25368e-16 0.99603 6.64332e-17 0.0526254 -0.0268628
3.1 0.00481166 -1.44359e-16 0.995183 -1.14465e-16 0.0580432 -0.0291619
3.2 0.00580891 -1.71375e-16 0.994184 -7.44002e-17 0.0638778 -0.0314904
3.3 0.00697591 7.25064e-17 0.993015 -1.70173e-16 0.0701276 -0.0338269
3.4 0.0083312 1.37536e-16 0.991659 -1.56024e-16 0.0767807 -0.0361477
3.5 0.00989338 -1.21842e-16 0.990096 -3.25521e-16 0.0838208 -0.0384298
3.6 0.0116806 -2.68656e-16 0.988307 -7.51654e-16 0.0912234 -0.0406511
3.7 0.0137106 -5.66634e-17 0.986276 -6.78497e-16 0.0989621 -0.0427912
3.8 0.0159991 -1.03767e-15 0.983988 -5.70362e-16 0.107005 -0.0448302
3.9 0.0185607 -1.33487e-15 0.981426 -2.5367e-16 0.115314 -0.046751
4 0.0214087 -1.37901e-15 0.978578 -1.04371e-15 0.123848 -0.0485357
4.1 0.0245523 -6.92346e-16 0.975434 -1.17263e-15 0.132565 -0.0501693
4.2 0.0280021 2.54828e-16 0.971983 -1.68261e-15 0.141416 -0.0516368
4.3 0.031762 5.24221e-16 0.968223 -1.44078e-15 0.15035 -0.0529244
4.4 0.035833 -3.78777e-16 0.964151 -1.45582e-15 0.159316 -0.0540193
4.5 0.040211 -1.86843e-15 0.959773 8.2433e-16 0.16826 -0.0549098
4.6 0.0448867 -5.69315e-15 0.955096 5.26199e-15 0.177123 -0.0555882
4.7 0.0498497 -1.00022e-16 0.950134 -7.86171e-16 0.185842 -0.0560379
4.8 0.0550809 1.50697e-15 0.944903 -2.19995e-15 0.194371 -0.0562612
4.9 0.0605592 6.24117e-16 0.939425 -3.12916e-16 0.202646 -0.0562553
5 0.0662555 2.94256e-15 0.93373 -4.86155e-16 0.210613 -0.0560174
5.1 0.0721379 5.31063e-15 0.927848 -2.33465e-15 0.218216 -0.0555495
5.2 0.0781699 3.84302e-15 0.921816 -9.66422e-16 0.225404 -0.0548588
5.3 0.0843122 5.25885e-15 0.915674 -2.95364e-15 0.232133 -0.0539538
5.4 0.0905236 5.21962e-15 0.909462 -1.81554e-15 0.238358 -0.0528527
5.5 0.0967568 8.09352e-15 0.903228 -5.60572e-15 0.244045 -0.0515759
5.6 0.102977 7.56722e-15 0.897009 -5.45512e-15 0.249168 -0.0501478
5.7 0.109131 1.3256e-14 0.890854 -7.60201e-15 0.253709 -0.048597
5.8 0.115192 1.56648e-14 0.884792 -9.69919e-15 0.257653 -0.0469645
5.9 0.121119 1.65876e-14 0.878866 -1.40694e-14 0.261004 -0.0452802
6 0.126882 1.62273e-14 0.873103 -1.70175e-14 0.263773 -0.0435747
6.1 0.132458 1.60099e-14 0.867526 -1.61623e-14 0.265979 -0.0418792
6.2 0.137825 2.30452e-14 0.862159 -2.26507e-14 0.267647 -0.0402124
6.3 0.142972 2.87907e-14 0.85701 -2.67633e-14 0.2688 -0.0385901
6.4 0.147882 3.68468e-14 0.852098 -3.29148e-14 0.269484 -0.0370207
6.5 0.152549 3.53786e-14 0.84743 -3.2027e-14 0.269727 -0.0355109
6.6 0.156959 3.24072e-14 0.843019 -2.75684e-14 0.26956 -0.0340618
6.7 0.161117 2.91399e-14 0.838859 -2.31081e-14 0.26902 -0.0326562
6.8 0.165011 2.7263e-14 0.834964 -1.06438e-14 0.268128 -0.031283
6.9 0.168635 1.0629e-14 0.831339 4.02669e-15 0.266901 -0.0299295
7 0.171976 -4.19844e-15 0.827996 6.43209e-15 0.265358 -0.0285727
7.1 0.175031 -1.49962e-14 0.824939 2.37867e-14 0.263517 -0.027202
7.2 0.177782 -1.5616e-14 0.822188 2.81711e-14 0.26137 -0.0257916
7.3 0.180218 -2.61122e-14 0.819751 3.21292e-14 0.258925 -0.0243368
7.4 0.182333 -2.5271e-14 0.817637 3.78652e-14 0.256172 -0.0228442
7.5 0.184115 -2.61829e-14 0.815854 3.34939e-14 0.253108 -0.0213047
7.6 0.185565 -2.36623e-14 0.814404 2.75985e-14 0.249735 -0.019723
7.7 0.186677 -2.35609e-14 0.813291 1.2386e-14 0.246033 -0.0181174
7.8 0.187449 -1.50276e-14 0.812519 2.79473e-14 0.242007 -0.0165146
7.9 0.187906 5.5718e-15 0.812062 1.37627e-14 0.237661 -0.0149264
8 0.188052 9.58176e-15 0.811916 6.55948e-15 0.233008 -0.0133687
8.1 0.187905 2.10937e-14 0.812063 -9.08139e-15 0.228054 -0.0118637
8.2 0.18748 2.85985e-14 0.812487 -4.6635e-15 0.222823 -0.0104378
8.3 0.186814 4.43014e-14 0.813154 -2.93379e-14 0.217319 -0.00907804
8.4 0.185929 3.95292e-14 0.814037 -2.41449e-14 0.21157 -0.00780727
8.5 0.184853 3.37861e-14 0.815111 -9.44438e-15 0.205603 -0.00661659
8.6 0.183616 2.80962e-14 0.816346 -5.0823e-15 0.199449 -0.00551899
8.7 0.182231 2.18603e-14 0.817731 8.88114e-15 0.193132 -0.00450109
8.8 0.180716 1.20638e-14 0.819245 1.79424e-14 0.186673 -0.00356465
8.9 0.179093 -1.04376e-14 0.820866 3.9867e-14 0.180102 -0.00268633
9 0.177386 -2.34866e-14 0.822572 6.64017e-14 0.173426 -0.00186704
9.1 0.175612 -2.90149e-14 0.824345 6.39789e-14 0.166677 -0.00108662
9.2 0.173779 -1.9313e-14 0.826178 7.1619e-14 0.159872 -0.000327218
9.3 0.171893 -1.39751e-14 0.828062 7.38754e-14 0.153034 0.00040945
9.4 0.169967 -3.03335e-15 0.829987 7.50599e-14 0.146172 0.0011316
9.5 0.168013 -5.22517e-15 0.83194 7.19638e-14 0.139307 0.00184088
9.6 0.16604 2.40722e-15 0.833913 6.64947e-14 0.132448 0.00253502
9.7 0.164052 2.71366e-15 0.8359 7.11937e-14 0.125605 0.00321431
9.8 0.162053 2.68158e-16 0.8379 6.83851e-14 0.118801 0.0038677
9.9 0.160055 5.56814e-16 0.839899 6.09287e-14 0.112051 0.0044845
10 0.158063 3.75976e-15 0.84189 5.26689e-14 0.105375 0.00504968
10.1 0.156092 2.89172e-15 0.843862 5.72113e-14 0.0987981 0.00555478
10.2 0.154144 -1.96717e-15 0.84581 6.5815e-14 0.0923334 0.00598221
10.3 0.152224 -5.89708e-15 0.847729 7.08189e-14 0.0860129 0.00633028
10.4 0.150339 3.55032e-15 0.849614 5.94281e-14 0.0798573 0.00658333
10.5 0.148491 6.8305e-15 0.851461 5.72354e-14 0.0738991 0.00673461
10.6 0.146687 6.96626e-15 0.853266 5.56818e-14 0.0681607 0.00678306
10.7 0.144924 7.89888e-14 0.855029 -1.52811e-14 0.0626661 0.00672539
10.8 0.143209 6.27226e-14 0.856745 1.14236e-14 0.0574457 0.00656193
10.9 0.141541 4.23966e-14 0.858412 -4.32635e-15 0.0525136 0.0063043
11 0.139922 7.40146e-14 0.860032 -2.56906e-14 0.0478924 0.00596073
11.1 0.138347 4.96467e-14 0.861607 1.22374e-14 0.0435946 0.00554757
11.2 0.136817 2.32496e-14 0.863138 2.99616e-14 0.0396265 0.00508227
11.3 0.135329 7.84345e-15 0.864627 3.29951e-14 0.0359934 0.0045881
11.4 0.133879 9.15979e-15 0.866076 3.4688e-14 0.0326867 0.00408326
11.5 0.132465 2.62972e-14 0.867492 6.77474e-14 0.0297018 0.0035863
11.6 0.131083 6.00556e-14 0.868874 2.51671e-14 0.0270207 0.00312299
11.7 0.129727 6.48864e-14 0.87023 1.30363e-14 0.0246206 0.00270561
11.8 0.128395 5.63389e-14 0.871562 8.73911e-15 0.0224812 0.00234774
11.9 0.127083 2.99858e-14 0.872874 4.25273e-14 0.0205759 0.00206097
12 0.12579 2.60465e-14 0.874168 5.20285e-14 0.0188739 0.00185322
12.1 0.124513 -5.49607e-14 0.875445 1.28908e-13 0.017346 0.00172442
12.2 0.123253 -9.94489e-14 0.876705 1.62185e-13 0.0159588 0.00167548
12.3 0.122009 -5.6132e-14 0.87795 2.2445e-13 0.0146842 0.00169263
12.4 0.12078 -1.41592e-13 0.879179 1.65351e-13 0.0134981 0.00176733
12.5 0.119565 -9.52371e-14 0.880395 1.35854e-13 0.0123773 0.00188736
12.6 0.118363 -7.75278e-14 0.881596 1.3946e-13 0.0113014 0.00203648
12.7 0.117174 -6.81449e-14 0.882785 1.14204e-13 0.0102583 0.00219545
12.8 0.115998 -6.18189e-14 0.883961 1.19819e-13 0.0092369 0.00234663
12.9 0.114836 -4.41395e-14 0.885123 1.14851e-13 0.00823355 0.00247274
13 0.113686 -2.68603e-14 0.886273 1.13369e-13 0.00724906 0.00256001
13.1 0.11255 -2.27606e-14 0.887409 1.07989e-13 0.00628911 0.00259056
13.2 0.111426 -1.3699e-14 0.888533 1.10865e-13 0.00535938 0.00255521
13.3 0.110313 -8.22622e-15 0.889646 1.13614e-13 0.00447231 0.00244739
13.4 0.109213 -7.8903e-15 0.890747 1.15338e-13 0.00364072 0.00226714
13.5 0.108123 -6.4717e-15 0.891836 1.36991e-13 0.00287747 0.00201848
13.6 0.107045 5.23281e-14 0.892914 6.78162e-14 0.00219378 0.00170747
13.7 0.105979 -2.51806e-14 0.89398 1.419e-13 0.00160162 0.00134969
13.8 0.104923 -5.71163e-14 0.895036 1.78268e-13 0.00110418 0.000952274
13.9 0.103879 -7.65113e-14 0.896081 1.98293e-13 0.00070785 0.000537541
14 0.102847 -7.33718e-14 0.897114 1.94883e-13 0.000411402 0.000115008
14.1 0.101825 -6.20607e-14 0.898136 1.79343e-13 0.000216305 -0.000296415
14.2 0.100814 -5.96019e-14 0.899147 1.79791e-13 0.000117495 -0.000678119
14.3 0.0998126 -5.525e-14 0.900148 1.74735e-13 0.000106903 -0.00101362
14.4 0.0988218 -4.88174e-14 0.901139 1.69911e-13 0.00016869 -0.00128837
14.5 0.0978394 -4.87203e-14 0.902121 1.6524e-13 0.000289635 -0.00149129
14.6 0.0968665 -3.30224e-14 0.903094 1.62125e-13 0.000453078 -0.00161557
14.7 0.0959022 -2.00244e-14 0.904058 1.47855e-13 0.000637114 -0.00165711
14.8 0.0949479 -1.2812e-14 0.905013 1.38715e-13 0.00082784 -0.0016159
14.9 0.0940024 -5.84505e-15 0.905958 1.39742e-13 0.00100408 -0.00149596
15 0.0930676 -2.89296e-15 0.906893 1.31776e-13 0.00114976 -0.0013069
15.1 0.0921427 -9.37756e-15 0.907818 1.28799e-13 0.00125341 -0.00105855
15.2 0.0912259 -2.82375e-14 0.908734 1.46652e-13 0.00130567 -0.000771608
15.3 0.0903191 -1.19919e-14 0.909642 1.73121e-13 0.00130018 -0.000459147
15.4 0.089422 -3.0636e-14 0.910539 1.76145e-13 0.00123438 -0.000138999
15.5 0.0885341 -4.38147e-14 0.911427 1.37538e-13 0.00111013 0.000174376
15.6 0.0876557 4.49653e-14 0.912305 2.87547e-13 0.000931976 0.000464118
15.7 0.0867856 -2.68574e-14 0.913176 2.24591e-13 0.000708874 0.000718284
15.8 0.0859236 -6.56989e-14 0.914036 2.24742e-13 0.000448718 0.000922255
15.9 0.0850698 -5.61604e-14 0.914889 2.00538e-13 0.000165715 0.00107006
16 0.0842246 -5.87621e-14 0.915734 2.07498e-13 -0.000125833 0.00115501
16.1 0.0833879 -7.99818e-14 0.91657 2.39752e-13 -0.000411712 0.00117411
16.2 0.0825599 -3.54084e-14 0.917399 2.02159e-13 -0.000677478 0.00112878
16.3 0.0817403 -5.06341e-14 0.918219 2.18519e-13 -0.000907236 0.00102388
16.4 0.0809288 -6.09586e-14 0.919031 2.27054e-13 -0.00108928 0.000867068
16.5 0.0801262 -7.098e-14 0.919834 2.32651e-13 -0.00121531 0.000670472
16.6 0.0793313 -7.92662e-14 0.92063 2.35701e-13 -0.00127871 0.000447199
16.7 0.0785434 -8.45789e-14 0.921418 2.27682e-13 -0.0012765 0.000211545
16.8 0.077763 -8.38661e-14 0.922199 2.35891e-13 -0.00120944 -2.22081e-05
16.9 0.0769901 -8.34774e-14 0.922972 2.30123e-13 -0.00108198 -0.000239489
17 0.0762246 -8.44922e-14 0.923737 2.39439e-13 -0.000900391 -0.000429351
17.1 0.0754665 -7.74377e-14 0.924495 2.2821e-13 -0.000674549 -0.000580208
17.2 0.0747159 -6.38196e-14 0.925245 2.33303e-13 -0.000416973 -0.000682814
17.3 0.0739723 -5.84652e-14 0.925989 2.29578e-13 -0.000141367 -0.000732042
17.4 0.0732362 -6.20976e-14 0.926725 2.29142e-13 0.000135867 -0.00072392
17.5 0.0725075 -6.60152e-14 0.927455 2.15748e-13 0.000401887 -0.000662792
17.6 0.0717862 -7.31591e-14 0.928177 2.03437e-13 0.000640966 -0.000551905
17.7 0.0710727 -6.79806e-14 0.92889 1.93405e-13 0.000842564 -0.000400089
17.8 0.0703661 3.82473e-15 0.929597 1.94275e-13 0.000996663 -0.000213904
17.9 0.0696668 -2.56098e-14 0.930297 2.36008e-13 0.00109581 -6.40197e-06
18 0.0689741 -4.7266e-14 0.93099 2.13942e-13 0.00113503 0.000209761
18.1 0.0682883 -5.8745e-14 0.931677 2.01685e-13 0.00111411 0.000421108
18.2 0.0676096 -6.45821e-14 0.932356 1.92209e-13 0.00103467 0.000614542
18.3 0.0669375 -7.37833e-14 0.933028 1.80934e-13 0.000902583 0.000777395
18.4 0.0662722 -8.15149e-14 0.933693 1.79398e-13 0.000726005 0.000899267
18.5 0.0656135 -8.1318e-14 0.934352 1.73504e-13 0.000515887 0.000971999
18.6 0.0649604 -8.27971e-14 0.935006 1.7445e-13 0.000285783 0.000988712
18.7 0.0643146 -8.36169e-14 0.935651 1.78626e-13 4.71401e-05 0.000953192
18.8 0.0636751 -7.16904e-14 0.936291 2.84887e-13 -0.000186894 0.000861306
18.9 0.0630428 -1.01997e-13 0.936922 1.37131e-13 -0.000405514 0.000722618
19 0.0624161 -1.1482e-13 0.937549 1.12425e-13 -0.000589895 0.000532898
19.1 0.0617961 -1.15497e-13 0.938168 1.11898e-13 -0.00073237 0.00030852
19.2 0.061181 -1.72994e-13 0.938781 -3.24611e-13 -0.000825841 6.2647e-05
19.3 0.0605727 -1.28457e-13 0.939389 -2.87215e-13 -0.000866431 -0.000192089
19.4 0.0599705 -1.05471e-13 0.93999 9.50276e-14 -0.000851168 -0.000443289
19.5 0.0593741 -1.17031e-13 0.940586 8.02389e-14 -0.000782811 -0.000676489
19.6 0.058784 -1.14295e-13 0.941175 7.56887e-14 -0.000665877 -0.000880303
19.7 0.0582001 -1.07397e-13 0.941759 8.04691e-14 -0.000506585 -0.00104329
19.8 0.0576221 -1.0735e-13 0.942337 8.42412e-14 -0.000315954 -0.00115759
19.9 0.0570502 -1.03087e-13 0.942911 8.75957e-14 -0.000105215 -0.00121581
20 0.0564836 -1.0042e-13 0.943478 8.39978e-14 0.000113306 -0.00121448
