0 0 0 1 0 0 0
0.1 1.71713e-07 2.37825e-24 1 -2.68834e-24 4.82624e-05 -0.000411093
0.2 7.90711e-07 1.17131e-23 0.999999 2.36648e-26 0.000195204 -0.000865345
0.3 2.03505e-06 -2.27733e-21 0.999998 1.93692e-22 0.000448252 -0.00134823
0.4 4.11198e-06 -4.81367e-20 0.999996 -7.76132e-20 0.000811266 -0.00184522
0.5 7.25668e-06 3.01019e-19 0.999993 -1.19371e-19 0.00128466 -0.00234278
0.6 1.17306e-05 4.61781e-19 0.999988 8.34445e-19 0.00186575 -0.00282923
0.7 1.78199e-05 -4.25234e-19 0.999982 9.75831e-19 0.0025493 -0.00329558
0.8 2.5836e-05 -3.53968e-19 0.999974 1.63371e-18 0.00332826 -0.00373618
0.9 3.61183e-05 -1.29967e-18 0.999964 1.40596e-18 0.00419457 -0.00414916
1 4.9042e-05 1.98057e-18 0.99995 7.95634e-19 0.00514012 -0.00453671
1.1 6.50326e-05 4.91211e-18 0.999934 5.04984e-18 0.00615773 -0.00490509
1.2 8.45895e-05 1.49885e-17 0.999914 2.79576e-18 0.00724201 -0.00526445
1.3 0.00010832 1.98632e-17 0.99989 3.85722e-18 0.00839027 -0.00562839
1.4 0.000136985 2.79971e-17 0.999861 1.88429e-17 0.00960322 -0.00601339
1.5 0.000171563 2.55713e-17 0.999826 1.83311e-17 0.0108856 -0.00643804
1.6 0.000213325 4.5578e-17 0.999784 1.1638e-17 0.0122463 -0.00692218
1.7 0.000263925 4.78428e-17 0.999733 1.51379e-17 0.0136991 -0.00748564
1.8 0.000326066 5.89566e-17 0.999671 7.46923e-18 0.0152616 -0.00814769
1.9 0.000402149 2.66248e-17 0.999595 -3.11023e-18 0.016956 -0.00892623
2 0.000496312 4.33402e-17 0.9995 5.08201e-19 0.0188074 -0.00983661
2.1 0.000612765 8.22193e-17 0.999384 -1.18131e-17 0.0208443 -0.0108911
2.2 0.00075685 1.60219e-16 0.999239 5.29596e-18 0.0230968 -0.0120981
2.3 0.000935275 1.18399e-16 0.999061 5.74509e-17 0.0255963 -0.0134618
2.4 0.00115585 1.5724e-16 0.99884 5.85822e-17 0.028374 -0.0149824
2.5 0.00142779 1.71284e-16 0.998568 -8.98132e-18 0.0314601 -0.0166552
2.6 0.00176155 7.48319e-17 0.998234 -1.96377e-17 0.0348828 -0.0184716
2.7 0.00216902 1.1387e-16 0.997827 -5.45779e-17 0.0386671 -0.0204193
2.8 0.00266339 4.92646e-18 0.997332 -5.09071e-17 0.0428344 -0.0224821
2.9 0.00325927 -1.52648e-16 0.996736 1.18914e-16 0.0474011 -0.0246415
3 0.00397229 -2.35493e-16 0.996023 9.26674e-17 0.0523797 -0.0268771
3.1 0.00481926 -3.84314e-16 0.995175 -3.75642e-17 0.0577773 -0.029167
3.2 0.00581767 -7.26276e-16 0.994175 -2.20362e-17 0.0635881 -0.0314848
3.3 0.00698566 -6.86389e-16 0.993006 -2.65743e-16 0.069809 -0.0338092
3.4 0.008342 -8.56566e-16 0.991648 -1.80562e-16 0.0764284 -0.0361174
3.5 0.00990485 -9.97838e-16 0.990084 -9.59749e-17 0.0834293 -0.038387
3.6 0.0116921 -8.5331e-16 0.988296 -2.93877e-16 0.0907886 -0.0405969
3.7 0.0137213 -5.62985e-16 0.986266 -3.916e-16 0.0984774 -0.0427273
3.8 0.0160092 -3.86105e-16 0.983978 -2.71049e-16 0.106465 -0.0447599
3.9 0.0185702 1.19672e-16 0.981416 -4.67545e-16 0.114717 -0.046677
4 0.021417 -6.5863e-16 0.978569 -1.21028e-15 0.12319 -0.0484618
4.1 0.0245606 -9.60792e-16 0.975425 -1.50707e-15 0.131842 -0.0501
4.2 0.0280112 -5.74509e-16 0.971974 -1.38973e-15 0.140626 -0.0515771
4.3 0.0317727 -1.16404e-15 0.968212 -1.83021e-15 0.149494 -0.0528791
4.4 0.0358475 -2.82313e-16 0.964138 -3.00544e-15 0.158394 -0.0539903
4.5 0.0402323 2.91425e-15 0.959753 -6.56248e-15 0.16727 -0.0549022
4.6 0.0449172 8.33353e-16 0.955068 -6.5122e-15 0.176071 -0.0556043
4.7 0.0498918 2.73478e-15 0.950094 -7.66483e-15 0.184738 -0.0560839
4.8 0.0551394 3.28763e-15 0.944846 -7.12554e-15 0.193214 -0.0563349
4.9 0.0606377 6.46721e-15 0.939348 -9.49719e-15 0.201443 -0.0563508
5 0.0663588 6.58975e-15 0.933627 -8.8996e-15 0.209366 -0.0561284
5.1 0.0722704 4.69633e-15 0.927716 -7.79204e-15 0.216927 -0.0556711
5.2 0.0783334 4.88246e-15 0.921653 -8.18418e-15 0.224077 -0.0549817
5.3 0.0845085 7.11868e-15 0.915478 -1.04004e-14 0.230766 -0.0540723
5.4 0.0907518 9.72598e-15 0.909235 -1.37164e-14 0.23695 -0.0529583
5.5 0.0970175 1.24319e-14 0.902969 -1.37399e-14 0.242576 -0.0516805
5.6 0.103267 1.25382e-14 0.896718 -1.44325e-14 0.247645 -0.050245
5.7 0.109452 1.53328e-14 0.890534 -1.35865e-14 0.252137 -0.0486689
5.8 0.115541 1.55477e-14 0.884444 -1.56749e-14 0.256019 -0.0469982
5.9 0.121492 1.60409e-14 0.878494 -1.00408e-14 0.2593 -0.0452739
6 0.127274 1.54261e-14 0.872712 -9.72047e-15 0.261989 -0.0435275
6.1 0.132862 1.40358e-14 0.867123 -1.05221e-14 0.264104 -0.041788
6.2 0.138239 1.23166e-14 0.861745 -5.67879e-15 0.265664 -0.0400822
6.3 0.143389 1.40531e-14 0.856594 -8.6921e-15 0.266705 -0.0384313
6.4 0.148309 1.32089e-14 0.851673 -5.73429e-15 0.267255 -0.0368497
6.5 0.152985 1.18013e-14 0.846995 -4.51804e-15 0.267375 -0.0353345
6.6 0.157395 1.36197e-14 0.842585 -2.10842e-15 0.26709 -0.0338871
6.7 0.161553 1.1268e-14 0.838425 -9.46546e-16 0.266417 -0.0324962
6.8 0.165457 1.05473e-14 0.83452 2.97597e-16 0.265391 -0.0311541
6.9 0.169094 1.27614e-14 0.830881 -2.71752e-15 0.264043 -0.0298369
7 0.172462 1.18759e-14 0.827512 -6.2581e-17 0.262392 -0.0285241
7.1 0.175549 1.29387e-14 0.824425 -6.23753e-15 0.260446 -0.0271922
7.2 0.178344 7.79315e-15 0.821629 -3.28574e-16 0.258204 -0.0258251
7.3 0.180836 8.72998e-16 0.819135 -1.29116e-15 0.255675 -0.024411
7.4 0.18301 3.52656e-15 0.816959 1.19765e-15 0.252854 -0.0229443
7.5 0.184862 5.41505e-15 0.815106 -7.64931e-15 0.249737 -0.0214298
7.6 0.186381 8.14766e-15 0.813586 -4.10224e-16 0.246318 -0.019872
7.7 0.187562 9.48674e-15 0.812405 1.48863e-15 0.242595 -0.0182822
7.8 0.18841 1.48618e-14 0.811557 -1.0305e-14 0.238567 -0.0166769
7.9 0.18893 1.86263e-16 0.811036 -4.18946e-16 0.234238 -0.0150653
8 0.18915 7.36872e-15 0.810816 1.50137e-15 0.229604 -0.0134808
8.1 0.189071 5.48802e-15 0.810895 -4.82963e-15 0.224686 -0.0119367
8.2 0.188712 5.13593e-15 0.811253 -1.63011e-15 0.219498 -0.0104536
8.3 0.188097 1.24795e-14 0.811868 -6.20778e-15 0.214056 -0.00904222
8.4 0.18725 1.26073e-14 0.812715 -9.68539e-15 0.208396 -0.00770986
8.5 0.186197 1.1007e-14 0.813768 -4.91893e-15 0.20254 -0.00645293
8.6 0.184963 2.1892e-14 0.815001 -1.6103e-14 0.196507 -0.00528056
8.7 0.183575 1.88502e-13 0.81639 -1.53691e-13 0.19033 -0.00417532
8.8 0.182051 4.55288e-13 0.817914 -2.47786e-13 0.184026 -0.00313722
8.9 0.180405 1.35118e-11 0.819559 -1.03297e-11 0.17762 -0.00215807
9 0.17866 4.82891e-12 0.821303 -6.0698e-12 0.171132 -0.00122786
9.1 0.17683 8.52754e-12 0.823133 -8.72224e-12 0.164579 -0.000334957
9.2 0.174927 2.79342e-12 0.825035 -4.70723e-12 0.157978 0.000532944
9.3 0.172972 -1.78415e-12 0.826991 3.65701e-13 0.151337 0.00136971
9.4 0.170971 3.37808e-12 0.828992 -4.21054e-12 0.144673 0.00218587
9.5 0.168934 -1.59759e-12 0.831029 9.29621e-13 0.138003 0.00298525
9.6 0.166866 -6.26008e-13 0.833096 1.23652e-12 0.131336 0.00375884
9.7 0.164786 -3.08947e-13 0.835177 2.20382e-13 0.124683 0.00450004
9.8 0.162703 -4.99475e-12 0.837261 4.4849e-12 0.118055 0.00519944
9.9 0.160627 -8.57832e-12 0.839337 7.78209e-12 0.111467 0.0058418
10 0.158558 4.27402e-13 0.841407 -2.26935e-12 0.104942 0.00641929
10.1 0.156512 -5.78315e-13 0.843452 -3.00228e-14 0.0984973 0.00691573
10.2 0.154494 8.9084e-13 0.845471 -1.41508e-12 0.0921606 0.00731776
10.3 0.152507 2.66355e-12 0.847458 -3.06212e-12 0.0859549 0.00761414
10.4 0.150558 3.04229e-12 0.849407 -2.56467e-12 0.0799068 0.00779823
10.5 0.148654 -2.16318e-12 0.851311 2.83687e-12 0.0740411 0.00786776
10.6 0.146801 1.1067e-11 0.853164 -1.07065e-11 0.0683843 0.00781163
10.7 0.145 3.21634e-12 0.854966 -3.36426e-12 0.062958 0.0076389
10.8 0.143251 1.61973e-12 0.856714 -9.93029e-13 0.0577877 0.00735339
10.9 0.141558 -1.19976e-11 0.858408 1.44869e-11 0.0528968 0.00697081
11 0.139919 -7.24157e-12 0.860047 1.27389e-11 0.0483039 0.00649954
11.1 0.138332 -1.43197e-11 0.861634 2.23143e-11 0.0440183 0.00596047
11.2 0.136794 -2.21868e-11 0.863172 2.8674e-11 0.0400494 0.00537225
11.3 0.135299 -5.87024e-11 0.864667 6.16421e-11 0.0363999 0.00475609
11.4 0.133847 -5.58931e-11 0.86612 5.70717e-11 0.0330663 0.00413573
11.5 0.132431 -4.7807e-11 0.867536 5.01251e-11 0.0300406 0.00353216
11.6 0.131048 -3.92621e-11 0.868919 5.1623e-11 0.0273046 0.00296493
11.7 0.129691 -3.55578e-11 0.870276 4.67411e-11 0.0248469 0.00245272
11.8 0.12836 -3.52073e-11 0.871607 3.96439e-11 0.0226461 0.00201149
11.9 0.127052 -2.74601e-11 0.872915 2.50445e-11 0.0206748 0.001651
12 0.125761 -8.81856e-12 0.874205 1.22875e-11 0.0189042 0.00137727
12.1 0.124491 -2.09362e-11 0.875475 1.25813e-11 0.0173057 0.00119444
12.2 0.123235 -1.64722e-11 0.876732 7.75124e-11 0.015852 0.00110014
12.3 0.121995 8.11285e-12 0.877972 2.03891e-10 0.0145152 0.00108718
12.4 0.120768 -1.46498e-10 0.879198 1.24028e-10 0.0132697 0.00114475
12.5 0.119556 -1.13371e-10 0.880411 3.64549e-10 0.0120991 0.0012585
12.6 0.118356 -3.06118e-11 0.88161 2.30917e-10 0.0109796 0.00141177
12.7 0.117169 9.40329e-11 0.882798 2.0712e-10 0.00990227 0.00158819
12.8 0.115991 -2.3685e-10 0.883975 3.40114e-10 0.00885593 0.00176863
12.9 0.114825 -3.18104e-10 0.885141 3.94303e-10 0.00783574 0.00193226
13 0.113676 -2.97822e-10 0.886291 3.52285e-10 0.00684387 0.00206482
13.1 0.112539 -3.74398e-10 0.887428 3.66342e-10 0.00588161 0.00214976
13.2 0.111414 -4.26074e-10 0.888552 4.19464e-10 0.00495679 0.00217582
13.3 0.110302 -4.24633e-10 0.889664 4.14755e-10 0.00408086 0.00213683
13.4 0.109202 -4.17199e-10 0.890765 5.11827e-10 0.00326736 0.00202951
13.5 0.108112 -6.25718e-10 0.891854 6.67935e-10 0.00252576 0.00185391
13.6 0.107036 -5.33626e-10 0.89293 6.37615e-10 0.00186985 0.00161542
13.7 0.105971 -6.72439e-10 0.893996 6.93849e-10 0.00130793 0.00132778
13.8 0.104917 1.40956e-10 0.895049 3.50763e-12 0.000848144 0.00100365
13.9 0.103874 -5.72533e-10 0.896092 6.6086e-10 0.000492052 0.000655086
14 0.102843 -5.71534e-10 0.897124 6.5123e-10 0.00024072 0.000300089
14.1 0.101821 -6.34572e-10 0.898146 7.15832e-10 9.03105e-05 -4.24087e-05
14.2 0.100809 -4.41758e-10 0.899158 4.86087e-10 3.62563e-05 -0.000358839
14.3 0.0998068 -4.09228e-10 0.900161 4.68543e-10 6.41622e-05 -0.000633766
14.4 0.0988145 -3.69231e-10 0.901153 4.38885e-10 0.000161579 -0.000853477
14.5 0.0978327 -4.22912e-10 0.902134 5.01701e-10 0.000313054 -0.00100752
14.6 0.0968601 -3.61549e-10 0.903107 4.39558e-10 0.000500756 -0.00108794
14.7 0.0958973 -3.75337e-10 0.90407 4.9987e-10 0.000705744 -0.00109454
14.8 0.0949439 -3.36764e-10 0.905023 4.34947e-10 0.000909 -0.00103096
14.9 0.0939999 -3.22616e-10 0.905966 3.96564e-10 0.00109358 -0.000900127
15 0.0930664 -5.04362e-10 0.9069 5.16006e-10 0.00124377 -0.000713702
15.1 0.092142 -2.95423e-10 0.907825 3.25454e-10 0.00134655 -0.000480606
15.2 0.0912269 -1.97231e-10 0.90874 2.33512e-10 0.00139398 -0.000218251
15.3 0.0903198 -5.1754e-10 0.909647 2.37461e-10 0.00138233 5.87725e-05
15.4 0.0894222 -5.60577e-10 0.910545 2.04936e-10 0.00130616 0.000335263
15.5 0.0885338 -3.35906e-10 0.911434 3.68988e-10 0.00116997 0.000593512
15.6 0.0876543 -1.99057e-10 0.912313 2.03379e-10 0.000981273 0.000817601
15.7 0.086783 -2.76671e-10 0.913185 3.51779e-10 0.000746499 0.00099803
15.8 0.0859203 -2.92229e-10 0.914047 3.66419e-10 0.000478875 0.0011227
15.9 0.0850663 -3.03104e-10 0.914901 3.72812e-10 0.000193533 0.00118363
16 0.0842207 -3.10121e-10 0.915747 3.7482e-10 -9.60001e-05 0.00117986
16.1 0.0833836 -3.55079e-10 0.916584 4.17162e-10 -0.000372846 0.00111077
16.2 0.0825554 -3.98643e-10 0.917413 4.57212e-10 -0.000624728 0.000982098
16.3 0.0817353 -4.21356e-10 0.918233 4.90005e-10 -0.000836013 0.000797233
16.4 0.080923 -4.33214e-10 0.919045 5.18994e-10 -0.000993941 0.000569782
16.5 0.0801189 -4.88471e-10 0.91985 5.64722e-10 -0.00109146 0.000313904
16.6 0.0793227 -5.45761e-10 0.920646 5.09837e-10 -0.0011254 4.33552e-05
16.7 0.0785345 -5.41491e-10 0.921434 5.46644e-10 -0.00109375 -0.000225748
16.8 0.0777545 -5.51236e-10 0.922214 5.73585e-10 -0.000999958 -0.000478889
16.9 0.0769819 -5.73902e-10 0.922986 6.01473e-10 -0.000849932 -0.000702154
17 0.0762171 -6.63941e-10 0.923751 7.10798e-10 -0.000656246 -0.000884522
17.1 0.0754595 -6.80062e-10 0.924508 7.16804e-10 -0.000422652 -0.00101477
17.2 0.0747096 -6.83525e-10 0.925258 7.2256e-10 -0.000166107 -0.00108641
17.3 0.0739665 -7.1256e-10 0.926001 7.55043e-10 9.80605e-05 -0.00109598
17.4 0.0732304 -6.38976e-10 0.926737 8.60509e-10 0.000355008 -0.00104328
17.5 0.0725019 -7.01405e-10 0.927465 8.34016e-10 0.000589899 -0.000931629
17.6 0.0717807 -7.02078e-10 0.928186 8.23327e-10 0.000789995 -0.000768142
17.7 0.0710665 -7.3724e-10 0.9289 8.53963e-10 0.000942685 -0.000562722
17.8 0.0703598 -6.72555e-10 0.929605 9.7696e-10 0.00104331 -0.000326547
17.9 0.0696608 -7.69421e-10 0.930305 9.38537e-10 0.00108371 -7.34833e-05
18 0.0689689 -8.0403e-10 0.930998 9.80794e-10 0.00106078 0.000181813
18.1 0.0682841 -9.20809e-10 0.931684 7.0239e-10 0.000978557 0.000424233
18.2 0.0676062 -8.34105e-10 0.932362 9.75251e-10 0.000841548 0.000639754
18.3 0.066935 -1.10077e-09 0.933034 -2.22128e-10 0.000657808 0.000815263
18.4 0.0662699 -9.08534e-10 0.9337 -2.88456e-10 0.000439365 0.000944165
18.5 0.0656106 -7.10391e-10 0.934357 1.49576e-10 0.000197117 0.00101833
18.6 0.0649588 -7.23577e-10 0.935009 3.63645e-10 -5.41793e-05 0.00103269
18.7 0.064313 -1.21848e-09 0.935655 -2.63739e-10 -0.000299529 0.000987926
18.8 0.0636743 -1.65974e-09 0.936295 7.91196e-10 -0.000525931 0.000887092
18.9 0.0630421 -1.29288e-09 0.936928 2.69461e-10 -0.000720026 0.000736551
19 0.0624151 -1.57777e-09 0.937555 7.48748e-10 -0.00087231 0.000546888
19.1 0.0617951 -1.16799e-09 0.938176 7.68629e-10 -0.000975531 0.000325899
19.2 0.0611812 -9.50452e-10 0.938788 8.33664e-10 -0.00102136 8.7327e-05
19.3 0.0605732 -1.34762e-09 0.939396 3.70453e-10 -0.00100726 -0.000152265
19.4 0.0599714 -1.3971e-09 0.939998 -6.16959e-10 -0.000936793 -0.000379653
19.5 0.0593754 -1.11309e-09 0.940594 3.04229e-10 -0.000814816 -0.000584647
19.6 0.0587851 -1.04901e-09 0.941184 5.08651e-10 -0.000647064 -0.000754969
19.7 0.0582001 -6.21102e-10 0.941768 8.205e-10 -0.000444285 -0.000881611
19.8 0.0576222 -7.26725e-10 0.942344 1.903e-09 -0.000219121 -0.000956721
19.9 0.0570484 -6.33538e-10 0.942916 1.51294e-09 1.84683e-05 -0.000974804
20 0.0564807 -6.26052e-10 0.943484 1.49648e-09 0.000251393 -0.000937941
