0 0 0 1 0 0 0
0.1 1.71713e-07 2.37825e-24 1 -2.68834e-24 4.82639e-05 -0.000411183
0.2 7.90797e-07 1.17131e-23 0.999999 2.36648e-26 0.000195257 -0.000865797
0.3 2.03563e-06 7.73838e-21 0.999998 5.25589e-22 0.000448526 -0.00134949
0.4 4.11417e-06 2.93094e-19 0.999996 -8.92652e-21 0.000812113 -0.0018479
0.5 7.26284e-06 1.02084e-18 0.999993 -1.82214e-19 0.00128668 -0.00234755
0.6 1.1745e-05 1.80922e-18 0.999988 -2.55405e-19 0.00186981 -0.00283681
0.7 1.78497e-05 4.58444e-19 0.999982 -4.01638e-19 0.00255658 -0.00330662
0.8 2.58919e-05 -2.26175e-18 0.999974 -2.15804e-18 0.00334023 -0.00375118
0.9 3.62151e-05 4.3699e-19 0.999963 -1.18851e-19 0.00421295 -0.00416839
1 4.91994e-05 4.04906e-18 0.99995 -1.29166e-18 0.00516685 -0.00456013
1.1 6.52748e-05 2.13441e-18 0.999934 1.28563e-18 0.00619483 -0.00493228
1.2 8.49439e-05 -1.16105e-18 0.999914 -6.15687e-18 0.00729155 -0.0052946
1.3 0.000108815 -1.48808e-18 0.999889 -8.33561e-18 0.00845422 -0.0056603
1.4 0.000137649 -1.05188e-17 0.99986 -1.57277e-17 0.00968335 -0.0060455
1.5 0.000172416 -1.41427e-17 0.999825 -2.61568e-17 0.0109833 -0.00646848
1.6 0.000214373 -2.31673e-17 0.999783 -1.46336e-17 0.0123628 -0.00694888
1.7 0.000265156 1.18773e-17 0.999732 -9.87987e-18 0.013835 -0.00750645
1.8 0.000327167 2.49823e-17 0.99967 -4.33196e-18 0.0154172 -0.00816053
1.9 0.000403233 7.00366e-17 0.999593 -8.70293e-18 0.0171309 -0.00892917
2 0.000497076 8.52555e-17 0.999499 -1.90699e-17 0.019001 -0.0098281
2.1 0.000612864 4.68387e-17 0.999384 -2.03902e-17 0.0210557 -0.0108701
2.2 0.000756262 3.21806e-17 0.99924 -2.57418e-17 0.0233248 -0.012064
2.3 0.000934102 3.40971e-17 0.999062 -3.93849e-17 0.0258398 -0.013415
2.4 0.00115374 5.18537e-18 0.998842 -1.05774e-17 0.0286321 -0.0149236
2.5 0.00142415 4.71966e-17 0.998572 -7.1305e-17 0.0317323 -0.0165861
2.6 0.00175602 8.37539e-17 0.99824 -1.0396e-16 0.035169 -0.0183945
2.7 0.00216116 6.09592e-17 0.997835 -1.47085e-16 0.0389681 -0.0203368
2.8 0.00265284 2.081e-16 0.997343 -8.48519e-17 0.0431517 -0.0223975
2.9 0.00324555 1.62867e-16 0.99675 -8.20514e-17 0.0477374 -0.024558
3 0.00395504 3.97229e-16 0.99604 -1.53212e-17 0.0527395 -0.0267971
3.1 0.00479826 5.3797e-16 0.995196 1.06341e-16 0.0581639 -0.0290925
3.2 0.00579271 6.6021e-16 0.994199 3.5269e-16 0.0640082 -0.0314194
3.3 0.0069566 2.31127e-16 0.993035 5.9761e-16 0.0702687 -0.0337542
3.4 0.00830845 2.7409e-16 0.991682 4.65072e-16 0.0769349 -0.0360732
3.5 0.00986679 2.94925e-16 0.990123 1.53664e-16 0.0839904 -0.0383541
3.6 0.0116502 2.02535e-16 0.98834 1.27602e-16 0.0914118 -0.0405727
3.7 0.0136755 2.0321e-16 0.986314 6.18666e-17 0.099171 -0.0427102
3.8 0.0159586 3.7348e-16 0.984031 -7.00697e-17 0.107235 -0.0447452
3.9 0.0185143 1.17963e-15 0.981475 -2.91471e-17 0.115567 -0.0466604
4 0.0213558 5.20834e-16 0.978633 8.65792e-16 0.124127 -0.0484385
4.1 0.0244917 -2.01532e-16 0.975496 1.98646e-15 0.13287 -0.0500635
4.2 0.0279325 -5.15989e-16 0.972054 3.43666e-15 0.141748 -0.0515205
4.3 0.031682 -2.22957e-15 0.968304 4.0831e-15 0.15071 -0.0527956
4.4 0.0357414 -3.73258e-15 0.964244 5.36647e-15 0.159704 -0.0538765
4.5 0.0401058 -7.1974e-17 0.959879 2.76996e-16 0.168676 -0.0547528
4.6 0.0447658 -2.32078e-15 0.955218 4.70595e-15 0.177568 -0.0554127
4.7 0.0497098 -7.44883e-15 0.950274 9.44063e-15 0.186316 -0.0558504
4.8 0.0549197 -9.02664e-15 0.945064 1.16438e-14 0.194864 -0.0560618
4.9 0.0603736 -1.11503e-14 0.93961 1.46531e-14 0.203162 -0.0560359
5 0.0660422 -1.58795e-14 0.933942 1.85498e-14 0.211153 -0.0557745
5.1 0.0718927 -1.51482e-14 0.928092 1.82368e-14 0.218779 -0.0552824
5.2 0.0778913 -1.23651e-14 0.922094 1.62939e-14 0.225989 -0.0545692
5.3 0.0839945 -1.32239e-15 0.915991 6.58072e-15 0.232736 -0.0536597
5.4 0.0901671 1.53564e-14 0.909818 -9.1159e-15 0.238979 -0.0525584
5.5 0.0963715 3.52356e-14 0.903614 -2.9644e-14 0.244693 -0.0512836
5.6 0.102556 4.21398e-14 0.89743 -4.08748e-14 0.249839 -0.0498704
5.7 0.108679 5.04286e-14 0.891308 -4.50641e-14 0.254394 -0.0483439
5.8 0.114707 5.33754e-14 0.885279 -4.71554e-14 0.258371 -0.0467414
5.9 0.120606 5.99937e-14 0.87938 -5.74523e-14 0.261762 -0.0450887
6 0.126342 6.66206e-14 0.873643 -6.46383e-14 0.264577 -0.0434183
6.1 0.131894 5.6503e-14 0.86809 -6.00328e-14 0.266834 -0.0417555
6.2 0.137246 5.61951e-14 0.862738 -5.9621e-14 0.268555 -0.0401243
6.3 0.142377 5.48694e-14 0.857606 -6.40112e-14 0.269759 -0.0385386
6.4 0.147275 3.84655e-14 0.852705 -5.15285e-14 0.270515 -0.0370072
6.5 0.151936 3.76664e-14 0.848043 -4.54803e-14 0.270838 -0.0355264
6.6 0.156352 3.67135e-14 0.843626 -3.71524e-14 0.270766 -0.0340921
6.7 0.160507 4.3598e-14 0.839469 -3.83884e-14 0.270319 -0.0327004
6.8 0.164404 4.23944e-14 0.835571 -3.71248e-14 0.269526 -0.0313278
6.9 0.16803 3.35859e-14 0.831943 -2.52272e-14 0.268409 -0.0299542
7 0.17136 3.75886e-14 0.828612 -2.51442e-14 0.266963 -0.0285674
7.1 0.174391 3.0695e-14 0.825576 -3.82915e-15 0.2652 -0.0271565
7.2 0.177119 1.98283e-14 0.822848 6.17676e-15 0.263134 -0.0257081
7.3 0.179524 -5.79557e-15 0.820442 2.11814e-14 0.260765 -0.0242132
7.4 0.181596 -2.57485e-14 0.818369 4.26111e-14 0.258087 -0.0226593
7.5 0.183334 -2.48872e-14 0.816632 3.95979e-14 0.255087 -0.0210676
7.6 0.184724 1.57842e-14 0.81524 2.32001e-14 0.251766 -0.0194409
7.7 0.185779 2.53799e-14 0.814186 -8.42148e-15 0.248108 -0.0177969
7.8 0.186494 1.05121e-13 0.813469 -8.25984e-14 0.244118 -0.0161532
7.9 0.186875 8.17603e-14 0.813089 -6.01874e-14 0.2398 -0.0145319
8 0.186939 6.67323e-14 0.813024 -3.93819e-14 0.235163 -0.0129524
8.1 0.186707 6.97934e-14 0.813259 -4.00948e-14 0.230205 -0.0114398
8.2 0.186219 9.87116e-14 0.813747 -7.03715e-14 0.22497 -0.0100003
8.3 0.185486 1.19541e-13 0.81448 -8.51693e-14 0.219464 -0.00865924
8.4 0.184536 1.27821e-13 0.815428 -9.86343e-14 0.2137 -0.00740666
8.5 0.183404 1.20296e-13 0.816558 -9.98395e-14 0.207718 -0.00625996
8.6 0.182107 1.23373e-13 0.817851 -1.04752e-13 0.20154 -0.0052114
8.7 0.180666 9.89559e-14 0.819289 -8.87325e-14 0.195207 -0.00423243
8.8 0.179112 8.4955e-14 0.820842 -7.22052e-14 0.188716 -0.0033373
8.9 0.177462 6.82482e-14 0.82249 -7.5019e-14 0.182085 -0.00251746
9 0.175752 6.88427e-14 0.824199 -6.78939e-14 0.175344 -0.00174902
9.1 0.173966 6.49576e-14 0.825984 -7.39606e-14 0.168539 -0.00101126
9.2 0.172122 1.54278e-13 0.827828 -8.5498e-14 0.161663 -0.000307303
9.3 0.170237 8.15417e-14 0.829712 -4.05933e-14 0.154734 0.00036922
9.4 0.168324 1.78354e-13 0.831625 -1.35549e-13 0.14777 0.00103052
9.5 0.166385 2.34988e-13 0.833563 -1.9362e-13 0.140782 0.00167261
9.6 0.16444 4.02804e-12 0.835506 -5.26477e-12 0.133782 0.00229278
9.7 0.162481 3.44731e-12 0.837465 -3.98044e-12 0.126798 0.0028859
9.8 0.160521 1.41712e-12 0.839425 -1.41856e-12 0.119848 0.00344085
9.9 0.158564 7.83627e-13 0.841382 -1.54667e-12 0.112957 0.00395696
10 0.156625 1.66041e-13 0.843321 -2.13751e-12 0.106139 0.00442378
10.1 0.154708 2.55199e-12 0.845239 -4.37131e-12 0.0994191 0.00482684
10.2 0.152811 -1.15398e-11 0.847136 9.62661e-12 0.0928252 0.0051546
10.3 0.150947 -1.6416e-11 0.849001 1.22019e-11 0.0863777 0.00540197
10.4 0.149109 -1.12753e-11 0.850838 8.10354e-12 0.0801048 0.00556122
10.5 0.147326 -1.27456e-11 0.852622 1.12178e-11 0.0740421 0.00562939
10.6 0.145573 -8.98163e-12 0.854374 8.06345e-12 0.06821 0.00559948
10.7 0.143869 -2.53365e-11 0.856079 2.48767e-11 0.0626429 0.00548066
10.8 0.142209 -7.69343e-11 0.857739 6.75544e-11 0.0573637 0.00527258
10.9 0.140591 -1.47149e-10 0.859357 1.39696e-10 0.0523932 0.00498006
11 0.13902 -2.02114e-10 0.860928 1.97408e-10 0.0477444 0.00462925
11.1 0.137492 -1.86806e-10 0.862457 1.83892e-10 0.0434288 0.00423063
11.2 0.136007 -1.64953e-10 0.863943 1.57903e-10 0.0394529 0.0038044
11.3 0.134563 -2.30806e-10 0.865387 2.34105e-10 0.0358193 0.00336923
11.4 0.133156 -2.40378e-10 0.866795 2.11494e-10 0.0325186 0.00294634
11.5 0.131776 -1.08851e-10 0.868176 1.11169e-10 0.0295397 0.00255426
11.6 0.130423 -1.67654e-10 0.86953 1.18151e-10 0.0268697 0.0022095
11.7 0.129088 -2.44833e-10 0.870865 2.0711e-10 0.0244813 0.00192824
11.8 0.127773 -1.50904e-10 0.87218 1.55241e-10 0.0223477 0.00172072
11.9 0.126476 -1.24553e-10 0.873477 1.36843e-10 0.0204447 0.00159192
12 0.125194 -4.12592e-11 0.874758 8.99187e-11 0.0187404 0.00154657
12.1 0.123927 -4.30562e-11 0.876025 6.22862e-12 0.0172039 0.0015826
12.2 0.122676 8.95557e-11 0.877276 -6.70673e-11 0.015802 0.00169467
12.3 0.121436 2.77262e-09 0.878516 3.77192e-10 0.0145107 0.00186719
12.4 0.120212 1.30737e-08 0.87974 -1.16225e-08 0.0133048 0.00208936
12.5 0.119001 2.39823e-08 0.880951 -1.87696e-08 0.012163 0.00234531
12.6 0.117804 1.3286e-08 0.882148 -9.43118e-09 0.0110653 0.00261442
12.7 0.11662 3.59784e-08 0.883332 -2.73664e-08 0.0100045 0.00287287
12.8 0.115451 2.85329e-08 0.884503 -1.23176e-08 0.00897122 0.00310863
12.9 0.114294 2.84454e-08 0.885661 -1.63248e-08 0.00796514 0.00330255
13 0.113149 3.44429e-08 0.886807 -1.74299e-08 0.00698481 0.00343726
13.1 0.112014 3.09882e-08 0.887941 -7.10507e-09 0.00604068 0.00350014
13.2 0.110891 2.47876e-08 0.889064 -1.68214e-08 0.00513588 0.00348645
13.3 0.109782 2.80038e-08 0.890173 -8.9527e-09 0.00428216 0.00339044
13.4 0.108683 8.60428e-09 0.891273 -3.44487e-08 0.00349065 0.0032108
13.5 0.107596 2.63954e-08 0.89236 -2.3665e-08 0.00277076 0.00295144
13.6 0.106521 4.15111e-09 0.893434 3.1202e-09 0.00213528 0.00261894
13.7 0.105459 1.60819e-08 0.894496 5.96431e-09 0.00159307 0.00222899
13.8 0.104409 -3.34215e-07 0.895548 2.22307e-07 0.00114851 0.00179391
13.9 0.103369 -5.87939e-08 0.896586 -7.92492e-09 0.000806899 0.00133114
14 0.102343 -1.71999e-08 0.897614 -1.5771e-08 0.000566198 0.000861387
14.1 0.101328 -2.13575e-08 0.898628 -1.45578e-08 0.000420629 0.000399722
14.2 0.100325 -7.168e-07 0.899632 5.83406e-07 0.000363928 -3.71879e-05
14.3 0.0993302 -2.14907e-07 0.900627 2.26851e-07 0.000388612 -0.000434933
14.4 0.0983445 -5.23821e-07 0.901613 5.71926e-07 0.000478469 -0.000776316
14.5 0.0973679 2.24627e-07 0.902589 -2.39223e-07 0.000620907 -0.00105157
14.6 0.096399 2.48118e-07 0.903559 -2.288e-07 0.000794891 -0.00125312
14.7 0.0954398 2.17194e-07 0.904518 -1.81106e-07 0.000986393 -0.00137837
14.8 0.0944896 1.00019e-06 0.905467 -7.72385e-07 0.00117337 -0.00142638
14.9 0.0935489 3.97051e-07 0.906408 -4.072e-07 0.00134356 -0.00140293
15 0.0926179 8.89678e-07 0.907339 -1.04068e-06 0.00148289 -0.00131441
15.1 0.0916971 1.27785e-07 0.908261 -1.48607e-07 0.00157477 -0.00116956
15.2 0.0907847 1.49707e-07 0.909173 -1.66438e-07 0.00161374 -0.00098238
15.3 0.0898825 1.55249e-07 0.910076 -1.35601e-07 0.0015933 -0.000767944
15.4 0.0889897 1.42869e-07 0.91097 -1.40043e-07 0.00151147 -0.000540144
15.5 0.0881065 1.46123e-07 0.911853 -1.56745e-07 0.00136875 -0.000315276
15.6 0.0872317 -9.55771e-09 0.912727 -6.08724e-08 0.00117332 -0.000106314
15.7 0.086365 1.3337e-07 0.913594 -1.74642e-07 0.000932409 7.38808e-05
15.8 0.085507 1.87258e-07 0.914451 -1.93597e-07 0.00065685 0.000215706
15.9 0.0846567 1.69929e-07 0.915301 -1.59662e-07 0.000358271 0.000309731
16 0.0838156 1.53176e-07 0.916142 -1.36705e-07 5.17664e-05 0.000353368
16.1 0.082983 1.55852e-07 0.916975 -1.32212e-07 -0.000249856 0.000344825
16.2 0.0821582 2.0206e-07 0.9178 -1.46985e-07 -0.000529615 0.000284904
16.3 0.0813415 1.45883e-07 0.918617 -1.1198e-07 -0.000775974 0.000180075
16.4 0.0805325 1.31438e-07 0.919427 -9.73994e-08 -0.000976657 3.74212e-05
16.5 0.0797315 1.19254e-07 0.920228 -7.16283e-08 -0.00112095 -0.000129014
16.6 0.0789385 1.14623e-07 0.921022 -6.96396e-08 -0.00120724 -0.000312182
16.7 0.078153 1.01147e-07 0.921806 -5.76362e-08 -0.00123104 -0.000495967
16.8 0.0773756 9.34543e-08 0.922584 -5.02428e-08 -0.00119112 -0.000667876
16.9 0.0766061 8.60408e-08 0.923353 -4.32459e-08 -0.00109282 -0.000815686
17 0.0758439 1.44996e-07 0.924116 -1.13533e-07 -0.000941804 -0.000927255
17.1 0.0750898 6.92186e-08 0.92487 -4.04734e-08 -0.00074942 -0.000992982
17.2 0.0743427 6.20024e-08 0.925617 -3.37008e-08 -0.000526939 -0.00100667
17.3 0.0736022 6.08114e-08 0.926358 -2.80643e-08 -0.000288854 -0.000964113
17.4 0.0728698 4.43628e-08 0.927091 -1.54569e-08 -4.72481e-05 -0.000865748
17.5 0.0721447 6.92321e-08 0.927816 -3.49629e-08 0.000182422 -0.000714392
17.6 0.0714269 5.81633e-08 0.928535 -2.21752e-08 0.000388441 -0.000515239
17.7 0.0707163 5.26421e-08 0.929246 -1.33398e-08 0.000558817 -0.000277518
17.8 0.0700125 4.90814e-08 0.92995 -2.21938e-08 0.000684812 -1.16958e-05
17.9 0.0693162 4.71748e-08 0.930646 -1.69693e-08 0.000758872 0.000270288
18 0.0686274 4.33393e-08 0.931335 -1.23917e-08 0.000778507 0.000553666
18.1 0.067945 4.00557e-08 0.932017 -1.00127e-08 0.000741786 0.000823792
18.2 0.0672698 4.16459e-08 0.932693 -1.03621e-08 0.000654575 0.00106901
18.3 0.0666009 3.3854e-08 0.933362 -2.81956e-09 0.000517862 0.00127784
18.4 0.0659392 8.65685e-08 0.934024 -1.73679e-07 0.000344123 0.00143918
18.5 0.0652841 1.11528e-10 0.934678 -1.09398e-07 0.000141867 0.0015445
18.6 0.0646346 -9.93303e-09 0.935327 -6.2056e-08 -7.6828e-05 0.00158618
18.7 0.0639923 3.99264e-08 0.93597 -7.80458e-08 -0.000298649 0.00156401
18.8 0.0633562 5.66911e-08 0.936606 5.32843e-08 -0.000507985 0.00147758
18.9 0.0627263 7.8955e-08 0.937236 1.45094e-07 -0.000694134 0.00133395
19 0.0621032 1.35572e-07 0.937859 1.77055e-07 -0.000846284 0.00113955
19.1 0.0614857 1.79482e-07 0.938477 2.1563e-07 -0.00095497 0.000902195
19.2 0.0608745 2.28092e-07 0.939088 2.56629e-07 -0.00101186 0.000633844
19.3 0.0602687 2.60127e-07 0.939694 2.71429e-07 -0.00101395 0.000350229
19.4 0.0596691 2.93897e-07 0.940294 2.78222e-07 -0.000959278 6.38835e-05
19.5 0.0590754 3.25931e-07 0.940888 2.78284e-07 -0.000851747 -0.000210422
19.6 0.0584877 3.57578e-07 0.941476 3.30252e-07 -0.000694762 -0.000459965
19.7 0.0579064 3.80388e-07 0.942058 3.52636e-07 -0.000497684 -0.000674762
19.8 0.0573312 3.96075e-07 0.942634 2.7983e-07 -0.000270346 -0.000844932
19.9 0.0567616 4.61733e-07 0.943205 2.21134e-07 -2.42327e-05 -0.000963289
20 0.0561974 4.68891e-07 0.943769 2.59245e-07 0.000229622 -0.00102795
