0 0 0 1 0 0 0
0.1 1.71713e-07 2.37825e-24 1 -2.68834e-24 4.82635e-05 -0.000411169
0.2 7.90784e-07 2.35459e-24 0.999999 2.36648e-26 0.000195247 -0.000865727
0.3 2.03554e-06 5.61257e-20 0.999998 8.10267e-22 0.000448476 -0.0013493
0.4 4.11383e-06 -1.43179e-19 0.999996 -1.53198e-20 0.000811961 -0.00184748
0.5 7.26189e-06 3.25057e-19 0.999993 -2.84011e-19 0.00128631 -0.00234682
0.6 1.17428e-05 9.53384e-19 0.999988 -2.17203e-19 0.00186909 -0.00283565
0.7 1.78452e-05 9.86779e-19 0.999982 1.49395e-19 0.00255529 -0.00330495
0.8 2.58835e-05 1.07697e-18 0.999974 -6.97338e-19 0.00333811 -0.00374893
0.9 3.62007e-05 3.52887e-18 0.999963 -2.89278e-18 0.0042097 -0.00416555
1 4.91761e-05 2.07108e-18 0.99995 -5.16507e-18 0.00516212 -0.00455673
1.1 6.52393e-05 -6.81893e-18 0.999934 -8.23705e-18 0.00618827 -0.00492845
1.2 8.48927e-05 -4.6381e-18 0.999914 -8.65481e-18 0.00728279 -0.00529052
1.3 0.000108745 -4.59661e-19 0.999889 -9.39222e-18 0.00844291 -0.00565623
1.4 0.000137557 1.26945e-17 0.99986 -4.51374e-18 0.00966917 -0.00604177
1.5 0.000172301 1.09277e-17 0.999825 -5.22215e-18 0.010966 -0.00646548
1.6 0.000214238 1.44147e-17 0.999783 -4.4662e-18 0.0123422 -0.00694704
1.7 0.000265006 1.07059e-17 0.999732 -5.76275e-18 0.0138109 -0.00750624
1.8 0.000327024 1.76233e-17 0.99967 -8.21978e-18 0.0153896 -0.00816242
1.9 0.000403126 2.11844e-17 0.999594 -7.65345e-18 0.0170998 -0.00893359
2 0.000497051 3.13835e-17 0.999499 -5.00535e-18 0.0189666 -0.00983544
2.1 0.000612973 2.98447e-17 0.999383 -8.52653e-21 0.021018 -0.0108807
2.2 0.000756577 8.06717e-17 0.99924 1.44675e-18 0.0232843 -0.0120781
2.3 0.000934695 1.31649e-16 0.999062 1.99558e-17 0.0257965 -0.0134326
2.4 0.00115472 1.30483e-16 0.998841 1.14948e-17 0.0285863 -0.0149448
2.5 0.00142562 2.5548e-16 0.99857 -4.63526e-17 0.0316841 -0.0166108
2.6 0.00175812 2.26683e-16 0.998238 1.8811e-17 0.0351186 -0.0184224
2.7 0.00216403 4.34193e-16 0.997832 8.24067e-17 0.0389154 -0.0203676
2.8 0.00265661 4.42149e-16 0.997339 1.72656e-16 0.0430965 -0.0224309
2.9 0.00325039 2.81551e-16 0.996745 2.01161e-16 0.0476794 -0.0245935
3 0.00396111 2.11206e-16 0.996034 1.43709e-16 0.0526773 -0.0268351
3.1 0.00480573 4.67553e-16 0.995189 1.16923e-16 0.0580985 -0.0291338
3.2 0.00580177 4.18824e-16 0.994191 1.40582e-16 0.0639375 -0.0314623
3.3 0.00696744 6.04031e-17 0.993024 1.52071e-16 0.0701922 -0.0337988
3.4 0.00832129 -2.41038e-16 0.991669 3.31821e-16 0.0768516 -0.0361199
3.5 0.0098819 -4.07666e-16 0.990107 1.16356e-16 0.083899 -0.0384021
3.6 0.0116674 -4.26544e-17 0.98832 -9.98167e-17 0.0913097 -0.0406231
3.7 0.0136956 1.16916e-16 0.986291 1.5121e-16 0.0990581 -0.0427627
3.8 0.0159819 -1.87102e-16 0.984005 3.51669e-16 0.107111 -0.0448004
3.9 0.0185413 1.13998e-16 0.981446 -2.86479e-17 0.115432 -0.0467193
4 0.0213866 -7.74071e-17 0.9786 3.67079e-16 0.123979 -0.0485013
4.1 0.024527 1.98799e-16 0.975459 7.84125e-16 0.132708 -0.0501312
4.2 0.0279731 -4.73473e-16 0.972012 9.66215e-16 0.141572 -0.0515939
4.3 0.0317286 -6.9342e-16 0.968256 7.53842e-16 0.15052 -0.0528756
4.4 0.0357946 -1.11008e-15 0.964189 9.64699e-16 0.159499 -0.0539638
4.5 0.0401665 -6.18209e-16 0.959817 1.26606e-15 0.168456 -0.0548479
4.6 0.0448361 5.12745e-15 0.955147 -5.66938e-15 0.177331 -0.0555136
4.7 0.0497903 6.83912e-15 0.950193 -8.06164e-15 0.186069 -0.0559561
4.8 0.0550136 5.99008e-15 0.94497 -9.46819e-15 0.19461 -0.0561691
4.9 0.0604802 4.51322e-15 0.939504 -8.23143e-15 0.202897 -0.0561491
5 0.066164 1.63323e-15 0.933821 -7.0947e-15 0.210874 -0.0558945
5.1 0.0720325 -1.30927e-15 0.927952 -3.18657e-15 0.218486 -0.055415
5.2 0.078051 -5.92085e-15 0.921935 4.1542e-15 0.225683 -0.0547154
5.3 0.0841768 -7.49267e-15 0.91581 7.65184e-15 0.232418 -0.0538066
5.4 0.0903707 -1.13421e-14 0.909616 1.08172e-14 0.238651 -0.0527061
5.5 0.0965908 -1.2407e-14 0.903395 1.18813e-14 0.244348 -0.0514328
5.6 0.102797 -6.77742e-15 0.89719 6.06697e-15 0.24948 -0.0500189
5.7 0.108933 1.30224e-16 0.891054 -5.51358e-16 0.254026 -0.048477
5.8 0.114976 -1.01214e-15 0.88501 -2.29936e-15 0.257986 -0.0468632
5.9 0.120885 -3.67813e-15 0.879101 -3.54217e-15 0.26135 -0.0451948
6 0.126637 6.53908e-15 0.873348 -8.8479e-15 0.264136 -0.0435041
6.1 0.132205 6.98786e-15 0.86778 -1.16778e-14 0.266365 -0.0418266
6.2 0.137569 5.4058e-15 0.862415 -1.32946e-14 0.268057 -0.04018
6.3 0.142707 2.78657e-15 0.857275 -1.13297e-14 0.269245 -0.0385751
6.4 0.147615 5.46155e-15 0.852366 -1.08873e-14 0.269961 -0.0370229
6.5 0.152284 7.26118e-15 0.847695 -1.31031e-14 0.270237 -0.0355252
6.6 0.156698 9.0511e-15 0.84328 -1.54722e-14 0.270111 -0.0340807
6.7 0.160858 1.1487e-14 0.839119 -1.1275e-14 0.269609 -0.0326767
6.8 0.164757 8.49127e-15 0.835218 8.51345e-16 0.268761 -0.0313029
6.9 0.168379 1.67561e-14 0.831595 1.19731e-15 0.267572 -0.0299472
7 0.171718 2.01074e-14 0.828254 7.7936e-15 0.266068 -0.0285813
7.1 0.174767 1.65575e-14 0.825203 1.01364e-14 0.264269 -0.0272009
7.2 0.17751 2.08276e-14 0.82246 1.03574e-14 0.262163 -0.0257741
7.3 0.179938 1.67803e-14 0.820031 -5.87416e-15 0.259756 -0.0242979
7.4 0.182034 1.31375e-14 0.817935 -3.105e-16 0.257039 -0.0227742
7.5 0.183794 2.14674e-14 0.816174 6.26224e-15 0.254002 -0.0212102
7.6 0.185212 1.78676e-14 0.814754 7.50393e-15 0.250643 -0.0196157
7.7 0.1863 3.04066e-14 0.813668 -3.71583e-15 0.246957 -0.0179958
7.8 0.187048 2.80751e-14 0.812921 -9.08952e-15 0.242937 -0.0163793
7.9 0.187472 1.50432e-14 0.812497 -1.50594e-15 0.2386 -0.0147807
8 0.187585 1.80834e-14 0.812384 -1.55342e-14 0.233952 -0.0132159
8.1 0.187402 2.52824e-14 0.812565 -3.27486e-14 0.229005 -0.0117111
8.2 0.186957 3.79995e-14 0.813011 -5.15414e-14 0.223773 -0.0102738
8.3 0.186266 2.16549e-14 0.813701 -4.74325e-14 0.218264 -0.00891992
8.4 0.185358 1.57703e-14 0.814607 -4.39796e-14 0.212508 -0.00765877
8.5 0.184256 4.2811e-14 0.815709 -6.566e-14 0.206538 -0.00649416
8.6 0.182989 5.36627e-14 0.816973 -6.56477e-14 0.200374 -0.00541385
8.7 0.181593 3.17963e-14 0.818368 -6.67576e-14 0.194043 -0.00442627
8.8 0.180075 1.93203e-14 0.819884 -2.39163e-14 0.187561 -0.0035142
8.9 0.178449 -1.25606e-13 0.821509 1.17602e-13 0.180954 -0.00266504
9 0.176744 -3.50042e-14 0.823211 2.82674e-14 0.174246 -0.00186115
9.1 0.174964 3.6579e-14 0.82499 -4.23821e-14 0.167458 -0.00109708
9.2 0.173128 7.70887e-14 0.826826 -7.5057e-14 0.160614 -0.000362636
9.3 0.171241 1.3899e-13 0.828713 -1.39672e-13 0.153729 0.000347497
9.4 0.169318 1.81973e-13 0.830635 -1.81475e-13 0.146816 0.00104335
9.5 0.167368 2.03686e-13 0.832585 -1.91449e-13 0.139894 0.0017192
9.6 0.165402 1.76105e-13 0.83455 -1.87224e-13 0.132975 0.00237298
9.7 0.16343 1.31227e-13 0.836522 -1.37391e-13 0.126081 0.00300389
9.8 0.161458 1.53348e-13 0.838493 -1.59337e-13 0.119212 0.00361618
9.9 0.159482 2.41656e-13 0.840468 -2.23481e-13 0.112403 0.00418557
10 0.157523 3.62488e-13 0.842429 -3.32e-13 0.105671 0.00471012
10.1 0.155576 3.04529e-13 0.844375 -2.73849e-13 0.0990375 0.00517709
10.2 0.153649 2.39863e-13 0.846302 -2.09785e-13 0.0925187 0.00556972
10.3 0.151751 1.32841e-13 0.8482 -1.18683e-13 0.086143 0.00588135
10.4 0.149889 1.03871e-13 0.850062 -1.03089e-13 0.0799349 0.006104
10.5 0.148068 4.13361e-14 0.851884 -1.80316e-14 0.0739255 0.00622785
10.6 0.14629 -2.3298e-14 0.853661 6.12044e-14 0.0681442 0.00624841
10.7 0.144554 1.12618e-13 0.855397 -9.32999e-14 0.0626168 0.0061675
10.8 0.142862 2.77087e-13 0.857089 -2.84178e-13 0.0573686 0.00599163
10.9 0.141218 3.75232e-13 0.858733 -4.22766e-13 0.0524191 0.00572852
11 0.13962 1.3665e-13 0.860331 -1.9426e-13 0.0477945 0.00538899
11.1 0.138067 3.45431e-13 0.861884 -3.61409e-13 0.0434906 0.00499495
11.2 0.136561 4.8664e-14 0.863391 -1.03854e-13 0.0395149 0.00456173
11.3 0.13509 1.72583e-14 0.864862 -1.08053e-13 0.0358786 0.00410174
11.4 0.133653 1.23917e-14 0.866299 -9.73463e-14 0.0325737 0.00363758
11.5 0.132248 3.86239e-14 0.867703 -9.89494e-14 0.0295942 0.00319282
11.6 0.130873 1.33614e-14 0.869078 -6.98582e-14 0.0269209 0.00278337
11.7 0.129525 -4.49994e-14 0.870426 2.68932e-15 0.0245297 0.00242779
11.8 0.128199 -3.86167e-14 0.871752 6.59063e-14 0.0224008 0.00213951
11.9 0.126894 -4.44792e-13 0.873058 4.90346e-13 0.0205024 0.001925
12 0.125607 -2.13913e-13 0.874344 2.21766e-13 0.0188076 0.0017898
12.1 0.124336 -1.86732e-13 0.875615 1.92106e-13 0.0172844 0.00173506
12.2 0.123079 -1.93448e-13 0.876873 1.84215e-13 0.0159 0.00175561
12.3 0.121838 -2.73548e-13 0.878114 2.4574e-13 0.0146291 0.00184401
12.4 0.12061 -2.66927e-13 0.879342 2.42781e-13 0.0134417 0.00198535
12.5 0.119396 -3.0662e-13 0.880558 2.82788e-13 0.0123181 0.00216536
12.6 0.118193 -3.40976e-13 0.88176 3.14288e-13 0.0112411 0.00236771
12.7 0.117004 -3.77993e-13 0.88295 3.57252e-13 0.0101962 0.00257197
12.8 0.115829 -3.96794e-13 0.884125 3.73876e-13 0.0091745 0.00275945
12.9 0.114666 -4.42713e-13 0.885288 4.46111e-13 0.00817372 0.00291316
13 0.113515 -3.79523e-13 0.886438 4.02141e-13 0.00719362 0.00301825
13.1 0.112377 -3.98435e-13 0.887576 4.54672e-13 0.00623851 0.00305943
13.2 0.111251 -4.24206e-13 0.888702 4.60232e-13 0.00531672 0.00302595
13.3 0.11014 -4.35911e-13 0.889814 4.71069e-13 0.00444011 0.00291454
13.4 0.109039 -4.11333e-13 0.890914 4.52406e-13 0.00361938 0.00272588
13.5 0.107951 -4.23046e-13 0.892003 4.73843e-13 0.00286558 0.00245953
13.6 0.106875 -3.84014e-13 0.89308 4.08393e-13 0.00219477 0.00212362
13.7 0.105809 -2.68395e-13 0.894146 3.10962e-13 0.00161686 0.00173231
13.8 0.104755 -3.17258e-13 0.8952 3.69658e-13 0.00113545 0.00129777
13.9 0.103711 -1.38698e-13 0.896243 1.27631e-13 0.000758091 0.000840647
14 0.102681 -2.30266e-13 0.897275 2.62927e-13 0.000484364 0.000375413
14.1 0.101661 -1.8147e-13 0.898295 2.44313e-13 0.00030998 -7.71716e-05
14.2 0.100651 -1.59611e-13 0.899304 2.29554e-13 0.000230952 -0.000502013
14.3 0.0996518 -1.51306e-13 0.900305 1.99886e-13 0.000236137 -0.000880819
14.4 0.0986616 -2.51068e-13 0.901295 3.23623e-13 0.000311491 -0.00119972
14.5 0.0976794 -1.52375e-13 0.902278 2.26674e-13 0.000443651 -0.00144575
14.6 0.0967078 -1.33173e-13 0.903249 2.18611e-13 0.000613754 -0.00161298
14.7 0.0957452 -1.02154e-13 0.904212 1.96992e-13 0.000803526 -0.00169896
14.8 0.0947918 -8.42909e-14 0.905166 1.75232e-13 0.000997098 -0.00170166
14.9 0.0938494 -1.48084e-13 0.906109 2.23578e-13 0.00117586 -0.00162352
15 0.0929167 -1.72485e-13 0.907042 2.53138e-13 0.00132318 -0.00147407
15.1 0.0919934 -1.84134e-13 0.907965 2.59123e-13 0.00142637 -0.00126515
15.2 0.0910795 -1.8976e-13 0.90888 2.60863e-13 0.00147441 -0.00101061
15.3 0.0901744 -1.95179e-13 0.909785 2.67955e-13 0.0014628 -0.000726371
15.4 0.089278 -1.99183e-13 0.910681 2.75754e-13 0.00138821 -0.00042782
15.5 0.0883901 -1.99124e-13 0.911569 2.75299e-13 0.00125189 -0.000132285
15.6 0.087511 -1.9009e-13 0.912448 2.47362e-13 0.00105746 0.000145907
15.7 0.0866414 -1.82404e-13 0.913318 2.85399e-13 0.000813522 0.000389552
15.8 0.0857796 -3.29542e-14 0.914179 9.40051e-14 0.00053187 0.000588244
15.9 0.0849259 -9.68673e-14 0.915033 5.30431e-14 0.000227238 0.000731547
16 0.0840811 -1.05232e-13 0.915878 8.44202e-14 -8.46435e-05 0.000814308
16.1 0.0832444 -1.43813e-13 0.916714 1.23195e-13 -0.000390599 0.000836363
16.2 0.0824167 -1.66741e-13 0.917542 1.5018e-13 -0.000673996 0.000798783
16.3 0.0815978 -1.17386e-13 0.918361 1.034e-13 -0.00092358 0.000705604
16.4 0.080787 -9.89541e-14 0.919172 1.02148e-13 -0.00112543 0.000565121
16.5 0.0799849 1.15357e-13 0.919973 8.59823e-14 -0.00126987 0.000388827
16.6 0.0791902 -1.45179e-13 0.920768 3.09781e-13 -0.00134919 0.000187762
16.7 0.0784041 -1.97923e-13 0.921554 3.29988e-13 -0.00136095 -2.13831e-05
16.8 0.0776259 -1.99894e-15 0.922332 1.20203e-13 -0.00130303 -0.000226674
16.9 0.0768547 -2.48048e-13 0.923104 4.5718e-13 -0.00118132 -0.000411062
17 0.0760922 -2.0707e-13 0.923867 3.97884e-13 -0.00100526 -0.000561457
17.1 0.0753353 -2.11794e-13 0.924623 3.949e-13 -0.000786662 -0.000670371
17.2 0.0745863 -2.24357e-13 0.925372 4.1289e-13 -0.000535614 -0.000729389
17.3 0.0738449 -2.32907e-13 0.926114 3.95229e-13 -0.000266857 -0.000733461
17.4 0.0731106 -2.40733e-13 0.926848 4.3711e-13 5.0618e-06 -0.000681208
17.5 0.0723834 -2.43177e-13 0.927575 4.48171e-13 0.000264919 -0.000577175
17.6 0.0716639 -2.4334e-13 0.928294 4.52404e-13 0.000499394 -0.000425247
17.7 0.0709518 -2.46049e-13 0.929007 4.48632e-13 0.000696944 -0.000232772
17.8 0.0702469 -2.50932e-13 0.929712 4.61251e-13 0.000849176 -1.15386e-05
17.9 0.0695487 -2.50317e-13 0.930411 4.388e-13 0.000947027 0.000228099
18 0.0688576 -2.76164e-13 0.931102 4.70669e-13 0.000986076 0.000473247
18.1 0.0681734 -2.77263e-13 0.931787 4.60071e-13 0.000965659 0.000708245
18.2 0.0674961 -2.698e-13 0.932466 4.68817e-13 0.00088644 0.000918589
18.3 0.0668258 -2.71097e-13 0.933137 4.83186e-13 0.000758721 0.0010932
18.4 0.0661622 -2.74541e-13 0.9338 4.75258e-13 0.000587625 0.00122139
18.5 0.0655048 -2.61099e-13 0.934458 4.817e-13 0.000385942 0.00129502
18.6 0.064854 -1.63398e-13 0.935109 5.78202e-13 0.000166615 0.00130829
18.7 0.0642099 -3.10875e-13 0.935754 3.84104e-13 -6.00774e-05 0.00126218
18.8 0.0635719 -3.11236e-13 0.936392 2.87904e-13 -0.000280069 0.00115613
18.9 0.06294 -4.11969e-13 0.937024 5.08396e-13 -0.000479052 0.000993725
19 0.0623144 -5.78208e-13 0.937651 4.24511e-13 -0.000644732 0.000785482
19.1 0.0616955 -6.27714e-13 0.93827 4.11206e-13 -0.000767947 0.000540111
19.2 0.0610824 -6.53388e-13 0.938884 3.93972e-13 -0.000842698 0.000268025
19.3 0.0604756 -5.68112e-13 0.939492 3.71475e-13 -0.000863977 -1.67091e-05
19.4 0.0598753 -5.35394e-13 0.940093 3.61652e-13 -0.000829602 -0.000300425
19.5 0.0592801 -5.71342e-13 0.940689 4.09125e-13 -0.000742516 -0.000568682
19.6 0.0586913 -9.81891e-13 0.941278 -7.2661e-13 -0.000606888 -0.000807474
19.7 0.0581088 -6.3911e-13 0.941861 2.71293e-13 -0.00042903 -0.00100557
19.8 0.0575317 -5.40087e-13 0.942439 4.10706e-13 -0.00022211 -0.00115546
19.9 0.0569599 -9.04354e-13 0.94301 4.57895e-13 3.9919e-06 -0.00125052
20 0.0563945 -2.92778e-13 0.943576 1.10986e-12 0.000237512 -0.00128554
