0 0 0 1 0 0 0
0.1 1.71713e-07 2.37825e-24 1 -2.68834e-24 4.82622e-05 -0.000411108
0.2 7.90726e-07 1.17131e-23 0.999999 -9.33482e-24 0.000195209 -0.000865421
0.3 2.03515e-06 1.97744e-20 0.999998 4.87698e-22 0.000448283 -0.00134844
0.4 4.11235e-06 1.99263e-19 0.999996 -5.52064e-20 0.000811366 -0.00184567
0.5 7.25773e-06 1.54368e-20 0.999993 -4.54304e-19 0.0012849 -0.00234359
0.6 1.17331e-05 5.42823e-20 0.999988 -6.14179e-19 0.00186625 -0.00283054
0.7 1.78251e-05 -8.44558e-19 0.999982 7.22956e-19 0.00255021 -0.00329752
0.8 2.5846e-05 -4.51367e-19 0.999974 2.18692e-18 0.00332976 -0.00373888
0.9 3.61359e-05 3.77815e-18 0.999964 1.40482e-18 0.0041969 -0.00415272
1 4.90711e-05 3.64586e-19 0.99995 2.5011e-18 0.00514354 -0.0045412
1.1 6.50784e-05 -9.38628e-19 0.999934 2.01366e-18 0.0061625 -0.00491054
1.2 8.46582e-05 -3.36447e-18 0.999914 9.41321e-18 0.00724842 -0.00527084
1.3 0.000108419 -3.61851e-18 0.99989 9.02231e-18 0.0083986 -0.00563566
1.4 0.000137123 -3.10298e-18 0.999861 1.44679e-17 0.00961373 -0.00602145
1.5 0.000171749 -2.31607e-17 0.999826 9.91984e-18 0.0108985 -0.00644676
1.6 0.000213567 -1.81646e-17 0.999784 1.13691e-17 0.0122618 -0.0069314
1.7 0.000264233 -1.11037e-17 0.999733 7.35263e-18 0.0137173 -0.00749521
1.8 0.000326426 -6.74165e-19 0.99967 1.38276e-17 0.0152827 -0.00815745
1.9 0.000402559 1.04032e-17 0.999594 1.74982e-17 0.0169799 -0.00893607
2 0.000496763 -1.78718e-17 0.9995 3.33902e-17 0.0188342 -0.00984646
2.1 0.000613248 6.21225e-18 0.999383 2.5053e-17 0.020874 -0.0109009
2.2 0.000757355 3.04452e-17 0.999239 1.266e-17 0.0231293 -0.012108
2.3 0.000935795 -1.59969e-17 0.99906 -4.10293e-17 0.0256316 -0.0134719
2.4 0.00115639 -3.34647e-17 0.99884 -3.99449e-17 0.0284121 -0.0149929
2.5 0.00142834 -7.61922e-17 0.998568 8.88271e-18 0.0315011 -0.0166665
2.6 0.00176213 -9.7799e-17 0.998234 4.00286e-17 0.0349268 -0.0184841
2.7 0.00216964 -6.04074e-19 0.997826 3.82519e-17 0.0387144 -0.0204334
2.8 0.0026642 -1.93026e-16 0.997332 9.16308e-18 0.0428853 -0.0224984
2.9 0.00326026 -1.17815e-16 0.996735 7.15824e-17 0.0474561 -0.0246605
3 0.00397358 -1.70843e-16 0.996022 9.09467e-17 0.0524394 -0.0268993
3.1 0.00482097 -2.28129e-16 0.995174 1.95206e-16 0.0578426 -0.0291928
3.2 0.00581995 -3.43785e-17 0.994173 2.5658e-16 0.0636596 -0.0315146
3.3 0.00698871 -2.31766e-17 0.993003 2.93593e-16 0.069888 -0.0338433
3.4 0.00834608 2.22136e-16 0.991644 3.36997e-16 0.0765158 -0.0361561
3.5 0.00991019 -4.26319e-17 0.990079 2.21515e-16 0.0835263 -0.0384303
3.6 0.011699 -3.81907e-18 0.988289 -8.27097e-17 0.0908966 -0.0406447
3.7 0.0137301 8.98554e-17 0.986258 3.87478e-16 0.0985972 -0.0427792
3.8 0.0160201 1.75151e-16 0.983967 4.80555e-16 0.106598 -0.0448154
3.9 0.0185835 2.79131e-16 0.981403 1.24118e-15 0.114863 -0.0467357
4 0.0214329 -6.73767e-17 0.978554 1.92171e-15 0.12335 -0.0485229
4.1 0.0245794 -2.36138e-16 0.975407 2.3918e-15 0.132016 -0.0501628
4.2 0.028033 3.80382e-16 0.971953 2.01304e-15 0.140816 -0.0516406
4.3 0.031798 2.28047e-16 0.968187 2.15394e-15 0.1497 -0.0529424
4.4 0.0358755 1.8965e-15 0.964109 -3.13877e-17 0.158617 -0.0540539
4.5 0.0402636 9.55165e-17 0.959721 2.86407e-15 0.167511 -0.0549636
4.6 0.0449517 -3.44376e-15 0.955032 6.49402e-15 0.176327 -0.0556623
4.7 0.0499285 -6.84928e-15 0.950056 9.68284e-15 0.185005 -0.0561376
4.8 0.0551772 -5.67557e-15 0.944808 9.18669e-15 0.193491 -0.0563845
4.9 0.0606763 -8.68455e-15 0.939309 9.77924e-15 0.201728 -0.0563993
5 0.0663981 -1.66095e-14 0.933587 1.92591e-14 0.20966 -0.0561778
5.1 0.0723103 -2.28722e-14 0.927676 2.79697e-14 0.217233 -0.0557197
5.2 0.0783753 -1.61963e-14 0.921611 2.0982e-14 0.224394 -0.0550304
5.3 0.0845498 -1.5843e-14 0.915437 2.4194e-14 0.231096 -0.0541197
5.4 0.090794 -1.50062e-14 0.909192 2.64671e-14 0.237283 -0.0530146
5.5 0.0970598 -1.51437e-14 0.902926 2.32636e-14 0.24293 -0.0517266
5.6 0.103307 -1.21728e-14 0.896679 2.24623e-14 0.248013 -0.0502852
5.7 0.109491 -9.5415e-15 0.890495 2.16793e-14 0.252504 -0.0487034
5.8 0.115575 -9.11576e-15 0.884411 1.86965e-14 0.2564 -0.0470374
5.9 0.121523 -5.88843e-15 0.878462 1.7317e-14 0.259693 -0.0453159
6 0.127309 -4.75762e-15 0.872676 9.11707e-15 0.262394 -0.043572
6.1 0.132896 -4.97567e-15 0.867089 3.7077e-15 0.264525 -0.0418376
6.2 0.138269 -1.74549e-15 0.861715 6.34698e-15 0.266101 -0.0401344
6.3 0.143414 -1.00953e-14 0.856569 1.40398e-14 0.267159 -0.038488
6.4 0.148329 -1.30381e-14 0.851654 1.48301e-14 0.267729 -0.0369091
6.5 0.152991 -9.88953e-15 0.84699 1.22677e-14 0.267867 -0.0353992
6.6 0.157412 -8.96737e-15 0.842569 1.3348e-14 0.267596 -0.0339528
6.7 0.161574 -5.18596e-15 0.838405 7.04449e-15 0.266935 -0.0325636
6.8 0.165474 -5.18233e-16 0.834504 6.20186e-15 0.265927 -0.0312163
6.9 0.169111 6.94466e-15 0.830866 7.06191e-15 0.264594 -0.0298906
7 0.172475 -5.23551e-15 0.827501 1.73392e-14 0.26295 -0.0285799
7.1 0.175554 -1.25605e-14 0.824421 1.86736e-14 0.261008 -0.027247
7.2 0.178345 -1.32739e-14 0.821629 3.82853e-14 0.258779 -0.0258706
7.3 0.180828 -2.36566e-14 0.819145 4.79755e-14 0.256253 -0.0244583
7.4 0.183001 -2.85425e-14 0.816971 5.17047e-14 0.253435 -0.0229933
7.5 0.184848 -4.58729e-14 0.815124 6.74113e-14 0.250318 -0.0214791
7.6 0.186356 -4.2969e-14 0.813616 7.65544e-14 0.2469 -0.019926
7.7 0.187532 -4.94838e-14 0.812439 8.48911e-14 0.243167 -0.0183414
7.8 0.188385 -3.82179e-14 0.811588 6.42977e-14 0.23912 -0.0167467
7.9 0.188907 -2.32616e-14 0.811065 4.01404e-14 0.234785 -0.0151436
8 0.189123 -1.78655e-14 0.81085 2.24666e-14 0.230142 -0.0135672
8.1 0.189048 -1.04182e-15 0.810925 1.26783e-14 0.225201 -0.012039
8.2 0.188693 -7.93634e-15 0.81128 2.01611e-14 0.219997 -0.0105671
8.3 0.188081 -1.08515e-14 0.81189 2.42007e-14 0.214541 -0.00916515
8.4 0.187241 -2.40988e-15 0.812729 2.46896e-14 0.208865 -0.00784137
8.5 0.186196 -5.27881e-15 0.813774 2.4074e-14 0.20298 -0.0066001
8.6 0.184972 1.28601e-14 0.814998 8.479e-15 0.196926 -0.00542992
8.7 0.183585 2.14947e-14 0.816385 8.35965e-15 0.19072 -0.00433564
8.8 0.182066 1.47835e-14 0.817903 1.04947e-14 0.184385 -0.00330643
8.9 0.180434 8.03065e-15 0.819535 1.51259e-14 0.177946 -0.00233307
9 0.178698 1.63039e-16 0.821269 2.37017e-14 0.171414 -0.00140924
9.1 0.176879 7.17108e-16 0.823087 2.24259e-14 0.164823 -0.00052219
9.2 0.174993 -3.54452e-15 0.824973 2.68736e-14 0.158189 0.000338736
9.3 0.17305 -6.96467e-15 0.826915 3.73955e-14 0.15152 0.00117823
9.4 0.171072 -1.76089e-14 0.828894 5.36195e-14 0.144827 0.00199883
9.5 0.169052 -1.69177e-14 0.830914 5.80932e-14 0.138117 0.00279746
9.6 0.167001 -2.4081e-14 0.832966 6.40028e-14 0.131423 0.00357897
9.7 0.164935 -1.7852e-14 0.835032 5.27298e-14 0.124739 0.0043249
9.8 0.162859 -2.02375e-14 0.837108 4.27329e-14 0.118088 0.00502977
9.9 0.160781 -2.33793e-14 0.839187 4.76776e-14 0.111486 0.00568522
10 0.158713 -2.36207e-14 0.841255 6.23844e-14 0.104951 0.00627805
10.1 0.156663 -2.26827e-14 0.843305 8.09706e-14 0.0985013 0.00679175
10.2 0.154637 -1.74837e-14 0.845331 7.11911e-14 0.0921576 0.00721453
10.3 0.152645 -6.71071e-14 0.847323 1.07328e-13 0.0859509 0.00753467
10.4 0.150691 -4.8121e-14 0.849277 9.31862e-14 0.0799033 0.00774359
10.5 0.148784 -9.86126e-15 0.851184 7.08467e-14 0.0740387 0.00783388
10.6 0.146921 -1.11981e-14 0.853046 9.13931e-14 0.0683856 0.00780612
10.7 0.145115 -2.33509e-14 0.854852 1.09867e-13 0.0629696 0.00765643
10.8 0.143362 -1.64658e-14 0.856605 9.44442e-14 0.0578105 0.00739816
10.9 0.141662 -2.09499e-14 0.858305 1.04878e-13 0.0529273 0.00703193
11 0.14002 -4.03863e-14 0.859948 1.04421e-13 0.0483388 0.00657825
11.1 0.138428 -2.47046e-14 0.861539 1.0155e-13 0.0440587 0.00604907
11.2 0.136887 -2.41343e-14 0.863081 1.05826e-13 0.0400948 0.00546619
11.3 0.135389 -1.02281e-14 0.864578 1.02122e-13 0.0364474 0.00485216
11.4 0.133931 -1.13789e-14 0.866036 1.04768e-13 0.0331161 0.00422614
11.5 0.132511 -7.10378e-15 0.867457 9.62901e-14 0.0300935 0.00361229
11.6 0.131124 -5.20273e-15 0.868843 9.75676e-14 0.0273676 0.00303042
11.7 0.129767 -1.16039e-14 0.870201 1.20108e-13 0.0249167 0.00250153
11.8 0.128436 6.97079e-14 0.871531 6.74182e-14 0.0227187 0.00203989
11.9 0.12713 -2.41743e-14 0.872838 1.48551e-13 0.0207496 0.00165793
12 0.125843 -8.03853e-14 0.874125 1.44741e-13 0.0189817 0.0013652
12.1 0.124573 1.21863e-13 0.875396 2.20867e-13 0.0173871 0.00116279
12.2 0.123319 3.88631e-14 0.87665 1.55838e-13 0.0159362 0.00104891
12.3 0.122079 2.4571e-14 0.87789 1.50681e-13 0.0146 0.00102014
12.4 0.120852 -1.14041e-12 0.879117 1.54119e-13 0.0133554 0.00106235
12.5 0.119638 -2.29169e-12 0.88033 1.48703e-12 0.0121777 0.00116582
12.6 0.118438 -4.98375e-12 0.88153 4.91775e-12 0.0110524 0.00131136
12.7 0.117251 -5.25685e-12 0.882718 5.0845e-12 0.009967 0.00148207
12.8 0.116077 -4.91528e-12 0.883892 4.8562e-12 0.0089095 0.00165854
12.9 0.114917 -5.2974e-12 0.885052 5.16546e-12 0.00787839 0.001824
13 0.113768 -4.75541e-12 0.886201 4.02386e-12 0.00687433 0.00196243
13.1 0.112632 -4.76509e-12 0.887338 4.38426e-12 0.00590008 0.0020544
13.2 0.111506 -5.38172e-12 0.888463 5.54415e-12 0.00496497 0.00209288
13.3 0.110394 -4.61201e-12 0.889576 5.08927e-12 0.00407742 0.00206922
13.4 0.109293 -5.10205e-12 0.890676 5.44089e-12 0.00324843 0.00197925
13.5 0.108204 -5.63789e-12 0.891765 5.77017e-12 0.00249541 0.0018225
13.6 0.107125 -4.75271e-12 0.892844 4.71293e-12 0.00182481 0.00160783
13.7 0.106059 -5.1575e-12 0.893911 4.8331e-12 0.00124871 0.00133976
13.8 0.105003 -5.33174e-12 0.894966 4.99862e-12 0.000775085 0.00103055
13.9 0.103958 -5.32493e-12 0.896012 4.93754e-12 0.000408275 0.000696646
14 0.102923 -6.67685e-12 0.897047 6.40638e-12 0.000148025 0.000353473
14.1 0.101898 -5.8377e-12 0.898071 5.58965e-12 -6.33898e-06 1.7242e-05
14.2 0.100885 -5.66677e-12 0.899085 5.34859e-12 -6.42884e-05 -0.000294108
14.3 0.0998807 -3.49182e-12 0.900089 3.33347e-12 -3.42656e-05 -0.000565881
14.4 0.0988868 -7.3973e-12 0.901083 7.13046e-12 6.73681e-05 -0.0007875
14.5 0.0979037 -9.1057e-12 0.902066 9.42816e-12 0.000227872 -0.000946841
14.6 0.0969304 -6.9135e-12 0.90304 7.71627e-12 0.000427008 -0.00103799
14.7 0.0959665 -6.02752e-12 0.904003 6.68281e-12 0.000646596 -0.00105543
14.8 0.0950113 -6.202e-12 0.904957 7.00497e-12 0.000869314 -0.00100266
14.9 0.0940664 -6.41472e-12 0.905902 7.12449e-12 0.00107632 -0.000884435
15 0.0931314 -5.32072e-12 0.906837 5.90322e-12 0.00125 -0.000707219
15.1 0.092205 -5.19602e-12 0.907764 5.69298e-12 0.00137733 -0.000484598
15.2 0.0912885 -5.17583e-12 0.90868 5.37594e-12 0.00144687 -0.000230122
15.3 0.0903803 -5.27773e-12 0.909588 5.39263e-12 0.00145381 4.07087e-05
15.4 0.0894816 -5.38711e-12 0.910487 5.80006e-12 0.00139699 0.000311401
15.5 0.0885924 -4.92171e-12 0.911377 4.99943e-12 0.00127359 0.000564382
15.6 0.0877114 -4.71753e-12 0.912257 5.11132e-12 0.00109565 0.000788125
15.7 0.0868389 -4.06801e-12 0.91313 4.70981e-12 0.000869019 0.0009688
15.8 0.085975 -5.6085e-12 0.913993 6.49227e-12 0.000605411 0.00109617
15.9 0.0851188 -5.42874e-12 0.914849 6.22543e-12 0.00031815 0.00115855
16 0.0842716 -4.18726e-12 0.915697 5.06679e-12 2.28544e-05 0.00116136
16.1 0.0834328 -3.99074e-12 0.916536 4.81669e-12 -0.000266211 0.00109894
16.2 0.0826017 -3.56504e-12 0.917367 4.51933e-12 -0.00053333 0.000975956
16.3 0.0817792 -3.35335e-12 0.91819 4.41864e-12 -0.000764145 0.000798909
16.4 0.080965 -3.22754e-12 0.919004 4.32797e-12 -0.000946187 0.000577226
16.5 0.080159 -3.12755e-12 0.91981 4.23148e-12 -0.0010701 0.00032419
16.6 0.079361 -3.04982e-12 0.920607 4.10537e-12 -0.00112839 5.85188e-05
16.7 0.0785715 -2.98828e-12 0.921397 4.06872e-12 -0.00112479 -0.000212186
16.8 0.0777906 -2.9994e-12 0.922177 4.03241e-12 -0.00105611 -0.000467564
16.9 0.0770172 -2.94685e-12 0.922951 3.95111e-12 -0.000928885 -0.000696813
17 0.0762516 -2.87275e-12 0.923716 3.85365e-12 -0.000750151 -0.000885624
17.1 0.0754939 -2.81146e-12 0.924474 3.75121e-12 -0.000529753 -0.00102415
17.2 0.0747439 -2.79844e-12 0.925224 3.6534e-12 -0.000284164 -0.0011031
17.3 0.0740012 -2.75556e-12 0.925966 3.54657e-12 -2.22918e-05 -0.00112225
17.4 0.0732657 -2.7154e-12 0.926702 3.47307e-12 0.000238283 -0.0010765
17.5 0.0725376 -2.67711e-12 0.92743 3.41336e-12 0.000481126 -0.000970834
17.6 0.0718167 -2.66308e-12 0.928151 3.35576e-12 0.000693876 -0.000812536
17.7 0.0711026 -2.63643e-12 0.928865 3.35836e-12 0.000865063 -0.000606496
17.8 0.0703957 -2.54293e-12 0.929572 3.30955e-12 0.000984476 -0.000370319
17.9 0.069696 -2.16782e-12 0.930271 4.52637e-12 0.00104691 -0.000113088
18 0.0690028 -2.62745e-12 0.930963 3.1428e-12 0.00104961 0.000147059
18.1 0.0683162 -2.60417e-12 0.93165 3.1141e-12 0.000991516 0.000398906
18.2 0.0676367 -2.54439e-12 0.932329 3.00513e-12 0.000878424 0.000626856
18.3 0.066964 -2.48915e-12 0.933001 2.95744e-12 0.000715581 0.000818814
18.4 0.0662979 -2.41493e-12 0.933666 2.90515e-12 0.00051304 0.000963158
18.5 0.0656382 -2.29234e-12 0.934326 2.89125e-12 0.000282341 0.00105271
18.6 0.0649872 -2.19185e-12 0.934978 2.71907e-12 3.8214e-05 0.00108118
18.7 0.0643396 -2.12946e-12 0.935626 2.56595e-12 -0.000203094 0.00105117
18.8 0.0637 -2.05125e-12 0.936266 2.60814e-12 -0.000431809 0.000963387
18.9 0.0630669 -1.97135e-12 0.936899 2.63981e-12 -0.000633068 0.000822391
19 0.0624397 -5.05492e-12 0.937525 -7.74525e-12 -0.000796403 0.000636106
19.1 0.0618191 -2.98069e-12 0.938147 -1.41081e-12 -0.000911769 0.00041681
19.2 0.0612047 -2.20527e-12 0.938762 8.31214e-13 -0.000973621 0.000177082
19.3 0.0605963 -1.85483e-12 0.939371 1.57308e-12 -0.000978934 -6.9212e-05
19.4 0.0599939 -1.77785e-12 0.939973 1.89928e-12 -0.00092893 -0.000309467
19.5 0.0593975 -1.75259e-12 0.94057 1.97782e-12 -0.000826942 -0.000529469
19.6 0.0588068 -1.76076e-12 0.94116 1.95012e-12 -0.000677683 -0.000718417
19.7 0.058222 -1.77041e-12 0.941744 1.91496e-12 -0.000490382 -0.000865093
19.8 0.0576431 -1.77925e-12 0.942323 1.84143e-12 -0.00027702 -0.000962202
19.9 0.0570701 -1.76946e-12 0.942895 1.75822e-12 -4.87328e-05 -0.00100425
20 0.0565029 -1.77067e-12 0.943462 1.70242e-12 0.000180116 -0.00098912
