0 0 0 1 0 0 0
0.1 1.71713e-07 2.37825e-24 1 -2.68834e-24 4.82776e-05 -0.000411529
0.2 7.91126e-07 2.35459e-24 0.999999 -9.33482e-24 0.000195532 -0.000867546
0.3 2.03786e-06 -7.72055e-21 0.999998 7.56122e-23 0.000449863 -0.00135439
0.4 4.12258e-06 -9.41189e-20 0.999996 -4.6216e-20 0.00081618 -0.00185824
0.5 7.28644e-06 -3.64126e-19 0.999993 7.39862e-20 0.00129628 -0.00236599
0.6 1.18001e-05 -3.43962e-19 0.999988 -5.20114e-20 0.00188911 -0.00286603
0.7 1.79631e-05 -3.47284e-19 0.999982 -4.09247e-19 0.00259122 -0.003349
0.8 2.61036e-05 1.11071e-18 0.999974 -6.99891e-19 0.00339735 -0.00380838
0.9 3.65815e-05 2.44649e-19 0.999963 -2.24911e-18 0.00430114 -0.00424095
1 4.97945e-05 2.78447e-19 0.99995 -3.37484e-18 0.00529593 -0.00464713
1.1 6.61901e-05 9.86182e-19 0.999933 -2.4959e-18 0.0063756 -0.005031
1.2 8.62852e-05 7.0451e-18 0.999912 -7.16883e-18 0.0075354 -0.00540031
1.3 0.000110695 1.0142e-17 0.999887 -5.91987e-18 0.00877274 -0.00576612
1.4 0.000140174 1.78152e-17 0.999858 -8.44009e-18 0.0100879 -0.00614242
1.5 0.000175667 4.12144e-17 0.999822 -5.32421e-18 0.0114846 -0.00654549
1.6 0.000218384 5.04237e-17 0.999779 3.47204e-18 0.0129703 -0.0069932
1.7 0.000269875 5.42095e-17 0.999727 1.69241e-18 0.0145571 -0.00750391
1.8 0.000332126 5.33694e-17 0.999665 -1.99724e-18 0.0162606 -0.00809605
1.9 0.000407673 5.60915e-17 0.999589 -1.83292e-17 0.0181007 -0.00878718
2 0.000499715 3.5154e-17 0.999497 -2.3858e-17 0.0201009 -0.00959311
2.1 0.000612246 3.18444e-17 0.999384 -2.00404e-17 0.0222878 -0.0105272
2.2 0.000750169 4.97819e-17 0.999246 -7.87716e-18 0.0246908 -0.0115995
2.3 0.000919421 5.46213e-17 0.999077 -1.89376e-17 0.0273406 -0.0128166
2.4 0.00112708 -6.94868e-18 0.998869 -5.1183e-17 0.0302692 -0.0141806
2.5 0.00138144 4.18712e-17 0.998614 -8.84033e-17 0.033508 -0.0156898
2.6 0.00169208 3.46979e-17 0.998304 -6.06475e-17 0.0370875 -0.0173377
2.7 0.00206988 9.11601e-17 0.997926 -5.85016e-17 0.0410361 -0.0191139
2.8 0.00252698 3.14213e-17 0.997468 -1.52759e-16 0.0453799 -0.0210041
2.9 0.00307749 -8.97596e-17 0.996916 -1.96929e-16 0.0501387 -0.0229897
3 0.00373551 2.69247e-16 0.996257 -1.56373e-16 0.0553296 -0.0250492
3.1 0.00451687 -1.7914e-16 0.995475 -2.97909e-17 0.0609642 -0.027159
3.2 0.00543744 -4.16121e-16 0.994554 2.19956e-16 0.067048 -0.029293
3.3 0.00651389 -2.65177e-16 0.993477 1.53307e-16 0.0735802 -0.0314242
3.4 0.00776216 7.20543e-17 0.992229 1.34462e-16 0.0805538 -0.0335239
3.5 0.0091984 6.38163e-17 0.990792 -3.42742e-17 0.0879552 -0.0355639
3.6 0.0108378 7.15715e-16 0.989152 -4.19356e-17 0.0957643 -0.037516
3.7 0.012693 6.86483e-16 0.987296 -8.18942e-17 0.103955 -0.0393532
3.8 0.0147767 9.74729e-16 0.985212 -4.10882e-17 0.112496 -0.0410502
3.9 0.0170977 2.49229e-16 0.98289 -2.64673e-16 0.12135 -0.0425826
4 0.0196627 5.49915e-16 0.980325 -5.89612e-16 0.130468 -0.0439218
4.1 0.0224745 7.05952e-16 0.977513 -4.13659e-16 0.139804 -0.0450521
4.2 0.0255323 5.22322e-16 0.974455 -4.75151e-16 0.149306 -0.0459569
4.3 0.0288308 4.7634e-16 0.971156 -4.89298e-16 0.158919 -0.0466223
4.4 0.0323602 5.59541e-16 0.967626 -6.89328e-16 0.168585 -0.0470367
4.5 0.0361056 1.11614e-15 0.96388 -1.20945e-15 0.178243 -0.0471921
4.6 0.0400484 2.59355e-15 0.959936 -1.06659e-15 0.187831 -0.047084
4.7 0.0441617 4.14635e-15 0.955822 -3.78344e-15 0.197288 -0.0467151
4.8 0.048419 4.9089e-15 0.951564 -4.28375e-15 0.206552 -0.0460875
4.9 0.0527919 5.55139e-15 0.947198 -7.19418e-15 0.215567 -0.0452105
5 0.0572437 1.06661e-14 0.942745 -7.22855e-15 0.224275 -0.0440998
5.1 0.0617361 9.89676e-15 0.938251 -7.22116e-15 0.232628 -0.0427735
5.2 0.0662298 9.41545e-15 0.933757 -7.79067e-15 0.240578 -0.0412577
5.3 0.0706868 9.00186e-15 0.929302 -9.5824e-15 0.248082 -0.0395804
5.4 0.0750658 9.92923e-15 0.924921 -7.10247e-15 0.255121 -0.0377732
5.5 0.0793348 1.01033e-14 0.920652 -8.58721e-15 0.261661 -0.0358716
5.6 0.0834589 1.75918e-14 0.916529 -1.11504e-14 0.267685 -0.0339135
5.7 0.0874076 2.48212e-14 0.912579 -1.72536e-14 0.273191 -0.0319353
5.8 0.0911584 3.37395e-14 0.908827 -2.58207e-14 0.278178 -0.0299713
5.9 0.0947058 4.11268e-15 0.905281 -3.18544e-15 0.282659 -0.028048
6 0.0980236 -6.04812e-15 0.901963 4.96315e-15 0.286649 -0.0261947
6.1 0.10111 -1.16609e-14 0.898875 1.44536e-14 0.29018 -0.0244334
6.2 0.103964 -1.47663e-14 0.896022 2.27174e-14 0.293264 -0.0227677
6.3 0.106585 -2.12761e-14 0.893401 2.86425e-14 0.295928 -0.0211993
6.4 0.108975 -2.29624e-14 0.891011 3.42203e-14 0.298198 -0.01972
6.5 0.111134 -2.12313e-14 0.888851 3.46667e-14 0.300097 -0.0183118
6.6 0.113062 -2.40597e-14 0.886923 4.36614e-14 0.301646 -0.0169515
6.7 0.114756 -1.9223e-14 0.885229 4.67553e-14 0.302857 -0.0156107
6.8 0.116208 -1.79465e-14 0.883776 4.8139e-14 0.303735 -0.0142588
6.9 0.11741 -1.78528e-14 0.882575 4.96483e-14 0.304281 -0.0128663
7 0.118344 -1.63434e-14 0.88164 4.65174e-14 0.304484 -0.0114048
7.1 0.118996 -1.41735e-14 0.880987 4.46508e-14 0.304333 -0.00985394
7.2 0.119348 -1.1888e-14 0.880635 5.00125e-14 0.303811 -0.00820052
7.3 0.119382 -1.65319e-14 0.8806 4.75238e-14 0.302898 -0.00643781
7.4 0.119085 -1.60406e-14 0.880897 4.72823e-14 0.301574 -0.00456897
7.5 0.118444 -4.77448e-15 0.881536 4.13833e-14 0.299822 -0.00260458
7.6 0.117454 4.70623e-15 0.882525 3.48948e-14 0.297627 -0.000562151
7.7 0.116115 6.19532e-15 0.883863 3.79597e-14 0.294978 0.00153684
7.8 0.114434 4.03961e-15 0.885543 3.27472e-14 0.291868 0.00366613
7.9 0.112424 6.84315e-17 0.887551 2.81017e-14 0.288297 0.00579933
8 0.110106 1.36429e-15 0.889867 3.29709e-14 0.284272 0.00791121
8.1 0.107505 1.74871e-15 0.892467 3.19117e-14 0.279802 0.00997944
8.2 0.104649 8.45855e-16 0.895321 3.24148e-14 0.274903 0.0119854
8.3 0.101572 -2.08257e-15 0.898397 3.72107e-14 0.269591 0.0139155
8.4 0.0983063 -3.79208e-15 0.901662 4.34845e-14 0.263888 0.0157602
8.5 0.0948863 -8.51346e-15 0.905081 4.38005e-14 0.257815 0.0175143
8.6 0.0913454 -1.24962e-14 0.908621 5.0617e-14 0.251393 0.0191763
8.7 0.0877159 -1.96224e-14 0.91225 5.43763e-14 0.244643 0.0207474
8.8 0.0840286 -2.75719e-14 0.915937 5.74019e-14 0.237588 0.0222301
8.9 0.0803117 -2.871e-14 0.919654 6.70059e-14 0.230247 0.0236273
9 0.0765916 -3.11001e-14 0.923374 6.8402e-14 0.222642 0.0249396
9.1 0.0728927 -3.65111e-14 0.927073 6.78301e-14 0.214791 0.0261671
9.2 0.0692372 -3.19902e-14 0.930729 6.87554e-14 0.206714 0.0273069
9.3 0.0656459 -2.89476e-14 0.93432 7.04575e-14 0.198432 0.0283522
9.4 0.0621373 -4.62203e-14 0.937828 7.48764e-14 0.189967 0.0292947
9.5 0.0587311 -3.64146e-14 0.941235 5.41726e-14 0.181343 0.030118
9.6 0.0554432 -2.6678e-14 0.944522 4.34295e-14 0.172591 0.0308066
9.7 0.0522891 -2.48271e-14 0.947676 3.44254e-14 0.163743 0.0313442
9.8 0.0492825 -2.88716e-14 0.950682 4.01378e-14 0.154834 0.0317128
9.9 0.0464353 -3.15455e-14 0.953528 4.72068e-14 0.145907 0.0318933
10 0.0437576 -3.5306e-14 0.956204 5.68948e-14 0.137005 0.0318702
10.1 0.0412564 -2.6872e-14 0.958703 7.06362e-14 0.128182 0.0316365
10.2 0.0389384 -1.93118e-14 0.96102 6.95959e-14 0.119482 0.031172
10.3 0.0368068 -2.86904e-14 0.963151 7.08456e-14 0.110957 0.0304753
10.4 0.0348617 -3.58839e-14 0.965095 8.17803e-14 0.10266 0.0295472
10.5 0.0331005 -3.74926e-14 0.966856 9.47313e-14 0.0946409 0.0283937
10.6 0.0315182 -3.77888e-14 0.968438 1.01811e-13 0.0869504 0.027028
10.7 0.0301073 -3.42761e-14 0.969849 1.03744e-13 0.0796345 0.0254698
10.8 0.028859 -3.40023e-14 0.971098 9.96244e-14 0.0727315 0.0237419
10.9 0.0277606 -3.21948e-14 0.972196 1.02367e-13 0.0662769 0.0218834
11 0.0268003 -3.81287e-14 0.973157 1.07811e-13 0.0602922 0.0199269
11.1 0.0259649 -4.44201e-14 0.973992 1.02889e-13 0.0547918 0.0179122
11.2 0.025241 -4.2719e-14 0.974717 1.0135e-13 0.0497804 0.0158775
11.3 0.0246146 -3.92435e-14 0.975344 9.78589e-14 0.0452556 0.0138626
11.4 0.0240723 -3.87269e-14 0.975888 9.75734e-14 0.0412068 0.0119061
11.5 0.0236011 -4.1461e-14 0.97636 9.95134e-14 0.0376145 0.0100443
11.6 0.0231893 -4.61464e-14 0.976773 9.57271e-14 0.0344538 0.00831094
11.7 0.0228254 -4.69259e-14 0.977138 9.11442e-14 0.0316901 0.00673462
11.8 0.0224998 -5.3141e-14 0.977465 8.54432e-14 0.0292862 0.00533873
11.9 0.0222044 -5.78675e-14 0.977761 7.78031e-14 0.0271962 0.0041399
12 0.0219321 -5.70053e-14 0.978034 7.81159e-14 0.0253735 0.00314757
12.1 0.0216773 -6.08201e-14 0.97829 7.09806e-14 0.0237691 0.00236266
12.2 0.0214354 -6.43238e-14 0.978532 7.24427e-14 0.0223338 0.0017773
12.3 0.0212028 -6.12258e-14 0.978765 6.74698e-14 0.0210222 0.0013754
12.4 0.0209768 -5.71977e-14 0.97899 6.52204e-14 0.019793 0.00113564
12.5 0.0207557 -5.12832e-14 0.97921 6.99059e-14 0.0186102 0.00103023
12.6 0.0205384 -4.46961e-14 0.979426 6.70329e-14 0.0174514 0.00102637
12.7 0.0203243 -4.15361e-14 0.979639 7.3486e-14 0.0162928 0.00109507
12.8 0.0201132 -3.63993e-14 0.97985 7.93645e-14 0.0151244 0.00119595
12.9 0.019905 -2.94763e-14 0.980058 8.69419e-14 0.0139435 0.00129735
13 0.0196998 -2.79522e-14 0.980263 9.88425e-14 0.0127537 0.00136993
13.1 0.0194976 -2.4438e-14 0.980466 1.04088e-13 0.011564 0.00138543
13.2 0.0192984 -1.80772e-14 0.980666 1.04976e-13 0.01039 0.00132374
13.3 0.0191021 -1.46208e-14 0.980862 1.07346e-13 0.00925066 0.00117086
13.4 0.0189087 -1.45725e-14 0.981055 9.75294e-14 0.00816878 0.000917575
13.5 0.018718 -1.4059e-14 0.981246 1.00171e-13 0.00716798 0.000563508
13.6 0.01853 -1.65286e-14 0.981433 9.7485e-14 0.00627238 0.000116278
13.7 0.0183447 -1.83685e-14 0.981618 9.53176e-14 0.00549808 -0.000409926
13.8 0.0181621 -2.19756e-14 0.981801 9.05936e-14 0.00485931 -0.000997427
13.9 0.0179818 -2.14277e-14 0.98198 8.72064e-14 0.0043661 -0.00162619
14 0.0178037 -2.05313e-14 0.982158 9.36056e-14 0.0040238 -0.00227319
14.1 0.0176275 -2.07593e-14 0.982333 9.55508e-14 0.00383358 -0.00291297
14.2 0.0174536 -2.05221e-14 0.982507 9.99855e-14 0.00379062 -0.00352047
14.3 0.0172812 -1.90357e-14 0.982679 9.37591e-14 0.00388554 -0.00407036
14.4 0.0171103 -2.00353e-14 0.982849 9.43859e-14 0.00410205 -0.00453756
14.5 0.0169409 -1.97857e-14 0.983017 9.20069e-14 0.0044194 -0.00490404
14.6 0.016773 -1.9205e-14 0.983185 9.53607e-14 0.0048124 -0.00515337
14.7 0.0166065 -1.71354e-14 0.983351 9.29142e-14 0.00525381 -0.00527553
14.8 0.0164414 -1.70328e-14 0.983516 9.66936e-14 0.00571289 -0.00526473
14.9 0.0162779 -1.58243e-14 0.983679 9.9005e-14 0.00616228 -0.00512111
15 0.0161161 -1.46465e-14 0.983841 9.52928e-14 0.00656833 -0.00485548
15.1 0.0159562 -1.38968e-14 0.984002 9.13956e-14 0.00689465 -0.00449039
15.2 0.0157977 -1.28836e-14 0.984162 8.57144e-14 0.00713138 -0.00404099
15.3 0.0156409 -1.70864e-14 0.98432 8.85072e-14 0.00725884 -0.00353725
15.4 0.0154863 -2.31381e-14 0.984475 8.181e-14 0.0072721 -0.00300652
15.5 0.0153299 -2.20772e-14 0.98463 8.27203e-14 0.00716874 -0.00247688
15.6 0.0151776 -2.35232e-14 0.984784 8.74459e-14 0.00695401 -0.00197495
15.7 0.0150271 -2.28996e-14 0.984935 9.19001e-14 0.00663768 -0.00152588
15.8 0.0148781 -2.4516e-14 0.985084 8.38993e-14 0.00623359 -0.00114993
15.9 0.0147298 -2.27763e-14 0.985233 8.64254e-14 0.00576213 -0.000866849
16 0.0145837 -2.35458e-14 0.98538 8.15088e-14 0.00524415 -0.000688522
16.1 0.0144384 -2.27463e-14 0.985525 8.2132e-14 0.00470661 -0.000623726
16.2 0.0142942 -2.57833e-14 0.985668 8.32807e-14 0.00417326 -0.000672449
16.3 0.014151 -1.8875e-14 0.985809 9.7346e-14 0.00367388 -0.000829729
16.4 0.0140098 -2.01974e-14 0.98595 1.01104e-13 0.00322443 -0.00108383
16.5 0.0138701 -1.98304e-14 0.986089 1.05832e-13 0.00285286 -0.00142421
16.6 0.0137317 -1.82938e-14 0.986227 1.07325e-13 0.0025734 -0.00182922
16.7 0.0135948 -1.75524e-14 0.986364 1.08227e-13 0.00239718 -0.00227708
16.8 0.0134593 -1.76754e-14 0.9865 1.09283e-13 0.00233156 -0.00274214
16.9 0.013325 -1.6615e-14 0.986634 1.05239e-13 0.00237556 -0.00320065
17 0.013192 -1.62791e-14 0.986767 1.07362e-13 0.00252734 -0.00363184
17.1 0.0130607 -1.67631e-14 0.986898 1.07e-13 0.0027726 -0.00400491
17.2 0.0129305 -1.44371e-14 0.987028 1.11749e-13 0.00309832 -0.00430492
17.3 0.0128021 -1.79572e-14 0.987156 1.05654e-13 0.00348571 -0.00451553
17.4 0.012675 -1.88513e-14 0.987283 9.76152e-14 0.00391205 -0.00462476
17.5 0.0125495 -2.04905e-14 0.98741 9.6468e-14 0.00435414 -0.00462775
17.6 0.0124249 -2.19207e-14 0.987535 9.17441e-14 0.00478815 -0.00452313
17.7 0.0123017 -2.27433e-14 0.987659 9.02161e-14 0.00518936 -0.00431614
17.8 0.012179 -2.26675e-14 0.987782 8.65e-14 0.00553448 -0.00401772
17.9 0.0120584 -2.05487e-14 0.987904 9.22117e-14 0.00580475 -0.00364366
18 0.011939 -1.82355e-14 0.988024 9.5723e-14 0.00598544 -0.00321396
18.1 0.0118206 -1.54564e-14 0.988143 1.02365e-13 0.00606766 -0.00274843
18.2 0.0117031 -1.2568e-14 0.98826 1.07902e-13 0.00604564 -0.00227467
18.3 0.0115868 -9.95242e-15 0.988376 1.11798e-13 0.00591962 -0.00181204
18.4 0.0114718 -7.60688e-15 0.988491 1.14858e-13 0.00569734 -0.00138557
18.5 0.011358 -5.74451e-15 0.988605 1.20548e-13 0.00539034 -0.00101386
18.6 0.0112454 -2.41404e-15 0.988719 1.246e-13 0.00501319 -0.000717872
18.7 0.0111345 -9.88583e-16 0.988831 1.24032e-13 0.00458191 -0.000507621
18.8 0.0110242 -6.52761e-16 0.988941 1.30498e-13 0.004124 -0.000394957
18.9 0.010915 1.32385e-15 0.989051 1.30893e-13 0.00365574 -0.000382344
19 0.0108073 1.19721e-15 0.989159 1.28423e-13 0.00320313 -0.00047048
19.1 0.0106988 1.97646e-15 0.989268 1.30114e-13 0.00278472 -0.000650083
19.2 0.0105915 1.44112e-15 0.989375 1.32755e-13 0.0024242 -0.000911622
19.3 0.0104851 1.9433e-15 0.989482 1.37495e-13 0.00213773 -0.00124096
19.4 0.01038 2.49774e-15 0.989589 1.38558e-13 0.00193941 -0.00161775
19.5 0.0102765 2.24124e-15 0.989692 1.38465e-13 0.00183559 -0.00202132
19.6 0.010174 -9.09673e-15 0.989795 1.09502e-13 0.00183362 -0.00242924
19.7 0.0100726 -1.82314e-14 0.989896 1.2567e-13 0.00192047 -0.00281766
19.8 0.00997194 -7.64996e-15 0.989996 1.13232e-13 0.00209531 -0.00316862
19.9 0.00987255 -8.52986e-15 0.990095 1.17949e-13 0.00234714 -0.00346366
20 0.00977437 -8.66229e-15 0.990193 1.22436e-13 0.00266119 -0.00368673
