0 0 0 1 0 0 0
0.1 1.71713e-07 2.37825e-24 1 -2.68834e-24 4.82674e-05 -0.000411276
0.2 7.90886e-07 2.10715e-23 0.999999 -9.33482e-24 0.000195329 -0.000866269
0.3 2.03623e-06 3.34037e-20 0.999998 3.5566e-22 0.000448878 -0.00135081
0.4 4.11643e-06 7.12337e-20 0.999996 1.06547e-19 0.000813183 -0.00185067
0.5 7.26919e-06 3.58491e-19 0.999993 4.08094e-20 0.0012892 -0.00235249
0.6 1.17598e-05 9.46063e-19 0.999988 2.64145e-19 0.00187487 -0.00284461
0.7 1.78801e-05 1.70471e-18 0.999982 -2.91651e-19 0.00256564 -0.00331789
0.8 2.59483e-05 5.55845e-19 0.999974 -6.19395e-19 0.00335511 -0.00376632
0.9 3.63122e-05 3.84377e-18 0.999963 -1.32751e-18 0.00423584 -0.00418748
1 4.9356e-05 5.29092e-18 0.99995 -2.11738e-18 0.00520019 -0.00458285
1.1 6.55134e-05 1.78278e-18 0.999934 -3.86559e-18 0.00624127 -0.00495785
1.2 8.52895e-05 3.7726e-18 0.999913 -2.08809e-18 0.0073538 -0.00532168
1.3 0.000109292 -1.04799e-17 0.999889 -2.2977e-18 0.00853496 -0.00568702
1.4 0.000138277 -1.44167e-17 0.999859 -3.48577e-18 0.00978509 -0.00606944
1.5 0.000173204 -1.10703e-17 0.999824 -6.45449e-18 0.0111083 -0.00648676
1.6 0.00021531 -2.05909e-17 0.999782 -8.73014e-19 0.0125128 -0.00695823
1.7 0.000266202 1.58903e-18 0.999731 1.07476e-17 0.0140113 -0.00750334
1.8 0.000327945 -3.36583e-17 0.999669 5.28429e-18 0.0156207 -0.00814136
1.9 0.000403467 -6.74179e-17 0.999593 9.30512e-20 0.0173617 -0.0088903
2 0.000496528 -7.79298e-17 0.9995 -1.55188e-17 0.019259 -0.00976611
2.1 0.000611069 -5.70562e-17 0.999385 -2.20394e-17 0.0213402 -0.0107819
2.2 0.000752943 -6.94824e-17 0.999243 -3.14677e-17 0.0236349 -0.0119472
2.3 0.000928494 -9.03792e-17 0.999068 -6.81806e-17 0.0261744 -0.0132675
2.4 0.00114494 -1.13012e-16 0.998851 -1.55833e-17 0.0289902 -0.0147442
2.5 0.00141138 -1.90347e-16 0.998585 -2.0255e-17 0.0321131 -0.0163742
2.6 0.00173874 -2.47267e-16 0.998257 -1.551e-17 0.0355723 -0.0181502
2.7 0.00213868 -3.14613e-16 0.997856 -8.19386e-17 0.0393954 -0.0200617
2.8 0.00262365 -1.93541e-16 0.997369 1.0555e-17 0.0436038 -0.0220929
2.9 0.00320828 -1.5469e-16 0.996783 1.17854e-16 0.048217 -0.0242256
3 0.00390791 -2.79609e-16 0.996082 5.41749e-17 0.0532493 -0.0264394
3.1 0.00473973 -2.01167e-16 0.995249 1.13539e-16 0.0587108 -0.0287097
3.2 0.00572064 -3.78072e-16 0.994268 2.25661e-16 0.0646011 -0.0310119
3.3 0.00686877 -7.04544e-16 0.99312 3.50407e-16 0.070916 -0.0333218
3.4 0.00820225 -6.01068e-16 0.991786 5.4602e-16 0.0776464 -0.0356143
3.5 0.00973949 -6.60556e-16 0.990249 9.02353e-16 0.0847751 -0.0378649
3.6 0.0114979 -6.74927e-16 0.98849 8.90412e-16 0.09228 -0.0400493
3.7 0.0134939 -6.05784e-16 0.986494 8.14164e-16 0.100134 -0.0421448
3.8 0.0157432 -7.88121e-16 0.984245 7.63212e-16 0.108304 -0.0441298
3.9 0.0182594 -1.1518e-16 0.981729 6.13329e-16 0.116752 -0.0459842
4 0.0210533 -3.18818e-16 0.978935 5.88286e-17 0.125437 -0.0476888
4.1 0.0241337 2.51341e-16 0.975855 -5.87599e-16 0.134313 -0.0492266
4.2 0.0275082 -2.38579e-16 0.97248 -1.15252e-15 0.143329 -0.0505816
4.3 0.0311781 1.05632e-17 0.968811 -8.22454e-16 0.152432 -0.0517408
4.4 0.0351421 4.39094e-16 0.964846 -1.62346e-15 0.161568 -0.0526918
4.5 0.0393941 2.43353e-15 0.960594 -5.07191e-15 0.170678 -0.0534249
4.6 0.0439249 7.58417e-16 0.956064 -2.65798e-15 0.179704 -0.0539328
4.7 0.0487172 1.43478e-15 0.951272 -3.03133e-15 0.188587 -0.0542112
4.8 0.0537527 2.20907e-15 0.946236 -3.9786e-15 0.197267 -0.0542584
4.9 0.059006 1.69014e-15 0.940982 -4.01924e-15 0.205688 -0.0540764
5 0.0644526 6.17719e-16 0.935535 -1.15999e-15 0.213792 -0.0536728
5.1 0.0700571 2.57743e-15 0.929931 -4.63073e-15 0.221529 -0.0530559
5.2 0.075782 4.21971e-15 0.924206 -6.34295e-15 0.22885 -0.0522284
5.3 0.0815918 2.62108e-15 0.918395 -2.85614e-15 0.23571 -0.0512148
5.4 0.087448 5.09699e-15 0.912538 -3.41399e-15 0.242074 -0.0500382
5.5 0.0933112 -7.26439e-16 0.906674 4.48857e-15 0.247917 -0.0487152
5.6 0.0991429 8.21332e-16 0.900841 3.99269e-15 0.253215 -0.0472788
5.7 0.104907 1.93094e-15 0.895076 2.66617e-15 0.257953 -0.0457556
5.8 0.11057 2.28261e-15 0.889413 3.72169e-15 0.262127 -0.0441768
5.9 0.116103 1.27575e-15 0.88388 4.92803e-15 0.265742 -0.0425691
6 0.121479 6.4017e-15 0.878504 1.4594e-15 0.26881 -0.0409511
6.1 0.126676 1.25302e-14 0.873306 -2.45225e-15 0.271338 -0.0393504
6.2 0.131679 1.32331e-14 0.868303 -1.35363e-15 0.273368 -0.0377799
6.3 0.136467 1.68892e-14 0.863513 -8.56206e-15 0.274924 -0.0362465
6.4 0.14103 2.20643e-14 0.85895 -1.08182e-14 0.276038 -0.0347543
6.5 0.145358 2.40824e-14 0.854621 -1.34618e-14 0.276735 -0.0332992
6.6 0.149441 2.0073e-14 0.850537 -1.14563e-14 0.277041 -0.0318703
6.7 0.153267 1.68411e-14 0.84671 -7.79352e-15 0.276978 -0.0304505
6.8 0.156824 1.19084e-14 0.843152 -5.86904e-16 0.276563 -0.0290325
6.9 0.160098 2.4348e-15 0.839876 6.31755e-15 0.27581 -0.0275972
7 0.163076 -7.47048e-15 0.836898 1.4334e-14 0.274734 -0.0261274
7.1 0.165742 -1.19181e-14 0.834229 2.27191e-14 0.273336 -0.0246138
7.2 0.168088 -1.56857e-14 0.831881 2.03112e-14 0.271607 -0.0230463
7.3 0.1701 -1.95837e-14 0.829869 2.57986e-14 0.269537 -0.0214221
7.4 0.171764 -2.2028e-14 0.828204 3.31037e-14 0.267127 -0.0197485
7.5 0.173074 -2.60349e-14 0.826892 3.90806e-14 0.264379 -0.0180334
7.6 0.174028 -3.17986e-14 0.825938 4.48005e-14 0.261275 -0.0162991
7.7 0.174632 -3.0425e-14 0.825333 4.60623e-14 0.257821 -0.0145574
7.8 0.174896 -2.46918e-14 0.825069 4.58052e-14 0.254015 -0.0128274
7.9 0.174833 -1.92741e-14 0.825132 4.36092e-14 0.249863 -0.0111292
8 0.174462 -1.61344e-14 0.825502 3.76636e-14 0.245375 -0.00947984
8.1 0.173806 -1.78659e-14 0.826157 3.7277e-14 0.240561 -0.00790045
8.2 0.172891 -1.97056e-14 0.827072 3.43946e-14 0.235438 -0.00640112
8.3 0.171743 -1.53863e-14 0.828219 3.69815e-14 0.230025 -0.00498902
8.4 0.17039 -1.45846e-14 0.829571 3.93457e-14 0.224342 -0.00367148
8.5 0.168861 -1.92686e-14 0.831099 4.60828e-14 0.218409 -0.00244696
8.6 0.167181 -1.8207e-14 0.832779 5.02472e-14 0.212253 -0.00131162
8.7 0.165374 -2.46929e-14 0.834585 5.77936e-14 0.205891 -0.000257496
8.8 0.163464 -2.43536e-14 0.836495 5.82383e-14 0.199345 0.000722266
8.9 0.161472 -2.74336e-14 0.838487 5.98049e-14 0.192636 0.00163617
9 0.159413 -3.43929e-14 0.840545 6.35501e-14 0.185783 0.0024947
9.1 0.157304 -3.23377e-14 0.842654 6.21501e-14 0.178804 0.00330502
9.2 0.155159 -3.13747e-14 0.844798 6.01049e-14 0.171716 0.00407158
9.3 0.152991 -3.21677e-14 0.846966 5.92735e-14 0.164535 0.0047979
9.4 0.150812 -3.07353e-14 0.849144 5.98543e-14 0.157282 0.00548453
9.5 0.148632 -3.08163e-14 0.851324 5.73023e-14 0.149975 0.00612803
9.6 0.146462 -2.81358e-14 0.853494 5.69631e-14 0.142634 0.00672488
9.7 0.144311 -2.99882e-14 0.855644 5.4038e-14 0.135279 0.00726634
9.8 0.142186 -2.67749e-14 0.857769 5.21122e-14 0.127932 0.00774349
9.9 0.140096 -2.8356e-14 0.859858 4.80139e-14 0.12062 0.00814487
10 0.138052 -2.6719e-14 0.861902 4.72298e-14 0.113372 0.00845803
10.1 0.136061 -2.57637e-14 0.863892 4.88824e-14 0.106216 0.0086736
10.2 0.134124 -2.93967e-14 0.86583 4.83371e-14 0.0991893 0.00878205
10.3 0.132247 -3.17512e-14 0.867707 4.85893e-14 0.0923198 0.00877484
10.4 0.130432 -3.11179e-14 0.869522 4.76212e-14 0.0856432 0.00865001
10.5 0.128682 -2.9197e-14 0.871272 4.65914e-14 0.0791926 0.00840633
10.6 0.126999 -2.62239e-14 0.872956 4.47215e-14 0.0729974 0.00804581
10.7 0.125381 -2.37764e-14 0.874573 4.03045e-14 0.0670878 0.00757443
10.8 0.12383 -2.37146e-14 0.876123 4.0353e-14 0.0614898 0.00700358
10.9 0.122341 -2.47768e-14 0.877612 4.17828e-14 0.0562239 0.00635155
11 0.120912 -2.27686e-14 0.879041 4.14516e-14 0.0513096 0.00563589
11.1 0.119537 -2.62093e-14 0.880417 4.08808e-14 0.0467545 0.00487811
11.2 0.118211 -2.66566e-14 0.881742 4.13239e-14 0.0425625 0.00409979
11.3 0.116928 -2.847e-14 0.883024 4.18888e-14 0.0387359 0.0033251
11.4 0.115687 -2.98021e-14 0.884265 4.30758e-14 0.0352646 0.00258128
11.5 0.114481 -2.96904e-14 0.885472 4.39178e-14 0.0321366 0.00189057
11.6 0.113303 -2.99817e-14 0.886649 4.46064e-14 0.0293331 0.00127293
11.7 0.112152 -3.04869e-14 0.8878 4.53775e-14 0.0268267 0.000747127
11.8 0.111021 -2.97979e-14 0.888931 4.55052e-14 0.0245903 0.000326594
11.9 0.109908 -2.90988e-14 0.890044 4.57127e-14 0.0225904 1.99056e-05
12 0.108809 -2.84193e-14 0.891143 4.59474e-14 0.0207943 -0.000169196
12.1 0.107723 -2.75823e-14 0.892229 4.52893e-14 0.0191673 -0.000242816
12.2 0.106649 -2.71733e-14 0.893303 4.51716e-14 0.0176774 -0.000207774
12.3 0.105586 -2.6725e-14 0.894366 4.43761e-14 0.0162928 -7.58343e-05
12.4 0.104532 -2.62439e-14 0.89542 4.3991e-14 0.0149869 0.000136789
12.5 0.103488 -2.54609e-14 0.896464 4.36701e-14 0.0137344 0.000410825
12.6 0.102454 -2.49328e-14 0.897498 4.35618e-14 0.0125183 0.000723168
12.7 0.101429 -2.49264e-14 0.898523 4.30942e-14 0.0113256 0.00105124
12.8 0.100413 -2.35059e-14 0.899539 4.24752e-14 0.0101481 0.00137106
12.9 0.0994071 -2.34206e-14 0.900545 4.25237e-14 0.0089842 0.00166017
13 0.0984112 -2.37733e-14 0.901541 4.2294e-14 0.00783684 0.00189761
13.1 0.0974261 -2.32872e-14 0.902526 4.2044e-14 0.00671568 0.00206813
13.2 0.0964509 -2.29421e-14 0.903501 4.21227e-14 0.0056307 0.00215926
13.3 0.0954867 -2.27692e-14 0.904465 4.17373e-14 0.00459805 0.00216243
13.4 0.0945326 -2.27265e-14 0.90542 4.141e-14 0.00363059 0.00207516
13.5 0.0935882 -2.27402e-14 0.906364 4.11338e-14 0.0027449 0.00190005
13.6 0.0926539 -2.23159e-14 0.907298 4.09295e-14 0.00195723 0.00164275
13.7 0.0917295 -2.27696e-14 0.908223 4.08801e-14 0.00127981 0.00131617
13.8 0.090815 -2.09051e-14 0.909137 4.09312e-14 0.000723286 0.000935355
13.9 0.0899101 -2.07842e-14 0.910042 4.0834e-14 0.000293944 0.000519627
14 0.0890143 -1.91757e-14 0.910937 4.08292e-14 -7.01448e-06 8.96605e-05
14.1 0.0881282 -1.94905e-14 0.911824 4.04182e-14 -0.000181149 -0.000333385
14.2 0.0872506 -1.99634e-14 0.912702 4.04253e-14 -0.000235601 -0.000728579
14.3 0.0863818 -1.97036e-14 0.91357 4.0253e-14 -0.000181907 -0.0010762
14.4 0.0855224 -1.92314e-14 0.91443 4.009e-14 -3.58754e-05 -0.00135808
14.5 0.0846715 -1.90507e-14 0.915281 3.98313e-14 0.000183801 -0.001562
14.6 0.083829 -1.88269e-14 0.916123 3.96237e-14 0.000455161 -0.0016766
14.7 0.0829947 -1.8667e-14 0.916957 3.9418e-14 0.000754291 -0.00169626
14.8 0.0821689 -1.84625e-14 0.917783 3.92449e-14 0.00105796 -0.00162221
14.9 0.0813512 -1.83159e-14 0.918601 3.9059e-14 0.00134387 -0.00145941
15 0.0805417 -1.81635e-14 0.91941 3.88629e-14 0.00159148 -0.00121722
15.1 0.0797404 -1.79947e-14 0.920211 3.86773e-14 0.00178229 -0.000909594
15.2 0.078947 -1.78027e-14 0.921005 3.85012e-14 0.00190244 -0.000553858
15.3 0.0781615 -1.76062e-14 0.92179 3.83259e-14 0.00194256 -0.000169189
15.4 0.0773838 -1.74144e-14 0.922568 3.81504e-14 0.00189766 0.000223463
15.5 0.0766138 -1.72381e-14 0.923338 3.79738e-14 0.0017679 0.000603079
15.6 0.0758514 -1.70819e-14 0.9241 3.78002e-14 0.00155825 0.00094911
15.7 0.0750968 -1.67821e-14 0.924854 3.76613e-14 0.00127839 0.00124329
15.8 0.0743496 -1.66108e-14 0.925602 3.74974e-14 0.000941815 0.00147022
15.9 0.0736095 -1.63392e-14 0.926341 3.7371e-14 0.00056532 0.00161794
16 0.0728771 -1.60972e-14 0.927073 3.72375e-14 0.000167898 0.00167896
16.1 0.0721523 -1.6976e-14 0.927798 3.69635e-14 -0.000230055 0.00165035
16.2 0.0714346 -1.72497e-14 0.928516 3.67298e-14 -0.000608338 0.00153462
16.3 0.070724 -1.66465e-14 0.929227 3.66114e-14 -0.000947812 0.0013381
16.4 0.0700199 -1.5531e-14 0.929931 3.65395e-14 -0.0012313 0.00107168
16.5 0.069323 -1.5304e-14 0.930627 3.63917e-14 -0.0014446 0.000749924
16.6 0.068633 -1.44912e-14 0.931317 3.62701e-14 -0.00157725 0.000390257
16.7 0.0679499 -1.49194e-14 0.932 3.60538e-14 -0.00162306 1.20322e-05
16.8 0.0672738 -1.71603e-14 0.932676 3.56642e-14 -0.00158044 -0.00036452
16.9 0.0666044 -1.45206e-14 0.933346 3.57405e-14 -0.00145247 -0.000719373
17 0.0659417 -1.4641e-14 0.934008 3.56164e-14 -0.0012467 -0.00103377
17.1 0.0652856 -1.42013e-14 0.934665 3.55245e-14 -0.000974748 -0.00129121
17.2 0.064636 -1.30855e-14 0.935314 3.53662e-14 -0.000651652 -0.00147834
17.3 0.0639928 -1.56405e-14 0.935957 3.49861e-14 -0.000294989 -0.00158577
17.4 0.0633561 -1.38695e-14 0.936594 3.50392e-14 7.58375e-05 -0.00160794
17.5 0.0627257 -1.40407e-14 0.937224 3.48461e-14 0.00044093 -0.0015443
17.6 0.0621015 -1.41926e-14 0.937849 3.46687e-14 0.000780795 -0.00139876
17.7 0.0614836 -1.35718e-14 0.938467 3.45435e-14 0.00107741 -0.00117955
17.8 0.0608719 -1.41604e-14 0.939078 3.43819e-14 0.00131518 -0.000898771
17.9 0.0602662 -1.32991e-14 0.939684 3.43179e-14 0.0014818 -0.000571693
18 0.0596665 -1.36931e-14 0.940284 3.40744e-14 0.00156862 -0.000216095
18.1 0.0590728 -1.36462e-14 0.940877 3.393e-14 0.00157154 0.000148953
18.2 0.058485 -1.328e-14 0.941465 3.3823e-14 0.00149085 0.000504038
18.3 0.0579031 -1.33859e-14 0.942047 3.37067e-14 0.00133131 0.000830203
18.4 0.057327 -1.25051e-14 0.942623 3.36743e-14 0.00110186 0.00111025
18.5 0.0567565 -1.29963e-14 0.943194 3.34303e-14 0.000815121 0.00132953
18.6 0.0561918 -1.29235e-14 0.943758 3.32715e-14 0.00048668 0.00147673
18.7 0.0556327 -1.19734e-14 0.944317 3.32756e-14 0.000134265 0.00154442
18.8 0.0550791 -1.25055e-14 0.944871 3.30432e-14 -0.000223221 0.00152947
18.9 0.0545311 -1.23767e-14 0.945419 3.29286e-14 -0.000566716 0.00143316
19 0.0539885 -1.1972e-14 0.945962 3.2753e-14 -0.000878012 0.00126108
19.1 0.0534513 -1.18679e-14 0.946499 3.26063e-14 -0.00114072 0.00102285
19.2 0.0529194 -1.2117e-14 0.947031 3.24345e-14 -0.00134114 0.000731528
19.3 0.0523929 -1.14918e-14 0.947557 3.2355e-14 -0.00146896 0.000402949
19.4 0.0518716 -1.22401e-14 0.948079 3.21557e-14 -0.0015178 5.48246e-05
19.5 0.0513554 -1.14277e-14 0.948595 3.22784e-14 -0.00148552 -0.00029419
19.6 0.0508444 -1.1696e-14 0.949106 3.21172e-14 -0.00137431 -0.000625504
19.7 0.0503385 -1.14911e-14 0.949612 3.20038e-14 -0.00119055 -0.000921576
19.8 0.0498377 -1.12727e-14 0.950113 3.19102e-14 -0.000944463 -0.00116684
19.9 0.0493418 -1.14326e-14 0.950608 3.17483e-14 -0.000649506 -0.00134854
20 0.0488508 -1.10734e-14 0.951099 3.16894e-14 -0.000321675 -0.00145736
