0 0 0 1 0 0 0
0.1 1.71713e-07 2.37825e-24 1 -2.68834e-24 4.82763e-05 -0.000411498
0.2 7.91096e-07 1.17131e-23 0.999999 2.36648e-26 0.000195507 -0.000867387
0.3 2.03766e-06 1.32612e-20 0.999998 2.07864e-22 0.000449741 -0.00135394
0.4 4.12181e-06 -9.49354e-19 0.999996 -3.09788e-20 0.000815806 -0.0018573
0.5 7.28429e-06 -2.03247e-19 0.999993 2.25471e-19 0.00129539 -0.0023643
0.6 1.17951e-05 -1.52548e-19 0.999988 -5.86302e-19 0.00188733 -0.00286335
0.7 1.79527e-05 -1.26008e-18 0.999982 1.11102e-18 0.00258801 -0.0033451
0.8 2.60841e-05 -3.21366e-18 0.999974 -1.06069e-18 0.00339204 -0.00380307
0.9 3.65476e-05 -3.84561e-18 0.999963 -7.44908e-19 0.00429292 -0.00423418
1 4.9739e-05 -7.06253e-18 0.99995 -2.57613e-18 0.00528384 -0.00463893
1.1 6.6104e-05 -4.33682e-18 0.999933 -5.40012e-19 0.00635859 -0.00502159
1.2 8.61575e-05 -3.67024e-18 0.999913 -2.19336e-18 0.00751233 -0.00539008
1.3 0.000110513 1.02527e-18 0.999888 2.39268e-19 0.00874241 -0.00575566
1.4 0.000139925 -4.73517e-18 0.999858 5.07703e-18 0.0100491 -0.00613252
1.5 0.000175339 -2.45895e-17 0.999822 4.23214e-18 0.0114361 -0.00653715
1.6 0.000217966 -3.01541e-17 0.999779 9.43679e-18 0.0129111 -0.00698759
1.7 0.000269363 -6.09547e-17 0.999728 1.29119e-17 0.014486 -0.00750236
1.8 0.000331522 -7.28048e-17 0.999665 2.37006e-17 0.0161768 -0.00810001
1.9 0.000406989 -8.12957e-17 0.99959 3.24098e-17 0.0180033 -0.0087982
2 0.000498981 -8.21599e-17 0.999497 4.39103e-17 0.0199891 -0.00961277
2.1 0.000611508 -6.23419e-17 0.999385 3.99966e-17 0.022161 -0.0105571
2.2 0.000749497 -6.7349e-17 0.999247 4.9778e-17 0.0245484 -0.0116412
2.3 0.000918911 -8.14494e-17 0.999077 3.60485e-17 0.027182 -0.0128716
2.4 0.00112686 -7.80195e-17 0.998869 6.68802e-17 0.0300938 -0.0142503
2.5 0.00138188 -6.22124e-17 0.998614 1.03551e-16 0.0333151 -0.0157754
2.6 0.00169399 -8.91669e-17 0.998302 1.14178e-16 0.0368762 -0.0174405
2.7 0.0020742 -1.3646e-16 0.997921 7.09103e-17 0.0408052 -0.0192349
2.8 0.0025351 -1.19899e-16 0.99746 3.15737e-17 0.045128 -0.0211444
2.9 0.00309015 1.72569e-16 0.996904 6.66785e-17 0.049864 -0.0231503
3 0.00375435 5.6174e-17 0.996238 6.0329e-17 0.0550299 -0.0252313
3.1 0.00454275 -1.37918e-16 0.995449 -1.01526e-16 0.0606369 -0.0273638
3.2 0.00547207 1.10925e-16 0.994519 -2.21778e-16 0.06669 -0.0295227
3.3 0.00655904 1.26331e-16 0.993432 -4.78079e-16 0.0731879 -0.0316799
3.4 0.00781907 1.0518e-16 0.992171 -4.78399e-16 0.0801232 -0.0338081
3.5 0.00926949 7.12875e-17 0.99072 -2.84235e-16 0.0874819 -0.0358794
3.6 0.0109251 -2.30839e-16 0.989064 -9.91907e-17 0.095248 -0.0378687
3.7 0.0128005 -6.2112e-16 0.987187 4.653e-16 0.103386 -0.0397421
3.8 0.0149077 -2.55746e-16 0.98508 5.907e-16 0.111866 -0.0414778
3.9 0.0172568 -3.96662e-16 0.98273 5.09841e-16 0.120651 -0.0430538
4 0.0198545 -1.12485e-16 0.980132 4.47583e-16 0.129698 -0.044448
4.1 0.022705 3.79371e-16 0.977281 8.87438e-16 0.138959 -0.045641
4.2 0.0258081 1.34143e-15 0.974177 1.4655e-15 0.148381 -0.0466165
4.3 0.02916 1.53404e-15 0.970825 1.04811e-15 0.15791 -0.0473604
4.4 0.0327496 2.56849e-15 0.967236 -2.21354e-16 0.167485 -0.0478597
4.5 0.0365658 2.18185e-15 0.96342 -1.65545e-16 0.177046 -0.0481085
4.6 0.0405907 3.26575e-15 0.959395 -2.36135e-15 0.186535 -0.048102
4.7 0.0448077 2.09067e-15 0.955178 -1.90909e-15 0.19589 -0.04784
4.8 0.0491856 -6.99076e-16 0.950801 -1.738e-15 0.20505 -0.0473264
4.9 0.053697 -2.52111e-16 0.946289 -2.29419e-15 0.213958 -0.0465698
5 0.0583064 -1.48459e-15 0.941679 -2.21744e-15 0.222554 -0.0455828
5.1 0.0629799 -2.84604e-15 0.937005 -3.18233e-15 0.230791 -0.0443817
5.2 0.0676721 -6.68915e-15 0.932311 -2.60038e-15 0.238624 -0.042993
5.3 0.0723468 -5.97586e-15 0.927637 -3.98789e-15 0.246008 -0.0414417
5.4 0.0769673 -7.61332e-15 0.923016 -3.68278e-15 0.252913 -0.0397602
5.5 0.0814956 -4.41936e-15 0.918489 -5.01097e-15 0.259317 -0.0379804
5.6 0.0859001 -6.6261e-15 0.914083 -4.86189e-15 0.265202 -0.0361391
5.7 0.09015 -1.79037e-14 0.909834 2.46155e-15 0.270553 -0.0342694
5.8 0.0942301 -1.49023e-15 0.905753 -4.491e-15 0.275383 -0.0324057
5.9 0.0981223 4.82174e-15 0.901863 -1.52743e-14 0.279702 -0.0305882
6 0.101808 9.56961e-15 0.898177 -2.18032e-14 0.283518 -0.0288357
6.1 0.105281 1.29054e-14 0.894702 -2.48225e-14 0.286856 -0.0271659
6.2 0.108537 1.63577e-14 0.891446 -2.79213e-14 0.289739 -0.0255876
6.3 0.111574 1.95423e-14 0.888408 -3.07545e-14 0.292196 -0.0241031
6.4 0.114394 2.04198e-14 0.88559 -3.23819e-14 0.294261 -0.0226998
6.5 0.116996 1.95088e-14 0.882988 -3.07132e-14 0.295952 -0.0213635
6.6 0.119377 1.98189e-14 0.880608 -2.61331e-14 0.297293 -0.0200708
6.7 0.121529 1.61288e-14 0.878453 -2.62999e-14 0.298297 -0.0188052
6.8 0.123449 2.55131e-15 0.876532 -2.21024e-14 0.298976 -0.017522
6.9 0.125124 -1.25429e-14 0.874855 -1.38163e-14 0.299329 -0.0161939
7 0.126537 -1.08562e-14 0.873439 -9.59714e-15 0.299352 -0.0147949
7.1 0.127671 -1.29212e-14 0.872301 -4.49916e-15 0.299036 -0.013304
7.2 0.128508 -1.29112e-14 0.871461 -1.20617e-15 0.298362 -0.0117086
7.3 0.129031 -1.38764e-14 0.870936 3.111e-15 0.297321 -0.010001
7.4 0.129221 -1.03651e-14 0.870744 2.20439e-15 0.295892 -0.00817734
7.5 0.129062 -1.0779e-14 0.8709 -9.45068e-16 0.294052 -0.0062577
7.6 0.128549 -9.03243e-15 0.87141 2.79094e-15 0.291792 -0.00425599
7.7 0.127679 -1.5048e-15 0.872278 -1.07514e-14 0.289098 -0.00219334
7.8 0.126457 -8.73696e-15 0.873497 -2.2874e-15 0.28596 -8.8647e-05
7.9 0.124895 -1.33043e-14 0.875061 2.96629e-15 0.282386 0.00200877
8 0.123011 2.45097e-16 0.876946 4.86602e-15 0.278381 0.00407683
8.1 0.120831 -9.15105e-15 0.879122 2.4953e-14 0.273954 0.00609572
8.2 0.118388 1.07799e-14 0.881563 1.92218e-14 0.269128 0.00804223
8.3 0.115712 4.30667e-15 0.884236 2.08128e-14 0.26392 0.00990314
8.4 0.11284 -6.89451e-16 0.88711 1.99087e-14 0.258352 0.0116768
8.5 0.109803 -2.28026e-16 0.890148 2.44729e-14 0.252448 0.0133549
8.6 0.106633 8.23426e-15 0.893318 2.03809e-14 0.246217 0.0149408
8.7 0.103357 -6.39379e-17 0.896592 1.23667e-14 0.239688 0.016429
8.8 0.10001 2.56391e-14 0.899936 1.21345e-14 0.232886 0.0178264
8.9 0.0966142 3.28638e-14 0.90333 8.93616e-16 0.225826 0.01914
9 0.0932011 5.10009e-14 0.906738 -5.55641e-15 0.218529 0.0203664
9.1 0.0897925 4.40505e-14 0.910142 2.48421e-14 0.211015 0.0215119
9.2 0.0864135 6.50821e-14 0.913517 -2.8261e-15 0.2033 0.0225771
9.3 0.0830785 6.22918e-14 0.916848 -3.39317e-15 0.195402 0.0235556
9.4 0.0798091 6.34374e-14 0.920115 -1.96074e-14 0.187332 0.0244401
9.5 0.0766133 6.34528e-14 0.923308 -6.21644e-15 0.179113 0.025232
9.6 0.0735272 6.63802e-14 0.926393 2.63768e-15 0.170775 0.0258923
9.7 0.0705513 7.71359e-14 0.92937 4.08658e-15 0.162344 0.0264049
9.8 0.067702 7.90748e-14 0.932217 -1.2912e-14 0.153854 0.026759
9.9 0.0649905 7.97603e-14 0.934927 -2.63767e-14 0.145347 0.0269396
10 0.0624286 8.53301e-14 0.937487 -4.02719e-14 0.136865 0.0269367
10.1 0.0600198 8.76247e-14 0.939894 -4.61971e-14 0.128452 0.0267384
10.2 0.0577712 8.82049e-14 0.94214 -5.59961e-14 0.120143 0.0263311
10.3 0.0556896 9.54381e-14 0.94422 -5.12635e-14 0.11199 0.0257075
10.4 0.0537733 9.6682e-14 0.946135 -4.69199e-14 0.104043 0.0248639
10.5 0.0520191 1.04708e-13 0.947889 -4.85215e-14 0.0963512 0.0238063
10.6 0.0504286 9.87367e-14 0.94948 -4.87055e-14 0.08897 0.0225367
10.7 0.048992 1.03622e-13 0.950917 -3.21962e-14 0.0819344 0.0210822
10.8 0.0476977 1.06594e-13 0.952212 -4.66749e-14 0.0752881 0.0194664
10.9 0.0465367 1.08902e-13 0.953375 -6.24285e-14 0.0690695 0.0177226
11 0.0455028 1.06487e-13 0.95441 -6.57939e-14 0.063296 0.0158837
11.1 0.0445811 1.00866e-13 0.955333 -6.48107e-14 0.0579818 0.0139878
11.2 0.0437596 9.29224e-14 0.956154 -6.44851e-14 0.0531281 0.0120718
11.3 0.0430241 9.6231e-14 0.95689 -6.83387e-14 0.0487323 0.0101708
11.4 0.0423668 1.08644e-13 0.957546 -6.43459e-14 0.0447913 0.00831655
11.5 0.0417714 1.28574e-13 0.95814 -8.98829e-14 0.0412932 0.00654758
11.6 0.04123 1.16149e-13 0.95868 -6.92729e-14 0.0382099 0.00490055
11.7 0.0407331 1.34511e-13 0.959176 -9.76684e-14 0.0355092 0.00340837
11.8 0.0402671 2.04232e-13 0.959642 -1.53302e-13 0.0331494 0.00209386
11.9 0.0398269 2.1971e-13 0.960081 -1.83828e-13 0.0310903 0.00097017
12 0.0394034 1.22776e-14 0.960503 -2.33095e-14 0.0292904 4.4534e-05
12.1 0.0389946 1.96736e-13 0.960911 -2.30322e-13 0.0276767 -0.000674883
12.2 0.0385993 1.13249e-13 0.961305 -1.45535e-13 0.0262401 -0.00120777
12.3 0.038213 2.99067e-14 0.961692 -5.99476e-14 0.0249231 -0.00156813
12.4 0.037834 -9.62504e-14 0.962071 4.87567e-14 0.0236871 -0.00177614
12.5 0.0374604 1.25173e-13 0.962446 -2.40541e-13 0.0224976 -0.00185743
12.6 0.0370898 1.97148e-13 0.962818 -2.77335e-13 0.0213319 -0.00184167
12.7 0.0367251 2.54253e-13 0.963184 -2.95764e-13 0.0201721 -0.00175708
12.8 0.0363638 2.66903e-13 0.963546 -2.47626e-13 0.0190054 -0.0016341
12.9 0.0360061 2.01623e-13 0.963905 -1.31962e-13 0.0178239 -0.00150443
13 0.0356531 1.21463e-13 0.964259 -1.69455e-14 0.0166317 -0.00139953
13.1 0.0353034 3.7654e-14 0.964607 1.16732e-13 0.0154395 -0.00134518
13.2 0.0349549 1.78049e-13 0.964954 2.38333e-13 0.0142574 -0.00136197
13.3 0.0346096 -2.48801e-14 0.965297 3.40283e-13 0.0131067 -0.00146945
13.4 0.0342641 -1.47035e-13 0.965641 4.23822e-13 0.0120098 -0.00167365
13.5 0.0339212 -2.34361e-13 0.965983 5.01012e-13 0.0109926 -0.00197547
13.6 0.0335838 -3.37729e-13 0.96632 5.87761e-13 0.0100685 -0.00236575
13.7 0.0332519 -3.83674e-13 0.966653 5.74784e-13 0.00926463 -0.00283202
13.8 0.0329222 -5.09236e-13 0.966984 6.14479e-13 0.00859197 -0.00335508
13.9 0.0325972 -4.93506e-13 0.96731 5.70714e-13 0.00805924 -0.00391436
14 0.0322757 -5.45054e-13 0.967631 5.50124e-13 0.00767075 -0.00448969
14.1 0.0319587 -6.92031e-13 0.967949 5.81414e-13 0.00742529 -0.00505939
14.2 0.0316434 -8.24817e-13 0.968266 6.24104e-13 0.00732463 -0.00559777
14.3 0.0313331 -5.49047e-13 0.968578 2.56958e-13 0.00735523 -0.00607837
14.4 0.0310255 -3.62052e-13 0.968887 1.3733e-13 0.00749934 -0.00648132
14.5 0.0307207 -7.59861e-14 0.969193 -1.06118e-13 0.00773512 -0.00678555
14.6 0.0304195 8.21393e-14 0.969496 -2.91957e-13 0.00804095 -0.00698294
14.7 0.0301191 2.47299e-13 0.969798 -4.49768e-13 0.00839334 -0.0070578
14.8 0.0298204 1.84375e-13 0.970098 -3.65473e-13 0.00876059 -0.00700761
14.9 0.0295218 1.10077e-14 0.970396 -1.18605e-13 0.00911694 -0.00683784
15 0.029227 -1.01348e-13 0.970691 2.66726e-14 0.00943158 -0.00655709
15.1 0.028934 -1.73566e-13 0.970984 1.44961e-13 0.00967981 -0.00617943
15.2 0.0286425 -1.8152e-13 0.971275 2.05477e-13 0.00984143 -0.00572849
15.3 0.0283545 -9.72911e-14 0.971562 2.35764e-13 0.00990681 -0.00522958
15.4 0.0280693 -1.10708e-13 0.971846 5.4933e-13 0.00986639 -0.00470484
15.5 0.0277876 9.23941e-14 0.972126 4.43385e-13 0.00971898 -0.00417793
15.6 0.0275093 1.91749e-13 0.972403 3.97361e-13 0.0094661 -0.00367371
15.7 0.0272354 3.26709e-13 0.972677 3.30849e-13 0.00911595 -0.00321451
15.8 0.0269626 1.81372e-13 0.972949 6.39361e-13 0.00867998 -0.00282211
15.9 0.026694 3.66669e-13 0.973218 3.77491e-13 0.00817578 -0.00251726
16 0.0264284 5.64443e-13 0.973485 7.43198e-14 0.0076284 -0.0023107
16.1 0.0261656 5.08497e-13 0.973748 -1.44529e-14 0.0070607 -0.00221276
16.2 0.0259045 2.30754e-13 0.97401 9.36759e-14 0.00649794 -0.00222574
16.3 0.0256458 6.12646e-14 0.974268 9.37734e-14 0.005965 -0.00234333
16.4 0.0253924 -7.84185e-14 0.974521 1.09549e-13 0.00548597 -0.00255292
16.5 0.0251397 9.28474e-15 0.974769 4.76583e-14 0.0050796 -0.00283858
16.6 0.0248893 2.75292e-13 0.975017 -2.80522e-13 0.00475897 -0.00318513
16.7 0.0246413 4.24188e-13 0.975264 -4.93423e-13 0.00453622 -0.00357072
16.8 0.024396 3.33283e-13 0.97551 -5.97166e-13 0.00441597 -0.0039707
16.9 0.0241519 2.13201e-13 0.975754 -6.11659e-13 0.00440051 -0.0043664
17 0.0239117 7.98286e-15 0.975996 -4.76955e-13 0.00448363 -0.00473005
17.1 0.0236728 3.46926e-12 0.976235 3.81308e-12 0.00465553 -0.0050459
17.2 0.0234354 1.84872e-12 0.97647 1.32869e-12 0.00490412 -0.00530181
17.3 0.0232018 1.17088e-12 0.976703 4.0533e-13 0.0052048 -0.00547045
17.4 0.0229705 7.5319e-13 0.976935 -9.84495e-14 0.00554728 -0.00554239
17.5 0.0227416 1.5981e-12 0.977165 -1.20251e-12 0.00590853 -0.005517
17.6 0.022516 2.13209e-13 0.97739 -1.89928e-12 0.00626312 -0.00538583
17.7 0.0222926 2.00178e-13 0.977614 -1.85229e-12 0.00658787 -0.00515808
17.8 0.0220708 -7.4591e-13 0.977838 -9.01386e-13 0.00685914 -0.00484107
17.9 0.0218522 1.19708e-13 0.978059 -7.05695e-13 0.0070582 -0.0044527
18 0.0216358 1.73565e-13 0.978277 -4.59933e-13 0.0071692 -0.00401247
18.1 0.021421 1.83537e-13 0.978493 -2.94228e-13 0.00718473 -0.00354161
18.2 0.0212081 1.37527e-13 0.978706 8.32506e-14 0.00710027 -0.00306459
18.3 0.0209967 2.54763e-13 0.978917 9.578e-15 0.00692072 -0.00260275
18.4 0.0207872 1.22234e-13 0.979125 -1.97282e-13 0.0066508 -0.00217903
18.5 0.0205793 1.45184e-13 0.979332 -1.65639e-13 0.00630362 -0.00181184
18.6 0.0203736 1.16448e-13 0.979537 -1.51813e-13 0.00589591 -0.00151513
18.7 0.02017 -2.62288e-15 0.979739 -1.67934e-14 0.0054462 -0.00129785
18.8 0.019969 -3.02246e-14 0.979939 1.31019e-13 0.00496709 -0.00117106
18.9 0.0197695 -4.57647e-15 0.980137 3.41331e-14 0.00447996 -0.00113797
19 0.0195726 5.73524e-14 0.980333 -9.75895e-15 0.00400658 -0.00119765
19.1 0.0193787 9.19848e-14 0.980527 -1.88491e-14 0.00356809 -0.00134563
19.2 0.0191867 7.91622e-14 0.980719 2.21974e-14 0.00318305 -0.00157117
19.3 0.0189975 5.79222e-14 0.980911 7.06259e-14 0.00285955 -0.00187556
19.4 0.0188088 2.03155e-14 0.981099 6.62333e-14 0.00263271 -0.00221198
19.5 0.0186209 7.0456e-14 0.981286 -9.1652e-14 0.00249975 -0.0025698
19.6 0.018434 1.43591e-13 0.981471 -1.45951e-13 0.00246085 -0.00292654
19.7 0.0182498 1.73357e-13 0.981654 -1.37459e-13 0.00251153 -0.00326083
19.8 0.0180687 2.21979e-13 0.981835 -1.36322e-13 0.00264177 -0.00355372
19.9 0.0178901 5.20849e-14 0.982014 4.5175e-14 0.00284074 -0.00378923
20 0.0177121 2.29954e-14 0.98219 6.47058e-14 0.00309241 -0.00395587
