0 0 0 1 0 0 0
0.1 1.71713e-07 2.37825e-24 1 -2.68834e-24 4.82763e-05 -0.000411498
0.2 7.91096e-07 1.17131e-23 0.999999 2.36648e-26 0.000195507 -0.000867387
0.3 2.03766e-06 1.32612e-20 0.999998 2.07864e-22 0.000449741 -0.00135394
0.4 4.12181e-06 -9.49354e-19 0.999996 -3.09788e-20 0.000815806 -0.0018573
0.5 7.28429e-06 -2.03247e-19 0.999993 2.25471e-19 0.00129539 -0.0023643
0.6 1.17951e-05 -1.52548e-19 0.999988 -5.86302e-19 0.00188733 -0.00286335
0.7 1.79527e-05 -1.26008e-18 0.999982 1.11102e-18 0.00258801 -0.0033451
0.8 2.60841e-05 -3.21366e-18 0.999974 -1.06069e-18 0.00339204 -0.00380307
0.9 3.65476e-05 -3.84561e-18 0.999963 -7.44908e-19 0.00429292 -0.00423418
1 4.9739e-05 -7.06253e-18 0.99995 -2.57613e-18 0.00528384 -0.00463893
1.1 6.6104e-05 -4.33682e-18 0.999933 -5.40012e-19 0.00635859 -0.00502159
1.2 8.61575e-05 -3.67024e-18 0.999913 -2.19336e-18 0.00751233 -0.00539008
1.3 0.000110513 1.02527e-18 0.999888 2.39268e-19 0.00874241 -0.00575566
1.4 0.000139925 -4.73517e-18 0.999858 5.07703e-18 0.0100491 -0.00613252
1.5 0.000175339 -2.45895e-17 0.999822 4.23214e-18 0.0114361 -0.00653715
1.6 0.000217966 -3.01541e-17 0.999779 9.43679e-18 0.0129111 -0.00698759
1.7 0.000269363 -6.09547e-17 0.999728 1.29119e-17 0.014486 -0.00750236
1.8 0.000331522 -7.28048e-17 0.999665 2.37006e-17 0.0161768 -0.00810001
1.9 0.000406989 -8.12957e-17 0.99959 3.24098e-17 0.0180033 -0.0087982
2 0.000498981 -8.21599e-17 0.999497 4.39103e-17 0.0199891 -0.00961277
2.1 0.000611508 -6.23419e-17 0.999385 3.99966e-17 0.022161 -0.0105571
2.2 0.000749497 -6.7349e-17 0.999247 4.9778e-17 0.0245484 -0.0116412
2.3 0.000918911 -8.14494e-17 0.999077 3.60485e-17 0.027182 -0.0128716
2.4 0.00112686 -7.80195e-17 0.998869 6.68802e-17 0.0300938 -0.0142503
2.5 0.00138188 -6.22124e-17 0.998614 1.03551e-16 0.0333151 -0.0157754
2.6 0.00169396 -9.73807e-17 0.998302 1.12099e-16 0.0368762 -0.0174405
2.7 0.00207415 -3.95013e-17 0.997921 7.51101e-17 0.0408061 -0.0192355
2.8 0.00253537 1.41328e-16 0.997458 5.91506e-17 0.0451282 -0.0211452
2.9 0.00309105 1.15113e-16 0.996901 -4.54049e-17 0.0498644 -0.0231516
3 0.00375603 2.0157e-16 0.996236 -1.27927e-16 0.055031 -0.0252336
3.1 0.00454569 1.86861e-16 0.995446 -1.25141e-16 0.0606391 -0.0273671
3.2 0.00547614 1.63213e-16 0.994515 -1.63621e-16 0.066694 -0.0295266
3.3 0.00656387 9.04123e-17 0.993427 -1.15734e-17 0.0731947 -0.0316848
3.4 0.00782558 -1.13697e-16 0.992165 2.13638e-16 0.0801338 -0.0338139
3.5 0.00927708 -4.39236e-17 0.990714 1.51375e-16 0.0875001 -0.0358852
3.6 0.010934 -2.9158e-16 0.989057 1.46463e-16 0.0952695 -0.0378707
3.7 0.0128103 -1.73222e-16 0.987181 -4.75242e-16 0.103415 -0.0397443
3.8 0.0149183 -6.92862e-16 0.985073 -4.23037e-16 0.111906 -0.0414798
3.9 0.017268 -8.67683e-16 0.982723 -2.23042e-16 0.120702 -0.0430536
4 0.0198664 -1.03386e-15 0.980125 2.64804e-16 0.129762 -0.0444449
4.1 0.0227172 -1.01455e-15 0.977275 -1.47312e-16 0.139037 -0.0456332
4.2 0.0258198 -9.21469e-16 0.974172 4.15177e-16 0.148473 -0.0466016
4.3 0.0291702 -1.19673e-15 0.970822 8.14044e-16 0.158017 -0.0473357
4.4 0.0327598 -1.58445e-15 0.967233 1.9735e-15 0.167611 -0.0478242
4.5 0.0365738 -1.77357e-15 0.963419 2.2204e-15 0.177195 -0.0480583
4.6 0.0405946 -2.0898e-15 0.959398 2.07725e-15 0.186707 -0.0480333
4.7 0.0448033 -2.63285e-15 0.955189 2.72838e-15 0.196088 -0.047749
4.8 0.0491709 -2.85774e-15 0.950821 1.61485e-15 0.205276 -0.0472086
4.9 0.0536656 -3.50225e-15 0.946326 6.51603e-17 0.214212 -0.0464215
5 0.0582525 -6.06982e-15 0.941739 3.34404e-15 0.222841 -0.0454005
5.1 0.0628978 -3.34966e-15 0.937094 1.55369e-15 0.231111 -0.0441651
5.2 0.0675602 -2.87616e-15 0.932431 -1.39211e-15 0.238976 -0.0427369
5.3 0.0721994 3.75421e-16 0.927792 -8.29487e-15 0.246397 -0.0411444
5.4 0.0767794 3.12891e-15 0.923212 -9.6724e-15 0.253339 -0.0394188
5.5 0.0812626 2.91538e-15 0.918729 -8.94373e-15 0.259781 -0.0375936
5.6 0.0856154 5.41627e-15 0.914376 -9.18472e-15 0.265707 -0.0357032
5.7 0.0898076 3.65361e-15 0.910183 -1.26816e-14 0.271111 -0.0337833
5.8 0.0938188 1.56698e-15 0.906172 -8.2532e-15 0.27599 -0.0318712
5.9 0.097627 2.03188e-15 0.902363 -5.30709e-15 0.280359 -0.0299878
6 0.101221 3.41777e-15 0.89877 -7.42126e-15 0.284233 -0.0281656
6.1 0.10459 3.90753e-15 0.8954 -7.15823e-16 0.287631 -0.0264181
6.2 0.10773 3.38922e-15 0.89226 -5.5109e-16 0.290579 -0.0247553
6.3 0.110638 5.42285e-15 0.889352 2.21611e-16 0.293102 -0.0231777
6.4 0.113311 7.62065e-15 0.886678 -5.33424e-15 0.295226 -0.0216772
6.5 0.115751 1.46037e-14 0.884238 -6.98054e-15 0.296974 -0.020238
6.6 0.117954 2.03475e-14 0.882035 -9.35817e-15 0.298364 -0.018838
6.7 0.119914 2.56328e-14 0.880073 -1.54578e-14 0.299408 -0.0174502
6.8 0.121624 3.28633e-14 0.878363 -2.18021e-14 0.300112 -0.0160478
6.9 0.123071 3.62401e-14 0.876916 -2.13416e-14 0.300475 -0.0146031
7 0.12424 3.64142e-14 0.875747 -2.178e-14 0.300491 -0.0130932
7.1 0.125115 3.35371e-14 0.874872 -2.06237e-14 0.300146 -0.0115002
7.2 0.12568 3.35814e-14 0.874306 -1.75329e-14 0.299425 -0.00981299
7.3 0.125919 3.29123e-14 0.874067 -1.3888e-14 0.298309 -0.00802285
7.4 0.125819 2.82514e-14 0.874166 -1.23698e-14 0.296785 -0.00613814
7.5 0.125373 2.39162e-14 0.874613 -6.5475e-15 0.294831 -0.00417288
7.6 0.124575 1.57107e-14 0.87541 5.7471e-16 0.292436 -0.00214399
7.7 0.123429 1.16051e-14 0.876555 5.91728e-15 0.289588 -7.53361e-05
7.8 0.121945 8.21939e-15 0.878039 1.55242e-14 0.286282 0.00200641
7.9 0.120138 6.03536e-15 0.879846 1.69335e-14 0.282518 0.00407477
8 0.118028 3.80653e-15 0.881955 2.12418e-14 0.278308 0.00610742
8.1 0.115643 4.76132e-15 0.884341 2.11147e-14 0.273658 0.00808014
8.2 0.113011 7.18503e-15 0.886972 1.80863e-14 0.268587 0.00997766
8.3 0.110166 8.7761e-15 0.889817 1.68579e-14 0.263116 0.0117873
8.4 0.10714 1.41916e-14 0.892843 1.29937e-14 0.257264 0.0135035
8.5 0.103967 1.51323e-14 0.896016 1.38371e-14 0.251056 0.0151231
8.6 0.100679 1.86981e-14 0.899303 1.34116e-14 0.244516 0.0166479
8.7 0.0973073 2.07591e-14 0.902675 1.06303e-14 0.237666 0.0180829
8.8 0.0938804 2.02345e-14 0.906101 9.81059e-15 0.230528 0.0194327
8.9 0.0904249 1.94006e-14 0.909557 9.12819e-15 0.223124 0.0207034
9 0.0869642 2.11701e-14 0.913017 2.1568e-15 0.215474 0.0218992
9.1 0.0835209 2.32247e-14 0.916461 -3.08975e-15 0.207597 0.0230225
9.2 0.0801139 2.26636e-14 0.919867 -3.2181e-15 0.199513 0.0240723
9.3 0.0767622 2.17979e-14 0.923219 1.39842e-15 0.191244 0.0250436
9.4 0.0734825 2.35954e-14 0.926499 1.63389e-15 0.18281 0.0259301
9.5 0.0702909 3.12264e-14 0.92969 2.1629e-15 0.174238 0.0267199
9.6 0.0672023 2.93747e-14 0.932779 -5.821e-16 0.165555 0.0273987
9.7 0.0642301 3.06131e-14 0.935751 -3.28103e-15 0.156792 0.027952
9.8 0.0613864 3.03278e-14 0.938594 -6.54424e-15 0.147984 0.0283608
9.9 0.0586834 3.18551e-14 0.941297 -7.43672e-15 0.139168 0.0286076
10 0.0561288 3.09838e-14 0.943853 -5.9731e-15 0.13039 0.0286751
10.1 0.0537299 2.61265e-14 0.946252 -3.03583e-15 0.121691 0.0285524
10.2 0.0514917 2.64847e-14 0.94849 -1.2616e-15 0.113124 0.0282267
10.3 0.0494175 2.5948e-14 0.950565 1.51248e-15 0.104735 0.0276925
10.4 0.0475081 2.53672e-14 0.952474 2.30498e-15 0.0965758 0.0269483
10.5 0.0457613 2.50937e-14 0.954221 8.09768e-15 0.0886954 0.0259974
10.6 0.0441739 2.2895e-14 0.955808 1.13668e-14 0.0811397 0.0248537
10.7 0.0427397 2.30297e-14 0.957243 1.08003e-14 0.0739518 0.0235327
10.8 0.0414514 2.38397e-14 0.958531 1.10226e-14 0.0671689 0.0220571
10.9 0.0402994 2.20964e-14 0.959683 1.22163e-14 0.0608223 0.0204546
11 0.0392737 2.33291e-14 0.960709 1.18572e-14 0.0549369 0.0187568
11.1 0.0383602 2.25785e-14 0.961622 1.25484e-14 0.0495277 0.0170023
11.2 0.0375475 2.25187e-14 0.962435 1.26343e-14 0.0446015 0.0152278
11.3 0.036824 2.26523e-14 0.963158 1.24909e-14 0.0401561 0.0134726
11.4 0.0361772 1.97934e-14 0.963805 1.19361e-14 0.0361802 0.0117751
11.5 0.0355959 2.03293e-14 0.964386 1.12638e-14 0.032654 0.0101712
11.6 0.0350685 1.96947e-14 0.964914 1.11663e-14 0.0295489 0.00869423
11.7 0.0345856 2.04339e-14 0.965397 1.15951e-14 0.0268303 0.00737089
11.8 0.0341381 2.06628e-14 0.965844 1.14679e-14 0.0244563 0.00622197
11.9 0.0337192 2.06348e-14 0.966263 1.20596e-14 0.0223823 0.00526079
12 0.033323 2.11567e-14 0.966659 1.22258e-14 0.0205622 0.00449445
12.1 0.032946 2.0315e-14 0.967036 1.31308e-14 0.0189491 0.00392101
12.2 0.0325806 1.92457e-14 0.967401 1.47364e-14 0.0174962 0.00353014
12.3 0.0322258 1.85465e-14 0.967756 1.46573e-14 0.0161603 0.00330559
12.4 0.0318798 1.7916e-14 0.968102 1.46292e-14 0.0149042 0.00322685
12.5 0.0315409 1.84781e-14 0.968441 1.43346e-14 0.0136946 0.00326634
12.6 0.0312072 1.92669e-14 0.968775 1.43127e-14 0.0125062 0.00339292
12.7 0.0308787 1.97568e-14 0.969103 1.48038e-14 0.0113208 0.0035731
12.8 0.030555 1.94686e-14 0.969427 1.46858e-14 0.0101275 0.0037741
12.9 0.0302361 1.89147e-14 0.969746 1.49287e-14 0.00892176 0.00396384
13 0.0299212 1.79532e-14 0.970061 1.50752e-14 0.007709 0.00411261
13.1 0.0296105 1.79432e-14 0.970372 1.52289e-14 0.00649925 0.00419492
13.2 0.0293041 1.77401e-14 0.970678 1.54613e-14 0.00530824 0.00419066
13.3 0.0290022 1.82598e-14 0.97098 1.57801e-14 0.00415476 0.00408617
13.4 0.028705 1.81721e-14 0.971277 1.60052e-14 0.00306156 0.00387308
13.5 0.0284121 1.8251e-14 0.97157 1.62495e-14 0.00205143 0.00355226
13.6 0.0281243 1.78054e-14 0.971858 1.63871e-14 0.00114644 0.00313001
13.7 0.0278407 1.75366e-14 0.972141 1.66405e-14 0.000366254 0.00261924
13.8 0.0275611 1.72125e-14 0.972421 1.68933e-14 -0.000272684 0.00203854
13.9 0.0272849 1.7052e-14 0.972697 1.71144e-14 -0.000758853 0.00141066
14 0.027012 1.69939e-14 0.97297 1.72309e-14 -0.0010866 0.000761631
14.1 0.0267426 1.66509e-14 0.97324 1.73474e-14 -0.00125583 0.000119033
14.2 0.0264762 1.65189e-14 0.973506 1.75082e-14 -0.00127244 -0.000491567
14.3 0.0262128 1.64111e-14 0.973769 1.76428e-14 -0.00114878 -0.00103932
14.4 0.025952 1.61991e-14 0.97403 1.78044e-14 -0.00090313 -0.00150268
14.5 0.025694 1.62523e-14 0.974288 1.7971e-14 -0.00055836 -0.00186232
14.6 0.0254386 1.60765e-14 0.974543 1.81578e-14 -0.000140834 -0.00210381
14.7 0.0251858 1.5884e-14 0.974796 1.83259e-14 0.000320504 -0.00221811
14.8 0.0249354 1.57235e-14 0.975046 1.84622e-14 0.000795262 -0.00220275
14.9 0.0246875 1.5508e-14 0.975294 1.86287e-14 0.00125374 -0.00206233
15 0.024442 1.53463e-14 0.975539 1.87663e-14 0.00166818 -0.00180682
15.1 0.0241989 1.51826e-14 0.975783 1.89151e-14 0.00201407 -0.00145177
15.2 0.0239581 1.5004e-14 0.976023 1.90548e-14 0.00227088 -0.00101764
15.3 0.0237197 1.48619e-14 0.976262 1.92024e-14 0.00242329 -0.000528857
15.4 0.0234837 1.47139e-14 0.976498 1.93538e-14 0.00246209 -1.1955e-05
15.5 0.0232499 1.45602e-14 0.976731 1.94975e-14 0.00238426 0.000505338
15.6 0.0230185 1.43906e-14 0.976963 1.96447e-14 0.00219314 0.000995635
15.7 0.0227894 1.42594e-14 0.977192 1.97897e-14 0.00189813 0.00143329
15.8 0.0225625 1.3941e-14 0.977419 1.98926e-14 0.00151413 0.00179569
15.9 0.0223379 1.38014e-14 0.977643 2.0031e-14 0.0010607 0.00206437
16 0.0221158 1.36687e-14 0.977865 2.01736e-14 0.000560963 0.00222594
16.1 0.0218957 1.35574e-14 0.978085 2.03147e-14 4.03582e-05 0.00227271
16.2 0.0216778 1.339e-14 0.978303 2.04462e-14 -0.000474693 0.00220303
16.3 0.021462 1.32683e-14 0.978519 2.05888e-14 -0.000958191 0.00202129
16.4 0.0212483 1.31256e-14 0.978733 2.07218e-14 -0.00138591 0.00173768
16.5 0.0210366 1.31231e-14 0.978944 2.08702e-14 -0.00173663 0.00136758
16.6 0.0208271 1.28523e-14 0.979153 2.09811e-14 -0.00199325 0.000930725
16.7 0.0206196 1.28383e-14 0.979361 2.11271e-14 -0.00214353 0.00044992
16.8 0.0204145 1.27168e-14 0.979566 2.12651e-14 -0.00218096 -4.93493e-05
16.9 0.0202114 1.26932e-14 0.979769 2.13993e-14 -0.00210474 -0.000541395
17 0.0200103 1.24779e-14 0.97997 2.1516e-14 -0.00191994 -0.00100096
17.1 0.0198112 1.23538e-14 0.980169 2.1643e-14 -0.00163718 -0.00140466
17.2 0.019614 1.21963e-14 0.980366 2.17592e-14 -0.00127199 -0.0017322
17.3 0.0194189 1.19723e-14 0.980561 2.18614e-14 -0.000844016 -0.0019674
17.4 0.0192256 1.19186e-14 0.980755 2.20021e-14 -0.000375955 -0.00209894
17.5 0.0190343 1.18656e-14 0.980946 2.21241e-14 0.000107643 -0.00212097
17.6 0.018845 1.17604e-14 0.981135 2.22449e-14 0.00058165 -0.00203333
17.7 0.0186574 1.16449e-14 0.981323 2.2362e-14 0.00102166 -0.00184152
17.8 0.0184718 1.15283e-14 0.981508 2.24803e-14 0.00140525 -0.00155635
17.9 0.018288 1.14061e-14 0.981692 2.25954e-14 0.00171309 -0.00119337
18 0.018106 1.13e-14 0.981874 2.27115e-14 0.00192995 -0.000771976
18.1 0.0179259 1.10569e-14 0.982054 2.28023e-14 0.00204542 -0.00031443
18.2 0.0177475 1.11678e-14 0.982233 2.29316e-14 0.00205442 0.000155433
18.3 0.0175709 1.09532e-14 0.982409 2.30417e-14 0.00195739 0.000613156
18.4 0.0173961 1.07312e-14 0.982584 2.31396e-14 0.00176026 0.00103524
18.5 0.017223 1.07368e-14 0.982757 2.32595e-14 0.00147408 0.00140022
18.6 0.0170516 1.06482e-14 0.982929 2.33901e-14 0.00111437 0.00168977
18.7 0.016882 1.04964e-14 0.983098 2.34956e-14 0.000700345 0.00188961
18.8 0.016714 1.04229e-14 0.983266 2.35936e-14 0.000253829 0.00199023
18.9 0.0165477 1.03078e-14 0.983433 2.3686e-14 -0.000201861 0.0019873
19 0.016383 1.01865e-14 0.983597 2.37951e-14 -0.00064314 0.00188189
19.1 0.01622 1.0089e-14 0.98376 2.38932e-14 -0.00104737 0.00168032
19.2 0.0160586 1.00051e-14 0.983922 2.40111e-14 -0.00139403 0.00139384
19.3 0.0158988 9.89041e-15 0.984081 2.41115e-14 -0.00166574 0.00103797
19.4 0.0157406 1.00068e-14 0.98424 2.42234e-14 -0.00184914 0.000631678
19.5 0.015584 9.68593e-15 0.984396 2.43096e-14 -0.00193555 0.000196358
19.6 0.0154289 9.54428e-15 0.984551 2.44072e-14 -0.00192135 -0.000245277
19.7 0.0152754 9.49852e-15 0.984705 2.45005e-14 -0.00180817 -0.00067039
19.8 0.0151234 9.3361e-15 0.984857 2.45825e-14 -0.0016027 -0.0010572
19.9 0.0149729 9.19878e-15 0.985007 2.46417e-14 -0.00131636 -0.00138608
20 0.014824 9.15751e-15 0.985156 2.47602e-14 -0.000964625 -0.00164058
