0 0 0 1 0 0 0
0.1 1.71713e-07 2.37825e-24 1 -2.68834e-24 4.82635e-05 -0.000411169
0.2 7.90784e-07 2.35459e-24 0.999999 2.36648e-26 0.000195247 -0.000865727
0.3 2.03554e-06 5.61257e-20 0.999998 8.10267e-22 0.000448476 -0.0013493
0.4 4.11383e-06 -1.43179e-19 0.999996 -1.53198e-20 0.000811961 -0.00184748
0.5 7.26189e-06 3.25057e-19 0.999993 -2.84011e-19 0.00128631 -0.00234682
0.6 1.17428e-05 9.53384e-19 0.999988 -2.17203e-19 0.00186909 -0.00283565
0.7 1.78452e-05 9.86779e-19 0.999982 1.49395e-19 0.00255529 -0.00330495
0.8 2.58835e-05 1.07697e-18 0.999974 -6.97338e-19 0.00333811 -0.00374893
0.9 3.62007e-05 3.52887e-18 0.999963 -2.89278e-18 0.0042097 -0.00416555
1 4.91761e-05 2.07108e-18 0.99995 -5.16507e-18 0.00516212 -0.00455673
1.1 6.52393e-05 -6.81893e-18 0.999934 -8.23705e-18 0.00618827 -0.00492845
1.2 8.48927e-05 -4.6381e-18 0.999914 -8.65481e-18 0.00728279 -0.00529052
1.3 0.000108745 -4.59661e-19 0.999889 -9.39222e-18 0.00844291 -0.00565623
1.4 0.000137557 1.26945e-17 0.99986 -4.51374e-18 0.00966917 -0.00604177
1.5 0.000172301 1.09277e-17 0.999825 -5.22215e-18 0.010966 -0.00646548
1.6 0.000214238 1.44147e-17 0.999783 -4.4662e-18 0.0123422 -0.00694704
1.7 0.000265006 1.07059e-17 0.999732 -5.76275e-18 0.0138109 -0.00750624
1.8 0.000327024 1.76233e-17 0.99967 -8.21978e-18 0.0153896 -0.00816242
1.9 0.000403126 2.11844e-17 0.999594 -7.65345e-18 0.0170998 -0.00893359
2 0.000497051 3.13835e-17 0.999499 -5.00535e-18 0.0189666 -0.00983544
2.1 0.000612973 2.98447e-17 0.999383 -8.52653e-21 0.021018 -0.0108807
2.2 0.000756577 8.06717e-17 0.99924 1.44675e-18 0.0232843 -0.0120781
2.3 0.000934695 1.31649e-16 0.999062 1.99558e-17 0.0257965 -0.0134326
2.4 0.00115472 1.30483e-16 0.998841 1.14948e-17 0.0285863 -0.0149448
2.5 0.00142562 2.5548e-16 0.99857 -4.63526e-17 0.0316841 -0.0166108
2.6 0.00175813 2.19747e-16 0.998238 1.8035e-17 0.0351186 -0.0184224
2.7 0.00216435 2.47567e-16 0.99783 9.74711e-18 0.0389166 -0.0203686
2.8 0.00265729 4.06044e-16 0.997336 8.98677e-17 0.0430982 -0.0224329
2.9 0.00325152 6.38641e-16 0.99674 1.30403e-16 0.0476818 -0.0245964
3 0.00396275 6.27766e-16 0.996027 1.15165e-16 0.0526809 -0.0268382
3.1 0.00480823 4.87028e-16 0.995181 2.17821e-16 0.0581016 -0.0291354
3.2 0.0058053 2.89184e-16 0.994184 5.66217e-16 0.063943 -0.0314629
3.3 0.00697184 2.17136e-16 0.993017 8.70541e-16 0.0702004 -0.033798
3.4 0.00832647 -1.63897e-16 0.991662 8.00416e-16 0.0768621 -0.0361171
3.5 0.00988764 -1.16164e-16 0.990101 4.05101e-16 0.0839118 -0.0383977
3.6 0.0116736 -5.37895e-17 0.988315 2.94273e-16 0.0913256 -0.0406168
3.7 0.0137015 1.85077e-16 0.986287 4.17203e-17 0.0990749 -0.0427546
3.8 0.0159876 1.47612e-16 0.984001 -9.57546e-18 0.107129 -0.0447902
3.9 0.0185465 3.02921e-16 0.981441 -7.24131e-17 0.11545 -0.0467059
4 0.0213907 4.10373e-17 0.978597 -5.22595e-16 0.123998 -0.0484847
4.1 0.0245302 -3.25541e-16 0.975458 -1.14546e-16 0.132728 -0.0501108
4.2 0.0279748 -9.62291e-16 0.972013 7.16773e-16 0.141592 -0.0515695
4.3 0.0317279 -1.64347e-15 0.96826 1.33592e-15 0.150541 -0.0528468
4.4 0.0357897 -1.37827e-15 0.964198 8.71787e-16 0.15952 -0.0539303
4.5 0.0401598 9.87053e-16 0.959828 -1.32883e-15 0.168475 -0.0548083
4.6 0.0448254 1.85784e-15 0.955163 -1.95616e-15 0.177349 -0.0554724
4.7 0.0497766 3.54535e-15 0.950211 -1.97044e-15 0.186085 -0.0559135
4.8 0.0549931 2.08082e-15 0.944995 3.70842e-17 0.194624 -0.056126
4.9 0.0604501 -1.91586e-16 0.939538 1.83507e-15 0.202911 -0.0561091
5 0.0661306 -1.46497e-15 0.933857 3.62755e-15 0.210886 -0.055865
5.1 0.0719938 -1.13059e-15 0.927994 2.24107e-15 0.218498 -0.055392
5.2 0.0780042 -6.76487e-16 0.921983 3.89209e-15 0.225693 -0.054696
5.3 0.0841237 2.477e-15 0.915862 4.3029e-16 0.232428 -0.0537929
5.4 0.0903111 5.9783e-15 0.909674 -3.05848e-15 0.238662 -0.052696
5.5 0.0965205 7.82135e-15 0.903464 -6.28861e-15 0.244364 -0.0514292
5.6 0.102713 7.27872e-15 0.897271 -2.41575e-15 0.249508 -0.0500181
5.7 0.108853 9.28014e-15 0.89113 -2.82513e-15 0.254073 -0.0484938
5.8 0.114898 3.23351e-15 0.885085 4.58926e-15 0.258049 -0.0468856
5.9 0.120812 2.96711e-15 0.87917 8.24162e-15 0.261435 -0.0452233
6 0.126564 2.86101e-15 0.873418 8.42112e-15 0.264236 -0.0435378
6.1 0.132132 -3.66303e-15 0.86785 1.2518e-14 0.266475 -0.0418546
6.2 0.137495 -5.99942e-15 0.862486 1.76002e-14 0.268185 -0.040198
6.3 0.142637 -7.92678e-15 0.857343 2.14969e-14 0.269387 -0.0385835
6.4 0.147544 -7.88232e-15 0.852436 2.3784e-14 0.270112 -0.0370263
6.5 0.152209 -1.31694e-14 0.84777 2.60332e-14 0.270401 -0.035525
6.6 0.156622 -1.89579e-14 0.843356 2.88746e-14 0.270279 -0.034082
6.7 0.160779 -2.19638e-14 0.839199 2.91721e-14 0.269782 -0.0326761
6.8 0.164672 -1.87507e-14 0.835304 2.81331e-14 0.268931 -0.0313022
6.9 0.168294 -1.41697e-14 0.831681 2.36754e-14 0.267751 -0.0299434
7 0.171636 -7.53941e-15 0.828338 1.79298e-14 0.266257 -0.0285776
7.1 0.174677 -6.50576e-15 0.825295 1.24401e-14 0.264465 -0.0271921
7.2 0.177415 -7.72997e-16 0.822556 8.28813e-15 0.262371 -0.0257776
7.3 0.179843 2.76496e-15 0.820127 4.76829e-15 0.259976 -0.0243169
7.4 0.181945 7.47464e-15 0.818024 7.27715e-15 0.25727 -0.0228029
7.5 0.183716 8.31859e-15 0.816252 1.92405e-15 0.254251 -0.0212454
7.6 0.185144 3.79148e-15 0.814823 3.33645e-15 0.25092 -0.0196556
7.7 0.186236 2.69898e-15 0.81373 7.48083e-15 0.24727 -0.0180436
7.8 0.186996 -3.17475e-15 0.812971 1.39382e-14 0.243299 -0.0164293
7.9 0.187428 -8.66381e-15 0.812537 2.08751e-14 0.239014 -0.0148289
8 0.187549 -1.42254e-14 0.812415 2.57002e-14 0.234421 -0.0132617
8.1 0.187379 -1.91519e-14 0.812585 3.1534e-14 0.229534 -0.011743
8.2 0.186939 -2.40396e-14 0.813024 3.79584e-14 0.224363 -0.0102919
8.3 0.186253 -2.68839e-14 0.813709 4.1127e-14 0.21893 -0.00891985
8.4 0.185347 -2.59661e-14 0.814615 4.15237e-14 0.213258 -0.00763007
8.5 0.184243 -2.71964e-14 0.815718 3.88036e-14 0.20737 -0.00642563
8.6 0.182969 -2.67033e-14 0.816991 3.37891e-14 0.201288 -0.00530391
8.7 0.181548 -2.49777e-14 0.818411 3.41955e-14 0.195036 -0.00426346
8.8 0.180001 -1.86547e-14 0.819958 2.74704e-14 0.18864 -0.00329145
8.9 0.178346 -1.61862e-14 0.821613 3.18722e-14 0.182121 -0.00237974
9 0.176603 -1.31038e-14 0.823356 3.01358e-14 0.1755 -0.00151815
9.1 0.174786 -1.28396e-14 0.825172 2.80125e-14 0.168793 -0.000698523
9.2 0.172907 -6.70939e-15 0.82705 2.46883e-14 0.162017 8.81966e-05
9.3 0.17098 -8.32305e-15 0.828977 2.58061e-14 0.155192 0.000848269
9.4 0.169015 -5.25944e-15 0.830941 2.1725e-14 0.148328 0.0015831
9.5 0.167022 -5.36388e-15 0.832934 1.94545e-14 0.141447 0.00229365
9.6 0.165011 -7.2146e-15 0.834945 2.03631e-14 0.134558 0.00297718
9.7 0.16299 -8.83343e-15 0.836965 1.9555e-14 0.127677 0.0036286
9.8 0.160968 -8.59181e-15 0.838986 2.19468e-14 0.120824 0.00423742
9.9 0.158954 -1.12602e-14 0.841 2.33735e-14 0.114018 0.0047944
10 0.156955 -1.55566e-14 0.843 2.55269e-14 0.107279 0.00528777
10.1 0.154977 -1.72196e-14 0.844977 2.76995e-14 0.100629 0.00570609
10.2 0.15303 -2.1481e-14 0.846924 3.05921e-14 0.0940933 0.00603761
10.3 0.151118 -2.57583e-14 0.848836 2.93961e-14 0.0876984 0.00627349
10.4 0.149246 -2.56877e-14 0.850708 3.08621e-14 0.0814716 0.00640468
10.5 0.14742 -2.35882e-14 0.852534 3.34973e-14 0.0754384 0.00642477
10.6 0.145639 -2.64883e-14 0.854315 3.21852e-14 0.0696293 0.00633374
10.7 0.143908 -2.74426e-14 0.856046 3.20425e-14 0.0640703 0.0061355
10.8 0.142227 -2.87884e-14 0.857727 3.16967e-14 0.0587827 0.00583403
10.9 0.140595 -2.96321e-14 0.85936 3.16431e-14 0.053784 0.00543954
11 0.139011 -2.90928e-14 0.860943 2.81465e-14 0.0491008 0.00496838
11.1 0.137475 -2.76375e-14 0.862478 2.73961e-14 0.0447383 0.00443865
11.2 0.135983 -2.74406e-14 0.863971 2.40671e-14 0.0407045 0.00386789
11.3 0.134531 -2.93384e-14 0.865423 2.55163e-14 0.0370013 0.00327797
11.4 0.133116 -2.63078e-14 0.866838 2.36595e-14 0.0336257 0.00268911
11.5 0.131732 -2.39855e-14 0.868221 2.50567e-14 0.0305686 0.00212218
11.6 0.13038 -2.38896e-14 0.869573 2.6181e-14 0.0278158 0.00159946
11.7 0.129054 -2.3071e-14 0.870899 2.47119e-14 0.0253467 0.00113693
11.8 0.127751 -2.47338e-14 0.872202 2.76169e-14 0.0231372 0.00075147
11.9 0.126466 -2.50148e-14 0.873486 2.64986e-14 0.0211613 0.000453225
12 0.125199 -2.41149e-14 0.874754 2.60878e-14 0.0193874 0.000248353
12.1 0.123946 -2.41719e-14 0.876007 2.61462e-14 0.0177873 0.00013744
12.2 0.122708 -2.34774e-14 0.877245 2.48721e-14 0.0163313 0.000118048
12.3 0.121482 -2.25126e-14 0.87847 2.45362e-14 0.0149903 0.000181881
12.4 0.120269 -2.18726e-14 0.879684 2.41441e-14 0.013739 0.000317111
12.5 0.119068 -2.26101e-14 0.880885 2.45783e-14 0.0125549 0.00050873
12.6 0.117878 -2.15263e-14 0.882074 2.36888e-14 0.0114196 0.000738517
12.7 0.116698 -2.18763e-14 0.883254 2.44468e-14 0.0103191 0.000988223
12.8 0.115532 -2.14703e-14 0.884421 2.43815e-14 0.00924461 0.00123665
12.9 0.114377 -2.15901e-14 0.885576 2.44368e-14 0.00819386 0.00146447
13 0.113233 -2.16165e-14 0.88672 2.41032e-14 0.00716448 0.00165514
13.1 0.112101 -2.15148e-14 0.887852 2.38696e-14 0.00616424 0.00179298
13.2 0.110981 -2.12703e-14 0.888971 2.39705e-14 0.00520058 0.00186786
13.3 0.109873 -2.09164e-14 0.89008 2.35716e-14 0.00428399 0.00187198
13.4 0.108777 -1.97571e-14 0.891176 2.36047e-14 0.00342708 0.00180189
13.5 0.107691 -1.81941e-14 0.892262 2.37147e-14 0.00264279 0.0016582
13.6 0.106617 -1.83793e-14 0.893336 2.33426e-14 0.00194318 0.00144666
13.7 0.105554 -1.78466e-14 0.894399 2.29048e-14 0.00133914 0.00117657
13.8 0.104502 -1.88427e-14 0.895451 2.26543e-14 0.000839187 0.000860805
13.9 0.103461 -1.95263e-14 0.896492 2.23971e-14 0.000448978 0.000514762
14 0.102431 -1.94998e-14 0.897522 2.24205e-14 0.000169577 0.000156182
14.1 0.101411 -1.88725e-14 0.898542 2.22643e-14 -5.68983e-07 -0.000196705
14.2 0.1004 -1.90078e-14 0.899552 2.19245e-14 -6.84999e-05 -0.000526338
14.3 0.0994012 -1.92053e-14 0.900552 2.17198e-14 -4.39348e-05 -0.00081585
14.4 0.0984118 -1.88659e-14 0.901541 2.1533e-14 5.97277e-05 -0.00105168
14.5 0.0974322 -1.87681e-14 0.90252 2.1361e-14 0.000226595 -0.00122008
14.6 0.0964625 -1.85716e-14 0.90349 2.11847e-14 0.000437175 -0.00131415
14.7 0.0955023 -1.83824e-14 0.90445 2.10151e-14 0.000671025 -0.00132924
14.8 0.0945518 -1.83435e-14 0.905401 2.0854e-14 0.000909075 -0.00126645
14.9 0.093611 -1.81733e-14 0.906341 2.06716e-14 0.00113167 -0.00113022
15 0.0926795 -1.79476e-14 0.907273 2.05065e-14 0.00132145 -0.000929075
15.1 0.0917574 -1.77541e-14 0.908195 2.0334e-14 0.0014636 -0.000675465
15.2 0.0908444 -1.7608e-14 0.909108 2.01503e-14 0.00154675 -0.000383949
15.3 0.0899405 -1.74569e-14 0.910012 1.9976e-14 0.00156332 -7.12625e-05
15.4 0.0890456 -1.74783e-14 0.910907 1.97629e-14 0.00150995 0.000244832
15.5 0.0881596 -1.78374e-14 0.911793 1.9473e-14 0.00138751 0.000546665
15.6 0.0872824 -1.79506e-14 0.91267 1.92664e-14 0.00120115 0.00081719
15.7 0.086414 -1.71144e-14 0.913538 1.92399e-14 0.000959712 0.00104163
15.8 0.0855541 -1.73454e-14 0.914398 1.90705e-14 0.000675346 0.00120758
15.9 0.084703 -1.72979e-14 0.915249 1.8893e-14 0.000362956 0.00130608
16 0.0838604 -1.6938e-14 0.916092 1.87524e-14 3.88992e-05 0.00133225
16.1 0.0830261 -1.6954e-14 0.916926 1.85511e-14 -0.000279981 0.00128511
16.2 0.0821999 -1.63919e-14 0.917752 1.84222e-14 -0.000576874 0.00116754
16.3 0.0813821 -1.64467e-14 0.91857 1.822e-14 -0.000836198 0.00098648
16.4 0.0805722 -1.7424e-14 0.919379 1.79052e-14 -0.00104445 0.000752316
16.5 0.0797704 -1.74378e-14 0.920181 1.78108e-14 -0.00119095 0.000478326
16.6 0.0789765 -1.81072e-14 0.920975 1.76223e-14 -0.00126844 0.000179907
16.7 0.0781907 -1.7667e-14 0.921761 1.7434e-14 -0.00127344 -0.000126292
16.8 0.0774127 -1.48539e-14 0.922539 1.76717e-14 -0.00120648 -0.000423298
16.9 0.0766424 -1.52993e-14 0.92331 1.73428e-14 -0.00107199 -0.000694756
17 0.0758798 -1.5251e-14 0.924072 1.71683e-14 -0.000878093 -0.000925835
17.1 0.0751248 -1.47398e-14 0.924827 1.72017e-14 -0.000636085 -0.00110404
17.2 0.0743773 -1.35758e-14 0.925575 1.71379e-14 -0.000359837 -0.00121987
17.3 0.0736372 -1.43905e-14 0.926315 1.69502e-14 -6.49903e-05 -0.00126735
17.4 0.0729045 -1.39685e-14 0.927047 1.68565e-14 0.000232044 -0.00124454
17.5 0.0721791 -1.38825e-14 0.927773 1.67575e-14 0.000514521 -0.00115277
17.6 0.0714609 -1.24529e-14 0.928491 1.67086e-14 0.000766919 -0.00099779
17.7 0.0707498 -1.3762e-14 0.929202 1.64825e-14 0.000975415 -0.000788612
17.8 0.0700459 -1.19242e-14 0.929906 1.65636e-14 0.00112872 -0.000537186
17.9 0.0693489 -1.25001e-14 0.930603 1.63678e-14 0.00121869 -0.000257718
18 0.0686589 -1.18642e-14 0.931293 1.62785e-14 0.00124073 3.41316e-05
18.1 0.0679757 -1.28629e-14 0.931976 1.60201e-14 0.00119407 0.000322123
18.2 0.0672993 -1.24116e-14 0.932653 1.59183e-14 0.00108173 0.000590427
18.3 0.0666297 -1.28246e-14 0.933322 1.58059e-14 0.000910331 0.000824223
18.4 0.0659667 -1.30543e-14 0.933985 1.55828e-14 0.000689762 0.00101081
18.5 0.0653103 -1.30912e-14 0.934642 1.54703e-14 0.000432553 0.00114018
18.6 0.0646605 -1.21609e-14 0.935291 1.53989e-14 0.000153179 0.00120557
18.7 0.0640171 -1.21195e-14 0.935935 1.52479e-14 -0.000132752 0.00120379
18.8 0.0633801 -1.14682e-14 0.936572 1.53226e-14 -0.000409377 0.0011354
18.9 0.0627495 -1.14205e-14 0.937202 1.51653e-14 -0.000661453 0.00100464
19 0.0621251 -1.09043e-14 0.937827 1.50757e-14 -0.0008752 0.000819156
19.1 0.061507 -1.15002e-14 0.938445 1.48877e-14 -0.00103905 0.000589599
19.2 0.060895 -1.14792e-14 0.939057 1.48313e-14 -0.00114427 0.000328969
19.3 0.060289 -1.09208e-14 0.939663 1.48467e-14 -0.00118545 5.19008e-05
19.4 0.0596892 -1.06404e-14 0.940263 1.4812e-14 -0.00116073 -0.00022616
19.5 0.0590952 -1.05203e-14 0.940857 1.46774e-14 -0.00107194 -0.000489818
19.6 0.0585072 -1.08411e-14 0.941445 1.44639e-14 -0.000924423 -0.000724577
19.7 0.0579251 -1.03317e-14 0.942027 1.44524e-14 -0.000726741 -0.000917642
19.8 0.0573487 -1.09118e-14 0.942603 1.41856e-14 -0.000490179 -0.00105861
19.9 0.0567781 -1.07916e-14 0.943174 1.41376e-14 -0.000228003 -0.00114006
20 0.0562131 -1.07358e-14 0.943739 1.40114e-14 4.49353e-05 -0.00115782
