0 0 0 1 0 0 0
0.1 1.71713e-07 2.37825e-24 1 -2.68834e-24 4.82693e-05 -0.000411324
0.2 7.90932e-07 2.35459e-24 0.999999 2.36648e-26 0.000195368 -0.000866513
0.3 2.03654e-06 4.82209e-21 0.999998 2.1999e-22 0.000449064 -0.00135149
0.4 4.11761e-06 8.787e-20 0.999996 -2.7342e-19 0.00081375 -0.00185211
0.5 7.27248e-06 4.04484e-19 0.999993 -3.01614e-19 0.00129054 -0.00235505
0.6 1.17675e-05 -1.33105e-18 0.999988 -5.03205e-19 0.00187756 -0.00284867
0.7 1.78958e-05 -1.06092e-18 0.999982 -4.90235e-19 0.00257046 -0.00332376
0.8 2.59776e-05 1.31026e-18 0.999974 -7.98228e-19 0.00336305 -0.00377422
0.9 3.63629e-05 2.52235e-19 0.999963 -1.62877e-18 0.00424807 -0.00419747
1 4.9438e-05 -2.95489e-19 0.99995 -8.83693e-19 0.00521807 -0.00459478
1.1 6.56391e-05 3.22384e-18 0.999933 -6.55984e-18 0.00626626 -0.00497131
1.2 8.54728e-05 7.14448e-18 0.999913 -1.23571e-17 0.00738745 -0.00533598
1.3 0.000109548 9.88909e-18 0.999889 -9.29032e-18 0.00857881 -0.00570117
1.4 0.000138617 1.13286e-17 0.999859 -1.26052e-17 0.00984063 -0.00608216
1.5 0.000173637 1.42176e-17 0.999824 -1.83273e-17 0.0111769 -0.00649649
1.6 0.000215837 1.22447e-17 0.999781 -2.3414e-17 0.0125957 -0.00696317
1.7 0.000266809 3.05563e-18 0.99973 -2.69573e-17 0.0141095 -0.00750152
1.8 0.0003286 -5.31122e-18 0.999668 -2.13494e-17 0.0157349 -0.00813067
1.9 0.000403831 -2.43254e-17 0.999593 -2.799e-17 0.0174925 -0.00886863
2 0.000496292 -3.13592e-17 0.9995 -3.35058e-17 0.0194067 -0.00973135
2.1 0.000610151 -8.16859e-17 0.999386 -3.37978e-17 0.0215047 -0.0107321
2.2 0.000750916 -8.92206e-17 0.999245 -3.50272e-17 0.0238163 -0.0118805
2.3 0.000924899 -3.46998e-17 0.999071 -4.23462e-17 0.0263725 -0.0131823
2.4 0.00113956 6.01879e-17 0.998856 -2.11128e-18 0.0292049 -0.0146393
2.5 0.00140411 7.68703e-17 0.998592 -6.7143e-17 0.0323444 -0.0162485
2.6 0.00172835 6.16738e-17 0.998267 -1.17354e-16 0.0358205 -0.0180028
2.7 0.00212392 1.53088e-16 0.997872 -9.35756e-17 0.0396599 -0.0198912
2.8 0.00260372 -8.42081e-18 0.997392 -2.64945e-16 0.043886 -0.0218987
2.9 0.0031819 -7.34588e-17 0.996814 -2.63639e-16 0.048518 -0.024007
3 0.00387414 -2.46079e-16 0.996121 -2.76459e-16 0.0535699 -0.0261952
3.1 0.00469709 -1.07342e-16 0.995297 -3.67584e-16 0.0590534 -0.0284426
3.2 0.00566781 1.42605e-16 0.994324 -6.80176e-16 0.0649675 -0.0307193
3.3 0.00680383 2.94337e-16 0.993187 -5.65627e-16 0.0713075 -0.0330022
3.4 0.00812315 1.59586e-16 0.991867 -3.25916e-16 0.0780648 -0.0352661
3.5 0.00964346 4.27263e-16 0.990346 -2.29561e-16 0.0852233 -0.0374857
3.6 0.011382 2.86519e-16 0.988606 -7.52392e-16 0.0927614 -0.039637
3.7 0.0133558 4.94848e-16 0.986632 -8.55458e-16 0.100652 -0.0416971
3.8 0.0155788 1.11734e-16 0.984408 -6.06506e-16 0.108861 -0.0436448
3.9 0.018065 1.12926e-16 0.981922 -9.35485e-16 0.117348 -0.0454589
4 0.0208255 2.39807e-16 0.979164 -5.68088e-16 0.126074 -0.0471219
4.1 0.0238673 5.45363e-16 0.976125 -1.11545e-15 0.134991 -0.048617
4.2 0.0271917 6.79911e-18 0.972799 -1.8036e-15 0.14405 -0.0499296
4.3 0.0308094 3.59004e-16 0.96918 -1.01867e-15 0.153198 -0.0510445
4.4 0.0347165 1.73573e-15 0.965273 -3.6085e-15 0.16238 -0.0519505
4.5 0.0389026 1.4543e-15 0.961085 -3.55171e-15 0.171538 -0.052638
4.6 0.0433591 1.34639e-15 0.956627 -4.26889e-15 0.180613 -0.0531001
4.7 0.0480737 2.42968e-15 0.951911 -6.54363e-15 0.189544 -0.0533325
4.8 0.0530221 1.47065e-15 0.946961 -6.00212e-15 0.198275 -0.0533341
4.9 0.0581798 -8.43826e-17 0.941802 -5.33273e-15 0.206744 -0.0531095
5 0.0635192 -7.19845e-16 0.93646 -4.78174e-15 0.214905 -0.0526644
5.1 0.0690082 -7.93889e-17 0.93097 -4.63774e-15 0.222696 -0.0520056
5.2 0.0746138 -9.34543e-16 0.925365 -5.41755e-15 0.23007 -0.0511489
5.3 0.0802952 -5.19351e-16 0.919684 -7.18528e-15 0.236973 -0.0501134
5.4 0.0860154 -6.50773e-16 0.913965 -5.90504e-15 0.24337 -0.0489272
5.5 0.0917388 -1.78573e-15 0.90824 -1.04422e-14 0.249248 -0.0476131
5.6 0.0974311 -9.75631e-16 0.902547 -7.84434e-15 0.25458 -0.046194
5.7 0.103062 9.92141e-15 0.896916 -2.30805e-14 0.259352 -0.0447014
5.8 0.108595 3.79476e-14 0.891383 -4.77905e-14 0.263562 -0.0431735
5.9 0.113994 1.87277e-14 0.885984 -2.87633e-14 0.267214 -0.0416375
6 0.119242 1.8253e-14 0.880734 -3.51323e-14 0.270331 -0.0401164
6.1 0.12433 1.85406e-14 0.875646 -3.51977e-14 0.272939 -0.0386343
6.2 0.129246 1.78862e-14 0.87073 -2.89367e-14 0.275051 -0.0371961
6.3 0.133974 1.18556e-15 0.866 -1.37214e-14 0.2767 -0.0358103
6.4 0.138494 -1.16166e-14 0.861478 -8.69431e-15 0.277917 -0.0344789
6.5 0.142806 -1.42782e-14 0.857163 -1.88652e-15 0.278735 -0.0331918
6.6 0.146899 -1.20813e-14 0.853068 -8.75768e-15 0.279189 -0.0319288
6.7 0.150754 -1.37718e-14 0.84921 -1.04559e-14 0.279308 -0.0306774
6.8 0.154373 -1.70622e-14 0.845589 -6.03661e-15 0.279115 -0.0293997
6.9 0.157729 -1.03343e-14 0.84223 -1.79107e-14 0.278611 -0.0280813
7 0.160801 -2.07291e-14 0.839154 -1.643e-14 0.277798 -0.0266971
7.1 0.163566 -1.05006e-14 0.836387 -2.76454e-14 0.276676 -0.0252149
7.2 0.166015 -3.38347e-15 0.833935 -3.13018e-14 0.275246 -0.0236369
7.3 0.168123 4.53153e-15 0.831822 -1.753e-14 0.273504 -0.0219657
7.4 0.169879 6.51661e-15 0.830063 -1.5535e-14 0.271432 -0.0201974
7.5 0.17126 1.21904e-14 0.828678 -2.0282e-15 0.269017 -0.0183438
7.6 0.172255 1.39799e-14 0.827677 -1.42428e-15 0.266242 -0.0164281
7.7 0.17285 1.11583e-14 0.827079 -3.22138e-15 0.263122 -0.0145065
7.8 0.173073 -1.46623e-15 0.826853 7.8437e-15 0.259625 -0.0125809
7.9 0.172924 8.17578e-15 0.826998 -4.22049e-16 0.255781 -0.0106847
8 0.172409 6.21078e-15 0.827511 -7.50821e-15 0.251565 -0.00886854
8.1 0.171581 -3.02888e-14 0.828337 2.64965e-14 0.247029 -0.00711639
8.2 0.170492 -5.1646e-14 0.829429 1.18342e-13 0.24215 -0.00545163
8.3 0.169154 1.06207e-13 0.830766 -8.60631e-14 0.236964 -0.00388953
8.4 0.167584 -2.61048e-14 0.832335 -1.36137e-14 0.231533 -0.00242861
8.5 0.165818 -3.07262e-14 0.834099 4.95179e-14 0.225867 -0.00106409
8.6 0.163889 1.12616e-13 0.836027 -8.65195e-14 0.219971 0.000191649
8.7 0.161835 2.13672e-14 0.838079 -1.38822e-14 0.213857 0.001347
8.8 0.15968 6.27475e-14 0.840234 -3.81345e-14 0.207538 0.00241473
8.9 0.15745 -1.99722e-15 0.842461 1.38978e-14 0.201032 0.00340037
9 0.15517 -1.81087e-14 0.844739 2.48409e-14 0.194354 0.00430685
9.1 0.15285 4.4131e-14 0.847057 -5.25513e-14 0.18752 0.00516002
9.2 0.150501 1.09729e-13 0.849402 -1.06121e-13 0.180526 0.00595995
9.3 0.148133 1.37053e-13 0.851769 -1.37493e-13 0.173358 0.00668706
9.4 0.145768 1.61744e-13 0.854132 -1.54492e-13 0.166071 0.00732887
9.5 0.143414 3.80787e-15 0.856484 4.35523e-15 0.15869 0.00789381
9.6 0.141085 5.49208e-15 0.858811 1.99905e-14 0.151216 0.00837522
9.7 0.138799 1.69065e-14 0.861092 3.86557e-14 0.143676 0.00875837
9.8 0.136569 3.91397e-14 0.863321 1.16773e-14 0.13609 0.00903505
9.9 0.134394 3.41565e-14 0.865494 6.88154e-15 0.128486 0.00919139
10 0.132297 -3.99761e-14 0.86759 6.64895e-14 0.120893 0.00920634
10.1 0.130284 -5.11485e-14 0.869604 8.21444e-14 0.113352 0.00907196
10.2 0.128342 -1.85209e-13 0.871546 2.10842e-13 0.105918 0.00877763
10.3 0.126495 -3.0373e-13 0.873392 3.08642e-13 0.0986054 0.00832395
10.4 0.124727 -4.05417e-13 0.875161 3.80953e-13 0.0914898 0.00771484
10.5 0.123046 -5.44335e-13 0.876842 5.44847e-13 0.0845996 0.00695063
10.6 0.121448 -2.4834e-13 0.87844 3.22932e-13 0.0779772 0.00604351
10.7 0.119939 -7.98243e-13 0.87995 8.54781e-13 0.0716688 0.00502326
10.8 0.118511 3.95436e-13 0.881377 -2.98586e-13 0.0656911 0.00391198
10.9 0.117155 1.06463e-12 0.882733 -8.87895e-13 0.0600652 0.00272421
11 0.11587 1.80894e-12 0.884017 -1.66886e-12 0.0548195 0.00148747
11.1 0.114652 1.804e-12 0.885235 -1.557e-12 0.0499533 0.000229304
11.2 0.11349 2.02693e-12 0.886397 -1.88189e-12 0.0454842 -0.00100467
11.3 0.112374 1.83602e-12 0.887512 -1.768e-12 0.0414002 -0.00219695
11.4 0.111295 1.00437e-12 0.88859 -9.45253e-13 0.0376861 -0.00331139
11.5 0.110247 1.45593e-12 0.889638 -1.20648e-12 0.0343322 -0.00432975
11.6 0.109224 1.5094e-12 0.89066 -8.07704e-13 0.0313186 -0.00522434
11.7 0.108216 1.52391e-12 0.891668 -6.9769e-13 0.0286116 -0.00597719
11.8 0.10722 5.82358e-13 0.892665 9.39029e-13 0.0261895 -0.00657033
11.9 0.106235 2.96946e-13 0.893651 1.37197e-12 0.0240079 -0.00700178
12 0.105258 5.42099e-13 0.894627 6.59485e-13 0.0220391 -0.00726868
12.1 0.104283 1.42145e-12 0.895602 -1.62401e-13 0.0202411 -0.00737193
12.2 0.103308 1.27183e-12 0.896576 -1.15029e-12 0.0185796 -0.00730786
12.3 0.102336 8.15694e-14 0.897549 -1.2059e-12 0.0170206 -0.0070969
12.4 0.101364 1.05051e-13 0.898521 -2.15087e-13 0.0155299 -0.00676509
12.5 0.100396 1.38337e-09 0.89949 -8.92479e-09 0.0140872 -0.0063426
12.6 0.0994311 -4.41618e-09 0.900455 -2.42298e-08 0.012678 -0.00585457
12.7 0.0984702 1.00137e-07 0.901416 -1.0395e-07 0.0112879 -0.00533013
12.8 0.0975142 4.23028e-07 0.902372 -3.40969e-07 0.00991464 -0.00479139
12.9 0.096559 2.17772e-07 0.903327 -2.6725e-07 0.00855915 -0.00426909
13 0.0956096 3.1199e-07 0.904278 -2.88524e-07 0.00722212 -0.00378435
13.1 0.0946658 2.67465e-07 0.905222 -2.561e-07 0.00591689 -0.00335729
13.2 0.0937298 3.52783e-07 0.906158 -3.23938e-07 0.00465829 -0.00300459
13.3 0.0928017 5.61875e-07 0.907086 -4.93389e-07 0.00346335 -0.00273383
13.4 0.0918816 1.18818e-06 0.908007 -1.07732e-06 0.00234873 -0.00254837
13.5 0.090972 9.46668e-07 0.908917 -7.70043e-07 0.00133049 -0.00244572
13.6 0.0900728 1.36136e-06 0.909816 -1.11327e-06 0.000429775 -0.00241353
13.7 0.0891833 1.22083e-06 0.910705 -1.00831e-06 -0.00034817 -0.00244335
13.8 0.0883009 8.84291e-07 0.911586 -6.68616e-07 -0.00100298 -0.00252118
13.9 0.0874242 1.17294e-06 0.912463 -7.6522e-07 -0.00151462 -0.00263564
14 0.0865567 1.22845e-06 0.91333 -8.7904e-07 -0.00188398 -0.00275938
14.1 0.085698 1.18708e-06 0.914188 -8.2057e-07 -0.00211421 -0.00287203
14.2 0.0848471 1.16911e-06 0.915039 -8.21364e-07 -0.00221498 -0.00295117
14.3 0.0840052 1.01985e-06 0.915881 -6.93303e-07 -0.002205 -0.00297667
14.4 0.0831712 8.80244e-07 0.916714 -5.75529e-07 -0.00209558 -0.00293946
14.5 0.0823459 9.09728e-07 0.917539 -6.07256e-07 -0.00190898 -0.00282137
14.6 0.0815283 7.86708e-07 0.918357 -4.92974e-07 -0.00166151 -0.00261734
14.7 0.0807159 5.4114e-07 0.919165 -3.64782e-07 -0.00138302 -0.00232108
14.8 0.0799125 4.48081e-07 0.919965 -1.71277e-07 -0.00109855 -0.00193561
14.9 0.07912 5.34984e-08 0.920759 9.36856e-08 -0.000832486 -0.00146647
15 0.0783337 1.27285e-08 0.921548 2.17462e-07 -0.000606231 -0.000930134
15.1 0.0775537 -3.51758e-08 0.922329 2.7733e-07 -0.000438305 -0.000343204
15.2 0.0767806 -8.05891e-08 0.923102 3.233e-07 -0.000341864 0.000274871
15.3 0.0760123 -1.85716e-07 0.923863 2.02028e-07 -0.000324807 0.00090206
15.4 0.0752533 -7.6635e-08 0.924621 2.02625e-07 -0.000390239 0.00151731
15.5 0.0745021 -1.85434e-07 0.925373 3.4252e-07 -0.000532997 0.00209598
15.6 0.0737584 -7.18527e-09 0.926116 2.10085e-07 -0.000745627 0.0026198
15.7 0.0730231 3.10698e-08 0.926852 1.90726e-07 -0.00101581 0.00307197
15.8 0.0722937 -3.00588e-08 0.927581 1.6216e-07 -0.00133632 0.00343729
15.9 0.071572 1.35068e-07 0.928303 3.4228e-08 -0.0016846 0.00370446
16 0.070859 2.90836e-07 0.929018 8.5737e-08 -0.0020401 0.00386674
16.1 0.0701525 4.38199e-07 0.929724 -1.37754e-07 -0.00238468 0.00392265
16.2 0.0694544 4.75498e-07 0.930425 -1.81999e-07 -0.00269258 0.00388015
16.3 0.0687636 5.85763e-07 0.931116 -2.82848e-07 -0.00295131 0.00373967
16.4 0.0680804 7.92277e-07 0.931799 -4.05117e-07 -0.00314141 0.00351914
16.5 0.0674054 8.7464e-07 0.932474 -4.82039e-07 -0.00324932 0.0032369
16.6 0.0667373 5.6487e-07 0.933142 -3.25751e-07 -0.00326634 0.00291066
16.7 0.0660768 8.12349e-07 0.933803 -6.09203e-07 -0.00318733 0.00256424
16.8 0.0654229 6.06905e-07 0.934458 -2.69884e-07 -0.00301595 0.00221897
16.9 0.064775 8.36976e-07 0.935107 -3.91654e-07 -0.00275895 0.00189196
17 0.0641328 8.38626e-07 0.935749 -4.34389e-07 -0.00242741 0.0016029
17.1 0.0634966 6.07913e-07 0.936386 -3.37281e-07 -0.00203339 0.00136411
17.2 0.0628658 4.78561e-07 0.937016 -3.12268e-07 -0.00159042 0.00119085
17.3 0.0622403 7.44834e-07 0.937641 -4.52106e-07 -0.00111853 0.00109107
17.4 0.061621 6.29654e-07 0.93826 -4.50141e-07 -0.000639031 0.00107119
17.5 0.0610067 5.98741e-07 0.938874 -3.95927e-07 -0.000174272 0.00112992
17.6 0.060398 7.31789e-07 0.939482 -3.76379e-08 0.000256898 0.00126103
17.7 0.0597953 4.71299e-07 0.940085 -3.2899e-07 0.000636162 0.00145189
17.8 0.0591982 3.89427e-07 0.940681 -2.20276e-07 0.00094998 0.00169152
17.9 0.0586082 5.45769e-07 0.941272 -3.44631e-07 0.00118848 0.00196232
18 0.0580235 3.88206e-07 0.941856 -1.85685e-07 0.00134373 0.00224619
18.1 0.057445 3.61636e-07 0.942435 -1.55032e-07 0.00141498 0.00252549
18.2 0.0568725 3.54052e-07 0.943007 -1.53648e-07 0.00140304 0.00278126
18.3 0.0563058 3.81756e-07 0.943573 -2.50205e-07 0.00131483 0.00299787
18.4 0.0557454 5.41563e-07 0.944133 -2.84398e-07 0.00115856 0.00315782
18.5 0.0551909 4.66792e-07 0.944688 -2.13905e-07 0.000948383 0.0032498
18.6 0.0546431 5.87198e-07 0.945236 -3.22424e-07 0.000703859 0.00326279
18.7 0.054101 5.60482e-07 0.94578 -1.87784e-07 0.000438568 0.00319249
18.8 0.0535653 7.41842e-07 0.946318 -5.24903e-07 0.000173525 0.00303886
18.9 0.0530354 8.27614e-07 0.94685 -5.42447e-07 -7.87954e-05 0.00280423
19 0.0525104 8.53196e-07 0.947376 -5.85867e-07 -0.000294501 0.00249231
19.1 0.0519903 9.33497e-07 0.947898 -7.51751e-07 -0.00045866 0.00211919
19.2 0.0514746 9.29587e-07 0.948415 -7.93187e-07 -0.000557091 0.00169933
19.3 0.0509637 9.1837e-07 0.948925 -7.40313e-07 -0.000582965 0.0012512
19.4 0.0504563 7.0471e-07 0.949432 -4.62923e-07 -0.000531281 0.000792341
19.5 0.0499495 5.0066e-07 0.949936 -2.40578e-08 -0.000404532 0.000348217
19.6 0.0494512 5.66927e-07 0.950435 2.23176e-08 -0.000210772 -7.05233e-05
19.7 0.0489584 5.88843e-07 0.950928 -6.23484e-08 4.34653e-05 -0.000444935
19.8 0.0484706 5.43771e-07 0.951417 1.78132e-08 0.000343677 -0.000761596
19.9 0.0479879 6.01761e-07 0.9519 -3.05744e-08 0.000678733 -0.0010131
20 0.0475101 6.0283e-07 0.952378 -1.48764e-07 0.00103453 -0.0011878
