0 0 0 1 0 0 0
0.1 1.71713e-07 2.37825e-24 1 -2.68834e-24 4.82645e-05 -0.000411198
0.2 7.90812e-07 1.17131e-23 0.999999 2.36648e-26 0.000195269 -0.000865875
0.3 2.03573e-06 1.2353e-21 0.999998 4.77854e-22 0.000448583 -0.00134971
0.4 4.11454e-06 1.59575e-19 0.999996 3.38347e-20 0.000812286 -0.00184836
0.5 7.2639e-06 4.7442e-19 0.999993 1.12002e-19 0.00128708 -0.00234837
0.6 1.17475e-05 5.27592e-19 0.999988 3.84233e-19 0.00187063 -0.0028381
0.7 1.78547e-05 2.09575e-19 0.999982 8.86492e-19 0.00255805 -0.00330849
0.8 2.59012e-05 3.11948e-18 0.999974 4.83215e-20 0.00334263 -0.00375369
0.9 3.62312e-05 4.98258e-18 0.999963 -7.62315e-19 0.00421663 -0.00417155
1 4.92253e-05 6.42437e-18 0.99995 -9.1863e-21 0.0051722 -0.00456388
1.1 6.53141e-05 4.82171e-18 0.999934 -4.35762e-19 0.00620227 -0.00493651
1.2 8.50007e-05 6.66154e-18 0.999914 -5.50008e-19 0.00730149 -0.00529909
1.3 0.000108894 3.85729e-18 0.999889 -2.57151e-18 0.00846708 -0.00566476
1.4 0.000137751 3.46533e-18 0.99986 1.27344e-18 0.0096995 -0.00604953
1.5 0.000172543 6.75112e-18 0.999825 6.00879e-18 0.0110031 -0.00647164
1.6 0.000214523 1.24339e-17 0.999783 1.03712e-17 0.0123864 -0.00695066
1.7 0.000265321 1.71556e-17 0.999732 4.9356e-18 0.0138626 -0.0075063
1.8 0.000327037 1.97544e-17 0.99967 1.72175e-17 0.0154489 -0.00815796
1.9 0.000403149 2.43225e-17 0.999594 6.79152e-18 0.0171666 -0.00892358
2 0.000496813 -3.64841e-18 0.9995 3.06923e-17 0.0190407 -0.00981903
2.1 0.00061251 -6.52806e-17 0.999384 6.02668e-17 0.0210991 -0.0108571
2.2 0.000755619 -3.93087e-17 0.999241 2.49571e-17 0.0233718 -0.0120469
2.3 0.000933122 -6.34451e-17 0.999063 -2.65474e-17 0.0258901 -0.0133935
2.4 0.00115231 -5.16424e-18 0.998844 -7.81025e-17 0.0286855 -0.0148976
2.5 0.00142214 3.02215e-17 0.998574 -1.16507e-16 0.0317886 -0.0165558
2.6 0.00175326 2.04682e-18 0.998243 -1.88771e-16 0.0352281 -0.0183599
2.7 0.00215776 1.72897e-18 0.997838 -1.60674e-16 0.0390301 -0.0202983
2.8 0.00264854 -1.01298e-16 0.997347 -2.14623e-16 0.0432167 -0.0223554
2.9 0.00324007 1.48428e-16 0.996756 -2.42944e-16 0.0478058 -0.0245128
3 0.0039482 -2.18469e-17 0.996047 -2.25652e-16 0.0528118 -0.0267492
3.1 0.0047897 -1.59228e-16 0.995204 -2.74591e-16 0.0582408 -0.0290421
3.2 0.00578214 -2.82064e-16 0.99421 -4.9543e-16 0.0640907 -0.0313669
3.3 0.00694432 -3.28903e-16 0.993047 -3.87621e-16 0.0703579 -0.0336997
3.4 0.0082943 -2.44753e-16 0.991697 -5.59756e-16 0.0770319 -0.0360168
3.5 0.00985063 2.69829e-16 0.990141 -4.60642e-16 0.0840959 -0.0382946
3.6 0.0116309 3.87712e-16 0.98836 -7.26274e-17 0.0915265 -0.0405109
3.7 0.0136524 3.45768e-16 0.986339 3.05508e-17 0.0992958 -0.0426443
3.8 0.0159311 8.03868e-16 0.984059 -2.49469e-16 0.107372 -0.0446766
3.9 0.0184818 6.18595e-16 0.981507 -2.92958e-16 0.115718 -0.0465879
4 0.0213177 1.25733e-15 0.978671 -6.11386e-16 0.124293 -0.0483611
4.1 0.0244474 1.50699e-15 0.975541 -1.86369e-15 0.133052 -0.0499798
4.2 0.0278811 3.0736e-15 0.972106 -2.36589e-15 0.141947 -0.0514292
4.3 0.0316223 2.85053e-15 0.968365 -2.26582e-15 0.150927 -0.0526955
4.4 0.0356717 2.5173e-15 0.964315 -3.02893e-15 0.159938 -0.053766
4.5 0.0400247 2.34698e-15 0.959961 -3.38303e-15 0.168926 -0.0546295
4.6 0.0446716 3.12676e-15 0.955314 -2.35259e-15 0.17783 -0.0552766
4.7 0.0496001 2.82155e-15 0.950384 -2.02156e-15 0.186598 -0.0557007
4.8 0.0547927 9.49627e-16 0.945191 3.23593e-16 0.195166 -0.0558954
4.9 0.060225 -7.15344e-16 0.93976 2.7368e-15 0.20348 -0.0558569
5 0.0658717 -3.63371e-15 0.934114 5.16817e-15 0.211483 -0.055589
5.1 0.0717006 -7.84469e-15 0.928286 8.20989e-15 0.219121 -0.0550928
5.2 0.0776738 -9.15761e-15 0.922313 1.23365e-14 0.226344 -0.0543787
5.3 0.0837539 -1.06584e-14 0.916233 1.42473e-14 0.233105 -0.0534624
5.4 0.0898999 -1.18071e-14 0.910087 1.75014e-14 0.239363 -0.0523611
5.5 0.0960659 -1.22913e-14 0.90392 1.5759e-14 0.245086 -0.0510939
5.6 0.102223 -1.52836e-14 0.897763 1.74304e-14 0.250248 -0.0496956
5.7 0.108316 -1.7059e-14 0.891671 1.72824e-14 0.254822 -0.0481715
5.8 0.114313 -1.68975e-14 0.885672 1.91187e-14 0.258821 -0.0465829
5.9 0.120187 -1.1796e-14 0.879798 1.87066e-14 0.262236 -0.0449465
6 0.125901 -1.01487e-14 0.874084 1.80221e-14 0.265074 -0.0432949
6.1 0.131432 -1.31802e-14 0.868552 2.51933e-14 0.267362 -0.0416557
6.2 0.136766 -1.01098e-14 0.863217 2.44283e-14 0.269124 -0.0400483
6.3 0.141886 -3.76085e-15 0.858096 1.79269e-14 0.270386 -0.0384791
6.4 0.146778 3.92131e-15 0.853203 1.68333e-14 0.27118 -0.0369631
6.5 0.151433 1.18836e-14 0.848546 2.69676e-15 0.271548 -0.0354927
6.6 0.15584 2.39352e-14 0.844138 -5.79588e-15 0.271524 -0.0340691
6.7 0.159992 3.02189e-14 0.839983 -2.26293e-14 0.271131 -0.0326781
6.8 0.163884 3.05345e-14 0.83609 -2.00571e-14 0.270396 -0.0312992
6.9 0.167506 3.59505e-14 0.832466 -2.30288e-14 0.269331 -0.0299183
7 0.170836 3.40338e-14 0.829133 -3.19416e-14 0.267945 -0.0285144
7.1 0.173858 4.63523e-14 0.826109 -3.74261e-14 0.266245 -0.0270832
7.2 0.176573 3.88126e-14 0.823394 -3.01135e-14 0.264235 -0.0256117
7.3 0.178958 5.08424e-14 0.821009 -3.48308e-14 0.261921 -0.0240919
7.4 0.181005 4.20725e-14 0.81896 -9.54261e-14 0.25929 -0.0225167
7.5 0.182711 -2.70765e-14 0.817254 2.35632e-15 0.256337 -0.0208983
7.6 0.184065 -2.69285e-14 0.8159 2.39838e-15 0.253052 -0.0192427
7.7 0.185076 -4.37905e-14 0.814889 -1.32765e-14 0.249421 -0.0175792
7.8 0.185748 -1.52113e-14 0.814217 -4.54217e-15 0.245454 -0.0159139
7.9 0.186081 -7.77873e-14 0.813884 5.19381e-14 0.241154 -0.0142807
8 0.1861 1.68895e-14 0.813865 -2.42314e-14 0.236551 -0.0126948
8.1 0.185822 9.64225e-14 0.814144 -7.87756e-14 0.231639 -0.0111686
8.2 0.185279 2.14945e-13 0.814687 -1.74263e-13 0.226433 -0.00972339
8.3 0.184504 2.09723e-13 0.815461 -2.28395e-13 0.220953 -0.00836087
8.4 0.183513 2.58331e-13 0.816452 -3.4014e-13 0.21522 -0.00709942
8.5 0.182334 3.87404e-13 0.817631 -4.5036e-13 0.209251 -0.00594598
8.6 0.180996 5.54345e-13 0.818967 -7.36495e-13 0.203071 -0.00489072
8.7 0.179519 4.30546e-13 0.820443 -5.50571e-13 0.196721 -0.00392919
8.8 0.177928 4.51348e-13 0.82203 -5.58501e-13 0.190221 -0.00304451
8.9 0.176241 3.86745e-13 0.823714 -5.39519e-13 0.183586 -0.0022163
9 0.174486 9.34741e-14 0.825468 -1.68357e-13 0.176836 -0.00145573
9.1 0.172667 7.33419e-13 0.827286 -5.31179e-13 0.169988 -0.000742555
9.2 0.170799 1.05098e-12 0.829154 -8.78602e-13 0.163063 -6.55268e-05
9.3 0.168897 3.6269e-13 0.831055 -2.58711e-13 0.156081 0.000583653
9.4 0.166969 6.8345e-13 0.832984 -5.54543e-13 0.14905 0.00121824
9.5 0.165023 6.19731e-13 0.834929 -5.84343e-13 0.141981 0.00182077
9.6 0.163071 8.3337e-13 0.83688 -7.79732e-13 0.1349 0.00239139
9.7 0.161114 6.89901e-13 0.838837 -6.40289e-13 0.127825 0.00292499
9.8 0.159165 4.43506e-13 0.840785 -3.4797e-13 0.12078 0.00341705
9.9 0.157229 -7.8264e-14 0.842721 1.58415e-13 0.113779 0.0038589
10 0.155311 -2.06273e-13 0.844638 2.69731e-13 0.106845 0.00424036
10.1 0.153421 1.56797e-13 0.846529 -1.04678e-13 0.10002 0.00455684
10.2 0.151557 -2.74772e-13 0.848393 3.91798e-13 0.0933378 0.00479415
10.3 0.149724 -3.30171e-13 0.850227 4.41477e-13 0.0868019 0.00494358
10.4 0.14793 -2.09956e-13 0.852021 3.03128e-13 0.0804503 0.00500273
10.5 0.146179 -1.28493e-13 0.853773 1.53957e-13 0.0743174 0.00497649
10.6 0.144466 -2.08942e-13 0.855486 2.62391e-13 0.0684319 0.00485795
10.7 0.142801 -7.11332e-13 0.857152 8.30506e-13 0.0628203 0.00465813
10.8 0.141183 2.1398e-13 0.858771 3.27489e-13 0.0575024 0.0043873
10.9 0.139607 -9.54615e-13 0.860348 1.31662e-12 0.0524932 0.00404767
11 0.138079 -1.08006e-12 0.861877 1.27026e-12 0.0478128 0.00365528
11.1 0.136589 -8.93077e-13 0.863367 8.66965e-13 0.0434742 0.00322961
11.2 0.135137 -6.19478e-13 0.86482 5.81912e-13 0.0394802 0.00278666
11.3 0.13372 -5.8681e-13 0.866237 5.27941e-13 0.0358326 0.00234904
11.4 0.132334 -7.22772e-13 0.867623 6.09427e-13 0.0325253 0.00193999
11.5 0.130976 -6.50347e-13 0.868981 4.68794e-13 0.029542 0.00157855
11.6 0.129644 -5.30856e-13 0.870313 3.42769e-13 0.0268651 0.00128233
11.7 0.128332 -4.17665e-13 0.871625 2.31004e-13 0.0244691 0.00106601
11.8 0.127038 -3.06383e-13 0.872918 1.01222e-13 0.0223275 0.000929327
11.9 0.125758 -1.45754e-13 0.874196 -3.28704e-14 0.0204095 0.000881819
12 0.124493 -7.1244e-14 0.875461 -8.66106e-14 0.018688 0.000922027
12.1 0.123242 1.6051e-14 0.876712 -1.44852e-13 0.0171354 0.00104474
12.2 0.122006 1.41078e-13 0.87795 -2.3381e-13 0.0157148 0.00125348
12.3 0.120782 2.86753e-13 0.879175 -3.40059e-13 0.0144052 0.00152304
12.4 0.119569 3.28361e-13 0.880387 -3.95168e-13 0.0131781 0.00184045
12.5 0.118368 4.49154e-13 0.881587 -4.4173e-13 0.0120138 0.00219085
12.6 0.117179 3.40612e-13 0.882776 -3.80502e-13 0.0108974 0.00255172
12.7 0.116001 2.95005e-13 0.883953 -3.73355e-13 0.00981801 0.00290057
12.8 0.114836 2.3573e-13 0.885119 -5.04203e-13 0.00877047 0.00321633
12.9 0.113683 1.2755e-13 0.886271 -3.72978e-13 0.00775286 0.00348629
13 0.112541 2.7445e-13 0.887413 -6.25178e-13 0.00676711 0.00369393
13.1 0.111414 1.28636e-13 0.88854 -5.26977e-13 0.00581949 0.00382118
13.2 0.110296 -1.18707e-14 0.889658 -2.79647e-13 0.00491506 0.00386755
13.3 0.10919 -1.27981e-13 0.890765 -1.20683e-13 0.00406917 0.00382151
13.4 0.108096 -1.1349e-13 0.891859 -1.5327e-13 0.00329123 0.00369029
13.5 0.107016 -3.2164e-14 0.892938 -1.97035e-13 0.00259362 0.0034763
13.6 0.10595 -4.58765e-14 0.894005 -2.13596e-13 0.0019835 0.00318729
13.7 0.104893 -3.0515e-14 0.895062 -2.4656e-13 0.00146742 0.00283501
13.8 0.103848 2.97508e-14 0.896107 -2.87823e-13 0.00105025 0.00243424
13.9 0.102813 1.39901e-13 0.897141 -2.8628e-13 0.000734234 0.00199856
14 0.101793 1.20903e-13 0.898164 -3.49078e-13 0.000518067 0.0015456
14.1 0.10078 5.19017e-14 0.899177 -2.98013e-13 0.000400373 0.00109655
14.2 0.099778 1.55201e-13 0.90018 -3.65698e-13 0.000372545 0.000664486
14.3 0.0987865 1.35396e-13 0.901172 -3.87415e-13 0.000422901 0.000269659
14.4 0.0978049 1.04108e-13 0.902155 -3.73731e-13 0.000538316 -7.71044e-05
14.5 0.0968329 6.93748e-14 0.903127 -2.35746e-13 0.000702103 -0.000365848
14.6 0.0958701 3.24428e-15 0.904091 -2.39491e-13 0.000897178 -0.000585676
14.7 0.0949177 -1.28416e-13 0.905044 -8.29465e-14 0.00110578 -0.000736512
14.8 0.0939751 -1.95127e-13 0.905987 1.09642e-13 0.0013106 -0.000817328
14.9 0.0930406 3.7266e-14 0.906922 1.52044e-13 0.00149639 -0.000832134
15 0.0921171 4.19045e-14 0.907846 -2.7662e-14 0.00164694 -0.00078474
15.1 0.0912023 -1.07033e-13 0.90876 -6.40801e-14 0.00174688 -0.000689427
15.2 0.0902973 -9.78877e-14 0.909666 -8.3205e-14 0.00179029 -0.000557915
15.3 0.0894006 -1.11464e-13 0.910563 -5.09826e-14 0.0017701 -0.000402937
15.4 0.0885127 -9.74935e-14 0.91145 -4.4864e-14 0.00168462 -0.000241034
15.5 0.0876338 -1.00048e-13 0.91233 -1.01578e-13 0.00153603 -8.661e-05
15.6 0.0867631 1.08331e-14 0.9132 -8.62179e-14 0.00133201 4.45538e-05
15.7 0.0859014 -2.74903e-14 0.914061 -3.88979e-14 0.00108196 0.000141024
15.8 0.0850487 -3.25688e-14 0.914913 -3.46466e-14 0.000799722 0.000193905
15.9 0.0842038 1.09285e-13 0.915758 -2.88773e-13 0.000497886 0.000199886
16 0.0833672 -1.6003e-13 0.916594 2.23227e-13 0.000192052 0.000155007
16.1 0.0825392 5.18854e-15 0.917423 1.39083e-14 -0.000103877 5.86895e-05
16.2 0.0817185 4.42105e-14 0.918243 5.45253e-14 -0.000374195 -8.24125e-05
16.3 0.0809057 4.61999e-14 0.919055 7.47601e-14 -0.000608057 -0.000260578
16.4 0.0801014 1.44191e-13 0.919859 -1.21631e-13 -0.000794757 -0.000466868
16.5 0.0793046 1.9809e-13 0.920655 -1.4714e-13 -0.000926381 -0.00068872
16.6 0.0785156 1.94744e-13 0.921444 -1.42753e-13 -0.000998519 -0.000915768
16.7 0.0777345 2.81154e-13 0.922225 -2.29202e-13 -0.00100889 -0.00113318
16.8 0.0769611 2.9255e-13 0.922998 -1.96202e-13 -0.00095783 -0.00132901
16.9 0.0761953 3.17567e-13 0.923765 -2.72138e-13 -0.000848665 -0.00148623
17 0.0754372 3.30547e-13 0.924522 -2.61838e-13 -0.000693115 -0.00159558
17.1 0.0746869 3.01119e-13 0.925271 -2.77386e-13 -0.000501823 -0.00164992
17.2 0.0739439 8.65647e-14 0.926013 -2.79393e-13 -0.000285734 -0.00164141
17.3 0.0732084 5.85706e-14 0.926749 -3.24026e-13 -5.90791e-05 -0.0015673
17.4 0.0724799 4.94043e-16 0.927477 -2.84759e-13 0.000162984 -0.00142877
17.5 0.0717588 -3.34487e-14 0.928199 -2.26786e-13 0.000366641 -0.00123173
17.6 0.0710449 -4.11042e-14 0.928912 -2.0271e-13 0.000540405 -0.000982867
17.7 0.0703379 -4.27999e-14 0.92962 -1.82189e-13 0.000672654 -0.000692814
17.8 0.0696379 -3.74298e-14 0.93032 -1.72994e-13 0.000753953 -0.000376236
17.9 0.068944 -6.48601e-14 0.931014 -1.15233e-13 0.000783432 -4.24924e-05
18 0.068258 -5.21419e-14 0.9317 -1.4277e-13 0.00075741 0.000290805
18.1 0.0675788 -1.43175e-13 0.932379 5.29187e-14 0.00067805 0.000610266
18.2 0.0669066 -1.41759e-13 0.933052 9.37239e-14 0.000547772 0.000903807
18.3 0.0662405 -1.6924e-14 0.933718 -1.24952e-13 0.000374962 0.00115919
18.4 0.065581 -1.28419e-14 0.934377 -1.55681e-13 0.000168896 0.00136413
18.5 0.0649293 -1.5567e-14 0.93503 -1.81302e-13 -6.10732e-05 0.00151336
18.6 0.0642835 -6.06353e-15 0.935676 -1.98522e-13 -0.000305195 0.00159912
18.7 0.0636445 -6.4836e-14 0.936316 -1.20362e-13 -0.000545787 0.00162008
18.8 0.0630112 3.32789e-14 0.936949 -3.63958e-14 -0.000773168 0.0015767
18.9 0.0623842 8.57302e-14 0.937574 -4.70598e-14 -0.000973103 0.00147609
19 0.0617623 1.10299e-13 0.938196 -1.14237e-13 -0.0011331 0.0013203
19.1 0.061148 1.4632e-13 0.93881 -1.83225e-13 -0.00124525 0.00112274
19.2 0.0605404 1.82017e-13 0.939418 -2.27471e-13 -0.00129983 0.000896493
19.3 0.0599377 1.48984e-13 0.940021 -2.26659e-13 -0.00129892 0.000652353
19.4 0.0593418 2.04194e-13 0.940616 -2.88762e-13 -0.00124078 0.000401882
19.5 0.0587515 1.78829e-13 0.941206 -2.26865e-13 -0.00112681 0.00016054
19.6 0.0581672 1.94885e-13 0.94179 -2.63279e-13 -0.000962818 -6.11267e-05
19.7 0.0575893 2.05521e-13 0.942367 -2.47087e-13 -0.00075522 -0.000251745
19.8 0.0570169 2.61354e-13 0.94294 -2.79874e-13 -0.000516176 -0.000399591
19.9 0.0564496 2.34035e-13 0.943509 -2.36623e-13 -0.000259154 -0.000501779
20 0.0558881 -1.22935e-14 0.944071 7.00642e-13 8.0465e-06 -0.000555494
