0 0 0 1 0 0 0
0.1 1.71713e-07 2.37825e-24 1 -2.68834e-24 4.82622e-05 -0.000411103
0.2 7.90721e-07 2.35459e-24 0.999999 2.36648e-26 0.000195207 -0.000865397
0.3 2.03512e-06 2.48937e-20 0.999998 2.82994e-22 0.000448272 -0.00134838
0.4 4.11223e-06 1.49807e-19 0.999996 8.99669e-20 0.000811331 -0.00184554
0.5 7.25741e-06 3.49898e-19 0.999993 -1.11965e-20 0.00128482 -0.00234334
0.6 1.17323e-05 -5.78056e-19 0.999988 -8.03542e-19 0.00186608 -0.00283014
0.7 1.78235e-05 -3.82189e-19 0.999982 -4.09914e-19 0.0025499 -0.00329693
0.8 2.5843e-05 4.50933e-19 0.999974 -1.6881e-18 0.00332925 -0.00373806
0.9 3.61305e-05 4.7115e-20 0.999964 -3.25165e-19 0.00419611 -0.00415165
1 4.90623e-05 5.90422e-18 0.99995 2.0406e-18 0.00514239 -0.00453986
1.1 6.50647e-05 6.32125e-18 0.999934 2.65312e-18 0.0061609 -0.00490893
1.2 8.46378e-05 6.1116e-18 0.999914 9.89392e-18 0.00724627 -0.00526898
1.3 0.00010839 4.42708e-18 0.99989 9.84966e-18 0.00839582 -0.00563358
1.4 0.000137083 4.80702e-18 0.999861 5.01065e-18 0.00961024 -0.00601919
1.5 0.000171695 2.69206e-17 0.999826 1.27228e-18 0.0108942 -0.00644438
1.6 0.000213498 2.11717e-17 0.999784 2.15073e-18 0.0122567 -0.00692896
1.7 0.000264147 1.15496e-17 0.999733 1.71401e-17 0.0137113 -0.00749276
1.8 0.000326328 6.27756e-18 0.999671 2.34631e-17 0.0152758 -0.00815507
1.9 0.000402451 -2.95318e-17 0.999594 3.51143e-17 0.0169722 -0.00893379
2 0.00049665 5.43968e-18 0.9995 1.66714e-17 0.0188256 -0.00984431
2.1 0.000613134 3.93628e-17 0.999383 2.49518e-17 0.0208645 -0.0108989
2.2 0.000757248 7.41366e-17 0.999239 -9.74959e-18 0.023119 -0.0121061
2.3 0.0009357 1.18836e-16 0.999061 -2.97667e-17 0.0256204 -0.0134701
2.4 0.00115631 1.36727e-16 0.99884 -5.05958e-17 0.0284001 -0.0149911
2.5 0.00142829 1.44427e-16 0.998568 -3.65665e-17 0.0314883 -0.0166645
2.6 0.0017621 1.70142e-16 0.998234 -4.01231e-18 0.0349132 -0.0184819
2.7 0.00216963 9.57279e-17 0.997826 1.51062e-16 0.0386999 -0.0204308
2.8 0.00266418 -1.86497e-16 0.997332 1.71655e-16 0.0428697 -0.0224952
2.9 0.00326024 -2.05348e-16 0.996735 1.85729e-16 0.0474394 -0.0246565
3 0.00397352 -1.49249e-16 0.996022 3.28812e-16 0.0524213 -0.0268944
3.1 0.00482085 2.11929e-18 0.995174 3.2678e-16 0.0578228 -0.0291869
3.2 0.00581973 1.44263e-17 0.994173 4.35315e-16 0.063638 -0.0315075
3.3 0.00698833 -1.10125e-17 0.993003 7.66431e-16 0.0698639 -0.0338349
3.4 0.00834547 3.76499e-17 0.991645 7.69629e-16 0.0764891 -0.0361463
3.5 0.00990929 -2.77971e-16 0.99008 1.1378e-15 0.0834965 -0.0384192
3.6 0.0116977 -5.45994e-16 0.988291 9.61858e-16 0.0908634 -0.0406323
3.7 0.0137284 -8.57557e-16 0.986259 1.2642e-15 0.0985603 -0.0427657
3.8 0.0160179 -1.03778e-15 0.983969 1.06757e-15 0.106557 -0.044801
3.9 0.0185806 -1.00616e-15 0.981406 1.24084e-15 0.114818 -0.0467205
4 0.0214295 -7.15119e-16 0.978557 1.66424e-15 0.1233 -0.0485072
4.1 0.0245753 -6.0582e-16 0.975411 1.87096e-15 0.131962 -0.0501467
4.2 0.0280281 -2.39006e-16 0.971957 1.52607e-15 0.140757 -0.0516244
4.3 0.0317924 1.32347e-16 0.968192 1.58297e-15 0.149636 -0.0529266
4.4 0.0358693 6.88858e-15 0.964115 -4.32961e-15 0.158549 -0.0540385
4.5 0.0402568 1.6231e-15 0.959728 8.34857e-16 0.167437 -0.0549493
4.6 0.0449452 8.78656e-15 0.955038 -6.26673e-15 0.176249 -0.0556498
4.7 0.049923 1.47777e-14 0.950061 -1.02227e-14 0.184925 -0.0561289
4.8 0.0551733 2.02215e-14 0.944811 -1.45222e-14 0.193409 -0.0563777
4.9 0.0606731 3.07392e-14 0.939312 -2.57053e-14 0.201642 -0.0563938
5 0.0663926 1.09732e-14 0.933593 -5.34514e-15 0.209568 -0.0561747
5.1 0.0723035 1.25175e-14 0.927683 -7.61738e-15 0.21714 -0.0557154
5.2 0.0783657 1.3771e-14 0.921621 -9.61286e-15 0.224299 -0.0550225
5.3 0.0845404 1.55213e-14 0.915446 -1.02755e-14 0.230998 -0.0541097
5.4 0.0907852 1.56248e-14 0.909201 -1.08614e-14 0.237179 -0.0530087
5.5 0.0970547 1.28114e-14 0.902931 -3.19726e-15 0.242828 -0.0517223
5.6 0.103303 1.06667e-14 0.896683 -2.62943e-15 0.247908 -0.050272
5.7 0.109488 9.59153e-15 0.890498 -4.7866e-15 0.252395 -0.0486876
5.8 0.115574 8.69471e-15 0.884411 -7.15282e-15 0.256284 -0.0470224
5.9 0.121523 9.05744e-15 0.878463 -7.12002e-15 0.259573 -0.0453022
6 0.127304 1.13696e-14 0.872682 1.1528e-15 0.262271 -0.0435586
6.1 0.132891 7.98096e-16 0.867094 1.03399e-14 0.264394 -0.0418224
6.2 0.138268 -2.27238e-14 0.861717 2.55883e-14 0.265962 -0.0401205
6.3 0.143417 -2.66283e-14 0.856567 3.44337e-14 0.267014 -0.0384707
6.4 0.148329 -1.71899e-14 0.851654 1.50017e-14 0.267585 -0.0368833
6.5 0.152995 -5.92973e-15 0.846986 2.58855e-15 0.267713 -0.0353654
6.6 0.157409 -1.82456e-14 0.842571 1.59333e-14 0.26743 -0.0339172
6.7 0.161567 -9.74729e-15 0.838412 1.06787e-14 0.266764 -0.0325244
6.8 0.165466 5.14851e-16 0.834512 -6.856e-15 0.265743 -0.0311779
6.9 0.169101 8.68761e-14 0.830876 -3.91998e-14 0.264406 -0.0298618
7 0.172467 1.7048e-14 0.827508 1.1512e-14 0.262765 -0.0285542
7.1 0.17555 3.45231e-14 0.824424 -1.43076e-15 0.26082 -0.0272319
7.2 0.178339 2.30362e-14 0.821634 -9.15722e-15 0.258583 -0.0258726
7.3 0.180828 1.37479e-14 0.819144 -4.24743e-15 0.25606 -0.0244633
7.4 0.183006 -1.27728e-14 0.816964 1.98929e-14 0.25324 -0.0230047
7.5 0.184859 -3.14312e-14 0.815111 2.18295e-14 0.250134 -0.0214919
7.6 0.186376 -4.03022e-14 0.813594 4.07244e-14 0.246727 -0.0199287
7.7 0.187559 -5.16042e-14 0.812409 5.98799e-14 0.243001 -0.018337
7.8 0.188405 -2.83896e-14 0.811564 5.32649e-14 0.238973 -0.0167308
7.9 0.188929 -3.16178e-14 0.811042 4.36581e-14 0.234624 -0.015126
8 0.189141 -1.52035e-14 0.810828 2.27303e-14 0.229992 -0.0135472
8.1 0.189058 3.97188e-15 0.810911 2.27831e-14 0.225055 -0.0120038
8.2 0.188697 7.57905e-15 0.811273 2.15327e-14 0.219851 -0.0105191
8.3 0.188078 7.26095e-15 0.811891 1.23871e-14 0.214387 -0.00910964
8.4 0.187235 9.75898e-15 0.812733 6.52393e-15 0.208705 -0.00777872
8.5 0.186184 2.5255e-14 0.813783 -2.04461e-14 0.202821 -0.00653166
8.6 0.184954 3.83388e-14 0.815013 -3.55252e-14 0.196774 -0.005365
8.7 0.183567 3.72578e-14 0.8164 -3.25388e-14 0.190579 -0.00426913
8.8 0.182046 4.40977e-14 0.817922 -3.54959e-14 0.184256 -0.00324379
8.9 0.180414 3.69393e-14 0.819554 -1.92362e-14 0.177833 -0.00227375
9 0.17868 3.00951e-14 0.821287 -2.60108e-14 0.171326 -0.00134845
9.1 0.176868 8.05877e-15 0.823099 6.96786e-15 0.164756 -0.000456786
9.2 0.17499 1.14748e-14 0.824977 -4.07525e-15 0.158128 0.000393486
9.3 0.17305 2.99946e-14 0.826916 -2.8524e-14 0.151466 0.00122957
9.4 0.171064 -4.10094e-13 0.828902 3.30667e-13 0.144786 0.0020537
9.5 0.169039 -1.0032e-12 0.830927 4.99213e-13 0.138097 0.0028581
9.6 0.166985 -1.42861e-12 0.832981 9.72851e-13 0.131413 0.00363759
9.7 0.164912 1.12165e-13 0.835055 -3.87716e-13 0.124747 0.00438692
9.8 0.162827 -6.691e-14 0.83714 -1.24187e-13 0.118107 0.00509645
9.9 0.160751 8.66561e-14 0.839216 -1.11381e-13 0.111508 0.00575049
10 0.158676 1.99784e-13 0.841291 -2.11409e-13 0.104975 0.00634098
10.1 0.156621 3.50383e-13 0.843346 -3.68204e-13 0.098523 0.00685839
10.2 0.154593 2.26371e-13 0.845375 -2.11158e-13 0.0921854 0.00727838
10.3 0.152596 6.09742e-13 0.847372 -5.77824e-13 0.0859758 0.00759279
10.4 0.150637 4.09346e-14 0.849332 -3.64558e-14 0.0799202 0.00778991
10.5 0.148729 7.10371e-14 0.85124 -9.37395e-14 0.0740518 0.00786973
10.6 0.146872 8.85316e-14 0.853097 -1.11897e-13 0.0683936 0.00782754
10.7 0.145067 9.61344e-14 0.854903 -1.55923e-13 0.062972 0.00766711
10.8 0.143319 8.93847e-14 0.85665 -1.30028e-13 0.0578071 0.00739345
10.9 0.141624 1.51398e-13 0.858346 -1.81143e-13 0.0529237 0.00701739
11 0.139984 5.99714e-14 0.859987 -7.81549e-14 0.0483336 0.00655442
11.1 0.138395 -1.11466e-13 0.861575 7.50019e-14 0.044055 0.00601923
11.2 0.136854 4.36443e-14 0.863117 -2.90067e-13 0.0400836 0.00543078
11.3 0.135358 -4.38916e-13 0.864613 3.97782e-13 0.0364422 0.00481337
11.4 0.133903 -4.47307e-13 0.866067 4.47207e-13 0.0331117 0.00418697
11.5 0.132482 -4.15798e-13 0.867488 4.29225e-13 0.0300867 0.00357467
11.6 0.131096 -3.28056e-13 0.868874 3.28552e-13 0.0273572 0.00299622
11.7 0.12974 -3.51876e-13 0.87023 3.25474e-13 0.0249028 0.00247213
11.8 0.12841 -5.69759e-13 0.87156 4.4914e-13 0.0227006 0.00201779
11.9 0.127102 7.90874e-13 0.872867 2.34931e-13 0.020729 0.00164442
12 0.125815 8.72603e-13 0.874154 -4.39619e-13 0.0189553 0.0013614
12.1 0.124545 2.91307e-13 0.875424 5.2932e-14 0.0173537 0.00116658
12.2 0.123291 5.17587e-13 0.876678 -9.79233e-14 0.0158947 0.0010607
12.3 0.122053 1.94722e-13 0.877916 -2.84644e-12 0.0145551 0.0010381
12.4 0.120828 2.21799e-12 0.879141 -2.91121e-12 0.0133042 0.00108669
12.5 0.119616 -6.20253e-13 0.880353 6.13881e-12 0.0121249 0.00119282
12.6 0.118417 -2.56826e-12 0.881552 4.5877e-12 0.0109991 0.00134137
12.7 0.11723 6.352e-11 0.882739 -5.88751e-11 0.00991212 0.00151194
12.8 0.116056 8.64972e-11 0.883914 -8.16679e-11 0.00885604 0.00168839
12.9 0.114893 9.39308e-11 0.885076 -8.90833e-11 0.00783015 0.0018519
13 0.113743 1.00227e-10 0.886226 -9.51675e-11 0.006832 0.00198684
13.1 0.112605 1.0085e-10 0.887364 -9.55428e-11 0.00586638 0.00207739
13.2 0.11148 7.76141e-11 0.88849 3.8258e-11 0.00493816 0.00211338
13.3 0.110367 2.06859e-10 0.889603 9.13528e-11 0.00405979 0.00208617
13.4 0.109265 -2.20793e-10 0.890705 -7.75238e-11 0.00324456 0.00198838
13.5 0.108174 -2.13476e-10 0.891795 -5.59669e-11 0.00250243 0.00182686
13.6 0.107095 -2.11573e-10 0.892873 -2.19932e-11 0.00184562 0.00160643
13.7 0.106028 -2.30816e-10 0.893941 3.47105e-12 0.00128235 0.00133514
13.8 0.104971 -2.47222e-10 0.894998 1.9525e-11 0.000821258 0.00102475
13.9 0.103925 -2.71133e-10 0.896044 4.24986e-11 0.000466299 0.000690865
14 0.10289 -5.6127e-11 0.89708 8.60728e-11 0.000213929 0.000349461
14.1 0.101864 2.76444e-11 0.898106 -4.67769e-11 6.3408e-05 1.58197e-05
14.2 0.100849 6.83197e-13 0.899121 -4.03594e-11 9.66738e-06 -0.000290982
14.3 0.0998453 -7.44855e-12 0.900125 -3.92674e-11 3.61816e-05 -0.00055912
14.4 0.0988509 -1.72112e-11 0.901119 -4.0539e-11 0.000133502 -0.000776828
14.5 0.0978676 -4.18783e-11 0.902102 -1.28483e-11 0.000281688 -0.00093667
14.6 0.0968936 -2.3649e-11 0.903076 -3.47419e-11 0.000475083 -0.00102615
14.7 0.0959291 -2.42355e-11 0.904041 -3.57478e-11 0.000685997 -0.00104508
14.8 0.0949739 -2.55934e-11 0.904996 -3.59539e-11 0.000897237 -0.000993334
14.9 0.0940282 -2.61711e-11 0.905942 -3.49824e-11 0.00109133 -0.000873455
15 0.0930914 -2.77262e-11 0.906879 -3.42596e-11 0.00125171 -0.000697372
15.1 0.0921644 -2.87743e-11 0.907807 -3.43171e-11 0.00136449 -0.000476261
15.2 0.0912465 -2.94455e-11 0.908725 -3.41906e-11 0.00142049 -0.000225864
15.3 0.0903376 -3.11142e-11 0.909634 -3.4445e-11 0.00141546 4.04081e-05
15.4 0.0894379 -3.77355e-11 0.910533 -3.26425e-11 0.00134703 0.000306236
15.5 0.0885472 -3.57029e-11 0.911424 -3.57876e-11 0.00121789 0.000555371
15.6 0.0876659 -8.08262e-11 0.912306 -1.4501e-11 0.00103274 0.000773482
15.7 0.0867944 -5.75778e-11 0.913178 -2.82736e-11 0.000800015 0.000948869
15.8 0.0859312 -4.58877e-11 0.914042 -3.39255e-11 0.000534202 0.00107123
15.9 0.0850763 -4.14649e-11 0.914897 -3.25064e-11 0.000248294 0.00113135
16 0.0842307 -6.8848e-11 0.915742 4.17958e-11 -4.40328e-05 0.00112997
16.1 0.0833939 -3.0335e-11 0.916579 -2.20748e-11 -0.000326557 0.00106526
16.2 0.082565 -3.35383e-11 0.917408 -2.47907e-11 -0.000585306 0.000941653
16.3 0.0817443 -3.25269e-11 0.918228 -2.81157e-11 -0.000804222 0.00076288
16.4 0.0809312 -3.26003e-11 0.919041 -2.87105e-11 -0.000974109 0.000543397
16.5 0.0801263 -3.25445e-11 0.919845 -2.93564e-11 -0.00108553 0.000294274
16.6 0.0793292 -3.26442e-11 0.920641 -2.96772e-11 -0.00113242 2.98955e-05
16.7 0.0785399 -3.28539e-11 0.92143 -2.97445e-11 -0.00111356 -0.000235045
16.8 0.0777576 -3.24547e-11 0.922212 -2.88327e-11 -0.00103128 -0.000485045
16.9 0.0769843 -3.43054e-11 0.922985 -3.04348e-11 -0.000890195 -0.000704011
17 0.0762183 -3.54229e-11 0.923751 -2.98822e-11 -0.000700222 -0.000882605
17.1 0.0754602 -3.55821e-11 0.924508 -3.01816e-11 -0.000469926 -0.00100918
17.2 0.0747099 -3.56827e-11 0.925258 -3.04826e-11 -0.000215744 -0.00107748
17.3 0.073967 -3.55215e-11 0.926001 -3.09442e-11 4.9801e-05 -0.00108405
17.4 0.0732318 -3.63966e-11 0.926737 -3.0483e-11 0.000308862 -0.00102948
17.5 0.0725042 -3.6276e-11 0.927464 -3.09438e-11 0.000548531 -0.000914888
17.6 0.0717835 -3.57909e-11 0.928185 -3.18535e-11 0.000755238 -0.00074875
17.7 0.0710698 -3.48278e-11 0.928899 -3.29423e-11 0.000916107 -0.000541977
17.8 0.0703638 -3.88141e-11 0.929605 -3.35255e-11 0.0010247 -0.000305625
17.9 0.0696644 -3.7003e-11 0.930304 -3.15132e-11 0.00107477 -5.23833e-05
18 0.0689717 -3.66343e-11 0.930997 -3.08037e-11 0.0010635 0.000204342
18.1 0.0682859 -3.62873e-11 0.931682 -3.09003e-11 0.00099198 0.000447017
18.2 0.0676079 -3.8779e-11 0.93236 -2.66886e-11 0.000864459 0.000663195
18.3 0.0669359 -3.59736e-11 0.933031 -3.04089e-11 0.000689864 0.00084094
18.4 0.0662702 -3.58655e-11 0.933696 -3.18788e-11 0.000476683 0.000969958
18.5 0.065612 1.05876e-09 0.934354 8.31483e-10 0.000240263 0.0010429
18.6 0.0649603 3.26059e-10 0.935006 1.13884e-10 -6.89418e-06 0.00105687
18.7 0.064315 1.77101e-10 0.935652 5.61061e-11 -0.000253199 0.00101215
18.8 0.063676 8.63551e-11 0.93629 1.35702e-11 -0.000482104 0.000910108
18.9 0.063043 3.35421e-11 0.936923 -1.32817e-11 -0.000680932 0.000758223
19 0.0624166 4.07446e-13 0.93755 -2.28691e-11 -0.00083854 0.000564972
19.1 0.0617962 -1.63445e-11 0.938171 -3.16238e-11 -0.000947023 0.000340012
19.2 0.0611825 -2.8389e-11 0.938784 -3.40325e-11 -0.00100145 9.84144e-05
19.3 0.0605744 -3.61802e-11 0.939392 -3.49605e-11 -0.000997856 -0.000147834
19.4 0.0599723 -4.64881e-11 0.939994 -7.42444e-11 -0.000937181 -0.000385066
19.5 0.0593766 -4.48254e-11 0.94059 -4.80291e-11 -0.000825007 -0.000598346
19.6 0.0587864 -4.10382e-11 0.941181 -4.28564e-11 -0.000664767 -0.00077639
19.7 0.0582028 -4.15315e-11 0.941765 -3.71075e-11 -0.000468761 -0.000909795
19.8 0.0576243 -3.92905e-11 0.942343 -3.90662e-11 -0.000247784 -0.00099142
19.9 0.0570517 -3.89933e-11 0.942915 -3.84855e-11 -1.53009e-05 -0.00101679
20 0.0564851 -3.9757e-11 0.943482 -3.92402e-11 0.000215965 -0.000985758
