0 0 0 1 0 0 0
0.1 1.71713e-07 2.37825e-24 1 -2.68834e-24 4.82628e-05 -0.000411145
0.2 7.90761e-07 1.17131e-23 0.999999 2.36648e-26 0.000195231 -0.000865609
0.3 2.03539e-06 -2.45624e-20 0.999998 2.43221e-22 0.000448395 -0.00134897
0.4 4.11326e-06 1.17418e-18 0.999996 -1.97709e-19 0.000811712 -0.00184678
0.5 7.2603e-06 8.76004e-19 0.999993 -3.56251e-19 0.00128573 -0.00234558
0.6 1.17391e-05 2.23253e-18 0.999988 1.28743e-18 0.00186791 -0.00283369
0.7 1.78375e-05 9.09075e-19 0.999982 7.84744e-19 0.00255319 -0.00330211
0.8 2.58692e-05 2.33203e-18 0.999974 -1.44557e-18 0.00333465 -0.00374512
0.9 3.61761e-05 4.43753e-19 0.999963 -1.13967e-18 0.0042044 -0.00416072
1 4.91366e-05 1.21497e-18 0.99995 -3.68085e-18 0.00515444 -0.00455095
1.1 6.51791e-05 -7.28822e-18 0.999934 3.3258e-19 0.00617762 -0.00492188
1.2 8.48057e-05 -4.70718e-18 0.999914 -6.99646e-19 0.00726858 -0.00528345
1.3 0.000108625 -1.45805e-17 0.999889 -1.19719e-18 0.00842458 -0.00564908
1.4 0.000137399 -1.77004e-17 0.99986 -5.54152e-18 0.00964623 -0.00603504
1.5 0.000172104 -9.27905e-18 0.999825 -3.84079e-18 0.0109381 -0.0064598
1.6 0.000214004 2.56754e-18 0.999783 4.70282e-18 0.0123089 -0.00694308
1.7 0.000264746 -3.65608e-18 0.999732 7.28456e-18 0.0137721 -0.00750471
1.8 0.000326769 -1.12107e-17 0.99967 1.72314e-17 0.0153453 -0.008164
1.9 0.000402926 -2.02835e-17 0.999594 2.35788e-17 0.0170501 -0.00893895
2 0.000496974 -5.19122e-17 0.9995 3.59562e-17 0.0189117 -0.00984513
2.1 0.000613102 -1.79026e-18 0.999383 3.88747e-17 0.0209583 -0.0108951
2.2 0.00075702 5.76705e-17 0.999239 4.375e-17 0.02322 -0.0120975
2.3 0.000935533 8.52729e-17 0.999061 1.62632e-17 0.0257281 -0.0134572
2.4 0.00115613 6.29884e-17 0.99884 1.04394e-17 0.0285142 -0.0149743
2.5 0.00142779 3.44807e-17 0.998568 2.32547e-17 0.0316085 -0.0166449
2.6 0.00176118 2.31379e-17 0.998235 2.80816e-17 0.0350396 -0.0184606
2.7 0.00216822 5.30543e-17 0.997826 3.30485e-17 0.0388341 -0.0204102
2.8 0.00266223 8.00488e-17 0.997331 -2.00394e-17 0.0430119 -0.022477
2.9 0.00325794 -5.14405e-17 0.996733 -5.33697e-17 0.0475909 -0.0246422
3 0.00397078 -6.59324e-17 0.996019 4.37781e-17 0.0525845 -0.0268846
3.1 0.00481762 3.19058e-18 0.995171 1.22088e-17 0.0579982 -0.0291815
3.2 0.00581598 -1.60365e-17 0.994173 3.30797e-16 0.0638308 -0.0315081
3.3 0.00698419 6.76159e-17 0.993004 3.99174e-16 0.0700774 -0.0338419
3.4 0.00834055 6.79775e-17 0.991648 3.00659e-16 0.0767261 -0.0361596
3.5 0.00990424 4.55682e-16 0.990084 4.56846e-16 0.0837599 -0.038439
3.6 0.0116927 4.90393e-16 0.988295 3.03745e-16 0.0911558 -0.0406576
3.7 0.0137236 8.70128e-16 0.986265 1.19622e-16 0.0988861 -0.0427955
3.8 0.0160131 7.46185e-16 0.983975 1.09129e-16 0.106918 -0.0448323
3.9 0.0185758 6.5658e-16 0.981413 7.71176e-17 0.115214 -0.0467514
4 0.0214245 1.27959e-15 0.978564 4.31698e-16 0.123735 -0.0485362
4.1 0.0245701 1.63085e-15 0.975419 6.5006e-16 0.132436 -0.0501709
4.2 0.0280215 1.32262e-15 0.971967 8.47554e-17 0.14127 -0.0516404
4.3 0.0317825 2.12133e-15 0.968206 -4.85396e-16 0.150189 -0.0529322
4.4 0.0358546 1.34392e-15 0.964134 1.41258e-15 0.159139 -0.0540327
4.5 0.040234 -2.58774e-16 0.959754 2.9302e-15 0.168064 -0.0549302
4.6 0.0449139 9.80065e-16 0.955074 1.59492e-15 0.176913 -0.0556157
4.7 0.0498805 2.08618e-15 0.950107 6.51034e-16 0.185625 -0.0560788
4.8 0.0551169 4.08634e-15 0.944871 -6.53158e-17 0.194144 -0.0563143
4.9 0.060599 1.11715e-15 0.939388 3.68561e-15 0.202411 -0.0563167
5 0.0663043 1.5799e-15 0.933683 1.95318e-15 0.210368 -0.0560872
5.1 0.0721973 -1.43761e-15 0.92779 4.0631e-15 0.217962 -0.0556283
5.2 0.0782404 -1.51544e-15 0.921746 6.8079e-15 0.225143 -0.0549381
5.3 0.0843936 -5.93069e-15 0.915592 8.4245e-15 0.231861 -0.0540341
5.4 0.0906151 -1.25669e-14 0.90937 1.53538e-14 0.238073 -0.0529381
5.5 0.0968591 -1.31521e-14 0.903125 1.95683e-14 0.243757 -0.051661
5.6 0.103089 -1.2424e-14 0.896894 1.84316e-14 0.248875 -0.0502389
5.7 0.10926 -1.80142e-14 0.890723 2.40558e-14 0.25341 -0.048696
5.8 0.115336 -1.98041e-14 0.884647 2.16458e-14 0.257349 -0.047067
5.9 0.121278 -2.27752e-14 0.878704 2.14012e-14 0.260683 -0.0453863
6 0.127057 -1.81006e-14 0.872925 1.32933e-14 0.263427 -0.04368
6.1 0.132648 -1.02598e-14 0.867334 8.7396e-15 0.2656 -0.0419799
6.2 0.138033 -1.51051e-15 0.861948 5.57962e-15 0.26725 -0.0403112
6.3 0.143196 5.96368e-16 0.856783 3.09241e-15 0.268386 -0.0386841
6.4 0.148124 4.48611e-15 0.851855 1.40762e-15 0.26904 -0.0371171
6.5 0.152808 1.04357e-14 0.847171 -9.29232e-15 0.26925 -0.0356142
6.6 0.157243 2.10569e-14 0.842734 -1.46536e-14 0.269048 -0.0341739
6.7 0.161425 3.13946e-14 0.838552 -1.99362e-14 0.268465 -0.0327851
6.8 0.165345 3.11232e-14 0.834631 -1.77919e-14 0.267539 -0.0314245
6.9 0.168996 3.2152e-14 0.830979 -1.69464e-14 0.266278 -0.0300875
7 0.172371 2.88913e-14 0.827602 -1.23948e-14 0.264703 -0.0287525
7.1 0.175455 2.02587e-14 0.824517 -1.23181e-14 0.262831 -0.0274042
7.2 0.178237 1.59759e-14 0.821734 -1.18223e-14 0.260669 -0.0260267
7.3 0.180722 1.16783e-14 0.819248 -6.56778e-15 0.25821 -0.024604
7.4 0.182887 7.67138e-15 0.817083 -1.72901e-15 0.255447 -0.0231327
7.5 0.184724 1.53555e-15 0.815244 1.48298e-15 0.252377 -0.0216143
7.6 0.186231 -7.78634e-16 0.813737 6.71574e-15 0.248999 -0.0200548
7.7 0.187398 8.34261e-16 0.812569 1.00889e-14 0.245311 -0.0184728
7.8 0.188236 2.09748e-15 0.81173 8.73018e-15 0.241309 -0.016878
7.9 0.188752 6.52125e-15 0.811214 5.42066e-15 0.236993 -0.0152948
8 0.188953 7.81239e-15 0.811012 2.53115e-15 0.232376 -0.0137382
8.1 0.188861 1.36467e-14 0.811103 -2.98827e-15 0.227466 -0.0122289
8.2 0.188496 1.59533e-14 0.811467 -7.08129e-15 0.222281 -0.0107794
8.3 0.187885 1.67278e-14 0.812078 -1.03915e-14 0.216838 -0.00940357
8.4 0.187049 1.87457e-14 0.812913 -1.16486e-14 0.21116 -0.00810727
8.5 0.186011 1.94258e-14 0.813951 -1.4163e-14 0.205272 -0.0068928
8.6 0.184797 2.11126e-14 0.815164 -1.38256e-14 0.199197 -0.00576077
8.7 0.183431 2.55026e-14 0.816529 -1.0878e-14 0.192958 -0.00470784
8.8 0.181935 2.54393e-14 0.818025 -8.14141e-15 0.186583 -0.00372415
8.9 0.180327 2.35043e-14 0.819632 -4.22051e-15 0.180092 -0.00279815
9 0.178625 1.82802e-14 0.821334 -3.92395e-15 0.173507 -0.00192132
9.1 0.176843 1.64511e-14 0.823115 -3.63227e-15 0.166844 -0.00108582
9.2 0.174996 1.89741e-14 0.824962 -4.69312e-15 0.160125 -0.00028177
9.3 0.173095 1.85412e-14 0.826862 -8.96425e-15 0.153362 0.000497354
9.4 0.171153 1.83962e-14 0.828804 -1.58308e-14 0.146568 0.00125536
9.5 0.169177 1.39805e-14 0.830779 -1.41178e-14 0.139762 0.00199158
9.6 0.16718 1.28415e-14 0.832776 -1.39286e-14 0.132955 0.00270382
9.7 0.165167 1.5566e-14 0.834788 -1.45035e-14 0.12616 0.00338607
9.8 0.16315 1.76878e-14 0.836805 -1.54641e-14 0.119397 0.00403053
9.9 0.161135 1.52997e-14 0.838819 -1.72753e-14 0.112681 0.00462641
10 0.159131 1.57779e-14 0.840824 -1.85168e-14 0.106031 0.00516151
10.1 0.157146 1.57215e-14 0.842809 -1.87239e-14 0.0994665 0.00562281
10.2 0.155188 1.59129e-14 0.844767 -1.85843e-14 0.093015 0.0059981
10.3 0.153261 1.49638e-14 0.846693 -1.90593e-14 0.0867003 0.00627803
10.4 0.151371 1.65071e-14 0.848583 -1.86995e-14 0.0805502 0.00645267
10.5 0.149522 1.55233e-14 0.850432 -1.81452e-14 0.0745914 0.00651641
10.6 0.147718 1.71701e-14 0.852236 -2.04427e-14 0.0688514 0.00647062
10.7 0.14596 1.70084e-14 0.853994 -2.02806e-14 0.0633522 0.00631368
10.8 0.144253 1.5833e-14 0.855701 -2.06855e-14 0.0581168 0.00605476
10.9 0.142595 1.31979e-14 0.857359 -1.74841e-14 0.0531629 0.00569731
11 0.140984 1.26462e-14 0.85897 -1.61054e-14 0.0485148 0.00525833
11.1 0.13942 1.22769e-14 0.860534 -1.5272e-14 0.0441831 0.00475471
11.2 0.137901 1.29178e-14 0.862053 -1.64969e-14 0.0401737 0.00420523
11.3 0.136422 1.2028e-14 0.863531 -1.70294e-14 0.0364893 0.00362819
11.4 0.134982 1.19805e-14 0.864972 -1.69116e-14 0.0331286 0.00304624
11.5 0.133573 1.28118e-14 0.86638 -1.55442e-14 0.0300832 0.00248144
11.6 0.132198 1.39204e-14 0.867756 -1.48837e-14 0.0273389 0.00195356
11.7 0.130849 1.40037e-14 0.869105 -1.3662e-14 0.0248786 0.00148107
11.8 0.129522 1.36472e-14 0.870431 -1.42562e-14 0.0226768 0.00108043
11.9 0.128216 1.28232e-14 0.871737 -1.44599e-14 0.0207086 0.000762101
12 0.126928 1.33519e-14 0.873025 -1.50204e-14 0.0189437 0.000532488
12.1 0.125656 1.29607e-14 0.874297 -1.51277e-14 0.0173546 0.000393919
12.2 0.124399 1.23395e-14 0.875555 -1.52187e-14 0.0159122 0.000344108
12.3 0.123155 1.22418e-14 0.876799 -1.37749e-14 0.0145886 0.000376292
12.4 0.121924 1.27939e-14 0.878029 -1.38451e-14 0.0133579 0.000480051
12.5 0.120706 1.14152e-14 0.879247 -1.42687e-14 0.0121973 0.000641065
12.6 0.1195 1.13004e-14 0.880453 -1.4072e-14 0.0110877 0.000842183
12.7 0.118305 1.14945e-14 0.881648 -1.35618e-14 0.0100154 0.00106477
12.8 0.117121 1.11524e-14 0.882832 -1.33893e-14 0.00897097 0.00129014
12.9 0.11595 1.12891e-14 0.884002 -1.33995e-14 0.00795044 0.00149818
13 0.114792 1.15532e-14 0.88516 -1.34066e-14 0.0069536 0.00167185
13.1 0.113645 1.14471e-14 0.886307 -1.34341e-14 0.00598491 0.00179737
13.2 0.11251 1.11616e-14 0.887442 -1.33354e-14 0.00505179 0.00186424
13.3 0.111386 1.10058e-14 0.888566 -1.32461e-14 0.0041638 0.00186446
13.4 0.110274 1.09943e-14 0.889678 -1.306e-14 0.00333382 0.00179416
13.5 0.109173 1.06327e-14 0.890778 -1.3084e-14 0.00257382 0.00165303
13.6 0.108084 9.75349e-15 0.891867 -1.32364e-14 0.00189555 0.0014469
13.7 0.107007 1.1195e-14 0.892945 -1.30202e-14 0.00130909 0.00118499
13.8 0.10594 1.10904e-14 0.894012 -1.31273e-14 0.000823138 0.000878864
13.9 0.104885 1.0358e-14 0.895066 -1.30669e-14 0.000442768 0.000543797
14 0.103841 9.34235e-15 0.896111 -1.33993e-14 0.000169747 0.000196449
14.1 0.102807 9.39251e-15 0.897145 -1.33534e-14 1.64661e-06 -0.000145658
14.2 0.101783 8.80569e-15 0.898169 -1.33005e-14 -6.71749e-05 -0.000465288
14.3 0.10077 8.9546e-15 0.899182 -1.31001e-14 -4.73501e-05 -0.000746592
14.4 0.0997666 8.79031e-15 0.900185 -1.28758e-14 4.93701e-05 -0.000976247
14.5 0.0987735 8.62073e-15 0.901178 -1.28106e-14 0.000207268 -0.00114154
14.6 0.0977904 8.46132e-15 0.902161 -1.27356e-14 0.000407314 -0.00123404
14.7 0.0968171 8.31472e-15 0.903134 -1.26493e-14 0.000630217 -0.00125135
14.8 0.0958536 8.17818e-15 0.904097 -1.2564e-14 0.000857132 -0.00119369
14.9 0.0948998 8.11697e-15 0.905051 -1.24814e-14 0.00106951 -0.00106521
15 0.0939556 8.02158e-15 0.905995 -1.23969e-14 0.00125026 -0.000874903
15.1 0.0930208 7.96177e-15 0.90693 -1.23118e-14 0.00138542 -0.000634086
15.2 0.0920953 7.92655e-15 0.907855 -1.22245e-14 0.00146409 -0.000356882
15.3 0.091179 7.88093e-15 0.908772 -1.214e-14 0.00147889 -5.96446e-05
15.4 0.0902718 8.08755e-15 0.909679 -1.20102e-14 0.00142673 0.000240425
15.5 0.0893736 8.32999e-15 0.910577 -1.18805e-14 0.00130861 0.00052644
15.6 0.0884843 8.02086e-15 0.911466 -1.1862e-14 0.00112961 0.000782125
15.7 0.0876038 8.31794e-15 0.912347 -1.17291e-14 0.000898417 0.000993186
15.8 0.0867322 7.78935e-15 0.913218 -1.17084e-14 0.000627062 0.00114793
15.9 0.0858693 7.33984e-15 0.914081 -1.16489e-14 0.000329591 0.00123846
16 0.085015 7.19244e-15 0.914935 -1.15729e-14 2.16557e-05 0.00125978
16.1 0.0841692 7.68778e-15 0.915781 -1.146e-14 -0.00028039 0.00121109
16.2 0.0833318 7.03554e-15 0.916618 -1.14454e-14 -0.000560499 0.00109554
16.3 0.0825026 7.40747e-15 0.917447 -1.134e-14 -0.000803848 0.000920003
16.4 0.0816815 8.96862e-15 0.918268 -1.10561e-14 -0.000997675 0.000694672
16.5 0.0808687 8.23385e-15 0.919081 -1.097e-14 -0.00113199 0.000432446
16.6 0.0800639 7.60976e-15 0.919886 -1.10413e-14 -0.00120012 0.000148203
16.7 0.0792672 6.87954e-15 0.920683 -1.09952e-14 -0.00119908 -0.000142052
16.8 0.0784785 5.69118e-15 0.921472 -1.11028e-14 -0.00112972 -0.000422091
16.9 0.0776976 7.94348e-15 0.922253 -1.06816e-14 -0.00099666 -0.000676371
17 0.0769245 7.27212e-15 0.923026 -1.0685e-14 -0.000807984 -0.000890897
17.1 0.0761591 8.5542e-15 0.923791 -1.03379e-14 -0.000574808 -0.001054
17.2 0.0754013 7.02921e-15 0.924549 -1.04794e-14 -0.000310622 -0.00115695
17.3 0.074651 6.83747e-15 0.925299 -1.04515e-14 -3.05233e-05 -0.00119446
17.4 0.0739082 7.72735e-15 0.926042 -1.02604e-14 0.000249767 -0.00116515
17.5 0.0731728 6.89196e-15 0.926778 -1.02527e-14 0.000514302 -0.00107072
17.6 0.0724448 9.30168e-15 0.927506 -9.86799e-15 0.00074844 -0.000917141
17.7 0.0717239 6.23107e-15 0.928226 -1.01869e-14 0.000939272 -0.000713435
17.8 0.0710103 6.95118e-15 0.92894 -1.00293e-14 0.00107642 -0.000471357
17.9 0.0703037 6.65278e-15 0.929647 -1.00433e-14 0.00115257 -0.000204717
18 0.0696042 7.6044e-15 0.930346 -9.81639e-15 0.0011639 7.1405e-05
18.1 0.0689116 6.7343e-15 0.931039 -9.84877e-15 0.00111023 0.000341511
18.2 0.0682259 7.33179e-15 0.931724 -9.67817e-15 0.000995011 0.000590639
18.3 0.067547 5.44883e-15 0.932403 -9.93998e-15 0.000825107 0.000804924
18.4 0.0668749 5.55712e-15 0.933075 -9.84611e-15 0.000610405 0.000972655
18.5 0.0662095 5.64395e-15 0.933741 -9.75266e-15 0.000363222 0.00108481
18.6 0.0655507 5.43186e-15 0.9344 -9.69084e-15 9.75986e-05 0.00113553
18.7 0.0648985 5.70417e-15 0.935052 -9.59919e-15 -0.000171495 0.00112244
18.8 0.0642527 6.51662e-15 0.935698 -9.39619e-15 -0.000429006 0.00104675
18.9 0.0636134 6.23209e-15 0.936337 -9.36312e-15 -0.000660638 0.00091314
19 0.0629805 6.22809e-15 0.93697 -9.30141e-15 -0.000853646 0.000729507
19.1 0.0623538 5.93259e-15 0.937597 -9.27143e-15 -0.000997535 0.000506477
19.2 0.0617334 6.12639e-15 0.938217 -9.15853e-15 -0.00108463 0.0002568
19.3 0.0611191 6.45862e-15 0.938831 -8.97886e-15 -0.00111049 -5.37863e-06
19.4 0.060511 6.27683e-15 0.939439 -8.92051e-15 -0.00107412 -0.000265322
19.5 0.0599089 6.34467e-15 0.940042 -8.85017e-15 -0.000978015 -0.000508526
19.6 0.0593128 6.23509e-15 0.940638 -8.81622e-15 -0.000827982 -0.000721527
19.7 0.0587226 6.06758e-15 0.941228 -8.77387e-15 -0.000632802 -0.000892649
19.8 0.0581383 5.82544e-15 0.941812 -8.75197e-15 -0.000403633 -0.00101269
19.9 0.0575598 5.8304e-15 0.942391 -8.67471e-15 -0.000153671 -0.00107521
20 0.0569871 6.11816e-15 0.942963 -8.52095e-15 0.000103031 -0.00107721
