0 0 0 1 0 0 0
0.1 1.71713e-07 2.37825e-24 1 -2.68834e-24 4.82625e-05 -0.000411088
0.2 7.90707e-07 1.17131e-23 0.999999 2.36648e-26 0.000195203 -0.000865322
0.3 2.03502e-06 1.62003e-20 0.999998 2.72339e-22 0.000448246 -0.00134816
0.4 4.11186e-06 -3.56597e-19 0.999996 -3.49369e-20 0.000811243 -0.00184508
0.5 7.25634e-06 9.28574e-19 0.999993 2.24079e-19 0.0012846 -0.00234252
0.6 1.17298e-05 1.74574e-18 0.999988 -2.41134e-19 0.00186563 -0.0028288
0.7 1.78182e-05 -6.48872e-19 0.999982 -5.07169e-20 0.00254908 -0.00329495
0.8 2.58328e-05 -2.04264e-19 0.999974 -1.94636e-19 0.00332788 -0.00373529
0.9 3.61125e-05 6.13769e-20 0.999964 1.96334e-18 0.00419397 -0.00414797
1 4.90323e-05 -3.80607e-18 0.99995 1.91414e-18 0.00513924 -0.00453519
1.1 6.50172e-05 -6.24629e-18 0.999934 4.50534e-18 0.00615648 -0.00490321
1.2 8.45662e-05 -5.92764e-18 0.999914 6.74026e-18 0.00724031 -0.00526219
1.3 0.000108286 -5.54935e-18 0.99989 5.56729e-19 0.00838804 -0.00562575
1.4 0.000136937 -1.27227e-17 0.999861 5.45217e-18 0.00960038 -0.00601038
1.5 0.000171498 -3.22561e-18 0.999826 9.11512e-18 0.010882 -0.00643468
1.6 0.000213237 5.89676e-19 0.999784 7.01046e-18 0.012242 -0.00691849
1.7 0.000263812 4.18988e-18 0.999733 6.79521e-18 0.013694 -0.00748165
1.8 0.000325928 -1.49999e-18 0.999671 1.52029e-17 0.0152557 -0.00814343
1.9 0.000401987 3.19149e-17 0.999595 1.46219e-17 0.0169491 -0.00892173
2 0.000496124 3.1874e-17 0.9995 -6.95696e-18 0.0187997 -0.00983188
2.1 0.000612548 2.17735e-17 0.999384 -8.60757e-18 0.0208356 -0.0108862
2.2 0.000756603 -5.00412e-18 0.99924 -5.91314e-17 0.0230872 -0.0120929
2.3 0.000934993 -2.51343e-17 0.999061 -6.79154e-17 0.0255857 -0.0134564
2.4 0.00115553 -3.81056e-17 0.998841 -4.32022e-17 0.0283624 -0.0149765
2.5 0.00142742 -5.28359e-17 0.998569 -1.57163e-17 0.0314475 -0.0166489
2.6 0.00176111 -8.32679e-17 0.998235 -1.64339e-17 0.0348691 -0.0184649
2.7 0.00216849 4.62782e-17 0.997827 -1.9908e-18 0.0386523 -0.0204119
2.8 0.00266274 -6.5303e-17 0.997333 1.05436e-16 0.0428183 -0.022474
2.9 0.00325847 2.98511e-17 0.996737 5.48891e-17 0.0473836 -0.0246324
3 0.00397129 3.4811e-16 0.996024 7.64573e-17 0.0523607 -0.026867
3.1 0.00481801 2.75359e-16 0.995176 2.41309e-16 0.0577588 -0.0291574
3.2 0.00581618 3.44783e-16 0.994176 1.96844e-16 0.0635681 -0.0314742
3.3 0.00698386 2.63006e-16 0.993007 9.93274e-17 0.0697868 -0.0337966
3.4 0.00833967 1.89831e-16 0.99165 -1.96746e-17 0.0764024 -0.036103
3.5 0.00990204 1.74496e-16 0.990087 -1.23145e-16 0.0833989 -0.0383709
3.6 0.0116887 -3.92159e-16 0.9883 -3.45049e-16 0.0907533 -0.0405793
3.7 0.0137171 -9.64125e-17 0.986271 -3.26124e-16 0.0984381 -0.0427083
3.8 0.0160038 5.32795e-17 0.983984 2.96519e-16 0.106421 -0.0447398
3.9 0.0185635 -2.67959e-16 0.981424 5.04498e-16 0.114667 -0.0466564
4 0.0214093 -4.23561e-16 0.978577 7.76049e-17 0.123135 -0.0484416
4.1 0.0245516 1.35496e-16 0.975435 4.27964e-16 0.131783 -0.0500803
4.2 0.0280008 -4.82105e-16 0.971985 5.194e-16 0.140565 -0.0515573
4.3 0.0317613 -3.22243e-15 0.968224 3.17708e-15 0.149432 -0.0528598
4.4 0.0358345 -1.44125e-15 0.964151 1.55136e-15 0.158329 -0.0539719
4.5 0.0402178 -2.22412e-15 0.959767 1.39266e-15 0.167205 -0.0548836
4.6 0.0449015 1.62024e-15 0.955083 -9.43051e-16 0.176004 -0.0555845
4.7 0.0498754 2.21848e-16 0.950109 1.62486e-16 0.184667 -0.0560639
4.8 0.0551205 2.0029e-15 0.944864 -1.80157e-15 0.19314 -0.0563124
4.9 0.0606174 6.76696e-15 0.939367 -8.47226e-15 0.201364 -0.0563258
5 0.0663375 1.16466e-14 0.933648 -1.40678e-14 0.209283 -0.0561021
5.1 0.0722482 5.16605e-15 0.927738 -8.5236e-15 0.21684 -0.0556449
5.2 0.0783107 2.93347e-15 0.921676 -8.37044e-15 0.223986 -0.054954
5.3 0.0844842 6.34178e-16 0.915502 -5.74183e-15 0.23067 -0.0540436
5.4 0.0907286 -1.49808e-15 0.909258 -4.02012e-15 0.236848 -0.0529376
5.5 0.0969961 -3.39217e-15 0.90299 -1.33761e-15 0.242484 -0.0516524
5.6 0.103246 -1.16255e-14 0.896741 7.13531e-15 0.247554 -0.0502075
5.7 0.10943 -1.65138e-14 0.890557 1.49868e-14 0.252028 -0.0486235
5.8 0.115516 -2.47045e-14 0.884471 2.09357e-14 0.255905 -0.0469588
5.9 0.121464 -2.94365e-14 0.878522 2.64372e-14 0.259183 -0.0452366
6 0.127245 -3.30329e-14 0.872741 2.77817e-14 0.261866 -0.0434933
6.1 0.132833 -3.31641e-14 0.867152 2.81921e-14 0.263971 -0.041757
6.2 0.13821 -3.46798e-14 0.861775 2.37777e-14 0.265525 -0.0400545
6.3 0.143362 -3.54204e-14 0.856621 1.91839e-14 0.266559 -0.0384066
6.4 0.148279 -2.64557e-14 0.851704 1.41643e-14 0.267106 -0.036829
6.5 0.152957 -1.72147e-14 0.847024 1.05916e-14 0.267223 -0.0353186
6.6 0.157369 -7.21434e-15 0.842612 3.91999e-15 0.266924 -0.0338742
6.7 0.161533 -3.4946e-15 0.838447 2.11168e-15 0.266244 -0.0324885
6.8 0.165437 6.44032e-15 0.834542 -1.96021e-15 0.265216 -0.0311473
6.9 0.16908 1.17839e-14 0.830897 -1.27712e-14 0.263874 -0.0298376
7 0.172451 1.97182e-14 0.827524 -2.11396e-14 0.262222 -0.0285262
7.1 0.175541 2.24861e-14 0.824434 -2.94657e-14 0.260274 -0.0271997
7.2 0.178342 2.546e-14 0.821632 -2.44923e-14 0.258043 -0.0258336
7.3 0.18083 1.21234e-14 0.819142 -1.45722e-14 0.255524 -0.024414
7.4 0.183002 9.05111e-15 0.816969 -1.41888e-14 0.252713 -0.0229425
7.5 0.184846 3.86239e-15 0.815124 -6.91555e-15 0.249599 -0.0214191
7.6 0.18636 -7.14616e-15 0.813607 1.85744e-15 0.246179 -0.0198502
7.7 0.187538 4.47425e-15 0.812428 1.17487e-15 0.24246 -0.0182601
7.8 0.188387 -1.06393e-15 0.81158 1.64752e-14 0.238436 -0.0166497
7.9 0.188903 -4.45569e-15 0.811062 1.36028e-14 0.234108 -0.0150357
8 0.189114 -1.48961e-14 0.810851 2.04896e-14 0.229473 -0.0134489
8.1 0.189029 -1.36192e-14 0.810937 9.90776e-15 0.224553 -0.0119054
8.2 0.188671 -1.51265e-14 0.811295 1.7187e-14 0.219366 -0.0104263
8.3 0.188053 -2.2714e-14 0.811911 1.18599e-14 0.21394 -0.00901023
8.4 0.187205 -1.46276e-14 0.812758 1.04956e-14 0.208289 -0.00767182
8.5 0.186152 -2.71518e-14 0.813812 1.83341e-14 0.20244 -0.00641761
8.6 0.184917 -3.22604e-14 0.815046 1.60206e-14 0.196414 -0.00524144
8.7 0.183525 -3.33928e-14 0.816439 1.37504e-14 0.190243 -0.0041412
8.8 0.181995 -2.35856e-14 0.817969 1.10741e-14 0.18395 -0.00310464
8.9 0.180347 -3.19211e-14 0.819616 1.95212e-14 0.177561 -0.00212303
9 0.178599 -3.73961e-14 0.821363 2.39851e-14 0.171085 -0.00119083
9.1 0.176766 -3.70147e-14 0.823196 2.07899e-14 0.164543 -0.000294406
9.2 0.174865 -5.7965e-14 0.825097 3.87265e-14 0.157949 0.000574399
9.3 0.172912 -5.50048e-14 0.827049 4.08405e-14 0.151316 0.00141403
9.4 0.170911 -3.82382e-14 0.829051 3.60061e-14 0.144659 0.00222977
9.5 0.168873 -3.79435e-14 0.831089 4.63379e-14 0.137996 0.00302507
9.6 0.166809 -7.27489e-14 0.833154 8.06659e-14 0.131332 0.00379563
9.7 0.16473 -7.39828e-14 0.835234 8.86781e-14 0.124678 0.00453488
9.8 0.162643 -9.50843e-14 0.837321 1.0522e-13 0.118046 0.00522653
9.9 0.160563 -3.4295e-14 0.839401 1.2151e-14 0.111463 0.00586714
10 0.158492 -3.99522e-14 0.841471 2.02549e-14 0.104942 0.00643876
10.1 0.156443 1.66361e-14 0.843521 8.71126e-14 0.098501 0.00693016
10.2 0.154418 6.06447e-14 0.845546 1.30356e-13 0.0921637 0.00732915
10.3 0.152434 1.23374e-13 0.847531 -7.44257e-14 0.0859534 0.00762275
10.4 0.150484 1.13358e-13 0.849481 -1.30716e-13 0.0799004 0.00780396
10.5 0.148579 3.04424e-13 0.851386 -3.19163e-13 0.0740273 0.00786782
10.6 0.146724 3.89168e-13 0.853241 -3.99919e-13 0.0683632 0.00781218
10.7 0.144922 3.7693e-13 0.855043 -3.83594e-13 0.0629339 0.00763759
10.8 0.143175 4.46775e-13 0.856791 -4.47389e-13 0.0577632 0.00735065
10.9 0.141481 3.2664e-13 0.858485 -3.04202e-13 0.052868 0.00696283
11 0.139843 2.37417e-13 0.860123 -2.03537e-13 0.0482735 0.00649052
11.1 0.138258 1.84038e-13 0.861709 -1.52904e-13 0.043988 0.00595023
11.2 0.136722 2.39018e-13 0.863244 -2.08166e-13 0.0400219 0.0053605
11.3 0.135229 2.84892e-13 0.864737 -2.49241e-13 0.0363714 0.00474651
11.4 0.133775 3.20736e-13 0.866192 -2.83713e-13 0.0330419 0.00412647
11.5 0.132357 3.58301e-13 0.867609 -3.17464e-13 0.0300203 0.00352588
11.6 0.130973 3.54173e-13 0.868994 -3.47607e-13 0.0272917 0.00296256
11.7 0.129618 3.84059e-13 0.870349 -3.78796e-13 0.0248402 0.00245485
11.8 0.128289 3.98597e-13 0.871678 -3.88807e-13 0.0226414 0.00201655
11.9 0.126983 3.99634e-13 0.872984 -3.92346e-13 0.0206719 0.00166154
12 0.125695 4.1497e-13 0.874272 -4.02153e-13 0.0189039 0.00139375
12.1 0.124427 -6.18248e-14 0.875541 -1.14727e-13 0.0173099 0.00121599
12.2 0.123175 1.0399e-12 0.876792 -1.07355e-12 0.0158593 0.00112791
12.3 0.121938 8.50427e-13 0.878031 -8.59455e-13 0.0145256 0.00111936
12.4 0.120713 7.3609e-13 0.879255 -7.59573e-13 0.0132834 0.00118025
12.5 0.119501 7.69008e-13 0.880467 -7.25283e-13 0.0121086 0.0012982
12.6 0.118304 4.98831e-13 0.881663 -4.20625e-13 0.0109886 0.00145005
12.7 0.117118 7.2555e-13 0.882849 -7.03576e-13 0.00990558 0.00162232
12.8 0.115945 6.74297e-13 0.884022 -6.57502e-13 0.00885495 0.00179575
12.9 0.114781 7.17686e-13 0.885186 -7.18847e-13 0.00783265 0.001954
13 0.11363 7.22681e-13 0.886337 -7.19672e-13 0.00683762 0.00207808
13.1 0.112493 7.31368e-13 0.887473 -7.23088e-13 0.00587422 0.0021532
13.2 0.111368 7.62361e-13 0.888598 -7.40668e-13 0.00495102 0.00216974
13.3 0.110255 7.87188e-13 0.889711 -7.65398e-13 0.00407774 0.0021222
13.4 0.109154 7.98056e-13 0.890811 -7.49501e-13 0.0032655 0.00200553
13.5 0.108067 8.57011e-13 0.891898 -8.13276e-13 0.002527 0.00182464
13.6 0.10699 8.95548e-13 0.892976 -8.6174e-13 0.00187311 0.00158731
13.7 0.105926 9.28263e-13 0.89404 -8.89414e-13 0.00130965 0.00130239
13.8 0.104871 9.22643e-13 0.895095 -8.98221e-13 0.000846507 0.000978275
13.9 0.103828 9.23521e-13 0.896138 -8.96944e-13 0.00048772 0.000631574
14 0.102794 9.24192e-13 0.897172 -9.04737e-13 0.000233677 0.000279059
14.1 0.101772 9.11634e-13 0.898194 -8.95865e-13 8.16869e-05 -6.22027e-05
14.2 0.10076 9.16724e-13 0.899206 -8.97249e-13 2.23608e-05 -0.000377412
14.3 0.0997586 8.85398e-13 0.900207 -8.55001e-13 4.99978e-05 -0.000647807
14.4 0.0987672 8.85907e-13 0.901198 -8.62816e-13 0.000146335 -0.000864171
14.5 0.0977857 8.64059e-13 0.902179 -8.47548e-13 0.00029697 -0.00101473
14.6 0.0968138 9.81498e-13 0.90315 -9.52898e-13 0.000483185 -0.00109319
14.7 0.0958519 1.02592e-12 0.904112 -1.00049e-12 0.00068742 -0.00110014
14.8 0.0949003 8.93199e-13 0.905064 -9.42148e-13 0.000890556 -0.00103339
14.9 0.0939571 7.95016e-13 0.906007 -8.05165e-13 0.00107733 -0.000903375
15 0.0930241 8.00208e-13 0.90694 -7.96618e-13 0.00123237 -0.000715948
15.1 0.0920994 8.30115e-13 0.907865 -8.20309e-13 0.00134298 -0.000482921
15.2 0.0911839 8.00264e-13 0.90878 -8.04539e-13 0.00139717 -0.00021872
15.3 0.0902779 7.93226e-13 0.909687 -7.93803e-13 0.00139056 6.09017e-05
15.4 0.0893811 1.26133e-12 0.910583 -1.29017e-12 0.00132122 0.000336334
15.5 0.0884936 1.04812e-12 0.911471 -1.05321e-12 0.00119247 0.000597812
15.6 0.0876147 1.01637e-12 0.91235 -1.02316e-12 0.00100658 0.000826801
15.7 0.0867441 9.60191e-13 0.91322 -9.69195e-13 0.000774229 0.00100962
15.8 0.0858832 9.3277e-13 0.914081 -9.33677e-13 0.000507456 0.0011372
15.9 0.0850302 1.21473e-12 0.914934 -1.34211e-12 0.00021919 0.00120152
16 0.0841856 1.1921e-12 0.915779 -1.23461e-12 -7.21159e-05 0.00119731
16.1 0.0833493 1.13633e-12 0.916615 -1.17448e-12 -0.000352403 0.00112572
16.2 0.0825214 1.03797e-12 0.917444 -1.13691e-12 -0.000605529 0.000993668
16.3 0.0817014 9.64442e-13 0.918263 -1.0702e-12 -0.000819827 0.00080639
16.4 0.0808899 9.52839e-13 0.919075 -1.05356e-12 -0.000983227 0.000576404
16.5 0.0800863 1.10156e-12 0.919878 -9.13689e-13 -0.00108795 0.000317489
16.6 0.0792905 1.00005e-12 0.920674 -1.00843e-12 -0.00112734 4.15832e-05
16.7 0.0785028 9.76965e-13 0.921461 -1.0157e-12 -0.00109934 -0.00023392
16.8 0.0777238 9.29443e-13 0.922241 -9.72224e-13 -0.00100901 -0.000492611
16.9 0.0769514 9.43325e-13 0.923013 -9.88095e-13 -0.000861858 -0.00072165
17 0.0761873 1.00077e-12 0.923777 -1.00667e-12 -0.000663451 -0.000909333
17.1 0.0754306 9.91221e-13 0.924534 -1.05028e-12 -0.0004277 -0.00104367
17.2 0.0746819 1.2494e-12 0.925283 -1.2907e-12 -0.000168229 -0.00111505
17.3 0.0739401 1.19046e-12 0.926025 -1.22461e-12 9.96174e-05 -0.00112067
17.4 0.0732045 1.04337e-12 0.92676 -1.1199e-12 0.000358938 -0.00106315
17.5 0.0724765 9.40433e-13 0.927488 -9.95307e-13 0.000596116 -0.000944757
17.6 0.071756 8.86884e-13 0.928209 -9.51801e-13 0.000797113 -0.000773394
17.7 0.0710426 8.43315e-13 0.928922 -8.81221e-13 0.000951698 -0.000559618
17.8 0.0703355 7.89105e-13 0.929629 -7.74346e-13 0.00104912 -0.000314892
17.9 0.0696366 8.05344e-13 0.930328 -8.20202e-13 0.00108747 -5.53059e-05
18 0.0689447 9.41697e-13 0.93102 -6.48367e-13 0.00106477 0.000204977
18.1 0.0682593 6.35669e-13 0.931706 -1.37816e-12 0.000981052 0.000451916
18.2 0.0675795 6.66826e-13 0.932384 -1.18542e-12 0.000842749 0.000673032
18.3 0.066908 9.06632e-13 0.933056 -1.04007e-12 0.000656397 0.000854642
18.4 0.0662429 8.26989e-13 0.933722 -8.29512e-13 0.000431872 0.000985436
18.5 0.065584 9.27442e-13 0.934381 -7.6574e-13 0.000186436 0.00105681
18.6 0.0649316 8.8925e-13 0.935033 -7.23882e-13 -6.79844e-05 0.00106784
18.7 0.0642862 8.80018e-13 0.935679 -6.98724e-13 -0.000316558 0.00101838
18.8 0.0636471 8.79318e-13 0.936319 -6.84781e-13 -0.00054487 0.00091128
18.9 0.0630143 1.76424e-12 0.936952 6.43091e-14 -0.000740334 0.000752585
19 0.0623877 1.0786e-12 0.937578 -5.25272e-13 -0.000891268 0.000552959
19.1 0.0617678 8.89858e-13 0.938198 -7.59246e-13 -0.000992498 0.000324173
19.2 0.0611538 8.51366e-13 0.938812 -8.00362e-13 -0.00103458 7.88678e-05
19.3 0.0605456 7.99216e-13 0.93942 -8.90549e-13 -0.00101821 -0.000168581
19.4 0.0599431 7.84167e-13 0.940023 -8.1296e-13 -0.000943784 -0.000405531
19.5 0.0593468 7.80532e-13 0.94062 -7.66479e-13 -0.000816579 -0.000617259
19.6 0.0587563 7.6561e-13 0.94121 -8.8234e-13 -0.00064387 -0.000792098
19.7 0.0581719 -1.77279e-13 0.941794 -4.58793e-12 -0.000434002 -0.000920888
19.8 0.0575925 7.53832e-13 0.942372 -9.38238e-13 -0.000203148 -0.000997381
19.9 0.0570201 7.15596e-13 0.942945 -6.43962e-13 3.90275e-05 -0.00101534
20 0.056453 1.24043e-12 0.943511 4.69507e-13 0.000277468 -0.000975435
