0 0 0 1 0 0 0
0.01 0.000199973 9.76856e-25 0.9998 1.99291e-22 1.57873e-19 1.14936e-15
0.02 0.000799741 3.90671e-24 0.9992 1.98703e-22 3.15671e-19 2.29793e-15
0.03 0.00179883 -7.75231e-23 0.998201 2.62935e-22 4.73272e-19 3.43159e-15
0.04 0.00319646 4.57669e-23 0.996803 5.79808e-23 6.30546e-19 4.56087e-15
0.05 0.00499152 4.88653e-23 0.995008 3.48515e-24 7.87306e-19 5.59165e-15
0.06 0.00718259 -1.33705e-22 0.992817 1.09286e-23 9.43475e-19 6.59637e-15
0.07 0.00976792 -1.56393e-22 0.990232 1.30573e-23 1.09888e-18 7.52407e-15
0.08 0.0127455 -1.03935e-21 0.987255 1.87106e-21 1.25345e-18 8.39537e-15
0.09 0.0161128 -1.06592e-20 0.983887 3.53354e-21 1.43095e-18 9.21917e-15
0.1 0.0198673 -5.39418e-20 0.980133 6.0094e-20 1.59449e-18 1.00072e-14
0.11 0.024006 -9.5564e-20 0.975995 1.13446e-19 1.80234e-18 1.08286e-14
0.12 0.0285252 -1.54636e-19 0.971476 1.66805e-19 2.05446e-18 1.16123e-14
0.13 0.0334215 -2.13264e-19 0.966579 2.19824e-19 2.35064e-18 1.2382e-14
0.14 0.0386909 -2.72244e-19 0.96131 2.72881e-19 2.69056e-18 1.31132e-14
0.15 0.0443294 -3.30997e-19 0.955671 3.25967e-19 3.07404e-18 1.37987e-14
0.16 0.0503323 -3.89346e-19 0.949668 3.78673e-19 3.50045e-18 1.44701e-14
0.17 0.0566949 -4.47295e-19 0.943305 4.31204e-19 3.96948e-18 1.51848e-14
0.18 0.0634121 -5.03225e-19 0.936588 4.83712e-19 4.47907e-18 1.59256e-14
0.19 0.0704787 -5.56668e-19 0.929521 5.36737e-19 5.02882e-18 1.66228e-14
0.2 0.077889 -6.09483e-19 0.922111 5.89852e-19 5.61997e-18 1.7276e-14
0.21 0.0856369 -6.62264e-19 0.914363 6.42472e-19 6.25251e-18 1.78949e-14
0.22 0.0937162 -7.13252e-19 0.906284 6.93262e-19 6.92784e-18 1.84753e-14
0.23 0.102121 -7.653e-19 0.897879 7.43795e-19 7.6448e-18 1.89977e-14
0.24 0.110843 -8.16684e-19 0.889157 7.9518e-19 8.39835e-18 1.94907e-14
0.25 0.119877 -8.67935e-19 0.880123 8.46702e-19 9.19063e-18 1.99158e-14
0.26 0.129215 -9.18122e-19 0.870785 8.97057e-19 1.0021e-17 2.03e-14
0.27 0.13885 -9.68076e-19 0.86115 9.47201e-19 1.08887e-17 2.06723e-14
0.28 0.148773 -1.0176e-18 0.851227 9.9705e-19 1.17921e-17 2.10374e-14
0.29 0.158978 -1.06103e-18 0.841022 1.04202e-18 1.27338e-17 2.13601e-14
0.3 0.169455 -1.10858e-18 0.830545 1.08987e-18 1.37052e-17 2.1659e-14
0.31 0.180197 -1.15388e-18 0.819803 1.13507e-18 1.47129e-17 2.19156e-14
0.32 0.191194 -1.2023e-18 0.808806 1.18378e-18 1.5756e-17 2.21278e-14
0.33 0.202439 -1.24854e-18 0.797561 1.23003e-18 1.68321e-17 2.23061e-14
0.34 0.213922 -1.29903e-18 0.786078 1.28056e-18 1.79449e-17 2.24655e-14
0.35 0.225633 -1.34988e-18 0.774367 1.33116e-18 1.90868e-17 2.26177e-14
0.36 0.237564 -1.39944e-18 0.762436 1.38174e-18 2.02579e-17 2.27166e-14
0.37 0.249705 -1.45053e-18 0.750295 1.43323e-18 2.14576e-17 2.28005e-14
0.38 0.262046 -1.50131e-18 0.737954 1.48386e-18 2.26846e-17 2.28522e-14
0.39 0.274577 -1.54988e-18 0.725423 1.53275e-18 2.39387e-17 2.28538e-14
0.4 0.287289 -1.59807e-18 0.712711 1.58166e-18 2.52186e-17 2.28464e-14
0.41 0.300171 -1.64004e-18 0.699829 1.61799e-18 2.65038e-17 2.28009e-14
0.42 0.313213 -1.68e-18 0.686787 1.6585e-18 2.78092e-17 2.27284e-14
0.43 0.326404 -1.71469e-18 0.673596 1.69326e-18 2.9137e-17 2.25973e-14
0.44 0.339734 -1.74706e-18 0.660266 1.72543e-18 3.04959e-17 2.24489e-14
0.45 0.353192 -1.77757e-18 0.646808 1.75513e-18 3.18784e-17 2.22799e-14
0.46 0.366768 -1.80588e-18 0.633232 1.7836e-18 3.328e-17 2.2073e-14
0.47 0.38045 -1.83114e-18 0.61955 1.80916e-18 3.46995e-17 2.18537e-14
0.48 0.394228 -1.85443e-18 0.605772 1.83212e-18 3.61352e-17 2.16436e-14
0.49 0.408091 -1.8759e-18 0.591909 1.85413e-18 3.75879e-17 2.14171e-14
0.5 0.422027 -1.8965e-18 0.577973 1.87482e-18 3.90539e-17 2.1195e-14
0.51 0.436025 -1.91671e-18 0.563975 1.89293e-18 4.05236e-17 2.09413e-14
0.52 0.450075 -1.9414e-18 0.549925 1.9166e-18 4.19944e-17 2.06685e-14
0.53 0.464164 -1.96128e-18 0.535836 1.93463e-18 4.34833e-17 2.03546e-14
0.54 0.478282 -1.98054e-18 0.521718 1.95325e-18 4.49846e-17 2.00148e-14
0.55 0.492418 -1.99465e-18 0.507582 1.9681e-18 4.64977e-17 1.9631e-14
0.56 0.50656 -2.00824e-18 0.49344 1.98167e-18 4.80215e-17 1.92319e-14
0.57 0.520696 -2.02765e-18 0.479304 2.00152e-18 4.95437e-17 1.88285e-14
0.58 0.534816 -2.03931e-18 0.465184 2.02125e-18 5.11182e-17 1.84163e-14
0.59 0.548908 -2.0489e-18 0.451092 2.02511e-18 5.27428e-17 1.79894e-14
0.6 0.562961 -2.02726e-18 0.437039 1.99108e-18 5.44562e-17 1.75518e-14
0.61 0.576963 -2.06403e-18 0.423037 2.03326e-18 5.619e-17 1.70783e-14
0.62 0.590904 -2.11417e-18 0.409096 2.09479e-18 5.79878e-17 1.65823e-14
0.63 0.604772 -2.11892e-18 0.395228 2.0184e-18 5.98891e-17 1.60845e-14
0.64 0.618557 -1.78892e-18 0.381443 1.67193e-18 6.18622e-17 1.55884e-14
0.65 0.632246 -9.57521e-20 0.367754 -1.65806e-19 6.52457e-17 1.50852e-14
0.66 0.64583 2.01257e-18 0.35417 -2.27397e-18 6.86376e-17 1.45305e-14
0.67 0.659297 4.11879e-18 0.340703 -4.37973e-18 7.20339e-17 1.39684e-14
0.68 0.672637 6.22052e-18 0.327363 -6.48429e-18 7.54371e-17 1.33477e-14
0.69 0.685838 8.32269e-18 0.314162 -8.58634e-18 7.88313e-17 1.27246e-14
0.7 0.698891 1.03829e-17 0.301109 -1.06599e-17 8.21549e-17 1.20734e-14
0.71 0.711785 1.2441e-17 0.288215 -1.27199e-17 8.54801e-17 1.14311e-14
0.72 0.724509 1.4489e-17 0.275491 -1.47681e-17 8.87936e-17 1.07656e-14
0.73 0.737054 1.65245e-17 0.262946 -1.68047e-17 9.21017e-17 1.0131e-14
0.74 0.749409 1.85456e-17 0.250591 -1.88235e-17 9.5404e-17 9.49855e-15
0.75 0.761565 2.04916e-17 0.238435 -2.07666e-17 9.86429e-17 8.85163e-15
0.76 0.773512 2.24346e-17 0.226488 -2.26981e-17 1.01868e-16 8.21353e-15
0.77 0.785239 2.43526e-17 0.214761 -2.45978e-17 1.05002e-16 7.58316e-15
0.78 0.796739 2.61128e-17 0.203261 -2.63978e-17 1.08046e-16 6.94115e-15
0.79 0.808001 2.78619e-17 0.191999 -2.81472e-17 1.11075e-16 6.30646e-15
0.8 0.819016 2.95875e-17 0.180984 -2.98729e-17 1.14084e-16 5.63197e-15
0.81 0.829777 3.12903e-17 0.170223 -3.15753e-17 1.17084e-16 4.93259e-15
0.82 0.840274 3.29664e-17 0.159726 -3.32517e-17 1.20053e-16 4.26601e-15
0.83 0.850498 3.46162e-17 0.149502 -3.49018e-17 1.22996e-16 3.5456e-15
0.84 0.860442 3.62401e-17 0.139558 -3.65254e-17 1.25914e-16 2.81276e-15
0.85 0.870098 3.78514e-17 0.129902 -3.81301e-17 1.28791e-16 2.06286e-15
0.86 0.879458 3.94253e-17 0.120542 -3.9704e-17 1.31638e-16 1.2883e-15
0.87 0.888514 4.09641e-17 0.111486 -4.12428e-17 1.34454e-16 5.13253e-16
0.88 0.897259 4.24714e-17 0.102741 -4.275e-17 1.37239e-16 -2.70467e-16
0.89 0.905687 4.39438e-17 0.0943131 -4.42223e-17 1.39992e-16 -1.08911e-15
0.9 0.91379 4.53819e-17 0.08621 -4.56601e-17 1.42709e-16 -1.89826e-15
0.91 0.921562 4.67886e-17 0.0784379 -4.70669e-17 1.45387e-16 -2.69721e-15
0.92 0.928997 4.81566e-17 0.0710031 -4.8435e-17 1.48026e-16 -3.54587e-15
0.93 0.936089 4.94866e-17 0.0639114 -4.97649e-17 1.50629e-16 -4.37946e-15
0.94 0.942831 5.07764e-17 0.0571686 -5.10547e-17 1.53192e-16 -5.2425e-15
0.95 0.94922 5.20265e-17 0.05078 -5.23045e-17 1.55721e-16 -6.09769e-15
0.96 0.955249 5.32391e-17 0.0447507 -5.35164e-17 1.58213e-16 -6.95051e-15
0.97 0.960914 5.441e-17 0.0390857 -5.46874e-17 1.60667e-16 -7.83366e-15
0.98 0.966211 5.55387e-17 0.0337893 -5.58163e-17 1.6307e-16 -8.71486e-15
0.99 0.971134 5.6623e-17 0.0288659 -5.69006e-17 1.65427e-16 -9.64594e-15
1 0.975681 5.76611e-17 0.0243193 -5.79386e-17 1.67726e-16 -1.05496e-14
1.01 0.979847 5.86513e-17 0.0201533 -5.89293e-17 1.69978e-16 -1.14995e-14
1.02 0.983629 5.95948e-17 0.0163711 -5.98727e-17 1.72185e-16 -1.24703e-14
1.03 0.987024 6.04903e-17 0.0129758 -6.07681e-17 1.74345e-16 -1.34869e-14
1.04 0.99003 6.13371e-17 0.00997013 -6.16145e-17 1.76442e-16 -1.45195e-14
1.05 0.992644 6.21349e-17 0.00735642 -6.24123e-17 1.78483e-16 -1.55887e-14
1.06 0.994863 6.28826e-17 0.0051368 -6.31601e-17 1.80484e-16 -1.66613e-14
1.07 0.996687 6.35812e-17 0.00331304 -6.38585e-17 1.82463e-16 -1.78027e-14
1.08 0.998113 6.42288e-17 0.0018866 -6.45061e-17 1.84388e-16 -1.88861e-14
1.09 0.999141 6.48252e-17 0.000858625 -6.51026e-17 1.86247e-16 -1.99587e-14
1.1 0.99977 6.53697e-17 0.000229934 -6.56471e-17 1.88049e-16 -2.10015e-14
1.11 0.999999 6.58619e-17 1.03136e-06 -6.61393e-17 1.89795e-16 -2.2048e-14
1.12 0.999828 6.63016e-17 0.000172099 -6.6579e-17 1.91486e-16 -2.30611e-14
1.13 0.999257 6.66882e-17 0.000743001 -6.69655e-17 1.93132e-16 -2.40597e-14
1.14 0.998287 6.70211e-17 0.00171328 -6.72985e-17 1.94684e-16 -2.50307e-14
1.15 0.996918 6.73009e-17 0.00308216 -6.75782e-17 1.96169e-16 -2.59728e-14
1.16 0.995151 6.75268e-17 0.00484855 -6.78047e-17 1.97604e-16 -2.69408e-14
1.17 0.992989 6.77004e-17 0.00701103 -6.79785e-17 1.99064e-16 -2.79023e-14
1.18 0.990432 6.78211e-17 0.00956787 -6.80992e-17 2.00456e-16 -2.8841e-14
1.19 0.987483 6.78878e-17 0.012517 -6.81657e-17 2.01779e-16 -2.97309e-14
1.2 0.984144 6.78994e-17 0.0158561 -6.81773e-17 2.0305e-16 -3.06145e-14
1.21 0.980417 6.78555e-17 0.0195826 -6.81336e-17 2.04267e-16 -3.1499e-14
1.22 0.976307 6.77569e-17 0.0236933 -6.80352e-17 2.05415e-16 -3.2337e-14
1.23 0.971815 6.76036e-17 0.028185 -6.78819e-17 2.06507e-16 -3.31879e-14
1.24 0.966946 6.73993e-17 0.0330542 -6.76753e-17 2.0758e-16 -3.40305e-14
1.25 0.961703 6.71411e-17 0.0382968 -6.74169e-17 2.08589e-16 -3.48924e-14
1.26 0.956091 6.68274e-17 0.0439089 -6.71034e-17 2.0953e-16 -3.57866e-14
1.27 0.950114 6.64601e-17 0.0498857 -6.6736e-17 2.10406e-16 -3.6706e-14
1.28 0.943777 6.60388e-17 0.0562227 -6.63161e-17 2.11231e-16 -3.7656e-14
1.29 0.937085 6.55657e-17 0.0629146 -6.58421e-17 2.11993e-16 -3.8611e-14
1.3 0.930044 6.50384e-17 0.0699562 -6.53144e-17 2.12689e-16 -3.9553e-14
1.31 0.922658 6.44591e-17 0.0773418 -6.4735e-17 2.13322e-16 -4.0503e-14
1.32 0.914935 6.38273e-17 0.0850655 -6.41031e-17 2.13901e-16 -4.14487e-14
1.33 0.906879 6.31468e-17 0.0931211 -6.34221e-17 2.14413e-16 -4.23486e-14
1.34 0.898498 6.24128e-17 0.101502 -6.26891e-17 2.14862e-16 -4.32469e-14
1.35 0.889798 6.16296e-17 0.110202 -6.19064e-17 2.15254e-16 -4.41511e-14
1.36 0.880786 6.0792e-17 0.119214 -6.10698e-17 2.15593e-16 -4.50735e-14
1.37 0.87147 5.9905e-17 0.12853 -6.01835e-17 2.15871e-16 -4.59867e-14
1.38 0.861857 5.89692e-17 0.138143 -5.92481e-17 2.16088e-16 -4.69137e-14
1.39 0.851954 5.79924e-17 0.148046 -5.82708e-17 2.16236e-16 -4.78771e-14
1.4 0.841769 5.69598e-17 0.158231 -5.72437e-17 2.1631e-16 -4.88316e-14
1.41 0.831311 5.58791e-17 0.168689 -5.61709e-17 2.16142e-16 -4.97474e-14
1.42 0.820588 5.47539e-17 0.179412 -5.50458e-17 2.15923e-16 -5.07229e-14
1.43 0.809609 5.35817e-17 0.190391 -5.38742e-17 2.1564e-16 -5.1718e-14
1.44 0.798382 5.23675e-17 0.201618 -5.2659e-17 2.15289e-16 -5.27227e-14
1.45 0.786916 5.11092e-17 0.213084 -5.14004e-17 2.14878e-16 -5.37304e-14
1.46 0.775221 4.9809e-17 0.224779 -5.01006e-17 2.14414e-16 -5.47545e-14
1.47 0.763306 4.84667e-17 0.236694 -4.87613e-17 2.13892e-16 -5.57667e-14
1.48 0.75118 4.70888e-17 0.24882 -4.7384e-17 2.13313e-16 -5.67764e-14
1.49 0.738853 4.56747e-17 0.261147 -4.59688e-17 2.12674e-16 -5.77925e-14
1.5 0.726335 4.42202e-17 0.273665 -4.45162e-17 2.11976e-16 -5.88158e-14
1.51 0.713636 4.27247e-17 0.286364 -4.30229e-17 2.11221e-16 -5.98417e-14
1.52 0.700766 4.11911e-17 0.299234 -4.14902e-17 2.1041e-16 -6.08951e-14
1.53 0.687735 3.96237e-17 0.312265 -3.99231e-17 2.09546e-16 -6.19504e-14
1.54 0.674555 3.80214e-17 0.325445 -3.8321e-17 2.08627e-16 -6.29851e-14
1.55 0.661234 3.63896e-17 0.338766 -3.66901e-17 2.07642e-16 -6.40326e-14
1.56 0.647785 3.4731e-17 0.352215 -3.50317e-17 2.06609e-16 -6.5101e-14
1.57 0.634217 3.30459e-17 0.365783 -3.33468e-17 2.05524e-16 -6.62029e-14
1.58 0.620542 3.13313e-17 0.379458 -3.16336e-17 2.04389e-16 -6.73339e-14
1.59 0.606771 2.95916e-17 0.393229 -2.9893e-17 2.03208e-16 -6.84993e-14
1.6 0.592914 2.78277e-17 0.407086 -2.81277e-17 2.01974e-16 -6.96928e-14
1.61 0.578983 2.60442e-17 0.421017 -2.63431e-17 2.00687e-16 -7.09141e-14
1.62 0.564989 2.4244e-17 0.435011 -2.45414e-17 1.99356e-16 -7.21648e-14
1.63 0.550943 2.24291e-17 0.449057 -2.27224e-17 1.97972e-16 -7.34574e-14
1.64 0.536856 2.05865e-17 0.463144 -2.08794e-17 1.96541e-16 -7.47817e-14
1.65 0.522739 1.87232e-17 0.477261 -1.90158e-17 1.95066e-16 -7.61423e-14
1.66 0.508604 1.68423e-17 0.491396 -1.71345e-17 1.93546e-16 -7.75104e-14
1.67 0.494463 1.49465e-17 0.505537 -1.52393e-17 1.9198e-16 -7.89218e-14
1.68 0.480326 1.30436e-17 0.519674 -1.33378e-17 1.90368e-16 -8.03606e-14
1.69 0.466204 1.113e-17 0.533796 -1.14263e-17 1.88715e-16 -8.18158e-14
1.7 0.45211 9.21157e-18 0.54789 -9.50775e-18 1.87025e-16 -8.33031e-14
1.71 0.438054 7.28429e-18 0.561946 -7.58111e-18 1.85297e-16 -8.48182e-14
1.72 0.424047 5.34914e-18 0.575953 -5.64194e-18 1.83529e-16 -8.63858e-14
1.73 0.410102 3.41212e-18 0.589898 -3.70418e-18 1.81724e-16 -8.79827e-14
1.74 0.396228 1.47369e-18 0.603772 -1.76614e-18 1.79877e-16 -8.96038e-14
1.75 0.382437 -4.68029e-19 0.617563 1.7571e-19 1.77994e-16 -9.12579e-14
1.76 0.36874 -2.38099e-18 0.63126 2.10976e-18 1.76074e-16 -9.29076e-14
1.77 0.355148 -3.96377e-18 0.644852 3.17322e-18 1.74076e-16 -9.45857e-14
1.78 0.341673 -5.12172e-18 0.658327 4.33796e-18 1.72063e-16 -9.62859e-14
1.79 0.328323 -6.28332e-18 0.671677 5.49942e-18 1.70015e-16 -9.7982e-14
1.8 0.315111 -7.43801e-18 0.684889 6.65561e-18 1.67938e-16 -9.9694e-14
1.81 0.302047 -8.58903e-18 0.697953 7.80666e-18 1.65829e-16 -1.01419e-13
1.82 0.289142 -9.73616e-18 0.710858 8.95528e-18 1.63683e-16 -1.03131e-13
1.83 0.276405 -1.08745e-17 0.723595 1.00934e-17 1.61502e-16 -1.04837e-13
1.84 0.263847 -1.20064e-17 0.736153 1.12246e-17 1.5929e-16 -1.06554e-13
1.85 0.251477 -1.31409e-17 0.748523 1.23579e-17 1.5705e-16 -1.08271e-13
1.86 0.239307 -1.42571e-17 0.760693 1.34736e-17 1.54785e-16 -1.09982e-13
1.87 0.227345 -1.53544e-17 0.772655 1.45701e-17 1.52496e-16 -1.11695e-13
1.88 0.215601 -1.644e-17 0.784399 1.56562e-17 1.50182e-16 -1.13413e-13
1.89 0.204085 -1.75017e-17 0.795915 1.67191e-17 1.47851e-16 -1.15129e-13
1.9 0.192805 -1.85716e-17 0.807195 1.7785e-17 1.45488e-16 -1.16836e-13
1.91 0.181772 -1.96115e-17 0.818228 1.88255e-17 1.43096e-16 -1.18539e-13
1.92 0.170992 -2.06362e-17 0.829008 1.98481e-17 1.40676e-16 -1.20221e-13
1.93 0.160476 -2.16421e-17 0.839524 2.08549e-17 1.38231e-16 -1.21879e-13
1.94 0.150232 -2.2631e-17 0.849768 2.1845e-17 1.35763e-16 -1.23521e-13
1.95 0.140267 -2.36161e-17 0.859733 2.28268e-17 1.33274e-16 -1.25142e-13
1.96 0.13059 -2.45777e-17 0.86941 2.37865e-17 1.30762e-16 -1.26736e-13
1.97 0.121209 -2.55199e-17 0.878791 2.47288e-17 1.28231e-16 -1.28306e-13
1.98 0.112131 -2.64413e-17 0.887869 2.56504e-17 1.25682e-16 -1.29858e-13
1.99 0.103362 -2.73442e-17 0.896638 2.65524e-17 1.23117e-16 -1.31376e-13
2 0.0949116 -2.82247e-17 0.905088 2.74332e-17 1.2054e-16 -1.32871e-13
2.01 0.0867849 -2.90771e-17 0.913215 2.82873e-17 1.1795e-16 -1.34337e-13
2.02 0.0789886 -2.99056e-17 0.921011 2.9116e-17 1.15347e-16 -1.35773e-13
2.03 0.0715292 -3.07089e-17 0.928471 2.99196e-17 1.12733e-16 -1.37166e-13
2.04 0.0644125 -3.14899e-17 0.935587 3.06991e-17 1.10111e-16 -1.3852e-13
2.05 0.0576443 -3.22412e-17 0.942356 3.14498e-17 1.07482e-16 -1.39841e-13
2.06 0.0512299 -3.2961e-17 0.94877 3.21754e-17 1.04849e-16 -1.41121e-13
2.07 0.0451745 -3.36523e-17 0.954826 3.28678e-17 1.02213e-16 -1.4237e-13
2.08 0.0394829 -3.43151e-17 0.960517 3.35316e-17 9.95749e-17 -1.43563e-13
2.09 0.0341598 -3.49582e-17 0.96584 3.41709e-17 9.69342e-17 -1.44706e-13
2.1 0.0292093 -3.55686e-17 0.970791 3.47811e-17 9.42982e-17 -1.45812e-13
2.11 0.0246353 -3.61505e-17 0.975365 3.53616e-17 9.16665e-17 -1.46869e-13
2.12 0.0204417 -3.66984e-17 0.979558 3.59109e-17 8.90425e-17 -1.47875e-13
2.13 0.0166317 -3.72134e-17 0.983368 3.64258e-17 8.64267e-17 -1.48826e-13
2.14 0.0132083 -3.76976e-17 0.986792 3.69103e-17 8.38207e-17 -1.49728e-13
2.15 0.0101743 -3.81505e-17 0.989826 3.73631e-17 8.12255e-17 -1.50571e-13
2.16 0.0075322 -3.85725e-17 0.992468 3.77855e-17 7.86431e-17 -1.51371e-13
2.17 0.00528403 -3.89618e-17 0.994716 3.81742e-17 7.60781e-17 -1.521e-13
2.18 0.00343159 -3.93175e-17 0.996568 3.85306e-17 7.35309e-17 -1.5277e-13
2.19 0.00197638 -3.96408e-17 0.998024 3.88537e-17 7.10032e-17 -1.53376e-13
2.2 0.000919566 -3.99332e-17 0.99908 3.91462e-17 6.84947e-17 -1.53922e-13
2.21 0.000261985 -4.01929e-17 0.999738 3.94059e-17 6.60066e-17 -1.54406e-13
2.22 4.16625e-06 -4.04209e-17 0.999996 3.96338e-17 6.35403e-17 -1.54827e-13
2.23 0.000146316 -4.06172e-17 0.999854 3.98302e-17 6.10969e-17 -1.55172e-13
2.24 0.00068832 -4.078e-17 0.999312 3.99928e-17 5.86775e-17 -1.55466e-13
2.25 0.00162975 -4.09095e-17 0.99837 4.01226e-17 5.62834e-17 -1.5569e-13
2.26 0.00296984 -4.10077e-17 0.99703 4.02213e-17 5.39162e-17 -1.55862e-13
2.27 0.00470753 -4.10733e-17 0.995292 4.0287e-17 5.15764e-17 -1.55964e-13
2.28 0.00684142 -4.11075e-17 0.993159 4.03213e-17 4.92651e-17 -1.56e-13
2.29 0.00936982 -4.11096e-17 0.99063 4.03232e-17 4.69831e-17 -1.55974e-13
2.3 0.0122907 -4.10786e-17 0.987709 4.02921e-17 4.47313e-17 -1.55882e-13
2.31 0.0156017 -4.10152e-17 0.984398 4.023e-17 4.25113e-17 -1.55715e-13
2.32 0.0193002 -4.09211e-17 0.9807 4.01355e-17 4.0324e-17 -1.55485e-13
2.33 0.0233832 -4.07964e-17 0.976617 4.00108e-17 3.8171e-17 -1.55187e-13
2.34 0.0278475 -4.06366e-17 0.972152 3.98509e-17 3.60523e-17 -1.54823e-13
2.35 0.0326895 -4.04445e-17 0.96731 3.96593e-17 3.39693e-17 -1.54377e-13
2.36 0.0379053 -4.02192e-17 0.962095 3.9435e-17 3.19214e-17 -1.53867e-13
2.37 0.0434908 -3.99622e-17 0.956509 3.91764e-17 2.99103e-17 -1.53286e-13
2.38 0.0494415 -3.96671e-17 0.950559 3.88816e-17 2.79361e-17 -1.52629e-13
2.39 0.0557525 -3.93336e-17 0.944247 3.85487e-17 2.6001e-17 -1.5191e-13
2.4 0.062419 -3.8968e-17 0.937581 3.81851e-17 2.41047e-17 -1.51119e-13
2.41 0.0694355 -3.8585e-17 0.930565 3.78005e-17 2.22488e-17 -1.5027e-13
2.42 0.0767964 -3.81735e-17 0.923204 3.73901e-17 2.04344e-17 -1.49346e-13
2.43 0.0844958 -3.77399e-17 0.915504 3.69564e-17 1.86611e-17 -1.48346e-13
2.44 0.0925276 -3.72776e-17 0.907472 3.64926e-17 1.69289e-17 -1.47287e-13
2.45 0.100885 -3.68075e-17 0.899115 3.60439e-17 1.52395e-17 -1.46169e-13
2.46 0.109562 -3.62174e-17 0.890438 3.5467e-17 1.35782e-17 -1.44977e-13
2.47 0.118552 -3.56276e-17 0.881448 3.48792e-17 1.1963e-17 -1.43719e-13
2.48 0.127846 -3.5002e-17 0.872154 3.42696e-17 1.04039e-17 -1.42393e-13
2.49 0.137439 -3.43526e-17 0.862561 3.36595e-17 8.86597e-18 -1.41007e-13
2.5 0.147321 -3.35995e-17 0.852679 3.29002e-17 7.32721e-18 -1.39555e-13
2.51 0.157485 -3.28334e-17 0.842515 3.20382e-17 5.78666e-18 -1.38042e-13
2.52 0.167924 -3.19313e-17 0.832076 3.12182e-17 4.31266e-18 -1.36461e-13
2.53 0.178628 -3.0988e-17 0.821372 3.02746e-17 2.81848e-18 -1.34823e-13
2.54 0.189589 -3.00122e-17 0.810411 2.93011e-17 1.30476e-18 -1.33128e-13
2.55 0.200798 -2.90028e-17 0.799202 2.8294e-17 -2.21277e-19 -1.31377e-13
2.56 0.212247 -2.79609e-17 0.787753 2.72539e-17 -1.76481e-18 -1.29575e-13
2.57 0.223926 -2.69053e-17 0.776074 2.62007e-17 -3.32814e-18 -1.27718e-13
2.58 0.235826 -2.58216e-17 0.764174 2.51198e-17 -4.90939e-18 -1.25806e-13
2.59 0.247937 -2.471e-17 0.752063 2.40075e-17 -6.50442e-18 -1.23841e-13
2.6 0.260249 -2.35887e-17 0.739751 2.28864e-17 -8.12418e-18 -1.21822e-13
2.61 0.272754 -2.24536e-17 0.727246 2.17467e-17 -9.7617e-18 -1.1976e-13
2.62 0.28544 -2.1291e-17 0.71456 2.05808e-17 -1.14298e-17 -1.17637e-13
2.63 0.298298 -2.01058e-17 0.701702 1.93965e-17 -1.31229e-17 -1.15458e-13
2.64 0.311317 -1.89257e-17 0.688683 1.82083e-17 -1.47986e-17 -1.13233e-13
2.65 0.324488 -1.76466e-17 0.675512 1.69207e-17 -1.6432e-17 -1.10961e-13
2.66 0.337798 -1.63734e-17 0.662202 1.56124e-17 -1.81002e-17 -1.08639e-13
2.67 0.351239 -1.50481e-17 0.648761 1.4304e-17 -1.97798e-17 -1.06266e-13
2.68 0.364798 -1.37207e-17 0.635202 1.29921e-17 -2.14817e-17 -1.03845e-13
2.69 0.378466 -1.23812e-17 0.621534 1.16577e-17 -2.32027e-17 -1.01374e-13
2.7 0.39223 -1.10428e-17 0.60777 1.03221e-17 -2.49347e-17 -9.88581e-14
2.71 0.406081 -9.69228e-18 0.593919 8.97074e-18 -2.66749e-17 -9.63156e-14
2.72 0.420007 -8.32917e-18 0.579993 7.61023e-18 -2.84344e-17 -9.37441e-14
2.73 0.433997 -6.96165e-18 0.566003 6.24645e-18 -3.02134e-17 -9.11395e-14
2.74 0.44804 -5.56619e-18 0.55196 4.85229e-18 -3.20048e-17 -8.84924e-14
2.75 0.462125 -4.17316e-18 0.537875 3.46664e-18 -3.38033e-17 -8.58023e-14
2.76 0.476239 -2.79469e-18 0.523761 2.08586e-18 -3.56258e-17 -8.30933e-14
2.77 0.490373 -1.3992e-18 0.509627 6.94595e-19 -3.74588e-17 -8.03557e-14
2.78 0.504515 5.83125e-22 0.495485 -6.98095e-19 -3.92956e-17 -7.75938e-14
2.79 0.518653 1.50731e-18 0.481347 -2.1396e-18 -4.10785e-17 -7.47991e-14
2.8 0.532775 2.53842e-18 0.467225 -3.31133e-18 -4.22646e-17 -7.19582e-14
2.81 0.546872 3.48788e-18 0.453128 -4.25816e-18 -4.09442e-17 -6.90942e-14
2.82 0.560931 3.16514e-18 0.439069 -3.77471e-18 -3.91133e-17 -6.62203e-14
2.83 0.574942 2.48372e-18 0.425058 -3.09137e-18 -3.72513e-17 -6.33205e-14
2.84 0.588892 1.79973e-18 0.411108 -2.40942e-18 -3.53547e-17 -6.04006e-14
2.85 0.602772 1.11347e-18 0.397228 -1.72403e-18 -3.3434e-17 -5.74616e-14
2.86 0.616569 4.31381e-19 0.383431 -1.041e-18 -3.14806e-17 -5.4513e-14
2.87 0.630273 -2.52865e-19 0.369727 -3.57474e-19 -2.9496e-17 -5.15508e-14
2.88 0.643873 -9.32542e-19 0.356127 3.21733e-19 -2.74816e-17 -4.85787e-14
2.89 0.657357 -1.60767e-18 0.342643 9.96692e-19 -2.5429e-17 -4.56191e-14
2.9 0.670716 -2.28152e-18 0.329284 1.67185e-18 -2.33486e-17 -4.26432e-14
2.91 0.683938 -2.95174e-18 0.316062 2.34649e-18 -2.12406e-17 -3.96723e-14
2.92 0.697013 -3.61329e-18 0.302987 3.00817e-18 -1.9105e-17 -3.66831e-14
2.93 0.709931 -4.26787e-18 0.290069 3.66523e-18 -1.69316e-17 -3.37081e-14
2.94 0.72268 -4.9208e-18 0.27732 4.3173e-18 -1.47325e-17 -3.07349e-14
2.95 0.735252 -5.55693e-18 0.264748 4.95411e-18 -1.25073e-17 -2.77521e-14
2.96 0.747635 -6.20998e-18 0.252365 5.60951e-18 -1.02861e-17 -2.47633e-14
2.97 0.75982 -6.85361e-18 0.24018 6.25723e-18 -8.04495e-18 -2.17895e-14
2.98 0.771797 -7.49548e-18 0.228203 6.89861e-18 -5.78045e-18 -1.88223e-14
2.99 0.783557 -8.12505e-18 0.216443 7.52887e-18 -3.50422e-18 -1.58597e-14
3 0.79509 -8.75383e-18 0.20491 8.15922e-18 -1.21455e-18 -1.29035e-14
3.01 0.806387 -9.37558e-18 0.193613 8.78013e-18 1.08759e-18 -9.96621e-15
3.02 0.817439 -9.99145e-18 0.182561 9.39498e-18 3.41685e-18 -7.06319e-15
3.03 0.828237 -1.05998e-17 0.171763 1.0005e-17 5.7573e-18 -4.18273e-15
3.04 0.838772 -1.12033e-17 0.161228 1.0605e-17 8.10619e-18 -1.31942e-15
3.05 0.849037 -1.17951e-17 0.150963 1.11981e-17 1.04701e-17 1.52647e-15
3.06 0.859022 -1.23774e-17 0.140978 1.17811e-17 1.28488e-17 4.3515e-15
3.07 0.86872 -1.29484e-17 0.13128 1.23513e-17 1.523e-17 7.14723e-15
3.08 0.878123 -1.35067e-17 0.121877 1.29098e-17 1.76164e-17 9.94255e-15
3.09 0.887223 -1.40529e-17 0.112777 1.34555e-17 2.00156e-17 1.26953e-14
3.1 0.896014 -1.45887e-17 0.103986 1.39901e-17 2.2418e-17 1.54145e-14
3.11 0.904488 -1.51164e-17 0.0955118 1.45173e-17 2.48113e-17 1.81139e-14
3.12 0.912639 -1.56322e-17 0.0873614 1.50315e-17 2.72238e-17 2.08029e-14
3.13 0.920459 -1.61302e-17 0.0795411 1.55312e-17 2.96798e-17 2.3453e-14
3.14 0.927943 -1.66226e-17 0.0720571 1.60199e-17 3.21592e-17 2.6019e-14
3.15 0.935085 -1.70687e-17 0.0649154 1.6463e-17 3.44845e-17 2.8519e-14
3.16 0.941878 -1.7608e-17 0.0581218 1.7045e-17 3.71874e-17 3.095e-14
3.17 0.948318 -1.84222e-17 0.0516817 1.73662e-17 4.59635e-17 3.33361e-14
3.18 0.9544 -1.9076e-17 0.0456002 1.81676e-17 5.49505e-17 3.56838e-14
3.19 0.960118 -1.96029e-17 0.0398821 1.87231e-17 6.37887e-17 3.79832e-14
3.2 0.965468 -2.01865e-17 0.0345322 1.93074e-17 7.26611e-17 4.024e-14
3.21 0.970445 -2.07554e-17 0.0295546 1.98768e-17 8.15602e-17 4.24704e-14
3.22 0.975047 -2.13156e-17 0.0249533 2.04368e-17 9.04936e-17 4.4641e-14
3.23 0.979268 -2.18113e-17 0.0207321 2.10058e-17 9.94567e-17 4.67602e-14
3.24 0.983106 -2.2137e-17 0.0168942 2.13416e-17 1.08426e-16 4.88276e-14
3.25 0.986557 -2.24117e-17 0.0134428 2.16165e-17 1.17424e-16 5.08268e-14
3.26 0.989619 -2.26689e-17 0.0103806 2.18739e-17 1.2645e-16 5.27588e-14
3.27 0.99229 -2.29077e-17 0.00771003 2.2113e-17 1.35512e-16 5.46699e-14
3.28 0.994567 -2.31261e-17 0.00543331 2.23352e-17 1.44599e-16 5.6512e-14
3.29 0.996448 -2.33299e-17 0.00355221 2.25387e-17 1.53724e-16 5.83185e-14
3.3 0.997932 -2.35162e-17 0.00206824 2.27239e-17 1.62867e-16 6.00583e-14
3.31 0.999017 -2.36842e-17 0.000982582 2.28917e-17 1.72029e-16 6.17532e-14
3.32 0.999704 -2.38329e-17 0.000296114 2.30403e-17 1.81198e-16 6.33584e-14
3.33 0.999991 -2.39626e-17 9.38107e-06 2.31701e-17 1.90384e-16 6.48822e-14
3.34 0.999877 -2.40735e-17 0.000122612 2.32809e-17 1.99583e-16 6.63664e-14
3.35 0.999364 -2.41653e-17 0.000635717 2.33728e-17 2.08787e-16 6.7786e-14
3.36 0.998452 -2.42382e-17 0.00154829 2.34457e-17 2.18004e-16 6.91283e-14
3.37 0.99714 -2.42917e-17 0.00285959 2.34992e-17 2.2723e-16 7.04082e-14
3.38 0.995431 -2.43262e-17 0.00456857 2.35335e-17 2.3646e-16 7.1596e-14
3.39 0.993326 -2.43404e-17 0.00667387 2.35478e-17 2.45702e-16 7.27332e-14
3.4 0.990826 -2.4336e-17 0.00917381 2.35435e-17 2.54944e-16 7.3794e-14
3.41 0.987934 -2.43131e-17 0.0120664 2.35212e-17 2.64184e-16 7.47862e-14
3.42 0.984651 -2.42717e-17 0.0153493 2.34796e-17 2.73423e-16 7.56724e-14
3.43 0.98098 -2.42107e-17 0.0190198 2.34185e-17 2.82649e-16 7.64884e-14
3.44 0.976925 -2.41328e-17 0.0230752 2.33409e-17 2.91779e-16 7.72077e-14
3.45 0.972488 -2.40353e-17 0.027512 2.32446e-17 3.00904e-16 7.78595e-14
3.46 0.967673 -2.39116e-17 0.0323268 2.31294e-17 3.10008e-16 7.84382e-14
3.47 0.962484 -2.37811e-17 0.0375158 2.29963e-17 3.19088e-16 7.89572e-14
3.48 0.956925 -2.36301e-17 0.0430747 2.28429e-17 3.28149e-16 7.93806e-14
3.49 0.951001 -2.34449e-17 0.0489991 2.26597e-17 3.37139e-16 7.97055e-14
3.5 0.944716 -2.32775e-17 0.0552842 2.24294e-17 3.46122e-16 7.99364e-14
3.51 0.938075 -2.31564e-17 0.0619252 2.23155e-17 3.54714e-16 8.0104e-14
3.52 0.931083 -2.30724e-17 0.0689165 2.21486e-17 3.63388e-16 8.01775e-14
3.53 0.923747 -2.42113e-17 0.0762527 2.38951e-17 3.71492e-16 8.01796e-14
3.54 0.916072 -2.57909e-17 0.0839279 2.54746e-17 3.79734e-16 8.00842e-14
3.55 0.908064 -2.73488e-17 0.0919359 2.70322e-17 3.88109e-16 7.98977e-14
3.56 0.89973 -2.8885e-17 0.10027 2.85685e-17 3.96621e-16 7.96168e-14
3.57 0.891075 -3.03966e-17 0.108925 3.00802e-17 4.05263e-16 7.92243e-14
3.58 0.882108 -3.18829e-17 0.117892 3.15675e-17 4.14036e-16 7.87889e-14
3.59 0.872836 -3.33452e-17 0.127164 3.30302e-17 4.22934e-16 7.82532e-14
3.6 0.863265 -3.478e-17 0.136735 3.44647e-17 4.31956e-16 7.7634e-14
3.61 0.853403 -3.61866e-17 0.146597 3.58714e-17 4.41095e-16 7.6938e-14
3.62 0.843259 -3.75641e-17 0.156741 3.72488e-17 4.50351e-16 7.61581e-14
3.63 0.83284 -3.89097e-17 0.16716 3.85948e-17 4.59716e-16 7.53134e-14
3.64 0.822155 -4.02364e-17 0.177845 3.99078e-17 4.69196e-16 7.44158e-14
3.65 0.811212 -4.1519e-17 0.188788 4.11903e-17 4.78788e-16 7.34343e-14
3.66 0.800021 -4.27693e-17 0.199979 4.24404e-17 4.88492e-16 7.24034e-14
3.67 0.788589 -4.39858e-17 0.211411 4.36564e-17 4.98304e-16 7.12919e-14
3.68 0.776926 -4.51679e-17 0.223074 4.48379e-17 5.08216e-16 7.01111e-14
3.69 0.765042 -4.6313e-17 0.234958 4.5983e-17 5.18224e-16 6.8844e-14
3.7 0.752946 -4.74216e-17 0.247054 4.70925e-17 5.28326e-16 6.7503e-14
3.71 0.740647 -4.84913e-17 0.259353 4.81632e-17 5.38519e-16 6.61118e-14
3.72 0.728156 -4.95169e-17 0.271844 4.91919e-17 5.48796e-16 6.46533e-14
3.73 0.715483 -5.05037e-17 0.284517 5.01785e-17 5.59158e-16 6.31537e-14
3.74 0.702637 -5.14454e-17 0.297363 5.11215e-17 5.696e-16 6.15996e-14
3.75 0.689629 -5.2346e-17 0.310371 5.20219e-17 5.80115e-16 5.99818e-14
3.76 0.676469 -5.32057e-17 0.323531 5.28817e-17 5.90699e-16 5.83047e-14
3.77 0.663169 -5.40221e-17 0.336831 5.36982e-17 6.01352e-16 5.65792e-14
3.78 0.649737 -5.47934e-17 0.350263 5.44691e-17 6.12066e-16 5.48124e-14
3.79 0.636186 -5.55184e-17 0.363814 5.5195e-17 6.22837e-16 5.29852e-14
3.8 0.622526 -5.61978e-17 0.377474 5.58744e-17 6.33658e-16 5.10852e-14
3.81 0.608768 -5.68265e-17 0.391232 5.65029e-17 6.44528e-16 4.91161e-14
3.82 0.594923 -5.74087e-17 0.405077 5.70854e-17 6.55439e-16 4.70756e-14
3.83 0.581002 -5.7943e-17 0.418998 5.76206e-17 6.66388e-16 4.49672e-14
3.84 0.567016 -5.84334e-17 0.432984 5.81104e-17 6.7737e-16 4.28134e-14
3.85 0.552977 -5.8879e-17 0.447023 5.85558e-17 6.88382e-16 4.06015e-14
3.86 0.538895 -5.92807e-17 0.461105 5.89568e-17 6.99416e-16 3.8334e-14
3.87 0.524782 -5.96289e-17 0.475218 5.93063e-17 7.10467e-16 3.59981e-14
3.88 0.510649 -5.99274e-17 0.489351 5.96052e-17 7.21529e-16 3.36052e-14
3.89 0.496508 -6.01773e-17 0.503492 5.98542e-17 7.32599e-16 3.11477e-14
3.9 0.482369 -6.03807e-17 0.517631 6.00586e-17 7.43674e-16 2.86374e-14
3.91 0.468245 -6.05338e-17 0.531755 6.02127e-17 7.54747e-16 2.6064e-14
3.92 0.454146 -6.06382e-17 0.545854 6.03176e-17 7.65813e-16 2.3446e-14
3.93 0.440084 -6.06905e-17 0.559916 6.03704e-17 7.76857e-16 2.07775e-14
3.94 0.426069 -6.06969e-17 0.573931 6.03739e-17 7.87864e-16 1.80537e-14
3.95 0.412114 -6.06513e-17 0.587886 6.03278e-17 7.98829e-16 1.52757e-14
3.96 0.398229 -6.05578e-17 0.601771 6.02338e-17 8.09743e-16 1.24435e-14
3.97 0.384426 -6.04151e-17 0.615574 6.00903e-17 8.20603e-16 9.57023e-15
3.98 0.370715 -6.02186e-17 0.629285 5.99007e-17 8.31397e-16 6.64522e-15
3.99 0.357107 -5.9992e-17 0.642893 5.9673e-17 8.42123e-16 3.65207e-15
4 0.343614 -5.97075e-17 0.656386 5.93901e-17 8.5278e-16 6.06838e-16
4.01 0.330245 -5.93767e-17 0.669755 5.90614e-17 8.63362e-16 -2.48061e-15
4.02 0.317013 -5.89987e-17 0.682987 5.8683e-17 8.73865e-16 -5.61018e-15
4.03 0.303927 -5.85743e-17 0.696073 5.82588e-17 8.84281e-16 -8.77565e-15
4.04 0.290998 -5.80981e-17 0.709002 5.77855e-17 8.94607e-16 -1.19858e-14
4.05 0.278236 -5.75735e-17 0.721764 5.72604e-17 9.04822e-16 -1.52424e-14
4.06 0.265651 -5.70009e-17 0.734349 5.66884e-17 9.14905e-16 -1.855e-14
4.07 0.253254 -5.63855e-17 0.746746 5.60725e-17 9.24855e-16 -2.19082e-14
4.08 0.241054 -5.57242e-17 0.758946 5.54105e-17 9.3468e-16 -2.53001e-14
4.09 0.229061 -5.50143e-17 0.770939 5.47003e-17 9.44392e-16 -2.87261e-14
4.1 0.217286 -5.42594e-17 0.782714 5.39464e-17 9.53985e-16 -3.2177e-14
4.11 0.205736 -5.34565e-17 0.794264 5.31434e-17 9.63454e-16 -3.56627e-14
4.12 0.194422 -5.26109e-17 0.805578 5.22984e-17 9.72812e-16 -3.9164e-14
4.13 0.183352 -5.17169e-17 0.816648 5.14062e-17 9.82074e-16 -4.26829e-14
4.14 0.172535 -5.0785e-17 0.827465 5.04733e-17 9.91236e-16 -4.62216e-14
4.15 0.16198 -4.98101e-17 0.83802 4.94977e-17 1.00029e-15 -4.97729e-14
4.16 0.151696 -4.8786e-17 0.848304 4.84727e-17 1.00922e-15 -5.33394e-14
4.17 0.141691 -4.77202e-17 0.858309 4.74032e-17 1.01804e-15 -5.69165e-14
4.18 0.131972 -4.66078e-17 0.868028 4.62924e-17 1.02673e-15 -6.05061e-14
4.19 0.122547 -4.54501e-17 0.877453 4.51387e-17 1.03528e-15 -6.4103e-14
4.2 0.113424 -4.42689e-17 0.886576 4.39638e-17 1.04367e-15 -6.77046e-14
4.21 0.104611 -4.28464e-17 0.895389 4.28197e-17 1.05176e-15 -7.13044e-14
4.22 0.0961137 -4.17176e-17 0.903886 4.16835e-17 1.05948e-15 -7.4892e-14
4.23 0.0879397 -4.06431e-17 0.91206 4.04577e-17 1.06675e-15 -7.84622e-14
4.24 0.0800953 -3.96365e-17 0.919905 3.97105e-17 1.07354e-15 -8.20091e-14
4.25 0.0725868 -3.86325e-17 0.927413 3.86934e-17 1.08005e-15 -8.55352e-14
4.26 0.0654202 -3.76603e-17 0.93458 3.7736e-17 1.08672e-15 -8.90487e-14
4.27 0.0586012 -3.6849e-17 0.941399 3.69233e-17 1.09422e-15 -9.255e-14
4.28 0.0521353 -3.59912e-17 0.947865 3.60818e-17 1.10285e-15 -9.60411e-14
4.29 0.0460277 -3.49484e-17 0.953972 3.53977e-17 1.11137e-15 -9.95203e-14
4.3 0.0402833 -3.46742e-17 0.959717 3.49986e-17 1.11814e-15 -1.02993e-13
4.31 0.0349065 -3.44455e-17 0.965093 3.47803e-17 1.12326e-15 -1.06452e-13
4.32 0.0299019 -3.42055e-17 0.970098 3.45254e-17 1.12673e-15 -1.0989e-13
4.33 0.0252733 -3.39027e-17 0.974727 3.42301e-17 1.12854e-15 -1.13305e-13
4.34 0.0210244 -3.35653e-17 0.978976 3.39059e-17 1.12872e-15 -1.16691e-13
4.35 0.0171587 -3.31875e-17 0.982841 3.3544e-17 1.12734e-15 -1.20061e-13
4.36 0.0136793 -3.25977e-17 0.986321 3.29337e-17 1.12456e-15 -1.23419e-13
4.37 0.0105889 -3.20526e-17 0.989411 3.23884e-17 1.12061e-15 -1.26769e-13
4.38 0.00788993 -3.14816e-17 0.99211 3.18169e-17 1.11567e-15 -1.30099e-13
4.39 0.00558466 -3.0885e-17 0.994415 3.12243e-17 1.10974e-15 -1.33405e-13
4.4 0.0036749 -3.02666e-17 0.996325 3.06064e-17 1.10282e-15 -1.36673e-13
4.41 0.00216218 -2.96222e-17 0.997838 2.9964e-17 1.09492e-15 -1.39902e-13
4.42 0.00104769 -2.89554e-17 0.998952 2.92974e-17 1.08603e-15 -1.43095e-13
4.43 0.000332342 -2.82653e-17 0.999668 2.86073e-17 1.07617e-15 -1.46268e-13
4.44 1.66967e-05 -2.75521e-17 0.999983 2.7894e-17 1.06536e-15 -1.49424e-13
4.45 0.00010101 -2.68165e-17 0.999899 2.71585e-17 1.05358e-15 -1.52547e-13
4.46 0.000585214 -2.60591e-17 0.999415 2.6401e-17 1.04087e-15 -1.55636e-13
4.47 0.00146892 -2.52804e-17 0.998531 2.56223e-17 1.02723e-15 -1.58696e-13
4.48 0.00275143 -2.44813e-17 0.997249 2.48232e-17 1.01266e-15 -1.61721e-13
4.49 0.0044317 -2.3662e-17 0.995568 2.40038e-17 9.97195e-16 -1.64725e-13
4.5 0.0065084 -2.28231e-17 0.993492 2.3165e-17 9.80835e-16 -1.67708e-13
4.51 0.00897987 -2.19647e-17 0.99102 2.23068e-17 9.63596e-16 -1.70663e-13
4.52 0.0118441 -2.1089e-17 0.988156 2.1431e-17 9.45494e-16 -1.73592e-13
4.53 0.0150989 -2.01958e-17 0.984901 2.05379e-17 9.26544e-16 -1.76495e-13
4.54 0.0187415 -1.92877e-17 0.981258 1.96281e-17 9.06761e-16 -1.79367e-13
4.55 0.0227691 -1.83609e-17 0.977231 1.87038e-17 8.86164e-16 -1.82221e-13
4.56 0.0271785 -1.74217e-17 0.972821 1.77645e-17 8.64769e-16 -1.8505e-13
4.57 0.0319661 -1.64674e-17 0.968034 1.681e-17 8.42595e-16 -1.87857e-13
4.58 0.0371282 -1.54992e-17 0.962872 1.58415e-17 8.1966e-16 -1.90637e-13
4.59 0.0426604 -1.45158e-17 0.95734 1.48589e-17 7.95984e-16 -1.93385e-13
4.6 0.0485586 -1.35184e-17 0.951441 1.38632e-17 7.71589e-16 -1.96111e-13
4.61 0.0548178 -1.25068e-17 0.945182 1.28509e-17 7.46494e-16 -1.98824e-13
4.62 0.0614332 -1.1299e-17 0.938567 1.14608e-17 7.20722e-16 -2.01522e-13
4.63 0.0683994 -1.01074e-17 0.931601 1.02685e-17 6.94282e-16 -2.04204e-13
4.64 0.0757109 -8.90878e-18 0.924289 9.06919e-18 6.67204e-16 -2.06865e-13
4.65 0.0833618 -7.68342e-18 0.916638 7.8611e-18 6.39511e-16 -2.0951e-13
4.66 0.0913459 -6.46717e-18 0.908654 6.64636e-18 6.11223e-16 -2.12146e-13
4.67 0.099657 -5.24751e-18 0.900343 5.42701e-18 5.82363e-16 -2.14769e-13
4.68 0.108288 -4.02183e-18 0.891712 4.20186e-18 5.52955e-16 -2.17376e-13
4.69 0.117233 -2.78316e-18 0.882767 2.97172e-18 5.23023e-16 -2.19965e-13
4.7 0.126484 -1.55135e-18 0.873516 1.73978e-18 4.92591e-16 -2.22536e-13
4.71 0.136033 -3.16758e-19 0.863967 5.03882e-19 4.61681e-16 -2.25094e-13
4.72 0.145874 8.52737e-19 0.854126 -6.71812e-19 4.3033e-16 -2.27644e-13
4.73 0.155998 2.26366e-18 0.844002 -1.91264e-18 3.98545e-16 -2.30174e-13
4.74 0.166398 3.49988e-18 0.833602 -3.14833e-18 3.66579e-16 -2.32686e-13
4.75 0.177064 4.72734e-18 0.822936 -4.37914e-18 3.34372e-16 -2.35177e-13
4.76 0.187988 5.9547e-18 0.812012 -5.60795e-18 3.01951e-16 -2.37651e-13
4.77 0.199162 7.17976e-18 0.800838 -6.83316e-18 2.69338e-16 -2.40103e-13
4.78 0.210577 8.40235e-18 0.789423 -8.05366e-18 2.36548e-16 -2.42531e-13
4.79 0.222223 9.61651e-18 0.777777 -9.26833e-18 2.03603e-16 -2.44926e-13
4.8 0.234092 1.08229e-17 0.765908 -1.04752e-17 1.70524e-16 -2.473e-13
4.81 0.246173 1.20202e-17 0.753827 -1.16729e-17 1.37343e-16 -2.49652e-13
4.82 0.258457 1.32097e-17 0.741543 -1.28621e-17 1.04096e-16 -2.51963e-13
4.83 0.270934 1.43895e-17 0.729066 -1.40417e-17 7.08048e-17 -2.5424e-13
4.84 0.283595 1.55545e-17 0.716405 -1.52067e-17 3.75605e-17 -2.56473e-13
4.85 0.296429 1.67088e-17 0.703571 -1.63606e-17 4.41191e-18 -2.58654e-13
4.86 0.309425 1.78168e-17 0.690575 -1.74672e-17 -2.85858e-17 -2.60813e-13
4.87 0.322574 1.89443e-17 0.677426 -1.8594e-17 -6.1395e-17 -2.62958e-13
4.88 0.335865 2.02002e-17 0.664135 -1.96339e-17 -9.4046e-17 -2.65114e-13
4.89 0.349288 2.15414e-17 0.650712 -2.09894e-17 -1.26763e-16 -2.67282e-13
4.9 0.36283 2.28263e-17 0.63717 -2.22765e-17 -1.59425e-16 -2.69468e-13
4.91 0.376483 2.4085e-17 0.623517 -2.35353e-17 -1.92029e-16 -2.71675e-13
4.92 0.390234 2.53299e-17 0.609766 -2.47751e-17 -2.24558e-16 -2.73897e-13
4.93 0.404073 2.65257e-17 0.595927 -2.59577e-17 -2.57018e-16 -2.76143e-13
4.94 0.417989 2.76942e-17 0.582011 -2.71248e-17 -2.89369e-16 -2.784e-13
4.95 0.431971 2.88983e-17 0.568029 -2.83166e-17 -3.21602e-16 -2.80669e-13
4.96 0.446007 3.0077e-17 0.553993 -2.94939e-17 -3.53686e-16 -2.82963e-13
4.97 0.460086 3.12088e-17 0.539914 -3.06255e-17 -3.85606e-16 -2.85305e-13
4.98 0.474197 3.23099e-17 0.525803 -3.17315e-17 -4.17332e-16 -2.8769e-13
4.99 0.488329 3.3356e-17 0.511671 -3.27808e-17 -4.48962e-16 -2.90114e-13
5 0.50247 3.50459e-17 0.49753 -3.51032e-17 -4.80622e-16 -2.92577e-13
