0 0 0 1 0 0 0
0.01 8.49394e-05 -2.34134e-17 0.999915 3.62826e-17 2.7859e-15 2.01692e-15
0.02 0.000339721 -5.54769e-17 0.99966 4.47436e-17 5.61092e-15 4.01301e-15
0.03 0.000764219 -4.54428e-17 0.999236 2.68674e-17 8.48103e-15 6.01351e-15
0.04 0.00135816 -2.48973e-17 0.998643 2.24078e-17 1.13954e-14 8.117e-15
0.05 0.00212117 -2.00579e-17 0.99788 2.74895e-17 1.43536e-14 1.01489e-14
0.06 0.00305283 1.86966e-16 0.996949 1.83488e-17 1.73533e-14 1.21671e-14
0.07 0.00415259 1.7841e-16 0.99585 2.65205e-17 2.03923e-14 1.41525e-14
0.08 0.00541978 2.27175e-17 0.994583 4.18612e-17 2.34708e-14 1.61542e-14
0.09 0.00685369 1.63126e-16 0.99315 4.06206e-17 2.65862e-14 1.80917e-14
0.1 0.00845372 4.16777e-17 0.991551 5.2096e-17 2.97361e-14 1.99686e-14
0.11 0.0102188 2.13142e-16 0.989787 5.53579e-17 3.29195e-14 2.19107e-14
0.12 0.012148 1.11911e-16 0.987859 6.57146e-17 3.61356e-14 2.37594e-14
0.13 0.0142402 1.01912e-16 0.985767 7.15667e-17 3.9383e-14 2.56572e-14
0.14 0.0164943 2.41656e-16 0.983514 7.48871e-17 4.2658e-14 2.75092e-14
0.15 0.0189089 2.22591e-16 0.981101 8.56292e-17 4.59597e-14 2.93749e-14
0.16 0.0214828 2.24937e-16 0.978528 9.21403e-17 4.92865e-14 3.11875e-14
0.17 0.0242145 3.30033e-16 0.975797 9.63202e-17 5.26365e-14 3.30464e-14
0.18 0.0271025 2.89602e-16 0.972911 1.03935e-16 5.59942e-14 3.48545e-14
0.19 0.0301451 4.1672e-16 0.969869 1.06813e-16 5.93718e-14 3.66237e-14
0.2 0.0333408 5.28117e-16 0.966674 9.49891e-17 6.27794e-14 3.82773e-14
0.21 0.0366877 5.2845e-16 0.963329 8.04825e-17 6.62023e-14 3.98723e-14
0.22 0.0401841 6.10704e-16 0.959833 7.08581e-17 6.96272e-14 4.14237e-14
0.23 0.0438279 5.5863e-16 0.956191 6.17796e-17 7.30649e-14 4.29763e-14
0.24 0.0476172 5.4951e-16 0.952402 4.64645e-17 7.65078e-14 4.44334e-14
0.25 0.05155 6.26223e-16 0.948471 3.49436e-17 7.9964e-14 4.585e-14
0.26 0.0556241 7.00543e-16 0.944398 1.87766e-17 8.34332e-14 4.719e-14
0.27 0.0598373 7.55518e-16 0.940185 8.42163e-20 8.69135e-14 4.8422e-14
0.28 0.0641874 8.08293e-16 0.935836 -1.35268e-17 9.03964e-14 4.95958e-14
0.29 0.068672 8.72659e-16 0.931352 -1.78972e-17 9.38694e-14 5.07115e-14
0.3 0.0732887 8.90424e-16 0.926737 -2.90013e-17 9.73267e-14 5.17796e-14
0.31 0.078035 8.76225e-16 0.921991 -6.35806e-17 1.00766e-13 5.27911e-14
0.32 0.0829085 8.92099e-16 0.917118 -7.38362e-17 1.04182e-13 5.37686e-14
0.33 0.0879066 6.76515e-16 0.912121 -3.58756e-17 1.07562e-13 5.46306e-14
0.34 0.0930266 6.23062e-16 0.907002 -6.39042e-18 1.10906e-13 5.54227e-14
0.35 0.0982658 5.74118e-16 0.901763 5.83817e-17 1.14214e-13 5.61088e-14
0.36 0.103622 5.61796e-16 0.896408 1.68857e-16 1.17481e-13 5.67375e-14
0.37 0.109091 4.62234e-16 0.890939 2.71731e-16 1.20697e-13 5.7274e-14
0.38 0.114672 2.85461e-16 0.885359 3.73203e-16 1.2386e-13 5.77537e-14
0.39 0.12036 2.60909e-16 0.87967 4.77237e-16 1.26964e-13 5.81405e-14
0.4 0.126154 6.77759e-17 0.873877 5.77038e-16 1.30033e-13 5.84425e-14
0.41 0.13205 -7.22206e-19 0.867981 6.81363e-16 1.33077e-13 5.87477e-14
0.42 0.138045 -1.98917e-16 0.861987 7.87246e-16 1.36082e-13 5.89654e-14
0.43 0.144137 -1.26538e-16 0.855895 8.90472e-16 1.39054e-13 5.91555e-14
0.44 0.150322 -8.428e-17 0.849711 9.87249e-16 1.41995e-13 5.93308e-14
0.45 0.156597 -1.02812e-16 0.843437 1.0805e-15 1.44903e-13 5.94297e-14
0.46 0.162958 -8.34173e-17 0.837075 1.17092e-15 1.47771e-13 5.94839e-14
0.47 0.169404 -1.57661e-16 0.83063 1.26816e-15 1.50605e-13 5.94696e-14
0.48 0.175931 -3.19722e-16 0.824104 1.36657e-15 1.53394e-13 5.93786e-14
0.49 0.182535 -4.52403e-16 0.8175 1.45551e-15 1.56136e-13 5.91995e-14
0.5 0.189213 -6.38012e-16 0.810822 1.54951e-15 1.58829e-13 5.89653e-14
0.51 0.195963 -7.69444e-16 0.804072 1.64143e-15 1.61468e-13 5.87246e-14
0.52 0.202781 -9.5149e-16 0.797255 1.73611e-15 1.64028e-13 5.84744e-14
0.53 0.209664 -8.77101e-16 0.790373 1.82991e-15 1.66515e-13 5.81922e-14
0.54 0.216608 -8.11733e-16 0.783429 1.93746e-15 1.68944e-13 5.78705e-14
0.55 0.223611 -1.00377e-15 0.776426 2.04137e-15 1.71322e-13 5.75069e-14
0.56 0.230668 -1.09655e-15 0.769369 2.14591e-15 1.7364e-13 5.71251e-14
0.57 0.237778 -1.1856e-15 0.76226 2.24033e-15 1.75899e-13 5.66889e-14
0.58 0.244936 -1.37648e-15 0.755102 2.3277e-15 1.78102e-13 5.61772e-14
0.59 0.25214 -1.44139e-15 0.747898 2.41562e-15 1.80255e-13 5.5609e-14
0.6 0.259386 -1.41883e-15 0.740652 2.48816e-15 1.82361e-13 5.49813e-14
0.61 0.266672 -1.58081e-15 0.733367 2.54479e-15 1.84419e-13 5.43319e-14
0.62 0.273993 -1.62739e-15 0.726046 2.63715e-15 1.86432e-13 5.36243e-14
0.63 0.281347 -1.94848e-15 0.718692 2.73218e-15 1.88368e-13 5.28914e-14
0.64 0.288731 -2.03551e-15 0.711308 2.79879e-15 1.90246e-13 5.21185e-14
0.65 0.296142 -2.14044e-15 0.703898 2.91453e-15 1.92067e-13 5.13239e-14
0.66 0.303576 -1.98643e-15 0.696465 2.92044e-15 1.93842e-13 5.05392e-14
0.67 0.31103 -1.89757e-15 0.689011 2.87172e-15 1.95563e-13 4.9745e-14
0.68 0.318501 -1.88437e-15 0.68154 2.79063e-15 1.97219e-13 4.89296e-14
0.69 0.325987 -1.72993e-15 0.674054 2.69169e-15 1.98826e-13 4.81011e-14
0.7 0.333485 -1.76311e-15 0.666557 2.67109e-15 2.00371e-13 4.7266e-14
0.71 0.34099 -1.63878e-15 0.659052 2.58591e-15 2.01852e-13 4.64117e-14
0.72 0.348501 -1.45914e-15 0.651541 2.49546e-15 2.03269e-13 4.55414e-14
0.73 0.356015 -1.35987e-15 0.644028 2.38813e-15 2.04629e-13 4.46704e-14
0.74 0.363528 -1.15921e-15 0.636515 2.17491e-15 2.05949e-13 4.3799e-14
0.75 0.371039 -1.03563e-15 0.629005 2.11222e-15 2.07261e-13 4.28977e-14
0.76 0.378543 -9.96593e-16 0.621501 2.04396e-15 2.08527e-13 4.19677e-14
0.77 0.386039 -8.17426e-16 0.614006 1.83602e-15 2.09732e-13 4.10293e-14
0.78 0.393524 -4.58514e-16 0.606521 1.53779e-15 2.1087e-13 4.01018e-14
0.79 0.400994 -4.37647e-17 0.599051 1.23505e-15 2.11963e-13 3.91554e-14
0.8 0.408449 2.72114e-16 0.591597 8.91118e-16 2.13009e-13 3.81905e-14
0.81 0.415884 5.95482e-16 0.584162 6.31201e-16 2.14019e-13 3.72552e-14
0.82 0.423297 9.34251e-16 0.576749 2.79389e-16 2.14966e-13 3.63132e-14
0.83 0.430687 1.24834e-15 0.569359 -7.91769e-17 2.15849e-13 3.53844e-14
0.84 0.43805 1.61797e-15 0.561996 -4.26708e-16 2.16693e-13 3.44971e-14
0.85 0.445385 2.11177e-15 0.554662 -7.5614e-16 2.17468e-13 3.35866e-14
0.86 0.452689 2.30147e-15 0.547358 -1.08054e-15 2.18172e-13 3.2682e-14
0.87 0.459959 2.51428e-15 0.540088 -1.39203e-15 2.18795e-13 3.17732e-14
0.88 0.467194 2.92579e-15 0.532853 -1.69862e-15 2.19386e-13 3.08739e-14
0.89 0.474392 3.15636e-15 0.525655 -2.00606e-15 2.19923e-13 2.99834e-14
0.9 0.48155 3.42347e-15 0.518497 -2.31331e-15 2.20427e-13 2.91271e-14
0.91 0.488667 3.64376e-15 0.51138 -2.6057e-15 2.20879e-13 2.83049e-14
0.92 0.49574 3.8683e-15 0.504307 -2.89027e-15 2.21278e-13 2.74795e-14
0.93 0.502768 4.16259e-15 0.497279 -3.16487e-15 2.21622e-13 2.66789e-14
0.94 0.509749 4.31106e-15 0.490299 -3.42733e-15 2.21934e-13 2.58927e-14
0.95 0.516681 4.54943e-15 0.483367 -3.68117e-15 2.22219e-13 2.50964e-14
0.96 0.523563 4.77258e-15 0.476486 -3.92217e-15 2.22467e-13 2.43018e-14
0.97 0.530392 4.96846e-15 0.469657 -4.15775e-15 2.2269e-13 2.35373e-14
0.98 0.537167 5.27679e-15 0.462882 -4.39439e-15 2.22875e-13 2.27895e-14
0.99 0.543887 5.40055e-15 0.456162 -4.62907e-15 2.23035e-13 2.20554e-14
1 0.55055 5.71627e-15 0.449499 -4.8645e-15 2.23141e-13 2.1356e-14
1.01 0.557154 5.94889e-15 0.442894 -5.10118e-15 2.23211e-13 2.07122e-14
1.02 0.563699 6.06298e-15 0.436349 -5.32547e-15 2.23237e-13 2.00894e-14
1.03 0.570184 6.32084e-15 0.429865 -5.55554e-15 2.23206e-13 1.94993e-14
1.04 0.576606 6.5755e-15 0.423443 -5.79919e-15 2.23151e-13 1.89115e-14
1.05 0.582965 6.75e-15 0.417085 -6.0371e-15 2.23049e-13 1.83517e-14
1.06 0.58926 6.92937e-15 0.41079 -6.27562e-15 2.22917e-13 1.78001e-14
1.07 0.595489 7.19784e-15 0.404561 -6.51455e-15 2.22725e-13 1.72507e-14
1.08 0.601651 7.35106e-15 0.398399 -6.74698e-15 2.22525e-13 1.67052e-14
1.09 0.607747 7.48207e-15 0.392304 -6.96622e-15 2.22281e-13 1.61412e-14
1.1 0.613774 7.73313e-15 0.386277 -7.18033e-15 2.21999e-13 1.56098e-14
1.11 0.619732 7.91771e-15 0.380319 -7.39522e-15 2.21676e-13 1.50615e-14
1.12 0.62562 8.1554e-15 0.374431 -7.62625e-15 2.21325e-13 1.45248e-14
1.13 0.631438 8.44743e-15 0.368613 -7.85542e-15 2.20977e-13 1.39855e-14
1.14 0.637184 8.67938e-15 0.362867 -8.09088e-15 2.20573e-13 1.34127e-14
1.15 0.642859 8.85714e-15 0.357192 -8.32612e-15 2.2022e-13 1.28439e-14
1.16 0.648461 9.10424e-15 0.35159 -8.56063e-15 2.19812e-13 1.23284e-14
1.17 0.653991 9.41023e-15 0.34606 -8.7992e-15 2.19409e-13 1.18119e-14
1.18 0.659448 9.67508e-15 0.340604 -9.03963e-15 2.19005e-13 1.12927e-14
1.19 0.66483 9.91139e-15 0.335221 -9.27041e-15 2.18598e-13 1.0742e-14
1.2 0.670139 1.02267e-14 0.329913 -9.48139e-15 2.18139e-13 1.01662e-14
1.21 0.675374 1.04719e-14 0.324678 -9.70359e-15 2.17681e-13 9.60039e-15
1.22 0.680534 1.06924e-14 0.319518 -9.93922e-15 2.17202e-13 9.03471e-15
1.23 0.685619 1.08902e-14 0.314433 -1.01872e-14 2.16703e-13 8.47885e-15
1.24 0.69063 1.10922e-14 0.309422 -1.04265e-14 2.16201e-13 7.95081e-15
1.25 0.695565 1.12698e-14 0.304486 -1.06606e-14 2.1567e-13 7.41918e-15
1.26 0.700426 1.15162e-14 0.299626 -1.08728e-14 2.15119e-13 6.89318e-15
1.27 0.705212 1.1892e-14 0.29484 -1.10961e-14 2.14531e-13 6.36379e-15
1.28 0.709923 1.2153e-14 0.290129 -1.13047e-14 2.13899e-13 5.88996e-15
1.29 0.714558 1.23733e-14 0.285493 -1.15112e-14 2.1326e-13 5.45176e-15
1.3 0.71912 1.25898e-14 0.280932 -1.17098e-14 2.1261e-13 5.00409e-15
1.31 0.723606 1.28312e-14 0.276445 -1.19146e-14 2.11947e-13 4.57124e-15
1.32 0.728018 1.30395e-14 0.272033 -1.21369e-14 2.11302e-13 4.15165e-15
1.33 0.732356 1.32502e-14 0.267695 -1.23533e-14 2.10641e-13 3.7316e-15
1.34 0.736621 1.34906e-14 0.263431 -1.25828e-14 2.09986e-13 3.34851e-15
1.35 0.740811 1.37336e-14 0.25924 -1.28129e-14 2.09354e-13 2.90904e-15
1.36 0.744929 1.39817e-14 0.255122 -1.3063e-14 2.08693e-13 2.43192e-15
1.37 0.748973 1.42245e-14 0.251078 -1.33353e-14 2.08047e-13 1.94783e-15
1.38 0.752945 1.44683e-14 0.247106 -1.35849e-14 2.07371e-13 1.49318e-15
1.39 0.756845 1.47061e-14 0.243206 -1.38439e-14 2.0669e-13 1.05277e-15
1.4 0.760673 1.49888e-14 0.239378 -1.41447e-14 2.06024e-13 6.03711e-16
1.41 0.76443 1.53575e-14 0.23562 -1.44788e-14 2.054e-13 1.76709e-16
1.42 0.768117 1.57031e-14 0.231934 -1.48204e-14 2.04787e-13 -2.95335e-16
1.43 0.771733 1.60508e-14 0.228317 -1.51365e-14 2.04182e-13 -7.46126e-16
1.44 0.77528 1.64787e-14 0.22477 -1.54828e-14 2.03569e-13 -1.17951e-15
1.45 0.778758 1.68991e-14 0.221292 -1.58606e-14 2.02962e-13 -1.53403e-15
1.46 0.782168 1.72622e-14 0.217882 -1.62148e-14 2.02317e-13 -1.87522e-15
1.47 0.78551 1.77474e-14 0.21454 -1.66069e-14 2.01632e-13 -2.18413e-15
1.48 0.788784 1.81175e-14 0.211265 -1.70242e-14 2.01051e-13 -2.47417e-15
1.49 0.791993 1.87046e-14 0.208057 -1.75378e-14 2.00521e-13 -2.80327e-15
1.5 0.795136 1.91165e-14 0.204914 -1.80144e-14 1.9987e-13 -3.17534e-15
1.51 0.798213 1.95559e-14 0.201836 -1.8474e-14 1.99222e-13 -3.50012e-15
1.52 0.801227 2.00083e-14 0.198823 -1.89105e-14 1.98599e-13 -3.86092e-15
1.53 0.804177 2.05127e-14 0.195873 -1.93908e-14 1.97932e-13 -4.26513e-15
1.54 0.807064 2.08856e-14 0.192986 -1.9832e-14 1.9726e-13 -4.66943e-15
1.55 0.809889 2.13322e-14 0.190161 -2.02902e-14 1.96544e-13 -5.0465e-15
1.56 0.812652 2.18613e-14 0.187397 -2.07776e-14 1.95861e-13 -5.38235e-15
1.57 0.815356 2.23318e-14 0.184694 -2.12936e-14 1.95025e-13 -5.7614e-15
1.58 0.817999 2.27737e-14 0.18205 -2.17755e-14 1.94177e-13 -6.18673e-15
1.59 0.820583 2.32708e-14 0.179466 -2.22376e-14 1.93326e-13 -6.72078e-15
1.6 0.823109 2.37349e-14 0.17694 -2.26626e-14 1.92462e-13 -7.30994e-15
1.61 0.825577 2.41394e-14 0.174472 -2.30947e-14 1.91648e-13 -7.87832e-15
1.62 0.827988 2.45312e-14 0.172061 -2.35106e-14 1.9085e-13 -8.46463e-15
1.63 0.830343 2.49797e-14 0.169706 -2.38968e-14 1.90107e-13 -9.02917e-15
1.64 0.832642 2.53928e-14 0.167406 -2.42906e-14 1.89384e-13 -9.54509e-15
1.65 0.834887 2.57752e-14 0.165161 -2.46743e-14 1.88642e-13 -1.00752e-14
1.66 0.837079 2.61638e-14 0.16297 -2.50669e-14 1.87854e-13 -1.06113e-14
1.67 0.839217 2.65041e-14 0.160832 -2.54108e-14 1.87098e-13 -1.11115e-14
1.68 0.841303 2.68559e-14 0.158745 -2.57718e-14 1.86404e-13 -1.16141e-14
1.69 0.843339 2.72251e-14 0.15671 -2.60975e-14 1.85679e-13 -1.20846e-14
1.7 0.845323 2.74813e-14 0.154725 -2.6417e-14 1.85016e-13 -1.24819e-14
1.71 0.847259 2.78034e-14 0.15279 -2.67407e-14 1.84334e-13 -1.28781e-14
1.72 0.849146 2.81236e-14 0.150903 -2.7053e-14 1.83639e-13 -1.32603e-14
1.73 0.850985 2.83667e-14 0.149064 -2.73538e-14 1.82944e-13 -1.36462e-14
1.74 0.852777 2.86488e-14 0.147272 -2.76348e-14 1.82289e-13 -1.39496e-14
1.75 0.854523 2.89018e-14 0.145526 -2.78837e-14 1.8163e-13 -1.4236e-14
1.76 0.856223 2.91015e-14 0.143825 -2.81227e-14 1.80977e-13 -1.45211e-14
1.77 0.85788 2.93245e-14 0.142168 -2.83674e-14 1.80416e-13 -1.47134e-14
1.78 0.859493 2.95004e-14 0.140555 -2.85748e-14 1.79867e-13 -1.49173e-14
1.79 0.861063 2.9715e-14 0.138985 -2.87505e-14 1.79319e-13 -1.515e-14
1.8 0.862592 2.98078e-14 0.137456 -2.88832e-14 1.78798e-13 -1.5364e-14
1.81 0.86408 2.9881e-14 0.135968 -2.89857e-14 1.78302e-13 -1.55309e-14
1.82 0.865528 2.997e-14 0.13452 -2.90905e-14 1.77842e-13 -1.57857e-14
1.83 0.866936 3.00301e-14 0.133112 -2.91712e-14 1.77388e-13 -1.59027e-14
1.84 0.868307 3.01236e-14 0.131741 -2.92326e-14 1.76955e-13 -1.60185e-14
1.85 0.86964 3.01826e-14 0.130408 -2.92833e-14 1.76545e-13 -1.61794e-14
1.86 0.870937 3.02084e-14 0.129112 -2.92891e-14 1.76218e-13 -1.63717e-14
1.87 0.872197 3.01824e-14 0.127851 -2.92364e-14 1.76019e-13 -1.65847e-14
1.88 0.873423 3.00998e-14 0.126625 -2.91722e-14 1.75826e-13 -1.67818e-14
1.89 0.874614 2.9991e-14 0.125434 -2.9067e-14 1.75676e-13 -1.69639e-14
1.9 0.875771 2.98132e-14 0.124277 -2.89241e-14 1.7556e-13 -1.72032e-14
1.91 0.876896 2.96487e-14 0.123152 -2.87467e-14 1.75425e-13 -1.74184e-14
1.92 0.877989 2.94056e-14 0.122059 -2.85129e-14 1.75412e-13 -1.76877e-14
1.93 0.879051 2.91209e-14 0.120997 -2.82551e-14 1.75445e-13 -1.79927e-14
1.94 0.880083 2.87957e-14 0.119965 -2.79609e-14 1.75487e-13 -1.83747e-14
1.95 0.881086 2.85007e-14 0.118962 -2.76504e-14 1.75561e-13 -1.87838e-14
1.96 0.882062 2.81899e-14 0.117986 -2.73202e-14 1.75667e-13 -1.92433e-14
1.97 0.88301 2.78314e-14 0.117038 -2.69766e-14 1.75843e-13 -1.9669e-14
1.98 0.883933 2.74724e-14 0.116115 -2.66056e-14 1.76135e-13 -2.01484e-14
1.99 0.88483 2.70571e-14 0.115218 -2.62028e-14 1.76699e-13 -2.06057e-14
2 0.885703 2.66187e-14 0.114344 -2.57707e-14 1.77521e-13 -2.10447e-14
2.01 0.886553 2.62189e-14 0.113494 -2.5328e-14 1.78506e-13 -2.14256e-14
2.02 0.887381 2.57585e-14 0.112666 -2.4871e-14 1.79674e-13 -2.18063e-14
2.03 0.888188 2.52976e-14 0.11186 -2.44148e-14 1.81089e-13 -2.20819e-14
2.04 0.888973 2.48384e-14 0.111074 -2.39566e-14 1.82728e-13 -2.2362e-14
2.05 0.889739 2.43805e-14 0.110308 -2.34908e-14 1.84535e-13 -2.24058e-14
2.06 0.890487 2.3924e-14 0.109561 -2.3034e-14 1.86462e-13 -2.23376e-14
2.07 0.891216 2.34597e-14 0.108832 -2.25784e-14 1.88583e-13 -2.21177e-14
2.08 0.891928 2.30025e-14 0.10812 -2.21177e-14 1.90902e-13 -2.18343e-14
2.09 0.892624 2.25535e-14 0.107423 -2.16422e-14 1.93324e-13 -2.1382e-14
2.1 0.893305 2.21195e-14 0.106743 -2.11542e-14 1.95917e-13 -2.08319e-14
2.11 0.893971 2.16261e-14 0.106077 -2.06554e-14 1.98659e-13 -2.01981e-14
2.12 0.894623 2.11737e-14 0.105425 -2.01493e-14 2.01481e-13 -1.94518e-14
2.13 0.895262 2.05901e-14 0.104785 -1.96262e-14 2.04467e-13 -1.86139e-14
2.14 0.895889 2.01085e-14 0.104158 -1.91123e-14 2.07465e-13 -1.76201e-14
2.15 0.896505 1.96122e-14 0.103543 -1.85996e-14 2.10442e-13 -1.65096e-14
2.16 0.897109 1.90776e-14 0.102938 -1.80864e-14 2.1343e-13 -1.53572e-14
2.17 0.897704 1.85337e-14 0.102343 -1.75658e-14 2.1645e-13 -1.41245e-14
2.18 0.898289 1.7882e-14 0.101758 -1.69643e-14 2.19467e-13 -1.28378e-14
2.19 0.898866 1.73121e-14 0.101181 -1.63575e-14 2.22539e-13 -1.15405e-14
2.2 0.899435 1.67551e-14 0.100612 -1.57846e-14 2.25556e-13 -1.03874e-14
2.21 0.899997 1.61752e-14 0.10005 -1.51849e-14 2.28673e-13 -9.33512e-15
2.22 0.900553 1.54911e-14 0.0994942 -1.45504e-14 2.3184e-13 -8.302e-15
2.23 0.901104 1.48385e-14 0.0989435 -1.38806e-14 2.35072e-13 -7.2516e-15
2.24 0.901649 1.42186e-14 0.0983975 -1.3226e-14 2.38309e-13 -6.17055e-15
2.25 0.902191 1.35648e-14 0.0978555 -1.25895e-14 2.41631e-13 -5.09232e-15
2.26 0.90273 1.28666e-14 0.0973168 -1.19283e-14 2.44944e-13 -4.12153e-15
2.27 0.903266 1.21233e-14 0.0967808 -1.11911e-14 2.48324e-13 -3.12935e-15
2.28 0.9038 1.13426e-14 0.0962471 -1.04456e-14 2.51738e-13 -2.17194e-15
2.29 0.904332 1.04669e-14 0.0957149 -9.5422e-15 2.55445e-13 -1.31529e-15
2.3 0.904863 9.48294e-15 0.0951838 -8.57893e-15 2.59331e-13 -5.28226e-16
2.31 0.905392 8.41091e-15 0.0946547 -7.54642e-15 2.63261e-13 3.46456e-16
2.32 0.905918 7.24343e-15 0.0941283 -6.36383e-15 2.67228e-13 1.29468e-15
2.33 0.906443 5.89262e-15 0.0936035 -5.05397e-15 2.71259e-13 2.34133e-15
2.34 0.906967 4.49907e-15 0.0930792 -3.64654e-15 2.75379e-13 3.35252e-15
2.35 0.907492 3.00202e-15 0.0925544 -2.18485e-15 2.7951e-13 4.36083e-15
2.36 0.908019 1.48655e-15 0.092028 -6.80368e-16 2.83754e-13 5.58156e-15
2.37 0.908548 -3.44777e-17 0.091499 8.57515e-16 2.87953e-13 6.93352e-15
2.38 0.90908 -1.59859e-15 0.0909664 2.41058e-15 2.92338e-13 8.17783e-15
2.39 0.909617 -3.1581e-15 0.0904293 3.95902e-15 2.96732e-13 9.3125e-15
2.4 0.91016 -4.6651e-15 0.0898866 5.43953e-15 3.01111e-13 1.05363e-14
2.41 0.910709 -5.98855e-15 0.0893375 6.75279e-15 3.05442e-13 1.2075e-14
2.42 0.911265 -7.19288e-15 0.088781 7.97513e-15 3.09614e-13 1.37267e-14
2.43 0.91183 -8.33227e-15 0.0882161 9.08548e-15 3.13742e-13 1.52785e-14
2.44 0.912404 -9.35404e-15 0.087642 1.01085e-14 3.17829e-13 1.69808e-14
2.45 0.912989 -1.02848e-14 0.0870576 1.10342e-14 3.21838e-13 1.87293e-14
2.46 0.913583 -1.09635e-14 0.0864628 1.17137e-14 3.2559e-13 2.02577e-14
2.47 0.914191 -1.16075e-14 0.0858552 1.23559e-14 3.29641e-13 2.19837e-14
2.48 0.914813 -1.22708e-14 0.0852333 1.30172e-14 3.3371e-13 2.37987e-14
2.49 0.915459 -1.29258e-14 0.0845867 1.3672e-14 3.3778e-13 2.5449e-14
2.5 0.916129 -1.35203e-14 0.0839175 1.42666e-14 3.41332e-13 2.67439e-14
