0 0 0 1 0 0 0
0.01 0.000177001 2.0066e-16 0.999822 -2.07365e-17 4.45259e-15 3.82595e-15
0.02 0.00070785 2.10169e-17 0.999291 3.41623e-16 8.91512e-15 7.63353e-15
0.03 0.00159153 2.41047e-16 0.998409 3.15216e-16 1.34053e-14 1.13894e-14
0.04 0.00282649 3.69787e-16 0.997175 3.25186e-16 1.78916e-14 1.52545e-14
0.05 0.0044107 4.17024e-16 0.995593 3.38621e-16 2.2398e-14 1.91315e-14
0.06 0.00634134 3.79886e-16 0.993665 3.39447e-16 2.69377e-14 2.29791e-14
0.07 0.00861509 3.78217e-16 0.991394 3.50086e-16 3.14831e-14 2.68178e-14
0.08 0.011228 4.28752e-16 0.988784 3.68137e-16 3.603e-14 3.07438e-14
0.09 0.0141756 3.89964e-16 0.985839 4.03594e-16 4.05748e-14 3.45817e-14
0.1 0.0174529 1.75572e-16 0.982565 4.36973e-16 4.50987e-14 3.83323e-14
0.11 0.0210542 2.84994e-16 0.978968 5.03672e-16 4.95966e-14 4.19567e-14
0.12 0.0249735 1.72427e-16 0.975052 5.83558e-16 5.40606e-14 4.55747e-14
0.13 0.0292042 -1.80931e-16 0.970825 6.75159e-16 5.8476e-14 4.89859e-14
0.14 0.0337391 -8.59739e-16 0.966294 8.38383e-16 6.2835e-14 5.23737e-14
0.15 0.0385708 -1.31932e-15 0.961466 9.94545e-16 6.71381e-14 5.57616e-14
0.16 0.0436913 -1.64814e-15 0.95635 1.15756e-15 7.13783e-14 5.90971e-14
0.17 0.0490921 -2.0578e-15 0.950952 1.30877e-15 7.55931e-14 6.24555e-14
0.18 0.0547646 -2.51537e-15 0.945283 1.45735e-15 7.97881e-14 6.58565e-14
0.19 0.0606995 -2.37717e-15 0.939351 1.58197e-15 8.39508e-14 6.92778e-14
0.2 0.0668876 -2.43838e-15 0.933166 1.73699e-15 8.80742e-14 7.24979e-14
0.21 0.0733189 -2.49277e-15 0.926737 1.88322e-15 9.21615e-14 7.57666e-14
0.22 0.0799837 -2.63662e-15 0.920075 2.02927e-15 9.62177e-14 7.90683e-14
0.23 0.0868717 -2.82785e-15 0.913189 2.23462e-15 1.00203e-13 8.22789e-14
0.24 0.0939723 -2.92615e-15 0.90609 2.43137e-15 1.04144e-13 8.53819e-14
0.25 0.101275 -3.02332e-15 0.89879 2.61603e-15 1.08032e-13 8.84672e-14
0.26 0.108769 -3.38239e-15 0.891297 2.80164e-15 1.11877e-13 9.14321e-14
0.27 0.116443 -3.28006e-15 0.883625 2.98936e-15 1.15666e-13 9.43207e-14
0.28 0.124286 -3.5028e-15 0.875783 3.17567e-15 1.19384e-13 9.70634e-14
0.29 0.132287 -4.0859e-15 0.867783 3.36736e-15 1.2306e-13 9.98075e-14
0.3 0.140434 -3.86942e-15 0.859637 3.51469e-15 1.26662e-13 1.02425e-13
0.31 0.148717 -4.35795e-15 0.851355 3.7039e-15 1.30225e-13 1.04894e-13
0.32 0.157124 -4.28462e-15 0.842949 3.8854e-15 1.33737e-13 1.07276e-13
0.33 0.165644 -4.55303e-15 0.834429 4.22003e-15 1.37217e-13 1.09577e-13
0.34 0.174266 -4.99284e-15 0.825808 4.68535e-15 1.40622e-13 1.1174e-13
0.35 0.182979 -5.49135e-15 0.817096 5.1871e-15 1.43954e-13 1.13725e-13
0.36 0.191771 -5.98079e-15 0.808305 5.688e-15 1.47215e-13 1.15618e-13
0.37 0.200632 -6.45743e-15 0.799445 6.15747e-15 1.50377e-13 1.17417e-13
0.38 0.209551 -7.02397e-15 0.790526 6.60934e-15 1.53428e-13 1.1912e-13
0.39 0.218518 -7.43456e-15 0.78156 7.05945e-15 1.56389e-13 1.20698e-13
0.4 0.227522 -7.92005e-15 0.772557 7.50567e-15 1.59219e-13 1.22162e-13
0.41 0.236553 -8.31095e-15 0.763527 7.97793e-15 1.61929e-13 1.23555e-13
0.42 0.245601 -8.87252e-15 0.754479 8.44731e-15 1.64523e-13 1.24832e-13
0.43 0.254656 -9.05702e-15 0.745425 8.8825e-15 1.66983e-13 1.25963e-13
0.44 0.263709 -9.67796e-15 0.736372 9.27157e-15 1.69319e-13 1.27016e-13
0.45 0.272752 -1.00175e-14 0.72733 9.65509e-15 1.71499e-13 1.2798e-13
0.46 0.281775 -1.02836e-14 0.718308 1.00383e-14 1.7349e-13 1.28825e-13
0.47 0.290769 -1.07412e-14 0.709314 1.03567e-14 1.75362e-13 1.29593e-13
0.48 0.299726 -1.10244e-14 0.700357 1.06615e-14 1.76979e-13 1.30276e-13
0.49 0.30864 -1.14055e-14 0.691444 1.09869e-14 1.78541e-13 1.30794e-13
0.5 0.317501 -1.20383e-14 0.682584 1.12323e-14 1.80006e-13 1.31154e-13
0.51 0.326303 -1.22847e-14 0.673782 1.14773e-14 1.81369e-13 1.31393e-13
0.52 0.335039 -1.26794e-14 0.665047 1.16625e-14 1.82694e-13 1.31495e-13
0.53 0.343702 -1.24742e-14 0.656385 1.18069e-14 1.83904e-13 1.31549e-13
0.54 0.352286 -1.26398e-14 0.647801 1.19133e-14 1.85086e-13 1.31532e-13
0.55 0.360786 -1.27674e-14 0.639302 1.18568e-14 1.86203e-13 1.31413e-13
0.56 0.369196 -1.28305e-14 0.630893 1.17903e-14 1.87275e-13 1.31223e-13
0.57 0.377511 -1.29754e-14 0.622579 1.17465e-14 1.8838e-13 1.30902e-13
0.58 0.385725 -1.2981e-14 0.614365 1.17553e-14 1.89447e-13 1.30397e-13
0.59 0.393836 -1.31388e-14 0.606256 1.17351e-14 1.90369e-13 1.29882e-13
0.6 0.401838 -1.29213e-14 0.598255 1.16104e-14 1.91199e-13 1.29236e-13
0.61 0.409728 -1.28799e-14 0.590365 1.14573e-14 1.91878e-13 1.28556e-13
0.62 0.417503 -1.2578e-14 0.582591 1.12874e-14 1.92526e-13 1.27848e-13
0.63 0.42516 -1.24284e-14 0.574936 1.11865e-14 1.93171e-13 1.27066e-13
0.64 0.432696 -1.22294e-14 0.567401 1.09735e-14 1.938e-13 1.26187e-13
0.65 0.440108 -1.19514e-14 0.55999 1.06397e-14 1.94379e-13 1.25232e-13
0.66 0.447395 -1.18211e-14 0.552704 1.02907e-14 1.95082e-13 1.24142e-13
0.67 0.454555 -1.16912e-14 0.545545 9.92676e-15 1.9566e-13 1.23054e-13
0.68 0.461586 -1.15869e-14 0.538514 9.61104e-15 1.96156e-13 1.21858e-13
0.69 0.468488 -1.13022e-14 0.531613 9.15621e-15 1.96658e-13 1.20643e-13
0.7 0.475259 -1.06521e-14 0.524843 8.62045e-15 1.97095e-13 1.19438e-13
0.71 0.4819 -9.90502e-15 0.518204 7.99268e-15 1.97458e-13 1.18187e-13
0.72 0.488409 -9.22623e-15 0.511696 7.42084e-15 1.97765e-13 1.16931e-13
0.73 0.494787 -8.54698e-15 0.505319 6.78995e-15 1.98142e-13 1.15689e-13
0.74 0.501034 -8.05721e-15 0.499073 6.1429e-15 1.9851e-13 1.14376e-13
0.75 0.50715 -7.4592e-15 0.492958 5.48686e-15 1.98783e-13 1.1286e-13
0.76 0.513136 -6.92137e-15 0.486973 4.90524e-15 1.99044e-13 1.1132e-13
0.77 0.518994 -6.36569e-15 0.481116 4.25419e-15 1.99191e-13 1.0975e-13
0.78 0.524723 -5.88857e-15 0.475388 3.59838e-15 1.99273e-13 1.08165e-13
0.79 0.530326 -5.28321e-15 0.469786 2.96226e-15 1.99485e-13 1.06634e-13
0.8 0.535804 -4.56966e-15 0.464309 2.38742e-15 1.99617e-13 1.05179e-13
0.81 0.541158 -4.00757e-15 0.458956 1.8883e-15 1.99635e-13 1.03757e-13
0.82 0.546391 -3.46682e-15 0.453724 1.42035e-15 1.99545e-13 1.02377e-13
0.83 0.551505 -3.0983e-15 0.448611 9.66972e-16 1.99372e-13 1.0114e-13
0.84 0.556502 -2.87631e-15 0.443616 5.4716e-16 1.99122e-13 9.98576e-14
0.85 0.561383 -2.66006e-15 0.438736 1.61574e-16 1.98871e-13 9.85995e-14
0.86 0.566152 -2.46263e-15 0.433968 -1.44366e-16 1.98644e-13 9.73712e-14
0.87 0.570811 -2.04915e-15 0.42931 -4.03833e-16 1.98338e-13 9.62638e-14
0.88 0.575362 -1.70582e-15 0.42476 -6.15773e-16 1.9802e-13 9.51451e-14
0.89 0.579809 -1.70709e-15 0.420314 -7.55993e-16 1.97704e-13 9.40559e-14
0.9 0.584154 -1.71472e-15 0.415969 -8.32128e-16 1.97581e-13 9.29626e-14
0.91 0.588401 -1.64064e-15 0.411724 -8.20892e-16 1.97501e-13 9.19443e-14
0.92 0.592551 -1.58406e-15 0.407574 -7.50453e-16 1.97481e-13 9.10237e-14
0.93 0.59661 -1.75126e-15 0.403517 -6.10162e-16 1.97326e-13 9.00858e-14
0.94 0.600578 -1.91817e-15 0.399549 -3.91803e-16 1.9707e-13 8.9068e-14
0.95 0.60446 -2.34994e-15 0.395668 -9.65007e-17 1.96769e-13 8.81016e-14
0.96 0.608259 -2.689e-15 0.391869 2.73863e-16 1.9641e-13 8.71787e-14
0.97 0.611978 -2.85864e-15 0.388151 7.39147e-16 1.96061e-13 8.62634e-14
0.98 0.615621 -3.44993e-15 0.384509 1.19994e-15 1.95649e-13 8.54031e-14
0.99 0.61919 -4.13802e-15 0.38094 1.70168e-15 1.95155e-13 8.44705e-14
1 0.622689 -4.75091e-15 0.377442 2.26843e-15 1.94552e-13 8.363e-14
1.01 0.626121 -5.28561e-15 0.37401 2.89362e-15 1.93712e-13 8.28062e-14
1.02 0.629489 -5.75071e-15 0.370642 3.55849e-15 1.92931e-13 8.22725e-14
1.03 0.632798 -6.41181e-15 0.367334 4.24645e-15 1.92062e-13 8.19185e-14
1.04 0.636049 -7.16431e-15 0.364083 4.96502e-15 1.91174e-13 8.15959e-14
1.05 0.639247 -7.95571e-15 0.360885 5.73881e-15 1.90143e-13 8.12528e-14
1.06 0.642394 -8.71157e-15 0.357739 6.54887e-15 1.88912e-13 8.07525e-14
1.07 0.645494 -9.55453e-15 0.35464 7.38088e-15 1.87878e-13 8.01121e-14
1.08 0.648549 -1.04534e-14 0.351585 8.23636e-15 1.86778e-13 7.95471e-14
1.09 0.651562 -1.15157e-14 0.348572 9.11087e-15 1.856e-13 7.88642e-14
1.1 0.654537 -1.24322e-14 0.345597 1.00036e-14 1.84355e-13 7.80097e-14
1.11 0.657476 -1.33238e-14 0.342658 1.09116e-14 1.83065e-13 7.71263e-14
1.12 0.660383 -1.43194e-14 0.339751 1.18218e-14 1.81675e-13 7.63639e-14
1.13 0.663259 -1.53026e-14 0.336875 1.27619e-14 1.80234e-13 7.56395e-14
1.14 0.666108 -1.61752e-14 0.334026 1.37057e-14 1.78801e-13 7.49828e-14
1.15 0.668932 -1.7153e-14 0.331202 1.462e-14 1.77322e-13 7.42206e-14
1.16 0.671734 -1.81129e-14 0.3284 1.55334e-14 1.75898e-13 7.34115e-14
1.17 0.674515 -1.91343e-14 0.325618 1.64389e-14 1.74493e-13 7.25455e-14
1.18 0.677279 -2.00105e-14 0.322854 1.73241e-14 1.73104e-13 7.17922e-14
1.19 0.680028 -2.10539e-14 0.320105 1.82117e-14 1.71668e-13 7.10022e-14
1.2 0.682762 -2.1893e-14 0.31737 1.91029e-14 1.70177e-13 7.01804e-14
1.21 0.685486 -2.27475e-14 0.314646 1.99824e-14 1.68714e-13 6.93501e-14
1.22 0.688199 -2.36036e-14 0.311932 2.08681e-14 1.67248e-13 6.84635e-14
1.23 0.690905 -2.43907e-14 0.309226 2.17576e-14 1.65802e-13 6.75898e-14
1.24 0.693604 -2.5197e-14 0.306526 2.26201e-14 1.64292e-13 6.67667e-14
1.25 0.696299 -2.6023e-14 0.30383 2.3436e-14 1.62717e-13 6.59167e-14
1.26 0.69899 -2.68446e-14 0.301138 2.42452e-14 1.61084e-13 6.50309e-14
1.27 0.701679 -2.76104e-14 0.298449 2.50425e-14 1.59403e-13 6.41641e-14
1.28 0.704367 -2.84563e-14 0.29576 2.58286e-14 1.57703e-13 6.33332e-14
1.29 0.707055 -2.93133e-14 0.293071 2.65959e-14 1.55979e-13 6.25118e-14
1.3 0.709744 -2.99841e-14 0.29038 2.7355e-14 1.54187e-13 6.1699e-14
1.31 0.712435 -3.06774e-14 0.287689 2.80852e-14 1.52353e-13 6.08282e-14
1.32 0.715128 -3.14239e-14 0.284994 2.8785e-14 1.50519e-13 5.99168e-14
1.33 0.717825 -3.20815e-14 0.282297 2.9447e-14 1.48802e-13 5.89813e-14
1.34 0.720524 -3.26653e-14 0.279596 3.00969e-14 1.47179e-13 5.79783e-14
1.35 0.723227 -3.3228e-14 0.276892 3.07088e-14 1.45559e-13 5.69091e-14
1.36 0.725934 -3.38302e-14 0.274184 3.13006e-14 1.43899e-13 5.58033e-14
1.37 0.728645 -3.44623e-14 0.271473 3.18835e-14 1.42236e-13 5.46752e-14
1.38 0.73136 -3.50642e-14 0.268757 3.24535e-14 1.40664e-13 5.36073e-14
1.39 0.734078 -3.56271e-14 0.266038 3.29934e-14 1.39247e-13 5.25187e-14
1.4 0.7368 -3.61806e-14 0.263315 3.34891e-14 1.38079e-13 5.14821e-14
1.41 0.739524 -3.66095e-14 0.26059 3.39528e-14 1.36968e-13 5.03906e-14
1.42 0.742251 -3.7022e-14 0.257862 3.43652e-14 1.36018e-13 4.92635e-14
1.43 0.74498 -3.74019e-14 0.255133 3.47438e-14 1.3517e-13 4.81125e-14
1.44 0.747711 -3.77165e-14 0.252402 3.51038e-14 1.34355e-13 4.71116e-14
1.45 0.750441 -3.80815e-14 0.249671 3.54424e-14 1.3364e-13 4.61239e-14
1.46 0.753172 -3.83732e-14 0.24694 3.5754e-14 1.3291e-13 4.51235e-14
1.47 0.755901 -3.86055e-14 0.24421 3.60429e-14 1.32196e-13 4.42021e-14
1.48 0.758628 -3.89223e-14 0.241482 3.62914e-14 1.31571e-13 4.33588e-14
1.49 0.761352 -3.91489e-14 0.238758 3.64946e-14 1.30983e-13 4.26016e-14
1.5 0.764071 -3.93471e-14 0.236038 3.66634e-14 1.30513e-13 4.20334e-14
1.51 0.766786 -3.94896e-14 0.233323 3.68148e-14 1.30159e-13 4.1406e-14
1.52 0.769493 -3.96031e-14 0.230615 3.6928e-14 1.29835e-13 4.08054e-14
1.53 0.772193 -3.96181e-14 0.227914 3.70002e-14 1.29627e-13 4.03351e-14
1.54 0.774884 -3.96531e-14 0.225223 3.7057e-14 1.29458e-13 3.99956e-14
1.55 0.777565 -3.9646e-14 0.222542 3.70821e-14 1.29154e-13 3.96363e-14
1.56 0.780234 -3.96982e-14 0.219873 3.70919e-14 1.2885e-13 3.92849e-14
1.57 0.78289 -3.96665e-14 0.217216 3.70751e-14 1.28539e-13 3.89616e-14
1.58 0.785531 -3.9704e-14 0.214574 3.70313e-14 1.28288e-13 3.87095e-14
1.59 0.788157 -3.95412e-14 0.211948 3.69687e-14 1.28169e-13 3.84388e-14
1.6 0.790765 -3.94987e-14 0.20934 3.6895e-14 1.28122e-13 3.81703e-14
1.61 0.793355 -3.94054e-14 0.20675 3.67979e-14 1.28003e-13 3.79626e-14
1.62 0.795924 -3.92328e-14 0.204181 3.66741e-14 1.28012e-13 3.78855e-14
1.63 0.798472 -3.90968e-14 0.201633 3.65279e-14 1.28142e-13 3.8075e-14
1.64 0.800997 -3.88464e-14 0.199107 3.6369e-14 1.28579e-13 3.82543e-14
1.65 0.803499 -3.86738e-14 0.196605 3.61861e-14 1.291e-13 3.85101e-14
1.66 0.805975 -3.8484e-14 0.194129 3.59739e-14 1.29723e-13 3.89091e-14
1.67 0.808425 -3.82887e-14 0.191678 3.57364e-14 1.30429e-13 3.93485e-14
1.68 0.810848 -3.79659e-14 0.189255 3.5484e-14 1.31108e-13 3.99679e-14
1.69 0.813242 -3.77265e-14 0.18686 3.52107e-14 1.31874e-13 4.06802e-14
1.7 0.815606 -3.74744e-14 0.184496 3.4899e-14 1.32654e-13 4.1061e-14
1.71 0.81794 -3.71385e-14 0.182162 3.45833e-14 1.33337e-13 4.1482e-14
1.72 0.820243 -3.68325e-14 0.179859 3.42353e-14 1.34054e-13 4.1915e-14
1.73 0.822515 -3.64976e-14 0.177586 3.38645e-14 1.3478e-13 4.24573e-14
1.74 0.824756 -3.61104e-14 0.175345 3.34683e-14 1.3544e-13 4.31161e-14
1.75 0.826966 -3.56329e-14 0.173134 3.30354e-14 1.36081e-13 4.38562e-14
1.76 0.829144 -3.52114e-14 0.170956 3.25482e-14 1.36728e-13 4.45619e-14
1.77 0.831291 -3.46841e-14 0.168809 3.20022e-14 1.37379e-13 4.53306e-14
1.78 0.833405 -3.39706e-14 0.166695 3.14068e-14 1.37979e-13 4.60837e-14
1.79 0.835487 -3.33605e-14 0.164612 3.07609e-14 1.38547e-13 4.69002e-14
1.8 0.837536 -3.27173e-14 0.162563 3.00544e-14 1.39258e-13 4.77844e-14
1.81 0.839552 -3.20325e-14 0.160547 2.92886e-14 1.39834e-13 4.87344e-14
1.82 0.841535 -3.12335e-14 0.158564 2.85161e-14 1.40396e-13 4.97428e-14
1.83 0.843484 -3.0457e-14 0.156614 2.77302e-14 1.409e-13 5.06625e-14
1.84 0.845399 -2.96282e-14 0.154699 2.69274e-14 1.41501e-13 5.16254e-14
1.85 0.84728 -2.88085e-14 0.152818 2.60965e-14 1.42063e-13 5.24867e-14
1.86 0.849127 -2.79281e-14 0.15097 2.52399e-14 1.42587e-13 5.32813e-14
1.87 0.85094 -2.70234e-14 0.149158 2.4364e-14 1.43043e-13 5.40627e-14
1.88 0.852718 -2.61279e-14 0.147379 2.34758e-14 1.43468e-13 5.49306e-14
1.89 0.854462 -2.5214e-14 0.145635 2.25774e-14 1.43978e-13 5.57093e-14
1.9 0.856172 -2.42884e-14 0.143925 2.16729e-14 1.44412e-13 5.64558e-14
1.91 0.857847 -2.32988e-14 0.142249 2.07543e-14 1.44887e-13 5.72094e-14
1.92 0.859487 -2.23494e-14 0.140609 1.98194e-14 1.45387e-13 5.79474e-14
1.93 0.861093 -2.14451e-14 0.139003 1.88648e-14 1.45882e-13 5.84721e-14
1.94 0.862664 -2.04603e-14 0.137431 1.79132e-14 1.46282e-13 5.89325e-14
1.95 0.864201 -1.94937e-14 0.135894 1.69626e-14 1.46667e-13 5.93046e-14
1.96 0.865703 -1.85207e-14 0.134392 1.60135e-14 1.4697e-13 5.96441e-14
1.97 0.867172 -1.75691e-14 0.132923 1.50725e-14 1.47222e-13 5.99922e-14
1.98 0.868607 -1.66543e-14 0.131488 1.41552e-14 1.47416e-13 6.03587e-14
1.99 0.870009 -1.57387e-14 0.130085 1.32618e-14 1.476e-13 6.07498e-14
2 0.871378 -1.48712e-14 0.128716 1.23941e-14 1.47775e-13 6.10876e-14
2.01 0.872715 -1.40405e-14 0.127379 1.1545e-14 1.47744e-13 6.13181e-14
2.02 0.874017 -1.31664e-14 0.126076 1.06875e-14 1.47602e-13 6.14637e-14
2.03 0.875286 -1.23492e-14 0.124808 9.86297e-15 1.47385e-13 6.16996e-14
2.04 0.876522 -1.16043e-14 0.123571 9.09167e-15 1.47132e-13 6.2061e-14
2.05 0.877728 -1.08784e-14 0.122365 8.37268e-15 1.46909e-13 6.2539e-14
2.06 0.878904 -1.02108e-14 0.121189 7.70211e-15 1.46734e-13 6.30264e-14
2.07 0.880052 -9.59529e-15 0.120041 7.07701e-15 1.46603e-13 6.34627e-14
2.08 0.881172 -9.01957e-15 0.118921 6.51969e-15 1.46405e-13 6.39081e-14
2.09 0.882267 -8.55875e-15 0.117826 6.0252e-15 1.46115e-13 6.43927e-14
2.1 0.883337 -8.0866e-15 0.116755 5.57017e-15 1.45796e-13 6.49063e-14
2.11 0.884385 -7.69967e-15 0.115707 5.18019e-15 1.45384e-13 6.53168e-14
2.12 0.885412 -7.3469e-15 0.11468 4.84334e-15 1.44851e-13 6.56063e-14
2.13 0.886419 -7.01787e-15 0.113673 4.51176e-15 1.44322e-13 6.56864e-14
2.14 0.887407 -6.74253e-15 0.112685 4.24492e-15 1.43755e-13 6.57945e-14
2.15 0.888379 -6.56348e-15 0.111714 4.03657e-15 1.43165e-13 6.58518e-14
2.16 0.889332 -6.38555e-15 0.11076 3.85128e-15 1.4231e-13 6.58235e-14
2.17 0.890266 -6.21216e-15 0.109826 3.67949e-15 1.41497e-13 6.57653e-14
2.18 0.891185 -6.04609e-15 0.108907 3.53748e-15 1.4083e-13 6.55947e-14
2.19 0.89209 -5.97173e-15 0.108001 3.45545e-15 1.4026e-13 6.52968e-14
2.2 0.892984 -5.93992e-15 0.107108 3.41762e-15 1.39831e-13 6.49148e-14
2.21 0.893868 -5.94774e-15 0.106223 3.42197e-15 1.39509e-13 6.44121e-14
2.22 0.894746 -5.96326e-15 0.105346 3.43398e-15 1.39339e-13 6.38266e-14
2.23 0.895617 -5.98827e-15 0.104474 3.44767e-15 1.39554e-13 6.31763e-14
2.24 0.896485 -6.07239e-15 0.103606 3.52401e-15 1.40064e-13 6.24675e-14
2.25 0.897351 -6.17765e-15 0.10274 3.61662e-15 1.40839e-13 6.17067e-14
2.26 0.898217 -6.33484e-15 0.101874 3.76396e-15 1.4185e-13 6.08795e-14
2.27 0.899084 -6.64003e-15 0.101007 4.05012e-15 1.43218e-13 6.01083e-14
2.28 0.899952 -6.95148e-15 0.100139 4.35274e-15 1.44671e-13 5.93511e-14
2.29 0.900823 -7.35372e-15 0.0992676 4.73675e-15 1.46199e-13 5.86932e-14
2.3 0.901698 -7.81378e-15 0.0983922 5.22205e-15 1.47773e-13 5.79484e-14
2.31 0.902579 -8.37409e-15 0.0975118 5.78893e-15 1.49418e-13 5.71256e-14
2.32 0.903465 -9.0192e-15 0.0966254 6.44197e-15 1.51086e-13 5.6256e-14
2.33 0.904358 -9.73218e-15 0.0957324 7.1626e-15 1.52731e-13 5.5309e-14
2.34 0.905258 -1.05003e-14 0.094832 7.93245e-15 1.54385e-13 5.42826e-14
2.35 0.906167 -1.12933e-14 0.0939236 8.7269e-15 1.56039e-13 5.32788e-14
2.36 0.907084 -1.20987e-14 0.0930065 9.53118e-15 1.57925e-13 5.21242e-14
2.37 0.90801 -1.30066e-14 0.0920805 1.04383e-14 1.59779e-13 5.10428e-14
2.38 0.908945 -1.39565e-14 0.0911451 1.13938e-14 1.61793e-13 4.9968e-14
2.39 0.90989 -1.48577e-14 0.0902001 1.23016e-14 1.63816e-13 4.88104e-14
2.4 0.910844 -1.57992e-14 0.0892454 1.32535e-14 1.66056e-13 4.77562e-14
2.41 0.911809 -1.67226e-14 0.0882807 1.41745e-14 1.68486e-13 4.67775e-14
2.42 0.912783 -1.75667e-14 0.0873066 1.50254e-14 1.71021e-13 4.58394e-14
2.43 0.913767 -1.84024e-14 0.0863229 1.58281e-14 1.73556e-13 4.48162e-14
2.44 0.914761 -1.91896e-14 0.0853281 1.66161e-14 1.76103e-13 4.38945e-14
2.45 0.915769 -2.00523e-14 0.0843208 1.74784e-14 1.78698e-13 4.28042e-14
2.46 0.916789 -2.10068e-14 0.0832999 1.8425e-14 1.81165e-13 4.17097e-14
2.47 0.917825 -2.20497e-14 0.0822645 1.94739e-14 1.83496e-13 4.07105e-14
2.48 0.918892 -2.31282e-14 0.0811968 2.05515e-14 1.85603e-13 3.99753e-14
2.49 0.920008 -2.38802e-14 0.0800808 2.13063e-14 1.87827e-13 3.94881e-14
2.5 0.921158 -2.43655e-14 0.0789312 2.17916e-14 1.9007e-13 3.93815e-14
