0 0 0 1 0 0 0
0.01 0.00159763 4.60597e-08 0.998374 8.21347e-08 5.14231e-08 1.04063e-07
0.02 0.00624808 1.43012e-07 0.99373 6.82911e-08 -3.16225e-07 1.18464e-07
0.03 0.0135454 2.04051e-07 0.986444 6.27753e-08 -5.2929e-07 1.93952e-07
0.04 0.0228833 2.0662e-07 0.977119 5.50157e-08 -3.72542e-07 3.09044e-07
0.05 0.0335534 1.18215e-07 0.966461 5.3466e-08 -3.2179e-07 5.81723e-07
0.06 0.0448467 -1.01013e-07 0.955178 5.85029e-08 -2.55355e-07 7.59728e-08
0.07 0.0561452 -2.8909e-07 0.943887 7.56542e-08 4.7757e-07 1.22502e-07
0.08 0.0669915 -4.33338e-07 0.933044 1.07464e-07 8.5676e-07 -8.7895e-08
0.09 0.0771253 -5.64662e-07 0.922909 1.25331e-07 1.58093e-06 -6.33107e-07
0.1 0.0864873 -7.46408e-07 0.913542 1.91716e-07 2.35987e-06 -1.43904e-06
0.11 0.0951824 -1.02264e-06 0.90484 3.328e-07 3.2721e-06 -2.37453e-06
0.12 0.103426 -1.30234e-06 0.896589 4.85878e-07 3.999e-06 -3.33317e-06
0.13 0.111479 -1.75515e-06 0.888529 6.46891e-07 4.64274e-06 -4.13909e-06
0.14 0.119584 -2.05541e-06 0.88042 8.2845e-07 4.79567e-06 -4.89802e-06
0.15 0.127914 -2.01839e-06 0.872089 1.00156e-06 4.66869e-06 -5.42771e-06
0.16 0.136543 -2.03986e-06 0.863462 1.0093e-06 4.35827e-06 -5.72733e-06
0.17 0.145445 -1.88156e-06 0.854564 8.31279e-07 3.8474e-06 -5.73817e-06
0.18 0.154512 -1.59325e-06 0.8455 5.14326e-07 3.37173e-06 -5.48344e-06
0.19 0.163591 -1.21387e-06 0.836424 1.25376e-07 3.10336e-06 -5.03613e-06
0.2 0.172523 -7.91791e-07 0.827493 -3.2074e-07 3.12998e-06 -4.64466e-06
0.21 0.181185 8.79929e-08 0.818833 -8.258e-07 3.33348e-06 -4.48772e-06
0.22 0.189507 1.11285e-06 0.810512 -1.28787e-06 3.54711e-06 -4.29047e-06
0.23 0.19749 2.08078e-06 0.80253 -1.66087e-06 3.87894e-06 -4.01929e-06
0.24 0.205195 2.93974e-06 0.794827 -1.8711e-06 4.45718e-06 -3.8779e-06
0.25 0.212724 2.95118e-06 0.787298 -1.91042e-06 5.23974e-06 -3.80094e-06
0.26 0.220193 2.76479e-06 0.77983 -1.87588e-06 6.02957e-06 -3.72569e-06
0.27 0.227705 2.32279e-06 0.772318 -1.81036e-06 6.65146e-06 -3.67256e-06
0.28 0.235325 1.71506e-06 0.764697 -1.71651e-06 7.10736e-06 -3.65376e-06
0.29 0.243067 8.76071e-07 0.756953 -1.60761e-06 7.57451e-06 -3.4337e-06
0.3 0.250898 1.99642e-07 0.749121 -1.345e-06 8.04965e-06 -3.09267e-06
0.31 0.258745 -3.69367e-07 0.741271 -9.60518e-07 8.45044e-06 -2.9386e-06
0.32 0.26652 -9.88012e-07 0.733494 -5.4446e-07 9.08856e-06 -3.40039e-06
0.33 0.274139 -1.34207e-06 0.725873 -2.31731e-07 9.92715e-06 -4.19037e-06
0.34 0.281546 -1.35337e-06 0.718465 2.54254e-08 1.09047e-05 -4.88413e-06
0.35 0.288721 -1.10535e-06 0.71129 2.45095e-07 1.17719e-05 -5.42168e-06
0.36 0.295685 -6.96143e-07 0.704326 4.03694e-07 1.25047e-05 -5.71837e-06
0.37 0.302489 -2.49036e-07 0.69752 3.90063e-07 1.29251e-05 -5.65699e-06
0.38 0.309206 2.27652e-07 0.690802 2.16925e-07 1.31855e-05 -5.18124e-06
0.39 0.315908 6.26949e-07 0.6841 1.79453e-08 1.33487e-05 -4.33975e-06
0.4 0.322647 1.00522e-06 0.67736 -1.00621e-07 1.34688e-05 -3.32917e-06
0.41 0.329448 1.03021e-06 0.670557 -1.60191e-07 1.32792e-05 -2.30309e-06
0.42 0.336304 8.14176e-07 0.663701 -2.30815e-07 1.27437e-05 -1.5159e-06
0.43 0.343175 5.90576e-07 0.656831 -3.4023e-07 1.18795e-05 -8.98898e-07
0.44 0.350003 6.45532e-07 0.650002 -6.44966e-07 1.06693e-05 -6.21659e-07
0.45 0.35673 1.1091e-06 0.643276 -1.27547e-06 9.15834e-06 -7.0006e-07
0.46 0.363307 1.85708e-06 0.636699 -1.98492e-06 7.64579e-06 -1.30672e-06
0.47 0.369709 2.3716e-06 0.630298 -2.53232e-06 6.45441e-06 -2.59593e-06
0.48 0.375939 2.63596e-06 0.624068 -2.88971e-06 5.75678e-06 -4.52199e-06
0.49 0.382026 2.54786e-06 0.617981 -3.00059e-06 5.90537e-06 -6.60216e-06
0.5 0.388017 2.18643e-06 0.611991 -2.7192e-06 6.61398e-06 -8.12671e-06
0.51 0.393963 1.43583e-06 0.606043 -1.96716e-06 7.48157e-06 -8.96399e-06
0.52 0.399911 4.85408e-07 0.600094 -8.28189e-07 8.19926e-06 -9.32928e-06
0.53 0.405889 -3.09197e-07 0.594116 4.18495e-07 8.63023e-06 -9.63764e-06
0.54 0.411899 -1.0107e-06 0.588105 1.47638e-06 8.80251e-06 -9.87455e-06
0.55 0.417923 -1.45904e-06 0.582081 2.04516e-06 9.00106e-06 -1.01101e-05
0.56 0.423924 -1.50859e-06 0.576079 2.13772e-06 9.38518e-06 -1.03983e-05
0.57 0.429859 -1.5455e-06 0.570145 1.9299e-06 9.80104e-06 -1.07453e-05
0.58 0.435687 -1.42079e-06 0.564317 1.73839e-06 1.02637e-05 -1.11505e-05
0.59 0.441384 -1.51954e-06 0.558621 1.82004e-06 1.08873e-05 -1.15703e-05
0.6 0.446941 -1.93784e-06 0.553064 2.20603e-06 1.17425e-05 -1.19722e-05
0.61 0.452371 -2.61378e-06 0.547633 2.80898e-06 1.27176e-05 -1.22735e-05
0.62 0.457706 -3.53696e-06 0.542298 3.61706e-06 1.34713e-05 -1.23193e-05
0.63 0.462983 -4.59118e-06 0.53702 4.58393e-06 1.37206e-05 -1.20326e-05
0.64 0.468242 -5.65998e-06 0.53176 5.6078e-06 1.34114e-05 -1.13479e-05
0.65 0.473509 -6.73727e-06 0.526492 6.6574e-06 1.24841e-05 -1.03235e-05
0.66 0.478796 -7.93873e-06 0.521203 7.75033e-06 1.0885e-05 -9.16876e-06
0.67 0.484096 -9.1808e-06 0.515902 8.88954e-06 8.67231e-06 -8.23348e-06
0.68 0.489386 -1.03484e-05 0.510611 9.99125e-06 6.09493e-06 -7.88314e-06
0.69 0.494634 -1.14163e-05 0.505362 1.10481e-05 3.5689e-06 -8.38094e-06
0.7 0.499807 -1.24211e-05 0.500188 1.21346e-05 1.54813e-06 -9.70992e-06
0.71 0.504879 -1.34485e-05 0.495117 1.33646e-05 1.69172e-07 -1.175e-05
0.72 0.509836 -1.43927e-05 0.490159 1.44908e-05 -3.80437e-07 -1.42441e-05
0.73 0.514683 -1.50414e-05 0.485313 1.52902e-05 -1.92728e-07 -1.68753e-05
0.74 0.519436 -1.51384e-05 0.48056 1.55635e-05 4.31561e-07 -1.9302e-05
0.75 0.524126 -1.47121e-05 0.47587 1.5279e-05 1.08681e-06 -2.13312e-05
0.76 0.528784 -1.40693e-05 0.471211 1.46645e-05 1.48501e-06 -2.25805e-05
0.77 0.533437 -1.33876e-05 0.466559 1.39504e-05 1.49986e-06 -2.29459e-05
0.78 0.538098 -1.27952e-05 0.461896 1.32843e-05 1.10083e-06 -2.24479e-05
0.79 0.542769 -1.23486e-05 0.457225 1.28366e-05 2.74981e-07 -2.13245e-05
0.8 0.547436 -1.22072e-05 0.452558 1.27114e-05 -9.51944e-07 -1.98543e-05
0.81 0.552076 -1.23942e-05 0.447917 1.28965e-05 -2.55209e-06 -1.81855e-05
0.82 0.556663 -1.27739e-05 0.44333 1.33615e-05 -4.51014e-06 -1.65018e-05
0.83 0.561172 -1.33461e-05 0.438821 1.41169e-05 -6.61482e-06 -1.51272e-05
0.84 0.565589 -1.41807e-05 0.434404 1.51656e-05 -8.56227e-06 -1.41306e-05
0.85 0.56991 -1.54205e-05 0.430082 1.65047e-05 -1.01217e-05 -1.33839e-05
0.86 0.574147 -1.69717e-05 0.425845 1.80643e-05 -1.1395e-05 -1.29663e-05
0.87 0.57832 -1.85204e-05 0.421672 1.96047e-05 -1.24817e-05 -1.28353e-05
0.88 0.582453 -1.97247e-05 0.417538 2.08532e-05 -1.34982e-05 -1.28874e-05
0.89 0.586572 -2.02188e-05 0.41342 2.15536e-05 -1.46279e-05 -1.30467e-05
0.9 0.590692 -2.02045e-05 0.4093 2.17023e-05 -1.59951e-05 -1.32094e-05
0.91 0.59482 -1.99214e-05 0.405172 2.14827e-05 -1.75078e-05 -1.33568e-05
0.92 0.598948 -1.96117e-05 0.401043 2.10934e-05 -1.89725e-05 -1.34038e-05
0.93 0.603061 -1.94835e-05 0.396929 2.07404e-05 -2.03637e-05 -1.33966e-05
0.94 0.607136 -1.9482e-05 0.392855 2.04867e-05 -2.17132e-05 -1.34586e-05
0.95 0.61115 -1.95525e-05 0.388841 2.02794e-05 -2.30312e-05 -1.36098e-05
0.96 0.615086 -1.95555e-05 0.384904 2.00422e-05 -2.43033e-05 -1.38645e-05
0.97 0.61894 -1.94946e-05 0.381051 1.97987e-05 -2.53337e-05 -1.42229e-05
0.98 0.622714 -1.94277e-05 0.377276 1.95147e-05 -2.60195e-05 -1.45048e-05
0.99 0.626424 -1.9368e-05 0.373566 1.91873e-05 -2.63797e-05 -1.4558e-05
1 0.630091 -1.91139e-05 0.3699 1.87548e-05 -2.66417e-05 -1.42718e-05
1.01 0.633734 -1.8506e-05 0.366257 1.80715e-05 -2.69299e-05 -1.38319e-05
1.02 0.637372 -1.74841e-05 0.362619 1.6997e-05 -2.72657e-05 -1.34056e-05
1.03 0.641012 -1.60131e-05 0.358978 1.54872e-05 -2.76092e-05 -1.30315e-05
1.04 0.644655 -1.40871e-05 0.355336 1.35313e-05 -2.79415e-05 -1.2813e-05
1.05 0.648289 -1.15829e-05 0.351702 1.10324e-05 -2.84047e-05 -1.29387e-05
1.06 0.651896 -8.42555e-06 0.348094 7.93526e-06 -2.89541e-05 -1.34293e-05
1.07 0.655459 -4.92803e-06 0.344531 4.46512e-06 -2.96396e-05 -1.41472e-05
1.08 0.658959 -1.63027e-06 0.34103 1.23459e-06 -3.04223e-05 -1.49537e-05
1.09 0.662386 7.81311e-07 0.337602 -1.02849e-06 -3.11832e-05 -1.57116e-05
1.1 0.665741 1.87119e-06 0.334247 -1.93756e-06 -3.17776e-05 -1.63758e-05
1.11 0.66903 1.73028e-06 0.330958 -1.5984e-06 -3.21375e-05 -1.68967e-05
1.12 0.672271 6.73341e-07 0.327717 -3.78149e-07 -3.21799e-05 -1.7206e-05
1.13 0.675483 -8.75308e-07 0.324505 1.27466e-06 -3.19726e-05 -1.70598e-05
1.14 0.678683 -2.34297e-06 0.321305 2.85395e-06 -3.16377e-05 -1.63572e-05
1.15 0.681883 -3.51093e-06 0.318105 4.05453e-06 -3.13759e-05 -1.52885e-05
1.16 0.685087 -4.10439e-06 0.314902 4.61386e-06 -3.14368e-05 -1.42068e-05
1.17 0.688287 -3.92818e-06 0.311702 4.38305e-06 -3.18938e-05 -1.33299e-05
1.18 0.691472 -3.09003e-06 0.308516 3.5329e-06 -3.27325e-05 -1.25765e-05
1.19 0.694626 -2.12813e-06 0.305362 2.4199e-06 -3.39308e-05 -1.18235e-05
1.2 0.697734 -1.16871e-06 0.302255 1.26896e-06 -3.54522e-05 -1.10298e-05
1.21 0.700783 -2.64914e-07 0.299205 1.62624e-07 -3.73322e-05 -1.03483e-05
1.22 0.703771 3.90058e-07 0.296217 -6.87064e-07 -3.93426e-05 -9.8901e-06
1.23 0.706702 7.36307e-07 0.293285 -1.11351e-06 -4.1253e-05 -9.75083e-06
1.24 0.709589 2.5658e-07 0.290398 -6.12893e-07 -4.28546e-05 -9.99747e-06
1.25 0.712445 -1.43153e-06 0.287541 1.18769e-06 -4.41185e-05 -1.06005e-05
1.26 0.715287 -4.09288e-06 0.284699 3.96433e-06 -4.50729e-05 -1.13611e-05
1.27 0.718126 -7.16863e-06 0.28186 7.13213e-06 -4.58225e-05 -1.19707e-05
1.28 0.720968 -1.01512e-05 0.279018 1.01758e-05 -4.64665e-05 -1.20697e-05
1.29 0.723811 -1.27343e-05 0.276176 1.27876e-05 -4.71116e-05 -1.14085e-05
1.3 0.726645 -1.47097e-05 0.273341 1.47439e-05 -4.79344e-05 -1.00094e-05
1.31 0.729458 -1.57714e-05 0.270529 1.57894e-05 -4.90916e-05 -8.31744e-06
1.32 0.732233 -1.57071e-05 0.267753 1.5785e-05 -5.06232e-05 -6.85354e-06
1.33 0.734959 -1.49439e-05 0.265027 1.50254e-05 -5.24417e-05 -5.90688e-06
1.34 0.73763 -1.39918e-05 0.262357 1.40217e-05 -5.43796e-05 -5.71808e-06
1.35 0.740246 -1.32326e-05 0.25974 1.3153e-05 -5.62294e-05 -6.36991e-06
1.36 0.742816 -1.30177e-05 0.25717 1.27553e-05 -5.78243e-05 -7.75758e-06
1.37 0.745353 -1.30618e-05 0.254634 1.26135e-05 -5.90882e-05 -9.67661e-06
1.38 0.74787 -1.27686e-05 0.252116 1.21763e-05 -6.00918e-05 -1.17006e-05
1.39 0.75038 -1.18292e-05 0.249607 1.11388e-05 -6.09237e-05 -1.3527e-05
1.4 0.752889 -1.00345e-05 0.247098 9.29487e-06 -6.1644e-05 -1.49585e-05
1.41 0.755398 -7.54164e-06 0.244588 6.80365e-06 -6.23216e-05 -1.59663e-05
1.42 0.757902 -4.4021e-06 0.242084 3.70209e-06 -6.29658e-05 -1.67183e-05
1.43 0.760391 -3.18057e-07 0.239595 -3.25318e-07 -6.37416e-05 -1.75353e-05
1.44 0.762852 4.74646e-06 0.237134 -5.40058e-06 -6.47144e-05 -1.8659e-05
1.45 0.765274 1.03648e-05 0.234712 -1.11148e-05 -6.58572e-05 -2.02986e-05
1.46 0.767651 1.60988e-05 0.232335 -1.69901e-05 -6.70412e-05 -2.25387e-05
1.47 0.769982 2.14616e-05 0.230005 -2.25006e-05 -6.80606e-05 -2.53449e-05
1.48 0.77227 2.58943e-05 0.227716 -2.69698e-05 -6.87743e-05 -2.85104e-05
1.49 0.774527 2.92663e-05 0.225459 -3.02968e-05 -6.90744e-05 -3.19401e-05
1.5 0.776765 3.12571e-05 0.223221 -3.21701e-05 -6.89013e-05 -3.55027e-05
1.51 0.778995 3.17397e-05 0.220991 -3.25017e-05 -6.82496e-05 -3.88607e-05
1.52 0.781225 3.20036e-05 0.218762 -3.26467e-05 -6.71854e-05 -4.16593e-05
1.53 0.783457 3.30909e-05 0.21653 -3.36315e-05 -6.58617e-05 -4.35986e-05
1.54 0.785688 3.46096e-05 0.214299 -3.50902e-05 -6.44596e-05 -4.44907e-05
1.55 0.78791 3.56069e-05 0.212077 -3.60354e-05 -6.3177e-05 -4.46415e-05
1.56 0.790113 3.52742e-05 0.209874 -3.57058e-05 -6.23695e-05 -4.4293e-05
1.57 0.792285 3.3148e-05 0.207702 -3.3645e-05 -6.22181e-05 -4.37904e-05
1.58 0.794418 2.86642e-05 0.205569 -2.91553e-05 -6.26726e-05 -4.34257e-05
1.59 0.796508 2.29038e-05 0.203479 -2.32546e-05 -6.37436e-05 -4.3769e-05
1.6 0.798559 1.73585e-05 0.201428 -1.75178e-05 -6.52336e-05 -4.5008e-05
1.61 0.800578 1.24575e-05 0.199409 -1.24918e-05 -6.68738e-05 -4.69784e-05
1.62 0.802574 8.12134e-06 0.197413 -8.12519e-06 -6.82111e-05 -4.94062e-05
1.63 0.804558 4.25168e-06 0.19543 -4.19249e-06 -6.88927e-05 -5.19816e-05
1.64 0.806537 8.52836e-07 0.19345 -6.92798e-07 -6.87257e-05 -5.40477e-05
1.65 0.808516 -2.09427e-06 0.191471 2.31132e-06 -6.8202e-05 -5.52437e-05
1.66 0.810496 -5.73927e-06 0.189492 6.09633e-06 -6.75031e-05 -5.54697e-05
1.67 0.812471 -1.09257e-05 0.187516 1.14866e-05 -6.67867e-05 -5.49013e-05
1.68 0.814434 -1.67475e-05 0.185553 1.74085e-05 -6.62267e-05 -5.4225e-05
1.69 0.816376 -2.31495e-05 0.183611 2.37265e-05 -6.59646e-05 -5.28059e-05
1.7 0.818286 -3.09764e-05 0.181701 3.14319e-05 -6.63908e-05 -5.13062e-05
1.71 0.820157 -4.09387e-05 0.17983 4.13082e-05 -6.74549e-05 -5.02352e-05
1.72 0.821989 -5.26061e-05 0.177998 5.29335e-05 -6.88578e-05 -4.97321e-05
1.73 0.823786 -6.38994e-05 0.176201 6.42233e-05 -7.03897e-05 -4.95857e-05
1.74 0.825556 -7.22701e-05 0.174432 7.25635e-05 -7.18173e-05 -4.95805e-05
1.75 0.827307 -7.72142e-05 0.172681 7.75016e-05 -7.31551e-05 -4.96273e-05
1.76 0.829051 -7.84722e-05 0.170937 7.87246e-05 -7.4134e-05 -4.89385e-05
1.77 0.830795 -7.61149e-05 0.169194 7.62522e-05 -7.57095e-05 -4.75319e-05
1.78 0.83254 -7.42233e-05 0.167448 7.42419e-05 -7.75642e-05 -4.57348e-05
1.79 0.834285 -7.54818e-05 0.165703 7.54329e-05 -8.00104e-05 -4.38316e-05
1.8 0.836024 -7.92268e-05 0.163965 7.91142e-05 -8.28091e-05 -4.1982e-05
1.81 0.837747 -8.42874e-05 0.162242 8.41611e-05 -8.57393e-05 -4.05614e-05
1.82 0.839445 -9.02299e-05 0.160544 9.01118e-05 -8.82497e-05 -3.99673e-05
1.83 0.841109 -9.84123e-05 0.15888 9.82454e-05 -9.0257e-05 -4.00843e-05
1.84 0.842734 -0.000108884 0.157256 0.000108558 -9.16383e-05 -4.07642e-05
1.85 0.844324 -0.000119031 0.155666 0.000118536 -9.23726e-05 -4.15457e-05
1.86 0.845887 -0.000126569 0.154103 0.000126015 -9.32178e-05 -4.21511e-05
1.87 0.847434 -0.000130183 0.152556 0.000129677 -9.40853e-05 -4.29523e-05
1.88 0.848975 -0.000130327 0.151016 0.000129865 -9.4857e-05 -4.37523e-05
1.89 0.850514 -0.000127986 0.149477 0.000127444 -9.54662e-05 -4.4323e-05
1.9 0.852053 -0.000124127 0.147938 0.000123509 -9.66957e-05 -4.42748e-05
1.91 0.853593 -0.000120361 0.146399 0.000119708 -9.77923e-05 -4.40713e-05
1.92 0.85513 -0.000117935 0.144862 0.000117311 -9.89455e-05 -4.38626e-05
1.93 0.856657 -0.000117825 0.143335 0.000117264 -0.000100121 -4.3712e-05
1.94 0.858163 -0.00011918 0.14183 0.000118654 -0.000101212 -4.39502e-05
1.95 0.859639 -0.000121676 0.140354 0.000121113 -0.000102075 -4.49373e-05
1.96 0.861081 -0.000124912 0.138912 0.000124347 -0.000103072 -4.61094e-05
1.97 0.862493 -0.000127579 0.137501 0.000127047 -0.000104276 -4.74462e-05
1.98 0.86388 -0.000128871 0.136115 0.000128267 -0.000105699 -4.88e-05
1.99 0.865249 -0.000130348 0.134746 0.00012961 -0.000107047 -5.03601e-05
2 0.866609 -0.000133457 0.133386 0.000132699 -0.000108428 -5.12528e-05
2.01 0.867968 -0.000138507 0.132027 0.000137838 -0.000109815 -5.24142e-05
2.02 0.869332 -0.000144727 0.130664 0.000144128 -0.000111113 -5.38989e-05
2.03 0.870698 -0.000151051 0.129298 0.000150457 -0.000112322 -5.53987e-05
2.04 0.872063 -0.000156199 0.127934 0.000155603 -0.000113052 -5.70527e-05
2.05 0.873418 -0.000160935 0.126579 0.000160339 -0.000113256 -5.82637e-05
2.06 0.874755 -0.000165602 0.125243 0.000164989 -0.000113177 -5.85433e-05
2.07 0.876065 -0.000169479 0.123933 0.000168869 -0.000113215 -5.79394e-05
2.08 0.877343 -0.000171937 0.122656 0.000171271 -0.000113046 -5.65638e-05
2.09 0.878589 -0.000173205 0.12141 0.000172483 -0.000112569 -5.49863e-05
2.1 0.879808 -0.000174636 0.120191 0.000173946 -0.000111641 -5.36584e-05
2.11 0.881009 -0.000174999 0.118991 0.000174332 -0.000111169 -5.28265e-05
2.12 0.882203 -0.000173296 0.117797 0.000172604 -0.000111554 -5.25613e-05
2.13 0.883397 -0.000170672 0.116604 0.000169994 -0.000112889 -5.27223e-05
2.14 0.884599 -0.000168515 0.115403 0.000167873 -0.000114402 -5.29917e-05
2.15 0.88581 -0.000168851 0.114193 0.000168219 -0.00011598 -5.32375e-05
2.16 0.887026 -0.000172027 0.112977 0.000171465 -0.000116494 -5.29648e-05
2.17 0.888238 -0.000177266 0.111766 0.000176831 -0.000116763 -5.19462e-05
2.18 0.889437 -0.00018373 0.110568 0.000183415 -0.000116856 -5.05599e-05
2.19 0.890614 -0.000189546 0.109392 0.000189251 -0.000116869 -4.88402e-05
2.2 0.891763 -0.000192042 0.108245 0.000191687 -0.000117428 -4.66945e-05
2.21 0.892884 -0.00018927 0.107124 0.00018888 -0.000118757 -4.49878e-05
2.22 0.893983 -0.00018301 0.106027 0.000182713 -0.000122259 -4.31291e-05
2.23 0.895069 -0.000174405 0.104942 0.000174228 -0.000127189 -4.11134e-05
2.24 0.896152 -0.000162322 0.10386 0.000162182 -0.0001317 -4.01256e-05
2.25 0.897236 -0.0001481 0.102777 0.000147968 -0.000135017 -3.92369e-05
2.26 0.898323 -0.000134944 0.101692 0.00013487 -0.000137611 -3.75653e-05
2.27 0.899416 -0.000127968 0.1006 0.00012786 -0.000139056 -3.58991e-05
2.28 0.900514 -0.000128931 0.099503 0.000128794 -0.000138773 -3.42085e-05
2.29 0.901612 -0.000133457 0.0984064 0.000133328 -0.000137306 -3.23891e-05
2.3 0.902699 -0.00013757 0.0973212 0.000137478 -0.000134369 -3.0872e-05
2.31 0.903765 -0.000141146 0.0962565 0.00014104 -0.000131678 -3.01154e-05
2.32 0.904808 -0.000144772 0.0952149 0.000144623 -0.000129501 -3.00431e-05
2.33 0.905826 -0.000147648 0.0941975 0.000147498 -0.000128335 -3.01684e-05
2.34 0.906823 -0.000148922 0.0932023 0.000148799 -0.000128064 -2.99975e-05
2.35 0.907803 -0.000148172 0.0922229 0.0001481 -0.000129058 -2.87219e-05
2.36 0.908775 -0.000146393 0.091252 0.000146361 -0.00012985 -2.75141e-05
2.37 0.90975 -0.00014363 0.0902783 0.000143637 -0.000130607 -2.61333e-05
2.38 0.910736 -0.000141174 0.0892927 0.000141202 -0.000131325 -2.61497e-05
2.39 0.911734 -0.00014121 0.0882963 0.000141258 -0.000131739 -2.72211e-05
2.4 0.912733 -0.000144218 0.0872979 0.000144295 -0.000132654 -2.95155e-05
2.41 0.913728 -0.000150119 0.0863039 0.000150236 -0.000133582 -3.14674e-05
2.42 0.914717 -0.000157524 0.0853157 0.000157676 -0.000132812 -3.26941e-05
2.43 0.915703 -0.000164051 0.0843312 0.000164207 -0.000131562 -3.3851e-05
2.44 0.916677 -0.000168486 0.0833578 0.000168649 -0.000130268 -3.47597e-05
2.45 0.917633 -0.000170356 0.0824016 0.00017055 -0.000128452 -3.4184e-05
2.46 0.918587 -0.00017128 0.0814482 0.000171488 -0.000127725 -3.39703e-05
2.47 0.919553 -0.000171523 0.0804824 0.000171728 -0.000126089 -3.19192e-05
2.48 0.92056 -0.000171161 0.0794747 0.000171366 -0.000126622 -3.08863e-05
2.49 0.921605 -0.000170764 0.0784299 0.000170968 -0.000122214 -2.9665e-05
2.5 0.922644 -0.000171199 0.0773911 0.000171403 -0.00012203 -3.20547e-05
