

*******************************************************************************
Tue Aug 17 16:55:14 2021


FIT:    data read from "analyze_te5.out" u ($1):( log($2/($1*$3*$3*$3)))
        format = x:z
        x range restricted to [1.00000 : 1000.00]
        #datapoints = 14
        residuals are weighted equally (unit weight)

function used for fitting: log(g(x,100))
	g(x,nmax)=alph*nmax
fitted parameters initialized with current variable values

iter      chisq       delta/lim  lambda   alph         
   0 1.8630110328e+02   0.00e+00  1.00e+00    1.000000e-08
   6 5.0339549735e+00  -1.40e-01  1.00e-06    3.653552e-07

After 6 iterations the fit converged.
final sum of squares of residuals : 5.03395
rel. change during last iteration : -1.39707e-06

degrees of freedom    (FIT_NDF)                        : 13
rms of residuals      (FIT_STDFIT) = sqrt(WSSR/ndf)    : 0.622276
variance of residuals (reduced chisquare) = WSSR/ndf   : 0.387227

Final set of parameters            Asymptotic Standard Error
=======================            ==========================
alph            = 3.65355e-07      +/- 6.079e-08    (16.64%)


*******************************************************************************
Tue Aug 17 16:55:43 2021


FIT:    data read from "analyze_te5.out" u ($1):( log($2/($1*$3*$3*$3)))
        format = x:z
        x range restricted to [1.00000 : 1000.00]
        #datapoints = 14
        residuals are weighted equally (unit weight)

function used for fitting: log(g(x,100))
	g(x,nmax)=alph*nmax
fitted parameters initialized with current variable values

iter      chisq       delta/lim  lambda   alph         
   0 1.8630110328e+02   0.00e+00  1.00e+00    1.000000e-08
   6 5.0339549735e+00  -1.40e-01  1.00e-06    3.653552e-07

After 6 iterations the fit converged.
final sum of squares of residuals : 5.03395
rel. change during last iteration : -1.39707e-06

degrees of freedom    (FIT_NDF)                        : 13
rms of residuals      (FIT_STDFIT) = sqrt(WSSR/ndf)    : 0.622276
variance of residuals (reduced chisquare) = WSSR/ndf   : 0.387227

Final set of parameters            Asymptotic Standard Error
=======================            ==========================
alph            = 3.65355e-07      +/- 6.079e-08    (16.64%)
