0 0 0 1 0 0 0
0.05 0.00394373 2.68348e-10 0.995726 -1.2908e-08 5.98683e-10 -1.3222e-09
0.1 0.0156426 8.21394e-10 0.983985 -1.28507e-08 7.20255e-10 -2.3697e-09
0.15 0.034678 1.14607e-09 0.964883 -1.26112e-08 4.66961e-10 -3.06144e-09
0.2 0.0603916 6.9938e-10 0.939093 -1.22012e-08 6.53497e-11 -3.5709e-09
0.25 0.0919105 -9.88829e-10 0.907501 -1.16476e-08 -3.58097e-10 -3.98333e-09
0.3 0.128197 -4.1976e-09 0.871147 -1.09882e-08 -6.81418e-10 -4.32536e-09
0.35 0.168116 -8.96365e-09 0.831166 -1.02744e-08 -9.07297e-10 -4.50254e-09
0.4 0.210502 -1.50813e-08 0.788719 -9.5479e-09 -1.12681e-09 -4.3522e-09
0.45 0.25422 -2.21449e-08 0.744943 -8.84185e-09 -1.17153e-09 -4.07051e-09
0.5 0.298209 -2.96341e-08 0.700891 -8.17539e-09 -1.36707e-09 -3.66148e-09
0.55 0.341536 -3.71583e-08 0.657499 -7.55241e-09 -1.76199e-09 -3.20876e-09
0.6 0.383429 -4.44769e-08 0.61555 -6.96406e-09 -2.11678e-09 -2.79174e-09
0.65 0.423261 -5.11256e-08 0.575666 -6.41343e-09 -2.40986e-09 -2.45794e-09
0.7 0.460586 -5.71115e-08 0.538297 -5.89992e-09 -2.6629e-09 -2.21811e-09
0.75 0.495109 -6.21572e-08 0.503733 -5.41359e-09 -3.00415e-09 -2.10706e-09
0.8 0.526689 -6.64192e-08 0.472116 -4.95867e-09 -3.61199e-09 -2.19451e-09
0.85 0.555317 -7.01307e-08 0.443459 -4.52849e-09 -4.36402e-09 -2.28181e-09
0.9 0.581089 -7.34899e-08 0.417668 -4.12707e-09 -4.55347e-09 -2.22928e-09
0.95 0.604185 -7.66502e-08 0.39456 -3.75679e-09 -4.19051e-09 -1.84486e-09
1 0.624847 -7.97707e-08 0.373889 -3.42543e-09 -2.2984e-09 -1.22515e-09
1.05 0.643365 -8.29732e-08 0.355365 -3.11526e-09 4.01808e-10 5.12733e-10
1.1 0.660047 -8.63122e-08 0.338673 -2.81844e-09 6.22052e-09 4.04133e-09
1.15 0.675228 -8.92549e-08 0.323492 -2.63387e-09 1.77886e-08 1.06447e-08
1.2 0.689213 -9.20116e-08 0.309507 -2.39508e-09 3.75066e-08 1.64531e-08
1.25 0.7023 -9.43849e-08 0.296421 -2.02404e-09 7.03845e-08 1.6257e-08
1.3 0.71474 -9.75119e-08 0.283972 -1.34143e-09 1.10463e-07 1.08974e-08
1.35 0.726759 -1.00654e-07 0.271944 -3.31246e-10 1.66822e-07 4.25214e-09
1.4 0.738531 -1.03931e-07 0.260163 9.66023e-10 2.39248e-07 -1.12719e-08
1.45 0.750188 -1.07397e-07 0.248498 2.44156e-09 3.20425e-07 -4.38934e-08
1.5 0.761818 -1.11028e-07 0.236862 3.95403e-09 4.04194e-07 -9.54613e-08
1.55 0.773461 -1.14828e-07 0.225215 5.25714e-09 4.77758e-07 -1.62921e-07
1.6 0.785115 -1.19113e-07 0.21356 6.06466e-09 5.33946e-07 -2.43754e-07
1.65 0.796739 -1.23362e-07 0.201936 6.25031e-09 5.56223e-07 -3.34988e-07
1.7 0.808263 -1.27697e-07 0.190414 6.05253e-09 5.447e-07 -4.2837e-07
1.75 0.819595 -1.32092e-07 0.179086 5.78571e-09 5.05632e-07 -5.12637e-07
1.8 0.830632 -1.36897e-07 0.168056 5.84158e-09 4.48131e-07 -5.77799e-07
1.85 0.841262 -1.41814e-07 0.157434 6.42386e-09 3.80527e-07 -6.13666e-07
1.9 0.851381 -1.46305e-07 0.147321 7.46982e-09 3.13093e-07 -6.21644e-07
1.95 0.860906 -1.50096e-07 0.137803 8.65409e-09 2.51904e-07 -6.0459e-07
2 0.869773 -1.5195e-07 0.128944 8.7334e-09 2.02923e-07 -5.68234e-07
2.05 0.877944 -1.49626e-07 0.120781 6.64755e-09 1.70746e-07 -5.2129e-07
2.1 0.885406 -1.44952e-07 0.113327 3.12896e-09 1.56854e-07 -4.71395e-07
2.15 0.892166 -1.39991e-07 0.106577 -2.06177e-10 1.60325e-07 -4.23596e-07
2.2 0.898251 -1.36561e-07 0.100504 -2.75812e-09 1.77694e-07 -3.80818e-07
2.25 0.903725 -1.32031e-07 0.0950611 -5.29759e-09 2.05172e-07 -3.4249e-07
2.3 0.908627 -1.25699e-07 0.0901895 -1.04076e-08 2.35703e-07 -3.08483e-07
2.35 0.913026 -1.16098e-07 0.0858199 -1.99652e-08 2.64208e-07 -2.77301e-07
2.4 0.916999 -1.02732e-07 0.0818725 -3.41001e-08 2.87182e-07 -2.47998e-07
2.45 0.92063 -8.64639e-08 0.0782642 -5.14232e-08 3.02003e-07 -2.19736e-07
2.5 0.924 -6.977e-08 0.0749131 -6.93369e-08 3.06783e-07 -1.92217e-07
2.55 0.92719 -5.73489e-08 0.0717418 -8.29079e-08 3.01116e-07 -1.65531e-07
2.6 0.930268 -5.41418e-08 0.0686814 -8.74158e-08 2.85818e-07 -1.40165e-07
2.65 0.933299 -6.13111e-08 0.0656725 -8.18449e-08 2.62149e-07 -1.16785e-07
2.7 0.936326 -7.69738e-08 0.0626725 -6.86054e-08 2.32774e-07 -9.63148e-08
2.75 0.939382 -9.65718e-08 0.0596447 -5.11763e-08 2.00431e-07 -7.95849e-08
2.8 0.942489 -1.15156e-07 0.0565692 -3.44449e-08 1.67982e-07 -6.67914e-08
2.85 0.945644 -1.29317e-07 0.0534453 -2.19189e-08 1.37543e-07 -5.78932e-08
2.9 0.948833 -1.40972e-07 0.0502865 -1.14089e-08 1.09421e-07 -5.16703e-08
2.95 0.952033 -1.51945e-07 0.0471141 -1.49552e-09 8.38325e-08 -4.763e-08
3 0.955208 -1.62372e-07 0.0439636 7.92836e-09 6.06597e-08 -4.49743e-08
3.05 0.958322 -1.75711e-07 0.0408585 2.01244e-08 4.15531e-08 -4.41111e-08
3.1 0.96129 -1.92376e-07 0.0379009 3.53941e-08 2.30172e-08 -4.34728e-08
3.15 0.964082 -2.14664e-07 0.0351191 5.57189e-08 5.00724e-09 -4.18245e-08
3.2 0.966678 -2.42203e-07 0.032533 8.13935e-08 -1.12026e-08 -3.91219e-08
3.25 0.969062 -2.72217e-07 0.0301585 1.09879e-07 -2.46109e-08 -3.4894e-08
3.3 0.97123 -2.98489e-07 0.0280007 1.34245e-07 -3.46304e-08 -2.91571e-08
3.35 0.973185 -3.16883e-07 0.0260554 1.50681e-07 -3.76781e-08 -2.44539e-08
3.4 0.974942 -3.28844e-07 0.0243097 1.60346e-07 -3.58615e-08 -2.43522e-08
3.45 0.976524 -3.38528e-07 0.0227407 1.70402e-07 -3.06949e-08 -2.95106e-08
3.5 0.977967 -3.55877e-07 0.0213058 1.89848e-07 -2.28579e-08 -4.04056e-08
3.55 0.979283 -3.81158e-07 0.0199992 2.19135e-07 -1.13859e-08 -5.48426e-08
3.6 0.980517 -4.10129e-07 0.0187751 2.53115e-07 8.36511e-10 -7.26682e-08
3.65 0.981708 -4.38963e-07 0.0175934 2.86826e-07 1.22334e-08 -9.34261e-08
3.7 0.982891 -4.64267e-07 0.0164184 3.16435e-07 2.17941e-08 -1.16532e-07
3.75 0.984097 -4.81732e-07 0.0152195 3.37639e-07 2.96127e-08 -1.41206e-07
3.8 0.985359 -4.93073e-07 0.0139614 3.52718e-07 3.53536e-08 -1.66873e-07
3.85 0.986696 -5.10053e-07 0.0126268 3.72218e-07 3.94899e-08 -1.92445e-07
3.9 0.988097 -5.41214e-07 0.0112276 4.0634e-07 4.30771e-08 -2.17441e-07
3.95 0.98956 -5.83103e-07 0.00976628 4.50843e-07 4.65426e-08 -2.41288e-07
4 0.991081 -6.14035e-07 0.00824509 4.8364e-07 4.94412e-08 -2.63341e-07
4.05 0.992648 -6.1732e-07 0.00667722 4.88185e-07 5.15855e-08 -2.83385e-07
4.1 0.994238 -6.09875e-07 0.00508726 4.81924e-07 5.24377e-08 -3.00731e-07
4.15 0.995829 -6.09613e-07 0.00349596 4.81506e-07 5.09826e-08 -3.14642e-07
4.2 0.997415 -6.13764e-07 0.00190977 4.82586e-07 4.61353e-08 -3.2494e-07
4.25 0.998995 -6.17429e-07 0.000327637 4.803e-07 3.71765e-08 -3.31752e-07
4.3 1.00057 -6.08516e-07 -0.00124474 4.67451e-07 2.36327e-08 -3.36086e-07
4.35 1.00213 -5.67916e-07 -0.00280396 4.23857e-07 6.23213e-09 -3.37875e-07
4.4 1.00366 -4.83593e-07 -0.0043369 3.36664e-07 -1.45002e-08 -3.37828e-07
4.45 1.00513 -3.56489e-07 -0.0058072 2.06677e-07 -3.74333e-08 -3.36306e-07
4.5 1.00649 -1.98413e-07 -0.00715869 4.64113e-08 -6.09876e-08 -3.33478e-07
4.55 1.00766 -2.08225e-08 -0.00832394 -1.33102e-07 -8.3739e-08 -3.29332e-07
4.6 1.00857 1.69385e-07 -0.00923707 -3.24751e-07 -1.04493e-07 -3.24012e-07
4.65 1.00919 3.6803e-07 -0.00984689 -5.24846e-07 -1.22469e-07 -3.17831e-07
4.7 1.00947 5.60804e-07 -0.0101246 -7.17634e-07 -1.36823e-07 -3.11232e-07
4.75 1.00941 7.47108e-07 -0.0100686 -9.0423e-07 -1.46095e-07 -3.03632e-07
4.8 1.00905 9.30681e-07 -0.00970304 -1.08825e-06 -1.49877e-07 -2.97063e-07
4.85 1.00842 1.10409e-06 -0.00906852 -1.26207e-06 -1.52617e-07 -2.92078e-07
4.9 1.00757 1.25751e-06 -0.0082217 -1.41558e-06 -1.52116e-07 -2.89303e-07
4.95 1.00658 1.38731e-06 -0.00722203 -1.54558e-06 -1.4893e-07 -2.87621e-07
5 1.00548 1.48925e-06 -0.00612244 -1.64752e-06 -1.44175e-07 -2.89544e-07
