0 0 0 1 0 0 0
0.05 0.00393602 -2.59443e-16 0.995798 4.20538e-16 1.37776e-10 3.51528e-10
0.1 0.0156158 -5.64859e-15 0.984059 3.25192e-15 -2.4756e-12 -2.30552e-10
0.15 0.0346329 -1.44253e-14 0.964958 3.73195e-15 -4.47436e-11 4.82007e-11
0.2 0.0603392 -2.17713e-14 0.939166 4.09599e-15 2.15798e-11 -9.08818e-12
0.25 0.0918525 -2.69038e-14 0.90757 4.18475e-15 6.89993e-11 6.8221e-11
0.3 0.128137 -3.17004e-14 0.871208 4.44659e-15 7.57543e-11 1.74499e-10
0.35 0.168057 -3.68988e-14 0.831216 4.5637e-15 1.0727e-10 2.67543e-10
0.4 0.21045 -4.05624e-14 0.788756 4.8408e-15 1.34048e-10 2.48709e-10
0.45 0.254181 -4.28572e-14 0.744962 5.43358e-15 1.34773e-10 1.53525e-10
0.5 0.29819 -4.1188e-14 0.700892 6.06273e-15 7.56336e-11 3.13018e-11
0.55 0.341554 -3.64451e-14 0.657477 6.7191e-15 -2.94828e-11 -4.75723e-11
0.6 0.383483 -2.87373e-14 0.615504 6.83939e-15 -1.07427e-10 -6.66459e-11
0.65 0.423352 -2.17866e-14 0.575591 6.04237e-15 -1.17915e-10 -4.94569e-11
0.7 0.460709 -1.44497e-14 0.538193 3.7666e-15 -7.16583e-11 -1.03798e-11
0.75 0.495274 -1.44253e-14 0.503597 5.14122e-16 5.16559e-11 9.76474e-12
0.8 0.526897 -1.88456e-14 0.471947 -1.95517e-15 2.62512e-10 -5.79351e-11
0.85 0.555573 -2.67606e-14 0.443255 -3.43318e-16 5.14401e-10 -1.50632e-10
0.9 0.5814 -4.01115e-14 0.417425 1.01917e-14 8.34747e-10 -1.18432e-10
0.95 0.604565 -6.20638e-14 0.394266 3.44299e-14 1.24844e-09 1.77141e-10
1 0.625325 -9.39025e-14 0.37352 6.97479e-14 1.63318e-09 9.3022e-10
1.05 0.643983 -1.32825e-13 0.354885 1.03249e-13 1.90099e-09 2.10064e-09
1.1 0.660861 -1.54199e-13 0.338033 1.18898e-13 1.85988e-09 3.42569e-09
1.15 0.676291 -1.35107e-13 0.322629 9.57679e-14 1.82708e-09 5.01714e-09
1.2 0.690606 -8.48528e-14 0.308338 4.2668e-14 2.05359e-09 6.44852e-09
1.25 0.704104 -2.29626e-14 0.294854 -1.94783e-14 2.43364e-09 7.33837e-09
1.3 0.717038 2.69138e-14 0.28193 -6.91127e-14 2.73604e-09 7.68805e-09
1.35 0.729611 4.8538e-14 0.269361 -8.96751e-14 2.85443e-09 7.52868e-09
1.4 0.741997 3.44809e-14 0.256973 -7.42705e-14 2.71397e-09 6.98332e-09
1.45 0.754278 -1.95628e-14 0.244684 -1.8813e-14 2.25555e-09 6.18729e-09
1.5 0.766461 -1.1286e-13 0.232488 7.53947e-14 1.46653e-09 5.32181e-09
1.55 0.778529 -2.35869e-13 0.220406 1.98705e-13 4.19676e-10 4.54937e-09
1.6 0.790456 -3.72849e-13 0.20847 3.35812e-13 -7.43538e-10 3.9874e-09
1.65 0.802211 -5.05284e-13 0.196713 4.67855e-13 -1.8766e-09 3.69442e-09
1.7 0.813756 -6.10108e-13 0.185172 5.72818e-13 -2.88206e-09 3.68403e-09
1.75 0.825052 -6.63363e-13 0.173878 6.26257e-13 -3.80858e-09 3.92204e-09
1.8 0.836097 -6.61822e-13 0.162834 6.25504e-13 -4.46816e-09 4.34686e-09
1.85 0.846851 -5.95019e-13 0.152082 5.59883e-13 -4.74395e-09 4.92692e-09
1.9 0.857208 -4.71523e-13 0.141728 4.37202e-13 -4.79057e-09 5.45168e-09
1.95 0.867043 -3.11081e-13 0.131897 2.77803e-13 -4.76812e-09 5.76927e-09
2 0.876243 -1.33024e-13 0.122701 1.00623e-13 -4.87533e-09 5.82246e-09
2.05 0.884711 4.72621e-14 0.114238 -7.88572e-14 -5.13863e-09 5.70818e-09
2.1 0.892373 2.16174e-13 0.106581 -2.47919e-13 -5.37755e-09 5.66164e-09
2.15 0.899194 3.63856e-13 0.0997639 -3.96198e-13 -5.42808e-09 5.52276e-09
2.2 0.905176 4.84682e-13 0.0937843 -5.17403e-13 -5.2599e-09 5.20516e-09
2.25 0.910365 5.75989e-13 0.088597 -6.08873e-13 -4.89437e-09 4.88438e-09
2.3 0.914841 6.36821e-13 0.0841205 -6.69909e-13 -4.35153e-09 4.68151e-09
2.35 0.918697 6.69373e-13 0.0802644 -7.02593e-13 -3.68103e-09 4.65452e-09
2.4 0.922013 6.7712e-13 0.0769452 -7.10586e-13 -2.93163e-09 4.83835e-09
2.45 0.924886 6.67757e-13 0.0740684 -7.01288e-13 -2.1229e-09 5.29921e-09
2.5 0.927473 6.45753e-13 0.0714813 -6.79291e-13 -1.35589e-09 5.97382e-09
