0 0 0 1 0 0 0
0.05 0.00397663 3.81302e-16 0.995988 2.47076e-16 7.8272e-15 -1.07661e-14
0.1 0.015744 5.44078e-16 0.984233 1.16253e-16 1.51009e-14 -2.19835e-14
0.15 0.0348703 4.41976e-16 0.965112 1.55041e-16 2.15064e-14 -3.30076e-14
0.2 0.060683 3.73896e-16 0.939298 2.56697e-16 2.6866e-14 -4.36642e-14
0.25 0.0923056 4.66802e-16 0.907672 2.56431e-16 3.12011e-14 -5.39456e-14
0.3 0.128701 7.14204e-16 0.871271 2.42178e-16 3.44588e-14 -6.33796e-14
0.35 0.16874 8.48665e-16 0.831226 2.10403e-16 3.6698e-14 -7.13635e-14
0.4 0.211257 1.01942e-15 0.788701 1.99018e-16 3.79716e-14 -7.73333e-14
0.45 0.255116 1.1792e-15 0.744831 1.41888e-17 3.83491e-14 -8.188e-14
0.5 0.299255 1.47512e-15 0.700676 -7.01489e-17 3.80081e-14 -8.49999e-14
0.55 0.342733 1.42061e-15 0.657177 -2.44737e-16 3.71e-14 -8.67368e-14
0.6 0.384759 1.59975e-15 0.615125 -3.6173e-16 3.58031e-14 -8.74395e-14
0.65 0.424706 1.38113e-15 0.575151 -2.92504e-16 3.42581e-14 -8.72154e-14
0.7 0.462115 1.38737e-15 0.537715 -2.25818e-16 3.26367e-14 -8.62393e-14
0.75 0.496688 1.12652e-15 0.503115 1.41128e-16 3.11163e-14 -8.47452e-14
0.8 0.528282 8.90761e-16 0.471498 6.84661e-16 2.99381e-14 -8.28694e-14
0.85 0.556875 1.89059e-16 0.442883 1.31607e-15 2.89181e-14 -8.06713e-14
0.9 0.582563 -5.76321e-16 0.417176 2.00982e-15 2.79732e-14 -7.84391e-14
0.95 0.605528 -1.51792e-15 0.394196 2.96047e-15 2.73905e-14 -7.62716e-14
1 0.626013 -2.38416e-15 0.373698 4.01574e-15 2.71171e-14 -7.45178e-14
1.05 0.644314 -3.07669e-15 0.355388 4.86535e-15 2.72329e-14 -7.30876e-14
1.1 0.660747 -3.56384e-15 0.338948 5.53658e-15 2.77146e-14 -7.18076e-14
1.15 0.67564 -3.98195e-15 0.324049 5.9651e-15 2.84038e-14 -7.06716e-14
1.2 0.689318 -4.05576e-15 0.310365 6.32505e-15 2.92747e-14 -6.95329e-14
1.25 0.70209 -4.12084e-15 0.297591 6.60671e-15 3.02953e-14 -6.83351e-14
1.3 0.714232 -3.82015e-15 0.285447 6.5571e-15 3.15167e-14 -6.73031e-14
1.35 0.725982 -3.47292e-15 0.273696 6.35333e-15 3.28337e-14 -6.59697e-14
1.4 0.737536 -3.07395e-15 0.262144 6.10744e-15 3.3929e-14 -6.44524e-14
1.45 0.749034 -2.73443e-15 0.250649 5.83262e-15 3.50292e-14 -6.27735e-14
1.5 0.760562 -2.32251e-15 0.239124 5.44137e-15 3.61448e-14 -6.14055e-14
1.55 0.772158 -1.99172e-15 0.227532 5.09546e-15 3.70203e-14 -6.00307e-14
1.6 0.783811 -1.70245e-15 0.215884 4.83745e-15 3.76222e-14 -5.88589e-14
1.65 0.795467 -1.38771e-15 0.204235 4.51042e-15 3.77351e-14 -5.76044e-14
1.7 0.807043 -9.7742e-16 0.192667 4.08008e-15 3.75166e-14 -5.63645e-14
1.75 0.81843 -5.25539e-16 0.181288 3.57097e-15 3.74036e-14 -5.49958e-14
1.8 0.829512 -1.34032e-17 0.170214 3.0579e-15 3.72014e-14 -5.36597e-14
1.85 0.840175 4.06883e-16 0.159562 2.5583e-15 3.71669e-14 -5.18367e-14
1.9 0.850311 8.98383e-16 0.149438 2.02972e-15 3.76377e-14 -5.0072e-14
1.95 0.859828 1.28989e-15 0.139934 1.54341e-15 3.82839e-14 -4.83033e-14
2 0.86866 1.69114e-15 0.131116 1.08238e-15 4.07269e-14 -4.74068e-14
2.05 0.876759 2.08345e-15 0.123028 6.52972e-16 4.35296e-14 -4.74369e-14
2.1 0.884112 2.49145e-15 0.115687 2.54151e-16 4.67231e-14 -4.78855e-14
2.15 0.890727 2.92674e-15 0.109084 -1.85754e-16 4.87408e-14 -4.86458e-14
2.2 0.896633 3.35869e-15 0.10319 -5.79576e-16 4.71173e-14 -4.96568e-14
2.25 0.901881 3.73482e-15 0.0979528 -9.49206e-16 3.98288e-14 -5.09494e-14
2.3 0.906539 4.00824e-15 0.0933077 -1.24894e-15 2.62407e-14 -5.29717e-14
2.35 0.910682 4.17979e-15 0.0891761 -1.4514e-15 7.69799e-15 -5.5395e-14
2.4 0.914399 4.31027e-15 0.0854713 -1.6126e-15 -1.24122e-14 -5.88216e-14
2.45 0.917774 4.30168e-15 0.082103 -1.63464e-15 -2.97875e-14 -6.36057e-14
2.5 0.920904 4.19847e-15 0.0789807 -1.57289e-15 -4.08737e-14 -6.98578e-14
2.55 0.923875 3.98435e-15 0.0760182 -1.41667e-15 -4.33056e-14 -7.83827e-14
2.6 0.926764 3.70623e-15 0.0731378 -1.17221e-15 -3.61639e-14 -8.49128e-14
2.65 0.929638 3.38722e-15 0.0702728 -8.80369e-16 -2.20999e-14 -8.88524e-14
2.7 0.932549 3.0898e-15 0.0673708 -5.88758e-16 -5.06722e-15 -8.98292e-14
2.75 0.935531 2.75733e-15 0.0643965 -3.03137e-16 1.08032e-14 -8.80832e-14
2.8 0.938603 2.53862e-15 0.0613331 -7.99584e-17 2.21091e-14 -8.3872e-14
2.85 0.941761 2.4064e-15 0.0581827 7.95938e-17 2.70221e-14 -7.74233e-14
2.9 0.944985 2.38088e-15 0.0549643 1.48843e-16 2.54489e-14 -6.85541e-14
2.95 0.948245 2.45817e-15 0.0517098 9.57491e-17 1.85523e-14 -5.74313e-14
3 0.951499 2.64397e-15 0.0484605 -6.8454e-17 8.89682e-15 -4.24723e-14
3.05 0.954701 2.91826e-15 0.0452644 -3.19081e-16 -2.85387e-15 -2.77866e-14
3.1 0.957801 3.28443e-15 0.042169 -6.69648e-16 -1.4733e-14 -1.36478e-14
3.15 0.960754 3.64548e-15 0.0392208 -1.03757e-15 -2.3638e-14 -4.80546e-17
3.2 0.963517 4.07577e-15 0.0364623 -1.46919e-15 -2.75703e-14 1.19969e-14
3.25 0.966055 4.56677e-15 0.0339286 -1.93402e-15 -2.53588e-14 2.07876e-14
3.3 0.968343 5.06004e-15 0.031644 -2.40484e-15 -1.54398e-14 2.67148e-14
3.35 0.970369 5.56706e-15 0.0296215 -2.88925e-15 2.84393e-15 3.00044e-14
3.4 0.97213 6.07098e-15 0.0278635 -3.37258e-15 2.794e-14 2.98629e-14
3.45 0.973637 6.53394e-15 0.026359 -3.82536e-15 5.59284e-14 2.69465e-14
3.5 0.974911 6.98792e-15 0.0250883 -4.27993e-15 8.43881e-14 2.25053e-14
3.55 0.975973 7.3486e-15 0.0240286 -4.6444e-15 1.09825e-13 1.72998e-14
3.6 0.976851 7.63967e-15 0.0231534 -4.93892e-15 1.30966e-13 1.28176e-14
3.65 0.977575 7.77848e-15 0.0224318 -5.0477e-15 1.47231e-13 1.05348e-14
3.7 0.978182 7.89647e-15 0.0218264 -5.16584e-15 1.5799e-13 1.10779e-14
3.75 0.978713 7.96988e-15 0.0212979 -5.24027e-15 1.66921e-13 1.64796e-14
3.8 0.97921 7.8329e-15 0.0208019 -5.10533e-15 1.71591e-13 2.69384e-14
3.85 0.979716 7.46294e-15 0.0202976 -4.72494e-15 1.74221e-13 4.13853e-14
3.9 0.980263 6.96195e-15 0.0197525 -4.20668e-15 1.76274e-13 5.85154e-14
3.95 0.980876 6.49748e-15 0.0191415 -3.72898e-15 1.79038e-13 7.67451e-14
4 0.981574 6.29239e-15 0.018445 -3.51664e-15 1.84318e-13 9.54542e-14
4.05 0.982365 6.26854e-15 0.0176547 -3.48505e-15 1.93154e-13 1.13678e-13
4.1 0.983258 6.51024e-15 0.0167641 -3.71685e-15 2.06231e-13 1.30506e-13
4.15 0.984249 6.89226e-15 0.0157742 -4.10257e-15 2.22793e-13 1.44429e-13
4.2 0.985322 7.41435e-15 0.0147025 -4.63184e-15 2.41792e-13 1.55684e-13
4.25 0.986448 7.90689e-15 0.0135779 -5.12141e-15 2.61783e-13 1.64404e-13
4.3 0.987593 8.36378e-15 0.0124349 -5.57528e-15 2.80693e-13 1.70809e-13
4.35 0.988725 8.83653e-15 0.011304 -6.04756e-15 2.96491e-13 1.75126e-13
4.4 0.989815 9.315e-15 0.0102153 -6.5238e-15 3.07565e-13 1.7769e-13
4.45 0.990835 9.77558e-15 0.00919593 -6.98111e-15 3.12723e-13 1.78674e-13
4.5 0.991765 1.02341e-14 0.00826717 -7.43668e-15 3.11618e-13 1.78294e-13
4.55 0.99259 1.05566e-14 0.00744311 -7.76004e-15 3.05098e-13 1.76604e-13
4.6 0.993302 1.08029e-14 0.00673258 -8.00562e-15 2.95074e-13 1.73657e-13
4.65 0.99389 1.10822e-14 0.00614588 -8.2841e-15 2.83434e-13 1.69378e-13
4.7 0.994349 1.14453e-14 0.00568899 -8.64637e-15 2.72565e-13 1.63809e-13
4.75 0.994674 1.1924e-14 0.0053647 -9.12976e-15 2.64599e-13 1.57193e-13
4.8 0.994877 1.26324e-14 0.00516318 -9.83718e-15 2.60968e-13 1.49759e-13
4.85 0.994973 1.36151e-14 0.00506858 -1.08245e-14 2.62309e-13 1.41988e-13
4.9 0.994979 1.49728e-14 0.00506334 -1.21827e-14 2.68517e-13 1.34295e-13
4.95 0.994928 1.63354e-14 0.00511548 -1.35468e-14 2.78518e-13 1.26944e-13
5 0.994855 1.75492e-14 0.00518895 -1.47604e-14 2.91001e-13 1.19768e-13
