0 0 0 1 0 0 0
0.05 0.00397254 7.78552e-16 0.996004 3.58701e-16 9.96274e-16 -9.15742e-15
0.1 0.0157391 4.8714e-16 0.984249 1.24362e-15 1.44307e-15 -1.86225e-14
0.15 0.0348676 4.0857e-16 0.965128 1.28279e-15 1.43056e-15 -2.77063e-14
0.2 0.0606833 5.21438e-16 0.939314 1.26088e-15 8.36165e-16 -3.59754e-14
0.25 0.0923054 5.93521e-16 0.907688 1.2067e-15 -2.13657e-16 -4.33381e-14
0.3 0.1287 8.32845e-16 0.871288 9.96603e-16 -1.62417e-15 -4.97447e-14
0.35 0.168737 9.825e-16 0.831243 9.12338e-16 -3.22094e-15 -5.48468e-14
0.4 0.211255 1.32188e-15 0.788717 4.05532e-16 -4.70894e-15 -5.85159e-14
0.45 0.255119 1.78801e-15 0.744846 -6.62473e-17 -6.21754e-15 -6.09842e-14
0.5 0.29927 2.26404e-15 0.700691 -4.70103e-16 -7.77331e-15 -6.24753e-14
0.55 0.342765 2.79905e-15 0.65719 -7.9983e-16 -9.09952e-15 -6.3037e-14
0.6 0.384812 2.89988e-15 0.615137 -9.52627e-16 -1.01477e-14 -6.293e-14
0.65 0.42478 2.56102e-15 0.575162 -9.3613e-16 -1.08941e-14 -6.2247e-14
0.7 0.462212 2.46353e-15 0.537723 -8.21425e-16 -1.13827e-14 -6.11583e-14
0.75 0.496812 2.6191e-15 0.50312 -6.49521e-16 -1.1448e-14 -5.97301e-14
0.8 0.528429 2.16337e-15 0.471501 -2.79292e-16 -1.1035e-14 -5.81948e-14
0.85 0.557046 1.65606e-15 0.442882 2.06026e-16 -1.02909e-14 -5.65594e-14
0.9 0.582757 1.2352e-15 0.417172 7.12659e-16 -9.27056e-15 -5.50997e-14
0.95 0.605741 1.02957e-15 0.39419 1.12095e-15 -8.07741e-15 -5.38502e-14
1 0.626244 2.65135e-16 0.37369 1.67809e-15 -6.71641e-15 -5.25295e-14
1.05 0.644556 -6.1989e-16 0.355379 2.29875e-15 -5.2235e-15 -5.12268e-14
1.1 0.660998 -5.89936e-16 0.33894 2.21099e-15 -3.72179e-15 -5.00765e-14
1.15 0.675898 -2.98431e-17 0.324042 1.69373e-15 -2.28979e-15 -4.87453e-14
1.2 0.689583 2.39863e-16 0.310361 1.36422e-15 -1.10467e-15 -4.76518e-14
1.25 0.702357 4.34819e-16 0.297591 1.12661e-15 5.07367e-19 -4.66415e-14
1.3 0.714499 4.55394e-16 0.285452 9.7341e-16 8.88128e-16 -4.55426e-14
1.35 0.726248 2.92437e-16 0.273706 1.11024e-15 1.92209e-15 -4.49316e-14
1.4 0.737798 1.90003e-19 0.262159 1.36285e-15 2.89295e-15 -4.42602e-14
1.45 0.74929 -2.54166e-16 0.25067 1.66369e-15 3.86332e-15 -4.37009e-14
1.5 0.760815 -5.8912e-16 0.23915 1.93261e-15 4.74992e-15 -4.32129e-14
1.55 0.772407 -8.60348e-16 0.227562 2.18451e-15 5.49638e-15 -4.27623e-14
1.6 0.784058 -1.18943e-15 0.215917 2.44392e-15 6.07082e-15 -4.2205e-14
1.65 0.795716 -1.37738e-15 0.204266 2.72142e-15 6.71263e-15 -4.15103e-14
1.7 0.807297 -1.6819e-15 0.192691 3.09923e-15 7.33994e-15 -4.06742e-14
1.75 0.818694 -2.10018e-15 0.181301 3.555e-15 7.73746e-15 -3.9882e-14
1.8 0.829789 -2.53101e-15 0.170213 3.98868e-15 8.0374e-15 -3.91817e-14
1.85 0.840465 -2.83657e-15 0.159543 4.32551e-15 8.28063e-15 -3.84949e-14
1.9 0.850611 -2.94377e-15 0.149403 4.46311e-15 8.60962e-15 -3.76907e-14
1.95 0.86014 -2.92365e-15 0.139881 4.44192e-15 9.22768e-15 -3.69956e-14
2 0.868983 -2.73006e-15 0.131043 4.25535e-15 9.83067e-15 -3.64478e-14
2.05 0.877097 -2.37257e-15 0.122935 3.90622e-15 1.04362e-14 -3.61625e-14
2.1 0.884466 -1.9154e-15 0.115571 3.4454e-15 1.13522e-14 -3.59933e-14
2.15 0.891098 -1.28871e-15 0.108944 2.84811e-15 1.21489e-14 -3.56608e-14
2.2 0.897027 -5.74887e-16 0.103019 2.12972e-15 1.28505e-14 -3.52514e-14
2.25 0.902316 2.79606e-16 0.097734 1.2481e-15 1.29475e-14 -3.46464e-14
2.3 0.907042 1.30082e-15 0.0930111 2.11579e-16 1.28384e-14 -3.39015e-14
2.35 0.911278 2.27374e-15 0.088777 -7.52281e-16 1.27259e-14 -3.23571e-14
2.4 0.915116 3.08561e-15 0.0849414 -1.54875e-15 1.24667e-14 -2.98727e-14
2.45 0.918639 3.69829e-15 0.0814191 -2.17313e-15 1.16366e-14 -2.72944e-14
2.5 0.921947 4.22192e-15 0.0781109 -2.6944e-15 1.06099e-14 -2.54041e-14
