0 0 0 1 0 0 0
0.05 0.00391981 -1.7536e-08 0.995692 -1.14657e-08 2.19727e-07 -1.25672e-08
0.1 0.0155593 -6.9698e-08 0.98396 -2.53788e-09 2.55462e-07 2.00238e-08
0.15 0.0345307 -1.13869e-07 0.964865 -1.05336e-09 2.60163e-07 -1.31627e-07
0.2 0.0601859 -1.17032e-07 0.939078 -5.59923e-09 2.77667e-07 -1.54186e-07
0.25 0.0916673 -7.76944e-08 0.907482 -1.0408e-08 2.52464e-07 -2.29339e-07
0.3 0.127933 -9.66782e-09 0.87112 -1.36785e-08 1.43348e-07 -3.43044e-07
0.35 0.167857 7.17914e-08 0.831125 -1.90584e-08 3.67587e-08 -4.39128e-07
0.4 0.21028 1.46671e-07 0.788658 -2.89577e-08 -8.85137e-08 -5.14033e-07
0.45 0.254065 2.19365e-07 0.744854 -5.26566e-08 -5.00645e-08 -3.75921e-07
0.5 0.298151 2.89514e-07 0.700771 -9.94549e-08 7.77454e-09 -1.42474e-07
0.55 0.341593 3.53008e-07 0.657346 -1.73539e-07 1.55524e-07 1.97342e-07
0.6 0.383599 4.36635e-07 0.615368 -2.69911e-07 2.80289e-07 6.05598e-07
0.65 0.423552 5.84815e-07 0.575457 -3.84138e-07 2.24187e-07 1.07796e-06
0.7 0.460976 6.9591e-07 0.538066 -4.99245e-07 1.60689e-07 1.42169e-06
0.75 0.495586 8.21774e-07 0.503482 -6.05119e-07 1.46193e-07 1.87654e-06
0.8 0.527241 9.63052e-07 0.47184 -6.86387e-07 2.34062e-08 2.30132e-06
0.85 0.555944 1.08192e-06 0.443147 -7.40095e-07 -3.54041e-07 2.5284e-06
0.9 0.581799 1.09826e-06 0.417304 -7.45427e-07 -8.25041e-07 2.25511e-06
0.95 0.604985 1.08132e-06 0.39413 -6.94489e-07 -1.15934e-06 1.46274e-06
1 0.625752 1.03553e-06 0.373372 -5.94272e-07 -1.61886e-06 1.78322e-07
1.05 0.644407 8.7308e-07 0.354725 -3.85153e-07 -2.18738e-06 -1.54331e-06
1.1 0.661282 5.10257e-07 0.337859 -3.66069e-09 -2.85365e-06 -3.5433e-06
1.15 0.676725 -7.07482e-08 0.322436 5.70864e-07 -3.61369e-06 -5.66027e-06
1.2 0.691045 -7.80882e-07 0.308135 1.26597e-06 -4.30976e-06 -7.86291e-06
1.25 0.704537 -1.47791e-06 0.29466 1.95779e-06 -4.80357e-06 -1.0071e-05
1.3 0.717453 -2.05734e-06 0.281757 2.54052e-06 -5.06039e-06 -1.21312e-05
1.35 0.729976 -2.49518e-06 0.269237 2.9823e-06 -5.15202e-06 -1.38734e-05
1.4 0.742216 -2.78477e-06 0.256988 3.272e-06 -5.11672e-06 -1.52902e-05
1.45 0.754222 -2.96191e-06 0.244957 3.44439e-06 -4.98688e-06 -1.63791e-05
1.5 0.766032 -3.06774e-06 0.233105 3.54361e-06 -4.8024e-06 -1.71684e-05
1.55 0.777697 -3.14558e-06 0.22139 3.61528e-06 -4.59338e-06 -1.77249e-05
1.6 0.789274 -3.24273e-06 0.209758 3.70758e-06 -4.32774e-06 -1.80883e-05
1.65 0.800818 -3.39759e-06 0.19816 3.85834e-06 -3.95962e-06 -1.82818e-05
1.7 0.81235 -3.62159e-06 0.186578 4.07871e-06 -3.45168e-06 -1.83058e-05
1.75 0.823853 -3.89212e-06 0.175035 4.3471e-06 -2.81378e-06 -1.81745e-05
1.8 0.835239 -4.16316e-06 0.163619 4.61684e-06 -2.09145e-06 -1.7924e-05
1.85 0.84638 -4.37976e-06 0.152455 4.83259e-06 -1.35979e-06 -1.76038e-05
1.9 0.857125 -4.49527e-06 0.141694 4.94741e-06 -6.8362e-07 -1.72582e-05
1.95 0.867332 -4.47654e-06 0.131478 4.92772e-06 -1.21393e-07 -1.69238e-05
2 0.876879 -4.30683e-06 0.121925 4.75653e-06 2.70833e-07 -1.66328e-05
2.05 0.885683 -3.98886e-06 0.113121 4.43673e-06 4.51305e-07 -1.6411e-05
2.1 0.893686 -3.54344e-06 0.10512 3.98946e-06 3.87886e-07 -1.62722e-05
2.15 0.900867 -3.00496e-06 0.0979444 3.44929e-06 6.302e-08 -1.62222e-05
2.2 0.907215 -2.41574e-06 0.0916034 2.85883e-06 -5.22304e-07 -1.62457e-05
2.25 0.91277 -1.80789e-06 0.0860544 2.24938e-06 -1.34741e-06 -1.63317e-05
2.3 0.9176 -1.22837e-06 0.0812312 1.66862e-06 -2.38266e-06 -1.6456e-05
2.35 0.921803 -7.10774e-07 0.0770375 1.14951e-06 -3.5859e-06 -1.66191e-05
2.4 0.925335 -2.51247e-07 0.0735107 6.88603e-07 -4.91512e-06 -1.67924e-05
2.45 0.928363 1.47052e-07 0.0704819 2.88975e-07 -6.27503e-06 -1.70161e-05
2.5 0.930998 4.84971e-07 0.0678469 -4.89443e-08 -7.64997e-06 -1.72467e-05
