0 0 0 1 0 0 0
0.05 0.00394375 -2.41038e-07 0.995615 1.08276e-06 4.14095e-07 6.1872e-07
0.1 0.015641 -7.02142e-07 0.983874 1.138e-06 5.88766e-10 1.04333e-06
0.15 0.0346536 -1.20544e-06 0.964779 1.16583e-06 -2.07538e-07 8.86396e-07
0.2 0.0603351 -1.56203e-06 0.938995 1.16415e-06 -4.67557e-07 1.07256e-06
0.25 0.0917906 -1.74211e-06 0.907411 1.13514e-06 -6.21623e-07 1.29734e-06
0.3 0.127992 -1.66794e-06 0.871064 1.07432e-06 -5.30331e-07 1.53926e-06
0.35 0.167799 -1.39665e-06 0.83109 1.04043e-06 -5.0123e-07 1.21455e-06
0.4 0.210058 -9.7394e-07 0.788651 1.0075e-06 -4.03129e-07 6.85624e-07
0.45 0.253689 -4.35685e-07 0.74488 9.881e-07 -2.81245e-07 8.34419e-07
0.5 0.297609 2.74995e-09 0.700834 9.6875e-07 -1.25601e-07 1.22846e-06
0.55 0.340875 4.88979e-08 0.657447 9.62778e-07 -1.21585e-07 1.86972e-06
0.6 0.382711 -7.61723e-08 0.615507 9.73335e-07 1.10269e-07 2.12423e-06
0.65 0.422489 -2.68628e-07 0.575638 1.0056e-06 3.95362e-07 2.18585e-06
0.7 0.459749 -4.69533e-07 0.538293 1.05314e-06 6.85971e-07 2.13766e-06
0.75 0.494208 -2.64799e-07 0.503763 1.1153e-06 6.44646e-07 2.27472e-06
0.8 0.525725 2.74718e-07 0.472187 1.20768e-06 6.83728e-07 3.01401e-06
0.85 0.554288 9.96317e-07 0.443575 1.31725e-06 9.95804e-07 3.55852e-06
0.9 0.580002 2.08455e-06 0.417825 1.34823e-06 1.30093e-06 3.726e-06
0.95 0.603035 3.16625e-06 0.394754 1.29122e-06 1.27754e-06 3.28436e-06
1 0.623633 4.11655e-06 0.374116 1.214e-06 1.01774e-06 2.10246e-06
1.05 0.642086 4.8963e-06 0.355621 1.15124e-06 1.28816e-07 -2.63427e-07
1.1 0.658717 5.50365e-06 0.33895 1.04906e-06 -1.66317e-06 -3.41842e-06
1.15 0.673849 6.21279e-06 0.323777 7.09193e-07 -4.06463e-06 -6.97514e-06
1.2 0.687804 6.96732e-06 0.30978 -1.08916e-07 -6.62579e-06 -1.08312e-05
1.25 0.700884 8.4783e-06 0.296659 -1.45853e-06 -8.87753e-06 -1.47023e-05
1.3 0.713357 1.0113e-05 0.284147 -3.04824e-06 -1.02971e-05 -1.77965e-05
1.35 0.725445 1.11535e-05 0.272021 -4.20817e-06 -1.07562e-05 -2.00347e-05
1.4 0.737327 1.13975e-05 0.260109 -4.34017e-06 -1.0526e-05 -2.11029e-05
1.45 0.749119 1.01877e-05 0.248292 -3.05649e-06 -9.91827e-06 -2.08832e-05
1.5 0.760881 7.0705e-06 0.236503 -2.35348e-07 -9.1814e-06 -1.93254e-05
1.55 0.772636 2.83204e-06 0.224722 3.72117e-06 -8.40753e-06 -1.64691e-05
1.6 0.784362 -1.3484e-06 0.212971 7.78116e-06 -7.33471e-06 -1.25081e-05
1.65 0.796009 -4.16181e-06 0.201304 1.0823e-05 -5.8048e-06 -7.82306e-06
1.7 0.807499 -4.99141e-06 0.189798 1.19719e-05 -2.64106e-06 -4.03258e-06
1.75 0.818744 -3.34389e-06 0.178542 1.0658e-05 1.89552e-06 -1.85756e-06
1.8 0.829648 2.0868e-07 0.167634 6.58409e-06 6.84885e-06 -1.91684e-06
1.85 0.840113 6.7042e-06 0.15717 -2.85239e-07 9.7812e-06 -3.49279e-06
1.9 0.850046 1.48149e-05 0.147243 -9.2184e-06 9.47061e-06 -6.11511e-06
1.95 0.859372 2.43321e-05 0.137927 -1.88285e-05 5.38423e-06 -8.13957e-06
2 0.868036 3.21294e-05 0.129274 -2.67447e-05 -3.08856e-06 -7.87403e-06
2.05 0.87601 3.74443e-05 0.121314 -3.16742e-05 -1.54203e-05 -3.92815e-06
2.1 0.88329 4.06655e-05 0.114048 -3.4257e-05 -2.89953e-05 1.75733e-06
2.15 0.889896 4.23107e-05 0.107458 -3.57265e-05 -4.22556e-05 8.44482e-06
2.2 0.895859 4.46059e-05 0.10151 -3.7741e-05 -5.429e-05 1.52991e-05
2.25 0.901234 4.85443e-05 0.0961474 -4.13117e-05 -6.45162e-05 2.13073e-05
2.3 0.906106 5.48552e-05 0.091295 -4.66182e-05 -7.26571e-05 2.51091e-05
2.35 0.910544 6.2116e-05 0.0868763 -5.27921e-05 -7.88855e-05 2.621e-05
2.4 0.914634 6.7721e-05 0.082805 -5.73617e-05 -8.47182e-05 2.28616e-05
2.45 0.918468 6.8488e-05 0.0789913 -5.72911e-05 -9.04863e-05 1.62201e-05
2.5 0.922125 6.14488e-05 0.0753571 -4.99983e-05 -9.6372e-05 8.29862e-06
2.55 0.925665 4.60712e-05 0.0718398 -3.45441e-05 -0.000102502 6.63883e-07
2.6 0.929132 2.33646e-05 0.0683932 -1.18365e-05 -0.000109239 -4.3953e-06
2.65 0.932556 -4.15413e-06 0.0649894 1.56867e-05 -0.000116263 -7.23618e-06
2.7 0.935948 -3.4138e-05 0.0616165 4.5501e-05 -0.000123252 -8.11461e-06
2.75 0.939308 -6.50103e-05 0.058273 7.5681e-05 -0.000130061 -7.18e-06
2.8 0.942632 -9.48278e-05 0.0549656 0.000104681 -0.000136387 -4.15337e-06
2.85 0.945906 -0.000123672 0.0517063 0.000133172 -0.000142328 8.72747e-07
2.9 0.949112 -0.000148151 0.0485138 0.000157698 -0.000148622 1.12222e-05
2.95 0.952225 -0.000164162 0.0454132 0.000173836 -0.000157827 2.3517e-05
3 0.955218 -0.000171833 0.0424328 0.000181768 -0.00016594 3.39643e-05
3.05 0.958066 -0.00016601 0.0395921 0.000175778 -0.000174969 4.14445e-05
3.1 0.960727 -0.000156175 0.0369442 0.000166922 -0.000171719 3.6651e-05
3.15 0.963218 -0.000140887 0.0344697 0.000151728 -0.0001574 2.53604e-05
3.2 0.965548 -0.000123869 0.032157 0.000134868 -0.000140006 1.20919e-05
3.25 0.967703 -0.000104986 0.0300189 0.000116096 -0.000123992 -2.47265e-06
3.3 0.969674 -8.60273e-05 0.0280632 9.71207e-05 -0.000110557 -1.64837e-05
3.35 0.971464 -6.51293e-05 0.0262881 7.63798e-05 -9.98756e-05 -3.11005e-05
3.4 0.973091 -4.16309e-05 0.0246743 5.3013e-05 -9.10241e-05 -4.4115e-05
3.45 0.974598 -1.60641e-05 0.0231794 2.75509e-05 -8.28604e-05 -5.67309e-05
3.5 0.976038 9.5017e-06 0.0217507 2.05721e-06 -7.49856e-05 -6.9228e-05
3.55 0.977458 3.20222e-05 0.0203421 -2.05089e-05 -6.68906e-05 -8.20389e-05
3.6 0.978913 4.58624e-05 0.0188973 -3.50776e-05 -5.56006e-05 -8.81339e-05
3.65 0.980413 5.13622e-05 0.0174077 -4.14302e-05 -4.76312e-05 -0.000101204
3.7 0.981923 5.1703e-05 0.015906 -4.28833e-05 -3.71223e-05 -0.000112447
3.75 0.98339 4.81734e-05 0.0144431 -4.02485e-05 -3.56083e-05 -0.000125361
3.8 0.984788 4.0956e-05 0.0130473 -3.37329e-05 -2.73626e-05 -0.000128477
3.85 0.986128 3.3734e-05 0.0117087 -2.68637e-05 -1.51328e-05 -0.000120682
3.9 0.987469 2.7665e-05 0.0103685 -2.07656e-05 8.27304e-07 -0.000102967
3.95 0.988863 2.28397e-05 0.00897552 -1.58689e-05 1.87732e-05 -9.23831e-05
4 0.990326 1.97973e-05 0.00751304 -1.28133e-05 3.63709e-05 -8.54162e-05
4.05 0.99187 1.92807e-05 0.00596929 -1.2399e-05 5.19993e-05 -8.03517e-05
4.1 0.993499 2.14453e-05 0.00433996 -1.46295e-05 6.82706e-05 -8.01126e-05
4.15 0.995213 2.70348e-05 0.00262398 -2.0278e-05 7.8958e-05 -8.51288e-05
4.2 0.99699 3.53505e-05 0.000847365 -2.87298e-05 8.63729e-05 -9.55119e-05
4.25 0.998789 4.4873e-05 -0.000950164 -3.84574e-05 9.20542e-05 -0.000110762
4.3 1.00057 5.43742e-05 -0.00272802 -4.81194e-05 9.69776e-05 -0.000129307
4.35 1.0023 6.28386e-05 -0.00445579 -5.67119e-05 9.86254e-05 -0.000147171
4.4 1.00395 7.00158e-05 -0.0061005 -6.39958e-05 9.85873e-05 -0.000164736
4.45 1.00546 7.52967e-05 -0.00760725 -6.93763e-05 9.74405e-05 -0.000180408
4.5 1.00677 7.80485e-05 -0.00890841 -7.22204e-05 9.46253e-05 -0.000192852
4.55 1.0078 7.77416e-05 -0.00993643 -7.19884e-05 9.00815e-05 -0.000200696
4.6 1.00851 7.4215e-05 -0.0106371 -6.85115e-05 8.356e-05 -0.000203707
4.65 1.00885 6.77042e-05 -0.0109795 -6.2012e-05 7.52912e-05 -0.00020171
4.7 1.00884 5.84742e-05 -0.0109585 -5.28693e-05 6.99829e-05 -0.000197625
4.75 1.00848 4.79985e-05 -0.0105942 -4.24588e-05 5.61577e-05 -0.000191918
4.8 1.00781 3.66331e-05 -0.00992839 -3.11434e-05 4.12835e-05 -0.000184982
4.85 1.00692 2.4933e-05 -0.00902801 -1.95459e-05 3.75402e-05 -0.000177239
4.9 1.00585 1.45531e-05 -0.00795467 -9.21849e-06 3.19002e-05 -0.000165479
4.95 1.00467 5.52756e-06 -0.00677158 -1.41801e-07 3.48377e-05 -0.000155279
5 1.00344 -9.85752e-07 -0.00554201 6.37151e-06 3.68673e-05 -0.000150189
