0 0 0 1 0 0 0
0.05 0.00398125 1.83399e-16 0.996006 -9.5459e-18 -1.03837e-15 -7.26172e-15
0.1 0.0157645 4.80234e-16 0.984249 -6.46882e-16 -5.82095e-15 -1.4473e-14
0.15 0.0349081 6.11897e-16 0.965129 -6.43038e-16 -1.37907e-14 -2.12059e-14
0.2 0.0607318 7.28568e-16 0.939319 -6.95802e-16 -2.3957e-14 -2.69563e-14
0.25 0.0923565 5.57803e-16 0.907703 -8.40307e-16 -3.52213e-14 -3.11381e-14
0.3 0.128748 9.88261e-16 0.871318 -1.14587e-15 -4.68442e-14 -3.41505e-14
0.35 0.168775 1.45653e-15 0.831297 -1.43752e-15 -5.81141e-14 -3.59015e-14
0.4 0.211276 1.89398e-15 0.788803 -1.69259e-15 -6.86479e-14 -3.64357e-14
0.45 0.255115 2.1331e-15 0.744973 -1.9267e-15 -7.76806e-14 -3.59651e-14
0.5 0.299232 2.33072e-15 0.700863 -2.16566e-15 -8.50814e-14 -3.43133e-14
0.55 0.342689 2.3987e-15 0.657411 -2.37219e-15 -9.09165e-14 -3.17834e-14
0.6 0.384695 2.17952e-15 0.615408 -2.52681e-15 -9.51389e-14 -2.85446e-14
0.65 0.424624 2.1635e-15 0.575479 -2.38318e-15 -9.7865e-14 -2.49287e-14
0.7 0.462021 1.93554e-15 0.538081 -2.30772e-15 -9.90687e-14 -2.10111e-14
0.75 0.49659 2.29581e-15 0.503507 -2.3141e-15 -9.90968e-14 -1.72744e-14
0.8 0.528188 2.3806e-15 0.471903 -1.99936e-15 -9.81684e-14 -1.37051e-14
0.85 0.5568 1.89577e-15 0.443283 -1.39816e-15 -9.63956e-14 -1.0409e-14
0.9 0.582519 1.01416e-15 0.417553 -7.11475e-16 -9.36975e-14 -7.33601e-15
0.95 0.605532 5.35615e-16 0.394532 -4.6064e-17 -9.069e-14 -4.92098e-15
1 0.626081 2.98795e-16 0.373973 1.33947e-16 -8.74519e-14 -3.20164e-15
1.05 0.644457 7.40308e-17 0.355586 2.13117e-16 -8.46844e-14 -2.36455e-15
1.1 0.660976 -8.16879e-17 0.339056 3.69558e-16 -8.20277e-14 -2.10569e-15
1.15 0.675963 -1.46894e-16 0.324056 4.96566e-16 -7.96764e-14 -2.44172e-15
1.2 0.68974 1.44535e-16 0.310268 2.37807e-16 -7.76125e-14 -3.33462e-15
1.25 0.702607 2.66975e-16 0.297388 1.76718e-16 -7.57115e-14 -4.34536e-15
1.3 0.714837 6.48602e-16 0.285146 -5.67177e-17 -7.38903e-14 -5.54787e-15
1.35 0.726662 8.04361e-16 0.273309 -1.55745e-16 -7.12423e-14 -7.74738e-15
1.4 0.738268 1.1143e-15 0.26169 -4.48629e-16 -6.80746e-14 -1.13605e-14
1.45 0.749795 1.40286e-15 0.250153 -7.47323e-16 -6.4023e-14 -1.79912e-14
1.5 0.761326 1.53978e-15 0.238611 -8.09168e-16 -6.05553e-14 -2.88862e-14
1.55 0.772895 1.56342e-15 0.227032 -9.0398e-16 -5.84744e-14 -4.54429e-14
1.6 0.784492 1.38387e-15 0.215426 -7.53625e-16 -6.33462e-14 -6.06488e-14
1.65 0.796065 1.23946e-15 0.203844 -6.28653e-16 -6.87081e-14 -6.68701e-14
1.7 0.807534 1.13291e-15 0.192367 -4.41887e-16 -5.98701e-14 -7.72966e-14
1.75 0.818799 6.56797e-16 0.181094 -4.47727e-17 -4.77711e-14 -8.89961e-14
1.8 0.829751 3.05095e-16 0.170136 3.31855e-16 -3.53567e-14 -9.26589e-14
1.85 0.840282 -5.0642e-17 0.1596 7.06357e-16 -1.55827e-14 -1.39535e-13
1.9 0.850291 -4.58327e-16 0.149587 1.04732e-15 2.89588e-15 -2.70335e-13
1.95 0.859695 -7.37956e-16 0.14018 1.3666e-15 -1.89604e-14 -4.9571e-13
2 0.868431 -1.04976e-15 0.13144 1.67244e-15 -1.25667e-13 -7.71567e-13
2.05 0.876462 -1.38546e-15 0.123407 1.95632e-15 -3.41456e-13 -1.02332e-12
2.1 0.883773 -1.60428e-15 0.116094 2.21019e-15 -6.64602e-13 -1.16805e-12
2.15 0.890373 -1.7656e-15 0.109492 2.36142e-15 -1.05341e-12 -1.1451e-12
2.2 0.896296 -1.73989e-15 0.103569 2.39959e-15 -1.45454e-12 -9.35986e-13
2.25 0.901589 -1.57387e-15 0.0982753 2.24432e-15 -1.82055e-12 -5.56314e-13
2.3 0.906315 -1.31046e-15 0.0935486 2.00054e-15 -2.1253e-12 -3.9742e-14
2.35 0.91055 -8.80436e-16 0.0893135 1.62582e-15 -2.33403e-12 5.66526e-13
2.4 0.914374 -4.05888e-16 0.0854881 1.20088e-15 -2.39954e-12 1.18612e-12
2.45 0.917875 6.13356e-17 0.0819878 7.70987e-16 -2.29756e-12 1.72302e-12
2.5 0.921134 4.92218e-16 0.0787292 3.41101e-16 -2.04935e-12 2.1009e-12
2.55 0.92423 9.09943e-16 0.0756342 -1.03161e-16 -1.74583e-12 2.23208e-12
2.6 0.927234 1.18301e-15 0.0726328 -4.51975e-16 -1.44152e-12 2.20258e-12
2.65 0.930202 1.32466e-15 0.0696666 -6.84541e-16 -1.16484e-12 2.07229e-12
2.7 0.933182 1.31601e-15 0.0666902 -7.31717e-16 -9.40288e-13 1.88746e-12
2.75 0.936201 1.12654e-15 0.0636738 -5.70698e-16 -7.86951e-13 1.68885e-12
2.8 0.939275 6.97618e-16 0.0606041 -1.56012e-16 -7.63265e-13 1.51828e-12
2.85 0.942403 1.50383e-16 0.0574817 4.0282e-16 -9.17367e-13 1.3984e-12
2.9 0.945569 -4.67048e-16 0.0543212 1.04415e-15 -1.25787e-12 1.35387e-12
2.95 0.948746 -1.06744e-15 0.0511501 1.69021e-15 -1.76694e-12 1.41203e-12
3 0.951897 -1.69668e-15 0.0480051 2.33747e-15 -2.32788e-12 1.55698e-12
3.05 0.95498 -2.34034e-15 0.044928 2.9743e-15 -2.84976e-12 1.77897e-12
3.1 0.957956 -2.91276e-15 0.0419604 3.49906e-15 -3.25553e-12 2.04965e-12
3.15 0.960786 -3.31759e-15 0.0391398 3.87583e-15 -3.49511e-12 2.33461e-12
3.2 0.963438 -3.52305e-15 0.036498 4.11341e-15 -3.55356e-12 2.6049e-12
3.25 0.965886 -3.60627e-15 0.0340609 4.21534e-15 -3.44863e-12 2.8421e-12
3.3 0.968113 -3.61256e-15 0.0318452 4.24415e-15 -3.22485e-12 3.04015e-12
3.35 0.970111 -3.59897e-15 0.0298586 4.24492e-15 -2.93773e-12 3.20366e-12
3.4 0.971881 -3.67092e-15 0.0281001 4.33103e-15 -2.6447e-12 3.33948e-12
3.45 0.973431 -3.84668e-15 0.0265614 4.52263e-15 -2.39468e-12 3.4553e-12
3.5 0.974773 -3.99878e-15 0.0252296 4.71255e-15 -2.21387e-12 3.5584e-12
3.55 0.97593 -4.04017e-15 0.0240816 4.82837e-15 -2.11615e-12 3.6433e-12
3.6 0.976931 -3.95887e-15 0.0230889 4.82001e-15 -2.08904e-12 3.70348e-12
3.65 0.977803 -3.72475e-15 0.0222239 4.6531e-15 -2.11696e-12 3.7275e-12
3.7 0.978577 -3.30807e-15 0.021458 4.29421e-15 -2.16936e-12 3.71842e-12
3.75 0.97928 -2.78974e-15 0.0207629 3.82768e-15 -2.21398e-12 3.66726e-12
3.8 0.97994 -2.0652e-15 0.0201093 3.12829e-15 -2.22169e-12 3.57301e-12
3.85 0.980583 -1.04012e-15 0.0194733 2.13292e-15 -2.17732e-12 3.43971e-12
3.9 0.981233 2.11649e-16 0.0188299 9.00871e-16 -2.08139e-12 3.27783e-12
3.95 0.981913 1.62429e-15 0.0181566 -5.00605e-16 -1.9486e-12 3.0974e-12
4 0.982638 3.04096e-15 0.0174366 -1.92209e-15 -1.80502e-12 2.91642e-12
4.05 0.983415 4.3529e-15 0.0166614 -3.25058e-15 -1.68085e-12 2.75185e-12
4.1 0.984247 5.54308e-15 0.0158313 -4.44339e-15 -1.60315e-12 2.61702e-12
4.15 0.985129 6.62765e-15 0.0149508 -5.5309e-15 -1.58996e-12 2.51964e-12
4.2 0.986049 7.5762e-15 0.0140312 -6.48556e-15 -1.64549e-12 2.4626e-12
4.25 0.986996 8.38428e-15 0.0130858 -7.29998e-15 -1.76047e-12 2.44316e-12
4.3 0.987955 8.98599e-15 0.0121283 -7.90359e-15 -1.91202e-12 2.45367e-12
4.35 0.988907 9.24252e-15 0.0111776 -8.15892e-15 -2.06984e-12 2.4849e-12
4.4 0.989834 9.0517e-15 0.0102526 -7.96528e-15 -2.20076e-12 2.52716e-12
4.45 0.990717 8.42396e-15 0.00937212 -7.33463e-15 -2.27556e-12 2.57276e-12
4.5 0.991533 7.36518e-15 0.00855808 -6.27529e-15 -2.27541e-12 2.61578e-12
4.55 0.992268 5.97509e-15 0.00782589 -4.88541e-15 -2.19409e-12 2.65303e-12
4.6 0.99291 4.36695e-15 0.00718609 -3.27947e-15 -2.03999e-12 2.68351e-12
4.65 0.993455 2.67787e-15 0.00664444 -1.5874e-15 -1.83214e-12 2.70616e-12
4.7 0.993906 1.04868e-15 0.00619588 4.00246e-17 -1.59667e-12 2.71881e-12
4.75 0.994273 -4.02534e-16 0.00583186 1.48964e-15 -1.36157e-12 2.71746e-12
4.8 0.99457 -1.5445e-15 0.00553793 2.6296e-15 -1.15001e-12 2.69571e-12
4.85 0.994812 -2.30065e-15 0.00529913 3.38754e-15 -9.76669e-13 2.64621e-12
4.9 0.995026 -2.78903e-15 0.0050873 3.87884e-15 -8.4675e-13 2.56315e-12
4.95 0.995231 -3.21124e-15 0.00488306 4.30072e-15 -7.5905e-13 2.4425e-12
5 0.995454 -3.51226e-15 0.00465953 4.60212e-15 -7.06463e-13 2.28703e-12
