0 0 0 1 0 0 0
0.05 0.00390179 -8.33808e-06 0.99541 -5.40158e-07 1.73169e-06 -6.74008e-06
0.1 0.0155972 -7.67644e-06 0.983663 -2.62701e-06 -5.05692e-06 1.97135e-06
0.15 0.0345631 -4.01985e-06 0.964577 -3.08358e-06 -7.18859e-06 -5.21355e-06
0.2 0.0601399 -6.1997e-06 0.938812 -1.32479e-06 -6.73148e-06 -4.16453e-06
0.25 0.0915038 -2.82928e-06 0.907239 -2.31825e-06 -1.00347e-05 -2.45294e-06
0.3 0.127598 1.78588e-06 0.870905 -2.49663e-06 -1.24767e-05 -1.03252e-06
0.35 0.167291 6.71267e-06 0.83094 -2.29827e-06 -1.44534e-05 -9.11412e-08
0.4 0.209443 8.72493e-06 0.78851 -2.60105e-06 -1.47272e-05 2.8005e-06
0.45 0.252946 7.4309e-06 0.74475 -2.86568e-06 -1.59493e-05 7.2036e-06
0.5 0.296749 8.01975e-06 0.700714 -2.39428e-06 -1.58542e-05 9.43215e-06
0.55 0.339905 7.43486e-06 0.65734 -1.70134e-06 -1.54225e-05 1.18925e-05
0.6 0.381633 5.46668e-06 0.615412 -8.11696e-07 -1.44454e-05 1.39215e-05
0.65 0.421314 1.36557e-06 0.575554 3.00402e-07 -1.26682e-05 1.5887e-05
0.7 0.458494 -5.39468e-06 0.538217 1.57529e-06 -9.90129e-06 1.67194e-05
0.75 0.492893 -1.02636e-05 0.503692 2.8736e-06 -6.25866e-06 1.6912e-05
0.8 0.524361 -1.33535e-05 0.472119 4.22655e-06 -2.60774e-06 1.58586e-05
0.85 0.552885 -1.5672e-05 0.443509 5.27376e-06 1.15913e-06 1.37762e-05
0.9 0.578554 -1.51259e-05 0.417766 5.46512e-06 4.95937e-06 1.0517e-05
0.95 0.601549 -1.22091e-05 0.394705 4.31487e-06 7.36178e-06 5.21853e-06
1 0.622114 -9.25238e-06 0.374078 1.95815e-06 6.85906e-06 -2.68486e-06
1.05 0.640545 -3.83655e-06 0.355592 -6.32763e-07 3.31237e-06 -1.31815e-05
1.1 0.657154 4.59354e-07 0.338931 -2.40037e-06 -1.21178e-06 -2.57553e-05
1.15 0.672254 3.95072e-06 0.323775 -3.92786e-06 -7.32933e-06 -3.94908e-05
1.2 0.686163 4.88358e-06 0.309811 -4.72123e-06 -1.28958e-05 -5.21776e-05
1.25 0.699167 3.7312e-06 0.296749 -4.50994e-06 -1.96376e-05 -6.16276e-05
1.3 0.711527 -2.63453e-06 0.284329 -4.84094e-07 -2.67351e-05 -6.9121e-05
1.35 0.723465 -1.38111e-05 0.272329 7.79019e-06 -3.28098e-05 -7.42762e-05
1.4 0.73518 -2.83938e-05 0.260566 1.92649e-05 -3.66607e-05 -7.82619e-05
1.45 0.746792 -4.3812e-05 0.248912 3.2011e-05 -3.80349e-05 -8.16475e-05
1.5 0.758379 -5.62135e-05 0.237288 4.23762e-05 -3.7593e-05 -8.50967e-05
1.55 0.769967 -6.29335e-05 0.225665 4.74623e-05 -3.56607e-05 -8.89014e-05
1.6 0.781545 -6.16112e-05 0.214057 4.49377e-05 -3.23594e-05 -9.16835e-05
1.65 0.793064 -5.03758e-05 0.202516 3.37015e-05 -2.80657e-05 -9.07749e-05
1.7 0.80444 -3.30711e-05 0.19112 1.44409e-05 -2.29102e-05 -8.22981e-05
1.75 0.815585 -8.60016e-06 0.179963 -1.24556e-05 -1.74835e-05 -6.25091e-05
1.8 0.826406 2.19986e-05 0.169135 -4.57645e-05 -1.16192e-05 -3.15377e-05
1.85 0.83682 5.57897e-05 0.158717 -8.2761e-05 -4.76099e-06 5.87915e-06
1.9 0.846752 8.80363e-05 0.148781 -0.000121929 4.8521e-06 4.1892e-05
1.95 0.856147 0.000121601 0.139384 -0.00016163 1.85264e-05 6.7101e-05
2 0.864978 0.000152111 0.130556 -0.000194336 3.68998e-05 7.24846e-05
2.05 0.873222 0.000174467 0.122315 -0.00021622 5.89112e-05 5.53949e-05
2.1 0.880885 0.000184318 0.114663 -0.000220607 8.75252e-05 1.95921e-05
2.15 0.887978 0.000177785 0.10759 -0.000205036 0.000122369 -2.89343e-05
2.2 0.894518 0.000154972 0.101079 -0.000174009 0.000163192 -8.57808e-05
2.25 0.900527 0.000122293 0.0951054 -0.000134988 0.000208144 -0.000146249
2.3 0.906034 8.69111e-05 0.0896398 -9.47573e-05 0.00025239 -0.000206195
2.35 0.91107 5.37977e-05 0.0846447 -5.82505e-05 0.000289588 -0.000260371
2.4 0.915674 2.88992e-05 0.0800761 -2.98177e-05 0.000312247 -0.000305494
2.45 0.919898 1.44104e-05 0.0758793 -1.26239e-05 0.000312904 -0.000342665
2.5 0.92381 1.563e-05 0.0719856 -9.01834e-06 0.000288959 -0.00037433
2.55 0.927497 3.37274e-05 0.068312 -2.63401e-05 0.000238455 -0.000400029
2.6 0.931039 4.7981e-05 0.0647839 -4.97411e-05 0.000162309 -0.000419392
2.65 0.934506 0.000103406 0.061328 -0.000115505 6.65652e-05 -0.000427142
2.7 0.937975 0.000223725 0.0578638 -0.000237624 -4.10508e-05 -0.000443789
2.75 0.941438 0.000345987 0.0543975 -0.000359909 -0.000133612 -0.000442612
2.8 0.944942 0.000474323 0.0508864 -0.000487436 -0.000194149 -0.000445224
2.85 0.948501 0.0006052 0.047318 -0.000615002 -0.000224781 -0.000474758
2.9 0.9521 0.000738857 0.0437086 -0.000743474 -0.000230781 -0.000539225
2.95 0.95571 0.000857711 0.0400924 -0.000856294 -0.000228328 -0.000633402
3 0.959305 0.000952878 0.0364955 -0.000945854 -0.000226679 -0.000743536
3.05 0.962843 0.00101375 0.0329633 -0.00100306 -0.000236028 -0.000853645
3.1 0.966274 0.00103563 0.0295431 -0.00102894 -0.00026438 -0.000951981
3.15 0.969517 0.00101589 0.026318 -0.00101446 -0.000314442 -0.00103375
3.2 0.972517 0.000970599 0.0233382 -0.000974265 -0.000389524 -0.00109576
3.25 0.975227 0.000918317 0.0206499 -0.00092544 -0.000485651 -0.00113716
3.3 0.977627 0.000870936 0.0182693 -0.00087886 -0.000595122 -0.00115837
3.35 0.979718 0.000850231 0.016193 -0.000853398 -0.000709308 -0.00117073
3.4 0.981567 0.000819904 0.0143545 -0.000815624 -0.000815138 -0.00116416
3.45 0.983255 0.000754628 0.0126714 -0.000741457 -0.000918531 -0.00112433
3.5 0.984866 0.000642486 0.0110596 -0.000619403 -0.00102712 -0.00104452
3.55 0.986474 0.00048289 0.00945043 -0.000450418 -0.00114931 -0.000925508
3.6 0.988119 0.000288897 0.00780357 -0.000248107 -0.00127789 -0.000777064
3.65 0.989814 7.25628e-05 0.00611802 -2.67911e-05 -0.00141547 -0.000613666
3.7 0.991597 -0.000138725 0.00434341 0.000189327 -0.00154704 -0.000452465
3.75 0.993416 -0.000330041 0.00252986 0.000384817 -0.00167635 -0.00031093
3.8 0.995236 -0.000487289 0.000714734 0.000542484 -0.00180355 -0.000203467
3.85 0.996993 -0.000600052 -0.0010387 0.000655366 -0.00193002 -0.000134156
3.9 0.998583 -0.000664728 -0.00262246 0.000720162 -0.00204263 -0.000103978
3.95 0.999926 -0.000680887 -0.00395974 0.000736669 -0.0021304 -0.000104698
4 1.00101 -0.000651923 -0.00503489 0.000708351 -0.00219044 -0.000122683
4.05 1.00185 -0.000591096 -0.00587076 0.000648572 -0.00222038 -0.000144821
4.1 1.00249 -0.000516662 -0.00651241 0.000575644 -0.00222019 -0.000161651
4.15 1.00299 -0.000447576 -0.00700529 0.000508471 -0.00219037 -0.000168021
4.2 1.00337 -0.000399628 -0.00738747 0.000461113 -0.00213314 -0.000165924
4.25 1.00366 -0.000385884 -0.007677 0.000448414 -0.00205623 -0.000157616
4.3 1.00387 -0.000405149 -0.00787863 0.000468331 -0.00196101 -0.00014689
4.35 1.00399 -0.00045363 -0.00799393 0.000517094 -0.00185438 -0.000141243
4.4 1.00401 -0.000524155 -0.00801871 0.000587904 -0.00174054 -0.000149264
4.45 1.00395 -0.000607625 -0.00794748 0.00067165 -0.00162658 -0.000176799
4.5 1.00378 -0.00069156 -0.0077769 0.00075576 -0.00151866 -0.000222616
4.55 1.00352 -0.000764873 -0.00750868 0.00082902 -0.00142158 -0.000282097
4.6 1.00316 -0.000819711 -0.00714761 0.000883753 -0.00133928 -0.000349205
4.65 1.00272 -0.000851434 -0.00670135 0.000915267 -0.00128084 -0.000412618
4.7 1.0022 -0.000861522 -0.00618408 0.000925066 -0.00122765 -0.000471548
4.75 1.00164 -0.000849741 -0.00561966 0.000913142 -0.00118377 -0.000521782
4.8 1.00106 -0.000817874 -0.00502888 0.000881236 -0.00115053 -0.000561052
4.85 1.00046 -0.000776681 -0.00442676 0.000839819 -0.001129 -0.000586013
4.9 0.999881 -0.000728772 -0.00384036 0.000791825 -0.00111678 -0.000598226
4.95 0.999339 -0.000683096 -0.00328842 0.000745982 -0.00111423 -0.000597205
5 0.998841 -0.000636181 -0.00279102 0.000699068 -0.00112106 -0.000582151
