0 0 0 1 0 0 0
0.05 0.00389948 -7.04309e-07 0.995617 4.58445e-07 1.52422e-06 -4.4146e-06
0.1 0.0155155 -1.77559e-06 0.983886 5.47809e-07 3.51514e-06 -2.77964e-06
0.15 0.0344414 1.90597e-07 0.964793 5.99119e-08 2.31152e-06 -4.7661e-06
0.2 0.0600395 8.03635e-07 0.939013 -4.57728e-08 3.50121e-06 -6.79483e-06
0.25 0.0914702 8.7183e-07 0.907423 2.34052e-08 3.26016e-06 -7.33104e-06
0.3 0.127684 3.17738e-07 0.871065 1.48121e-07 3.14669e-06 -6.98905e-06
0.35 0.167569 -2.68122e-08 0.831068 2.84611e-08 2.93865e-06 -6.38352e-06
0.4 0.20996 -3.94917e-10 0.788593 -1.80661e-07 2.17943e-06 -5.36431e-06
0.45 0.25373 6.54578e-07 0.744775 -6.99372e-07 1.09055e-06 -4.28309e-06
0.5 0.297818 1.55291e-06 0.700669 -1.47343e-06 -4.3868e-07 -3.51489e-06
0.55 0.341289 2.49805e-06 0.657204 -2.36851e-06 -2.45961e-06 -3.22411e-06
0.6 0.383353 3.27253e-06 0.615163 -2.91808e-06 -6.02902e-06 -3.23189e-06
0.65 0.423379 2.99733e-06 0.575176 -2.83101e-06 -8.87366e-06 -4.39736e-06
0.7 0.460915 2.16341e-06 0.537705 -2.11691e-06 -9.48333e-06 -7.37941e-06
0.75 0.495648 6.50946e-07 0.503051 -1.03413e-06 -8.74497e-06 -1.22051e-05
0.8 0.527435 -4.66434e-07 0.471362 4.32922e-07 -7.50212e-06 -1.75253e-05
0.85 0.556241 -1.91914e-06 0.442653 2.32324e-06 -7.36768e-06 -2.28163e-05
0.9 0.582155 -3.74045e-06 0.416827 4.53607e-06 -8.65752e-06 -2.79197e-05
0.95 0.60536 -5.68462e-06 0.393703 6.89443e-06 -1.35339e-05 -3.14982e-05
1 0.626096 -7.3408e-06 0.373036 9.05446e-06 -2.07245e-05 -3.31517e-05
1.05 0.644645 -8.57143e-06 0.354548 1.08234e-05 -2.9711e-05 -3.21505e-05
1.1 0.661298 -9.82202e-06 0.337948 1.2578e-05 -3.77557e-05 -2.94502e-05
1.15 0.676348 -1.10926e-05 0.32294 1.43078e-05 -4.36713e-05 -2.53064e-05
1.2 0.690116 -1.19907e-05 0.309203 1.55847e-05 -4.6258e-05 -1.98294e-05
1.25 0.702944 -1.1942e-05 0.296394 1.58745e-05 -4.61515e-05 -1.50002e-05
1.3 0.715155 -1.0614e-05 0.28419 1.48692e-05 -4.34118e-05 -1.10357e-05
1.35 0.727028 -7.84333e-06 0.272314 1.23363e-05 -3.82464e-05 -8.33126e-06
1.4 0.738767 -3.57937e-06 0.260566 8.23065e-06 -3.14414e-05 -7.06493e-06
1.45 0.750496 1.89625e-06 0.248824 2.85768e-06 -2.37704e-05 -7.60148e-06
1.5 0.762255 8.03714e-06 0.237044 -3.27678e-06 -1.60836e-05 -9.67752e-06
1.55 0.774049 1.38792e-05 0.225225 -9.17653e-06 -8.75733e-06 -1.2773e-05
1.6 0.785858 1.82439e-05 0.213387 -1.36298e-05 -2.00953e-06 -1.58498e-05
1.65 0.797661 1.99688e-05 0.201553 -1.54523e-05 4.50341e-06 -1.77157e-05
1.7 0.809444 1.8067e-05 0.18974 -1.36052e-05 1.182e-05 -1.82559e-05
1.75 0.821176 1.23698e-05 0.177977 -7.9051e-06 1.87075e-05 -1.8466e-05
1.8 0.832803 3.11936e-06 0.166323 1.34813e-06 2.47531e-05 -1.87873e-05
1.85 0.844254 -8.69375e-06 0.154851 1.31975e-05 2.98556e-05 -1.94314e-05
1.9 0.855428 -2.14455e-05 0.143661 2.60014e-05 3.37635e-05 -1.99151e-05
1.95 0.866203 -3.36619e-05 0.132875 3.8261e-05 3.62599e-05 -2.00995e-05
2 0.876444 -4.40342e-05 0.122628 4.86581e-05 3.741e-05 -2.01847e-05
2.05 0.886017 -5.15873e-05 0.113053 5.62127e-05 3.75038e-05 -2.04071e-05
2.1 0.89481 -5.57418e-05 0.104263 6.03468e-05 3.65708e-05 -2.10082e-05
2.15 0.902747 -5.62907e-05 0.0963332 6.0859e-05 3.42949e-05 -2.19438e-05
2.2 0.909776 -5.32981e-05 0.0893105 5.78349e-05 3.00344e-05 -2.29901e-05
2.25 0.915903 -4.72407e-05 0.0831901 5.17344e-05 2.38552e-05 -2.35183e-05
2.3 0.921158 -3.88128e-05 0.0779381 4.32537e-05 1.58301e-05 -2.25298e-05
2.35 0.925582 -2.86778e-05 0.0735119 3.30668e-05 6.76316e-06 -2.0072e-05
2.4 0.92926 -1.72536e-05 0.0698291 2.16123e-05 -4.34734e-06 -1.59712e-05
2.45 0.932435 -4.94888e-06 0.066653 9.25814e-06 -1.52598e-05 -1.08517e-05
2.5 0.935164 7.5969e-06 0.0639243 -3.28764e-06 -2.48902e-05 -1.99403e-06
