0 0 0 1 0 0 0
0.05 0.0039802 -1.80046e-16 0.995948 2.40313e-15 -8.99766e-15 2.29877e-14
0.1 0.0157677 -1.66796e-15 0.984191 2.90903e-15 -1.66263e-14 4.6355e-14
0.15 0.0349208 -3.55294e-15 0.965074 3.07682e-15 -2.25745e-14 6.96814e-14
0.2 0.0607487 -6.52504e-15 0.939269 3.32777e-15 -2.67035e-14 9.23175e-14
0.25 0.0923638 -1.00222e-14 0.907662 3.77088e-15 -2.88763e-14 1.12842e-13
0.3 0.128734 -1.45312e-14 0.871289 4.27743e-15 -2.93438e-14 1.30737e-13
0.35 0.168732 -1.93807e-14 0.831284 4.77471e-15 -2.8243e-14 1.4528e-13
0.4 0.211194 -2.39586e-14 0.78881 5.25483e-15 -2.56668e-14 1.56806e-13
0.45 0.254989 -2.80617e-14 0.745004 5.71817e-15 -2.18136e-14 1.65417e-13
0.5 0.299063 -3.10449e-14 0.700921 6.15115e-15 -1.70283e-14 1.71434e-13
0.55 0.342477 -3.23196e-14 0.657498 6.44258e-15 -1.13358e-14 1.74859e-13
0.6 0.384441 -3.17967e-14 0.615523 6.38335e-15 -5.14294e-15 1.76053e-13
0.65 0.424334 -2.87687e-14 0.575621 6.03422e-15 1.33918e-15 1.75123e-13
0.7 0.4617 -2.39859e-14 0.538244 5.95693e-15 7.86096e-15 1.72488e-13
0.75 0.496246 -1.77759e-14 0.503686 5.99916e-15 1.45789e-14 1.68429e-13
0.8 0.52783 -1.04655e-14 0.47209 6.20861e-15 2.12774e-14 1.63505e-13
0.85 0.556438 -3.28244e-15 0.443469 6.61554e-15 2.77002e-14 1.58255e-13
0.9 0.582167 4.8526e-15 0.417728 6.65561e-15 3.35502e-14 1.52977e-13
0.95 0.605198 1.15465e-14 0.394685 6.94673e-15 3.8917e-14 1.47703e-13
1 0.62578 1.80127e-14 0.374094 6.99818e-15 4.38186e-14 1.4244e-13
1.05 0.644198 2.39917e-14 0.355666 6.75636e-15 4.8076e-14 1.37129e-13
1.1 0.660768 3.00609e-14 0.339087 5.9153e-15 5.16978e-14 1.32095e-13
1.15 0.675815 3.65218e-14 0.324032 4.40403e-15 5.44736e-14 1.2677e-13
1.2 0.689655 4.48577e-14 0.310185 2.49538e-15 5.65149e-14 1.21639e-13
1.25 0.702585 5.72684e-14 0.297249 2.43507e-16 5.82222e-14 1.16541e-13
1.3 0.714872 6.9723e-14 0.284954 -2.50275e-15 5.94766e-14 1.11852e-13
1.35 0.726748 8.49585e-14 0.273072 -6.09954e-15 6.01367e-14 1.07569e-13
1.4 0.738395 1.0084e-13 0.261417 -1.00931e-14 6.00437e-14 1.03512e-13
1.45 0.74995 1.20151e-13 0.249857 -1.47206e-14 5.93942e-14 9.95374e-14
1.5 0.761497 1.44245e-13 0.238306 -2.00291e-14 5.84818e-14 9.59908e-14
1.55 0.773066 1.60222e-13 0.226733 -2.4725e-14 5.72632e-14 9.23183e-14
1.6 0.784649 1.71979e-13 0.215147 -2.73592e-14 5.51319e-14 8.81018e-14
1.65 0.796196 1.76949e-13 0.203596 -2.6085e-14 5.10404e-14 8.30274e-14
1.7 0.807628 1.77205e-13 0.192161 -2.22837e-14 4.4368e-14 7.79628e-14
1.75 0.818848 1.6948e-13 0.180937 -1.61676e-14 3.52212e-14 7.44641e-14
1.8 0.82975 1.59454e-13 0.170032 -8.68454e-15 2.3632e-14 7.42232e-14
1.85 0.840228 1.42609e-13 0.15955 6.48193e-15 1.07674e-14 7.88931e-14
1.9 0.850192 1.20569e-13 0.149586 3.45319e-14 -2.50618e-15 9.02032e-14
1.95 0.859557 8.56179e-14 0.14022 6.72437e-14 -1.48274e-14 1.09424e-13
2 0.868266 5.6365e-14 0.131511 9.23064e-14 -2.40934e-14 1.35161e-13
2.05 0.876282 4.48202e-14 0.123495 9.87062e-14 -2.62876e-14 1.62886e-13
2.1 0.883595 5.09136e-14 0.116183 8.2825e-14 -1.89359e-14 1.876e-13
2.15 0.890212 7.48246e-14 0.109567 4.8486e-14 -1.58847e-15 2.04868e-13
2.2 0.896165 1.01153e-13 0.103616 -7.74213e-16 2.39838e-14 2.12343e-13
2.25 0.901502 1.27944e-13 0.0982815 -5.0046e-14 5.39471e-14 2.10418e-13
2.3 0.906282 1.57742e-13 0.0935029 -8.7216e-14 8.51991e-14 2.02421e-13
2.35 0.910578 1.86336e-13 0.0892079 -1.18563e-13 1.1707e-13 1.91095e-13
2.4 0.914468 2.32859e-13 0.0853183 -1.54961e-13 1.52529e-13 1.75678e-13
2.45 0.918034 3.162e-13 0.0817537 -2.27402e-13 1.95294e-13 1.48775e-13
2.5 0.921357 4.50281e-13 0.0784339 -3.5875e-13 2.46913e-13 1.00782e-13
2.55 0.924511 6.35057e-13 0.0752836 -5.40895e-13 2.92351e-13 3.81326e-14
2.6 0.927561 8.47822e-13 0.0722363 -7.4853e-13 3.2299e-13 -3.82791e-14
2.65 0.930564 1.04776e-12 0.0692376 -9.41185e-13 3.3186e-13 -1.20278e-13
2.7 0.933558 1.1822e-12 0.0662468 -1.07125e-12 3.15503e-13 -1.9738e-13
2.75 0.936572 1.21608e-12 0.0632371 -1.10029e-12 2.75386e-13 -2.60479e-13
2.8 0.939617 1.12973e-12 0.0601962 -1.00972e-12 2.16209e-13 -3.03817e-13
2.85 0.942693 9.30671e-13 0.0571259 -8.03479e-13 1.44349e-13 -3.24241e-13
2.9 0.94578 6.2403e-13 0.0540447 -4.90426e-13 6.63291e-14 -3.22175e-13
2.95 0.948858 2.70174e-13 0.0509729 -1.32881e-13 -1.20248e-14 -2.95298e-13
3 0.951903 -6.40585e-14 0.0479345 2.02163e-13 -8.10968e-14 -2.46538e-13
3.05 0.954882 -3.44571e-13 0.0449624 4.79551e-13 -1.32248e-13 -1.8201e-13
3.1 0.957758 -5.54452e-13 0.0420937 6.84767e-13 -1.58098e-13 -1.10686e-13
3.15 0.960497 -7.00207e-13 0.0393634 8.27412e-13 -1.60427e-13 -3.84388e-14
3.2 0.963068 -7.98189e-13 0.0368011 9.2155e-13 -1.33887e-13 3.02856e-14
3.25 0.965449 -8.52703e-13 0.0344295 9.71646e-13 -9.1483e-14 8.35347e-14
3.3 0.967626 -8.54298e-13 0.0322632 9.73994e-13 -4.54423e-14 1.16645e-13
3.35 0.969592 -8.10991e-13 0.0303084 9.33568e-13 -1.32485e-15 1.25811e-13
3.4 0.971347 -7.28453e-13 0.0285637 8.59486e-13 2.99312e-14 1.1412e-13
3.45 0.9729 -6.05378e-13 0.0270215 7.57642e-13 4.5841e-14 8.95917e-14
3.5 0.974264 -4.60398e-13 0.0256674 6.40141e-13 4.53525e-14 6.17393e-14
3.55 0.975461 -3.10648e-13 0.0244806 5.13543e-13 3.25518e-14 4.12613e-14
3.6 0.976516 -1.76739e-13 0.0234351 3.84329e-13 1.29935e-14 3.25002e-14
3.65 0.977453 -6.85556e-14 0.0225082 2.56448e-13 -6.74944e-15 3.77806e-14
3.7 0.978296 1.65769e-14 0.0216744 1.48226e-13 -2.14453e-14 5.27814e-14
3.75 0.979071 6.69351e-14 0.0209077 8.18488e-14 -3.02822e-14 7.32959e-14
3.8 0.979802 7.33827e-14 0.0201855 6.37151e-14 -3.01201e-14 9.32732e-14
3.85 0.980514 2.99502e-14 0.0194818 9.78841e-14 -2.09901e-14 1.10737e-13
3.9 0.981233 -6.74133e-14 0.0187713 1.90719e-13 -9.38231e-15 1.24767e-13
3.95 0.98198 -2.1735e-13 0.0180339 3.39778e-13 3.05897e-15 1.32459e-13
4 0.982767 -4.01139e-13 0.0172576 5.24108e-13 1.38969e-14 1.33616e-13
4.05 0.983598 -5.92397e-13 0.0164365 7.16258e-13 2.14019e-14 1.29924e-13
4.1 0.984474 -7.69114e-13 0.015571 8.94039e-13 2.43516e-14 1.22258e-13
4.15 0.98539 -9.14962e-13 0.0146663 1.04067e-12 2.27442e-14 1.12611e-13
4.2 0.986337 -1.01623e-12 0.0137301 1.1425e-12 1.80292e-14 1.04336e-13
4.25 0.987304 -1.05995e-12 0.0127747 1.18671e-12 1.23779e-14 9.90995e-14
4.3 0.988275 -1.03696e-12 0.0118151 1.16415e-12 7.79762e-15 9.76323e-14
4.35 0.989229 -9.41411e-13 0.0108719 1.06893e-12 6.57063e-15 9.99264e-14
4.4 0.990144 -7.73208e-13 0.00996715 9.01021e-13 9.61027e-15 1.04903e-13
4.45 0.991002 -5.38084e-13 0.00911944 6.66132e-13 1.73254e-14 1.10912e-13
4.5 0.991788 -2.49215e-13 0.00834244 3.77205e-13 2.79198e-14 1.16302e-13
4.55 0.992495 7.26946e-14 0.00764442 5.52648e-14 3.9374e-14 1.1976e-13
4.6 0.993123 4.03845e-13 0.00702488 -2.75895e-13 4.91139e-14 1.20392e-13
4.65 0.993679 7.21944e-13 0.00647675 -5.94048e-13 5.53667e-14 1.17764e-13
4.7 0.994177 1.0053e-12 0.00598573 -8.77395e-13 5.58286e-14 1.12784e-13
4.75 0.994628 1.23681e-12 0.00554149 -1.10885e-12 4.97236e-14 1.06694e-13
4.8 0.995034 1.4064e-12 0.00514093 -1.27836e-12 3.76549e-14 1.01707e-13
4.85 0.995405 1.51166e-12 0.00477291 -1.38361e-12 2.03331e-14 1.0031e-13
4.9 0.995765 1.55699e-12 0.00441435 -1.42891e-12 2.05083e-16 1.0342e-13
4.95 0.99615 1.5489e-12 0.00403104 -1.42083e-12 -2.11033e-14 1.119e-13
5 0.996595 1.49421e-12 0.00358612 -1.36614e-12 -4.1119e-14 1.25346e-13
