0 0 0 1 0 0 0
0.05 0.00396582 -2.27935e-16 0.995974 1.82828e-16 -2.49062e-15 -5.58414e-15
0.1 0.0157277 -9.52578e-17 0.98422 -7.41928e-17 -5.01351e-15 -1.10896e-14
0.15 0.0348613 1.46155e-16 0.965104 -9.8587e-17 -7.52281e-15 -1.6194e-14
0.2 0.0606787 -1.26197e-16 0.9393 -6.79948e-17 -9.90085e-15 -2.08802e-14
0.25 0.0922923 -6.07006e-17 0.907693 -1.30068e-16 -1.19983e-14 -2.4934e-14
0.3 0.128659 7.22329e-16 0.87132 -3.52687e-16 -1.37884e-14 -2.85092e-14
0.35 0.168653 1.05176e-15 0.831314 -7.22672e-16 -1.51828e-14 -3.11868e-14
0.4 0.211113 1.62917e-15 0.78884 -1.09097e-15 -1.65396e-14 -3.29824e-14
0.45 0.254906 2.48714e-15 0.745032 -1.90259e-15 -1.76106e-14 -3.40169e-14
0.5 0.298978 3.28246e-15 0.700948 -2.95614e-15 -1.84573e-14 -3.44326e-14
0.55 0.342392 4.1837e-15 0.657523 -4.06205e-15 -1.91045e-14 -3.42348e-14
0.6 0.384361 5.3026e-15 0.615545 -5.11676e-15 -1.95679e-14 -3.34852e-14
0.65 0.42426 5.94622e-15 0.575637 -5.97161e-15 -1.99009e-14 -3.24551e-14
0.7 0.461635 6.22535e-15 0.538254 -6.39627e-15 -2.00177e-14 -3.1122e-14
0.75 0.496195 6.48247e-15 0.503688 -6.67862e-15 -2.00438e-14 -2.97003e-14
0.8 0.527795 6.52587e-15 0.472082 -6.68343e-15 -2.0066e-14 -2.82412e-14
0.85 0.556424 6.85542e-15 0.44345 -6.96617e-15 -1.98414e-14 -2.67674e-14
0.9 0.582173 6.99452e-15 0.417697 -7.15476e-15 -1.93918e-14 -2.51118e-14
0.95 0.605226 7.15288e-15 0.394641 -7.26058e-15 -1.86526e-14 -2.34189e-14
1 0.62583 6.76811e-15 0.374037 -6.95297e-15 -1.77004e-14 -2.16451e-14
1.05 0.644272 5.81298e-15 0.355594 -5.95695e-15 -1.6465e-14 -1.98336e-14
1.1 0.660869 4.79611e-15 0.338998 -4.87363e-15 -1.51497e-14 -1.80942e-14
1.15 0.675944 3.35046e-15 0.323925 -3.48796e-15 -1.38203e-14 -1.67405e-14
1.2 0.689813 1.97415e-15 0.310059 -2.22153e-15 -1.2573e-14 -1.56911e-14
1.25 0.702773 1.73339e-16 0.297099 -5.29541e-16 -1.12689e-14 -1.49576e-14
1.3 0.715098 -9.4925e-16 0.284778 7.24025e-16 -1.00014e-14 -1.43869e-14
1.35 0.727014 -2.31511e-15 0.272867 2.15946e-15 -8.95952e-15 -1.39259e-14
1.4 0.738703 -3.55081e-15 0.261182 3.41814e-15 -8.12554e-15 -1.34627e-14
1.45 0.7503 -4.6705e-15 0.24959 4.54955e-15 -7.58322e-15 -1.28985e-14
1.5 0.761885 -5.2042e-15 0.238009 5.20245e-15 -7.09058e-15 -1.24487e-14
1.55 0.773495 -5.44657e-15 0.226404 5.45946e-15 -6.57994e-15 -1.21645e-14
1.6 0.785116 -5.96397e-15 0.214787 5.8695e-15 -6.13424e-15 -1.20627e-14
1.65 0.796699 -5.9568e-15 0.203208 5.80589e-15 -5.89126e-15 -1.21136e-14
1.7 0.808169 -5.48584e-15 0.191743 5.37872e-15 -5.69303e-15 -1.21574e-14
1.75 0.819431 -5.19846e-15 0.180486 5.04481e-15 -5.55299e-15 -1.23085e-14
1.8 0.830376 -4.8904e-15 0.169546 4.76536e-15 -5.47802e-15 -1.22367e-14
1.85 0.840909 -4.33633e-15 0.159018 4.21356e-15 -5.47452e-15 -1.19822e-14
1.9 0.850936 -3.80959e-15 0.148998 3.73995e-15 -5.09374e-15 -1.18643e-14
1.95 0.860381 -3.28721e-15 0.139559 3.22799e-15 -4.57654e-15 -1.18041e-14
2 0.869193 -2.79663e-15 0.130755 2.71317e-15 -4.11698e-15 -1.15963e-14
2.05 0.877341 -2.22951e-15 0.122615 2.13529e-15 -3.74599e-15 -1.13285e-14
2.1 0.884785 -1.55902e-15 0.11518 1.46736e-15 -3.49457e-15 -1.11852e-14
2.15 0.891522 -9.75287e-16 0.108451 9.24307e-16 -3.25336e-15 -1.13344e-14
2.2 0.897603 -5.9302e-16 0.102378 5.41016e-16 -3.04152e-15 -1.11596e-14
2.25 0.903098 -3.7955e-16 0.0968899 3.24403e-16 -2.89939e-15 -1.10646e-14
2.3 0.908073 -2.64223e-16 0.0919196 2.24788e-16 -2.743e-15 -1.09026e-14
2.35 0.912597 -1.92558e-16 0.0873984 1.57847e-16 -2.64778e-15 -1.03772e-14
2.4 0.916775 1.80267e-17 0.0832227 -5.21698e-17 -2.66958e-15 -9.56735e-15
2.45 0.920705 3.2648e-16 0.0792943 -3.67953e-16 -2.52565e-15 -8.87627e-15
2.5 0.924491 4.23458e-16 0.0755078 -4.62879e-16 -2.58929e-15 -7.84353e-15
