0 0 0 1 0 0 0
0.05 0.00385049 -1.34947e-05 0.994862 2.73849e-05 4.65101e-06 -1.07606e-05
0.1 0.0154623 6.67231e-06 0.983131 1.65066e-05 -4.54804e-06 -1.6285e-05
0.15 0.0343605 1.53341e-05 0.964054 1.40109e-05 6.22951e-06 -1.92314e-07
0.2 0.0598038 1.22547e-06 0.938308 1.42849e-05 1.90724e-06 1.02487e-05
0.25 0.0910618 -1.80925e-05 0.906759 1.17843e-05 1.43556e-06 9.20823e-06
0.3 0.127005 -3.41574e-05 0.870445 1.12258e-05 1.12836e-05 5.83978e-06
0.35 0.166536 -5.75605e-05 0.830504 1.20199e-05 1.22029e-05 5.19945e-06
0.4 0.208506 -6.62758e-05 0.7881 1.19629e-05 2.29023e-05 8.19566e-06
0.45 0.251802 -6.10513e-05 0.744367 1.24773e-05 3.18595e-05 9.83217e-06
0.5 0.295402 -5.7957e-05 0.700364 1.37749e-05 3.72411e-05 1.08988e-05
0.55 0.338375 -6.06987e-05 0.657024 1.46153e-05 4.68443e-05 1.48349e-05
0.6 0.379971 -6.53331e-05 0.615141 1.51695e-05 5.05678e-05 1.88601e-05
0.65 0.419495 -6.82658e-05 0.575344 1.36323e-05 4.90041e-05 2.15477e-05
0.7 0.456516 -7.08844e-05 0.538088 9.20122e-06 4.74862e-05 2.57278e-05
0.75 0.490779 -6.88974e-05 0.503655 2.33929e-06 4.41539e-05 2.72897e-05
0.8 0.522127 -5.80113e-05 0.472178 -7.23984e-06 3.89248e-05 2.55897e-05
0.85 0.550543 -5.1167e-05 0.443655 -1.68205e-05 3.45109e-05 1.68463e-05
0.9 0.576139 -4.37036e-05 0.417983 -2.70739e-05 3.0175e-05 2.47443e-06
0.95 0.5991 -3.79211e-05 0.394976 -3.76071e-05 2.54988e-05 -1.63428e-05
1 0.619656 -3.39084e-05 0.374385 -4.72929e-05 2.16966e-05 -3.9708e-05
1.05 0.638088 -3.07829e-05 0.355917 -5.40157e-05 2.01396e-05 -6.42202e-05
1.1 0.65471 -2.90664e-05 0.33925 -5.53042e-05 2.27668e-05 -8.73995e-05
1.15 0.669843 -2.86932e-05 0.324057 -5.04506e-05 2.94303e-05 -0.000106684
1.2 0.683844 -3.9232e-05 0.310013 -3.84505e-05 3.68641e-05 -0.000121957
1.25 0.696986 -5.04973e-05 0.29682 -2.55954e-05 4.78027e-05 -0.000124115
1.3 0.709543 -5.55403e-05 0.284203 -2.02751e-05 5.83678e-05 -0.000116733
1.35 0.721734 -4.8979e-05 0.271935 -2.68679e-05 6.45858e-05 -0.000105922
1.4 0.733744 -3.20254e-05 0.259842 -4.55496e-05 6.05486e-05 -9.86925e-05
1.45 0.745687 -3.04186e-06 0.247809 -7.72054e-05 5.29318e-05 -0.000100305
1.5 0.757628 3.96712e-05 0.235777 -0.000120803 4.70148e-05 -0.000109785
1.55 0.769574 9.01004e-05 0.223745 -0.000169657 4.87307e-05 -0.000128684
1.6 0.781491 0.000145563 0.21175 -0.000220277 5.88102e-05 -0.000148533
1.65 0.793314 0.000201904 0.199859 -0.000269492 7.57255e-05 -0.000159918
1.7 0.80496 0.000255496 0.188158 -0.000313264 9.64111e-05 -0.000153259
1.75 0.816338 0.000299828 0.176742 -0.000346163 0.000118582 -0.000118028
1.8 0.82735 0.000326467 0.165708 -0.000358632 0.000133939 -5.46929e-05
1.85 0.837922 0.000326563 0.155137 -0.000343921 0.000139133 1.62924e-05
1.9 0.847983 0.000305618 0.145095 -0.000308356 0.000136152 6.79464e-05
1.95 0.85748 0.000281531 0.135637 -0.000270525 0.00011832 7.47409e-05
2 0.866352 0.000268496 0.126816 -0.000247487 8.04248e-05 2.08485e-05
2.05 0.874546 0.000273034 0.118681 -0.000246634 1.70572e-05 -9.52762e-05
2.1 0.882028 0.000295879 0.111261 -0.000267712 -7.48449e-05 -0.000264861
2.15 0.888788 0.000334381 0.104563 -0.000307592 -0.000197129 -0.000467311
2.2 0.894841 0.000383299 0.098567 -0.000359754 -0.000351412 -0.000677308
2.25 0.90022 0.000432724 0.0932341 -0.000412694 -0.000533837 -0.000872205
2.3 0.905002 0.000465353 0.0884967 -0.000444426 -0.000733527 -0.00103209
2.35 0.909276 0.000479372 0.0842641 -0.000455453 -0.000926329 -0.00115694
2.4 0.913138 0.000461735 0.0804412 -0.000433251 -0.00107951 -0.00122453
2.45 0.916682 0.000410163 0.0769316 -0.000376275 -0.00117699 -0.00122488
2.5 0.919998 0.00033318 0.0736426 -0.000293783 -0.00121899 -0.00115669
2.55 0.923168 0.000232627 0.0704944 -0.000193942 -0.00121955 -0.00102116
2.6 0.926272 0.000146368 0.0674069 -0.000110238 -0.0011849 -0.000851898
2.65 0.929388 9.59335e-05 0.0643054 -6.25421e-05 -0.00113204 -0.000650829
2.7 0.932578 9.62091e-05 0.0611289 -6.50509e-05 -0.00107755 -0.00043458
2.75 0.935883 0.000146946 0.0578342 -0.000117831 -0.00103501 -0.000227752
2.8 0.939321 0.000235714 0.0544019 -0.000209245 -0.00101283 -5.38403e-05
2.85 0.942883 0.000344065 0.050835 -0.000318858 -0.00100102 6.29884e-05
2.9 0.946547 0.000459269 0.0471661 -0.000435604 -0.0010192 0.00012562
2.95 0.95026 0.00058069 0.0434475 -0.000558241 -0.00105309 0.000141097
3 0.953965 0.000707842 0.0397375 -0.000686153 -0.0010924 0.000126387
3.05 0.957598 0.000838739 0.0360983 -0.00081793 -0.00113269 9.81281e-05
3.1 0.961098 0.000970122 0.0325895 -0.00095067 -0.00117333 6.89828e-05
3.15 0.964409 0.00109985 0.0292729 -0.00108192 -0.00121696 4.93693e-05
3.2 0.967482 0.00122678 0.0261979 -0.00120975 -0.00126354 4.25044e-05
3.25 0.970267 0.00135201 0.0234207 -0.00133405 -0.00131722 5.46334e-05
3.3 0.972744 0.00147256 0.0209456 -0.0014535 -0.0013857 5.89149e-05
3.35 0.974961 0.00158401 0.0187346 -0.0015646 -0.00142684 7.76449e-05
3.4 0.976891 0.00168541 0.0168166 -0.00166567 -0.00145338 0.000114885
3.45 0.97853 0.00177358 0.0151956 -0.00175288 -0.00147519 0.000170616
3.5 0.979882 0.00184355 0.0138657 -0.00182085 -0.0015 0.000244587
3.55 0.980958 0.00189023 0.0128133 -0.00186456 -0.00153023 0.000333909
3.6 0.981768 0.00190909 0.0120249 -0.00187996 -0.00156428 0.000432645
3.65 0.982329 0.00189557 0.0114831 -0.0018631 -0.00159966 0.000534998
3.7 0.982672 0.00184567 0.0111551 -0.00181044 -0.0016308 0.000629907
3.75 0.982845 0.00175732 0.0109936 -0.00172003 -0.00165573 0.000710544
3.8 0.982911 0.0016318 0.0109375 -0.00159318 -0.00167356 0.00077089
3.85 0.982939 0.00147407 0.0109193 -0.00143492 -0.00168778 0.000808348
3.9 0.982991 0.0012927 0.0108771 -0.00125377 -0.00170451 0.000830616
3.95 0.983116 0.00109954 0.0107629 -0.00106135 -0.00172635 0.000843935
4 0.983343 0.000907861 0.0105442 -0.000870724 -0.00174927 0.000850524
4.05 0.983762 0.000731279 0.0101327 -0.000696235 -0.00176997 0.000862548
4.1 0.984381 0.000579958 0.00952027 -0.000546981 -0.00177852 0.000871166
4.15 0.985103 0.000457798 0.0088031 -0.000426132 -0.00177144 0.000880324
4.2 0.985855 0.000365077 0.00805614 -0.000334043 -0.0017464 0.000889787
4.25 0.98658 0.000301277 0.00733675 -0.000270561 -0.00170907 0.000899421
4.3 0.987233 0.000267056 0.0066897 -0.000236534 -0.00166701 0.000909253
4.35 0.987781 0.000263527 0.00614885 -0.000233195 -0.00162841 0.000917917
4.4 0.988201 0.00029059 0.00573779 -0.000260518 -0.00160019 0.000923982
4.45 0.98848 0.000345972 0.00546873 -0.000316224 -0.00158893 0.00092464
4.5 0.988618 0.000423642 0.0053414 -0.000394328 -0.00159651 0.000915085
4.55 0.988617 0.000512331 0.00535471 -0.000483636 -0.0016216 0.000892945
4.6 0.988508 0.000599324 0.00547681 -0.000571085 -0.00165845 0.00084688
4.65 0.988352 0.000673009 0.00564674 -0.000644528 -0.00171068 0.000783217
4.7 0.988201 0.000719758 0.00581295 -0.000691087 -0.00177913 0.000699092
4.75 0.988087 0.000738309 0.0059425 -0.000708961 -0.00185586 0.000614727
4.8 0.988047 0.00074331 0.0059991 -0.000713404 -0.00193099 0.000544444
4.85 0.988087 0.000740867 0.0059746 -0.000710106 -0.00199083 0.000483932
4.9 0.988209 0.000730735 0.00586616 -0.000699793 -0.00203509 0.000433622
4.95 0.988425 0.0007082 0.00565741 -0.000677138 -0.00206541 0.000385382
5 0.98869 0.000672274 0.00539195 -0.000641212 -0.00208373 0.000345533
