0 0 0 1 0 0 0
0.05 0.00390438 -1.67989e-06 0.994986 -6.38028e-07 -1.89269e-06 -4.66038e-06
0.1 0.015621 -1.68621e-06 0.983241 -8.35592e-07 4.53419e-07 -5.26274e-07
0.15 0.0345726 -6.50444e-07 0.964159 -8.41727e-07 -3.36362e-07 1.15647e-06
0.2 0.0601094 -3.19039e-06 0.938379 -5.77348e-07 1.29601e-07 8.31396e-07
0.25 0.0913494 -6.35535e-06 0.90678 -5.99475e-07 -1.80546e-07 -2.34104e-06
0.3 0.127323 -5.40528e-06 0.870383 -1.34339e-06 -2.32362e-06 -6.87842e-06
0.35 0.166911 -7.63982e-06 0.830308 -2.81333e-06 -7.68274e-06 -8.0541e-06
0.4 0.209038 -1.28995e-05 0.787703 -3.299e-06 -1.04965e-05 -1.09883e-05
0.45 0.252656 -2.15129e-05 0.743675 -2.95002e-06 -1.0013e-05 -1.5256e-05
0.5 0.296727 -2.90214e-05 0.699262 -2.48524e-06 -7.54252e-06 -1.94111e-05
0.55 0.340356 -3.49038e-05 0.655391 -1.49367e-06 -5.88665e-06 -1.95688e-05
0.6 0.382741 -3.78949e-05 0.612839 -2.08005e-06 -1.27491e-06 -1.51304e-05
0.65 0.423247 -3.71136e-05 0.572236 -5.62195e-06 7.50167e-06 -6.89561e-06
0.7 0.461329 -3.16105e-05 0.53408 -8.73844e-06 1.94258e-05 4.9722e-06
0.75 0.496657 -2.61462e-05 0.498687 -1.07041e-05 3.90687e-05 1.32979e-05
0.8 0.529006 -2.36888e-05 0.466259 -1.05409e-05 6.48842e-05 1.22206e-05
0.85 0.558323 -2.53227e-05 0.436854 -5.29172e-06 9.29618e-05 7.40312e-07
0.9 0.584673 -3.00434e-05 0.410411 3.2748e-06 0.000118982 -1.79067e-05
0.95 0.608241 -3.48778e-05 0.386769 1.2601e-05 0.000141167 -3.60428e-05
1 0.629261 -3.52616e-05 0.365689 1.78815e-05 0.000154479 -4.23044e-05
1.05 0.648035 -2.75835e-05 0.346875 1.55663e-05 0.000158423 -2.84303e-05
1.1 0.664873 -1.00961e-05 0.329998 3.33574e-06 0.000155484 8.60562e-06
1.15 0.680141 1.63231e-05 0.31471 -1.97775e-05 0.000149842 6.59941e-05
1.2 0.694181 5.29438e-05 0.300658 -5.41946e-05 0.00014475 0.000133564
1.25 0.707328 9.88113e-05 0.287498 -9.8811e-05 0.000143185 0.000197525
1.3 0.719905 0.000149953 0.27491 -0.000149482 0.00014654 0.000242767
1.35 0.732183 0.000200338 0.262618 -0.000199792 0.000153783 0.000256806
1.4 0.744371 0.00024352 0.250408 -0.000242861 0.000162478 0.000232508
1.45 0.756624 0.000274484 0.238132 -0.000273706 0.000169306 0.000169677
1.5 0.769026 0.000290759 0.225699 -0.000290151 0.000171798 7.49142e-05
1.55 0.781612 0.000292809 0.213077 -0.000292758 0.000169229 -3.98109e-05
1.6 0.794362 0.000282707 0.200284 -0.000283626 0.000162669 -0.000160124
1.65 0.807213 0.000263553 0.187387 -0.000265756 0.000154098 -0.000272987
1.7 0.820065 0.000238744 0.174487 -0.000242326 0.000145128 -0.00036807
1.75 0.832788 0.000211829 0.161716 -0.000216637 0.000136112 -0.000438763
1.8 0.845251 0.000185668 0.149206 -0.000191464 0.00012531 -0.000481452
1.85 0.857325 0.000162418 0.137086 -0.000168976 0.000111168 -0.000496659
1.9 0.868888 0.000143482 0.125478 -0.000150629 9.27813e-05 -0.000487698
1.95 0.879831 0.00012996 0.11449 -0.000137459 6.95964e-05 -0.000460145
2 0.890189 0.00012005 0.104093 -0.000127904 4.60389e-05 -0.000423221
2.05 0.899856 0.000113219 0.0943871 -0.000121423 2.16323e-05 -0.000380449
2.1 0.90852 0.000108311 0.0857075 -0.000117435 -9.13449e-06 -0.000336469
2.15 0.915971 0.000107232 0.0782617 -0.000117675 -4.01919e-05 -0.000292971
2.2 0.922177 0.000118401 0.0720674 -0.000129854 -6.95786e-05 -0.000255072
2.25 0.927234 0.000141211 0.0670298 -0.000153454 -0.000101883 -0.000223485
2.3 0.930949 0.000182478 0.0633352 -0.000195387 -0.000121289 -0.00020305
2.35 0.933612 0.000218583 0.0606908 -0.000232032 -0.000142993 -0.000179225
2.4 0.935374 0.000260807 0.0589426 -0.000274627 -0.000163524 -0.000164307
2.45 0.936438 0.000305245 0.0578863 -0.000319247 -0.00018172 -0.000154151
2.5 0.936965 0.000349016 0.0573587 -0.000363018 -0.000197119 -0.000148237
