0 0 0 1 0 0 0
0.05 0.00394706 -7.03871e-15 0.995941 -1.50928e-16 -6.57178e-15 2.23732e-16
0.1 0.0156728 -6.98539e-15 0.984192 4.86991e-16 -1.34598e-14 4.41658e-16
0.15 0.0347749 -7.13067e-15 0.96508 5.86901e-16 -2.0004e-14 -1.07571e-16
0.2 0.0605777 -6.93711e-15 0.939281 6.88047e-16 -2.58523e-14 -1.19677e-15
0.25 0.0921851 -6.79922e-15 0.907679 7.92382e-16 -3.07348e-14 -2.44905e-15
0.3 0.128553 -6.89847e-15 0.871313 8.64873e-16 -3.46157e-14 -3.93165e-15
0.35 0.16855 -7.21468e-15 0.831316 1.02977e-15 -3.77862e-14 -5.31495e-15
0.4 0.211009 -7.95027e-15 0.788853 1.35663e-15 -4.01997e-14 -6.63595e-15
0.45 0.254798 -8.39906e-15 0.745058 1.77241e-15 -4.18364e-14 -7.87138e-15
0.5 0.298861 -9.4111e-15 0.700987 2.39218e-15 -4.28215e-14 -8.8422e-15
0.55 0.342268 -1.01326e-14 0.657576 3.07334e-15 -4.3221e-14 -9.66901e-15
0.6 0.38423 -1.10939e-14 0.61561 3.72884e-15 -4.32928e-14 -1.0483e-14
0.65 0.424132 -1.15298e-14 0.575709 4.21172e-15 -4.29522e-14 -1.09514e-14
0.7 0.461519 -1.13972e-14 0.538328 4.3364e-15 -4.22331e-14 -1.13447e-14
0.75 0.4961 -1.14955e-14 0.503755 4.18799e-15 -4.08913e-14 -1.14135e-14
0.8 0.527733 -1.17012e-14 0.472132 4.03662e-15 -3.92478e-14 -1.12406e-14
0.85 0.556405 -1.15192e-14 0.443469 3.43513e-15 -3.73077e-14 -1.09323e-14
0.9 0.582209 -1.0875e-14 0.417669 2.85311e-15 -3.51468e-14 -1.05783e-14
0.95 0.605331 -1.00239e-14 0.394551 2.04111e-15 -3.29137e-14 -1.00036e-14
1 0.626016 -8.92016e-15 0.373869 9.34213e-16 -3.0715e-14 -9.24239e-15
1.05 0.644552 -7.61406e-15 0.355335 -3.54481e-16 -2.84204e-14 -8.05468e-15
1.1 0.66125 -5.84077e-15 0.338634 -2.05947e-15 -2.64251e-14 -6.73229e-15
1.15 0.676435 -4.38331e-15 0.323443 -3.5989e-15 -2.46343e-14 -5.19458e-15
1.2 0.690428 -2.98805e-15 0.309444 -5.10535e-15 -2.31839e-14 -3.63435e-15
1.25 0.703523 -1.80008e-15 0.296344 -6.46117e-15 -2.21638e-14 -2.10739e-15
1.3 0.715981 -7.03622e-16 0.283879 -7.50458e-15 -2.14259e-14 -5.83846e-16
1.35 0.728028 -1.78693e-16 0.271826 -8.03498e-15 -2.09308e-14 5.06952e-16
1.4 0.73984 2.2594e-16 0.260007 -8.2983e-15 -2.07122e-14 1.20339e-15
1.45 0.751546 3.13792e-16 0.248295 -8.23978e-15 -2.0765e-14 1.49954e-15
1.5 0.763225 -3.83388e-16 0.236611 -7.60506e-15 -2.08204e-14 1.56922e-15
1.55 0.774908 -6.65259e-16 0.224923 -7.33728e-15 -2.08098e-14 1.72319e-15
1.6 0.786585 -1.31976e-15 0.213245 -6.64175e-15 -2.06227e-14 1.89017e-15
1.65 0.798209 -2.22824e-15 0.201622 -5.77485e-15 -2.04037e-14 1.92619e-15
1.7 0.809704 -3.62968e-15 0.19013 -4.48503e-15 -2.02376e-14 2.05799e-15
1.75 0.820975 -4.88708e-15 0.178865 -3.15139e-15 -1.99994e-14 2.33146e-15
1.8 0.831923 -6.70686e-15 0.167923 -1.4693e-15 -1.96624e-14 2.59262e-15
1.85 0.842445 -8.04533e-15 0.157411 1.13298e-17 -1.91952e-14 3.08112e-15
1.9 0.852443 -8.77863e-15 0.147422 7.18321e-16 -1.87353e-14 3.44564e-15
1.95 0.861868 -8.95305e-15 0.138006 8.96819e-16 -1.81857e-14 3.9618e-15
2 0.870663 -8.9581e-15 0.129221 9.18949e-16 -1.76306e-14 4.48138e-15
2.05 0.878796 -9.01329e-15 0.121095 9.69639e-16 -1.72181e-14 4.90096e-15
2.1 0.886256 -9.1117e-15 0.113643 1.0451e-15 -1.67763e-14 5.39799e-15
2.15 0.893056 -8.95056e-15 0.10685 8.95142e-16 -1.63453e-14 5.91968e-15
2.2 0.899247 -8.57328e-15 0.100664 5.43919e-16 -1.57757e-14 6.58004e-15
2.25 0.904915 -8.02199e-15 0.0950019 -1.61747e-17 -1.49943e-14 7.10884e-15
2.3 0.910166 -7.28998e-15 0.089752 -7.63503e-16 -1.43569e-14 7.67461e-15
2.35 0.915138 -6.53131e-15 0.0847807 -1.57736e-15 -1.37265e-14 8.22288e-15
2.4 0.919922 -5.74802e-15 0.0799969 -2.33488e-15 -1.32446e-14 8.50682e-15
2.45 0.924588 -5.09153e-15 0.0753297 -3.02315e-15 -1.28773e-14 8.69488e-15
2.5 0.929103 -4.42219e-15 0.0708154 -3.692e-15 -1.2183e-14 8.51887e-15
