0 0 0 1 0 0 0
0.05 0.00396349 -7.42311e-15 0.995817 5.49147e-16 1.5666e-13 -2.48578e-13
0.1 0.0157281 -7.2605e-15 0.984064 1.30295e-16 2.35352e-13 -4.98803e-13
0.15 0.0348755 -7.45515e-15 0.96495 1.48545e-16 2.41072e-13 -7.3449e-13
0.2 0.0607154 -7.01282e-15 0.939153 6.04843e-17 1.8655e-13 -9.42567e-13
0.25 0.0923411 -6.72415e-15 0.907556 -6.87384e-17 8.79981e-14 -1.11403e-12
0.3 0.128705 -6.85938e-15 0.871197 -3.60669e-17 -3.60314e-14 -1.24698e-12
0.35 0.168677 -7.574e-15 0.831208 2.61801e-16 -1.72102e-13 -1.34113e-12
0.4 0.211099 -8.35864e-15 0.788753 7.86846e-16 -3.03153e-13 -1.3987e-12
0.45 0.25484 -9.61181e-15 0.744968 1.77518e-15 -4.17853e-13 -1.42459e-12
0.5 0.298852 -1.08504e-14 0.700908 3.04876e-15 -5.10091e-13 -1.42407e-12
0.55 0.342212 -1.2428e-14 0.657508 4.52775e-15 -5.77325e-13 -1.40462e-12
0.6 0.384129 -1.41199e-14 0.615554 6.21008e-15 -6.17455e-13 -1.37047e-12
0.65 0.423984 -1.54718e-14 0.575668 8.09072e-15 -6.32884e-13 -1.3299e-12
0.7 0.461322 -1.6703e-14 0.538303 9.65308e-15 -6.27756e-13 -1.28704e-12
0.75 0.495852 -1.85629e-14 0.50375 1.12857e-14 -6.07535e-13 -1.24397e-12
0.8 0.527429 -1.99001e-14 0.472151 1.2964e-14 -5.76378e-13 -1.20362e-12
0.85 0.556041 -2.1503e-14 0.443519 1.45976e-14 -5.40274e-13 -1.16466e-12
0.9 0.581784 -2.25017e-14 0.417757 1.62383e-14 -5.02352e-13 -1.12535e-12
0.95 0.604834 -2.33964e-14 0.394685 1.77081e-14 -4.64656e-13 -1.08712e-12
1 0.625436 -2.41378e-14 0.37406 1.88878e-14 -4.31634e-13 -1.04807e-12
1.05 0.643885 -2.47379e-14 0.355593 1.98605e-14 -4.01487e-13 -1.01051e-12
1.1 0.660492 -2.51392e-14 0.338971 2.04016e-14 -3.79908e-13 -9.7295e-13
1.15 0.675576 -2.49908e-14 0.323872 2.03899e-14 -3.66242e-13 -9.35388e-13
1.2 0.689458 -2.45104e-14 0.309978 2.00578e-14 -3.50802e-13 -8.94237e-13
1.25 0.702431 -2.33771e-14 0.296993 1.92556e-14 -3.24542e-13 -8.50158e-13
1.3 0.714763 -2.20503e-14 0.28465 1.80009e-14 -2.83636e-13 -8.11066e-13
1.35 0.726679 -2.04049e-14 0.272723 1.65233e-14 -2.23116e-13 -7.88313e-13
1.4 0.738368 -1.92425e-14 0.26103 1.54583e-14 -1.52542e-13 -8.21547e-13
1.45 0.749955 -1.77638e-14 0.249438 1.40929e-14 -7.51054e-14 -9.32011e-13
1.5 0.761524 -1.62913e-14 0.237866 1.25358e-14 -7.50938e-15 -1.13871e-12
1.55 0.77311 -1.46325e-14 0.22628 1.09022e-14 2.37128e-14 -1.43758e-12
1.6 0.7847 -1.27751e-14 0.214691 9.26941e-15 -1.82099e-14 -1.79371e-12
1.65 0.796247 -1.06695e-14 0.203146 7.33858e-15 -1.51007e-13 -2.15604e-12
1.7 0.807677 -8.61624e-15 0.191721 5.42974e-15 -3.92057e-13 -2.46284e-12
1.75 0.818894 -6.29921e-15 0.180511 3.42691e-15 -7.17572e-13 -2.65216e-12
1.8 0.829792 -3.77331e-15 0.169619 1.28839e-15 -1.07944e-12 -2.69508e-12
1.85 0.84027 -1.84472e-15 0.159149 -4.31743e-16 -1.43153e-12 -2.5703e-12
1.9 0.850236 1.1424e-16 0.149193 -2.22033e-15 -1.70723e-12 -2.28124e-12
1.95 0.859614 2.41283e-15 0.139826 -4.15024e-15 -1.86278e-12 -1.84903e-12
2 0.868344 4.13056e-15 0.131107 -5.64079e-15 -1.86214e-12 -1.32693e-12
2.05 0.876392 5.2558e-15 0.123069 -6.67906e-15 -1.68601e-12 -8.02429e-13
2.1 0.883747 5.47769e-15 0.115725 -6.85168e-15 -1.36288e-12 -3.71316e-13
2.15 0.890418 5.10397e-15 0.109065 -6.47492e-15 -9.78907e-13 -8.04066e-14
2.2 0.896434 4.41616e-15 0.103061 -5.7871e-15 -5.89544e-13 2.86664e-14
2.25 0.901843 3.69487e-15 0.0976643 -4.98566e-15 -2.62587e-13 -1.88597e-14
2.3 0.906703 2.75239e-15 0.0928154 -3.95199e-15 -4.11428e-14 -1.839e-13
2.35 0.911086 2.25914e-15 0.088443 -3.26994e-15 9.16914e-14 -4.38811e-13
2.4 0.91507 2.19776e-15 0.0844691 -3.04492e-15 1.33335e-13 -7.55485e-13
2.45 0.918738 3.33753e-15 0.0808113 -3.80698e-15 1.26583e-13 -1.10319e-12
2.5 0.922171 5.83324e-15 0.0773883 -6.09391e-15 8.35319e-14 -1.51164e-12
2.55 0.925441 9.372e-15 0.0741283 -9.57467e-15 2.86503e-15 -1.97136e-12
2.6 0.928608 1.38341e-14 0.0709709 -1.41225e-14 -1.22751e-13 -2.44254e-12
2.65 0.93172 1.8507e-14 0.0678683 -1.90579e-14 -3.00273e-13 -2.87552e-12
2.7 0.934812 2.23989e-14 0.0647865 -2.3304e-14 -5.37695e-13 -3.22004e-12
2.75 0.937904 2.50545e-14 0.0617035 -2.62425e-14 -8.23925e-13 -3.41908e-12
2.8 0.941007 2.66875e-14 0.0586095 -2.82237e-14 -1.16464e-12 -3.46221e-12
2.85 0.944117 2.6647e-14 0.0555066 -2.8581e-14 -1.54906e-12 -3.38452e-12
2.9 0.947224 2.55499e-14 0.0524068 -2.78058e-14 -1.96861e-12 -3.23936e-12
2.95 0.950309 2.3996e-14 0.0493298 -2.64661e-14 -2.48776e-12 -2.98197e-12
3 0.953347 2.27169e-14 0.0463 -2.54301e-14 -3.07863e-12 -2.63025e-12
3.05 0.956308 2.21486e-14 0.0433466 -2.49869e-14 -3.55502e-12 -2.12993e-12
3.1 0.959162 2.28876e-14 0.0405005 -2.58557e-14 -3.93509e-12 -1.71554e-12
3.15 0.961879 2.55182e-14 0.0377934 -2.87124e-14 -4.06605e-12 -1.15955e-12
3.2 0.964433 2.99609e-14 0.035251 -3.33506e-14 -3.93129e-12 -5.96075e-13
3.25 0.966802 3.5207e-14 0.0328941 -3.88571e-14 -3.64178e-12 -1.95934e-13
3.3 0.968975 3.9736e-14 0.0307332 -4.35894e-14 -3.27009e-12 9.61244e-14
3.35 0.970952 4.2165e-14 0.0287696 -4.59883e-14 -3.03701e-12 3.0533e-13
3.4 0.97273 4.18884e-14 0.0270061 -4.54398e-14 -2.79959e-12 5.87272e-13
3.45 0.974315 3.95962e-14 0.0254349 -4.27934e-14 -2.68531e-12 1.03692e-12
3.5 0.975727 3.58152e-14 0.0240371 -3.86412e-14 -2.74394e-12 1.36654e-12
3.55 0.97699 3.11867e-14 0.0227884 -3.3763e-14 -3.03767e-12 1.53875e-12
3.6 0.978125 2.66129e-14 0.0216675 -2.92252e-14 -3.52741e-12 1.35307e-12
3.65 0.979151 2.26282e-14 0.0206555 -2.54992e-14 -4.30212e-12 8.73614e-13
3.7 0.980094 1.97783e-14 0.0197263 -2.29025e-14 -5.60988e-12 6.86258e-14
3.75 0.980987 1.98728e-14 0.018848 -2.31784e-14 -7.49976e-12 -9.88062e-13
3.8 0.981861 2.25507e-14 0.0179877 -2.59148e-14 -9.68347e-12 -2.30668e-12
3.85 0.982745 2.54863e-14 0.0171188 -2.88254e-14 -1.18699e-11 -3.54704e-12
3.9 0.98365 2.70123e-14 0.0162274 -3.03881e-14 -1.37438e-11 -4.60735e-12
3.95 0.984594 2.6021e-14 0.0152972 -2.94397e-14 -1.50104e-11 -5.11846e-12
4 0.985577 2.26047e-14 0.0143285 -2.60964e-14 -1.59628e-11 -5.68012e-12
4.05 0.986574 1.80627e-14 0.0133459 -2.16557e-14 -1.66316e-11 -6.16766e-12
4.1 0.98758 1.30048e-14 0.0123547 -1.66635e-14 -1.71409e-11 -6.44627e-12
4.15 0.988595 7.95717e-15 0.0113548 -1.17025e-14 -1.76932e-11 -6.57089e-12
4.2 0.989611 3.49248e-15 0.0103546 -7.29411e-15 -1.86614e-11 -6.99515e-12
4.25 0.990611 3.38933e-16 0.00936859 -4.16152e-15 -1.97754e-11 -7.59202e-12
4.3 0.991583 -1.35261e-15 0.00841105 -2.46782e-15 -2.11001e-11 -8.33951e-12
4.35 0.992517 -2.09988e-15 0.00749047 -1.72527e-15 -2.25524e-11 -8.51651e-12
4.4 0.993406 -2.44746e-15 0.00661372 -1.38138e-15 -2.39839e-11 -8.31633e-12
4.45 0.994244 -3.24994e-15 0.00578622 -5.85769e-16 -2.52229e-11 -7.77237e-12
4.5 0.995019 -3.64791e-15 0.00502158 -2.2369e-16 -2.61412e-11 -7.01086e-12
4.55 0.995729 -5.82935e-15 0.0043212 1.98222e-15 -2.6721e-11 -5.64121e-12
4.6 0.996383 -1.07512e-14 0.00367561 6.90522e-15 -2.69579e-11 -4.28406e-12
4.65 0.996983 -1.68245e-14 0.00308193 1.29772e-14 -2.67858e-11 -2.86432e-12
4.7 0.997516 -2.30214e-14 0.00255422 1.91442e-14 -2.62113e-11 -1.566e-12
4.75 0.998021 -2.78823e-14 0.00205327 2.39849e-14 -2.53298e-11 -4.07795e-13
4.8 0.998556 -2.99119e-14 0.00152149 2.5986e-14 -2.42531e-11 3.79111e-13
4.85 0.999155 -2.87943e-14 0.000925932 2.4855e-14 -2.30935e-11 6.36236e-13
4.9 0.99983 -2.4861e-14 0.00025337 2.0916e-14 -2.20207e-11 2.34707e-13
4.95 1.00057 -1.85294e-14 -0.00048827 1.45782e-14 -2.12053e-11 -8.68193e-13
5 1.0015 -1.03724e-14 -0.00141115 6.42168e-15 -2.08009e-11 -2.59814e-12
