0 0 0 1 0 0 0
0.05 0.00396553 9.03501e-17 0.996031 6.49072e-17 4.22914e-17 4.89588e-16
0.1 0.0157236 4.76787e-17 0.984271 7.64942e-17 -3.07351e-17 9.00104e-16
0.15 0.0348643 3.45982e-18 0.965127 7.68304e-17 -5.0422e-17 1.32322e-15
0.2 0.0607324 -1.84069e-17 0.939255 6.92581e-17 6.90996e-17 1.86182e-15
0.25 0.0924656 -1.68361e-18 0.907518 6.35524e-17 3.45662e-16 2.26457e-15
0.3 0.129046 -9.07629e-19 0.870933 -6.04501e-18 6.55449e-16 2.6874e-15
0.35 0.169354 -1.50049e-17 0.83062 -6.89595e-17 9.60805e-16 2.96405e-15
0.4 0.212233 -8.36792e-18 0.787738 -4.4607e-17 1.13858e-15 3.08301e-15
0.45 0.25654 1.62516e-17 0.743428 -2.87111e-17 1.27318e-15 3.03291e-15
0.5 0.301199 7.78465e-17 0.698768 -3.75453e-17 1.24914e-15 2.89444e-15
0.55 0.345242 2.54478e-17 0.654724 5.06019e-18 1.16638e-15 2.71607e-15
0.6 0.387842 -1.37435e-16 0.612126 1.51716e-16 1.00186e-15 2.48425e-15
0.65 0.428326 -3.39203e-17 0.571642 2.64159e-17 6.9552e-16 2.18083e-15
0.7 0.466192 1.90836e-16 0.533778 -1.38863e-16 3.67365e-16 1.8724e-15
0.75 0.501098 4.3176e-16 0.498873 -3.39109e-16 8.82923e-17 1.42197e-15
0.8 0.532859 4.65702e-16 0.467114 -5.57426e-16 -3.12782e-16 1.04418e-15
0.85 0.561426 6.70488e-16 0.43855 -7.76406e-16 -7.34886e-16 6.57466e-16
0.9 0.586868 8.65405e-16 0.41311 -9.7403e-16 -1.11438e-15 2.7337e-16
0.95 0.609354 1.07128e-15 0.390626 -1.1825e-15 -1.42719e-15 -1.10851e-16
1 0.629133 1.20258e-15 0.370851 -1.34675e-15 -1.75443e-15 -3.82058e-16
1.05 0.646509 1.42713e-15 0.353477 -1.52307e-15 -1.92718e-15 -6.93293e-16
1.1 0.661834 1.67699e-15 0.338156 -1.67518e-15 -1.89254e-15 -1.02651e-15
1.15 0.675482 1.93512e-15 0.324512 -1.78583e-15 -1.80046e-15 -1.28177e-15
1.2 0.687839 2.24753e-15 0.31216 -1.9895e-15 -1.48553e-15 -1.50637e-15
1.25 0.699285 2.46517e-15 0.300715 -2.16709e-15 -1.06585e-15 -1.93219e-15
1.3 0.710188 2.65507e-15 0.289813 -2.28831e-15 -5.55957e-16 -2.27589e-15
1.35 0.720882 2.81113e-15 0.279122 -2.41185e-15 -2.96586e-17 -2.52992e-15
1.4 0.731652 2.91969e-15 0.268352 -2.51773e-15 -6.42318e-17 -2.62508e-15
1.45 0.742727 3.21654e-15 0.257277 -2.81816e-15 -4.28661e-17 -2.84146e-15
1.5 0.754267 3.6487e-15 0.245738 -3.31243e-15 7.22076e-17 -3.26935e-15
1.55 0.766354 4.32628e-15 0.233651 -3.97798e-15 4.75327e-16 -3.92143e-15
1.6 0.778991 5.34842e-15 0.221014 -4.95228e-15 1.23337e-15 -4.59144e-15
1.65 0.792101 6.37604e-15 0.207903 -5.97897e-15 2.34871e-15 -5.04246e-15
1.7 0.80554 7.48265e-15 0.194464 -7.07211e-15 3.68451e-15 -5.32482e-15
1.75 0.819102 8.93146e-15 0.180901 -8.54576e-15 4.98973e-15 -5.17788e-15
1.8 0.832542 1.04221e-14 0.167461 -1.01189e-14 6.21442e-15 -4.51164e-15
1.85 0.845588 1.12017e-14 0.154414 -1.09337e-14 6.45575e-15 -3.72925e-15
1.9 0.857962 1.14604e-14 0.142039 -1.12276e-14 6.00794e-15 -3.05742e-15
1.95 0.869403 1.12567e-14 0.130597 -1.10716e-14 5.12819e-15 -2.53058e-15
2 0.879678 1.11315e-14 0.120322 -1.10112e-14 4.09037e-15 -2.26802e-15
2.05 0.888577 1.09623e-14 0.111422 -1.09082e-14 2.86276e-15 -1.91431e-15
2.1 0.895927 1.07275e-14 0.104072 -1.06697e-14 1.61642e-15 -1.71508e-15
2.15 0.901586 1.01688e-14 0.0984127 -1.00893e-14 3.45816e-16 -1.58475e-15
2.2 0.90544 9.4284e-15 0.0945579 -9.34807e-15 -9.99736e-16 -1.68457e-15
2.25 0.907384 8.70668e-15 0.0926137 -8.65873e-15 -2.49337e-15 -1.8667e-15
2.3 0.907297 7.77352e-15 0.0927006 -7.7263e-15 -3.74525e-15 -2.14651e-15
2.35 0.905033 6.93974e-15 0.0949636 -6.8717e-15 -5.03301e-15 -2.39953e-15
2.4 0.900427 6.07056e-15 0.0995698 -5.98202e-15 -6.26533e-15 -2.76613e-15
2.45 0.893303 5.32344e-15 0.106694 -5.22044e-15 -7.63199e-15 -3.1017e-15
2.5 0.88344 4.76282e-15 0.116557 -4.65705e-15 -9.02465e-15 -3.48933e-15
