0 0 0 1 0 0 0
0.05 0.00396574 5.26061e-17 0.996032 -4.61146e-17 3.3912e-15 4.91254e-15
0.1 0.0157251 2.41598e-18 0.984272 -1.86006e-16 7.08585e-15 8.90274e-15
0.15 0.0348679 -6.5239e-17 0.965128 -1.93079e-16 1.09648e-14 1.20161e-14
0.2 0.0607386 -1.59655e-16 0.939256 -1.95354e-16 1.47084e-14 1.41848e-14
0.25 0.0924753 -2.10363e-16 0.907519 -2.26913e-16 1.7901e-14 1.55355e-14
0.3 0.129059 -1.73698e-16 0.870934 -2.88574e-16 2.06376e-14 1.59799e-14
0.35 0.169372 -1.45111e-16 0.830621 -3.66004e-16 2.28165e-14 1.58191e-14
0.4 0.212255 -7.78544e-17 0.787738 -4.55727e-16 2.4351e-14 1.52292e-14
0.45 0.256564 9.20393e-17 0.743428 -5.5144e-16 2.5114e-14 1.45028e-14
0.5 0.301224 2.00907e-16 0.698768 -7.06008e-16 2.52626e-14 1.35378e-14
0.55 0.345268 2.01833e-16 0.654724 -7.16338e-16 2.48865e-14 1.23827e-14
0.6 0.387866 1.62287e-16 0.612126 -7.18973e-16 2.40259e-14 1.11825e-14
0.65 0.428349 8.18934e-17 0.571642 -7.07725e-16 2.27942e-14 1.01257e-14
0.7 0.466214 4.20681e-17 0.533778 -6.59608e-16 2.13897e-14 9.32887e-15
0.75 0.501119 -1.13907e-16 0.498873 -5.09646e-16 2.01353e-14 8.95447e-15
0.8 0.532879 -3.16301e-16 0.467114 -3.43651e-16 1.88595e-14 8.97122e-15
0.85 0.561444 -2.95616e-16 0.43855 -2.67994e-16 1.75484e-14 9.32546e-15
0.9 0.586884 -5.40816e-16 0.41311 -1.24765e-16 1.61676e-14 9.8786e-15
0.95 0.609369 -6.20067e-16 0.390626 -5.27658e-17 1.48604e-14 1.07774e-14
1 0.629145 -6.55984e-16 0.37085 -3.6805e-17 1.36836e-14 1.18399e-14
1.05 0.646519 -6.23876e-16 0.353476 -5.84441e-17 1.25725e-14 1.31641e-14
1.1 0.66184 -6.03579e-16 0.338155 -4.67532e-17 1.1484e-14 1.46601e-14
1.15 0.675485 -5.50511e-16 0.324511 -1.47271e-17 1.05583e-14 1.62843e-14
1.2 0.687838 -5.96282e-16 0.312158 5.39301e-17 9.8435e-15 1.81341e-14
1.25 0.699283 -5.52704e-16 0.300714 -1.25812e-17 9.1817e-15 2.00419e-14
1.3 0.710185 -4.89658e-16 0.289812 -2.11988e-16 8.66206e-15 2.21925e-14
1.35 0.720877 -2.36358e-16 0.27912 -4.23216e-16 8.27848e-15 2.43789e-14
1.4 0.731646 -3.12685e-17 0.268351 -6.6135e-16 8.08843e-15 2.64713e-14
1.45 0.742721 1.77409e-16 0.257276 -8.41114e-16 8.05562e-15 2.83212e-14
1.5 0.754261 4.04817e-16 0.245736 -9.99005e-16 8.12094e-15 2.99207e-14
1.55 0.766348 5.92308e-16 0.233649 -1.12409e-15 8.33425e-15 3.13264e-14
1.6 0.778985 6.75643e-16 0.221012 -1.18396e-15 8.84044e-15 3.24375e-14
1.65 0.792095 7.68106e-16 0.207901 -1.21362e-15 9.51787e-15 3.31616e-14
1.7 0.805535 8.58452e-16 0.194461 -1.25915e-15 1.02978e-14 3.35481e-14
1.75 0.819098 8.64475e-16 0.180898 -1.21352e-15 1.12196e-14 3.35855e-14
1.8 0.832539 8.79812e-16 0.167457 -1.14928e-15 1.22774e-14 3.33037e-14
1.85 0.845586 8.92201e-16 0.154409 -1.11068e-15 1.33264e-14 3.28441e-14
1.9 0.857964 9.11681e-16 0.14203 -1.0761e-15 1.42526e-14 3.23523e-14
1.95 0.86941 1.03407e-15 0.130584 -1.06799e-15 1.51993e-14 3.19679e-14
2 0.879684 1.11217e-15 0.12031 -1.08411e-15 1.63154e-14 3.1715e-14
2.05 0.888582 1.20903e-15 0.111412 -1.10749e-15 1.73523e-14 3.15014e-14
2.1 0.895932 1.35441e-15 0.104061 -1.15478e-15 1.83169e-14 3.13876e-14
2.15 0.901596 1.46635e-15 0.0983969 -1.23333e-15 1.92415e-14 3.13493e-14
2.2 0.905454 1.62548e-15 0.0945388 -1.31916e-15 2.00348e-14 3.12594e-14
2.25 0.907395 1.80586e-15 0.0925972 -1.45141e-15 2.06216e-14 3.11867e-14
2.3 0.907303 2.01943e-15 0.0926894 -1.60978e-15 2.11109e-14 3.12382e-14
2.35 0.90504 2.27752e-15 0.0949518 -1.81403e-15 2.14163e-14 3.13194e-14
2.4 0.900444 2.58358e-15 0.0995485 -2.08951e-15 2.15691e-14 3.13937e-14
2.45 0.893318 2.94091e-15 0.106674 -2.40524e-15 2.15158e-14 3.13737e-14
2.5 0.883444 3.30325e-15 0.116549 -2.70232e-15 2.12125e-14 3.12909e-14
2.55 0.87059 3.54422e-15 0.129403 -2.93331e-15 2.0677e-14 3.12224e-14
2.6 0.854534 3.83621e-15 0.145458 -3.15981e-15 1.99049e-14 3.10667e-14
2.65 0.835093 4.11708e-15 0.1649 -3.3862e-15 1.90738e-14 3.08602e-14
2.7 0.812147 4.30717e-15 0.187846 -3.57836e-15 1.82605e-14 3.06044e-14
2.75 0.785673 4.46826e-15 0.214321 -3.73746e-15 1.75677e-14 3.03494e-14
2.8 0.755769 4.60261e-15 0.244225 -3.87796e-15 1.70991e-14 3.00053e-14
2.85 0.722674 4.70723e-15 0.277321 -3.96333e-15 1.67296e-14 2.96667e-14
2.9 0.686773 4.68981e-15 0.313223 -3.9365e-15 1.64922e-14 2.93274e-14
2.95 0.648597 4.59593e-15 0.3514 -3.82795e-15 1.6424e-14 2.89542e-14
3 0.608803 4.40172e-15 0.391193 -3.6647e-15 1.65476e-14 2.85523e-14
3.05 0.568153 4.18467e-15 0.431844 -3.46874e-15 1.69414e-14 2.80094e-14
3.1 0.527469 3.96553e-15 0.472529 -3.23328e-15 1.75959e-14 2.71559e-14
3.15 0.487593 3.71989e-15 0.512404 -2.98129e-15 1.85566e-14 2.60096e-14
3.2 0.449342 3.52439e-15 0.550655 -2.78503e-15 1.97929e-14 2.4634e-14
3.25 0.413459 3.39024e-15 0.586539 -2.63619e-15 2.12079e-14 2.29664e-14
3.3 0.380572 3.27427e-15 0.619425 -2.54466e-15 2.29089e-14 2.12289e-14
3.35 0.351166 3.19988e-15 0.648831 -2.44674e-15 2.4742e-14 1.94271e-14
3.4 0.325554 3.039e-15 0.674443 -2.30764e-15 2.67106e-14 1.74071e-14
3.45 0.303874 2.75871e-15 0.696123 -2.05163e-15 2.88347e-14 1.52501e-14
3.5 0.286085 2.52532e-15 0.713912 -1.82762e-15 3.0959e-14 1.28823e-14
3.55 0.271984 2.37401e-15 0.728012 -1.66562e-15 3.31602e-14 1.05154e-14
3.6 0.261229 2.19705e-15 0.738768 -1.50754e-15 3.51884e-14 8.09796e-15
3.65 0.253364 1.88734e-15 0.746633 -1.2041e-15 3.72151e-14 5.78884e-15
3.7 0.247859 1.56684e-15 0.752138 -8.79648e-16 3.91008e-14 3.61991e-15
3.75 0.24414 1.27985e-15 0.755857 -5.90457e-16 4.07744e-14 1.67365e-15
3.8 0.241629 8.25693e-16 0.758369 -1.40555e-16 4.21273e-14 -6.22055e-17
3.85 0.239772 2.01652e-16 0.760226 4.98242e-16 4.319e-14 -1.71688e-15
3.9 0.23807 -3.67947e-16 0.761928 1.02951e-15 4.3958e-14 -3.23245e-15
3.95 0.236102 -8.084e-16 0.763896 1.47929e-15 4.44186e-14 -4.68068e-15
4 0.233545 -1.12688e-15 0.766454 1.76879e-15 4.45774e-14 -6.0624e-15
4.05 0.230185 -1.30311e-15 0.769815 1.94925e-15 4.44512e-14 -7.31222e-15
4.1 0.22593 -1.32864e-15 0.77407 1.95826e-15 4.41209e-14 -8.57833e-15
4.15 0.220815 -1.20716e-15 0.779185 1.81281e-15 4.36512e-14 -9.72335e-15
4.2 0.215003 -1.00175e-15 0.784998 1.6179e-15 4.31463e-14 -1.08324e-14
4.25 0.208778 -7.49936e-16 0.791222 1.33943e-15 4.25812e-14 -1.18892e-14
4.3 0.202542 -5.44825e-16 0.797458 1.11975e-15 4.19983e-14 -1.29534e-14
4.35 0.1968 -8.48037e-17 0.8032 6.66037e-16 4.1354e-14 -1.39079e-14
4.4 0.192137 4.97148e-16 0.807863 7.854e-17 4.06402e-14 -1.47863e-14
4.45 0.189197 1.24791e-15 0.810803 -6.71569e-16 3.98007e-14 -1.55662e-14
4.5 0.188648 1.9162e-15 0.811352 -1.33878e-15 3.88082e-14 -1.61682e-14
4.55 0.191149 2.54345e-15 0.80885 -1.97091e-15 3.76621e-14 -1.6635e-14
4.6 0.197311 2.73959e-15 0.802689 -2.16432e-15 3.63462e-14 -1.68346e-14
4.65 0.207655 2.96348e-15 0.792344 -2.36734e-15 3.48704e-14 -1.68585e-14
4.7 0.222577 2.86649e-15 0.777422 -2.25244e-15 3.32712e-14 -1.66737e-14
4.75 0.242313 2.49875e-15 0.757687 -1.85594e-15 3.15262e-14 -1.63358e-14
4.8 0.26691 1.94471e-15 0.73309 -1.29232e-15 2.9652e-14 -1.57816e-14
4.85 0.296222 1.53474e-15 0.703778 -8.67752e-16 2.7661e-14 -1.49767e-14
4.9 0.329899 1.6331e-15 0.6701 -9.63754e-16 2.55707e-14 -1.40374e-14
4.95 0.367402 1.796e-15 0.632598 -1.12e-15 2.33751e-14 -1.2947e-14
5 0.408024 1.90744e-15 0.591976 -1.22512e-15 2.10063e-14 -1.16035e-14
