0 0 0 1 0 0 0
0.05 0.00393445 2.51154e-15 0.995874 1.29133e-15 -3.08299e-16 -3.03717e-15
0.1 0.015633 2.16939e-15 0.98413 1.38548e-15 1.64391e-15 -4.8034e-15
0.15 0.0346997 1.6828e-15 0.965021 1.34055e-15 3.69345e-15 -7.43049e-15
0.2 0.0604669 1.46536e-15 0.939226 1.16227e-15 5.68906e-15 -8.75144e-15
0.25 0.0920366 1.55924e-15 0.907629 9.08501e-16 7.7193e-15 -9.17055e-15
0.3 0.128367 1.28077e-15 0.871268 7.05041e-16 9.78643e-15 -8.58027e-15
0.35 0.168322 1.59223e-15 0.831273 5.59027e-16 1.16799e-14 -7.98524e-15
0.4 0.210738 2.1585e-15 0.788811 2.99405e-16 1.33196e-14 -7.70371e-15
0.45 0.254487 2.14335e-15 0.745015 -1.26253e-17 1.45284e-14 -7.0248e-15
0.5 0.298512 2.52742e-15 0.700941 -4.02877e-16 1.5492e-14 -6.37733e-15
0.55 0.341879 3.00068e-15 0.657524 -7.49084e-16 1.61206e-14 -5.63722e-15
0.6 0.383808 2.71394e-15 0.615549 -8.85812e-16 1.65349e-14 -4.60025e-15
0.65 0.423682 2.75193e-15 0.575634 -1.08147e-15 1.68288e-14 -3.1079e-15
0.7 0.461053 2.85616e-15 0.538231 -1.05595e-15 1.69507e-14 -1.13248e-15
0.75 0.495629 3.1047e-15 0.503629 -6.95806e-16 1.70691e-14 7.27331e-16
0.8 0.527271 2.90753e-15 0.471969 -4.24243e-16 1.70435e-14 2.31706e-15
0.85 0.555966 2.40983e-15 0.443261 -1.55552e-16 1.6735e-14 3.77564e-15
0.9 0.581814 1.97302e-15 0.417406 4.0054e-16 1.63231e-14 5.30245e-15
0.95 0.605 9.00965e-16 0.394215 1.30794e-15 1.58654e-14 6.81119e-15
1 0.625773 -2.90172e-17 0.373439 2.45093e-15 1.53814e-14 8.42928e-15
1.05 0.644425 -1.4404e-15 0.354784 3.55821e-15 1.46063e-14 9.93872e-15
1.1 0.661267 -2.20383e-15 0.337937 4.40904e-15 1.3687e-14 1.11298e-14
1.15 0.676615 -2.50694e-15 0.322584 5.21426e-15 1.26872e-14 1.20695e-14
1.2 0.690769 -3.45421e-15 0.30842 6.04991e-15 1.18611e-14 1.25478e-14
1.25 0.704017 -4.2553e-15 0.29516 6.77331e-15 1.12918e-14 1.27078e-14
1.3 0.716616 -4.71287e-15 0.282546 7.34777e-15 1.07468e-14 1.26892e-14
1.35 0.728788 -4.38764e-15 0.27036 6.93203e-15 1.04508e-14 1.22186e-14
1.4 0.740712 -3.28699e-15 0.258421 5.81665e-15 1.00921e-14 1.15383e-14
1.45 0.752525 -1.805e-15 0.246593 4.61431e-15 9.54614e-15 1.06312e-14
1.5 0.764301 -7.6071e-16 0.234802 3.55278e-15 9.08278e-15 9.5724e-15
1.55 0.776089 1.13848e-16 0.223 2.99591e-15 8.76394e-15 8.27446e-15
1.6 0.787903 7.19573e-16 0.211173 2.63806e-15 8.44243e-15 7.06702e-15
1.65 0.799735 1.42821e-15 0.199328 1.77157e-15 8.23038e-15 5.89549e-15
1.7 0.811526 3.09376e-15 0.187526 2.88295e-16 8.02294e-15 4.85944e-15
1.75 0.823175 5.03255e-15 0.175869 -1.70028e-15 7.91678e-15 3.76688e-15
1.8 0.834589 7.44645e-15 0.164449 -4.10102e-15 8.0437e-15 3.15055e-15
1.85 0.84569 9.62068e-15 0.153343 -6.28035e-15 8.20728e-15 2.63911e-15
1.9 0.856407 1.13228e-14 0.142621 -8.0689e-15 8.44342e-15 1.93039e-15
1.95 0.86665 1.28897e-14 0.132374 -9.75392e-15 8.94217e-15 1.37059e-15
2 0.876338 1.41408e-14 0.122684 -1.1091e-14 9.74965e-15 9.86207e-16
2.05 0.885406 1.48502e-14 0.113615 -1.1841e-14 1.06164e-14 6.49131e-16
2.1 0.893802 1.5194e-14 0.105219 -1.22207e-14 1.1437e-14 3.82349e-16
2.15 0.901489 1.51991e-14 0.0975328 -1.22095e-14 1.21449e-14 2.75977e-16
2.2 0.908445 1.47936e-14 0.0905772 -1.1827e-14 1.24969e-14 4.24247e-16
2.25 0.914667 1.44057e-14 0.0843549 -1.14824e-14 1.25023e-14 8.00678e-16
2.3 0.920167 1.43683e-14 0.0788553 -1.1386e-14 1.21105e-14 1.3236e-15
2.35 0.924973 1.43139e-14 0.0740493 -1.13538e-14 1.13401e-14 2.04402e-15
2.4 0.929131 1.45831e-14 0.0698924 -1.16259e-14 1.04274e-14 2.65813e-15
2.45 0.932685 1.49045e-14 0.0663397 -1.2016e-14 9.26594e-15 3.3839e-15
2.5 0.935699 1.57797e-14 0.0633254 -1.28895e-14 8.24572e-15 3.79487e-15
