0 0 0 1 0 0 0
0.05 0.00394353 -4.01582e-11 0.995761 2.77327e-10 7.57292e-10 -8.02828e-09
0.1 0.0156687 -1.53781e-10 0.984014 2.93196e-10 -2.54818e-10 -1.58393e-08
0.15 0.0347738 -3.23333e-10 0.964904 3.04444e-10 -2.82381e-09 -2.28917e-08
0.2 0.0605852 -5.29251e-10 0.939111 3.11564e-10 -6.48495e-09 -2.87465e-08
0.25 0.0921953 -7.54684e-10 0.907518 3.14829e-10 -1.06822e-08 -3.31846e-08
0.3 0.128555 -9.70319e-10 0.871163 3.14118e-10 -1.49701e-08 -3.60461e-08
0.35 0.168533 -1.16243e-09 0.831177 3.10508e-10 -1.88544e-08 -3.73728e-08
0.4 0.210962 -1.31937e-09 0.788725 3.04696e-10 -2.19696e-08 -3.73244e-08
0.45 0.254708 -1.43513e-09 0.744942 2.9724e-10 -2.40601e-08 -3.61639e-08
0.5 0.29872 -1.49247e-09 0.700885 2.87872e-10 -2.50147e-08 -3.42269e-08
0.55 0.342069 -1.47716e-09 0.657487 2.75917e-10 -2.48453e-08 -3.18717e-08
0.6 0.383976 -1.4204e-09 0.615532 2.64347e-10 -2.37386e-08 -2.93434e-08
0.65 0.423822 -1.32712e-09 0.575643 2.51421e-10 -2.18708e-08 -2.69258e-08
0.7 0.461157 -1.21282e-09 0.538271 2.3977e-10 -1.95381e-08 -2.48264e-08
0.75 0.495687 -1.08418e-09 0.503711 2.28762e-10 -1.69795e-08 -2.31544e-08
0.8 0.52727 -9.5396e-10 0.472104 2.17673e-10 -1.44291e-08 -2.19521e-08
0.85 0.555889 -8.31276e-10 0.443465 2.05186e-10 -1.20946e-08 -2.12018e-08
0.9 0.581642 -7.26214e-10 0.417697 1.8964e-10 -1.01395e-08 -2.08381e-08
0.95 0.604709 -6.40043e-10 0.394618 1.68542e-10 -8.68619e-09 -2.07748e-08
1 0.625338 -5.79764e-10 0.373983 1.364e-10 -7.78489e-09 -2.08808e-08
1.05 0.643816 -5.59148e-10 0.355501 1.01582e-10 -7.50738e-09 -2.09775e-08
1.1 0.660453 -5.8891e-10 0.338859 6.82159e-11 -7.76874e-09 -2.10036e-08
1.15 0.675572 -6.73005e-10 0.323737 3.5373e-11 -8.43351e-09 -2.09563e-08
1.2 0.689485 -8.09698e-10 0.309817 3.3964e-12 -9.32429e-09 -2.08623e-08
1.25 0.70249 -9.90335e-10 0.296803 -2.89846e-11 -1.03234e-08 -2.07452e-08
1.3 0.714854 -1.19538e-09 0.284428 -6.32651e-11 -1.13723e-08 -2.06027e-08
1.35 0.726806 -1.41713e-09 0.272463 -9.83125e-11 -1.26626e-08 -2.02535e-08
1.4 0.738528 -1.66942e-09 0.260726 -1.15801e-10 -1.42362e-08 -1.95601e-08
1.45 0.750155 -1.96579e-09 0.249083 -1.0197e-10 -1.5822e-08 -1.86935e-08
1.5 0.761779 -2.31333e-09 0.237454 -3.86075e-11 -1.69668e-08 -1.80738e-08
1.55 0.773423 -2.68311e-09 0.225804 7.2677e-11 -1.77346e-08 -1.80764e-08
1.6 0.785075 -3.06985e-09 0.214149 2.27221e-10 -1.78772e-08 -1.88414e-08
1.65 0.796682 -3.451e-09 0.202538 4.01409e-10 -1.72922e-08 -2.03362e-08
1.7 0.808168 -3.80366e-09 0.191052 5.76008e-10 -1.61578e-08 -2.25038e-08
1.75 0.819434 -4.13068e-09 0.179788 7.33798e-10 -1.50864e-08 -2.50241e-08
1.8 0.830376 -4.45425e-09 0.168852 8.77351e-10 -1.46469e-08 -2.745e-08
1.85 0.840888 -4.80184e-09 0.158347 1.02536e-09 -1.52945e-08 -2.93394e-08
1.9 0.850881 -5.2061e-09 0.148366 1.19998e-09 -1.72799e-08 -3.03927e-08
1.95 0.860273 -5.63612e-09 0.138984 1.43063e-09 -2.03118e-08 -3.02392e-08
2 0.869012 -6.20487e-09 0.130256 1.75765e-09 -2.37251e-08 -2.91465e-08
2.05 0.877067 -6.88844e-09 0.122215 2.18618e-09 -2.72526e-08 -2.79687e-08
2.1 0.884427 -7.63865e-09 0.114872 2.66442e-09 -3.01218e-08 -2.73564e-08
2.15 0.891101 -8.40901e-09 0.108216 3.117e-09 -3.21056e-08 -2.79031e-08
2.2 0.897121 -9.14289e-09 0.102213 3.4761e-09 -3.35047e-08 -3.02036e-08
2.25 0.90254 -9.80857e-09 0.0968097 3.70998e-09 -3.53407e-08 -3.43154e-08
2.3 0.907423 -1.03303e-08 0.0919433 3.79537e-09 -3.83965e-08 -4.03405e-08
2.35 0.911836 -1.06265e-08 0.0875442 3.67685e-09 -4.34094e-08 -4.79883e-08
2.4 0.915851 -1.06527e-08 0.0835402 3.29739e-09 -5.07855e-08 -5.63939e-08
2.45 0.919546 -1.0309e-08 0.0798572 2.5908e-09 -6.04344e-08 -6.55801e-08
2.5 0.922992 -9.58628e-09 0.0764206 1.52019e-09 -7.23393e-08 -7.30293e-08
2.55 0.926263 -8.47792e-09 0.0731592 1.22397e-10 -8.5258e-08 -7.67908e-08
2.6 0.929422 -7.04713e-09 0.07001 -1.51093e-09 -9.65953e-08 -7.51922e-08
2.65 0.932523 -5.34404e-09 0.0669184 -3.28077e-09 -1.03783e-07 -6.743e-08
2.7 0.935612 -3.49193e-09 0.0638408 -5.04371e-09 -1.04208e-07 -5.46815e-08
2.75 0.938717 -1.67258e-09 0.0607473 -6.63896e-09 -9.62177e-08 -3.92259e-08
2.8 0.941855 -1.9672e-12 0.0576224 -7.98003e-09 -7.98882e-08 -2.38088e-08
2.85 0.945025 1.50173e-09 0.054466 -9.10744e-09 -5.84534e-08 -1.03561e-08
2.9 0.948212 2.87258e-09 0.0512918 -1.01156e-08 -3.73121e-08 -4.1693e-10
2.95 0.95139 4.11498e-09 0.0481253 -1.10417e-08 -2.06357e-08 5.15921e-09
3 0.954528 5.24707e-09 0.0449992 -1.19377e-08 -1.24549e-08 6.04692e-09
3.05 0.957588 6.12431e-09 0.0419511 -1.26686e-08 -5.83907e-09 9.38141e-09
3.1 0.960535 6.57653e-09 0.0390172 -1.31672e-08 2.97501e-09 1.29302e-08
3.15 0.963333 6.88662e-09 0.0362307 -1.35742e-08 1.5613e-08 1.79053e-08
3.2 0.965952 7.38714e-09 0.0336244 -1.41848e-08 3.44535e-08 7.76848e-09
3.25 0.968385 8.22302e-09 0.0312071 -1.51568e-08 5.28754e-08 -1.06539e-08
3.3 0.970636 9.07282e-09 0.0289729 -1.60754e-08 6.61602e-08 -3.17691e-08
3.35 0.972698 9.79013e-09 0.0269281 -1.67852e-08 6.86618e-08 -5.35666e-08
3.4 0.974567 1.02247e-08 0.0250762 -1.71033e-08 6.09351e-08 -7.31686e-08
3.45 0.976246 1.02999e-08 0.0234145 -1.69166e-08 4.91695e-08 -8.98008e-08
3.5 0.977742 9.84309e-09 0.0219328 -1.6141e-08 3.52545e-08 -1.07979e-07
3.55 0.979081 8.47731e-09 0.0206082 -1.44749e-08 7.14988e-09 -1.31034e-07
3.6 0.980288 5.66551e-09 0.0194166 -1.159e-08 -3.74701e-08 -1.5761e-07
3.65 0.981391 1.77883e-09 0.0183294 -7.70732e-09 -1.14146e-07 -1.74365e-07
3.7 0.982407 -2.52196e-09 0.0173284 -3.48076e-09 -2.02643e-07 -1.78355e-07
3.75 0.983368 -6.51502e-09 0.0163825 4.63379e-10 -3.23947e-07 -1.54132e-07
3.8 0.984301 -9.93278e-09 0.0154642 3.97552e-09 -4.43727e-07 -8.0877e-08
3.85 0.985223 -1.24518e-08 0.0145575 6.85999e-09 -4.81352e-07 3.77485e-08
3.9 0.986148 -1.38495e-08 0.0136476 8.62877e-09 -5.60921e-07 1.15441e-07
3.95 0.987078 -1.37516e-08 0.0127322 8.72881e-09 -6.10526e-07 2.03083e-07
4 0.988015 -1.21097e-08 0.0118089 7.12929e-09 -6.0716e-07 3.05587e-07
4.05 0.988962 -9.25035e-09 0.0108751 4.31879e-09 -5.37028e-07 4.11367e-07
4.1 0.989904 -4.55444e-09 0.00994672 -3.01712e-10 -4.18055e-07 4.8522e-07
4.15 0.990843 -2.73922e-10 0.00902028 -4.51433e-09 -2.72499e-07 5.13081e-07
4.2 0.991809 1.64724e-09 0.00806624 -6.36306e-09 -1.44447e-07 5.00011e-07
4.25 0.992808 9.58481e-10 0.00707994 -5.62192e-09 -4.88028e-08 4.47099e-07
4.3 0.993823 -1.81497e-09 0.00607764 -2.79608e-09 1.10532e-08 3.61913e-07
4.35 0.994835 -5.68872e-09 0.005077 1.12596e-09 3.93225e-08 2.53424e-07
4.4 0.995826 -1.01048e-08 0.00409838 5.58015e-09 3.01106e-08 1.17639e-07
4.45 0.996774 -1.48139e-08 0.00316199 1.03284e-08 2.46658e-08 -1.0707e-08
4.5 0.997669 -1.96401e-08 0.0022794 1.51664e-08 2.77021e-08 -1.23749e-07
4.55 0.998499 -2.4429e-08 0.00146033 1.99695e-08 4.31033e-08 -2.175e-07
4.6 0.999263 -2.87799e-08 0.000705988 2.43343e-08 8.72289e-08 -2.87061e-07
4.65 0.999967 -3.23069e-08 1.15403e-05 2.78698e-08 1.67697e-07 -3.29326e-07
4.7 1.00061 -3.47466e-08 -0.000627067 3.03163e-08 2.87244e-07 -3.47608e-07
4.75 1.00121 -3.59174e-08 -0.0012199 3.14902e-08 4.38173e-07 -3.44481e-07
4.8 1.00177 -3.57268e-08 -0.0017732 3.13036e-08 6.07856e-07 -3.27159e-07
4.85 1.00232 -3.41848e-08 -0.00231358 2.97648e-08 7.79728e-07 -3.03083e-07
4.9 1.00288 -3.14452e-08 -0.00287401 2.70278e-08 9.34257e-07 -2.7747e-07
4.95 1.00352 -2.78163e-08 -0.00351056 2.33984e-08 1.05307e-06 -2.53152e-07
5 1.00426 -2.35499e-08 -0.00425987 1.9132e-08 1.1292e-06 -2.3387e-07
