0 0 0 1 0 0 0
0.05 0.00397191 5.92323e-16 0.996018 1.33404e-17 6.68522e-15 -5.08428e-15
0.1 0.0157354 3.79279e-16 0.984261 3.73668e-16 9.68017e-15 -2.41837e-15
0.15 0.0348665 2.76185e-16 0.965132 4.2303e-16 1.29743e-14 -1.71446e-16
0.2 0.0606989 1.82913e-16 0.939298 5.05683e-16 1.62909e-14 1.53712e-15
0.25 0.0923596 1.31519e-16 0.907634 5.73363e-16 1.95117e-14 2.66325e-15
0.3 0.128818 9.32313e-17 0.871171 6.14976e-16 2.26696e-14 3.41815e-15
0.35 0.168947 4.10695e-16 0.831036 4.3371e-16 2.56664e-14 3.6961e-15
0.4 0.211585 6.94815e-16 0.78839 1.7877e-16 2.82491e-14 3.46286e-15
0.45 0.255593 1.37531e-15 0.744372 -3.46416e-16 3.0331e-14 2.82138e-15
0.5 0.299906 1.67623e-15 0.700047 -5.8453e-16 3.21591e-14 1.7418e-15
0.55 0.343577 1.77851e-15 0.656365 -8.18156e-16 3.37849e-14 4.71542e-16
0.6 0.385801 2.20831e-15 0.614131 -1.28776e-15 3.50774e-14 -7.49771e-16
0.65 0.425938 2.74878e-15 0.573986 -1.80375e-15 3.59042e-14 -1.88553e-15
0.7 0.463512 3.15356e-15 0.536407 -2.18667e-15 3.62455e-14 -2.84852e-15
0.75 0.498211 3.37958e-15 0.501703 -2.31347e-15 3.61621e-14 -3.69915e-15
0.8 0.529875 3.30666e-15 0.470037 -2.14353e-15 3.59258e-14 -4.56239e-15
0.85 0.558477 3.15297e-15 0.441433 -2.04782e-15 3.55735e-14 -5.26583e-15
0.9 0.584106 3.07974e-15 0.415806 -1.97338e-15 3.53139e-14 -5.70309e-15
0.95 0.606937 3.13096e-15 0.392978 -2.05555e-15 3.50719e-14 -5.97344e-15
1 0.627217 3.23348e-15 0.372702 -2.17345e-15 3.47839e-14 -6.08791e-15
1.05 0.645242 3.1999e-15 0.354679 -2.1579e-15 3.44181e-14 -6.07e-15
1.1 0.661344 2.68403e-15 0.33858 -1.70238e-15 3.38644e-14 -5.73145e-15
1.15 0.675866 2.17272e-15 0.324062 -1.26661e-15 3.31993e-14 -5.13341e-15
1.2 0.689151 1.8226e-15 0.31078 -8.3464e-16 3.23051e-14 -4.29488e-15
1.25 0.701529 1.51394e-15 0.298405 -5.02145e-16 3.12767e-14 -3.30665e-15
1.3 0.713303 1.2761e-15 0.286634 -2.25434e-16 3.02533e-14 -2.36052e-15
1.35 0.724739 9.87482e-16 0.275202 2.73648e-17 2.93735e-14 -1.40451e-15
1.4 0.736052 7.71794e-16 0.263893 2.26245e-16 2.85186e-14 -5.7267e-16
1.45 0.747407 6.55301e-16 0.252542 3.96311e-16 2.77877e-14 1.95717e-16
1.5 0.758908 5.27559e-16 0.241047 4.49148e-16 2.71212e-14 8.49989e-16
1.55 0.770599 5.09304e-16 0.22936 4.80738e-16 2.65849e-14 1.47245e-15
1.6 0.782468 5.94397e-16 0.217496 4.11629e-16 2.63321e-14 2.05376e-15
1.65 0.794454 5.51102e-16 0.205515 4.11592e-16 2.61617e-14 2.69333e-15
1.7 0.80646 5.08017e-16 0.193514 4.47155e-16 2.54392e-14 3.87615e-15
1.75 0.818354 3.65793e-16 0.181625 5.83819e-16 2.51294e-14 5.8172e-15
1.8 0.829988 2.56305e-17 0.169996 9.13428e-16 2.47388e-14 8.29975e-15
1.85 0.841207 -3.72503e-16 0.158781 1.25817e-15 2.37779e-14 1.12562e-14
1.9 0.851867 -7.10388e-16 0.148126 1.59435e-15 2.24539e-14 1.42831e-14
1.95 0.861842 -1.14687e-15 0.138156 2.00125e-15 2.09343e-14 1.72381e-14
2 0.871031 -1.30794e-15 0.128971 2.13807e-15 1.94312e-14 2.00892e-14
2.05 0.879368 -1.14993e-15 0.120636 1.98922e-15 1.78272e-14 2.2801e-14
2.1 0.886819 -1.14172e-15 0.113188 1.97941e-15 1.62461e-14 2.5146e-14
2.15 0.893376 -1.13007e-15 0.106634 1.94909e-15 1.45611e-14 2.72236e-14
2.2 0.899061 -1.56307e-15 0.100951 2.38993e-15 1.2895e-14 2.89095e-14
2.25 0.903925 -1.6963e-15 0.0960886 2.54721e-15 1.14629e-14 3.02096e-14
2.3 0.908052 -1.74475e-15 0.0919635 2.59317e-15 1.03049e-14 3.09527e-14
2.35 0.911554 -1.43934e-15 0.088463 2.29809e-15 9.40794e-15 3.12652e-14
2.4 0.914565 -9.97177e-16 0.0854527 1.85796e-15 8.85064e-15 3.11986e-14
2.45 0.917223 -1.34157e-16 0.0827954 9.91648e-16 8.98856e-15 3.07826e-14
2.5 0.919669 1.76825e-15 0.0803493 -9.06094e-16 9.72596e-15 3.04874e-14
