0 0 0 1 0 0 0
0.05 0.00396528 2.10377e-16 0.996029 -1.10864e-16 7.11884e-15 -4.83374e-15
0.1 0.0157199 3.42725e-16 0.984273 -4.49414e-16 1.03558e-14 -1.94323e-15
0.15 0.0348472 3.6886e-16 0.965144 -4.52636e-16 1.37262e-14 4.94247e-16
0.2 0.06068 3.00795e-16 0.93931 -4.59574e-16 1.69581e-14 2.56501e-15
0.25 0.0923414 1.77737e-16 0.907646 -4.4556e-16 2.02701e-14 4.27332e-15
0.3 0.128802 1.747e-16 0.871182 -3.8978e-16 2.34248e-14 5.33539e-15
0.35 0.168936 2.14168e-16 0.831046 -3.48255e-16 2.63975e-14 5.84505e-15
0.4 0.21158 6.5592e-17 0.788399 -3.25475e-16 2.90072e-14 5.84769e-15
0.45 0.255597 1.71401e-16 0.744381 -4.08851e-16 3.14523e-14 5.52855e-15
0.5 0.29992 2.30419e-16 0.700055 -4.33097e-16 3.35847e-14 4.80362e-15
0.55 0.343601 5.24275e-16 0.656373 -5.0385e-16 3.54992e-14 3.60586e-15
0.6 0.385834 5.25808e-16 0.614137 -5.76407e-16 3.71284e-14 2.11064e-15
0.65 0.425978 5.96155e-16 0.573992 -6.63087e-16 3.84496e-14 2.90403e-16
0.7 0.463557 4.93826e-16 0.536411 -5.71696e-16 3.93588e-14 -1.56766e-15
0.75 0.498261 3.3852e-16 0.501707 -4.35847e-16 4.00517e-14 -3.56355e-15
0.8 0.529928 1.91362e-16 0.470039 -2.22383e-16 4.05463e-14 -5.59906e-15
0.85 0.558532 -1.29842e-16 0.441434 1.04551e-16 4.08206e-14 -7.60302e-15
0.9 0.584159 -4.52319e-16 0.415806 4.38894e-16 4.09056e-14 -9.58454e-15
0.95 0.606988 -8.9661e-16 0.392977 8.64999e-16 4.08356e-14 -1.14494e-14
1 0.627266 -1.26655e-15 0.372699 1.30119e-15 4.06711e-14 -1.30982e-14
1.05 0.645291 -1.68996e-15 0.354674 1.81359e-15 4.02049e-14 -1.45449e-14
1.1 0.661391 -2.02554e-15 0.338573 2.22033e-15 3.95471e-14 -1.5772e-14
1.15 0.675912 -2.29162e-15 0.324053 2.51789e-15 3.86272e-14 -1.67637e-14
1.2 0.689197 -2.45651e-15 0.310768 2.6825e-15 3.75231e-14 -1.75419e-14
1.25 0.701575 -2.44865e-15 0.298391 2.77328e-15 3.63727e-14 -1.81479e-14
1.3 0.713349 -2.41288e-15 0.286617 2.75796e-15 3.51673e-14 -1.84872e-14
1.35 0.724784 -2.08872e-15 0.275183 2.46045e-15 3.40407e-14 -1.86613e-14
1.4 0.736098 -1.57876e-15 0.26387 1.90396e-15 3.29129e-14 -1.84696e-14
1.45 0.747452 -7.39901e-16 0.252516 1.00059e-15 3.18372e-14 -1.81228e-14
1.5 0.758953 4.05297e-16 0.241016 -1.97166e-16 3.07909e-14 -1.74997e-14
1.55 0.770644 1.53702e-15 0.229325 -1.53466e-15 2.98571e-14 -1.68106e-14
1.6 0.782515 2.86655e-15 0.217455 -2.89247e-15 2.90291e-14 -1.58043e-14
1.65 0.794504 4.21837e-15 0.205466 -4.30942e-15 2.83231e-14 -1.46544e-14
1.7 0.806508 5.35092e-15 0.193462 -5.45576e-15 2.76474e-14 -1.33779e-14
1.75 0.818396 6.23506e-15 0.181574 -6.42223e-15 2.7089e-14 -1.21956e-14
1.8 0.83002 6.95984e-15 0.16995 -7.24599e-15 2.6603e-14 -1.11155e-14
1.85 0.841229 7.48108e-15 0.158742 -7.76822e-15 2.62137e-14 -1.01106e-14
1.9 0.851878 7.60863e-15 0.148092 -7.93241e-15 2.58326e-14 -9.20685e-15
1.95 0.861845 7.64033e-15 0.138127 -8.00884e-15 2.55538e-14 -8.46262e-15
2 0.871029 7.57372e-15 0.128943 -7.95401e-15 2.52946e-14 -7.76309e-15
2.05 0.879364 7.24612e-15 0.12061 -7.65869e-15 2.5082e-14 -7.14964e-15
2.1 0.886812 6.77432e-15 0.113164 -7.20728e-15 2.51458e-14 -6.69767e-15
2.15 0.89337 6.24133e-15 0.106608 -6.67531e-15 2.5477e-14 -6.37287e-15
2.2 0.899064 5.60363e-15 0.100915 -6.06096e-15 2.60971e-14 -5.80253e-15
2.25 0.903948 5.05669e-15 0.0960321 -5.47902e-15 2.67108e-14 -5.18764e-15
2.3 0.908101 4.4894e-15 0.0918802 -4.91351e-15 2.73768e-14 -4.66972e-15
2.35 0.91162 4.04066e-15 0.0883617 -4.41905e-15 2.84213e-14 -4.28959e-15
2.4 0.914621 3.61688e-15 0.0853619 -3.9788e-15 2.96711e-14 -3.85801e-15
2.45 0.91723 3.30356e-15 0.0827543 -3.61301e-15 3.09118e-14 -3.39853e-15
2.5 0.919581 2.99906e-15 0.0804044 -3.28292e-15 3.24085e-14 -2.80134e-15
2.55 0.92181 2.72004e-15 0.0781755 -3.00977e-15 3.40576e-14 -2.51362e-15
2.6 0.924052 2.46905e-15 0.0759349 -2.74126e-15 3.57595e-14 -2.25077e-15
2.65 0.926427 2.23138e-15 0.0735608 -2.47959e-15 3.72703e-14 -1.87816e-15
2.7 0.929038 2.05947e-15 0.07095 -2.302e-15 3.86917e-14 -1.54647e-15
2.75 0.931964 1.95251e-15 0.0680255 -2.17998e-15 3.99899e-14 -1.24203e-15
2.8 0.935247 1.82868e-15 0.0647427 -2.0718e-15 4.10852e-14 -9.7643e-16
2.85 0.938895 1.71928e-15 0.0610943 -1.96929e-15 4.19079e-14 -6.43684e-16
2.9 0.942878 1.59937e-15 0.0571117 -1.86584e-15 4.24339e-14 -4.56004e-16
2.95 0.947127 1.48407e-15 0.0528634 -1.73003e-15 4.28233e-14 -1.09593e-16
3 0.951541 1.29264e-15 0.0484498 -1.55878e-15 4.31663e-14 3.37183e-16
3.05 0.955996 1.09674e-15 0.0439948 -1.37355e-15 4.34199e-14 8.55194e-16
3.1 0.960356 9.24989e-16 0.0396349 -1.22543e-15 4.33934e-14 1.55771e-15
3.15 0.964484 7.78519e-16 0.0355081 -1.10157e-15 4.34412e-14 2.28753e-15
3.2 0.968248 7.29468e-16 0.0317436 -1.06103e-15 4.31384e-14 2.89382e-15
3.25 0.971538 7.77189e-16 0.0284537 -1.12629e-15 4.28713e-14 3.45772e-15
3.3 0.974262 9.54155e-16 0.0257304 -1.30851e-15 4.27143e-14 4.0157e-15
3.35 0.976344 1.2639e-15 0.0236478 -1.62941e-15 4.29494e-14 4.5846e-15
3.4 0.977725 1.70133e-15 0.0222668 -2.07936e-15 4.35544e-14 5.04523e-15
3.45 0.978344 2.27066e-15 0.0216483 -2.65428e-15 4.44958e-14 5.47507e-15
3.5 0.978124 2.9294e-15 0.0218682 -3.30185e-15 4.58198e-14 6.01911e-15
3.55 0.97696 3.56221e-15 0.0230325 -3.92714e-15 4.74301e-14 6.59537e-15
3.6 0.974702 4.16189e-15 0.0252905 -4.52056e-15 4.94403e-14 7.07656e-15
3.65 0.971148 4.67147e-15 0.0288442 -5.0262e-15 5.17823e-14 7.46086e-15
3.7 0.966044 5.02626e-15 0.0339491 -5.37277e-15 5.42554e-14 7.77354e-15
3.75 0.959084 5.18141e-15 0.0409088 -5.52659e-15 5.6932e-14 8.05963e-15
3.8 0.949934 5.19086e-15 0.0500599 -5.52715e-15 5.95098e-14 8.21975e-15
3.85 0.938246 4.97931e-15 0.0617484 -5.31656e-15 6.17885e-14 8.57121e-15
3.9 0.923698 4.63357e-15 0.0762967 -4.9795e-15 6.35488e-14 8.75588e-15
3.95 0.906025 4.20837e-15 0.0939702 -4.53834e-15 6.47015e-14 8.70669e-15
4 0.885052 3.51447e-15 0.114944 -3.84418e-15 6.5151e-14 8.77571e-15
4.05 0.860727 2.60981e-15 0.139269 -2.95075e-15 6.49514e-14 8.28311e-15
4.1 0.833141 1.71738e-15 0.166856 -2.05304e-15 6.41331e-14 7.39246e-15
4.15 0.802541 9.34657e-16 0.197457 -1.26322e-15 6.22216e-14 5.69218e-15
4.2 0.769333 4.78852e-16 0.230665 -8.03417e-16 5.95672e-14 3.18635e-15
4.25 0.734062 2.0565e-16 0.265937 -5.79792e-16 5.61846e-14 1.57261e-16
4.3 0.697389 4.69139e-16 0.302609 -8.25853e-16 5.20767e-14 -3.6221e-15
4.35 0.660055 1.09819e-15 0.339944 -1.45093e-15 4.75507e-14 -7.97104e-15
4.4 0.622836 1.93983e-15 0.377163 -2.32032e-15 4.32189e-14 -1.28253e-14
4.45 0.586498 3.04416e-15 0.413501 -3.41634e-15 3.90741e-14 -1.78524e-14
4.5 0.551755 4.24898e-15 0.448244 -4.59291e-15 3.52642e-14 -2.29226e-14
4.55 0.519227 5.42089e-15 0.480772 -5.7643e-15 3.19471e-14 -2.78735e-14
4.6 0.489399 6.29e-15 0.5106 -6.62044e-15 2.93475e-14 -3.25281e-14
4.65 0.462612 7.85438e-15 0.537386 -8.2033e-15 2.75573e-14 -3.68272e-14
4.7 0.439042 9.37829e-15 0.560957 -9.7106e-15 2.64455e-14 -4.06296e-14
4.75 0.418707 1.10568e-14 0.581291 -1.13757e-14 2.60097e-14 -4.39647e-14
4.8 0.401488 1.21921e-14 0.59851 -1.2494e-14 2.61475e-14 -4.68851e-14
4.85 0.387146 1.34348e-14 0.612852 -1.37294e-14 2.6773e-14 -4.94423e-14
4.9 0.375354 1.42369e-14 0.624644 -1.45491e-14 2.7831e-14 -5.16531e-14
4.95 0.365726 1.48841e-14 0.634272 -1.52089e-14 2.91556e-14 -5.3533e-14
5 0.357869 1.52017e-14 0.642129 -1.55287e-14 3.06116e-14 -5.5039e-14
