0 0 0 1 0 0 0
0.05 0.003956 2.17468e-08 0.995781 -5.02611e-08 -1.14637e-07 -1.35388e-07
0.1 0.0156846 7.91955e-08 0.984035 -5.87468e-08 -2.34272e-07 -2.37175e-07
0.15 0.0347713 1.49641e-07 0.964926 -6.373e-08 -3.46888e-07 -3.04866e-07
0.2 0.0605569 2.026e-07 0.93913 -6.3933e-08 -4.4457e-07 -3.41226e-07
0.25 0.092152 1.92655e-07 0.907533 -5.89976e-08 -5.24247e-07 -3.50372e-07
0.3 0.128514 1.29899e-07 0.871176 -5.39026e-08 -5.80139e-07 -3.38673e-07
0.35 0.168503 3.64378e-09 0.831192 -4.73791e-08 -6.11238e-07 -3.11208e-07
0.4 0.210951 -1.75695e-07 0.788742 -4.0737e-08 -6.19879e-07 -2.79051e-07
0.45 0.254716 -3.8592e-07 0.744964 -3.37362e-08 -6.11291e-07 -2.47866e-07
0.5 0.29874 -5.94468e-07 0.700911 -2.93613e-08 -5.90409e-07 -2.20431e-07
0.55 0.342101 -7.51507e-07 0.657517 -3.06869e-08 -5.62308e-07 -1.98808e-07
0.6 0.384018 -8.33761e-07 0.615567 -4.40096e-08 -5.28346e-07 -1.83343e-07
0.65 0.423875 -8.56904e-07 0.575681 -3.49659e-08 -4.96482e-07 -1.71039e-07
0.7 0.461219 -7.36112e-07 0.53831 -1.58166e-07 -4.68266e-07 -1.60163e-07
0.75 0.495761 -6.06879e-07 0.503746 -2.72047e-07 -4.45431e-07 -1.47132e-07
0.8 0.527359 -4.99466e-07 0.472131 -3.53297e-07 -4.27389e-07 -1.32013e-07
0.85 0.555995 -4.36975e-07 0.44348 -3.86457e-07 -4.1815e-07 -9.31339e-08
0.9 0.581765 -4.26688e-07 0.417698 -3.81911e-07 -4.31978e-07 -1.7811e-08
0.95 0.604845 -4.5978e-07 0.394603 -3.72652e-07 -4.62416e-07 5.10435e-08
1 0.625492 -4.98414e-07 0.373944 -3.9492e-07 -5.02903e-07 1.08379e-07
1.05 0.643994 -5.10091e-07 0.355426 -4.90311e-07 -5.44784e-07 1.34986e-07
1.1 0.660671 -5.11144e-07 0.338735 -6.20216e-07 -5.95919e-07 1.49182e-07
1.15 0.675843 -5.43576e-07 0.323548 -7.32699e-07 -6.54801e-07 1.50533e-07
1.2 0.689828 -6.64335e-07 0.30955 -7.63695e-07 -7.18405e-07 1.45261e-07
1.25 0.702918 -8.07423e-07 0.296447 -7.69162e-07 -7.82453e-07 1.4147e-07
1.3 0.715374 -9.13875e-07 0.283977 -7.93488e-07 -8.38225e-07 1.26241e-07
1.35 0.727423 -9.50996e-07 0.271916 -8.69029e-07 -6.96887e-07 8.64047e-09
1.4 0.739237 -8.65743e-07 0.260087 -1.06184e-06 -6.16727e-07 -6.80666e-08
1.45 0.750944 -5.85876e-07 0.248364 -1.38513e-06 -5.9174e-07 -1.12488e-07
1.5 0.76262 -1.96581e-07 0.23667 -1.82644e-06 -5.89243e-07 -1.71298e-07
1.55 0.774294 1.99333e-07 0.224981 -2.2995e-06 -6.12565e-07 -1.88635e-07
1.6 0.785952 5.77122e-07 0.213308 -2.76806e-06 -6.33504e-07 -1.81484e-07
1.65 0.797545 9.02276e-07 0.201702 -3.20671e-06 -6.14947e-07 -1.7568e-07
1.7 0.808993 1.18896e-06 0.190246 -3.56494e-06 -5.22033e-07 -1.8326e-07
1.75 0.820201 1.38404e-06 0.179035 -3.80063e-06 -3.65382e-07 -2.40825e-07
1.8 0.831065 1.5622e-06 0.168174 -3.97443e-06 -1.39137e-07 -3.35572e-07
1.85 0.841486 1.76016e-06 0.157759 -4.21782e-06 1.37334e-07 -4.77453e-07
1.9 0.85138 2.14665e-06 0.147872 -4.63617e-06 3.97861e-07 -6.89817e-07
1.95 0.860687 2.76739e-06 0.138579 -5.29247e-06 5.86351e-07 -9.73831e-07
2 0.869358 3.53044e-06 0.129922 -6.06294e-06 6.3772e-07 -1.32783e-06
2.05 0.877368 4.15421e-06 0.121932 -6.68327e-06 5.24255e-07 -1.70717e-06
2.1 0.884702 4.26225e-06 0.114618 -6.79985e-06 2.44655e-07 -2.09618e-06
2.15 0.891369 3.68783e-06 0.107976 -6.23079e-06 -1.45939e-07 -2.37315e-06
2.2 0.897389 2.22743e-06 0.10198 -4.84302e-06 -5.56569e-07 -2.50255e-06
2.25 0.902811 -7.58903e-08 0.0965832 -2.76908e-06 -8.6055e-07 -2.45764e-06
2.3 0.907691 -2.85656e-06 0.0917275 -3.11955e-07 -1.05412e-06 -2.33435e-06
2.35 0.9121 -5.68644e-06 0.0873422 2.13168e-06 -1.03717e-06 -2.07815e-06
2.4 0.916111 -8.43259e-06 0.0833529 4.46882e-06 -7.24357e-07 -1.73597e-06
2.45 0.919799 -1.0834e-05 0.0796835 6.50912e-06 -9.52828e-08 -1.34803e-06
2.5 0.923237 -1.26636e-05 0.0762618 8.10622e-06 8.84447e-07 -8.87799e-07
2.55 0.926493 -1.38427e-05 0.0730197 9.01192e-06 2.23765e-06 -3.05077e-07
2.6 0.929633 -1.43361e-05 0.0698941 9.19479e-06 3.97301e-06 4.20431e-07
2.65 0.932702 -1.37536e-05 0.0668375 8.435e-06 6.00601e-06 1.2674e-06
2.7 0.935747 -1.2179e-05 0.063802 6.7745e-06 8.16634e-06 2.11333e-06
2.75 0.938812 -9.75348e-06 0.0607429 4.29403e-06 1.0226e-05 2.84858e-06
2.8 0.941921 -6.62078e-06 0.0576383 1.08294e-06 1.19852e-05 3.38926e-06
2.85 0.945071 -3.04937e-06 0.0544896 -2.60288e-06 1.33218e-05 3.70279e-06
2.9 0.948246 5.13319e-07 0.0513158 -6.35145e-06 1.42143e-05 3.8317e-06
2.95 0.951409 3.93091e-06 0.0481541 -9.99434e-06 1.46543e-05 3.90153e-06
3 0.954524 6.95014e-06 0.0450415 -1.32737e-05 1.48149e-05 4.04287e-06
3.05 0.957574 9.54395e-06 0.0420104 -1.59199e-05 1.4909e-05 4.21391e-06
3.1 0.960525 1.14859e-05 0.0390809 -1.7906e-05 1.50645e-05 4.48074e-06
3.15 0.963343 1.28414e-05 0.036286 -1.93011e-05 1.5188e-05 4.77316e-06
3.2 0.966002 1.38309e-05 0.0336505 -2.0349e-05 1.52141e-05 5.14643e-06
3.25 0.968481 1.47e-05 0.0311969 -2.12897e-05 1.50981e-05 5.58558e-06
3.3 0.970763 1.57335e-05 0.0289403 -2.23919e-05 1.49073e-05 6.16417e-06
3.35 0.972838 1.71781e-05 0.0268908 -2.39045e-05 1.47221e-05 6.9118e-06
3.4 0.974706 1.91734e-05 0.0250484 -2.59703e-05 1.46168e-05 7.88036e-06
3.45 0.976359 2.19126e-05 0.0234212 -2.87841e-05 1.4411e-05 9.11561e-06
3.5 0.977822 2.5252e-05 0.0219817 -3.21897e-05 1.41275e-05 1.05305e-05
3.55 0.979147 2.88008e-05 0.0206774 -3.57985e-05 1.38566e-05 1.18668e-05
3.6 0.980372 3.22309e-05 0.0194697 -3.92845e-05 1.35876e-05 1.30014e-05
3.65 0.981531 3.5175e-05 0.0183179 -4.22262e-05 1.31517e-05 1.38031e-05
3.7 0.982635 3.75953e-05 0.0172208 -4.46634e-05 1.28026e-05 1.45141e-05
3.75 0.983692 3.90438e-05 0.0161702 -4.6175e-05 1.25461e-05 1.49885e-05
3.8 0.984722 3.95878e-05 0.0151462 -4.6783e-05 1.24443e-05 1.52519e-05
3.85 0.985752 3.91233e-05 0.0141224 -4.63271e-05 1.22888e-05 1.547e-05
3.9 0.986801 3.81472e-05 0.0130791 -4.53752e-05 1.26577e-05 1.559e-05
3.95 0.987886 3.60072e-05 0.0119989 -4.32641e-05 1.32374e-05 1.56486e-05
4 0.989032 3.23502e-05 0.0108591 -3.96426e-05 1.36405e-05 1.56603e-05
4.05 0.990266 2.67942e-05 0.00963188 -3.41393e-05 1.37863e-05 1.57876e-05
4.1 0.991586 1.99208e-05 0.00831857 -2.73087e-05 1.37789e-05 1.59662e-05
4.15 0.992971 1.27305e-05 0.00693919 -2.01462e-05 1.36136e-05 1.60978e-05
4.2 0.994406 5.98184e-06 0.00550925 -1.34075e-05 1.3302e-05 1.60684e-05
4.25 0.995877 6.26748e-08 0.00404388 -7.48018e-06 1.29137e-05 1.57721e-05
4.3 0.997357 -4.7803e-06 0.00256826 -2.59726e-06 1.25161e-05 1.51604e-05
4.35 0.998827 -9.02621e-06 0.00110532 1.68372e-06 1.21839e-05 1.42437e-05
4.4 1.00026 -1.33053e-05 -0.000325331 5.99716e-06 1.20112e-05 1.30922e-05
4.45 1.00165 -1.78861e-05 -0.00170249 1.05978e-05 1.20015e-05 1.16969e-05
4.5 1.00296 -2.27232e-05 -0.00300892 1.54372e-05 1.21063e-05 1.01412e-05
4.55 1.00416 -2.76918e-05 -0.00421273 2.03918e-05 1.23142e-05 8.52222e-06
4.6 1.00527 -3.24836e-05 -0.00532027 2.51682e-05 1.26359e-05 7.0001e-06
4.65 1.00631 -3.66622e-05 -0.00635936 2.93297e-05 1.30249e-05 5.55243e-06
4.7 1.00729 -3.97502e-05 -0.00733932 3.24139e-05 1.34275e-05 4.23783e-06
4.75 1.00821 -4.13983e-05 -0.00825104 3.40626e-05 1.38656e-05 3.05826e-06
4.8 1.00902 -4.15126e-05 -0.00906883 3.41651e-05 1.42701e-05 2.10895e-06
4.85 1.00971 -3.9967e-05 -0.00975864 3.2617e-05 1.47671e-05 1.30235e-06
4.9 1.01023 -3.69764e-05 -0.010278 2.96246e-05 1.53407e-05 7.62473e-07
4.95 1.01054 -3.26548e-05 -0.0105872 2.53e-05 1.57588e-05 2.64909e-07
5 1.01063 -2.72626e-05 -0.0106761 1.99078e-05 1.64411e-05 -1.20391e-07
