0 0 0 1 0 0 0
0.05 0.0039455 -4.98431e-15 0.995865 1.57785e-16 -2.0367e-14 -2.08511e-14
0.1 0.0156379 -4.37717e-15 0.984125 -1.00971e-15 -5.0132e-14 -8.34293e-15
0.15 0.0346762 -4.13635e-15 0.965019 -1.12884e-15 -2.58095e-14 -3.32025e-14
0.2 0.0604088 -4.43012e-15 0.939223 -1.09272e-15 -5.71136e-15 -5.69915e-14
0.25 0.0919592 -4.50365e-15 0.907622 -9.75677e-16 1.84508e-14 -7.25426e-14
0.3 0.128287 -4.54243e-15 0.871257 -8.16615e-16 4.42934e-14 -8.3557e-14
0.35 0.168259 -4.26907e-15 0.831262 -6.02065e-16 7.29333e-14 -8.30347e-14
0.4 0.210712 -3.90589e-15 0.788799 -5.20177e-16 9.16156e-14 -9.25665e-14
0.45 0.254508 -4.03686e-15 0.745003 -5.82714e-16 1.02341e-13 -8.049e-14
0.5 0.298585 -3.60188e-15 0.700928 -6.10407e-16 1.05755e-13 -4.12061e-14
0.55 0.342009 -3.59578e-15 0.657506 -6.8196e-16 7.60991e-14 1.88666e-14
0.6 0.383997 -3.09354e-15 0.615522 -8.22723e-16 3.6808e-14 5.09626e-14
0.65 0.423921 -3.63812e-15 0.575595 -8.36021e-16 -5.50308e-14 6.47147e-14
0.7 0.461337 -3.51093e-15 0.538181 -6.8991e-16 -1.777e-13 3.00151e-14
0.75 0.495945 -4.39761e-15 0.503567 -2.20792e-16 -3.3578e-13 -8.80447e-14
0.8 0.527609 -4.30525e-15 0.471899 -2.78602e-16 -5.04892e-13 -2.10818e-13
0.85 0.556315 -4.19681e-15 0.443191 -5.86278e-16 -7.04104e-13 -3.1289e-13
0.9 0.582155 -4.29819e-15 0.417348 -7.9893e-16 -9.2256e-13 -4.94351e-13
0.95 0.605313 -4.40967e-15 0.394188 -6.71444e-16 -1.06709e-12 -9.29658e-13
1 0.626038 -4.74852e-15 0.373458 -4.26413e-16 -9.7707e-13 -1.1425e-12
1.05 0.644631 -4.51792e-15 0.354862 -7.51136e-16 -5.77149e-13 -1.06066e-12
1.1 0.661417 -3.822e-15 0.338074 -1.42664e-15 6.79471e-15 -7.65302e-13
1.15 0.676727 -2.82847e-15 0.322764 -2.27393e-15 7.50473e-13 -3.83497e-13
1.2 0.690878 -1.82928e-15 0.308615 -3.3001e-15 1.53137e-12 6.65363e-14
1.25 0.70416 -5.11352e-16 0.295337 -4.72213e-15 2.27877e-12 4.68067e-13
1.3 0.716825 1.44811e-15 0.282674 -6.5091e-15 2.86599e-12 7.71688e-13
1.35 0.729094 2.88967e-15 0.270405 -7.97598e-15 3.20017e-12 9.69582e-13
1.4 0.741155 4.57395e-15 0.258344 -9.52829e-15 3.29229e-12 1.11142e-12
1.45 0.753145 6.62474e-15 0.24635 -1.14117e-14 3.21875e-12 1.25011e-12
1.5 0.765175 8.91287e-15 0.234314 -1.35746e-14 3.07308e-12 1.42866e-12
1.55 0.777333 1.07032e-14 0.222144 -1.53413e-14 2.94849e-12 1.71943e-12
1.6 0.789547 1.14264e-14 0.209918 -1.59432e-14 2.91831e-12 2.04558e-12
1.65 0.801639 1.1293e-14 0.197816 -1.58089e-14 2.98397e-12 2.40744e-12
1.7 0.813456 1.0203e-14 0.18599 -1.48721e-14 3.12043e-12 2.79396e-12
1.75 0.824883 8.47686e-15 0.174556 -1.30818e-14 3.27151e-12 3.19923e-12
1.8 0.835839 6.08578e-15 0.163594 -1.05871e-14 3.39372e-12 3.60579e-12
1.85 0.846288 2.98856e-15 0.153139 -7.46941e-15 3.48516e-12 3.99487e-12
1.9 0.856186 -5.64536e-16 0.143236 -3.8693e-15 3.53051e-12 4.31403e-12
1.95 0.865499 -4.50471e-15 0.133918 5.21642e-17 3.52251e-12 4.53336e-12
2 0.874193 -8.56142e-15 0.125219 4.21703e-15 3.46513e-12 4.63864e-12
2.05 0.882233 -1.28682e-14 0.117177 8.55594e-15 3.37022e-12 4.62701e-12
2.1 0.88959 -1.72106e-14 0.109817 1.28207e-14 3.25372e-12 4.50361e-12
2.15 0.896251 -2.11495e-14 0.103154 1.6793e-14 3.13383e-12 4.28111e-12
2.2 0.902223 -2.45616e-14 0.0971792 2.01873e-14 3.02882e-12 3.97665e-12
2.25 0.907538 -2.745e-14 0.0918595 2.3135e-14 2.95388e-12 3.60955e-12
2.3 0.912261 -2.97385e-14 0.0871311 2.54823e-14 2.91948e-12 3.1998e-12
2.35 0.916465 -3.15426e-14 0.0829227 2.73437e-14 2.9306e-12 2.76682e-12
2.4 0.920228 -3.25922e-14 0.0791579 2.8416e-14 2.98545e-12 2.33055e-12
2.45 0.923626 -3.30242e-14 0.0757599 2.8805e-14 3.08327e-12 1.91164e-12
2.5 0.926772 -3.23195e-14 0.0726142 2.81045e-14 3.2134e-12 1.52252e-12
