0 0 0 1 0 0 0
0.05 0.00396258 -2.61881e-16 0.996003 -5.12023e-16 2.62544e-15 -7.35397e-15
0.1 0.015707 -4.09085e-16 0.98425 -1.94533e-17 4.89975e-15 -1.52118e-14
0.15 0.0348157 -3.58717e-16 0.965128 -1.17686e-17 6.59242e-15 -2.32866e-14
0.2 0.0606193 -5.16911e-16 0.939309 2.23854e-17 7.6317e-15 -3.14519e-14
0.25 0.0922374 -3.2146e-16 0.907671 -1.2646e-16 7.77398e-15 -3.92447e-14
0.3 0.128633 -3.2306e-16 0.871251 -2.60559e-16 7.0133e-15 -4.58581e-14
0.35 0.168677 -1.80581e-16 0.831178 -4.51574e-16 5.65164e-15 -5.15644e-14
0.4 0.211207 2.83896e-16 0.788614 -6.52006e-16 3.81741e-15 -5.63325e-14
0.45 0.255092 5.40999e-16 0.744698 -7.69544e-16 1.6567e-15 -5.99568e-14
0.5 0.299271 4.64557e-16 0.700489 -4.81549e-16 -6.1145e-16 -6.26523e-14
0.55 0.342801 -2.74116e-17 0.656932 8.10076e-18 -2.91135e-15 -6.42132e-14
0.6 0.384886 -4.75871e-16 0.614822 4.84178e-16 -5.15272e-15 -6.49016e-14
0.65 0.424896 -1.05327e-15 0.574794 1.10648e-15 -7.21056e-15 -6.4835e-14
0.7 0.462363 -1.81921e-15 0.537311 1.83752e-15 -8.83378e-15 -6.4081e-14
0.75 0.496986 -2.63829e-15 0.502678 2.62109e-15 -9.94638e-15 -6.29341e-14
0.8 0.528613 -3.36187e-15 0.471045 3.28792e-15 -1.0642e-14 -6.16173e-14
0.85 0.557223 -3.85432e-15 0.442431 3.81596e-15 -1.10882e-14 -6.02646e-14
0.9 0.582909 -4.27406e-15 0.416748 4.21651e-15 -1.11995e-14 -5.88119e-14
0.95 0.605848 -4.56484e-15 0.393813 4.56435e-15 -1.09889e-14 -5.7424e-14
1 0.626286 -4.80215e-15 0.373381 4.82533e-15 -1.02156e-14 -5.61774e-14
1.05 0.644518 -5.01581e-15 0.355157 5.0032e-15 -9.36287e-15 -5.49177e-14
1.1 0.660868 -4.95501e-15 0.33882 4.92416e-15 -8.21201e-15 -5.37283e-14
1.15 0.675666 -4.85327e-15 0.324035 4.74184e-15 -6.99985e-15 -5.27904e-14
1.2 0.689243 -4.70332e-15 0.310472 4.59651e-15 -5.47764e-15 -5.22092e-14
1.25 0.701912 -4.46811e-15 0.297817 4.35296e-15 -4.00374e-15 -5.16604e-14
1.3 0.71396 -4.20224e-15 0.285785 4.05831e-15 -2.17207e-15 -5.12905e-14
1.35 0.725633 -3.86411e-15 0.274129 3.78302e-15 1.91086e-16 -5.10267e-14
1.4 0.737128 -3.68586e-15 0.262649 3.57395e-15 2.79352e-15 -5.06761e-14
1.45 0.74859 -3.49585e-15 0.251198 3.40988e-15 5.91165e-15 -5.01882e-14
1.5 0.760116 -3.25644e-15 0.239683 3.20661e-15 8.97452e-15 -4.95851e-14
1.55 0.771744 -3.01897e-15 0.228064 3.02416e-15 1.17474e-14 -4.9033e-14
1.6 0.783461 -2.91582e-15 0.216354 2.86217e-15 1.40952e-14 -4.82648e-14
1.65 0.795215 -2.80884e-15 0.204608 2.75652e-15 1.61166e-14 -4.72976e-14
1.7 0.806914 -2.69725e-15 0.192916 2.67853e-15 1.78823e-14 -4.64194e-14
1.75 0.818447 -2.63039e-15 0.181392 2.62699e-15 1.92363e-14 -4.56113e-14
1.8 0.829681 -2.57997e-15 0.170162 2.60693e-15 2.03088e-14 -4.48173e-14
1.85 0.840495 -2.58048e-15 0.159351 2.64173e-15 2.13379e-14 -4.3885e-14
1.9 0.850773 -2.42891e-15 0.149077 2.59427e-15 2.18819e-14 -4.30252e-14
1.95 0.860415 -2.32029e-15 0.139439 2.46676e-15 2.21106e-14 -4.22838e-14
2 0.869344 -2.12683e-15 0.130515 2.30295e-15 2.19744e-14 -4.1441e-14
2.05 0.877508 -1.87956e-15 0.122353 2.0205e-15 2.16095e-14 -4.08563e-14
2.1 0.884888 -1.49473e-15 0.114977 1.68769e-15 2.13195e-14 -4.05765e-14
2.15 0.891488 -1.12489e-15 0.10838 1.34193e-15 2.099e-14 -4.05752e-14
2.2 0.89734 -7.63481e-16 0.102532 1.01065e-15 2.0725e-14 -4.07702e-14
2.25 0.902495 -4.79515e-16 0.0973824 7.3341e-16 2.06433e-14 -4.10478e-14
2.3 0.907025 -1.54975e-16 0.0928596 4.33808e-16 2.08698e-14 -4.15704e-14
2.35 0.911008 1.48965e-16 0.0888799 1.45511e-16 2.14029e-14 -4.24598e-14
2.4 0.914544 4.49612e-16 0.085349 -1.16923e-16 2.18188e-14 -4.35092e-14
2.45 0.917732 6.03591e-16 0.0821659 -2.68034e-16 2.23758e-14 -4.47182e-14
2.5 0.920673 7.8063e-16 0.0792289 -4.24401e-16 2.30116e-14 -4.58223e-14
2.55 0.923467 9.61405e-16 0.0764399 -6.02491e-16 2.39567e-14 -4.68223e-14
2.6 0.926203 1.17134e-15 0.0737088 -8.10364e-16 2.48988e-14 -4.78773e-14
2.65 0.928958 1.39658e-15 0.0709581 -1.01799e-15 2.58816e-14 -4.87086e-14
2.7 0.931795 1.61877e-15 0.0681262 -1.27163e-15 2.68546e-14 -4.94165e-14
2.75 0.934755 1.90878e-15 0.0651706 -1.54897e-15 2.75685e-14 -5.00748e-14
2.8 0.937859 2.16563e-15 0.0620714 -1.80874e-15 2.84436e-14 -5.03497e-14
2.85 0.941106 2.41763e-15 0.0588276 -2.05063e-15 2.95037e-14 -5.044e-14
2.9 0.944479 2.61216e-15 0.0554587 -2.27137e-15 3.08219e-14 -5.03903e-14
2.95 0.947937 2.82662e-15 0.0520052 -2.49191e-15 3.20305e-14 -5.01738e-14
3 0.951424 3.01409e-15 0.0485229 -2.69219e-15 3.33554e-14 -4.99156e-14
3.05 0.954877 3.18601e-15 0.0450753 -2.86824e-15 3.44317e-14 -4.97879e-14
3.1 0.958228 3.34451e-15 0.0417294 -3.01857e-15 3.51624e-14 -4.99361e-14
3.15 0.961413 3.47145e-15 0.0385481 -3.13123e-15 3.5181e-14 -5.10006e-14
3.2 0.964379 3.60388e-15 0.0355851 -3.26465e-15 3.46668e-14 -5.28844e-14
3.25 0.967081 3.72013e-15 0.0328849 -3.36257e-15 3.39091e-14 -5.5623e-14
3.3 0.969488 3.74845e-15 0.0304811 -3.39175e-15 3.30889e-14 -5.83332e-14
3.35 0.971577 3.76505e-15 0.0283951 -3.40949e-15 3.24821e-14 -6.11132e-14
3.4 0.973342 3.71142e-15 0.0266332 -3.35549e-15 3.16048e-14 -6.33014e-14
3.45 0.974787 3.54208e-15 0.0251914 -3.19565e-15 3.05813e-14 -6.47096e-14
3.5 0.975932 3.32636e-15 0.0240503 -2.99641e-15 2.92259e-14 -6.55094e-14
3.55 0.976806 3.01928e-15 0.02318 -2.68957e-15 2.7546e-14 -6.60543e-14
3.6 0.977444 2.69176e-15 0.0225468 -2.36874e-15 2.56601e-14 -6.66858e-14
3.65 0.977883 2.34239e-15 0.0221085 -2.01623e-15 2.38691e-14 -6.74547e-14
3.7 0.978177 1.85983e-15 0.0218161 -1.53686e-15 2.2211e-14 -6.82891e-14
3.75 0.97838 1.43818e-15 0.0216138 -1.11692e-15 2.03655e-14 -6.93105e-14
3.8 0.978553 8.48869e-16 0.0214415 -5.20308e-16 1.84614e-14 -7.02997e-14
3.85 0.97876 1.97979e-16 0.0212351 1.34552e-16 1.65494e-14 -7.13552e-14
3.9 0.979064 -4.87693e-16 0.0209326 8.13326e-16 1.48684e-14 -7.23588e-14
3.95 0.979516 -1.01471e-15 0.0204804 1.33302e-15 1.3562e-14 -7.30798e-14
4 0.980158 -1.56279e-15 0.0198389 1.87761e-15 1.28619e-14 -7.39121e-14
4.05 0.981022 -2.22227e-15 0.0189757 2.53995e-15 1.26622e-14 -7.48073e-14
4.1 0.982117 -2.95052e-15 0.0178802 3.26222e-15 1.27851e-14 -7.57954e-14
4.15 0.983431 -3.73414e-15 0.0165672 4.04261e-15 1.35061e-14 -7.68436e-14
4.2 0.984923 -4.53046e-15 0.0150751 4.83431e-15 1.47937e-14 -7.78569e-14
4.25 0.986538 -5.27759e-15 0.0134601 5.57501e-15 1.67957e-14 -7.88265e-14
4.3 0.988204 -6.07267e-15 0.0117941 6.36429e-15 1.95763e-14 -7.95102e-14
4.35 0.989842 -6.89659e-15 0.0101561 7.1808e-15 2.31852e-14 -7.97544e-14
4.4 0.991375 -7.71462e-15 0.00862334 7.99402e-15 2.75524e-14 -7.93861e-14
4.45 0.992732 -8.51219e-15 0.00726616 8.78724e-15 3.24746e-14 -7.85033e-14
4.5 0.993865 -9.28959e-15 0.0061333 9.56025e-15 3.76083e-14 -7.71553e-14
4.55 0.994744 -1.00259e-14 0.00525466 1.02921e-14 4.27636e-14 -7.52057e-14
4.6 0.99535 -1.08542e-14 0.00464851 1.11121e-14 4.77402e-14 -7.26259e-14
4.65 0.99567 -1.17699e-14 0.00432872 1.20279e-14 5.22133e-14 -6.93747e-14
4.7 0.99569 -1.27207e-14 0.00430915 1.29801e-14 5.59984e-14 -6.54983e-14
4.75 0.995366 -1.36089e-14 0.00463383 1.38677e-14 5.89431e-14 -6.08968e-14
4.8 0.994598 -1.43199e-14 0.00540237 1.45857e-14 6.09636e-14 -5.55802e-14
4.85 0.993235 -1.50647e-14 0.00676622 1.53393e-14 6.18874e-14 -4.97605e-14
4.9 0.991062 -1.50702e-14 0.00893929 1.53433e-14 6.1657e-14 -4.33859e-14
4.95 0.987828 -1.44827e-14 0.0121738 1.47535e-14 6.02196e-14 -3.65171e-14
5 0.98325 -1.40802e-14 0.0167526 1.43515e-14 5.76883e-14 -2.92181e-14
