0 0 0 1 0 0 0
0.01 0.000199961 7.44029e-17 0.9998 1.27121e-14 -5.36578e-16 -4.12698e-16
0.02 0.000799698 1.76524e-16 0.9992 1.26288e-14 -1.06542e-15 -5.42542e-16
0.03 0.00179875 5.30226e-16 0.998201 1.25421e-14 -1.5936e-15 -5.41571e-16
0.04 0.00319635 1.07657e-15 0.996803 1.24553e-14 -2.121e-15 -5.99147e-16
0.05 0.0049914 1.77247e-15 0.995008 1.23721e-14 -2.64842e-15 -6.5229e-16
0.06 0.00718247 2.8506e-15 0.992817 1.23374e-14 -3.17512e-15 -6.4593e-16
0.07 0.00976785 4.55048e-15 0.990232 1.2268e-14 -3.69884e-15 -6.27099e-16
0.08 0.0127455 6.04128e-15 0.987255 1.21569e-14 -4.21928e-15 -6.48806e-16
0.09 0.016113 5.96875e-15 0.983887 1.21014e-14 -4.73543e-15 -6.94481e-16
0.1 0.0198677 5.9887e-15 0.980133 1.20459e-14 -5.24644e-15 -7.52731e-16
0.11 0.0240067 6.43409e-15 0.975995 1.18794e-14 -5.75413e-15 -8.40473e-16
0.12 0.0285259 5.97601e-15 0.971476 1.16019e-14 -6.24759e-15 -8.0797e-16
0.13 0.0334222 5.26218e-15 0.966579 1.16019e-14 -6.73528e-15 -7.58481e-16
0.14 0.0386916 5.48281e-15 0.96131 1.15464e-14 -7.21825e-15 -6.98795e-16
0.15 0.04433 5.13023e-15 0.955671 1.15465e-14 -7.69631e-15 -6.03497e-16
0.16 0.0503328 5.23431e-15 0.949668 1.15464e-14 -8.16722e-15 -5.23061e-16
0.17 0.0566952 3.05219e-15 0.943305 1.15326e-14 -8.6258e-15 -4.69822e-16
0.18 0.0634121 4.95806e-15 0.936588 1.14354e-14 -9.0718e-15 -4.25375e-16
0.19 0.0704787 7.12486e-15 0.929521 1.16574e-14 -9.50929e-15 -3.73312e-16
0.2 0.077889 8.66208e-15 0.922111 1.14908e-14 -9.93826e-15 -2.93549e-16
0.21 0.0856369 9.43317e-15 0.914363 1.13242e-14 -1.03674e-14 -1.80212e-16
0.22 0.0937162 1.24955e-14 0.906284 1.12442e-14 -1.07786e-14 -2.9478e-17
0.23 0.102121 1.32651e-14 0.897879 1.1206e-14 -1.1182e-14 9.98325e-17
0.24 0.110843 1.489e-14 0.889157 1.11573e-14 -1.1575e-14 2.30387e-16
0.25 0.119877 1.66366e-14 0.880123 1.10184e-14 -1.19513e-14 3.59786e-16
0.26 0.129215 1.80206e-14 0.870785 1.09072e-14 -1.23174e-14 5.00128e-16
0.27 0.13885 1.81979e-14 0.86115 1.08516e-14 -1.26728e-14 6.35736e-16
0.28 0.148773 1.99012e-14 0.851227 1.06848e-14 -1.30242e-14 7.73254e-16
0.29 0.158978 2.28017e-14 0.841022 1.06012e-14 -1.33581e-14 9.10385e-16
0.3 0.169455 2.20311e-14 0.830545 1.05456e-14 -1.36794e-14 1.07016e-15
0.31 0.180197 2.23219e-14 0.819803 1.04067e-14 -1.40045e-14 1.22031e-15
0.32 0.191194 1.9498e-14 0.808806 1.03787e-14 -1.43348e-14 1.37648e-15
0.33 0.202439 1.95894e-14 0.797561 1.03785e-14 -1.46531e-14 1.53511e-15
0.34 0.213922 2.30114e-14 0.786078 1.02115e-14 -1.49654e-14 1.69625e-15
0.35 0.225633 2.46496e-14 0.774367 9.93362e-15 -1.52552e-14 1.86683e-15
0.36 0.237564 2.4724e-14 0.762436 9.7666e-15 -1.55244e-14 2.06752e-15
0.37 0.249705 2.56725e-14 0.750295 9.87692e-15 -1.57652e-14 2.27769e-15
0.38 0.262046 2.09648e-14 0.737954 9.70988e-15 -1.59937e-14 2.47405e-15
0.39 0.274577 2.9385e-14 0.725423 9.65362e-15 -1.62058e-14 2.64937e-15
0.4 0.287289 2.65777e-14 0.712711 9.62518e-15 -1.63861e-14 2.81216e-15
0.41 0.300171 2.36794e-14 0.699829 9.54134e-15 -1.65429e-14 3.00605e-15
0.42 0.313213 2.35551e-14 0.686787 9.6518e-15 -1.66556e-14 3.18153e-15
0.43 0.326404 2.26532e-14 0.673596 9.37333e-15 -1.67327e-14 3.36194e-15
0.44 0.339734 2.88143e-14 0.660266 9.15019e-15 -1.67789e-14 3.52792e-15
0.45 0.353192 2.53484e-14 0.646808 9.20472e-15 -1.67915e-14 3.70335e-15
0.46 0.366768 2.42913e-14 0.633232 9.14814e-15 -1.67858e-14 3.89592e-15
0.47 0.38045 2.62051e-14 0.61955 9.20259e-15 -1.67499e-14 4.09151e-15
0.48 0.394228 2.75127e-14 0.605772 9.07661e-15 -1.66818e-14 4.28397e-15
0.49 0.408091 2.95572e-14 0.591909 9.11695e-15 -1.65754e-14 4.47056e-15
0.5 0.422027 3.55355e-14 0.577973 9.03235e-15 -1.64484e-14 4.67959e-15
0.51 0.436025 3.48311e-14 0.563975 9.05881e-15 -1.6304e-14 4.87837e-15
0.52 0.450075 3.57465e-14 0.549925 8.94642e-15 -1.61287e-14 5.09793e-15
0.53 0.464164 2.40787e-14 0.535836 8.88967e-15 -1.59658e-14 5.31886e-15
0.54 0.478282 2.04192e-14 0.521718 8.80503e-15 -1.57837e-14 5.53897e-15
0.55 0.492418 1.42633e-14 0.507582 8.72024e-15 -1.55829e-14 5.77423e-15
0.56 0.50656 1.63931e-14 0.49344 8.74612e-15 -1.53532e-14 6.01321e-15
0.57 0.520696 2.13986e-14 0.479304 8.70953e-15 -1.50748e-14 6.23019e-15
0.58 0.534816 2.49141e-14 0.465184 8.67263e-15 -1.47626e-14 6.43904e-15
0.59 0.548908 2.40122e-14 0.451092 8.62019e-15 -1.4422e-14 6.66109e-15
0.6 0.562961 2.41104e-14 0.437039 8.51569e-15 -1.40654e-14 6.88923e-15
0.61 0.576963 2.18701e-14 0.423037 8.43013e-15 -1.36592e-14 7.11646e-15
0.62 0.590904 1.86606e-14 0.409096 8.37235e-15 -1.32315e-14 7.36291e-15
0.63 0.604772 2.02092e-14 0.395228 8.31451e-15 -1.27795e-14 7.57207e-15
0.64 0.618557 2.46553e-14 0.381443 8.25652e-15 -1.22785e-14 7.81311e-15
0.65 0.632246 2.45873e-14 0.367754 8.26802e-15 -1.17118e-14 8.08687e-15
0.66 0.64583 3.12398e-14 0.35417 8.14058e-15 -1.1104e-14 8.34939e-15
0.67 0.659297 3.40886e-14 0.340703 8.11028e-15 -1.04853e-14 8.60929e-15
0.68 0.672637 3.1539e-14 0.327363 8.02453e-15 -9.83427e-15 8.83476e-15
0.69 0.685838 3.40815e-14 0.314162 7.91083e-15 -9.1425e-15 9.05441e-15
0.7 0.698891 3.92221e-14 0.301109 7.82474e-15 -8.44748e-15 9.3026e-15
0.71 0.711785 4.01571e-14 0.288215 7.78023e-15 -7.74259e-15 9.56687e-15
0.72 0.724509 3.52657e-14 0.275491 7.72181e-15 -6.99266e-15 9.87592e-15
0.73 0.737054 4.00299e-14 0.262946 7.57995e-15 -6.24724e-15 1.02018e-14
0.74 0.749409 3.58972e-14 0.250591 7.52145e-15 -5.49043e-15 1.05462e-14
0.75 0.761565 3.65366e-14 0.238435 7.46288e-15 -4.69975e-15 1.08997e-14
0.76 0.773512 3.55709e-14 0.226488 7.43198e-15 -3.89527e-15 1.12631e-14
0.77 0.785239 3.52299e-14 0.214761 7.526e-15 -3.07665e-15 1.16243e-14
0.78 0.796739 4.54219e-14 0.203261 7.44645e-15 -2.21249e-15 1.2017e-14
0.79 0.808001 5.07602e-14 0.191999 7.38085e-15 -1.32801e-15 1.23949e-14
0.8 0.819016 5.23131e-14 0.180984 7.41928e-15 -4.17035e-16 1.27285e-14
0.81 0.829777 5.93869e-14 0.170223 7.31879e-15 4.61488e-16 1.304e-14
0.82 0.840274 5.32704e-14 0.159726 7.2461e-15 1.36386e-15 1.33585e-14
0.83 0.850498 5.38499e-14 0.149502 7.16634e-15 2.27507e-15 1.36587e-14
0.84 0.860442 5.05845e-14 0.139558 7.10941e-15 3.23659e-15 1.39253e-14
0.85 0.870098 5.19395e-14 0.129902 7.05008e-15 4.20156e-15 1.41866e-14
0.86 0.879458 5.33652e-14 0.120542 6.99255e-15 5.17494e-15 1.45017e-14
0.87 0.888514 5.33015e-14 0.111486 6.94017e-15 6.13336e-15 1.47881e-14
0.88 0.897259 5.00004e-14 0.102741 6.94674e-15 7.05631e-15 1.50684e-14
0.89 0.905687 4.93801e-14 0.0943131 6.90817e-15 7.99174e-15 1.53356e-14
0.9 0.91379 4.9837e-14 0.08621 6.82784e-15 8.98115e-15 1.56189e-14
0.91 0.921562 4.99564e-14 0.0784379 6.76833e-15 9.9895e-15 1.59027e-14
0.92 0.928997 6.03241e-14 0.0710031 6.67756e-15 1.10332e-14 1.62446e-14
0.93 0.936089 6.23455e-14 0.0639114 6.60757e-15 1.20946e-14 1.65897e-14
0.94 0.942831 6.6476e-14 0.0571686 6.57911e-15 1.3175e-14 1.69261e-14
0.95 0.94922 6.40714e-14 0.05078 6.40848e-15 1.42544e-14 1.72326e-14
0.96 0.955249 7.70965e-14 0.0447507 6.45285e-15 1.53735e-14 1.76002e-14
0.97 0.960914 7.67287e-14 0.0390857 6.3385e-15 1.65127e-14 1.79958e-14
0.98 0.966211 8.54243e-14 0.0337893 6.26398e-15 1.76553e-14 1.84016e-14
0.99 0.971134 8.32848e-14 0.0288659 6.20294e-15 1.88061e-14 1.87869e-14
1 0.975681 7.69431e-14 0.0243193 6.15315e-15 1.99398e-14 1.91626e-14
1.01 0.979847 7.78697e-14 0.0201533 6.08547e-15 2.10606e-14 1.95314e-14
1.02 0.983629 8.0045e-14 0.0163711 5.9941e-15 2.21716e-14 1.98969e-14
1.03 0.987024 8.1586e-14 0.0129758 5.89223e-15 2.3266e-14 2.02751e-14
1.04 0.99003 8.4673e-14 0.00997013 5.75003e-15 2.43382e-14 2.05959e-14
1.05 0.992644 8.25399e-14 0.00735642 5.69154e-15 2.53925e-14 2.08643e-14
1.06 0.994863 8.13364e-14 0.0051368 5.576e-15 2.64602e-14 2.11237e-14
1.07 0.996687 8.03942e-14 0.00331304 5.54178e-15 2.7509e-14 2.13354e-14
1.08 0.998113 7.91838e-14 0.0018866 5.47059e-15 2.85546e-14 2.1507e-14
1.09 0.999141 7.99726e-14 0.000858625 5.38683e-15 2.95862e-14 2.16822e-14
1.1 0.99977 8.06404e-14 0.000229934 5.3167e-15 3.06164e-14 2.18618e-14
1.11 0.999999 7.99767e-14 1.03136e-06 5.22465e-15 3.16432e-14 2.20422e-14
1.12 0.999828 7.54615e-14 0.000172099 5.12241e-15 3.26603e-14 2.2233e-14
1.13 0.999257 7.89841e-14 0.000743001 5.06397e-15 3.36842e-14 2.24685e-14
1.14 0.998287 8.03731e-14 0.00171328 4.98839e-15 3.47311e-14 2.26694e-14
1.15 0.996918 7.7003e-14 0.00308216 4.86506e-15 3.58168e-14 2.28383e-14
1.16 0.995151 7.81615e-14 0.00484855 4.8604e-15 3.69061e-14 2.30016e-14
1.17 0.992989 7.78627e-14 0.00701103 4.72203e-15 3.79559e-14 2.31712e-14
1.18 0.990432 8.1332e-14 0.00956787 4.61927e-15 3.90302e-14 2.33757e-14
1.19 0.987483 7.90216e-14 0.012517 4.504e-15 4.00701e-14 2.35579e-14
1.2 0.984144 8.69633e-14 0.0158561 4.40572e-15 4.10709e-14 2.37674e-14
1.21 0.980417 9.16988e-14 0.0195826 4.31708e-15 4.20588e-14 2.40337e-14
1.22 0.976307 9.47616e-14 0.0236933 4.19297e-15 4.30575e-14 2.43124e-14
1.23 0.971815 9.47597e-14 0.028185 4.08897e-15 4.39969e-14 2.45836e-14
1.24 0.966946 9.77489e-14 0.0330542 4.01105e-15 4.49328e-14 2.48453e-14
1.25 0.961703 1.00834e-13 0.0382968 3.86896e-15 4.5836e-14 2.51056e-14
1.26 0.956091 1.02057e-13 0.0439089 3.75648e-15 4.67055e-14 2.53516e-14
1.27 0.950114 1.04573e-13 0.0498857 3.67359e-15 4.75286e-14 2.55919e-14
1.28 0.943777 1.06363e-13 0.0562227 3.57434e-15 4.82918e-14 2.57971e-14
1.29 0.937085 1.06567e-13 0.0629146 3.47874e-15 4.89899e-14 2.59641e-14
1.3 0.930044 1.01415e-13 0.0699562 3.38241e-15 4.96568e-14 2.61376e-14
1.31 0.922658 9.45985e-14 0.0773418 3.27585e-15 5.02933e-14 2.62736e-14
1.32 0.914935 9.48995e-14 0.0850655 3.15205e-15 5.08858e-14 2.64161e-14
1.33 0.906879 9.19187e-14 0.0931211 3.07047e-15 5.14439e-14 2.65867e-14
1.34 0.898498 9.13054e-14 0.101502 2.98989e-15 5.19619e-14 2.67257e-14
1.35 0.889798 9.29483e-14 0.110202 2.9063e-15 5.24341e-14 2.68798e-14
1.36 0.880786 9.07169e-14 0.119214 2.81421e-15 5.28703e-14 2.70096e-14
1.37 0.87147 9.13676e-14 0.12853 2.70835e-15 5.3241e-14 2.71089e-14
1.38 0.861857 9.25716e-14 0.138143 2.59579e-15 5.35758e-14 2.72144e-14
1.39 0.851954 9.33798e-14 0.148046 2.55279e-15 5.38746e-14 2.73075e-14
1.4 0.841769 9.28567e-14 0.158231 2.51695e-15 5.41418e-14 2.74204e-14
1.41 0.831311 8.7318e-14 0.168689 2.3842e-15 5.43772e-14 2.74821e-14
1.42 0.820588 8.60834e-14 0.179412 2.28626e-15 5.45506e-14 2.75627e-14
1.43 0.809609 8.7135e-14 0.190391 2.12581e-15 5.46675e-14 2.76487e-14
1.44 0.798382 8.50896e-14 0.201618 1.95865e-15 5.47366e-14 2.77367e-14
1.45 0.786916 8.61192e-14 0.213084 1.90274e-15 5.47752e-14 2.78312e-14
1.46 0.775221 8.35884e-14 0.224779 1.76406e-15 5.47476e-14 2.78786e-14
1.47 0.763306 8.56354e-14 0.236694 1.66685e-15 5.46545e-14 2.79113e-14
1.48 0.75118 8.74811e-14 0.24882 1.61149e-15 5.44964e-14 2.7951e-14
1.49 0.738853 8.88451e-14 0.261147 1.59809e-15 5.42973e-14 2.80018e-14
1.5 0.726335 8.93812e-14 0.273665 1.53292e-15 5.40302e-14 2.80308e-14
1.51 0.713636 9.13352e-14 0.286364 1.46101e-15 5.37128e-14 2.80383e-14
1.52 0.700766 8.61742e-14 0.299234 1.33718e-15 5.33732e-14 2.80376e-14
1.53 0.687735 8.8649e-14 0.312265 1.28263e-15 5.29738e-14 2.80316e-14
1.54 0.674555 8.90688e-14 0.325445 1.17298e-15 5.25404e-14 2.80335e-14
1.55 0.661234 9.03549e-14 0.338766 1.10481e-15 5.20686e-14 2.80524e-14
1.56 0.647785 8.64775e-14 0.352215 1.00428e-15 5.15549e-14 2.80685e-14
1.57 0.634217 8.57892e-14 0.365783 9.00314e-16 5.09802e-14 2.80785e-14
1.58 0.620542 8.31871e-14 0.379458 9.00376e-16 5.03742e-14 2.80946e-14
1.59 0.606771 8.25156e-14 0.393229 8.48971e-16 4.97124e-14 2.80946e-14
1.6 0.592914 8.08093e-14 0.407086 8.3693e-16 4.89885e-14 2.8083e-14
1.61 0.578983 8.08282e-14 0.421017 7.14152e-16 4.8224e-14 2.8069e-14
1.62 0.564989 7.93646e-14 0.435011 6.8894e-16 4.74125e-14 2.80425e-14
1.63 0.550943 7.97228e-14 0.449057 6.63843e-16 4.65524e-14 2.7999e-14
1.64 0.536856 8.09155e-14 0.463144 6.89052e-16 4.5649e-14 2.79703e-14
1.65 0.522739 7.70252e-14 0.477261 6.14431e-16 4.46906e-14 2.79276e-14
1.66 0.508604 7.77019e-14 0.491396 5.61812e-16 4.36827e-14 2.78576e-14
1.67 0.494463 7.61194e-14 0.505537 4.54322e-16 4.26282e-14 2.77681e-14
1.68 0.480326 7.2908e-14 0.519674 4.58348e-16 4.15352e-14 2.76801e-14
1.69 0.466204 7.15946e-14 0.533796 3.51635e-16 4.04015e-14 2.75723e-14
1.7 0.45211 7.31809e-14 0.54789 2.3105e-16 3.92261e-14 2.74514e-14
1.71 0.438054 7.32439e-14 0.561946 2.14738e-16 3.79962e-14 2.73059e-14
1.72 0.424047 7.37324e-14 0.575953 1.8501e-16 3.67295e-14 2.71612e-14
1.73 0.410102 7.32285e-14 0.589898 1.20678e-16 3.54081e-14 2.70064e-14
1.74 0.396228 7.32158e-14 0.603772 1.25728e-16 3.40435e-14 2.68449e-14
1.75 0.382437 7.14709e-14 0.617563 4.84314e-17 3.26445e-14 2.66763e-14
1.76 0.36874 7.18783e-14 0.63126 -1.46046e-18 3.12036e-14 2.65046e-14
1.77 0.355148 7.10857e-14 0.644852 -7.91924e-17 2.97388e-14 2.63268e-14
1.78 0.341673 7.11975e-14 0.658327 -1.01513e-16 2.82408e-14 2.6149e-14
1.79 0.328323 7.2743e-14 0.671677 -1.72227e-16 2.66977e-14 2.59676e-14
1.8 0.315111 7.29696e-14 0.684889 -2.03196e-16 2.51201e-14 2.57806e-14
1.81 0.302047 7.38235e-14 0.697953 -2.51509e-16 2.35102e-14 2.5613e-14
1.82 0.289142 7.38626e-14 0.710858 -2.72999e-16 2.18707e-14 2.54419e-14
1.83 0.276405 7.27021e-14 0.723595 -2.24643e-16 2.01947e-14 2.52715e-14
1.84 0.263847 7.27126e-14 0.736153 -5.10196e-16 1.84812e-14 2.50986e-14
1.85 0.251477 7.24013e-14 0.748523 -5.03476e-16 1.67281e-14 2.4929e-14
1.86 0.239307 7.21743e-14 0.760693 -4.40961e-16 1.49364e-14 2.47569e-14
1.87 0.227345 7.18972e-14 0.772655 -7.66779e-16 1.31099e-14 2.45805e-14
1.88 0.215601 7.22395e-14 0.784399 -7.04993e-16 1.12506e-14 2.44124e-14
1.89 0.204085 7.26809e-14 0.795915 -6.42989e-16 9.36091e-15 2.42311e-14
1.9 0.192805 7.28879e-14 0.807195 -6.35987e-16 7.44447e-15 2.40503e-14
1.91 0.181772 7.2815e-14 0.818228 -5.73506e-16 5.49889e-15 2.38771e-14
1.92 0.170992 7.23906e-14 0.829008 -6.7714e-16 3.53117e-15 2.37061e-14
1.93 0.160476 7.12283e-14 0.839524 -6.69175e-16 1.53882e-15 2.35413e-14
1.94 0.150232 7.01723e-14 0.849768 -4.94704e-16 -4.80704e-16 2.33833e-14
1.95 0.140267 6.95243e-14 0.859733 -4.86666e-16 -2.52582e-15 2.32342e-14
1.96 0.13059 7.00272e-14 0.86941 -3.68585e-16 -4.5956e-15 2.30705e-14
1.97 0.121209 6.96604e-14 0.878791 -2.49692e-16 -6.68327e-15 2.29101e-14
1.98 0.112131 6.933e-14 0.887869 -4.08442e-16 -8.79207e-15 2.2758e-14
1.99 0.103362 6.87302e-14 0.896638 -5.11617e-16 -1.0921e-14 2.26068e-14
2 0.0949116 6.85807e-14 0.905088 -4.48476e-16 -1.3066e-14 2.24714e-14
2.01 0.0867849 6.84168e-14 0.913215 -3.28841e-16 -1.52235e-14 2.2343e-14
2.02 0.0789886 6.84667e-14 0.921011 -2.79151e-16 -1.73949e-14 2.22161e-14
2.03 0.0715292 6.81605e-14 0.928471 -2.57478e-16 -1.95771e-14 2.21052e-14
2.04 0.0644125 6.77484e-14 0.935587 -4.71081e-16 -2.17701e-14 2.20078e-14
2.05 0.0576443 6.75959e-14 0.942356 -4.6316e-16 -2.39735e-14 2.19208e-14
2.06 0.0512299 6.75218e-14 0.94877 -4.55714e-16 -2.61849e-14 2.18341e-14
2.07 0.0451745 6.74659e-14 0.954826 -2.81427e-16 -2.84042e-14 2.17469e-14
2.08 0.0394829 6.71883e-14 0.960517 -1.62344e-16 -3.06313e-14 2.16644e-14
2.09 0.0341598 6.66855e-14 0.96584 1.28709e-17 -3.28636e-14 2.15984e-14
2.1 0.0292093 6.63043e-14 0.970791 1.1854e-16 -3.50978e-14 2.15309e-14
2.11 0.0246353 6.61384e-14 0.975365 4.18737e-16 -3.73344e-14 2.14663e-14
2.12 0.0204417 6.58101e-14 0.979558 3.71941e-16 -3.95719e-14 2.14001e-14
2.13 0.0166317 6.56838e-14 0.983368 4.89441e-16 -4.18084e-14 2.13331e-14
2.14 0.0132083 6.5481e-14 0.986792 5.52558e-16 -4.40453e-14 2.12725e-14
2.15 0.0101743 6.52743e-14 0.989826 4.48583e-16 -4.62773e-14 2.12118e-14
2.16 0.0075322 6.50802e-14 0.992468 3.4451e-16 -4.85047e-14 2.11612e-14
2.17 0.00528403 6.48542e-14 0.994716 2.9702e-16 -5.07284e-14 2.11189e-14
2.18 0.00343159 6.46656e-14 0.996568 3.59866e-16 -5.29482e-14 2.10776e-14
2.19 0.00197638 6.45077e-14 0.998024 3.12104e-16 -5.51561e-14 2.10392e-14
2.2 0.000919566 6.43678e-14 0.99908 3.20282e-16 -5.73553e-14 2.10239e-14
2.21 0.000261985 6.42434e-14 0.999738 2.45031e-16 -5.95439e-14 2.10278e-14
2.22 4.16625e-06 6.41453e-14 0.999996 4.45362e-16 -6.17209e-14 2.10343e-14
2.23 0.000146316 6.40683e-14 0.999854 5.08314e-16 -6.38858e-14 2.10443e-14
2.24 0.00068832 6.4013e-14 0.999312 7.38481e-16 -6.6035e-14 2.10612e-14
2.25 0.00162975 6.39837e-14 0.99837 9.1197e-16 -6.81654e-14 2.10704e-14
2.26 0.00296984 6.39789e-14 0.99703 9.18596e-16 -7.02772e-14 2.10832e-14
2.27 0.00470753 6.40002e-14 0.995292 7.59386e-16 -7.23682e-14 2.10987e-14
2.28 0.00684142 6.40439e-14 0.993159 8.2783e-16 -7.44394e-14 2.11066e-14
2.29 0.00936982 6.41588e-14 0.99063 8.26128e-16 -7.64915e-14 2.11103e-14
2.3 0.0122907 6.42203e-14 0.987709 6.107e-16 -7.85191e-14 2.11151e-14
2.31 0.0156017 6.43327e-14 0.984398 8.93995e-16 -8.05238e-14 2.11183e-14
2.32 0.0193002 6.44348e-14 0.9807 9.55802e-16 -8.2506e-14 2.1122e-14
2.33 0.0233832 6.45296e-14 0.976617 1.01775e-15 -8.44655e-14 2.11241e-14
2.34 0.0278475 6.46809e-14 0.972152 1.30053e-15 -8.64e-14 2.11275e-14
2.35 0.0326895 6.49046e-14 0.96731 1.25018e-15 -8.83068e-14 2.11328e-14
2.36 0.0379053 6.50523e-14 0.962095 1.146e-15 -9.01882e-14 2.11569e-14
2.37 0.0434908 6.51786e-14 0.956509 1.31865e-15 -9.20433e-14 2.11835e-14
2.38 0.0494415 6.54586e-14 0.950559 1.37828e-15 -9.38702e-14 2.12278e-14
2.39 0.0557525 6.5703e-14 0.944247 1.43925e-15 -9.56691e-14 2.12747e-14
2.4 0.062419 6.58349e-14 0.937581 1.63975e-15 -9.74386e-14 2.13454e-14
2.41 0.0694355 6.65621e-14 0.930565 1.67215e-15 -9.91789e-14 2.1439e-14
2.42 0.0767964 6.71617e-14 0.923204 1.73241e-15 -1.00886e-13 2.1548e-14
2.43 0.0844958 6.7475e-14 0.915504 1.79335e-15 -1.02563e-13 2.16799e-14
2.44 0.0925276 6.76154e-14 0.907472 1.79853e-15 -1.0421e-13 2.18285e-14
2.45 0.100885 6.82272e-14 0.899115 2.02553e-15 -1.05823e-13 2.20014e-14
2.46 0.109562 6.88462e-14 0.890438 2.16895e-15 -1.07405e-13 2.2184e-14
2.47 0.118552 6.92067e-14 0.881448 2.25724e-15 -1.08958e-13 2.23858e-14
2.48 0.127846 6.95503e-14 0.872154 2.34504e-15 -1.10477e-13 2.26017e-14
2.49 0.137439 7.05727e-14 0.862561 2.29226e-15 -1.11962e-13 2.28422e-14
2.5 0.147321 7.10512e-14 0.852679 2.43664e-15 -1.13412e-13 2.3098e-14
2.51 0.157485 7.20282e-14 0.842515 2.52314e-15 -1.14829e-13 2.3381e-14
2.52 0.167924 7.33079e-14 0.832076 2.49846e-15 -1.16216e-13 2.36785e-14
2.53 0.178628 7.43338e-14 0.821372 2.61275e-15 -1.17573e-13 2.40038e-14
2.54 0.189589 7.48986e-14 0.810411 2.72715e-15 -1.18901e-13 2.43464e-14
2.55 0.200798 7.59937e-14 0.799202 2.78516e-15 -1.20201e-13 2.47249e-14
2.56 0.212247 7.68704e-14 0.787753 2.89891e-15 -1.21477e-13 2.51314e-14
2.57 0.223926 7.78478e-14 0.776074 2.90125e-15 -1.22726e-13 2.55704e-14
2.58 0.235826 7.9007e-14 0.764174 3.12541e-15 -1.23961e-13 2.60442e-14
2.59 0.247937 8.026e-14 0.752063 3.29324e-15 -1.25183e-13 2.65608e-14
2.6 0.260249 8.12519e-14 0.739751 3.12869e-15 -1.26392e-13 2.7127e-14
2.61 0.272754 8.21457e-14 0.727246 3.35257e-15 -1.27582e-13 2.77289e-14
2.62 0.28544 8.3013e-14 0.71456 3.63244e-15 -1.28762e-13 2.838e-14
2.63 0.298298 8.47571e-14 0.701702 3.82707e-15 -1.29924e-13 2.90679e-14
2.64 0.311317 8.52534e-14 0.688683 3.96676e-15 -1.31074e-13 2.98069e-14
2.65 0.324488 8.56312e-14 0.675512 3.91243e-15 -1.32214e-13 3.05868e-14
2.66 0.337798 8.6447e-14 0.662202 4.02399e-15 -1.33332e-13 3.14032e-14
2.67 0.351239 8.73372e-14 0.648761 4.02391e-15 -1.34428e-13 3.22554e-14
2.68 0.364798 8.82756e-14 0.635202 4.24581e-15 -1.35506e-13 3.31543e-14
2.69 0.378466 8.83559e-14 0.621534 4.32918e-15 -1.36572e-13 3.40989e-14
2.7 0.39223 8.93198e-14 0.60777 4.41204e-15 -1.37615e-13 3.50854e-14
2.71 0.406081 9.00786e-14 0.593919 4.51533e-15 -1.3863e-13 3.61337e-14
2.72 0.420007 9.16561e-14 0.579993 4.63164e-15 -1.39625e-13 3.72237e-14
2.73 0.433997 9.20576e-14 0.566003 4.76269e-15 -1.40598e-13 3.83583e-14
2.74 0.44804 9.35706e-14 0.55196 4.85135e-15 -1.41552e-13 3.95373e-14
2.75 0.462125 9.45018e-14 0.537875 4.90504e-15 -1.42486e-13 4.07566e-14
2.76 0.476239 9.39647e-14 0.523761 5.01461e-15 -1.4341e-13 4.20197e-14
2.77 0.490373 9.37686e-14 0.509627 5.10973e-15 -1.44319e-13 4.33264e-14
2.78 0.504515 9.50177e-14 0.495485 5.19922e-15 -1.45189e-13 4.46747e-14
2.79 0.518653 9.67687e-14 0.481347 5.31263e-15 -1.4606e-13 4.60738e-14
2.8 0.532775 9.91934e-14 0.467225 5.30922e-15 -1.46904e-13 4.75092e-14
2.81 0.546872 1.01278e-13 0.453128 5.30638e-15 -1.47727e-13 4.89775e-14
2.82 0.560931 1.02052e-13 0.439069 5.24759e-15 -1.48525e-13 5.04807e-14
2.83 0.574942 1.05667e-13 0.425058 5.32693e-15 -1.49299e-13 5.20319e-14
2.84 0.588892 1.08859e-13 0.411108 5.43362e-15 -1.50064e-13 5.36089e-14
2.85 0.602772 1.08569e-13 0.397228 5.48534e-15 -1.50794e-13 5.52215e-14
2.86 0.616569 1.09687e-13 0.383431 5.48113e-15 -1.51498e-13 5.68601e-14
2.87 0.630273 1.1124e-13 0.369727 5.47642e-15 -1.52177e-13 5.85312e-14
2.88 0.643873 1.11013e-13 0.356127 5.51382e-15 -1.52838e-13 6.02184e-14
2.89 0.657357 1.13403e-13 0.342643 5.49475e-15 -1.53478e-13 6.19372e-14
2.9 0.670716 1.14698e-13 0.329284 5.35077e-15 -1.54097e-13 6.36872e-14
2.91 0.683938 1.16044e-13 0.316062 5.3455e-15 -1.54688e-13 6.54653e-14
2.92 0.697013 1.19455e-13 0.302987 5.36708e-15 -1.55252e-13 6.7259e-14
2.93 0.709931 1.20907e-13 0.290069 5.36135e-15 -1.55787e-13 6.9067e-14
2.94 0.72268 1.22621e-13 0.27732 5.38337e-15 -1.56294e-13 7.08882e-14
2.95 0.735252 1.24132e-13 0.264748 5.40514e-15 -1.56762e-13 7.27282e-14
2.96 0.747635 1.26644e-13 0.252365 5.49637e-15 -1.57198e-13 7.45987e-14
2.97 0.75982 1.25908e-13 0.24018 5.5322e-15 -1.57612e-13 7.64807e-14
2.98 0.771797 1.30116e-13 0.228203 5.58104e-15 -1.58001e-13 7.83598e-14
2.99 0.783557 1.32121e-13 0.216443 5.53309e-15 -1.58378e-13 8.02383e-14
3 0.79509 1.3408e-13 0.20491 5.52661e-15 -1.58718e-13 8.21496e-14
3.01 0.806387 1.34414e-13 0.193613 5.58973e-15 -1.59044e-13 8.40438e-14
3.02 0.817439 1.34797e-13 0.182561 5.59728e-15 -1.59349e-13 8.59426e-14
3.03 0.828237 1.35588e-13 0.171763 5.54938e-15 -1.59608e-13 8.78343e-14
3.04 0.838772 1.36295e-13 0.161228 5.52886e-15 -1.59827e-13 8.97451e-14
3.05 0.849037 1.38048e-13 0.150963 5.48061e-15 -1.60026e-13 9.16578e-14
3.06 0.859022 1.3764e-13 0.140978 5.44624e-15 -1.60191e-13 9.35778e-14
3.07 0.86872 1.37946e-13 0.13128 5.46725e-15 -1.60342e-13 9.55129e-14
3.08 0.878123 1.39372e-13 0.121877 5.32822e-15 -1.60465e-13 9.7414e-14
3.09 0.887223 1.40076e-13 0.112777 5.29907e-15 -1.60556e-13 9.93256e-14
3.1 0.896014 1.4276e-13 0.103986 5.31403e-15 -1.60602e-13 1.01205e-13
3.11 0.904488 1.44097e-13 0.0955118 5.29305e-15 -1.60617e-13 1.03078e-13
3.12 0.912639 1.44469e-13 0.0873614 5.27202e-15 -1.60583e-13 1.04949e-13
3.13 0.920459 1.45032e-13 0.0795411 5.22312e-15 -1.60506e-13 1.06794e-13
3.14 0.927943 1.45105e-13 0.0720571 5.20884e-15 -1.60387e-13 1.08621e-13
3.15 0.935085 1.45605e-13 0.0649154 5.15627e-15 -1.60252e-13 1.1043e-13
3.16 0.941878 1.48624e-13 0.0581218 5.09318e-15 -1.60091e-13 1.122e-13
3.17 0.948318 1.50261e-13 0.0516817 5.0578e-15 -1.59906e-13 1.1395e-13
3.18 0.9544 1.50339e-13 0.0456002 4.96688e-15 -1.59668e-13 1.15677e-13
3.19 0.960118 1.51305e-13 0.0398821 4.9107e-15 -1.59399e-13 1.17377e-13
3.2 0.965468 1.51099e-13 0.0345322 4.85976e-15 -1.59059e-13 1.19041e-13
3.21 0.970445 1.53387e-13 0.0295546 4.78275e-15 -1.58685e-13 1.2068e-13
3.22 0.975047 1.56525e-13 0.0249533 4.70571e-15 -1.58288e-13 1.22321e-13
3.23 0.979268 1.54287e-13 0.0207321 4.63396e-15 -1.57862e-13 1.23932e-13
3.24 0.983106 1.55005e-13 0.0168942 4.5527e-15 -1.57402e-13 1.25458e-13
3.25 0.986557 1.53933e-13 0.0134428 4.44938e-15 -1.56909e-13 1.26934e-13
3.26 0.989619 1.53522e-13 0.0103806 4.35907e-15 -1.5638e-13 1.28329e-13
3.27 0.99229 1.52008e-13 0.00771003 4.16189e-15 -1.55816e-13 1.29696e-13
3.28 0.994567 1.51127e-13 0.00543331 3.99424e-15 -1.55214e-13 1.31023e-13
3.29 0.996448 1.53326e-13 0.00355221 4.01399e-15 -1.54535e-13 1.3231e-13
3.3 0.997932 1.54275e-13 0.00206824 3.90696e-15 -1.53827e-13 1.33555e-13
3.31 0.999017 1.54523e-13 0.000982582 3.82455e-15 -1.53076e-13 1.34742e-13
3.32 0.999704 1.53973e-13 0.000296114 3.62589e-15 -1.52282e-13 1.35914e-13
3.33 0.999991 1.55063e-13 9.38107e-06 3.51672e-15 -1.5144e-13 1.3705e-13
3.34 0.999877 1.5591e-13 0.000122612 3.4233e-15 -1.50544e-13 1.38129e-13
3.35 0.999364 1.52317e-13 0.000635717 3.2935e-15 -1.49595e-13 1.39144e-13
3.36 0.998452 1.52495e-13 0.00154829 3.17749e-15 -1.48617e-13 1.40112e-13
3.37 0.99714 1.51801e-13 0.00285959 3.05726e-15 -1.47596e-13 1.41025e-13
3.38 0.995431 1.53184e-13 0.00456857 2.85027e-15 -1.46541e-13 1.41884e-13
3.39 0.993326 1.51792e-13 0.00667387 2.74266e-15 -1.45439e-13 1.42677e-13
3.4 0.990826 1.50673e-13 0.00917381 2.60842e-15 -1.44288e-13 1.43438e-13
3.41 0.987934 1.50083e-13 0.0120664 2.49644e-15 -1.43071e-13 1.44172e-13
3.42 0.984651 1.47e-13 0.0153493 2.34124e-15 -1.4181e-13 1.44847e-13
3.43 0.98098 1.45235e-13 0.0190198 2.16796e-15 -1.40511e-13 1.45466e-13
3.44 0.976925 1.42931e-13 0.0230752 2.02175e-15 -1.39185e-13 1.46004e-13
3.45 0.972488 1.40218e-13 0.027512 1.8896e-15 -1.37833e-13 1.46492e-13
3.46 0.967673 1.35813e-13 0.0323268 1.75587e-15 -1.36438e-13 1.46907e-13
3.47 0.962484 1.34798e-13 0.0375158 1.62228e-15 -1.35027e-13 1.47254e-13
3.48 0.956925 1.33169e-13 0.0430747 1.43686e-15 -1.33593e-13 1.47524e-13
3.49 0.951001 1.32788e-13 0.0489991 1.2932e-15 -1.32124e-13 1.47731e-13
3.5 0.944716 1.33475e-13 0.0552842 1.12184e-15 -1.30626e-13 1.47858e-13
3.51 0.938075 1.3311e-13 0.0619252 1.01328e-15 -1.29068e-13 1.47882e-13
3.52 0.931083 1.33862e-13 0.0689165 8.30364e-16 -1.27465e-13 1.47813e-13
3.53 0.923747 1.33349e-13 0.0762527 6.47515e-16 -1.25827e-13 1.477e-13
3.54 0.916072 1.32334e-13 0.0839279 5.04813e-16 -1.24151e-13 1.47528e-13
3.55 0.908064 1.32778e-13 0.0919359 3.44921e-16 -1.22446e-13 1.47288e-13
3.56 0.89973 1.30487e-13 0.10027 2.02872e-16 -1.20695e-13 1.46972e-13
3.57 0.891075 1.31335e-13 0.108925 -2.24888e-17 -1.189e-13 1.46588e-13
3.58 0.882108 1.30155e-13 0.117892 -1.53952e-16 -1.17066e-13 1.46132e-13
3.59 0.872836 1.2864e-13 0.127164 -1.67268e-16 -1.15197e-13 1.45587e-13
3.6 0.863265 1.29829e-13 0.136735 -4.75607e-16 -1.13294e-13 1.44955e-13
3.61 0.853403 1.30894e-13 0.146597 -5.85965e-16 -1.11343e-13 1.44219e-13
3.62 0.843259 1.30562e-13 0.156741 -7.20337e-16 -1.0937e-13 1.43412e-13
3.63 0.83284 1.28782e-13 0.16716 -8.50888e-16 -1.0735e-13 1.42514e-13
3.64 0.822155 1.30104e-13 0.177845 -9.64099e-16 -1.05283e-13 1.41502e-13
3.65 0.811212 1.31002e-13 0.188788 -1.04937e-15 -1.03186e-13 1.40407e-13
3.66 0.800021 1.2942e-13 0.199979 -1.17565e-15 -1.01043e-13 1.3922e-13
3.67 0.788589 1.28767e-13 0.211411 -1.36403e-15 -9.8866e-14 1.3798e-13
3.68 0.776926 1.2782e-13 0.223074 -1.4274e-15 -9.6652e-14 1.36649e-13
3.69 0.765042 1.29014e-13 0.234958 -1.61025e-15 -9.43997e-14 1.3522e-13
3.7 0.752946 1.29841e-13 0.247054 -1.7624e-15 -9.21141e-14 1.33703e-13
3.71 0.740647 1.30059e-13 0.259353 -1.84639e-15 -8.97959e-14 1.321e-13
3.72 0.728156 1.28444e-13 0.271844 -1.92954e-15 -8.74538e-14 1.30426e-13
3.73 0.715483 1.2772e-13 0.284517 -2.01288e-15 -8.50785e-14 1.28679e-13
3.74 0.702637 1.28782e-13 0.297363 -2.04116e-15 -8.26837e-14 1.26867e-13
3.75 0.689629 1.27312e-13 0.310371 -2.17956e-15 -8.0264e-14 1.24999e-13
3.76 0.676469 1.26306e-13 0.323531 -2.3179e-15 -7.7816e-14 1.2307e-13
3.77 0.663169 1.25271e-13 0.336831 -2.34447e-15 -7.53436e-14 1.21101e-13
3.78 0.649737 1.23695e-13 0.350263 -2.41287e-15 -7.28484e-14 1.19056e-13
3.79 0.636186 1.21476e-13 0.363814 -2.61952e-15 -7.03298e-14 1.16959e-13
3.8 0.622526 1.21153e-13 0.377474 -2.8263e-15 -6.77955e-14 1.14792e-13
3.81 0.608768 1.19759e-13 0.391232 -2.92267e-15 -6.52548e-14 1.12554e-13
3.82 0.594923 1.18606e-13 0.405077 -3.15709e-15 -6.26896e-14 1.10254e-13
3.83 0.581002 1.1675e-13 0.418998 -3.25193e-15 -6.00954e-14 1.07894e-13
3.84 0.567016 1.1468e-13 0.432984 -3.33305e-15 -5.74825e-14 1.05474e-13
3.85 0.552977 1.13341e-13 0.447023 -3.55366e-15 -5.4851e-14 1.03001e-13
3.86 0.538895 1.12437e-13 0.461105 -3.66276e-15 -5.21963e-14 1.00481e-13
3.87 0.524782 1.11923e-13 0.475218 -3.74432e-15 -4.95287e-14 9.79073e-14
3.88 0.510649 1.10376e-13 0.489351 -3.88765e-15 -4.6854e-14 9.52776e-14
3.89 0.496508 1.10406e-13 0.503492 -4.01797e-15 -4.41671e-14 9.2598e-14
3.9 0.482369 1.08303e-13 0.517631 -4.12553e-15 -4.14641e-14 8.98782e-14
3.91 0.468245 1.06427e-13 0.531755 -4.23358e-15 -3.87399e-14 8.71137e-14
3.92 0.454146 1.06611e-13 0.545854 -4.45392e-15 -3.60143e-14 8.43121e-14
3.93 0.440084 1.05563e-13 0.559916 -4.618e-15 -3.32789e-14 8.14716e-14
3.94 0.426069 1.04862e-13 0.573931 -4.78127e-15 -3.05416e-14 7.85951e-14
3.95 0.412114 1.03409e-13 0.587886 -4.77746e-15 -2.78015e-14 7.56829e-14
3.96 0.398229 1.02364e-13 0.601771 -4.80105e-15 -2.506e-14 7.2747e-14
3.97 0.384426 1.00587e-13 0.615574 -4.82447e-15 -2.2315e-14 6.97809e-14
3.98 0.370715 1.00515e-13 0.629285 -4.98914e-15 -1.95749e-14 6.67929e-14
3.99 0.357107 9.92386e-14 0.642893 -5.26255e-15 -1.68297e-14 6.37779e-14
4 0.343614 9.87361e-14 0.656386 -5.31501e-15 -1.40846e-14 6.07475e-14
4.01 0.330245 9.76631e-14 0.669755 -5.39433e-15 -1.13264e-14 5.76904e-14
4.02 0.317013 9.61585e-14 0.682987 -5.63949e-15 -8.55613e-15 5.46066e-14
4.03 0.303927 9.4904e-14 0.696073 -5.91274e-15 -5.76062e-15 5.15027e-14
4.04 0.290998 9.46684e-14 0.709002 -5.96568e-15 -2.9585e-15 4.83859e-14
4.05 0.278236 9.38263e-14 0.721764 -6.01726e-15 -1.46297e-16 4.52567e-14
4.06 0.265651 9.35734e-14 0.734349 -6.29107e-15 2.6787e-15 4.21194e-14
4.07 0.253254 9.25965e-14 0.746746 -6.36871e-15 5.51281e-15 3.89749e-14
4.08 0.241054 9.30686e-14 0.758946 -6.45188e-15 8.35105e-15 3.5829e-14
4.09 0.229061 9.2575e-14 0.770939 -6.47488e-15 1.1193e-14 3.26827e-14
4.1 0.217286 9.21187e-14 0.782714 -6.49834e-15 1.40352e-14 2.95424e-14
4.11 0.205736 9.11002e-14 0.794264 -6.54739e-15 1.68811e-14 2.64126e-14
4.12 0.194422 9.01915e-14 0.805578 -6.81897e-15 1.97215e-14 2.32909e-14
4.13 0.183352 9.00735e-14 0.816648 -6.84209e-15 2.25522e-14 2.01858e-14
4.14 0.172535 8.9631e-14 0.827465 -6.94888e-15 2.53719e-14 1.7095e-14
4.15 0.16198 8.91237e-14 0.83802 -6.97191e-15 2.81838e-14 1.4023e-14
4.16 0.151696 8.85962e-14 0.848304 -7.01394e-15 3.09822e-14 1.09702e-14
4.17 0.141691 8.84272e-14 0.858309 -7.02091e-15 3.37695e-14 7.93977e-15
4.18 0.131972 8.80393e-14 0.868028 -7.00423e-15 3.65482e-14 4.93449e-15
4.19 0.122547 8.75424e-14 0.877453 -7.40126e-15 3.93146e-14 1.94676e-15
4.2 0.113424 8.70671e-14 0.886576 -7.17495e-15 4.20642e-14 -1.01822e-15
4.21 0.104611 8.63782e-14 0.895389 -7.22454e-15 4.48002e-14 -3.94321e-15
4.22 0.0961137 8.60976e-14 0.903886 -7.05408e-15 4.75219e-14 -6.83095e-15
4.23 0.0879397 8.56958e-14 0.91206 -7.24342e-15 5.02299e-14 -9.67065e-15
4.24 0.0800953 8.53175e-14 0.919905 -7.21023e-15 5.29229e-14 -1.24708e-14
4.25 0.0725868 8.49964e-14 0.927413 -7.09233e-15 5.56031e-14 -1.52189e-14
4.26 0.0654202 8.46603e-14 0.93458 -7.08858e-15 5.82794e-14 -1.79155e-14
4.27 0.0586012 8.45143e-14 0.941399 -7.20979e-15 6.09409e-14 -2.05661e-14
4.28 0.0521353 8.40489e-14 0.947865 -7.18761e-15 6.35992e-14 -2.31755e-14
4.29 0.0460277 8.37897e-14 0.953972 -7.21088e-15 6.6246e-14 -2.57394e-14
4.3 0.0402833 8.34394e-14 0.959717 -7.17666e-15 6.88956e-14 -2.82511e-14
4.31 0.0349065 8.31447e-14 0.965093 -7.2279e-15 7.15399e-14 -3.07053e-14
4.32 0.0299019 8.29111e-14 0.970098 -7.2245e-15 7.4191e-14 -3.31128e-14
4.33 0.0252733 8.26517e-14 0.974727 -7.18219e-15 7.68531e-14 -3.5465e-14
4.34 0.0210244 8.24826e-14 0.978976 -7.16013e-15 7.95136e-14 -3.77609e-14
4.35 0.0171587 8.23306e-14 0.982841 -7.2104e-15 8.21893e-14 -3.99984e-14
4.36 0.0136793 8.21763e-14 0.986321 -7.2084e-15 8.48678e-14 -4.21788e-14
4.37 0.0105889 8.20174e-14 0.989411 -7.19048e-15 8.75587e-14 -4.43048e-14
4.38 0.00788993 8.18786e-14 0.99211 -7.08843e-15 9.02637e-14 -4.63579e-14
4.39 0.00558466 8.176e-14 0.994415 -7.08354e-15 9.29723e-14 -4.83402e-14
4.4 0.0036749 8.16564e-14 0.996325 -7.13599e-15 9.5694e-14 -5.02618e-14
4.41 0.00216218 8.15612e-14 0.997838 -7.07722e-15 9.84183e-14 -5.21109e-14
4.42 0.00104769 8.1467e-14 0.998952 -7.01867e-15 1.01155e-13 -5.38919e-14
4.43 0.000332342 8.13828e-14 0.999668 -7.18168e-15 1.03904e-13 -5.56014e-14
4.44 1.66967e-05 8.13108e-14 0.999983 -7.17645e-15 1.06655e-13 -5.72285e-14
4.45 0.00010101 8.12435e-14 0.999899 -7.00747e-15 1.09415e-13 -5.8777e-14
4.46 0.000585214 8.11806e-14 0.999415 -7.00605e-15 1.1217e-13 -6.02435e-14
4.47 0.00146892 8.11236e-14 0.998531 -7.00343e-15 1.14932e-13 -6.16282e-14
4.48 0.00275143 8.10805e-14 0.997249 -6.77962e-15 1.17687e-13 -6.29307e-14
4.49 0.0044317 8.10421e-14 0.995568 -6.66664e-15 1.20443e-13 -6.41375e-14
4.5 0.0065084 8.09977e-14 0.993492 -6.71816e-15 1.23189e-13 -6.52406e-14
4.51 0.00897987 8.09802e-14 0.99102 -6.41121e-15 1.2593e-13 -6.62403e-14
4.52 0.0118441 8.09799e-14 0.988156 -6.27011e-15 1.28654e-13 -6.71428e-14
4.53 0.0150989 8.10196e-14 0.984901 -6.18716e-15 1.31365e-13 -6.7951e-14
4.54 0.0187415 8.0982e-14 0.981258 -6.2691e-15 1.34055e-13 -6.86568e-14
4.55 0.0227691 8.09282e-14 0.977231 -6.26462e-15 1.36727e-13 -6.92532e-14
4.56 0.0271785 8.09352e-14 0.972821 -6.26185e-15 1.3937e-13 -6.97282e-14
4.57 0.0319661 8.08996e-14 0.968034 -6.2048e-15 1.41981e-13 -7.00942e-14
4.58 0.0371282 8.09692e-14 0.962872 -6.14986e-15 1.44552e-13 -7.03433e-14
4.59 0.0426604 8.10263e-14 0.95734 -5.92731e-15 1.47084e-13 -7.04824e-14
4.6 0.0485586 8.09224e-14 0.951441 -5.64752e-15 1.49576e-13 -7.05027e-14
4.61 0.0548178 8.09675e-14 0.945182 -5.46809e-15 1.52018e-13 -7.04041e-14
4.62 0.0614332 8.10882e-14 0.938567 -5.37145e-15 1.54408e-13 -7.01871e-14
4.63 0.0683994 8.10011e-14 0.931601 -5.34299e-15 1.56748e-13 -6.98387e-14
4.64 0.0757109 8.10953e-14 0.924289 -5.14944e-15 1.59026e-13 -6.93631e-14
4.65 0.0833618 8.13658e-14 0.916638 -5.01372e-15 1.61238e-13 -6.87648e-14
4.66 0.0913459 8.14253e-14 0.908654 -4.70796e-15 1.63385e-13 -6.80408e-14
4.67 0.099657 8.16195e-14 0.900343 -4.54318e-15 1.65455e-13 -6.71862e-14
4.68 0.108288 8.20112e-14 0.891712 -4.43437e-15 1.67446e-13 -6.62051e-14
4.69 0.117233 8.19021e-14 0.882767 -4.23885e-15 1.6936e-13 -6.50912e-14
4.7 0.126484 8.21576e-14 0.873516 -3.87818e-15 1.71187e-13 -6.38388e-14
4.71 0.136033 8.21194e-14 0.863967 -3.54483e-15 1.72925e-13 -6.24524e-14
4.72 0.145874 8.24794e-14 0.854126 -3.28032e-15 1.74576e-13 -6.09225e-14
4.73 0.155998 8.25555e-14 0.844002 -3.10462e-15 1.76131e-13 -5.92552e-14
4.74 0.166398 8.25987e-14 0.833602 -2.93924e-15 1.77583e-13 -5.74469e-14
4.75 0.177064 8.25257e-14 0.822936 -2.66297e-15 1.78933e-13 -5.55023e-14
4.76 0.187988 8.28146e-14 0.812012 -2.52758e-15 1.8018e-13 -5.34178e-14
4.77 0.199162 8.31587e-14 0.800838 -2.44732e-15 1.81324e-13 -5.11989e-14
4.78 0.210577 8.31659e-14 0.789423 -2.22694e-15 1.82362e-13 -4.88424e-14
4.79 0.222223 8.32835e-14 0.777777 -2.14572e-15 1.83289e-13 -4.63493e-14
4.8 0.234092 8.3725e-14 0.765908 -1.95545e-15 1.84108e-13 -4.37246e-14
4.81 0.246173 8.45425e-14 0.753827 -1.5707e-15 1.84825e-13 -4.09656e-14
4.82 0.258457 8.4741e-14 0.741543 -1.32351e-15 1.85434e-13 -3.80797e-14
4.83 0.270934 8.4993e-14 0.729066 -1.1444e-15 1.85938e-13 -3.50747e-14
4.84 0.283595 8.50927e-14 0.716405 -7.42823e-16 1.86337e-13 -3.19483e-14
4.85 0.296429 8.56199e-14 0.703571 -4.14247e-16 1.86633e-13 -2.87065e-14
4.86 0.309425 8.53566e-14 0.690575 -2.9071e-16 1.86822e-13 -2.53538e-14
4.87 0.322574 8.55277e-14 0.677426 -1.12623e-16 1.86913e-13 -2.18964e-14
4.88 0.335865 8.53335e-14 0.664135 2.47332e-16 1.86896e-13 -1.83383e-14
4.89 0.349288 8.55559e-14 0.650712 4.40315e-16 1.86773e-13 -1.46849e-14
4.9 0.36283 8.57207e-14 0.63717 6.32117e-16 1.86549e-13 -1.09378e-14
4.91 0.376483 8.60552e-14 0.623517 7.95587e-16 1.86228e-13 -7.10266e-15
4.92 0.390234 8.50913e-14 0.609766 1.07188e-15 1.85814e-13 -3.18595e-15
4.93 0.404073 8.56233e-14 0.595927 1.12443e-15 1.8531e-13 7.99472e-16
4.94 0.417989 8.44632e-14 0.582011 1.26316e-15 1.84732e-13 4.8383e-15
4.95 0.431971 8.44318e-14 0.568029 1.46986e-15 1.84089e-13 8.9179e-15
4.96 0.446007 8.3901e-14 0.553993 1.62071e-15 1.83376e-13 1.3042e-14
4.97 0.460086 8.39532e-14 0.539914 1.95129e-15 1.82601e-13 1.72027e-14
4.98 0.474197 8.38367e-14 0.525803 2.17066e-15 1.81769e-13 2.13852e-14
4.99 0.488329 8.40465e-14 0.511671 2.50077e-15 1.80882e-13 2.55875e-14
5 0.50247 8.40318e-14 0.49753 2.66238e-15 1.79954e-13 2.98045e-14
