0 0 0 1 0 0 0
0.01 8.49388e-05 1.36038e-16 0.999915 2.62283e-15 1.35437e-15 -3.88945e-15
0.02 0.000339719 5.08118e-16 0.99966 2.53096e-15 2.66906e-15 -7.8434e-15
0.03 0.000764215 1.20618e-15 0.999236 2.42167e-15 3.93918e-15 -1.16838e-14
0.04 0.00135815 2.25111e-15 0.998642 2.28116e-15 5.16524e-15 -1.54315e-14
0.05 0.00212116 3.53578e-15 0.99788 2.14367e-15 6.34547e-15 -1.92334e-14
0.06 0.00305282 5.2069e-15 0.996949 2.02614e-15 7.47978e-15 -2.30502e-14
0.07 0.00415258 7.00913e-15 0.99585 1.91512e-15 8.5675e-15 -2.6997e-14
0.08 0.00541976 8.83442e-15 0.994583 1.79022e-15 9.60887e-15 -3.09157e-14
0.09 0.00685366 1.04393e-14 0.99315 1.60981e-15 1.06026e-14 -3.48257e-14
0.1 0.00845369 1.32566e-14 0.991551 1.51268e-15 1.15488e-14 -3.87183e-14
0.11 0.0102188 1.58606e-14 0.989786 1.34615e-15 1.24494e-14 -4.26305e-14
0.12 0.012148 1.94054e-14 0.987858 1.27674e-15 1.33006e-14 -4.65348e-14
0.13 0.0142402 2.08342e-14 0.985767 1.11024e-15 1.41014e-14 -5.03935e-14
0.14 0.0164943 2.33908e-14 0.983514 9.43702e-16 1.48502e-14 -5.42469e-14
0.15 0.0189089 2.64635e-14 0.9811 5.55122e-16 1.55435e-14 -5.81619e-14
0.16 0.0214828 3.25892e-14 0.978527 3.33054e-16 1.61854e-14 -6.2043e-14
0.17 0.0242144 3.77048e-14 0.975797 1.66514e-16 1.6773e-14 -6.59152e-14
0.18 0.0271024 4.55895e-14 0.97291 -1.66578e-16 1.73088e-14 -6.97217e-14
0.19 0.030145 5.09626e-14 0.969869 -7.21694e-16 1.77923e-14 -7.34746e-14
0.2 0.0333407 5.30813e-14 0.966674 -8.32697e-16 1.82249e-14 -7.71816e-14
0.21 0.0366876 5.51988e-14 0.963328 -1.05126e-15 1.86046e-14 -8.09085e-14
0.22 0.0401839 6.06751e-14 0.959833 -1.19352e-15 1.89323e-14 -8.46233e-14
0.23 0.0438278 6.77963e-14 0.95619 -1.2768e-15 1.9206e-14 -8.82795e-14
0.24 0.0476171 7.47144e-14 0.952402 -1.44336e-15 1.94285e-14 -9.18773e-14
0.25 0.0515499 7.53143e-14 0.94847 -1.6099e-15 1.95914e-14 -9.53894e-14
0.26 0.055624 7.83392e-14 0.944397 -1.94298e-15 1.96998e-14 -9.88599e-14
0.27 0.0598372 8.41644e-14 0.940185 -2.27609e-15 1.97436e-14 -1.02268e-13
0.28 0.0641873 8.69115e-14 0.935836 -2.36284e-15 1.97303e-14 -1.05586e-13
0.29 0.0686718 9.0818e-14 0.931352 -2.43225e-15 1.96671e-14 -1.08833e-13
0.3 0.0732885 9.49211e-14 0.926736 -2.4982e-15 1.95608e-14 -1.12031e-13
0.31 0.0780349 9.84568e-14 0.92199 -2.56759e-15 1.9408e-14 -1.15111e-13
0.32 0.0829084 1.03028e-13 0.917118 -2.63006e-15 1.92045e-14 -1.18161e-13
0.33 0.0879064 1.08263e-13 0.91212 -2.74806e-15 1.89604e-14 -1.21101e-13
0.34 0.0930264 1.05136e-13 0.907001 -2.83128e-15 1.86723e-14 -1.23911e-13
0.35 0.0982656 1.06635e-13 0.901762 -2.99776e-15 1.83501e-14 -1.26616e-13
0.36 0.103621 1.16321e-13 0.896407 -2.9423e-15 1.79917e-14 -1.29215e-13
0.37 0.109091 1.25481e-13 0.890938 -2.99095e-15 1.75951e-14 -1.31705e-13
0.38 0.114672 1.28778e-13 0.885358 -2.99798e-15 1.71726e-14 -1.34085e-13
0.39 0.12036 1.30994e-13 0.87967 -3.05355e-15 1.67374e-14 -1.36392e-13
0.4 0.126154 1.33381e-13 0.873877 -3.05358e-15 1.62715e-14 -1.38689e-13
0.41 0.13205 1.31117e-13 0.867981 -2.94264e-15 1.57673e-14 -1.40918e-13
0.42 0.138045 1.28464e-13 0.861986 -2.99807e-15 1.52218e-14 -1.43114e-13
0.43 0.144137 1.4113e-13 0.855895 -2.99823e-15 1.46522e-14 -1.45276e-13
0.44 0.150321 1.40681e-13 0.849711 -2.94273e-15 1.40469e-14 -1.47377e-13
0.45 0.156596 1.58179e-13 0.843436 -2.99841e-15 1.34129e-14 -1.49433e-13
0.46 0.162958 1.49882e-13 0.837075 -3.10951e-15 1.27374e-14 -1.51476e-13
0.47 0.169404 1.39442e-13 0.830629 -3.1649e-15 1.20389e-14 -1.53507e-13
0.48 0.175931 1.32647e-13 0.824103 -3.2759e-15 1.1287e-14 -1.55498e-13
0.49 0.182535 1.40387e-13 0.817499 -3.38702e-15 1.05081e-14 -1.57427e-13
0.5 0.189213 1.23307e-13 0.810821 -3.33139e-15 9.69117e-15 -1.59316e-13
0.51 0.195963 1.26878e-13 0.804072 -3.49801e-15 8.84835e-15 -1.61166e-13
0.52 0.202781 1.39999e-13 0.797254 -3.49816e-15 7.97865e-15 -1.62971e-13
0.53 0.209663 1.38696e-13 0.790372 -3.63702e-15 7.08382e-15 -1.64744e-13
0.54 0.216608 1.44499e-13 0.783428 -3.7759e-15 6.17212e-15 -1.66459e-13
0.55 0.22361 1.46328e-13 0.776426 -3.77591e-15 5.23535e-15 -1.68112e-13
0.56 0.230668 1.61831e-13 0.769368 -3.91491e-15 4.28041e-15 -1.69712e-13
0.57 0.237778 1.61035e-13 0.762259 -3.99815e-15 3.31544e-15 -1.71289e-13
0.58 0.244936 1.64657e-13 0.755101 -4.15085e-15 2.33277e-15 -1.72771e-13
0.59 0.25214 1.65829e-13 0.747897 -4.24803e-15 1.31468e-15 -1.74185e-13
0.6 0.259386 1.62735e-13 0.740652 -4.33131e-15 2.69605e-16 -1.75526e-13
0.61 0.266672 1.75017e-13 0.733366 -4.38698e-15 -7.88073e-16 -1.76807e-13
0.62 0.273993 1.79558e-13 0.726045 -4.8866e-15 -1.83926e-15 -1.78032e-13
0.63 0.281347 1.71039e-13 0.718692 -4.83105e-15 -2.90556e-15 -1.79183e-13
0.64 0.288731 1.72818e-13 0.711308 -4.88664e-15 -3.98561e-15 -1.80282e-13
0.65 0.296141 1.6517e-13 0.703898 -5.05321e-15 -5.08291e-15 -1.81344e-13
0.66 0.303575 1.56754e-13 0.696464 -5.05307e-15 -6.19071e-15 -1.82364e-13
0.67 0.31103 1.56605e-13 0.689011 -5.02544e-15 -7.29365e-15 -1.83323e-13
0.68 0.318501 1.54305e-13 0.681539 -5.16422e-15 -8.40901e-15 -1.84201e-13
0.69 0.325987 1.52466e-13 0.674054 -5.24762e-15 -9.52918e-15 -1.85042e-13
0.7 0.333484 1.60011e-13 0.666557 -5.21999e-15 -1.06446e-14 -1.85832e-13
0.71 0.34099 1.84636e-13 0.659052 -5.30354e-15 -1.17662e-14 -1.8657e-13
0.72 0.348501 1.9958e-13 0.651541 -5.41482e-15 -1.28898e-14 -1.87262e-13
0.73 0.356015 2.00557e-13 0.644028 -5.45832e-15 -1.40054e-14 -1.87933e-13
0.74 0.363528 2.0889e-13 0.636515 -5.58168e-15 -1.51205e-14 -1.88538e-13
0.75 0.371038 2.10026e-13 0.629005 -5.8315e-15 -1.62353e-14 -1.89082e-13
0.76 0.378543 2.07348e-13 0.621501 -5.92864e-15 -1.7358e-14 -1.89513e-13
0.77 0.386039 1.95375e-13 0.614005 -6.05341e-15 -1.84753e-14 -1.89871e-13
0.78 0.393523 1.89252e-13 0.606521 -6.19557e-15 -1.95931e-14 -1.90196e-13
0.79 0.400994 1.96195e-13 0.599051 -6.49752e-15 -2.07046e-14 -1.90503e-13
0.8 0.408448 2.07544e-13 0.591597 -6.45611e-15 -2.18061e-14 -1.90756e-13
0.81 0.415883 2.12811e-13 0.584162 -6.65046e-15 -2.28946e-14 -1.90956e-13
0.82 0.423297 2.21067e-13 0.576748 -6.76146e-15 -2.39672e-14 -1.91097e-13
0.83 0.430686 1.99944e-13 0.569359 -6.88622e-15 -2.50135e-14 -1.91233e-13
0.84 0.43805 2.02704e-13 0.561996 -6.85851e-15 -2.60801e-14 -1.91327e-13
0.85 0.445384 2.08403e-13 0.554661 -6.99732e-15 -2.71745e-14 -1.91394e-13
0.86 0.452688 2.1678e-13 0.547358 -7.19175e-15 -2.82505e-14 -1.91393e-13
0.87 0.459959 2.07271e-13 0.540087 -7.19162e-15 -2.93418e-14 -1.91363e-13
0.88 0.467194 2.10787e-13 0.532852 -7.41368e-15 -3.04085e-14 -1.91316e-13
0.89 0.474391 2.14522e-13 0.525655 -7.35823e-15 -3.14315e-14 -1.91215e-13
0.9 0.48155 2.09211e-13 0.518497 -7.55249e-15 -3.2439e-14 -1.91075e-13
0.91 0.488666 2.32845e-13 0.51138 -7.69148e-15 -3.34179e-14 -1.90873e-13
0.92 0.49574 2.40172e-13 0.504307 -7.69155e-15 -3.43266e-14 -1.90692e-13
0.93 0.502768 2.37916e-13 0.497279 -7.6638e-15 -3.52672e-14 -1.90453e-13
0.94 0.509749 2.37803e-13 0.490298 -7.69158e-15 -3.61444e-14 -1.9016e-13
0.95 0.516681 2.37789e-13 0.483367 -7.72118e-15 -3.70025e-14 -1.89884e-13
0.96 0.523562 2.39754e-13 0.476485 -7.60807e-15 -3.78532e-14 -1.89596e-13
0.97 0.530391 2.60193e-13 0.469656 -7.69155e-15 -3.86648e-14 -1.89265e-13
0.98 0.537166 2.78672e-13 0.462881 -7.66392e-15 -3.9467e-14 -1.88955e-13
0.99 0.543886 2.81549e-13 0.456162 -7.60841e-15 -4.01917e-14 -1.88696e-13
1 0.550549 2.86293e-13 0.449499 -7.58068e-15 -4.08486e-14 -1.8847e-13
1.01 0.557154 2.96758e-13 0.442894 -7.66405e-15 -4.15324e-14 -1.88185e-13
1.02 0.563699 2.80306e-13 0.436349 -7.56666e-15 -4.21964e-14 -1.87851e-13
1.03 0.570183 2.82759e-13 0.429865 -7.49729e-15 -4.28823e-14 -1.87483e-13
1.04 0.576605 2.95035e-13 0.423443 -7.48347e-15 -4.35401e-14 -1.87063e-13
1.05 0.582964 2.95255e-13 0.417084 -7.30311e-15 -4.41732e-14 -1.86635e-13
1.06 0.589259 2.80285e-13 0.41079 -7.07393e-15 -4.48191e-14 -1.86153e-13
1.07 0.595488 2.88693e-13 0.404561 -6.99072e-15 -4.53782e-14 -1.85632e-13
1.08 0.601651 2.87628e-13 0.398398 -6.85879e-15 -4.59372e-14 -1.85131e-13
1.09 0.607746 2.92288e-13 0.392303 -6.96981e-15 -4.63905e-14 -1.84596e-13
1.1 0.613773 2.79703e-13 0.386276 -6.94177e-15 -4.68489e-14 -1.84079e-13
1.11 0.619731 2.8001e-13 0.380319 -6.83074e-15 -4.72179e-14 -1.83501e-13
1.12 0.625619 2.99802e-13 0.37443 -6.76139e-15 -4.75872e-14 -1.82911e-13
1.13 0.631437 3.02576e-13 0.368613 -6.6642e-15 -4.79231e-14 -1.82268e-13
1.14 0.637184 3.01571e-13 0.362867 -6.71962e-15 -4.82453e-14 -1.81606e-13
1.15 0.642858 2.7598e-13 0.357192 -6.70558e-15 -4.85864e-14 -1.80946e-13
1.16 0.648461 2.77762e-13 0.35159 -6.60139e-15 -4.88896e-14 -1.80253e-13
1.17 0.65399 2.7653e-13 0.34606 -6.60819e-15 -4.91693e-14 -1.79551e-13
1.18 0.659447 2.64676e-13 0.340604 -6.52487e-15 -4.94444e-14 -1.78887e-13
1.19 0.66483 2.71456e-13 0.335221 -6.52488e-15 -4.97707e-14 -1.78292e-13
1.2 0.670138 2.76566e-13 0.329912 -6.49712e-15 -5.0051e-14 -1.77655e-13
1.21 0.675373 3.0267e-13 0.324678 -6.44183e-15 -5.03599e-14 -1.77096e-13
1.22 0.680533 3.10538e-13 0.319518 -6.55648e-15 -5.065e-14 -1.76546e-13
1.23 0.685619 3.07499e-13 0.314433 -6.66394e-15 -5.09664e-14 -1.76026e-13
1.24 0.690629 3.06804e-13 0.309422 -6.57004e-15 -5.13133e-14 -1.75512e-13
1.25 0.695565 3.00165e-13 0.304486 -6.58425e-15 -5.1705e-14 -1.74967e-13
1.26 0.700425 3.13215e-13 0.299626 -6.56658e-15 -5.21276e-14 -1.74521e-13
1.27 0.705211 3.15158e-13 0.29484 -6.55269e-15 -5.24631e-14 -1.74062e-13
1.28 0.709922 3.18215e-13 0.290129 -6.63592e-15 -5.27893e-14 -1.73649e-13
1.29 0.714558 3.42321e-13 0.285493 -6.80256e-15 -5.30568e-14 -1.73257e-13
1.3 0.719119 3.28706e-13 0.280932 -6.73045e-15 -5.33223e-14 -1.72865e-13
1.31 0.723606 3.25718e-13 0.276445 -6.44156e-15 -5.35664e-14 -1.72468e-13
1.32 0.728018 3.24226e-13 0.272033 -6.35827e-15 -5.3768e-14 -1.72118e-13
1.33 0.732356 3.1838e-13 0.267695 -6.24708e-15 -5.39586e-14 -1.71755e-13
1.34 0.73662 3.36648e-13 0.26343 -6.15867e-15 -5.4135e-14 -1.71374e-13
1.35 0.740811 3.37321e-13 0.25924 -5.81627e-15 -5.42363e-14 -1.71e-13
1.36 0.744928 3.30036e-13 0.255122 -5.10904e-15 -5.43073e-14 -1.70647e-13
1.37 0.748972 3.1403e-13 0.251078 -4.2484e-15 -5.44484e-14 -1.7024e-13
1.38 0.752944 3.13269e-13 0.247106 -3.70016e-15 -5.45604e-14 -1.69845e-13
1.39 0.756844 3.13027e-13 0.243206 -3.08256e-15 -5.46755e-14 -1.69403e-13
1.4 0.760673 3.1633e-13 0.239378 -2.37476e-15 -5.47512e-14 -1.6896e-13
1.41 0.76443 3.1755e-13 0.23562 -1.59753e-15 -5.48344e-14 -1.68521e-13
1.42 0.768116 3.1898e-13 0.231934 -6.95529e-16 -5.49235e-14 -1.68142e-13
1.43 0.771733 3.21167e-13 0.228317 9.55509e-17 -5.51312e-14 -1.67713e-13
1.44 0.77528 3.21468e-13 0.22477 1.01153e-15 -5.52929e-14 -1.67396e-13
1.45 0.778758 3.29307e-13 0.221292 2.06623e-15 -5.54768e-14 -1.67118e-13
1.46 0.782167 3.26728e-13 0.217882 3.12099e-15 -5.56648e-14 -1.6687e-13
1.47 0.785509 3.35458e-13 0.21454 4.32832e-15 -5.59267e-14 -1.66638e-13
1.48 0.788784 3.3977e-13 0.211265 5.34133e-15 -5.63208e-14 -1.66459e-13
1.49 0.791993 3.43552e-13 0.208057 6.49317e-15 -5.67405e-14 -1.6619e-13
1.5 0.795135 3.38849e-13 0.204914 7.75608e-15 -5.71001e-14 -1.65997e-13
1.51 0.798213 3.23296e-13 0.201836 8.96361e-15 -5.7395e-14 -1.65787e-13
1.52 0.801227 3.18206e-13 0.198823 1.01571e-14 -5.76808e-14 -1.65592e-13
1.53 0.804176 3.16665e-13 0.195873 1.14755e-14 -5.80985e-14 -1.65341e-13
1.54 0.807063 3.23636e-13 0.192985 1.26481e-14 -5.84135e-14 -1.65164e-13
1.55 0.809888 3.24869e-13 0.19016 1.3793e-14 -5.87162e-14 -1.64966e-13
1.56 0.812652 3.21099e-13 0.187397 1.48893e-14 -5.90463e-14 -1.64737e-13
1.57 0.815355 3.23674e-13 0.184694 1.59675e-14 -5.9408e-14 -1.64411e-13
1.58 0.817999 3.27016e-13 0.18205 1.703e-14 -5.97768e-14 -1.64074e-13
1.59 0.820583 3.2962e-13 0.179466 1.80422e-14 -6.02649e-14 -1.63743e-13
1.6 0.823109 3.33367e-13 0.17694 1.90582e-14 -6.07866e-14 -1.63373e-13
1.61 0.825577 3.39663e-13 0.174472 2.00752e-14 -6.12684e-14 -1.62982e-13
1.62 0.827988 3.45722e-13 0.172061 2.10753e-14 -6.17268e-14 -1.62566e-13
1.63 0.830342 3.45642e-13 0.169706 2.21128e-14 -6.21153e-14 -1.62146e-13
1.64 0.832642 3.63004e-13 0.167406 2.29522e-14 -6.25566e-14 -1.61772e-13
1.65 0.834887 3.7462e-13 0.165161 2.38959e-14 -6.29602e-14 -1.61369e-13
1.66 0.837078 3.66101e-13 0.16297 2.50061e-14 -6.33925e-14 -1.60976e-13
1.67 0.839217 3.7218e-13 0.160832 2.61303e-14 -6.38532e-14 -1.60627e-13
1.68 0.841303 3.53128e-13 0.158745 2.72476e-14 -6.4328e-14 -1.60276e-13
1.69 0.843338 3.55936e-13 0.15671 2.83925e-14 -6.48285e-14 -1.59872e-13
1.7 0.845323 3.54271e-13 0.154725 2.94888e-14 -6.53032e-14 -1.59502e-13
1.71 0.847259 3.54968e-13 0.15279 3.06129e-14 -6.57858e-14 -1.59186e-13
1.72 0.849145 3.39668e-13 0.150903 3.14527e-14 -6.62823e-14 -1.58845e-13
1.73 0.850984 3.32931e-13 0.149064 3.25769e-14 -6.67652e-14 -1.58572e-13
1.74 0.852777 3.36016e-13 0.147272 3.3701e-14 -6.721e-14 -1.58403e-13
1.75 0.854523 3.31029e-13 0.145526 3.48667e-14 -6.7584e-14 -1.58262e-13
1.76 0.856223 3.34335e-13 0.143825 3.60533e-14 -6.80479e-14 -1.58073e-13
1.77 0.85788 3.34258e-13 0.142168 3.72121e-14 -6.84934e-14 -1.57849e-13
1.78 0.859493 3.30863e-13 0.140555 3.83987e-14 -6.88673e-14 -1.57636e-13
1.79 0.861063 3.29e-13 0.138985 3.95922e-14 -6.9159e-14 -1.57492e-13
1.8 0.862592 3.28616e-13 0.137456 4.07301e-14 -6.93977e-14 -1.57385e-13
1.81 0.86408 3.23407e-13 0.135968 4.20139e-14 -6.95786e-14 -1.57224e-13
1.82 0.865528 3.15809e-13 0.13452 4.3353e-14 -6.98e-14 -1.57077e-13
1.83 0.866936 3.24817e-13 0.133112 4.44284e-14 -7.00219e-14 -1.56933e-13
1.84 0.868307 3.6275e-13 0.131741 4.53024e-14 -7.02092e-14 -1.56849e-13
1.85 0.86964 3.67567e-13 0.130408 4.63986e-14 -7.04767e-14 -1.56751e-13
1.86 0.870936 3.68461e-13 0.129112 4.76337e-14 -7.06477e-14 -1.56676e-13
1.87 0.872197 3.70415e-13 0.127851 4.87023e-14 -7.08044e-14 -1.56643e-13
1.88 0.873423 3.56588e-13 0.126625 5.00207e-14 -7.09393e-14 -1.56657e-13
1.89 0.874614 3.54258e-13 0.125434 5.12435e-14 -7.10046e-14 -1.56743e-13
1.9 0.875771 3.69273e-13 0.124277 5.23522e-14 -7.09673e-14 -1.56819e-13
1.91 0.876896 3.60609e-13 0.123152 5.33238e-14 -7.09713e-14 -1.56983e-13
1.92 0.877989 3.56691e-13 0.122059 5.44688e-14 -7.10134e-14 -1.57236e-13
1.93 0.879051 3.38241e-13 0.120997 5.54265e-14 -7.11697e-14 -1.57443e-13
1.94 0.880083 3.37724e-13 0.119965 5.64676e-14 -7.13823e-14 -1.57636e-13
1.95 0.881086 3.41186e-13 0.118962 5.74596e-14 -7.15733e-14 -1.57828e-13
1.96 0.882062 3.4626e-13 0.117986 5.83477e-14 -7.17535e-14 -1.58113e-13
1.97 0.88301 3.47267e-13 0.117038 5.9333e-14 -7.19248e-14 -1.58422e-13
1.98 0.883933 3.44009e-13 0.116115 6.02022e-14 -7.21395e-14 -1.58718e-13
1.99 0.88483 3.29901e-13 0.115218 6.11928e-14 -7.24882e-14 -1.58973e-13
2 0.885703 3.2637e-13 0.114344 6.21018e-14 -7.30758e-14 -1.59296e-13
2.01 0.886554 3.30613e-13 0.113494 6.31982e-14 -7.3845e-14 -1.59764e-13
2.02 0.887381 3.36921e-13 0.112666 6.39128e-14 -7.48017e-14 -1.60327e-13
2.03 0.888188 3.54523e-13 0.11186 6.48563e-14 -7.59417e-14 -1.61074e-13
2.04 0.888973 3.65533e-13 0.111074 6.59596e-14 -7.71498e-14 -1.61895e-13
2.05 0.889739 3.59414e-13 0.110308 6.67368e-14 -7.84426e-14 -1.62954e-13
2.06 0.890487 3.6274e-13 0.109561 6.75382e-14 -7.9872e-14 -1.6426e-13
2.07 0.891216 3.57764e-13 0.108832 6.84035e-14 -8.13231e-14 -1.65543e-13
2.08 0.891928 3.56546e-13 0.10812 6.91655e-14 -8.2858e-14 -1.66958e-13
2.09 0.892624 3.54416e-13 0.107423 6.98687e-14 -8.4469e-14 -1.68682e-13
2.1 0.893305 3.62543e-13 0.106743 7.12057e-14 -8.61263e-14 -1.70623e-13
2.11 0.893971 3.63315e-13 0.106077 7.19151e-14 -8.7809e-14 -1.72872e-13
2.12 0.894623 3.7433e-13 0.105425 7.26663e-14 -8.94893e-14 -1.7521e-13
2.13 0.895262 3.69907e-13 0.104785 7.33845e-14 -9.12156e-14 -1.77877e-13
2.14 0.895889 3.77327e-13 0.104158 7.41894e-14 -9.28869e-14 -1.80838e-13
2.15 0.896505 3.67831e-13 0.103543 7.45295e-14 -9.45162e-14 -1.83956e-13
2.16 0.897109 3.67955e-13 0.102938 7.48531e-14 -9.61127e-14 -1.87215e-13
2.17 0.897704 3.65e-13 0.102343 7.5279e-14 -9.77347e-14 -1.90539e-13
2.18 0.898289 3.62902e-13 0.101758 7.58202e-14 -9.93082e-14 -1.9394e-13
2.19 0.898866 3.66156e-13 0.101181 7.60944e-14 -1.008e-13 -1.97413e-13
2.2 0.899435 3.61684e-13 0.100612 7.60355e-14 -1.02205e-13 -2.00895e-13
2.21 0.899997 3.53951e-13 0.10005 7.59176e-14 -1.03631e-13 -2.04412e-13
2.22 0.900553 3.49241e-13 0.0994942 7.56366e-14 -1.05026e-13 -2.0805e-13
2.23 0.901104 3.51136e-13 0.0989435 7.55534e-14 -1.06224e-13 -2.11773e-13
2.24 0.90165 3.54216e-13 0.0983975 7.53287e-14 -1.07282e-13 -2.15471e-13
2.25 0.902192 3.58929e-13 0.0978554 7.48213e-14 -1.08262e-13 -2.19183e-13
2.26 0.90273 3.54439e-13 0.0973168 7.4298e-14 -1.09089e-13 -2.22971e-13
2.27 0.903266 3.53493e-13 0.0967808 7.39402e-14 -1.09958e-13 -2.26882e-13
2.28 0.9038 3.47087e-13 0.096247 7.32863e-14 -1.10726e-13 -2.3085e-13
2.29 0.904332 3.46854e-13 0.0957149 7.31458e-14 -1.11522e-13 -2.34981e-13
2.3 0.904863 3.36583e-13 0.0951838 7.28857e-14 -1.12425e-13 -2.39162e-13
2.31 0.905392 3.31451e-13 0.0946547 7.25458e-14 -1.13223e-13 -2.43224e-13
2.32 0.905918 3.47323e-13 0.0941283 7.23843e-14 -1.14119e-13 -2.47248e-13
2.33 0.906443 3.3353e-13 0.0936035 7.18657e-14 -1.15076e-13 -2.5139e-13
2.34 0.906967 3.31468e-13 0.0930792 7.13106e-14 -1.16029e-13 -2.55511e-13
2.35 0.907492 3.3035e-13 0.0925544 7.07349e-14 -1.17038e-13 -2.59701e-13
2.36 0.908019 3.42644e-13 0.092028 6.99715e-14 -1.18026e-13 -2.64002e-13
2.37 0.908548 3.47344e-13 0.091499 6.90174e-14 -1.18966e-13 -2.6842e-13
2.38 0.90908 3.42497e-13 0.0909664 6.8184e-14 -1.20024e-13 -2.72887e-13
2.39 0.909617 3.47983e-13 0.0904293 6.72446e-14 -1.21101e-13 -2.77396e-13
2.4 0.91016 3.46947e-13 0.0898866 6.6301e-14 -1.22275e-13 -2.82058e-13
2.41 0.910709 3.69752e-13 0.0893375 6.54925e-14 -1.23426e-13 -2.86972e-13
2.42 0.911265 3.71717e-13 0.088781 6.46009e-14 -1.24551e-13 -2.9204e-13
2.43 0.91183 3.78199e-13 0.0882161 6.37786e-14 -1.25534e-13 -2.971e-13
2.44 0.912404 3.82576e-13 0.087642 6.24983e-14 -1.26385e-13 -3.02311e-13
2.45 0.912989 3.81291e-13 0.0870576 6.11314e-14 -1.26999e-13 -3.0774e-13
2.46 0.913583 3.73649e-13 0.0864628 5.99103e-14 -1.27438e-13 -3.1323e-13
2.47 0.914191 3.72887e-13 0.0858552 5.82034e-14 -1.27852e-13 -3.18671e-13
2.48 0.914813 3.73199e-13 0.0852333 5.62258e-14 -1.28239e-13 -3.2417e-13
2.49 0.915459 3.74423e-13 0.0845867 5.39568e-14 -1.28604e-13 -3.2974e-13
2.5 0.916129 3.76637e-13 0.0839175 5.13583e-14 -1.29047e-13 -3.35734e-13
