0 0 0 1 0 0 0
0.01 0.000176998 -1.55161e-16 0.99982 3.27519e-15 -2.49635e-15 1.10758e-14
0.02 0.000707839 1.69465e-16 0.999289 3.15026e-15 -5.3275e-15 2.26315e-14
0.03 0.00159151 9.07884e-16 0.998407 3.03404e-15 -8.011e-15 3.42231e-14
0.04 0.00282645 1.51687e-15 0.997173 2.91087e-15 -1.05364e-14 4.61508e-14
0.05 0.00441064 2.75224e-15 0.995591 2.78251e-15 -1.28931e-14 5.84496e-14
0.06 0.00634125 4.62339e-15 0.993662 2.62119e-15 -1.50671e-14 7.10936e-14
0.07 0.00861498 8.77312e-15 0.991391 2.35922e-15 -1.7054e-14 8.38517e-14
0.08 0.0112279 1.01979e-14 0.988781 2.22045e-15 -1.88491e-14 9.66472e-14
0.09 0.0141755 1.08097e-14 0.985837 2.12334e-15 -2.0462e-14 1.09558e-13
0.1 0.0174527 1.15789e-14 0.982563 1.94297e-15 -2.18891e-14 1.22396e-13
0.11 0.021054 1.88076e-14 0.978965 1.63758e-15 -2.31312e-14 1.35188e-13
0.12 0.0249732 2.93244e-14 0.975049 1.27664e-15 -2.41884e-14 1.47854e-13
0.13 0.0292038 3.83668e-14 0.970823 1.13778e-15 -2.50688e-14 1.60343e-13
0.14 0.0337387 4.13592e-14 0.966291 8.87987e-16 -2.57766e-14 1.72592e-13
0.15 0.0385703 4.25446e-14 0.961463 6.10555e-16 -2.62921e-14 1.84791e-13
0.16 0.0436907 4.67302e-14 0.956347 4.11027e-16 -2.66207e-14 1.96932e-13
0.17 0.0490915 5.23933e-14 0.950949 1.66437e-16 -2.67575e-14 2.08849e-13
0.18 0.0547639 5.81291e-14 0.94528 -5.55324e-17 -2.67138e-14 2.20704e-13
0.19 0.0606988 5.56265e-14 0.939349 1.11039e-16 -2.64868e-14 2.32492e-13
0.2 0.0668868 5.64887e-14 0.933163 1.91966e-20 -2.60771e-14 2.44266e-13
0.21 0.073318 4.95757e-14 0.926735 -6.92435e-17 -2.54922e-14 2.55848e-13
0.22 0.0799828 5.31925e-14 0.920072 -5.54462e-17 -2.47173e-14 2.67157e-13
0.23 0.0868707 5.03271e-14 0.913186 -8.65917e-17 -2.37778e-14 2.78159e-13
0.24 0.0939712 4.66649e-14 0.906088 1.11131e-16 -2.26882e-14 2.88976e-13
0.25 0.101274 5.26467e-14 0.898787 4.99578e-16 -2.14337e-14 2.99456e-13
0.26 0.108768 4.1545e-14 0.891295 3.60965e-16 -2.00244e-14 3.09614e-13
0.27 0.116441 3.76211e-14 0.883622 2.22263e-16 -1.84684e-14 3.1953e-13
0.28 0.124284 3.36106e-14 0.875781 2.77881e-16 -1.67681e-14 3.29132e-13
0.29 0.132285 3.17676e-14 0.867781 2.2211e-16 -1.49397e-14 3.38416e-13
0.3 0.140433 3.40333e-14 0.859634 -5.54566e-17 -1.29816e-14 3.47374e-13
0.31 0.148716 3.86129e-14 0.851352 -3.88777e-16 -1.09245e-14 3.56049e-13
0.32 0.157123 3.40803e-14 0.842946 -2.77628e-16 -8.76192e-15 3.64399e-13
0.33 0.165643 1.42382e-14 0.834427 -4.43858e-16 -6.48906e-15 3.72457e-13
0.34 0.174264 1.20266e-14 0.825806 -8.32247e-16 -4.18683e-15 3.80088e-13
0.35 0.182977 8.8978e-15 0.817094 -8.32155e-16 -1.82329e-15 3.87438e-13
0.36 0.191769 1.15694e-14 0.808302 -7.21182e-16 5.62548e-16 3.94465e-13
0.37 0.20063 9.927e-15 0.799442 -1.05412e-15 3.00209e-15 4.01082e-13
0.38 0.209549 1.71085e-14 0.790524 -1.05409e-15 5.45385e-15 4.07285e-13
0.39 0.218515 1.37519e-14 0.781558 -1.44229e-15 7.92758e-15 4.13021e-13
0.4 0.227519 2.85443e-14 0.772555 -1.3871e-15 1.03941e-14 4.18367e-13
0.41 0.23655 2.42267e-14 0.763525 -1.43537e-15 1.29009e-14 4.23307e-13
0.42 0.245598 2.1762e-14 0.754477 -1.55309e-15 1.5376e-14 4.27925e-13
0.43 0.254653 2.0772e-14 0.745422 -1.49729e-15 1.78501e-14 4.32151e-13
0.44 0.263707 2.21752e-15 0.73637 -1.55195e-15 2.02909e-14 4.36015e-13
0.45 0.272749 7.69743e-15 0.727328 -1.60724e-15 2.26981e-14 4.39498e-13
0.46 0.281772 1.30883e-14 0.718306 -1.6626e-15 2.50377e-14 4.42509e-13
0.47 0.290766 2.93458e-15 0.709312 -1.49551e-15 2.72977e-14 4.45134e-13
0.48 0.299723 1.27938e-15 0.700355 -1.55065e-15 2.95351e-14 4.47447e-13
0.49 0.308636 -5.62965e-15 0.691442 -1.32814e-15 3.17467e-14 4.49492e-13
0.5 0.317497 -2.65472e-15 0.682582 -1.3009e-15 3.38984e-14 4.51307e-13
0.51 0.326299 -1.11773e-14 0.673781 -1.13407e-15 3.60372e-14 4.52902e-13
0.52 0.335035 -1.46203e-14 0.665045 -1.05109e-15 3.81611e-14 4.54285e-13
0.53 0.343698 -1.94725e-14 0.656383 -9.95248e-16 4.0307e-14 4.55402e-13
0.54 0.352283 -2.53239e-14 0.647799 -8.00639e-16 4.24508e-14 4.56284e-13
0.55 0.360782 -1.81625e-14 0.6393 -4.9548e-16 4.45408e-14 4.56944e-13
0.56 0.369192 -1.7053e-14 0.630891 -3.2863e-16 4.65297e-14 4.57461e-13
0.57 0.377507 -1.70937e-14 0.622578 -2.18009e-16 4.8487e-14 4.57821e-13
0.58 0.385721 -2.82323e-14 0.614364 -7.91452e-17 5.03755e-14 4.5792e-13
0.59 0.393832 -3.9647e-14 0.606254 2.48296e-17 5.22336e-14 4.57827e-13
0.6 0.401834 -4.92852e-14 0.598253 4.34633e-18 5.40609e-14 4.57607e-13
0.61 0.409724 -6.40579e-14 0.590364 -1.89928e-16 5.5881e-14 4.57138e-13
0.62 0.417499 -6.81372e-14 0.58259 -3.2853e-16 5.76157e-14 4.56495e-13
0.63 0.425156 -6.5697e-14 0.574934 -5.78086e-16 5.92027e-14 4.55715e-13
0.64 0.432691 -7.21576e-14 0.567399 -7.16805e-16 6.05399e-14 4.54643e-13
0.65 0.440103 -7.62218e-14 0.559988 -8.27855e-16 6.17961e-14 4.53464e-13
0.66 0.44739 -7.49388e-14 0.552702 -8.27629e-16 6.30573e-14 4.52172e-13
0.67 0.45455 -8.60716e-14 0.545543 -7.1604e-16 6.42689e-14 4.5075e-13
0.68 0.461581 -8.19159e-14 0.538513 -7.72098e-16 6.53401e-14 4.49166e-13
0.69 0.468483 -8.55025e-14 0.531612 -7.16249e-16 6.63454e-14 4.47657e-13
0.7 0.475254 -9.07212e-14 0.524842 -8.41524e-16 6.72051e-14 4.4612e-13
0.71 0.481895 -9.8981e-14 0.518202 -9.00037e-16 6.79853e-14 4.44592e-13
0.72 0.488404 -1.25488e-13 0.511694 -7.71002e-16 6.87332e-14 4.42903e-13
0.73 0.494782 -1.32484e-13 0.505317 -6.88224e-16 6.95019e-14 4.41126e-13
0.74 0.501029 -1.31537e-13 0.499072 -5.77687e-16 7.02064e-14 4.39384e-13
0.75 0.507145 -1.36842e-13 0.492956 -8.27906e-16 7.08453e-14 4.37696e-13
0.76 0.513131 -1.17746e-13 0.486971 -9.95534e-16 7.14437e-14 4.35975e-13
0.77 0.518988 -1.21338e-13 0.481115 -4.96206e-16 7.19449e-14 4.34306e-13
0.78 0.524718 -1.38114e-13 0.475387 -1.63121e-16 7.23826e-14 4.32627e-13
0.79 0.530321 -1.43748e-13 0.469785 3.23776e-18 7.27491e-14 4.30911e-13
0.8 0.535798 -1.44027e-13 0.464308 8.62561e-17 7.30497e-14 4.29171e-13
0.81 0.541153 -1.46229e-13 0.458955 8.62847e-17 7.32289e-14 4.27426e-13
0.82 0.546386 -1.5377e-13 0.453723 1.27963e-16 7.3234e-14 4.25715e-13
0.83 0.5515 -1.43609e-13 0.44861 3.03031e-17 7.31616e-14 4.24014e-13
0.84 0.556496 -1.63164e-13 0.443615 -1.08036e-16 7.29924e-14 4.22406e-13
0.85 0.561377 -1.68588e-13 0.438735 1.1416e-16 7.28339e-14 4.20775e-13
0.86 0.566146 -1.87703e-13 0.433967 3.04812e-17 7.25811e-14 4.19158e-13
0.87 0.570805 -1.90834e-13 0.429309 8.60353e-17 7.22176e-14 4.17612e-13
0.88 0.575356 -2.07244e-13 0.424759 3.36423e-16 7.18612e-14 4.16031e-13
0.89 0.579803 -1.87003e-13 0.420313 2.79992e-16 7.14239e-14 4.14479e-13
0.9 0.584149 -2.03607e-13 0.415968 5.57502e-16 7.08849e-14 4.12977e-13
0.91 0.588395 -2.05228e-13 0.411723 4.18606e-16 7.03195e-14 4.11357e-13
0.92 0.592546 -1.95339e-13 0.407573 1.69057e-16 6.97512e-14 4.09755e-13
0.93 0.596604 -1.97803e-13 0.403516 1.96664e-16 6.90339e-14 4.0815e-13
0.94 0.600572 -1.95748e-13 0.399548 2.25289e-16 6.82878e-14 4.06583e-13
0.95 0.604454 -1.82048e-13 0.395667 1.41381e-16 6.74597e-14 4.04989e-13
0.96 0.608253 -1.77605e-13 0.391868 -1.37403e-16 6.65318e-14 4.03354e-13
0.97 0.611973 -1.66548e-13 0.38815 3.06006e-16 6.55253e-14 4.01794e-13
0.98 0.615615 -1.77995e-13 0.384508 5.21193e-16 6.44541e-14 4.00331e-13
0.99 0.619184 -1.85878e-13 0.38094 6.67986e-16 6.33053e-14 3.99016e-13
1 0.622683 -1.65727e-13 0.377441 7.2303e-16 6.21283e-14 3.97714e-13
1.01 0.626115 -1.66658e-13 0.374009 7.08855e-16 6.09228e-14 3.96524e-13
1.02 0.629484 -1.5972e-13 0.370641 7.7801e-16 5.97397e-14 3.95396e-13
1.03 0.632792 -1.58856e-13 0.367333 8.75066e-16 5.85983e-14 3.94344e-13
1.04 0.636044 -1.64103e-13 0.364082 9.44422e-16 5.74434e-14 3.93214e-13
1.05 0.639241 -1.60551e-13 0.360885 9.02653e-16 5.62669e-14 3.92134e-13
1.06 0.642388 -1.68843e-13 0.357738 8.61163e-16 5.51882e-14 3.91103e-13
1.07 0.645488 -1.61301e-13 0.354639 1.08292e-15 5.41442e-14 3.90139e-13
1.08 0.648543 -1.58892e-13 0.351584 1.0829e-15 5.31035e-14 3.89232e-13
1.09 0.651556 -1.84911e-13 0.348571 1.1111e-15 5.20779e-14 3.88429e-13
1.1 0.654531 -1.91156e-13 0.345596 1.16708e-15 5.11179e-14 3.87703e-13
1.11 0.65747 -1.87423e-13 0.342657 6.88685e-16 5.01715e-14 3.87107e-13
1.12 0.660377 -1.87507e-13 0.339751 6.54207e-16 4.91905e-14 3.86498e-13
1.13 0.663253 -1.90391e-13 0.336874 7.92542e-16 4.82504e-14 3.85973e-13
1.14 0.666102 -1.92247e-13 0.334025 7.64805e-16 4.72762e-14 3.85406e-13
1.15 0.668926 -1.82454e-13 0.331201 1.02094e-15 4.62568e-14 3.84894e-13
1.16 0.671728 -1.88213e-13 0.328399 8.20004e-16 4.53611e-14 3.84345e-13
1.17 0.674509 -1.87482e-13 0.325618 6.95183e-16 4.44674e-14 3.83715e-13
1.18 0.677273 -1.88952e-13 0.322853 7.78452e-16 4.36719e-14 3.83155e-13
1.19 0.680022 -1.81858e-13 0.320105 7.6399e-16 4.30035e-14 3.82599e-13
1.2 0.682757 -1.84426e-13 0.317369 9.58619e-16 4.2364e-14 3.82035e-13
1.21 0.68548 -1.8487e-13 0.314646 8.19854e-16 4.1763e-14 3.81543e-13
1.22 0.688194 -1.81656e-13 0.311931 7.08492e-16 4.11943e-14 3.81094e-13
1.23 0.690899 -1.73126e-13 0.309225 4.44677e-16 4.07059e-14 3.80546e-13
1.24 0.693599 -1.73776e-13 0.306525 3.89094e-16 4.03201e-14 3.79988e-13
1.25 0.696293 -1.75603e-13 0.30383 3.88829e-16 4.00039e-14 3.79336e-13
1.26 0.698984 -1.92477e-13 0.301138 5.69192e-16 3.97564e-14 3.786e-13
1.27 0.701673 -1.82497e-13 0.298448 2.49608e-16 3.95471e-14 3.7793e-13
1.28 0.704362 -1.87924e-13 0.295759 2.22252e-16 3.94341e-14 3.77328e-13
1.29 0.70705 -1.91393e-13 0.29307 2.78721e-19 3.94609e-14 3.7672e-13
1.3 0.709739 -1.90784e-13 0.29038 9.73507e-17 3.95631e-14 3.76177e-13
1.31 0.71243 -1.97976e-13 0.287688 -1.3836e-16 3.9624e-14 3.75601e-13
1.32 0.715123 -1.98221e-13 0.284994 -1.16486e-15 3.96105e-14 3.75037e-13
1.33 0.717819 -2.0966e-13 0.282296 -1.09529e-15 3.96978e-14 3.74411e-13
1.34 0.720519 -2.1446e-13 0.279596 -1.22011e-15 3.98102e-14 3.73783e-13
1.35 0.723222 -2.24279e-13 0.276892 -1.32434e-15 3.99692e-14 3.73065e-13
1.36 0.725929 -2.26422e-13 0.274184 -1.4147e-15 4.01134e-14 3.72304e-13
1.37 0.72864 -2.27611e-13 0.271472 -1.5537e-15 4.02797e-14 3.7162e-13
1.38 0.731355 -2.34101e-13 0.268756 -1.72788e-15 4.04537e-14 3.70907e-13
1.39 0.734073 -2.46906e-13 0.266037 -1.92821e-15 4.05329e-14 3.70201e-13
1.4 0.736795 -2.42346e-13 0.263315 -2.16766e-15 4.05834e-14 3.69533e-13
1.41 0.73952 -2.44841e-13 0.26059 -2.35871e-15 4.06088e-14 3.6881e-13
1.42 0.742247 -2.43716e-13 0.257862 -2.53925e-15 4.05202e-14 3.68033e-13
1.43 0.744976 -2.48253e-13 0.255132 -3.08072e-15 4.04791e-14 3.67344e-13
1.44 0.747706 -2.51139e-13 0.252401 -3.24723e-15 4.03965e-14 3.66652e-13
1.45 0.750436 -2.50154e-13 0.24967 -3.55232e-15 4.03198e-14 3.65916e-13
1.46 0.753167 -2.57299e-13 0.246939 -3.76745e-15 4.03015e-14 3.65174e-13
1.47 0.755896 -2.60068e-13 0.244209 -4.05848e-15 4.02323e-14 3.64433e-13
1.48 0.758623 -2.47835e-13 0.241482 -4.55131e-15 4.00748e-14 3.63751e-13
1.49 0.761347 -2.49639e-13 0.238757 -4.74572e-15 3.9947e-14 3.63149e-13
1.5 0.764067 -2.55556e-13 0.236037 -5.11977e-15 3.97202e-14 3.6243e-13
1.51 0.766781 -2.46717e-13 0.233322 -5.30688e-15 3.94697e-14 3.61746e-13
1.52 0.769489 -2.35647e-13 0.230614 -5.74367e-15 3.90839e-14 3.61101e-13
1.53 0.772189 -2.37262e-13 0.227914 -6.24321e-15 3.87124e-14 3.60396e-13
1.54 0.77488 -2.4147e-13 0.225223 -6.59014e-15 3.82392e-14 3.5968e-13
1.55 0.77756 -2.42238e-13 0.222542 -7.08233e-15 3.77457e-14 3.58902e-13
1.56 0.780229 -2.43167e-13 0.219872 -7.32791e-15 3.72282e-14 3.57983e-13
1.57 0.782885 -2.38397e-13 0.217216 -7.70005e-15 3.66591e-14 3.57036e-13
1.58 0.785527 -2.33903e-13 0.214574 -8.21389e-15 3.60112e-14 3.56051e-13
1.59 0.788153 -2.35473e-13 0.211948 -8.44978e-15 3.53021e-14 3.55018e-13
1.6 0.790761 -2.40592e-13 0.20934 -8.94921e-15 3.45374e-14 3.53823e-13
1.61 0.79335 -2.4264e-13 0.20675 -9.25445e-15 3.3672e-14 3.52662e-13
1.62 0.79592 -2.54701e-13 0.204181 -9.62879e-15 3.27269e-14 3.51443e-13
1.63 0.798468 -2.56109e-13 0.201632 -9.94801e-15 3.17302e-14 3.4988e-13
1.64 0.800993 -2.61736e-13 0.199107 -1.02815e-14 3.07214e-14 3.48228e-13
1.65 0.803494 -2.62908e-13 0.196605 -1.0573e-14 2.98171e-14 3.46596e-13
1.66 0.805971 -2.60873e-13 0.194128 -9.87955e-15 2.88538e-14 3.44934e-13
1.67 0.808421 -2.53662e-13 0.191678 -1.09618e-14 2.78777e-14 3.43287e-13
1.68 0.810844 -2.73384e-13 0.189255 -1.15794e-14 2.69834e-14 3.41659e-13
1.69 0.813238 -2.71272e-13 0.18686 -1.20217e-14 2.61548e-14 3.4005e-13
1.7 0.815602 -2.82098e-13 0.184496 -1.21481e-14 2.54668e-14 3.38302e-13
1.71 0.817936 -2.74069e-13 0.182162 -1.23357e-14 2.48071e-14 3.36584e-13
1.72 0.820239 -2.74122e-13 0.179859 -1.26414e-14 2.42708e-14 3.34933e-13
1.73 0.822511 -2.80782e-13 0.177586 -1.28078e-14 2.37386e-14 3.33252e-13
1.74 0.824752 -2.89918e-13 0.175344 -1.30262e-14 2.3202e-14 3.31672e-13
1.75 0.826962 -2.91223e-13 0.173134 -1.33766e-14 2.27732e-14 3.30031e-13
1.76 0.829141 -2.97336e-13 0.170956 -1.29259e-14 2.23938e-14 3.28397e-13
1.77 0.831287 -2.97315e-13 0.168809 -1.32105e-14 2.20197e-14 3.26676e-13
1.78 0.833402 -2.88732e-13 0.166694 -1.3308e-14 2.16667e-14 3.24882e-13
1.79 0.835483 -2.96627e-13 0.164612 -1.353e-14 2.14173e-14 3.23125e-13
1.8 0.837533 -2.91882e-13 0.162563 -1.37797e-14 2.12069e-14 3.21299e-13
1.81 0.839549 -2.80093e-13 0.160547 -1.40086e-14 2.09182e-14 3.19358e-13
1.82 0.841532 -2.79769e-13 0.158564 -1.4053e-14 2.06242e-14 3.17472e-13
1.83 0.843481 -2.81882e-13 0.156614 -1.40788e-14 2.03735e-14 3.15553e-13
1.84 0.845396 -2.75874e-13 0.154699 -1.43004e-14 2.02904e-14 3.13624e-13
1.85 0.847277 -2.73931e-13 0.152817 -1.42795e-14 2.03304e-14 3.11773e-13
1.86 0.849124 -2.70222e-13 0.15097 -1.43351e-14 2.05107e-14 3.09857e-13
1.87 0.850937 -2.7142e-13 0.149157 -1.42241e-14 2.07872e-14 3.08019e-13
1.88 0.852715 -2.86828e-13 0.147379 -1.41086e-14 2.11088e-14 3.06174e-13
1.89 0.854459 -2.86352e-13 0.145635 -1.39568e-14 2.14975e-14 3.04484e-13
1.9 0.856169 -2.85744e-13 0.143925 -1.37313e-14 2.19212e-14 3.02763e-13
1.91 0.857844 -2.87925e-13 0.142249 -1.34797e-14 2.22902e-14 3.01077e-13
1.92 0.859485 -2.86183e-13 0.140609 -1.31761e-14 2.27826e-14 2.99391e-13
1.93 0.861091 -2.91943e-13 0.139003 -1.27181e-14 2.33674e-14 2.97651e-13
1.94 0.862662 -2.94571e-13 0.137431 -1.23156e-14 2.38932e-14 2.95968e-13
1.95 0.864199 -2.95284e-13 0.135894 -1.18837e-14 2.44476e-14 2.94296e-13
1.96 0.865701 -2.96387e-13 0.134392 -1.13165e-14 2.50707e-14 2.92754e-13
1.97 0.86717 -2.96877e-13 0.132923 -1.07682e-14 2.57563e-14 2.91357e-13
1.98 0.868605 -2.96488e-13 0.131488 -1.01854e-14 2.65001e-14 2.90076e-13
1.99 0.870007 -2.96569e-13 0.130085 -9.57468e-15 2.72968e-14 2.88904e-13
2 0.871376 -2.91217e-13 0.128716 -8.87391e-15 2.80937e-14 2.87904e-13
2.01 0.872713 -3.02805e-13 0.127379 -7.16696e-15 2.89951e-14 2.87072e-13
2.02 0.874016 -2.96873e-13 0.126076 -6.05702e-15 2.95629e-14 2.86399e-13
2.03 0.875284 -3.00293e-13 0.124807 -5.77248e-15 3.04404e-14 2.85814e-13
2.04 0.876521 -3.00874e-13 0.123571 -4.59291e-15 3.14853e-14 2.85238e-13
2.05 0.877727 -3.0594e-13 0.122365 -3.44793e-15 3.25181e-14 2.8474e-13
2.06 0.878903 -3.22129e-13 0.121189 -2.09471e-15 3.35956e-14 2.84341e-13
2.07 0.88005 -3.28458e-13 0.120041 -5.81882e-16 3.46819e-14 2.83964e-13
2.08 0.88117 -3.22002e-13 0.118921 6.67233e-16 3.58205e-14 2.83585e-13
2.09 0.882265 -3.23457e-13 0.117826 1.60761e-15 3.6964e-14 2.83302e-13
2.1 0.883336 -3.26633e-13 0.116755 2.83068e-15 3.80371e-14 2.83073e-13
2.11 0.884384 -3.39693e-13 0.115707 4.03974e-15 3.90427e-14 2.8289e-13
2.12 0.885411 -3.27345e-13 0.11468 4.67802e-15 3.98654e-14 2.82753e-13
2.13 0.886418 -3.19334e-13 0.113673 5.62854e-15 4.06167e-14 2.82665e-13
2.14 0.887406 -3.14922e-13 0.112685 7.14796e-15 4.13133e-14 2.82654e-13
2.15 0.888377 -3.18204e-13 0.111714 8.41778e-15 4.18896e-14 2.82689e-13
2.16 0.889331 -3.21705e-13 0.11076 9.05433e-15 4.23586e-14 2.82842e-13
2.17 0.890265 -3.21691e-13 0.109826 9.93737e-15 4.27871e-14 2.83109e-13
2.18 0.891184 -3.32005e-13 0.108907 1.14639e-14 4.3199e-14 2.83478e-13
2.19 0.892089 -3.27907e-13 0.108001 1.24631e-14 4.3497e-14 2.83942e-13
2.2 0.892983 -3.22963e-13 0.107107 1.3615e-14 4.36809e-14 2.84603e-13
2.21 0.893868 -3.16142e-13 0.106223 1.52802e-14 4.38447e-14 2.85395e-13
2.22 0.894745 -3.05971e-13 0.105346 1.59879e-14 4.38547e-14 2.86315e-13
2.23 0.895616 -3.07147e-13 0.104474 1.65202e-14 4.37061e-14 2.87696e-13
2.24 0.896484 -3.11183e-13 0.103606 1.72839e-14 4.34138e-14 2.89397e-13
2.25 0.897351 -2.99561e-13 0.10274 1.82084e-14 4.29334e-14 2.91416e-13
2.26 0.898217 -2.92978e-13 0.101874 1.95613e-14 4.24568e-14 2.93916e-13
2.27 0.899083 -2.93226e-13 0.101007 2.03072e-14 4.16692e-14 2.96563e-13
2.28 0.899952 -2.95776e-13 0.100139 2.10636e-14 4.07311e-14 2.99563e-13
2.29 0.900823 -2.9074e-13 0.0992676 2.25855e-14 3.97271e-14 3.02777e-13
2.3 0.901698 -2.90212e-13 0.0983922 2.31695e-14 3.8615e-14 3.06366e-13
2.31 0.902578 -2.85923e-13 0.0975118 2.41894e-14 3.73373e-14 3.10334e-13
2.32 0.903465 -2.88061e-13 0.0966254 2.49007e-14 3.59147e-14 3.14607e-13
2.33 0.904358 -2.89512e-13 0.0957324 2.5827e-14 3.43462e-14 3.19185e-13
2.34 0.905258 -2.83803e-13 0.094832 2.69705e-14 3.26616e-14 3.24052e-13
2.35 0.906166 -2.85297e-13 0.0939235 2.78132e-14 3.07917e-14 3.29118e-13
2.36 0.907083 -2.89382e-13 0.0930065 2.8553e-14 2.88654e-14 3.34262e-13
2.37 0.908009 -2.93044e-13 0.0920805 2.94005e-14 2.7009e-14 3.39498e-13
2.38 0.908945 -2.86843e-13 0.0911451 3.05444e-14 2.50759e-14 3.44927e-13
2.39 0.90989 -2.91787e-13 0.0902001 3.10553e-14 2.30044e-14 3.50394e-13
2.4 0.910844 -2.96637e-13 0.0892453 3.15514e-14 2.06753e-14 3.55938e-13
2.41 0.911809 -2.95368e-13 0.0882807 3.21688e-14 1.80741e-14 3.61547e-13
2.42 0.912783 -2.9149e-13 0.0873066 3.26476e-14 1.52192e-14 3.67182e-13
2.43 0.913767 -2.93111e-13 0.0863229 3.30535e-14 1.21219e-14 3.72923e-13
2.44 0.914761 -2.90247e-13 0.0853281 3.33553e-14 8.74729e-15 3.78614e-13
2.45 0.915769 -2.90746e-13 0.0843208 3.35565e-14 5.33973e-15 3.84391e-13
2.46 0.916789 -2.92572e-13 0.0832999 3.3756e-14 1.82486e-15 3.90189e-13
2.47 0.917825 -2.95086e-13 0.0822645 3.40283e-14 -2.01551e-15 3.95823e-13
2.48 0.918892 -2.95087e-13 0.0811968 3.41949e-14 -6.06014e-15 4.01448e-13
2.49 0.920008 -2.9531e-13 0.0800808 3.44377e-14 -1.03011e-14 4.06802e-13
2.5 0.921158 -2.96321e-13 0.0789312 3.47808e-14 -1.46989e-14 4.11837e-13
