0 0 0 1 0 0 0
0.01 0.00159721 1.07748e-08 0.998317 -4.12709e-07 -5.76619e-08 1.50559e-07
0.02 0.00624657 4.89759e-09 0.993672 -4.01549e-07 1.5643e-07 1.84716e-08
0.03 0.0135428 -1.01028e-07 0.986386 -3.78839e-07 1.24989e-07 -3.26895e-07
0.04 0.0228806 -2.74293e-07 0.977062 -4.00446e-07 7.54058e-08 -4.3368e-07
0.05 0.0335511 -2.16292e-07 0.966405 -4.33749e-07 -4.05258e-07 -8.58154e-08
0.06 0.0448453 -1.85046e-08 0.955122 -4.28963e-07 -3.93242e-07 1.77463e-07
0.07 0.0561443 1.59081e-07 0.943832 -3.97936e-07 -9.53165e-07 3.92801e-07
0.08 0.0669904 3.90625e-07 0.93299 -3.40351e-07 -1.4147e-06 5.04142e-07
0.09 0.0771251 7.46393e-07 0.922855 -3.28417e-07 -2.13135e-06 4.51665e-07
0.1 0.0864886 7.18618e-07 0.913488 -1.75547e-07 -2.97746e-06 3.70953e-07
0.11 0.0951855 4.05608e-07 0.904785 -5.73169e-08 -3.72576e-06 5.14118e-07
0.12 0.103431 2.6794e-11 0.896533 -9.93312e-08 -4.50356e-06 8.4904e-07
0.13 0.111485 -1.70174e-07 0.888473 -2.53514e-07 -4.89713e-06 1.17363e-06
0.14 0.119589 9.96137e-08 0.880364 -5.65838e-07 -5.06047e-06 1.42417e-06
0.15 0.127917 3.56594e-07 0.872035 -1.00963e-06 -5.31271e-06 1.64433e-06
0.16 0.136541 6.00363e-07 0.863411 -1.27231e-06 -5.26651e-06 1.71505e-06
0.17 0.145438 7.18258e-07 0.854516 -1.46445e-06 -5.23547e-06 1.63436e-06
0.18 0.154501 6.48547e-07 0.845455 -1.45473e-06 -5.13683e-06 1.65497e-06
0.19 0.16358 8.1864e-07 0.836379 -1.41144e-06 -5.11365e-06 2.00173e-06
0.2 0.172514 1.22902e-06 0.827446 -1.38094e-06 -5.06924e-06 2.56585e-06
0.21 0.181176 1.70829e-06 0.818785 -1.38569e-06 -4.92635e-06 3.26143e-06
0.22 0.189499 1.99742e-06 0.810464 -1.44125e-06 -4.75735e-06 3.91294e-06
0.23 0.197482 2.07159e-06 0.802483 -1.53022e-06 -4.82398e-06 4.32655e-06
0.24 0.205186 1.98159e-06 0.79478 -1.57686e-06 -5.1086e-06 4.41742e-06
0.25 0.212714 2.01847e-06 0.787253 -1.68637e-06 -5.34508e-06 4.18784e-06
0.26 0.220183 2.34129e-06 0.779785 -1.92307e-06 -5.43858e-06 3.6911e-06
0.27 0.227696 2.72181e-06 0.772274 -2.26155e-06 -5.54222e-06 2.95897e-06
0.28 0.235316 2.97508e-06 0.764654 -2.61165e-06 -5.64586e-06 1.99791e-06
0.29 0.243058 3.0604e-06 0.756911 -2.65429e-06 -5.86882e-06 1.45001e-06
0.3 0.250888 2.98567e-06 0.749081 -2.34559e-06 -6.19259e-06 1.13992e-06
0.31 0.258732 2.89731e-06 0.741234 -1.84443e-06 -6.78682e-06 9.40134e-07
0.32 0.266502 2.88821e-06 0.733461 -1.42865e-06 -7.38014e-06 8.15338e-07
0.33 0.274116 2.8763e-06 0.725845 -1.2208e-06 -8.01639e-06 5.93118e-07
0.34 0.281518 3.06678e-06 0.718442 -1.26455e-06 -8.694e-06 1.67186e-07
0.35 0.288686 3.62439e-06 0.711271 -1.53276e-06 -9.31317e-06 -1.52316e-07
0.36 0.295644 4.35147e-06 0.704312 -1.90613e-06 -9.87253e-06 -1.79336e-07
0.37 0.302444 4.98717e-06 0.697511 -2.36105e-06 -1.06032e-05 -3.08235e-07
0.38 0.309157 5.5362e-06 0.690797 -2.91004e-06 -1.13562e-05 -6.14026e-07
0.39 0.315854 6.02086e-06 0.684099 -3.46282e-06 -1.21332e-05 -1.08788e-06
0.4 0.32259 6.42166e-06 0.677362 -3.96317e-06 -1.2795e-05 -1.56914e-06
0.41 0.32939 6.79871e-06 0.670561 -4.3075e-06 -1.32447e-05 -1.82943e-06
0.42 0.336245 6.88542e-06 0.663705 -4.23451e-06 -1.33637e-05 -2.24128e-06
0.43 0.343118 6.46254e-06 0.656831 -3.7799e-06 -1.29943e-05 -3.12533e-06
0.44 0.349952 5.83279e-06 0.649997 -3.17299e-06 -1.22278e-05 -4.16758e-06
0.45 0.356687 5.28839e-06 0.643262 -2.65589e-06 -1.13541e-05 -4.90147e-06
0.46 0.363275 4.92001e-06 0.636674 -2.29451e-06 -1.07659e-05 -5.11586e-06
0.47 0.369689 4.31198e-06 0.630259 -1.98786e-06 -9.94342e-06 -4.80906e-06
0.48 0.375933 4.02376e-06 0.624016 -1.84388e-06 -8.69464e-06 -3.99415e-06
0.49 0.382033 4.20603e-06 0.617915 -2.01283e-06 -7.36909e-06 -2.93879e-06
0.5 0.388036 4.88202e-06 0.611912 -2.50068e-06 -6.46693e-06 -1.96288e-06
0.51 0.393993 5.67077e-06 0.605954 -3.134e-06 -6.34081e-06 -9.11576e-07
0.52 0.399949 6.3556e-06 0.599997 -3.7083e-06 -6.86228e-06 2.1974e-07
0.53 0.405932 6.75597e-06 0.594012 -4.12916e-06 -7.76505e-06 1.17651e-06
0.54 0.411946 6.97792e-06 0.587996 -4.31935e-06 -8.86454e-06 1.75755e-06
0.55 0.417973 6.94131e-06 0.581968 -4.24368e-06 -9.77965e-06 1.88484e-06
0.56 0.423975 6.77976e-06 0.575965 -3.8808e-06 -1.03788e-05 1.65261e-06
0.57 0.429911 6.40258e-06 0.570028 -3.33465e-06 -1.0533e-05 1.46216e-06
0.58 0.435739 5.90369e-06 0.564199 -2.75625e-06 -1.04066e-05 1.55857e-06
0.59 0.441435 5.50294e-06 0.558504 -2.23949e-06 -1.05372e-05 1.91621e-06
0.6 0.44699 5.25273e-06 0.552948 -1.9226e-06 -1.141e-05 2.36164e-06
0.61 0.452421 5.04142e-06 0.547518 -1.84569e-06 -1.32849e-05 2.69119e-06
0.62 0.457755 5.22392e-06 0.542183 -2.00789e-06 -1.61228e-05 2.81533e-06
0.63 0.463032 5.58017e-06 0.536906 -2.31508e-06 -1.95525e-05 2.80732e-06
0.64 0.468289 6.06348e-06 0.531648 -2.60542e-06 -2.29416e-05 2.72114e-06
0.65 0.473554 6.48172e-06 0.526382 -2.72111e-06 -2.56472e-05 2.55797e-06
0.66 0.478838 6.56013e-06 0.521096 -2.6014e-06 -2.7339e-05 2.41645e-06
0.67 0.484137 6.28365e-06 0.515796 -2.33399e-06 -2.82128e-05 2.47426e-06
0.68 0.489425 5.87042e-06 0.510507 -1.99452e-06 -2.85042e-05 2.72572e-06
0.69 0.494672 5.30244e-06 0.505259 -1.60268e-06 -2.85514e-05 3.11329e-06
0.7 0.499845 4.7013e-06 0.500086 -1.18002e-06 -2.84705e-05 3.54708e-06
0.71 0.504917 4.05088e-06 0.495014 -7.26157e-07 -2.83343e-05 3.91971e-06
0.72 0.509874 3.44786e-06 0.490056 -2.57082e-07 -2.81322e-05 4.15314e-06
0.73 0.514721 2.81949e-06 0.485208 1.63591e-07 -2.7894e-05 4.1118e-06
0.74 0.519477 2.18807e-06 0.480452 3.78502e-07 -2.76512e-05 3.72851e-06
0.75 0.524168 1.7263e-06 0.475759 3.75513e-07 -2.73235e-05 3.20426e-06
0.76 0.528827 1.42409e-06 0.471099 3.54902e-07 -2.68715e-05 2.85014e-06
0.77 0.533478 1.12126e-06 0.466447 5.19543e-07 -2.62721e-05 2.83003e-06
0.78 0.538138 6.77627e-07 0.461787 8.4905e-07 -2.55707e-05 3.26133e-06
0.79 0.542806 2.79852e-07 0.457118 1.13332e-06 -2.47583e-05 4.03719e-06
0.8 0.54747 -1.78658e-08 0.452453 1.21307e-06 -2.3848e-05 5.02996e-06
0.81 0.552106 -4.51049e-07 0.447816 1.17079e-06 -2.29584e-05 6.07024e-06
0.82 0.556689 -6.45573e-07 0.443233 1.14625e-06 -2.22733e-05 7.07786e-06
0.83 0.561193 -1.05716e-06 0.438728 1.46666e-06 -2.19366e-05 8.01284e-06
0.84 0.565606 -1.79307e-06 0.434314 2.18749e-06 -2.17867e-05 8.77454e-06
0.85 0.569924 -2.72653e-06 0.429995 3.07407e-06 -2.18518e-05 9.35345e-06
0.86 0.57416 -3.49825e-06 0.425759 3.79865e-06 -2.20201e-05 9.57199e-06
0.87 0.578332 -3.83475e-06 0.421587 4.16141e-06 -2.19629e-05 9.28203e-06
0.88 0.582466 -3.66992e-06 0.417452 4.04254e-06 -2.13689e-05 8.63604e-06
0.89 0.586587 -3.09795e-06 0.413332 3.44541e-06 -2.02386e-05 7.88994e-06
0.9 0.590708 -2.25792e-06 0.40921 2.48162e-06 -1.86677e-05 7.20692e-06
0.91 0.594836 -1.40651e-06 0.405082 1.3648e-06 -1.67938e-05 6.79207e-06
0.92 0.598963 -5.20831e-07 0.400954 3.84722e-07 -1.47875e-05 6.85233e-06
0.93 0.603073 3.38395e-08 0.396844 -2.39447e-07 -1.29495e-05 7.43889e-06
0.94 0.607143 2.00563e-07 0.392774 -5.22702e-07 -1.16129e-05 8.50332e-06
0.95 0.611152 1.95717e-07 0.388765 -6.6614e-07 -1.09147e-05 9.79398e-06
0.96 0.615084 3.60593e-07 0.384833 -9.27657e-07 -1.09763e-05 1.1058e-05
0.97 0.618934 1.02223e-06 0.380983 -1.62042e-06 -1.17546e-05 1.19314e-05
0.98 0.622707 2.41134e-06 0.377209 -2.91036e-06 -1.29744e-05 1.21367e-05
0.99 0.626418 4.18263e-06 0.373498 -4.56214e-06 -1.4268e-05 1.16208e-05
1 0.630085 5.85321e-06 0.369831 -6.16999e-06 -1.53261e-05 1.05024e-05
1.01 0.63373 7.05059e-06 0.366186 -7.42193e-06 -1.59255e-05 8.98003e-06
1.02 0.637368 7.67497e-06 0.362548 -8.15285e-06 -1.6042e-05 7.33402e-06
1.03 0.641007 7.82257e-06 0.358908 -8.38952e-06 -1.56486e-05 5.71304e-06
1.04 0.644647 7.53626e-06 0.355267 -8.24999e-06 -1.48424e-05 4.29019e-06
1.05 0.648278 6.88559e-06 0.351637 -7.73628e-06 -1.38122e-05 2.99617e-06
1.06 0.651881 5.8818e-06 0.348033 -6.9215e-06 -1.27384e-05 1.88564e-06
1.07 0.65544 4.79168e-06 0.344473 -5.91254e-06 -1.16495e-05 1.06678e-06
1.08 0.658939 3.94522e-06 0.340975 -5.10925e-06 -1.05206e-05 2.82217e-07
1.09 0.662367 3.79828e-06 0.337545 -4.98291e-06 -9.3286e-06 -6.19674e-07
1.1 0.665727 4.23289e-06 0.334186 -5.4481e-06 -8.11832e-06 -1.62345e-06
1.11 0.669024 4.58856e-06 0.330888 -5.88346e-06 -6.95256e-06 -2.63323e-06
1.12 0.672276 3.88333e-06 0.327637 -5.3798e-06 -6.12653e-06 -3.46156e-06
1.13 0.675499 2.08708e-06 0.324414 -3.86156e-06 -5.79815e-06 -3.98385e-06
1.14 0.678711 3.29518e-07 0.321202 -2.26677e-06 -6.01178e-06 -4.11353e-06
1.15 0.681922 -3.60925e-07 0.317991 -1.58367e-06 -6.55617e-06 -3.9114e-06
1.16 0.685135 4.02681e-07 0.314778 -2.25996e-06 -7.40791e-06 -3.53448e-06
1.17 0.688344 2.52286e-06 0.31157 -4.27139e-06 -8.63218e-06 -3.12922e-06
1.18 0.691535 5.51523e-06 0.308379 -7.19908e-06 -1.02273e-05 -2.90955e-06
1.19 0.694692 8.75749e-06 0.305222 -1.04054e-05 -1.19246e-05 -3.1212e-06
1.2 0.6978 1.1829e-05 0.302113 -1.34535e-05 -1.34988e-05 -3.93177e-06
1.21 0.700849 1.46491e-05 0.299064 -1.61954e-05 -1.48066e-05 -5.24777e-06
1.22 0.703835 1.72396e-05 0.296078 -1.88299e-05 -1.57206e-05 -6.81687e-06
1.23 0.706763 2.01373e-05 0.293149 -2.18382e-05 -1.61586e-05 -8.41285e-06
1.24 0.709644 2.36359e-05 0.290268 -2.54726e-05 -1.60682e-05 -9.81281e-06
1.25 0.712495 2.79479e-05 0.287417 -2.9759e-05 -1.54863e-05 -1.08245e-05
1.26 0.71533 3.30901e-05 0.284582 -3.47296e-05 -1.4486e-05 -1.13319e-05
1.27 0.718161 3.87926e-05 0.281751 -4.03079e-05 -1.3213e-05 -1.13924e-05
1.28 0.720994 4.43217e-05 0.278918 -4.58423e-05 -1.19034e-05 -1.10506e-05
1.29 0.723827 4.88685e-05 0.276085 -5.04038e-05 -1.07705e-05 -1.04409e-05
1.3 0.726651 5.20136e-05 0.273261 -5.3449e-05 -9.81953e-06 -9.82478e-06
1.31 0.729455 5.43878e-05 0.270457 -5.56578e-05 -8.82995e-06 -9.59692e-06
1.32 0.732223 5.59847e-05 0.267689 -5.71248e-05 -7.57627e-06 -9.5681e-06
1.33 0.734943 5.65295e-05 0.26497 -5.75788e-05 -6.01352e-06 -9.80193e-06
1.34 0.737607 5.63514e-05 0.262306 -5.73612e-05 -4.22931e-06 -1.03142e-05
1.35 0.740216 5.59195e-05 0.259697 -5.69663e-05 -2.36864e-06 -1.10068e-05
1.36 0.742778 5.56311e-05 0.257135 -5.68465e-05 -5.37099e-07 -1.17322e-05
1.37 0.745306 5.59518e-05 0.254607 -5.74122e-05 1.28238e-06 -1.23088e-05
1.38 0.747814 5.66442e-05 0.252099 -5.83924e-05 3.19049e-06 -1.27519e-05
1.39 0.750314 5.71481e-05 0.249599 -5.9179e-05 5.13606e-06 -1.27595e-05
1.4 0.752815 5.69592e-05 0.247099 -5.91748e-05 6.94534e-06 -1.21953e-05
1.41 0.755318 5.55768e-05 0.244596 -5.7862e-05 8.46289e-06 -1.11384e-05
1.42 0.757818 5.28722e-05 0.242096 -5.5162e-05 9.57852e-06 -9.79373e-06
1.43 0.760305 4.92081e-05 0.239609 -5.14855e-05 1.03862e-05 -8.30773e-06
1.44 0.762767 4.539e-05 0.237148 -4.76571e-05 1.10041e-05 -6.84734e-06
1.45 0.76519 4.19405e-05 0.234725 -4.42279e-05 1.15061e-05 -5.50571e-06
1.46 0.767566 3.90173e-05 0.232349 -4.13438e-05 1.203e-05 -4.22446e-06
1.47 0.769894 3.65401e-05 0.230021 -3.89257e-05 1.2627e-05 -2.90752e-06
1.48 0.772178 3.44277e-05 0.227737 -3.68446e-05 1.3311e-05 -1.46462e-06
1.49 0.774428 3.2728e-05 0.225487 -3.51258e-05 1.39256e-05 -2.76726e-08
1.5 0.776658 3.14769e-05 0.223258 -3.38647e-05 1.42968e-05 1.36801e-06
1.51 0.778878 3.02522e-05 0.221038 -3.2684e-05 1.42854e-05 2.71761e-06
1.52 0.781096 2.89671e-05 0.21882 -3.1345e-05 1.38246e-05 3.95923e-06
1.53 0.783317 2.80138e-05 0.2166 -3.03335e-05 1.30794e-05 5.45252e-06
1.54 0.785536 2.7693e-05 0.21438 -2.99429e-05 1.16953e-05 6.89244e-06
1.55 0.787749 2.77969e-05 0.212168 -2.99588e-05 9.92306e-06 8.07879e-06
1.56 0.789945 2.80417e-05 0.209972 -3.01602e-05 8.19355e-06 8.85453e-06
1.57 0.792113 2.78808e-05 0.207805 -3.00742e-05 6.91666e-06 9.14059e-06
1.58 0.794244 2.65782e-05 0.205674 -2.87922e-05 5.89949e-06 8.62447e-06
1.59 0.796332 2.46188e-05 0.203586 -2.68412e-05 5.12794e-06 7.33618e-06
1.6 0.798381 2.33028e-05 0.201537 -2.55872e-05 4.6204e-06 5.61986e-06
1.61 0.800397 2.31087e-05 0.199522 -2.53656e-05 4.39278e-06 3.73273e-06
1.62 0.802389 2.35813e-05 0.197531 -2.57615e-05 4.57142e-06 1.8018e-06
1.63 0.804366 2.37895e-05 0.195554 -2.59868e-05 5.281e-06 -9.46025e-08
1.64 0.806335 2.35543e-05 0.193585 -2.58292e-05 6.35582e-06 -2.09463e-06
1.65 0.808304 2.37616e-05 0.191618 -2.61086e-05 7.99603e-06 -4.19163e-06
1.66 0.810272 2.59328e-05 0.189649 -2.83082e-05 1.00817e-05 -6.20221e-06
1.67 0.812237 3.06901e-05 0.187685 -3.30833e-05 1.22756e-05 -8.13494e-06
1.68 0.814189 3.72043e-05 0.185733 -3.96123e-05 1.44624e-05 -9.55442e-06
1.69 0.81612 4.42865e-05 0.183802 -4.66809e-05 1.63783e-05 -1.04339e-05
1.7 0.818019 5.08683e-05 0.181904 -5.32852e-05 1.77391e-05 -1.08467e-05
1.71 0.819881 5.63493e-05 0.180042 -5.88001e-05 1.85382e-05 -1.09694e-05
1.72 0.821704 6.07157e-05 0.178219 -6.32313e-05 1.90402e-05 -1.1169e-05
1.73 0.823494 6.38554e-05 0.176429 -6.64952e-05 1.95065e-05 -1.14687e-05
1.74 0.825259 6.59567e-05 0.174666 -6.86274e-05 2.04733e-05 -1.21423e-05
1.75 0.827007 6.79308e-05 0.172918 -7.05051e-05 2.23654e-05 -1.33549e-05
1.76 0.828747 7.03121e-05 0.171179 -7.2892e-05 2.50422e-05 -1.40416e-05
1.77 0.830485 7.28072e-05 0.169442 -7.54049e-05 2.81441e-05 -1.41905e-05
1.78 0.832225 7.57568e-05 0.167702 -7.8367e-05 3.13206e-05 -1.427e-05
1.79 0.833966 7.98189e-05 0.165962 -8.24616e-05 3.41128e-05 -1.44184e-05
1.8 0.8357 8.404e-05 0.164229 -8.6831e-05 3.66883e-05 -1.47966e-05
1.81 0.837417 8.80005e-05 0.162513 -9.09255e-05 3.90614e-05 -1.52259e-05
1.82 0.839104 9.13034e-05 0.160827 -9.43757e-05 4.12071e-05 -1.5353e-05
1.83 0.840758 9.37129e-05 0.159175 -9.69272e-05 4.29752e-05 -1.58367e-05
1.84 0.842376 9.51393e-05 0.157558 -9.84778e-05 4.4823e-05 -1.69564e-05
1.85 0.843964 9.57914e-05 0.155971 -9.92663e-05 4.71891e-05 -1.84188e-05
1.86 0.845526 9.60689e-05 0.15441 -9.95492e-05 5.01146e-05 -1.98134e-05
1.87 0.847073 9.64144e-05 0.152864 -9.98769e-05 5.32908e-05 -2.01963e-05
1.88 0.848615 9.72208e-05 0.151322 -0.000100777 5.6084e-05 -1.95954e-05
1.89 0.850159 9.84441e-05 0.14978 -0.000102034 5.83429e-05 -1.84827e-05
1.9 0.851705 9.90508e-05 0.148234 -0.000102589 6.01635e-05 -1.72554e-05
1.91 0.853252 9.78498e-05 0.146689 -0.000101327 6.18813e-05 -1.62676e-05
1.92 0.85479 9.37202e-05 0.145152 -9.73094e-05 6.3542e-05 -1.58145e-05
1.93 0.856314 8.86387e-05 0.14363 -9.23858e-05 6.52702e-05 -1.60109e-05
1.94 0.857817 8.47632e-05 0.142128 -8.8655e-05 6.69009e-05 -1.64187e-05
1.95 0.859293 8.26691e-05 0.140654 -8.65882e-05 6.85068e-05 -1.6644e-05
1.96 0.860736 8.19341e-05 0.139211 -8.59285e-05 7.00144e-05 -1.64825e-05
1.97 0.862148 8.17777e-05 0.137801 -8.58887e-05 7.14054e-05 -1.60138e-05
1.98 0.863533 8.22105e-05 0.136417 -8.6441e-05 7.26284e-05 -1.52235e-05
1.99 0.864898 8.26412e-05 0.135054 -8.70726e-05 7.43777e-05 -1.3837e-05
2 0.866255 8.155e-05 0.133698 -8.63125e-05 7.65621e-05 -1.28158e-05
2.01 0.867614 7.94351e-05 0.13234 -8.44516e-05 7.76602e-05 -1.18254e-05
2.02 0.86898 7.70578e-05 0.130976 -8.22262e-05 7.80744e-05 -1.14886e-05
2.03 0.870351 7.41381e-05 0.129606 -7.94319e-05 7.84932e-05 -1.19903e-05
2.04 0.871723 6.96376e-05 0.128237 -7.5182e-05 7.98549e-05 -1.3023e-05
2.05 0.873084 6.41754e-05 0.126877 -6.97043e-05 8.16089e-05 -1.38628e-05
2.06 0.874426 5.94412e-05 0.125536 -6.49231e-05 8.33934e-05 -1.40346e-05
2.07 0.875743 5.75839e-05 0.124221 -6.30192e-05 8.53937e-05 -1.39801e-05
2.08 0.877028 5.89565e-05 0.122937 -6.42932e-05 8.7576e-05 -1.34465e-05
2.09 0.878281 6.16992e-05 0.121687 -6.70257e-05 8.95168e-05 -1.19474e-05
2.1 0.879505 6.49443e-05 0.120464 -7.01871e-05 9.1135e-05 -1.04257e-05
2.11 0.880711 6.5877e-05 0.11926 -7.09956e-05 9.21834e-05 -7.84952e-06
2.12 0.88191 6.38942e-05 0.118062 -6.89301e-05 9.19519e-05 -5.51578e-06
2.13 0.883112 5.99588e-05 0.116862 -6.495e-05 9.06654e-05 -4.2303e-06
2.14 0.884322 5.59712e-05 0.115654 -6.09289e-05 8.89106e-05 -4.23669e-06
2.15 0.885539 5.22769e-05 0.114438 -5.71383e-05 8.69444e-05 -5.29337e-06
2.16 0.886759 4.73604e-05 0.11322 -5.20947e-05 8.54817e-05 -6.77988e-06
2.17 0.887973 4.01393e-05 0.112009 -4.47434e-05 8.46592e-05 -8.7007e-06
2.18 0.889172 3.17549e-05 0.110811 -3.63078e-05 8.42158e-05 -1.09097e-05
2.19 0.89035 2.44765e-05 0.109636 -2.91404e-05 8.37895e-05 -1.30776e-05
2.2 0.891502 1.95118e-05 0.108486 -2.43042e-05 8.34108e-05 -1.45866e-05
2.21 0.892629 1.66027e-05 0.107362 -2.149e-05 8.32104e-05 -1.4427e-05
2.22 0.893734 1.69043e-05 0.106258 -2.17943e-05 8.37191e-05 -1.32969e-05
2.23 0.894828 2.02079e-05 0.105166 -2.51062e-05 8.41585e-05 -1.22678e-05
2.24 0.895916 2.51597e-05 0.104081 -3.00539e-05 8.58834e-05 -1.11011e-05
2.25 0.897002 2.87425e-05 0.102998 -3.34322e-05 8.58222e-05 -1.10377e-05
2.26 0.898091 2.89828e-05 0.101911 -3.34486e-05 8.67753e-05 -9.83043e-06
2.27 0.899185 2.74103e-05 0.10082 -3.16887e-05 8.83741e-05 -8.25688e-06
2.28 0.900282 2.7072e-05 0.0997257 -3.11752e-05 8.96877e-05 -7.47083e-06
2.29 0.901377 2.79937e-05 0.0986334 -3.20005e-05 9.0181e-05 -7.27024e-06
2.3 0.902461 2.82135e-05 0.0975516 -3.22829e-05 8.92643e-05 -7.13556e-06
2.31 0.903526 2.63877e-05 0.0964897 -3.05816e-05 8.77259e-05 -7.45131e-06
2.32 0.904567 2.24368e-05 0.0954508 -2.6638e-05 8.56889e-05 -7.81363e-06
2.33 0.905587 1.87684e-05 0.0944333 -2.2975e-05 8.36733e-05 -8.52267e-06
2.34 0.906589 1.68357e-05 0.0934328 -2.10433e-05 8.30346e-05 -8.33459e-06
2.35 0.907581 1.62638e-05 0.0924436 -2.04831e-05 8.41132e-05 -6.97329e-06
2.36 0.908563 1.71772e-05 0.0914631 -2.14357e-05 8.5425e-05 -3.93186e-06
2.37 0.909547 1.86479e-05 0.0904815 -2.29518e-05 8.61319e-05 -1.88847e-06
2.38 0.910538 1.86048e-05 0.0894918 -2.29114e-05 8.67682e-05 -8.03737e-07
2.39 0.911537 1.69191e-05 0.0884949 -2.12347e-05 8.72462e-05 1.61395e-07
2.4 0.912536 1.38622e-05 0.087498 -1.81682e-05 8.90411e-05 2.66622e-07
2.41 0.913526 9.55236e-06 0.08651 -1.3843e-05 9.1766e-05 7.11629e-07
2.42 0.914508 6.8628e-06 0.0855305 -1.11724e-05 9.40884e-05 5.80846e-07
2.43 0.915485 7.15754e-06 0.084555 -1.15186e-05 9.75709e-05 -9.92518e-08
2.44 0.916453 1.13917e-05 0.0835889 -1.57737e-05 0.000100792 -1.78507e-06
2.45 0.917412 1.83847e-05 0.082631 -2.28658e-05 0.000103828 -4.2936e-06
2.46 0.918382 2.74035e-05 0.0816632 -3.1954e-05 0.000106503 -6.58693e-06
2.47 0.919369 3.63312e-05 0.0806764 -4.08561e-05 0.00011052 -7.27938e-06
2.48 0.920397 4.28194e-05 0.0796486 -4.73454e-05 0.000114499 -1.26532e-05
2.49 0.921465 4.61405e-05 0.07858 -5.0667e-05 0.000114089 -7.48174e-06
2.5 0.92253 4.65553e-05 0.0775149 -5.10818e-05 0.00011386 -8.0277e-06
