This is pdfTeX, Version 3.141592653-2.6-1.40.22 (TeX Live 2022/dev/Debian) (preloaded format=pdflatex 2024.3.15)  10 MAY 2024 23:28
entering extended mode
 restricted \write18 enabled.
 %&-line parsing enabled.
**./images.tex
(./images.tex
LaTeX2e <2021-11-15> patch level 1
L3 programming layer <2022-01-21>
(/usr/share/texlive/texmf-dist/tex/latex/koma-script/scrartcl.cls
Document Class: scrartcl 2021/11/13 v3.35 KOMA-Script document class (article)
(/usr/share/texlive/texmf-dist/tex/latex/koma-script/scrkbase.sty
Package: scrkbase 2021/11/13 v3.35 KOMA-Script package (KOMA-Script-dependent b
asics and keyval usage)
(/usr/share/texlive/texmf-dist/tex/latex/koma-script/scrbase.sty
Package: scrbase 2021/11/13 v3.35 KOMA-Script package (KOMA-Script-independent 
basics and keyval usage)
(/usr/share/texlive/texmf-dist/tex/latex/koma-script/scrlfile.sty
Package: scrlfile 2021/11/13 v3.35 KOMA-Script package (file load hooks)
(/usr/share/texlive/texmf-dist/tex/latex/koma-script/scrlfile-hook.sty
Package: scrlfile-hook 2021/11/13 v3.35 KOMA-Script package (using LaTeX hooks)

(/usr/share/texlive/texmf-dist/tex/latex/koma-script/scrlogo.sty
Package: scrlogo 2021/11/13 v3.35 KOMA-Script package (logo)
))) (/usr/share/texlive/texmf-dist/tex/latex/graphics/keyval.sty
Package: keyval 2014/10/28 v1.15 key=value parser (DPC)
\KV@toks@=\toks16
)
Applying: [2021/05/01] Usage of raw or classic option list on input line 252.
Already applied: [0000/00/00] Usage of raw or classic option list on input line
 368.
)) (/usr/share/texlive/texmf-dist/tex/latex/koma-script/tocbasic.sty
Package: tocbasic 2021/11/13 v3.35 KOMA-Script package (handling toc-files)
\scr@dte@tocline@numberwidth=\skip47
\scr@dte@tocline@numbox=\box50
)
Package tocbasic Info: babel extension for `toc' omitted
(tocbasic)             because of missing \bbl@set@language on input line 135.
Class scrartcl Info: File `scrsize11pt.clo' used instead of
(scrartcl)           file `scrsize11.clo' to setup font sizes on input line 224
2.
(/usr/share/texlive/texmf-dist/tex/latex/koma-script/scrsize11pt.clo
File: scrsize11pt.clo 2021/11/13 v3.35 KOMA-Script font size class option (11pt
)
) (/usr/share/texlive/texmf-dist/tex/latex/koma-script/typearea.sty
Package: typearea 2021/11/13 v3.35 KOMA-Script package (type area)
\ta@bcor=\skip48
\ta@div=\count185
\ta@hblk=\skip49
\ta@vblk=\skip50
\ta@temp=\skip51
\footheight=\skip52
Package typearea Info: These are the values describing the layout:
(typearea)             DIV  = 10
(typearea)             BCOR = 0.0pt
(typearea)             \paperwidth      = 597.50793pt
(typearea)              \textwidth      = 418.25555pt
(typearea)              DIV departure   = -6%
(typearea)              \evensidemargin = 17.3562pt
(typearea)              \oddsidemargin  = 17.3562pt
(typearea)             \paperheight     = 845.04694pt
(typearea)              \textheight     = 595.80026pt
(typearea)              \topmargin      = -25.16531pt
(typearea)              \headheight     = 17.0pt
(typearea)              \headsep        = 20.40001pt
(typearea)              \topskip        = 11.0pt
(typearea)              \footskip       = 47.6pt
(typearea)              \baselineskip   = 13.6pt
(typearea)              on input line 1743.
)
\c@part=\count186
\c@section=\count187
\c@subsection=\count188
\c@subsubsection=\count189
\c@paragraph=\count190
\c@subparagraph=\count191
\scr@dte@section@maxnumwidth=\skip53
Class scrartcl Info: using compatibility default `runin=bysign'
(scrartcl)           for `\section on input line 4852.
Class scrartcl Info: using compatibility default `afterindent=bysign'
(scrartcl)           for `\section on input line 4852.
\scr@dte@part@maxnumwidth=\skip54
Class scrartcl Info: using compatibility default `afterindent=false'
(scrartcl)           for `\part on input line 4860.
\scr@dte@subsection@maxnumwidth=\skip55
Class scrartcl Info: using compatibility default `runin=bysign'
(scrartcl)           for `\subsection on input line 4870.
Class scrartcl Info: using compatibility default `afterindent=bysign'
(scrartcl)           for `\subsection on input line 4870.
\scr@dte@subsubsection@maxnumwidth=\skip56
Class scrartcl Info: using compatibility default `runin=bysign'
(scrartcl)           for `\subsubsection on input line 4880.
Class scrartcl Info: using compatibility default `afterindent=bysign'
(scrartcl)           for `\subsubsection on input line 4880.
\scr@dte@paragraph@maxnumwidth=\skip57
Class scrartcl Info: using compatibility default `runin=bysign'
(scrartcl)           for `\paragraph on input line 4891.
Class scrartcl Info: using compatibility default `afterindent=bysign'
(scrartcl)           for `\paragraph on input line 4891.
\scr@dte@subparagraph@maxnumwidth=\skip58
Class scrartcl Info: using compatibility default `runin=bysign'
(scrartcl)           for `\subparagraph on input line 4901.
Class scrartcl Info: using compatibility default `afterindent=bysign'
(scrartcl)           for `\subparagraph on input line 4901.
\abovecaptionskip=\skip59
\belowcaptionskip=\skip60
\c@pti@nb@sid@b@x=\box51
Package tocbasic Info: babel extension for `lof' omitted
(tocbasic)             because of missing \bbl@set@language on input line 6076.

\scr@dte@figure@maxnumwidth=\skip61
\c@figure=\count192
Package tocbasic Info: babel extension for `lot' omitted
(tocbasic)             because of missing \bbl@set@language on input line 6091.

\scr@dte@table@maxnumwidth=\skip62
\c@table=\count193
Class scrartcl Info: Redefining `\numberline' on input line 6258.
\bibindent=\dimen138
) (/usr/share/texlive/texmf-dist/tex/latex/base/ifthen.sty
Package: ifthen 2020/11/24 v1.1c Standard LaTeX ifthen package (DPC)
) (/usr/share/texlive/texmf-dist/tex/latex/amsmath/amsmath.sty
Package: amsmath 2021/10/15 v2.17l AMS math features
\@mathmargin=\skip63
For additional information on amsmath, use the `?' option.
(/usr/share/texlive/texmf-dist/tex/latex/amsmath/amstext.sty
Package: amstext 2021/08/26 v2.01 AMS text
(/usr/share/texlive/texmf-dist/tex/latex/amsmath/amsgen.sty
File: amsgen.sty 1999/11/30 v2.0 generic functions
\@emptytoks=\toks17
\ex@=\dimen139
)) (/usr/share/texlive/texmf-dist/tex/latex/amsmath/amsbsy.sty
Package: amsbsy 1999/11/29 v1.2d Bold Symbols
\pmbraise@=\dimen140
) (/usr/share/texlive/texmf-dist/tex/latex/amsmath/amsopn.sty
Package: amsopn 2021/08/26 v2.02 operator names
)
\inf@bad=\count194
LaTeX Info: Redefining \frac on input line 234.
\uproot@=\count195
\leftroot@=\count196
LaTeX Info: Redefining \overline on input line 399.
\classnum@=\count197
\DOTSCASE@=\count198
LaTeX Info: Redefining \ldots on input line 496.
LaTeX Info: Redefining \dots on input line 499.
LaTeX Info: Redefining \cdots on input line 620.
\Mathstrutbox@=\box52
\strutbox@=\box53
\big@size=\dimen141
LaTeX Font Info:    Redeclaring font encoding OML on input line 743.
LaTeX Font Info:    Redeclaring font encoding OMS on input line 744.
\macc@depth=\count199
\c@MaxMatrixCols=\count266
\dotsspace@=\muskip16
\c@parentequation=\count267
\dspbrk@lvl=\count268
\tag@help=\toks18
\row@=\count269
\column@=\count270
\maxfields@=\count271
\andhelp@=\toks19
\eqnshift@=\dimen142
\alignsep@=\dimen143
\tagshift@=\dimen144
\tagwidth@=\dimen145
\totwidth@=\dimen146
\lineht@=\dimen147
\@envbody=\toks20
\multlinegap=\skip64
\multlinetaggap=\skip65
\mathdisplay@stack=\toks21
LaTeX Info: Redefining \[ on input line 2938.
LaTeX Info: Redefining \] on input line 2939.
) (/usr/share/texlive/texmf-dist/tex/latex/amsfonts/amssymb.sty
Package: amssymb 2013/01/14 v3.01 AMS font symbols
(/usr/share/texlive/texmf-dist/tex/latex/amsfonts/amsfonts.sty
Package: amsfonts 2013/01/14 v3.01 Basic AMSFonts support
\symAMSa=\mathgroup4
\symAMSb=\mathgroup5
LaTeX Font Info:    Redeclaring math symbol \hbar on input line 98.
LaTeX Font Info:    Overwriting math alphabet `\mathfrak' in version `bold'
(Font)                  U/euf/m/n --> U/euf/b/n on input line 106.
)) (/usr/share/texlive/texmf-dist/tex/latex/graphics/graphicx.sty
Package: graphicx 2021/09/16 v1.2d Enhanced LaTeX Graphics (DPC,SPQR)
(/usr/share/texlive/texmf-dist/tex/latex/graphics/graphics.sty
Package: graphics 2021/03/04 v1.4d Standard LaTeX Graphics (DPC,SPQR)
(/usr/share/texlive/texmf-dist/tex/latex/graphics/trig.sty
Package: trig 2021/08/11 v1.11 sin cos tan (DPC)
) (/usr/share/texlive/texmf-dist/tex/latex/graphics-cfg/graphics.cfg
File: graphics.cfg 2016/06/04 v1.11 sample graphics configuration
)
Package graphics Info: Driver file: pdftex.def on input line 107.
(/usr/share/texlive/texmf-dist/tex/latex/graphics-def/pdftex.def
File: pdftex.def 2020/10/05 v1.2a Graphics/color driver for pdftex
))
\Gin@req@height=\dimen148
\Gin@req@width=\dimen149
) (/usr/share/texlive/texmf-dist/tex/latex/float/float.sty
Package: float 2001/11/08 v1.3d Float enhancements (AL)
\c@float@type=\count272
\float@exts=\toks22
\float@box=\box54
\@float@everytoks=\toks23
\@floatcapt=\box55
) (/usr/share/texlive/texmf-dist/tex/latex/hyperref/hyperref.sty
Package: hyperref 2021-06-07 v7.00m Hypertext links for LaTeX
(/usr/share/texlive/texmf-dist/tex/generic/ltxcmds/ltxcmds.sty
Package: ltxcmds 2020-05-10 v1.25 LaTeX kernel commands for general use (HO)
) (/usr/share/texlive/texmf-dist/tex/generic/iftex/iftex.sty
Package: iftex 2020/03/06 v1.0d TeX engine tests
) (/usr/share/texlive/texmf-dist/tex/generic/pdftexcmds/pdftexcmds.sty
Package: pdftexcmds 2020-06-27 v0.33 Utility functions of pdfTeX for LuaTeX (HO
)
(/usr/share/texlive/texmf-dist/tex/generic/infwarerr/infwarerr.sty
Package: infwarerr 2019/12/03 v1.5 Providing info/warning/error messages (HO)
)
Package pdftexcmds Info: \pdf@primitive is available.
Package pdftexcmds Info: \pdf@ifprimitive is available.
Package pdftexcmds Info: \pdfdraftmode found.
) (/usr/share/texlive/texmf-dist/tex/generic/kvsetkeys/kvsetkeys.sty
Package: kvsetkeys 2019/12/15 v1.18 Key value parser (HO)
) (/usr/share/texlive/texmf-dist/tex/generic/kvdefinekeys/kvdefinekeys.sty
Package: kvdefinekeys 2019-12-19 v1.6 Define keys (HO)
) (/usr/share/texlive/texmf-dist/tex/generic/pdfescape/pdfescape.sty
Package: pdfescape 2019/12/09 v1.15 Implements pdfTeX's escape features (HO)
) (/usr/share/texlive/texmf-dist/tex/latex/hycolor/hycolor.sty
Package: hycolor 2020-01-27 v1.10 Color options for hyperref/bookmark (HO)
) (/usr/share/texlive/texmf-dist/tex/latex/letltxmacro/letltxmacro.sty
Package: letltxmacro 2019/12/03 v1.6 Let assignment for LaTeX macros (HO)
) (/usr/share/texlive/texmf-dist/tex/latex/auxhook/auxhook.sty
Package: auxhook 2019-12-17 v1.6 Hooks for auxiliary files (HO)
) (/usr/share/texlive/texmf-dist/tex/latex/kvoptions/kvoptions.sty
Package: kvoptions 2020-10-07 v3.14 Key value format for package options (HO)
)
\@linkdim=\dimen150
\Hy@linkcounter=\count273
\Hy@pagecounter=\count274
(/usr/share/texlive/texmf-dist/tex/latex/hyperref/pd1enc.def
File: pd1enc.def 2021-06-07 v7.00m Hyperref: PDFDocEncoding definition (HO)
Now handling font encoding PD1 ...
... no UTF-8 mapping file for font encoding PD1
) (/usr/share/texlive/texmf-dist/tex/latex/hyperref/hyperref-langpatches.def
File: hyperref-langpatches.def 2021-06-07 v7.00m Hyperref: patches for babel la
nguages
) (/usr/share/texlive/texmf-dist/tex/generic/intcalc/intcalc.sty
Package: intcalc 2019/12/15 v1.3 Expandable calculations with integers (HO)
) (/usr/share/texlive/texmf-dist/tex/generic/etexcmds/etexcmds.sty
Package: etexcmds 2019/12/15 v1.7 Avoid name clashes with e-TeX commands (HO)
)
\Hy@SavedSpaceFactor=\count275
(/usr/share/texlive/texmf-dist/tex/latex/hyperref/puenc.def
File: puenc.def 2021-06-07 v7.00m Hyperref: PDF Unicode definition (HO)
Now handling font encoding PU ...
... no UTF-8 mapping file for font encoding PU
)
Package hyperref Info: Hyper figures OFF on input line 4192.
Package hyperref Info: Link nesting OFF on input line 4197.
Package hyperref Info: Hyper index ON on input line 4200.
Package hyperref Info: Plain pages OFF on input line 4207.
Package hyperref Info: Backreferencing OFF on input line 4212.
Package hyperref Info: Implicit mode ON; LaTeX internals redefined.
Package hyperref Info: Bookmarks ON on input line 4445.
\c@Hy@tempcnt=\count276
(/usr/share/texlive/texmf-dist/tex/latex/url/url.sty
\Urlmuskip=\muskip17
Package: url 2013/09/16  ver 3.4  Verb mode for urls, etc.
)
LaTeX Info: Redefining \url on input line 4804.
\XeTeXLinkMargin=\dimen151
(/usr/share/texlive/texmf-dist/tex/generic/bitset/bitset.sty
Package: bitset 2019/12/09 v1.3 Handle bit-vector datatype (HO)
(/usr/share/texlive/texmf-dist/tex/generic/bigintcalc/bigintcalc.sty
Package: bigintcalc 2019/12/15 v1.5 Expandable calculations on big integers (HO
)
))
\Fld@menulength=\count277
\Field@Width=\dimen152
\Fld@charsize=\dimen153
Package hyperref Info: Hyper figures OFF on input line 6076.
Package hyperref Info: Link nesting OFF on input line 6081.
Package hyperref Info: Hyper index ON on input line 6084.
Package hyperref Info: backreferencing OFF on input line 6091.
Package hyperref Info: Link coloring OFF on input line 6096.
Package hyperref Info: Link coloring with OCG OFF on input line 6101.
Package hyperref Info: PDF/A mode OFF on input line 6106.
LaTeX Info: Redefining \ref on input line 6146.
LaTeX Info: Redefining \pageref on input line 6150.
(/usr/share/texlive/texmf-dist/tex/latex/base/atbegshi-ltx.sty
Package: atbegshi-ltx 2021/01/10 v1.0c Emulation of the original atbegshi
package with kernel methods
)
\Hy@abspage=\count278
\c@Item=\count279
\c@Hfootnote=\count280
)
Package hyperref Info: Driver (autodetected): hpdftex.
(/usr/share/texlive/texmf-dist/tex/latex/hyperref/hpdftex.def
File: hpdftex.def 2021-06-07 v7.00m Hyperref driver for pdfTeX
(/usr/share/texlive/texmf-dist/tex/latex/base/atveryend-ltx.sty
Package: atveryend-ltx 2020/08/19 v1.0a Emulation of the original atveryend pac
kage
with kernel methods
)
\Fld@listcount=\count281
\c@bookmark@seq@number=\count282
(/usr/share/texlive/texmf-dist/tex/latex/rerunfilecheck/rerunfilecheck.sty
Package: rerunfilecheck 2019/12/05 v1.9 Rerun checks for auxiliary files (HO)
(/usr/share/texlive/texmf-dist/tex/generic/uniquecounter/uniquecounter.sty
Package: uniquecounter 2019/12/15 v1.4 Provide unlimited unique counter (HO)
)
Package uniquecounter Info: New unique counter `rerunfilecheck' on input line 2
86.
)
\Hy@SectionHShift=\skip66
) (/usr/share/texlive/texmf-dist/tex/latex/base/fontenc.sty
Package: fontenc 2021/04/29 v2.0v Standard LaTeX package
) (/usr/share/texlive/texmf-dist/tex/latex/xcolor/xcolor.sty
Package: xcolor 2021/10/31 v2.13 LaTeX color extensions (UK)
(/usr/share/texlive/texmf-dist/tex/latex/graphics-cfg/color.cfg
File: color.cfg 2016/01/02 v1.6 sample color configuration
)
Package xcolor Info: Driver file: pdftex.def on input line 227.
Package xcolor Info: Model `cmy' substituted by `cmy0' on input line 1352.
Package xcolor Info: Model `hsb' substituted by `rgb' on input line 1356.
Package xcolor Info: Model `RGB' extended on input line 1368.
Package xcolor Info: Model `HTML' substituted by `rgb' on input line 1370.
Package xcolor Info: Model `Hsb' substituted by `hsb' on input line 1371.
Package xcolor Info: Model `tHsb' substituted by `hsb' on input line 1372.
Package xcolor Info: Model `HSB' substituted by `hsb' on input line 1373.
Package xcolor Info: Model `Gray' substituted by `gray' on input line 1374.
Package xcolor Info: Model `wave' substituted by `hsb' on input line 1375.
)
\sizebox=\box56
\lthtmlwrite=\write3
(/usr/share/texmf/tex/latex/preview/preview.sty
Package: preview 2017/04/24 12.2 (AUCTeX/preview-latex)
(/usr/share/texlive/texmf-dist/tex/generic/luatex85/luatex85.sty
Package: luatex85 2016/06/15 v1.4 pdftex aliases for luatex
) (/usr/share/texmf/tex/latex/preview/prtightpage.def
\PreviewBorder=\dimen154
)
\pr@snippet=\count283
\pr@box=\box57
\pr@output=\toks24
)
\lthtmlPageBox=\box58
\lthtmlCropMarkHeight=\dimen155
\lthtmlCropMarkDepth=\dimen156
(/usr/share/texlive/texmf-dist/tex/latex/l3backend/l3backend-pdftex.def
File: l3backend-pdftex.def 2022-01-12 L3 backend support: PDF output (pdfTeX)
\l__color_backend_stack_int=\count284
\l__pdf_internal_box=\box59
) (./images.aux)
\openout1 = `images.aux'.

LaTeX Font Info:    Checking defaults for OML/cmm/m/it on input line 113.
LaTeX Font Info:    ... okay on input line 113.
LaTeX Font Info:    Checking defaults for OMS/cmsy/m/n on input line 113.
LaTeX Font Info:    ... okay on input line 113.
LaTeX Font Info:    Checking defaults for OT1/cmr/m/n on input line 113.
LaTeX Font Info:    ... okay on input line 113.
LaTeX Font Info:    Checking defaults for T1/cmr/m/n on input line 113.
LaTeX Font Info:    ... okay on input line 113.
LaTeX Font Info:    Checking defaults for TS1/cmr/m/n on input line 113.
LaTeX Font Info:    ... okay on input line 113.
LaTeX Font Info:    Checking defaults for OMX/cmex/m/n on input line 113.
LaTeX Font Info:    ... okay on input line 113.
LaTeX Font Info:    Checking defaults for U/cmr/m/n on input line 113.
LaTeX Font Info:    ... okay on input line 113.
LaTeX Font Info:    Checking defaults for PD1/pdf/m/n on input line 113.
LaTeX Font Info:    ... okay on input line 113.
LaTeX Font Info:    Checking defaults for PU/pdf/m/n on input line 113.
LaTeX Font Info:    ... okay on input line 113.
Package scrbase Info: activating english \contentsname on input line 113.
Package scrbase Info: activating english \listfigurename on input line 113.
Package scrbase Info: activating english \listtablename on input line 113.
Package typearea Info: package `preview' with option `tightpage' detected.
(typearea)             initial page size special deactivated on input line 113.

(/usr/share/texlive/texmf-dist/tex/context/base/mkii/supp-pdf.mkii
[Loading MPS to PDF converter (version 2006.09.02).]
\scratchcounter=\count285
\scratchdimen=\dimen157
\scratchbox=\box60
\nofMPsegments=\count286
\nofMParguments=\count287
\everyMPshowfont=\toks25
\MPscratchCnt=\count288
\MPscratchDim=\dimen158
\MPnumerator=\count289
\makeMPintoPDFobject=\count290
\everyMPtoPDFconversion=\toks26
) (/usr/share/texlive/texmf-dist/tex/latex/epstopdf-pkg/epstopdf-base.sty
Package: epstopdf-base 2020-01-24 v2.11 Base part for package epstopdf
(/usr/share/texlive/texmf-dist/tex/latex/grfext/grfext.sty
Package: grfext 2019/12/03 v1.3 Manage graphics extensions (HO)
)
Package epstopdf-base Info: Redefining graphics rule for `.eps' on input line 4
85.
Package grfext Info: Graphics extension search list:
(grfext)             [.pdf,.png,.jpg,.mps,.jpeg,.jbig2,.jb2,.PDF,.PNG,.JPG,.JPE
G,.JBIG2,.JB2,.eps]
(grfext)             \AppendGraphicsExtensions on input line 504.
(/usr/share/texlive/texmf-dist/tex/latex/latexconfig/epstopdf-sys.cfg
File: epstopdf-sys.cfg 2010/07/13 v1.3 Configuration of (r)epstopdf for TeX Liv
e
))
Package hyperref Info: Link coloring OFF on input line 113.
(/usr/share/texlive/texmf-dist/tex/latex/hyperref/nameref.sty
Package: nameref 2021-04-02 v2.47 Cross-referencing by name of section
(/usr/share/texlive/texmf-dist/tex/latex/refcount/refcount.sty
Package: refcount 2019/12/15 v3.6 Data extraction from label references (HO)
) (/usr/share/texlive/texmf-dist/tex/generic/gettitlestring/gettitlestring.sty
Package: gettitlestring 2019/12/15 v1.6 Cleanup title references (HO)
)
\c@section@level=\count291
)
LaTeX Info: Redefining \ref on input line 113.
LaTeX Info: Redefining \pageref on input line 113.
LaTeX Info: Redefining \nameref on input line 113.
(./images.out) (./images.out)
\@outlinefile=\write4
\openout4 = `images.out'.

Class scrartcl Info: loading recommended package `bookmark'.
(scrartcl)           Using `bookmark' together with `hyperref' is recommended,
(scrartcl)           because of handling of possible bookmark level gaps.
(scrartcl)           You can avoid loading `bookmark' with KOMA-Script option
(scrartcl)           `bookmarkpackage=false' before \begin{document} and
(scrartcl)           you can avoid this message adding:
(scrartcl)             \usepackage{bookmark}
(scrartcl)           before \begin{document} on input line 113.
(/usr/share/texlive/texmf-dist/tex/latex/bookmark/bookmark.sty
Package: bookmark 2020-11-06 v1.29 PDF bookmarks (HO)
(/usr/share/texlive/texmf-dist/tex/latex/bookmark/bkm-pdftex.def
File: bkm-pdftex.def 2020-11-06 v1.29 bookmark driver for pdfTeX (HO)
\BKM@id=\count292
))
Preview: Fontsize 10.95pt
Preview: PDFoutput 1

latex2htmlLength hsize=418.25555pt

latex2htmlLength vsize=655.63496pt

latex2htmlLength hoffset=0.0pt

latex2htmlLength voffset=0.0pt

latex2htmlLength topmargin=0.0pt

latex2htmlLength topskip=0.00003pt

latex2htmlLength headheight=0.0pt

latex2htmlLength headsep=0.0pt

latex2htmlLength parskip=0.0pt plus 1.0pt

latex2htmlLength oddsidemargin=17.3562pt

latex2htmlLength evensidemargin=17.3562pt

LaTeX Font Info:    Trying to load font information for U+msa on input line 140
.
(/usr/share/texlive/texmf-dist/tex/latex/amsfonts/umsa.fd
File: umsa.fd 2013/01/14 v3.01 AMS symbols A
)
LaTeX Font Info:    Trying to load font information for U+msb on input line 140
.
(/usr/share/texlive/texmf-dist/tex/latex/amsfonts/umsb.fd
File: umsb.fd 2013/01/14 v3.01 AMS symbols B
)

:tex2html_wrap_indisplay989:lthtmlCropMarkHeight:=21.0119pt

:tex2html_wrap_indisplay989:lthtmlCropMarkDepth:=7.51115pt:1ex:=4.71341pt
Preview: Tightpage -65781 -65781 65781 65781
[1{/var/lib/texmf/fonts/map/pdftex/updmap/pdftex.map}]

:tex2html_wrap_indisplay991:lthtmlCropMarkHeight:=26.62032pt

:tex2html_wrap_indisplay991:lthtmlCropMarkDepth:=14.49814pt:1ex:=4.71341pt
[2]

:tex2html_wrap_inline993:lthtmlCropMarkHeight:=13.48248pt

:tex2html_wrap_inline993:lthtmlCropMarkDepth:=1.695pt:1ex:=4.71341pt
[3]

:tex2html_wrap_inline995:lthtmlCropMarkHeight:=13.48248pt

:tex2html_wrap_inline995:lthtmlCropMarkDepth:=1.695pt:1ex:=4.71341pt
[4]

:tex2html_wrap_inline999:lthtmlCropMarkHeight:=13.48248pt

:tex2html_wrap_inline999:lthtmlCropMarkDepth:=1.695pt:1ex:=4.71341pt
[5]

:tex2html_wrap_inline1001:lthtmlCropMarkHeight:=13.60416pt

:tex2html_wrap_inline1001:lthtmlCropMarkDepth:=0.0pt:1ex:=4.71341pt
[6]

:tex2html_wrap_inline1003:lthtmlCropMarkHeight:=15.52922pt

:tex2html_wrap_inline1003:lthtmlCropMarkDepth:=3.24495pt:1ex:=4.71341pt
[7]

:tex2html_wrap_inline1005:lthtmlCropMarkHeight:=13.60416pt

:tex2html_wrap_inline1005:lthtmlCropMarkDepth:=1.7839pt:1ex:=4.71341pt
[8]

:tex2html_wrap_inline1007:lthtmlCropMarkHeight:=13.48248pt

:tex2html_wrap_inline1007:lthtmlCropMarkDepth:=1.64249pt:1ex:=4.71341pt
[9]

:tex2html_wrap_indisplay1009:lthtmlCropMarkHeight:=24.22697pt

:tex2html_wrap_indisplay1009:lthtmlCropMarkDepth:=21.88762pt:1ex:=4.71341pt
[10]

:tex2html_wrap_inline1011:lthtmlCropMarkHeight:=10.71457pt

:tex2html_wrap_inline1011:lthtmlCropMarkDepth:=3.19804pt:1ex:=4.71341pt
[11]

:tex2html_wrap_inline1013:lthtmlCropMarkHeight:=13.60416pt

:tex2html_wrap_inline1013:lthtmlCropMarkDepth:=0.0pt:1ex:=4.71341pt
[12]

:tex2html_wrap_inline1015:lthtmlCropMarkHeight:=14.2125pt

:tex2html_wrap_inline1015:lthtmlCropMarkDepth:=2.73749pt:1ex:=4.71341pt
[13]

:tex2html_wrap_inline1017:lthtmlCropMarkHeight:=13.48248pt

:tex2html_wrap_inline1017:lthtmlCropMarkDepth:=0.0pt:1ex:=4.71341pt
[14]

:tex2html_wrap_inline1019:lthtmlCropMarkHeight:=10.71457pt

:tex2html_wrap_inline1019:lthtmlCropMarkDepth:=1.7839pt:1ex:=4.71341pt
[15]

:tex2html_wrap_inline1021:lthtmlCropMarkHeight:=10.71457pt

:tex2html_wrap_inline1021:lthtmlCropMarkDepth:=2.12917pt:1ex:=4.71341pt
[16]

:tex2html_wrap_inline1023:lthtmlCropMarkHeight:=14.2125pt

:tex2html_wrap_inline1023:lthtmlCropMarkDepth:=2.73749pt:1ex:=4.71341pt
[17]

:tex2html_wrap_indisplay1025:lthtmlCropMarkHeight:=17.77165pt

:tex2html_wrap_indisplay1025:lthtmlCropMarkDepth:=16.44255pt:1ex:=4.71341pt
[18]

:tex2html_wrap_inline1027:lthtmlCropMarkHeight:=13.48248pt

:tex2html_wrap_inline1027:lthtmlCropMarkDepth:=1.06459pt:1ex:=4.71341pt
[19]

:tex2html_wrap_inline1029:lthtmlCropMarkHeight:=13.60416pt

:tex2html_wrap_inline1029:lthtmlCropMarkDepth:=1.7839pt:1ex:=4.71341pt
[20]

:tex2html_wrap_inline1031:lthtmlCropMarkHeight:=10.71457pt

:tex2html_wrap_inline1031:lthtmlCropMarkDepth:=2.12917pt:1ex:=4.71341pt
[21]

:tex2html_wrap_inline1033:lthtmlCropMarkHeight:=10.71457pt

:tex2html_wrap_inline1033:lthtmlCropMarkDepth:=1.64249pt:1ex:=4.71341pt
[22]

:tex2html_wrap_inline1035:lthtmlCropMarkHeight:=11.9031pt

:tex2html_wrap_inline1035:lthtmlCropMarkDepth:=1.64249pt:1ex:=4.71341pt
[23]

:tex2html_wrap_inline1037:lthtmlCropMarkHeight:=10.71457pt

:tex2html_wrap_inline1037:lthtmlCropMarkDepth:=1.64249pt:1ex:=4.71341pt
[24]

:tex2html_wrap_indisplay1039:lthtmlCropMarkHeight:=18.59258pt

:tex2html_wrap_indisplay1039:lthtmlCropMarkDepth:=18.71591pt:1ex:=4.71341pt
[25]

:tex2html_wrap_inline1041:lthtmlCropMarkHeight:=13.48248pt

:tex2html_wrap_inline1041:lthtmlCropMarkDepth:=0.0pt:1ex:=4.71341pt
[26]

:tex2html_wrap_inline1043:lthtmlCropMarkHeight:=15.12923pt

:tex2html_wrap_inline1043:lthtmlCropMarkDepth:=0.0pt:1ex:=4.71341pt
[27]

:tex2html_wrap_indisplay1045:lthtmlCropMarkHeight:=17.77165pt

:tex2html_wrap_indisplay1045:lthtmlCropMarkDepth:=5.78029pt:1ex:=4.71341pt
[28]

:tex2html_wrap_inline1049:lthtmlCropMarkHeight:=10.71457pt

:tex2html_wrap_inline1049:lthtmlCropMarkDepth:=1.7839pt:1ex:=4.71341pt
[29]

:tex2html_wrap_inline1051:lthtmlCropMarkHeight:=13.31305pt

:tex2html_wrap_inline1051:lthtmlCropMarkDepth:=1.7839pt:1ex:=4.71341pt
[30]

:tex2html_wrap_inline1053:lthtmlCropMarkHeight:=10.71457pt

:tex2html_wrap_inline1053:lthtmlCropMarkDepth:=3.19502pt:1ex:=4.71341pt
[31]

:tex2html_wrap_inline1055:lthtmlCropMarkHeight:=12.73512pt

:tex2html_wrap_inline1055:lthtmlCropMarkDepth:=1.7839pt:1ex:=4.71341pt
[32]

:tex2html_wrap_inline1057:lthtmlCropMarkHeight:=13.48248pt

:tex2html_wrap_inline1057:lthtmlCropMarkDepth:=0.0pt:1ex:=4.71341pt
[33]

:tex2html_wrap_inline1059:lthtmlCropMarkHeight:=18.71167pt

:tex2html_wrap_inline1059:lthtmlCropMarkDepth:=5.78029pt:1ex:=4.71341pt
[34]

:tex2html_wrap_inline1063:lthtmlCropMarkHeight:=18.71167pt

:tex2html_wrap_inline1063:lthtmlCropMarkDepth:=5.78029pt:1ex:=4.71341pt
[35]

:tex2html_wrap_inline1065:lthtmlCropMarkHeight:=15.12923pt

:tex2html_wrap_inline1065:lthtmlCropMarkDepth:=2.73749pt:1ex:=4.71341pt
[36]

:tex2html_wrap_inline1067:lthtmlCropMarkHeight:=14.2125pt

:tex2html_wrap_inline1067:lthtmlCropMarkDepth:=2.73749pt:1ex:=4.71341pt
[37]

:tex2html_wrap_inline1069:lthtmlCropMarkHeight:=19.13696pt

:tex2html_wrap_inline1069:lthtmlCropMarkDepth:=5.78029pt:1ex:=4.71341pt
[38]

:tex2html_wrap_inline1071:lthtmlCropMarkHeight:=16.14696pt

:tex2html_wrap_inline1071:lthtmlCropMarkDepth:=1.24101pt:1ex:=4.71341pt
[39]

:tex2html_wrap_inline1073:lthtmlCropMarkHeight:=10.71457pt

:tex2html_wrap_inline1073:lthtmlCropMarkDepth:=2.12917pt:1ex:=4.71341pt
[40]

:tex2html_wrap_inline1075:lthtmlCropMarkHeight:=10.71457pt

:tex2html_wrap_inline1075:lthtmlCropMarkDepth:=1.7839pt:1ex:=4.71341pt
[41]

:tex2html_wrap_inline1078:lthtmlCropMarkHeight:=15.12923pt

:tex2html_wrap_inline1078:lthtmlCropMarkDepth:=0.42812pt:1ex:=4.71341pt
[42]

:tex2html_wrap_inline1080:lthtmlCropMarkHeight:=10.01727pt

:tex2html_wrap_inline1080:lthtmlCropMarkDepth:=0.0pt:1ex:=4.71341pt
[43]

:tex2html_wrap_inline1082:lthtmlCropMarkHeight:=7.15582pt

:tex2html_wrap_inline1082:lthtmlCropMarkDepth:=0.0pt:1ex:=4.71341pt
[44]

:tex2html_wrap_inline1085:lthtmlCropMarkHeight:=15.86691pt

:tex2html_wrap_inline1085:lthtmlCropMarkDepth:=5.9195pt:1ex:=4.71341pt
[45]

:tex2html_wrap_inline1087:lthtmlCropMarkHeight:=13.22179pt

:tex2html_wrap_inline1087:lthtmlCropMarkDepth:=2.12917pt:1ex:=4.71341pt
[46]

:tex2html_wrap_inline1089:lthtmlCropMarkHeight:=13.22179pt

:tex2html_wrap_inline1089:lthtmlCropMarkDepth:=0.0pt:1ex:=4.71341pt
[47]

:tex2html_wrap_inline1091:lthtmlCropMarkHeight:=13.60416pt

:tex2html_wrap_inline1091:lthtmlCropMarkDepth:=0.0pt:1ex:=4.71341pt
[48]

:tex2html_wrap_inline1093:lthtmlCropMarkHeight:=13.60416pt

:tex2html_wrap_inline1093:lthtmlCropMarkDepth:=2.12917pt:1ex:=4.71341pt
[49]

:tex2html_wrap_inline1095:lthtmlCropMarkHeight:=10.71457pt

:tex2html_wrap_inline1095:lthtmlCropMarkDepth:=3.19804pt:1ex:=4.71341pt
[50]

:tex2html_wrap_inline1097:lthtmlCropMarkHeight:=16.37207pt

:tex2html_wrap_inline1097:lthtmlCropMarkDepth:=2.73749pt:1ex:=4.71341pt
[51]

:tex2html_wrap_inline1099:lthtmlCropMarkHeight:=10.71457pt

:tex2html_wrap_inline1099:lthtmlCropMarkDepth:=2.12917pt:1ex:=4.71341pt
[52]

:tex2html_wrap_inline1101:lthtmlCropMarkHeight:=16.37207pt

:tex2html_wrap_inline1101:lthtmlCropMarkDepth:=0.0pt:1ex:=4.71341pt
[53]

:tex2html_wrap_inline1104:lthtmlCropMarkHeight:=13.48248pt

:tex2html_wrap_inline1104:lthtmlCropMarkDepth:=1.695pt:1ex:=4.71341pt
[54]

:tex2html_wrap_inline1106:lthtmlCropMarkHeight:=14.2125pt

:tex2html_wrap_inline1106:lthtmlCropMarkDepth:=2.73749pt:1ex:=4.71341pt
[55]

:tex2html_wrap_inline1108:lthtmlCropMarkHeight:=10.71457pt

:tex2html_wrap_inline1108:lthtmlCropMarkDepth:=2.12917pt:1ex:=4.71341pt
[56]

:tex2html_wrap_inline1110:lthtmlCropMarkHeight:=13.48248pt

:tex2html_wrap_inline1110:lthtmlCropMarkDepth:=0.0pt:1ex:=4.71341pt
[57]

:tex2html_wrap_indisplay1112:lthtmlCropMarkHeight:=21.87761pt

:tex2html_wrap_indisplay1112:lthtmlCropMarkDepth:=10.40265pt:1ex:=4.71341pt
[58]

:tex2html_wrap_inline1114:lthtmlCropMarkHeight:=13.05666pt

:tex2html_wrap_inline1114:lthtmlCropMarkDepth:=1.64249pt:1ex:=4.71341pt
[59]

:tex2html_wrap_inline1116:lthtmlCropMarkHeight:=13.05666pt

:tex2html_wrap_inline1116:lthtmlCropMarkDepth:=1.695pt:1ex:=4.71341pt
[60]

:tex2html_wrap_inline1118:lthtmlCropMarkHeight:=13.48248pt

:tex2html_wrap_inline1118:lthtmlCropMarkDepth:=0.0pt:1ex:=4.71341pt
[61]

:tex2html_wrap_inline1120:lthtmlCropMarkHeight:=13.60416pt

:tex2html_wrap_inline1120:lthtmlCropMarkDepth:=0.0pt:1ex:=4.71341pt
[62]

:tex2html_wrap_inline1122:lthtmlCropMarkHeight:=16.49374pt

:tex2html_wrap_inline1122:lthtmlCropMarkDepth:=2.73749pt:1ex:=4.71341pt
[63]

:tex2html_wrap_indisplay1124:lthtmlCropMarkHeight:=21.73198pt

:tex2html_wrap_indisplay1124:lthtmlCropMarkDepth:=10.18344pt:1ex:=4.71341pt
[64]

:tex2html_wrap_inline1126:lthtmlCropMarkHeight:=14.2125pt

:tex2html_wrap_inline1126:lthtmlCropMarkDepth:=2.73749pt:1ex:=4.71341pt
[65]

:tex2html_wrap_inline1128:lthtmlCropMarkHeight:=12.3875pt

:tex2html_wrap_inline1128:lthtmlCropMarkDepth:=0.9125pt:1ex:=4.71341pt
[66]

:tex2html_wrap_inline1130:lthtmlCropMarkHeight:=10.71457pt

:tex2html_wrap_inline1130:lthtmlCropMarkDepth:=0.0pt:1ex:=4.71341pt
[67]

:tex2html_wrap_inline1132:lthtmlCropMarkHeight:=13.05666pt

:tex2html_wrap_inline1132:lthtmlCropMarkDepth:=0.0pt:1ex:=4.71341pt
[68]

:tex2html_wrap_inline1134:lthtmlCropMarkHeight:=13.05666pt

:tex2html_wrap_inline1134:lthtmlCropMarkDepth:=0.0pt:1ex:=4.71341pt
[69]
Package epstopdf Info: Source file: <figs/example1.eps>
(epstopdf)                    date: 2024-02-02 14:36:06
(epstopdf)                    size: 423360 bytes
(epstopdf)             Output file: <figs/example1-eps-converted-to.pdf>
(epstopdf)                    date: 2024-02-02 14:36:05
(epstopdf)                    size: 53233 bytes
(epstopdf)             Command: <repstopdf --outfile=figs/example1-eps-converte
d-to.pdf figs/example1.eps>
(epstopdf)             \includegraphics on input line 592.
runsystem(repstopdf --outfile=figs/example1-eps-converted-to.pdf figs/example1.
eps)...executed safely (allowed).

Package epstopdf Info: Result file: <figs/example1-eps-converted-to.pdf>
(epstopdf)                    date: 2024-02-02 14:36:05
(epstopdf)                    size: 53233 bytes.
<figs/example1-eps-converted-to.pdf, id=306, 321.2pt x 157.58875pt>
File: figs/example1-eps-converted-to.pdf Graphic file (type pdf)
<use figs/example1-eps-converted-to.pdf>
Package pdftex.def Info: figs/example1-eps-converted-to.pdf  used on input line
 592.
(pdftex.def)             Requested size: 569.05511pt x 279.20135pt.

Overfull \hbox (161.68744pt too wide) in paragraph at lines 592--593
[][] 
 []


:tex2html_wrap1135:lthtmlCropMarkHeight:=285.20135pt

:tex2html_wrap1135:lthtmlCropMarkDepth:=0.0pt:1ex:=4.71341pt
[70 </home/cygo/Work/ACE/documentation/figs/example1-eps-converted-to.pdf>]
Package epstopdf Info: Source file: <figs/example2.eps>
(epstopdf)                    date: 2024-02-02 14:36:06
(epstopdf)                    size: 224188 bytes
(epstopdf)             Output file: <figs/example2-eps-converted-to.pdf>
(epstopdf)                    date: 2024-02-02 14:36:06
(epstopdf)                    size: 22957 bytes
(epstopdf)             Command: <repstopdf --outfile=figs/example2-eps-converte
d-to.pdf figs/example2.eps>
(epstopdf)             \includegraphics on input line 598.
Package epstopdf Info: Output file is already uptodate.
<figs/example2-eps-converted-to.pdf, id=338, 321.2pt x 157.58875pt>
File: figs/example2-eps-converted-to.pdf Graphic file (type pdf)
<use figs/example2-eps-converted-to.pdf>
Package pdftex.def Info: figs/example2-eps-converted-to.pdf  used on input line
 598.
(pdftex.def)             Requested size: 569.05511pt x 279.20135pt.

Overfull \hbox (161.68744pt too wide) in paragraph at lines 598--599
[][] 
 []


:tex2html_wrap1136:lthtmlCropMarkHeight:=285.20135pt

:tex2html_wrap1136:lthtmlCropMarkDepth:=0.0pt:1ex:=4.71341pt
[71 </home/cygo/Work/ACE/documentation/figs/example2-eps-converted-to.pdf>]
Package epstopdf Info: Source file: <figs/plot_pulse_from_file.eps>
(epstopdf)                    date: 2024-02-02 14:36:06
(epstopdf)                    size: 190346 bytes
(epstopdf)             Output file: <figs/plot_pulse_from_file-eps-converted-to
.pdf>
(epstopdf)                    date: 2024-02-02 14:36:06
(epstopdf)                    size: 13093 bytes
(epstopdf)             Command: <repstopdf --outfile=figs/plot_pulse_from_file-
eps-converted-to.pdf figs/plot_pulse_from_file.eps>
(epstopdf)             \includegraphics on input line 604.
Package epstopdf Info: Output file is already uptodate.
<figs/plot_pulse_from_file-eps-converted-to.pdf, id=372, 224.84pt x 101.37875pt
>
File: figs/plot_pulse_from_file-eps-converted-to.pdf Graphic file (type pdf)
<use figs/plot_pulse_from_file-eps-converted-to.pdf>
Package pdftex.def Info: figs/plot_pulse_from_file-eps-converted-to.pdf  used o
n input line 604.
(pdftex.def)             Requested size: 569.05511pt x 256.61276pt.

Overfull \hbox (161.68744pt too wide) in paragraph at lines 604--605
[][] 
 []


:tex2html_wrap1137:lthtmlCropMarkHeight:=262.61276pt

:tex2html_wrap1137:lthtmlCropMarkDepth:=0.0pt:1ex:=4.71341pt
[72 </home/cygo/Work/ACE/documentation/figs/plot_pulse_from_file-eps-converted-
to.pdf>]

:tex2html_wrap_inline1140:lthtmlCropMarkHeight:=10.71457pt

:tex2html_wrap_inline1140:lthtmlCropMarkDepth:=1.64249pt:1ex:=4.71341pt
[73]

:tex2html_wrap_inline1144:lthtmlCropMarkHeight:=15.12923pt

:tex2html_wrap_inline1144:lthtmlCropMarkDepth:=0.0pt:1ex:=4.71341pt
[74]

:tex2html_wrap_inline1148:lthtmlCropMarkHeight:=13.05666pt

:tex2html_wrap_inline1148:lthtmlCropMarkDepth:=0.0pt:1ex:=4.71341pt
[75]

:tex2html_wrap_indisplay1153:lthtmlCropMarkHeight:=16.88277pt

:tex2html_wrap_indisplay1153:lthtmlCropMarkDepth:=3.83258pt:1ex:=4.71341pt
[76]

:tex2html_wrap_inline1155:lthtmlCropMarkHeight:=16.88277pt

:tex2html_wrap_inline1155:lthtmlCropMarkDepth:=3.44696pt:1ex:=4.71341pt
[77]

:tex2html_wrap_inline1157:lthtmlCropMarkHeight:=14.2125pt

:tex2html_wrap_inline1157:lthtmlCropMarkDepth:=2.73749pt:1ex:=4.71341pt
[78]

:tex2html_wrap_inline1159:lthtmlCropMarkHeight:=16.88277pt

:tex2html_wrap_inline1159:lthtmlCropMarkDepth:=3.44696pt:1ex:=4.71341pt
[79]

:tex2html_wrap_inline1161:lthtmlCropMarkHeight:=10.71457pt

:tex2html_wrap_inline1161:lthtmlCropMarkDepth:=1.695pt:1ex:=4.71341pt
[80]

:tex2html_wrap_inline1163:lthtmlCropMarkHeight:=16.88277pt

:tex2html_wrap_inline1163:lthtmlCropMarkDepth:=3.53586pt:1ex:=4.71341pt
[81]

:tex2html_wrap_inline1165:lthtmlCropMarkHeight:=10.71457pt

:tex2html_wrap_inline1165:lthtmlCropMarkDepth:=1.7839pt:1ex:=4.71341pt
[82]

:tex2html_wrap_inline1167:lthtmlCropMarkHeight:=13.48248pt

:tex2html_wrap_inline1167:lthtmlCropMarkDepth:=1.695pt:1ex:=4.71341pt
[83]

:tex2html_wrap_inline1169:lthtmlCropMarkHeight:=13.48248pt

:tex2html_wrap_inline1169:lthtmlCropMarkDepth:=1.695pt:1ex:=4.71341pt
[84]

:tex2html_wrap_inline1171:lthtmlCropMarkHeight:=10.71457pt

:tex2html_wrap_inline1171:lthtmlCropMarkDepth:=2.12917pt:1ex:=4.71341pt
[85]

:tex2html_wrap_inline1173:lthtmlCropMarkHeight:=14.2125pt

:tex2html_wrap_inline1173:lthtmlCropMarkDepth:=2.73749pt:1ex:=4.71341pt
[86]
Package epstopdf Info: Source file: <figs/plot_hopping_N2.eps>
(epstopdf)                    date: 2024-02-02 14:36:06
(epstopdf)                    size: 195860 bytes
(epstopdf)             Output file: <figs/plot_hopping_N2-eps-converted-to.pdf>

(epstopdf)                    date: 2024-02-02 14:36:06
(epstopdf)                    size: 16326 bytes
(epstopdf)             Command: <repstopdf --outfile=figs/plot_hopping_N2-eps-c
onverted-to.pdf figs/plot_hopping_N2.eps>
(epstopdf)             \includegraphics on input line 697.
Package epstopdf Info: Output file is already uptodate.
<figs/plot_hopping_N2-eps-converted-to.pdf, id=458, 319.1925pt x 154.5775pt>
File: figs/plot_hopping_N2-eps-converted-to.pdf Graphic file (type pdf)
<use figs/plot_hopping_N2-eps-converted-to.pdf>
Package pdftex.def Info: figs/plot_hopping_N2-eps-converted-to.pdf  used on inp
ut line 697.
(pdftex.def)             Requested size: 569.05511pt x 275.5834pt.

Overfull \hbox (161.68744pt too wide) in paragraph at lines 697--698
[][] 
 []


:tex2html_wrap1176:lthtmlCropMarkHeight:=281.5834pt

:tex2html_wrap1176:lthtmlCropMarkDepth:=0.0pt:1ex:=4.71341pt
[87 </home/cygo/Work/ACE/documentation/figs/plot_hopping_N2-eps-converted-to.pd
f>]
Package epstopdf Info: Source file: <figs/plot_hopping_N10.eps>
(epstopdf)                    date: 2024-02-02 14:36:06
(epstopdf)                    size: 195669 bytes
(epstopdf)             Output file: <figs/plot_hopping_N10-eps-converted-to.pdf
>
(epstopdf)                    date: 2024-02-02 14:36:06
(epstopdf)                    size: 16988 bytes
(epstopdf)             Command: <repstopdf --outfile=figs/plot_hopping_N10-eps-
converted-to.pdf figs/plot_hopping_N10.eps>
(epstopdf)             \includegraphics on input line 703.
Package epstopdf Info: Output file is already uptodate.
<figs/plot_hopping_N10-eps-converted-to.pdf, id=496, 323.2075pt x 154.5775pt>
File: figs/plot_hopping_N10-eps-converted-to.pdf Graphic file (type pdf)
<use figs/plot_hopping_N10-eps-converted-to.pdf>
Package pdftex.def Info: figs/plot_hopping_N10-eps-converted-to.pdf  used on in
put line 703.
(pdftex.def)             Requested size: 569.05511pt x 272.17278pt.

Overfull \hbox (161.68744pt too wide) in paragraph at lines 703--704
[][] 
 []


:tex2html_wrap1177:lthtmlCropMarkHeight:=278.17278pt

:tex2html_wrap1177:lthtmlCropMarkDepth:=0.0pt:1ex:=4.71341pt
[88 </home/cygo/Work/ACE/documentation/figs/plot_hopping_N10-eps-converted-to.p
df>]

:tex2html_wrap_indisplay1180:lthtmlCropMarkHeight:=21.87761pt

:tex2html_wrap_indisplay1180:lthtmlCropMarkDepth:=14.49814pt:1ex:=4.71341pt
[89]

:tex2html_wrap_inline1182:lthtmlCropMarkHeight:=16.37207pt

:tex2html_wrap_inline1182:lthtmlCropMarkDepth:=3.19804pt:1ex:=4.71341pt
[90]

:tex2html_wrap_inline1184:lthtmlCropMarkHeight:=16.37207pt

:tex2html_wrap_inline1184:lthtmlCropMarkDepth:=3.19804pt:1ex:=4.71341pt
[91]

:tex2html_wrap_inline1186:lthtmlCropMarkHeight:=13.48248pt

:tex2html_wrap_inline1186:lthtmlCropMarkDepth:=0.0pt:1ex:=4.71341pt
[92]

:tex2html_wrap_inline1188:lthtmlCropMarkHeight:=13.48248pt

:tex2html_wrap_inline1188:lthtmlCropMarkDepth:=0.9125pt:1ex:=4.71341pt
[93]

:tex2html_wrap_inline1190:lthtmlCropMarkHeight:=13.48248pt

:tex2html_wrap_inline1190:lthtmlCropMarkDepth:=0.0pt:1ex:=4.71341pt
[94]

:tex2html_wrap_inline1192:lthtmlCropMarkHeight:=14.2125pt

:tex2html_wrap_inline1192:lthtmlCropMarkDepth:=2.73749pt:1ex:=4.71341pt
[95]

:tex2html_wrap_inline1194:lthtmlCropMarkHeight:=14.2125pt

:tex2html_wrap_inline1194:lthtmlCropMarkDepth:=3.33946pt:1ex:=4.71341pt
[96]

:tex2html_wrap_inline1196:lthtmlCropMarkHeight:=13.48248pt

:tex2html_wrap_inline1196:lthtmlCropMarkDepth:=3.33946pt:1ex:=4.71341pt
[97]

:tex2html_wrap_inline1198:lthtmlCropMarkHeight:=10.71457pt

:tex2html_wrap_inline1198:lthtmlCropMarkDepth:=0.0pt:1ex:=4.71341pt
[98]

:tex2html_wrap_inline1202:lthtmlCropMarkHeight:=13.54332pt

:tex2html_wrap_inline1202:lthtmlCropMarkDepth:=0.0pt:1ex:=4.71341pt
[99]

:tex2html_wrap_inline1204:lthtmlCropMarkHeight:=10.71457pt

:tex2html_wrap_inline1204:lthtmlCropMarkDepth:=2.12917pt:1ex:=4.71341pt
[100]

:tex2html_wrap_inline1208:lthtmlCropMarkHeight:=13.54332pt

:tex2html_wrap_inline1208:lthtmlCropMarkDepth:=1.7839pt:1ex:=4.71341pt
[101]

:tex2html_wrap_inline1212:lthtmlCropMarkHeight:=13.48248pt

:tex2html_wrap_inline1212:lthtmlCropMarkDepth:=1.7839pt:1ex:=4.71341pt
[102]

:tex2html_wrap_inline1214:lthtmlCropMarkHeight:=10.71457pt

:tex2html_wrap_inline1214:lthtmlCropMarkDepth:=1.7839pt:1ex:=4.71341pt
[103]

:tex2html_wrap_indisplay1218:lthtmlCropMarkHeight:=17.49754pt

:tex2html_wrap_indisplay1218:lthtmlCropMarkDepth:=14.49814pt:1ex:=4.71341pt
[104]

:tex2html_wrap_inline1224:lthtmlCropMarkHeight:=14.2125pt

:tex2html_wrap_inline1224:lthtmlCropMarkDepth:=2.73749pt:1ex:=4.71341pt
[105]

:tex2html_wrap_inline1228:lthtmlCropMarkHeight:=10.71457pt

:tex2html_wrap_inline1228:lthtmlCropMarkDepth:=1.64249pt:1ex:=4.71341pt
[106]

:tex2html_wrap_inline1230:lthtmlCropMarkHeight:=14.2125pt

:tex2html_wrap_inline1230:lthtmlCropMarkDepth:=2.73749pt:1ex:=4.71341pt
[107]

:tex2html_wrap_inline1238:lthtmlCropMarkHeight:=14.2125pt

:tex2html_wrap_inline1238:lthtmlCropMarkDepth:=2.73749pt:1ex:=4.71341pt
[108]

:tex2html_wrap_inline1240:lthtmlCropMarkHeight:=14.2125pt

:tex2html_wrap_inline1240:lthtmlCropMarkDepth:=2.73749pt:1ex:=4.71341pt
[109]

:tex2html_wrap_inline1242:lthtmlCropMarkHeight:=14.2125pt

:tex2html_wrap_inline1242:lthtmlCropMarkDepth:=2.73749pt:1ex:=4.71341pt
[110]

:tex2html_wrap_indisplay1245:lthtmlCropMarkHeight:=14.2125pt

:tex2html_wrap_indisplay1245:lthtmlCropMarkDepth:=2.73749pt:1ex:=4.71341pt
[111]

:tex2html_wrap_inline1247:lthtmlCropMarkHeight:=10.71457pt

:tex2html_wrap_inline1247:lthtmlCropMarkDepth:=0.0pt:1ex:=4.71341pt
[112]

:tex2html_wrap_inline1249:lthtmlCropMarkHeight:=13.05666pt

:tex2html_wrap_inline1249:lthtmlCropMarkDepth:=0.0pt:1ex:=4.71341pt
[113]

:tex2html_wrap_inline1251:lthtmlCropMarkHeight:=13.05666pt

:tex2html_wrap_inline1251:lthtmlCropMarkDepth:=0.42812pt:1ex:=4.71341pt
[114]

:tex2html_wrap_inline1253:lthtmlCropMarkHeight:=13.05666pt

:tex2html_wrap_inline1253:lthtmlCropMarkDepth:=0.42812pt:1ex:=4.71341pt
[115]

:tex2html_wrap_inline1255:lthtmlCropMarkHeight:=10.71457pt

:tex2html_wrap_inline1255:lthtmlCropMarkDepth:=0.0pt:1ex:=4.71341pt
[116]

:tex2html_wrap_inline1257:lthtmlCropMarkHeight:=14.2125pt

:tex2html_wrap_inline1257:lthtmlCropMarkDepth:=2.73749pt:1ex:=4.71341pt
[117]

:tex2html_wrap_inline1265:lthtmlCropMarkHeight:=14.2125pt

:tex2html_wrap_inline1265:lthtmlCropMarkDepth:=2.73749pt:1ex:=4.71341pt
[118]

:tex2html_wrap_inline1267:lthtmlCropMarkHeight:=10.71457pt

:tex2html_wrap_inline1267:lthtmlCropMarkDepth:=1.64249pt:1ex:=4.71341pt
[119]

:tex2html_wrap_indisplay1269:lthtmlCropMarkHeight:=21.87761pt

:tex2html_wrap_indisplay1269:lthtmlCropMarkDepth:=15.24313pt:1ex:=4.71341pt
[120]

:tex2html_wrap_inline1271:lthtmlCropMarkHeight:=16.88277pt

:tex2html_wrap_inline1271:lthtmlCropMarkDepth:=3.09142pt:1ex:=4.71341pt
[121]

:tex2html_wrap_inline1273:lthtmlCropMarkHeight:=13.60416pt

:tex2html_wrap_inline1273:lthtmlCropMarkDepth:=3.19804pt:1ex:=4.71341pt
[122]

:tex2html_wrap_inline1275:lthtmlCropMarkHeight:=10.86665pt

:tex2html_wrap_inline1275:lthtmlCropMarkDepth:=2.12917pt:1ex:=4.71341pt
[123]

:tex2html_wrap_inline1277:lthtmlCropMarkHeight:=13.05666pt

:tex2html_wrap_inline1277:lthtmlCropMarkDepth:=0.0pt:1ex:=4.71341pt
[124]

:tex2html_wrap_inline1279:lthtmlCropMarkHeight:=17.77165pt

:tex2html_wrap_inline1279:lthtmlCropMarkDepth:=5.78029pt:1ex:=4.71341pt
[125]

:tex2html_wrap_inline1281:lthtmlCropMarkHeight:=14.2125pt

:tex2html_wrap_inline1281:lthtmlCropMarkDepth:=2.73749pt:1ex:=4.71341pt
[126]

:tex2html_wrap_inline1283:lthtmlCropMarkHeight:=17.77165pt

:tex2html_wrap_inline1283:lthtmlCropMarkDepth:=5.78029pt:1ex:=4.71341pt
[127]

:tex2html_wrap_inline1285:lthtmlCropMarkHeight:=13.60416pt

:tex2html_wrap_inline1285:lthtmlCropMarkDepth:=2.12914pt:1ex:=4.71341pt
[128]

:tex2html_wrap_inline1287:lthtmlCropMarkHeight:=15.12923pt

:tex2html_wrap_inline1287:lthtmlCropMarkDepth:=0.0pt:1ex:=4.71341pt
[129]

:tex2html_wrap_inline1289:lthtmlCropMarkHeight:=15.12923pt

:tex2html_wrap_inline1289:lthtmlCropMarkDepth:=0.0pt:1ex:=4.71341pt
[130]

:tex2html_wrap_inline1293:lthtmlCropMarkHeight:=21.55031pt

:tex2html_wrap_inline1293:lthtmlCropMarkDepth:=11.42146pt:1ex:=4.71341pt
[131] (./images.aux)
Package rerunfilecheck Info: File `images.out' has not changed.
(rerunfilecheck)             Checksum: D41D8CD98F00B204E9800998ECF8427E;0.
 ) 
Here is how much of TeX's memory you used:
 13572 strings out of 478287
 232391 string characters out of 5849289
 635512 words of memory out of 5000000
 31461 multiletter control sequences out of 15000+600000
 477135 words of font info for 52 fonts, out of 8000000 for 9000
 1141 hyphenation exceptions out of 8191
 108i,10n,106p,10626b,328s stack positions out of 5000i,500n,10000p,200000b,80000s
{/usr/share/texmf/fonts/enc/dvips/cm-super/cm-super-t1.enc}</usr/share/texliv
e/texmf-dist/fonts/type1/public/amsfonts/cm/cmbx10.pfb></usr/share/texlive/texm
f-dist/fonts/type1/public/amsfonts/cm/cmbx8.pfb></usr/share/texlive/texmf-dist/
fonts/type1/public/amsfonts/cm/cmex10.pfb></usr/share/texlive/texmf-dist/fonts/
type1/public/amsfonts/cm/cmmi10.pfb></usr/share/texlive/texmf-dist/fonts/type1/
public/amsfonts/cm/cmmi6.pfb></usr/share/texlive/texmf-dist/fonts/type1/public/
amsfonts/cm/cmmi8.pfb></usr/share/texlive/texmf-dist/fonts/type1/public/amsfont
s/cm/cmr10.pfb></usr/share/texlive/texmf-dist/fonts/type1/public/amsfonts/cm/cm
r6.pfb></usr/share/texlive/texmf-dist/fonts/type1/public/amsfonts/cm/cmr8.pfb><
/usr/share/texlive/texmf-dist/fonts/type1/public/amsfonts/cm/cmsy10.pfb></usr/s
hare/texlive/texmf-dist/fonts/type1/public/amsfonts/cm/cmsy6.pfb></usr/share/te
xlive/texmf-dist/fonts/type1/public/amsfonts/cm/cmsy8.pfb></usr/share/texlive/t
exmf-dist/fonts/type1/public/amsfonts/symbols/msbm10.pfb></usr/share/texmf/font
s/type1/public/cm-super/sfrm0800.pfb></usr/share/texmf/fonts/type1/public/cm-su
per/sfrm1095.pfb>
Output written on images.pdf (131 pages, 296647 bytes).
PDF statistics:
 817 PDF objects out of 1000 (max. 8388607)
 537 compressed objects within 6 object streams
 131 named destinations out of 1000 (max. 500000)
 26 words of extra memory for PDF output out of 10000 (max. 10000000)

