1e-3 0.31 19144 7 0.391818
6e-4 0.36 19832 7 0.066008
3e-4 0.52 21344 9 0.032891
1e-4 0.8 25156 9 0.035866
6e-5 1.03 27352 10 0.043242
3e-5 2.29 32668 17 0.040445
1e-5 5.24 44904 29 0.028696
6e-6 8 57224 31 0.006174
3e-6 12.34 78512 35 0.001836
1e-6 22.11 114652 46 0.000802
6e-7 34.99 165652 59 0.000465
3e-7 67.69 224336 72 0.000108
1e-7 187.76 356552 104 3.8e-05
6e-8 288.35 476260 120 9e-06
3e-8 507.21 641404 140 7e-06
1e-8 1201.08 1117444 189 5e-06
6e-9 1778.44 1445852 214 3e-06
3e-9 3434.22 1858048 264 1e-06
1e-9 8912 3128140 356 1e-06
6e-10 12255 3866844 404 1e-06
3e-10 21387 5228160 465 0
