1e-3 1.63 41660 1 0.921142
6e-4 1.6 41892 1 0.921142
3e-4 1.61 41644 1 0.921142
1e-4 1.95 47940 4 0.921142
6e-5 1.92 48236 4 0.921142
3e-5 1.94 47836 4 0.921142
1e-5 2.01 48204 4 0.921142
6e-6 1.97 47776 4 0.921142
3e-6 15.33 76124 7 0.48364
1e-6 22.03 93940 9 0.037238
6e-7 26.65 108372 9 0.048102
3e-7 31.8 113144 9 0.04583
1e-7 44.83 212576 9 0.046193
6e-8 51.48 260656 11 0.04627
3e-8 57.93 310828 11 0.046386
1e-8 72.94 394684 11 0.046375
6e-9 81.63 460276 11 0.046378
3e-9 125.14 558612 16 0.052919
1e-9 323.89 919860 26 0.045507
6e-10 434.97 1129012 31 0.025297
3e-10 609.5 1511956 36 0.002762
1e-10 901.37 2006652 43 0.001374
6e-11 1136.54 2753920 46 0.000893
3e-11 1429.52 3555168 49 0.000461
1e-11 2060.66 4940768 58 2.6e-05
6e-12 2557.51 5814888 61 3.7e-05
3e-12 3264.56 7089000 65 1.1e-05
1e-12 5960 9815232 78 0
