1e-3 0.24 21184 4 0.920991
6e-4 0.2 20924 4 0.920991
3e-4 0.19 20880 4 0.920991
1e-4 1.3 23400 7 0.543567
6e-5 1.82 25288 7 0.112203
3e-5 2.36 26240 7 0.035676
1e-5 3.6 35356 9 0.043995
6e-6 4.52 41816 9 0.043925
3e-6 5.27 47112 9 0.044483
1e-6 7.56 59644 15 0.050059
6e-7 14.82 78168 18 0.027518
3e-7 22.97 101520 25 0.049013
1e-7 46 162540 35 0.003309
6e-8 58.62 219032 36 0.001546
3e-8 85.53 292108 43 0.001316
1e-8 134.78 452328 49 0.000522
6e-9 173.66 529840 52 4.3e-05
3e-9 278.98 699816 64 3.4e-05
1e-9 776.58 1171016 92 1.1e-05
6e-10 1124.98 1438220 104 2e-06
3e-10 2080.27 1903456 123 1e-06
1e-10 3709 3070544 157 1e-06
6e-11 4911 3715104 171 1e-06
3e-11 6946 4771824 190 1e-06
1e-11 12919 7372728 236 0
