

*******************************************************************************
Tue Aug 17 23:27:00 2021


FIT:    data read from "Trotter_analyze.out" u 1:(log($2))
        format = x:z
        x range restricted to [-11.5129 : 9.21034]
        #datapoints = 5
        residuals are weighted equally (unit weight)

function used for fitting: log(g(x))
	g(x)= a*(x**n)
fitted parameters initialized with current variable values

iter      chisq       delta/lim  lambda   a            
   0 1.0927958742e+00   0.00e+00  1.00e+00    1.000000e-02
   4 7.3845885695e-02  -6.62e-03  1.00e-04    1.570558e-02

After 4 iterations the fit converged.
final sum of squares of residuals : 0.0738459
rel. change during last iteration : -6.62009e-08

degrees of freedom    (FIT_NDF)                        : 4
rms of residuals      (FIT_STDFIT) = sqrt(WSSR/ndf)    : 0.135873
variance of residuals (reduced chisquare) = WSSR/ndf   : 0.0184615

Final set of parameters            Asymptotic Standard Error
=======================            ==========================
a               = 0.0157056        +/- 0.0009548    (6.079%)
