0 0 0 1 0 0 0
0.03 0.00143075 1.15846e-15 0.998569 3.87387e-17 -2.54732e-15 1.04557e-15
0.06 0.00570423 2.36341e-15 0.994296 -4.43242e-16 -5.01112e-15 2.25386e-15
0.09 0.0127646 3.36003e-15 0.987235 -5.06347e-16 -7.34119e-15 3.51681e-15
0.12 0.0225202 3.41696e-15 0.97748 -4.91693e-16 -9.44326e-15 5.07124e-15
0.15 0.0348457 3.54548e-15 0.965154 -4.73772e-16 -1.13197e-14 6.8067e-15
0.18 0.0495852 3.42104e-15 0.950415 -4.22322e-16 -1.29536e-14 8.33807e-15
0.21 0.0665554 3.39803e-15 0.933445 -3.56043e-16 -1.43148e-14 9.74325e-15
0.24 0.0855499 3.39128e-15 0.91445 -3.18403e-16 -1.5311e-14 1.10456e-14
0.27 0.106344 3.22198e-15 0.893656 -2.39066e-16 -1.60526e-14 1.23981e-14
0.3 0.128698 3.04054e-15 0.871302 -1.32339e-16 -1.65077e-14 1.38922e-14
0.33 0.152365 2.66128e-15 0.847635 4.39858e-17 -1.6655e-14 1.53993e-14
0.36 0.177093 2.68497e-15 0.822907 1.89774e-16 -1.65685e-14 1.67692e-14
0.39 0.202629 2.44483e-15 0.797371 3.28813e-16 -1.62653e-14 1.80754e-14
0.42 0.228729 2.13154e-15 0.771271 3.91615e-16 -1.58876e-14 1.94606e-14
0.45 0.255153 2.01423e-15 0.744847 4.90148e-16 -1.55733e-14 2.10283e-14
0.48 0.281678 2.18887e-15 0.718322 5.05115e-16 -1.53718e-14 2.28593e-14
0.51 0.308093 2.28649e-15 0.691907 5.15987e-16 -1.53863e-14 2.47722e-14
0.54 0.334208 2.42432e-15 0.665792 5.06666e-16 -1.55743e-14 2.67014e-14
0.57 0.359851 2.53685e-15 0.640149 3.16171e-16 -1.60963e-14 2.85298e-14
0.6 0.384871 2.60709e-15 0.615129 -1.68008e-16 -1.70593e-14 3.0092e-14
0.63 0.40914 2.89639e-15 0.59086 -6.49458e-16 -1.81526e-14 3.1205e-14
0.66 0.432551 3.57762e-15 0.567449 -1.18473e-15 -1.92486e-14 3.19334e-14
0.69 0.455019 4.00957e-15 0.544981 -1.68554e-15 -2.05178e-14 3.23387e-14
0.72 0.47648 4.64189e-15 0.52352 -2.25853e-15 -2.19486e-14 3.24326e-14
0.75 0.496889 4.71982e-15 0.503111 -2.59066e-15 -2.34189e-14 3.21804e-14
0.78 0.516222 4.85265e-15 0.483778 -2.7624e-15 -2.51781e-14 3.16137e-14
0.81 0.534469 4.77109e-15 0.465531 -2.81719e-15 -2.69364e-14 3.08566e-14
0.84 0.551637 4.61805e-15 0.448363 -2.67822e-15 -2.87197e-14 2.97863e-14
0.87 0.567747 4.49211e-15 0.432253 -2.49102e-15 -3.00409e-14 2.83652e-14
0.9 0.582831 4.24879e-15 0.417169 -2.31143e-15 -3.06969e-14 2.68564e-14
0.93 0.596932 4.39733e-15 0.403068 -2.39631e-15 -3.10794e-14 2.5129e-14
0.96 0.610101 4.58357e-15 0.389899 -2.62553e-15 -3.08954e-14 2.30185e-14
0.99 0.622396 4.98059e-15 0.377604 -2.98986e-15 -3.00831e-14 2.05252e-14
1.02 0.63388 5.95345e-15 0.36612 -3.7333e-15 -2.86208e-14 1.76837e-14
1.05 0.644621 6.88757e-15 0.355379 -4.67368e-15 -2.63077e-14 1.42843e-14
1.08 0.654689 8.06914e-15 0.345311 -5.75679e-15 -2.30732e-14 1.06452e-14
1.11 0.664155 9.23431e-15 0.335845 -6.98547e-15 -1.90119e-14 6.7031e-15
1.14 0.67309 1.05657e-14 0.32691 -8.24438e-15 -1.43101e-14 2.3606e-15
1.17 0.681564 1.18023e-14 0.318436 -9.49281e-15 -9.17239e-15 -1.97302e-15
1.2 0.689647 1.31188e-14 0.310353 -1.07977e-14 -4.05061e-15 -6.0812e-15
1.23 0.697403 1.44392e-14 0.302597 -1.21007e-14 1.04026e-15 -1.01087e-14
1.26 0.704894 1.5882e-14 0.295106 -1.34356e-14 5.68525e-15 -1.3949e-14
1.29 0.712177 1.70175e-14 0.287823 -1.46446e-14 9.89689e-15 -1.73658e-14
1.32 0.719304 1.82424e-14 0.280696 -1.58347e-14 1.37119e-14 -2.03338e-14
1.35 0.726321 1.92363e-14 0.273679 -1.68806e-14 1.67289e-14 -2.30833e-14
1.38 0.733267 2.00583e-14 0.266733 -1.7692e-14 1.9193e-14 -2.49193e-14
1.41 0.740176 2.07503e-14 0.259824 -1.84033e-14 2.07615e-14 -2.6294e-14
1.44 0.747073 2.14509e-14 0.252927 -1.9025e-14 2.13389e-14 -2.79574e-14
1.47 0.753977 2.20435e-14 0.246023 -1.95106e-14 2.10399e-14 -2.92519e-14
1.5 0.7609 2.2285e-14 0.2391 -1.99014e-14 1.9818e-14 -3.03661e-14
1.53 0.767849 2.25298e-14 0.232151 -2.01996e-14 1.81004e-14 -3.14906e-14
1.56 0.774822 2.27225e-14 0.225178 -2.04136e-14 1.58838e-14 -3.26417e-14
1.59 0.781813 2.29701e-14 0.218187 -2.05666e-14 1.33454e-14 -3.37644e-14
1.62 0.788811 2.31702e-14 0.211189 -2.06888e-14 1.04842e-14 -3.4788e-14
1.65 0.795799 2.32447e-14 0.204201 -2.07738e-14 7.58504e-15 -3.59102e-14
1.68 0.802758 2.32498e-14 0.197242 -2.08209e-14 4.73425e-15 -3.74176e-14
1.71 0.809666 2.3243e-14 0.190334 -2.08319e-14 2.38442e-15 -3.9154e-14
1.74 0.816498 2.34317e-14 0.183502 -2.09442e-14 3.06026e-16 -4.10417e-14
1.77 0.823228 2.34455e-14 0.176772 -2.09649e-14 -1.14791e-15 -4.30543e-14
1.8 0.829832 2.3381e-14 0.170168 -2.09191e-14 -2.09151e-15 -4.52975e-14
1.83 0.836284 2.3298e-14 0.163716 -2.0867e-14 -2.53313e-15 -4.76535e-14
1.86 0.84256 2.30923e-14 0.15744 -2.0714e-14 -2.56266e-15 -5.00153e-14
1.89 0.848639 2.2844e-14 0.151361 -2.05411e-14 -1.99162e-15 -5.25192e-14
1.92 0.8545 2.25606e-14 0.1455 -2.03309e-14 -1.08036e-15 -5.4958e-14
1.95 0.860128 2.2471e-14 0.139872 -2.01658e-14 5.08196e-16 -5.71909e-14
1.98 0.865507 2.24338e-14 0.134493 -2.0063e-14 2.27008e-15 -5.92652e-14
2.01 0.870629 2.24462e-14 0.129371 -2.00314e-14 4.38038e-15 -6.11568e-14
2.04 0.875485 2.25888e-14 0.124515 -2.01427e-14 6.67594e-15 -6.31833e-14
2.07 0.880073 2.27072e-14 0.119927 -2.02969e-14 9.59457e-15 -6.52072e-14
2.1 0.884391 2.2906e-14 0.115609 -2.04997e-14 1.33144e-14 -6.73268e-14
2.13 0.888443 2.31669e-14 0.111557 -2.07826e-14 1.72344e-14 -6.93438e-14
2.16 0.892234 2.35502e-14 0.107766 -2.1151e-14 2.14717e-14 -7.13026e-14
2.19 0.895773 2.39453e-14 0.104227 -2.15215e-14 2.59288e-14 -7.30295e-14
2.22 0.89907 2.43255e-14 0.10093 -2.18915e-14 2.98662e-14 -7.40825e-14
2.25 0.90214 2.46539e-14 0.0978603 -2.22914e-14 3.36006e-14 -7.47391e-14
2.28 0.904996 2.48897e-14 0.095004 -2.25581e-14 3.76528e-14 -7.59862e-14
2.31 0.907656 2.50561e-14 0.0923442 -2.27488e-14 4.15483e-14 -7.73364e-14
2.34 0.910137 2.53027e-14 0.0898632 -2.29844e-14 4.49497e-14 -7.84949e-14
2.37 0.912458 2.55858e-14 0.087542 -2.32902e-14 4.77984e-14 -7.96822e-14
2.4 0.914639 2.64845e-14 0.0853614 -2.41779e-14 5.0436e-14 -8.09672e-14
2.43 0.916698 2.74459e-14 0.0833016 -2.51543e-14 5.26742e-14 -8.23358e-14
2.46 0.918657 2.87187e-14 0.081343 -2.64108e-14 5.41181e-14 -8.36253e-14
2.49 0.920534 3.07424e-14 0.0794663 -2.84351e-14 5.43263e-14 -8.3729e-14
