0 0 0 1 0 0 0
0.1 0.0157141 7.48676e-17 0.984286 -2.15896e-16 6.39358e-15 -8.11594e-15
0.2 0.0606318 -7.15052e-16 0.939368 -8.01483e-17 1.13292e-14 -1.6374e-14
0.3 0.128635 -1.68056e-15 0.871365 -2.3191e-16 1.42164e-14 -2.3436e-14
0.4 0.211184 -1.97044e-15 0.788816 -1.68449e-16 1.50037e-14 -2.87594e-14
0.5 0.299192 -2.5199e-15 0.700808 2.42854e-16 1.43367e-14 -3.21288e-14
0.6 0.384737 -3.60853e-15 0.615263 1.2567e-15 1.19789e-14 -3.29546e-14
0.7 0.462151 -4.04786e-15 0.537849 1.76875e-15 8.15279e-15 -3.18879e-14
0.8 0.528382 -3.78603e-15 0.471618 1.45243e-15 3.78085e-15 -3.03309e-14
0.9 0.582726 -3.40407e-15 0.417274 8.96041e-16 -1.15251e-16 -2.84464e-14
1 0.626231 -3.2621e-15 0.373769 7.38348e-16 -3.17011e-15 -2.66874e-14
1.1 0.661008 -3.24185e-15 0.338992 5.9094e-16 -4.86031e-15 -2.56684e-14
1.2 0.689617 -3.16284e-15 0.310383 6.94486e-16 -4.63492e-15 -2.50792e-14
1.3 0.714557 -3.38848e-15 0.285443 8.20761e-16 -2.01677e-15 -2.51756e-14
1.4 0.737877 -3.37779e-15 0.262123 7.93585e-16 1.61522e-15 -2.48583e-14
1.5 0.760908 -3.54178e-15 0.239092 8.79885e-16 5.30015e-15 -2.35019e-14
1.6 0.784152 -3.6403e-15 0.215848 9.83065e-16 8.44361e-15 -2.12964e-14
1.7 0.807372 -3.83016e-15 0.192628 1.20427e-15 1.06043e-14 -1.81494e-14
1.8 0.829827 -4.40569e-15 0.170173 1.79863e-15 1.20411e-14 -1.45771e-14
1.9 0.850607 -5.00253e-15 0.149393 2.40153e-15 1.29982e-14 -1.12927e-14
2 0.868937 -5.46859e-15 0.131063 2.83718e-15 1.33272e-14 -8.66684e-15
2.1 0.884377 -5.93349e-15 0.115623 3.33497e-15 1.33715e-14 -6.54188e-15
2.2 0.896886 -6.3485e-15 0.103114 3.69492e-15 1.40965e-14 -4.5935e-15
2.3 0.906783 -6.69012e-15 0.0932167 4.01528e-15 1.57799e-14 -2.46426e-15
2.4 0.914638 -7.39466e-15 0.0853616 4.74314e-15 1.73738e-14 -4.26543e-16
2.5 0.92115 -8.16411e-15 0.0788497 5.51044e-15 1.89693e-14 1.25463e-15
