0 0 0 1 0 0 0
0.01 0.000159135 -3.40082e-16 0.999841 1.32757e-16 -8.64743e-16 -7.45603e-16
0.02 0.000636307 -3.60989e-16 0.999364 3.76996e-16 -1.60748e-15 -1.82584e-15
0.03 0.00143082 -4.90492e-16 0.998569 3.74016e-16 -2.38422e-15 -3.01511e-15
0.04 0.00254151 -5.46738e-16 0.997458 3.75043e-16 -3.19034e-15 -4.21576e-15
0.05 0.00396676 -5.46936e-16 0.996033 3.90593e-16 -4.02098e-15 -5.5766e-15
0.06 0.0057045 -6.72528e-16 0.994295 4.1197e-16 -4.87135e-15 -6.9294e-15
0.07 0.00775221 -6.15966e-16 0.992248 4.19675e-16 -5.75012e-15 -8.19795e-15
0.08 0.0101069 -9.01049e-16 0.989893 4.16519e-16 -6.66335e-15 -9.59021e-15
0.09 0.0127652 -9.82279e-16 0.987235 4.35354e-16 -7.59562e-15 -1.08984e-14
0.1 0.0157232 -9.37379e-16 0.984277 4.5242e-16 -8.51004e-15 -1.22892e-14
0.11 0.0189768 -9.27752e-16 0.981023 4.70219e-16 -9.43384e-15 -1.35654e-14
0.12 0.0225212 -7.84293e-16 0.977479 4.91809e-16 -1.03702e-14 -1.46663e-14
0.13 0.0263515 -1.08037e-15 0.973649 5.16387e-16 -1.13122e-14 -1.5664e-14
0.14 0.0304621 -9.84952e-16 0.969538 5.45082e-16 -1.22627e-14 -1.65278e-14
0.15 0.0348474 -9.70036e-16 0.965153 5.77232e-16 -1.3239e-14 -1.73159e-14
0.16 0.039501 -9.04175e-16 0.960499 5.99157e-16 -1.42261e-14 -1.81662e-14
0.17 0.0444167 -6.75021e-16 0.955583 6.35572e-16 -1.52171e-14 -1.90605e-14
0.18 0.0495875 -6.37632e-16 0.950413 6.87067e-16 -1.62035e-14 -1.97974e-14
0.19 0.0550064 -3.99468e-16 0.944994 7.27956e-16 -1.71788e-14 -2.05824e-14
0.2 0.0606659 -3.96991e-16 0.939334 7.50633e-16 -1.81719e-14 -2.13961e-14
0.21 0.0665584 -2.26999e-16 0.933442 7.51704e-16 -1.91593e-14 -2.22505e-14
0.22 0.072676 -3.9773e-16 0.927324 7.53862e-16 -2.01313e-14 -2.30327e-14
0.23 0.0790106 -3.01367e-16 0.920989 7.49755e-16 -2.1062e-14 -2.39008e-14
0.24 0.0855537 -3.0554e-16 0.914446 7.44241e-16 -2.19656e-14 -2.47008e-14
0.25 0.0922969 -2.78452e-16 0.907703 7.41723e-16 -2.28614e-14 -2.55321e-14
0.26 0.0992315 -2.2587e-16 0.900769 7.39459e-16 -2.37672e-14 -2.62444e-14
0.27 0.106348 -2.20888e-16 0.893652 7.81902e-16 -2.46776e-14 -2.69365e-14
0.28 0.113639 -2.06731e-16 0.886361 8.77377e-16 -2.55838e-14 -2.76824e-14
0.29 0.121094 -2.2395e-16 0.878906 9.62924e-16 -2.64227e-14 -2.8478e-14
0.3 0.128704 -3.04713e-16 0.871296 1.00477e-15 -2.72222e-14 -2.93216e-14
0.31 0.136459 2.18696e-17 0.863541 1.02453e-15 -2.79928e-14 -3.02596e-14
0.32 0.144352 1.24026e-16 0.855648 1.01768e-15 -2.8739e-14 -3.13422e-14
0.33 0.152371 7.05785e-17 0.847629 1.0478e-15 -2.94315e-14 -3.25288e-14
0.34 0.160509 2.0215e-17 0.839491 1.03797e-15 -3.00078e-14 -3.37572e-14
0.35 0.168755 -4.44226e-18 0.831245 1.03884e-15 -3.05038e-14 -3.5124e-14
0.36 0.1771 2.85849e-17 0.8229 1.03621e-15 -3.09207e-14 -3.65487e-14
0.37 0.185535 -1.43701e-16 0.814465 1.05142e-15 -3.13014e-14 -3.79926e-14
0.38 0.19405 -1.75981e-16 0.80595 1.09666e-15 -3.16353e-14 -3.94078e-14
0.39 0.202637 -2.71105e-16 0.797363 1.15536e-15 -3.18758e-14 -4.08784e-14
0.4 0.211287 -5.51995e-16 0.788713 1.23532e-15 -3.19741e-14 -4.24582e-14
0.41 0.21999 -7.20652e-16 0.78001 1.35685e-15 -3.19033e-14 -4.40865e-14
0.42 0.228738 -7.22357e-16 0.771262 1.50269e-15 -3.16049e-14 -4.57849e-14
0.43 0.237521 -1.30065e-15 0.762479 1.72018e-15 -3.11251e-14 -4.76303e-14
0.44 0.246332 -1.50899e-15 0.753668 2.00354e-15 -3.04159e-14 -4.95877e-14
0.45 0.255163 -1.80563e-15 0.744837 2.31534e-15 -2.95084e-14 -5.15761e-14
0.46 0.264004 -2.30832e-15 0.735996 2.73122e-15 -2.84393e-14 -5.35638e-14
0.47 0.272848 -2.97917e-15 0.727152 3.23471e-15 -2.71852e-14 -5.55303e-14
0.48 0.281688 -3.80972e-15 0.718312 3.80881e-15 -2.57466e-14 -5.74929e-14
0.49 0.290515 -4.41454e-15 0.709485 4.28608e-15 -2.41652e-14 -5.94923e-14
0.5 0.299323 -4.61855e-15 0.700677 4.70866e-15 -2.23972e-14 -6.14898e-14
0.51 0.308104 -4.98682e-15 0.691896 5.02106e-15 -2.04587e-14 -6.34642e-14
0.52 0.316852 -5.74063e-15 0.683148 5.27268e-15 -1.84076e-14 -6.53737e-14
0.53 0.325559 -5.83695e-15 0.674441 5.35105e-15 -1.62099e-14 -6.73048e-14
0.54 0.334219 -6.01861e-15 0.665781 5.41498e-15 -1.39127e-14 -6.92277e-14
0.55 0.342827 -5.74898e-15 0.657173 5.46576e-15 -1.14792e-14 -7.11109e-14
0.56 0.351377 -5.95226e-15 0.648623 5.51657e-15 -8.96195e-15 -7.31022e-14
0.57 0.359862 -5.78012e-15 0.640137 5.49007e-15 -6.40458e-15 -7.51567e-14
0.58 0.368279 -5.61824e-15 0.631721 5.40712e-15 -3.778e-15 -7.72278e-14
0.59 0.37662 -5.07203e-15 0.62338 5.2453e-15 -1.13789e-15 -7.9326e-14
0.6 0.384883 -5.07711e-15 0.615117 5.06262e-15 1.6265e-15 -8.15754e-14
0.61 0.393062 -4.64532e-15 0.606938 4.89362e-15 4.43125e-15 -8.38526e-14
0.62 0.401153 -4.87079e-15 0.598847 4.70279e-15 7.29889e-15 -8.61826e-14
0.63 0.409152 -4.55518e-15 0.590848 4.43649e-15 1.02685e-14 -8.85966e-14
0.64 0.417055 -4.42594e-15 0.582945 4.1524e-15 1.34422e-14 -9.11556e-14
0.65 0.42486 -4.03257e-15 0.57514 3.83789e-15 1.66866e-14 -9.3724e-14
0.66 0.432563 -3.45174e-15 0.567437 3.48372e-15 2.00576e-14 -9.63342e-14
0.67 0.44016 -3.24645e-15 0.55984 3.12715e-15 2.35534e-14 -9.90649e-14
0.68 0.447651 -3.12231e-15 0.552349 2.72719e-15 2.71957e-14 -1.0191e-13
0.69 0.455031 -2.7333e-15 0.544969 2.31375e-15 3.09862e-14 -1.0489e-13
0.7 0.462299 -2.4129e-15 0.537701 1.89629e-15 3.50948e-14 -1.07938e-13
0.71 0.469453 -1.98944e-15 0.530547 1.46303e-15 3.93453e-14 -1.11119e-13
0.72 0.476491 -1.45749e-15 0.523509 9.75017e-16 4.36735e-14 -1.14354e-13
0.73 0.483413 -1.08524e-15 0.516587 4.64374e-16 4.81709e-14 -1.17621e-13
0.74 0.490216 -7.54703e-16 0.509784 -2.84737e-17 5.27042e-14 -1.20854e-13
0.75 0.496901 -7.00546e-16 0.503099 -4.29231e-16 5.73599e-14 -1.24154e-13
0.76 0.503465 -3.60286e-16 0.496535 -6.32607e-16 6.21266e-14 -1.27559e-13
0.77 0.509909 -1.46503e-16 0.490091 -8.14599e-16 6.68825e-14 -1.30895e-13
0.78 0.516233 6.7899e-18 0.483767 -9.54385e-16 7.17168e-14 -1.34185e-13
0.79 0.522436 -2.70706e-17 0.477564 -1.12348e-15 7.6603e-14 -1.37525e-13
0.8 0.528518 4.35996e-17 0.471482 -1.28616e-15 8.16345e-14 -1.4092e-13
0.81 0.53448 2.36743e-16 0.46552 -1.44425e-15 8.66006e-14 -1.44252e-13
0.82 0.540321 4.23263e-16 0.459679 -1.57243e-15 9.16018e-14 -1.47525e-13
0.83 0.546044 3.36763e-16 0.453956 -1.55194e-15 9.67526e-14 -1.50686e-13
0.84 0.551647 5.50265e-16 0.448353 -1.51363e-15 1.02081e-13 -1.53735e-13
0.85 0.557133 4.51626e-16 0.442867 -1.49111e-15 1.07462e-13 -1.56702e-13
0.86 0.562503 4.35696e-16 0.437497 -1.517e-15 1.12833e-13 -1.59652e-13
0.87 0.567757 6.08596e-16 0.432243 -1.56073e-15 1.18353e-13 -1.62535e-13
0.88 0.572897 7.2353e-16 0.427103 -1.5907e-15 1.23992e-13 -1.65405e-13
0.89 0.577924 5.6181e-16 0.422076 -1.61317e-15 1.29664e-13 -1.68131e-13
0.9 0.582841 5.66498e-16 0.417159 -1.61824e-15 1.35397e-13 -1.70807e-13
0.91 0.587648 4.71975e-16 0.412352 -1.61363e-15 1.41273e-13 -1.73366e-13
0.92 0.592347 3.55486e-16 0.407653 -1.58952e-15 1.47173e-13 -1.75774e-13
0.93 0.596941 5.81608e-16 0.403059 -1.54232e-15 1.52988e-13 -1.78127e-13
0.94 0.601431 5.55702e-16 0.398569 -1.49669e-15 1.58762e-13 -1.80317e-13
0.95 0.60582 3.96979e-16 0.39418 -1.40232e-15 1.64524e-13 -1.82456e-13
0.96 0.610109 2.71009e-16 0.389891 -1.2604e-15 1.70354e-13 -1.84539e-13
0.97 0.614301 3.05111e-16 0.385699 -1.08942e-15 1.76206e-13 -1.86599e-13
0.98 0.618399 1.50598e-16 0.381601 -8.99509e-16 1.82072e-13 -1.88587e-13
0.99 0.622403 -6.84458e-17 0.377597 -6.86122e-16 1.88026e-13 -1.90458e-13
1 0.626318 -3.69169e-16 0.373682 -4.62416e-16 1.93969e-13 -1.92262e-13
1.01 0.630145 -6.6717e-16 0.369855 -2.37618e-16 2.00043e-13 -1.938e-13
1.02 0.633887 -7.69124e-16 0.366113 -1.91284e-17 2.06116e-13 -1.9527e-13
1.03 0.637546 -1.18551e-15 0.362454 1.89579e-16 2.12095e-13 -1.96673e-13
1.04 0.641125 -1.22198e-15 0.358875 3.84131e-16 2.1804e-13 -1.97985e-13
1.05 0.644627 -1.41199e-15 0.355373 5.8049e-16 2.23931e-13 -1.99231e-13
1.06 0.648054 -1.61439e-15 0.351946 7.91159e-16 2.29815e-13 -2.00323e-13
1.07 0.651409 -1.79542e-15 0.348591 1.01775e-15 2.35588e-13 -2.01293e-13
1.08 0.654694 -1.95614e-15 0.345306 1.24838e-15 2.41301e-13 -2.02045e-13
1.09 0.657913 -2.31706e-15 0.342087 1.51807e-15 2.46925e-13 -2.02697e-13
1.1 0.661067 -2.62488e-15 0.338933 1.82154e-15 2.52467e-13 -2.03142e-13
1.11 0.664159 -2.98567e-15 0.335841 2.14185e-15 2.57945e-13 -2.0359e-13
1.12 0.667193 -3.33044e-15 0.332807 2.49031e-15 2.63388e-13 -2.03915e-13
1.13 0.67017 -3.5923e-15 0.32983 2.86734e-15 2.68652e-13 -2.04104e-13
1.14 0.673093 -3.96027e-15 0.326907 3.26819e-15 2.73816e-13 -2.04134e-13
1.15 0.675966 -4.42247e-15 0.324034 3.65738e-15 2.78725e-13 -2.04041e-13
1.16 0.67879 -4.89729e-15 0.32121 4.05178e-15 2.83525e-13 -2.03797e-13
1.17 0.681567 -5.30738e-15 0.318433 4.47138e-15 2.8832e-13 -2.03431e-13
1.18 0.684301 -5.71173e-15 0.315699 4.91908e-15 2.92988e-13 -2.02814e-13
1.19 0.686995 -6.15929e-15 0.313005 5.33671e-15 2.97405e-13 -2.02005e-13
1.2 0.689649 -6.65478e-15 0.310351 5.75655e-15 3.01596e-13 -2.00979e-13
1.21 0.692267 -7.12171e-15 0.307733 6.1844e-15 3.05653e-13 -1.99877e-13
1.22 0.694852 -7.55838e-15 0.305148 6.62563e-15 3.09489e-13 -1.98587e-13
1.23 0.697405 -8.05431e-15 0.302595 7.06657e-15 3.12931e-13 -1.97241e-13
1.24 0.699928 -8.54277e-15 0.300072 7.54069e-15 3.16046e-13 -1.95812e-13
1.25 0.702424 -8.80749e-15 0.297576 7.97869e-15 3.18892e-13 -1.94352e-13
1.26 0.704895 -9.15034e-15 0.295105 8.39174e-15 3.2134e-13 -1.92797e-13
1.27 0.707343 -9.66323e-15 0.292657 8.79564e-15 3.234e-13 -1.91148e-13
1.28 0.70977 -1.00169e-14 0.29023 9.18992e-15 3.25165e-13 -1.89555e-13
1.29 0.712178 -1.03506e-14 0.287822 9.56315e-15 3.26543e-13 -1.8793e-13
1.3 0.714569 -1.06743e-14 0.285431 9.92116e-15 3.27421e-13 -1.86297e-13
1.31 0.716944 -1.0964e-14 0.283056 1.02684e-14 3.28091e-13 -1.84567e-13
1.32 0.719305 -1.14533e-14 0.280695 1.06181e-14 3.28348e-13 -1.82723e-13
1.33 0.721654 -1.18828e-14 0.278346 1.09956e-14 3.28143e-13 -1.80993e-13
1.34 0.723992 -1.22114e-14 0.276008 1.13875e-14 3.27558e-13 -1.79217e-13
1.35 0.726321 -1.26028e-14 0.273679 1.1803e-14 3.26642e-13 -1.77459e-13
1.36 0.728643 -1.30308e-14 0.271357 1.22294e-14 3.2534e-13 -1.75721e-13
1.37 0.730958 -1.3487e-14 0.269042 1.268e-14 3.23832e-13 -1.74119e-13
1.38 0.733267 -1.38975e-14 0.266733 1.31285e-14 3.2207e-13 -1.72689e-13
1.39 0.735573 -1.45315e-14 0.264427 1.35892e-14 3.20025e-13 -1.71319e-13
1.4 0.737875 -1.49989e-14 0.262125 1.40573e-14 3.17748e-13 -1.70124e-13
1.41 0.740176 -1.55525e-14 0.259824 1.4543e-14 3.15303e-13 -1.69032e-13
1.42 0.742475 -1.59426e-14 0.257525 1.50302e-14 3.1241e-13 -1.67902e-13
1.43 0.744773 -1.64817e-14 0.255227 1.55281e-14 3.091e-13 -1.66926e-13
1.44 0.747072 -1.70029e-14 0.252928 1.60249e-14 3.0538e-13 -1.66145e-13
1.45 0.749372 -1.74527e-14 0.250628 1.65301e-14 3.01357e-13 -1.65438e-13
1.46 0.751673 -1.79322e-14 0.248327 1.70382e-14 2.96994e-13 -1.64832e-13
1.47 0.753976 -1.85269e-14 0.246024 1.75643e-14 2.92493e-13 -1.64498e-13
1.48 0.756281 -1.91112e-14 0.243719 1.80864e-14 2.87703e-13 -1.64283e-13
1.49 0.758589 -1.95628e-14 0.241411 1.85973e-14 2.82571e-13 -1.64266e-13
1.5 0.7609 -2.01987e-14 0.2391 1.91429e-14 2.7717e-13 -1.64346e-13
1.51 0.763213 -2.07446e-14 0.236787 1.9672e-14 2.71473e-13 -1.64601e-13
1.52 0.765529 -2.12927e-14 0.234471 2.02109e-14 2.65685e-13 -1.65057e-13
1.53 0.767848 -2.18102e-14 0.232152 2.07177e-14 2.59823e-13 -1.65743e-13
1.54 0.77017 -2.22891e-14 0.22983 2.1207e-14 2.53876e-13 -1.66665e-13
1.55 0.772495 -2.28908e-14 0.227505 2.17231e-14 2.47758e-13 -1.67718e-13
1.56 0.774822 -2.34646e-14 0.225178 2.22451e-14 2.41521e-13 -1.68811e-13
1.57 0.77715 -2.3956e-14 0.22285 2.27627e-14 2.35297e-13 -1.70162e-13
1.58 0.779481 -2.4409e-14 0.220519 2.32478e-14 2.29074e-13 -1.7183e-13
1.59 0.781813 -2.48597e-14 0.218187 2.37059e-14 2.22804e-13 -1.73763e-13
1.6 0.784145 -2.52469e-14 0.215855 2.41377e-14 2.16588e-13 -1.75897e-13
1.61 0.786478 -2.57308e-14 0.213522 2.45306e-14 2.10227e-13 -1.7828e-13
1.62 0.788811 -2.61481e-14 0.211189 2.49457e-14 2.03836e-13 -1.81019e-13
1.63 0.791142 -2.65713e-14 0.208858 2.53438e-14 1.97668e-13 -1.84171e-13
1.64 0.793472 -2.68584e-14 0.206528 2.56885e-14 1.91554e-13 -1.87617e-13
1.65 0.795799 -2.72119e-14 0.204201 2.59805e-14 1.85448e-13 -1.9146e-13
1.66 0.798123 -2.75761e-14 0.201877 2.62395e-14 1.79438e-13 -1.95635e-13
1.67 0.800443 -2.77714e-14 0.199557 2.6462e-14 1.73593e-13 -1.99967e-13
1.68 0.802758 -2.79502e-14 0.197242 2.6645e-14 1.67842e-13 -2.04618e-13
1.69 0.805068 -2.81107e-14 0.194932 2.68124e-14 1.62315e-13 -2.09563e-13
1.7 0.80737 -2.83512e-14 0.19263 2.69302e-14 1.56985e-13 -2.147e-13
1.71 0.809666 -2.84288e-14 0.190334 2.69973e-14 1.51926e-13 -2.20048e-13
1.72 0.811953 -2.85277e-14 0.188047 2.70483e-14 1.4695e-13 -2.25666e-13
1.73 0.81423 -2.85156e-14 0.18577 2.70584e-14 1.42344e-13 -2.31588e-13
1.74 0.816498 -2.84478e-14 0.183502 2.69739e-14 1.38044e-13 -2.37762e-13
1.75 0.818754 -2.82803e-14 0.181246 2.68452e-14 1.34088e-13 -2.44257e-13
1.76 0.820998 -2.80341e-14 0.179002 2.66718e-14 1.30476e-13 -2.50966e-13
1.77 0.823229 -2.77974e-14 0.176771 2.64615e-14 1.27097e-13 -2.57732e-13
1.78 0.825445 -2.75547e-14 0.174555 2.62167e-14 1.23993e-13 -2.64646e-13
1.79 0.827647 -2.73192e-14 0.172353 2.59662e-14 1.21095e-13 -2.71724e-13
1.8 0.829833 -2.71104e-14 0.170167 2.5726e-14 1.18361e-13 -2.78844e-13
1.81 0.832001 -2.68147e-14 0.167999 2.54696e-14 1.15991e-13 -2.86175e-13
1.82 0.834152 -2.64454e-14 0.165848 2.51668e-14 1.1383e-13 -2.93779e-13
1.83 0.836285 -2.61345e-14 0.163715 2.48252e-14 1.11874e-13 -3.01436e-13
1.84 0.838397 -2.5733e-14 0.161603 2.44248e-14 1.09984e-13 -3.09142e-13
1.85 0.84049 -2.52329e-14 0.15951 2.39969e-14 1.08271e-13 -3.17164e-13
1.86 0.842561 -2.4791e-14 0.157439 2.3524e-14 1.06581e-13 -3.2523e-13
1.87 0.84461 -2.43108e-14 0.15539 2.30238e-14 1.05157e-13 -3.33479e-13
1.88 0.846637 -2.37404e-14 0.153363 2.24502e-14 1.04025e-13 -3.41892e-13
1.89 0.84864 -2.32177e-14 0.15136 2.18467e-14 1.03152e-13 -3.50201e-13
1.9 0.850619 -2.25904e-14 0.149381 2.12257e-14 1.0248e-13 -3.5858e-13
1.91 0.852573 -2.19479e-14 0.147427 2.05914e-14 1.02184e-13 -3.67042e-13
1.92 0.854501 -2.12911e-14 0.145499 1.99363e-14 1.02085e-13 -3.75549e-13
1.93 0.856404 -2.06915e-14 0.143596 1.92704e-14 1.02309e-13 -3.83846e-13
1.94 0.85828 -2.00411e-14 0.14172 1.85783e-14 1.02774e-13 -3.92132e-13
1.95 0.860129 -1.94142e-14 0.139871 1.78696e-14 1.03506e-13 -4.00396e-13
1.96 0.86195 -1.86301e-14 0.13805 1.71234e-14 1.04692e-13 -4.08632e-13
1.97 0.863744 -1.78191e-14 0.136256 1.6334e-14 1.06265e-13 -4.17253e-13
1.98 0.865509 -1.69746e-14 0.134491 1.55055e-14 1.08128e-13 -4.2584e-13
1.99 0.867245 -1.61157e-14 0.132755 1.46247e-14 1.10401e-13 -4.34482e-13
2 0.868952 -1.51677e-14 0.131048 1.37118e-14 1.13091e-13 -4.43178e-13
2.01 0.87063 -1.41818e-14 0.12937 1.27641e-14 1.16155e-13 -4.51835e-13
2.02 0.872279 -1.31599e-14 0.127721 1.17508e-14 1.19598e-13 -4.60416e-13
2.03 0.873898 -1.2106e-14 0.126102 1.06429e-14 1.2348e-13 -4.68955e-13
2.04 0.875487 -1.09177e-14 0.124513 9.47523e-15 1.27737e-13 -4.77238e-13
2.05 0.877046 -9.64129e-15 0.122954 8.28253e-15 1.32189e-13 -4.8552e-13
2.06 0.878575 -8.41369e-15 0.121425 7.07433e-15 1.3683e-13 -4.93754e-13
2.07 0.880074 -7.16955e-15 0.119926 5.84869e-15 1.41545e-13 -5.01776e-13
2.08 0.881544 -5.82877e-15 0.118456 4.56808e-15 1.46459e-13 -5.09649e-13
2.09 0.882983 -4.52585e-15 0.117017 3.23599e-15 1.51663e-13 -5.17162e-13
2.1 0.884393 -3.163e-15 0.115607 1.86451e-15 1.57048e-13 -5.24684e-13
2.11 0.885772 -1.79949e-15 0.114228 4.49855e-16 1.62643e-13 -5.3211e-13
2.12 0.887123 -3.36876e-16 0.112877 -1.0089e-15 1.68261e-13 -5.39375e-13
2.13 0.888444 1.22975e-15 0.111556 -2.5141e-15 1.74078e-13 -5.46415e-13
2.14 0.889736 2.80346e-15 0.110264 -4.0394e-15 1.79982e-13 -5.53312e-13
2.15 0.891 4.33632e-15 0.109 -5.58815e-15 1.8604e-13 -5.6004e-13
2.16 0.892235 5.92056e-15 0.107765 -7.16103e-15 1.92225e-13 -5.66663e-13
2.17 0.893442 7.51889e-15 0.106558 -8.747e-15 1.9846e-13 -5.73213e-13
2.18 0.894622 9.11046e-15 0.105378 -1.03364e-14 2.04919e-13 -5.79538e-13
2.19 0.895774 1.07342e-14 0.104226 -1.19842e-14 2.11702e-13 -5.85694e-13
2.2 0.896899 1.24747e-14 0.103101 -1.36801e-14 2.1848e-13 -5.91624e-13
2.21 0.897998 1.41703e-14 0.102002 -1.53784e-14 2.25441e-13 -5.97241e-13
2.22 0.899071 1.58036e-14 0.100929 -1.70098e-14 2.3252e-13 -6.02548e-13
2.23 0.900119 1.74733e-14 0.0998811 -1.8651e-14 2.39426e-13 -6.07071e-13
2.24 0.901142 1.90699e-14 0.0988582 -2.02585e-14 2.45997e-13 -6.10926e-13
2.25 0.90214 2.06779e-14 0.0978595 -2.18779e-14 2.5215e-13 -6.14024e-13
2.26 0.903115 2.23185e-14 0.0968846 -2.34688e-14 2.58082e-13 -6.1644e-13
2.27 0.904067 2.39082e-14 0.0959328 -2.50325e-14 2.6359e-13 -6.18332e-13
2.28 0.904997 2.54359e-14 0.0950034 -2.65952e-14 2.68751e-13 -6.19808e-13
2.29 0.905904 2.69623e-14 0.0940959 -2.81486e-14 2.73473e-13 -6.21098e-13
2.3 0.90679 2.85165e-14 0.0932096 -2.97078e-14 2.77965e-13 -6.22135e-13
2.31 0.907656 3.00676e-14 0.0923439 -3.12643e-14 2.82165e-13 -6.23105e-13
2.32 0.908502 3.17582e-14 0.091498 -3.2937e-14 2.86223e-13 -6.24066e-13
2.33 0.909329 3.35069e-14 0.0906712 -3.46869e-14 2.89926e-13 -6.25013e-13
2.34 0.910137 3.53559e-14 0.089863 -3.65424e-14 2.93182e-13 -6.2614e-13
2.35 0.910927 3.72371e-14 0.0890725 -3.84455e-14 2.96078e-13 -6.27602e-13
2.36 0.911701 3.91831e-14 0.0882991 -4.03879e-14 2.9826e-13 -6.28998e-13
2.37 0.912458 4.11428e-14 0.087542 -4.23491e-14 3.00053e-13 -6.30759e-13
2.38 0.913199 4.31077e-14 0.0868005 -4.43103e-14 3.01421e-13 -6.32565e-13
2.39 0.913926 4.5065e-14 0.086074 -4.62631e-14 3.02312e-13 -6.34577e-13
2.4 0.914638 4.70041e-14 0.0853616 -4.81853e-14 3.02869e-13 -6.36698e-13
2.41 0.915337 4.88585e-14 0.0846626 -5.00601e-14 3.02876e-13 -6.38828e-13
2.42 0.916024 5.06631e-14 0.0839763 -5.18882e-14 3.02405e-13 -6.40978e-13
2.43 0.916698 5.2388e-14 0.083302 -5.36193e-14 3.01457e-13 -6.43192e-13
2.44 0.917361 5.41652e-14 0.0826389 -5.53772e-14 3.00133e-13 -6.45591e-13
2.45 0.918014 5.58787e-14 0.0819863 -5.71e-14 2.98432e-13 -6.48274e-13
2.46 0.918656 5.75633e-14 0.0813435 -5.87733e-14 2.96533e-13 -6.51386e-13
2.47 0.91929 5.91769e-14 0.0807099 -6.03969e-14 2.94669e-13 -6.54841e-13
2.48 0.919915 6.06711e-14 0.0800846 -6.18958e-14 2.92738e-13 -6.5893e-13
2.49 0.920533 6.20895e-14 0.079467 -6.33177e-14 2.90901e-13 -6.63516e-13
2.5 0.921144 6.34e-14 0.0788564 -6.46276e-14 2.89471e-13 -6.6843e-13
