0 0 0 1 0 0 0
0.005 7.81724e-10 7.08751e-16 0.997746 1.59595e-15 -1.61617e-15 -2.01287e-15
0.01 4.59276e-16 2.38834e-16 0.997647 2.33147e-15 -4.67667e-15 -1.65584e-15
0.015 1.00756e-15 -1.09097e-15 0.997468 2.44249e-15 -7.85887e-15 -1.1127e-15
0.02 1.55957e-15 -1.88818e-15 0.99721 2.33147e-15 -1.10494e-14 -5.40891e-16
0.025 -2.09679e-15 -4.32102e-15 0.996873 2.55351e-15 -1.40681e-14 -4.22319e-16
0.03 -4.88347e-15 -8.40111e-15 0.996457 2.77556e-15 -1.66082e-14 -2.17136e-16
0.035 -7.19035e-16 -7.16798e-15 0.995962 2.72005e-15 -1.91898e-14 -2.03477e-16
0.04 -8.58652e-16 -5.46821e-15 0.995389 2.77556e-15 -2.1935e-14 -3.72835e-16
0.045 -4.91644e-15 -1.23322e-14 0.994736 2.94209e-15 -2.45844e-14 -4.60465e-16
0.05 -4.58408e-16 -8.5225e-15 0.994006 2.94209e-15 -2.68169e-14 -9.66554e-16
0.055 2.34927e-15 -4.64272e-15 0.993198 2.88658e-15 -2.88569e-14 -1.60385e-15
0.06 2.79225e-15 -1.48218e-16 0.992312 2.83107e-15 -3.07981e-14 -1.96978e-15
0.065 2.00004e-16 9.52044e-16 0.991349 2.88658e-15 -3.26115e-14 -2.32304e-15
0.07 -2.27305e-16 3.8441e-16 0.990309 2.88658e-15 -3.40882e-14 -2.98078e-15
0.075 7.67858e-15 4.65036e-15 0.989192 2.60902e-15 -3.55796e-14 -3.79297e-15
0.08 1.04911e-14 3.09346e-15 0.988 2.60902e-15 -3.71778e-14 -4.46636e-15
0.085 1.58131e-14 -1.60295e-15 0.986732 2.72005e-15 -3.85485e-14 -5.07768e-15
0.09 1.69002e-14 1.0034e-15 0.985389 2.55351e-15 -3.96616e-14 -6.08529e-15
0.095 2.39651e-14 5.12165e-15 0.983971 2.27596e-15 -4.09005e-14 -6.86361e-15
0.1 1.92621e-14 7.90343e-15 0.982479 2.05391e-15 -4.22797e-14 -7.47384e-15
0.105 2.29267e-14 9.9237e-15 0.980913 1.9984e-15 -4.36499e-14 -8.20482e-15
0.11 2.21502e-14 6.63283e-15 0.979275 1.9984e-15 -4.49784e-14 -8.83659e-15
0.115 2.51293e-14 7.20217e-15 0.977565 2.10942e-15 -4.6465e-14 -9.4495e-15
0.12 2.68467e-14 9.36273e-15 0.975783 2.05391e-15 -4.78921e-14 -9.94007e-15
0.125 2.54742e-14 4.87136e-15 0.97393 2.22045e-15 -4.89513e-14 -1.0565e-14
0.13 3.16502e-14 7.75209e-15 0.972006 2.10942e-15 -4.97737e-14 -1.14846e-14
0.135 4.00434e-14 7.95939e-15 0.970014 2.10942e-15 -5.08693e-14 -1.22809e-14
0.14 3.76719e-14 3.13108e-15 0.967952 2.27596e-15 -5.17709e-14 -1.32988e-14
0.145 3.0058e-14 -3.59217e-16 0.965823 2.10942e-15 -5.26091e-14 -1.46281e-14
0.15 2.11577e-14 8.90439e-16 0.963626 2.05391e-15 -5.33692e-14 -1.59325e-14
0.155 1.91975e-14 5.10622e-15 0.961363 1.9984e-15 -5.39725e-14 -1.7254e-14
0.16 2.13579e-14 8.32677e-15 0.959035 1.88738e-15 -5.4552e-14 -1.87292e-14
0.165 1.71782e-14 5.71465e-15 0.956641 1.83187e-15 -5.5113e-14 -2.00943e-14
0.17 1.24365e-14 3.21058e-15 0.954185 1.77636e-15 -5.58436e-14 -2.14242e-14
0.175 1.12547e-14 9.14922e-15 0.951665 1.66533e-15 -5.65696e-14 -2.25854e-14
0.18 5.96292e-15 2.55073e-15 0.949084 1.72085e-15 -5.73632e-14 -2.36848e-14
0.185 -1.38071e-16 -7.2166e-15 0.946441 2.05391e-15 -5.8166e-14 -2.47359e-14
0.19 -6.51168e-15 -2.50818e-15 0.943739 1.72085e-15 -5.89809e-14 -2.57513e-14
0.195 -8.77616e-15 -5.19559e-15 0.940977 1.77636e-15 -5.99237e-14 -2.64872e-14
0.2 -7.78638e-15 -2.68302e-15 0.938158 1.77636e-15 -6.08784e-14 -2.73014e-14
0.205 -2.84561e-15 -4.41032e-15 0.935281 1.72085e-15 -6.16792e-14 -2.83461e-14
0.21 -5.74788e-15 -5.43856e-15 0.932349 1.66533e-15 -6.22674e-14 -2.93632e-14
0.215 6.92253e-15 -1.12897e-14 0.929362 1.66533e-15 -6.28629e-14 -3.03933e-14
0.22 9.96956e-15 -1.75803e-14 0.926321 1.55431e-15 -6.35085e-14 -3.11687e-14
0.225 1.1677e-14 -1.75092e-14 0.923228 1.33227e-15 -6.41755e-14 -3.18043e-14
0.23 1.48886e-14 -1.99013e-14 0.920082 1.38778e-15 -6.46308e-14 -3.23837e-14
0.235 1.50537e-14 -1.92523e-14 0.916887 1.27676e-15 -6.48684e-14 -3.2914e-14
0.24 2.11146e-14 -1.72257e-14 0.913642 1.05471e-15 -6.5371e-14 -3.35861e-14
0.245 1.9098e-14 -1.17736e-14 0.910349 1.27676e-15 -6.5862e-14 -3.43141e-14
0.25 2.57746e-14 -1.12969e-14 0.907009 1.16573e-15 -6.61836e-14 -3.51496e-14
0.255 2.84439e-14 -6.71308e-15 0.903623 1.16573e-15 -6.65345e-14 -3.61406e-14
0.26 2.91979e-14 -9.9576e-15 0.900192 1.05471e-15 -6.72217e-14 -3.69893e-14
0.265 3.95102e-14 -8.34885e-15 0.896718 8.88178e-16 -6.78978e-14 -3.795e-14
0.27 4.63193e-14 -8.03966e-15 0.893201 1.11022e-15 -6.85693e-14 -3.88116e-14
0.275 4.72477e-14 -9.00556e-15 0.889644 1.27676e-15 -6.93197e-14 -3.95417e-14
0.28 5.38426e-14 -2.1449e-15 0.886046 1.22125e-15 -7.01223e-14 -4.02986e-14
0.285 4.97626e-14 -2.85722e-15 0.88241 1.22125e-15 -7.11019e-14 -4.10425e-14
0.29 4.80885e-14 -8.77018e-15 0.878737 1.33227e-15 -7.19424e-14 -4.18152e-14
0.295 4.89604e-14 -1.2223e-14 0.875027 1.38778e-15 -7.29461e-14 -4.25159e-14
0.3 4.98658e-14 -1.11123e-14 0.871283 1.55431e-15 -7.388e-14 -4.31629e-14
0.305 5.54599e-14 -1.33048e-14 0.867504 1.4988e-15 -7.48549e-14 -4.37651e-14
0.31 4.24914e-14 -1.71889e-14 0.863694 1.66533e-15 -7.56539e-14 -4.45133e-14
0.315 4.33728e-14 -1.07742e-14 0.859852 1.94289e-15 -7.61929e-14 -4.52673e-14
0.32 3.85015e-14 -1.02183e-14 0.85598 2.05391e-15 -7.66652e-14 -4.59577e-14
0.325 4.32136e-14 -1.36664e-14 0.852079 1.77636e-15 -7.71411e-14 -4.66247e-14
0.33 3.75065e-14 -1.56642e-14 0.848152 1.66533e-15 -7.76285e-14 -4.72582e-14
0.335 3.36622e-14 -1.53785e-14 0.844197 1.66533e-15 -7.79292e-14 -4.794e-14
0.34 2.32144e-14 -1.9568e-14 0.840219 1.66533e-15 -7.833e-14 -4.84661e-14
0.345 2.2418e-14 -2.25077e-14 0.836216 1.77636e-15 -7.88152e-14 -4.88618e-14
0.35 1.76935e-14 -2.6514e-14 0.832191 1.83187e-15 -7.93263e-14 -4.91891e-14
0.355 1.44881e-14 -2.18984e-14 0.828145 1.9984e-15 -7.97363e-14 -4.95428e-14
0.36 1.08764e-14 -1.50429e-14 0.824079 1.94289e-15 -8.02271e-14 -4.98321e-14
0.365 1.46266e-14 -5.18595e-15 0.819995 1.94289e-15 -8.06757e-14 -5.02388e-14
0.37 6.60051e-15 2.45322e-15 0.815893 1.9984e-15 -8.09797e-14 -5.06403e-14
0.375 4.35814e-15 2.6031e-15 0.811776 1.94289e-15 -8.13307e-14 -5.10339e-14
0.38 5.52603e-17 -3.70858e-15 0.807643 1.88738e-15 -8.16728e-14 -5.14653e-14
0.385 -1.29197e-15 -1.35731e-15 0.803497 1.9984e-15 -8.18933e-14 -5.18842e-14
0.39 -3.0927e-15 -2.16434e-15 0.799339 1.94289e-15 -8.21271e-14 -5.22348e-14
0.395 4.47273e-15 1.49356e-14 0.795169 1.94289e-15 -8.23938e-14 -5.24655e-14
0.4 9.50979e-15 1.60857e-14 0.79099 1.94289e-15 -8.25196e-14 -5.26557e-14
0.405 1.31318e-14 1.98097e-14 0.786802 2.05391e-15 -8.27794e-14 -5.27655e-14
0.41 1.35188e-14 2.3262e-14 0.782606 1.94289e-15 -8.31136e-14 -5.27895e-14
0.415 1.4632e-14 1.29373e-14 0.778405 1.83187e-15 -8.36267e-14 -5.2767e-14
0.42 1.66948e-14 1.42441e-14 0.774198 1.77636e-15 -8.41864e-14 -5.26161e-14
0.425 1.00088e-14 2.52162e-14 0.769988 1.72085e-15 -8.47017e-14 -5.25359e-14
0.43 1.27082e-14 2.03829e-14 0.765775 1.72085e-15 -8.51803e-14 -5.24405e-14
0.435 1.02515e-14 1.78277e-14 0.76156 1.77636e-15 -8.57807e-14 -5.22103e-14
0.44 1.25546e-14 1.02727e-14 0.757345 1.77636e-15 -8.63432e-14 -5.19357e-14
0.445 2.21226e-14 1.43292e-14 0.753131 1.66533e-15 -8.68904e-14 -5.16699e-14
0.45 2.40998e-14 1.55046e-14 0.748919 1.66533e-15 -8.74025e-14 -5.14635e-14
0.455 1.80607e-14 1.07249e-14 0.74471 1.72085e-15 -8.52977e-14 -4.87812e-14
0.46 1.84937e-14 8.53261e-15 0.740487 1.88738e-15 -7.80623e-14 -4.42382e-14
0.465 1.31138e-14 1.05062e-14 0.736248 1.83187e-15 -6.96991e-14 -3.90479e-14
0.47 6.80049e-15 1.51529e-14 0.731993 1.83187e-15 -6.01871e-14 -3.32129e-14
0.475 8.90326e-15 9.79059e-15 0.727725 1.83187e-15 -4.94845e-14 -2.66828e-14
0.48 2.50721e-15 1.89248e-15 0.723443 1.72085e-15 -3.77125e-14 -1.93797e-14
0.485 2.04265e-15 -1.05981e-15 0.719148 1.77636e-15 -2.48246e-14 -1.14223e-14
0.49 1.00527e-14 7.59957e-15 0.714842 1.83187e-15 -1.0785e-14 -2.69862e-15
0.495 6.86677e-15 1.52276e-14 0.710526 1.60982e-15 4.32367e-15 6.69924e-15
0.5 1.6599e-15 1.31434e-14 0.7062 1.60982e-15 2.05622e-14 1.67788e-14
0.505 4.5428e-15 9.75518e-15 0.701865 1.72085e-15 3.78105e-14 2.75585e-14
0.51 -1.39482e-15 4.55991e-15 0.697523 1.88738e-15 5.61147e-14 3.89645e-14
0.515 -5.35406e-15 -2.26413e-15 0.693174 1.88738e-15 7.54871e-14 5.10732e-14
0.52 2.68187e-15 3.20252e-15 0.688819 1.83187e-15 9.59118e-14 6.39322e-14
0.525 6.15888e-15 6.13806e-16 0.684459 1.77636e-15 1.17328e-13 7.75797e-14
0.53 7.61636e-15 1.35957e-15 0.680095 1.77636e-15 1.39861e-13 9.17857e-14
0.535 8.1437e-15 -1.73547e-15 0.675728 1.88738e-15 1.66811e-13 1.08055e-13
0.54 -6.7609e-16 -7.5577e-15 0.671359 1.72085e-15 1.70895e-13 1.15277e-13
0.545 6.77311e-15 -7.18444e-15 0.666989 1.60982e-15 1.70774e-13 1.24732e-13
0.55 1.06772e-14 -7.36989e-15 0.66262 1.77636e-15 1.68471e-13 1.37858e-13
0.555 1.3166e-14 -4.87152e-15 0.658254 1.9984e-15 1.64665e-13 1.5646e-13
0.56 6.32788e-15 -5.90317e-15 0.65389 1.9984e-15 1.60241e-13 1.82842e-13
0.565 0.00331384 7.92205e-15 0.649521 2.10942e-15 1.68357e-13 2.26173e-13
0.57 0.0074768 1.26533e-14 0.645154 2.49827e-15 1.76137e-13 2.68167e-13
0.575 0.0118335 1.21748e-14 0.640792 2.7171e-15 1.84184e-13 3.08594e-13
0.58 0.0161838 1.24634e-14 0.636436 2.92776e-15 1.92629e-13 3.47723e-13
0.585 0.0205268 1.08965e-14 0.632088 3.29509e-15 2.01437e-13 3.85529e-13
0.59 0.0248616 1.01606e-14 0.627748 3.80598e-15 2.1058e-13 4.21992e-13
0.595 0.0291873 9.4996e-15 0.623418 4.32516e-15 2.2003e-13 4.57105e-13
0.6 0.033503 9.36477e-15 0.619098 4.99937e-15 2.29783e-13 4.90847e-13
0.605 0.0378079 9.66998e-15 0.614789 5.63534e-15 2.39832e-13 5.23226e-13
0.61 0.0421011 9.27012e-15 0.610492 6.18616e-15 2.50176e-13 5.54233e-13
0.615 0.0463817 8.94733e-15 0.606208 6.7529e-15 2.60814e-13 5.83911e-13
0.62 0.0506489 8.14244e-15 0.601937 7.225e-15 2.71748e-13 6.12253e-13
0.625 0.0549019 7.59558e-15 0.597681 7.68041e-15 2.82979e-13 6.39287e-13
0.63 0.0591398 6.90901e-15 0.593441 8.11211e-15 2.94509e-13 6.65e-13
0.635 0.0633618 7.06197e-15 0.589216 8.48292e-15 3.06344e-13 6.89375e-13
0.64 0.0675671 7.00837e-15 0.585008 8.77069e-15 3.18487e-13 7.12444e-13
0.645 0.071755 6.8106e-15 0.580818 9.09787e-15 3.30942e-13 7.34178e-13
0.65 0.0759274 6.68642e-15 0.576646 9.43928e-15 3.44061e-13 7.54768e-13
0.655 0.0800789 6.31112e-15 0.572496 9.81967e-15 3.5754e-13 7.74177e-13
0.66 0.0842089 5.72122e-15 0.568367 1.03187e-14 3.7136e-13 7.92403e-13
0.665 0.0883167 5.19518e-15 0.56426 1.09952e-14 3.85504e-13 8.09447e-13
0.67 0.0924017 4.54762e-15 0.560177 1.16905e-14 3.99961e-13 8.25262e-13
0.675 0.0964631 3.43999e-15 0.556118 1.22919e-14 4.14719e-13 8.39911e-13
0.68 0.1005 2.73356e-15 0.552082 1.30884e-14 4.29773e-13 8.53363e-13
0.685 0.104513 1.84579e-15 0.548072 1.37028e-14 4.45113e-13 8.65642e-13
0.69 0.1085 1.19897e-15 0.544087 1.43535e-14 4.60735e-13 8.76755e-13
0.695 0.112462 8.17438e-16 0.540129 1.49126e-14 4.76634e-13 8.86713e-13
0.7 0.116397 2.26037e-16 0.536197 1.55949e-14 4.92805e-13 8.95543e-13
0.705 0.120305 -5.76838e-16 0.532292 1.63493e-14 5.09243e-13 9.03243e-13
0.71 0.124185 -1.358e-15 0.528415 1.71206e-14 5.25947e-13 9.09807e-13
0.715 0.128038 -2.31806e-15 0.524566 1.78675e-14 5.42913e-13 9.15249e-13
0.72 0.131861 -3.34978e-15 0.520746 1.86937e-14 5.60137e-13 9.19554e-13
0.725 0.135656 -4.03008e-15 0.516956 1.95113e-14 5.77616e-13 9.22745e-13
0.73 0.139421 -4.7887e-15 0.513195 2.02853e-14 5.95345e-13 9.24834e-13
0.735 0.143156 -5.54175e-15 0.509464 2.13322e-14 6.13324e-13 9.25797e-13
0.74 0.146861 -6.07506e-15 0.505763 2.23146e-14 6.31551e-13 9.25684e-13
0.745 0.150535 -6.65766e-15 0.502094 2.30765e-14 6.50022e-13 9.24514e-13
0.75 0.154178 -7.32791e-15 0.498456 2.37191e-14 6.68737e-13 9.22286e-13
0.755 0.157789 -8.06544e-15 0.49485 2.41176e-14 6.87694e-13 9.19011e-13
0.76 0.161368 -8.63763e-15 0.491276 2.45494e-14 7.06891e-13 9.14693e-13
0.765 0.164914 -9.26306e-15 0.487735 2.50786e-14 7.26324e-13 9.09364e-13
0.77 0.168428 -9.88763e-15 0.484226 2.55991e-14 7.45988e-13 9.02993e-13
0.775 0.171909 -1.07092e-14 0.480751 2.61738e-14 7.65881e-13 8.95608e-13
0.78 0.175356 -1.10641e-14 0.477309 2.6757e-14 7.86008e-13 8.87223e-13
0.785 0.17877 -1.15752e-14 0.473901 2.72879e-14 8.06381e-13 8.7785e-13
0.79 0.18215 -1.22754e-14 0.470527 2.77379e-14 8.26988e-13 8.67519e-13
0.795 0.185495 -1.25221e-14 0.467187 2.82152e-14 8.47829e-13 8.56231e-13
0.8 0.188806 -1.30593e-14 0.463882 2.87107e-14 8.689e-13 8.44007e-13
0.805 0.192082 -1.36062e-14 0.460612 2.92713e-14 8.90201e-13 8.30857e-13
0.81 0.195324 -1.38317e-14 0.457377 2.98015e-14 9.11728e-13 8.16798e-13
0.815 0.19853 -1.43486e-14 0.454177 3.04227e-14 9.3348e-13 8.01832e-13
0.82 0.201701 -1.52775e-14 0.451012 3.10617e-14 9.55454e-13 7.85978e-13
0.825 0.204837 -1.59919e-14 0.447883 3.16944e-14 9.77651e-13 7.6926e-13
0.83 0.207936 -1.6702e-14 0.444789 3.23936e-14 1.00007e-12 7.51688e-13
0.835 0.211001 -1.6894e-14 0.441732 3.28843e-14 1.02271e-12 7.33267e-13
0.84 0.214029 -1.71974e-14 0.43871 3.33838e-14 1.04557e-12 7.14012e-13
0.845 0.217021 -1.76897e-14 0.435724 3.38671e-14 1.06865e-12 6.93941e-13
0.85 0.219977 -1.78374e-14 0.432775 3.42169e-14 1.09195e-12 6.7307e-13
0.855 0.222897 -1.80147e-14 0.429861 3.45306e-14 1.11546e-12 6.51415e-13
0.86 0.225781 -1.82615e-14 0.426984 3.48506e-14 1.1392e-12 6.28982e-13
0.865 0.228629 -1.86641e-14 0.424143 3.51342e-14 1.16314e-12 6.05782e-13
0.87 0.23144 -1.88428e-14 0.421338 3.52754e-14 1.18731e-12 5.81825e-13
0.875 0.234215 -1.89481e-14 0.41857 3.54061e-14 1.21168e-12 5.57133e-13
0.88 0.236954 -1.87332e-14 0.415838 3.55172e-14 1.23628e-12 5.31716e-13
0.885 0.239657 -1.89904e-14 0.413142 3.55286e-14 1.26108e-12 5.05585e-13
0.89 0.242323 -1.87625e-14 0.410483 3.55811e-14 1.2861e-12 4.78748e-13
0.895 0.244953 -1.86487e-14 0.40786 3.56383e-14 1.31133e-12 4.51225e-13
0.9 0.247547 -1.86669e-14 0.405272 3.57543e-14 1.33678e-12 4.23022e-13
0.905 0.250105 -1.8857e-14 0.402721 3.59719e-14 1.36243e-12 3.94162e-13
0.91 0.252627 -1.92384e-14 0.400206 3.62431e-14 1.38829e-12 3.64668e-13
0.915 0.255114 -1.95343e-14 0.397727 3.64883e-14 1.41437e-12 3.34534e-13
0.92 0.257564 -1.9531e-14 0.395283 3.66253e-14 1.44064e-12 3.03799e-13
0.925 0.259979 -1.96182e-14 0.392875 3.67376e-14 1.46712e-12 2.72492e-13
0.93 0.262358 -1.97557e-14 0.390503 3.68969e-14 1.49379e-12 2.40595e-13
0.935 0.264702 -1.97262e-14 0.388165 3.68747e-14 1.52066e-12 2.08139e-13
0.94 0.267011 -1.94477e-14 0.385863 3.67837e-14 1.54772e-12 1.75121e-13
0.945 0.269285 -1.9526e-14 0.383596 3.67137e-14 1.57498e-12 1.41575e-13
0.95 0.271525 -1.95567e-14 0.381363 3.67063e-14 1.60243e-12 1.07499e-13
0.955 0.273729 -1.97691e-14 0.379165 3.6806e-14 1.63008e-12 7.29129e-14
0.96 0.2759 -1.98184e-14 0.377001 3.69304e-14 1.65791e-12 3.78357e-14
0.965 0.278036 -2.01623e-14 0.374871 3.71105e-14 1.68594e-12 2.28828e-15
0.97 0.280139 -2.02132e-14 0.372775 3.7306e-14 1.71415e-12 -3.37182e-14
0.975 0.282207 -2.02173e-14 0.370713 3.74874e-14 1.74254e-12 -7.01569e-14
0.98 0.284243 -2.04248e-14 0.368684 3.76994e-14 1.77113e-12 -1.07021e-13
0.985 0.286246 -2.04984e-14 0.366688 3.80006e-14 1.79989e-12 -1.4429e-13
0.99 0.288215 -2.082e-14 0.364724 3.82509e-14 1.82884e-12 -1.81954e-13
0.995 0.290153 -2.11644e-14 0.362793 3.85133e-14 1.85797e-12 -2.20016e-13
1 0.292058 -2.12823e-14 0.360894 3.88101e-14 1.88727e-12 -2.58451e-13
1.005 0.293931 -2.18339e-14 0.359026 3.91068e-14 1.91675e-12 -2.97241e-13
1.01 0.295773 -2.18794e-14 0.357191 3.94162e-14 1.94641e-12 -3.36367e-13
1.015 0.297584 -2.23142e-14 0.355386 3.9746e-14 1.97625e-12 -3.75814e-13
1.02 0.299364 -2.26264e-14 0.353612 4.00717e-14 2.00625e-12 -4.15558e-13
1.025 0.301114 -2.31252e-14 0.351868 4.04105e-14 2.03643e-12 -4.55588e-13
1.03 0.302833 -2.35022e-14 0.350154 4.06793e-14 2.06677e-12 -4.95897e-13
1.035 0.304523 -2.37411e-14 0.34847 4.09241e-14 2.09728e-12 -5.3648e-13
1.04 0.306184 -2.39832e-14 0.346815 4.11636e-14 2.12795e-12 -5.77317e-13
1.045 0.307815 -2.40011e-14 0.345189 4.13598e-14 2.15877e-12 -6.18399e-13
1.05 0.309419 -2.41547e-14 0.343591 4.15592e-14 2.18975e-12 -6.59706e-13
1.055 0.310994 -2.46206e-14 0.342021 4.1757e-14 2.22089e-12 -7.0121e-13
1.06 0.312541 -2.46569e-14 0.340479 4.1973e-14 2.25218e-12 -7.42912e-13
1.065 0.314061 -2.50565e-14 0.338964 4.21659e-14 2.28363e-12 -7.84801e-13
1.07 0.315555 -2.53621e-14 0.337475 4.2346e-14 2.31522e-12 -8.2686e-13
1.075 0.317022 -2.5612e-14 0.336013 4.25149e-14 2.34695e-12 -8.69076e-13
1.08 0.318463 -2.56908e-14 0.334577 4.26799e-14 2.37882e-12 -9.11432e-13
1.085 0.319878 -2.56302e-14 0.333166 4.28099e-14 2.41082e-12 -9.53906e-13
1.09 0.321269 -2.5616e-14 0.33178 4.29258e-14 2.44295e-12 -9.96487e-13
1.095 0.322635 -2.56607e-14 0.330419 4.30182e-14 2.47521e-12 -1.03916e-12
1.1 0.323977 -2.56078e-14 0.329081 4.31002e-14 2.50759e-12 -1.08192e-12
1.105 0.325295 -2.55326e-14 0.327767 4.3171e-14 2.54009e-12 -1.12474e-12
1.11 0.326591 -2.55604e-14 0.326476 4.32184e-14 2.57271e-12 -1.16762e-12
1.115 0.327863 -2.57233e-14 0.325208 4.32437e-14 2.60544e-12 -1.21055e-12
1.12 0.329114 -2.58141e-14 0.323962 4.32799e-14 2.63828e-12 -1.25349e-12
1.125 0.330342 -2.58931e-14 0.322737 4.33019e-14 2.67123e-12 -1.29645e-12
1.13 0.33155 -2.59106e-14 0.321533 4.33039e-14 2.70427e-12 -1.33941e-12
1.135 0.332737 -2.59281e-14 0.32035 4.32876e-14 2.73741e-12 -1.38237e-12
1.14 0.333903 -2.58022e-14 0.319187 4.3252e-14 2.77064e-12 -1.42531e-12
1.145 0.335051 -2.57915e-14 0.318044 4.31928e-14 2.80397e-12 -1.46823e-12
1.15 0.336178 -2.57316e-14 0.316919 4.31315e-14 2.83737e-12 -1.5111e-12
1.155 0.337288 -2.53396e-14 0.315813 4.30571e-14 2.87085e-12 -1.55393e-12
1.16 0.338379 -2.52582e-14 0.314726 4.29827e-14 2.9044e-12 -1.5967e-12
1.165 0.339452 -2.51208e-14 0.313656 4.28994e-14 2.93803e-12 -1.63941e-12
1.17 0.340508 -2.48811e-14 0.312602 4.28035e-14 2.97172e-12 -1.68203e-12
1.175 0.341548 -2.46965e-14 0.311566 4.26958e-14 3.00546e-12 -1.72456e-12
1.18 0.342572 -2.46487e-14 0.310545 4.25778e-14 3.03926e-12 -1.76698e-12
1.185 0.34358 -2.44978e-14 0.30954 4.24524e-14 3.07311e-12 -1.8093e-12
1.19 0.344573 -2.44342e-14 0.308549 4.22963e-14 3.10701e-12 -1.85149e-12
1.195 0.345551 -2.43453e-14 0.307574 4.21447e-14 3.14095e-12 -1.89354e-12
1.2 0.346515 -2.41967e-14 0.306612 4.19743e-14 3.17493e-12 -1.93545e-12
1.205 0.347466 -2.41335e-14 0.305663 4.18019e-14 3.20893e-12 -1.9772e-12
1.21 0.348404 -2.39888e-14 0.304728 4.16161e-14 3.24297e-12 -2.01879e-12
1.215 0.34933 -2.40743e-14 0.303805 4.14306e-14 3.27703e-12 -2.06022e-12
1.22 0.350243 -2.39271e-14 0.302893 4.12396e-14 3.31111e-12 -2.10147e-12
1.225 0.351145 -2.37911e-14 0.301994 4.10463e-14 3.3452e-12 -2.14251e-12
1.23 0.352036 -2.35868e-14 0.301105 4.08324e-14 3.37929e-12 -2.18337e-12
1.235 0.352917 -2.31956e-14 0.300226 4.06017e-14 3.41339e-12 -2.22402e-12
1.24 0.353787 -2.30138e-14 0.299357 4.03572e-14 3.44749e-12 -2.26446e-12
1.245 0.354649 -2.28161e-14 0.298498 4.01047e-14 3.48158e-12 -2.30466e-12
1.25 0.355501 -2.26492e-14 0.297647 3.98093e-14 3.51566e-12 -2.34465e-12
1.255 0.356345 -2.21736e-14 0.296805 3.94845e-14 3.54972e-12 -2.3844e-12
1.26 0.357181 -2.18213e-14 0.29597 3.90817e-14 3.58377e-12 -2.4239e-12
1.265 0.358009 -2.14478e-14 0.295143 3.8755e-14 3.61778e-12 -2.46316e-12
1.27 0.358831 -2.11748e-14 0.294323 3.84346e-14 3.65176e-12 -2.50216e-12
1.275 0.359646 -2.07092e-14 0.293509 3.80589e-14 3.6857e-12 -2.54089e-12
1.28 0.360455 -2.0401e-14 0.292701 3.77285e-14 3.71959e-12 -2.57936e-12
1.285 0.361259 -2.02199e-14 0.291899 3.74068e-14 3.75344e-12 -2.61755e-12
1.29 0.362057 -1.97828e-14 0.291101 3.70186e-14 3.78724e-12 -2.65545e-12
1.295 0.362851 -1.90918e-14 0.290308 3.66192e-14 3.82098e-12 -2.69307e-12
1.3 0.363641 -1.86786e-14 0.289519 3.61839e-14 3.85465e-12 -2.73039e-12
1.305 0.364427 -1.80458e-14 0.288734 3.57382e-14 3.88825e-12 -2.76741e-12
1.31 0.36521 -1.7562e-14 0.287952 3.52468e-14 3.92178e-12 -2.8041e-12
1.315 0.365991 -1.72196e-14 0.287172 3.47749e-14 3.95523e-12 -2.84049e-12
1.32 0.366769 -1.67817e-14 0.286395 3.43136e-14 3.9886e-12 -2.87656e-12
1.325 0.367545 -1.63568e-14 0.285619 3.38564e-14 4.02187e-12 -2.91231e-12
1.33 0.368319 -1.59809e-14 0.284845 3.33783e-14 4.05505e-12 -2.94774e-12
1.335 0.369093 -1.5574e-14 0.284072 3.28968e-14 4.08812e-12 -2.98285e-12
1.34 0.369866 -1.48538e-14 0.283299 3.23846e-14 4.12108e-12 -3.01762e-12
1.345 0.370639 -1.44867e-14 0.282526 3.18678e-14 4.15393e-12 -3.05205e-12
1.35 0.371412 -1.39853e-14 0.281754 3.13942e-14 4.18666e-12 -3.08612e-12
1.355 0.372186 -1.36299e-14 0.28098 3.09603e-14 4.21927e-12 -3.11984e-12
1.36 0.372961 -1.32291e-14 0.280205 3.05229e-14 4.25175e-12 -3.15322e-12
1.365 0.373738 -1.28109e-14 0.279429 3.00798e-14 4.28409e-12 -3.18625e-12
1.37 0.374516 -1.24515e-14 0.278651 2.96371e-14 4.31631e-12 -3.21891e-12
1.375 0.375296 -1.20296e-14 0.277871 2.91872e-14 4.34839e-12 -3.25121e-12
1.38 0.376079 -1.15656e-14 0.277088 2.87416e-14 4.38032e-12 -3.28316e-12
1.385 0.376865 -1.11015e-14 0.276303 2.82868e-14 4.41209e-12 -3.31472e-12
1.39 0.377654 -1.07263e-14 0.275514 2.78209e-14 4.44372e-12 -3.3459e-12
1.395 0.378446 -1.01792e-14 0.274721 2.73636e-14 4.47518e-12 -3.3767e-12
1.4 0.379243 -9.69926e-15 0.273924 2.69015e-14 4.50648e-12 -3.4071e-12
1.405 0.380044 -9.16969e-15 0.273123 2.64268e-14 4.5376e-12 -3.43713e-12
1.41 0.380849 -8.80363e-15 0.272318 2.59576e-14 4.56855e-12 -3.46675e-12
1.415 0.38166 -8.34997e-15 0.271507 2.54838e-14 4.59932e-12 -3.49598e-12
1.42 0.382475 -7.9056e-15 0.270691 2.50041e-14 4.6299e-12 -3.52481e-12
1.425 0.383297 -7.42615e-15 0.26987 2.45209e-14 4.6603e-12 -3.55325e-12
1.43 0.384124 -6.79463e-15 0.269042 2.4031e-14 4.69051e-12 -3.58128e-12
1.435 0.384957 -6.24215e-15 0.268209 2.35571e-14 4.72052e-12 -3.60892e-12
1.44 0.385797 -5.74253e-15 0.267369 2.3067e-14 4.75034e-12 -3.63615e-12
1.445 0.386643 -5.21063e-15 0.266522 2.25723e-14 4.77996e-12 -3.66298e-12
1.45 0.387496 -4.66166e-15 0.265669 2.20694e-14 4.80937e-12 -3.68941e-12
1.455 0.388357 -4.31101e-15 0.264808 2.15548e-14 4.83857e-12 -3.71542e-12
1.46 0.389225 -3.9222e-15 0.263939 2.10375e-14 4.86756e-12 -3.74101e-12
1.465 0.390101 -3.65333e-15 0.263063 2.05176e-14 4.89633e-12 -3.76619e-12
1.47 0.390985 -3.07937e-15 0.262179 2.00095e-14 4.92488e-12 -3.79096e-12
1.475 0.391877 -2.55454e-15 0.261287 1.95066e-14 4.95321e-12 -3.81531e-12
1.48 0.392777 -1.96019e-15 0.260386 1.90052e-14 4.9813e-12 -3.83925e-12
1.485 0.393686 -1.30028e-15 0.259476 1.85147e-14 5.00916e-12 -3.86275e-12
1.49 0.394604 -8.65897e-16 0.258558 1.8031e-14 5.03678e-12 -3.88583e-12
1.495 0.395531 -3.73524e-16 0.257631 1.75371e-14 5.06416e-12 -3.90849e-12
1.5 0.396467 1.59321e-16 0.256694 1.70304e-14 5.09131e-12 -3.93073e-12
1.505 0.397413 5.79564e-16 0.255748 1.65345e-14 5.1182e-12 -3.95253e-12
1.51 0.398368 8.92838e-16 0.254792 1.60336e-14 5.14484e-12 -3.9739e-12
1.515 0.399333 1.37866e-15 0.253827 1.55184e-14 5.17123e-12 -3.99484e-12
1.52 0.400308 1.83517e-15 0.252851 1.50075e-14 5.19737e-12 -4.01536e-12
1.525 0.401294 2.35932e-15 0.251865 1.44935e-14 5.22325e-12 -4.03543e-12
1.53 0.402289 2.84296e-15 0.250869 1.3983e-14 5.24886e-12 -4.05508e-12
1.535 0.403295 3.35354e-15 0.249863 1.34577e-14 5.27422e-12 -4.07429e-12
1.54 0.404312 3.89652e-15 0.248846 1.29257e-14 5.29932e-12 -4.09307e-12
1.545 0.405339 4.42072e-15 0.247818 1.23912e-14 5.32415e-12 -4.11142e-12
1.55 0.406378 4.98046e-15 0.24678 1.18522e-14 5.34872e-12 -4.12934e-12
1.555 0.407427 5.53982e-15 0.24573 1.13207e-14 5.37302e-12 -4.14683e-12
1.56 0.408487 6.03178e-15 0.244669 1.07761e-14 5.39704e-12 -4.16388e-12
1.565 0.409559 6.6211e-15 0.243597 1.02307e-14 5.42079e-12 -4.18048e-12
1.57 0.410642 7.17844e-15 0.242514 9.69905e-15 5.44426e-12 -4.19665e-12
1.575 0.411736 7.71725e-15 0.241419 9.15891e-15 5.46745e-12 -4.21238e-12
1.58 0.412842 8.26499e-15 0.240313 8.61821e-15 5.49037e-12 -4.22766e-12
1.585 0.41396 8.70382e-15 0.239195 8.08708e-15 5.51299e-12 -4.2425e-12
1.59 0.415089 9.20963e-15 0.238066 7.5624e-15 5.53534e-12 -4.25689e-12
1.595 0.41623 9.77095e-15 0.236924 7.02438e-15 5.55739e-12 -4.27083e-12
1.6 0.417383 1.03884e-14 0.235771 6.48442e-15 5.57914e-12 -4.28433e-12
1.605 0.418547 1.09444e-14 0.234607 5.93824e-15 5.60061e-12 -4.29737e-12
1.61 0.419724 1.14401e-14 0.23343 5.38613e-15 5.62178e-12 -4.30996e-12
1.615 0.420913 1.20359e-14 0.232241 4.84518e-15 5.64265e-12 -4.32209e-12
1.62 0.422113 1.2541e-14 0.23104 4.29919e-15 5.66322e-12 -4.33378e-12
1.625 0.423326 1.30945e-14 0.229827 3.75394e-15 5.68348e-12 -4.345e-12
1.63 0.424551 1.36017e-14 0.228602 3.22463e-15 5.70345e-12 -4.35577e-12
1.635 0.425788 1.40363e-14 0.227365 2.70814e-15 5.72311e-12 -4.3661e-12
1.64 0.427037 1.45878e-14 0.226116 2.19267e-15 5.74247e-12 -4.37597e-12
1.645 0.428298 1.49765e-14 0.224855 1.67488e-15 5.76152e-12 -4.38539e-12
1.65 0.429571 1.54711e-14 0.223582 1.16118e-15 5.78026e-12 -4.39435e-12
1.655 0.430857 1.59893e-14 0.222297 6.41258e-16 5.7987e-12 -4.40285e-12
1.66 0.432154 1.65735e-14 0.220999 1.1221e-16 5.81683e-12 -4.4109e-12
1.665 0.433463 1.70287e-14 0.21969 -4.11577e-16 5.83466e-12 -4.41849e-12
1.67 0.434785 1.75436e-14 0.218369 -9.28777e-16 5.85217e-12 -4.42561e-12
1.675 0.436118 1.80374e-14 0.217035 -1.43705e-15 5.86937e-12 -4.43229e-12
1.68 0.437464 1.85833e-14 0.21569 -1.94709e-15 5.88625e-12 -4.4385e-12
1.685 0.438821 1.90861e-14 0.214333 -2.45693e-15 5.90282e-12 -4.44425e-12
1.69 0.44019 1.9603e-14 0.212965 -2.95609e-15 5.91909e-12 -4.44954e-12
1.695 0.441571 2.00786e-14 0.211584 -3.44307e-15 5.93503e-12 -4.45437e-12
1.7 0.442963 2.06269e-14 0.210192 -3.92714e-15 5.95065e-12 -4.45875e-12
1.705 0.444367 2.11609e-14 0.208789 -4.39844e-15 5.96596e-12 -4.46266e-12
1.71 0.445782 2.15867e-14 0.207374 -4.86152e-15 5.98095e-12 -4.46612e-12
1.715 0.447208 2.2127e-14 0.205948 -5.30706e-15 5.99562e-12 -4.46913e-12
1.72 0.448646 2.25459e-14 0.204511 -5.74971e-15 6.00997e-12 -4.47168e-12
1.725 0.450095 2.30276e-14 0.203064 -6.18659e-15 6.024e-12 -4.47379e-12
1.73 0.451554 2.3456e-14 0.201605 -6.61685e-15 6.0377e-12 -4.47544e-12
1.735 0.453024 2.38667e-14 0.200136 -7.04338e-15 6.05108e-12 -4.47665e-12
1.74 0.454504 2.43633e-14 0.198656 -7.46821e-15 6.06414e-12 -4.47741e-12
1.745 0.455995 2.48071e-14 0.197166 -7.88609e-15 6.07687e-12 -4.47772e-12
1.75 0.457496 2.52431e-14 0.195666 -8.30633e-15 6.08927e-12 -4.47758e-12
1.755 0.459007 2.5625e-14 0.194156 -8.72056e-15 6.10134e-12 -4.477e-12
1.76 0.460528 2.59807e-14 0.192636 -9.1223e-15 6.11308e-12 -4.47597e-12
1.765 0.462058 2.64059e-14 0.191107 -9.51096e-15 6.12449e-12 -4.47451e-12
1.77 0.463597 2.68272e-14 0.189569 -9.89599e-15 6.13557e-12 -4.47261e-12
1.775 0.465145 2.72249e-14 0.188022 -1.02746e-14 6.14633e-12 -4.47027e-12
1.78 0.466702 2.76027e-14 0.186466 -1.06456e-14 6.15674e-12 -4.46752e-12
1.785 0.468268 2.7924e-14 0.184902 -1.10145e-14 6.16683e-12 -4.46433e-12
1.79 0.469841 2.83292e-14 0.183329 -1.13697e-14 6.17658e-12 -4.46073e-12
1.795 0.471423 2.86711e-14 0.181749 -1.17235e-14 6.18599e-12 -4.4567e-12
1.8 0.473012 2.8976e-14 0.180161 -1.20704e-14 6.19507e-12 -4.45226e-12
1.805 0.474608 2.9276e-14 0.178566 -1.24083e-14 6.20382e-12 -4.4474e-12
1.81 0.476212 2.95705e-14 0.176964 -1.27471e-14 6.21223e-12 -4.44214e-12
1.815 0.477822 2.98986e-14 0.175356 -1.30842e-14 6.2203e-12 -4.43648e-12
1.82 0.479438 3.02441e-14 0.173741 -1.34163e-14 6.22804e-12 -4.43043e-12
1.825 0.481061 3.05331e-14 0.17212 -1.37404e-14 6.23544e-12 -4.42399e-12
1.83 0.482689 3.08174e-14 0.170494 -1.40538e-14 6.2425e-12 -4.41715e-12
1.835 0.484322 3.11313e-14 0.168862 -1.43593e-14 6.24922e-12 -4.40993e-12
1.84 0.48596 3.13907e-14 0.167226 -1.4659e-14 6.25559e-12 -4.40233e-12
1.845 0.487603 3.16776e-14 0.165585 -1.49577e-14 6.26163e-12 -4.39436e-12
1.85 0.489249 3.19292e-14 0.16394 -1.52505e-14 6.26732e-12 -4.38603e-12
1.855 0.4909 3.22351e-14 0.162292 -1.55398e-14 6.27266e-12 -4.37734e-12
1.86 0.492554 3.25e-14 0.16064 -1.58083e-14 6.27766e-12 -4.3683e-12
1.865 0.494211 3.27668e-14 0.158985 -1.60663e-14 6.28232e-12 -4.35892e-12
1.87 0.49587 3.29786e-14 0.157328 -1.63087e-14 6.28662e-12 -4.34921e-12
1.875 0.497532 3.3243e-14 0.155668 -1.65375e-14 6.29059e-12 -4.33918e-12
1.88 0.499195 3.34334e-14 0.154007 -1.67516e-14 6.2942e-12 -4.32883e-12
1.885 0.500859 3.36435e-14 0.152345 -1.69585e-14 6.29746e-12 -4.31816e-12
1.89 0.502525 3.38931e-14 0.150682 -1.71668e-14 6.30038e-12 -4.30719e-12
1.895 0.504191 3.41266e-14 0.149018 -1.7377e-14 6.30295e-12 -4.29592e-12
1.9 0.505857 3.42914e-14 0.147355 -1.75807e-14 6.30516e-12 -4.28435e-12
1.905 0.507523 3.44618e-14 0.145691 -1.77834e-14 6.30703e-12 -4.2725e-12
1.91 0.509187 3.46956e-14 0.144029 -1.79864e-14 6.30855e-12 -4.26037e-12
1.915 0.510851 3.4915e-14 0.142368 -1.8183e-14 6.30971e-12 -4.24798e-12
1.92 0.512513 3.51344e-14 0.140708 -1.83763e-14 6.31052e-12 -4.23532e-12
1.925 0.514173 3.53476e-14 0.139051 -1.85582e-14 6.31098e-12 -4.22241e-12
1.93 0.51583 3.5522e-14 0.137396 -1.87417e-14 6.31109e-12 -4.20925e-12
1.935 0.517485 3.5701e-14 0.135744 -1.89181e-14 6.31084e-12 -4.19585e-12
1.94 0.519136 3.5905e-14 0.134096 -1.90845e-14 6.31024e-12 -4.18221e-12
1.945 0.520784 3.61073e-14 0.132451 -1.92464e-14 6.30928e-12 -4.16835e-12
1.95 0.522427 3.62309e-14 0.13081 -1.93927e-14 6.30796e-12 -4.15426e-12
1.955 0.524066 3.63676e-14 0.129174 -1.95426e-14 6.30629e-12 -4.13996e-12
1.96 0.5257 3.64892e-14 0.127543 -1.96746e-14 6.30426e-12 -4.12545e-12
1.965 0.527329 3.66159e-14 0.125918 -1.97976e-14 6.30188e-12 -4.11073e-12
1.97 0.528951 3.67465e-14 0.124298 -1.99098e-14 6.29912e-12 -4.0958e-12
1.975 0.530603 3.67123e-14 0.122649 -1.98826e-14 6.28753e-12 -4.07915e-12
1.98 0.532239 3.66927e-14 0.121016 -1.986e-14 6.27582e-12 -4.06246e-12
1.985 0.53386 3.66551e-14 0.119398 -1.98345e-14 6.26402e-12 -4.04574e-12
1.99 0.535465 3.66269e-14 0.117795 -1.981e-14 6.25212e-12 -4.02898e-12
1.995 0.537055 3.6596e-14 0.116209 -1.977e-14 6.24013e-12 -4.0122e-12
2 0.538628 3.66033e-14 0.114639 -1.97239e-14 6.22805e-12 -3.9954e-12
2.005 0.540185 3.65729e-14 0.113085 -1.96699e-14 6.21588e-12 -3.97857e-12
2.01 0.541725 3.6484e-14 0.111548 -1.96121e-14 6.20363e-12 -3.96172e-12
2.015 0.543248 3.64401e-14 0.110027 -1.95567e-14 6.1913e-12 -3.94485e-12
2.02 0.544755 3.63644e-14 0.108524 -1.95057e-14 6.1789e-12 -3.92797e-12
2.025 0.546244 3.63044e-14 0.107037 -1.94526e-14 6.16643e-12 -3.91107e-12
2.03 0.547716 3.62422e-14 0.105568 -1.9397e-14 6.15388e-12 -3.89416e-12
2.035 0.54917 3.61799e-14 0.104117 -1.93422e-14 6.14128e-12 -3.87724e-12
2.04 0.550606 3.61145e-14 0.102684 -1.92889e-14 6.12861e-12 -3.86032e-12
2.045 0.552025 3.60251e-14 0.101268 -1.92138e-14 6.11588e-12 -3.84339e-12
2.05 0.553425 3.596e-14 0.09987 -1.9146e-14 6.1031e-12 -3.82646e-12
2.055 0.554808 3.58764e-14 0.0984903 -1.90953e-14 6.09027e-12 -3.80953e-12
2.06 0.556172 3.58667e-14 0.0971288 -1.90549e-14 6.07738e-12 -3.7926e-12
2.065 0.557518 3.58645e-14 0.0957857 -1.9017e-14 6.06445e-12 -3.77567e-12
2.07 0.558845 3.58483e-14 0.094461 -1.89845e-14 6.05147e-12 -3.75875e-12
2.075 0.560154 3.57929e-14 0.0931549 -1.89599e-14 6.03845e-12 -3.74184e-12
2.08 0.561444 3.57646e-14 0.0918673 -1.89335e-14 6.02539e-12 -3.72495e-12
2.085 0.562715 3.57451e-14 0.0905984 -1.89099e-14 6.01229e-12 -3.70806e-12
2.09 0.563968 3.57322e-14 0.0893483 -1.88995e-14 5.99916e-12 -3.69119e-12
2.095 0.565202 3.56957e-14 0.0881169 -1.88854e-14 5.98599e-12 -3.67434e-12
2.1 0.566417 3.56906e-14 0.0869045 -1.88649e-14 5.9728e-12 -3.65751e-12
2.105 0.567613 3.56633e-14 0.085711 -1.88459e-14 5.95958e-12 -3.64071e-12
2.11 0.56879 3.56549e-14 0.0845365 -1.88207e-14 5.94633e-12 -3.62393e-12
2.115 0.569947 3.5595e-14 0.0833813 -1.87814e-14 5.93306e-12 -3.60718e-12
2.12 0.571085 3.55558e-14 0.0822453 -1.87371e-14 5.91977e-12 -3.59047e-12
2.125 0.572204 3.5503e-14 0.081129 -1.86979e-14 5.90646e-12 -3.57379e-12
2.13 0.573302 3.54599e-14 0.0800329 -1.86597e-14 5.89314e-12 -3.55717e-12
2.135 0.574379 3.54367e-14 0.078958 -1.86229e-14 5.87981e-12 -3.54059e-12
2.14 0.575437 3.53884e-14 0.0779022 -1.85883e-14 5.86647e-12 -3.52406e-12
2.145 0.576475 3.532e-14 0.0768665 -1.85407e-14 5.85312e-12 -3.50758e-12
2.15 0.577489 3.52698e-14 0.0758552 -1.84865e-14 5.83977e-12 -3.49121e-12
2.155 0.57842 3.52934e-14 0.0749253 -1.84802e-14 5.8266e-12 -3.47539e-12
2.16 0.57923 3.53429e-14 0.0741174 -1.8521e-14 5.81283e-12 -3.46106e-12
2.165 0.580024 3.53954e-14 0.0733246 -1.85662e-14 5.7991e-12 -3.44671e-12
2.17 0.580803 3.54464e-14 0.0725468 -1.8619e-14 5.78541e-12 -3.43235e-12
2.175 0.581567 3.55111e-14 0.0717836 -1.86855e-14 5.77177e-12 -3.41797e-12
2.18 0.582317 3.55936e-14 0.0710347 -1.8761e-14 5.75818e-12 -3.40357e-12
2.185 0.583054 3.56876e-14 0.0702997 -1.88449e-14 5.74462e-12 -3.38915e-12
2.19 0.583776 3.57719e-14 0.0695784 -1.89378e-14 5.73111e-12 -3.37473e-12
2.195 0.584485 3.58882e-14 0.0688704 -1.904e-14 5.71765e-12 -3.36029e-12
2.2 0.585181 3.59814e-14 0.0681756 -1.9129e-14 5.70423e-12 -3.34583e-12
2.205 0.585864 3.60786e-14 0.0674935 -1.9225e-14 5.69085e-12 -3.33136e-12
2.21 0.586535 3.61956e-14 0.0668238 -1.93295e-14 5.67751e-12 -3.31689e-12
2.215 0.587193 3.63317e-14 0.0661664 -1.94348e-14 5.66421e-12 -3.30241e-12
2.22 0.58784 3.64428e-14 0.0655209 -1.95449e-14 5.65095e-12 -3.28791e-12
2.225 0.588474 3.6569e-14 0.064887 -1.96628e-14 5.63773e-12 -3.27341e-12
2.23 0.589098 3.66883e-14 0.0642645 -1.97858e-14 5.62456e-12 -3.2589e-12
2.235 0.58971 3.68037e-14 0.0636532 -1.99135e-14 5.61142e-12 -3.24438e-12
2.24 0.590311 3.69466e-14 0.0630526 -2.00443e-14 5.59832e-12 -3.22986e-12
2.245 0.590902 3.70837e-14 0.0624627 -2.01814e-14 5.58525e-12 -3.21533e-12
2.25 0.591482 3.72117e-14 0.0618831 -2.03191e-14 5.57223e-12 -3.20079e-12
2.255 0.592053 3.73678e-14 0.0613136 -2.04583e-14 5.55924e-12 -3.18625e-12
2.26 0.592613 3.74938e-14 0.0607539 -2.05987e-14 5.54629e-12 -3.17171e-12
2.265 0.593164 3.75927e-14 0.0602039 -2.07106e-14 5.53337e-12 -3.15716e-12
2.27 0.593705 3.76782e-14 0.0596632 -2.07987e-14 5.52049e-12 -3.14261e-12
2.275 0.594237 3.77804e-14 0.0591317 -2.08951e-14 5.50764e-12 -3.12805e-12
2.28 0.59476 3.78543e-14 0.0586092 -2.09625e-14 5.49483e-12 -3.1135e-12
2.285 0.595275 3.78987e-14 0.0580954 -2.10208e-14 5.48205e-12 -3.09894e-12
2.29 0.595781 3.79322e-14 0.0575901 -2.10575e-14 5.4693e-12 -3.08438e-12
2.295 0.596278 3.79489e-14 0.057093 -2.10702e-14 5.45658e-12 -3.06981e-12
2.3 0.596767 3.7977e-14 0.0566041 -2.10915e-14 5.44389e-12 -3.05525e-12
2.305 0.597249 3.79847e-14 0.0561231 -2.11063e-14 5.43124e-12 -3.04068e-12
2.31 0.597723 3.80128e-14 0.0556499 -2.11347e-14 5.41862e-12 -3.02611e-12
2.315 0.598189 3.8024e-14 0.0551841 -2.11552e-14 5.40602e-12 -3.01155e-12
2.32 0.598648 3.80214e-14 0.0547257 -2.11621e-14 5.39346e-12 -2.99698e-12
2.325 0.599099 3.80267e-14 0.0542744 -2.11805e-14 5.38092e-12 -2.98241e-12
2.33 0.599544 3.80356e-14 0.0538302 -2.11851e-14 5.36841e-12 -2.96785e-12
2.335 0.599982 3.80464e-14 0.0533927 -2.11889e-14 5.35593e-12 -2.95328e-12
2.34 0.600413 3.80415e-14 0.0529619 -2.1187e-14 5.34348e-12 -2.93872e-12
2.345 0.600838 3.8017e-14 0.0525376 -2.11835e-14 5.33105e-12 -2.92416e-12
2.35 0.601256 3.80123e-14 0.0521197 -2.11786e-14 5.31865e-12 -2.9096e-12
2.355 0.601668 3.80034e-14 0.0517079 -2.11774e-14 5.30627e-12 -2.89504e-12
2.36 0.602074 3.80007e-14 0.0513021 -2.11793e-14 5.29392e-12 -2.88048e-12
2.365 0.602474 3.80108e-14 0.0509022 -2.11965e-14 5.2816e-12 -2.86593e-12
2.37 0.602869 3.80502e-14 0.0505081 -2.12155e-14 5.26929e-12 -2.85137e-12
2.375 0.603258 3.8083e-14 0.0501196 -2.12412e-14 5.25701e-12 -2.83682e-12
2.38 0.603641 3.8115e-14 0.0497365 -2.12641e-14 5.24476e-12 -2.82228e-12
2.385 0.604019 3.8117e-14 0.0493588 -2.1273e-14 5.23252e-12 -2.80774e-12
2.39 0.604392 3.81366e-14 0.0489862 -2.12878e-14 5.22031e-12 -2.7932e-12
2.395 0.604759 3.81622e-14 0.0486188 -2.13185e-14 5.20812e-12 -2.77866e-12
2.4 0.605122 3.81938e-14 0.0482564 -2.13433e-14 5.19596e-12 -2.76412e-12
2.405 0.60548 3.82261e-14 0.0478987 -2.13649e-14 5.18381e-12 -2.74959e-12
2.41 0.605833 3.82547e-14 0.0475459 -2.13908e-14 5.17168e-12 -2.73507e-12
2.415 0.606181 3.82719e-14 0.0471976 -2.14141e-14 5.15958e-12 -2.72054e-12
2.42 0.606525 3.8294e-14 0.0468538 -2.14373e-14 5.14749e-12 -2.70602e-12
2.425 0.606864 3.83339e-14 0.0465145 -2.14674e-14 5.13542e-12 -2.69151e-12
2.43 0.6072 3.83953e-14 0.0461795 -2.15302e-14 5.12338e-12 -2.67699e-12
2.435 0.607531 3.84746e-14 0.0458487 -2.16071e-14 5.11135e-12 -2.66249e-12
2.44 0.607857 3.85682e-14 0.045522 -2.16946e-14 5.09934e-12 -2.64798e-12
2.445 0.60818 3.86729e-14 0.0451993 -2.17905e-14 5.08735e-12 -2.63349e-12
2.45 0.608499 3.87937e-14 0.0448805 -2.19071e-14 5.07538e-12 -2.619e-12
2.455 0.608814 3.89029e-14 0.0445656 -2.20066e-14 5.06343e-12 -2.60451e-12
2.46 0.609125 3.90169e-14 0.0442544 -2.21326e-14 5.0515e-12 -2.59003e-12
2.465 0.609433 3.91046e-14 0.0439469 -2.22259e-14 5.03958e-12 -2.57556e-12
2.47 0.609737 3.91911e-14 0.043643 -2.23117e-14 5.02768e-12 -2.56109e-12
2.475 0.610037 3.92204e-14 0.0433425 -2.23416e-14 5.0158e-12 -2.54662e-12
2.48 0.610334 3.92736e-14 0.0430456 -2.23977e-14 5.00394e-12 -2.53217e-12
2.485 0.610628 3.93597e-14 0.0427519 -2.24803e-14 4.99209e-12 -2.51772e-12
2.49 0.610918 3.94472e-14 0.0424616 -2.25714e-14 4.98026e-12 -2.50328e-12
2.495 0.611205 3.95376e-14 0.0421744 -2.26612e-14 4.96844e-12 -2.48885e-12
2.5 0.611489 3.96233e-14 0.0418904 -2.27466e-14 4.95665e-12 -2.47442e-12
