0 0 0 1 0 0 0
0.005 3.97032e-05 -4.26961e-16 0.999948 -1.44302e-16 1.47823e-15 -3.22923e-15
0.01 0.000158805 -1.84122e-16 0.999829 -4.52097e-16 2.74566e-15 -6.52587e-15
0.015 0.00035729 -3.05662e-16 0.99963 -4.43743e-16 3.99958e-15 -9.87506e-15
0.02 0.000635118 -1.75423e-16 0.999352 -4.61621e-16 5.24367e-15 -1.33003e-14
0.025 0.000992225 -2.92488e-16 0.998994 -4.64847e-16 6.47097e-15 -1.69401e-14
0.03 0.00142852 -2.19091e-16 0.998557 -4.64341e-16 7.68081e-15 -2.07773e-14
0.035 0.00194391 -9.11488e-17 0.998041 -4.67074e-16 8.88391e-15 -2.4783e-14
0.04 0.00253824 -6.32906e-17 0.997446 -4.69347e-16 1.00719e-14 -2.87107e-14
0.045 0.00321138 9.79068e-17 0.996772 -4.73005e-16 1.12552e-14 -3.26662e-14
0.05 0.00396313 1.06269e-16 0.996019 -4.70161e-16 1.24318e-14 -3.67281e-14
0.055 0.0047933 9.62567e-17 0.995188 -4.60398e-16 1.35999e-14 -4.07578e-14
0.06 0.00570167 4.63676e-17 0.994279 -4.56031e-16 1.47563e-14 -4.48984e-14
0.065 0.00668799 -1.85495e-16 0.993292 -4.42456e-16 1.59009e-14 -4.91602e-14
0.07 0.00775201 -3.08982e-16 0.992228 -4.30593e-16 1.7029e-14 -5.34356e-14
0.075 0.00889341 -3.19451e-16 0.991086 -4.18486e-16 1.81405e-14 -5.77195e-14
0.08 0.0101119 -3.29811e-16 0.989867 -4.07268e-16 1.92359e-14 -6.20532e-14
0.085 0.0114071 -6.22779e-16 0.988571 -3.83685e-16 2.03154e-14 -6.63995e-14
0.09 0.0127785 -8.84825e-16 0.987199 -3.65765e-16 2.13776e-14 -7.0773e-14
0.095 0.0142255 -6.62527e-16 0.985751 -3.53299e-16 2.24254e-14 -7.51912e-14
0.1 0.015748 -7.93788e-16 0.984228 -3.34678e-16 2.3459e-14 -7.96594e-14
0.105 0.0173457 -8.68473e-16 0.98263 -3.17638e-16 2.44757e-14 -8.41628e-14
0.11 0.0190176 -8.47613e-16 0.980957 -3.01088e-16 2.54693e-14 -8.86434e-14
0.115 0.0207638 -8.98777e-16 0.97921 -2.89861e-16 2.64358e-14 -9.30992e-14
0.12 0.0225835 -1.15837e-15 0.977389 -2.76912e-16 2.73781e-14 -9.76236e-14
0.125 0.0244762 -9.1396e-16 0.975496 -2.64605e-16 2.82835e-14 -1.02017e-13
0.13 0.0264414 -8.85201e-16 0.97353 -2.42722e-16 2.917e-14 -1.06405e-13
0.135 0.0284786 -7.14486e-16 0.971491 -2.21255e-16 3.00265e-14 -1.10663e-13
0.14 0.0305872 -6.80321e-16 0.969382 -1.9735e-16 3.08693e-14 -1.14963e-13
0.145 0.0327665 -6.13892e-16 0.967202 -1.7454e-16 3.16971e-14 -1.19215e-13
0.15 0.0350159 -5.10398e-16 0.964951 -1.46649e-16 3.25073e-14 -1.23522e-13
0.155 0.037335 -1.98118e-16 0.962631 -1.1508e-16 3.32945e-14 -1.27815e-13
0.16 0.0397229 -4.17704e-16 0.960242 -7.81595e-17 3.40645e-14 -1.321e-13
0.165 0.0421792 -5.1241e-16 0.957785 -5.70788e-17 3.48139e-14 -1.36344e-13
0.17 0.0447029 -5.21703e-16 0.95526 -2.29794e-17 3.55529e-14 -1.4058e-13
0.175 0.0472935 -6.89153e-16 0.952668 1.4436e-17 3.62788e-14 -1.44734e-13
0.18 0.0499501 -8.17145e-16 0.950011 4.61174e-17 3.69858e-14 -1.48925e-13
0.185 0.0526721 -1.12839e-15 0.947287 8.20655e-17 3.76704e-14 -1.53241e-13
0.19 0.0554586 -1.00867e-15 0.9445 1.12633e-16 3.83382e-14 -1.57579e-13
0.195 0.058309 -8.55246e-16 0.941648 1.37467e-16 3.89811e-14 -1.61904e-13
0.2 0.0612225 -8.62196e-16 0.938734 1.63936e-16 3.96049e-14 -1.66232e-13
0.205 0.0641982 -8.36989e-16 0.935757 1.80772e-16 4.02054e-14 -1.70527e-13
0.21 0.0672353 -8.6428e-16 0.932719 2.31155e-16 4.07854e-14 -1.74871e-13
0.215 0.0703329 -1.1275e-15 0.92962 2.73763e-16 4.13422e-14 -1.79172e-13
0.22 0.0734903 -1.01984e-15 0.926461 3.1027e-16 4.18802e-14 -1.83433e-13
0.225 0.0767066 -1.13771e-15 0.923244 3.43861e-16 4.23945e-14 -1.87689e-13
0.23 0.0799807 -1.41678e-15 0.919969 3.70672e-16 4.28892e-14 -1.91922e-13
0.235 0.0833119 -1.60775e-15 0.916637 4.1121e-16 4.33607e-14 -1.96116e-13
0.24 0.0866992 -1.62448e-15 0.913248 4.72569e-16 4.38171e-14 -2.00301e-13
0.245 0.0901417 -1.69594e-15 0.909805 5.6869e-16 4.4255e-14 -2.04455e-13
0.25 0.0936386 -1.72681e-15 0.906307 6.03941e-16 4.46785e-14 -2.08581e-13
0.255 0.0971887 -1.54631e-15 0.902755 7.03077e-16 4.50831e-14 -2.12641e-13
0.26 0.100791 -1.61209e-15 0.899152 8.07386e-16 4.54598e-14 -2.16699e-13
0.265 0.104445 -1.69797e-15 0.895497 9.88562e-16 4.58099e-14 -2.2071e-13
0.27 0.10815 -1.80841e-15 0.891792 1.16942e-15 4.61313e-14 -2.24741e-13
0.275 0.111903 -1.92491e-15 0.888037 1.35968e-15 4.6421e-14 -2.28681e-13
0.28 0.115705 -1.96952e-15 0.884234 1.5632e-15 4.66841e-14 -2.3262e-13
0.285 0.119555 -2.29424e-15 0.880383 1.78418e-15 4.69147e-14 -2.36532e-13
0.29 0.123451 -2.5269e-15 0.876487 2.03704e-15 4.71115e-14 -2.40396e-13
0.295 0.127392 -2.81429e-15 0.872545 2.30953e-15 4.72841e-14 -2.44191e-13
0.3 0.131377 -3.06274e-15 0.868558 2.61803e-15 4.74294e-14 -2.47918e-13
0.305 0.135406 -3.23619e-15 0.864529 2.87673e-15 4.75489e-14 -2.51588e-13
0.31 0.139477 -3.22838e-15 0.860457 3.12565e-15 4.76437e-14 -2.55192e-13
0.315 0.143589 -3.69276e-15 0.856345 3.37345e-15 4.77173e-14 -2.58789e-13
0.32 0.14774 -4.14557e-15 0.852192 3.56262e-15 4.77693e-14 -2.6233e-13
0.325 0.151931 -4.24949e-15 0.848001 3.74702e-15 4.78008e-14 -2.65859e-13
0.33 0.15616 -4.6908e-15 0.843771 3.94214e-15 4.78106e-14 -2.6929e-13
0.335 0.160425 -4.84866e-15 0.839505 4.08664e-15 4.77989e-14 -2.72676e-13
0.34 0.164726 -4.90488e-15 0.835204 4.21805e-15 4.77646e-14 -2.75941e-13
0.345 0.169061 -4.95814e-15 0.830868 4.33808e-15 4.77081e-14 -2.79095e-13
0.35 0.17343 -5.19648e-15 0.826499 4.42164e-15 4.76167e-14 -2.82177e-13
0.355 0.177831 -5.63918e-15 0.822097 4.49795e-15 4.7496e-14 -2.85182e-13
0.36 0.182263 -5.88661e-15 0.817665 4.56427e-15 4.73453e-14 -2.88047e-13
0.365 0.186725 -5.73676e-15 0.813202 4.61603e-15 4.71717e-14 -2.9087e-13
0.37 0.191216 -5.87225e-15 0.808711 4.6821e-15 4.69754e-14 -2.93609e-13
0.375 0.195734 -6.09418e-15 0.804192 4.71433e-15 4.67592e-14 -2.96309e-13
0.38 0.200279 -6.14585e-15 0.799646 4.69273e-15 4.65226e-14 -2.98958e-13
0.385 0.20485 -6.16082e-15 0.795075 4.66314e-15 4.62677e-14 -3.0156e-13
0.39 0.209445 -6.1187e-15 0.79048 4.74451e-15 4.60013e-14 -3.0413e-13
0.395 0.214063 -5.88138e-15 0.785862 4.90151e-15 4.57207e-14 -3.06602e-13
0.4 0.218703 -5.87313e-15 0.781221 5.02396e-15 4.54243e-14 -3.08987e-13
0.405 0.223364 -5.58862e-15 0.77656 5.17398e-15 4.51137e-14 -3.11341e-13
0.41 0.228045 -5.78925e-15 0.771879 5.33332e-15 4.47875e-14 -3.13632e-13
0.415 0.232744 -5.79077e-15 0.76718 5.50119e-15 4.44456e-14 -3.15889e-13
0.42 0.237461 -6.04472e-15 0.762463 5.69405e-15 4.40901e-14 -3.18076e-13
0.425 0.242194 -6.21954e-15 0.75773 5.87947e-15 4.37212e-14 -3.20244e-13
0.43 0.246942 -6.50143e-15 0.752982 6.09935e-15 4.3338e-14 -3.22316e-13
0.435 0.251704 -7.00623e-15 0.74822 6.4132e-15 4.29436e-14 -3.24371e-13
0.44 0.25648 -7.22714e-15 0.743445 6.57874e-15 4.25369e-14 -3.26376e-13
0.445 0.261266 -7.16258e-15 0.738658 6.70704e-15 4.21194e-14 -3.28353e-13
0.45 0.266064 -7.29384e-15 0.733861 6.86826e-15 4.16905e-14 -3.30251e-13
0.455 0.270871 -7.38991e-15 0.729054 7.09669e-15 4.12499e-14 -3.32111e-13
0.46 0.275686 -7.50868e-15 0.724239 7.3808e-15 4.07967e-14 -3.33938e-13
0.465 0.280509 -7.7333e-15 0.719416 7.51929e-15 4.03293e-14 -3.35726e-13
0.47 0.285337 -7.49082e-15 0.714588 7.50129e-15 3.98505e-14 -3.37465e-13
0.475 0.290171 -7.47247e-15 0.709755 7.5272e-15 3.93631e-14 -3.39175e-13
0.48 0.295009 -7.21834e-15 0.704917 7.40833e-15 3.88689e-14 -3.40846e-13
0.485 0.299849 -6.77426e-15 0.700077 7.27973e-15 3.83685e-14 -3.42452e-13
0.49 0.304692 -6.5265e-15 0.695235 7.18146e-15 3.78632e-14 -3.43985e-13
0.495 0.309535 -6.43206e-15 0.690393 7.15878e-15 3.73534e-14 -3.45491e-13
0.5 0.314377 -6.09439e-15 0.685551 7.13291e-15 3.68379e-14 -3.46971e-13
0.505 0.319218 -6.26303e-15 0.68071 7.14106e-15 3.6318e-14 -3.4842e-13
0.51 0.324057 -6.08881e-15 0.675872 7.13289e-15 3.57935e-14 -3.49809e-13
0.515 0.328892 -6.13041e-15 0.671037 7.06558e-15 3.52635e-14 -3.51187e-13
0.52 0.333723 -5.73299e-15 0.666208 6.81672e-15 3.47293e-14 -3.52531e-13
0.525 0.338548 -5.01598e-15 0.661383 6.49098e-15 3.41886e-14 -3.53832e-13
0.53 0.343366 -4.5967e-15 0.656566 6.14072e-15 3.36445e-14 -3.55069e-13
0.535 0.348177 -4.4259e-15 0.651756 5.85409e-15 3.31019e-14 -3.56302e-13
0.54 0.352979 -3.92549e-15 0.646955 5.47516e-15 3.25584e-14 -3.57525e-13
0.545 0.357771 -3.32951e-15 0.642163 5.14224e-15 3.2016e-14 -3.58711e-13
0.55 0.362553 -3.38257e-15 0.637382 4.88023e-15 3.14717e-14 -3.59872e-13
0.555 0.367323 -2.80095e-15 0.632613 4.68362e-15 3.09277e-14 -3.61009e-13
0.56 0.37208 -2.74766e-15 0.627857 4.55976e-15 3.0382e-14 -3.62088e-13
0.565 0.376825 -2.54873e-15 0.623113 4.37101e-15 2.98345e-14 -3.63157e-13
0.57 0.381554 -2.33043e-15 0.618385 4.19792e-15 2.92876e-14 -3.64223e-13
0.575 0.386269 -2.12798e-15 0.613671 4.16403e-15 2.87394e-14 -3.65235e-13
0.58 0.390967 -2.31156e-15 0.608974 4.19826e-15 2.81907e-14 -3.66161e-13
0.585 0.395648 -2.56366e-15 0.604294 4.23261e-15 2.76467e-14 -3.67046e-13
0.59 0.400311 -2.56124e-15 0.599633 4.30432e-15 2.71045e-14 -3.67888e-13
0.595 0.404955 -2.45024e-15 0.59499 4.35668e-15 2.65573e-14 -3.68683e-13
0.6 0.409579 -2.32761e-15 0.590366 4.36671e-15 2.60152e-14 -3.69457e-13
0.605 0.414183 -2.29012e-15 0.585764 4.42896e-15 2.54728e-14 -3.70173e-13
0.61 0.418766 -2.20125e-15 0.581183 4.50854e-15 2.49317e-14 -3.7085e-13
0.615 0.423326 -2.30609e-15 0.576624 4.63095e-15 2.43931e-14 -3.71489e-13
0.62 0.427863 -2.61814e-15 0.572088 4.93747e-15 2.38548e-14 -3.7212e-13
0.625 0.432377 -2.87333e-15 0.567576 5.14734e-15 2.33195e-14 -3.72692e-13
0.63 0.436867 -3.14851e-15 0.563088 5.22419e-15 2.27785e-14 -3.73237e-13
0.635 0.441331 -2.76319e-15 0.558626 5.22758e-15 2.22372e-14 -3.73729e-13
0.64 0.445769 -2.65878e-15 0.55419 5.21713e-15 2.16987e-14 -3.74183e-13
0.645 0.45018 -2.96842e-15 0.54978 5.07811e-15 2.11639e-14 -3.74605e-13
0.65 0.454564 -3.22226e-15 0.545398 5.0532e-15 2.0632e-14 -3.74989e-13
0.655 0.458919 -3.52475e-15 0.541044 5.19334e-15 2.011e-14 -3.75369e-13
0.66 0.463246 -3.91625e-15 0.536719 5.51946e-15 1.95906e-14 -3.75721e-13
0.665 0.467544 -4.31991e-15 0.532424 5.82295e-15 1.90832e-14 -3.76069e-13
0.67 0.471811 -4.68388e-15 0.528158 6.07529e-15 1.85792e-14 -3.76423e-13
0.675 0.476048 -4.40571e-15 0.523924 6.31325e-15 1.80845e-14 -3.76755e-13
0.68 0.480253 -4.29946e-15 0.51972 6.46678e-15 1.75962e-14 -3.77047e-13
0.685 0.484427 -4.40271e-15 0.515549 6.55125e-15 1.71207e-14 -3.77323e-13
0.69 0.488568 -4.53179e-15 0.51141 6.63457e-15 1.66553e-14 -3.77581e-13
0.695 0.492676 -4.57589e-15 0.507303 6.74152e-15 1.62033e-14 -3.77817e-13
0.7 0.49675 -4.31097e-15 0.503231 6.77554e-15 1.57616e-14 -3.78028e-13
0.705 0.500791 -4.29798e-15 0.499192 6.93319e-15 1.53307e-14 -3.78253e-13
0.71 0.504797 -4.423e-15 0.495188 7.01977e-15 1.49086e-14 -3.78464e-13
0.715 0.508768 -4.14645e-15 0.49122 6.95175e-15 1.44996e-14 -3.78653e-13
0.72 0.512704 -4.22055e-15 0.487286 6.88261e-15 1.41021e-14 -3.78821e-13
0.725 0.516603 -4.18349e-15 0.483389 6.89061e-15 1.37227e-14 -3.78958e-13
0.73 0.520467 -3.9213e-15 0.479527 6.91667e-15 1.33529e-14 -3.7907e-13
0.735 0.524293 -3.73165e-15 0.475703 6.91972e-15 1.29973e-14 -3.79168e-13
0.74 0.528083 -3.6439e-15 0.471916 6.93689e-15 1.26549e-14 -3.79254e-13
0.745 0.531835 -3.62389e-15 0.468166 6.90635e-15 1.23308e-14 -3.79315e-13
0.75 0.535549 -3.67968e-15 0.464454 6.85288e-15 1.20229e-14 -3.79371e-13
0.755 0.539226 -3.44325e-15 0.46078 6.78683e-15 1.17318e-14 -3.79412e-13
0.76 0.542863 -3.25887e-15 0.457145 6.71529e-15 1.1452e-14 -3.79416e-13
0.765 0.546462 -3.2515e-15 0.453548 6.6102e-15 1.11913e-14 -3.79392e-13
0.77 0.550022 -3.13529e-15 0.449991 6.48526e-15 1.09471e-14 -3.79357e-13
0.775 0.553542 -3.05057e-15 0.446473 6.28089e-15 1.07175e-14 -3.79292e-13
0.78 0.557023 -2.7103e-15 0.442994 6.00049e-15 1.05034e-14 -3.79214e-13
0.785 0.560464 -2.30074e-15 0.439555 5.69674e-15 1.03095e-14 -3.79125e-13
0.79 0.563865 -2.22813e-15 0.436157 5.36078e-15 1.01353e-14 -3.79008e-13
0.795 0.567226 -1.9499e-15 0.432798 5.01347e-15 9.97928e-15 -3.7888e-13
0.8 0.570547 -1.57754e-15 0.42948 4.72211e-15 9.84362e-15 -3.7876e-13
0.805 0.573827 -1.27965e-15 0.426202 4.4528e-15 9.73206e-15 -3.78639e-13
0.81 0.577066 -7.86503e-16 0.422965 4.17059e-15 9.64183e-15 -3.78536e-13
0.815 0.580265 -4.73969e-16 0.419768 3.86263e-15 9.57244e-15 -3.78419e-13
0.82 0.583423 -3.11264e-16 0.416613 3.56962e-15 9.5272e-15 -3.78296e-13
0.825 0.58654 -1.16799e-16 0.413498 3.27118e-15 9.50658e-15 -3.78172e-13
0.83 0.589616 1.64984e-16 0.410424 2.96983e-15 9.5143e-15 -3.78036e-13
0.835 0.592651 3.41562e-16 0.407391 2.64352e-15 9.5425e-15 -3.7788e-13
0.84 0.595645 9.33342e-16 0.404399 2.27595e-15 9.59299e-15 -3.77721e-13
0.845 0.598599 1.42426e-15 0.401449 1.8932e-15 9.66865e-15 -3.77549e-13
0.85 0.601511 2.09892e-15 0.398539 1.49699e-15 9.7669e-15 -3.7737e-13
0.855 0.604382 2.35846e-15 0.39567 1.08431e-15 9.88979e-15 -3.77195e-13
0.86 0.607212 2.65068e-15 0.392843 6.48703e-16 1.00385e-14 -3.77001e-13
0.865 0.610001 2.92731e-15 0.390056 1.98249e-16 1.02134e-14 -3.76807e-13
0.87 0.612749 3.57027e-15 0.38731 -2.59741e-16 1.04123e-14 -3.76613e-13
0.875 0.615457 4.11108e-15 0.384604 -7.28636e-16 1.06375e-14 -3.76415e-13
0.88 0.618124 4.26109e-15 0.38194 -1.21968e-15 1.08902e-14 -3.76198e-13
0.885 0.620751 4.38544e-15 0.379316 -1.7298e-15 1.11702e-14 -3.75974e-13
0.89 0.623337 4.83917e-15 0.376732 -2.25336e-15 1.14755e-14 -3.75734e-13
0.895 0.625883 5.35929e-15 0.374188 -2.78796e-15 1.1805e-14 -3.75478e-13
0.9 0.628389 6.00324e-15 0.371684 -3.34095e-15 1.21649e-14 -3.75202e-13
0.905 0.630855 6.50255e-15 0.369221 -3.90683e-15 1.2554e-14 -3.74907e-13
0.91 0.633282 7.08293e-15 0.366796 -4.48507e-15 1.29663e-14 -3.74602e-13
0.915 0.635669 7.63952e-15 0.364411 -5.07684e-15 1.34018e-14 -3.74276e-13
0.92 0.638017 8.12906e-15 0.362066 -5.67877e-15 1.38651e-14 -3.73946e-13
0.925 0.640326 8.69838e-15 0.359759 -6.28508e-15 1.43512e-14 -3.73612e-13
0.93 0.642596 9.44474e-15 0.357491 -6.8855e-15 1.48614e-14 -3.73254e-13
0.935 0.644828 9.8117e-15 0.355261 -7.49149e-15 1.5397e-14 -3.72884e-13
0.94 0.647022 1.03613e-14 0.35307 -8.11961e-15 1.59549e-14 -3.72513e-13
0.945 0.649178 1.10503e-14 0.350916 -8.74306e-15 1.65082e-14 -3.72127e-13
0.95 0.651297 1.1552e-14 0.3488 -9.34689e-15 1.70534e-14 -3.71725e-13
0.955 0.653378 1.22863e-14 0.34672 -9.95402e-15 1.75873e-14 -3.71316e-13
0.96 0.655423 1.29336e-14 0.344678 -1.0586e-14 1.81113e-14 -3.70916e-13
0.965 0.657431 1.35645e-14 0.342672 -1.12565e-14 1.8628e-14 -3.7051e-13
0.97 0.659403 1.39181e-14 0.340702 -1.19241e-14 1.91362e-14 -3.70091e-13
0.975 0.66134 1.44189e-14 0.338768 -1.25915e-14 1.96316e-14 -3.69663e-13
0.98 0.66324 1.52748e-14 0.336869 -1.32566e-14 2.01109e-14 -3.69231e-13
0.985 0.665106 1.60076e-14 0.335005 -1.39197e-14 2.06072e-14 -3.68779e-13
0.99 0.666938 1.64002e-14 0.333175 -1.45806e-14 2.11196e-14 -3.68316e-13
0.995 0.668735 1.69235e-14 0.33138 -1.52266e-14 2.16498e-14 -3.6784e-13
1 0.670499 1.7728e-14 0.329618 -1.58861e-14 2.21913e-14 -3.67357e-13
1.005 0.672229 1.83774e-14 0.32789 -1.65272e-14 2.27503e-14 -3.66864e-13
1.01 0.673927 1.88816e-14 0.326194 -1.71484e-14 2.3322e-14 -3.66365e-13
1.015 0.675592 1.98489e-14 0.32453 -1.77761e-14 2.39045e-14 -3.65875e-13
1.02 0.677226 2.03327e-14 0.322898 -1.84203e-14 2.44965e-14 -3.65373e-13
1.025 0.678828 2.11242e-14 0.321298 -1.90656e-14 2.50984e-14 -3.64863e-13
1.03 0.6804 2.1556e-14 0.319728 -1.96696e-14 2.57103e-14 -3.64349e-13
1.035 0.681941 2.23063e-14 0.318189 -2.03079e-14 2.63325e-14 -3.63812e-13
1.04 0.683452 2.28251e-14 0.316679 -2.08856e-14 2.69599e-14 -3.63271e-13
1.045 0.684934 2.3891e-14 0.315199 -2.15198e-14 2.75963e-14 -3.62731e-13
1.05 0.686387 2.44757e-14 0.313747 -2.21496e-14 2.82418e-14 -3.62182e-13
1.055 0.687812 2.51922e-14 0.312324 -2.27542e-14 2.88925e-14 -3.61628e-13
1.06 0.689209 2.57605e-14 0.310928 -2.33363e-14 2.95474e-14 -3.6106e-13
1.065 0.690578 2.63438e-14 0.30956 -2.39023e-14 3.02084e-14 -3.60491e-13
1.07 0.691921 2.67956e-14 0.308218 -2.44541e-14 3.0876e-14 -3.59914e-13
1.075 0.693239 2.73066e-14 0.306903 -2.50089e-14 3.15457e-14 -3.59332e-13
1.08 0.69453 2.78171e-14 0.305613 -2.55657e-14 3.22196e-14 -3.58746e-13
1.085 0.695797 2.83347e-14 0.304347 -2.61347e-14 3.2894e-14 -3.58149e-13
1.09 0.697039 2.89843e-14 0.303107 -2.67015e-14 3.35713e-14 -3.57544e-13
1.095 0.698257 2.95015e-14 0.30189 -2.72718e-14 3.42508e-14 -3.56933e-13
1.1 0.699452 2.99609e-14 0.300696 -2.78417e-14 3.49298e-14 -3.5632e-13
1.105 0.700624 3.05502e-14 0.299525 -2.83927e-14 3.56098e-14 -3.55706e-13
1.11 0.701775 3.11352e-14 0.298375 -2.89457e-14 3.62906e-14 -3.55096e-13
1.115 0.702903 3.16822e-14 0.297248 -2.94783e-14 3.69712e-14 -3.54492e-13
1.12 0.704011 3.22554e-14 0.296141 -2.99818e-14 3.76492e-14 -3.53882e-13
1.125 0.705099 3.29458e-14 0.295055 -3.04862e-14 3.83229e-14 -3.53278e-13
1.13 0.706166 3.3318e-14 0.293988 -3.09712e-14 3.89967e-14 -3.52676e-13
1.135 0.707215 3.38587e-14 0.29294 -3.14292e-14 3.96697e-14 -3.52084e-13
1.14 0.708245 3.44319e-14 0.291911 -3.19038e-14 4.03389e-14 -3.51493e-13
1.145 0.709257 3.50559e-14 0.2909 -3.24013e-14 4.10065e-14 -3.509e-13
1.15 0.710252 3.57415e-14 0.289906 -3.28944e-14 4.16726e-14 -3.5031e-13
1.155 0.71123 3.63908e-14 0.288928 -3.33808e-14 4.23339e-14 -3.49735e-13
1.16 0.712192 3.72092e-14 0.287967 -3.38613e-14 4.29938e-14 -3.49155e-13
1.165 0.713139 3.78745e-14 0.287021 -3.43299e-14 4.36487e-14 -3.48576e-13
1.17 0.71407 3.82807e-14 0.286091 -3.48023e-14 4.43014e-14 -3.48002e-13
1.175 0.714988 3.88965e-14 0.285174 -3.52264e-14 4.49492e-14 -3.47438e-13
1.18 0.715891 3.91724e-14 0.284271 -3.56133e-14 4.55931e-14 -3.46876e-13
1.185 0.716781 3.97929e-14 0.283381 -3.59869e-14 4.62351e-14 -3.46313e-13
1.19 0.717659 4.02378e-14 0.282504 -3.63484e-14 4.68746e-14 -3.45753e-13
1.195 0.718525 4.05742e-14 0.281639 -3.66934e-14 4.75097e-14 -3.45196e-13
1.2 0.71938 4.09325e-14 0.280785 -3.7015e-14 4.81443e-14 -3.44637e-13
1.205 0.720223 4.10851e-14 0.279941 -3.73164e-14 4.8779e-14 -3.44081e-13
1.21 0.721057 4.1487e-14 0.279108 -3.76186e-14 4.9409e-14 -3.43533e-13
1.215 0.721881 4.18098e-14 0.278284 -3.79254e-14 5.00333e-14 -3.42989e-13
1.22 0.722696 4.21035e-14 0.27747 -3.82073e-14 5.06538e-14 -3.42448e-13
1.225 0.723502 4.22969e-14 0.276664 -3.84795e-14 5.1269e-14 -3.4191e-13
1.23 0.724301 4.25371e-14 0.275865 -3.87319e-14 5.1875e-14 -3.41383e-13
1.235 0.725092 4.27505e-14 0.275074 -3.89522e-14 5.2471e-14 -3.40856e-13
1.24 0.725877 4.28561e-14 0.274289 -3.91831e-14 5.30581e-14 -3.40331e-13
1.245 0.726655 4.3039e-14 0.273511 -3.9366e-14 5.36356e-14 -3.39806e-13
1.25 0.727428 4.31652e-14 0.272738 -3.95469e-14 5.42006e-14 -3.39285e-13
1.255 0.728196 4.31904e-14 0.271971 -3.97188e-14 5.47536e-14 -3.38773e-13
1.26 0.728959 4.35817e-14 0.271208 -3.98743e-14 5.52936e-14 -3.38268e-13
1.265 0.729718 4.35879e-14 0.270448 -4.00059e-14 5.58185e-14 -3.37768e-13
1.27 0.730474 4.38572e-14 0.269693 -4.01605e-14 5.63309e-14 -3.37273e-13
1.275 0.731226 4.426e-14 0.26894 -4.02992e-14 5.6828e-14 -3.36778e-13
1.28 0.731977 4.44688e-14 0.268189 -4.0401e-14 5.73133e-14 -3.36281e-13
1.285 0.732725 4.44558e-14 0.267441 -4.04964e-14 5.77843e-14 -3.3578e-13
1.29 0.733472 4.44343e-14 0.266694 -4.05695e-14 5.82373e-14 -3.35287e-13
1.295 0.734218 4.45344e-14 0.265947 -4.06141e-14 5.86724e-14 -3.34801e-13
1.3 0.734963 4.45031e-14 0.265202 -4.06471e-14 5.9091e-14 -3.34323e-13
1.305 0.735709 4.45807e-14 0.264456 -4.06129e-14 5.94919e-14 -3.33844e-13
1.31 0.736455 4.46443e-14 0.263709 -4.06187e-14 5.98738e-14 -3.33357e-13
1.315 0.737202 4.44051e-14 0.262962 -4.06094e-14 6.02358e-14 -3.32873e-13
1.32 0.73795 4.41952e-14 0.262213 -4.05886e-14 6.05787e-14 -3.32394e-13
1.325 0.7387 4.43825e-14 0.261462 -4.05103e-14 6.09184e-14 -3.31907e-13
1.33 0.739453 4.41858e-14 0.260709 -4.03909e-14 6.12554e-14 -3.31402e-13
1.335 0.740208 4.4106e-14 0.259953 -4.02526e-14 6.15873e-14 -3.30885e-13
1.34 0.740967 4.40226e-14 0.259194 -4.01217e-14 6.19139e-14 -3.30355e-13
1.345 0.741728 4.39143e-14 0.258432 -3.99948e-14 6.22349e-14 -3.29813e-13
1.35 0.742494 4.38433e-14 0.257665 -3.99011e-14 6.25533e-14 -3.29265e-13
1.355 0.743265 4.37052e-14 0.256894 -3.97797e-14 6.28689e-14 -3.28697e-13
1.36 0.74404 4.34909e-14 0.256118 -3.96756e-14 6.31813e-14 -3.2812e-13
1.365 0.74482 4.33489e-14 0.255338 -3.95852e-14 6.34891e-14 -3.27529e-13
1.37 0.745605 4.32574e-14 0.254551 -3.94763e-14 6.37963e-14 -3.26937e-13
1.375 0.746397 4.30654e-14 0.253759 -3.93664e-14 6.4099e-14 -3.26338e-13
1.38 0.747194 4.28249e-14 0.252961 -3.92396e-14 6.4397e-14 -3.25728e-13
1.385 0.747998 4.25599e-14 0.252156 -3.91494e-14 6.46923e-14 -3.25107e-13
1.39 0.748809 4.23488e-14 0.251344 -3.90349e-14 6.49891e-14 -3.24473e-13
1.395 0.749626 4.21425e-14 0.250525 -3.8914e-14 6.52821e-14 -3.23827e-13
1.4 0.750452 4.19678e-14 0.249699 -3.87729e-14 6.55729e-14 -3.23163e-13
1.405 0.751285 4.18582e-14 0.248865 -3.86614e-14 6.58647e-14 -3.2249e-13
1.41 0.752125 4.16375e-14 0.248023 -3.84613e-14 6.61563e-14 -3.21805e-13
1.415 0.752975 4.15718e-14 0.247173 -3.82063e-14 6.64499e-14 -3.21103e-13
1.42 0.753832 4.12332e-14 0.246314 -3.7912e-14 6.67434e-14 -3.20389e-13
1.425 0.754698 4.10643e-14 0.245447 -3.75792e-14 6.70362e-14 -3.19658e-13
1.43 0.755574 4.07349e-14 0.244571 -3.72192e-14 6.73294e-14 -3.18912e-13
1.435 0.756458 4.03326e-14 0.243685 -3.683e-14 6.76222e-14 -3.18154e-13
1.44 0.757352 3.99082e-14 0.24279 -3.6429e-14 6.7921e-14 -3.17376e-13
1.445 0.758255 3.9516e-14 0.241886 -3.60123e-14 6.82241e-14 -3.16577e-13
1.45 0.759166 3.91985e-14 0.240973 -3.55947e-14 6.85218e-14 -3.15744e-13
1.455 0.760087 3.89242e-14 0.240051 -3.51134e-14 6.88266e-14 -3.14896e-13
1.46 0.761018 3.8505e-14 0.239119 -3.4608e-14 6.9134e-14 -3.14023e-13
1.465 0.761959 3.79559e-14 0.238177 -3.40925e-14 6.9443e-14 -3.13134e-13
1.47 0.762911 3.72925e-14 0.237224 -3.35513e-14 6.97578e-14 -3.12227e-13
1.475 0.763873 3.68032e-14 0.23626 -3.30567e-14 7.00713e-14 -3.113e-13
1.48 0.764845 3.63427e-14 0.235286 -3.25813e-14 7.03906e-14 -3.10358e-13
1.485 0.765829 3.5994e-14 0.234301 -3.21716e-14 7.07129e-14 -3.09404e-13
1.49 0.766823 3.5416e-14 0.233306 -3.17417e-14 7.10422e-14 -3.08432e-13
1.495 0.767828 3.4947e-14 0.232299 -3.12981e-14 7.13743e-14 -3.07446e-13
1.5 0.768845 3.46061e-14 0.231281 -3.08609e-14 7.1715e-14 -3.0644e-13
1.505 0.769872 3.40695e-14 0.230253 -3.0409e-14 7.2061e-14 -3.05407e-13
1.51 0.77091 3.36361e-14 0.229213 -2.99585e-14 7.24118e-14 -3.04352e-13
1.515 0.77196 3.32797e-14 0.228162 -2.95579e-14 7.27642e-14 -3.03288e-13
1.52 0.77302 3.29275e-14 0.2271 -2.91977e-14 7.3117e-14 -3.02213e-13
1.525 0.774092 3.27883e-14 0.226026 -2.88751e-14 7.34719e-14 -3.01123e-13
1.53 0.775175 3.23132e-14 0.224942 -2.85093e-14 7.38267e-14 -3.00014e-13
1.535 0.776269 3.21832e-14 0.223846 -2.81423e-14 7.41845e-14 -2.98891e-13
1.54 0.777375 3.18096e-14 0.222739 -2.78224e-14 7.45472e-14 -2.97761e-13
1.545 0.778491 3.14322e-14 0.221621 -2.7496e-14 7.49161e-14 -2.96615e-13
1.55 0.779619 3.08772e-14 0.220492 -2.71417e-14 7.52883e-14 -2.95458e-13
1.555 0.780757 3.04533e-14 0.219352 -2.67837e-14 7.56591e-14 -2.94275e-13
1.56 0.781907 3.01762e-14 0.218201 -2.64561e-14 7.60321e-14 -2.93076e-13
1.565 0.783067 2.98056e-14 0.217039 -2.61344e-14 7.64067e-14 -2.91864e-13
1.57 0.784239 2.93916e-14 0.215866 -2.57995e-14 7.67803e-14 -2.90636e-13
1.575 0.785421 2.91477e-14 0.214682 -2.54888e-14 7.71549e-14 -2.89384e-13
1.58 0.786614 2.88157e-14 0.213488 -2.5169e-14 7.75313e-14 -2.88122e-13
1.585 0.787817 2.85425e-14 0.212283 -2.48512e-14 7.79057e-14 -2.86842e-13
1.59 0.78903 2.82627e-14 0.211068 -2.45338e-14 7.82823e-14 -2.85552e-13
1.595 0.790254 2.79313e-14 0.209842 -2.41791e-14 7.86602e-14 -2.84254e-13
1.6 0.791488 2.76866e-14 0.208607 -2.38551e-14 7.90362e-14 -2.82941e-13
1.605 0.792732 2.72258e-14 0.207361 -2.35394e-14 7.94176e-14 -2.81623e-13
1.61 0.793986 2.69284e-14 0.206106 -2.32135e-14 7.98008e-14 -2.80292e-13
1.615 0.795251 2.65784e-14 0.204839 -2.28882e-14 8.02028e-14 -2.78961e-13
1.62 0.796525 2.62847e-14 0.203564 -2.25682e-14 8.0606e-14 -2.77625e-13
1.625 0.797808 2.57121e-14 0.202279 -2.22323e-14 8.10134e-14 -2.7628e-13
1.63 0.799101 2.53549e-14 0.200985 -2.18965e-14 8.14237e-14 -2.7493e-13
1.635 0.800402 2.49678e-14 0.199683 -2.1549e-14 8.18381e-14 -2.73569e-13
1.64 0.801711 2.48113e-14 0.198371 -2.12036e-14 8.22583e-14 -2.72201e-13
1.645 0.803029 2.44784e-14 0.197052 -2.08546e-14 8.26831e-14 -2.70826e-13
1.65 0.804355 2.40922e-14 0.195724 -2.05143e-14 8.31103e-14 -2.69444e-13
1.655 0.805689 2.37952e-14 0.194389 -2.01702e-14 8.3541e-14 -2.68053e-13
1.66 0.807031 2.33657e-14 0.193045 -1.98284e-14 8.39706e-14 -2.66657e-13
1.665 0.80838 2.30342e-14 0.191695 -1.94637e-14 8.44034e-14 -2.65261e-13
1.67 0.809736 2.26064e-14 0.190337 -1.90909e-14 8.48369e-14 -2.63862e-13
1.675 0.8111 2.23144e-14 0.188972 -1.87094e-14 8.5273e-14 -2.6246e-13
1.68 0.812469 2.18664e-14 0.187601 -1.83194e-14 8.5713e-14 -2.61049e-13
1.685 0.813845 2.14792e-14 0.186224 -1.79368e-14 8.61527e-14 -2.59644e-13
1.69 0.815227 2.10297e-14 0.18484 -1.75576e-14 8.65937e-14 -2.58235e-13
1.695 0.816615 2.06464e-14 0.183451 -1.72011e-14 8.7035e-14 -2.56831e-13
1.7 0.818008 2.03016e-14 0.182056 -1.68268e-14 8.74798e-14 -2.55434e-13
1.705 0.819407 2.00065e-14 0.180656 -1.64531e-14 8.79254e-14 -2.54047e-13
1.71 0.82081 1.96179e-14 0.179252 -1.6089e-14 8.83717e-14 -2.52669e-13
1.715 0.822218 1.93326e-14 0.177843 -1.57796e-14 8.88171e-14 -2.51302e-13
1.72 0.82363 1.92553e-14 0.176429 -1.54773e-14 8.92619e-14 -2.49949e-13
1.725 0.825046 1.89351e-14 0.175012 -1.51904e-14 8.9705e-14 -2.48607e-13
1.73 0.826465 1.87142e-14 0.173591 -1.49035e-14 9.01461e-14 -2.47275e-13
1.735 0.827888 1.82627e-14 0.172167 -1.45916e-14 9.05875e-14 -2.45958e-13
1.74 0.829307 1.79384e-14 0.170747 -1.42277e-14 9.0969e-14 -2.44612e-13
1.745 0.830729 1.76171e-14 0.169323 -1.38742e-14 9.13661e-14 -2.4329e-13
1.75 0.832155 1.72811e-14 0.167896 -1.35154e-14 9.17775e-14 -2.41987e-13
1.755 0.833583 1.6887e-14 0.166467 -1.31549e-14 9.22028e-14 -2.40707e-13
1.76 0.835014 1.66151e-14 0.165035 -1.28388e-14 9.26413e-14 -2.3945e-13
1.765 0.836446 1.63295e-14 0.163601 -1.25588e-14 9.30923e-14 -2.38209e-13
1.77 0.83788 1.6112e-14 0.162166 -1.23207e-14 9.35553e-14 -2.36989e-13
1.775 0.839315 1.59228e-14 0.16073 -1.2096e-14 9.40293e-14 -2.35788e-13
1.78 0.840751 1.56631e-14 0.159293 -1.18747e-14 9.45132e-14 -2.34606e-13
1.785 0.842187 1.54975e-14 0.157856 -1.17007e-14 9.50069e-14 -2.3344e-13
1.79 0.843623 1.53242e-14 0.156419 -1.15628e-14 9.55084e-14 -2.32291e-13
1.795 0.845058 1.52319e-14 0.154983 -1.1455e-14 9.60176e-14 -2.31162e-13
1.8 0.846492 1.51374e-14 0.153548 -1.13681e-14 9.6534e-14 -2.30042e-13
1.805 0.847925 1.51056e-14 0.152114 -1.13024e-14 9.70561e-14 -2.28937e-13
1.81 0.849355 1.5086e-14 0.150682 -1.12498e-14 9.75837e-14 -2.27845e-13
1.815 0.850784 1.49746e-14 0.149252 -1.11833e-14 9.8117e-14 -2.26765e-13
1.82 0.85221 1.49393e-14 0.147825 -1.11026e-14 9.86551e-14 -2.257e-13
1.825 0.853633 1.48607e-14 0.146401 -1.10399e-14 9.91976e-14 -2.24644e-13
1.83 0.855053 1.4743e-14 0.144981 -1.09932e-14 9.97433e-14 -2.23601e-13
1.835 0.856469 1.47975e-14 0.143564 -1.09683e-14 1.00292e-13 -2.22569e-13
1.84 0.85788 1.48288e-14 0.142151 -1.09487e-14 1.00843e-13 -2.21542e-13
1.845 0.859287 1.48324e-14 0.140744 -1.09392e-14 1.01396e-13 -2.2052e-13
1.85 0.860689 1.48146e-14 0.139341 -1.09376e-14 1.01951e-13 -2.19503e-13
1.855 0.862086 1.48412e-14 0.137944 -1.09556e-14 1.02508e-13 -2.18492e-13
1.86 0.863476 1.48796e-14 0.136552 -1.09952e-14 1.03066e-13 -2.17486e-13
1.865 0.864861 1.48949e-14 0.135167 -1.10453e-14 1.03623e-13 -2.1648e-13
1.87 0.866239 1.49533e-14 0.133788 -1.11062e-14 1.04181e-13 -2.15473e-13
1.875 0.86761 1.50675e-14 0.132416 -1.11921e-14 1.04738e-13 -2.14468e-13
1.88 0.868974 1.51624e-14 0.131051 -1.12928e-14 1.05295e-13 -2.1346e-13
1.885 0.87033 1.52753e-14 0.129694 -1.14241e-14 1.05851e-13 -2.12452e-13
1.89 0.871678 1.54382e-14 0.128346 -1.15615e-14 1.06406e-13 -2.1144e-13
1.895 0.873018 1.55815e-14 0.127005 -1.17014e-14 1.0696e-13 -2.10427e-13
1.9 0.874349 1.57307e-14 0.125673 -1.18525e-14 1.07513e-13 -2.09414e-13
1.905 0.875671 1.59219e-14 0.124351 -1.2013e-14 1.08064e-13 -2.08396e-13
1.91 0.876984 1.61118e-14 0.123038 -1.21813e-14 1.08613e-13 -2.07378e-13
1.915 0.878287 1.63245e-14 0.121734 -1.23559e-14 1.09159e-13 -2.06355e-13
1.92 0.87958 1.65196e-14 0.120441 -1.25269e-14 1.09703e-13 -2.0533e-13
1.925 0.880862 1.66986e-14 0.119158 -1.27099e-14 1.10244e-13 -2.04299e-13
1.93 0.882134 1.69469e-14 0.117886 -1.29049e-14 1.10782e-13 -2.03266e-13
1.935 0.883395 1.71526e-14 0.116625 -1.31118e-14 1.11316e-13 -2.02228e-13
1.94 0.884644 1.73756e-14 0.115375 -1.33201e-14 1.11847e-13 -2.01188e-13
1.945 0.885882 1.75772e-14 0.114137 -1.35278e-14 1.12373e-13 -2.00141e-13
1.95 0.887107 1.77692e-14 0.112911 -1.37349e-14 1.12895e-13 -1.99091e-13
1.955 0.888321 1.79411e-14 0.111697 -1.3937e-14 1.13412e-13 -1.98033e-13
1.96 0.889522 1.81426e-14 0.110495 -1.41495e-14 1.13924e-13 -1.96965e-13
1.965 0.89071 1.84028e-14 0.109307 -1.43685e-14 1.14432e-13 -1.9589e-13
1.97 0.891886 1.85942e-14 0.108131 -1.45804e-14 1.14935e-13 -1.94807e-13
1.975 0.893048 1.88212e-14 0.106969 -1.47946e-14 1.15433e-13 -1.93715e-13
1.98 0.894196 1.90847e-14 0.10582 -1.50134e-14 1.15927e-13 -1.92617e-13
1.985 0.895331 1.92553e-14 0.104685 -1.51979e-14 1.16415e-13 -1.91509e-13
1.99 0.896451 1.9419e-14 0.103564 -1.53871e-14 1.16899e-13 -1.90392e-13
1.995 0.897558 1.96085e-14 0.102458 -1.55796e-14 1.17378e-13 -1.89263e-13
2 0.89865 1.98092e-14 0.101366 -1.57866e-14 1.17851e-13 -1.88122e-13
2.005 0.899727 2.0019e-14 0.100289 -1.59981e-14 1.1832e-13 -1.86975e-13
2.01 0.900789 2.02075e-14 0.0992263 -1.61997e-14 1.18784e-13 -1.85812e-13
2.015 0.901836 2.04109e-14 0.0981791 -1.63896e-14 1.19242e-13 -1.84638e-13
2.02 0.902868 2.05731e-14 0.0971472 -1.65668e-14 1.19695e-13 -1.83452e-13
2.025 0.903884 2.07981e-14 0.0961308 -1.67595e-14 1.20141e-13 -1.82254e-13
2.03 0.904885 2.10226e-14 0.09513 -1.69589e-14 1.20582e-13 -1.81044e-13
2.035 0.90587 2.12341e-14 0.0941449 -1.71594e-14 1.21016e-13 -1.79821e-13
2.04 0.906839 2.14175e-14 0.0931759 -1.73586e-14 1.21443e-13 -1.78587e-13
2.045 0.907792 2.1667e-14 0.092223 -1.75491e-14 1.21865e-13 -1.77341e-13
2.05 0.908728 2.1847e-14 0.0912863 -1.7729e-14 1.2228e-13 -1.76082e-13
2.055 0.909649 2.19927e-14 0.0903661 -1.79006e-14 1.22688e-13 -1.74812e-13
2.06 0.910552 2.21521e-14 0.0894629 -1.80665e-14 1.23094e-13 -1.73528e-13
2.065 0.911439 2.23243e-14 0.0885763 -1.82354e-14 1.23492e-13 -1.72231e-13
2.07 0.912309 2.24857e-14 0.0877062 -1.83909e-14 1.23881e-13 -1.70923e-13
2.075 0.913162 2.26459e-14 0.086853 -1.85333e-14 1.24263e-13 -1.69605e-13
2.08 0.913999 2.28057e-14 0.0860165 -1.8688e-14 1.24637e-13 -1.68278e-13
2.085 0.914818 2.29484e-14 0.085197 -1.88431e-14 1.25004e-13 -1.66941e-13
2.09 0.915621 2.31059e-14 0.0843944 -1.8997e-14 1.25363e-13 -1.65594e-13
2.095 0.916406 2.32706e-14 0.083609 -1.9149e-14 1.25716e-13 -1.64238e-13
2.1 0.917175 2.34146e-14 0.0828407 -1.92966e-14 1.26063e-13 -1.6287e-13
2.105 0.917926 2.35453e-14 0.0820896 -1.94318e-14 1.26404e-13 -1.61489e-13
2.11 0.91866 2.3645e-14 0.0813557 -1.95585e-14 1.2674e-13 -1.60095e-13
2.115 0.919376 2.3711e-14 0.0806397 -1.96654e-14 1.27063e-13 -1.5869e-13
2.12 0.920075 2.38238e-14 0.0799408 -1.97784e-14 1.27385e-13 -1.5728e-13
2.125 0.920757 2.39287e-14 0.0792592 -1.98787e-14 1.27707e-13 -1.55865e-13
2.13 0.921422 2.40045e-14 0.0785948 -1.9961e-14 1.28029e-13 -1.54444e-13
2.135 0.922069 2.4052e-14 0.0779475 -2.00225e-14 1.28354e-13 -1.53018e-13
2.14 0.9227 2.41215e-14 0.0773175 -2.00737e-14 1.2868e-13 -1.5159e-13
2.145 0.923313 2.41411e-14 0.0767048 -2.011e-14 1.29009e-13 -1.50158e-13
2.15 0.923908 2.41764e-14 0.0761092 -2.01336e-14 1.29341e-13 -1.48722e-13
2.155 0.924487 2.41802e-14 0.0755308 -2.01479e-14 1.29676e-13 -1.47284e-13
2.16 0.925049 2.41722e-14 0.0749695 -2.01568e-14 1.30015e-13 -1.45844e-13
2.165 0.925593 2.41452e-14 0.0744253 -2.01527e-14 1.30358e-13 -1.44405e-13
2.17 0.92612 2.41297e-14 0.0738981 -2.01447e-14 1.30707e-13 -1.42966e-13
2.175 0.926631 2.41214e-14 0.0733879 -2.01246e-14 1.31061e-13 -1.41528e-13
2.18 0.927124 2.40947e-14 0.072895 -2.00799e-14 1.31391e-13 -1.40025e-13
2.185 0.927601 2.40226e-14 0.0724188 -2.00243e-14 1.31732e-13 -1.38539e-13
2.19 0.92806 2.39689e-14 0.0719592 -1.99568e-14 1.32082e-13 -1.37074e-13
2.195 0.928504 2.39173e-14 0.0715163 -1.98827e-14 1.32441e-13 -1.3563e-13
2.2 0.92893 2.38371e-14 0.0710899 -1.97963e-14 1.32811e-13 -1.34204e-13
2.205 0.929341 2.37181e-14 0.0706798 -1.96968e-14 1.3319e-13 -1.328e-13
2.21 0.929735 2.35992e-14 0.070286 -1.95912e-14 1.33579e-13 -1.31414e-13
2.215 0.930113 2.34435e-14 0.0699084 -1.9475e-14 1.33979e-13 -1.30051e-13
2.22 0.930475 2.33185e-14 0.0695468 -1.93504e-14 1.34391e-13 -1.28713e-13
2.225 0.930821 2.31729e-14 0.0692011 -1.92199e-14 1.34816e-13 -1.274e-13
2.23 0.931151 2.30264e-14 0.0688711 -1.90657e-14 1.35256e-13 -1.2612e-13
2.235 0.931466 2.28892e-14 0.0685567 -1.8895e-14 1.35715e-13 -1.24878e-13
2.24 0.931764 2.27351e-14 0.0682584 -1.87087e-14 1.36192e-13 -1.23678e-13
2.245 0.932048 2.25456e-14 0.0679753 -1.8511e-14 1.36687e-13 -1.22519e-13
2.25 0.932316 2.23179e-14 0.0677073 -1.83e-14 1.37201e-13 -1.21398e-13
2.255 0.93257 2.20922e-14 0.067454 -1.80764e-14 1.37734e-13 -1.20319e-13
2.26 0.932808 2.18682e-14 0.0672155 -1.78403e-14 1.38286e-13 -1.1928e-13
2.265 0.933033 2.16379e-14 0.0669914 -1.75953e-14 1.38855e-13 -1.1828e-13
2.27 0.933243 2.13855e-14 0.0667815 -1.73392e-14 1.39443e-13 -1.17321e-13
2.275 0.933439 2.10943e-14 0.0665858 -1.70694e-14 1.40048e-13 -1.16402e-13
2.28 0.933621 2.08039e-14 0.0664039 -1.67816e-14 1.40671e-13 -1.15524e-13
2.285 0.93379 2.04912e-14 0.0662356 -1.6485e-14 1.41312e-13 -1.14686e-13
2.29 0.933945 2.01876e-14 0.0660807 -1.61701e-14 1.4197e-13 -1.13887e-13
2.295 0.934087 1.98761e-14 0.065939 -1.58389e-14 1.42644e-13 -1.13127e-13
2.3 0.934216 1.95846e-14 0.0658103 -1.5491e-14 1.43334e-13 -1.12407e-13
2.305 0.934332 1.92331e-14 0.0656943 -1.51278e-14 1.44039e-13 -1.11724e-13
2.31 0.934436 1.88535e-14 0.0655908 -1.47449e-14 1.44759e-13 -1.11079e-13
2.315 0.934528 1.84626e-14 0.0654995 -1.43685e-14 1.45493e-13 -1.1047e-13
2.32 0.934607 1.80588e-14 0.0654201 -1.39822e-14 1.46241e-13 -1.099e-13
2.325 0.934675 1.76692e-14 0.0653525 -1.35713e-14 1.47002e-13 -1.09366e-13
2.33 0.934731 1.72622e-14 0.0652964 -1.31723e-14 1.47776e-13 -1.0887e-13
2.335 0.934777 1.68695e-14 0.0652515 -1.27712e-14 1.48563e-13 -1.0841e-13
2.34 0.93481 1.64601e-14 0.0652182 -1.23763e-14 1.4936e-13 -1.07986e-13
2.345 0.934833 1.60408e-14 0.0651954 -1.19668e-14 1.5017e-13 -1.07598e-13
2.35 0.934846 1.56414e-14 0.0651828 -1.1562e-14 1.50992e-13 -1.07247e-13
2.355 0.934849 1.52046e-14 0.0651801 -1.114e-14 1.51824e-13 -1.06929e-13
2.36 0.934842 1.47569e-14 0.0651875 -1.06914e-14 1.52667e-13 -1.06648e-13
2.365 0.934825 1.4331e-14 0.0652042 -1.02733e-14 1.5352e-13 -1.06398e-13
2.37 0.9348 1.39047e-14 0.0652298 -9.85741e-15 1.54385e-13 -1.06181e-13
2.375 0.934765 1.3496e-14 0.0652643 -9.44032e-15 1.55262e-13 -1.05996e-13
2.38 0.934723 1.30666e-14 0.0653072 -9.02457e-15 1.56148e-13 -1.05843e-13
2.385 0.934672 1.26377e-14 0.0653582 -8.62521e-15 1.57045e-13 -1.05722e-13
2.39 0.934613 1.22582e-14 0.0654171 -8.20887e-15 1.57951e-13 -1.05631e-13
2.395 0.934547 1.18662e-14 0.0654836 -7.84984e-15 1.58868e-13 -1.05568e-13
2.4 0.934473 1.15824e-14 0.0655576 -7.5424e-15 1.59796e-13 -1.05533e-13
2.405 0.934392 1.12413e-14 0.0656384 -7.20151e-15 1.60733e-13 -1.05526e-13
2.41 0.934305 1.09107e-14 0.0657262 -6.87654e-15 1.61682e-13 -1.05544e-13
2.415 0.93421 1.05766e-14 0.0658206 -6.54825e-15 1.6264e-13 -1.05587e-13
2.42 0.93411 1.01956e-14 0.0659209 -6.17075e-15 1.6361e-13 -1.05652e-13
2.425 0.934003 9.84044e-15 0.0660282 -5.81773e-15 1.6459e-13 -1.05741e-13
2.43 0.933891 9.43629e-15 0.0661403 -5.42313e-15 1.65579e-13 -1.05854e-13
2.435 0.933774 9.01011e-15 0.0662572 -5.00409e-15 1.66578e-13 -1.05993e-13
2.44 0.933653 8.61381e-15 0.0663785 -4.59696e-15 1.67586e-13 -1.06157e-13
2.445 0.933527 8.16379e-15 0.0665042 -4.12973e-15 1.68601e-13 -1.06345e-13
2.45 0.933398 7.56353e-15 0.066634 -3.5416e-15 1.69623e-13 -1.06556e-13
2.455 0.933264 6.94138e-15 0.0667678 -2.92606e-15 1.70652e-13 -1.0679e-13
2.46 0.933127 6.29782e-15 0.0669053 -2.28407e-15 1.71685e-13 -1.07047e-13
2.465 0.932985 5.64542e-15 0.0670464 -1.62433e-15 1.72724e-13 -1.07328e-13
2.47 0.932841 4.91936e-15 0.0671909 -8.98174e-16 1.73768e-13 -1.0763e-13
2.475 0.932693 4.17661e-15 0.0673387 -1.5472e-16 1.74816e-13 -1.07955e-13
2.48 0.932542 3.37675e-15 0.0674898 6.50683e-16 1.75869e-13 -1.08303e-13
2.485 0.932388 2.49427e-15 0.0676436 1.53114e-15 1.76925e-13 -1.08673e-13
2.49 0.932232 1.62876e-15 0.0678 2.40622e-15 1.77985e-13 -1.09063e-13
2.495 0.932073 7.14556e-16 0.0679588 3.32937e-15 1.79049e-13 -1.09472e-13
2.5 0.931912 -1.72931e-16 0.0681198 4.21688e-15 1.8012e-13 -1.09902e-13
