0 0 0 1 0 0 0
0.005 7.83398e-10 1.98557e-16 0.999883 1.67921e-15 9.41451e-16 7.3024e-16
0.01 4.48913e-16 2.37711e-16 0.999783 1.27676e-15 4.84303e-16 3.74766e-15
0.015 1.91404e-16 5.01235e-16 0.999604 1.33227e-15 2.10803e-16 6.69402e-15
0.02 1.18078e-15 2.99944e-15 0.999346 9.4369e-16 -1.96742e-16 9.36649e-15
0.025 0.000247545 7.82337e-15 0.998995 1.27676e-15 -3.53806e-16 1.20867e-14
0.03 0.000680646 1.27207e-14 0.998558 1.26629e-15 -7.27176e-16 1.51628e-14
0.035 0.00119212 1.27835e-14 0.998042 1.28508e-15 -1.07819e-15 1.79203e-14
0.04 0.00178177 1.25897e-14 0.997448 1.30823e-15 -1.40655e-15 2.05269e-14
0.045 0.00244938 1.24602e-14 0.996775 1.32302e-15 -1.70847e-15 2.31821e-14
0.05 0.0031947 1.21826e-14 0.996023 1.33856e-15 -1.98412e-15 2.58995e-14
0.055 0.00401744 1.18376e-14 0.995194 1.3675e-15 -2.23572e-15 2.85946e-14
0.06 0.0049173 1.18939e-14 0.994286 1.38925e-15 -2.46539e-15 3.12905e-14
0.065 0.00589394 1.20777e-14 0.993302 1.40683e-15 -2.67127e-15 3.39556e-14
0.07 0.00694747 1.21548e-14 0.99224 1.42463e-15 -2.849e-15 3.65849e-14
0.075 0.00807779 1.20083e-14 0.9911 1.44122e-15 -3.00086e-15 3.93574e-14
0.08 0.00928472 1.20962e-14 0.989884 1.46449e-15 -3.12906e-15 4.21706e-14
0.085 0.0105679 1.20491e-14 0.98859 1.49169e-15 -3.23361e-15 4.49624e-14
0.09 0.0119272 1.23769e-14 0.98722 1.51334e-15 -3.30772e-15 4.78131e-14
0.095 0.013362 1.2376e-14 0.985775 1.53297e-15 -3.34976e-15 5.06098e-14
0.1 0.014872 1.23344e-14 0.984253 1.55566e-15 -3.3585e-15 5.32561e-14
0.105 0.0164568 1.22859e-14 0.982656 1.57196e-15 -3.33298e-15 5.58777e-14
0.11 0.0181162 1.20251e-14 0.980984 1.58964e-15 -3.27393e-15 5.84804e-14
0.115 0.0198494 1.18972e-14 0.979239 1.60565e-15 -3.18005e-15 6.107e-14
0.12 0.0216561 1.22039e-14 0.977419 1.61968e-15 -3.05204e-15 6.36657e-14
0.125 0.0235356 1.21698e-14 0.975526 1.63389e-15 -2.88934e-15 6.62664e-14
0.13 0.0254879 1.22438e-14 0.97356 1.6411e-15 -2.69432e-15 6.89042e-14
0.135 0.0275119 1.22477e-14 0.971522 1.65218e-15 -2.46763e-15 7.14991e-14
0.14 0.0296071 1.24754e-14 0.969413 1.64683e-15 -2.20961e-15 7.41368e-14
0.145 0.0317729 1.24779e-14 0.967232 1.6488e-15 -1.91954e-15 7.66781e-14
0.15 0.0340087 1.25881e-14 0.964982 1.64495e-15 -1.60004e-15 7.92241e-14
0.155 0.036314 1.24652e-14 0.962661 1.6438e-15 -1.24949e-15 8.16952e-14
0.16 0.0386881 1.25598e-14 0.960272 1.64593e-15 -8.69327e-16 8.40532e-14
0.165 0.0411304 1.27667e-14 0.957814 1.65167e-15 -4.60614e-16 8.63628e-14
0.17 0.0436402 1.2812e-14 0.955289 1.67594e-15 -2.17095e-17 8.87464e-14
0.175 0.0462168 1.30874e-14 0.952697 1.69393e-15 4.43793e-16 9.11101e-14
0.18 0.0488595 1.29997e-14 0.950038 1.71271e-15 9.35784e-16 9.34092e-14
0.185 0.0515676 1.32003e-14 0.947314 1.72841e-15 1.45345e-15 9.56456e-14
0.19 0.0543403 1.33207e-14 0.944525 1.73994e-15 1.9981e-15 9.78063e-14
0.195 0.057177 1.31577e-14 0.941672 1.75111e-15 2.56838e-15 9.98739e-14
0.2 0.0600768 1.29351e-14 0.938756 1.75922e-15 3.16374e-15 1.01912e-13
0.205 0.0630395 1.31799e-14 0.935777 1.76237e-15 3.78467e-15 1.03878e-13
0.21 0.0660635 1.31779e-14 0.932737 1.77058e-15 4.43044e-15 1.05723e-13
0.215 0.0691481 1.28878e-14 0.929636 1.77788e-15 5.10009e-15 1.07512e-13
0.22 0.0722923 1.24963e-14 0.926476 1.78743e-15 5.79074e-15 1.09277e-13
0.225 0.0754954 1.25228e-14 0.923257 1.80191e-15 6.50349e-15 1.11026e-13
0.23 0.0787564 1.2375e-14 0.91998 1.82004e-15 7.23896e-15 1.12744e-13
0.235 0.0820744 1.24814e-14 0.916646 1.83499e-15 7.99568e-15 1.14403e-13
0.24 0.0854486 1.26886e-14 0.913256 1.82476e-15 8.77168e-15 1.16014e-13
0.245 0.088878 1.26365e-14 0.90981 1.82168e-15 9.56849e-15 1.17486e-13
0.25 0.0923618 1.30931e-14 0.906311 1.81448e-15 1.03844e-14 1.18876e-13
0.255 0.0958989 1.33909e-14 0.902758 1.80317e-15 1.12168e-14 1.20187e-13
0.26 0.0994885 1.34003e-14 0.899153 1.79734e-15 1.2064e-14 1.21377e-13
0.265 0.103129 1.35127e-14 0.895496 1.78945e-15 1.29272e-14 1.22565e-13
0.27 0.106821 1.35764e-14 0.89179 1.78573e-15 1.38038e-14 1.23717e-13
0.275 0.110562 1.33572e-14 0.888033 1.78067e-15 1.46926e-14 1.24819e-13
0.28 0.114351 1.34186e-14 0.884229 1.77425e-15 1.55927e-14 1.25821e-13
0.285 0.118188 1.31189e-14 0.880377 1.77496e-15 1.65025e-14 1.26787e-13
0.29 0.122072 1.31437e-14 0.876478 1.78237e-15 1.74206e-14 1.27712e-13
0.295 0.126 1.32958e-14 0.872535 1.80653e-15 1.8345e-14 1.28573e-13
0.3 0.129974 1.32587e-14 0.868547 1.84423e-15 1.92752e-14 1.29391e-13
0.305 0.13399 1.32107e-14 0.864516 1.90209e-15 2.02086e-14 1.30201e-13
0.31 0.138049 1.31276e-14 0.860443 1.96632e-15 2.1148e-14 1.30916e-13
0.315 0.142149 1.31736e-14 0.856329 2.03029e-15 2.20894e-14 1.31579e-13
0.32 0.146289 1.28851e-14 0.852175 2.10381e-15 2.30313e-14 1.32194e-13
0.325 0.150468 1.25873e-14 0.847983 2.18333e-15 2.39739e-14 1.32793e-13
0.33 0.154685 1.273e-14 0.843752 2.27187e-15 2.49152e-14 1.3336e-13
0.335 0.158939 1.25255e-14 0.839485 2.35909e-15 2.58526e-14 1.33898e-13
0.34 0.163228 1.25514e-14 0.835182 2.44489e-15 2.67843e-14 1.34435e-13
0.345 0.167552 1.23011e-14 0.830845 2.53114e-15 2.77114e-14 1.34939e-13
0.35 0.17191 1.23057e-14 0.826475 2.61416e-15 2.86292e-14 1.35409e-13
0.355 0.1763 1.19785e-14 0.822072 2.70624e-15 2.95356e-14 1.35813e-13
0.36 0.180721 1.18082e-14 0.817639 2.80538e-15 3.0432e-14 1.36157e-13
0.365 0.185173 1.18025e-14 0.813175 2.90545e-15 3.13183e-14 1.36465e-13
0.37 0.189653 1.17841e-14 0.808683 3.00305e-15 3.21921e-14 1.36707e-13
0.375 0.194161 1.18303e-14 0.804163 3.10839e-15 3.30479e-14 1.36921e-13
0.38 0.198696 1.16707e-14 0.799617 3.21152e-15 3.38852e-14 1.3712e-13
0.385 0.203257 1.1611e-14 0.795045 3.30943e-15 3.47124e-14 1.37255e-13
0.39 0.207842 1.15942e-14 0.790449 3.409e-15 3.55336e-14 1.37379e-13
0.395 0.212451 1.21467e-14 0.785829 3.50219e-15 3.63435e-14 1.37516e-13
0.4 0.217082 1.20648e-14 0.781188 3.59795e-15 3.71425e-14 1.37617e-13
0.405 0.221734 1.18462e-14 0.776525 3.70367e-15 3.79324e-14 1.3773e-13
0.41 0.226407 1.19087e-14 0.771842 3.80376e-15 3.87076e-14 1.37817e-13
0.415 0.231098 1.19986e-14 0.767141 3.90679e-15 3.94804e-14 1.37923e-13
0.42 0.235808 1.173e-14 0.762422 4.00558e-15 4.02498e-14 1.38018e-13
0.425 0.240534 1.18194e-14 0.757686 4.13708e-15 4.10171e-14 1.38071e-13
0.43 0.245276 1.15869e-14 0.752935 4.29618e-15 4.17817e-14 1.3809e-13
0.435 0.250033 1.15126e-14 0.74817 4.4429e-15 4.25388e-14 1.38087e-13
0.44 0.254802 1.16578e-14 0.743391 4.58777e-15 4.32932e-14 1.38085e-13
0.445 0.259585 1.16495e-14 0.7386 4.72934e-15 4.40447e-14 1.3809e-13
0.45 0.264378 1.12402e-14 0.733799 4.90967e-15 4.47938e-14 1.38096e-13
0.455 0.269182 1.10838e-14 0.728987 5.07207e-15 4.55391e-14 1.3805e-13
0.46 0.273995 1.10067e-14 0.724167 5.19818e-15 4.62859e-14 1.37999e-13
0.465 0.278815 1.06976e-14 0.719338 5.32662e-15 4.70318e-14 1.37917e-13
0.47 0.283643 1.03953e-14 0.714504 5.52061e-15 4.77747e-14 1.37828e-13
0.475 0.288476 9.92384e-15 0.709663 5.73398e-15 4.85126e-14 1.37705e-13
0.48 0.293314 9.95395e-15 0.704818 5.96892e-15 4.92421e-14 1.3756e-13
0.485 0.298156 9.40859e-15 0.69997 6.22388e-15 4.99647e-14 1.37421e-13
0.49 0.303 9.2799e-15 0.69512 6.50727e-15 5.06826e-14 1.37254e-13
0.495 0.307845 9.1187e-15 0.690268 6.77297e-15 5.13909e-14 1.37074e-13
0.5 0.312691 9.17902e-15 0.685416 7.04063e-15 5.20914e-14 1.36892e-13
0.505 0.317536 8.58813e-15 0.680565 7.22378e-15 5.27863e-14 1.36687e-13
0.51 0.322379 8.35961e-15 0.675716 7.42674e-15 5.34744e-14 1.3648e-13
0.515 0.32722 8.04219e-15 0.67087 7.67784e-15 5.41505e-14 1.36257e-13
0.52 0.332057 7.77181e-15 0.666028 7.93178e-15 5.48162e-14 1.36003e-13
0.525 0.336888 7.39376e-15 0.661191 8.13718e-15 5.54687e-14 1.35759e-13
0.53 0.341715 7.28194e-15 0.65636 8.42879e-15 5.61128e-14 1.35502e-13
0.535 0.346534 6.75136e-15 0.651537 8.78247e-15 5.67426e-14 1.35212e-13
0.54 0.351345 6.45403e-15 0.646721 9.2417e-15 5.73634e-14 1.34896e-13
0.545 0.356148 5.82596e-15 0.641914 9.7488e-15 5.79727e-14 1.34604e-13
0.55 0.360941 5.39676e-15 0.637117 1.03187e-14 5.85703e-14 1.34297e-13
0.555 0.365723 4.95108e-15 0.632331 1.08919e-14 5.91627e-14 1.33967e-13
0.56 0.370493 4.28258e-15 0.627557 1.15223e-14 5.97469e-14 1.33664e-13
0.565 0.375251 3.48316e-15 0.622795 1.23402e-14 6.03239e-14 1.33371e-13
0.57 0.379996 2.79525e-15 0.618048 1.32033e-14 6.08955e-14 1.33115e-13
0.575 0.384725 2.1024e-15 0.613315 1.41075e-14 6.1457e-14 1.32867e-13
0.58 0.38944 1.07619e-15 0.608597 1.51038e-14 6.20116e-14 1.3262e-13
0.585 0.394138 -6.36476e-17 0.603896 1.61515e-14 6.2555e-14 1.32389e-13
0.59 0.398819 -1.23204e-15 0.599212 1.72101e-14 6.309e-14 1.32199e-13
0.595 0.403482 -2.43424e-15 0.594546 1.83134e-14 6.36204e-14 1.32013e-13
0.6 0.408127 -3.39186e-15 0.5899 1.93713e-14 6.4148e-14 1.31845e-13
0.605 0.412751 -4.55695e-15 0.585273 2.0435e-14 6.46689e-14 1.31707e-13
0.61 0.417355 -5.69322e-15 0.580667 2.15152e-14 6.51838e-14 1.3159e-13
0.615 0.421937 -6.67562e-15 0.576083 2.26029e-14 6.56947e-14 1.31519e-13
0.62 0.426498 -7.60542e-15 0.571521 2.36626e-14 6.61965e-14 1.31426e-13
0.625 0.431035 -8.68289e-15 0.566982 2.48204e-14 6.66917e-14 1.31336e-13
0.63 0.435549 -9.58109e-15 0.562467 2.60079e-14 6.71825e-14 1.31259e-13
0.635 0.440038 -1.04739e-14 0.557977 2.71947e-14 6.76679e-14 1.3122e-13
0.64 0.444502 -1.20575e-14 0.553511 2.83929e-14 6.81512e-14 1.31198e-13
0.645 0.44894 -1.28752e-14 0.549072 2.94178e-14 6.86313e-14 1.31175e-13
0.65 0.453351 -1.37961e-14 0.54466 3.03649e-14 6.91072e-14 1.31124e-13
0.655 0.457735 -1.47215e-14 0.540275 3.12302e-14 6.95782e-14 1.31084e-13
0.66 0.462092 -1.55751e-14 0.535918 3.20848e-14 7.00466e-14 1.31057e-13
0.665 0.466419 -1.63698e-14 0.53159 3.29087e-14 7.05074e-14 1.31054e-13
0.67 0.470718 -1.73268e-14 0.527291 3.37413e-14 7.09655e-14 1.31047e-13
0.675 0.474986 -1.8026e-14 0.523023 3.45698e-14 7.14205e-14 1.31038e-13
0.68 0.479224 -1.91578e-14 0.518784 3.54249e-14 7.18717e-14 1.31049e-13
0.685 0.483431 -1.9718e-14 0.514577 3.62389e-14 7.23189e-14 1.31088e-13
0.69 0.487606 -2.05066e-14 0.510402 3.70437e-14 7.2763e-14 1.31142e-13
0.695 0.491749 -2.11833e-14 0.506259 3.78079e-14 7.32018e-14 1.31216e-13
0.7 0.49586 -2.22122e-14 0.502149 3.85578e-14 7.36422e-14 1.31277e-13
0.705 0.499937 -2.31083e-14 0.498072 3.92542e-14 7.40821e-14 1.31322e-13
0.71 0.50398 -2.35772e-14 0.49403 3.99024e-14 7.45208e-14 1.31349e-13
0.715 0.507989 -2.41112e-14 0.490021 4.05007e-14 7.49614e-14 1.31384e-13
0.72 0.511963 -2.47306e-14 0.486048 4.10818e-14 7.54023e-14 1.31433e-13
0.725 0.515902 -2.52812e-14 0.48211 4.1651e-14 7.58469e-14 1.31487e-13
0.73 0.519805 -2.57849e-14 0.478208 4.22011e-14 7.62902e-14 1.31525e-13
0.735 0.523672 -2.64115e-14 0.474341 4.27574e-14 7.67362e-14 1.31562e-13
0.74 0.527502 -2.65979e-14 0.470512 4.33018e-14 7.71803e-14 1.31597e-13
0.745 0.531296 -2.68593e-14 0.466719 4.38317e-14 7.76254e-14 1.31645e-13
0.75 0.535053 -2.73655e-14 0.462964 4.4317e-14 7.80698e-14 1.31708e-13
0.755 0.538772 -2.76504e-14 0.459246 4.4761e-14 7.8516e-14 1.3179e-13
0.76 0.542453 -2.79494e-14 0.455566 4.51517e-14 7.89654e-14 1.31882e-13
0.765 0.546096 -2.80992e-14 0.451924 4.54857e-14 7.94166e-14 1.31957e-13
0.77 0.549701 -2.82873e-14 0.448321 4.57702e-14 7.98716e-14 1.32015e-13
0.775 0.553267 -2.87642e-14 0.444757 4.60087e-14 8.03302e-14 1.32066e-13
0.78 0.556794 -2.90527e-14 0.441232 4.61959e-14 8.07905e-14 1.32135e-13
0.785 0.560281 -2.92004e-14 0.437746 4.63458e-14 8.12597e-14 1.32215e-13
0.79 0.56373 -2.92398e-14 0.434299 4.64263e-14 8.17364e-14 1.32268e-13
0.795 0.567138 -2.93123e-14 0.430892 4.64618e-14 8.22174e-14 1.3232e-13
0.8 0.570507 -2.94069e-14 0.427525 4.64535e-14 8.27033e-14 1.32383e-13
0.805 0.573836 -2.94073e-14 0.424198 4.63988e-14 8.31995e-14 1.3247e-13
0.81 0.577125 -2.8969e-14 0.420911 4.62373e-14 8.36943e-14 1.32574e-13
0.815 0.580373 -2.88974e-14 0.417665 4.59967e-14 8.4194e-14 1.32694e-13
0.82 0.583582 -2.88273e-14 0.414459 4.56718e-14 8.47006e-14 1.32823e-13
0.825 0.586749 -2.8329e-14 0.411293 4.52619e-14 8.52114e-14 1.32956e-13
0.83 0.589877 -2.75828e-14 0.408168 4.47671e-14 8.57246e-14 1.33094e-13
0.835 0.592963 -2.72969e-14 0.405084 4.41827e-14 8.62387e-14 1.33239e-13
0.84 0.596009 -2.66085e-14 0.40204 4.35458e-14 8.6756e-14 1.33383e-13
0.845 0.599015 -2.59799e-14 0.399037 4.28531e-14 8.72803e-14 1.33514e-13
0.85 0.601979 -2.5499e-14 0.396074 4.21153e-14 8.78016e-14 1.33657e-13
0.855 0.604903 -2.45426e-14 0.393153 4.12108e-14 8.83278e-14 1.33801e-13
0.86 0.607787 -2.37481e-14 0.390272 4.01562e-14 8.88532e-14 1.33951e-13
0.865 0.610629 -2.26633e-14 0.387432 3.90378e-14 8.93836e-14 1.34078e-13
0.87 0.613432 -2.13804e-14 0.384632 3.78709e-14 8.99163e-14 1.34224e-13
0.875 0.616193 -1.99734e-14 0.381873 3.65645e-14 9.04545e-14 1.34381e-13
0.88 0.618915 -1.88151e-14 0.379154 3.52338e-14 9.09966e-14 1.34533e-13
0.885 0.621596 -1.75668e-14 0.376475 3.39543e-14 9.15433e-14 1.34683e-13
0.89 0.624237 -1.63058e-14 0.373837 3.2782e-14 9.20912e-14 1.34838e-13
0.895 0.626837 -1.53354e-14 0.371239 3.1713e-14 9.26472e-14 1.34993e-13
0.9 0.629398 -1.44796e-14 0.36868 3.06434e-14 9.31994e-14 1.35154e-13
0.905 0.63192 -1.36146e-14 0.366162 2.95229e-14 9.37516e-14 1.35314e-13
0.91 0.634401 -1.20188e-14 0.363683 2.82781e-14 9.43122e-14 1.35494e-13
0.915 0.636844 -1.07053e-14 0.361243 2.69768e-14 9.48732e-14 1.35687e-13
0.92 0.639247 -9.43083e-15 0.358842 2.57193e-14 9.54374e-14 1.35883e-13
0.925 0.641611 -8.07651e-15 0.356481 2.43634e-14 9.60045e-14 1.36085e-13
0.93 0.643937 -6.66403e-15 0.354158 2.29177e-14 9.65775e-14 1.36308e-13
0.935 0.646224 -5.02202e-15 0.351873 2.14409e-14 9.71539e-14 1.36545e-13
0.94 0.648473 -3.61699e-15 0.349626 1.99239e-14 9.77218e-14 1.36793e-13
0.945 0.650685 -2.14172e-15 0.347417 1.83664e-14 9.82878e-14 1.37048e-13
0.95 0.65286 -5.26262e-16 0.345245 1.67636e-14 9.88543e-14 1.37303e-13
0.955 0.654998 9.3121e-16 0.34311 1.51142e-14 9.94242e-14 1.37576e-13
0.96 0.657099 2.67995e-15 0.341011 1.3418e-14 9.99955e-14 1.3784e-13
0.965 0.659164 4.48667e-15 0.338948 1.16902e-14 1.00561e-13 1.38109e-13
0.97 0.661194 6.20652e-15 0.336922 9.92988e-15 1.0113e-13 1.38387e-13
0.975 0.663187 8.14225e-15 0.334931 8.12778e-15 1.01701e-13 1.38668e-13
0.98 0.665146 9.9472e-15 0.332975 6.28505e-15 1.0227e-13 1.38955e-13
0.985 0.66707 1.17677e-14 0.331053 4.39566e-15 1.02838e-13 1.39241e-13
0.99 0.668959 1.38802e-14 0.329166 2.47562e-15 1.03407e-13 1.39536e-13
0.995 0.670815 1.57614e-14 0.327313 5.20379e-16 1.03979e-13 1.39835e-13
1 0.672637 1.7842e-14 0.325494 -1.47192e-15 1.04551e-13 1.40155e-13
1.005 0.674426 1.96157e-14 0.323708 -3.48242e-15 1.05125e-13 1.40482e-13
1.01 0.676182 2.18445e-14 0.321954 -5.51336e-15 1.05699e-13 1.40826e-13
1.015 0.677906 2.39261e-14 0.320233 -7.5496e-15 1.06265e-13 1.41162e-13
1.02 0.679598 2.62368e-14 0.318543 -9.59684e-15 1.06835e-13 1.41497e-13
1.025 0.681258 2.83563e-14 0.316885 -1.16695e-14 1.07408e-13 1.41839e-13
1.03 0.682888 3.05197e-14 0.315258 -1.37214e-14 1.07978e-13 1.42174e-13
1.035 0.684487 3.24367e-14 0.313661 -1.57777e-14 1.08546e-13 1.42507e-13
1.04 0.686057 3.43493e-14 0.312094 -1.78444e-14 1.09109e-13 1.42846e-13
1.045 0.687596 3.62763e-14 0.310556 -1.99019e-14 1.09672e-13 1.4319e-13
1.05 0.689107 3.83884e-14 0.309048 -2.19672e-14 1.10233e-13 1.4355e-13
1.055 0.69059 4.05736e-14 0.307567 -2.40482e-14 1.10788e-13 1.4391e-13
1.06 0.692044 4.28529e-14 0.306115 -2.61619e-14 1.11335e-13 1.44273e-13
1.065 0.693471 4.49091e-14 0.30469 -2.83045e-14 1.11878e-13 1.44642e-13
1.07 0.694872 4.70769e-14 0.303292 -3.04642e-14 1.12418e-13 1.45009e-13
1.075 0.696245 4.92436e-14 0.301921 -3.26477e-14 1.12951e-13 1.45384e-13
1.08 0.697593 5.12339e-14 0.300575 -3.48259e-14 1.13483e-13 1.45772e-13
1.085 0.698916 5.33309e-14 0.299255 -3.70245e-14 1.14007e-13 1.46171e-13
1.09 0.700213 5.54323e-14 0.297959 -3.92151e-14 1.14523e-13 1.46581e-13
1.095 0.701487 5.77101e-14 0.296688 -4.14284e-14 1.15032e-13 1.46982e-13
1.1 0.702736 5.97039e-14 0.29544 -4.36384e-14 1.15537e-13 1.47384e-13
1.105 0.703963 6.19693e-14 0.294215 -4.58348e-14 1.16039e-13 1.47789e-13
1.11 0.705167 6.43159e-14 0.293013 -4.80013e-14 1.16534e-13 1.48202e-13
1.115 0.706349 6.65838e-14 0.291833 -5.0167e-14 1.17019e-13 1.48613e-13
1.12 0.707509 6.89913e-14 0.290675 -5.23383e-14 1.17496e-13 1.49024e-13
1.125 0.708649 7.10217e-14 0.289537 -5.4462e-14 1.17968e-13 1.49431e-13
1.13 0.709768 7.31244e-14 0.28842 -5.65596e-14 1.18429e-13 1.49839e-13
1.135 0.710867 7.4959e-14 0.287322 -5.8642e-14 1.18886e-13 1.50247e-13
1.14 0.711947 7.69468e-14 0.286244 -6.0698e-14 1.19337e-13 1.50649e-13
1.145 0.713008 7.88794e-14 0.285185 -6.27466e-14 1.19782e-13 1.51038e-13
1.15 0.714051 8.09989e-14 0.284143 -6.47728e-14 1.2022e-13 1.51419e-13
1.155 0.715077 8.30617e-14 0.28312 -6.68157e-14 1.20652e-13 1.51801e-13
1.16 0.716085 8.53816e-14 0.282113 -6.88243e-14 1.21078e-13 1.52177e-13
1.165 0.717077 8.75402e-14 0.281122 -7.0814e-14 1.215e-13 1.52548e-13
1.17 0.718053 8.96184e-14 0.280148 -7.27651e-14 1.21916e-13 1.52905e-13
1.175 0.719014 9.14329e-14 0.279188 -7.4678e-14 1.22324e-13 1.53253e-13
1.18 0.719961 9.35042e-14 0.278243 -7.66247e-14 1.22723e-13 1.53612e-13
1.185 0.720894 9.54215e-14 0.277312 -7.85479e-14 1.23119e-13 1.53962e-13
1.19 0.721813 9.7345e-14 0.276394 -8.04462e-14 1.23514e-13 1.54294e-13
1.195 0.722719 9.9132e-14 0.275489 -8.22831e-14 1.23898e-13 1.54628e-13
1.2 0.723613 1.00912e-13 0.274597 -8.41009e-14 1.24275e-13 1.54953e-13
1.205 0.724495 1.0259e-13 0.273716 -8.58681e-14 1.24644e-13 1.55276e-13
1.21 0.725366 1.04322e-13 0.272846 -8.75994e-14 1.25007e-13 1.55594e-13
1.215 0.726227 1.06171e-13 0.271986 -8.92959e-14 1.25359e-13 1.55907e-13
1.22 0.727078 1.07946e-13 0.271137 -9.09281e-14 1.25702e-13 1.5622e-13
1.225 0.727919 1.09694e-13 0.270297 -9.25325e-14 1.26033e-13 1.56535e-13
1.23 0.728752 1.11113e-13 0.269465 -9.40958e-14 1.26351e-13 1.56842e-13
1.235 0.729576 1.12652e-13 0.268642 -9.56117e-14 1.26661e-13 1.57163e-13
1.24 0.730392 1.14035e-13 0.267827 -9.70812e-14 1.26954e-13 1.57475e-13
1.245 0.731202 1.15431e-13 0.267019 -9.84873e-14 1.27237e-13 1.57784e-13
1.25 0.732004 1.168e-13 0.266217 -9.98474e-14 1.27504e-13 1.58094e-13
1.255 0.732801 1.17939e-13 0.265422 -1.0115e-13 1.27756e-13 1.58409e-13
1.26 0.733592 1.19026e-13 0.264632 -1.02386e-13 1.27992e-13 1.5872e-13
1.265 0.734378 1.20081e-13 0.263847 -1.0355e-13 1.28216e-13 1.59018e-13
1.27 0.735159 1.21052e-13 0.263067 -1.04658e-13 1.28426e-13 1.59322e-13
1.275 0.735936 1.22166e-13 0.262291 -1.05704e-13 1.2862e-13 1.59624e-13
1.28 0.73671 1.23243e-13 0.261518 -1.06637e-13 1.28795e-13 1.59921e-13
1.285 0.737481 1.24038e-13 0.260748 -1.07483e-13 1.28951e-13 1.60219e-13
1.29 0.738249 1.2495e-13 0.259981 -1.0828e-13 1.29091e-13 1.6052e-13
1.295 0.739016 1.25994e-13 0.259215 -1.09035e-13 1.29219e-13 1.60822e-13
1.3 0.739781 1.26565e-13 0.258451 -1.09694e-13 1.29331e-13 1.61115e-13
1.305 0.740544 1.27134e-13 0.257689 -1.10271e-13 1.29431e-13 1.61405e-13
1.31 0.741307 1.275e-13 0.256927 -1.10791e-13 1.29515e-13 1.61703e-13
1.315 0.74207 1.27781e-13 0.256164 -1.11248e-13 1.29582e-13 1.62016e-13
1.32 0.742834 1.28262e-13 0.255402 -1.11651e-13 1.29634e-13 1.62324e-13
1.325 0.743598 1.28699e-13 0.254639 -1.11987e-13 1.29672e-13 1.62625e-13
1.33 0.744363 1.2899e-13 0.253875 -1.12262e-13 1.2969e-13 1.62922e-13
1.335 0.74513 1.29157e-13 0.253109 -1.12434e-13 1.2969e-13 1.63221e-13
1.34 0.745899 1.29349e-13 0.252341 -1.1252e-13 1.2967e-13 1.63518e-13
1.345 0.74667 1.29347e-13 0.25157 -1.12542e-13 1.29633e-13 1.63813e-13
1.35 0.747444 1.29524e-13 0.250797 -1.12485e-13 1.29579e-13 1.6411e-13
1.355 0.748221 1.29489e-13 0.250021 -1.12356e-13 1.29504e-13 1.64411e-13
1.36 0.749003 1.29167e-13 0.24924 -1.12128e-13 1.29407e-13 1.64714e-13
1.365 0.749787 1.28842e-13 0.248456 -1.11802e-13 1.29298e-13 1.65011e-13
1.37 0.750577 1.28576e-13 0.247668 -1.11391e-13 1.29174e-13 1.65302e-13
1.375 0.751371 1.27981e-13 0.246875 -1.10902e-13 1.29037e-13 1.65602e-13
1.38 0.75217 1.27695e-13 0.246077 -1.10333e-13 1.28877e-13 1.65903e-13
1.385 0.752974 1.27112e-13 0.245273 -1.09689e-13 1.28699e-13 1.66201e-13
1.39 0.753785 1.26226e-13 0.244464 -1.08969e-13 1.28507e-13 1.66487e-13
1.395 0.754601 1.25449e-13 0.243648 -1.08158e-13 1.2829e-13 1.66771e-13
1.4 0.755423 1.24581e-13 0.242827 -1.07287e-13 1.28049e-13 1.67058e-13
1.405 0.756253 1.23939e-13 0.241999 -1.06345e-13 1.27789e-13 1.67337e-13
1.41 0.757089 1.23008e-13 0.241164 -1.05336e-13 1.27516e-13 1.67617e-13
1.415 0.757932 1.21869e-13 0.240321 -1.04235e-13 1.27229e-13 1.67886e-13
1.42 0.758782 1.20755e-13 0.239472 -1.03076e-13 1.26924e-13 1.68145e-13
1.425 0.759641 1.19618e-13 0.238614 -1.0185e-13 1.26606e-13 1.68397e-13
1.43 0.760507 1.18407e-13 0.237749 -1.00572e-13 1.26273e-13 1.68646e-13
1.435 0.761381 1.17227e-13 0.236876 -9.92308e-14 1.25924e-13 1.6889e-13
1.44 0.762264 1.15774e-13 0.235994 -9.78095e-14 1.25558e-13 1.69128e-13
1.445 0.763156 1.14256e-13 0.235103 -9.63223e-14 1.25173e-13 1.6935e-13
1.45 0.764056 1.12719e-13 0.234204 -9.47778e-14 1.24778e-13 1.69561e-13
1.455 0.764965 1.11154e-13 0.233296 -9.31493e-14 1.2437e-13 1.69773e-13
1.46 0.765883 1.09495e-13 0.232379 -9.14701e-14 1.23949e-13 1.69976e-13
1.465 0.766811 1.07813e-13 0.231453 -8.97139e-14 1.23525e-13 1.7017e-13
1.47 0.767748 1.05933e-13 0.230517 -8.7892e-14 1.23079e-13 1.70349e-13
1.475 0.768694 1.03934e-13 0.229571 -8.60152e-14 1.22622e-13 1.70517e-13
1.48 0.769651 1.02026e-13 0.228616 -8.40899e-14 1.22152e-13 1.70677e-13
1.485 0.770617 9.99677e-14 0.227651 -8.20858e-14 1.21671e-13 1.70837e-13
1.49 0.771593 9.79064e-14 0.226676 -8.00182e-14 1.21182e-13 1.70978e-13
1.495 0.772579 9.57245e-14 0.225691 -7.78969e-14 1.20681e-13 1.7111e-13
1.5 0.773576 9.35361e-14 0.224696 -7.57186e-14 1.20176e-13 1.71234e-13
1.505 0.774582 9.12134e-14 0.22369 -7.34889e-14 1.19662e-13 1.71367e-13
1.51 0.775599 8.89559e-14 0.222675 -7.11937e-14 1.1914e-13 1.71499e-13
1.515 0.776627 8.67564e-14 0.221649 -6.88482e-14 1.18605e-13 1.71623e-13
1.52 0.777664 8.43909e-14 0.220612 -6.6449e-14 1.18059e-13 1.71749e-13
1.525 0.778712 8.20168e-14 0.219566 -6.40018e-14 1.1751e-13 1.71871e-13
1.53 0.779771 7.95324e-14 0.218509 -6.15167e-14 1.16951e-13 1.71996e-13
1.535 0.78084 7.70857e-14 0.217441 -5.89693e-14 1.16388e-13 1.72113e-13
1.54 0.781919 7.4399e-14 0.216363 -5.63773e-14 1.1582e-13 1.72228e-13
1.545 0.783009 7.19016e-14 0.215275 -5.3747e-14 1.15236e-13 1.72336e-13
1.55 0.784109 6.90437e-14 0.214176 -5.10625e-14 1.14652e-13 1.7245e-13
1.555 0.78522 6.63368e-14 0.213067 -4.83497e-14 1.14064e-13 1.72564e-13
1.56 0.786341 6.35948e-14 0.211947 -4.56008e-14 1.13473e-13 1.72671e-13
1.565 0.787472 6.07901e-14 0.210818 -4.28224e-14 1.12881e-13 1.7278e-13
1.57 0.788613 5.79102e-14 0.209678 -4.00075e-14 1.12294e-13 1.72894e-13
1.575 0.789765 5.51775e-14 0.208528 -3.71557e-14 1.11713e-13 1.72994e-13
1.58 0.790927 5.21311e-14 0.207368 -3.4267e-14 1.1113e-13 1.73089e-13
1.585 0.792098 4.92199e-14 0.206198 -3.135e-14 1.10543e-13 1.7319e-13
1.59 0.79328 4.63406e-14 0.205018 -2.83997e-14 1.09957e-13 1.73289e-13
1.595 0.794471 4.33924e-14 0.203828 -2.54231e-14 1.09375e-13 1.73393e-13
1.6 0.795672 4.04609e-14 0.202629 -2.24325e-14 1.08796e-13 1.73497e-13
1.605 0.796882 3.7501e-14 0.201421 -1.9421e-14 1.08222e-13 1.73597e-13
1.61 0.798102 3.43478e-14 0.200203 -1.63655e-14 1.07656e-13 1.73689e-13
1.615 0.799331 3.12952e-14 0.198976 -1.32963e-14 1.07104e-13 1.7377e-13
1.62 0.800569 2.82172e-14 0.197739 -1.01991e-14 1.06564e-13 1.73856e-13
1.625 0.801816 2.50044e-14 0.196494 -7.07782e-15 1.06034e-13 1.7394e-13
1.63 0.803072 2.19642e-14 0.195241 -3.94916e-15 1.05507e-13 1.74022e-13
1.635 0.804336 1.87879e-14 0.193979 -8.10177e-16 1.04996e-13 1.74103e-13
1.64 0.805608 1.55995e-14 0.192708 2.3409e-15 1.04494e-13 1.74182e-13
1.645 0.806889 1.25438e-14 0.19143 5.49898e-15 1.0401e-13 1.74262e-13
1.65 0.808177 9.36685e-15 0.190143 8.65851e-15 1.03537e-13 1.74341e-13
1.655 0.809474 6.19049e-15 0.188849 1.18223e-14 1.0308e-13 1.74421e-13
1.66 0.810777 3.00283e-15 0.187548 1.49968e-14 1.02639e-13 1.74497e-13
1.665 0.812088 -6.00452e-17 0.186239 1.81743e-14 1.02216e-13 1.74586e-13
1.67 0.813406 -3.11083e-15 0.184923 2.13596e-14 1.01812e-13 1.74685e-13
1.675 0.81473 -6.31958e-15 0.183601 2.4546e-14 1.01421e-13 1.7478e-13
1.68 0.816061 -9.52546e-15 0.182272 2.77502e-14 1.01045e-13 1.74873e-13
1.685 0.817398 -1.27898e-14 0.180937 3.09637e-14 1.00691e-13 1.74965e-13
1.69 0.818741 -1.5966e-14 0.179597 3.41525e-14 1.00354e-13 1.75058e-13
1.695 0.82009 -1.92158e-14 0.17825 3.73528e-14 1.00041e-13 1.75159e-13
1.7 0.821444 -2.2458e-14 0.176898 4.05294e-14 9.97487e-14 1.75265e-13
1.705 0.822804 -2.56317e-14 0.175542 4.3718e-14 9.94792e-14 1.75379e-13
1.71 0.824167 -2.89091e-14 0.17418 4.69115e-14 9.92347e-14 1.75492e-13
1.715 0.825536 -3.20272e-14 0.172814 5.00671e-14 9.90135e-14 1.75614e-13
1.72 0.826908 -3.52178e-14 0.171444 5.32039e-14 9.8818e-14 1.75727e-13
1.725 0.828285 -3.84165e-14 0.17007 5.63258e-14 9.86536e-14 1.75832e-13
1.73 0.829665 -4.1579e-14 0.168693 5.94325e-14 9.85164e-14 1.75938e-13
1.735 0.831048 -4.46654e-14 0.167312 6.25414e-14 9.84056e-14 1.76044e-13
1.74 0.832434 -4.77578e-14 0.165929 6.5652e-14 9.83249e-14 1.76146e-13
1.745 0.833823 -5.08311e-14 0.164543 6.87698e-14 9.82768e-14 1.76249e-13
1.75 0.835213 -5.38941e-14 0.163154 7.18369e-14 9.8257e-14 1.76346e-13
1.755 0.836606 -5.69316e-14 0.161764 7.48585e-14 9.82669e-14 1.76439e-13
1.76 0.838 -5.9935e-14 0.160373 7.78762e-14 9.8305e-14 1.76533e-13
1.765 0.839395 -6.28955e-14 0.15898 8.0901e-14 9.83688e-14 1.76626e-13
1.77 0.840791 -6.60005e-14 0.157587 8.39218e-14 9.84669e-14 1.7671e-13
1.775 0.842188 -6.89817e-14 0.156193 8.69381e-14 9.85864e-14 1.76783e-13
1.78 0.843585 -7.18905e-14 0.1548 8.99111e-14 9.87336e-14 1.7685e-13
1.785 0.844981 -7.48034e-14 0.153406 9.28767e-14 9.89078e-14 1.76915e-13
1.79 0.846376 -7.78061e-14 0.152013 9.5838e-14 9.91052e-14 1.76983e-13
1.795 0.847771 -8.07398e-14 0.150621 9.87947e-14 9.93276e-14 1.77041e-13
1.8 0.849164 -8.37984e-14 0.149231 1.01738e-13 9.95769e-14 1.77092e-13
1.805 0.850556 -8.66916e-14 0.147843 1.04669e-13 9.98535e-14 1.77138e-13
1.81 0.851945 -8.96782e-14 0.146456 1.07598e-13 1.00155e-13 1.77176e-13
1.815 0.853331 -9.26235e-14 0.145073 1.10512e-13 1.0048e-13 1.77203e-13
1.82 0.854715 -9.55163e-14 0.143692 1.13429e-13 1.00822e-13 1.77212e-13
1.825 0.856095 -9.84355e-14 0.142315 1.16327e-13 1.01186e-13 1.77213e-13
1.83 0.857472 -1.01298e-13 0.140941 1.1919e-13 1.01571e-13 1.77202e-13
1.835 0.858844 -1.04196e-13 0.139572 1.2204e-13 1.0197e-13 1.77182e-13
1.84 0.860212 -1.06979e-13 0.138207 1.24834e-13 1.0238e-13 1.77154e-13
1.845 0.861574 -1.09735e-13 0.136848 1.2761e-13 1.02801e-13 1.77123e-13
1.85 0.862931 -1.12451e-13 0.135494 1.30349e-13 1.03231e-13 1.77091e-13
1.855 0.864282 -1.15076e-13 0.134146 1.33062e-13 1.0367e-13 1.77065e-13
1.86 0.865626 -1.17754e-13 0.132805 1.35736e-13 1.04111e-13 1.77051e-13
1.865 0.86695 -1.209e-13 0.131484 1.38857e-13 1.03909e-13 1.78201e-13
1.87 0.868269 -1.23997e-13 0.130168 1.41931e-13 1.03774e-13 1.79287e-13
1.875 0.869583 -1.27058e-13 0.128858 1.44967e-13 1.03709e-13 1.80304e-13
1.88 0.870892 -1.30058e-13 0.127552 1.47953e-13 1.03716e-13 1.8125e-13
1.885 0.872195 -1.33017e-13 0.126253 1.50891e-13 1.03793e-13 1.82129e-13
1.89 0.873492 -1.35894e-13 0.124959 1.53778e-13 1.03924e-13 1.82944e-13
1.895 0.874781 -1.38703e-13 0.123673 1.5661e-13 1.04102e-13 1.83695e-13
1.9 0.876062 -1.41489e-13 0.122396 1.59388e-13 1.04297e-13 1.84394e-13
1.905 0.877334 -1.44181e-13 0.121127 1.621e-13 1.04534e-13 1.85031e-13
1.91 0.878596 -1.46845e-13 0.119868 1.64756e-13 1.04811e-13 1.85602e-13
1.915 0.879849 -1.49455e-13 0.118619 1.67352e-13 1.0513e-13 1.86107e-13
1.92 0.881091 -1.52008e-13 0.11738 1.69905e-13 1.05493e-13 1.86538e-13
1.925 0.882323 -1.54497e-13 0.116151 1.72395e-13 1.059e-13 1.86886e-13
1.93 0.883544 -1.56943e-13 0.114934 1.74831e-13 1.06354e-13 1.87133e-13
1.935 0.884753 -1.59371e-13 0.113728 1.77222e-13 1.06832e-13 1.87332e-13
1.94 0.885966 -1.61729e-13 0.112518 1.79603e-13 1.07392e-13 1.87513e-13
1.945 0.887166 -1.64033e-13 0.111322 1.81896e-13 1.0796e-13 1.87648e-13
1.95 0.888351 -1.66276e-13 0.11014 1.84113e-13 1.08527e-13 1.8774e-13
1.955 0.889521 -1.68438e-13 0.108973 1.86254e-13 1.09093e-13 1.87787e-13
1.96 0.890677 -1.70541e-13 0.10782 1.88335e-13 1.09652e-13 1.87788e-13
1.965 0.891818 -1.72541e-13 0.106683 1.90349e-13 1.10202e-13 1.8774e-13
1.97 0.892944 -1.74488e-13 0.10556 1.92266e-13 1.10738e-13 1.87643e-13
1.975 0.894054 -1.7631e-13 0.104453 1.94101e-13 1.11255e-13 1.87493e-13
1.98 0.895149 -1.78058e-13 0.103362 1.95838e-13 1.11744e-13 1.8729e-13
1.985 0.896227 -1.79713e-13 0.102287 1.97487e-13 1.12196e-13 1.87027e-13
1.99 0.89729 -1.81299e-13 0.101228 1.99043e-13 1.126e-13 1.867e-13
1.995 0.898335 -1.82767e-13 0.100185 2.00511e-13 1.12943e-13 1.86305e-13
2 0.899364 -1.84156e-13 0.0991594 2.01888e-13 1.13207e-13 1.85832e-13
2.005 0.900377 -1.85476e-13 0.0981503 2.03173e-13 1.13372e-13 1.85273e-13
2.01 0.901372 -1.86685e-13 0.0971583 2.04362e-13 1.1341e-13 1.84614e-13
2.015 0.90235 -1.87789e-13 0.0961834 2.05453e-13 1.13281e-13 1.83841e-13
2.02 0.903311 -1.8878e-13 0.0952259 2.06444e-13 1.12933e-13 1.82916e-13
2.025 0.904254 -1.89681e-13 0.094286 2.07346e-13 1.12288e-13 1.81798e-13
2.03 0.905179 -1.90481e-13 0.0933636 2.08128e-13 1.11235e-13 1.80433e-13
2.035 0.906087 -1.91201e-13 0.092459 2.08817e-13 1.09601e-13 1.78725e-13
2.04 0.906977 -1.91824e-13 0.0915722 2.09408e-13 1.07112e-13 1.76522e-13
2.045 0.907848 -1.92334e-13 0.0907034 2.099e-13 1.03297e-13 1.73561e-13
2.05 0.908702 -1.92748e-13 0.0898527 2.10305e-13 9.73123e-14 1.69376e-13
2.055 0.909538 -1.93073e-13 0.0890199 2.10611e-13 8.75183e-14 1.63059e-13
2.06 0.910356 -1.93289e-13 0.0882052 2.10823e-13 7.08143e-14 1.52918e-13
2.065 0.911155 -1.93423e-13 0.0874085 2.10947e-13 5.59471e-14 1.44122e-13
2.07 0.911936 -1.9345e-13 0.0866302 2.10973e-13 4.24346e-14 1.36361e-13
2.075 0.912699 -1.93389e-13 0.0858706 2.10902e-13 3.0245e-14 1.29586e-13
2.08 0.913471 -1.93397e-13 0.0851015 2.1086e-13 2.36062e-14 1.32093e-13
2.085 0.914222 -1.93263e-13 0.0843537 2.10708e-13 1.79571e-14 1.34785e-13
2.09 0.914951 -1.92992e-13 0.0836273 2.10439e-13 1.32662e-14 1.37633e-13
2.095 0.915659 -1.92621e-13 0.0829221 2.10059e-13 9.50368e-15 1.40619e-13
2.1 0.916346 -1.92121e-13 0.0822381 2.09565e-13 6.63886e-15 1.43723e-13
2.105 0.917016 -1.91612e-13 0.0815708 2.09059e-13 1.70163e-14 1.46961e-13
2.11 0.917664 -1.90995e-13 0.0809255 2.08412e-13 2.71581e-14 1.50099e-13
2.115 0.91829 -1.9025e-13 0.0803021 2.07655e-13 3.70623e-14 1.53136e-13
2.12 0.918895 -1.89407e-13 0.0797002 2.06777e-13 4.67282e-14 1.56072e-13
2.125 0.919478 -1.88467e-13 0.0791197 2.05784e-13 5.61546e-14 1.58908e-13
2.13 0.92004 -1.87403e-13 0.0785603 2.0468e-13 6.53409e-14 1.61645e-13
2.135 0.920581 -1.86129e-13 0.0780219 2.03433e-13 7.42888e-14 1.6428e-13
2.14 0.921101 -1.84723e-13 0.0775041 2.02046e-13 8.29967e-14 1.66812e-13
2.145 0.921601 -1.83291e-13 0.0770069 2.00557e-13 9.14629e-14 1.69244e-13
2.15 0.922081 -1.81709e-13 0.0765298 1.98964e-13 9.9686e-14 1.7158e-13
2.155 0.92254 -1.8001e-13 0.0760727 1.97285e-13 1.07669e-13 1.73818e-13
2.16 0.92298 -1.78211e-13 0.0756353 1.95486e-13 1.15411e-13 1.7596e-13
2.165 0.9234 -1.76328e-13 0.0752174 1.93606e-13 1.2291e-13 1.78009e-13
2.17 0.923801 -1.74354e-13 0.0748187 1.91644e-13 1.3017e-13 1.79962e-13
2.175 0.924183 -1.72317e-13 0.0744389 1.89602e-13 1.37193e-13 1.81817e-13
2.18 0.924546 -1.70189e-13 0.0740779 1.87477e-13 1.43975e-13 1.83577e-13
2.185 0.924891 -1.67977e-13 0.0737352 1.8528e-13 1.50517e-13 1.85242e-13
2.19 0.925217 -1.65737e-13 0.0734107 1.83043e-13 1.5682e-13 1.86819e-13
2.195 0.925526 -1.63426e-13 0.0731041 1.80735e-13 1.62883e-13 1.88305e-13
2.2 0.925817 -1.61088e-13 0.0728151 1.78345e-13 1.68708e-13 1.897e-13
2.205 0.92609 -1.58608e-13 0.0725434 1.75863e-13 1.74299e-13 1.91004e-13
2.21 0.926347 -1.56035e-13 0.0722888 1.73301e-13 1.79656e-13 1.92222e-13
2.215 0.926586 -1.53405e-13 0.0720509 1.70673e-13 1.84778e-13 1.93349e-13
2.22 0.926809 -1.50725e-13 0.0718295 1.67974e-13 1.89668e-13 1.94387e-13
2.225 0.927016 -1.47947e-13 0.0716243 1.65201e-13 1.94325e-13 1.95338e-13
2.23 0.927207 -1.45118e-13 0.071435 1.62352e-13 1.98751e-13 1.96208e-13
2.235 0.927382 -1.42209e-13 0.0712614 1.59451e-13 2.02949e-13 1.96998e-13
2.24 0.927542 -1.39237e-13 0.071103 1.56491e-13 2.0692e-13 1.97706e-13
2.245 0.927687 -1.36226e-13 0.0709598 1.53484e-13 2.10664e-13 1.98335e-13
2.25 0.927817 -1.33136e-13 0.0708312 1.50418e-13 2.1418e-13 1.9888e-13
2.255 0.927932 -1.30022e-13 0.0707171 1.473e-13 2.17475e-13 1.99347e-13
2.26 0.928034 -1.26848e-13 0.0706172 1.44126e-13 2.20551e-13 1.99739e-13
2.265 0.928121 -1.23579e-13 0.0705312 1.40882e-13 2.23409e-13 2.00053e-13
2.27 0.928195 -1.20292e-13 0.0704588 1.37586e-13 2.26048e-13 2.00291e-13
2.275 0.928255 -1.16973e-13 0.0703997 1.3429e-13 2.28471e-13 2.00454e-13
2.28 0.928303 -1.13659e-13 0.0703535 1.30967e-13 2.30678e-13 2.00546e-13
2.285 0.928337 -1.10267e-13 0.0703201 1.2755e-13 2.32675e-13 2.00565e-13
2.29 0.928359 -1.06802e-13 0.0702991 1.24086e-13 2.34461e-13 2.00513e-13
2.295 0.928369 -1.03282e-13 0.0702903 1.20582e-13 2.36039e-13 2.00393e-13
2.3 0.928367 -9.96993e-14 0.0702933 1.17019e-13 2.37411e-13 2.00206e-13
2.305 0.928354 -9.60821e-14 0.070308 1.13414e-13 2.3858e-13 1.99949e-13
2.31 0.928329 -9.24491e-14 0.0703338 1.09784e-13 2.39545e-13 1.99625e-13
2.315 0.928293 -8.87854e-14 0.0703708 1.06116e-13 2.40312e-13 1.99233e-13
2.32 0.928243 -8.50466e-14 0.0704213 1.02382e-13 2.40806e-13 1.98882e-13
2.325 0.928183 -8.12985e-14 0.0704821 9.86261e-14 2.41112e-13 1.98461e-13
2.33 0.928113 -7.75308e-14 0.0705528 9.48442e-14 2.4123e-13 1.97972e-13
2.335 0.928034 -7.37399e-14 0.0706332 9.10487e-14 2.41164e-13 1.97413e-13
2.34 0.927945 -6.98847e-14 0.070723 8.71863e-14 2.40916e-13 1.9679e-13
2.345 0.927847 -6.59867e-14 0.0708219 8.33068e-14 2.40487e-13 1.961e-13
2.35 0.927739 -6.20704e-14 0.0709298 7.93898e-14 2.39879e-13 1.95342e-13
2.355 0.927623 -5.80811e-14 0.0710463 7.53972e-14 2.39099e-13 1.94516e-13
2.36 0.927499 -5.40473e-14 0.0711713 7.13739e-14 2.38145e-13 1.93618e-13
2.365 0.927367 -5.00138e-14 0.0713044 6.7334e-14 2.37019e-13 1.92645e-13
2.37 0.927226 -4.59656e-14 0.0714454 6.32845e-14 2.35716e-13 1.91603e-13
2.375 0.92708 -4.18669e-14 0.0715918 5.91787e-14 2.34266e-13 1.90573e-13
2.38 0.926927 -3.77636e-14 0.0717457 5.50677e-14 2.3264e-13 1.89474e-13
2.385 0.926766 -3.36432e-14 0.071907 5.09463e-14 2.30842e-13 1.88299e-13
2.39 0.926598 -2.9508e-14 0.0720756 4.67959e-14 2.28871e-13 1.87049e-13
2.395 0.926423 -2.53557e-14 0.0722515 4.26443e-14 2.26717e-13 1.85731e-13
2.4 0.926243 -2.12008e-14 0.0724313 3.8491e-14 2.24457e-13 1.84351e-13
2.405 0.926058 -1.70351e-14 0.0726172 3.43321e-14 2.22008e-13 1.82932e-13
2.41 0.925866 -1.27488e-14 0.0728094 3.00627e-14 2.19372e-13 1.81471e-13
2.415 0.925668 -8.433e-15 0.0730081 2.57456e-14 2.16545e-13 1.79967e-13
2.42 0.925462 -4.0386e-15 0.0732141 2.13476e-14 2.13512e-13 1.78404e-13
2.425 0.925246 4.09339e-16 0.0734305 1.68812e-14 2.10232e-13 1.76728e-13
2.43 0.925019 4.81509e-15 0.073657 1.24827e-14 2.0673e-13 1.7492e-13
2.435 0.924784 9.14291e-15 0.0738922 8.15079e-15 2.03009e-13 1.7299e-13
2.44 0.924544 1.34406e-14 0.0741331 3.84885e-15 1.99043e-13 1.7108e-13
2.445 0.924293 1.76149e-14 0.0743838 -3.11423e-16 1.94804e-13 1.691e-13
2.45 0.924041 2.17003e-14 0.0746363 -4.39848e-15 1.90364e-13 1.67219e-13
2.455 0.923779 2.57017e-14 0.0748983 -8.40257e-15 1.85621e-13 1.65341e-13
2.46 0.923511 2.9675e-14 0.0751661 -1.2377e-14 1.80509e-13 1.63765e-13
2.465 0.923254 3.35789e-14 0.0754228 -1.62811e-14 1.75447e-13 1.62223e-13
2.47 0.923008 3.74282e-14 0.0756686 -2.01305e-14 1.70431e-13 1.60718e-13
2.475 0.922773 4.12416e-14 0.0759038 -2.39412e-14 1.65463e-13 1.59249e-13
2.48 0.922548 4.50345e-14 0.0761284 -2.77334e-14 1.60545e-13 1.57816e-13
2.485 0.922334 4.87401e-14 0.0763428 -3.14371e-14 1.55674e-13 1.56415e-13
2.49 0.92213 5.23864e-14 0.076547 -3.50825e-14 1.5085e-13 1.55046e-13
2.495 0.921935 5.59738e-14 0.0767413 -3.86709e-14 1.46074e-13 1.53708e-13
2.5 0.921751 5.95434e-14 0.0769258 -4.22405e-14 1.41345e-13 1.524e-13
