0 0 0 1 0 0 0
0.005 3.5541e-05 1.77227e-16 0.999948 2.57045e-16 5.01489e-16 -2.59079e-15
0.01 0.000154085 2.29956e-16 0.999829 1.63473e-17 -4.6702e-16 -2.85894e-15
0.015 0.000351617 2.44204e-16 0.99963 1.36572e-17 -1.4707e-15 -3.40322e-15
0.02 0.000628067 3.78961e-16 0.999352 1.31266e-17 -2.50648e-15 -4.04329e-15
0.025 0.000983334 5.19872e-16 0.998995 1.58185e-17 -3.57304e-15 -4.49454e-15
0.03 0.00141729 5.64788e-16 0.998558 1.64834e-17 -4.66846e-15 -4.72934e-15
0.035 0.00192978 5.79451e-16 0.998042 1.77815e-17 -5.79216e-15 -4.95724e-15
0.04 0.00252078 4.55703e-16 0.997447 3.11312e-17 -6.94269e-15 -4.97014e-15
0.045 0.00319017 3.77555e-16 0.996774 3.98042e-17 -8.1187e-15 -4.96679e-15
0.05 0.00393782 2.84329e-16 0.996022 5.90492e-17 -9.31895e-15 -4.88465e-15
0.055 0.00476354 5.18867e-16 0.995191 7.94597e-17 -1.05458e-14 -4.80133e-15
0.06 0.00566705 4.48919e-16 0.994282 1.05364e-16 -1.17974e-14 -4.56547e-15
0.065 0.00664821 3.2774e-16 0.993295 1.45125e-16 -1.30698e-14 -4.19599e-15
0.07 0.00770665 5.72821e-16 0.99223 1.76086e-16 -1.43566e-14 -3.73792e-15
0.075 0.00884209 7.39053e-16 0.991089 2.0748e-16 -1.56606e-14 -3.25876e-15
0.08 0.0100542 5.93723e-16 0.98987 2.44147e-16 -1.69814e-14 -2.80626e-15
0.085 0.0113428 7.16467e-16 0.988574 2.7972e-16 -1.83158e-14 -2.46956e-15
0.09 0.0127073 4.63529e-16 0.987202 3.23069e-16 -1.96638e-14 -2.14539e-15
0.095 0.0141475 2.72135e-16 0.985754 3.6175e-16 -2.10289e-14 -1.79035e-15
0.1 0.0156631 3.64389e-16 0.984231 3.95604e-16 -2.24061e-14 -1.38015e-15
0.105 0.0172535 4.08264e-16 0.982633 4.20414e-16 -2.37908e-14 -9.98254e-16
0.11 0.0189184 4.36698e-16 0.98096 4.2821e-16 -2.5185e-14 -6.42326e-16
0.115 0.0206571 3.78762e-16 0.979213 4.35868e-16 -2.65872e-14 -2.55683e-16
0.12 0.0224693 5.04768e-16 0.977392 4.39611e-16 -2.79958e-14 2.9146e-16
0.125 0.0243544 5.00724e-16 0.975498 4.49312e-16 -2.94096e-14 9.33286e-16
0.13 0.0263119 6.03357e-16 0.973532 4.59538e-16 -3.08289e-14 1.56913e-15
0.135 0.0283414 4.47789e-16 0.971494 4.76683e-16 -3.22535e-14 2.15634e-15
0.14 0.0304421 3.83362e-16 0.969384 4.69725e-16 -3.368e-14 2.96678e-15
0.145 0.0326136 1.75827e-16 0.967204 4.65787e-16 -3.51088e-14 3.73571e-15
0.15 0.0348552 2.26293e-16 0.964953 4.54075e-16 -3.65382e-14 4.49332e-15
0.155 0.0371663 3.70416e-16 0.962633 4.41224e-16 -3.79695e-14 5.20361e-15
0.16 0.0395463 4.84681e-16 0.960244 4.28003e-16 -3.94032e-14 5.88869e-15
0.165 0.0419945 5.15238e-16 0.957786 4.1755e-16 -4.08378e-14 6.61347e-15
0.17 0.0445103 5.04264e-16 0.955262 4.00141e-16 -4.22717e-14 7.38927e-15
0.175 0.0470928 4.72738e-16 0.95267 3.87514e-16 -4.37019e-14 8.22326e-15
0.18 0.0497415 5.21808e-16 0.950012 3.75147e-16 -4.51298e-14 9.09095e-15
0.185 0.0524557 6.8812e-16 0.947289 3.60991e-16 -4.65527e-14 9.94861e-15
0.19 0.0552344 7.90497e-16 0.944501 3.53302e-16 -4.79676e-14 1.07983e-14
0.195 0.058077 9.09202e-16 0.94165 3.47518e-16 -4.93756e-14 1.15703e-14
0.2 0.0609827 9.30422e-16 0.938735 3.40824e-16 -5.07758e-14 1.23654e-14
0.205 0.0639508 9.30299e-16 0.935759 3.326e-16 -5.21666e-14 1.32079e-14
0.21 0.0669802 1.1086e-15 0.932721 3.18185e-16 -5.35456e-14 1.40541e-14
0.215 0.0700704 1.34539e-15 0.929622 3.01865e-16 -5.49142e-14 1.49339e-14
0.22 0.0732203 1.00626e-15 0.926464 2.87719e-16 -5.62721e-14 1.57548e-14
0.225 0.0764291 8.69942e-16 0.923247 2.75229e-16 -5.76167e-14 1.65739e-14
0.23 0.079696 9.18124e-16 0.919972 2.56926e-16 -5.8949e-14 1.74017e-14
0.235 0.0830201 1.18535e-15 0.91664 2.37092e-16 -6.02666e-14 1.82383e-14
0.24 0.0864004 1.09558e-15 0.913252 2.1376e-16 -6.15688e-14 1.91441e-14
0.245 0.089836 1.18767e-15 0.909809 1.89005e-16 -6.28559e-14 2.00856e-14
0.25 0.093326 9.44678e-16 0.906311 1.68839e-16 -6.41262e-14 2.10714e-14
0.255 0.0968694 6.58745e-16 0.902761 1.46534e-16 -6.53802e-14 2.21056e-14
0.26 0.100465 5.49438e-16 0.899158 1.25188e-16 -6.66177e-14 2.3217e-14
0.265 0.104113 4.27653e-16 0.895504 1.018e-16 -6.78376e-14 2.44043e-14
0.27 0.107811 4.24987e-16 0.891799 7.76478e-17 -6.90351e-14 2.563e-14
0.275 0.111558 3.12145e-16 0.888045 5.28943e-17 -7.01942e-14 2.68364e-14
0.28 0.115354 2.32815e-16 0.884243 1.73576e-17 -7.13267e-14 2.80051e-14
0.285 0.119198 4.44503e-16 0.880393 -1.54123e-17 -7.24311e-14 2.91189e-14
0.29 0.123088 2.73128e-16 0.876497 -5.30626e-17 -7.35111e-14 3.01993e-14
0.295 0.127024 3.85723e-16 0.872556 -8.83177e-17 -7.45637e-14 3.13317e-14
0.3 0.131004 4.28424e-16 0.868571 -1.20994e-16 -7.55891e-14 3.25299e-14
0.305 0.135028 4.68496e-16 0.864542 -1.61141e-16 -7.65873e-14 3.36919e-14
0.31 0.139093 3.48371e-16 0.860472 -2.08065e-16 -7.75572e-14 3.48501e-14
0.315 0.143201 2.54754e-16 0.85636 -2.57773e-16 -7.84992e-14 3.60211e-14
0.32 0.147348 2.14334e-16 0.852209 -3.18227e-16 -7.94081e-14 3.72122e-14
0.325 0.151535 3.20296e-16 0.848018 -3.87743e-16 -8.02852e-14 3.8389e-14
0.33 0.155759 2.16106e-16 0.84379 -4.55217e-16 -8.11253e-14 3.9583e-14
0.335 0.160021 6.98463e-16 0.839525 -5.0784e-16 -8.19285e-14 4.07804e-14
0.34 0.164318 9.14716e-16 0.835224 -5.59353e-16 -8.26921e-14 4.1953e-14
0.345 0.16865 5.94416e-16 0.830889 -6.13873e-16 -8.34141e-14 4.31192e-14
0.35 0.173016 7.81562e-16 0.826521 -6.77934e-16 -8.40955e-14 4.42768e-14
0.355 0.177415 1.10047e-15 0.82212 -7.29057e-16 -8.47359e-14 4.5327e-14
0.36 0.181844 1.2963e-15 0.817688 -7.57985e-16 -8.53447e-14 4.63327e-14
0.365 0.186304 1.59632e-15 0.813227 -7.88974e-16 -8.59189e-14 4.73409e-14
0.37 0.190793 1.43928e-15 0.808736 -8.03502e-16 -8.64606e-14 4.8349e-14
0.375 0.19531 1.62438e-15 0.804218 -7.9683e-16 -8.69713e-14 4.93402e-14
0.38 0.199854 1.69071e-15 0.799673 -9.07768e-16 -8.74496e-14 5.02967e-14
0.385 0.204424 1.91991e-15 0.795103 -9.98057e-16 -8.79072e-14 5.12412e-14
0.39 0.209018 1.78259e-15 0.790508 -1.06137e-15 -8.83477e-14 5.22341e-14
0.395 0.213635 1.94019e-15 0.785891 -1.07862e-15 -8.87724e-14 5.32028e-14
0.4 0.218275 1.84015e-15 0.781251 -9.99431e-16 -8.9177e-14 5.41456e-14
0.405 0.222936 1.28863e-15 0.77659 -8.45257e-16 -8.95644e-14 5.50966e-14
0.41 0.227617 9.32975e-16 0.77191 -7.46254e-16 -8.99398e-14 5.6079e-14
0.415 0.232316 9.82904e-16 0.767211 -6.4397e-16 -9.03015e-14 5.70815e-14
0.42 0.237034 5.34681e-16 0.762495 -5.20142e-16 -9.06521e-14 5.80383e-14
0.425 0.241768 6.97363e-16 0.757762 -4.17587e-16 -9.09873e-14 5.89364e-14
0.43 0.246517 8.8964e-16 0.753014 -3.21333e-16 -9.12949e-14 5.98422e-14
0.435 0.25128 1.04663e-15 0.748253 -1.96539e-16 -9.15771e-14 6.07418e-14
0.44 0.256057 8.44382e-16 0.743478 -6.54643e-17 -9.18308e-14 6.1618e-14
0.445 0.260846 4.22488e-16 0.738692 8.26927e-17 -9.20579e-14 6.24576e-14
0.45 0.265645 1.74285e-16 0.733895 2.55495e-16 -9.22603e-14 6.32961e-14
0.455 0.270454 -4.45411e-17 0.729088 3.12501e-16 -9.24326e-14 6.41168e-14
0.46 0.275272 1.21909e-17 0.724273 4.06749e-16 -9.25819e-14 6.49424e-14
0.465 0.280097 1.08803e-16 0.719451 5.48379e-16 -9.27061e-14 6.57451e-14
0.47 0.284928 2.90464e-16 0.714623 6.54893e-16 -9.28075e-14 6.65088e-14
0.475 0.289765 4.52851e-18 0.70979 8.16207e-16 -9.28847e-14 6.72673e-14
0.48 0.294606 5.59297e-18 0.704953 9.3051e-16 -9.29397e-14 6.79797e-14
0.485 0.29945 -1.16594e-16 0.700113 9.71661e-16 -9.29713e-14 6.86826e-14
0.49 0.304296 1.50482e-16 0.695271 9.30847e-16 -9.29823e-14 6.93694e-14
0.495 0.309142 3.12511e-16 0.690429 9.34209e-16 -9.29746e-14 7.00381e-14
0.5 0.313989 6.77164e-16 0.685587 7.73249e-16 -9.29533e-14 7.07043e-14
0.505 0.318834 6.98604e-16 0.680746 6.40447e-16 -9.29154e-14 7.13905e-14
0.51 0.323677 9.31678e-16 0.675908 5.413e-16 -9.28587e-14 7.2014e-14
0.515 0.328516 1.00252e-15 0.671074 3.86799e-16 -9.27819e-14 7.26281e-14
0.52 0.333351 1.4354e-15 0.666244 1.01524e-16 -9.26898e-14 7.32135e-14
0.525 0.33818 1.42228e-15 0.66142 -9.01658e-17 -9.258e-14 7.37593e-14
0.53 0.343003 1.70302e-15 0.656603 -2.19257e-16 -9.24565e-14 7.42585e-14
0.535 0.347818 2.20527e-15 0.651793 -4.49357e-16 -9.23124e-14 7.4723e-14
0.54 0.352625 2.67259e-15 0.646992 -7.58499e-16 -9.21534e-14 7.51622e-14
0.545 0.357422 2.93248e-15 0.642201 -1.05799e-15 -9.19799e-14 7.55701e-14
0.55 0.362208 3.45067e-15 0.63742 -1.48296e-15 -9.1785e-14 7.59394e-14
0.555 0.366983 4.24589e-15 0.632651 -1.94435e-15 -9.15684e-14 7.62463e-14
0.56 0.371746 4.86102e-15 0.627895 -2.40021e-15 -9.13327e-14 7.6538e-14
0.565 0.376495 5.45301e-15 0.623152 -2.97184e-15 -9.1075e-14 7.67726e-14
0.57 0.38123 5.77355e-15 0.618424 -3.43015e-15 -9.07993e-14 7.69647e-14
0.575 0.385949 6.19028e-15 0.613711 -3.91114e-15 -9.05039e-14 7.71174e-14
0.58 0.390652 7.07129e-15 0.609014 -4.49717e-15 -9.01928e-14 7.72262e-14
0.585 0.395339 7.59395e-15 0.604335 -5.00407e-15 -8.9864e-14 7.72881e-14
0.59 0.400007 8.26158e-15 0.599673 -5.5544e-15 -8.95144e-14 7.73022e-14
0.595 0.404656 9.04261e-15 0.595031 -6.25498e-15 -8.91479e-14 7.72683e-14
0.6 0.409286 9.97296e-15 0.590408 -6.96266e-15 -8.87647e-14 7.71876e-14
0.605 0.413895 1.07392e-14 0.585806 -7.67915e-15 -8.83604e-14 7.70655e-14
0.61 0.418482 1.13765e-14 0.581226 -8.53845e-15 -8.79357e-14 7.68922e-14
0.615 0.423048 1.1707e-14 0.576668 -9.41338e-15 -8.74898e-14 7.66668e-14
0.62 0.42759 1.25343e-14 0.572132 -1.03659e-14 -8.70244e-14 7.63845e-14
0.625 0.432109 1.35553e-14 0.567621 -1.13747e-14 -8.65433e-14 7.60636e-14
0.63 0.436603 1.45809e-14 0.563134 -1.22442e-14 -8.6044e-14 7.56994e-14
0.635 0.441072 1.58076e-14 0.558673 -1.30368e-14 -8.55235e-14 7.52908e-14
0.64 0.445512 1.64975e-14 0.554238 -1.38167e-14 -8.49761e-14 7.48325e-14
0.645 0.449924 1.70613e-14 0.549829 -1.44858e-14 -8.44103e-14 7.4294e-14
0.65 0.45431 1.75876e-14 0.545448 -1.5127e-14 -8.38359e-14 7.36837e-14
0.655 0.458667 1.81286e-14 0.541096 -1.57697e-14 -8.32451e-14 7.30157e-14
0.66 0.462995 1.89599e-14 0.536772 -1.64894e-14 -8.26392e-14 7.22777e-14
0.665 0.467294 1.97283e-14 0.532478 -1.71882e-14 -8.20183e-14 7.14798e-14
0.67 0.471563 2.06321e-14 0.528214 -1.78165e-14 -8.13841e-14 7.06318e-14
0.675 0.475801 2.15576e-14 0.52398 -1.85749e-14 -8.074e-14 6.97267e-14
0.68 0.480008 2.26572e-14 0.519778 -1.95141e-14 -8.00822e-14 6.87997e-14
0.685 0.484183 2.36148e-14 0.515608 -2.03698e-14 -7.94117e-14 6.78136e-14
0.69 0.488325 2.43217e-14 0.511471 -2.11611e-14 -7.87358e-14 6.67827e-14
0.695 0.492434 2.5413e-14 0.507367 -2.18941e-14 -7.80561e-14 6.57053e-14
0.7 0.49651 2.61114e-14 0.503296 -2.25093e-14 -7.73739e-14 6.45652e-14
0.705 0.500552 2.67482e-14 0.499259 -2.3018e-14 -7.66815e-14 6.33783e-14
0.71 0.504559 2.73052e-14 0.495257 -2.35214e-14 -7.59867e-14 6.21674e-14
0.715 0.508532 2.77961e-14 0.49129 -2.40359e-14 -7.52891e-14 6.09278e-14
0.72 0.512469 2.84479e-14 0.487359 -2.46779e-14 -7.45916e-14 5.96341e-14
0.725 0.51637 2.90865e-14 0.483463 -2.51957e-14 -7.38923e-14 5.83052e-14
0.73 0.520231 2.95643e-14 0.479604 -2.56866e-14 -7.31897e-14 5.69551e-14
0.735 0.524056 2.98443e-14 0.475782 -2.61713e-14 -7.24787e-14 5.56006e-14
0.74 0.527843 3.06519e-14 0.471997 -2.6654e-14 -7.17618e-14 5.42363e-14
0.745 0.531594 3.10602e-14 0.468249 -2.70627e-14 -7.10427e-14 5.28458e-14
0.75 0.535306 3.12098e-14 0.464539 -2.75106e-14 -7.03207e-14 5.14369e-14
0.755 0.53898 3.1742e-14 0.460868 -2.79067e-14 -6.9601e-14 5.00156e-14
0.76 0.542616 3.2157e-14 0.457234 -2.82037e-14 -6.88787e-14 4.85661e-14
0.765 0.546214 3.24184e-14 0.45364 -2.8474e-14 -6.81536e-14 4.71143e-14
0.77 0.549772 3.26511e-14 0.450084 -2.87343e-14 -6.74285e-14 4.56657e-14
0.775 0.553291 3.27639e-14 0.446568 -2.90001e-14 -6.67035e-14 4.42049e-14
0.78 0.556771 3.29399e-14 0.443092 -2.92912e-14 -6.59764e-14 4.27393e-14
0.785 0.560211 3.32758e-14 0.439655 -2.95746e-14 -6.52498e-14 4.12475e-14
0.79 0.56361 3.33935e-14 0.436258 -2.97957e-14 -6.45215e-14 3.97248e-14
0.795 0.56697 3.36253e-14 0.432901 -2.99905e-14 -6.37963e-14 3.82002e-14
0.8 0.57029 3.38324e-14 0.429585 -3.02055e-14 -6.3064e-14 3.66485e-14
0.805 0.573569 3.38533e-14 0.426309 -3.04409e-14 -6.23304e-14 3.50948e-14
0.81 0.576808 3.39704e-14 0.423073 -3.0714e-14 -6.15948e-14 3.35395e-14
0.815 0.580006 3.41439e-14 0.419879 -3.09896e-14 -6.08533e-14 3.19914e-14
0.82 0.583163 3.45725e-14 0.416725 -3.12747e-14 -6.0105e-14 3.04389e-14
0.825 0.58628 3.45656e-14 0.413612 -3.15638e-14 -5.9355e-14 2.8891e-14
0.83 0.589352 3.46895e-14 0.41054 -3.18602e-14 -5.85984e-14 2.7328e-14
0.835 0.592383 3.5074e-14 0.40751 -3.21826e-14 -5.78446e-14 2.57602e-14
0.84 0.595374 3.54821e-14 0.40452 -3.25127e-14 -5.70908e-14 2.41569e-14
0.845 0.598323 3.57623e-14 0.401571 -3.28391e-14 -5.6334e-14 2.25194e-14
0.85 0.601232 3.62171e-14 0.398663 -3.31958e-14 -5.55759e-14 2.08604e-14
0.855 0.604099 3.6461e-14 0.395796 -3.35745e-14 -5.48138e-14 1.91671e-14
0.86 0.606926 3.69859e-14 0.392969 -3.39806e-14 -5.4053e-14 1.74448e-14
0.865 0.609713 3.72901e-14 0.390184 -3.44035e-14 -5.32897e-14 1.56909e-14
0.87 0.612458 3.76876e-14 0.387439 -3.48305e-14 -5.25228e-14 1.39085e-14
0.875 0.615163 3.84162e-14 0.384736 -3.52851e-14 -5.17558e-14 1.21058e-14
0.88 0.617827 3.87991e-14 0.382072 -3.57507e-14 -5.09921e-14 1.02795e-14
0.885 0.620451 3.93952e-14 0.379449 -3.62447e-14 -5.02305e-14 8.4224e-15
0.89 0.623035 3.99843e-14 0.376867 -3.67558e-14 -4.94709e-14 6.54062e-15
0.895 0.625579 4.04119e-14 0.374324 -3.73119e-14 -4.87074e-14 4.66441e-15
0.9 0.628082 4.10348e-14 0.371822 -3.7893e-14 -4.79327e-14 2.8083e-15
0.905 0.630546 4.1659e-14 0.369359 -3.85006e-14 -4.71487e-14 9.66502e-16
0.91 0.63297 4.22847e-14 0.366936 -3.91425e-14 -4.63604e-14 -8.7705e-16
0.915 0.635355 4.28532e-14 0.364552 -3.98035e-14 -4.55661e-14 -2.71211e-15
0.92 0.637701 4.36365e-14 0.362208 -4.04997e-14 -4.47599e-14 -4.5376e-15
0.925 0.640008 4.40587e-14 0.359902 -4.123e-14 -4.39444e-14 -6.35698e-15
0.93 0.642277 4.46788e-14 0.357636 -4.19758e-14 -4.31203e-14 -8.16946e-15
0.935 0.644507 4.51194e-14 0.355407 -4.27496e-14 -4.22872e-14 -9.96834e-15
0.94 0.646699 4.60676e-14 0.353217 -4.35583e-14 -4.14489e-14 -1.17663e-14
0.945 0.648853 4.71074e-14 0.351064 -4.43966e-14 -4.06051e-14 -1.35456e-14
0.95 0.65097 4.77138e-14 0.348949 -4.52504e-14 -3.97517e-14 -1.53205e-14
0.955 0.65305 4.84336e-14 0.346871 -4.611e-14 -3.88893e-14 -1.70826e-14
0.96 0.655093 4.9172e-14 0.344829 -4.69911e-14 -3.80236e-14 -1.88431e-14
0.965 0.657097 4.98476e-14 0.342825 -4.79065e-14 -3.71533e-14 -2.06006e-14
0.97 0.659064 5.05229e-14 0.340856 -4.88653e-14 -3.63042e-14 -2.23057e-14
0.975 0.660997 5.15208e-14 0.338923 -4.98685e-14 -3.54759e-14 -2.39476e-14
0.98 0.662894 5.27025e-14 0.337025 -5.08911e-14 -3.46671e-14 -2.55486e-14
0.985 0.664756 5.36472e-14 0.335162 -5.19379e-14 -3.38787e-14 -2.71033e-14
0.99 0.666583 5.45039e-14 0.333333 -5.30192e-14 -3.31042e-14 -2.86208e-14
0.995 0.668377 5.56058e-14 0.331539 -5.41472e-14 -3.23454e-14 -3.01043e-14
1 0.670137 5.66413e-14 0.329778 -5.52856e-14 -3.16016e-14 -3.15501e-14
1.005 0.671864 5.77668e-14 0.328051 -5.64521e-14 -3.0876e-14 -3.29447e-14
1.01 0.673558 5.86455e-14 0.326356 -5.76507e-14 -3.01686e-14 -3.42856e-14
1.015 0.67522 6.00333e-14 0.324693 -5.8903e-14 -2.94736e-14 -3.55839e-14
1.02 0.676851 6.13971e-14 0.323062 -6.02156e-14 -2.87908e-14 -3.68399e-14
1.025 0.67845 6.25622e-14 0.321463 -6.15473e-14 -2.81201e-14 -3.80693e-14
1.03 0.680018 6.39606e-14 0.319894 -6.2909e-14 -2.7461e-14 -3.92513e-14
1.035 0.681556 6.52971e-14 0.318355 -6.42954e-14 -2.68093e-14 -4.03905e-14
1.04 0.683064 6.64241e-14 0.316847 -6.56828e-14 -2.61714e-14 -4.14955e-14
1.045 0.684543 6.78696e-14 0.315368 -6.70987e-14 -2.55414e-14 -4.25686e-14
1.05 0.685993 6.92155e-14 0.313917 -6.85408e-14 -2.49266e-14 -4.36005e-14
1.055 0.687415 7.06947e-14 0.312495 -7.00177e-14 -2.4321e-14 -4.45949e-14
1.06 0.68881 7.18974e-14 0.3111 -7.15296e-14 -2.3726e-14 -4.55581e-14
1.065 0.690177 7.34376e-14 0.309733 -7.30684e-14 -2.31375e-14 -4.64886e-14
1.07 0.691517 7.49193e-14 0.308392 -7.46584e-14 -2.25563e-14 -4.7379e-14
1.075 0.692832 7.66494e-14 0.307078 -7.62766e-14 -2.19824e-14 -4.82259e-14
1.08 0.694121 7.84192e-14 0.305788 -7.79316e-14 -2.14208e-14 -4.9026e-14
1.085 0.695385 8.0256e-14 0.304524 -7.96181e-14 -2.0869e-14 -4.97945e-14
1.09 0.696625 8.18872e-14 0.303284 -8.13317e-14 -2.03145e-14 -5.05285e-14
1.095 0.697841 8.3554e-14 0.302069 -8.30887e-14 -1.97409e-14 -5.12532e-14
1.1 0.699033 8.52353e-14 0.300876 -8.48664e-14 -1.91476e-14 -5.1983e-14
1.105 0.700203 8.67421e-14 0.299707 -8.66951e-14 -1.85346e-14 -5.26981e-14
1.11 0.70135 8.85209e-14 0.298559 -8.85677e-14 -1.79049e-14 -5.34099e-14
1.115 0.702476 9.02835e-14 0.297434 -9.04814e-14 -1.72618e-14 -5.41037e-14
1.12 0.703581 9.23528e-14 0.296329 -9.24331e-14 -1.66039e-14 -5.47691e-14
1.125 0.704666 9.44985e-14 0.295244 -9.44232e-14 -1.59298e-14 -5.54215e-14
1.13 0.70573 9.65928e-14 0.29418 -9.64624e-14 -1.52379e-14 -5.6066e-14
1.135 0.706776 9.85357e-14 0.293135 -9.85382e-14 -1.45378e-14 -5.66854e-14
1.14 0.707803 1.00556e-13 0.292108 -1.00668e-13 -1.38296e-14 -5.72974e-14
1.145 0.708812 1.02767e-13 0.2911 -1.02847e-13 -1.31082e-14 -5.79005e-14
1.15 0.709803 1.05167e-13 0.290109 -1.05059e-13 -1.2376e-14 -5.84925e-14
1.155 0.710778 1.07523e-13 0.289134 -1.07294e-13 -1.16365e-14 -5.90802e-14
1.16 0.711737 1.0954e-13 0.288176 -1.09573e-13 -1.08833e-14 -5.96563e-14
1.165 0.71268 1.11773e-13 0.287234 -1.11899e-13 -1.01207e-14 -6.02191e-14
1.17 0.713607 1.14323e-13 0.286306 -1.14265e-13 -9.34329e-15 -6.07652e-14
1.175 0.71452 1.17108e-13 0.285393 -1.16708e-13 -8.55741e-15 -6.13004e-14
1.18 0.715417 1.19427e-13 0.284494 -1.19173e-13 -7.7664e-15 -6.18093e-14
1.185 0.716302 1.21911e-13 0.283608 -1.21683e-13 -6.96828e-15 -6.23016e-14
1.19 0.717174 1.24274e-13 0.282735 -1.24208e-13 -6.15775e-15 -6.27734e-14
1.195 0.718033 1.26918e-13 0.281874 -1.26759e-13 -5.33644e-15 -6.32237e-14
1.2 0.718882 1.29532e-13 0.281024 -1.29378e-13 -4.49678e-15 -6.36569e-14
1.205 0.719719 1.32116e-13 0.280185 -1.32039e-13 -3.64215e-15 -6.40674e-14
1.21 0.720546 1.34862e-13 0.279357 -1.3472e-13 -2.777e-15 -6.44627e-14
1.215 0.721364 1.3768e-13 0.278538 -1.37431e-13 -1.89749e-15 -6.48493e-14
1.22 0.722172 1.40256e-13 0.277728 -1.40186e-13 -1.00928e-15 -6.52073e-14
1.225 0.722972 1.43233e-13 0.276926 -1.42977e-13 -1.10038e-16 -6.55379e-14
1.23 0.723764 1.45843e-13 0.276133 -1.45768e-13 8.01683e-16 -6.58412e-14
1.235 0.724549 1.48563e-13 0.275347 -1.48556e-13 1.72352e-15 -6.61193e-14
1.24 0.725326 1.51321e-13 0.274568 -1.51362e-13 2.6539e-15 -6.63756e-14
1.245 0.726098 1.5415e-13 0.273795 -1.54208e-13 3.59688e-15 -6.66205e-14
1.25 0.726864 1.56918e-13 0.273028 -1.57073e-13 4.54412e-15 -6.68436e-14
1.255 0.727624 1.59843e-13 0.272266 -1.59967e-13 5.50517e-15 -6.70569e-14
1.26 0.72838 1.62856e-13 0.271509 -1.62884e-13 6.47722e-15 -6.72577e-14
1.265 0.729132 1.65664e-13 0.270756 -1.65814e-13 7.45434e-15 -6.74432e-14
1.27 0.72988 1.68417e-13 0.270007 -1.68761e-13 8.44316e-15 -6.76107e-14
1.275 0.730625 1.71404e-13 0.26926 -1.71735e-13 9.44151e-15 -6.77511e-14
1.28 0.731368 1.74435e-13 0.268516 -1.74715e-13 1.04523e-14 -6.78667e-14
1.285 0.732108 1.77498e-13 0.267775 -1.77735e-13 1.14699e-14 -6.79616e-14
1.29 0.732847 1.80427e-13 0.267034 -1.8076e-13 1.24969e-14 -6.80356e-14
1.295 0.733585 1.83381e-13 0.266295 -1.83799e-13 1.35297e-14 -6.80833e-14
1.3 0.734323 1.86342e-13 0.265557 -1.86844e-13 1.4573e-14 -6.81141e-14
1.305 0.73506 1.89334e-13 0.264818 -1.8989e-13 1.56234e-14 -6.81365e-14
1.31 0.735798 1.92226e-13 0.264079 -1.92894e-13 1.66816e-14 -6.81472e-14
1.315 0.736536 1.95293e-13 0.26334 -1.95919e-13 1.775e-14 -6.81314e-14
1.32 0.737276 1.98405e-13 0.262599 -1.98951e-13 1.88255e-14 -6.80891e-14
1.325 0.738018 2.01479e-13 0.261856 -2.01988e-13 1.99047e-14 -6.80222e-14
1.33 0.738761 2.04695e-13 0.261111 -2.04998e-13 2.0983e-14 -6.79471e-14
1.335 0.739508 2.07479e-13 0.260364 -2.07992e-13 2.20573e-14 -6.78513e-14
1.34 0.740257 2.10375e-13 0.259613 -2.10948e-13 2.31346e-14 -6.77319e-14
1.345 0.74101 2.1336e-13 0.258859 -2.1386e-13 2.42182e-14 -6.75956e-14
1.35 0.741767 2.16092e-13 0.258102 -2.1674e-13 2.53007e-14 -6.7444e-14
1.355 0.742528 2.18825e-13 0.25734 -2.19559e-13 2.63835e-14 -6.72751e-14
1.36 0.743293 2.21641e-13 0.256573 -2.22353e-13 2.74618e-14 -6.70876e-14
1.365 0.744063 2.24337e-13 0.255802 -2.25115e-13 2.85371e-14 -6.68904e-14
1.37 0.744839 2.26913e-13 0.255025 -2.27851e-13 2.96137e-14 -6.6684e-14
1.375 0.745621 2.29589e-13 0.254243 -2.30567e-13 3.06867e-14 -6.64537e-14
1.38 0.746408 2.32081e-13 0.253454 -2.33248e-13 3.17519e-14 -6.62164e-14
1.385 0.747202 2.34663e-13 0.252659 -2.35888e-13 3.28152e-14 -6.59643e-14
1.39 0.748003 2.37109e-13 0.251858 -2.38464e-13 3.38749e-14 -6.56998e-14
1.395 0.74878 2.38844e-13 0.25108 -2.4018e-13 3.49631e-14 -6.55202e-14
1.4 0.749566 2.40474e-13 0.250293 -2.41919e-13 3.60504e-14 -6.53199e-14
1.405 0.750361 2.42109e-13 0.249497 -2.4365e-13 3.71347e-14 -6.51064e-14
1.41 0.751166 2.43928e-13 0.248692 -2.45389e-13 3.8215e-14 -6.48659e-14
1.415 0.75198 2.4566e-13 0.247877 -2.47129e-13 3.92867e-14 -6.45971e-14
1.42 0.752804 2.47243e-13 0.247052 -2.48857e-13 4.03535e-14 -6.43131e-14
1.425 0.753639 2.48853e-13 0.246217 -2.50573e-13 4.14099e-14 -6.39995e-14
1.43 0.754483 2.50694e-13 0.245371 -2.52268e-13 4.24579e-14 -6.3664e-14
1.435 0.755339 2.52331e-13 0.244515 -2.53958e-13 4.3499e-14 -6.33136e-14
1.44 0.756205 2.53953e-13 0.243649 -2.55667e-13 4.45273e-14 -6.29415e-14
1.445 0.757082 2.55717e-13 0.242771 -2.57387e-13 4.55462e-14 -6.25453e-14
1.45 0.75797 2.57384e-13 0.241882 -2.59093e-13 4.65505e-14 -6.21318e-14
1.455 0.758869 2.5905e-13 0.240982 -2.6078e-13 4.75343e-14 -6.17001e-14
1.46 0.75978 2.60818e-13 0.240071 -2.62485e-13 4.85096e-14 -6.12459e-14
1.465 0.760702 2.64421e-13 0.239147 -2.64189e-13 4.94826e-14 -6.07702e-14
1.47 0.761635 2.68044e-13 0.238212 -2.65871e-13 5.04456e-14 -6.0282e-14
1.475 0.76258 2.69567e-13 0.237266 -2.67533e-13 5.14013e-14 -5.97773e-14
1.48 0.763537 2.71268e-13 0.236307 -2.69164e-13 5.23479e-14 -5.92665e-14
1.485 0.764506 2.7278e-13 0.235336 -2.70785e-13 5.32813e-14 -5.87357e-14
1.49 0.765488 2.74415e-13 0.234353 -2.72357e-13 5.42012e-14 -5.81791e-14
1.495 0.766481 2.75887e-13 0.233358 -2.73876e-13 5.51075e-14 -5.75957e-14
1.5 0.767487 2.77274e-13 0.23235 -2.7535e-13 5.6005e-14 -5.69971e-14
1.505 0.768506 2.78742e-13 0.23133 -2.76769e-13 5.68843e-14 -5.63856e-14
1.51 0.769536 2.8019e-13 0.230298 -2.78161e-13 5.77507e-14 -5.57605e-14
1.515 0.770579 2.81614e-13 0.229253 -2.79524e-13 5.85988e-14 -5.51178e-14
1.52 0.771635 2.82931e-13 0.228196 -2.80825e-13 5.94311e-14 -5.44615e-14
1.525 0.772703 2.84215e-13 0.227127 -2.82074e-13 6.02442e-14 -5.3786e-14
1.53 0.773783 2.85304e-13 0.226045 -2.83269e-13 6.10385e-14 -5.30902e-14
1.535 0.774876 2.86398e-13 0.22495 -2.84393e-13 6.18142e-14 -5.23722e-14
1.54 0.775981 2.87455e-13 0.223844 -2.85445e-13 6.2575e-14 -5.16375e-14
1.545 0.777099 2.88541e-13 0.222724 -2.86417e-13 6.3317e-14 -5.08824e-14
1.55 0.778229 2.89591e-13 0.221593 -2.87314e-13 6.40411e-14 -5.01153e-14
1.555 0.779371 2.90386e-13 0.22045 -2.88141e-13 6.4749e-14 -4.93292e-14
1.56 0.780525 2.91199e-13 0.219294 -2.88871e-13 6.54415e-14 -4.85233e-14
1.565 0.781691 2.91899e-13 0.218126 -2.89515e-13 6.61127e-14 -4.76926e-14
1.57 0.782869 2.92556e-13 0.216947 -2.90066e-13 6.67675e-14 -4.68487e-14
1.575 0.784059 2.93081e-13 0.215755 -2.90551e-13 6.74011e-14 -4.59886e-14
1.58 0.785261 2.93508e-13 0.214552 -2.90945e-13 6.80139e-14 -4.51224e-14
1.585 0.786474 2.93868e-13 0.213338 -2.9123e-13 6.86045e-14 -4.42503e-14
1.59 0.787699 2.94049e-13 0.212111 -2.91416e-13 6.91775e-14 -4.33644e-14
1.595 0.788935 2.94167e-13 0.210874 -2.91491e-13 6.97314e-14 -4.24632e-14
1.6 0.790182 2.94187e-13 0.209626 -2.91449e-13 7.02598e-14 -4.15487e-14
1.605 0.791439 2.94026e-13 0.208366 -2.91285e-13 7.07674e-14 -4.06183e-14
1.61 0.792708 2.93778e-13 0.207096 -2.91001e-13 7.12517e-14 -3.96786e-14
1.615 0.793889 2.91224e-13 0.205915 -2.884e-13 7.17702e-14 -3.87639e-14
1.62 0.79509 2.88714e-13 0.204713 -2.85874e-13 7.22664e-14 -3.78484e-14
1.625 0.79631 2.86254e-13 0.203493 -2.83401e-13 7.27396e-14 -3.6934e-14
1.63 0.797548 2.83854e-13 0.202255 -2.80969e-13 7.31858e-14 -3.60207e-14
1.635 0.798803 2.81471e-13 0.200999 -2.78567e-13 7.36054e-14 -3.51107e-14
1.64 0.800076 2.79095e-13 0.199726 -2.76179e-13 7.40002e-14 -3.42042e-14
1.645 0.801365 2.76776e-13 0.198436 -2.73819e-13 7.43726e-14 -3.32969e-14
1.65 0.80267 2.74431e-13 0.19713 -2.71469e-13 7.47222e-14 -3.23907e-14
1.655 0.803991 2.72101e-13 0.195809 -2.69112e-13 7.50476e-14 -3.14956e-14
1.66 0.805326 2.69734e-13 0.194474 -2.66746e-13 7.53483e-14 -3.06148e-14
1.665 0.806675 2.67355e-13 0.193124 -2.6436e-13 7.56247e-14 -2.97388e-14
1.67 0.808038 2.64999e-13 0.191761 -2.61948e-13 7.58782e-14 -2.88751e-14
1.675 0.809413 2.62583e-13 0.190386 -2.59509e-13 7.61089e-14 -2.80264e-14
1.68 0.810801 2.60141e-13 0.188998 -2.57033e-13 7.63176e-14 -2.71859e-14
1.685 0.8122 2.57665e-13 0.187598 -2.54513e-13 7.65052e-14 -2.63582e-14
1.69 0.813611 2.55145e-13 0.186187 -2.5195e-13 7.66709e-14 -2.55465e-14
1.695 0.815031 2.52525e-13 0.184766 -2.49323e-13 7.68139e-14 -2.47483e-14
1.7 0.816462 2.49876e-13 0.183336 -2.46637e-13 7.69352e-14 -2.39645e-14
1.705 0.817901 2.47178e-13 0.181896 -2.43879e-13 7.70357e-14 -2.31972e-14
1.71 0.81935 2.44378e-13 0.180448 -2.41034e-13 7.71155e-14 -2.24469e-14
1.715 0.820806 2.41439e-13 0.178991 -2.3809e-13 7.71757e-14 -2.17159e-14
1.72 0.822269 2.38413e-13 0.177528 -2.35045e-13 7.72151e-14 -2.10049e-14
1.725 0.823739 2.35268e-13 0.176057 -2.31896e-13 7.7233e-14 -2.03181e-14
1.73 0.825215 2.32054e-13 0.174581 -2.28638e-13 7.72294e-14 -1.96508e-14
1.735 0.826697 2.28684e-13 0.173099 -2.25251e-13 7.72065e-14 -1.89964e-14
1.74 0.828184 2.25221e-13 0.171612 -2.21725e-13 7.71633e-14 -1.83606e-14
1.745 0.829675 2.21597e-13 0.170121 -2.18075e-13 7.71004e-14 -1.77454e-14
1.75 0.83117 2.17826e-13 0.168626 -2.14301e-13 7.70185e-14 -1.71512e-14
1.755 0.832668 2.13983e-13 0.167128 -2.10391e-13 7.69175e-14 -1.6577e-14
1.76 0.834168 2.10005e-13 0.165627 -2.06344e-13 7.67983e-14 -1.60221e-14
1.765 0.835671 2.05869e-13 0.164125 -2.02157e-13 7.66608e-14 -1.5497e-14
1.77 0.837175 2.01596e-13 0.162621 -1.97824e-13 7.65055e-14 -1.49958e-14
1.775 0.838679 1.97186e-13 0.161116 -1.93351e-13 7.63328e-14 -1.45193e-14
1.78 0.840184 1.92613e-13 0.159611 -1.88723e-13 7.61434e-14 -1.40658e-14
1.785 0.841689 1.87885e-13 0.158106 -1.83944e-13 7.59357e-14 -1.36373e-14
1.79 0.843193 1.83018e-13 0.156603 -1.79012e-13 7.57102e-14 -1.32289e-14
1.795 0.844695 1.77959e-13 0.1551 -1.73915e-13 7.54676e-14 -1.28477e-14
1.8 0.846196 1.72743e-13 0.1536 -1.68666e-13 7.52077e-14 -1.24916e-14
1.805 0.847694 1.67337e-13 0.152102 -1.63238e-13 7.49307e-14 -1.21669e-14
1.81 0.849189 1.61754e-13 0.150607 -1.57649e-13 7.46366e-14 -1.18703e-14
1.815 0.85068 1.56009e-13 0.149115 -1.519e-13 7.43266e-14 -1.16046e-14
1.82 0.852168 1.50125e-13 0.147628 -1.45998e-13 7.39997e-14 -1.13643e-14
1.825 0.853651 1.44053e-13 0.146145 -1.39929e-13 7.36549e-14 -1.1157e-14
1.83 0.855128 1.37853e-13 0.144668 -1.3368e-13 7.32934e-14 -1.09785e-14
1.835 0.856601 1.31511e-13 0.143196 -1.27263e-13 7.29162e-14 -1.08289e-14
1.84 0.858067 1.24884e-13 0.14173 -1.20671e-13 7.25223e-14 -1.07061e-14
1.845 0.859526 1.18192e-13 0.14027 -1.13909e-13 7.21122e-14 -1.06147e-14
1.85 0.860979 1.11284e-13 0.138818 -1.06974e-13 7.16868e-14 -1.05564e-14
1.855 0.862424 1.04206e-13 0.137373 -9.98742e-14 7.12463e-14 -1.05279e-14
1.86 0.863861 9.69182e-14 0.135936 -9.26052e-14 7.07909e-14 -1.05285e-14
1.865 0.865289 8.95238e-14 0.134508 -8.51839e-14 7.03201e-14 -1.05595e-14
1.87 0.866701 8.18003e-14 0.133096 -7.74543e-14 6.98142e-14 -1.06114e-14
1.875 0.868104 7.39287e-14 0.131693 -6.95614e-14 6.92938e-14 -1.0696e-14
1.88 0.869498 6.58477e-14 0.1303 -6.15004e-14 6.87591e-14 -1.08084e-14
1.885 0.870882 5.76472e-14 0.128916 -5.32786e-14 6.82109e-14 -1.0948e-14
1.89 0.872255 4.93094e-14 0.127543 -4.48906e-14 6.7651e-14 -1.11195e-14
1.895 0.873618 4.07993e-14 0.12618 -3.63578e-14 6.70787e-14 -1.13161e-14
1.9 0.87497 3.21459e-14 0.124829 -2.76829e-14 6.64944e-14 -1.15434e-14
1.905 0.87631 2.33601e-14 0.123489 -1.88698e-14 6.58979e-14 -1.18009e-14
1.91 0.877639 1.44394e-14 0.12216 -9.91753e-15 6.52905e-14 -1.209e-14
1.915 0.878955 5.3659e-15 0.120844 -8.19855e-16 6.46722e-14 -1.24056e-14
1.92 0.880259 -3.83732e-15 0.119541 8.40472e-15 6.40429e-14 -1.27485e-14
1.925 0.88155 -1.31692e-14 0.11825 1.77473e-14 6.34033e-14 -1.31198e-14
1.93 0.882828 -2.25832e-14 0.116972 2.7216e-14 6.27536e-14 -1.35162e-14
1.935 0.884092 -3.2163e-14 0.115709 3.68092e-14 6.2093e-14 -1.39422e-14
1.94 0.885342 -4.18281e-14 0.114458 4.65154e-14 6.14226e-14 -1.43967e-14
1.945 0.886578 -5.16442e-14 0.113223 5.63368e-14 6.07433e-14 -1.48745e-14
1.95 0.8878 -6.15759e-14 0.112001 6.62741e-14 6.00553e-14 -1.53748e-14
1.955 0.889007 -7.15948e-14 0.110794 7.6304e-14 5.936e-14 -1.59004e-14
1.96 0.890199 -8.16874e-14 0.109603 8.64233e-14 5.86571e-14 -1.64497e-14
1.965 0.891376 -9.19191e-14 0.108426 9.66232e-14 5.79473e-14 -1.70229e-14
1.97 0.892537 -1.02187e-13 0.107265 1.06913e-13 5.7231e-14 -1.76215e-14
1.975 0.893683 -1.12573e-13 0.10612 1.17285e-13 5.65086e-14 -1.82444e-14
1.98 0.894812 -1.22972e-13 0.104991 1.27712e-13 5.57809e-14 -1.8888e-14
1.985 0.895925 -1.33422e-13 0.103878 1.38184e-13 5.50489e-14 -1.95544e-14
1.99 0.897022 -1.43953e-13 0.102781 1.48718e-13 5.43112e-14 -2.02421e-14
1.995 0.898103 -1.54584e-13 0.101701 1.59337e-13 5.35702e-14 -2.09515e-14
2 0.899166 -1.65238e-13 0.100638 1.69997e-13 5.28256e-14 -2.1681e-14
2.005 0.900212 -1.75934e-13 0.099592 1.80693e-13 5.20781e-14 -2.24305e-14
2.01 0.901242 -1.8666e-13 0.0985631 1.91432e-13 5.13263e-14 -2.32005e-14
2.015 0.902253 -1.97439e-13 0.0975515 2.02219e-13 5.05718e-14 -2.399e-14
2.02 0.903248 -2.08252e-13 0.0965574 2.13029e-13 4.98154e-14 -2.48015e-14
2.025 0.904218 -2.19365e-13 0.0955878 2.24154e-13 4.90479e-14 -2.56235e-14
2.03 0.90517 -2.30454e-13 0.0946356 2.35246e-13 4.82791e-14 -2.64587e-14
2.035 0.906105 -2.41522e-13 0.0937006 2.46303e-13 4.75098e-14 -2.73092e-14
2.04 0.907023 -2.52562e-13 0.0927832 2.57323e-13 4.67403e-14 -2.81762e-14
2.045 0.907923 -2.63547e-13 0.0918833 2.68297e-13 4.59711e-14 -2.90568e-14
2.05 0.908806 -2.74431e-13 0.091001 2.79219e-13 4.52026e-14 -2.99531e-14
2.055 0.90967 -2.85305e-13 0.0901365 2.90091e-13 4.4435e-14 -3.08601e-14
2.06 0.910517 -2.96097e-13 0.0892897 3.00904e-13 4.36682e-14 -3.1778e-14
2.065 0.911347 -3.06867e-13 0.0884608 3.1166e-13 4.2904e-14 -3.27056e-14
2.07 0.912158 -3.17556e-13 0.0876498 3.22351e-13 4.21415e-14 -3.36443e-14
2.075 0.912951 -3.28164e-13 0.0868566 3.32973e-13 4.13822e-14 -3.45937e-14
2.08 0.913728 -3.3881e-13 0.0860805 3.43609e-13 4.06242e-14 -3.55508e-14
2.085 0.914486 -3.49359e-13 0.0853224 3.54137e-13 3.98717e-14 -3.65148e-14
2.09 0.915226 -3.59757e-13 0.0845825 3.6456e-13 3.91231e-14 -3.74853e-14
2.095 0.915948 -3.70073e-13 0.0838606 3.74878e-13 3.83787e-14 -3.84635e-14
2.1 0.916652 -3.80287e-13 0.0831568 3.8508e-13 3.76391e-14 -3.94482e-14
2.105 0.917338 -3.90348e-13 0.0824711 3.95163e-13 3.69047e-14 -4.04393e-14
2.11 0.918006 -4.00325e-13 0.0818035 4.05112e-13 3.61756e-14 -4.14347e-14
2.115 0.918656 -4.10147e-13 0.0811539 4.14926e-13 3.54516e-14 -4.2438e-14
2.12 0.919287 -4.1983e-13 0.0805222 4.24603e-13 3.47325e-14 -4.34473e-14
2.125 0.919901 -4.29394e-13 0.0799084 4.34139e-13 3.40193e-14 -4.44611e-14
2.13 0.920498 -4.38816e-13 0.0793125 4.4353e-13 3.33107e-14 -4.54793e-14
2.135 0.921076 -4.48052e-13 0.0787344 4.52763e-13 3.26075e-14 -4.64994e-14
2.14 0.921636 -4.57144e-13 0.078174 4.61871e-13 3.19098e-14 -4.75225e-14
2.145 0.922179 -4.66064e-13 0.0776313 4.70794e-13 3.12175e-14 -4.85459e-14
2.15 0.922705 -4.74799e-13 0.0771061 4.79522e-13 3.05305e-14 -4.95708e-14
2.155 0.923213 -4.8336e-13 0.0765983 4.88065e-13 2.98486e-14 -5.0598e-14
2.16 0.923703 -4.91766e-13 0.0761079 4.9644e-13 2.91716e-14 -5.16281e-14
2.165 0.924177 -4.99971e-13 0.0756348 5.04644e-13 2.84996e-14 -5.26593e-14
2.17 0.924633 -5.08009e-13 0.0751789 5.12684e-13 2.78314e-14 -5.36915e-14
2.175 0.925072 -5.15888e-13 0.07474 5.20544e-13 2.71671e-14 -5.47253e-14
2.18 0.925494 -5.23569e-13 0.0743181 5.28223e-13 2.65059e-14 -5.57596e-14
2.185 0.925905 -5.31038e-13 0.0739072 5.35688e-13 2.58421e-14 -5.6803e-14
2.19 0.926299 -5.3832e-13 0.0735134 5.42984e-13 2.51825e-14 -5.78417e-14
2.195 0.926676 -5.45395e-13 0.0731365 5.50066e-13 2.45269e-14 -5.88758e-14
2.2 0.927036 -5.52287e-13 0.0727763 5.56944e-13 2.38752e-14 -5.99046e-14
2.205 0.92738 -5.58948e-13 0.0724326 5.63609e-13 2.32277e-14 -6.0927e-14
2.21 0.927708 -5.65438e-13 0.0721053 5.70091e-13 2.25846e-14 -6.19431e-14
2.215 0.928019 -5.71759e-13 0.0717941 5.76398e-13 2.1945e-14 -6.29514e-14
2.22 0.928314 -5.77873e-13 0.0714992 5.82496e-13 2.13084e-14 -6.3951e-14
2.225 0.928592 -5.83776e-13 0.0712219 5.88375e-13 2.06752e-14 -6.49485e-14
2.23 0.928846 -5.89584e-13 0.0709672 5.94185e-13 2.00321e-14 -6.59563e-14
2.235 0.929075 -5.95233e-13 0.0707392 5.99794e-13 1.93681e-14 -6.69535e-14
2.24 0.92929 -6.00598e-13 0.0705245 6.05168e-13 1.87211e-14 -6.79476e-14
2.245 0.929492 -6.05758e-13 0.0703228 6.10334e-13 1.8091e-14 -6.89372e-14
2.25 0.929681 -6.10711e-13 0.070134 6.15292e-13 1.7478e-14 -6.99221e-14
2.255 0.929857 -6.15476e-13 0.0699577 6.20059e-13 1.68821e-14 -7.09016e-14
2.26 0.930021 -6.20037e-13 0.0697938 6.24602e-13 1.63033e-14 -7.18769e-14
2.265 0.930173 -6.24367e-13 0.0696421 6.28931e-13 1.57407e-14 -7.285e-14
2.27 0.930313 -6.28479e-13 0.0695024 6.33045e-13 1.51946e-14 -7.38197e-14
2.275 0.930441 -6.32387e-13 0.0693743 6.36947e-13 1.46652e-14 -7.47861e-14
2.28 0.930558 -6.36085e-13 0.0692577 6.40626e-13 1.41522e-14 -7.57468e-14
2.285 0.930664 -6.39538e-13 0.0691524 6.44087e-13 1.36565e-14 -7.67005e-14
2.29 0.930758 -6.42784e-13 0.0690582 6.47331e-13 1.3178e-14 -7.76498e-14
2.295 0.930842 -6.45801e-13 0.0689747 6.5036e-13 1.27168e-14 -7.85969e-14
2.3 0.930915 -6.4862e-13 0.0689019 6.53172e-13 1.22726e-14 -7.95398e-14
2.305 0.930977 -6.51219e-13 0.0688394 6.55771e-13 1.18457e-14 -8.04785e-14
2.31 0.93103 -6.53609e-13 0.068787 6.58153e-13 1.14348e-14 -8.14136e-14
2.315 0.931073 -6.55792e-13 0.0687446 6.60319e-13 1.10411e-14 -8.23441e-14
2.32 0.931106 -6.5773e-13 0.0687118 6.62265e-13 1.06641e-14 -8.327e-14
2.325 0.931129 -6.59453e-13 0.0686884 6.63995e-13 1.03048e-14 -8.41908e-14
2.33 0.931143 -6.60959e-13 0.0686743 6.65504e-13 9.963e-15 -8.5108e-14
2.335 0.931149 -6.62231e-13 0.0686692 6.66799e-13 9.63823e-15 -8.60216e-14
2.34 0.931145 -6.63298e-13 0.0686728 6.67885e-13 9.33062e-15 -8.69316e-14
2.345 0.931133 -6.64163e-13 0.068685 6.68755e-13 9.03918e-15 -8.78368e-14
2.35 0.931113 -6.6482e-13 0.0687055 6.69417e-13 8.76467e-15 -8.8736e-14
2.355 0.931084 -6.65284e-13 0.0687341 6.69876e-13 8.50652e-15 -8.96297e-14
2.36 0.931048 -6.6554e-13 0.0687705 6.70127e-13 8.26565e-15 -9.05182e-14
2.365 0.931004 -6.65565e-13 0.0688146 6.70139e-13 8.04093e-15 -9.1399e-14
2.37 0.930953 -6.65346e-13 0.0688661 6.69927e-13 7.83321e-15 -9.22748e-14
2.375 0.930894 -6.6492e-13 0.0689248 6.69506e-13 7.64124e-15 -9.31418e-14
2.38 0.930829 -6.64295e-13 0.0689905 6.68876e-13 7.46493e-15 -9.40014e-14
2.385 0.930756 -6.6344e-13 0.0690629 6.68029e-13 7.30489e-15 -9.48524e-14
2.39 0.930678 -6.62389e-13 0.0691419 6.66987e-13 7.1608e-15 -9.56966e-14
2.395 0.930592 -6.61156e-13 0.0692272 6.65747e-13 7.03345e-15 -9.65351e-14
2.4 0.930501 -6.59729e-13 0.0693187 6.64325e-13 6.9252e-15 -9.73684e-14
2.405 0.930404 -6.58228e-13 0.069416 6.62811e-13 6.84905e-15 -9.82124e-14
2.41 0.930301 -6.56572e-13 0.069519 6.61142e-13 6.80461e-15 -9.90663e-14
2.415 0.930192 -6.54758e-13 0.0696281 6.59327e-13 6.79224e-15 -9.99401e-14
2.42 0.930078 -6.52732e-13 0.0697425 6.57292e-13 6.81084e-15 -1.00823e-13
2.425 0.929958 -6.50476e-13 0.069862 6.5504e-13 6.85911e-15 -1.01714e-13
2.43 0.929834 -6.48126e-13 0.0699864 6.52686e-13 6.93758e-15 -1.02611e-13
2.435 0.929705 -6.45601e-13 0.0701154 6.50154e-13 7.0462e-15 -1.03513e-13
2.44 0.929572 -6.42956e-13 0.0702478 6.47508e-13 7.18042e-15 -1.04421e-13
2.445 0.929435 -6.40257e-13 0.070385 6.4481e-13 7.34348e-15 -1.05335e-13
2.45 0.929293 -6.37355e-13 0.0705271 6.41912e-13 7.53752e-15 -1.06251e-13
2.455 0.929148 -6.34278e-13 0.0706725 6.38848e-13 7.75826e-15 -1.07171e-13
2.46 0.928997 -6.31082e-13 0.0708238 6.35658e-13 8.01141e-15 -1.08094e-13
2.465 0.928839 -6.27688e-13 0.0709813 6.32278e-13 8.2998e-15 -1.09023e-13
2.47 0.928676 -6.24165e-13 0.0711449 6.2874e-13 8.61946e-15 -1.09964e-13
2.475 0.928506 -6.20508e-13 0.0713146 6.25091e-13 8.96724e-15 -1.10921e-13
2.48 0.928329 -6.16823e-13 0.0714921 6.21405e-13 9.34224e-15 -1.11914e-13
2.485 0.928159 -6.13175e-13 0.0716613 6.17757e-13 9.70763e-15 -1.12892e-13
2.49 0.927998 -6.0957e-13 0.0718223 6.1415e-13 1.00628e-14 -1.13855e-13
2.495 0.927845 -6.06002e-13 0.0719754 6.10583e-13 1.04083e-14 -1.14803e-13
2.5 0.9277 -6.02467e-13 0.0721205 6.07048e-13 1.07442e-14 -1.15737e-13
