0 0 0 1 0 0 0
0.05 0.00395086 2.13904e-16 0.995589 5.28426e-16 9.92524e-15 3.69931e-15
0.1 0.0157446 4.2191e-16 0.983829 -3.21345e-17 1.98603e-14 6.67576e-15
0.15 0.0349843 4.32623e-16 0.964686 -2.83677e-17 2.90949e-14 8.59282e-15
0.2 0.0609482 4.46919e-16 0.938818 -6.3755e-19 3.72909e-14 9.94299e-15
0.25 0.0928745 5.27147e-16 0.907074 -7.80221e-18 4.47024e-14 1.04876e-14
0.3 0.129711 4.32453e-16 0.870495 2.44437e-16 5.11163e-14 1.0324e-14
0.35 0.170295 2.06641e-16 0.830212 5.09185e-16 5.63057e-14 9.70715e-15
0.4 0.213464 1.78595e-16 0.787387 7.1696e-16 6.00154e-14 8.82934e-15
0.45 0.258043 2.8326e-16 0.743158 9.75267e-16 6.27213e-14 7.92829e-15
0.5 0.302966 -9.52768e-17 0.698598 1.15376e-15 6.4404e-14 6.92737e-15
0.55 0.347256 -4.16531e-16 0.65467 1.3916e-15 6.51998e-14 6.02561e-15
0.6 0.390087 -3.91955e-16 0.612196 1.51392e-15 6.517e-14 5.13017e-15
0.65 0.430804 -4.86821e-16 0.571826 1.57897e-15 6.44713e-14 4.42592e-15
0.7 0.46893 -5.84529e-16 0.534054 1.46366e-15 6.33588e-14 4.0059e-15
0.75 0.504086 -7.27958e-16 0.499209 1.3613e-15 6.2026e-14 3.91326e-15
0.8 0.536091 -3.53538e-16 0.467455 8.72491e-16 6.06473e-14 4.19709e-15
0.85 0.564912 2.07888e-16 0.438822 2.22844e-16 5.9322e-14 4.67802e-15
0.9 0.590668 1.00492e-15 0.413202 -5.69512e-16 5.81423e-14 5.3197e-15
0.95 0.613569 1.16012e-15 0.390393 -9.01446e-16 5.72037e-14 6.16044e-15
1 0.633885 1.38847e-15 0.370117 -1.05644e-15 5.66242e-14 7.19738e-15
1.05 0.651942 1.43762e-15 0.352068 -1.06915e-15 5.63178e-14 8.3497e-15
1.1 0.667968 1.16836e-15 0.336041 -9.2761e-16 5.65826e-14 9.38789e-15
1.15 0.682303 9.6751e-16 0.321688 -8.51984e-16 5.69122e-14 1.06744e-14
1.2 0.695413 1.03169e-15 0.308549 -8.32974e-16 5.72553e-14 1.21399e-14
1.25 0.70775 8.41034e-16 0.296203 -7.60119e-16 5.76046e-14 1.39098e-14
1.3 0.71963 6.66497e-16 0.284299 -6.42363e-16 5.78623e-14 1.57498e-14
1.35 0.731333 5.42803e-16 0.272552 -4.62133e-16 5.79129e-14 1.7545e-14
1.4 0.743088 3.67463e-16 0.260734 -2.33892e-16 5.77585e-14 1.92196e-14
1.45 0.75507 4.91483e-17 0.248672 1.07791e-16 5.7379e-14 2.06843e-14
1.5 0.767442 -2.893e-16 0.236218 4.74814e-16 5.66303e-14 2.19359e-14
1.55 0.780291 -6.90419e-16 0.223284 8.73542e-16 5.55825e-14 2.3072e-14
1.6 0.793609 -1.05186e-15 0.209882 1.26723e-15 5.42248e-14 2.39918e-14
1.65 0.80732 -1.46069e-15 0.196087 1.68898e-15 5.26691e-14 2.47621e-14
1.7 0.821346 -1.8741e-15 0.181987 2.0787e-15 5.08772e-14 2.53795e-14
1.75 0.835583 -2.21782e-15 0.167686 2.41455e-15 4.88802e-14 2.58864e-14
1.8 0.849854 -2.4191e-15 0.153366 2.65906e-15 4.6804e-14 2.629e-14
1.85 0.863913 -2.55002e-15 0.139271 2.80281e-15 4.47456e-14 2.65789e-14
1.9 0.877573 -2.57202e-15 0.125581 2.83426e-15 4.33016e-14 2.71909e-14
1.95 0.890659 -2.39544e-15 0.112478 2.6446e-15 4.17599e-14 2.70772e-14
2 0.902821 -2.09617e-15 0.100308 2.32038e-15 4.01566e-14 2.63094e-14
2.05 0.913777 -1.68509e-15 0.0893596 1.89371e-15 3.84919e-14 2.51842e-14
2.1 0.923331 -1.11989e-15 0.0798199 1.33274e-15 3.72889e-14 2.43205e-14
2.15 0.931217 -4.76753e-16 0.0719514 6.8829e-16 3.64192e-14 2.37151e-14
2.2 0.937341 2.56634e-16 0.0658461 -5.59e-17 3.57388e-14 2.34115e-14
2.25 0.94179 9.54335e-16 0.0614167 -7.85314e-16 3.51926e-14 2.33672e-14
2.3 0.944759 1.87405e-15 0.0584706 -1.66138e-15 3.47099e-14 2.35336e-14
2.35 0.946521 2.43402e-15 0.0567333 -2.26253e-15 3.41393e-14 2.38816e-14
2.4 0.947283 2.70461e-15 0.0559921 -2.52176e-15 3.34661e-14 2.43413e-14
2.45 0.947287 2.75818e-15 0.0559997 -2.57407e-15 3.26379e-14 2.4848e-14
2.5 0.946705 2.7526e-15 0.0565816 -2.5685e-15 3.16975e-14 2.5363e-14
