0 0 0 1 0 0 0
0.01 0.000159166 -4.09576e-16 0.999841 7.72613e-17 5.65373e-15 9.32209e-16
0.02 0.000636428 -3.30956e-16 0.999363 3.00263e-17 1.14424e-14 1.49292e-15
0.03 0.00143107 -3.39528e-16 0.998569 3.7482e-17 1.71973e-14 1.90424e-15
0.04 0.00254193 -4.24114e-16 0.997458 5.58251e-17 2.29006e-14 2.04952e-15
0.05 0.00396737 -4.16049e-16 0.996033 5.47561e-17 2.85254e-14 1.85784e-15
0.06 0.0057053 -2.81556e-16 0.994295 6.19349e-17 3.40757e-14 1.41841e-15
0.07 0.00775319 -1.96002e-16 0.992247 8.09583e-17 3.95542e-14 9.01193e-16
0.08 0.010108 -1.68988e-16 0.989893 1.03916e-16 4.4948e-14 3.86442e-16
0.09 0.0127665 -2.41106e-16 0.987234 1.47684e-16 5.02401e-14 -8.58539e-18
0.1 0.0157247 -2.59874e-16 0.984276 1.83666e-16 5.54202e-14 -2.85932e-16
0.11 0.0189783 -3.7312e-16 0.981023 2.19121e-16 6.04837e-14 -5.15597e-16
0.12 0.0225228 -4.26898e-16 0.977478 2.53226e-16 6.54064e-14 -5.24643e-16
0.13 0.0263531 -5.08721e-16 0.973648 3.01506e-16 7.01802e-14 -5.76524e-16
0.14 0.0304638 -4.681e-16 0.969538 3.60341e-16 7.47842e-14 -5.70619e-16
0.15 0.0348491 -4.4458e-16 0.965152 4.54386e-16 7.92189e-14 -3.89656e-16
0.16 0.0395028 -6.63989e-16 0.960499 5.64067e-16 8.3547e-14 -2.07914e-16
0.17 0.0444184 -9.25627e-16 0.955583 6.56655e-16 8.77933e-14 -4.20151e-18
0.18 0.0495892 -8.23876e-16 0.950412 7.477e-16 9.19184e-14 2.45863e-16
0.19 0.0550081 -8.60168e-16 0.944993 8.44717e-16 9.59377e-14 5.75624e-16
0.2 0.0606676 -1.1039e-15 0.939334 9.63213e-16 9.98344e-14 9.13217e-16
0.21 0.0665601 -1.05143e-15 0.933441 1.07471e-15 1.03619e-13 1.33798e-15
0.22 0.0726777 -1.37988e-15 0.927324 1.18791e-15 1.07274e-13 1.78077e-15
0.23 0.0790122 -1.43025e-15 0.920989 1.28467e-15 1.10812e-13 2.24477e-15
0.24 0.0855554 -1.49759e-15 0.914446 1.35946e-15 1.14234e-13 2.72953e-15
0.25 0.0922985 -1.53547e-15 0.907703 1.46343e-15 1.17528e-13 3.2155e-15
0.26 0.099233 -1.68361e-15 0.900768 1.64127e-15 1.20698e-13 3.72036e-15
0.27 0.10635 -2.02221e-15 0.893651 1.84212e-15 1.23761e-13 4.3071e-15
0.28 0.11364 -2.31343e-15 0.886361 2.06046e-15 1.26715e-13 4.92818e-15
0.29 0.121095 -2.05573e-15 0.878906 2.26654e-15 1.29546e-13 5.51319e-15
0.3 0.128705 -2.40804e-15 0.871296 2.46811e-15 1.32235e-13 6.14017e-15
0.31 0.136461 -2.45239e-15 0.86354 2.7462e-15 1.34791e-13 6.76371e-15
0.32 0.144353 -2.80036e-15 0.855648 3.11079e-15 1.37212e-13 7.39269e-15
0.33 0.152373 -3.24449e-15 0.847628 3.36704e-15 1.39499e-13 8.09955e-15
0.34 0.16051 -3.60216e-15 0.839491 3.57977e-15 1.41661e-13 8.83083e-15
0.35 0.168756 -4.07112e-15 0.831245 3.81154e-15 1.43693e-13 9.61608e-15
0.36 0.177101 -4.16974e-15 0.8229 4.05563e-15 1.45609e-13 1.04365e-14
0.37 0.185536 -4.4486e-15 0.814465 4.37429e-15 1.47413e-13 1.11937e-14
0.38 0.194052 -4.75746e-15 0.805949 4.70639e-15 1.49146e-13 1.1969e-14
0.39 0.202639 -4.85668e-15 0.797362 4.98402e-15 1.50753e-13 1.2734e-14
0.4 0.211288 -5.20115e-15 0.788713 5.35086e-15 1.5224e-13 1.3503e-14
0.41 0.219991 -6.15387e-15 0.78001 5.80819e-15 1.5363e-13 1.43069e-14
0.42 0.228739 -6.69928e-15 0.771262 6.3317e-15 1.54941e-13 1.52029e-14
0.43 0.237522 -6.94724e-15 0.762478 6.74548e-15 1.56149e-13 1.61424e-14
0.44 0.246333 -7.28982e-15 0.753667 7.10911e-15 1.57228e-13 1.71303e-14
0.45 0.255164 -7.62629e-15 0.744837 7.41954e-15 1.58168e-13 1.82155e-14
0.46 0.264005 -8.02756e-15 0.735995 7.68588e-15 1.58881e-13 1.93556e-14
0.47 0.272849 -8.36095e-15 0.727151 7.93263e-15 1.59415e-13 2.05715e-14
0.48 0.281689 -8.41257e-15 0.718311 8.15193e-15 1.59778e-13 2.18228e-14
0.49 0.290516 -8.85056e-15 0.709484 8.31179e-15 1.59979e-13 2.31207e-14
0.5 0.299324 -8.87904e-15 0.700676 8.35412e-15 1.60068e-13 2.44116e-14
0.51 0.308105 -9.37651e-15 0.691895 8.36877e-15 1.60072e-13 2.57305e-14
0.52 0.316852 -9.51342e-15 0.683148 8.38174e-15 1.59961e-13 2.70023e-14
0.53 0.325559 -9.3752e-15 0.674441 8.31119e-15 1.59782e-13 2.82258e-14
0.54 0.33422 -9.12719e-15 0.66578 8.14112e-15 1.59476e-13 2.94443e-14
0.55 0.342828 -8.96964e-15 0.657172 7.92176e-15 1.59095e-13 3.06926e-14
0.56 0.351377 -8.56287e-15 0.648622 7.66344e-15 1.58681e-13 3.19248e-14
0.57 0.359863 -7.72709e-15 0.640137 7.33191e-15 1.58139e-13 3.31963e-14
0.58 0.368279 -7.04704e-15 0.631721 6.85524e-15 1.57408e-13 3.44929e-14
0.59 0.37662 -6.28517e-15 0.623379 6.17365e-15 1.56552e-13 3.58308e-14
0.6 0.384883 -5.69347e-15 0.615116 5.36654e-15 1.55639e-13 3.71949e-14
0.61 0.393062 -4.93074e-15 0.606938 4.47892e-15 1.54594e-13 3.85728e-14
0.62 0.401153 -3.77516e-15 0.598847 3.41587e-15 1.5352e-13 3.99921e-14
0.63 0.409152 -2.64749e-15 0.590847 2.2179e-15 1.52439e-13 4.14895e-14
0.64 0.417055 -9.49128e-16 0.582944 9.18434e-16 1.51271e-13 4.31397e-14
0.65 0.42486 6.04699e-16 0.575139 -5.059e-16 1.50032e-13 4.47983e-14
0.66 0.432563 1.9792e-15 0.567436 -1.92009e-15 1.48684e-13 4.64993e-14
0.67 0.44016 2.92992e-15 0.559839 -3.21035e-15 1.47257e-13 4.82697e-14
0.68 0.44765 4.26662e-15 0.552349 -4.51313e-15 1.45795e-13 5.00594e-14
0.69 0.45503 5.97445e-15 0.544968 -5.94177e-15 1.44246e-13 5.18662e-14
0.7 0.462299 7.55858e-15 0.5377 -7.41465e-15 1.42707e-13 5.35307e-14
0.71 0.469453 8.94802e-15 0.530546 -8.93517e-15 1.41151e-13 5.52869e-14
0.72 0.476491 1.08476e-14 0.523508 -1.06867e-14 1.39531e-13 5.69695e-14
0.73 0.483413 1.27698e-14 0.516586 -1.25554e-14 1.37664e-13 5.85981e-14
0.74 0.490216 1.47972e-14 0.509783 -1.43855e-14 1.35794e-13 6.023e-14
0.75 0.4969 1.65893e-14 0.503098 -1.62074e-14 1.33924e-13 6.19313e-14
0.76 0.503465 1.82612e-14 0.496534 -1.78705e-14 1.31815e-13 6.36156e-14
0.77 0.509909 1.9975e-14 0.49009 -1.95326e-14 1.298e-13 6.53157e-14
0.78 0.516233 2.18972e-14 0.483766 -2.1369e-14 1.27837e-13 6.69234e-14
0.79 0.522436 2.3512e-14 0.477563 -2.29733e-14 1.2609e-13 6.86674e-14
0.8 0.528518 2.49124e-14 0.471481 -2.44091e-14 1.24374e-13 7.03638e-14
0.81 0.534479 2.60645e-14 0.465519 -2.57263e-14 1.22657e-13 7.20343e-14
0.82 0.540321 2.74245e-14 0.459677 -2.70393e-14 1.20887e-13 7.36843e-14
0.83 0.546044 2.87941e-14 0.453955 -2.8243e-14 1.19112e-13 7.53378e-14
0.84 0.551647 2.96952e-14 0.448351 -2.92736e-14 1.17281e-13 7.70101e-14
0.85 0.557133 3.06368e-14 0.442865 -3.01616e-14 1.15432e-13 7.87045e-14
0.86 0.562503 3.15854e-14 0.437496 -3.09664e-14 1.13576e-13 8.03126e-14
0.87 0.567757 3.22935e-14 0.432242 -3.1616e-14 1.11727e-13 8.19167e-14
0.88 0.572897 3.28268e-14 0.427102 -3.21791e-14 1.09786e-13 8.36281e-14
0.89 0.577925 3.31778e-14 0.422074 -3.25705e-14 1.07781e-13 8.53807e-14
0.9 0.582841 3.34691e-14 0.417158 -3.29271e-14 1.05711e-13 8.72205e-14
0.91 0.587648 3.37903e-14 0.412351 -3.33141e-14 1.03574e-13 8.89277e-14
0.92 0.592348 3.4236e-14 0.407651 -3.36566e-14 1.0138e-13 9.05744e-14
0.93 0.596942 3.4364e-14 0.403057 -3.38994e-14 9.91591e-14 9.22493e-14
0.94 0.601432 3.45971e-14 0.398567 -3.40796e-14 9.68655e-14 9.38458e-14
0.95 0.605821 3.46578e-14 0.394178 -3.42247e-14 9.46614e-14 9.54327e-14
0.96 0.61011 3.45056e-14 0.389889 -3.43273e-14 9.24906e-14 9.69395e-14
0.97 0.614302 3.44024e-14 0.385696 -3.4387e-14 9.03502e-14 9.83486e-14
0.98 0.6184 3.43432e-14 0.381599 -3.43744e-14 8.84627e-14 9.97498e-14
0.99 0.622405 3.42846e-14 0.377594 -3.42957e-14 8.67403e-14 1.01082e-13
1 0.62632 3.4256e-14 0.373679 -3.41162e-14 8.52016e-14 1.02349e-13
1.01 0.630147 3.40089e-14 0.369852 -3.38884e-14 8.37767e-14 1.03448e-13
1.02 0.633889 3.363e-14 0.36611 -3.36407e-14 8.23739e-14 1.04451e-13
1.03 0.637548 3.33641e-14 0.362451 -3.3334e-14 8.10097e-14 1.05421e-13
1.04 0.641128 3.29774e-14 0.358871 -3.29589e-14 7.97415e-14 1.06286e-13
1.05 0.64463 3.23875e-14 0.355369 -3.25277e-14 7.86986e-14 1.07082e-13
1.06 0.648057 3.19338e-14 0.351942 -3.20598e-14 7.7686e-14 1.07756e-13
1.07 0.651412 3.13736e-14 0.348587 -3.15372e-14 7.68213e-14 1.08376e-13
1.08 0.654698 3.08363e-14 0.345301 -3.09631e-14 7.60063e-14 1.08798e-13
1.09 0.657916 3.02522e-14 0.342083 -3.03688e-14 7.52547e-14 1.09161e-13
1.1 0.661071 2.96901e-14 0.338928 -2.97282e-14 7.47032e-14 1.09514e-13
1.11 0.664163 2.9195e-14 0.335836 -2.90141e-14 7.44269e-14 1.09751e-13
1.12 0.667197 2.84754e-14 0.332802 -2.82579e-14 7.41986e-14 1.09843e-13
1.13 0.670175 2.78154e-14 0.329824 -2.74496e-14 7.41648e-14 1.09697e-13
1.14 0.673099 2.68992e-14 0.3269 -2.66017e-14 7.43814e-14 1.09301e-13
1.15 0.675971 2.59806e-14 0.324028 -2.57363e-14 7.47995e-14 1.08804e-13
1.16 0.678795 2.51102e-14 0.321204 -2.48555e-14 7.54217e-14 1.08057e-13
1.17 0.681574 2.42217e-14 0.318425 -2.39623e-14 7.61235e-14 1.07139e-13
1.18 0.684308 2.33663e-14 0.315691 -2.30603e-14 7.70142e-14 1.06301e-13
1.19 0.687002 2.25753e-14 0.312997 -2.21486e-14 7.82473e-14 1.0542e-13
1.2 0.689657 2.15766e-14 0.310342 -2.12148e-14 7.9821e-14 1.046e-13
1.21 0.692276 2.06455e-14 0.307723 -2.0284e-14 8.16384e-14 1.03665e-13
1.22 0.694861 1.98255e-14 0.305138 -1.93968e-14 8.3617e-14 1.02573e-13
1.23 0.697414 1.89768e-14 0.302585 -1.85128e-14 8.59955e-14 1.01448e-13
1.24 0.699938 1.80434e-14 0.300061 -1.76449e-14 8.87743e-14 1.00234e-13
1.25 0.702435 1.72185e-14 0.297564 -1.6779e-14 9.17729e-14 9.90214e-14
1.26 0.704907 1.64955e-14 0.295093 -1.59671e-14 9.50365e-14 9.76763e-14
1.27 0.707355 1.56646e-14 0.292644 -1.51743e-14 9.85991e-14 9.63785e-14
1.28 0.709783 1.49748e-14 0.290216 -1.43908e-14 1.02433e-13 9.50008e-14
1.29 0.712191 1.41372e-14 0.287808 -1.3625e-14 1.06474e-13 9.36199e-14
1.3 0.714583 1.34883e-14 0.285417 -1.28815e-14 1.10596e-13 9.2207e-14
1.31 0.716958 1.26437e-14 0.283041 -1.21426e-14 1.14818e-13 9.07591e-14
1.32 0.71932 1.19218e-14 0.280679 -1.14282e-14 1.1909e-13 8.93266e-14
1.33 0.72167 1.12684e-14 0.27833 -1.07232e-14 1.23494e-13 8.79155e-14
1.34 0.724009 1.05621e-14 0.275991 -1.00636e-14 1.28018e-13 8.65548e-14
1.35 0.726339 9.95878e-15 0.273661 -9.43718e-15 1.32722e-13 8.51934e-14
1.36 0.728661 9.34913e-15 0.271339 -8.82145e-15 1.37485e-13 8.39505e-14
1.37 0.730976 8.74119e-15 0.269023 -8.23984e-15 1.4239e-13 8.27929e-14
1.38 0.733287 8.14204e-15 0.266713 -7.67737e-15 1.47327e-13 8.17509e-14
1.39 0.735593 7.61939e-15 0.264407 -7.11915e-15 1.52277e-13 8.08349e-14
1.4 0.737896 7.1e-15 0.262104 -6.59864e-15 1.57124e-13 8.00725e-14
1.41 0.740197 6.64292e-15 0.259803 -6.10926e-15 1.61895e-13 7.94856e-14
1.42 0.742497 6.06267e-15 0.257503 -5.6606e-15 1.66748e-13 7.8859e-14
1.43 0.744796 5.54862e-15 0.255204 -5.22441e-15 1.71566e-13 7.82851e-14
1.44 0.747096 5.22331e-15 0.252904 -4.83705e-15 1.76321e-13 7.77879e-14
1.45 0.749396 4.98545e-15 0.250604 -4.50898e-15 1.81113e-13 7.72001e-14
1.46 0.751698 4.65286e-15 0.248302 -4.18069e-15 1.85882e-13 7.66626e-14
1.47 0.754001 4.31337e-15 0.245998 -3.83099e-15 1.90577e-13 7.62002e-14
1.48 0.756307 4.01421e-15 0.243693 -3.51964e-15 1.95215e-13 7.58551e-14
1.49 0.758616 3.72957e-15 0.241384 -3.23316e-15 1.99741e-13 7.5637e-14
1.5 0.760927 3.54151e-15 0.239073 -2.99132e-15 2.04044e-13 7.5421e-14
1.51 0.76324 3.17911e-15 0.236759 -2.71818e-15 2.08279e-13 7.53194e-14
1.52 0.765557 2.9424e-15 0.234443 -2.44652e-15 2.12385e-13 7.52044e-14
1.53 0.767877 2.77926e-15 0.232123 -2.19303e-15 2.163e-13 7.51439e-14
1.54 0.770199 2.56636e-15 0.229801 -1.9737e-15 2.20092e-13 7.52368e-14
1.55 0.772524 2.34944e-15 0.227476 -1.76061e-15 2.23753e-13 7.53418e-14
1.56 0.774851 2.01934e-15 0.225149 -1.57552e-15 2.27165e-13 7.55571e-14
1.57 0.77718 1.80796e-15 0.22282 -1.38391e-15 2.30401e-13 7.58209e-14
1.58 0.779511 1.71582e-15 0.220489 -1.2196e-15 2.33476e-13 7.61198e-14
1.59 0.781844 1.6144e-15 0.218157 -1.04847e-15 2.36462e-13 7.64272e-14
1.6 0.784176 1.4999e-15 0.215824 -8.69334e-16 2.3946e-13 7.66169e-14
1.61 0.786509 1.28739e-15 0.213491 -6.78503e-16 2.42288e-13 7.68032e-14
1.62 0.788842 1.0744e-15 0.211158 -4.73986e-16 2.44956e-13 7.71675e-14
1.63 0.791174 8.15107e-16 0.208827 -2.59756e-16 2.47516e-13 7.75324e-14
1.64 0.793503 5.13734e-16 0.206497 -5.64849e-17 2.4996e-13 7.7977e-14
1.65 0.795831 3.123e-16 0.20417 1.33391e-16 2.52214e-13 7.85197e-14
1.66 0.798155 2.27682e-16 0.201846 3.01726e-16 2.54234e-13 7.91004e-14
1.67 0.800475 4.20324e-17 0.199526 4.73987e-16 2.56075e-13 7.97614e-14
1.68 0.80279 -1.0834e-16 0.197211 6.2904e-16 2.57833e-13 8.05358e-14
1.69 0.805099 -2.62444e-16 0.194901 7.76291e-16 2.59355e-13 8.1283e-14
1.7 0.807402 -4.53889e-16 0.192599 8.96021e-16 2.6071e-13 8.1918e-14
1.71 0.809697 -6.32807e-16 0.190303 1.03765e-15 2.61916e-13 8.2411e-14
1.72 0.811984 -8.10985e-16 0.188016 1.16964e-15 2.6284e-13 8.29893e-14
1.73 0.814262 -9.48701e-16 0.185739 1.30014e-15 2.63582e-13 8.355e-14
1.74 0.816529 -1.01931e-15 0.183472 1.42318e-15 2.64216e-13 8.40739e-14
1.75 0.818785 -1.14012e-15 0.181216 1.55273e-15 2.64772e-13 8.4558e-14
1.76 0.821028 -1.29461e-15 0.178973 1.66759e-15 2.65202e-13 8.49569e-14
1.77 0.823259 -1.3746e-15 0.176742 1.76113e-15 2.65409e-13 8.53315e-14
1.78 0.825476 -1.44431e-15 0.174526 1.85584e-15 2.65337e-13 8.56314e-14
1.79 0.827677 -1.52013e-15 0.172324 1.9183e-15 2.65116e-13 8.58799e-14
1.8 0.829863 -1.5006e-15 0.170139 1.94044e-15 2.64823e-13 8.6054e-14
1.81 0.832031 -1.57326e-15 0.16797 1.9566e-15 2.64314e-13 8.61287e-14
1.82 0.834182 -1.52614e-15 0.165819 1.97241e-15 2.63747e-13 8.61301e-14
1.83 0.836315 -1.52492e-15 0.163687 1.9755e-15 2.63104e-13 8.61125e-14
1.84 0.838427 -1.5065e-15 0.161574 1.98387e-15 2.6246e-13 8.60725e-14
1.85 0.84052 -1.50469e-15 0.159482 1.99912e-15 2.6179e-13 8.58672e-14
1.86 0.842591 -1.51852e-15 0.157411 2.01707e-15 2.61066e-13 8.56269e-14
1.87 0.84464 -1.56811e-15 0.155361 2.03785e-15 2.60301e-13 8.53785e-14
1.88 0.846667 -1.61486e-15 0.153335 2.05909e-15 2.595e-13 8.51251e-14
1.89 0.84867 -1.61508e-15 0.151332 2.05544e-15 2.58594e-13 8.46609e-14
1.9 0.850649 -1.6101e-15 0.149353 2.04182e-15 2.57748e-13 8.42998e-14
1.91 0.852603 -1.59007e-15 0.147399 2.01677e-15 2.568e-13 8.38509e-14
1.92 0.854532 -1.55694e-15 0.14547 1.96588e-15 2.55788e-13 8.32789e-14
1.93 0.856434 -1.46496e-15 0.143568 1.89193e-15 2.54772e-13 8.26471e-14
1.94 0.85831 -1.39646e-15 0.141692 1.78867e-15 2.53617e-13 8.19044e-14
1.95 0.860159 -1.29659e-15 0.139843 1.68324e-15 2.52537e-13 8.09765e-14
1.96 0.86198 -1.19061e-15 0.138022 1.57313e-15 2.51352e-13 8.00029e-14
1.97 0.863774 -9.98689e-16 0.136228 1.47861e-15 2.50169e-13 7.8962e-14
1.98 0.865539 -9.75037e-16 0.134463 1.40466e-15 2.48948e-13 7.77769e-14
1.99 0.867275 -9.25328e-16 0.132727 1.34851e-15 2.47774e-13 7.65769e-14
2 0.868983 -8.99992e-16 0.13102 1.30114e-15 2.47239e-13 7.56892e-14
2.01 0.870661 -8.75753e-16 0.129342 1.25508e-15 2.45709e-13 7.4158e-14
2.02 0.872309 -8.51509e-16 0.127694 1.2349e-15 2.44235e-13 7.23963e-14
2.03 0.873928 -8.05207e-16 0.126075 1.20954e-15 2.42779e-13 7.05757e-14
2.04 0.875516 -7.44757e-16 0.124486 1.16845e-15 2.41467e-13 6.8728e-14
2.05 0.877075 -6.54348e-16 0.122928 1.06314e-15 2.40292e-13 6.66504e-14
2.06 0.878604 -4.53726e-16 0.121399 8.91456e-16 2.39003e-13 6.45782e-14
2.07 0.880103 -2.43696e-16 0.1199 6.6976e-16 2.37727e-13 6.24078e-14
2.08 0.881572 8.96022e-17 0.118431 3.78561e-16 2.36467e-13 6.02068e-14
2.09 0.883011 4.34623e-16 0.116992 1.4381e-17 2.35233e-13 5.79246e-14
2.1 0.88442 9.15109e-16 0.115583 -4.32403e-16 2.34006e-13 5.55586e-14
2.11 0.885799 1.48789e-15 0.114204 -9.83777e-16 2.32799e-13 5.31017e-14
2.12 0.887149 2.09825e-15 0.112854 -1.59574e-15 2.31684e-13 5.05358e-14
2.13 0.88847 2.71841e-15 0.111533 -2.23025e-15 2.30567e-13 4.78778e-14
2.14 0.889762 3.3615e-15 0.110241 -2.89678e-15 2.29507e-13 4.51869e-14
2.15 0.891025 4.01609e-15 0.108978 -3.59422e-15 2.28475e-13 4.24664e-14
2.16 0.892259 4.72908e-15 0.107744 -4.31905e-15 2.27517e-13 3.97277e-14
2.17 0.893465 5.46496e-15 0.106538 -5.07098e-15 2.26575e-13 3.7063e-14
2.18 0.894643 6.26274e-15 0.10536 -5.86646e-15 2.25688e-13 3.43481e-14
2.19 0.895794 7.03902e-15 0.104209 -6.68548e-15 2.24911e-13 3.16327e-14
2.2 0.896918 7.92888e-15 0.103085 -7.53639e-15 2.24233e-13 2.8876e-14
2.21 0.898016 8.79228e-15 0.101988 -8.39604e-15 2.23669e-13 2.61861e-14
2.22 0.899087 9.71586e-15 0.100916 -9.28958e-15 2.23323e-13 2.35464e-14
2.23 0.900133 1.05999e-14 0.0998706 -1.01852e-14 2.23122e-13 2.08975e-14
2.24 0.901154 1.14627e-14 0.0988497 -1.1051e-14 2.22955e-13 1.83011e-14
2.25 0.90215 1.22634e-14 0.0978533 -1.18616e-14 2.22829e-13 1.57091e-14
2.26 0.903123 1.3041e-14 0.0968806 -1.26263e-14 2.22924e-13 1.27682e-14
2.27 0.904072 1.37406e-14 0.0959311 -1.33437e-14 2.23259e-13 9.65945e-15
2.28 0.904999 1.44192e-14 0.0950041 -1.40264e-14 2.23777e-13 6.25339e-15
2.29 0.905905 1.50577e-14 0.094099 -1.46745e-14 2.24588e-13 2.71385e-15
2.3 0.906789 1.57264e-14 0.0932148 -1.53311e-14 2.25513e-13 -9.51335e-16
2.31 0.907653 1.6401e-14 0.092351 -1.5998e-14 2.26451e-13 -4.7557e-15
2.32 0.908497 1.70419e-14 0.0915069 -1.66616e-14 2.27448e-13 -8.31766e-15
2.33 0.909322 1.77121e-14 0.0906816 -1.73192e-14 2.28549e-13 -1.1594e-14
2.34 0.910129 1.83482e-14 0.0898745 -1.79624e-14 2.29761e-13 -1.45929e-14
2.35 0.910919 1.90035e-14 0.0890848 -1.86188e-14 2.31232e-13 -1.73007e-14
2.36 0.911692 1.96306e-14 0.0883119 -1.92674e-14 2.32653e-13 -1.97229e-14
2.37 0.912449 2.03352e-14 0.0875551 -1.99936e-14 2.34025e-13 -2.19223e-14
2.38 0.91319 2.0946e-14 0.0868135 -2.06049e-14 2.35392e-13 -2.3929e-14
2.39 0.913917 2.1431e-14 0.0860864 -2.10848e-14 2.3684e-13 -2.57132e-14
2.4 0.914631 2.17987e-14 0.0853732 -2.14638e-14 2.38553e-13 -2.74248e-14
2.41 0.915331 2.21395e-14 0.0846727 -2.1795e-14 2.40577e-13 -2.92365e-14
2.42 0.91602 2.24683e-14 0.0839843 -2.21289e-14 2.42835e-13 -3.10975e-14
2.43 0.916697 2.27955e-14 0.0833072 -2.24693e-14 2.4529e-13 -3.29626e-14
2.44 0.917363 2.32026e-14 0.0826405 -2.28776e-14 2.47893e-13 -3.46763e-14
2.45 0.91802 2.35867e-14 0.0819834 -2.32589e-14 2.50453e-13 -3.62016e-14
2.46 0.918669 2.38905e-14 0.0813354 -2.35814e-14 2.53147e-13 -3.74606e-14
2.47 0.919308 2.42868e-14 0.0806954 -2.39715e-14 2.55808e-13 -3.85588e-14
2.48 0.919941 2.46286e-14 0.0800629 -2.43157e-14 2.58526e-13 -3.95155e-14
2.49 0.920567 2.48828e-14 0.079437 -2.45675e-14 2.61247e-13 -4.04627e-14
2.5 0.921187 2.50357e-14 0.0788167 -2.47209e-14 2.64073e-13 -4.12825e-14
