0 0 0 1 0 0 0
0.02 0.000636296 7.81071e-17 0.999364 -4.01357e-18 5.34367e-16 3.49128e-16
0.04 0.00254147 6.74926e-16 0.997459 3.88963e-16 1.16045e-15 5.03926e-16
0.06 0.0057044 1.37521e-15 0.994296 5.00387e-17 1.74725e-15 5.70889e-16
0.08 0.0101067 1.21073e-15 0.989893 6.16113e-17 2.28146e-15 6.85271e-16
0.1 0.015723 9.43446e-16 0.984277 1.13083e-16 2.68241e-15 6.73645e-16
0.12 0.0225208 8.13701e-16 0.977479 1.55761e-16 3.05089e-15 4.22472e-16
0.14 0.0304616 8.10258e-16 0.969538 2.13334e-16 3.37323e-15 -1.03251e-16
0.16 0.0395003 7.1704e-16 0.9605 2.50871e-16 3.67576e-15 -6.18101e-16
0.18 0.0495866 4.38086e-16 0.950413 2.27539e-16 3.88302e-15 -1.26128e-15
0.2 0.0606649 4.16412e-16 0.939335 1.91379e-16 4.02078e-15 -2.01463e-15
0.22 0.0726748 4.17542e-16 0.927325 1.78802e-16 4.11181e-15 -2.98095e-15
0.24 0.0855523 2.08318e-16 0.914448 1.60324e-16 4.2187e-15 -3.91547e-15
0.26 0.0992298 1.89383e-16 0.90077 1.51129e-16 4.27316e-15 -4.94597e-15
0.28 0.113637 8.23921e-17 0.886363 1.35228e-16 4.29489e-15 -6.10487e-15
0.3 0.128702 3.04085e-16 0.871298 4.52558e-17 4.31421e-15 -7.35499e-15
0.32 0.14435 4.0381e-16 0.85565 -2.48401e-16 4.34431e-15 -8.58073e-15
0.34 0.160506 5.65977e-16 0.839494 -5.20778e-16 4.36197e-15 -9.66143e-15
0.36 0.177097 9.50589e-16 0.822903 -8.10289e-16 4.35049e-15 -1.07234e-14
0.38 0.194047 1.50956e-15 0.805953 -1.13651e-15 4.1363e-15 -1.17415e-14
0.4 0.211284 1.81576e-15 0.788716 -1.5781e-15 3.74452e-15 -1.27145e-14
0.42 0.228734 2.31204e-15 0.771266 -2.16553e-15 3.12539e-15 -1.34132e-14
0.44 0.246329 3.1105e-15 0.753671 -3.10635e-15 2.23588e-15 -1.36928e-14
0.46 0.264 3.7668e-15 0.736 -4.14067e-15 1.04404e-15 -1.35785e-14
0.48 0.281684 4.59022e-15 0.718316 -5.26929e-15 -5.20957e-16 -1.30913e-14
0.5 0.299319 5.87811e-15 0.700681 -6.44913e-15 -2.5163e-15 -1.22541e-14
0.52 0.316847 7.05471e-15 0.683153 -7.84229e-15 -5.04608e-15 -1.11062e-14
0.54 0.334215 8.47999e-15 0.665785 -9.39479e-15 -8.25378e-15 -9.54528e-15
0.56 0.351373 1.01831e-14 0.648627 -1.11556e-14 -1.20495e-14 -7.63634e-15
0.58 0.368274 1.18575e-14 0.631726 -1.29969e-14 -1.62741e-14 -5.439e-15
0.6 0.384878 1.39058e-14 0.615122 -1.49436e-14 -2.0931e-14 -3.08915e-15
0.62 0.401148 1.58073e-14 0.598852 -1.70169e-14 -2.59253e-14 -6.38748e-16
0.64 0.417051 1.81344e-14 0.582949 -1.93112e-14 -3.12642e-14 1.97996e-15
0.66 0.432558 2.07051e-14 0.567442 -2.16926e-14 -3.69076e-14 4.74736e-15
0.68 0.447646 2.2922e-14 0.552354 -2.40392e-14 -4.27488e-14 7.78022e-15
0.7 0.462294 2.53479e-14 0.537706 -2.62833e-14 -4.86869e-14 1.09127e-14
0.72 0.476487 2.7543e-14 0.523513 -2.8351e-14 -5.47953e-14 1.42032e-14
0.74 0.490212 2.94197e-14 0.509788 -3.02076e-14 -6.0912e-14 1.75059e-14
0.76 0.503461 3.09758e-14 0.496539 -3.1788e-14 -6.68832e-14 2.10558e-14
0.78 0.516229 3.23564e-14 0.483771 -3.30428e-14 -7.28345e-14 2.46246e-14
0.8 0.528514 3.34788e-14 0.471486 -3.41378e-14 -7.86333e-14 2.85238e-14
0.82 0.540317 3.40716e-14 0.459683 -3.48245e-14 -8.44599e-14 3.202e-14
0.84 0.551644 3.44913e-14 0.448357 -3.51462e-14 -9.02157e-14 3.50577e-14
0.86 0.562499 3.44631e-14 0.437501 -3.51333e-14 -9.57468e-14 3.77039e-14
0.88 0.572893 3.43209e-14 0.427107 -3.50017e-14 -1.00936e-13 3.9882e-14
0.9 0.582837 3.40027e-14 0.417163 -3.46824e-14 -1.05572e-13 4.20808e-14
0.92 0.592344 3.3553e-14 0.407656 -3.41728e-14 -1.09667e-13 4.41905e-14
0.94 0.601428 3.27987e-14 0.398572 -3.34211e-14 -1.13334e-13 4.57408e-14
0.96 0.610106 3.1721e-14 0.389894 -3.237e-14 -1.16294e-13 4.67086e-14
0.98 0.618396 3.06295e-14 0.381604 -3.11054e-14 -1.18554e-13 4.71489e-14
1 0.626315 2.91403e-14 0.373685 -2.95876e-14 -1.19918e-13 4.71859e-14
1.02 0.633885 2.75394e-14 0.366116 -2.79149e-14 -1.20563e-13 4.68259e-14
1.04 0.641123 2.59989e-14 0.358877 -2.61083e-14 -1.20419e-13 4.5957e-14
1.06 0.648052 2.40141e-14 0.351948 -2.41302e-14 -1.19354e-13 4.46681e-14
1.08 0.654692 2.2089e-14 0.345308 -2.20852e-14 -1.17405e-13 4.30068e-14
1.1 0.661065 2.00885e-14 0.338935 -1.99622e-14 -1.14555e-13 4.09905e-14
1.12 0.667191 1.80571e-14 0.332809 -1.77762e-14 -1.10733e-13 3.87474e-14
1.14 0.673092 1.5749e-14 0.326908 -1.55e-14 -1.06026e-13 3.63928e-14
1.16 0.678788 1.34413e-14 0.321212 -1.32094e-14 -1.00496e-13 3.40662e-14
1.18 0.6843 1.12606e-14 0.3157 -1.08804e-14 -9.41724e-14 3.16931e-14
1.2 0.689648 8.92353e-15 0.310352 -8.58188e-15 -8.71346e-14 2.92164e-14
1.22 0.694851 6.54069e-15 0.305149 -6.23427e-15 -7.94348e-14 2.69106e-14
1.24 0.699927 4.11242e-15 0.300073 -3.95678e-15 -7.10829e-14 2.46236e-14
1.26 0.704895 1.89068e-15 0.295105 -1.70796e-15 -6.2171e-14 2.23368e-14
1.28 0.70977 -2.61785e-16 0.29023 4.69122e-16 -5.27893e-14 2.00882e-14
1.3 0.714568 -2.2519e-15 0.285432 2.62983e-15 -4.30283e-14 1.8025e-14
1.32 0.719305 -4.27799e-15 0.280695 4.73239e-15 -3.29869e-14 1.60565e-14
1.34 0.723992 -6.23014e-15 0.276008 6.78934e-15 -2.28472e-14 1.4402e-14
1.36 0.728643 -8.23532e-15 0.271357 8.80312e-15 -1.25845e-14 1.30038e-14
1.38 0.733267 -1.01819e-14 0.266733 1.07131e-14 -2.04146e-15 1.19056e-14
1.4 0.737875 -1.1957e-14 0.262125 1.2528e-14 8.58092e-15 1.11105e-14
1.42 0.742475 -1.36683e-14 0.257525 1.4272e-14 1.92799e-14 1.05809e-14
1.44 0.747072 -1.52452e-14 0.252928 1.58963e-14 2.97779e-14 1.03694e-14
1.46 0.751673 -1.65475e-14 0.248327 1.733e-14 4.00342e-14 1.04747e-14
1.48 0.756282 -1.78858e-14 0.243718 1.86124e-14 5.00024e-14 1.1029e-14
1.5 0.7609 -1.891e-14 0.2391 1.96971e-14 5.95712e-14 1.17767e-14
1.52 0.76553 -1.98141e-14 0.23447 2.06233e-14 6.86922e-14 1.28589e-14
1.54 0.770171 -2.05849e-14 0.229829 2.13666e-14 7.73277e-14 1.43832e-14
1.56 0.774822 -2.11812e-14 0.225178 2.19467e-14 8.52652e-14 1.6434e-14
1.58 0.779481 -2.16415e-14 0.220519 2.24039e-14 9.25541e-14 1.88032e-14
1.6 0.784146 -2.18843e-14 0.215854 2.26607e-14 9.94003e-14 2.15459e-14
1.62 0.788811 -2.19525e-14 0.211189 2.27512e-14 1.05626e-13 2.4637e-14
1.64 0.793472 -2.18056e-14 0.206528 2.26475e-14 1.11198e-13 2.8015e-14
1.66 0.798123 -2.14785e-14 0.201877 2.23401e-14 1.16234e-13 3.17039e-14
1.68 0.802758 -2.1169e-14 0.197242 2.18557e-14 1.20705e-13 3.56407e-14
1.7 0.807371 -2.06968e-14 0.192629 2.12466e-14 1.24585e-13 3.96815e-14
1.72 0.811953 -1.9868e-14 0.188047 2.05214e-14 1.28027e-13 4.37739e-14
1.74 0.816498 -1.89959e-14 0.183502 1.96712e-14 1.30921e-13 4.80108e-14
1.76 0.820998 -1.80661e-14 0.179002 1.86805e-14 1.33343e-13 5.24472e-14
1.78 0.825445 -1.69584e-14 0.174555 1.75849e-14 1.35177e-13 5.70159e-14
1.8 0.829832 -1.57331e-14 0.170168 1.63995e-14 1.36663e-13 6.15267e-14
1.82 0.834152 -1.44441e-14 0.165848 1.51605e-14 1.37878e-13 6.61808e-14
1.84 0.838397 -1.31328e-14 0.161603 1.386e-14 1.38871e-13 7.10784e-14
1.86 0.842561 -1.186e-14 0.157439 1.25673e-14 1.39543e-13 7.61293e-14
1.88 0.846637 -1.05312e-14 0.153363 1.12618e-14 1.39982e-13 8.12007e-14
1.9 0.850619 -9.2451e-15 0.149381 9.90781e-15 1.40322e-13 8.63048e-14
1.92 0.854501 -7.89668e-15 0.145499 8.59438e-15 1.40639e-13 9.12954e-14
1.94 0.85828 -6.64281e-15 0.14172 7.33445e-15 1.40779e-13 9.63946e-14
1.96 0.86195 -5.39438e-15 0.13805 6.08305e-15 1.40728e-13 1.01443e-13
1.98 0.865509 -4.17644e-15 0.134491 4.85166e-15 1.40654e-13 1.06661e-13
2 0.868952 -3.04231e-15 0.131048 3.67168e-15 1.40527e-13 1.11822e-13
2.02 0.872279 -1.95601e-15 0.127721 2.55017e-15 1.40257e-13 1.16927e-13
2.04 0.875487 -8.14693e-16 0.124513 1.42752e-15 1.39538e-13 1.21952e-13
2.06 0.878575 2.41277e-16 0.121425 3.36136e-16 1.38582e-13 1.27017e-13
2.08 0.881544 1.31036e-15 0.118456 -7.31416e-16 1.37292e-13 1.31892e-13
2.1 0.884392 2.32511e-15 0.115608 -1.78581e-15 1.35572e-13 1.36727e-13
2.12 0.887123 3.37566e-15 0.112877 -2.78711e-15 1.33375e-13 1.41417e-13
2.14 0.889736 4.35663e-15 0.110264 -3.74452e-15 1.30981e-13 1.46281e-13
2.16 0.892235 5.21927e-15 0.107765 -4.62712e-15 1.28183e-13 1.51323e-13
2.18 0.894622 5.96813e-15 0.105378 -5.4092e-15 1.25337e-13 1.56888e-13
2.2 0.896899 6.61982e-15 0.103101 -6.05886e-15 1.2198e-13 1.62457e-13
2.22 0.899071 7.19677e-15 0.100929 -6.60171e-15 1.18378e-13 1.68086e-13
2.24 0.901142 7.59194e-15 0.0988581 -7.00156e-15 1.14581e-13 1.73314e-13
2.26 0.903115 7.95146e-15 0.0968846 -7.35993e-15 1.10534e-13 1.78167e-13
2.28 0.904997 8.22443e-15 0.0950034 -7.6536e-15 1.06272e-13 1.82709e-13
2.3 0.90679 8.40372e-15 0.0932096 -7.88409e-15 1.01682e-13 1.88035e-13
2.32 0.908502 8.74815e-15 0.091498 -8.21335e-15 9.69124e-14 1.94243e-13
2.34 0.910137 9.14973e-15 0.089863 -8.62837e-15 9.15461e-14 2.0085e-13
2.36 0.911701 9.49288e-15 0.0882992 -8.98777e-15 8.62613e-14 2.07518e-13
2.38 0.913199 9.73785e-15 0.0868007 -9.24194e-15 8.10502e-14 2.14199e-13
2.4 0.914638 1.0054e-14 0.0853617 -9.55749e-15 7.61079e-14 2.20856e-13
2.42 0.916023 1.04705e-14 0.0839765 -9.9922e-15 7.14635e-14 2.27448e-13
2.44 0.917361 1.08641e-14 0.0826392 -1.03857e-14 6.70289e-14 2.34052e-13
2.46 0.918656 1.12767e-14 0.0813439 -1.08059e-14 6.28801e-14 2.40841e-13
2.48 0.919915 1.16843e-14 0.0800851 -1.12105e-14 5.90035e-14 2.47827e-13
2.5 0.921143 1.2305e-14 0.078857 -1.18316e-14 5.52405e-14 2.54951e-13
