0 0 0 1 0 0 0
0.05 7.59113e-06 -4.82567e-16 0.98948 4.1639e-16 -1.55048e-15 1.23806e-15
0.1 -7.95446e-18 -2.87019e-17 0.979746 -4.16334e-16 -2.82645e-15 2.40642e-15
0.15 1.15367e-15 -3.5738e-16 0.962632 -5.27356e-16 -3.75205e-15 3.46037e-15
0.2 0.00443154 -8.0502e-16 0.938445 -5.27356e-16 -4.08594e-15 4.26347e-15
0.25 0.0312135 -9.79279e-16 0.907229 -4.41053e-16 -3.17961e-15 5.06732e-15
0.3 0.0660714 -6.94457e-16 0.870548 -4.17043e-16 -1.342e-15 5.4426e-15
0.35 0.105441 -6.78014e-16 0.829421 -4.23307e-16 7.53147e-16 5.55008e-15
0.4 0.148362 -7.37804e-16 0.784931 -4.01363e-16 3.05455e-15 5.38978e-15
0.45 0.19375 -8.84189e-16 0.738289 -3.55048e-16 5.61204e-15 4.95144e-15
0.5 0.240239 -1.33506e-15 0.690755 -2.9e-16 8.15054e-15 4.23633e-15
0.55 0.286769 -1.34211e-15 0.643365 -2.43737e-16 1.06095e-14 3.37954e-15
0.6 0.332324 -1.52501e-15 0.597112 -2.03464e-16 1.30597e-14 2.3492e-15
0.65 0.375986 -1.38534e-15 0.552897 -2.05558e-16 1.54489e-14 1.261e-15
0.7 0.416967 -1.56761e-15 0.51149 -2.19449e-16 1.77373e-14 -6.09987e-17
0.75 0.454635 -1.41683e-15 0.473514 -2.61256e-16 1.99192e-14 -1.43291e-15
0.8 0.48875 -1.28706e-15 0.439251 -3.87687e-16 2.18223e-14 -2.94463e-15
0.85 0.519003 -1.05676e-15 0.408955 -5.596e-16 2.34608e-14 -4.54859e-15
0.9 0.545519 -6.7271e-16 0.382486 -9.59901e-16 2.47424e-14 -6.04805e-15
0.95 0.568458 -2.02859e-16 0.359663 -1.44863e-15 2.57478e-14 -7.57408e-15
1 0.588053 3.54702e-16 0.340232 -1.91688e-15 2.64704e-14 -9.0788e-15
1.05 0.604697 8.70417e-16 0.323761 -2.37812e-15 2.6876e-14 -1.05286e-14
1.1 0.618786 1.06699e-15 0.309844 -2.55654e-15 2.70072e-14 -1.18601e-14
1.15 0.630781 9.97409e-16 0.29801 -2.61896e-15 2.69182e-14 -1.30292e-14
1.2 0.6412 1.03075e-15 0.287751 -2.64535e-15 2.66317e-14 -1.40007e-14
1.25 0.650272 9.59259e-16 0.278833 -2.51602e-15 2.62242e-14 -1.47253e-14
1.3 0.658597 7.67619e-16 0.270656 -2.32282e-15 2.57099e-14 -1.52135e-14
1.35 0.666747 5.44939e-16 0.262651 -2.07431e-15 2.51399e-14 -1.54069e-14
1.4 0.675244 4.19179e-16 0.254298 -1.86522e-15 2.46171e-14 -1.54015e-14
1.45 0.684519 3.02098e-16 0.245167 -1.69797e-15 2.41422e-14 -1.52041e-14
1.5 0.694894 1.70044e-16 0.234938 -1.57577e-15 2.36859e-14 -1.4735e-14
1.55 0.706567 1.24983e-16 0.223415 -1.55205e-15 2.3237e-14 -1.40897e-14
1.6 0.71961 1.67018e-16 0.210526 -1.5998e-15 2.28489e-14 -1.32886e-14
1.65 0.729883 2.49582e-16 0.200241 -1.67832e-15 2.24465e-14 -1.21495e-14
1.7 0.743751 4.53506e-16 0.186432 -1.8792e-15 2.19818e-14 -1.09708e-14
1.75 0.760277 6.08725e-16 0.170034 -2.05203e-15 2.14854e-14 -9.80002e-15
1.8 0.778503 7.70428e-16 0.151993 -2.19656e-15 2.09512e-14 -8.71854e-15
1.85 0.797515 8.84413e-16 0.133214 -2.28369e-15 2.04282e-14 -7.72696e-15
1.9 0.816494 9.03885e-16 0.114501 -2.3101e-15 1.98891e-14 -6.89335e-15
1.95 0.834745 7.92843e-16 0.0965369 -2.21396e-15 1.93563e-14 -6.18255e-15
2 0.851703 6.73784e-16 0.0798735 -2.06609e-15 1.88196e-14 -5.62242e-15
2.05 0.866935 5.27652e-16 0.0649305 -1.92234e-15 1.83132e-14 -5.19342e-15
2.1 0.880134 3.3509e-16 0.0520034 -1.7785e-15 1.78194e-14 -4.89666e-15
2.15 0.891073 2.03483e-16 0.0413043 -1.63204e-15 1.73373e-14 -4.74093e-15
2.2 0.899886 1.02421e-16 0.0326956 -1.51219e-15 1.69024e-14 -4.68377e-15
2.25 0.906632 -1.3783e-16 0.0261228 -1.28076e-15 1.65227e-14 -4.68228e-15
2.3 0.910969 -2.94107e-16 0.0219101 -1.11581e-15 1.62617e-14 -4.75684e-15
2.35 0.911909 -4.7418e-16 0.0210034 -9.46294e-16 1.58632e-14 -5.2727e-15
2.4 0.911956 -5.68566e-16 0.0209556 -8.5141e-16 1.52563e-14 -5.76858e-15
2.45 0.912172 -6.52311e-16 0.0207397 -7.68601e-16 1.46506e-14 -6.1567e-15
2.5 0.912528 -7.20863e-16 0.0203842 -7.00035e-16 1.40552e-14 -6.45345e-15
