0 0 0 1 0 0 0
0.005 3.97881e-05 -4.06124e-16 0.99996 -8.95751e-17 5.10969e-16 -2.02106e-15
0.01 0.000159138 -1.00512e-16 0.999841 -6.99957e-16 8.08979e-16 -4.08543e-15
0.015 0.000358005 -9.06411e-17 0.999642 -6.94288e-16 1.09629e-15 -5.63028e-15
0.02 0.000636317 -1.512e-16 0.999364 -6.80174e-16 1.3714e-15 -7.35556e-15
0.025 0.000993972 -1.90776e-16 0.999006 -6.77863e-16 1.63707e-15 -8.83904e-15
0.03 0.00143084 -1.8003e-16 0.998569 -6.81005e-16 1.89969e-15 -1.00153e-14
0.035 0.00194676 -1.22108e-16 0.998053 -6.84735e-16 2.15555e-15 -1.12574e-14
0.04 0.00254154 -9.05337e-17 0.997458 -6.83536e-16 2.40839e-15 -1.2692e-14
0.045 0.00321497 3.55224e-17 0.996785 -6.75551e-16 2.65772e-15 -1.42428e-14
0.05 0.00396681 1.84087e-16 0.996033 -6.77691e-16 2.90513e-15 -1.56643e-14
0.055 0.00479677 8.72891e-17 0.995203 -6.79235e-16 3.15593e-15 -1.71125e-14
0.06 0.00570456 -2.3305e-16 0.994295 -6.7096e-16 3.40978e-15 -1.84967e-14
0.065 0.00668985 -3.63638e-16 0.99331 -6.7008e-16 3.6713e-15 -1.99576e-14
0.07 0.00775228 -5.4845e-16 0.992248 -6.72913e-16 3.91906e-15 -2.14726e-14
0.075 0.00889146 -7.05895e-16 0.991109 -6.76883e-16 4.15557e-15 -2.27744e-14
0.08 0.010107 -9.3498e-16 0.989893 -6.75694e-16 4.38175e-15 -2.39245e-14
0.085 0.0113984 -8.34209e-16 0.988602 -6.80904e-16 4.59367e-15 -2.50674e-14
0.09 0.0127653 -7.34866e-16 0.987235 -6.90858e-16 4.79115e-15 -2.62238e-14
0.095 0.0142071 -3.84092e-16 0.985793 -6.88517e-16 4.97069e-15 -2.73617e-14
0.1 0.0157234 -5.46737e-16 0.984277 -6.83998e-16 5.13253e-15 -2.84037e-14
0.105 0.0173135 -4.305e-16 0.982687 -6.82732e-16 5.27773e-15 -2.94366e-14
0.11 0.0189769 -5.65489e-16 0.981023 -6.81484e-16 5.40888e-15 -3.04663e-14
0.115 0.0207131 -2.94182e-16 0.979287 -6.86495e-16 5.53652e-15 -3.15318e-14
0.12 0.0225214 -1.47622e-16 0.977479 -6.83691e-16 5.63935e-15 -3.26585e-14
0.125 0.0244011 -1.1724e-16 0.975599 -6.80466e-16 5.73065e-15 -3.37413e-14
0.13 0.0263517 -1.96218e-16 0.973648 -6.71762e-16 5.79155e-15 -3.47645e-14
0.135 0.0283723 -1.85865e-16 0.971628 -6.68664e-16 5.8367e-15 -3.57322e-14
0.14 0.0304623 -2.40838e-16 0.969538 -6.60299e-16 5.8639e-15 -3.67446e-14
0.145 0.032621 -1.16026e-16 0.967379 -6.32989e-16 5.87491e-15 -3.77261e-14
0.15 0.0348476 -3.01754e-16 0.965152 -5.7805e-16 5.88113e-15 -3.87063e-14
0.155 0.0371413 -3.29395e-16 0.962859 -5.40709e-16 5.86808e-15 -3.95822e-14
0.16 0.0395013 7.4204e-17 0.960499 -4.82414e-16 5.83225e-15 -4.04635e-14
0.165 0.0419268 1.10469e-16 0.958073 -4.02518e-16 5.76601e-15 -4.13504e-14
0.17 0.0444169 -1.96665e-17 0.955583 -3.03625e-16 5.66602e-15 -4.21498e-14
0.175 0.0469709 -1.42999e-16 0.953029 -1.35756e-16 5.55682e-15 -4.2794e-14
0.18 0.0495878 -3.80001e-16 0.950412 1.66325e-17 5.42825e-15 -4.35245e-14
0.185 0.0522667 -4.58075e-16 0.947733 1.73489e-16 5.27225e-15 -4.43231e-14
0.19 0.0550067 -5.06772e-16 0.944993 3.09194e-16 5.09742e-15 -4.51357e-14
0.195 0.0578068 -7.65407e-16 0.942193 4.54324e-16 4.93017e-15 -4.59066e-14
0.2 0.0606662 -6.00374e-16 0.939334 5.86548e-16 4.74811e-15 -4.66647e-14
0.205 0.0635839 -6.50869e-16 0.936416 7.04214e-16 4.54133e-15 -4.74248e-14
0.21 0.0665588 -6.73131e-16 0.933441 8.13199e-16 4.31108e-15 -4.81375e-14
0.215 0.06959 -1.02753e-15 0.93041 9.20597e-16 4.06932e-15 -4.8808e-14
0.22 0.0726764 -1.23742e-15 0.927324 1.02863e-15 3.82147e-15 -4.95608e-14
0.225 0.0758171 -1.34507e-15 0.924183 1.13511e-15 3.57409e-15 -5.03038e-14
0.23 0.079011 -1.34136e-15 0.920989 1.17335e-15 3.30739e-15 -5.09748e-14
0.235 0.0822571 -1.46564e-15 0.917743 1.2249e-15 2.99476e-15 -5.16129e-14
0.24 0.0855542 -1.48649e-15 0.914446 1.29274e-15 2.64648e-15 -5.20995e-14
0.245 0.0889013 -1.83141e-15 0.911099 1.36523e-15 2.24438e-15 -5.2476e-14
0.25 0.0922974 -1.79549e-15 0.907703 1.42287e-15 1.78606e-15 -5.27951e-14
0.255 0.0957413 -2.04415e-15 0.904259 1.48385e-15 1.27522e-15 -5.30319e-14
0.26 0.099232 -2.32024e-15 0.900768 1.58135e-15 7.04601e-16 -5.31203e-14
0.265 0.102768 -2.37588e-15 0.897232 1.69444e-15 3.64962e-17 -5.2963e-14
0.27 0.106349 -2.61149e-15 0.893651 1.83164e-15 -7.70875e-16 -5.26303e-14
0.275 0.109973 -2.66628e-15 0.890027 2.00108e-15 -1.70029e-15 -5.20822e-14
0.28 0.113639 -2.81282e-15 0.886361 2.24628e-15 -2.72143e-15 -5.13628e-14
0.285 0.117347 -3.05097e-15 0.882653 2.59722e-15 -3.84993e-15 -5.04825e-14
0.29 0.121094 -3.54147e-15 0.878906 2.92641e-15 -5.09636e-15 -4.94595e-14
0.295 0.12488 -3.65864e-15 0.87512 3.24926e-15 -6.45462e-15 -4.83641e-14
0.3 0.128704 -4.02064e-15 0.871296 3.54847e-15 -7.90762e-15 -4.71235e-14
0.305 0.132565 -4.61316e-15 0.867436 3.84482e-15 -9.45168e-15 -4.57992e-14
0.31 0.13646 -4.66931e-15 0.86354 4.10212e-15 -1.10952e-14 -4.43839e-14
0.315 0.14039 -4.74813e-15 0.85961 4.34168e-15 -1.28483e-14 -4.2902e-14
0.32 0.144353 -5.13129e-15 0.855648 4.54368e-15 -1.46957e-14 -4.12576e-14
0.325 0.148347 -5.63123e-15 0.851653 4.70073e-15 -1.66519e-14 -3.94853e-14
0.33 0.152372 -5.81481e-15 0.847628 4.82223e-15 -1.87394e-14 -3.75504e-14
0.335 0.156427 -6.38734e-15 0.843573 4.88735e-15 -2.09492e-14 -3.54869e-14
0.34 0.16051 -6.31298e-15 0.83949 4.89294e-15 -2.33019e-14 -3.32308e-14
0.345 0.16462 -6.14132e-15 0.83538 4.8613e-15 -2.57923e-14 -3.08235e-14
0.35 0.168756 -5.87574e-15 0.831245 4.79886e-15 -2.84451e-14 -2.82691e-14
0.355 0.172916 -5.69856e-15 0.827084 4.67714e-15 -3.12138e-14 -2.56134e-14
0.36 0.177101 -5.5261e-15 0.822899 4.54267e-15 -3.41143e-14 -2.28742e-14
0.365 0.181307 -5.23803e-15 0.818693 4.38198e-15 -3.7129e-14 -1.99802e-14
0.37 0.185536 -5.02799e-15 0.814464 4.19602e-15 -4.02472e-14 -1.697e-14
0.375 0.189784 -4.46734e-15 0.810216 3.98032e-15 -4.34619e-14 -1.38543e-14
0.38 0.194051 -4.20355e-15 0.805949 3.76054e-15 -4.67366e-14 -1.05793e-14
0.385 0.198336 -3.74348e-15 0.801664 3.46991e-15 -5.00632e-14 -7.23686e-15
0.39 0.202638 -3.23562e-15 0.797362 3.18104e-15 -5.34399e-14 -3.78413e-15
0.395 0.206956 -2.88766e-15 0.793044 2.86063e-15 -5.68833e-14 -2.34067e-16
0.4 0.211288 -2.23264e-15 0.788712 2.52497e-15 -6.03671e-14 3.39565e-15
0.405 0.215633 -2.18491e-15 0.784367 2.18049e-15 -6.38857e-14 7.10598e-15
0.41 0.219991 -1.73426e-15 0.780009 1.81871e-15 -6.74503e-14 1.09323e-14
0.415 0.22436 -1.78369e-15 0.77564 1.42367e-15 -7.10579e-14 1.48879e-14
0.42 0.228738 -1.45173e-15 0.771262 1.01894e-15 -7.47144e-14 1.8935e-14
0.425 0.233126 -1.04903e-15 0.766874 6.16564e-16 -7.83917e-14 2.30424e-14
0.43 0.237522 -6.88531e-16 0.762478 2.14724e-16 -8.21394e-14 2.72775e-14
0.435 0.241925 -5.2225e-17 0.758075 -2.11578e-16 -8.59324e-14 3.15768e-14
0.44 0.246333 8.41336e-17 0.753667 -6.29048e-16 -8.97704e-14 3.59461e-14
0.445 0.250747 5.0866e-16 0.749253 -1.06476e-15 -9.36673e-14 4.03796e-14
0.45 0.255164 1.19034e-15 0.744836 -1.55865e-15 -9.76246e-14 4.48249e-14
0.455 0.259584 1.52387e-15 0.740417 -2.06719e-15 -1.01664e-13 4.93489e-14
0.46 0.264005 1.87796e-15 0.735995 -2.61744e-15 -1.05744e-13 5.3984e-14
0.465 0.268427 2.2011e-15 0.731573 -3.20392e-15 -1.09783e-13 5.86425e-14
0.47 0.272849 2.36397e-15 0.727151 -3.7964e-15 -1.1386e-13 6.34103e-14
0.475 0.27727 2.90168e-15 0.72273 -4.4567e-15 -1.17992e-13 6.82459e-14
0.48 0.281689 3.3784e-15 0.718311 -5.16133e-15 -1.22164e-13 7.32065e-14
0.485 0.286105 4.24202e-15 0.713895 -5.9176e-15 -1.26422e-13 7.82623e-14
0.49 0.290516 5.07019e-15 0.709484 -6.7353e-15 -1.30733e-13 8.34016e-14
0.495 0.294923 5.71164e-15 0.705077 -7.61198e-15 -1.35112e-13 8.86361e-14
0.5 0.299324 6.68964e-15 0.700676 -8.63143e-15 -1.39581e-13 9.39e-14
0.505 0.303718 7.5771e-15 0.696282 -9.72975e-15 -1.44052e-13 9.90982e-14
0.51 0.308105 8.64551e-15 0.691895 -1.0829e-14 -1.48624e-13 1.0436e-13
0.515 0.312483 9.63888e-15 0.687517 -1.19258e-14 -1.53332e-13 1.09615e-13
0.52 0.316853 1.09073e-14 0.683147 -1.30599e-14 -1.58188e-13 1.1487e-13
0.525 0.321212 1.18862e-14 0.678788 -1.41488e-14 -1.63133e-13 1.20188e-13
0.53 0.32556 1.30181e-14 0.67444 -1.52152e-14 -1.68179e-13 1.25526e-13
0.535 0.329896 1.42902e-14 0.670104 -1.64165e-14 -1.73331e-13 1.30907e-13
0.54 0.33422 1.55098e-14 0.66578 -1.75994e-14 -1.78582e-13 1.36311e-13
0.545 0.338531 1.66668e-14 0.661469 -1.87606e-14 -1.83844e-13 1.41717e-13
0.55 0.342828 1.80661e-14 0.657171 -1.988e-14 -1.89185e-13 1.47096e-13
0.555 0.347111 1.9254e-14 0.652889 -2.10151e-14 -1.94604e-13 1.52426e-13
0.56 0.351378 2.04193e-14 0.648622 -2.21937e-14 -2.00098e-13 1.57682e-13
0.565 0.355629 2.17568e-14 0.644371 -2.34095e-14 -2.05664e-13 1.62945e-13
0.57 0.359864 2.2796e-14 0.640136 -2.46423e-14 -2.11265e-13 1.68133e-13
0.575 0.364081 2.38192e-14 0.635919 -2.58786e-14 -2.16825e-13 1.73261e-13
0.58 0.36828 2.47031e-14 0.63172 -2.71165e-14 -2.22418e-13 1.78352e-13
0.585 0.37246 2.56791e-14 0.62754 -2.83588e-14 -2.28009e-13 1.83339e-13
0.59 0.376621 2.70009e-14 0.623379 -2.96234e-14 -2.33641e-13 1.88198e-13
0.595 0.380763 2.80557e-14 0.619237 -3.08692e-14 -2.39307e-13 1.92974e-13
0.6 0.384884 2.91923e-14 0.615116 -3.20832e-14 -2.44981e-13 1.97732e-13
0.605 0.388984 3.03429e-14 0.611016 -3.32594e-14 -2.50667e-13 2.02343e-13
0.61 0.393063 3.15416e-14 0.606937 -3.44829e-14 -2.56388e-13 2.06828e-13
0.615 0.39712 3.2788e-14 0.60288 -3.579e-14 -2.62099e-13 2.11181e-13
0.62 0.401154 3.39845e-14 0.598846 -3.70777e-14 -2.67811e-13 2.15417e-13
0.625 0.405165 3.52108e-14 0.594835 -3.83751e-14 -2.73529e-13 2.19578e-13
0.63 0.409153 3.6504e-14 0.590847 -3.96833e-14 -2.79157e-13 2.23661e-13
0.635 0.413117 3.75916e-14 0.586883 -4.10078e-14 -2.84758e-13 2.27581e-13
0.64 0.417057 3.88609e-14 0.582943 -4.23642e-14 -2.90315e-13 2.31379e-13
0.645 0.420971 4.04376e-14 0.579028 -4.3737e-14 -2.95813e-13 2.35031e-13
0.65 0.424861 4.16857e-14 0.575139 -4.51688e-14 -3.01329e-13 2.38449e-13
0.655 0.428725 4.32706e-14 0.571274 -4.66496e-14 -3.06793e-13 2.41682e-13
0.66 0.432564 4.4732e-14 0.567436 -4.81142e-14 -3.12274e-13 2.4468e-13
0.665 0.436376 4.62002e-14 0.563624 -4.96247e-14 -3.17706e-13 2.47438e-13
0.67 0.440162 4.77475e-14 0.559838 -5.11587e-14 -3.23014e-13 2.50008e-13
0.675 0.44392 4.92861e-14 0.55608 -5.26869e-14 -3.2833e-13 2.52396e-13
0.68 0.447652 5.08175e-14 0.552348 -5.41743e-14 -3.33586e-13 2.54627e-13
0.685 0.451356 5.2357e-14 0.548644 -5.56865e-14 -3.38808e-13 2.56661e-13
0.69 0.455032 5.38763e-14 0.544968 -5.71573e-14 -3.43977e-13 2.58521e-13
0.695 0.45868 5.53791e-14 0.54132 -5.85782e-14 -3.49139e-13 2.60151e-13
0.7 0.4623 5.67908e-14 0.5377 -5.99131e-14 -3.54302e-13 2.61548e-13
0.705 0.465891 5.80239e-14 0.534109 -6.11784e-14 -3.59411e-13 2.62645e-13
0.71 0.469454 5.92816e-14 0.530546 -6.23673e-14 -3.64405e-13 2.63522e-13
0.715 0.472988 6.03451e-14 0.527012 -6.34533e-14 -3.69262e-13 2.64125e-13
0.72 0.476492 6.11929e-14 0.523508 -6.44127e-14 -3.74015e-13 2.645e-13
0.725 0.479968 6.23457e-14 0.520032 -6.53327e-14 -3.78656e-13 2.64576e-13
0.73 0.483414 6.33009e-14 0.516586 -6.61584e-14 -3.83211e-13 2.64429e-13
0.735 0.48683 6.40756e-14 0.513169 -6.69452e-14 -3.8772e-13 2.64026e-13
0.74 0.490217 6.48565e-14 0.509783 -6.77118e-14 -3.92181e-13 2.63391e-13
0.745 0.493574 6.55843e-14 0.506426 -6.8435e-14 -3.96555e-13 2.62481e-13
0.75 0.496902 6.63181e-14 0.503098 -6.9039e-14 -4.00782e-13 2.61274e-13
0.755 0.500199 6.70471e-14 0.499801 -6.96129e-14 -4.04858e-13 2.5986e-13
0.76 0.503466 6.76794e-14 0.496534 -7.01477e-14 -4.08782e-13 2.5819e-13
0.765 0.506703 6.82152e-14 0.493297 -7.06853e-14 -4.12513e-13 2.56286e-13
0.77 0.50991 6.84891e-14 0.49009 -7.11458e-14 -4.16008e-13 2.54209e-13
0.775 0.513087 6.91125e-14 0.486913 -7.15637e-14 -4.19317e-13 2.51914e-13
0.78 0.516234 6.93501e-14 0.483766 -7.19417e-14 -4.22407e-13 2.49382e-13
0.785 0.51935 6.96962e-14 0.48065 -7.22048e-14 -4.25274e-13 2.46594e-13
0.79 0.522437 6.99938e-14 0.477563 -7.24426e-14 -4.27823e-13 2.43667e-13
0.795 0.525493 7.01828e-14 0.474507 -7.26381e-14 -4.30113e-13 2.40448e-13
0.8 0.528519 7.02678e-14 0.471481 -7.27626e-14 -4.32192e-13 2.37041e-13
0.805 0.531515 7.01329e-14 0.468485 -7.28483e-14 -4.33995e-13 2.33414e-13
0.81 0.53448 7.0284e-14 0.465519 -7.28824e-14 -4.35538e-13 2.29555e-13
0.815 0.537416 7.01915e-14 0.462584 -7.28284e-14 -4.36866e-13 2.25367e-13
0.82 0.540322 7.02335e-14 0.459678 -7.27226e-14 -4.37956e-13 2.21021e-13
0.825 0.543198 7.01386e-14 0.456802 -7.25721e-14 -4.38845e-13 2.16542e-13
0.83 0.546045 6.99883e-14 0.453955 -7.23638e-14 -4.39458e-13 2.11891e-13
0.835 0.548861 6.97905e-14 0.451139 -7.21058e-14 -4.39804e-13 2.07181e-13
0.84 0.551648 6.95327e-14 0.448352 -7.17884e-14 -4.39907e-13 2.02256e-13
0.845 0.554406 6.90834e-14 0.445594 -7.14191e-14 -4.39769e-13 1.97022e-13
0.85 0.557134 6.87471e-14 0.442866 -7.10823e-14 -4.39379e-13 1.91653e-13
0.855 0.559834 6.84813e-14 0.440166 -7.06914e-14 -4.38699e-13 1.86112e-13
0.86 0.562504 6.81064e-14 0.437496 -7.02421e-14 -4.37719e-13 1.80392e-13
0.865 0.565145 6.76779e-14 0.434855 -6.97783e-14 -4.36575e-13 1.74593e-13
0.87 0.567758 6.73109e-14 0.432242 -6.92758e-14 -4.3528e-13 1.68586e-13
0.875 0.570342 6.68398e-14 0.429658 -6.87552e-14 -4.33718e-13 1.62398e-13
0.88 0.572898 6.62783e-14 0.427102 -6.82191e-14 -4.31837e-13 1.56008e-13
0.885 0.575425 6.56937e-14 0.424575 -6.76497e-14 -4.29692e-13 1.49449e-13
0.89 0.577925 6.50258e-14 0.422075 -6.70049e-14 -4.27248e-13 1.42718e-13
0.895 0.580397 6.43392e-14 0.419603 -6.63613e-14 -4.24594e-13 1.35721e-13
0.9 0.582841 6.37604e-14 0.417159 -6.56829e-14 -4.21693e-13 1.28526e-13
0.905 0.585258 6.29868e-14 0.414742 -6.49725e-14 -4.18491e-13 1.21221e-13
0.91 0.587648 6.21295e-14 0.412352 -6.4199e-14 -4.15016e-13 1.13901e-13
0.915 0.590011 6.14102e-14 0.409989 -6.33767e-14 -4.11369e-13 1.06321e-13
0.92 0.592348 6.06707e-14 0.407652 -6.25263e-14 -4.0744e-13 9.85956e-14
0.925 0.594658 5.97687e-14 0.405342 -6.16515e-14 -4.03286e-13 9.06925e-14
0.93 0.596942 5.90344e-14 0.403058 -6.07568e-14 -3.98772e-13 8.24286e-14
0.935 0.5992 5.81955e-14 0.4008 -5.9784e-14 -3.94012e-13 7.40777e-14
0.94 0.601432 5.71959e-14 0.398568 -5.88135e-14 -3.89042e-13 6.55831e-14
0.945 0.603639 5.62346e-14 0.396361 -5.78042e-14 -3.83873e-13 5.68804e-14
0.95 0.605821 5.52468e-14 0.394179 -5.6808e-14 -3.78468e-13 4.81089e-14
0.955 0.607977 5.43588e-14 0.392023 -5.58353e-14 -3.72882e-13 3.92745e-14
0.96 0.61011 5.31604e-14 0.38989 -5.48439e-14 -3.6706e-13 3.04127e-14
0.965 0.612218 5.2173e-14 0.387782 -5.3771e-14 -3.61081e-13 2.15303e-14
0.97 0.614302 5.10429e-14 0.385698 -5.26243e-14 -3.54905e-13 1.26757e-14
0.975 0.616362 4.99163e-14 0.383638 -5.14609e-14 -3.48561e-13 3.83314e-15
0.98 0.618399 4.88166e-14 0.381601 -5.03042e-14 -3.42064e-13 -5.06408e-15
0.985 0.620413 4.76322e-14 0.379587 -4.91745e-14 -3.355e-13 -1.40236e-14
0.99 0.622404 4.64797e-14 0.377596 -4.80676e-14 -3.28763e-13 -2.29697e-14
0.995 0.624372 4.51238e-14 0.375628 -4.6888e-14 -3.21866e-13 -3.19374e-14
1 0.626319 4.38097e-14 0.373681 -4.57058e-14 -3.14892e-13 -4.09241e-14
1.005 0.628243 4.25314e-14 0.371757 -4.45229e-14 -3.07721e-13 -4.99671e-14
1.01 0.630146 4.1357e-14 0.369854 -4.33297e-14 -3.00392e-13 -5.89735e-14
1.015 0.632027 4.03111e-14 0.367973 -4.21196e-14 -2.92883e-13 -6.79957e-14
1.02 0.633887 3.91626e-14 0.366113 -4.08734e-14 -2.85217e-13 -7.7013e-14
1.025 0.635727 3.81792e-14 0.364273 -3.96372e-14 -2.7746e-13 -8.61305e-14
1.03 0.637547 3.70447e-14 0.362453 -3.83729e-14 -2.69567e-13 -9.53188e-14
1.035 0.639346 3.58025e-14 0.360654 -3.70995e-14 -2.61399e-13 -1.04502e-13
1.04 0.641126 3.4442e-14 0.358874 -3.58623e-14 -2.53041e-13 -1.137e-13
1.045 0.642886 3.34049e-14 0.357114 -3.46095e-14 -2.44533e-13 -1.22902e-13
1.05 0.644628 3.21785e-14 0.355372 -3.33281e-14 -2.35864e-13 -1.32083e-13
1.055 0.64635 3.06649e-14 0.35365 -3.20488e-14 -2.2702e-13 -1.41055e-13
1.06 0.648055 2.9492e-14 0.351945 -3.07465e-14 -2.18016e-13 -1.49939e-13
1.065 0.649741 2.82354e-14 0.350259 -2.9424e-14 -2.08815e-13 -1.58771e-13
1.07 0.651409 2.69408e-14 0.348591 -2.80665e-14 -1.99437e-13 -1.6755e-13
1.075 0.653061 2.55708e-14 0.346939 -2.67388e-14 -1.89817e-13 -1.76272e-13
1.08 0.654695 2.41487e-14 0.345305 -2.53898e-14 -1.79999e-13 -1.84969e-13
1.085 0.656312 2.27338e-14 0.343688 -2.40805e-14 -1.70079e-13 -1.93606e-13
1.09 0.657913 2.14189e-14 0.342087 -2.27586e-14 -1.60005e-13 -2.02068e-13
1.095 0.659498 2.01572e-14 0.340502 -2.1429e-14 -1.4978e-13 -2.10354e-13
1.1 0.661067 1.88637e-14 0.338933 -2.01089e-14 -1.39388e-13 -2.18598e-13
1.105 0.662621 1.75418e-14 0.337379 -1.87509e-14 -1.28812e-13 -2.26728e-13
1.11 0.664159 1.61364e-14 0.335841 -1.73972e-14 -1.18089e-13 -2.34783e-13
1.115 0.665683 1.49105e-14 0.334317 -1.59942e-14 -1.07212e-13 -2.42796e-13
1.12 0.667193 1.36209e-14 0.332807 -1.45911e-14 -9.62089e-14 -2.50786e-13
1.125 0.668688 1.21611e-14 0.331312 -1.31863e-14 -8.50801e-14 -2.5863e-13
1.13 0.67017 1.07695e-14 0.32983 -1.17552e-14 -7.38849e-14 -2.664e-13
1.135 0.671638 9.3137e-15 0.328362 -1.03283e-14 -6.24998e-14 -2.74064e-13
1.14 0.673094 7.92717e-15 0.326906 -8.89697e-15 -5.0969e-14 -2.81651e-13
1.145 0.674536 6.45891e-15 0.325464 -7.50545e-15 -3.9279e-14 -2.89219e-13
1.15 0.675966 5.00589e-15 0.324034 -6.13635e-15 -2.74348e-14 -2.96644e-13
1.155 0.677384 3.65422e-15 0.322616 -4.76993e-15 -1.54707e-14 -3.04009e-13
1.16 0.67879 2.3749e-15 0.32121 -3.40713e-15 -3.37281e-15 -3.11209e-13
1.165 0.680184 1.1952e-15 0.319816 -2.063e-15 8.89399e-15 -3.18309e-13
1.17 0.681567 -1.78022e-16 0.318433 -7.38649e-16 2.13352e-14 -3.25352e-13
1.175 0.68294 -1.40259e-15 0.31706 5.53078e-16 3.38733e-14 -3.32173e-13
1.18 0.684302 -2.76247e-15 0.315698 1.83116e-15 4.65412e-14 -3.38874e-13
1.185 0.685653 -4.00979e-15 0.314347 3.094e-15 5.92674e-14 -3.45395e-13
1.19 0.686995 -5.32757e-15 0.313005 4.34474e-15 7.20998e-14 -3.51761e-13
1.195 0.688327 -6.5941e-15 0.311673 5.58833e-15 8.50297e-14 -3.57988e-13
1.2 0.689649 -7.79326e-15 0.310351 6.8234e-15 9.79734e-14 -3.64119e-13
1.205 0.690963 -9.05138e-15 0.309037 8.0618e-15 1.10992e-13 -3.70054e-13
1.21 0.692267 -1.01826e-14 0.307733 9.29338e-15 1.24056e-13 -3.75828e-13
1.215 0.693564 -1.14465e-14 0.306436 1.0517e-14 1.37209e-13 -3.81389e-13
1.22 0.694852 -1.26894e-14 0.305148 1.17201e-14 1.50378e-13 -3.86843e-13
1.225 0.696132 -1.39518e-14 0.303868 1.29019e-14 1.63592e-13 -3.92168e-13
1.23 0.697405 -1.52833e-14 0.302595 1.40798e-14 1.7686e-13 -3.97392e-13
1.235 0.69867 -1.64633e-14 0.30133 1.52637e-14 1.90192e-13 -4.02483e-13
1.24 0.699928 -1.76079e-14 0.300072 1.64082e-14 2.03594e-13 -4.07431e-13
1.245 0.701179 -1.87289e-14 0.298821 1.75445e-14 2.17087e-13 -4.12257e-13
1.25 0.702424 -1.98058e-14 0.297576 1.86607e-14 2.30659e-13 -4.17012e-13
1.255 0.703663 -2.09206e-14 0.296337 1.97439e-14 2.44312e-13 -4.21657e-13
1.26 0.704895 -2.1903e-14 0.295105 2.08047e-14 2.5799e-13 -4.26236e-13
1.265 0.706122 -2.29224e-14 0.293878 2.18323e-14 2.71655e-13 -4.30615e-13
1.27 0.707343 -2.3883e-14 0.292657 2.28618e-14 2.85357e-13 -4.34781e-13
1.275 0.708559 -2.48625e-14 0.291441 2.3858e-14 2.99173e-13 -4.38786e-13
1.28 0.70977 -2.58018e-14 0.29023 2.48273e-14 3.12974e-13 -4.42576e-13
1.285 0.710976 -2.68464e-14 0.289024 2.57727e-14 3.26684e-13 -4.46247e-13
1.29 0.712178 -2.77361e-14 0.287822 2.6693e-14 3.40309e-13 -4.49826e-13
1.295 0.713375 -2.85533e-14 0.286625 2.7575e-14 3.53789e-13 -4.53313e-13
1.3 0.714568 -2.94415e-14 0.285432 2.84335e-14 3.67258e-13 -4.56703e-13
1.305 0.715758 -3.03896e-14 0.284242 2.92932e-14 3.80689e-13 -4.599e-13
1.31 0.716943 -3.12745e-14 0.283057 3.01245e-14 3.93992e-13 -4.62952e-13
1.315 0.718125 -3.20475e-14 0.281875 3.09304e-14 4.07179e-13 -4.65819e-13
1.32 0.719304 -3.29533e-14 0.280696 3.17198e-14 4.20248e-13 -4.68508e-13
1.325 0.72048 -3.35243e-14 0.27952 3.2496e-14 4.33188e-13 -4.71044e-13
1.33 0.721653 -3.42886e-14 0.278347 3.32486e-14 4.46046e-13 -4.73478e-13
1.335 0.722824 -3.49967e-14 0.277176 3.40133e-14 4.58736e-13 -4.75778e-13
1.34 0.723992 -3.5788e-14 0.276008 3.47804e-14 4.71242e-13 -4.77959e-13
1.345 0.725157 -3.63748e-14 0.274843 3.55089e-14 4.83621e-13 -4.79964e-13
1.35 0.726321 -3.72005e-14 0.273679 3.62243e-14 4.95827e-13 -4.8169e-13
1.355 0.727482 -3.77833e-14 0.272518 3.68974e-14 5.07759e-13 -4.83218e-13
1.36 0.728642 -3.84238e-14 0.271358 3.75424e-14 5.19508e-13 -4.84618e-13
1.365 0.7298 -3.90473e-14 0.2702 3.81643e-14 5.3113e-13 -4.85887e-13
1.37 0.730957 -3.95331e-14 0.269043 3.88051e-14 5.42523e-13 -4.86956e-13
1.375 0.732113 -4.00673e-14 0.267887 3.94109e-14 5.53724e-13 -4.8782e-13
1.38 0.733267 -4.06773e-14 0.266733 4.00043e-14 5.64743e-13 -4.88473e-13
1.385 0.73442 -4.12926e-14 0.26558 4.05679e-14 5.75554e-13 -4.8884e-13
1.39 0.735572 -4.18646e-14 0.264428 4.10875e-14 5.86208e-13 -4.89076e-13
1.395 0.736724 -4.24597e-14 0.263276 4.15755e-14 5.96628e-13 -4.89097e-13
1.4 0.737875 -4.28398e-14 0.262125 4.20391e-14 6.06785e-13 -4.88919e-13
1.405 0.739025 -4.33773e-14 0.260975 4.24956e-14 6.167e-13 -4.88533e-13
1.41 0.740175 -4.37505e-14 0.259825 4.29537e-14 6.26495e-13 -4.87958e-13
1.415 0.741325 -4.41876e-14 0.258675 4.34033e-14 6.36106e-13 -4.87176e-13
1.42 0.742474 -4.45069e-14 0.257526 4.38501e-14 6.45484e-13 -4.86186e-13
1.425 0.743623 -4.49449e-14 0.256377 4.42907e-14 6.54525e-13 -4.84958e-13
1.43 0.744773 -4.53519e-14 0.255227 4.46981e-14 6.63298e-13 -4.83644e-13
1.435 0.745922 -4.57467e-14 0.254078 4.50912e-14 6.71831e-13 -4.82124e-13
1.44 0.747071 -4.611e-14 0.252929 4.54723e-14 6.79969e-13 -4.80348e-13
1.445 0.748221 -4.65067e-14 0.251779 4.58495e-14 6.87659e-13 -4.78377e-13
1.45 0.749371 -4.68268e-14 0.250629 4.61872e-14 6.94977e-13 -4.76299e-13
1.455 0.750522 -4.70479e-14 0.249478 4.65107e-14 7.02006e-13 -4.74072e-13
1.46 0.751672 -4.73482e-14 0.248328 4.68205e-14 7.08609e-13 -4.71752e-13
1.465 0.752824 -4.75047e-14 0.247176 4.71183e-14 7.14844e-13 -4.69371e-13
1.47 0.753975 -4.78266e-14 0.246025 4.73896e-14 7.20595e-13 -4.66868e-13
1.475 0.755128 -4.81515e-14 0.244872 4.76384e-14 7.26057e-13 -4.64283e-13
1.48 0.756281 -4.83654e-14 0.243719 4.78753e-14 7.31211e-13 -4.61619e-13
1.485 0.757434 -4.86777e-14 0.242566 4.80911e-14 7.36055e-13 -4.58899e-13
1.49 0.758588 -4.88527e-14 0.241412 4.82927e-14 7.40574e-13 -4.56083e-13
1.495 0.759743 -4.89654e-14 0.240257 4.8492e-14 7.44714e-13 -4.53159e-13
1.5 0.760899 -4.91392e-14 0.239101 4.87057e-14 7.48579e-13 -4.50077e-13
1.505 0.762055 -4.94203e-14 0.237945 4.89118e-14 7.52042e-13 -4.46888e-13
1.51 0.763212 -4.97238e-14 0.236788 4.90867e-14 7.55094e-13 -4.43701e-13
1.515 0.76437 -4.98925e-14 0.23563 4.9247e-14 7.57794e-13 -4.40358e-13
1.52 0.765528 -4.99009e-14 0.234472 4.93906e-14 7.60138e-13 -4.36952e-13
1.525 0.766688 -5.00037e-14 0.233312 4.95234e-14 7.62056e-13 -4.33479e-13
1.53 0.767848 -5.00854e-14 0.232152 4.96417e-14 7.63519e-13 -4.30019e-13
1.535 0.769008 -5.01115e-14 0.230992 4.97316e-14 7.64614e-13 -4.26543e-13
1.54 0.770169 -5.02071e-14 0.229831 4.98134e-14 7.65375e-13 -4.22867e-13
1.545 0.771331 -5.0208e-14 0.228669 4.98724e-14 7.65761e-13 -4.19193e-13
1.55 0.772494 -5.01882e-14 0.227506 4.98896e-14 7.6585e-13 -4.15472e-13
1.555 0.773657 -5.01473e-14 0.226343 4.98957e-14 7.65564e-13 -4.11734e-13
1.56 0.774821 -5.00671e-14 0.225179 4.98956e-14 7.64924e-13 -4.0786e-13
1.565 0.775985 -4.99755e-14 0.224015 4.98675e-14 7.63951e-13 -4.03915e-13
1.57 0.77715 -4.99435e-14 0.22285 4.98302e-14 7.6261e-13 -4.00047e-13
1.575 0.778315 -4.99781e-14 0.221685 4.97722e-14 7.60902e-13 -3.96211e-13
1.58 0.77948 -4.99602e-14 0.22052 4.97e-14 7.58892e-13 -3.92296e-13
1.585 0.780646 -4.9794e-14 0.219354 4.96107e-14 7.56445e-13 -3.88358e-13
1.59 0.781812 -4.96981e-14 0.218188 4.95153e-14 7.53722e-13 -3.84363e-13
1.595 0.782978 -4.96155e-14 0.217022 4.94129e-14 7.50772e-13 -3.8039e-13
1.6 0.784145 -4.94664e-14 0.215855 4.93048e-14 7.47539e-13 -3.76385e-13
1.605 0.785311 -4.94022e-14 0.214689 4.92139e-14 7.44044e-13 -3.72364e-13
1.61 0.786478 -4.92452e-14 0.213523 4.91148e-14 7.40321e-13 -3.68229e-13
1.615 0.787644 -4.91227e-14 0.212356 4.90059e-14 7.36347e-13 -3.64158e-13
1.62 0.78881 -4.90343e-14 0.21119 4.88854e-14 7.32028e-13 -3.60117e-13
1.625 0.789976 -4.88602e-14 0.210024 4.87361e-14 7.27467e-13 -3.56133e-13
1.63 0.791141 -4.87912e-14 0.208859 4.85715e-14 7.2273e-13 -3.52199e-13
1.635 0.792306 -4.85332e-14 0.207694 4.8384e-14 7.17755e-13 -3.48282e-13
1.64 0.793471 -4.83263e-14 0.206529 4.81677e-14 7.12643e-13 -3.44331e-13
1.645 0.794635 -4.8091e-14 0.205365 4.79335e-14 7.07332e-13 -3.40375e-13
1.65 0.795798 -4.78133e-14 0.204202 4.76722e-14 7.01846e-13 -3.3649e-13
1.655 0.796961 -4.74636e-14 0.203039 4.73776e-14 6.96224e-13 -3.32592e-13
1.66 0.798122 -4.70968e-14 0.201878 4.705e-14 6.90595e-13 -3.28606e-13
1.665 0.799283 -4.67476e-14 0.200717 4.67259e-14 6.84872e-13 -3.24624e-13
1.67 0.800442 -4.64392e-14 0.199558 4.63811e-14 6.79078e-13 -3.20624e-13
1.675 0.801601 -4.60436e-14 0.198399 4.60262e-14 6.73144e-13 -3.16603e-13
1.68 0.802758 -4.56926e-14 0.197243 4.56632e-14 6.67112e-13 -3.12664e-13
1.685 0.803913 -4.53377e-14 0.196087 4.52906e-14 6.60899e-13 -3.08784e-13
1.69 0.805067 -4.48663e-14 0.194933 4.4897e-14 6.54521e-13 -3.04988e-13
1.695 0.806219 -4.44765e-14 0.193781 4.44946e-14 6.47922e-13 -3.01316e-13
1.7 0.80737 -4.40329e-14 0.19263 4.4077e-14 6.41161e-13 -2.9771e-13
1.705 0.808519 -4.3554e-14 0.191481 4.36437e-14 6.34203e-13 -2.94201e-13
1.71 0.809665 -4.31429e-14 0.190335 4.31886e-14 6.27087e-13 -2.90824e-13
1.715 0.81081 -4.27028e-14 0.18919 4.27143e-14 6.19843e-13 -2.87533e-13
1.72 0.811952 -4.22237e-14 0.188048 4.22401e-14 6.12493e-13 -2.84265e-13
1.725 0.813092 -4.16409e-14 0.186908 4.17536e-14 6.05139e-13 -2.8104e-13
1.73 0.81423 -4.10996e-14 0.18577 4.12637e-14 5.97733e-13 -2.7787e-13
1.735 0.815365 -4.05159e-14 0.184635 4.07586e-14 5.9025e-13 -2.7472e-13
1.74 0.816497 -3.99411e-14 0.183503 4.02307e-14 5.82622e-13 -2.71661e-13
1.745 0.817627 -3.9398e-14 0.182373 3.9698e-14 5.7494e-13 -2.68726e-13
1.75 0.818753 -3.88222e-14 0.181247 3.91612e-14 5.67152e-13 -2.65904e-13
1.755 0.819877 -3.82359e-14 0.180123 3.86263e-14 5.59217e-13 -2.6319e-13
1.76 0.820997 -3.76606e-14 0.179003 3.80785e-14 5.51165e-13 -2.60657e-13
1.765 0.822114 -3.69825e-14 0.177886 3.75257e-14 5.43079e-13 -2.5824e-13
1.77 0.823228 -3.63597e-14 0.176772 3.69634e-14 5.34957e-13 -2.55994e-13
1.775 0.824338 -3.57993e-14 0.175662 3.63936e-14 5.26818e-13 -2.53732e-13
1.78 0.825445 -3.51068e-14 0.174555 3.58113e-14 5.1877e-13 -2.51557e-13
1.785 0.826548 -3.44651e-14 0.173452 3.52329e-14 5.10717e-13 -2.49402e-13
1.79 0.827647 -3.38256e-14 0.172353 3.46375e-14 5.02681e-13 -2.47363e-13
1.795 0.828741 -3.32318e-14 0.171259 3.40366e-14 4.94644e-13 -2.45305e-13
1.8 0.829832 -3.26663e-14 0.170168 3.344e-14 4.86616e-13 -2.43379e-13
1.805 0.830919 -3.21026e-14 0.169081 3.28464e-14 4.78601e-13 -2.416e-13
1.81 0.832001 -3.14191e-14 0.167999 3.22554e-14 4.70599e-13 -2.3995e-13
1.815 0.833079 -3.08628e-14 0.166921 3.16784e-14 4.62571e-13 -2.38387e-13
1.82 0.834152 -3.03667e-14 0.165848 3.11157e-14 4.54545e-13 -2.37e-13
1.825 0.835221 -2.97739e-14 0.164779 3.05737e-14 4.465e-13 -2.35774e-13
1.83 0.836284 -2.91901e-14 0.163716 3.00511e-14 4.38425e-13 -2.34667e-13
1.835 0.837343 -2.86884e-14 0.162657 2.95443e-14 4.30287e-13 -2.33739e-13
1.84 0.838397 -2.81701e-14 0.161603 2.90462e-14 4.22158e-13 -2.32949e-13
1.845 0.839446 -2.76878e-14 0.160554 2.85632e-14 4.14119e-13 -2.3236e-13
1.85 0.84049 -2.7206e-14 0.15951 2.80778e-14 4.06099e-13 -2.32052e-13
1.855 0.841528 -2.66769e-14 0.158472 2.75982e-14 3.98072e-13 -2.31836e-13
1.86 0.842561 -2.60791e-14 0.157439 2.71208e-14 3.90083e-13 -2.31781e-13
1.865 0.843588 -2.56255e-14 0.156412 2.66403e-14 3.82082e-13 -2.31917e-13
1.87 0.84461 -2.51236e-14 0.15539 2.6167e-14 3.74039e-13 -2.32219e-13
1.875 0.845626 -2.46575e-14 0.154374 2.57043e-14 3.66006e-13 -2.32676e-13
1.88 0.846637 -2.42062e-14 0.153363 2.52615e-14 3.58059e-13 -2.33367e-13
1.885 0.847641 -2.36718e-14 0.152359 2.48315e-14 3.50085e-13 -2.34152e-13
1.89 0.84864 -2.3168e-14 0.15136 2.43985e-14 3.42225e-13 -2.35059e-13
1.895 0.849632 -2.27347e-14 0.150368 2.39737e-14 3.3439e-13 -2.36132e-13
1.9 0.850619 -2.23219e-14 0.149381 2.35617e-14 3.26606e-13 -2.37374e-13
1.905 0.851599 -2.19758e-14 0.148401 2.31756e-14 3.18834e-13 -2.38695e-13
1.91 0.852573 -2.16577e-14 0.147427 2.28133e-14 3.11164e-13 -2.40134e-13
1.915 0.85354 -2.12335e-14 0.14646 2.24771e-14 3.03516e-13 -2.41676e-13
1.92 0.854501 -2.09505e-14 0.145499 2.21743e-14 2.95891e-13 -2.43366e-13
1.925 0.855456 -2.07013e-14 0.144544 2.18848e-14 2.88303e-13 -2.45219e-13
1.93 0.856404 -2.04619e-14 0.143596 2.16126e-14 2.80808e-13 -2.47173e-13
1.935 0.857345 -2.01568e-14 0.142655 2.13584e-14 2.73404e-13 -2.49317e-13
1.94 0.85828 -1.9904e-14 0.14172 2.11327e-14 2.6616e-13 -2.51629e-13
1.945 0.859208 -1.97371e-14 0.140792 2.09248e-14 2.5905e-13 -2.54072e-13
1.95 0.860129 -1.95232e-14 0.139871 2.07144e-14 2.52028e-13 -2.56643e-13
1.955 0.861043 -1.9266e-14 0.138957 2.04846e-14 2.45197e-13 -2.59349e-13
1.96 0.86195 -1.89974e-14 0.13805 2.02749e-14 2.38572e-13 -2.62157e-13
1.965 0.86285 -1.8695e-14 0.13715 2.00753e-14 2.32081e-13 -2.65043e-13
1.97 0.863743 -1.85014e-14 0.136257 1.98706e-14 2.25715e-13 -2.68078e-13
1.975 0.86463 -1.83228e-14 0.135371 1.96903e-14 2.19464e-13 -2.71238e-13
1.98 0.865509 -1.81058e-14 0.134492 1.95185e-14 2.13428e-13 -2.74531e-13
1.985 0.86638 -1.79926e-14 0.13362 1.93603e-14 2.07638e-13 -2.78052e-13
1.99 0.867245 -1.78932e-14 0.132755 1.92567e-14 2.02015e-13 -2.81858e-13
1.995 0.868102 -1.78404e-14 0.131898 1.91826e-14 1.96769e-13 -2.85671e-13
2 0.868952 -1.7857e-14 0.131048 1.91579e-14 1.91695e-13 -2.89608e-13
2.005 0.869795 -1.7837e-14 0.130205 1.9179e-14 1.86911e-13 -2.93694e-13
2.01 0.87063 -1.79208e-14 0.12937 1.92475e-14 1.82361e-13 -2.97847e-13
2.015 0.871458 -1.80244e-14 0.128542 1.93556e-14 1.77997e-13 -3.02102e-13
2.02 0.872279 -1.82219e-14 0.127721 1.94909e-14 1.73851e-13 -3.06403e-13
2.025 0.873092 -1.84247e-14 0.126908 1.96678e-14 1.69924e-13 -3.10845e-13
2.03 0.873898 -1.86674e-14 0.126103 1.98657e-14 1.66248e-13 -3.15421e-13
2.035 0.874696 -1.89113e-14 0.125304 2.00874e-14 1.62779e-13 -3.20178e-13
2.04 0.875487 -1.92076e-14 0.124514 2.03381e-14 1.59418e-13 -3.24997e-13
2.045 0.87627 -1.95292e-14 0.12373 2.06115e-14 1.5624e-13 -3.29971e-13
2.05 0.877046 -1.98389e-14 0.122954 2.09035e-14 1.53213e-13 -3.35104e-13
2.055 0.877814 -2.01679e-14 0.122186 2.11971e-14 1.50311e-13 -3.40356e-13
2.06 0.878575 -2.05023e-14 0.121425 2.15083e-14 1.47683e-13 -3.45759e-13
2.065 0.879328 -2.08078e-14 0.120672 2.18267e-14 1.45253e-13 -3.51172e-13
2.07 0.880074 -2.11255e-14 0.119926 2.21621e-14 1.43093e-13 -3.56576e-13
2.075 0.880813 -2.14419e-14 0.119188 2.24934e-14 1.41148e-13 -3.62057e-13
2.08 0.881543 -2.1812e-14 0.118457 2.28267e-14 1.39418e-13 -3.67558e-13
2.085 0.882267 -2.2122e-14 0.117733 2.31698e-14 1.37917e-13 -3.73126e-13
2.09 0.882983 -2.24407e-14 0.117017 2.35275e-14 1.36677e-13 -3.78774e-13
2.095 0.883691 -2.28209e-14 0.116309 2.39275e-14 1.35653e-13 -3.84524e-13
2.1 0.884393 -2.3234e-14 0.115608 2.43623e-14 1.34795e-13 -3.90326e-13
2.105 0.885086 -2.37408e-14 0.114914 2.48195e-14 1.34202e-13 -3.96162e-13
2.11 0.885773 -2.42495e-14 0.114228 2.52977e-14 1.33741e-13 -4.02248e-13
2.115 0.886452 -2.47406e-14 0.113549 2.57905e-14 1.3351e-13 -4.08505e-13
2.12 0.887123 -2.51908e-14 0.112877 2.63022e-14 1.33486e-13 -4.14912e-13
2.125 0.887788 -2.57306e-14 0.112213 2.68448e-14 1.3364e-13 -4.2144e-13
2.13 0.888445 -2.63472e-14 0.111556 2.74236e-14 1.34011e-13 -4.28023e-13
2.135 0.889094 -2.68926e-14 0.110906 2.80287e-14 1.34499e-13 -4.34641e-13
2.14 0.889737 -2.74347e-14 0.110263 2.86698e-14 1.35074e-13 -4.41277e-13
2.145 0.890372 -2.81616e-14 0.109628 2.93598e-14 1.35821e-13 -4.48041e-13
2.15 0.891001 -2.88548e-14 0.108999 3.00831e-14 1.36698e-13 -4.54889e-13
2.155 0.891622 -2.9648e-14 0.108378 3.08398e-14 1.37769e-13 -4.61749e-13
2.16 0.892236 -3.04292e-14 0.107764 3.1635e-14 1.39067e-13 -4.68602e-13
2.165 0.892843 -3.12365e-14 0.107157 3.24524e-14 1.40453e-13 -4.75554e-13
2.17 0.893443 -3.20881e-14 0.106557 3.32765e-14 1.42002e-13 -4.82562e-13
2.175 0.894036 -3.28848e-14 0.105964 3.4116e-14 1.43654e-13 -4.89617e-13
2.18 0.894623 -3.37361e-14 0.105377 3.49657e-14 1.45409e-13 -4.96614e-13
2.185 0.895202 -3.45626e-14 0.104798 3.58135e-14 1.47348e-13 -5.03628e-13
2.19 0.895775 -3.5419e-14 0.104225 3.6682e-14 1.49375e-13 -5.10612e-13
2.195 0.896341 -3.62889e-14 0.103659 3.75467e-14 1.51517e-13 -5.17615e-13
2.2 0.8969 -3.71589e-14 0.1031 3.84221e-14 1.53747e-13 -5.24715e-13
2.205 0.897453 -3.80946e-14 0.102547 3.92953e-14 1.56241e-13 -5.31742e-13
2.21 0.898 -3.89998e-14 0.102001 4.01733e-14 1.58886e-13 -5.38638e-13
2.215 0.898539 -3.99153e-14 0.101461 4.10595e-14 1.61673e-13 -5.45517e-13
2.22 0.899073 -4.08897e-14 0.100927 4.19607e-14 1.6478e-13 -5.52276e-13
2.225 0.8996 -4.19017e-14 0.1004 4.28925e-14 1.68153e-13 -5.58973e-13
2.23 0.900121 -4.29304e-14 0.0998795 4.3885e-14 1.71701e-13 -5.65431e-13
2.235 0.900635 -4.39905e-14 0.0993649 4.49471e-14 1.75571e-13 -5.71876e-13
2.24 0.901144 -4.51688e-14 0.0988565 4.60739e-14 1.80099e-13 -5.78445e-13
2.245 0.901646 -4.63814e-14 0.0983542 4.72781e-14 1.85357e-13 -5.85089e-13
2.25 0.902142 -4.76396e-14 0.0978578 4.85442e-14 1.91162e-13 -5.91807e-13
2.255 0.902633 -4.90147e-14 0.0973674 4.99019e-14 1.97647e-13 -5.98463e-13
2.26 0.903117 -5.04142e-14 0.0968828 5.13355e-14 2.04744e-13 -6.05119e-13
2.265 0.903596 -5.19608e-14 0.096404 5.28565e-14 2.12461e-13 -6.11738e-13
2.27 0.904069 -5.35521e-14 0.0959309 5.44712e-14 2.20675e-13 -6.18288e-13
2.275 0.904537 -5.52412e-14 0.0954634 5.61869e-14 2.29366e-13 -6.24663e-13
2.28 0.904999 -5.70441e-14 0.0950015 5.80086e-14 2.38583e-13 -6.30905e-13
2.285 0.905455 -5.89737e-14 0.094545 5.99402e-14 2.48271e-13 -6.37014e-13
2.29 0.905906 -6.10216e-14 0.0940939 6.19702e-14 2.58306e-13 -6.42932e-13
2.295 0.906352 -6.31511e-14 0.0936481 6.41033e-14 2.68814e-13 -6.48576e-13
2.3 0.906793 -6.53545e-14 0.0932075 6.63335e-14 2.7977e-13 -6.54001e-13
2.305 0.907228 -6.77012e-14 0.092772 6.86548e-14 2.91134e-13 -6.59124e-13
2.31 0.907658 -7.01145e-14 0.0923416 7.10697e-14 3.02768e-13 -6.64003e-13
2.315 0.908084 -7.2582e-14 0.0919162 7.35602e-14 3.14689e-13 -6.68637e-13
2.32 0.908504 -7.51589e-14 0.0914957 7.61448e-14 3.26869e-13 -6.72964e-13
2.325 0.90892 -7.79005e-14 0.09108 7.88674e-14 3.39337e-13 -6.77078e-13
2.33 0.909331 -8.07153e-14 0.0906689 8.1702e-14 3.52038e-13 -6.80812e-13
2.335 0.909738 -8.36298e-14 0.0902625 8.46098e-14 3.64928e-13 -6.84229e-13
2.34 0.910139 -8.66133e-14 0.0898607 8.75876e-14 3.77757e-13 -6.87404e-13
2.345 0.910537 -8.96813e-14 0.0894632 9.06553e-14 3.90457e-13 -6.90436e-13
2.35 0.91093 -9.28212e-14 0.0890702 9.3797e-14 4.02948e-13 -6.93268e-13
2.355 0.911319 -9.60479e-14 0.0886814 9.70186e-14 4.15215e-13 -6.95872e-13
2.36 0.911703 -9.93294e-14 0.0882968 1.00321e-13 4.27459e-13 -6.98269e-13
2.365 0.912084 -1.02721e-13 0.0879163 1.03702e-13 4.39525e-13 -7.00446e-13
2.37 0.91246 -1.06178e-13 0.0875397 1.07163e-13 4.515e-13 -7.02418e-13
2.375 0.912833 -1.09717e-13 0.0871671 1.10703e-13 4.63382e-13 -7.04218e-13
2.38 0.913202 -1.13324e-13 0.0867983 1.14325e-13 4.75189e-13 -7.05797e-13
2.385 0.913567 -1.17018e-13 0.0864333 1.18026e-13 4.86964e-13 -7.07001e-13
2.39 0.913928 -1.20844e-13 0.0860718 1.2186e-13 4.98697e-13 -7.07765e-13
2.395 0.914286 -1.24813e-13 0.0857139 1.2582e-13 5.10424e-13 -7.08215e-13
2.4 0.914641 -1.28894e-13 0.0853595 1.29893e-13 5.22219e-13 -7.08369e-13
2.405 0.914992 -1.33035e-13 0.0850084 1.34052e-13 5.34001e-13 -7.08283e-13
2.41 0.91534 -1.37267e-13 0.0846606 1.38314e-13 5.45765e-13 -7.0791e-13
2.415 0.915684 -1.4158e-13 0.0843159 1.42635e-13 5.57579e-13 -7.07359e-13
2.42 0.916026 -1.45961e-13 0.0839743 1.47022e-13 5.69375e-13 -7.06577e-13
2.425 0.916364 -1.50433e-13 0.0836357 1.51492e-13 5.81139e-13 -7.05525e-13
2.43 0.9167 -1.54982e-13 0.0833 1.56024e-13 5.9281e-13 -7.04204e-13
2.435 0.917033 -1.59595e-13 0.0829671 1.60643e-13 6.04562e-13 -7.02663e-13
2.44 0.917363 -1.64246e-13 0.0826369 1.65311e-13 6.16337e-13 -7.0087e-13
2.445 0.917691 -1.68912e-13 0.0823093 1.69982e-13 6.27999e-13 -6.98854e-13
2.45 0.918016 -1.7363e-13 0.0819842 1.74714e-13 6.39644e-13 -6.96666e-13
2.455 0.918339 -1.78471e-13 0.0816616 1.79556e-13 6.51255e-13 -6.94169e-13
2.46 0.918659 -1.83407e-13 0.0813413 1.84506e-13 6.62818e-13 -6.9145e-13
2.465 0.918977 -1.88463e-13 0.0810233 1.89553e-13 6.74395e-13 -6.88505e-13
2.47 0.919293 -1.93628e-13 0.0807074 1.94704e-13 6.85919e-13 -6.85279e-13
2.475 0.919606 -1.98906e-13 0.0803937 1.99992e-13 6.974e-13 -6.81847e-13
2.48 0.919918 -2.04245e-13 0.0800819 2.05315e-13 7.08678e-13 -6.78114e-13
2.485 0.920228 -2.09666e-13 0.0797719 2.10736e-13 7.19711e-13 -6.74069e-13
2.49 0.920536 -2.15152e-13 0.0794638 2.16219e-13 7.30352e-13 -6.69599e-13
2.495 0.920843 -2.20792e-13 0.0791575 2.21853e-13 7.40839e-13 -6.64765e-13
2.5 0.921147 -2.26529e-13 0.0788527 2.2759e-13 7.51087e-13 -6.59679e-13
