0 0 0 1 0 0 0
0.01 0.000159142 -4.18538e-16 0.999841 1.88272e-16 -2.26939e-16 1.21344e-15
0.02 0.000636333 -3.66825e-16 0.999364 -1.48902e-16 -3.1023e-16 2.11456e-15
0.03 0.00143087 -2.93407e-16 0.998569 -1.53425e-16 -4.07659e-16 2.67012e-15
0.04 0.00254159 -2.83951e-16 0.997458 -1.62893e-16 -5.18341e-16 3.05634e-15
0.05 0.00396687 -4.25321e-16 0.996033 -1.45007e-16 -6.35437e-16 3.86322e-15
0.06 0.00570463 -4.67788e-16 0.994295 -1.36334e-16 -7.57329e-16 4.71819e-15
0.07 0.00775235 -3.61309e-16 0.992248 -1.29195e-16 -8.78415e-16 5.53131e-15
0.08 0.0101071 -4.55451e-16 0.989893 -1.31853e-16 -9.94031e-16 6.31526e-15
0.09 0.0127654 -2.54876e-16 0.987235 -1.3117e-16 -1.10306e-15 7.0998e-15
0.1 0.0157234 -2.94043e-16 0.984277 -1.29754e-16 -1.19069e-15 7.80332e-15
0.11 0.018977 -5.4009e-16 0.981023 -1.23415e-16 -1.2538e-15 8.57898e-15
0.12 0.0225214 -7.3789e-16 0.977479 -1.15787e-16 -1.28369e-15 9.1864e-15
0.13 0.0263517 -8.12368e-16 0.973648 -1.0066e-16 -1.26699e-15 9.79235e-15
0.14 0.0304623 -5.27846e-16 0.969538 -8.85646e-17 -1.18847e-15 1.04578e-14
0.15 0.0348476 -5.52735e-16 0.965153 -8.57397e-17 -9.81429e-16 1.09883e-14
0.16 0.0395013 -5.32441e-16 0.960499 -6.68165e-17 -7.33054e-16 1.15429e-14
0.17 0.0444169 -3.89124e-16 0.955583 -5.3238e-17 -4.73139e-16 1.21307e-14
0.18 0.0495877 -1.86151e-16 0.950412 -6.1995e-17 -2.01199e-16 1.27957e-14
0.19 0.0550066 -4.05034e-16 0.944994 -6.98866e-17 8.44766e-17 1.35141e-14
0.2 0.0606661 -4.34258e-16 0.939334 -4.73016e-17 3.81438e-16 1.42233e-14
0.21 0.0665587 -5.67493e-16 0.933442 2.61911e-17 7.02528e-16 1.49847e-14
0.22 0.0726763 -5.86898e-16 0.927324 6.38575e-17 1.03912e-15 1.58093e-14
0.23 0.0790109 -3.13146e-16 0.920989 8.3658e-17 1.41266e-15 1.66026e-14
0.24 0.085554 -5.96701e-16 0.914446 1.08244e-16 1.81172e-15 1.7392e-14
0.25 0.0922972 -4.62654e-16 0.907703 8.22989e-17 2.22597e-15 1.8086e-14
0.26 0.0992317 -3.32142e-16 0.900768 4.98058e-17 2.65925e-15 1.88828e-14
0.27 0.106349 -3.87689e-16 0.893652 2.19406e-17 3.05843e-15 1.9754e-14
0.28 0.113639 -2.47563e-17 0.886361 2.85698e-17 3.42538e-15 2.06877e-14
0.29 0.121094 -5.85108e-16 0.878906 7.98421e-17 3.74186e-15 2.16652e-14
0.3 0.128704 -8.10965e-16 0.871296 9.60318e-17 4.04621e-15 2.28078e-14
0.31 0.13646 -8.38199e-16 0.86354 1.33697e-16 4.31227e-15 2.4029e-14
0.32 0.144352 -5.74328e-16 0.855648 5.15044e-17 4.49796e-15 2.52809e-14
0.33 0.152372 -4.69844e-16 0.847628 -9.43683e-18 4.64854e-15 2.65436e-14
0.34 0.160509 -2.00012e-16 0.839491 -2.95493e-16 4.77063e-15 2.7805e-14
0.35 0.168755 5.39325e-16 0.831245 -6.99772e-16 4.84354e-15 2.91537e-14
0.36 0.1771 8.11185e-16 0.8229 -9.50458e-16 4.83526e-15 3.07396e-14
0.37 0.185535 1.17082e-15 0.814465 -1.00259e-15 4.6814e-15 3.25681e-14
0.38 0.194051 1.38023e-15 0.80595 -1.08383e-15 4.45654e-15 3.45663e-14
0.39 0.202638 1.26361e-15 0.797363 -1.18988e-15 4.20241e-15 3.66578e-14
0.4 0.211287 1.58082e-15 0.788713 -1.30845e-15 3.88934e-15 3.88038e-14
0.41 0.21999 1.56088e-15 0.78001 -1.40958e-15 3.49961e-15 4.10271e-14
0.42 0.228738 1.89982e-15 0.771262 -1.50524e-15 3.07303e-15 4.33368e-14
0.43 0.237521 2.2464e-15 0.762479 -1.59073e-15 2.62457e-15 4.57252e-14
0.44 0.246332 2.15677e-15 0.753668 -1.66077e-15 2.14146e-15 4.81219e-14
0.45 0.255163 2.218e-15 0.744837 -1.70252e-15 1.62675e-15 5.05341e-14
0.46 0.264004 1.97903e-15 0.735996 -1.68323e-15 1.08007e-15 5.29396e-14
0.47 0.272848 1.77844e-15 0.727151 -1.622e-15 5.24612e-16 5.53724e-14
0.48 0.281688 1.77662e-15 0.718312 -1.54052e-15 -1.24106e-17 5.78477e-14
0.49 0.290515 1.50397e-15 0.709485 -1.448e-15 -5.02516e-16 6.03911e-14
0.5 0.299323 1.38297e-15 0.700677 -1.23236e-15 -9.1343e-16 6.30066e-14
0.51 0.308104 1.13273e-15 0.691896 -9.02708e-16 -1.23131e-15 6.56714e-14
0.52 0.316851 7.67547e-16 0.683148 -5.81921e-16 -1.57457e-15 6.83599e-14
0.53 0.325559 3.39312e-16 0.674441 -1.84325e-16 -1.94785e-15 7.1011e-14
0.54 0.334219 -1.39348e-16 0.665781 1.52735e-16 -2.32384e-15 7.36518e-14
0.55 0.342827 -5.64152e-16 0.657173 4.96227e-16 -2.7589e-15 7.63139e-14
0.56 0.351377 -9.58648e-16 0.648623 7.86116e-16 -3.31271e-15 7.89447e-14
0.57 0.359862 -1.27266e-15 0.640138 1.00423e-15 -3.93061e-15 8.15549e-14
0.58 0.368278 -1.18988e-15 0.631721 1.14671e-15 -4.6545e-15 8.41235e-14
0.59 0.37662 -1.13373e-15 0.62338 1.26728e-15 -5.59025e-15 8.66634e-14
0.6 0.384883 -9.5215e-16 0.615117 1.24467e-15 -6.59371e-15 8.92199e-14
0.61 0.393061 -9.24112e-16 0.606938 1.19008e-15 -7.78141e-15 9.18324e-14
0.62 0.401152 -1.14374e-15 0.598847 1.09712e-15 -9.18585e-15 9.45344e-14
0.63 0.409152 -9.6831e-16 0.590848 8.76384e-16 -1.0903e-14 9.7223e-14
0.64 0.417055 -6.56108e-16 0.582945 5.0695e-16 -1.28437e-14 9.99063e-14
0.65 0.42486 5.72629e-18 0.57514 3.19095e-17 -1.49702e-14 1.02547e-13
0.66 0.432562 3.56719e-16 0.567437 -4.75457e-16 -1.73051e-14 1.05069e-13
0.67 0.44016 1.07391e-15 0.55984 -1.08554e-15 -1.98161e-14 1.07458e-13
0.68 0.44765 1.81788e-15 0.552349 -1.68456e-15 -2.2375e-14 1.09853e-13
0.69 0.45503 2.49922e-15 0.544969 -2.20901e-15 -2.50954e-14 1.12111e-13
0.7 0.462298 3.09058e-15 0.537701 -2.72914e-15 -2.78525e-14 1.14294e-13
0.71 0.469452 3.76661e-15 0.530547 -3.2373e-15 -3.07223e-14 1.16365e-13
0.72 0.476491 4.31755e-15 0.523509 -3.82536e-15 -3.37866e-14 1.18393e-13
0.73 0.483413 4.81697e-15 0.516587 -4.39586e-15 -3.7118e-14 1.20283e-13
0.74 0.490216 5.23807e-15 0.509784 -4.97754e-15 -4.05205e-14 1.22243e-13
0.75 0.4969 5.79574e-15 0.503099 -5.55365e-15 -4.4064e-14 1.24193e-13
0.76 0.503465 6.24622e-15 0.496535 -6.17902e-15 -4.77268e-14 1.26069e-13
0.77 0.509909 6.78762e-15 0.490091 -6.85176e-15 -5.15966e-14 1.27888e-13
0.78 0.516233 7.69143e-15 0.483767 -7.67333e-15 -5.55393e-14 1.2964e-13
0.79 0.522435 8.80525e-15 0.477564 -8.59878e-15 -5.95536e-14 1.31287e-13
0.8 0.528518 9.78639e-15 0.471482 -9.60819e-15 -6.35034e-14 1.32797e-13
0.81 0.534479 1.1103e-14 0.46552 -1.06569e-14 -6.74145e-14 1.3419e-13
0.82 0.540321 1.25088e-14 0.459679 -1.1749e-14 -7.12289e-14 1.35481e-13
0.83 0.546043 1.38086e-14 0.453956 -1.28977e-14 -7.4916e-14 1.3657e-13
0.84 0.551647 1.48624e-14 0.448353 -1.40726e-14 -7.83774e-14 1.37455e-13
0.85 0.557133 1.62141e-14 0.442867 -1.52798e-14 -8.17608e-14 1.3799e-13
0.86 0.562503 1.73523e-14 0.437497 -1.64807e-14 -8.49686e-14 1.38328e-13
0.87 0.567757 1.83484e-14 0.432243 -1.76688e-14 -8.79818e-14 1.38451e-13
0.88 0.572897 1.94882e-14 0.427103 -1.88552e-14 -9.06394e-14 1.38356e-13
0.89 0.577924 2.08129e-14 0.422076 -2.0032e-14 -9.29677e-14 1.3802e-13
0.9 0.58284 2.22456e-14 0.41716 -2.12153e-14 -9.4869e-14 1.37463e-13
0.91 0.587647 2.33681e-14 0.412353 -2.23469e-14 -9.64902e-14 1.36772e-13
0.92 0.592347 2.41646e-14 0.407653 -2.3422e-14 -9.74863e-14 1.3598e-13
0.93 0.596941 2.52371e-14 0.403059 -2.44051e-14 -9.81796e-14 1.35043e-13
0.94 0.601431 2.65501e-14 0.398569 -2.53696e-14 -9.84679e-14 1.33967e-13
0.95 0.60582 2.73612e-14 0.39418 -2.62964e-14 -9.85311e-14 1.32822e-13
0.96 0.610109 2.82804e-14 0.389891 -2.71702e-14 -9.82407e-14 1.31627e-13
0.97 0.614301 2.90786e-14 0.385699 -2.79939e-14 -9.7655e-14 1.30497e-13
0.98 0.618398 2.98769e-14 0.381602 -2.87803e-14 -9.67328e-14 1.29215e-13
0.99 0.622403 3.06802e-14 0.377597 -2.94966e-14 -9.55836e-14 1.27862e-13
1 0.626318 3.13523e-14 0.373682 -3.01339e-14 -9.42268e-14 1.26452e-13
1.01 0.630145 3.19007e-14 0.369855 -3.0725e-14 -9.26361e-14 1.24883e-13
1.02 0.633887 3.25467e-14 0.366113 -3.12854e-14 -9.07958e-14 1.23275e-13
1.03 0.637546 3.31572e-14 0.362454 -3.1789e-14 -8.88204e-14 1.21646e-13
1.04 0.641125 3.36075e-14 0.358875 -3.2219e-14 -8.65635e-14 1.19925e-13
1.05 0.644627 3.37294e-14 0.355373 -3.26249e-14 -8.42399e-14 1.18166e-13
1.06 0.648054 3.41852e-14 0.351946 -3.29676e-14 -8.17333e-14 1.1624e-13
1.07 0.651409 3.44745e-14 0.348591 -3.32842e-14 -7.89654e-14 1.14314e-13
1.08 0.654694 3.4887e-14 0.345306 -3.36016e-14 -7.60357e-14 1.12363e-13
1.09 0.657912 3.52047e-14 0.342088 -3.38693e-14 -7.29335e-14 1.10337e-13
1.1 0.661067 3.53451e-14 0.338934 -3.40844e-14 -6.96823e-14 1.08293e-13
1.11 0.664159 3.54014e-14 0.335841 -3.42364e-14 -6.63299e-14 1.06336e-13
1.12 0.667193 3.55942e-14 0.332808 -3.43546e-14 -6.28704e-14 1.04476e-13
1.13 0.67017 3.56813e-14 0.32983 -3.44396e-14 -5.93643e-14 1.02597e-13
1.14 0.673093 3.57145e-14 0.326907 -3.4468e-14 -5.57004e-14 1.00885e-13
1.15 0.675966 3.5791e-14 0.324035 -3.44841e-14 -5.18838e-14 9.93558e-14
1.16 0.678789 3.58432e-14 0.321211 -3.44664e-14 -4.79797e-14 9.79597e-14
1.17 0.681567 3.58382e-14 0.318433 -3.44016e-14 -4.39505e-14 9.67199e-14
1.18 0.684301 3.57318e-14 0.315699 -3.42976e-14 -3.98336e-14 9.54965e-14
1.19 0.686994 3.55523e-14 0.313006 -3.41687e-14 -3.56068e-14 9.44782e-14
1.2 0.689649 3.52734e-14 0.310351 -3.39796e-14 -3.12553e-14 9.35786e-14
1.21 0.692267 3.51778e-14 0.307733 -3.37786e-14 -2.67443e-14 9.2788e-14
1.22 0.694852 3.48369e-14 0.305149 -3.3508e-14 -2.21244e-14 9.20863e-14
1.23 0.697404 3.45954e-14 0.302596 -3.32058e-14 -1.7505e-14 9.17016e-14
1.24 0.699928 3.42331e-14 0.300073 -3.28784e-14 -1.28336e-14 9.13564e-14
1.25 0.702424 3.3975e-14 0.297576 -3.25417e-14 -8.08651e-15 9.1219e-14
1.26 0.704895 3.37169e-14 0.295105 -3.22079e-14 -3.29871e-15 9.13894e-14
1.27 0.707343 3.34033e-14 0.292657 -3.18239e-14 1.52199e-15 9.16493e-14
1.28 0.70977 3.29476e-14 0.290231 -3.14018e-14 6.40917e-15 9.21567e-14
1.29 0.712178 3.25311e-14 0.287823 -3.09625e-14 1.14334e-14 9.29191e-14
1.3 0.714568 3.1995e-14 0.285432 -3.04807e-14 1.64259e-14 9.37764e-14
1.31 0.716943 3.14286e-14 0.283057 -2.99809e-14 2.14571e-14 9.47624e-14
1.32 0.719304 3.10677e-14 0.280696 -2.94752e-14 2.65238e-14 9.58052e-14
1.33 0.721653 3.06211e-14 0.278347 -2.89659e-14 3.13622e-14 9.6934e-14
1.34 0.723991 3.02446e-14 0.276009 -2.84521e-14 3.60928e-14 9.81172e-14
1.35 0.726321 2.96788e-14 0.27368 -2.79068e-14 4.07198e-14 9.93147e-14
1.36 0.728642 2.90045e-14 0.271358 -2.73213e-14 4.52914e-14 1.00579e-13
1.37 0.730957 2.84471e-14 0.269043 -2.67751e-14 4.98311e-14 1.01775e-13
1.38 0.733267 2.79044e-14 0.266734 -2.62607e-14 5.41945e-14 1.03095e-13
1.39 0.735572 2.74746e-14 0.264428 -2.57254e-14 5.83946e-14 1.04462e-13
1.4 0.737874 2.7009e-14 0.262126 -2.51902e-14 6.24828e-14 1.05836e-13
1.41 0.740175 2.64982e-14 0.259826 -2.46764e-14 6.63923e-14 1.07228e-13
1.42 0.742474 2.60855e-14 0.257527 -2.41503e-14 7.01485e-14 1.0863e-13
1.43 0.744772 2.56182e-14 0.255228 -2.36212e-14 7.35659e-14 1.10109e-13
1.44 0.747071 2.50406e-14 0.252929 -2.31002e-14 7.67191e-14 1.11608e-13
1.45 0.749371 2.45038e-14 0.25063 -2.25836e-14 7.96437e-14 1.1305e-13
1.46 0.751672 2.40135e-14 0.248329 -2.20695e-14 8.23812e-14 1.14507e-13
1.47 0.753975 2.35731e-14 0.246026 -2.15727e-14 8.50876e-14 1.15966e-13
1.48 0.75628 2.29551e-14 0.24372 -2.10682e-14 8.7642e-14 1.1729e-13
1.49 0.758588 2.25329e-14 0.241413 -2.05678e-14 9.0006e-14 1.18627e-13
1.5 0.760898 2.19465e-14 0.239102 -2.00584e-14 9.21137e-14 1.19927e-13
1.51 0.763211 2.1399e-14 0.236789 -1.9556e-14 9.4035e-14 1.21114e-13
1.52 0.765528 2.07846e-14 0.234473 -1.90012e-14 9.5755e-14 1.222e-13
1.53 0.767847 2.03233e-14 0.232154 -1.84855e-14 9.7394e-14 1.231e-13
1.54 0.770168 1.98075e-14 0.229832 -1.7976e-14 9.89205e-14 1.23867e-13
1.55 0.772493 1.93319e-14 0.227508 -1.74752e-14 1.00426e-13 1.24425e-13
1.56 0.77482 1.88404e-14 0.225181 -1.69882e-14 1.01792e-13 1.24791e-13
1.57 0.777149 1.8391e-14 0.222852 -1.65595e-14 1.03198e-13 1.25052e-13
1.58 0.779479 1.79665e-14 0.220521 -1.61421e-14 1.04525e-13 1.25096e-13
1.59 0.781811 1.75182e-14 0.21819 -1.56903e-14 1.0583e-13 1.25085e-13
1.6 0.784143 1.711e-14 0.215857 -1.52671e-14 1.07185e-13 1.2502e-13
1.61 0.786476 1.67252e-14 0.213524 -1.48908e-14 1.08545e-13 1.24952e-13
1.62 0.788808 1.63272e-14 0.211192 -1.45068e-14 1.0982e-13 1.24748e-13
1.63 0.79114 1.59786e-14 0.208861 -1.41442e-14 1.11241e-13 1.24449e-13
1.64 0.793469 1.56573e-14 0.206531 -1.37942e-14 1.12587e-13 1.24039e-13
1.65 0.795797 1.5319e-14 0.204204 -1.3461e-14 1.13879e-13 1.23403e-13
1.66 0.798121 1.50583e-14 0.20188 -1.31434e-14 1.15292e-13 1.22756e-13
1.67 0.800441 1.4814e-14 0.19956 -1.28573e-14 1.16631e-13 1.22001e-13
1.68 0.802756 1.45536e-14 0.197245 -1.2593e-14 1.17995e-13 1.21076e-13
1.69 0.805065 1.43197e-14 0.194935 -1.234e-14 1.19258e-13 1.1994e-13
1.7 0.807368 1.40401e-14 0.192632 -1.20947e-14 1.204e-13 1.18532e-13
1.71 0.809663 1.37943e-14 0.190337 -1.18764e-14 1.21542e-13 1.17069e-13
1.72 0.81195 1.35837e-14 0.18805 -1.16894e-14 1.2263e-13 1.15595e-13
1.73 0.814228 1.33912e-14 0.185772 -1.156e-14 1.2385e-13 1.13978e-13
1.74 0.816495 1.33691e-14 0.183505 -1.14777e-14 1.25119e-13 1.12387e-13
1.75 0.818752 1.33477e-14 0.181249 -1.14603e-14 1.263e-13 1.10883e-13
1.76 0.820996 1.32983e-14 0.179005 -1.14585e-14 1.27468e-13 1.0931e-13
1.77 0.823226 1.33202e-14 0.176774 -1.1501e-14 1.28603e-13 1.07683e-13
1.78 0.825443 1.34082e-14 0.174557 -1.15958e-14 1.29741e-13 1.05881e-13
1.79 0.827645 1.35611e-14 0.172356 -1.17296e-14 1.30891e-13 1.03904e-13
1.8 0.829831 1.3578e-14 0.17017 -1.18787e-14 1.31993e-13 1.0185e-13
1.81 0.831999 1.37504e-14 0.168001 -1.20473e-14 1.33071e-13 9.96929e-14
1.82 0.83415 1.39699e-14 0.16585 -1.22442e-14 1.34125e-13 9.71874e-14
1.83 0.836283 1.41885e-14 0.163718 -1.24873e-14 1.35191e-13 9.45953e-14
1.84 0.838396 1.44404e-14 0.161605 -1.27433e-14 1.36145e-13 9.19595e-14
1.85 0.840488 1.48205e-14 0.159512 -1.3041e-14 1.37149e-13 8.92644e-14
1.86 0.84256 1.51296e-14 0.157441 -1.33721e-14 1.38055e-13 8.6533e-14
1.87 0.844609 1.545e-14 0.155391 -1.37246e-14 1.38808e-13 8.38242e-14
1.88 0.846636 1.58649e-14 0.153365 -1.40888e-14 1.39399e-13 8.09327e-14
1.89 0.848639 1.62823e-14 0.151362 -1.45088e-14 1.40014e-13 7.80187e-14
1.9 0.850618 1.66798e-14 0.149383 -1.49272e-14 1.40569e-13 7.4983e-14
1.91 0.852572 1.70704e-14 0.147428 -1.53526e-14 1.41138e-13 7.19402e-14
1.92 0.854501 1.7533e-14 0.1455 -1.57538e-14 1.41608e-13 6.89113e-14
1.93 0.856404 1.78812e-14 0.143597 -1.61746e-14 1.42065e-13 6.60057e-14
1.94 0.85828 1.82806e-14 0.141721 -1.65925e-14 1.42322e-13 6.32958e-14
1.95 0.860129 1.86079e-14 0.139871 -1.70112e-14 1.4251e-13 6.05602e-14
1.96 0.861951 1.90595e-14 0.13805 -1.74253e-14 1.42527e-13 5.78421e-14
1.97 0.863744 1.95595e-14 0.136256 -1.78758e-14 1.42547e-13 5.52054e-14
1.98 0.865509 1.98927e-14 0.134491 -1.83181e-14 1.42581e-13 5.25725e-14
1.99 0.867246 2.03009e-14 0.132755 -1.87623e-14 1.42565e-13 5.0085e-14
2 0.868953 2.07576e-14 0.131047 -1.92004e-14 1.42318e-13 4.75603e-14
2.01 0.870631 2.11648e-14 0.129369 -1.96275e-14 1.41825e-13 4.51294e-14
2.02 0.87228 2.15044e-14 0.12772 -2.0019e-14 1.41003e-13 4.27176e-14
2.03 0.873899 2.17889e-14 0.126101 -2.03693e-14 1.40045e-13 4.02835e-14
2.04 0.875488 2.20952e-14 0.124512 -2.06625e-14 1.39023e-13 3.78319e-14
2.05 0.877048 2.22612e-14 0.122953 -2.09138e-14 1.37925e-13 3.53697e-14
2.06 0.878577 2.24392e-14 0.121423 -2.11082e-14 1.36636e-13 3.28347e-14
2.07 0.880076 2.25563e-14 0.119924 -2.1243e-14 1.35264e-13 3.03383e-14
2.08 0.881546 2.26489e-14 0.118455 -2.13308e-14 1.33712e-13 2.77166e-14
2.09 0.882985 2.26702e-14 0.117015 -2.13789e-14 1.32134e-13 2.5737e-14
2.1 0.884395 2.26828e-14 0.115606 -2.13761e-14 1.30622e-13 2.35777e-14
2.11 0.885775 2.26192e-14 0.114226 -2.13215e-14 1.28974e-13 2.14961e-14
2.12 0.887125 2.24686e-14 0.112875 -2.1178e-14 1.27263e-13 1.95028e-14
2.13 0.888447 2.22952e-14 0.111554 -2.099e-14 1.25557e-13 1.73959e-14
2.14 0.889739 2.21213e-14 0.110262 -2.07787e-14 1.2369e-13 1.551e-14
2.15 0.891002 2.18185e-14 0.108998 -2.05277e-14 1.21918e-13 1.36698e-14
2.16 0.892237 2.15966e-14 0.107763 -2.02674e-14 1.20199e-13 1.18787e-14
2.17 0.893445 2.131e-14 0.106556 -1.99865e-14 1.18455e-13 1.00263e-14
2.18 0.894624 2.11227e-14 0.105376 -1.97529e-14 1.16847e-13 8.10443e-15
2.19 0.895776 2.09078e-14 0.104224 -1.95057e-14 1.15029e-13 6.22595e-15
2.2 0.896902 2.0681e-14 0.103099 -1.92615e-14 1.13403e-13 4.28909e-15
2.21 0.898 2.04605e-14 0.102 -1.90208e-14 1.1185e-13 2.30356e-15
2.22 0.899074 2.02028e-14 0.100927 -1.87908e-14 1.10269e-13 3.48036e-16
2.23 0.900121 1.99516e-14 0.0998792 -1.85567e-14 1.08477e-13 -1.576e-15
2.24 0.901144 1.96977e-14 0.0988563 -1.83132e-14 1.06228e-13 -3.29061e-15
2.25 0.902143 1.94247e-14 0.0978576 -1.80683e-14 1.03618e-13 -4.88759e-15
2.26 0.903118 1.91998e-14 0.0968827 -1.78178e-14 1.00661e-13 -6.29782e-15
2.27 0.90407 1.89233e-14 0.0959308 -1.75531e-14 9.72571e-14 -7.57186e-15
2.28 0.904999 1.86398e-14 0.0950015 -1.72639e-14 9.35776e-14 -8.70002e-15
2.29 0.905906 1.83308e-14 0.094094 -1.69454e-14 8.9652e-14 -9.7101e-15
2.3 0.906793 1.80362e-14 0.0932077 -1.66352e-14 8.52131e-14 -1.11076e-14
2.31 0.907659 1.77323e-14 0.092342 -1.63374e-14 8.03348e-14 -1.27834e-14
2.32 0.908504 1.74079e-14 0.0914961 -1.60253e-14 7.42578e-14 -1.94842e-14
2.33 0.909331 1.70524e-14 0.0906694 -1.56871e-14 6.88954e-14 -1.95062e-14
2.34 0.910139 1.66458e-14 0.0898612 -1.52989e-14 6.32231e-14 -2.0261e-14
2.35 0.91093 1.62355e-14 0.0890707 -1.48815e-14 5.72187e-14 -2.13651e-14
2.36 0.911703 1.57899e-14 0.0882973 -1.44172e-14 5.09707e-14 -2.26898e-14
2.37 0.91246 1.52551e-14 0.0875402 -1.38835e-14 4.45642e-14 -2.4362e-14
2.38 0.913202 1.45655e-14 0.0867988 -1.32031e-14 3.80738e-14 -2.64467e-14
2.39 0.913928 1.38326e-14 0.0860721 -1.24846e-14 3.12516e-14 -2.90284e-14
2.4 0.914641 1.30053e-14 0.0853595 -1.1681e-14 2.42389e-14 -3.19021e-14
2.41 0.91534 1.21576e-14 0.0846603 -1.08519e-14 1.67562e-14 -3.51449e-14
2.42 0.916027 1.12711e-14 0.0839736 -9.96477e-15 9.0408e-15 -3.87627e-14
2.43 0.916702 1.03807e-14 0.0832988 -9.07121e-15 1.21161e-15 -4.26505e-14
2.44 0.917365 9.4622e-15 0.0826351 -8.15819e-15 -6.82323e-15 -4.61964e-14
2.45 0.918019 8.55803e-15 0.0819819 -7.24216e-15 -1.48777e-14 -4.94241e-14
2.46 0.918662 7.47763e-15 0.0813382 -6.15449e-15 -2.29557e-14 -5.25866e-14
2.47 0.919297 6.23007e-15 0.0807035 -4.89539e-15 -3.09602e-14 -5.56129e-14
2.48 0.919923 4.74676e-15 0.0800771 -3.41215e-15 -3.88126e-14 -5.84507e-14
2.49 0.920542 3.43556e-15 0.0794581 -2.10494e-15 -4.68092e-14 -6.11711e-14
2.5 0.921155 2.38859e-15 0.0788458 -1.05777e-15 -5.4705e-14 -6.36628e-14
