0 0 0 1 0 0 0
0.1 0.0157141 6.20195e-16 0.984285 -5.48964e-16 6.32535e-16 -5.91282e-16
0.2 0.0606314 1.35361e-15 0.939368 -8.01395e-16 8.37263e-16 -1.13492e-15
0.3 0.128635 1.76605e-15 0.871364 -1.09031e-15 5.43363e-16 -2.2851e-15
0.4 0.211183 1.72499e-15 0.788816 -1.16751e-15 -2.90761e-16 -3.26324e-15
0.5 0.299191 1.77343e-15 0.700808 -1.18531e-15 -1.22168e-15 -4.40594e-15
0.6 0.384736 1.74853e-15 0.615264 -1.22467e-15 -1.83274e-15 -5.82452e-15
0.7 0.462151 1.64052e-15 0.537849 -1.18904e-15 -2.21633e-15 -7.30736e-15
0.8 0.528381 1.07843e-15 0.471618 -6.50667e-16 -2.47991e-15 -8.35009e-15
0.9 0.582726 9.94271e-16 0.417274 -5.3899e-16 -2.76838e-15 -9.06134e-15
1 0.62623 1.49423e-15 0.373769 -8.55668e-16 -3.60478e-15 -9.65689e-15
1.1 0.661008 2.21773e-15 0.338992 -1.52351e-15 -4.77719e-15 -1.05526e-14
1.2 0.689617 2.76415e-15 0.310383 -2.13268e-15 -6.36702e-15 -1.16464e-14
1.3 0.714557 2.73838e-15 0.285443 -2.06175e-15 -7.53991e-15 -1.26606e-14
1.4 0.737877 2.37966e-15 0.262123 -1.68226e-15 -8.08027e-15 -1.36178e-14
1.5 0.760907 1.57733e-15 0.239093 -8.9073e-16 -7.83543e-15 -1.43479e-14
1.6 0.784152 8.70847e-16 0.215848 -1.85968e-16 -7.59787e-15 -1.48784e-14
1.7 0.807372 1.61407e-16 0.192628 5.83552e-16 -6.84151e-15 -1.50153e-14
1.8 0.829826 -5.6225e-16 0.170173 1.24209e-15 -5.82649e-15 -1.51702e-14
1.9 0.850606 -1.12943e-15 0.149393 1.72142e-15 -4.37866e-15 -1.51324e-14
2 0.868936 -1.39405e-15 0.131063 1.93947e-15 -3.26114e-15 -1.46134e-14
2.1 0.884376 -1.41197e-15 0.115624 1.89663e-15 -2.50354e-15 -1.38779e-14
2.2 0.896886 -1.08657e-15 0.103114 1.54129e-15 -1.94056e-15 -1.31497e-14
2.3 0.906783 -4.62251e-16 0.0932168 9.04363e-16 -1.36284e-15 -1.25817e-14
2.4 0.914639 -2.70176e-16 0.0853612 7.30681e-16 -4.92973e-16 -1.20929e-14
2.5 0.921151 1.65868e-17 0.0788486 4.43176e-16 4.24227e-16 -1.14608e-14
