0 0 0 1 0 0 0
0.01 0.000159138 -2.73836e-16 0.999841 -4.22353e-16 1.89948e-16 1.1953e-15
0.02 0.000636318 -2.79154e-16 0.999364 -3.89934e-16 5.2901e-16 2.03315e-15
0.03 0.00143084 -1.93278e-16 0.998569 -3.86751e-16 8.6328e-16 2.49142e-15
0.04 0.00254154 -2.1105e-16 0.997458 -3.88942e-16 1.19195e-15 2.96879e-15
0.05 0.0039668 -1.74578e-16 0.996033 -3.90948e-16 1.52211e-15 3.59054e-15
0.06 0.00570455 -2.02415e-16 0.994295 -3.82789e-16 1.87453e-15 4.17597e-15
0.07 0.00775226 -2.07468e-16 0.992248 -3.80276e-16 2.23558e-15 4.57081e-15
0.08 0.010107 -2.78103e-16 0.989893 -3.89761e-16 2.59523e-15 5.07401e-15
0.09 0.0127653 -1.85482e-16 0.987235 -3.92845e-16 2.95375e-15 5.65832e-15
0.1 0.0157233 -6.46596e-17 0.984277 -3.97203e-16 3.31009e-15 6.26121e-15
0.11 0.0189769 1.35045e-16 0.981023 -4.29262e-16 3.66984e-15 6.86421e-15
0.12 0.0225213 1.59644e-16 0.977479 -4.41681e-16 4.07073e-15 7.53971e-15
0.13 0.0263516 8.89655e-17 0.973649 -4.51864e-16 4.49439e-15 8.31774e-15
0.14 0.0304622 2.13719e-16 0.969538 -4.65941e-16 4.93977e-15 9.00357e-15
0.15 0.0348474 2.89801e-16 0.965153 -4.63139e-16 5.40277e-15 9.56505e-15
0.16 0.0395011 3.63713e-16 0.960499 -4.64713e-16 5.84056e-15 1.00684e-14
0.17 0.0444168 2.47449e-16 0.955583 -4.71358e-16 6.26091e-15 1.06206e-14
0.18 0.0495876 1.6847e-16 0.950412 -4.82492e-16 6.66029e-15 1.1091e-14
0.19 0.0550064 1.15727e-16 0.944994 -4.83274e-16 7.06181e-15 1.16313e-14
0.2 0.060666 -4.07552e-17 0.939334 -4.87249e-16 7.47204e-15 1.22289e-14
0.21 0.0665585 -5.78845e-19 0.933442 -4.76947e-16 7.90593e-15 1.28067e-14
0.22 0.0726761 -4.96793e-17 0.927324 -4.86594e-16 8.37079e-15 1.33383e-14
0.23 0.0790106 3.35665e-18 0.920989 -5.27919e-16 8.87681e-15 1.37518e-14
0.24 0.0855538 1.20049e-16 0.914446 -6.23313e-16 9.44125e-15 1.39972e-14
0.25 0.092297 1.91671e-16 0.907703 -7.335e-16 1.00862e-14 1.41347e-14
0.26 0.0992315 2.48841e-16 0.900769 -8.44788e-16 1.08126e-14 1.39824e-14
0.27 0.106348 5.10786e-16 0.893652 -9.64817e-16 1.16519e-14 1.35169e-14
0.28 0.113639 4.51029e-16 0.886361 -1.12334e-15 1.26169e-14 1.27839e-14
0.29 0.121094 7.73808e-16 0.878906 -1.36949e-15 1.37433e-14 1.17558e-14
0.3 0.128704 1.12138e-15 0.871296 -1.74203e-15 1.50347e-14 1.03922e-14
0.31 0.136459 1.39378e-15 0.86354 -2.11879e-15 1.6502e-14 8.84337e-15
0.32 0.144352 1.6971e-15 0.855648 -2.51777e-15 1.81364e-14 6.94781e-15
0.33 0.152371 2.08163e-15 0.847629 -2.91621e-15 1.99643e-14 4.68181e-15
0.34 0.160509 2.50903e-15 0.839491 -3.30276e-15 2.19736e-14 2.15702e-15
0.35 0.168755 3.25766e-15 0.831245 -3.69691e-15 2.41896e-14 -7.79216e-16
0.36 0.1771 3.93407e-15 0.8229 -4.1324e-15 2.663e-14 -4.0293e-15
0.37 0.185535 4.29059e-15 0.814465 -4.63222e-15 2.9287e-14 -7.63304e-15
0.38 0.19405 4.94013e-15 0.80595 -5.19806e-15 3.2168e-14 -1.15427e-14
0.39 0.202637 5.77236e-15 0.797363 -5.91518e-15 3.53352e-14 -1.58764e-14
0.4 0.211287 6.58807e-15 0.788713 -6.72203e-15 3.87789e-14 -2.05751e-14
0.41 0.21999 7.8956e-15 0.78001 -7.57711e-15 4.25211e-14 -2.56484e-14
0.42 0.228737 8.49733e-15 0.771262 -8.37587e-15 4.6542e-14 -3.10728e-14
0.43 0.237521 9.3833e-15 0.762479 -9.13395e-15 5.08177e-14 -3.67687e-14
0.44 0.246332 1.00033e-14 0.753668 -9.82043e-15 5.53823e-14 -4.27588e-14
0.45 0.255163 1.0708e-14 0.744837 -1.04615e-14 6.02392e-14 -4.90036e-14
0.46 0.264004 1.13831e-14 0.735996 -1.10646e-14 6.53636e-14 -5.54744e-14
0.47 0.272848 1.1871e-14 0.727152 -1.16087e-14 7.07377e-14 -6.21757e-14
0.48 0.281688 1.23801e-14 0.718312 -1.20804e-14 7.63168e-14 -6.90238e-14
0.49 0.290515 1.27332e-14 0.709485 -1.25302e-14 8.2113e-14 -7.59897e-14
0.5 0.299323 1.33609e-14 0.700677 -1.29312e-14 8.81105e-14 -8.31299e-14
0.51 0.308104 1.38962e-14 0.691896 -1.32934e-14 9.43254e-14 -9.03935e-14
0.52 0.316851 1.41135e-14 0.683148 -1.3545e-14 1.00756e-13 -9.7794e-14
0.53 0.325559 1.43149e-14 0.674441 -1.38034e-14 1.07433e-13 -1.05141e-13
0.54 0.334219 1.43533e-14 0.665781 -1.40587e-14 1.14308e-13 -1.12493e-13
0.55 0.342827 1.46161e-14 0.657173 -1.43954e-14 1.21391e-13 -1.1985e-13
0.56 0.351377 1.49237e-14 0.648623 -1.47123e-14 1.28672e-13 -1.27263e-13
0.57 0.359862 1.54262e-14 0.640137 -1.50537e-14 1.3624e-13 -1.34712e-13
0.58 0.368278 1.57948e-14 0.631721 -1.54366e-14 1.4406e-13 -1.42192e-13
0.59 0.37662 1.63408e-14 0.62338 -1.58581e-14 1.52132e-13 -1.4964e-13
0.6 0.384883 1.71117e-14 0.615117 -1.62986e-14 1.60347e-13 -1.56975e-13
0.61 0.393062 1.73229e-14 0.606938 -1.67259e-14 1.68697e-13 -1.64117e-13
0.62 0.401152 1.77657e-14 0.598847 -1.71891e-14 1.77183e-13 -1.71088e-13
0.63 0.409152 1.82469e-14 0.590848 -1.7738e-14 1.85715e-13 -1.77881e-13
0.64 0.417055 1.86139e-14 0.582945 -1.82209e-14 1.94272e-13 -1.84492e-13
0.65 0.42486 1.91779e-14 0.57514 -1.88067e-14 2.02881e-13 -1.90922e-13
0.66 0.432563 1.95819e-14 0.567437 -1.93953e-14 2.11583e-13 -1.97047e-13
0.67 0.44016 2.00508e-14 0.55984 -1.99706e-14 2.20364e-13 -2.02872e-13
0.68 0.44765 2.05938e-14 0.552349 -2.05097e-14 2.28956e-13 -2.08548e-13
0.69 0.45503 2.08367e-14 0.544969 -2.09362e-14 2.37752e-13 -2.13868e-13
0.7 0.462298 2.10536e-14 0.537701 -2.13108e-14 2.46399e-13 -2.18949e-13
0.71 0.469453 2.11167e-14 0.530547 -2.15672e-14 2.54913e-13 -2.237e-13
0.72 0.476491 2.13063e-14 0.523509 -2.17057e-14 2.63188e-13 -2.28153e-13
0.73 0.483413 2.1466e-14 0.516587 -2.17622e-14 2.71243e-13 -2.32357e-13
0.74 0.490216 2.1335e-14 0.509784 -2.1781e-14 2.79121e-13 -2.3631e-13
0.75 0.4969 2.13419e-14 0.503099 -2.16685e-14 2.86807e-13 -2.39995e-13
0.76 0.503465 2.10547e-14 0.496535 -2.13931e-14 2.9453e-13 -2.43233e-13
0.77 0.509909 2.09613e-14 0.490091 -2.10567e-14 3.02019e-13 -2.46127e-13
0.78 0.516233 2.05308e-14 0.483767 -2.0594e-14 3.09365e-13 -2.48588e-13
0.79 0.522435 1.98968e-14 0.477564 -2.00579e-14 3.16345e-13 -2.50712e-13
0.8 0.528518 1.89154e-14 0.471482 -1.94329e-14 3.22847e-13 -2.52663e-13
0.81 0.534479 1.83429e-14 0.46552 -1.87007e-14 3.29061e-13 -2.54136e-13
0.82 0.540321 1.7378e-14 0.459679 -1.79437e-14 3.34938e-13 -2.55247e-13
0.83 0.546043 1.64559e-14 0.453956 -1.71297e-14 3.40262e-13 -2.56016e-13
0.84 0.551647 1.51926e-14 0.448353 -1.62408e-14 3.45045e-13 -2.56482e-13
0.85 0.557133 1.4158e-14 0.442867 -1.53495e-14 3.49523e-13 -2.56644e-13
0.86 0.562503 1.30681e-14 0.437497 -1.43648e-14 3.53488e-13 -2.56544e-13
0.87 0.567757 1.19623e-14 0.432243 -1.33167e-14 3.56918e-13 -2.56165e-13
0.88 0.572897 1.07968e-14 0.427103 -1.22266e-14 3.60005e-13 -2.55638e-13
0.89 0.577924 9.62636e-15 0.422076 -1.10945e-14 3.62704e-13 -2.54889e-13
0.9 0.58284 8.50939e-15 0.417159 -9.9341e-15 3.64966e-13 -2.53925e-13
0.91 0.587647 7.35298e-15 0.412352 -8.68237e-15 3.66791e-13 -2.52755e-13
0.92 0.592347 6.00174e-15 0.407653 -7.37916e-15 3.6818e-13 -2.51536e-13
0.93 0.596941 4.6091e-15 0.403059 -6.02961e-15 3.6902e-13 -2.50235e-13
0.94 0.601431 3.40034e-15 0.398569 -4.65154e-15 3.69383e-13 -2.48814e-13
0.95 0.60582 2.34628e-15 0.39418 -3.20668e-15 3.69237e-13 -2.47269e-13
0.96 0.610109 9.17254e-16 0.389891 -1.73586e-15 3.68578e-13 -2.45694e-13
0.97 0.614301 -4.69397e-16 0.385699 -2.84452e-16 3.67402e-13 -2.43985e-13
0.98 0.618398 -1.96266e-15 0.381601 1.19765e-15 3.65686e-13 -2.42141e-13
0.99 0.622403 -3.30009e-15 0.377597 2.69271e-15 3.63407e-13 -2.40112e-13
1 0.626318 -4.80695e-15 0.373682 4.20522e-15 3.60673e-13 -2.37939e-13
1.01 0.630145 -6.29525e-15 0.369855 5.70908e-15 3.57548e-13 -2.35754e-13
1.02 0.633887 -7.9273e-15 0.366113 7.2168e-15 3.5405e-13 -2.33354e-13
1.03 0.637546 -9.48128e-15 0.362454 8.74378e-15 3.50065e-13 -2.30951e-13
1.04 0.641125 -1.11099e-14 0.358875 1.02861e-14 3.45653e-13 -2.28486e-13
1.05 0.644627 -1.26688e-14 0.355373 1.18634e-14 3.40785e-13 -2.25889e-13
1.06 0.648054 -1.42835e-14 0.351946 1.34196e-14 3.35571e-13 -2.23053e-13
1.07 0.651409 -1.58058e-14 0.348591 1.49979e-14 3.29924e-13 -2.2016e-13
1.08 0.654694 -1.74297e-14 0.345306 1.66037e-14 3.23825e-13 -2.17251e-13
1.09 0.657912 -1.90631e-14 0.342087 1.82391e-14 3.17415e-13 -2.14239e-13
1.1 0.661066 -2.07116e-14 0.338933 1.98534e-14 3.10653e-13 -2.1111e-13
1.11 0.664159 -2.22195e-14 0.335841 2.14666e-14 3.03562e-13 -2.08e-13
1.12 0.667192 -2.3773e-14 0.332807 2.30558e-14 2.9622e-13 -2.0495e-13
1.13 0.67017 -2.53282e-14 0.32983 2.46401e-14 2.88569e-13 -2.01758e-13
1.14 0.673093 -2.68588e-14 0.326907 2.62235e-14 2.80635e-13 -1.9863e-13
1.15 0.675965 -2.83888e-14 0.324034 2.78094e-14 2.72301e-13 -1.95364e-13
1.16 0.678789 -2.98661e-14 0.321211 2.9368e-14 2.63635e-13 -1.91854e-13
1.17 0.681567 -3.13877e-14 0.318433 3.09224e-14 2.54633e-13 -1.88345e-13
1.18 0.684301 -3.28568e-14 0.315699 3.24892e-14 2.4538e-13 -1.84926e-13
1.19 0.686994 -3.43739e-14 0.313005 3.40355e-14 2.35876e-13 -1.81475e-13
1.2 0.689649 -3.59224e-14 0.310351 3.5596e-14 2.26036e-13 -1.77983e-13
1.21 0.692267 -3.733e-14 0.307733 3.71352e-14 2.16019e-13 -1.74449e-13
1.22 0.694852 -3.89665e-14 0.305148 3.86094e-14 2.05734e-13 -1.70872e-13
1.23 0.697404 -4.03571e-14 0.302595 4.00139e-14 1.95214e-13 -1.67338e-13
1.24 0.699928 -4.17655e-14 0.300072 4.13644e-14 1.846e-13 -1.63932e-13
1.25 0.702424 -4.31306e-14 0.297576 4.26687e-14 1.73732e-13 -1.6063e-13
1.26 0.704895 -4.45351e-14 0.295105 4.39375e-14 1.62679e-13 -1.57322e-13
1.27 0.707343 -4.57131e-14 0.292657 4.51235e-14 1.51376e-13 -1.54134e-13
1.28 0.70977 -4.68628e-14 0.29023 4.62721e-14 1.39833e-13 -1.5099e-13
1.29 0.712178 -4.79394e-14 0.287822 4.73571e-14 1.2808e-13 -1.47872e-13
1.3 0.714568 -4.8871e-14 0.285432 4.83829e-14 1.16134e-13 -1.44857e-13
1.31 0.716943 -4.98041e-14 0.283057 4.93521e-14 1.0399e-13 -1.42012e-13
1.32 0.719304 -5.06965e-14 0.280695 5.02748e-14 9.1863e-14 -1.3942e-13
1.33 0.721653 -5.16055e-14 0.278346 5.111e-14 7.97079e-14 -1.3705e-13
1.34 0.723992 -5.24447e-14 0.276008 5.18843e-14 6.75445e-14 -1.34841e-13
1.35 0.726321 -5.3288e-14 0.273679 5.26029e-14 5.5396e-14 -1.32691e-13
1.36 0.728642 -5.40374e-14 0.271357 5.33218e-14 4.31705e-14 -1.30587e-13
1.37 0.730957 -5.46118e-14 0.269043 5.3935e-14 3.11296e-14 -1.28681e-13
1.38 0.733267 -5.51687e-14 0.266733 5.4477e-14 1.9182e-14 -1.27055e-13
1.39 0.735572 -5.56939e-14 0.264427 5.49537e-14 7.34457e-15 -1.25566e-13
1.4 0.737875 -5.61406e-14 0.262125 5.5354e-14 -4.41944e-15 -1.24267e-13
1.41 0.740175 -5.64445e-14 0.259825 5.56603e-14 -1.59812e-14 -1.23313e-13
1.42 0.742474 -5.6619e-14 0.257526 5.58855e-14 -2.74523e-14 -1.2273e-13
1.43 0.744773 -5.68319e-14 0.255227 5.60237e-14 -3.87235e-14 -1.224e-13
1.44 0.747072 -5.68677e-14 0.252928 5.60703e-14 -4.98505e-14 -1.223e-13
1.45 0.749372 -5.68601e-14 0.250628 5.60302e-14 -6.07844e-14 -1.22469e-13
1.46 0.751673 -5.68324e-14 0.248327 5.5913e-14 -7.14486e-14 -1.22884e-13
1.47 0.753976 -5.66391e-14 0.246024 5.57288e-14 -8.19462e-14 -1.23572e-13
1.48 0.756281 -5.65196e-14 0.243719 5.5456e-14 -9.22134e-14 -1.24499e-13
1.49 0.758589 -5.6208e-14 0.241411 5.50985e-14 -1.02475e-13 -1.25725e-13
1.5 0.760899 -5.56697e-14 0.239101 5.46281e-14 -1.1242e-13 -1.27075e-13
1.51 0.763213 -5.51444e-14 0.236787 5.41128e-14 -1.22129e-13 -1.28514e-13
1.52 0.765529 -5.45614e-14 0.234471 5.35352e-14 -1.31551e-13 -1.30085e-13
1.53 0.767848 -5.39374e-14 0.232152 5.28938e-14 -1.40667e-13 -1.31746e-13
1.54 0.77017 -5.32385e-14 0.22983 5.22084e-14 -1.49412e-13 -1.33579e-13
1.55 0.772494 -5.236e-14 0.227506 5.14411e-14 -1.58009e-13 -1.35528e-13
1.56 0.774821 -5.15176e-14 0.225179 5.06361e-14 -1.66286e-13 -1.37572e-13
1.57 0.77715 -5.05989e-14 0.22285 4.97956e-14 -1.74328e-13 -1.39663e-13
1.58 0.779481 -4.97393e-14 0.220519 4.89305e-14 -1.82103e-13 -1.41856e-13
1.59 0.781812 -4.87511e-14 0.218188 4.80043e-14 -1.89693e-13 -1.4407e-13
1.6 0.784145 -4.76395e-14 0.215855 4.69728e-14 -1.96958e-13 -1.46425e-13
1.61 0.786478 -4.66524e-14 0.213522 4.5899e-14 -2.03918e-13 -1.48888e-13
1.62 0.78881 -4.54148e-14 0.21119 4.47802e-14 -2.10658e-13 -1.51304e-13
1.63 0.791142 -4.41552e-14 0.208858 4.36119e-14 -2.1715e-13 -1.53874e-13
1.64 0.793471 -4.29376e-14 0.206529 4.24002e-14 -2.23397e-13 -1.56591e-13
1.65 0.795798 -4.17571e-14 0.204202 4.11897e-14 -2.29353e-13 -1.59299e-13
1.66 0.798122 -4.04528e-14 0.201878 3.99565e-14 -2.35076e-13 -1.6201e-13
1.67 0.800442 -3.91032e-14 0.199558 3.86777e-14 -2.4039e-13 -1.6467e-13
1.68 0.802758 -3.77651e-14 0.197242 3.73836e-14 -2.45442e-13 -1.67331e-13
1.69 0.805067 -3.6384e-14 0.194933 3.60408e-14 -2.50274e-13 -1.70076e-13
1.7 0.80737 -3.50623e-14 0.19263 3.46903e-14 -2.54864e-13 -1.72807e-13
1.71 0.809665 -3.36884e-14 0.190335 3.3318e-14 -2.5917e-13 -1.75359e-13
1.72 0.811952 -3.24078e-14 0.188048 3.19856e-14 -2.63329e-13 -1.77815e-13
1.73 0.81423 -3.10702e-14 0.18577 3.06779e-14 -2.67262e-13 -1.80099e-13
1.74 0.816497 -2.98149e-14 0.183503 2.93615e-14 -2.7097e-13 -1.8237e-13
1.75 0.818753 -2.84644e-14 0.181247 2.79987e-14 -2.74485e-13 -1.84579e-13
1.76 0.820997 -2.70685e-14 0.179003 2.66104e-14 -2.77736e-13 -1.8655e-13
1.77 0.823228 -2.573e-14 0.176772 2.51986e-14 -2.80798e-13 -1.88359e-13
1.78 0.825445 -2.43493e-14 0.174555 2.37828e-14 -2.83765e-13 -1.89994e-13
1.79 0.827646 -2.29477e-14 0.172354 2.23682e-14 -2.86587e-13 -1.91368e-13
1.8 0.829832 -2.15921e-14 0.170168 2.10053e-14 -2.89326e-13 -1.92613e-13
1.81 0.832001 -2.02964e-14 0.167999 1.9672e-14 -2.91864e-13 -1.93733e-13
1.82 0.834152 -1.90144e-14 0.165848 1.83685e-14 -2.94299e-13 -1.94642e-13
1.83 0.836284 -1.77089e-14 0.163716 1.70722e-14 -2.96706e-13 -1.95307e-13
1.84 0.838397 -1.64524e-14 0.161603 1.58049e-14 -2.99089e-13 -1.95814e-13
1.85 0.840489 -1.51661e-14 0.159511 1.45867e-14 -3.01418e-13 -1.96122e-13
1.86 0.84256 -1.40419e-14 0.15744 1.34026e-14 -3.03585e-13 -1.96209e-13
1.87 0.84461 -1.28948e-14 0.15539 1.22634e-14 -3.05623e-13 -1.95994e-13
1.88 0.846636 -1.1802e-14 0.153364 1.11687e-14 -3.07572e-13 -1.95644e-13
1.89 0.848639 -1.07729e-14 0.151361 1.01098e-14 -3.09411e-13 -1.95236e-13
1.9 0.850618 -9.84759e-15 0.149382 9.15402e-15 -3.11332e-13 -1.94518e-13
1.91 0.852572 -8.9547e-15 0.147428 8.29207e-15 -3.13205e-13 -1.93563e-13
1.92 0.854501 -8.18203e-15 0.145499 7.49879e-15 -3.15167e-13 -1.92347e-13
1.93 0.856403 -7.45512e-15 0.143597 6.75654e-15 -3.17076e-13 -1.90822e-13
1.94 0.858279 -6.76422e-15 0.141721 6.0826e-15 -3.18963e-13 -1.88914e-13
1.95 0.860128 -6.1269e-15 0.139872 5.47507e-15 -3.2095e-13 -1.86561e-13
1.96 0.86195 -5.60265e-15 0.13805 4.93154e-15 -3.22982e-13 -1.84103e-13
1.97 0.863743 -5.23051e-15 0.136257 4.47158e-15 -3.24956e-13 -1.8147e-13
1.98 0.865508 -4.88687e-15 0.134492 4.10474e-15 -3.26905e-13 -1.78741e-13
1.99 0.867244 -4.56281e-15 0.132756 3.80619e-15 -3.28862e-13 -1.76e-13
2 0.868952 -4.38969e-15 0.131048 3.60713e-15 -3.30917e-13 -1.73195e-13
2.01 0.87063 -4.30667e-15 0.12937 3.50705e-15 -3.32992e-13 -1.70214e-13
2.02 0.872278 -4.24083e-15 0.127722 3.46919e-15 -3.35218e-13 -1.67107e-13
2.03 0.873897 -4.28902e-15 0.126103 3.51359e-15 -3.3751e-13 -1.63843e-13
2.04 0.875486 -4.38036e-15 0.124514 3.59375e-15 -3.39926e-13 -1.60433e-13
2.05 0.877045 -4.49119e-15 0.122955 3.72902e-15 -3.4247e-13 -1.56957e-13
2.06 0.878574 -4.72175e-15 0.121426 3.92237e-15 -3.45102e-13 -1.5336e-13
2.07 0.880074 -4.94447e-15 0.119926 4.17328e-15 -3.47792e-13 -1.49769e-13
2.08 0.881543 -5.24873e-15 0.118457 4.4592e-15 -3.50582e-13 -1.46119e-13
2.09 0.882982 -5.56983e-15 0.117018 4.78919e-15 -3.53531e-13 -1.42416e-13
2.1 0.884392 -5.90343e-15 0.115608 5.16784e-15 -3.56503e-13 -1.38717e-13
2.11 0.885772 -6.30365e-15 0.114228 5.5965e-15 -3.59493e-13 -1.35034e-13
2.12 0.887122 -6.77034e-15 0.112878 6.07389e-15 -3.62629e-13 -1.31168e-13
2.13 0.888443 -7.26735e-15 0.111557 6.58178e-15 -3.65925e-13 -1.27112e-13
2.14 0.889736 -7.77437e-15 0.110265 7.11576e-15 -3.6944e-13 -1.23016e-13
2.15 0.890999 -8.32276e-15 0.109001 7.66312e-15 -3.72984e-13 -1.18774e-13
2.16 0.892234 -8.93026e-15 0.107766 8.23532e-15 -3.7652e-13 -1.14208e-13
2.17 0.893441 -9.52758e-15 0.106559 8.80447e-15 -3.80095e-13 -1.09643e-13
2.18 0.894621 -1.01758e-14 0.105379 9.39623e-15 -3.83587e-13 -1.05212e-13
2.19 0.895773 -1.07464e-14 0.104227 1.00323e-14 -3.87083e-13 -1.00614e-13
2.2 0.896898 -1.13381e-14 0.103102 1.07074e-14 -3.90479e-13 -9.6405e-14
2.21 0.897997 -1.21165e-14 0.102003 1.1438e-14 -3.93821e-13 -9.27128e-14
2.22 0.89907 -1.29018e-14 0.10093 1.22313e-14 -3.97007e-13 -8.91441e-14
2.23 0.900118 -1.37386e-14 0.0998819 1.308e-14 -4.00126e-13 -8.57311e-14
2.24 0.901141 -1.46123e-14 0.0988589 1.39671e-14 -4.02658e-13 -8.19413e-14
2.25 0.90214 -1.55033e-14 0.0978602 1.48862e-14 -4.04717e-13 -7.82835e-14
2.26 0.903115 -1.6454e-14 0.0968852 1.58343e-14 -4.06457e-13 -7.37623e-14
2.27 0.904067 -1.73983e-14 0.0959333 1.67853e-14 -4.07615e-13 -6.92139e-14
2.28 0.904996 -1.83568e-14 0.0950039 1.77528e-14 -4.08354e-13 -6.45147e-14
2.29 0.905904 -1.93368e-14 0.0940963 1.87405e-14 -4.08738e-13 -5.95704e-14
2.3 0.90679 -2.03133e-14 0.09321 1.97325e-14 -4.08887e-13 -5.44335e-14
2.31 0.907656 -2.13029e-14 0.0923441 2.07269e-14 -4.08605e-13 -4.97292e-14
2.32 0.908502 -2.22744e-14 0.0914982 2.16966e-14 -4.07901e-13 -4.54311e-14
2.33 0.909329 -2.31934e-14 0.0906714 2.26274e-14 -4.06698e-13 -4.14715e-14
2.34 0.910137 -2.40718e-14 0.0898631 2.35258e-14 -4.05272e-13 -3.76402e-14
2.35 0.910928 -2.4956e-14 0.0890725 2.44183e-14 -4.03891e-13 -3.35948e-14
2.36 0.911701 -2.57756e-14 0.0882991 2.5257e-14 -4.02545e-13 -2.92686e-14
2.37 0.912458 -2.66319e-14 0.087542 2.6109e-14 -4.01383e-13 -2.4589e-14
2.38 0.9132 -2.75253e-14 0.0868005 2.7006e-14 -4.00379e-13 -1.99098e-14
2.39 0.913926 -2.84157e-14 0.086074 2.79107e-14 -3.9901e-13 -1.50394e-14
2.4 0.914639 -2.93649e-14 0.0853615 2.88527e-14 -3.97216e-13 -9.90417e-15
2.41 0.915338 -3.03372e-14 0.0846626 2.98326e-14 -3.95138e-13 -4.6648e-15
2.42 0.916024 -3.12446e-14 0.0839763 3.07374e-14 -3.92536e-13 4.36099e-16
2.43 0.916698 -3.21463e-14 0.083302 3.16387e-14 -3.89738e-13 5.54284e-15
2.44 0.917361 -3.30268e-14 0.0826389 3.25143e-14 -3.86903e-13 1.11156e-14
2.45 0.918014 -3.38757e-14 0.0819864 3.33602e-14 -3.84055e-13 1.71779e-14
2.46 0.918657 -3.44608e-14 0.0813436 3.39602e-14 -3.81297e-13 2.35477e-14
2.47 0.91929 -3.48698e-14 0.0807098 3.4383e-14 -3.78568e-13 3.0141e-14
2.48 0.919916 -3.51038e-14 0.0800845 3.46111e-14 -3.75956e-13 3.69808e-14
2.49 0.920533 -3.51005e-14 0.0794668 3.46089e-14 -3.73543e-13 4.44158e-14
2.5 0.921144 -3.49489e-14 0.078856 3.44584e-14 -3.7123e-13 5.2156e-14
