0 0 0 1 0 0 0
0.05 0.00398004 6.00236e-16 0.995973 6.35152e-16 -6.54124e-15 -6.07482e-15
0.1 0.0157913 5.22251e-16 0.984209 3.70383e-16 -1.32555e-14 -1.15841e-14
0.15 0.0349968 4.85785e-16 0.965082 3.52702e-16 -1.95603e-14 -1.59892e-14
0.2 0.0609046 4.7775e-16 0.939265 3.09018e-16 -2.53339e-14 -1.978e-14
0.25 0.0926051 5.25116e-16 0.907642 1.69975e-16 -3.06156e-14 -2.27139e-14
0.3 0.129052 6.80427e-16 0.871244 -4.76571e-17 -3.51912e-14 -2.50636e-14
0.35 0.169132 5.53256e-16 0.831197 -2.59438e-16 -3.88113e-14 -2.66858e-14
0.4 0.211689 7.75628e-16 0.788666 -4.28131e-16 -4.1187e-14 -2.76644e-14
0.45 0.255595 9.7712e-16 0.74479 -6.5327e-16 -4.27026e-14 -2.82171e-14
0.5 0.299781 1.2413e-15 0.700629 -8.6129e-16 -4.35463e-14 -2.84114e-14
0.55 0.343315 1.24473e-15 0.657125 -8.80062e-16 -4.37807e-14 -2.83029e-14
0.6 0.385407 1.40516e-15 0.615067 -7.78591e-16 -4.35369e-14 -2.80228e-14
0.65 0.425424 1.36584e-15 0.575085 -6.75396e-16 -4.29089e-14 -2.77696e-14
0.7 0.4629 1.30407e-15 0.537637 -5.18113e-16 -4.19389e-14 -2.76798e-14
0.75 0.497546 1.05096e-15 0.50302 -1.22397e-16 -4.0659e-14 -2.77811e-14
0.8 0.529211 5.05085e-16 0.471383 2.66394e-16 -3.91079e-14 -2.80768e-14
0.85 0.557869 5.01762e-16 0.442738 2.99736e-16 -3.74426e-14 -2.84761e-14
0.9 0.583622 6.05569e-16 0.41699 2.03611e-16 -3.57752e-14 -2.89056e-14
0.95 0.606663 8.56658e-16 0.393956 6.67462e-17 -3.41816e-14 -2.94424e-14
1 0.627233 1.29976e-15 0.373393 -3.84638e-16 -3.25236e-14 -3.00029e-14
1.05 0.645621 2.03516e-15 0.355009 -1.22171e-15 -3.08772e-14 -3.07221e-14
1.1 0.662146 3.14679e-15 0.338484 -2.25025e-15 -2.93507e-14 -3.14639e-14
1.15 0.677135 4.06333e-15 0.323492 -3.24408e-15 -2.77756e-14 -3.19258e-14
1.2 0.690913 4.96406e-15 0.309708 -4.26211e-15 -2.63927e-14 -3.23757e-14
1.25 0.703786 5.77465e-15 0.296823 -5.12644e-15 -2.53398e-14 -3.27785e-14
1.3 0.716031 6.61339e-15 0.284558 -5.89676e-15 -2.44608e-14 -3.28801e-14
1.35 0.727896 7.26848e-15 0.27268 -6.59765e-15 -2.37132e-14 -3.28212e-14
1.4 0.739563 7.8701e-15 0.261 -7.2119e-15 -2.29532e-14 -3.27294e-14
1.45 0.751162 8.33624e-15 0.249388 -7.6828e-15 -2.22212e-14 -3.26549e-14
1.5 0.762771 8.6425e-15 0.237768 -7.91903e-15 -2.15468e-14 -3.23158e-14
1.55 0.774417 8.88603e-15 0.226116 -8.09237e-15 -2.09028e-14 -3.19002e-14
1.6 0.786072 8.91573e-15 0.214458 -8.16225e-15 -2.02238e-14 -3.13811e-14
1.65 0.797709 8.98248e-15 0.202821 -8.17634e-15 -1.95233e-14 -3.08413e-14
1.7 0.809258 8.92722e-15 0.191272 -8.13256e-15 -1.88266e-14 -3.00615e-14
1.75 0.820632 8.77885e-15 0.179898 -8.04346e-15 -1.8295e-14 -2.92603e-14
1.8 0.831733 8.64413e-15 0.168797 -7.92247e-15 -1.78148e-14 -2.83671e-14
1.85 0.842442 8.49564e-15 0.158087 -7.74335e-15 -1.71595e-14 -2.75923e-14
1.9 0.852663 8.30078e-15 0.147866 -7.55143e-15 -1.68163e-14 -2.67125e-14
1.95 0.862257 7.96837e-15 0.138274 -7.22025e-15 -1.67306e-14 -2.60961e-14
2 0.871093 7.54272e-15 0.129443 -6.8017e-15 -1.65537e-14 -2.57719e-14
2.05 0.879138 7.03932e-15 0.121402 -6.31777e-15 -1.59853e-14 -2.5562e-14
2.1 0.886433 6.51213e-15 0.114113 -5.80531e-15 -1.53701e-14 -2.54956e-14
2.15 0.893008 5.95274e-15 0.107541 -5.25763e-15 -1.44819e-14 -2.56377e-14
2.2 0.898951 5.34801e-15 0.101602 -4.65748e-15 -1.34992e-14 -2.57076e-14
2.25 0.904379 4.64947e-15 0.0961751 -3.97452e-15 -1.26079e-14 -2.54971e-14
2.3 0.90941 3.98946e-15 0.0911429 -3.30859e-15 -1.17414e-14 -2.50274e-14
2.35 0.91414 3.26251e-15 0.0864127 -2.58189e-15 -1.08934e-14 -2.44907e-14
2.4 0.918635 2.5631e-15 0.0819163 -1.88685e-15 -9.528e-15 -2.39115e-14
2.45 0.922969 2.10622e-15 0.0775791 -1.43306e-15 -8.23422e-15 -2.23499e-14
2.5 0.927319 1.94718e-15 0.073229 -1.27429e-15 -6.38684e-15 -2.04547e-14
