0 0 0 1 0 0 0
0.01 0.00015914 -4.15743e-16 0.999841 -3.37736e-17 -2.0923e-15 -4.00111e-15
0.02 0.000636325 -3.56491e-16 0.999364 -2.94498e-16 -4.03847e-15 -8.31712e-15
0.03 0.00143085 -5.07865e-16 0.998569 -2.85219e-16 -5.99165e-15 -1.25232e-14
0.04 0.00254156 -5.22899e-16 0.997458 -2.99327e-16 -7.92997e-15 -1.67244e-14
0.05 0.00396683 -3.32159e-16 0.996033 -3.18611e-16 -9.83927e-15 -2.05472e-14
0.06 0.00570459 -4.40351e-16 0.994295 -3.16462e-16 -1.17104e-14 -2.41833e-14
0.07 0.0077523 -4.83486e-16 0.992248 -3.13521e-16 -1.35576e-14 -2.79104e-14
0.08 0.010107 -5.04259e-16 0.989893 -3.30667e-16 -1.53786e-14 -3.15609e-14
0.09 0.0127653 -1.5185e-16 0.987235 -3.55893e-16 -1.71662e-14 -3.51765e-14
0.1 0.0157234 -1.18978e-16 0.984277 -3.75414e-16 -1.8912e-14 -3.88571e-14
0.11 0.0189769 -2.59847e-16 0.981023 -3.87659e-16 -2.05949e-14 -4.2684e-14
0.12 0.0225214 -4.41236e-16 0.977479 -4.19313e-16 -2.22031e-14 -4.65352e-14
0.13 0.0263516 -5.07033e-16 0.973648 -4.58667e-16 -2.37169e-14 -5.04223e-14
0.14 0.0304623 -5.1997e-16 0.969538 -5.03484e-16 -2.51162e-14 -5.39694e-14
0.15 0.0348475 -3.1856e-16 0.965153 -5.47482e-16 -2.64249e-14 -5.72723e-14
0.16 0.0395012 -1.33916e-16 0.960499 -6.05293e-16 -2.76948e-14 -6.0339e-14
0.17 0.0444168 1.8532e-16 0.955583 -6.9269e-16 -2.8907e-14 -6.31282e-14
0.18 0.0495877 1.37206e-16 0.950412 -7.69572e-16 -3.00714e-14 -6.57967e-14
0.19 0.0550065 9.78709e-17 0.944994 -8.25187e-16 -3.11999e-14 -6.82895e-14
0.2 0.0606661 -9.73056e-17 0.939334 -8.49898e-16 -3.22823e-14 -7.0585e-14
0.21 0.0665586 1.30309e-16 0.933442 -8.91627e-16 -3.33064e-14 -7.27618e-14
0.22 0.0726762 2.92414e-16 0.927324 -9.0794e-16 -3.42868e-14 -7.47969e-14
0.23 0.0790107 3.85165e-16 0.920989 -9.18506e-16 -3.52477e-14 -7.6563e-14
0.24 0.0855539 7.34617e-16 0.914446 -9.84418e-16 -3.61985e-14 -7.81759e-14
0.25 0.0922971 7.16838e-16 0.907703 -1.03477e-15 -3.7129e-14 -7.95017e-14
0.26 0.0992316 8.1564e-16 0.900769 -1.07355e-15 -3.80452e-14 -8.06995e-14
0.27 0.106349 8.48385e-16 0.893652 -1.08098e-15 -3.89134e-14 -8.18385e-14
0.28 0.113639 8.6727e-16 0.886361 -1.0796e-15 -3.97324e-14 -8.29628e-14
0.29 0.121094 1.02527e-15 0.878906 -1.02699e-15 -4.04805e-14 -8.40498e-14
0.3 0.128704 9.89844e-16 0.871296 -8.68349e-16 -4.11731e-14 -8.50257e-14
0.31 0.13646 7.13015e-16 0.86354 -5.40723e-16 -4.18366e-14 -8.60077e-14
0.32 0.144352 9.56884e-17 0.855648 -2.0872e-16 -4.24486e-14 -8.68966e-14
0.33 0.152371 -3.31475e-16 0.847628 1.24368e-16 -4.30334e-14 -8.77227e-14
0.34 0.160509 -8.02764e-16 0.839491 4.07073e-16 -4.36055e-14 -8.84152e-14
0.35 0.168755 -1.09063e-15 0.831245 6.20021e-16 -4.41933e-14 -8.89693e-14
0.36 0.1771 -1.09628e-15 0.8229 6.87371e-16 -4.47343e-14 -8.9392e-14
0.37 0.185535 -1.56067e-15 0.814465 7.6229e-16 -4.5219e-14 -8.96975e-14
0.38 0.19405 -1.62556e-15 0.80595 8.64172e-16 -4.55925e-14 -8.98155e-14
0.39 0.202637 -1.79576e-15 0.797363 9.4137e-16 -4.5839e-14 -8.98851e-14
0.4 0.211287 -1.86805e-15 0.788713 9.58311e-16 -4.59337e-14 -8.99589e-14
0.41 0.21999 -1.6535e-15 0.78001 8.56881e-16 -4.58708e-14 -8.99692e-14
0.42 0.228737 -1.43672e-15 0.771262 6.20507e-16 -4.56228e-14 -8.99895e-14
0.43 0.237521 -1.60961e-15 0.762479 4.30376e-16 -4.52166e-14 -9.01307e-14
0.44 0.246332 -1.28209e-15 0.753668 2.24538e-16 -4.4647e-14 -9.03243e-14
0.45 0.255163 -1.08639e-15 0.744837 -3.14965e-17 -4.39632e-14 -9.06342e-14
0.46 0.264004 -9.89701e-16 0.735996 -1.63118e-16 -4.31144e-14 -9.09403e-14
0.47 0.272848 -9.60591e-16 0.727152 -2.21621e-16 -4.20962e-14 -9.12949e-14
0.48 0.281688 -9.88547e-16 0.718312 -2.07121e-16 -4.08229e-14 -9.17171e-14
0.49 0.290515 -5.56455e-16 0.709485 -2.12021e-16 -3.93922e-14 -9.22451e-14
0.5 0.299323 -5.88333e-16 0.700677 -1.00949e-16 -3.78089e-14 -9.2829e-14
0.51 0.308104 -6.18759e-16 0.691896 5.05104e-17 -3.61046e-14 -9.35016e-14
0.52 0.316851 -9.38763e-16 0.683148 1.27659e-16 -3.42843e-14 -9.42029e-14
0.53 0.325558 -9.68068e-16 0.674441 2.33717e-16 -3.24543e-14 -9.48083e-14
0.54 0.334219 -6.94666e-16 0.665781 3.0406e-16 -3.04034e-14 -9.54187e-14
0.55 0.342827 -5.91483e-16 0.657173 4.46871e-16 -2.80698e-14 -9.60735e-14
0.56 0.351377 -7.91684e-16 0.648623 6.12039e-16 -2.5517e-14 -9.6859e-14
0.57 0.359862 -8.83803e-16 0.640137 7.35786e-16 -2.27691e-14 -9.77035e-14
0.58 0.368278 -1.18273e-15 0.631721 8.47551e-16 -1.98116e-14 -9.86393e-14
0.59 0.37662 -1.27797e-15 0.62338 9.58167e-16 -1.66942e-14 -9.96081e-14
0.6 0.384882 -1.39879e-15 0.615117 9.72645e-16 -1.34417e-14 -1.00575e-13
0.61 0.393061 -1.56915e-15 0.606938 1.06782e-15 -1.00674e-14 -1.0162e-13
0.62 0.401152 -1.97881e-15 0.598847 1.1477e-15 -6.58711e-15 -1.02655e-13
0.63 0.409151 -1.8056e-15 0.590848 1.18793e-15 -2.97678e-15 -1.03735e-13
0.64 0.417055 -2.01593e-15 0.582945 1.07674e-15 7.51014e-16 -1.04811e-13
0.65 0.42486 -1.85268e-15 0.57514 1.00776e-15 4.49084e-15 -1.05939e-13
0.66 0.432562 -1.79436e-15 0.567437 9.45506e-16 8.2765e-15 -1.06977e-13
0.67 0.44016 -1.55787e-15 0.55984 8.22545e-16 1.2068e-14 -1.08018e-13
0.68 0.44765 -1.42381e-15 0.552349 5.76983e-16 1.57255e-14 -1.0909e-13
0.69 0.45503 -1.13575e-15 0.544969 3.57031e-16 1.93442e-14 -1.10108e-13
0.7 0.462298 -7.9761e-16 0.537701 7.07947e-17 2.29567e-14 -1.11053e-13
0.71 0.469452 -4.62562e-16 0.530547 -2.53777e-16 2.65072e-14 -1.11936e-13
0.72 0.476491 -9.45058e-17 0.523509 -5.7018e-16 2.99418e-14 -1.12822e-13
0.73 0.483412 1.99483e-16 0.516587 -9.45962e-16 3.32092e-14 -1.13651e-13
0.74 0.490216 4.67007e-16 0.509784 -1.34194e-15 3.62323e-14 -1.14378e-13
0.75 0.4969 9.29677e-16 0.503099 -1.74884e-15 3.90531e-14 -1.15067e-13
0.76 0.503465 1.19137e-15 0.496535 -2.1125e-15 4.16188e-14 -1.15665e-13
0.77 0.509909 1.6969e-15 0.490091 -2.58315e-15 4.41422e-14 -1.16181e-13
0.78 0.516232 2.11976e-15 0.483767 -3.0451e-15 4.65097e-14 -1.16622e-13
0.79 0.522435 2.28e-15 0.477564 -3.51102e-15 4.88728e-14 -1.16905e-13
0.8 0.528517 2.62248e-15 0.471482 -4.02229e-15 5.11896e-14 -1.17127e-13
0.81 0.534479 3.05518e-15 0.46552 -4.55875e-15 5.33827e-14 -1.1731e-13
0.82 0.540321 3.82363e-15 0.459679 -5.05286e-15 5.55004e-14 -1.17455e-13
0.83 0.546043 4.30763e-15 0.453956 -5.45646e-15 5.74847e-14 -1.1754e-13
0.84 0.551647 4.81577e-15 0.448353 -5.87742e-15 5.93471e-14 -1.17646e-13
0.85 0.557133 5.32714e-15 0.442867 -6.28517e-15 6.11719e-14 -1.17764e-13
0.86 0.562502 5.64324e-15 0.437497 -6.66385e-15 6.30139e-14 -1.17831e-13
0.87 0.567757 5.97634e-15 0.432243 -7.00371e-15 6.47417e-14 -1.17917e-13
0.88 0.572896 6.15005e-15 0.427103 -7.28044e-15 6.64165e-14 -1.17917e-13
0.89 0.577924 6.44184e-15 0.422076 -7.55025e-15 6.81034e-14 -1.18022e-13
0.9 0.58284 6.57248e-15 0.41716 -7.79847e-15 6.98395e-14 -1.18071e-13
0.91 0.587647 6.75514e-15 0.412353 -8.0199e-15 7.14467e-14 -1.18143e-13
0.92 0.592347 6.99502e-15 0.407653 -8.19604e-15 7.30279e-14 -1.18223e-13
0.93 0.596941 7.01361e-15 0.403059 -8.31055e-15 7.45097e-14 -1.18441e-13
0.94 0.601431 7.08227e-15 0.398569 -8.40537e-15 7.5983e-14 -1.1874e-13
0.95 0.60582 7.18819e-15 0.39418 -8.4568e-15 7.73862e-14 -1.19151e-13
0.96 0.610109 7.25128e-15 0.389891 -8.48925e-15 7.8628e-14 -1.19691e-13
0.97 0.614301 7.27469e-15 0.385699 -8.50808e-15 7.96582e-14 -1.20383e-13
0.98 0.618398 7.22461e-15 0.381601 -8.49863e-15 8.05043e-14 -1.21231e-13
0.99 0.622403 7.26279e-15 0.377597 -8.44002e-15 8.11531e-14 -1.2228e-13
1 0.626318 7.02855e-15 0.373682 -8.36734e-15 8.17837e-14 -1.23438e-13
1.01 0.630145 6.96008e-15 0.369855 -8.25003e-15 8.22704e-14 -1.24694e-13
1.02 0.633887 6.69996e-15 0.366113 -8.11959e-15 8.25562e-14 -1.26041e-13
1.03 0.637546 6.50854e-15 0.362454 -7.9557e-15 8.2551e-14 -1.27405e-13
1.04 0.641125 6.24421e-15 0.358875 -7.7729e-15 8.24275e-14 -1.2886e-13
1.05 0.644627 5.99393e-15 0.355373 -7.52534e-15 8.22255e-14 -1.30469e-13
1.06 0.648054 5.65999e-15 0.351946 -7.23497e-15 8.18746e-14 -1.32302e-13
1.07 0.651409 5.42231e-15 0.348591 -6.91e-15 8.13e-14 -1.34318e-13
1.08 0.654694 4.96349e-15 0.345306 -6.55521e-15 8.06333e-14 -1.36497e-13
1.09 0.657912 4.71753e-15 0.342088 -6.16748e-15 7.98781e-14 -1.38776e-13
1.1 0.661066 4.28685e-15 0.338933 -5.76268e-15 7.90319e-14 -1.41184e-13
1.11 0.664159 4.01326e-15 0.335841 -5.37314e-15 7.80642e-14 -1.43786e-13
1.12 0.667192 3.68919e-15 0.332807 -4.98091e-15 7.676e-14 -1.46622e-13
1.13 0.67017 3.38652e-15 0.32983 -4.60104e-15 7.52484e-14 -1.49544e-13
1.14 0.673093 2.883e-15 0.326907 -4.23349e-15 7.32507e-14 -1.52442e-13
1.15 0.675965 2.58899e-15 0.324034 -3.87224e-15 7.09983e-14 -1.55326e-13
1.16 0.678789 2.22371e-15 0.321211 -3.54005e-15 6.86032e-14 -1.5823e-13
1.17 0.681567 1.95777e-15 0.318433 -3.19404e-15 6.60736e-14 -1.61168e-13
1.18 0.684301 1.71331e-15 0.315699 -2.87811e-15 6.34961e-14 -1.64116e-13
1.19 0.686994 1.29081e-15 0.313006 -2.59152e-15 6.08669e-14 -1.67094e-13
1.2 0.689649 1.1723e-15 0.310351 -2.26209e-15 5.81621e-14 -1.70106e-13
1.21 0.692267 8.03741e-16 0.307733 -1.8816e-15 5.55011e-14 -1.73134e-13
1.22 0.694851 4.25355e-16 0.305148 -1.4746e-15 5.27235e-14 -1.76178e-13
1.23 0.697404 1.71128e-16 0.302596 -1.07689e-15 4.99011e-14 -1.79208e-13
1.24 0.699928 -1.41684e-16 0.300072 -7.0736e-16 4.70258e-14 -1.82291e-13
1.25 0.702424 -4.37431e-16 0.297576 -3.4607e-16 4.41856e-14 -1.85368e-13
1.26 0.704895 -8.74282e-16 0.295105 2.96757e-17 4.12598e-14 -1.88568e-13
1.27 0.707343 -1.29854e-15 0.292657 3.72686e-16 3.83205e-14 -1.91829e-13
1.28 0.70977 -1.57803e-15 0.29023 6.95748e-16 3.536e-14 -1.95173e-13
1.29 0.712178 -1.8348e-15 0.287822 9.77866e-16 3.23972e-14 -1.98556e-13
1.3 0.714568 -1.97786e-15 0.285432 1.2378e-15 2.939e-14 -2.01957e-13
1.31 0.716943 -2.27791e-15 0.283057 1.46451e-15 2.6403e-14 -2.053e-13
1.32 0.719304 -2.39032e-15 0.280696 1.68429e-15 2.33744e-14 -2.08667e-13
1.33 0.721653 -2.58945e-15 0.278347 1.91191e-15 2.04845e-14 -2.12003e-13
1.34 0.723992 -2.88128e-15 0.276008 2.13149e-15 1.76042e-14 -2.15254e-13
1.35 0.726321 -3.01847e-15 0.273679 2.33055e-15 1.48992e-14 -2.18476e-13
1.36 0.728642 -3.10316e-15 0.271358 2.5239e-15 1.21564e-14 -2.21636e-13
1.37 0.730957 -3.33957e-15 0.269043 2.74108e-15 9.48502e-15 -2.2472e-13
1.38 0.733267 -3.51024e-15 0.266733 2.9333e-15 6.87586e-15 -2.27734e-13
1.39 0.735572 -3.58208e-15 0.264428 3.11957e-15 4.27536e-15 -2.3067e-13
1.4 0.737875 -3.76934e-15 0.262125 3.29199e-15 1.73236e-15 -2.33561e-13
1.41 0.740175 -3.95657e-15 0.259825 3.447e-15 -6.70345e-16 -2.36442e-13
1.42 0.742474 -4.14659e-15 0.257526 3.59137e-15 -3.07382e-15 -2.39358e-13
1.43 0.744773 -4.36613e-15 0.255227 3.77146e-15 -5.24143e-15 -2.42396e-13
1.44 0.747071 -4.67663e-15 0.252929 3.96999e-15 -7.27214e-15 -2.45571e-13
1.45 0.749371 -4.92805e-15 0.250629 4.16516e-15 -9.12871e-15 -2.48843e-13
1.46 0.751672 -5.14429e-15 0.248328 4.37814e-15 -1.06936e-14 -2.52043e-13
1.47 0.753975 -5.36217e-15 0.246025 4.63522e-15 -1.2148e-14 -2.55076e-13
1.48 0.756281 -5.7482e-15 0.243719 4.87012e-15 -1.36503e-14 -2.58107e-13
1.49 0.758588 -5.99404e-15 0.241412 5.09762e-15 -1.51363e-14 -2.61167e-13
1.5 0.760899 -6.19563e-15 0.239101 5.32417e-15 -1.66506e-14 -2.64282e-13
1.51 0.763212 -6.26105e-15 0.236788 5.48484e-15 -1.82971e-14 -2.674e-13
1.52 0.765529 -6.35352e-15 0.234471 5.58027e-15 -1.99248e-14 -2.70575e-13
1.53 0.767848 -6.341e-15 0.232152 5.63102e-15 -2.15487e-14 -2.73722e-13
1.54 0.77017 -6.4316e-15 0.22983 5.6203e-15 -2.31393e-14 -2.76865e-13
1.55 0.772494 -6.4206e-15 0.227506 5.57025e-15 -2.46735e-14 -2.8e-13
1.56 0.774821 -6.27122e-15 0.225179 5.45506e-15 -2.60812e-14 -2.8312e-13
1.57 0.77715 -6.12436e-15 0.22285 5.28062e-15 -2.74438e-14 -2.86295e-13
1.58 0.77948 -5.86783e-15 0.22052 5.05658e-15 -2.87829e-14 -2.89636e-13
1.59 0.781812 -5.55991e-15 0.218188 4.76408e-15 -3.01342e-14 -2.92981e-13
1.6 0.784145 -5.1994e-15 0.215855 4.3901e-15 -3.14458e-14 -2.96304e-13
1.61 0.786478 -4.8982e-15 0.213522 3.96392e-15 -3.27541e-14 -2.99398e-13
1.62 0.78881 -4.45666e-15 0.21119 3.48824e-15 -3.38975e-14 -3.02351e-13
1.63 0.791141 -3.90268e-15 0.208859 2.96166e-15 -3.49304e-14 -3.05227e-13
1.64 0.793471 -3.23756e-15 0.206529 2.35825e-15 -3.5906e-14 -3.07966e-13
1.65 0.795798 -2.58022e-15 0.204202 1.70588e-15 -3.68555e-14 -3.10518e-13
1.66 0.798122 -1.91081e-15 0.201878 1.00561e-15 -3.77683e-14 -3.13004e-13
1.67 0.800442 -1.1879e-15 0.199558 2.47831e-16 -3.86523e-14 -3.15331e-13
1.68 0.802758 -4.43424e-16 0.197242 -5.19693e-16 -3.95493e-14 -3.17383e-13
1.69 0.805067 4.37197e-16 0.194933 -1.33683e-15 -4.04363e-14 -3.19357e-13
1.7 0.80737 1.27297e-15 0.19263 -2.18551e-15 -4.12046e-14 -3.21239e-13
1.71 0.809665 2.13589e-15 0.190335 -3.06261e-15 -4.17656e-14 -3.23098e-13
1.72 0.811952 3.02461e-15 0.188048 -3.9897e-15 -4.22952e-14 -3.2507e-13
1.73 0.81423 4.01145e-15 0.18577 -4.98016e-15 -4.2844e-14 -3.27144e-13
1.74 0.816497 5.06125e-15 0.183503 -5.99474e-15 -4.34084e-14 -3.29177e-13
1.75 0.818754 6.17315e-15 0.181247 -7.03079e-15 -4.39991e-14 -3.31134e-13
1.76 0.820997 7.18673e-15 0.179003 -8.10645e-15 -4.44847e-14 -3.33112e-13
1.77 0.823228 8.32627e-15 0.176772 -9.18551e-15 -4.49708e-14 -3.35161e-13
1.78 0.825445 9.47153e-15 0.174555 -1.03054e-14 -4.53817e-14 -3.37366e-13
1.79 0.827647 1.06809e-14 0.172354 -1.14472e-14 -4.57107e-14 -3.39657e-13
1.8 0.829832 1.1835e-14 0.170168 -1.26156e-14 -4.60453e-14 -3.41992e-13
1.81 0.832001 1.30873e-14 0.167999 -1.3811e-14 -4.6291e-14 -3.44242e-13
1.82 0.834152 1.42577e-14 0.165848 -1.50318e-14 -4.64412e-14 -3.46465e-13
1.83 0.836284 1.53943e-14 0.163716 -1.62456e-14 -4.66574e-14 -3.48779e-13
1.84 0.838397 1.6699e-14 0.161603 -1.7489e-14 -4.66383e-14 -3.51131e-13
1.85 0.84049 1.79657e-14 0.159511 -1.87512e-14 -4.65809e-14 -3.5344e-13
1.86 0.842561 1.92274e-14 0.157439 -2.00457e-14 -4.63678e-14 -3.55896e-13
1.87 0.84461 2.04881e-14 0.15539 -2.13747e-14 -4.61126e-14 -3.58289e-13
1.88 0.846637 2.18148e-14 0.153364 -2.26819e-14 -4.59243e-14 -3.60663e-13
1.89 0.84864 2.30894e-14 0.151361 -2.39893e-14 -4.56385e-14 -3.62852e-13
1.9 0.850618 2.43816e-14 0.149382 -2.52909e-14 -4.5189e-14 -3.65095e-13
1.91 0.852572 2.56714e-14 0.147428 -2.65828e-14 -4.46932e-14 -3.67204e-13
1.92 0.854501 2.70203e-14 0.145499 -2.7873e-14 -4.41854e-14 -3.69303e-13
1.93 0.856404 2.82414e-14 0.143597 -2.91445e-14 -4.37741e-14 -3.71255e-13
1.94 0.85828 2.94798e-14 0.141721 -3.03944e-14 -4.33594e-14 -3.7341e-13
1.95 0.860129 3.06897e-14 0.139872 -3.15969e-14 -4.29214e-14 -3.75565e-13
1.96 0.86195 3.18239e-14 0.13805 -3.27241e-14 -4.26273e-14 -3.77789e-13
1.97 0.863743 3.29111e-14 0.136257 -3.38095e-14 -4.24378e-14 -3.79948e-13
1.98 0.865508 3.3926e-14 0.134492 -3.48449e-14 -4.24148e-14 -3.82312e-13
1.99 0.867245 3.49178e-14 0.132756 -3.57869e-14 -4.23824e-14 -3.84591e-13
2 0.868952 3.58545e-14 0.131048 -3.66602e-14 -4.24354e-14 -3.86856e-13
2.01 0.87063 3.66214e-14 0.12937 -3.74712e-14 -4.26902e-14 -3.89276e-13
2.02 0.872278 3.73709e-14 0.127722 -3.81915e-14 -4.30229e-14 -3.91777e-13
2.03 0.873897 3.79533e-14 0.126103 -3.88053e-14 -4.33375e-14 -3.94536e-13
2.04 0.875486 3.84848e-14 0.124514 -3.92896e-14 -4.37792e-14 -3.9747e-13
2.05 0.877045 3.89104e-14 0.122955 -3.96941e-14 -4.43848e-14 -4.00435e-13
2.06 0.878575 3.92081e-14 0.121426 -4.00167e-14 -4.50836e-14 -4.0338e-13
2.07 0.880074 3.9427e-14 0.119926 -4.02426e-14 -4.56236e-14 -4.06573e-13
2.08 0.881543 3.95649e-14 0.118457 -4.03813e-14 -4.59745e-14 -4.09834e-13
2.09 0.882983 3.95956e-14 0.117018 -4.0455e-14 -4.63497e-14 -4.13103e-13
2.1 0.884392 3.95664e-14 0.115608 -4.0423e-14 -4.66507e-14 -4.16551e-13
2.11 0.885772 3.95038e-14 0.114228 -4.03238e-14 -4.69747e-14 -4.1991e-13
2.12 0.887123 3.9371e-14 0.112877 -4.01402e-14 -4.72798e-14 -4.23135e-13
2.13 0.888444 3.91691e-14 0.111556 -3.99069e-14 -4.73741e-14 -4.26474e-13
2.14 0.889737 3.8887e-14 0.110263 -3.96083e-14 -4.73722e-14 -4.29593e-13
2.15 0.891 3.85113e-14 0.109 -3.92453e-14 -4.72303e-14 -4.32759e-13
2.16 0.892236 3.81183e-14 0.107764 -3.88574e-14 -4.70183e-14 -4.35905e-13
2.17 0.893443 3.77445e-14 0.106557 -3.84594e-14 -4.68333e-14 -4.39075e-13
2.18 0.894622 3.73375e-14 0.105378 -3.80333e-14 -4.67634e-14 -4.42163e-13
2.19 0.895775 3.69185e-14 0.104225 -3.75562e-14 -4.67604e-14 -4.45344e-13
2.2 0.8969 3.64519e-14 0.1031 -3.70626e-14 -4.67851e-14 -4.48593e-13
2.21 0.897999 3.6017e-14 0.102001 -3.65875e-14 -4.67614e-14 -4.52512e-13
2.22 0.899072 3.55583e-14 0.100928 -3.60948e-14 -4.67547e-14 -4.56453e-13
2.23 0.90012 3.50265e-14 0.0998801 -3.5588e-14 -4.67377e-14 -4.60577e-13
2.24 0.901143 3.4529e-14 0.0988572 -3.50802e-14 -4.66711e-14 -4.64648e-13
2.25 0.902142 3.40418e-14 0.0978585 -3.45691e-14 -4.66416e-14 -4.68723e-13
2.26 0.903117 3.3551e-14 0.0968835 -3.4069e-14 -4.67069e-14 -4.7282e-13
2.27 0.904069 3.31105e-14 0.0959317 -3.36055e-14 -4.69538e-14 -4.76771e-13
2.28 0.904998 3.26652e-14 0.0950023 -3.31622e-14 -4.71606e-14 -4.8077e-13
2.29 0.905905 3.22612e-14 0.0940947 -3.27539e-14 -4.71856e-14 -4.84798e-13
2.3 0.906792 3.19842e-14 0.0932084 -3.24553e-14 -4.71412e-14 -4.88996e-13
2.31 0.907658 3.17872e-14 0.0923426 -3.22293e-14 -4.73497e-14 -4.93034e-13
2.32 0.908504 3.16557e-14 0.0914967 -3.2095e-14 -4.75661e-14 -4.96845e-13
2.33 0.90933 3.15826e-14 0.09067 -3.20116e-14 -4.80445e-14 -5.00962e-13
2.34 0.910138 3.1533e-14 0.0898618 -3.19619e-14 -4.878e-14 -5.05214e-13
2.35 0.910929 3.15742e-14 0.0890714 -3.20025e-14 -4.96102e-14 -5.09524e-13
2.36 0.911702 3.16409e-14 0.088298 -3.20808e-14 -5.06402e-14 -5.13755e-13
2.37 0.912459 3.18084e-14 0.0875411 -3.22328e-14 -5.19384e-14 -5.17926e-13
2.38 0.913201 3.19626e-14 0.0867997 -3.23988e-14 -5.32063e-14 -5.2227e-13
2.39 0.913927 3.21741e-14 0.0860733 -3.26216e-14 -5.43512e-14 -5.2672e-13
2.4 0.914639 3.24228e-14 0.085361 -3.28666e-14 -5.55038e-14 -5.31171e-13
2.41 0.915338 3.28383e-14 0.0846621 -3.32553e-14 -5.64423e-14 -5.35693e-13
2.42 0.916024 3.33151e-14 0.0839759 -3.37198e-14 -5.77417e-14 -5.40121e-13
2.43 0.916699 3.38419e-14 0.0833016 -3.42469e-14 -5.92083e-14 -5.44399e-13
2.44 0.917362 3.43782e-14 0.0826385 -3.47821e-14 -6.08123e-14 -5.48568e-13
2.45 0.918014 3.48906e-14 0.0819859 -3.53001e-14 -6.25217e-14 -5.52671e-13
2.46 0.918657 3.54714e-14 0.081343 -3.58696e-14 -6.41591e-14 -5.56793e-13
2.47 0.919291 3.61107e-14 0.0807091 -3.65123e-14 -6.56698e-14 -5.60703e-13
2.48 0.919917 3.70013e-14 0.0800835 -3.73919e-14 -6.70367e-14 -5.64597e-13
2.49 0.920535 3.80049e-14 0.0794654 -3.83976e-14 -6.85702e-14 -5.68484e-13
2.5 0.921146 3.91298e-14 0.0788541 -3.95217e-14 -7.01624e-14 -5.72369e-13
