0 0 0 1 0 0 0
0.05 0.00396899 2.20137e-16 0.996027 3.59224e-16 -5.27497e-15 8.37107e-15
0.1 0.0157282 5.04936e-16 0.984272 -2.2721e-16 -1.00764e-14 1.68462e-14
0.15 0.0348521 5.02904e-16 0.965151 -2.22949e-16 -1.41987e-14 2.50811e-14
0.2 0.0606684 7.87525e-16 0.939336 -2.67767e-16 -1.7541e-14 3.23797e-14
0.25 0.092296 1.08016e-15 0.907709 -4.39271e-16 -2.01184e-14 3.90675e-14
0.3 0.128699 1.25293e-15 0.871307 -7.60283e-16 -2.19534e-14 4.48473e-14
0.35 0.168745 1.49101e-15 0.831261 -1.00155e-15 -2.31192e-14 4.95568e-14
0.4 0.211271 1.68525e-15 0.788733 -1.15846e-15 -2.37196e-14 5.29022e-14
0.45 0.25514 1.93698e-15 0.744861 -1.27365e-15 -2.37314e-14 5.53471e-14
0.5 0.299294 1.65061e-15 0.700705 -1.10942e-15 -2.31602e-14 5.67549e-14
0.55 0.342792 1.00128e-15 0.657203 -5.10905e-16 -2.23585e-14 5.73258e-14
0.6 0.384843 6.89264e-16 0.61515 1.00434e-16 -2.13105e-14 5.73113e-14
0.65 0.424818 2.34746e-16 0.575174 5.96594e-16 -2.02556e-14 5.68207e-14
0.7 0.462255 -7.06574e-17 0.537737 6.55575e-16 -1.92614e-14 5.61169e-14
0.75 0.496856 -5.07659e-16 0.503135 1.17857e-15 -1.87756e-14 5.51633e-14
0.8 0.528476 -6.9732e-16 0.471516 1.47382e-15 -1.88152e-14 5.39552e-14
0.85 0.557094 -1.75432e-15 0.442899 2.20702e-15 -1.95072e-14 5.25511e-14
0.9 0.582806 -1.6696e-15 0.41719 2.12164e-15 -2.08054e-14 5.09222e-14
0.95 0.60579 -1.4185e-15 0.394208 1.7986e-15 -2.26081e-14 4.93338e-14
1 0.626294 -1.49549e-15 0.373707 1.93752e-15 -2.43069e-14 4.78708e-14
1.05 0.644608 -1.4249e-15 0.355394 1.92327e-15 -2.56332e-14 4.63045e-14
1.1 0.661052 -1.67136e-15 0.338951 2.08291e-15 -2.61127e-14 4.45111e-14
1.15 0.675956 -1.83933e-15 0.324049 2.21663e-15 -2.59548e-14 4.25945e-14
1.2 0.689643 -1.93489e-15 0.310361 2.43921e-15 -2.51948e-14 4.05998e-14
1.25 0.702422 -2.08524e-15 0.297582 2.59904e-15 -2.39643e-14 3.86161e-14
1.3 0.71457 -2.32998e-15 0.285435 2.77599e-15 -2.19786e-14 3.63083e-14
1.35 0.726326 -2.64362e-15 0.273679 3.04328e-15 -1.91983e-14 3.38661e-14
1.4 0.737883 -2.92976e-15 0.262122 3.28747e-15 -1.63197e-14 3.19451e-14
1.45 0.749382 -3.10008e-15 0.250624 3.52131e-15 -1.3176e-14 3.04271e-14
1.5 0.760912 -3.26731e-15 0.239095 3.69493e-15 -9.99176e-15 2.93678e-14
1.55 0.772508 -3.43394e-15 0.227499 3.82364e-15 -7.05821e-15 2.87469e-14
1.6 0.784159 -3.40975e-15 0.215848 3.8436e-15 -4.351e-15 2.85212e-14
1.65 0.795813 -3.3222e-15 0.204195 3.76487e-15 -2.2375e-15 2.86223e-14
1.7 0.807383 -3.17069e-15 0.192626 3.60945e-15 -4.6813e-16 2.90301e-14
1.75 0.818765 -3.09646e-15 0.181244 3.53469e-15 8.94268e-16 2.96083e-14
1.8 0.829844 -2.94549e-15 0.170166 3.36204e-15 1.93398e-15 3.02627e-14
1.85 0.840503 -2.73301e-15 0.159508 3.18219e-15 2.77742e-15 3.0878e-14
1.9 0.850634 -2.48335e-15 0.149377 2.92245e-15 3.4099e-15 3.1677e-14
1.95 0.860147 -2.10988e-15 0.139865 2.5156e-15 4.00497e-15 3.24428e-14
2 0.868974 -1.65328e-15 0.131038 2.03622e-15 4.36688e-15 3.31129e-14
2.05 0.877072 -1.12076e-15 0.12294 1.55719e-15 4.50338e-15 3.34781e-14
2.1 0.884425 -6.62989e-16 0.115589 1.08169e-15 4.43549e-15 3.32738e-14
2.15 0.891037 -1.89655e-16 0.108976 6.18153e-16 4.49535e-15 3.26549e-14
2.2 0.896938 1.57016e-16 0.103077 2.47875e-16 4.44299e-15 3.18525e-14
2.25 0.902176 5.92005e-16 0.0978393 -1.9541e-16 4.88486e-15 3.12344e-14
2.3 0.906819 1.16176e-15 0.0931962 -7.54174e-16 5.26181e-15 3.06742e-14
2.35 0.910951 1.95385e-15 0.0890648 -1.5348e-15 6.15251e-15 3.03476e-14
2.4 0.914669 2.82771e-15 0.0853479 -2.40546e-15 6.92357e-15 2.94617e-14
2.45 0.918071 3.47241e-15 0.0819465 -3.05367e-15 7.85135e-15 2.83002e-14
2.5 0.921253 3.95598e-15 0.0787644 -3.53214e-15 9.174e-15 2.75418e-14
