0 0 0 1 0 0 0
0.01 1.25194e-08 -7.56128e-16 0.999322 -1.44329e-15 3.97926e-15 -2.64704e-15
0.02 -4.19302e-15 -7.44447e-16 0.998925 -1.55431e-15 7.70023e-15 -5.34748e-15
0.03 -3.32998e-15 -3.7823e-16 0.99821 -1.4988e-15 1.13744e-14 -8.12945e-15
0.04 -8.26524e-15 -1.37037e-15 0.997179 -1.44329e-15 1.52884e-14 -1.18103e-14
0.05 -1.01106e-14 -1.7158e-15 0.995834 -1.38778e-15 1.91652e-14 -1.57537e-14
0.06 -6.47609e-15 -8.70836e-16 0.994176 -1.44329e-15 2.28179e-14 -1.89525e-14
0.07 -6.52042e-15 -6.34427e-16 0.992208 -1.4988e-15 2.61196e-14 -2.17604e-14
0.08 0.00231838 1.2424e-15 0.989856 -1.84107e-15 2.94327e-14 -2.5245e-14
0.09 0.00493552 1.34812e-15 0.987201 -1.83246e-15 3.27732e-14 -2.88567e-14
0.1 0.00784752 9.92889e-16 0.984248 -1.83212e-15 3.61424e-14 -3.23993e-14
0.11 0.0110501 7.56945e-16 0.980999 -1.84909e-15 3.95563e-14 -3.59321e-14
0.12 0.0145415 6.71545e-16 0.977459 -1.88888e-15 4.29663e-14 -3.94094e-14
0.13 0.0183205 1.02862e-15 0.973628 -1.9383e-15 4.63791e-14 -4.30349e-14
0.14 0.0223849 1.26915e-15 0.969508 -1.9681e-15 4.97566e-14 -4.65729e-14
0.15 0.026732 1.16732e-15 0.965104 -1.98638e-15 5.31016e-14 -5.0076e-14
0.16 0.0313568 1.32202e-15 0.96042 -2.01752e-15 5.64176e-14 -5.36225e-14
0.17 0.036256 1.44952e-15 0.95546 -2.03549e-15 5.97135e-14 -5.71975e-14
0.18 0.0414228 1.3214e-15 0.950231 -2.07096e-15 6.29618e-14 -6.07911e-14
0.19 0.0468522 1.3801e-15 0.944737 -2.10197e-15 6.61573e-14 -6.42937e-14
0.2 0.05254 1.61278e-15 0.938986 -2.15849e-15 6.92983e-14 -6.77218e-14
0.21 0.0584775 1.80161e-15 0.932983 -2.18691e-15 7.23819e-14 -7.1031e-14
0.22 0.0646586 1.66132e-15 0.926736 -2.19529e-15 7.54006e-14 -7.43867e-14
0.23 0.0710795 1.72748e-15 0.920252 -2.1698e-15 7.83684e-14 -7.76801e-14
0.24 0.0777287 1.67707e-15 0.913539 -2.12086e-15 8.12774e-14 -8.1006e-14
0.25 0.0845993 1.71096e-15 0.906605 -2.09e-15 8.41235e-14 -8.43107e-14
0.26 0.0916839 1.53257e-15 0.899458 -2.04706e-15 8.69089e-14 -8.75568e-14
0.27 0.0989751 1.4863e-15 0.892104 -1.97776e-15 8.96321e-14 -9.06873e-14
0.28 0.106465 1.818e-15 0.884552 -1.91728e-15 9.22927e-14 -9.37107e-14
0.29 0.114146 1.66364e-15 0.876809 -1.83084e-15 9.48924e-14 -9.66823e-14
0.3 0.122011 1.6511e-15 0.868885 -1.74308e-15 9.74309e-14 -9.96909e-14
0.31 0.130049 1.55102e-15 0.860787 -1.64806e-15 9.99097e-14 -1.02639e-13
0.32 0.138254 1.60822e-15 0.852523 -1.59513e-15 1.02329e-13 -1.05547e-13
0.33 0.146616 1.7274e-15 0.844104 -1.53069e-15 1.04689e-13 -1.08452e-13
0.34 0.155127 1.57755e-15 0.835536 -1.47262e-15 1.0699e-13 -1.1127e-13
0.35 0.163778 1.44804e-15 0.82683 -1.43554e-15 1.09232e-13 -1.14051e-13
0.36 0.17256 1.39697e-15 0.817994 -1.40134e-15 1.11416e-13 -1.16779e-13
0.37 0.181464 1.53166e-15 0.809038 -1.39639e-15 1.13542e-13 -1.19441e-13
0.38 0.190485 1.39271e-15 0.799969 -1.39334e-15 1.15611e-13 -1.21941e-13
0.39 0.199608 1.27354e-15 0.790802 -1.38158e-15 1.17624e-13 -1.24363e-13
0.4 0.208823 1.35937e-15 0.781543 -1.38133e-15 1.19583e-13 -1.26738e-13
0.41 0.21812 1.30061e-15 0.772204 -1.38193e-15 1.21487e-13 -1.29035e-13
0.42 0.227492 1.58706e-15 0.762793 -1.37163e-15 1.23345e-13 -1.31236e-13
0.43 0.236928 1.2285e-15 0.753319 -1.30376e-15 1.2515e-13 -1.33348e-13
0.44 0.246419 1.33449e-15 0.743792 -1.24966e-15 1.26906e-13 -1.3534e-13
0.45 0.255957 8.65667e-16 0.73422 -1.16685e-15 1.28618e-13 -1.37317e-13
0.46 0.265531 6.2253e-16 0.724613 -1.05511e-15 1.30284e-13 -1.39177e-13
0.47 0.275134 7.20509e-16 0.714979 -9.93009e-16 1.3191e-13 -1.4095e-13
0.48 0.284755 5.9536e-16 0.705328 -8.83768e-16 1.33497e-13 -1.42599e-13
0.49 0.294387 7.61959e-16 0.695669 -7.92672e-16 1.35045e-13 -1.44139e-13
0.5 0.304021 7.36264e-16 0.68601 -7.10532e-16 1.36548e-13 -1.45617e-13
0.51 0.313647 7.37435e-16 0.67636 -6.17206e-16 1.38012e-13 -1.47011e-13
0.52 0.323257 6.77202e-16 0.666727 -5.02658e-16 1.39438e-13 -1.48302e-13
0.53 0.332842 4.51725e-16 0.65712 -3.65974e-16 1.40826e-13 -1.49491e-13
0.54 0.342398 1.83661e-16 0.647545 -2.11997e-16 1.42164e-13 -1.50575e-13
0.55 0.351917 2.07636e-16 0.638008 -6.36898e-17 1.43457e-13 -1.51568e-13
0.56 0.36139 3.29833e-16 0.628518 7.76323e-17 1.44721e-13 -1.52483e-13
0.57 0.370812 1.6511e-16 0.61908 2.47808e-16 1.4594e-13 -1.53372e-13
0.58 0.380176 2.43437e-16 0.609703 4.3613e-16 1.47122e-13 -1.54214e-13
0.59 0.389474 1.70125e-16 0.600391 6.4711e-16 1.48275e-13 -1.54976e-13
0.6 0.3987 -2.41288e-16 0.591154 8.97177e-16 1.49396e-13 -1.55676e-13
0.61 0.407847 -4.84681e-16 0.581997 1.38767e-15 1.50483e-13 -1.56355e-13
0.62 0.416908 -8.0065e-16 0.572927 1.81237e-15 1.51543e-13 -1.56937e-13
0.63 0.425877 -1.20877e-15 0.56395 2.29101e-15 1.52581e-13 -1.57498e-13
0.64 0.434749 -1.50157e-15 0.555071 2.70866e-15 1.53605e-13 -1.57989e-13
0.65 0.443519 -1.81926e-15 0.546295 3.08735e-15 1.54613e-13 -1.58444e-13
0.66 0.452181 -2.1439e-15 0.537629 3.44998e-15 1.55613e-13 -1.58834e-13
0.67 0.46073 -2.61444e-15 0.529076 3.82817e-15 1.56604e-13 -1.59138e-13
0.68 0.469161 -2.91431e-15 0.520643 4.17443e-15 1.57588e-13 -1.59367e-13
0.69 0.477469 -3.38074e-15 0.512333 4.51169e-15 1.58568e-13 -1.59495e-13
0.7 0.485649 -3.62965e-15 0.504151 4.84139e-15 1.59548e-13 -1.59562e-13
0.71 0.493698 -3.65719e-15 0.496101 4.91352e-15 1.60526e-13 -1.59553e-13
0.72 0.501612 -3.56903e-15 0.488188 4.95342e-15 1.61496e-13 -1.59497e-13
0.73 0.509388 -3.70359e-15 0.480414 5.14116e-15 1.62467e-13 -1.59435e-13
0.74 0.51702 -3.90046e-15 0.472783 5.31205e-15 1.6344e-13 -1.59318e-13
0.75 0.524508 -4.33107e-15 0.465298 5.50307e-15 1.6442e-13 -1.59202e-13
0.76 0.531848 -4.33327e-15 0.457961 5.70953e-15 1.65414e-13 -1.59062e-13
0.77 0.539038 -4.48676e-15 0.450775 5.93945e-15 1.66427e-13 -1.58892e-13
0.78 0.546076 -4.9792e-15 0.443742 6.20457e-15 1.67457e-13 -1.58696e-13
0.79 0.552958 -5.50629e-15 0.436864 6.60831e-15 1.685e-13 -1.58491e-13
0.8 0.559686 -5.7856e-15 0.430143 6.8559e-15 1.69564e-13 -1.58283e-13
0.81 0.566254 -6.03399e-15 0.42358 7.07017e-15 1.70627e-13 -1.58053e-13
0.82 0.572663 -6.07297e-15 0.417178 7.22184e-15 1.71688e-13 -1.57802e-13
0.83 0.578911 -5.99743e-15 0.410937 7.34096e-15 1.72755e-13 -1.57546e-13
0.84 0.584999 -6.06168e-15 0.404858 7.40902e-15 1.73821e-13 -1.57261e-13
0.85 0.590924 -6.13833e-15 0.398939 7.38486e-15 1.74891e-13 -1.56976e-13
0.86 0.596689 -5.74563e-15 0.393183 7.3664e-15 1.75969e-13 -1.56669e-13
0.87 0.602294 -5.63038e-15 0.387587 7.32839e-15 1.77057e-13 -1.56347e-13
0.88 0.607738 -5.12784e-15 0.382152 7.22656e-15 1.78153e-13 -1.56032e-13
0.89 0.613023 -5.34174e-15 0.376875 7.10616e-15 1.79257e-13 -1.55731e-13
0.9 0.618149 -5.19293e-15 0.371758 6.98356e-15 1.80366e-13 -1.55447e-13
0.91 0.62312 -4.95213e-15 0.366797 6.80774e-15 1.81481e-13 -1.55193e-13
0.92 0.627935 -5.0738e-15 0.361991 6.58829e-15 1.826e-13 -1.54951e-13
0.93 0.632596 -4.71775e-15 0.357338 6.31379e-15 1.83731e-13 -1.5474e-13
0.94 0.637107 -4.24862e-15 0.352837 6.07752e-15 1.84876e-13 -1.54527e-13
0.95 0.641469 -4.18168e-15 0.348484 5.84334e-15 1.86037e-13 -1.54332e-13
0.96 0.645684 -4.03448e-15 0.344279 5.64582e-15 1.87203e-13 -1.54178e-13
0.97 0.649755 -3.70242e-15 0.340216 5.4105e-15 1.88378e-13 -1.54053e-13
0.98 0.653685 -3.15783e-15 0.336295 5.14739e-15 1.89568e-13 -1.53966e-13
0.99 0.657477 -2.9193e-15 0.332512 4.87668e-15 1.90771e-13 -1.53916e-13
1 0.661135 -2.55273e-15 0.328863 4.58317e-15 1.91988e-13 -1.53888e-13
1.01 0.664661 -2.31822e-15 0.325346 4.26903e-15 1.93225e-13 -1.53886e-13
1.02 0.668058 -2.10361e-15 0.321958 3.95868e-15 1.94443e-13 -1.53904e-13
1.03 0.671329 -1.84443e-15 0.318696 3.64237e-15 1.95646e-13 -1.53953e-13
1.04 0.674478 -1.52877e-15 0.315555 3.30982e-15 1.96834e-13 -1.54014e-13
1.05 0.677509 -1.13676e-15 0.312533 2.97552e-15 1.98005e-13 -1.54105e-13
1.06 0.680426 -6.26695e-16 0.309624 2.63423e-15 1.99156e-13 -1.54209e-13
1.07 0.683234 -3.25283e-16 0.306824 2.25987e-15 2.00286e-13 -1.54346e-13
1.08 0.685936 1.71371e-16 0.30413 1.89123e-15 2.01401e-13 -1.54503e-13
1.09 0.688538 6.46863e-16 0.301536 1.53524e-15 2.02504e-13 -1.54689e-13
1.1 0.691043 8.73091e-16 0.299039 1.16617e-15 2.03594e-13 -1.54903e-13
1.11 0.693456 1.13114e-15 0.296633 7.50899e-16 2.04669e-13 -1.55138e-13
1.12 0.695782 1.53125e-15 0.294314 3.38294e-16 2.05733e-13 -1.55398e-13
1.13 0.698026 1.92775e-15 0.292078 -6.9048e-17 2.06778e-13 -1.55652e-13
1.14 0.700191 2.32636e-15 0.289919 -4.78131e-16 2.07812e-13 -1.55916e-13
1.15 0.702284 2.6503e-15 0.287833 -8.91205e-16 2.08832e-13 -1.56187e-13
1.16 0.704308 3.29172e-15 0.285815 -1.28399e-15 2.0984e-13 -1.56445e-13
1.17 0.706269 3.85838e-15 0.283861 -1.68508e-15 2.1083e-13 -1.5672e-13
1.18 0.708173 4.19633e-15 0.281962 -2.06592e-15 2.11824e-13 -1.5699e-13
1.19 0.710025 4.51139e-15 0.280116 -2.43122e-15 2.12817e-13 -1.57262e-13
1.2 0.711828 4.8608e-15 0.278319 -2.76667e-15 2.13811e-13 -1.5752e-13
1.21 0.713566 5.20052e-15 0.276586 -3.13067e-15 2.14789e-13 -1.57809e-13
1.22 0.715242 5.55363e-15 0.274913 -3.4732e-15 2.15755e-13 -1.58119e-13
1.23 0.716862 5.86863e-15 0.273297 -3.80709e-15 2.16693e-13 -1.58435e-13
1.24 0.71843 6.22486e-15 0.271731 -4.13242e-15 2.176e-13 -1.5874e-13
1.25 0.719954 6.62345e-15 0.27021 -4.4771e-15 2.1848e-13 -1.59064e-13
1.26 0.721441 7.03058e-15 0.268725 -4.82376e-15 2.19338e-13 -1.59386e-13
1.27 0.7229 7.28577e-15 0.267269 -5.14995e-15 2.20165e-13 -1.59708e-13
1.28 0.724338 7.65525e-15 0.265831 -5.47328e-15 2.20962e-13 -1.60031e-13
1.29 0.725766 7.92131e-15 0.264404 -5.80012e-15 2.21734e-13 -1.60353e-13
1.3 0.727192 8.17297e-15 0.262979 -6.14051e-15 2.22482e-13 -1.60668e-13
1.31 0.728625 8.41673e-15 0.261548 -6.47555e-15 2.23212e-13 -1.6097e-13
1.32 0.730071 8.73849e-15 0.260102 -6.81836e-15 2.23928e-13 -1.61247e-13
1.33 0.731537 9.00382e-15 0.258636 -7.17301e-15 2.24627e-13 -1.61502e-13
1.34 0.733031 9.35947e-15 0.257144 -7.53256e-15 2.2531e-13 -1.61729e-13
1.35 0.734556 9.70246e-15 0.255619 -7.89788e-15 2.25981e-13 -1.61934e-13
1.36 0.736118 1.00495e-14 0.254058 -8.25072e-15 2.26637e-13 -1.62115e-13
1.37 0.737721 1.04389e-14 0.252457 -8.59526e-15 2.27282e-13 -1.62256e-13
1.38 0.739366 1.07764e-14 0.250812 -8.92752e-15 2.2792e-13 -1.62356e-13
1.39 0.741058 1.11681e-14 0.249122 -9.25434e-15 2.28551e-13 -1.62416e-13
1.4 0.742799 1.14806e-14 0.247384 -9.56316e-15 2.29175e-13 -1.62443e-13
1.41 0.744589 1.17365e-14 0.245596 -9.83415e-15 2.29791e-13 -1.62431e-13
1.42 0.746397 1.20401e-14 0.24379 -1.01201e-14 2.30444e-13 -1.62419e-13
1.43 0.748261 1.232e-14 0.24193 -1.03874e-14 2.31081e-13 -1.62382e-13
1.44 0.75018 1.25582e-14 0.240015 -1.06409e-14 2.31699e-13 -1.62315e-13
1.45 0.752153 1.27575e-14 0.238045 -1.08835e-14 2.32297e-13 -1.6222e-13
1.46 0.754182 1.29683e-14 0.236021 -1.10978e-14 2.32876e-13 -1.62099e-13
1.47 0.756265 1.31679e-14 0.233943 -1.12859e-14 2.33434e-13 -1.61947e-13
1.48 0.758401 1.33313e-14 0.231812 -1.14473e-14 2.3397e-13 -1.61759e-13
1.49 0.76059 1.34559e-14 0.229629 -1.15867e-14 2.34481e-13 -1.61539e-13
1.5 0.762829 1.35819e-14 0.227395 -1.17017e-14 2.34967e-13 -1.61279e-13
1.51 0.765119 1.36694e-14 0.225112 -1.17823e-14 2.35427e-13 -1.6099e-13
1.52 0.767456 1.37252e-14 0.222781 -1.18299e-14 2.35858e-13 -1.60653e-13
1.53 0.769839 1.3761e-14 0.220405 -1.18553e-14 2.36263e-13 -1.60288e-13
1.54 0.772267 1.3767e-14 0.217984 -1.18611e-14 2.36636e-13 -1.59887e-13
1.55 0.774737 1.37387e-14 0.215522 -1.18317e-14 2.3698e-13 -1.59449e-13
1.56 0.777247 1.36806e-14 0.213019 -1.17713e-14 2.37288e-13 -1.58964e-13
1.57 0.779796 1.35825e-14 0.21048 -1.16959e-14 2.37561e-13 -1.5846e-13
1.58 0.782379 1.35052e-14 0.207904 -1.15972e-14 2.37794e-13 -1.57931e-13
1.59 0.784996 1.34e-14 0.205296 -1.14807e-14 2.37989e-13 -1.57375e-13
1.6 0.787644 1.32457e-14 0.202657 -1.13403e-14 2.38142e-13 -1.56781e-13
1.61 0.79032 1.31098e-14 0.199991 -1.11886e-14 2.38254e-13 -1.56156e-13
1.62 0.793022 1.29503e-14 0.197299 -1.10112e-14 2.38321e-13 -1.55494e-13
1.63 0.795747 1.27578e-14 0.194584 -1.08091e-14 2.38342e-13 -1.54792e-13
1.64 0.798492 1.25257e-14 0.191849 -1.05932e-14 2.38317e-13 -1.54055e-13
1.65 0.801255 1.23384e-14 0.189097 -1.0385e-14 2.38241e-13 -1.53289e-13
1.66 0.804032 1.20996e-14 0.18633 -1.01467e-14 2.38116e-13 -1.52496e-13
1.67 0.806822 1.18707e-14 0.183551 -9.8965e-15 2.37938e-13 -1.51679e-13
1.68 0.809621 1.16213e-14 0.180763 -9.62918e-15 2.37711e-13 -1.5084e-13
1.69 0.812427 1.13445e-14 0.177968 -9.35831e-15 2.37435e-13 -1.49983e-13
1.7 0.815236 1.10207e-14 0.175171 -9.07331e-15 2.37109e-13 -1.49106e-13
1.71 0.818046 1.07441e-14 0.172372 -8.80058e-15 2.36727e-13 -1.48196e-13
1.72 0.820854 1.04417e-14 0.169575 -8.4983e-15 2.36293e-13 -1.47266e-13
1.73 0.823657 1.01255e-14 0.166784 -8.18033e-15 2.35807e-13 -1.46321e-13
1.74 0.826451 9.80788e-15 0.164002 -7.84452e-15 2.35269e-13 -1.45377e-13
1.75 0.829247 9.39682e-15 0.161218 -7.44908e-15 2.34711e-13 -1.44406e-13
1.76 0.832031 8.97661e-15 0.158445 -7.05997e-15 2.34092e-13 -1.43408e-13
1.77 0.834803 8.59008e-15 0.155686 -6.66484e-15 2.33411e-13 -1.4238e-13
1.78 0.837558 8.21834e-15 0.152943 -6.27211e-15 2.32668e-13 -1.41318e-13
1.79 0.840295 7.84375e-15 0.150218 -5.89527e-15 2.31864e-13 -1.40227e-13
1.8 0.843011 7.48789e-15 0.147514 -5.5185e-15 2.31002e-13 -1.39112e-13
1.81 0.845705 7.11379e-15 0.144832 -5.16331e-15 2.30084e-13 -1.37971e-13
1.82 0.848372 6.76225e-15 0.142177 -4.80945e-15 2.29112e-13 -1.36814e-13
1.83 0.851013 6.4447e-15 0.139548 -4.49677e-15 2.28084e-13 -1.35638e-13
1.84 0.853624 6.14979e-15 0.136949 -4.17491e-15 2.27007e-13 -1.34443e-13
1.85 0.856203 5.84101e-15 0.134382 -3.84009e-15 2.25887e-13 -1.3323e-13
1.86 0.858748 5.53986e-15 0.131849 -3.50731e-15 2.24718e-13 -1.32004e-13
1.87 0.861256 5.22103e-15 0.129352 -3.19593e-15 2.23501e-13 -1.30766e-13
1.88 0.863726 4.93477e-15 0.126893 -2.9028e-15 2.22247e-13 -1.2951e-13
1.89 0.86612 4.65527e-15 0.12451 -2.61262e-15 2.20952e-13 -1.2823e-13
1.9 0.868481 4.40825e-15 0.122161 -2.39112e-15 2.19627e-13 -1.26943e-13
1.91 0.870805 4.19076e-15 0.119846 -2.19726e-15 2.18273e-13 -1.25653e-13
1.92 0.873094 4.02005e-15 0.117569 -2.0063e-15 2.16888e-13 -1.24358e-13
1.93 0.875344 3.83947e-15 0.115329 -1.83546e-15 2.15479e-13 -1.23061e-13
1.94 0.877555 3.69928e-15 0.113128 -1.69316e-15 2.14046e-13 -1.21764e-13
1.95 0.879727 3.60087e-15 0.110967 -1.57814e-15 2.12595e-13 -1.20471e-13
1.96 0.881857 3.50261e-15 0.108846 -1.50691e-15 2.11125e-13 -1.19184e-13
1.97 0.883946 3.46841e-15 0.106767 -1.45475e-15 2.0964e-13 -1.17901e-13
1.98 0.885993 3.44938e-15 0.10473 -1.4249e-15 2.08137e-13 -1.16631e-13
1.99 0.887997 3.46804e-15 0.102737 -1.41986e-15 2.0662e-13 -1.15369e-13
2 0.889899 3.43987e-15 0.100842 -1.39081e-15 2.05119e-13 -1.141e-13
2.01 0.891767 3.4238e-15 0.0989824 -1.38499e-15 2.03604e-13 -1.12844e-13
2.02 0.8936 3.44732e-15 0.0971581 -1.40671e-15 2.02081e-13 -1.11598e-13
2.03 0.895396 3.4834e-15 0.0953702 -1.44766e-15 2.00551e-13 -1.10362e-13
2.04 0.897154 3.51983e-15 0.0936196 -1.50978e-15 1.99013e-13 -1.09143e-13
2.05 0.898875 3.59054e-15 0.0919071 -1.5903e-15 1.97469e-13 -1.07937e-13
2.06 0.900556 3.68687e-15 0.0902336 -1.69162e-15 1.95921e-13 -1.06742e-13
2.07 0.902198 3.81584e-15 0.0885995 -1.8135e-15 1.94371e-13 -1.05564e-13
2.08 0.903799 3.94769e-15 0.0870057 -1.95142e-15 1.92821e-13 -1.04402e-13
2.09 0.90536 4.09609e-15 0.0854525 -2.10968e-15 1.91267e-13 -1.03261e-13
2.1 0.906879 4.23058e-15 0.0839405 -2.27481e-15 1.89714e-13 -1.02138e-13
2.11 0.908357 4.40531e-15 0.0824701 -2.45157e-15 1.88163e-13 -1.01035e-13
2.12 0.909792 4.60561e-15 0.0810416 -2.65135e-15 1.86616e-13 -9.99502e-14
2.13 0.911185 4.80547e-15 0.0796554 -2.8685e-15 1.85073e-13 -9.8887e-14
2.14 0.912536 5.04459e-15 0.0783117 -3.09336e-15 1.83535e-13 -9.78425e-14
2.15 0.913827 5.24721e-15 0.0770262 -3.30806e-15 1.81992e-13 -9.68559e-14
2.16 0.915077 5.45527e-15 0.0757824 -3.51661e-15 1.80458e-13 -9.58867e-14
2.17 0.916285 5.70134e-15 0.0745804 -3.74236e-15 1.78934e-13 -9.49318e-14
2.18 0.917452 5.9817e-15 0.07342 -4.00866e-15 1.77419e-13 -9.3993e-14
2.19 0.918576 6.21807e-15 0.0723013 -4.25331e-15 1.75916e-13 -9.30732e-14
2.2 0.919659 6.44896e-15 0.071224 -4.48807e-15 1.74423e-13 -9.21692e-14
2.21 0.9207 6.6952e-15 0.0701879 -4.72477e-15 1.72944e-13 -9.12873e-14
2.22 0.921701 6.91408e-15 0.0691928 -4.97406e-15 1.71476e-13 -9.04215e-14
2.23 0.92266 7.19764e-15 0.0682384 -5.25298e-15 1.70022e-13 -8.95719e-14
2.24 0.923579 7.49358e-15 0.0673245 -5.55126e-15 1.68584e-13 -8.87423e-14
2.25 0.924457 7.78271e-15 0.0664506 -5.84485e-15 1.6716e-13 -8.79272e-14
2.26 0.925297 8.07137e-15 0.0656159 -6.1356e-15 1.65751e-13 -8.71278e-14
2.27 0.926096 8.34814e-15 0.0648207 -6.42692e-15 1.6436e-13 -8.6342e-14
2.28 0.926861 8.61569e-15 0.0640597 -6.69097e-15 1.62961e-13 -8.55999e-14
2.29 0.927587 8.86835e-15 0.0633377 -6.93907e-15 1.61582e-13 -8.48716e-14
2.3 0.928274 9.1279e-15 0.0626543 -7.19744e-15 1.60224e-13 -8.41529e-14
2.31 0.928923 9.41029e-15 0.062009 -7.47995e-15 1.58896e-13 -8.3444e-14
2.32 0.92955 9.74004e-15 0.0613856 -7.78728e-15 1.57571e-13 -8.27454e-14
2.33 0.930138 1.00874e-14 0.0608005 -8.12906e-15 1.56275e-13 -8.20565e-14
2.34 0.930688 1.0463e-14 0.0602538 -8.51905e-15 1.55012e-13 -8.13776e-14
2.35 0.931197 1.09582e-14 0.059747 -9.0438e-15 1.53782e-13 -8.071e-14
2.36 0.931663 1.15446e-14 0.0592833 -9.63255e-15 1.52602e-13 -8.00413e-14
2.37 0.9321 1.21581e-14 0.058849 -1.02452e-14 1.5144e-13 -7.937e-14
2.38 0.932486 1.27005e-14 0.0584655 -1.08192e-14 1.50327e-13 -7.86966e-14
2.39 0.932822 1.3296e-14 0.0581304 -1.1421e-14 1.49282e-13 -7.8024e-14
2.4 0.933113 1.39063e-14 0.0578412 -1.20221e-14 1.48305e-13 -7.73565e-14
2.41 0.933369 1.45274e-14 0.0575858 -1.26478e-14 1.47385e-13 -7.67258e-14
2.42 0.933578 1.51941e-14 0.0573772 -1.33207e-14 1.46537e-13 -7.61125e-14
2.43 0.933732 1.58041e-14 0.057224 -1.39309e-14 1.45756e-13 -7.56029e-14
2.44 0.933902 1.63999e-14 0.0570534 -1.45266e-14 1.44974e-13 -7.5088e-14
2.45 0.934089 1.69868e-14 0.0568662 -1.5113e-14 1.4419e-13 -7.45669e-14
2.46 0.934292 1.75554e-14 0.0566633 -1.5683e-14 1.43406e-13 -7.40412e-14
2.47 0.934511 1.81021e-14 0.0564452 -1.62308e-14 1.42622e-13 -7.35083e-14
2.48 0.934743 1.86387e-14 0.0562126 -1.67676e-14 1.41838e-13 -7.29693e-14
2.49 0.934989 1.91591e-14 0.0559662 -1.72869e-14 1.41055e-13 -7.24254e-14
2.5 0.935249 1.97024e-14 0.0557067 -1.78301e-14 1.40271e-13 -7.18769e-14
