0 0 0 1 0 0 0
0.005 3.96261e-05 -4.16221e-16 0.999948 -1.43591e-16 5.49663e-15 6.05722e-16
0.01 0.00015849 -1.41244e-16 0.999829 -7.61046e-16 1.07935e-14 1.12539e-15
0.015 0.000356556 -3.14593e-16 0.99963 -7.51009e-16 1.6088e-14 1.63038e-15
0.02 0.000633796 -3.01306e-16 0.999352 -7.51294e-16 2.138e-14 2.09292e-15
0.025 0.000990155 -1.13603e-16 0.998994 -7.70786e-16 2.66692e-14 2.42392e-15
0.03 0.00142553 -1.4982e-16 0.998557 -7.65649e-16 3.19501e-14 2.33001e-15
0.035 0.00193985 -8.6443e-17 0.998041 -7.69218e-16 3.72192e-14 2.2152e-15
0.04 0.00253295 -3.59612e-17 0.997446 -7.79351e-16 4.24754e-14 1.95339e-15
0.045 0.00320468 8.41648e-17 0.996772 -7.83848e-16 4.77201e-14 1.71563e-15
0.05 0.00395487 -2.42591e-17 0.99602 -7.78684e-16 5.29401e-14 1.35528e-15
0.055 0.00478332 -1.15424e-16 0.995189 -7.74963e-16 5.81437e-14 8.27765e-16
0.06 0.00568981 -9.82035e-17 0.99428 -7.7164e-16 6.33259e-14 2.78006e-16
0.065 0.00667408 -2.18937e-16 0.993293 -7.73827e-16 6.84833e-14 -3.82739e-16
0.07 0.00773588 1.11653e-16 0.992228 -7.79692e-16 7.36244e-14 -1.13359e-15
0.075 0.00887493 1.72138e-16 0.991086 -7.79623e-16 7.87457e-14 -1.8996e-15
0.08 0.0100909 3.23585e-16 0.989867 -7.80558e-16 8.38436e-14 -2.73358e-15
0.085 0.0113835 4.24824e-16 0.988571 -7.82983e-16 8.89156e-14 -3.57645e-15
0.09 0.0127523 3.9722e-16 0.9872 -7.80974e-16 9.39607e-14 -4.56571e-15
0.095 0.0141969 3.54566e-16 0.985752 -7.76966e-16 9.89736e-14 -5.57812e-15
0.1 0.0157171 1.42161e-16 0.984229 -7.64134e-16 1.03946e-13 -6.54471e-15
0.105 0.0173123 4.34071e-16 0.98263 -7.49721e-16 1.0888e-13 -7.53028e-15
0.11 0.0189821 7.80474e-16 0.980958 -7.31992e-16 1.13772e-13 -8.57297e-15
0.115 0.020726 5.552e-16 0.979211 -7.05423e-16 1.1861e-13 -9.62741e-15
0.12 0.0225437 5.87869e-16 0.97739 -6.79357e-16 1.23414e-13 -1.07247e-14
0.125 0.0244345 3.60464e-16 0.975496 -6.49072e-16 1.28173e-13 -1.18914e-14
0.13 0.0263979 4.81751e-16 0.97353 -6.23244e-16 1.32887e-13 -1.31308e-14
0.135 0.0284335 2.94509e-16 0.971492 -5.92572e-16 1.37534e-13 -1.43777e-14
0.14 0.0305406 1.61629e-16 0.969383 -5.70312e-16 1.42129e-13 -1.56071e-14
0.145 0.0327186 1.82975e-16 0.967202 -5.29129e-16 1.46664e-13 -1.6917e-14
0.15 0.034967 -5.82536e-17 0.964952 -4.79478e-16 1.5114e-13 -1.83208e-14
0.155 0.0372851 -4.309e-16 0.962632 -4.25972e-16 1.55555e-13 -1.9807e-14
0.16 0.0396724 -6.49919e-16 0.960243 -3.75667e-16 1.59905e-13 -2.13921e-14
0.165 0.042128 -6.30184e-16 0.957785 -3.31371e-16 1.64193e-13 -2.29812e-14
0.17 0.0446515 -7.25565e-16 0.955261 -2.8369e-16 1.68417e-13 -2.45252e-14
0.175 0.0472419 -9.74868e-16 0.952669 -2.30205e-16 1.72575e-13 -2.60383e-14
0.18 0.0498988 -1.12102e-15 0.950011 -1.81129e-16 1.76665e-13 -2.7623e-14
0.185 0.0526212 -8.70117e-16 0.947288 -1.34731e-16 1.80676e-13 -2.93205e-14
0.19 0.0554085 -8.50583e-16 0.944501 -8.84133e-17 1.84619e-13 -3.10537e-14
0.195 0.0582599 -6.63589e-16 0.941649 -4.85957e-17 1.88481e-13 -3.28033e-14
0.2 0.0611731 -4.08572e-16 0.938734 -1.19146e-17 1.92274e-13 -3.45417e-14
0.205 0.0641486 -4.67238e-16 0.935758 2.40117e-17 1.95988e-13 -3.63113e-14
0.21 0.0671857 -5.74873e-16 0.932719 5.23282e-17 1.99631e-13 -3.80546e-14
0.215 0.0702837 -4.49475e-16 0.929621 6.50459e-17 2.03201e-13 -3.98974e-14
0.22 0.0734416 -4.66063e-16 0.926462 7.02384e-17 2.067e-13 -4.17757e-14
0.225 0.076657 -3.1792e-16 0.923245 6.04525e-17 2.10124e-13 -4.37213e-14
0.23 0.0799304 -5.339e-16 0.91997 3.37193e-17 2.13474e-13 -4.5758e-14
0.235 0.0832611 -3.21254e-16 0.916637 -2.2009e-17 2.16752e-13 -4.78037e-14
0.24 0.0866481 -1.27127e-16 0.913249 -1.08628e-16 2.19955e-13 -4.98553e-14
0.245 0.0900904 -1.06878e-16 0.909805 -2.02695e-16 2.23083e-13 -5.19481e-14
0.25 0.0935872 -1.74446e-16 0.906307 -2.97966e-16 2.26133e-13 -5.40415e-14
0.255 0.0971361 -5.08826e-16 0.902756 -3.96481e-16 2.29104e-13 -5.61514e-14
0.26 0.100738 -6.0538e-16 0.899153 -5.15741e-16 2.31997e-13 -5.82271e-14
0.265 0.10439 -4.5563e-16 0.895498 -6.52413e-16 2.34808e-13 -6.03934e-14
0.27 0.108094 -2.35675e-16 0.891792 -7.77149e-16 2.37537e-13 -6.25686e-14
0.275 0.111847 -2.24707e-16 0.888038 -8.85572e-16 2.40182e-13 -6.4752e-14
0.28 0.115648 1.24888e-16 0.884234 -9.93961e-16 2.42751e-13 -6.69159e-14
0.285 0.119497 -4.99321e-17 0.880384 -1.08993e-15 2.45235e-13 -6.90505e-14
0.29 0.123391 -1.04009e-16 0.876487 -1.11329e-15 2.47632e-13 -7.11351e-14
0.295 0.127331 5.14974e-19 0.872545 -1.15816e-15 2.4994e-13 -7.32385e-14
0.3 0.131314 -2.8763e-16 0.868559 -1.22262e-15 2.52157e-13 -7.53312e-14
0.305 0.135342 -4.42412e-16 0.864529 -1.30045e-15 2.54284e-13 -7.74005e-14
0.31 0.139411 -5.68742e-16 0.860458 -1.41249e-15 2.56311e-13 -7.94421e-14
0.315 0.143521 -6.55684e-16 0.856345 -1.41298e-15 2.58238e-13 -8.1462e-14
0.32 0.147672 -1.03845e-15 0.852192 -1.41077e-15 2.60074e-13 -8.34721e-14
0.325 0.151862 -1.13616e-15 0.848001 -1.42705e-15 2.61817e-13 -8.54207e-14
0.33 0.156089 -1.24147e-15 0.843771 -1.38742e-15 2.63468e-13 -8.73637e-14
0.335 0.160353 -1.34064e-15 0.839505 -1.26964e-15 2.65036e-13 -8.92788e-14
0.34 0.164653 -1.3565e-15 0.835204 -1.17448e-15 2.66521e-13 -9.12215e-14
0.345 0.168986 -1.64798e-15 0.830868 -1.09654e-15 2.67923e-13 -9.31368e-14
0.35 0.173353 -1.79853e-15 0.826499 -9.8274e-16 2.6924e-13 -9.50535e-14
0.355 0.177753 -2.13297e-15 0.822097 -9.00468e-16 2.70473e-13 -9.69197e-14
0.36 0.182183 -2.32845e-15 0.817664 -7.76056e-16 2.71625e-13 -9.87775e-14
0.365 0.186643 -2.39734e-15 0.813202 -6.41724e-16 2.72692e-13 -1.00603e-13
0.37 0.191133 -2.42212e-15 0.808711 -5.67509e-16 2.73684e-13 -1.02396e-13
0.375 0.19565 -2.3181e-15 0.804191 -3.96188e-16 2.74597e-13 -1.04131e-13
0.38 0.200193 -2.26925e-15 0.799646 -1.60685e-16 2.75427e-13 -1.05814e-13
0.385 0.204763 -2.82679e-15 0.795075 1.16916e-16 2.76207e-13 -1.07466e-13
0.39 0.209356 -2.98244e-15 0.790479 3.38966e-16 2.76932e-13 -1.09113e-13
0.395 0.213973 -3.22134e-15 0.785861 4.77842e-16 2.77602e-13 -1.10733e-13
0.4 0.218611 -3.44222e-15 0.781221 6.01078e-16 2.78218e-13 -1.12306e-13
0.405 0.223271 -3.7118e-15 0.776559 7.53876e-16 2.78778e-13 -1.13867e-13
0.41 0.22795 -4.22429e-15 0.771878 9.16281e-16 2.79289e-13 -1.15366e-13
0.415 0.232648 -4.42056e-15 0.767179 1.05914e-15 2.79751e-13 -1.16834e-13
0.42 0.237364 -4.43633e-15 0.762462 1.2541e-15 2.80164e-13 -1.18235e-13
0.425 0.242095 -4.56599e-15 0.757729 1.47856e-15 2.80528e-13 -1.19605e-13
0.43 0.246842 -4.92647e-15 0.752981 1.7175e-15 2.80843e-13 -1.20916e-13
0.435 0.251603 -4.97827e-15 0.748219 1.96243e-15 2.8111e-13 -1.22225e-13
0.44 0.256376 -5.26914e-15 0.743444 2.252e-15 2.81327e-13 -1.23485e-13
0.445 0.261161 -5.48947e-15 0.738657 2.55589e-15 2.81498e-13 -1.24719e-13
0.45 0.265957 -5.63987e-15 0.73386 2.77587e-15 2.81622e-13 -1.25908e-13
0.455 0.270763 -6.05215e-15 0.729053 2.97655e-15 2.81701e-13 -1.27029e-13
0.46 0.275577 -6.28797e-15 0.724238 3.2364e-15 2.81736e-13 -1.28133e-13
0.465 0.280398 -6.64054e-15 0.719416 3.4693e-15 2.81732e-13 -1.29204e-13
0.47 0.285225 -7.01952e-15 0.714587 3.67104e-15 2.81681e-13 -1.30213e-13
0.475 0.290057 -7.49708e-15 0.709754 3.99986e-15 2.8159e-13 -1.31211e-13
0.48 0.294894 -7.53069e-15 0.704917 4.27573e-15 2.81459e-13 -1.32138e-13
0.485 0.299733 -7.84988e-15 0.700077 4.6041e-15 2.81284e-13 -1.33026e-13
0.49 0.304574 -8.19001e-15 0.695235 4.76284e-15 2.8107e-13 -1.33885e-13
0.495 0.309415 -8.50584e-15 0.690393 5.00621e-15 2.80819e-13 -1.34738e-13
0.5 0.314256 -8.59367e-15 0.685551 5.38286e-15 2.80531e-13 -1.35554e-13
0.505 0.319096 -9.03251e-15 0.68071 5.94347e-15 2.80206e-13 -1.36294e-13
0.51 0.323933 -9.7459e-15 0.675872 6.53973e-15 2.79842e-13 -1.36994e-13
0.515 0.328767 -1.032e-14 0.671038 7.15878e-15 2.79442e-13 -1.37673e-13
0.52 0.333596 -1.0772e-14 0.666208 7.72662e-15 2.79008e-13 -1.38286e-13
0.525 0.33842 -1.15049e-14 0.661384 8.36648e-15 2.78545e-13 -1.38872e-13
0.53 0.343237 -1.22247e-14 0.656567 9.00914e-15 2.78058e-13 -1.3939e-13
0.535 0.348046 -1.29574e-14 0.651758 9.65028e-15 2.77546e-13 -1.39875e-13
0.54 0.352846 -1.35145e-14 0.646957 1.03382e-14 2.77015e-13 -1.40342e-13
0.545 0.357638 -1.42693e-14 0.642165 1.10958e-14 2.76458e-13 -1.40753e-13
0.55 0.362418 -1.46746e-14 0.637385 1.18197e-14 2.75879e-13 -1.41092e-13
0.555 0.367187 -1.54318e-14 0.632616 1.25327e-14 2.75281e-13 -1.4137e-13
0.56 0.371944 -1.56388e-14 0.62786 1.3203e-14 2.74659e-13 -1.41602e-13
0.565 0.376687 -1.62489e-14 0.623117 1.39977e-14 2.74017e-13 -1.41823e-13
0.57 0.381416 -1.71083e-14 0.618388 1.48987e-14 2.73354e-13 -1.42009e-13
0.575 0.386129 -1.80731e-14 0.613675 1.57385e-14 2.72673e-13 -1.42164e-13
0.58 0.390826 -1.91254e-14 0.608979 1.67025e-14 2.71973e-13 -1.42285e-13
0.585 0.395506 -2.01199e-14 0.604299 1.76526e-14 2.71261e-13 -1.42374e-13
0.59 0.400168 -2.11204e-14 0.599638 1.84199e-14 2.70532e-13 -1.42424e-13
0.595 0.404811 -2.17848e-14 0.594995 1.89859e-14 2.69795e-13 -1.42479e-13
0.6 0.409434 -2.22132e-14 0.590373 1.93988e-14 2.69049e-13 -1.425e-13
0.605 0.414037 -2.28246e-14 0.58577 1.99696e-14 2.68295e-13 -1.42458e-13
0.61 0.418618 -2.3587e-14 0.58119 2.05498e-14 2.67529e-13 -1.42361e-13
0.615 0.423177 -2.38557e-14 0.576631 2.11102e-14 2.66755e-13 -1.42251e-13
0.62 0.427713 -2.44594e-14 0.572096 2.15817e-14 2.65977e-13 -1.42098e-13
0.625 0.432225 -2.50185e-14 0.567584 2.2221e-14 2.65194e-13 -1.41924e-13
0.63 0.436713 -2.56748e-14 0.563097 2.27278e-14 2.64403e-13 -1.4171e-13
0.635 0.441175 -2.61004e-14 0.558636 2.32128e-14 2.63603e-13 -1.41464e-13
0.64 0.445612 -2.66717e-14 0.5542 2.36169e-14 2.62797e-13 -1.4118e-13
0.645 0.450021 -2.7118e-14 0.549791 2.40775e-14 2.61985e-13 -1.40879e-13
0.65 0.454403 -2.75999e-14 0.54541 2.45594e-14 2.61172e-13 -1.40602e-13
0.655 0.458757 -2.79254e-14 0.541057 2.49986e-14 2.60355e-13 -1.40284e-13
0.66 0.463083 -2.82353e-14 0.536732 2.54285e-14 2.59535e-13 -1.39921e-13
0.665 0.467378 -2.83613e-14 0.532438 2.57909e-14 2.58711e-13 -1.39534e-13
0.67 0.471644 -2.89314e-14 0.528173 2.62649e-14 2.57885e-13 -1.39123e-13
0.675 0.475879 -2.94773e-14 0.523939 2.67362e-14 2.57059e-13 -1.38699e-13
0.68 0.480082 -3.02594e-14 0.519736 2.72956e-14 2.56233e-13 -1.38265e-13
0.685 0.484254 -3.07932e-14 0.515566 2.79008e-14 2.55408e-13 -1.37805e-13
0.69 0.488393 -3.14402e-14 0.511428 2.8518e-14 2.54581e-13 -1.37314e-13
0.695 0.492499 -3.20737e-14 0.507322 2.90468e-14 2.53752e-13 -1.36813e-13
0.7 0.496571 -3.23492e-14 0.503251 2.95856e-14 2.52926e-13 -1.36307e-13
0.705 0.50061 -3.27976e-14 0.499213 3.00826e-14 2.52104e-13 -1.35793e-13
0.71 0.504613 -3.33894e-14 0.49521 3.05678e-14 2.51282e-13 -1.35268e-13
0.715 0.508582 -3.37836e-14 0.491243 3.09128e-14 2.50462e-13 -1.34702e-13
0.72 0.512515 -3.42864e-14 0.48731 3.11613e-14 2.49651e-13 -1.34102e-13
0.725 0.516413 -3.46674e-14 0.483414 3.14005e-14 2.48846e-13 -1.33477e-13
0.73 0.520273 -3.51028e-14 0.479554 3.17383e-14 2.48046e-13 -1.32844e-13
0.735 0.524098 -3.54055e-14 0.475731 3.20722e-14 2.47251e-13 -1.32203e-13
0.74 0.527884 -3.5654e-14 0.471945 3.24973e-14 2.46463e-13 -1.31561e-13
0.745 0.531634 -3.6062e-14 0.468196 3.29001e-14 2.45681e-13 -1.30908e-13
0.75 0.535345 -3.65122e-14 0.464486 3.33209e-14 2.44908e-13 -1.30247e-13
0.755 0.539018 -3.70538e-14 0.460813 3.37411e-14 2.44146e-13 -1.29578e-13
0.76 0.542653 -3.75882e-14 0.45718 3.41578e-14 2.43395e-13 -1.28893e-13
0.765 0.546249 -3.79605e-14 0.453585 3.45615e-14 2.42653e-13 -1.28207e-13
0.77 0.549805 -3.85722e-14 0.450029 3.49654e-14 2.41924e-13 -1.27504e-13
0.775 0.553323 -3.90053e-14 0.446512 3.53526e-14 2.41213e-13 -1.268e-13
0.78 0.5568 -3.93502e-14 0.443036 3.57139e-14 2.40519e-13 -1.26097e-13
0.785 0.560238 -3.88873e-14 0.439599 3.60504e-14 2.39854e-13 -1.25378e-13
0.79 0.563637 -3.93824e-14 0.436202 3.63788e-14 2.39108e-13 -1.25092e-13
0.795 0.566996 -3.95854e-14 0.432845 3.66875e-14 2.38386e-13 -1.24781e-13
0.8 0.570315 -3.99313e-14 0.429528 3.69535e-14 2.37688e-13 -1.24441e-13
0.805 0.573593 -3.99531e-14 0.426252 3.72086e-14 2.37014e-13 -1.24096e-13
0.81 0.576831 -4.01845e-14 0.423017 3.74445e-14 2.36367e-13 -1.23722e-13
0.815 0.580027 -4.04535e-14 0.419822 3.76714e-14 2.35743e-13 -1.23325e-13
0.82 0.583183 -4.06801e-14 0.416668 3.78862e-14 2.35148e-13 -1.22923e-13
0.825 0.586299 -4.08266e-14 0.413555 3.80659e-14 2.34583e-13 -1.22517e-13
0.83 0.589373 -4.09811e-14 0.410483 3.82175e-14 2.34051e-13 -1.22093e-13
0.835 0.592406 -4.07843e-14 0.407452 3.83437e-14 2.33551e-13 -1.21649e-13
0.84 0.595398 -4.08836e-14 0.404462 3.84573e-14 2.33083e-13 -1.21196e-13
0.845 0.598349 -4.07552e-14 0.401513 3.85422e-14 2.32648e-13 -1.2073e-13
0.85 0.601259 -4.10248e-14 0.398605 3.8626e-14 2.32247e-13 -1.20269e-13
0.855 0.604128 -4.11828e-14 0.395738 3.86875e-14 2.31872e-13 -1.19797e-13
0.86 0.606957 -4.10227e-14 0.392911 3.87357e-14 2.31522e-13 -1.19324e-13
0.865 0.609744 -4.13058e-14 0.390126 3.87601e-14 2.31196e-13 -1.18835e-13
0.87 0.612491 -4.17458e-14 0.387382 3.87483e-14 2.30894e-13 -1.18327e-13
0.875 0.615197 -4.16585e-14 0.384678 3.87269e-14 2.30616e-13 -1.17814e-13
0.88 0.617862 -4.16765e-14 0.382015 3.86971e-14 2.30361e-13 -1.17286e-13
0.885 0.620487 -4.14234e-14 0.379392 3.86333e-14 2.30129e-13 -1.16741e-13
0.89 0.623071 -4.1308e-14 0.376809 3.8551e-14 2.29917e-13 -1.16194e-13
0.895 0.625616 -4.09399e-14 0.374267 3.84645e-14 2.29725e-13 -1.15643e-13
0.9 0.62812 -4.10987e-14 0.371765 3.83497e-14 2.2955e-13 -1.15096e-13
0.905 0.630585 -4.08962e-14 0.369303 3.82101e-14 2.29394e-13 -1.14532e-13
0.91 0.63301 -4.06844e-14 0.36688 3.802e-14 2.29252e-13 -1.13958e-13
0.915 0.635395 -4.02924e-14 0.364496 3.77766e-14 2.29127e-13 -1.13381e-13
0.92 0.637742 -3.97607e-14 0.362152 3.74988e-14 2.29016e-13 -1.12794e-13
0.925 0.640049 -3.95323e-14 0.359847 3.72003e-14 2.28918e-13 -1.12199e-13
0.93 0.642318 -3.92754e-14 0.35758 3.68477e-14 2.28832e-13 -1.11601e-13
0.935 0.644549 -3.89234e-14 0.355351 3.64446e-14 2.28757e-13 -1.10985e-13
0.94 0.646741 -3.84461e-14 0.353161 3.60156e-14 2.28694e-13 -1.10373e-13
0.945 0.648896 -3.78549e-14 0.351008 3.55141e-14 2.2864e-13 -1.09766e-13
0.95 0.651013 -3.71889e-14 0.348893 3.49637e-14 2.28594e-13 -1.09161e-13
0.955 0.653093 -3.68242e-14 0.346815 3.43887e-14 2.28555e-13 -1.08559e-13
0.96 0.655136 -3.64692e-14 0.344774 3.37857e-14 2.28521e-13 -1.0797e-13
0.965 0.657143 -3.56672e-14 0.342769 3.31341e-14 2.28495e-13 -1.07377e-13
0.97 0.659113 -3.4766e-14 0.3408 3.24626e-14 2.28472e-13 -1.06779e-13
0.975 0.661048 -3.40164e-14 0.338867 3.17839e-14 2.28454e-13 -1.06197e-13
0.98 0.662948 -3.32466e-14 0.33697 3.10525e-14 2.28439e-13 -1.05616e-13
0.985 0.664813 -3.25212e-14 0.335107 3.02846e-14 2.28424e-13 -1.05035e-13
0.99 0.666643 -3.1628e-14 0.333278 2.94643e-14 2.28412e-13 -1.04459e-13
0.995 0.668439 -3.0691e-14 0.331484 2.86596e-14 2.28405e-13 -1.03886e-13
1 0.670202 -2.98163e-14 0.329723 2.78438e-14 2.28405e-13 -1.03315e-13
1.005 0.671931 -2.88966e-14 0.327995 2.70393e-14 2.28406e-13 -1.02748e-13
1.01 0.673628 -2.82234e-14 0.326301 2.62333e-14 2.28413e-13 -1.0219e-13
1.015 0.675293 -2.73625e-14 0.324638 2.5423e-14 2.28424e-13 -1.01636e-13
1.02 0.676925 -2.6398e-14 0.323007 2.46543e-14 2.28439e-13 -1.01078e-13
1.025 0.678527 -2.57797e-14 0.321407 2.39052e-14 2.28456e-13 -1.00507e-13
1.03 0.680097 -2.5009e-14 0.319839 2.30943e-14 2.28477e-13 -9.99342e-14
1.035 0.681637 -2.43454e-14 0.3183 2.23434e-14 2.28501e-13 -9.93691e-14
1.04 0.683147 -2.373e-14 0.316792 2.16235e-14 2.28529e-13 -9.88196e-14
1.045 0.684629 -2.28615e-14 0.315312 2.09576e-14 2.28555e-13 -9.82867e-14
1.05 0.686081 -2.22286e-14 0.313862 2.02903e-14 2.28582e-13 -9.77516e-14
1.055 0.687505 -2.13351e-14 0.312439 1.96186e-14 2.28609e-13 -9.72103e-14
1.06 0.688901 -2.08381e-14 0.311044 1.89188e-14 2.28634e-13 -9.66676e-14
1.065 0.69027 -2.03327e-14 0.309677 1.82436e-14 2.28661e-13 -9.6128e-14
1.07 0.691613 -1.96392e-14 0.308336 1.75791e-14 2.28689e-13 -9.55899e-14
1.075 0.692929 -1.8745e-14 0.307021 1.69057e-14 2.28718e-13 -9.50605e-14
1.08 0.69422 -1.79245e-14 0.305731 1.62552e-14 2.28748e-13 -9.45373e-14
1.085 0.695486 -1.71494e-14 0.304467 1.56055e-14 2.28782e-13 -9.40328e-14
1.09 0.696728 -1.64976e-14 0.303227 1.49269e-14 2.2882e-13 -9.35391e-14
1.095 0.697946 -1.59496e-14 0.30201 1.42115e-14 2.28861e-13 -9.30477e-14
1.1 0.69914 -1.52136e-14 0.300817 1.34917e-14 2.28905e-13 -9.25758e-14
1.105 0.700312 -1.44366e-14 0.299646 1.27456e-14 2.28952e-13 -9.21218e-14
1.11 0.701462 -1.38599e-14 0.298498 1.19931e-14 2.29003e-13 -9.16784e-14
1.115 0.70259 -1.31917e-14 0.297371 1.1265e-14 2.29055e-13 -9.12376e-14
1.12 0.703698 -1.23932e-14 0.296265 1.05549e-14 2.29109e-13 -9.0808e-14
1.125 0.704785 -1.1764e-14 0.295179 9.84788e-15 2.29164e-13 -9.03872e-14
1.13 0.705853 -1.10191e-14 0.294112 9.14388e-15 2.2922e-13 -8.99729e-14
1.135 0.706901 -1.0427e-14 0.293065 8.41455e-15 2.29277e-13 -8.95822e-14
1.14 0.707931 -9.60537e-15 0.292036 7.67939e-15 2.29336e-13 -8.9212e-14
1.145 0.708943 -8.74691e-15 0.291025 6.94502e-15 2.29395e-13 -8.88545e-14
1.15 0.709938 -7.85747e-15 0.290032 6.2094e-15 2.29455e-13 -8.84967e-14
1.155 0.710916 -6.92789e-15 0.289055 5.45908e-15 2.29516e-13 -8.81492e-14
1.16 0.711877 -6.24495e-15 0.288094 4.71151e-15 2.29576e-13 -8.78193e-14
1.165 0.712824 -5.45977e-15 0.287149 3.96743e-15 2.29639e-13 -8.75024e-14
1.17 0.713755 -4.68855e-15 0.286218 3.23781e-15 2.29701e-13 -8.71935e-14
1.175 0.714672 -3.9384e-15 0.285302 2.51441e-15 2.29763e-13 -8.69005e-14
1.18 0.715576 -3.17407e-15 0.284399 1.78752e-15 2.29825e-13 -8.6628e-14
1.185 0.716466 -2.4667e-15 0.28351 1.05707e-15 2.29886e-13 -8.63663e-14
1.19 0.717344 -1.57339e-15 0.282633 3.35893e-16 2.29948e-13 -8.61201e-14
1.195 0.71821 -8.67453e-16 0.281768 -3.76265e-16 2.3001e-13 -8.58962e-14
1.2 0.719064 -1.82284e-16 0.280914 -1.07121e-15 2.30071e-13 -8.56934e-14
1.205 0.719908 6.14524e-16 0.280071 -1.7613e-15 2.30132e-13 -8.55038e-14
1.21 0.720742 1.2812e-15 0.279238 -2.43507e-15 2.30193e-13 -8.53373e-14
1.215 0.721566 2.053e-15 0.278415 -3.10783e-15 2.30253e-13 -8.51976e-14
1.22 0.722381 2.80166e-15 0.2776 -3.76499e-15 2.30311e-13 -8.5079e-14
1.225 0.723188 3.42139e-15 0.276794 -4.39316e-15 2.30368e-13 -8.49684e-14
1.23 0.723986 4.00492e-15 0.275996 -4.98795e-15 2.30426e-13 -8.48807e-14
1.235 0.724778 4.62387e-15 0.275205 -5.57097e-15 2.3048e-13 -8.4811e-14
1.24 0.725563 5.18392e-15 0.274421 -6.15473e-15 2.3053e-13 -8.47658e-14
1.245 0.726341 5.62637e-15 0.273643 -6.71322e-15 2.30575e-13 -8.47251e-14
1.25 0.727115 6.30516e-15 0.27287 -7.23846e-15 2.30616e-13 -8.46918e-14
1.255 0.727883 7.03177e-15 0.272102 -7.76585e-15 2.30654e-13 -8.46689e-14
1.26 0.728646 7.42951e-15 0.271339 -8.2559e-15 2.30688e-13 -8.46555e-14
1.265 0.729406 7.9174e-15 0.27058 -8.73158e-15 2.30714e-13 -8.46576e-14
1.27 0.730162 8.3807e-15 0.269824 -9.16246e-15 2.30732e-13 -8.46702e-14
1.275 0.730915 8.67832e-15 0.269072 -9.56808e-15 2.30745e-13 -8.46926e-14
1.28 0.731666 9.07542e-15 0.268321 -9.95275e-15 2.3075e-13 -8.47255e-14
1.285 0.732414 9.42349e-15 0.267573 -1.03017e-14 2.30744e-13 -8.47685e-14
1.29 0.733162 9.53381e-15 0.266826 -1.05937e-14 2.30728e-13 -8.48233e-14
1.295 0.733908 9.97256e-15 0.266079 -1.08552e-14 2.30707e-13 -8.48826e-14
1.3 0.734654 1.02377e-14 0.265333 -1.10925e-14 2.30676e-13 -8.49584e-14
1.305 0.735401 1.02657e-14 0.264587 -1.13122e-14 2.30631e-13 -8.50471e-14
1.31 0.736147 1.03012e-14 0.263841 -1.15149e-14 2.30576e-13 -8.5149e-14
1.315 0.736895 1.05287e-14 0.263093 -1.17222e-14 2.30507e-13 -8.52531e-14
1.32 0.737644 1.06786e-14 0.262344 -1.18968e-14 2.30423e-13 -8.53752e-14
1.325 0.738395 1.08346e-14 0.261593 -1.20388e-14 2.3033e-13 -8.55035e-14
1.33 0.739148 1.10426e-14 0.26084 -1.21544e-14 2.30229e-13 -8.56344e-14
1.335 0.739905 1.10698e-14 0.260084 -1.22473e-14 2.30121e-13 -8.57818e-14
1.34 0.740664 1.11162e-14 0.259325 -1.23017e-14 2.30004e-13 -8.59296e-14
1.345 0.741427 1.11992e-14 0.258562 -1.2331e-14 2.29874e-13 -8.60803e-14
1.35 0.742194 1.11891e-14 0.257795 -1.23345e-14 2.29736e-13 -8.62277e-14
1.355 0.742965 1.11516e-14 0.257023 -1.23204e-14 2.29587e-13 -8.63826e-14
1.36 0.743741 1.13317e-14 0.256247 -1.22958e-14 2.29429e-13 -8.65384e-14
1.365 0.744522 1.11479e-14 0.255466 -1.22552e-14 2.29261e-13 -8.66969e-14
1.37 0.745309 1.11064e-14 0.254679 -1.21891e-14 2.29082e-13 -8.68561e-14
1.375 0.746101 1.10057e-14 0.253887 -1.20939e-14 2.28887e-13 -8.70221e-14
1.38 0.7469 1.10458e-14 0.253088 -1.1963e-14 2.28679e-13 -8.71868e-14
1.385 0.747705 1.0928e-14 0.252282 -1.18122e-14 2.28457e-13 -8.73517e-14
1.39 0.748517 1.07865e-14 0.25147 -1.16354e-14 2.28217e-13 -8.75271e-14
1.395 0.749336 1.05373e-14 0.250651 -1.14357e-14 2.27959e-13 -8.77085e-14
1.4 0.750163 1.01603e-14 0.249824 -1.12199e-14 2.27681e-13 -8.79025e-14
1.405 0.750997 9.88227e-15 0.248989 -1.09785e-14 2.27385e-13 -8.81122e-14
1.41 0.751839 9.67078e-15 0.248147 -1.07147e-14 2.2707e-13 -8.83227e-14
1.415 0.75269 9.49243e-15 0.247296 -1.04287e-14 2.26738e-13 -8.85474e-14
1.42 0.753549 9.08385e-15 0.246437 -1.01189e-14 2.26387e-13 -8.8784e-14
1.425 0.754416 8.76028e-15 0.245568 -9.79406e-15 2.26019e-13 -8.90281e-14
1.43 0.755293 8.43311e-15 0.244691 -9.4478e-15 2.25634e-13 -8.92692e-14
1.435 0.756179 7.80732e-15 0.243805 -9.07468e-15 2.25233e-13 -8.95188e-14
1.44 0.757074 7.42126e-15 0.242909 -8.67574e-15 2.24814e-13 -8.97707e-14
1.445 0.757979 6.98171e-15 0.242004 -8.25595e-15 2.24377e-13 -9.00381e-14
1.45 0.758894 6.45725e-15 0.241088 -7.8211e-15 2.23918e-13 -9.03159e-14
1.455 0.759819 5.94887e-15 0.240163 -7.36574e-15 2.23438e-13 -9.06086e-14
1.46 0.760754 5.54092e-15 0.239228 -6.91323e-15 2.22942e-13 -9.09173e-14
1.465 0.761699 5.13329e-15 0.238282 -6.44458e-15 2.22426e-13 -9.1233e-14
1.47 0.762654 4.70791e-15 0.237326 -5.95539e-15 2.21893e-13 -9.1555e-14
1.475 0.76362 4.36546e-15 0.236359 -5.46167e-15 2.21344e-13 -9.18908e-14
1.48 0.764597 3.88188e-15 0.235382 -4.95618e-15 2.20774e-13 -9.22369e-14
1.485 0.765584 3.36918e-15 0.234394 -4.42066e-15 2.20188e-13 -9.25961e-14
1.49 0.766582 2.66694e-15 0.233395 -3.86783e-15 2.1958e-13 -9.29735e-14
1.495 0.767592 2.08552e-15 0.232385 -3.29366e-15 2.18953e-13 -9.33736e-14
1.5 0.768612 1.44587e-15 0.231365 -2.70761e-15 2.18308e-13 -9.37889e-14
1.505 0.769643 8.78768e-16 0.230333 -2.11041e-15 2.17644e-13 -9.42229e-14
1.51 0.770685 2.70391e-16 0.22929 -1.51023e-15 2.1696e-13 -9.46831e-14
1.515 0.771739 -2.78671e-16 0.228236 -9.10035e-16 2.16258e-13 -9.51608e-14
1.52 0.772803 -1.03137e-15 0.22717 -2.92358e-16 2.15541e-13 -9.56539e-14
1.525 0.773879 -1.58833e-15 0.226094 3.32861e-16 2.14811e-13 -9.61686e-14
1.53 0.774966 -2.2349e-15 0.225006 9.64703e-16 2.14066e-13 -9.67005e-14
1.535 0.776064 -2.80216e-15 0.223907 1.61389e-15 2.13315e-13 -9.72522e-14
1.54 0.777173 -3.46106e-15 0.222798 2.26461e-15 2.12548e-13 -9.7831e-14
1.545 0.778293 -4.15041e-15 0.221677 2.93091e-15 2.11769e-13 -9.84306e-14
1.55 0.779424 -4.99562e-15 0.220545 3.6168e-15 2.10979e-13 -9.90473e-14
1.555 0.780566 -5.6876e-15 0.219402 4.32388e-15 2.10178e-13 -9.96841e-14
1.56 0.781719 -6.34642e-15 0.218248 5.0406e-15 2.0937e-13 -1.00348e-13
1.565 0.782883 -7.05624e-15 0.217083 5.76962e-15 2.08551e-13 -1.01025e-13
1.57 0.78406 -7.77902e-15 0.215905 6.43686e-15 2.07691e-13 -1.01743e-13
1.575 0.785247 -8.52209e-15 0.214717 7.1175e-15 2.06827e-13 -1.0248e-13
1.58 0.786445 -9.28534e-15 0.213519 7.80771e-15 2.05956e-13 -1.03239e-13
1.585 0.787653 -9.90218e-15 0.21231 8.50926e-15 2.05082e-13 -1.04017e-13
1.59 0.788871 -1.05477e-14 0.211091 9.2294e-15 2.04207e-13 -1.04819e-13
1.595 0.790099 -1.1277e-14 0.209862 9.96017e-15 2.03331e-13 -1.05643e-13
1.6 0.791337 -1.20743e-14 0.208623 1.07013e-14 2.02457e-13 -1.06494e-13
1.605 0.792585 -1.27636e-14 0.207374 1.14408e-14 2.01587e-13 -1.07365e-13
1.61 0.793842 -1.35153e-14 0.206116 1.21872e-14 2.00718e-13 -1.08258e-13
1.615 0.795109 -1.4309e-14 0.204848 1.2942e-14 1.99851e-13 -1.09169e-13
1.62 0.796385 -1.4994e-14 0.203571 1.37015e-14 1.98994e-13 -1.10104e-13
1.625 0.79767 -1.56737e-14 0.202285 1.44634e-14 1.98144e-13 -1.11058e-13
1.63 0.798964 -1.63241e-14 0.20099 1.52192e-14 1.973e-13 -1.12022e-13
1.635 0.800267 -1.71039e-14 0.199687 1.59769e-14 1.96466e-13 -1.13002e-13
1.64 0.801577 -1.78028e-14 0.198375 1.67492e-14 1.95645e-13 -1.13996e-13
1.645 0.802897 -1.8593e-14 0.197055 1.75324e-14 1.94839e-13 -1.15009e-13
1.65 0.804224 -1.93967e-14 0.195727 1.83193e-14 1.94046e-13 -1.16032e-13
1.655 0.805558 -2.02765e-14 0.194391 1.91184e-14 1.93269e-13 -1.17065e-13
1.66 0.806901 -2.10324e-14 0.193048 1.99197e-14 1.92507e-13 -1.18113e-13
1.665 0.80825 -2.19191e-14 0.191697 2.07319e-14 1.91764e-13 -1.19166e-13
1.67 0.809606 -2.27249e-14 0.19034 2.1543e-14 1.9104e-13 -1.20229e-13
1.675 0.810969 -2.35999e-14 0.188976 2.23575e-14 1.90337e-13 -1.21299e-13
1.68 0.812339 -2.43773e-14 0.187605 2.31753e-14 1.89657e-13 -1.22381e-13
1.685 0.813715 -2.52133e-14 0.186229 2.39951e-14 1.89e-13 -1.2347e-13
1.69 0.815096 -2.60321e-14 0.184846 2.48186e-14 1.88368e-13 -1.24562e-13
1.695 0.816483 -2.68287e-14 0.183458 2.56364e-14 1.87762e-13 -1.25665e-13
1.7 0.817876 -2.76284e-14 0.182065 2.64556e-14 1.87182e-13 -1.26778e-13
1.705 0.819273 -2.85455e-14 0.180667 2.72683e-14 1.8663e-13 -1.27896e-13
1.71 0.820675 -2.92978e-14 0.179264 2.80762e-14 1.86105e-13 -1.29018e-13
1.715 0.822081 -3.01261e-14 0.177857 2.88969e-14 1.85608e-13 -1.30142e-13
1.72 0.823492 -3.09087e-14 0.176445 2.97008e-14 1.85138e-13 -1.31267e-13
1.725 0.824906 -3.17613e-14 0.17503 3.05064e-14 1.84697e-13 -1.32391e-13
1.73 0.826323 -3.25419e-14 0.173612 3.13098e-14 1.84283e-13 -1.33517e-13
1.735 0.827744 -3.33685e-14 0.17219 3.21029e-14 1.83897e-13 -1.34648e-13
1.74 0.829167 -3.41758e-14 0.170766 3.28825e-14 1.8354e-13 -1.35776e-13
1.745 0.830593 -3.48643e-14 0.16934 3.36508e-14 1.8321e-13 -1.36895e-13
1.75 0.832021 -3.56265e-14 0.167911 3.44097e-14 1.82906e-13 -1.3801e-13
1.755 0.83345 -3.63805e-14 0.166481 3.51517e-14 1.82631e-13 -1.39122e-13
1.76 0.834881 -3.71108e-14 0.165049 3.58888e-14 1.82384e-13 -1.40227e-13
1.765 0.836313 -3.77738e-14 0.163616 3.66168e-14 1.82165e-13 -1.41325e-13
1.77 0.837745 -3.84599e-14 0.162183 3.73301e-14 1.81975e-13 -1.42414e-13
1.775 0.839178 -3.91092e-14 0.160749 3.80304e-14 1.81815e-13 -1.43491e-13
1.78 0.840611 -3.97744e-14 0.159315 3.8714e-14 1.81682e-13 -1.44553e-13
1.785 0.842044 -4.04213e-14 0.157882 3.9396e-14 1.81579e-13 -1.45603e-13
1.79 0.843475 -4.10858e-14 0.156449 4.00683e-14 1.81504e-13 -1.46636e-13
1.795 0.844906 -4.18142e-14 0.155018 4.07287e-14 1.81459e-13 -1.47653e-13
1.8 0.846335 -4.24253e-14 0.153588 4.1381e-14 1.8144e-13 -1.48651e-13
1.805 0.847763 -4.30991e-14 0.15216 4.20256e-14 1.81452e-13 -1.49625e-13
1.81 0.849188 -4.37495e-14 0.150734 4.26523e-14 1.81492e-13 -1.50575e-13
1.815 0.850611 -4.43771e-14 0.14931 4.32561e-14 1.8156e-13 -1.51503e-13
1.82 0.852031 -4.49979e-14 0.14789 4.38466e-14 1.81657e-13 -1.52406e-13
1.825 0.853447 -4.55725e-14 0.146473 4.44283e-14 1.81782e-13 -1.53286e-13
1.83 0.854853 -4.59754e-14 0.145066 4.48341e-14 1.81896e-13 -1.54181e-13
1.835 0.856256 -4.64013e-14 0.143662 4.52429e-14 1.82045e-13 -1.55041e-13
1.84 0.857655 -4.6827e-14 0.142262 4.5649e-14 1.82228e-13 -1.55866e-13
1.845 0.859051 -4.72558e-14 0.140866 4.60514e-14 1.82445e-13 -1.56658e-13
1.85 0.860442 -4.76659e-14 0.139474 4.64592e-14 1.82694e-13 -1.57415e-13
1.855 0.861828 -4.80966e-14 0.138087 4.68684e-14 1.82976e-13 -1.58132e-13
1.86 0.863209 -4.84941e-14 0.136706 4.72747e-14 1.83287e-13 -1.58811e-13
1.865 0.864584 -4.89044e-14 0.13533 4.76748e-14 1.83629e-13 -1.59453e-13
1.87 0.865954 -4.93031e-14 0.133959 4.80639e-14 1.83999e-13 -1.60052e-13
1.875 0.867317 -4.96653e-14 0.132595 4.84482e-14 1.84398e-13 -1.60608e-13
1.88 0.868674 -5.00374e-14 0.131238 4.88241e-14 1.84824e-13 -1.61124e-13
1.885 0.870023 -5.04211e-14 0.129888 4.91949e-14 1.85276e-13 -1.61595e-13
1.89 0.871365 -5.08111e-14 0.128545 4.95682e-14 1.85753e-13 -1.62023e-13
1.895 0.8727 -5.1179e-14 0.12721 4.99392e-14 1.86254e-13 -1.6241e-13
1.9 0.874026 -5.15232e-14 0.125884 5.0298e-14 1.86775e-13 -1.62754e-13
1.905 0.875343 -5.18797e-14 0.124565 5.0646e-14 1.87317e-13 -1.63057e-13
1.91 0.876642 -5.20165e-14 0.123266 5.08174e-14 1.87827e-13 -1.63327e-13
1.915 0.877932 -5.2199e-14 0.121975 5.09903e-14 1.88363e-13 -1.63552e-13
1.92 0.879214 -5.23854e-14 0.120693 5.11697e-14 1.88943e-13 -1.63732e-13
1.925 0.880487 -5.2554e-14 0.119419 5.13501e-14 1.89545e-13 -1.63863e-13
1.93 0.881751 -5.27412e-14 0.118155 5.1525e-14 1.90166e-13 -1.63944e-13
1.935 0.883006 -5.2919e-14 0.1169 5.16936e-14 1.90805e-13 -1.63976e-13
1.94 0.884251 -5.3078e-14 0.115654 5.18572e-14 1.91461e-13 -1.63964e-13
1.945 0.885486 -5.32666e-14 0.114418 5.20225e-14 1.92131e-13 -1.63901e-13
1.95 0.886711 -5.34344e-14 0.113193 5.21834e-14 1.92814e-13 -1.63791e-13
1.955 0.887925 -5.36096e-14 0.111979 5.23397e-14 1.93507e-13 -1.63632e-13
1.96 0.889128 -5.37189e-14 0.110775 5.24898e-14 1.9421e-13 -1.63425e-13
1.965 0.89032 -5.38856e-14 0.109583 5.263e-14 1.9492e-13 -1.6317e-13
1.97 0.8915 -5.40263e-14 0.108403 5.27611e-14 1.95636e-13 -1.62868e-13
1.975 0.892664 -5.40702e-14 0.107238 5.27977e-14 1.96323e-13 -1.62499e-13
1.98 0.893817 -5.41037e-14 0.106085 5.28252e-14 1.97021e-13 -1.62084e-13
1.985 0.894957 -5.41242e-14 0.104944 5.28495e-14 1.97728e-13 -1.61618e-13
1.99 0.896086 -5.41614e-14 0.103816 5.28601e-14 1.98442e-13 -1.61103e-13
1.995 0.897201 -5.41706e-14 0.1027 5.28559e-14 1.99161e-13 -1.60541e-13
2 0.898304 -5.4163e-14 0.101597 5.28445e-14 1.99883e-13 -1.59929e-13
2.005 0.899393 -5.41666e-14 0.100508 5.28213e-14 2.00605e-13 -1.59271e-13
2.01 0.900468 -5.41339e-14 0.0994321 5.27864e-14 2.01325e-13 -1.58567e-13
2.015 0.90153 -5.4091e-14 0.0983704 5.27374e-14 2.02043e-13 -1.57817e-13
2.02 0.902577 -5.40309e-14 0.097323 5.26689e-14 2.02756e-13 -1.57019e-13
2.025 0.90361 -5.39437e-14 0.0962901 5.2588e-14 2.03462e-13 -1.56179e-13
2.03 0.904627 -5.38753e-14 0.095272 5.24968e-14 2.04159e-13 -1.55292e-13
2.035 0.90563 -5.37696e-14 0.0942689 5.23816e-14 2.04847e-13 -1.54362e-13
2.04 0.906618 -5.36712e-14 0.0932811 5.22504e-14 2.05522e-13 -1.5339e-13
2.045 0.90759 -5.35429e-14 0.0923087 5.21052e-14 2.06184e-13 -1.52377e-13
2.05 0.908547 -5.3404e-14 0.0913521 5.19492e-14 2.06831e-13 -1.51325e-13
2.055 0.909488 -5.32708e-14 0.0904114 5.17889e-14 2.07462e-13 -1.50231e-13
2.06 0.910412 -5.31011e-14 0.0894868 5.1607e-14 2.08075e-13 -1.49093e-13
2.065 0.91132 -5.29163e-14 0.0885785 5.14042e-14 2.08669e-13 -1.47913e-13
2.07 0.912212 -5.27249e-14 0.0876866 5.11766e-14 2.09241e-13 -1.46692e-13
2.075 0.913088 -5.24698e-14 0.0868113 5.09276e-14 2.09791e-13 -1.45431e-13
2.08 0.913946 -5.22017e-14 0.0859528 5.06538e-14 2.10316e-13 -1.4413e-13
2.085 0.914788 -5.18693e-14 0.0851112 5.03546e-14 2.10816e-13 -1.42793e-13
2.09 0.915612 -5.15451e-14 0.0842867 5.0022e-14 2.11289e-13 -1.41417e-13
2.095 0.91642 -5.12049e-14 0.0834792 4.96512e-14 2.11735e-13 -1.40004e-13
2.1 0.91721 -5.08042e-14 0.082689 4.92547e-14 2.12152e-13 -1.38558e-13
2.105 0.917983 -5.03373e-14 0.0819162 4.88252e-14 2.12537e-13 -1.37076e-13
2.11 0.918738 -4.99158e-14 0.0811608 4.83619e-14 2.12891e-13 -1.3556e-13
2.115 0.919476 -4.94362e-14 0.0804229 4.78632e-14 2.13211e-13 -1.34009e-13
2.12 0.920197 -4.89386e-14 0.0797025 4.73394e-14 2.13497e-13 -1.32425e-13
2.125 0.9209 -4.82974e-14 0.0789998 4.66978e-14 2.13749e-13 -1.30808e-13
2.13 0.921585 -4.75507e-14 0.0783147 4.59395e-14 2.13964e-13 -1.29159e-13
2.135 0.922253 -4.66626e-14 0.0776473 4.5054e-14 2.14141e-13 -1.27483e-13
2.14 0.922902 -4.56645e-14 0.0769976 4.40377e-14 2.1428e-13 -1.25775e-13
2.145 0.923534 -4.45055e-14 0.0763656 4.28915e-14 2.1438e-13 -1.24039e-13
2.15 0.924149 -4.32556e-14 0.0757513 4.16233e-14 2.1444e-13 -1.22277e-13
2.155 0.924746 -4.18815e-14 0.0751548 4.02583e-14 2.14458e-13 -1.20486e-13
2.16 0.925325 -4.0433e-14 0.074576 3.87773e-14 2.14436e-13 -1.1867e-13
2.165 0.925886 -3.88384e-14 0.0740149 3.7179e-14 2.14371e-13 -1.16827e-13
2.17 0.92643 -3.71578e-14 0.0734714 3.54803e-14 2.14261e-13 -1.14955e-13
2.175 0.926956 -3.53736e-14 0.0729454 3.36656e-14 2.14108e-13 -1.13057e-13
2.18 0.927464 -3.34528e-14 0.072437 3.17526e-14 2.1391e-13 -1.11135e-13
2.185 0.927953 -3.13892e-14 0.0719488 2.96832e-14 2.13674e-13 -1.09185e-13
2.19 0.928424 -2.92468e-14 0.0714777 2.75118e-14 2.13392e-13 -1.07213e-13
2.195 0.928879 -2.69916e-14 0.0710236 2.52654e-14 2.13061e-13 -1.05217e-13
2.2 0.929316 -2.46396e-14 0.0705864 2.29177e-14 2.12683e-13 -1.032e-13
2.205 0.929737 -2.22149e-14 0.0701661 2.04871e-14 2.12258e-13 -1.01162e-13
2.21 0.93014 -1.9745e-14 0.0697625 1.79903e-14 2.11785e-13 -9.91041e-14
2.215 0.930528 -1.714e-14 0.0693755 1.53944e-14 2.11265e-13 -9.70286e-14
2.22 0.930899 -1.4485e-14 0.0690049 1.27244e-14 2.10697e-13 -9.49368e-14
2.225 0.931253 -1.17458e-14 0.0686508 9.96743e-15 2.10082e-13 -9.28285e-14
2.23 0.931591 -8.93332e-15 0.0683129 7.13871e-15 2.0942e-13 -9.07046e-14
2.235 0.931913 -6.0421e-15 0.0679911 4.23306e-15 2.08711e-13 -8.85692e-14
2.24 0.932218 -3.04065e-15 0.0676869 1.22039e-15 2.07957e-13 -8.64193e-14
2.245 0.932507 2.16393e-17 0.0673983 -1.85449e-15 2.07155e-13 -8.42585e-14
2.25 0.93278 3.16666e-15 0.067125 -4.99229e-15 2.06305e-13 -8.20849e-14
2.255 0.933038 6.30859e-15 0.066867 -8.15137e-15 2.05408e-13 -7.99014e-14
2.26 0.933282 9.52132e-15 0.0666241 -1.13668e-14 2.04465e-13 -7.77088e-14
2.265 0.93351 1.27937e-14 0.0663959 -1.46389e-14 2.03476e-13 -7.55075e-14
2.27 0.933724 1.6109e-14 0.0661825 -1.79652e-14 2.02441e-13 -7.32978e-14
2.275 0.933923 1.94715e-14 0.0659835 -2.13352e-14 2.01362e-13 -7.10827e-14
2.28 0.934108 2.28799e-14 0.0657984 -2.47741e-14 2.00242e-13 -6.886e-14
2.285 0.93428 2.63549e-14 0.0656274 -2.8255e-14 1.99075e-13 -6.66351e-14
2.29 0.934437 2.98415e-14 0.0654704 -3.17643e-14 1.97865e-13 -6.44086e-14
2.295 0.934581 3.33622e-14 0.065327 -3.52913e-14 1.9661e-13 -6.2181e-14
2.3 0.934711 3.69047e-14 0.0651972 -3.8848e-14 1.95313e-13 -5.99527e-14
2.305 0.934828 4.04812e-14 0.0650806 -4.24313e-14 1.93972e-13 -5.77255e-14
2.31 0.934931 4.40807e-14 0.0649771 -4.6032e-14 1.9259e-13 -5.55015e-14
2.315 0.935022 4.76851e-14 0.0648865 -4.9647e-14 1.91167e-13 -5.32789e-14
2.32 0.935102 5.12668e-14 0.064807 -5.32423e-14 1.89709e-13 -5.10546e-14
2.325 0.935169 5.48645e-14 0.0647399 -5.6854e-14 1.88209e-13 -4.88335e-14
2.33 0.935224 5.85209e-14 0.0646852 -6.04997e-14 1.86667e-13 -4.66148e-14
2.335 0.935267 6.21906e-14 0.0646428 -6.4149e-14 1.85084e-13 -4.44007e-14
2.34 0.935298 6.58323e-14 0.0646121 -6.78059e-14 1.83467e-13 -4.21911e-14
2.345 0.935318 6.94964e-14 0.0645927 -7.14803e-14 1.81811e-13 -3.99851e-14
2.35 0.935326 7.32031e-14 0.0645841 -7.52246e-14 1.80118e-13 -3.7783e-14
2.355 0.935325 7.70253e-14 0.0645862 -7.90402e-14 1.78392e-13 -3.55853e-14
2.36 0.935308 8.08385e-14 0.0646029 -8.28563e-14 1.76633e-13 -3.33895e-14
2.365 0.935282 8.46821e-14 0.0646288 -8.66906e-14 1.74841e-13 -3.11994e-14
2.37 0.935248 8.85169e-14 0.0646636 -9.05226e-14 1.73017e-13 -2.90174e-14
2.375 0.935204 9.23763e-14 0.0647072 -9.43609e-14 1.71161e-13 -2.68416e-14
2.38 0.935152 9.62193e-14 0.0647593 -9.82038e-14 1.69277e-13 -2.46736e-14
2.385 0.935092 1.00023e-13 0.0648197 -1.01997e-13 1.67363e-13 -2.25141e-14
2.39 0.935024 1.03824e-13 0.0648881 -1.05794e-13 1.65421e-13 -2.03631e-14
2.395 0.934948 1.07627e-13 0.0649644 -1.09608e-13 1.63452e-13 -1.82199e-14
2.4 0.934864 1.1149e-13 0.0650482 -1.13463e-13 1.61457e-13 -1.60878e-14
2.405 0.934773 1.15362e-13 0.0651395 -1.17342e-13 1.59436e-13 -1.39666e-14
2.41 0.934675 1.19288e-13 0.0652378 -1.21278e-13 1.57393e-13 -1.18549e-14
2.415 0.93457 1.23228e-13 0.0653432 -1.25208e-13 1.55327e-13 -9.75556e-15
2.42 0.934458 1.27131e-13 0.0654552 -1.29129e-13 1.5324e-13 -7.66672e-15
2.425 0.934338 1.31017e-13 0.0655748 -1.33025e-13 1.51129e-13 -5.59137e-15
2.43 0.934213 1.34928e-13 0.0657006 -1.36959e-13 1.48999e-13 -3.52949e-15
2.435 0.934081 1.38809e-13 0.0658322 -1.40866e-13 1.4685e-13 -1.48022e-15
2.44 0.933944 1.42709e-13 0.0659695 -1.4477e-13 1.44683e-13 5.5538e-16
2.445 0.933801 1.46565e-13 0.0661122 -1.48627e-13 1.425e-13 2.57425e-15
2.45 0.933653 1.50315e-13 0.0662602 -1.52387e-13 1.40301e-13 4.57693e-15
2.455 0.9335 1.54033e-13 0.0664131 -1.56113e-13 1.38085e-13 6.56364e-15
2.46 0.933343 1.57774e-13 0.0665709 -1.59842e-13 1.35855e-13 8.53448e-15
2.465 0.93318 1.61493e-13 0.0667332 -1.63556e-13 1.33611e-13 1.0488e-14
2.47 0.933014 1.65185e-13 0.0668999 -1.6724e-13 1.31354e-13 1.24236e-14
2.475 0.932843 1.68833e-13 0.067071 -1.70894e-13 1.29082e-13 1.43423e-14
2.48 0.932668 1.72451e-13 0.0672461 -1.74513e-13 1.26799e-13 1.62426e-14
2.485 0.932489 1.76111e-13 0.067425 -1.7818e-13 1.24504e-13 1.81243e-14
2.49 0.932305 1.79619e-13 0.0676087 -1.81688e-13 1.22194e-13 1.99872e-14
2.495 0.932115 1.8292e-13 0.067799 -1.84989e-13 1.19869e-13 2.18385e-14
2.5 0.931933 1.8616e-13 0.0679813 -1.8823e-13 1.17576e-13 2.36745e-14
