0 0 0 1 0 0 0
0.05 0.00396711 4.38093e-16 0.996031 2.48478e-16 -3.79191e-15 -6.26103e-15
0.1 0.0157231 4.64752e-16 0.984276 2.04654e-16 -7.37992e-15 -1.24525e-14
0.15 0.0348451 4.62075e-16 0.965155 2.08353e-16 -1.04935e-14 -1.80815e-14
0.2 0.0606599 5.35171e-16 0.93934 1.83531e-16 -1.29587e-14 -2.31262e-14
0.25 0.092286 5.13641e-16 0.907713 4.75086e-17 -1.50732e-14 -2.75955e-14
0.3 0.128687 5.65597e-16 0.871311 5.33931e-18 -1.67684e-14 -3.17144e-14
0.35 0.168732 3.55136e-16 0.831264 9.65845e-17 -1.79769e-14 -3.50498e-14
0.4 0.211258 6.47981e-17 0.788736 5.25964e-16 -1.85031e-14 -3.75972e-14
0.45 0.255129 -1.07877e-15 0.744864 1.61867e-15 -1.848e-14 -4.00066e-14
0.5 0.299285 -2.19275e-15 0.700707 2.94974e-15 -1.77546e-14 -4.23222e-14
0.55 0.342786 -3.05569e-15 0.657205 3.93648e-15 -1.64311e-14 -4.46785e-14
0.6 0.384839 -3.82395e-15 0.615152 4.82886e-15 -1.44873e-14 -4.68008e-14
0.65 0.424815 -4.23496e-15 0.575175 5.33722e-15 -1.2178e-14 -4.83869e-14
0.7 0.462253 -4.78543e-15 0.537736 5.80559e-15 -9.64071e-15 -4.93303e-14
0.75 0.496856 -4.94189e-15 0.503134 5.85569e-15 -7.33629e-15 -4.9476e-14
0.8 0.528474 -4.31976e-15 0.471515 5.21187e-15 -5.66894e-15 -4.87242e-14
0.85 0.557092 -2.85268e-15 0.442897 3.98395e-15 -4.6278e-15 -4.69967e-14
0.9 0.582802 -1.36522e-15 0.417187 2.62754e-15 -4.08932e-15 -4.46873e-14
0.95 0.605784 1.38712e-16 0.394205 1.23986e-15 -4.27531e-15 -4.20598e-14
1 0.626286 1.35106e-15 0.373703 -2.15278e-16 -5.15658e-15 -3.95405e-14
1.05 0.644599 2.07924e-15 0.355391 -1.02763e-15 -6.73821e-15 -3.72235e-14
1.1 0.661042 2.73387e-15 0.338948 -1.64892e-15 -8.53598e-15 -3.50622e-14
1.15 0.675945 3.16437e-15 0.324046 -1.9783e-15 -1.06785e-14 -3.34005e-14
1.2 0.689631 3.47547e-15 0.310359 -2.19123e-15 -1.29206e-14 -3.18353e-14
1.25 0.702409 3.464e-15 0.297582 -2.21224e-15 -1.46077e-14 -3.03446e-14
1.3 0.714556 3.39469e-15 0.285436 -2.18963e-15 -1.61451e-14 -2.90259e-14
1.35 0.726311 3.30739e-15 0.273682 -2.15923e-15 -1.71715e-14 -2.82153e-14
1.4 0.737867 3.13864e-15 0.262128 -2.02654e-15 -1.77885e-14 -2.78586e-14
1.45 0.749364 3.15121e-15 0.250631 -1.9965e-15 -1.80449e-14 -2.76737e-14
1.5 0.760891 3.10915e-15 0.239104 -1.95236e-15 -1.84425e-14 -2.79233e-14
1.55 0.772485 3.03314e-15 0.227511 -1.92731e-15 -1.87594e-14 -2.84448e-14
1.6 0.784134 3.06388e-15 0.215863 -2.01098e-15 -1.9084e-14 -2.898e-14
1.65 0.795785 3.15779e-15 0.204212 -2.1563e-15 -1.91887e-14 -2.94583e-14
1.7 0.807354 3.23273e-15 0.192644 -2.24636e-15 -1.89182e-14 -2.97788e-14
1.75 0.818734 3.17734e-15 0.181265 -2.22923e-15 -1.8213e-14 -2.99447e-14
1.8 0.829809 2.95727e-15 0.170191 -2.06615e-15 -1.69905e-14 -2.99303e-14
1.85 0.840462 2.7612e-15 0.159538 -1.85683e-15 -1.53634e-14 -2.96765e-14
1.9 0.850588 2.54882e-15 0.149413 -1.67371e-15 -1.35107e-14 -2.9192e-14
1.95 0.860094 2.36659e-15 0.139907 -1.52116e-15 -1.15169e-14 -2.8456e-14
2 0.868915 2.20829e-15 0.131087 -1.38831e-15 -9.40276e-15 -2.75771e-14
2.05 0.877006 2.16522e-15 0.122996 -1.34575e-15 -7.04331e-15 -2.64828e-14
2.1 0.884351 2.3531e-15 0.115651 -1.52673e-15 -4.93569e-15 -2.51415e-14
2.15 0.890959 2.667e-15 0.109043 -1.86085e-15 -2.978e-15 -2.38474e-14
2.2 0.89686 2.91107e-15 0.103142 -2.1394e-15 -1.3772e-15 -2.26692e-14
2.25 0.902106 3.21292e-15 0.0978966 -2.43809e-15 -4.72402e-16 -2.15059e-14
2.3 0.906761 3.4627e-15 0.0932415 -2.69073e-15 -1.66523e-16 -2.06514e-14
2.35 0.910904 3.47605e-15 0.0890989 -2.70634e-15 -8.36325e-17 -2.0536e-14
2.4 0.914622 3.44694e-15 0.0853804 -2.67502e-15 5.13922e-16 -2.01588e-14
2.45 0.918009 3.67582e-15 0.0819936 -2.89993e-15 9.80726e-16 -1.97414e-14
2.5 0.92116 4.24974e-15 0.0788427 -3.47381e-15 1.12608e-15 -1.9381e-14
