0 0 0 1 0 0 0
0.1 0.0157208 3.7306e-16 0.984266 3.39147e-16 -8.75467e-16 -1.62242e-16
0.2 0.0606368 4.38602e-16 0.939351 3.956e-16 -7.89579e-16 1.62519e-16
0.3 0.12863 3.19976e-16 0.871348 4.22839e-16 2.63628e-16 5.49379e-16
0.4 0.21117 1.21838e-16 0.788801 5.3485e-16 1.89096e-15 6.34244e-16
0.5 0.29917 2.57909e-16 0.700794 3.75416e-16 3.83917e-15 1.50173e-16
0.6 0.384704 1.07684e-16 0.615252 4.64708e-16 6.24877e-15 -9.80492e-16
0.7 0.462113 -5.09868e-16 0.53784 9.7662e-16 8.89245e-15 -2.52122e-15
0.8 0.528341 -1.34127e-15 0.471612 1.65718e-15 1.08071e-14 -3.73596e-15
0.9 0.582683 -1.36483e-15 0.41727 1.59412e-15 1.2143e-14 -4.13367e-15
1 0.626187 -1.72983e-15 0.373767 2.00614e-15 1.28142e-14 -3.74639e-15
1.1 0.660965 -2.05254e-15 0.338992 2.26578e-15 1.25464e-14 -2.94845e-15
1.2 0.689575 -2.35957e-15 0.310384 2.51565e-15 1.11881e-14 -2.21808e-15
1.3 0.714518 -2.31906e-15 0.285445 2.45138e-15 9.24116e-15 -2.13138e-15
1.4 0.737842 -1.88466e-15 0.262126 2.15487e-15 7.45461e-15 -2.40732e-15
1.5 0.760875 -1.51976e-15 0.239099 1.76976e-15 5.86315e-15 -3.06583e-15
1.6 0.784122 -1.1411e-15 0.215859 1.42963e-15 4.79071e-15 -3.80748e-15
1.7 0.807342 -7.52016e-16 0.192647 1.14601e-15 3.87031e-15 -4.63806e-15
1.8 0.829795 -6.23552e-16 0.1702 1.03054e-15 3.06606e-15 -5.65308e-15
1.9 0.850572 -3.94058e-16 0.149427 9.44612e-16 2.56808e-15 -6.51955e-15
2 0.868899 -1.24288e-16 0.131102 7.21837e-16 2.1036e-15 -7.24106e-15
2.1 0.884338 2.71393e-16 0.115664 3.2563e-16 2.06931e-15 -7.77637e-15
2.2 0.896846 8.60263e-16 0.103158 -2.53786e-16 2.13627e-15 -7.7224e-15
2.3 0.906735 2.27096e-15 0.0932702 -1.65942e-15 2.6073e-15 -7.39787e-15
2.4 0.914585 2.98002e-15 0.0854205 -2.36397e-15 2.92717e-15 -7.13961e-15
2.5 0.921132 3.50731e-15 0.0788729 -2.89182e-15 3.08973e-15 -7.03546e-15
