0 0 0 1 0 0 0
0.01 0.000159155 -3.98795e-16 0.999841 -1.44789e-16 1.32276e-15 -1.33056e-15
0.02 0.000636381 -2.87792e-16 0.999364 -3.22363e-16 2.81556e-15 -2.99567e-15
0.03 0.00143097 -7.53148e-17 0.998569 -3.20465e-16 4.32055e-15 -4.47125e-15
0.04 0.00254176 1.82987e-17 0.997458 -3.1248e-16 5.84945e-15 -5.79341e-15
0.05 0.00396711 7.28437e-17 0.996033 -3.15949e-16 7.38652e-15 -7.01069e-15
0.06 0.00570495 -4.95116e-17 0.994295 -3.20302e-16 8.96882e-15 -8.35386e-15
0.07 0.00775274 -7.82968e-17 0.992248 -3.2855e-16 1.05566e-14 -9.80607e-15
0.08 0.0101075 -5.97647e-17 0.989893 -3.36527e-16 1.21623e-14 -1.11311e-14
0.09 0.0127659 -1.13865e-16 0.987235 -3.41482e-16 1.37807e-14 -1.25629e-14
0.1 0.015724 -1.23448e-16 0.984277 -3.51543e-16 1.54186e-14 -1.40733e-14
0.11 0.0189776 -3.35293e-16 0.981023 -3.59921e-16 1.70806e-14 -1.56855e-14
0.12 0.0225221 -2.86394e-16 0.977479 -3.45044e-16 1.87714e-14 -1.73693e-14
0.13 0.0263523 -2.98969e-16 0.973648 -3.14895e-16 2.05193e-14 -1.91914e-14
0.14 0.030463 -6.23628e-17 0.969538 -2.92199e-16 2.23154e-14 -2.102e-14
0.15 0.0348483 -8.49461e-17 0.965152 -2.68329e-16 2.41729e-14 -2.27737e-14
0.16 0.039502 -1.37333e-17 0.960499 -2.36467e-16 2.60433e-14 -2.44671e-14
0.17 0.0444176 7.93428e-18 0.955583 -2.01053e-16 2.79204e-14 -2.61671e-14
0.18 0.0495884 2.66764e-17 0.950412 -1.62096e-16 2.9797e-14 -2.78519e-14
0.19 0.0550073 3.92104e-16 0.944993 -1.06915e-16 3.16633e-14 -2.95423e-14
0.2 0.0606668 5.54377e-16 0.939334 -2.19911e-17 3.35245e-14 -3.12025e-14
0.21 0.0665593 3.11933e-16 0.933441 7.29143e-17 3.53646e-14 -3.27941e-14
0.22 0.0726769 1.49661e-16 0.927324 1.20134e-16 3.71858e-14 -3.43158e-14
0.23 0.0790115 3.29098e-17 0.920989 1.80799e-16 3.90056e-14 -3.5781e-14
0.24 0.0855546 5.68753e-17 0.914446 2.91162e-16 4.08098e-14 -3.7209e-14
0.25 0.0922978 -9.30477e-17 0.907703 4.1083e-16 4.26008e-14 -3.85492e-14
0.26 0.0992323 -2.40196e-16 0.900768 5.24614e-16 4.43736e-14 -3.982e-14
0.27 0.106349 -2.23455e-16 0.893651 6.37966e-16 4.61181e-14 -4.10345e-14
0.28 0.11364 -4.21247e-16 0.886361 6.67292e-16 4.78465e-14 -4.2285e-14
0.29 0.121095 -6.89996e-16 0.878906 7.6071e-16 4.95193e-14 -4.35773e-14
0.3 0.128704 -7.47523e-16 0.871296 7.01823e-16 5.11771e-14 -4.48366e-14
0.31 0.13646 -8.25045e-16 0.86354 5.85838e-16 5.27962e-14 -4.59932e-14
0.32 0.144353 -5.26669e-16 0.855648 3.76626e-16 5.43785e-14 -4.70963e-14
0.33 0.152372 -2.37466e-16 0.847628 1.87756e-16 5.59041e-14 -4.82511e-14
0.34 0.16051 -5.85174e-17 0.839491 7.07616e-17 5.73781e-14 -4.93403e-14
0.35 0.168755 1.98171e-16 0.831245 -6.61141e-17 5.88188e-14 -5.05157e-14
0.36 0.1771 5.80354e-16 0.8229 -2.64711e-16 6.02456e-14 -5.17403e-14
0.37 0.185535 6.42218e-16 0.814465 -3.6876e-16 6.16591e-14 -5.29657e-14
0.38 0.194051 8.29115e-16 0.805949 -4.09836e-16 6.3047e-14 -5.41723e-14
0.39 0.202638 5.06478e-16 0.797362 -3.16748e-16 6.43551e-14 -5.53163e-14
0.4 0.211287 3.53428e-16 0.788713 -1.96629e-16 6.55964e-14 -5.64027e-14
0.41 0.21999 3.34175e-16 0.78001 -4.06033e-17 6.67612e-14 -5.74966e-14
0.42 0.228738 1.75405e-16 0.771262 9.36098e-17 6.79678e-14 -5.85748e-14
0.43 0.237521 -1.4651e-16 0.762479 2.38178e-16 6.91855e-14 -5.96507e-14
0.44 0.246332 -1.04688e-16 0.753667 2.69875e-16 7.04613e-14 -6.06548e-14
0.45 0.255163 -5.78155e-17 0.744837 2.9827e-16 7.17511e-14 -6.17193e-14
0.46 0.264004 1.05973e-16 0.735996 3.27133e-16 7.31503e-14 -6.28528e-14
0.47 0.272848 -8.769e-17 0.727151 3.45041e-16 7.46377e-14 -6.40472e-14
0.48 0.281688 -2.41464e-16 0.718312 2.87508e-16 7.62272e-14 -6.53607e-14
0.49 0.290515 -4.17078e-16 0.709484 2.65654e-16 7.78977e-14 -6.67121e-14
0.5 0.299323 -4.79876e-16 0.700677 2.69594e-16 7.96337e-14 -6.8106e-14
0.51 0.308104 -8.05756e-16 0.691896 4.02422e-16 8.14299e-14 -6.96402e-14
0.52 0.316851 -9.77913e-16 0.683148 7.18826e-16 8.33186e-14 -7.12283e-14
0.53 0.325558 -1.25341e-15 0.674441 1.07471e-15 8.52841e-14 -7.29342e-14
0.54 0.334219 -1.89164e-15 0.66578 1.6049e-15 8.73312e-14 -7.47158e-14
0.55 0.342827 -2.52053e-15 0.657172 2.0722e-15 8.95342e-14 -7.65787e-14
0.56 0.351376 -2.81752e-15 0.648623 2.4339e-15 9.19328e-14 -7.85459e-14
0.57 0.359862 -3.24355e-15 0.640137 2.89493e-15 9.45023e-14 -8.05706e-14
0.58 0.368278 -3.67644e-15 0.631721 3.28109e-15 9.71572e-14 -8.26815e-14
0.59 0.376619 -3.92406e-15 0.62338 3.52099e-15 1.00006e-13 -8.49146e-14
0.6 0.384882 -4.16138e-15 0.615117 3.7454e-15 1.02973e-13 -8.713e-14
0.61 0.39306 -4.268e-15 0.606938 4.02138e-15 1.06011e-13 -8.93817e-14
0.62 0.401151 -4.39707e-15 0.598847 4.34479e-15 1.09179e-13 -9.16099e-14
0.63 0.40915 -4.6919e-15 0.590848 4.69109e-15 1.12393e-13 -9.39234e-14
0.64 0.417054 -4.79563e-15 0.582944 4.86638e-15 1.1567e-13 -9.6279e-14
0.65 0.424859 -4.50737e-15 0.57514 4.80134e-15 1.19021e-13 -9.86496e-14
0.66 0.432561 -4.29352e-15 0.567437 4.68884e-15 1.22459e-13 -1.0098e-13
0.67 0.440159 -4.3475e-15 0.559839 4.48247e-15 1.25975e-13 -1.0315e-13
0.68 0.447649 -4.149e-15 0.552349 4.18994e-15 1.29567e-13 -1.05276e-13
0.69 0.455029 -3.69518e-15 0.544969 3.66424e-15 1.33233e-13 -1.07371e-13
0.7 0.462297 -3.36534e-15 0.537701 2.96493e-15 1.37043e-13 -1.09409e-13
0.71 0.469451 -2.5718e-15 0.530547 2.12913e-15 1.41e-13 -1.11425e-13
0.72 0.47649 -1.57274e-15 0.523508 1.10475e-15 1.4517e-13 -1.13431e-13
0.73 0.483411 -4.44757e-16 0.516587 -2.69929e-17 1.49504e-13 -1.15321e-13
0.74 0.490214 8.57646e-16 0.509783 -1.25052e-15 1.54012e-13 -1.17156e-13
0.75 0.496899 1.99706e-15 0.503099 -2.47753e-15 1.58803e-13 -1.18768e-13
0.76 0.503463 2.97729e-15 0.496535 -3.73556e-15 1.63559e-13 -1.20354e-13
0.77 0.509907 4.41302e-15 0.49009 -5.23506e-15 1.68385e-13 -1.21923e-13
0.78 0.516231 6.00547e-15 0.483767 -6.91192e-15 1.73389e-13 -1.23445e-13
0.79 0.522434 7.69072e-15 0.477564 -8.74216e-15 1.78373e-13 -1.25052e-13
0.8 0.528516 9.63683e-15 0.471482 -1.0671e-14 1.83407e-13 -1.26547e-13
0.81 0.534478 1.15325e-14 0.46552 -1.27157e-14 1.88463e-13 -1.27961e-13
0.82 0.540319 1.34401e-14 0.459678 -1.4813e-14 1.93594e-13 -1.292e-13
0.83 0.546042 1.55506e-14 0.453956 -1.6972e-14 1.98621e-13 -1.303e-13
0.84 0.551645 1.77818e-14 0.448352 -1.90585e-14 2.03568e-13 -1.31292e-13
0.85 0.557132 1.98822e-14 0.442866 -2.11213e-14 2.08375e-13 -1.32152e-13
0.86 0.562501 2.18437e-14 0.437497 -2.31228e-14 2.13069e-13 -1.3293e-13
0.87 0.567755 2.38944e-14 0.432243 -2.50916e-14 2.17695e-13 -1.33582e-13
0.88 0.572895 2.57689e-14 0.427103 -2.70158e-14 2.22299e-13 -1.34208e-13
0.89 0.577922 2.77191e-14 0.422075 -2.88826e-14 2.26771e-13 -1.34747e-13
0.9 0.582839 2.92855e-14 0.417159 -3.07383e-14 2.31063e-13 -1.35205e-13
0.91 0.587646 3.13093e-14 0.412352 -3.25105e-14 2.35164e-13 -1.35538e-13
0.92 0.592345 3.30522e-14 0.407652 -3.42389e-14 2.39174e-13 -1.35691e-13
0.93 0.596939 3.50309e-14 0.403058 -3.59102e-14 2.42926e-13 -1.35759e-13
0.94 0.60143 3.67132e-14 0.398568 -3.75048e-14 2.46379e-13 -1.35657e-13
0.95 0.605818 3.82737e-14 0.394179 -3.90298e-14 2.49518e-13 -1.35414e-13
0.96 0.610108 3.98795e-14 0.38989 -4.05415e-14 2.52408e-13 -1.35018e-13
0.97 0.6143 4.1534e-14 0.385698 -4.19923e-14 2.55095e-13 -1.34553e-13
0.98 0.618397 4.30928e-14 0.3816 -4.33972e-14 2.57468e-13 -1.34041e-13
0.99 0.622402 4.43939e-14 0.377596 -4.47733e-14 2.59635e-13 -1.33497e-13
1 0.626317 4.58363e-14 0.373681 -4.60918e-14 2.61577e-13 -1.32915e-13
1.01 0.630144 4.7043e-14 0.369854 -4.73362e-14 2.63392e-13 -1.32205e-13
1.02 0.633886 4.83663e-14 0.366112 -4.85059e-14 2.64809e-13 -1.31484e-13
1.03 0.637545 4.94772e-14 0.362453 -4.9609e-14 2.65775e-13 -1.30665e-13
1.04 0.641124 5.05186e-14 0.358873 -5.06172e-14 2.66283e-13 -1.29874e-13
1.05 0.644626 5.17189e-14 0.355371 -5.15877e-14 2.66366e-13 -1.29283e-13
1.06 0.648053 5.26051e-14 0.351944 -5.24921e-14 2.65957e-13 -1.28626e-13
1.07 0.651408 5.34592e-14 0.34859 -5.33439e-14 2.65192e-13 -1.27968e-13
1.08 0.654693 5.43912e-14 0.345304 -5.4172e-14 2.64249e-13 -1.27384e-13
1.09 0.657912 5.51751e-14 0.342086 -5.49299e-14 2.63037e-13 -1.26659e-13
1.1 0.661066 5.59001e-14 0.338932 -5.56416e-14 2.6159e-13 -1.25963e-13
1.11 0.664158 5.66916e-14 0.335839 -5.63193e-14 2.59746e-13 -1.25279e-13
1.12 0.667192 5.73967e-14 0.332806 -5.69609e-14 2.57605e-13 -1.2471e-13
1.13 0.670169 5.79807e-14 0.329829 -5.75489e-14 2.55144e-13 -1.24207e-13
1.14 0.673093 5.85641e-14 0.326905 -5.80962e-14 2.52387e-13 -1.23733e-13
1.15 0.675965 5.91472e-14 0.324033 -5.8649e-14 2.49298e-13 -1.23264e-13
1.16 0.678789 5.96186e-14 0.321209 -5.9168e-14 2.45768e-13 -1.22856e-13
1.17 0.681566 6.01234e-14 0.318431 -5.96359e-14 2.41977e-13 -1.22511e-13
1.18 0.684301 6.05056e-14 0.315697 -6.00754e-14 2.37894e-13 -1.22239e-13
1.19 0.686994 6.08995e-14 0.313004 -6.05018e-14 2.33631e-13 -1.22033e-13
1.2 0.689648 6.12975e-14 0.310349 -6.08774e-14 2.29113e-13 -1.22067e-13
1.21 0.692267 6.16287e-14 0.307731 -6.12022e-14 2.24395e-13 -1.22088e-13
1.22 0.694851 6.18654e-14 0.305147 -6.14685e-14 2.19568e-13 -1.22271e-13
1.23 0.697404 6.2084e-14 0.302594 -6.16692e-14 2.14544e-13 -1.22539e-13
1.24 0.699927 6.23833e-14 0.300071 -6.18332e-14 2.09285e-13 -1.22817e-13
1.25 0.702423 6.24593e-14 0.297575 -6.1955e-14 2.03881e-13 -1.23146e-13
1.26 0.704894 6.26393e-14 0.295104 -6.19869e-14 1.98307e-13 -1.23588e-13
1.27 0.707342 6.25869e-14 0.292656 -6.19729e-14 1.9254e-13 -1.24132e-13
1.28 0.709769 6.24471e-14 0.290229 -6.18737e-14 1.86485e-13 -1.24703e-13
1.29 0.712177 6.22021e-14 0.287821 -6.17104e-14 1.80273e-13 -1.25299e-13
1.3 0.714567 6.19994e-14 0.285431 -6.15134e-14 1.73973e-13 -1.2593e-13
1.31 0.716942 6.17193e-14 0.283056 -6.12381e-14 1.67668e-13 -1.26643e-13
1.32 0.719303 6.14066e-14 0.280695 -6.0914e-14 1.61325e-13 -1.2743e-13
1.33 0.721652 6.10443e-14 0.278346 -6.05102e-14 1.54984e-13 -1.28294e-13
1.34 0.72399 6.05657e-14 0.276008 -6.00689e-14 1.48645e-13 -1.29189e-13
1.35 0.726319 6.00387e-14 0.273678 -5.96045e-14 1.42272e-13 -1.30192e-13
1.36 0.728641 5.96412e-14 0.271357 -5.91133e-14 1.35923e-13 -1.3128e-13
1.37 0.730955 5.90861e-14 0.269043 -5.85928e-14 1.2958e-13 -1.32327e-13
1.38 0.733265 5.86028e-14 0.266733 -5.80284e-14 1.23233e-13 -1.3319e-13
1.39 0.73557 5.80163e-14 0.264428 -5.74388e-14 1.16905e-13 -1.34036e-13
1.4 0.737872 5.73456e-14 0.262126 -5.68007e-14 1.10659e-13 -1.34898e-13
1.41 0.740172 5.67529e-14 0.259825 -5.61313e-14 1.04415e-13 -1.35721e-13
1.42 0.742471 5.61199e-14 0.257527 -5.54287e-14 9.81775e-14 -1.36558e-13
1.43 0.74477 5.5372e-14 0.255228 -5.46849e-14 9.20583e-14 -1.374e-13
1.44 0.747068 5.46517e-14 0.25293 -5.38795e-14 8.59502e-14 -1.38359e-13
1.45 0.749368 5.38005e-14 0.25063 -5.30404e-14 7.99652e-14 -1.39331e-13
1.46 0.751669 5.28912e-14 0.248329 -5.2138e-14 7.38901e-14 -1.40364e-13
1.47 0.753971 5.19756e-14 0.246027 -5.11884e-14 6.79375e-14 -1.41381e-13
1.48 0.756276 5.10428e-14 0.243722 -5.02576e-14 6.2097e-14 -1.42419e-13
1.49 0.758584 5.01292e-14 0.241414 -4.93157e-14 5.64035e-14 -1.43449e-13
1.5 0.760894 4.91759e-14 0.239104 -4.8343e-14 5.09477e-14 -1.44495e-13
1.51 0.763207 4.81691e-14 0.236791 -4.73603e-14 4.56683e-14 -1.4561e-13
1.52 0.765523 4.71568e-14 0.234476 -4.63594e-14 4.06542e-14 -1.46742e-13
1.53 0.767841 4.61404e-14 0.232157 -4.53789e-14 3.58925e-14 -1.47895e-13
1.54 0.770163 4.51266e-14 0.229835 -4.4413e-14 3.13144e-14 -1.48973e-13
1.55 0.772487 4.42183e-14 0.227511 -4.34741e-14 2.68621e-14 -1.50004e-13
1.56 0.774813 4.33618e-14 0.225185 -4.25702e-14 2.24833e-14 -1.51111e-13
1.57 0.777142 4.23919e-14 0.222857 -4.16717e-14 1.8147e-14 -1.52133e-13
1.58 0.779472 4.15723e-14 0.220527 -4.07568e-14 1.39012e-14 -1.53143e-13
1.59 0.781803 4.06427e-14 0.218195 -3.98601e-14 9.82089e-15 -1.54165e-13
1.6 0.784135 3.97764e-14 0.215863 -3.89822e-14 5.81339e-15 -1.5508e-13
1.61 0.786467 3.89386e-14 0.213531 -3.81358e-14 1.99108e-15 -1.55898e-13
1.62 0.788799 3.81155e-14 0.211199 -3.73172e-14 -1.74928e-15 -1.56702e-13
1.63 0.79113 3.74236e-14 0.208868 -3.65498e-14 -5.24587e-15 -1.57438e-13
1.64 0.793459 3.66801e-14 0.206539 -3.57887e-14 -8.68829e-15 -1.58071e-13
1.65 0.795786 3.58963e-14 0.204213 -3.50366e-14 -1.20172e-14 -1.5863e-13
1.66 0.79811 3.51799e-14 0.201889 -3.43337e-14 -1.53332e-14 -1.59158e-13
1.67 0.800429 3.45134e-14 0.19957 -3.366e-14 -1.86043e-14 -1.59645e-13
1.68 0.802744 3.38464e-14 0.197255 -3.30001e-14 -2.18886e-14 -1.60084e-13
1.69 0.805052 3.31537e-14 0.194947 -3.23643e-14 -2.50939e-14 -1.60504e-13
1.7 0.807355 3.25501e-14 0.192644 -3.17576e-14 -2.82454e-14 -1.60913e-13
1.71 0.809649 3.19019e-14 0.19035 -3.11649e-14 -3.13494e-14 -1.61261e-13
1.72 0.811936 3.12992e-14 0.188063 -3.05967e-14 -3.44497e-14 -1.6153e-13
1.73 0.814213 3.08325e-14 0.185787 -3.00691e-14 -3.75057e-14 -1.61883e-13
1.74 0.816479 3.04011e-14 0.18352 -2.95812e-14 -4.05003e-14 -1.62165e-13
1.75 0.818735 2.98872e-14 0.181265 -2.91228e-14 -4.33847e-14 -1.62417e-13
1.76 0.820978 2.94097e-14 0.179022 -2.86893e-14 -4.62123e-14 -1.62769e-13
1.77 0.823208 2.90795e-14 0.176792 -2.82941e-14 -4.90633e-14 -1.63098e-13
1.78 0.825424 2.87501e-14 0.174576 -2.79291e-14 -5.19409e-14 -1.63593e-13
1.79 0.827625 2.83621e-14 0.172375 -2.7579e-14 -5.47957e-14 -1.64075e-13
1.8 0.82981 2.80279e-14 0.17019 -2.72496e-14 -5.76517e-14 -1.64474e-13
1.81 0.831978 2.77379e-14 0.168022 -2.69441e-14 -6.04357e-14 -1.6493e-13
1.82 0.834128 2.74676e-14 0.165872 -2.67037e-14 -6.31128e-14 -1.65243e-13
1.83 0.836259 2.73201e-14 0.163741 -2.64941e-14 -6.59296e-14 -1.65659e-13
1.84 0.838371 2.71958e-14 0.161629 -2.63544e-14 -6.86936e-14 -1.66093e-13
1.85 0.840463 2.70355e-14 0.159537 -2.62622e-14 -7.1378e-14 -1.66622e-13
1.86 0.842534 2.69622e-14 0.157466 -2.62178e-14 -7.40588e-14 -1.67097e-13
1.87 0.844582 2.68999e-14 0.155418 -2.62252e-14 -7.66325e-14 -1.67568e-13
1.88 0.846608 2.693e-14 0.153392 -2.62868e-14 -7.92181e-14 -1.68073e-13
1.89 0.848611 2.70449e-14 0.151389 -2.64139e-14 -8.17389e-14 -1.68622e-13
1.9 0.850589 2.72295e-14 0.149411 -2.65837e-14 -8.41353e-14 -1.69193e-13
1.91 0.852543 2.74672e-14 0.147458 -2.68225e-14 -8.653e-14 -1.69872e-13
1.92 0.854471 2.77244e-14 0.14553 -2.71304e-14 -8.88212e-14 -1.70513e-13
1.93 0.856373 2.81268e-14 0.143627 -2.74788e-14 -9.10032e-14 -1.71218e-13
1.94 0.858249 2.86119e-14 0.141752 -2.78876e-14 -9.31476e-14 -1.71801e-13
1.95 0.860097 2.89689e-14 0.139903 -2.83364e-14 -9.5137e-14 -1.72356e-13
1.96 0.861918 2.9489e-14 0.138082 -2.88341e-14 -9.70226e-14 -1.73046e-13
1.97 0.863711 2.99868e-14 0.136289 -2.93623e-14 -9.87491e-14 -1.73786e-13
1.98 0.865476 3.04927e-14 0.134525 -2.99201e-14 -1.00399e-13 -1.74583e-13
1.99 0.867212 3.10001e-14 0.132789 -3.04836e-14 -1.0196e-13 -1.75391e-13
2 0.868919 3.15966e-14 0.131082 -3.10736e-14 -1.03333e-13 -1.76138e-13
2.01 0.870597 3.21903e-14 0.129404 -3.16521e-14 -1.0469e-13 -1.76953e-13
2.02 0.872245 3.27588e-14 0.127756 -3.22371e-14 -1.05899e-13 -1.77729e-13
2.03 0.873864 3.33706e-14 0.126137 -3.28226e-14 -1.07003e-13 -1.78569e-13
2.04 0.875453 3.39614e-14 0.124548 -3.33902e-14 -1.07994e-13 -1.79208e-13
2.05 0.877012 3.45038e-14 0.122989 -3.39265e-14 -1.08879e-13 -1.79847e-13
2.06 0.878541 3.5047e-14 0.12146 -3.44426e-14 -1.09744e-13 -1.80557e-13
2.07 0.88004 3.56078e-14 0.119961 -3.4957e-14 -1.10596e-13 -1.81335e-13
2.08 0.88151 3.61385e-14 0.118492 -3.54839e-14 -1.11361e-13 -1.82345e-13
2.09 0.882949 3.65899e-14 0.117052 -3.59527e-14 -1.11962e-13 -1.83333e-13
2.1 0.884359 3.69629e-14 0.115643 -3.63616e-14 -1.12593e-13 -1.84302e-13
2.11 0.885739 3.72677e-14 0.114262 -3.66962e-14 -1.13144e-13 -1.85387e-13
2.12 0.88709 3.75117e-14 0.112912 -3.69933e-14 -1.13708e-13 -1.86439e-13
2.13 0.888411 3.7771e-14 0.11159 -3.72471e-14 -1.14259e-13 -1.87417e-13
2.14 0.889704 3.79744e-14 0.110298 -3.74642e-14 -1.14816e-13 -1.88485e-13
2.15 0.890968 3.81432e-14 0.109033 -3.76604e-14 -1.15311e-13 -1.89634e-13
2.16 0.892204 3.82825e-14 0.107798 -3.78181e-14 -1.1581e-13 -1.90803e-13
2.17 0.893412 3.84003e-14 0.10659 -3.79348e-14 -1.16264e-13 -1.91989e-13
2.18 0.894592 3.84608e-14 0.10541 -3.80071e-14 -1.16701e-13 -1.93171e-13
2.19 0.895745 3.84718e-14 0.104257 -3.80312e-14 -1.17165e-13 -1.94301e-13
2.2 0.896871 3.84544e-14 0.103131 -3.80251e-14 -1.17722e-13 -1.95412e-13
2.21 0.89797 3.83742e-14 0.102031 -3.79788e-14 -1.18222e-13 -1.96436e-13
2.22 0.899044 3.82413e-14 0.100958 -3.78763e-14 -1.1879e-13 -1.97491e-13
2.23 0.900093 3.80972e-14 0.0999092 -3.77269e-14 -1.19516e-13 -1.98609e-13
2.24 0.901116 3.79505e-14 0.0988858 -3.75508e-14 -1.20305e-13 -1.99736e-13
2.25 0.902115 3.77417e-14 0.0978867 -3.73371e-14 -1.21059e-13 -2.00839e-13
2.26 0.903091 3.74658e-14 0.0969113 -3.70868e-14 -1.21491e-13 -2.01793e-13
2.27 0.904043 3.71423e-14 0.0959592 -3.67969e-14 -1.21427e-13 -2.02567e-13
2.28 0.904972 3.67894e-14 0.0950296 -3.6454e-14 -1.20861e-13 -2.03157e-13
2.29 0.90588 3.64245e-14 0.0941219 -3.61012e-14 -1.19969e-13 -2.03543e-13
2.3 0.906767 3.60228e-14 0.0932354 -3.57054e-14 -1.18688e-13 -2.03676e-13
2.31 0.907632 3.55953e-14 0.0923696 -3.52957e-14 -1.17269e-13 -2.03528e-13
2.32 0.908478 3.5184e-14 0.0915236 -3.48899e-14 -1.1578e-13 -2.02974e-13
2.33 0.909305 3.47499e-14 0.0906968 -3.447e-14 -1.14267e-13 -2.0199e-13
2.34 0.910114 3.42664e-14 0.0898884 -3.40022e-14 -1.12976e-13 -2.00256e-13
2.35 0.910905 3.3749e-14 0.0890976 -3.34957e-14 -1.11943e-13 -1.97817e-13
2.36 0.911678 3.31439e-14 0.0883237 -3.29068e-14 -1.1114e-13 -1.95096e-13
2.37 0.912436 3.24077e-14 0.0875661 -3.21826e-14 -1.10514e-13 -1.92086e-13
2.38 0.913178 3.16496e-14 0.086824 -3.14215e-14 -1.10111e-13 -1.88991e-13
2.39 0.913906 3.08263e-14 0.0860966 -3.05897e-14 -1.0994e-13 -1.85871e-13
2.4 0.914619 2.99314e-14 0.0853831 -2.97061e-14 -1.09874e-13 -1.82702e-13
2.41 0.915319 2.90216e-14 0.0846828 -2.87931e-14 -1.09973e-13 -1.79489e-13
2.42 0.916007 2.80272e-14 0.0839948 -2.77957e-14 -1.09792e-13 -1.76099e-13
2.43 0.916684 2.68693e-14 0.0833184 -2.66391e-14 -1.09549e-13 -1.72563e-13
2.44 0.917349 2.55857e-14 0.082653 -2.53639e-14 -1.09647e-13 -1.68629e-13
2.45 0.918005 2.42805e-14 0.0819975 -2.40481e-14 -1.09955e-13 -1.6428e-13
2.46 0.918651 2.30237e-14 0.0813514 -2.27809e-14 -1.10328e-13 -1.59742e-13
2.47 0.919288 2.17303e-14 0.0807139 -2.14686e-14 -1.11141e-13 -1.55329e-13
2.48 0.919918 2.04425e-14 0.080084 -2.0166e-14 -1.12279e-13 -1.50812e-13
2.49 0.920541 1.91915e-14 0.0794611 -1.89192e-14 -1.13581e-13 -1.46231e-13
2.5 0.921158 1.78426e-14 0.0788445 -1.75693e-14 -1.14902e-13 -1.41851e-13
