0 0 0 1 0 0 0
0.005 3.9789e-05 5.81468e-13 0.99996 8.88977e-13 -8.23906e-18 -1.33751e-15
0.01 0.000159141 2.28251e-12 0.999841 6.09082e-13 -2.05928e-16 -2.73061e-15
0.015 0.000358013 5.02783e-12 0.999642 3.42827e-13 -3.931e-16 -3.50779e-15
0.02 0.00063633 8.73471e-12 0.999364 9.1261e-14 -5.65354e-16 -4.27682e-15
0.025 0.000993992 1.33105e-11 0.999006 -1.44058e-13 -7.27451e-16 -4.80934e-15
0.03 0.00143087 1.8639e-11 0.998569 -3.60346e-13 -8.79348e-16 -5.21809e-15
0.035 0.00194679 2.46024e-11 0.998053 -5.56076e-13 -1.00711e-15 -5.55088e-15
0.04 0.00254159 3.1074e-11 0.997458 -7.32061e-13 -1.12638e-15 -5.88636e-15
0.045 0.00321503 3.79253e-11 0.996785 -8.87766e-13 -1.22877e-15 -6.21778e-15
0.05 0.00396687 4.49954e-11 0.996033 -1.01702e-12 -1.31524e-15 -6.40627e-15
0.055 0.00479684 5.22802e-11 0.995203 -1.13143e-12 -1.37654e-15 -6.60784e-15
0.06 0.00570463 5.96474e-11 0.994295 -1.226e-12 -1.42336e-15 -6.73081e-15
0.065 0.00668993 6.6962e-11 0.99331 -1.30116e-12 -1.4465e-15 -6.82221e-15
0.07 0.00775236 7.41163e-11 0.992248 -1.35639e-12 -1.45667e-15 -7.05245e-15
0.075 0.00889155 8.10005e-11 0.991109 -1.39277e-12 -1.45308e-15 -7.24057e-15
0.08 0.0101071 8.75137e-11 0.989893 -1.41011e-12 -1.43899e-15 -7.54422e-15
0.085 0.0113985 9.35593e-11 0.988602 -1.40901e-12 -1.41377e-15 -7.88804e-15
0.09 0.0127654 9.90452e-11 0.987235 -1.39012e-12 -1.3758e-15 -8.17199e-15
0.095 0.0142072 1.03886e-10 0.985793 -1.35506e-12 -1.32747e-15 -8.42249e-15
0.1 0.0157235 1.08004e-10 0.984277 -1.30414e-12 -1.26602e-15 -8.7334e-15
0.105 0.0173136 1.1133e-10 0.982687 -1.23837e-12 -1.19367e-15 -9.04253e-15
0.11 0.018977 1.13801e-10 0.981023 -1.15889e-12 -1.10998e-15 -9.32539e-15
0.115 0.0207132 1.15363e-10 0.979287 -1.06696e-12 -1.02104e-15 -9.66765e-15
0.12 0.0225215 1.15973e-10 0.977479 -9.63889e-13 -9.29196e-16 -1.00011e-14
0.125 0.0244012 1.156e-10 0.975599 -8.51155e-13 -8.26215e-16 -1.03258e-14
0.13 0.0263517 1.14179e-10 0.973648 -7.28846e-13 -7.15033e-16 -1.07198e-14
0.135 0.0283724 1.11755e-10 0.971628 -5.93757e-13 -5.97003e-16 -1.11079e-14
0.14 0.0304624 1.08327e-10 0.969538 -4.53922e-13 -4.6983e-16 -1.16077e-14
0.145 0.0326211 1.03874e-10 0.967379 -3.09447e-13 -3.37809e-16 -1.1997e-14
0.15 0.0348476 9.84116e-11 0.965152 -1.61435e-13 -1.99849e-16 -1.23383e-14
0.155 0.0371413 9.18939e-11 0.962859 -8.69858e-15 -5.51748e-17 -1.26536e-14
0.16 0.0395013 8.43462e-11 0.960499 1.48871e-13 9.03221e-17 -1.29882e-14
0.165 0.0419268 7.58681e-11 0.958073 3.07015e-13 2.44634e-16 -1.33196e-14
0.17 0.044417 6.64791e-11 0.955583 4.64463e-13 4.06307e-16 -1.3554e-14
0.175 0.046971 5.62407e-11 0.953029 6.19545e-13 5.80869e-16 -1.38498e-14
0.18 0.0495878 4.52179e-11 0.950412 7.71061e-13 7.64129e-16 -1.4205e-14
0.185 0.0522667 3.33515e-11 0.947733 9.22585e-13 9.52763e-16 -1.46118e-14
0.19 0.0550067 2.05926e-11 0.944993 1.07424e-12 1.1615e-15 -1.5001e-14
0.195 0.0578069 7.15807e-12 0.942193 1.22135e-12 1.37964e-15 -1.5394e-14
0.2 0.0606663 -6.88515e-12 0.939334 1.36294e-12 1.58878e-15 -1.57856e-14
0.205 0.0635839 -2.14614e-11 0.936416 1.49835e-12 1.78978e-15 -1.60935e-14
0.21 0.0665588 -3.64886e-11 0.933441 1.62674e-12 1.97671e-15 -1.64141e-14
0.215 0.06959 -5.19067e-11 0.93041 1.75013e-12 2.1509e-15 -1.67054e-14
0.22 0.0726764 -6.76165e-11 0.927324 1.86569e-12 2.33531e-15 -1.70214e-14
0.225 0.0758171 -8.35286e-11 0.924183 1.97285e-12 2.50984e-15 -1.73494e-14
0.23 0.079011 -9.9528e-11 0.920989 2.07093e-12 2.67751e-15 -1.76269e-14
0.235 0.082257 -1.15536e-10 0.917743 2.15963e-12 2.86179e-15 -1.78682e-14
0.24 0.0855542 -1.31457e-10 0.914446 2.23863e-12 3.06126e-15 -1.80677e-14
0.245 0.0889013 -1.47193e-10 0.911099 2.30763e-12 3.28134e-15 -1.81938e-14
0.25 0.0922974 -1.62674e-10 0.907703 2.36878e-12 3.50938e-15 -1.8307e-14
0.255 0.0957413 -1.77796e-10 0.904259 2.42e-12 3.74562e-15 -1.84134e-14
0.26 0.0992319 -1.92464e-10 0.900768 2.46126e-12 3.96285e-15 -1.84787e-14
0.265 0.102768 -2.06592e-10 0.897232 2.49264e-12 4.16931e-15 -1.84793e-14
0.27 0.106349 -2.20093e-10 0.893651 2.51437e-12 4.34169e-15 -1.8455e-14
0.275 0.109973 -2.3288e-10 0.890027 2.51661e-12 4.51302e-15 -1.84266e-14
0.28 0.113639 -2.44828e-10 0.886361 2.50742e-12 4.70313e-15 -1.8384e-14
0.285 0.117347 -2.55847e-10 0.882653 2.48686e-12 4.90949e-15 -1.82436e-14
0.29 0.121094 -2.65873e-10 0.878906 2.46257e-12 5.1097e-15 -1.80712e-14
0.295 0.12488 -2.74901e-10 0.87512 2.43215e-12 5.32009e-15 -1.78553e-14
0.3 0.128704 -2.8283e-10 0.871296 2.39374e-12 5.53989e-15 -1.76477e-14
0.305 0.132564 -2.89605e-10 0.867436 2.34829e-12 5.78236e-15 -1.74699e-14
0.31 0.13646 -2.96174e-10 0.86354 2.35624e-12 6.03012e-15 -1.7395e-14
0.315 0.14039 -3.01165e-10 0.85961 2.30041e-12 6.33699e-15 -1.74036e-14
0.32 0.144352 -3.04988e-10 0.855648 2.23875e-12 6.66449e-15 -1.7392e-14
0.325 0.148347 -3.07529e-10 0.851653 2.17258e-12 7.018e-15 -1.74126e-14
0.33 0.152372 -3.08821e-10 0.847628 2.1006e-12 7.40775e-15 -1.74277e-14
0.335 0.156427 -3.08865e-10 0.843573 2.02446e-12 7.82419e-15 -1.74706e-14
0.34 0.16051 -3.07468e-10 0.83949 1.94433e-12 8.28459e-15 -1.75869e-14
0.345 0.164619 -3.04866e-10 0.83538 1.85748e-12 8.79486e-15 -1.77686e-14
0.35 0.168755 -3.00969e-10 0.831244 1.76775e-12 9.35738e-15 -1.79827e-14
0.355 0.172916 -2.95781e-10 0.827084 1.67595e-12 9.979e-15 -1.82381e-14
0.36 0.177101 -2.89322e-10 0.822899 1.58281e-12 1.06858e-14 -1.85753e-14
0.365 0.181307 -2.81613e-10 0.818693 1.48927e-12 1.14667e-14 -1.89253e-14
0.37 0.185535 -2.72683e-10 0.814464 1.39626e-12 1.22989e-14 -1.93197e-14
0.375 0.189784 -2.62513e-10 0.810216 1.30247e-12 1.31935e-14 -1.98163e-14
0.38 0.194051 -2.51191e-10 0.805949 1.21055e-12 1.41546e-14 -2.03801e-14
0.385 0.198336 -2.38751e-10 0.801664 1.12131e-12 1.51603e-14 -2.09229e-14
0.39 0.202638 -2.2535e-10 0.797362 1.03353e-12 1.62382e-14 -2.15147e-14
0.395 0.206956 -2.10973e-10 0.793044 9.49592e-13 1.73636e-14 -2.21547e-14
0.4 0.211288 -1.95682e-10 0.788712 8.68501e-13 1.85534e-14 -2.28435e-14
0.405 0.215633 -1.79545e-10 0.784367 7.92637e-13 1.98185e-14 -2.35485e-14
0.41 0.219991 -1.62642e-10 0.780009 7.22731e-13 2.11646e-14 -2.42789e-14
0.415 0.224359 -1.45059e-10 0.77564 6.59566e-13 2.25781e-14 -2.50586e-14
0.42 0.228738 -1.26888e-10 0.771262 6.03832e-13 2.402e-14 -2.5901e-14
0.425 0.233126 -1.08177e-10 0.766874 5.53252e-13 2.55144e-14 -2.67501e-14
0.43 0.237522 -8.90607e-11 0.762478 5.10761e-13 2.70594e-14 -2.76426e-14
0.435 0.241925 -7.17394e-11 0.758075 4.67902e-13 2.86605e-14 -2.85783e-14
0.44 0.246333 -5.46755e-11 0.753667 4.31861e-13 3.03358e-14 -2.95399e-14
0.445 0.250746 -3.80197e-11 0.749253 4.0292e-13 3.20549e-14 -3.05317e-14
0.45 0.255163 -1.96302e-11 0.744836 3.73887e-13 3.38206e-14 -3.15584e-14
0.455 0.259583 -1.38904e-12 0.740416 3.50442e-13 3.56624e-14 -3.26271e-14
0.46 0.264005 1.65913e-11 0.735995 3.32265e-13 3.75554e-14 -3.3699e-14
0.465 0.268427 3.42272e-11 0.731573 3.19232e-13 3.94713e-14 -3.47926e-14
0.47 0.272849 5.14217e-11 0.727151 3.11125e-13 4.13851e-14 -3.59452e-14
0.475 0.27727 6.7798e-11 0.72273 3.1934e-13 4.33123e-14 -3.7113e-14
0.48 0.281689 8.3465e-11 0.718311 3.33953e-13 4.52474e-14 -3.82643e-14
0.485 0.286104 9.83148e-11 0.713895 3.53619e-13 4.71405e-14 -3.94681e-14
0.49 0.290516 1.12417e-10 0.709484 3.95674e-13 4.9055e-14 -4.06891e-14
0.495 0.294923 1.266e-10 0.705077 4.112e-13 5.09466e-14 -4.1888e-14
0.5 0.299324 1.39981e-10 0.700676 4.28585e-13 5.27947e-14 -4.31061e-14
0.505 0.303718 1.52509e-10 0.696282 4.47261e-13 5.46135e-14 -4.42868e-14
0.51 0.308105 1.64132e-10 0.691895 4.6695e-13 5.63789e-14 -4.53755e-14
0.515 0.312483 1.74043e-10 0.687516 4.99744e-13 5.80742e-14 -4.63974e-14
0.52 0.316852 1.82802e-10 0.683147 5.33083e-13 5.97187e-14 -4.73706e-14
0.525 0.321211 1.90363e-10 0.678788 5.6594e-13 6.12829e-14 -4.83212e-14
0.53 0.325559 1.96692e-10 0.67444 5.97314e-13 6.27636e-14 -4.92061e-14
0.535 0.329896 2.01762e-10 0.670104 6.26132e-13 6.41316e-14 -4.99572e-14
0.54 0.33422 2.05555e-10 0.665779 6.51347e-13 6.54241e-14 -5.06074e-14
0.545 0.338531 2.08055e-10 0.661468 6.72013e-13 6.66263e-14 -5.11733e-14
0.55 0.342828 2.09219e-10 0.657171 6.96184e-13 6.77324e-14 -5.16184e-14
0.555 0.347111 2.09046e-10 0.652889 7.15507e-13 6.87034e-14 -5.19212e-14
0.56 0.351378 2.0755e-10 0.648622 7.2905e-13 6.95122e-14 -5.21065e-14
0.565 0.355629 2.04752e-10 0.644371 7.35897e-13 7.0164e-14 -5.21561e-14
0.57 0.359863 2.00683e-10 0.640136 7.3502e-13 7.06572e-14 -5.20288e-14
0.575 0.36408 2.00834e-10 0.635919 7.126e-13 7.09778e-14 -5.17428e-14
0.58 0.368279 1.99833e-10 0.63172 6.95779e-13 7.11027e-14 -5.12573e-14
0.585 0.37246 1.98674e-10 0.62754 6.70068e-13 7.10724e-14 -5.05751e-14
0.59 0.376621 1.93248e-10 0.623379 6.63108e-13 7.08039e-14 -4.97455e-14
0.595 0.380762 1.87043e-10 0.619237 6.52252e-13 7.03048e-14 -4.86562e-14
0.6 0.384884 1.80149e-10 0.615116 6.3759e-13 6.95885e-14 -4.74411e-14
0.605 0.388984 1.72684e-10 0.611016 6.18611e-13 6.86386e-14 -4.60703e-14
0.61 0.393062 1.63188e-10 0.606937 5.70658e-13 6.76039e-14 -4.46973e-14
0.615 0.397119 1.53001e-10 0.60288 5.11563e-13 6.62698e-14 -4.30586e-14
0.62 0.401153 1.42234e-10 0.598846 4.42618e-13 6.47246e-14 -4.12282e-14
0.625 0.405165 1.30962e-10 0.594835 3.63859e-13 6.30084e-14 -3.92762e-14
0.63 0.409153 1.19313e-10 0.590847 2.75449e-13 6.10392e-14 -3.71075e-14
0.635 0.413117 1.07403e-10 0.586883 1.7761e-13 5.88526e-14 -3.4851e-14
0.64 0.417056 9.54013e-11 0.582943 7.17837e-14 5.64177e-14 -3.24472e-14
0.645 0.420971 8.33638e-11 0.579028 -4.15536e-14 5.37306e-14 -2.98596e-14
0.65 0.424861 7.24678e-11 0.575139 -1.62604e-13 5.08106e-14 -2.70807e-14
0.655 0.428725 6.19788e-11 0.571274 -2.86324e-13 4.77636e-14 -2.41805e-14
0.66 0.432563 5.20037e-11 0.567436 -4.15987e-13 4.45293e-14 -2.10718e-14
0.665 0.436376 4.10541e-11 0.563624 -5.51937e-13 4.10721e-14 -1.76927e-14
0.67 0.440161 3.03633e-11 0.559838 -6.9397e-13 3.74189e-14 -1.41206e-14
0.675 0.44392 2.03231e-11 0.55608 -8.41181e-13 3.35716e-14 -1.03485e-14
0.68 0.447651 8.02337e-12 0.552348 -9.73034e-13 2.96146e-14 -6.5831e-15
0.685 0.451355 -4.31604e-12 0.548644 -1.10398e-12 2.5605e-14 -2.78798e-15
0.69 0.455031 -1.65135e-11 0.544968 -1.22992e-12 2.13485e-14 1.14724e-15
0.695 0.458679 -2.84304e-11 0.54132 -1.34754e-12 1.68906e-14 5.18939e-15
0.7 0.462299 -3.99582e-11 0.5377 -1.45399e-12 1.21793e-14 9.42283e-15
0.705 0.465891 -5.10126e-11 0.534109 -1.54688e-12 7.3162e-15 1.37594e-14
0.71 0.469453 -6.15339e-11 0.530546 -1.62417e-12 2.2456e-15 1.8226e-14
0.715 0.472987 -7.14631e-11 0.527012 -1.68425e-12 -3.02867e-15 2.28903e-14
0.72 0.476492 -8.07914e-11 0.523507 -1.7256e-12 -8.58508e-15 2.76958e-14
0.725 0.479967 -8.95566e-11 0.520032 -1.74483e-12 -1.44322e-14 3.27165e-14
0.73 0.483414 -9.78248e-11 0.516586 -1.73888e-12 -2.03654e-14 3.79121e-14
0.735 0.48683 -1.03742e-10 0.513169 -1.74435e-12 -2.64296e-14 4.31767e-14
0.74 0.490217 -1.09106e-10 0.509782 -1.72901e-12 -3.27866e-14 4.86226e-14
0.745 0.493574 -1.13916e-10 0.506425 -1.69331e-12 -3.93142e-14 5.41374e-14
0.75 0.496901 -1.18212e-10 0.503098 -1.63763e-12 -4.60742e-14 5.97453e-14
0.755 0.500199 -1.22009e-10 0.499801 -1.56351e-12 -5.31294e-14 6.5574e-14
0.76 0.503466 -1.25331e-10 0.496534 -1.47078e-12 -6.05349e-14 7.17624e-14
0.765 0.506703 -1.2813e-10 0.493296 -1.35903e-12 -6.80496e-14 7.8048e-14
0.77 0.50991 -1.30327e-10 0.490089 -1.22783e-12 -7.57579e-14 8.44348e-14
0.775 0.513087 -1.31799e-10 0.486913 -1.07734e-12 -8.37221e-14 9.08724e-14
0.78 0.516234 -1.32219e-10 0.483766 -9.18942e-13 -9.18159e-14 9.74965e-14
0.785 0.51935 -1.31315e-10 0.480649 -7.56753e-13 -1.00077e-13 1.04264e-13
0.79 0.522436 -1.28565e-10 0.477563 -5.97475e-13 -1.08358e-13 1.11163e-13
0.795 0.525492 -1.23365e-10 0.474507 -4.4591e-13 -1.16786e-13 1.18185e-13
0.8 0.528518 -1.15221e-10 0.471481 -3.00285e-13 -1.25334e-13 1.25306e-13
0.805 0.531514 -1.04028e-10 0.468485 -1.48251e-13 -1.33982e-13 1.32495e-13
0.81 0.53448 -9.53002e-11 0.465519 -2.92803e-14 -1.42669e-13 1.39793e-13
0.815 0.537416 -8.51151e-11 0.462583 1.1614e-13 -1.51458e-13 1.47068e-13
0.82 0.540322 -7.37453e-11 0.459677 2.83255e-13 -1.60427e-13 1.54336e-13
0.825 0.543198 -6.25545e-11 0.456801 4.71927e-13 -1.69354e-13 1.61444e-13
0.83 0.546044 -5.08325e-11 0.453955 6.5131e-13 -1.78264e-13 1.68705e-13
0.835 0.548861 -3.88493e-11 0.451138 8.02315e-13 -1.87375e-13 1.76034e-13
0.84 0.551648 -2.68146e-11 0.448351 9.09372e-13 -1.96554e-13 1.83418e-13
0.845 0.554406 -1.48365e-11 0.445594 9.6302e-13 -2.05845e-13 1.9074e-13
0.85 0.557134 -1.55814e-11 0.442865 1.09137e-12 -2.15236e-13 1.98138e-13
0.855 0.559833 -1.34041e-11 0.440166 1.0892e-12 -2.24666e-13 2.05553e-13
0.86 0.562503 -1.06538e-11 0.437496 9.53784e-13 -2.34126e-13 2.12994e-13
0.865 0.565145 -7.9584e-12 0.434855 7.26821e-13 -2.43596e-13 2.20385e-13
0.87 0.567757 -5.51598e-12 0.432242 4.34592e-13 -2.53037e-13 2.27713e-13
0.875 0.570342 -3.38109e-12 0.429658 1.01288e-13 -2.62528e-13 2.34927e-13
0.88 0.572897 -1.56767e-12 0.427102 -2.50444e-13 -2.72091e-13 2.42235e-13
0.885 0.575425 1.28312e-13 0.424574 -6.01916e-13 -2.81747e-13 2.49576e-13
0.89 0.577925 1.45699e-12 0.422075 -9.32333e-13 -2.91571e-13 2.56895e-13
0.895 0.580397 2.45039e-12 0.419603 -1.2279e-12 -3.01458e-13 2.64099e-13
0.9 0.582841 3.13324e-12 0.417158 -1.4799e-12 -3.11219e-13 2.71252e-13
0.905 0.585258 3.59551e-12 0.414741 -1.68281e-12 -3.21062e-13 2.7837e-13
0.91 0.587648 3.77617e-12 0.412351 -1.83431e-12 -3.30941e-13 2.8541e-13
0.915 0.590011 3.87721e-12 0.409988 -1.93437e-12 -3.40691e-13 2.92213e-13
0.92 0.592348 3.69711e-12 0.407652 -1.98342e-12 -3.50652e-13 2.99057e-13
0.925 0.594658 3.30222e-12 0.405342 -1.9839e-12 -3.60644e-13 3.05843e-13
0.93 0.596941 2.35936e-12 0.403058 -1.94203e-12 -3.70651e-13 3.12534e-13
0.935 0.599199 1.20392e-12 0.4008 -1.85959e-12 -3.80644e-13 3.19053e-13
0.94 0.601432 -1.53157e-13 0.398568 -1.74133e-12 -3.90666e-13 3.25496e-13
0.945 0.603639 -1.69994e-12 0.396361 -1.5929e-12 -4.00583e-13 3.31901e-13
0.95 0.60582 -3.42476e-12 0.394179 -1.42067e-12 -4.1058e-13 3.38162e-13
0.955 0.607977 -5.31594e-12 0.392022 -1.23141e-12 -4.20494e-13 3.4423e-13
0.96 0.61011 -7.36153e-12 0.38989 -1.03214e-12 -4.30359e-13 3.50008e-13
0.965 0.612218 -9.55025e-12 0.387782 -8.30013e-13 -4.40229e-13 3.55564e-13
0.97 0.614302 -1.18711e-11 0.385698 -6.32224e-13 -4.50011e-13 3.60933e-13
0.975 0.616362 -1.4312e-11 0.383637 -4.45798e-13 -4.59582e-13 3.65991e-13
0.98 0.618399 -1.68613e-11 0.3816 -2.77609e-13 -4.69191e-13 3.70867e-13
0.985 0.620413 -1.95079e-11 0.379586 -1.34392e-13 -4.78834e-13 3.75584e-13
0.99 0.622404 -2.22156e-11 0.377596 -2.25862e-14 -4.88376e-13 3.80063e-13
0.995 0.624372 -2.50058e-11 0.375627 5.25254e-14 -4.97872e-13 3.84273e-13
1 0.626318 -2.78682e-11 0.373681 8.63729e-14 -5.07218e-13 3.88198e-13
1.005 0.628243 -3.07921e-11 0.371757 7.47082e-14 -5.16444e-13 3.91965e-13
1.01 0.630145 -3.37675e-11 0.369854 1.3569e-14 -5.25578e-13 3.95486e-13
1.015 0.632027 -3.67835e-11 0.367972 -1.00681e-13 -5.34563e-13 3.98769e-13
1.02 0.633887 -3.98303e-11 0.366112 -2.71445e-13 -5.43336e-13 4.01848e-13
1.025 0.635727 -4.28978e-11 0.364272 -5.01687e-13 -5.52061e-13 4.04738e-13
1.03 0.637547 -4.60152e-11 0.362453 -7.93519e-13 -5.60652e-13 4.07436e-13
1.035 0.639346 -4.91313e-11 0.360653 -1.14996e-12 -5.6907e-13 4.09952e-13
1.04 0.641126 -5.2248e-11 0.358873 -1.57253e-12 -5.77398e-13 4.12241e-13
1.045 0.642886 -5.53558e-11 0.357113 -2.06292e-12 -5.85494e-13 4.14315e-13
1.05 0.644628 -5.8446e-11 0.355372 -2.62239e-12 -5.9346e-13 4.16242e-13
1.055 0.64635 -6.151e-11 0.353649 -3.2517e-12 -6.01235e-13 4.17889e-13
1.06 0.648055 -6.45403e-11 0.351945 -3.95113e-12 -6.08735e-13 4.19415e-13
1.065 0.649741 -6.75283e-11 0.350259 -4.72062e-12 -6.16001e-13 4.20853e-13
1.07 0.651409 -7.04419e-11 0.34859 -5.5595e-12 -6.22973e-13 4.22111e-13
1.075 0.65306 -7.33016e-11 0.346939 -6.467e-12 -6.29794e-13 4.23224e-13
1.08 0.654694 -7.6101e-11 0.345305 -7.44183e-12 -6.36421e-13 4.243e-13
1.085 0.656312 -7.8834e-11 0.343687 -8.48251e-12 -6.42857e-13 4.25198e-13
1.09 0.657913 -8.14948e-11 0.342086 -9.58724e-12 -6.49067e-13 4.2598e-13
1.095 0.659498 -8.40764e-11 0.340502 -1.07541e-11 -6.54999e-13 4.26578e-13
1.1 0.661067 -8.6574e-11 0.338932 -1.19808e-11 -6.60689e-13 4.27085e-13
1.105 0.662621 -8.89817e-11 0.337379 -1.32653e-11 -6.66036e-13 4.27473e-13
1.11 0.664159 -9.30654e-11 0.33584 -1.45891e-11 -6.71064e-13 4.27698e-13
1.115 0.665683 -9.72261e-11 0.334316 -1.59636e-11 -6.75867e-13 4.27855e-13
1.12 0.667193 -1.01474e-10 0.332806 -1.73864e-11 -6.80456e-13 4.2783e-13
1.125 0.668688 -1.05819e-10 0.331311 -1.88551e-11 -6.84738e-13 4.27657e-13
1.13 0.67017 -1.10275e-10 0.329829 -2.0367e-11 -6.88724e-13 4.27306e-13
1.135 0.671638 -1.13116e-10 0.328361 -2.19286e-11 -6.92417e-13 4.26935e-13
1.14 0.673093 -1.1595e-10 0.326906 -2.35286e-11 -6.95804e-13 4.26427e-13
1.145 0.674536 -1.18768e-10 0.325463 -2.51688e-11 -6.98951e-13 4.25845e-13
1.15 0.675966 -1.21598e-10 0.324034 -2.68393e-11 -7.01893e-13 4.25172e-13
1.155 0.677383 -1.2445e-10 0.322616 -2.85361e-11 -7.04573e-13 4.24382e-13
1.16 0.678789 -1.27337e-10 0.32121 -3.02556e-11 -7.06882e-13 4.23549e-13
1.165 0.680184 -1.30271e-10 0.319815 -3.1994e-11 -7.08834e-13 4.22704e-13
1.17 0.681567 -1.33266e-10 0.318432 -3.37481e-11 -7.1052e-13 4.21825e-13
1.175 0.68294 -1.36183e-10 0.31706 -3.55346e-11 -7.11903e-13 4.20852e-13
1.18 0.684301 -1.39093e-10 0.315698 -3.73295e-11 -7.13075e-13 4.19884e-13
1.185 0.685653 -1.41989e-10 0.314346 -3.91241e-11 -7.1403e-13 4.18937e-13
1.19 0.686994 -1.44863e-10 0.313005 -4.09137e-11 -7.14732e-13 4.18063e-13
1.195 0.688326 -1.47705e-10 0.311673 -4.26969e-11 -7.15171e-13 4.17214e-13
1.2 0.689649 -1.50504e-10 0.31035 -4.44754e-11 -7.1535e-13 4.16488e-13
1.205 0.690962 -1.53248e-10 0.309037 -4.62533e-11 -7.15284e-13 4.15847e-13
1.21 0.692267 -1.55925e-10 0.307732 -4.8037e-11 -7.15087e-13 4.15385e-13
1.215 0.693563 -1.58523e-10 0.306436 -4.98347e-11 -7.14743e-13 4.15006e-13
1.22 0.694852 -1.61027e-10 0.305148 -5.16558e-11 -7.14042e-13 4.14688e-13
1.225 0.696132 -1.63424e-10 0.303868 -5.35111e-11 -7.13053e-13 4.14463e-13
1.23 0.697404 -1.65699e-10 0.302595 -5.54118e-11 -7.11824e-13 4.14343e-13
1.235 0.698669 -1.67838e-10 0.30133 -5.73698e-11 -7.10298e-13 4.14287e-13
1.24 0.699928 -1.69828e-10 0.300072 -5.93971e-11 -7.0849e-13 4.14368e-13
1.245 0.701179 -1.71567e-10 0.298821 -6.15072e-11 -7.06467e-13 4.14504e-13
1.25 0.702424 -1.73131e-10 0.297576 -6.37112e-11 -7.04239e-13 4.14819e-13
1.255 0.703662 -1.745e-10 0.296337 -6.60213e-11 -7.01764e-13 4.15291e-13
1.26 0.704895 -1.75654e-10 0.295105 -6.84499e-11 -6.99009e-13 4.15863e-13
1.265 0.706121 -1.76576e-10 0.293878 -7.10083e-11 -6.95992e-13 4.16634e-13
1.27 0.707342 -1.77248e-10 0.292657 -7.37075e-11 -6.92701e-13 4.17539e-13
1.275 0.708558 -1.77656e-10 0.291441 -7.65576e-11 -6.89134e-13 4.18614e-13
1.28 0.709769 -1.77783e-10 0.29023 -7.9568e-11 -6.85392e-13 4.19845e-13
1.285 0.710975 -1.77615e-10 0.289024 -8.27472e-11 -6.81399e-13 4.21198e-13
1.29 0.712177 -1.77139e-10 0.287822 -8.6103e-11 -6.77231e-13 4.22745e-13
1.295 0.713374 -1.76344e-10 0.286625 -8.96422e-11 -6.72852e-13 4.24447e-13
1.3 0.714567 -1.75218e-10 0.285432 -9.33709e-11 -6.68286e-13 4.26472e-13
1.305 0.715757 -1.73752e-10 0.284243 -9.72944e-11 -6.63569e-13 4.28703e-13
1.31 0.716942 -1.71936e-10 0.283057 -1.01417e-10 -6.58703e-13 4.31081e-13
1.315 0.718125 -1.69763e-10 0.281875 -1.05742e-10 -6.53683e-13 4.33664e-13
1.32 0.719303 -1.67226e-10 0.280696 -1.10273e-10 -6.48485e-13 4.36342e-13
1.325 0.720479 -1.64097e-10 0.27952 -1.15013e-10 -6.43135e-13 4.39126e-13
1.33 0.721652 -1.60586e-10 0.278347 -1.19961e-10 -6.37645e-13 4.41993e-13
1.335 0.722823 -1.56689e-10 0.277177 -1.2512e-10 -6.32085e-13 4.45027e-13
1.34 0.723991 -1.52405e-10 0.276009 -1.30488e-10 -6.26419e-13 4.48217e-13
1.345 0.725156 -1.47734e-10 0.274843 -1.36065e-10 -6.20621e-13 4.51529e-13
1.35 0.72632 -1.42675e-10 0.27368 -1.4185e-10 -6.14853e-13 4.5498e-13
1.355 0.727481 -1.37229e-10 0.272518 -1.47839e-10 -6.09182e-13 4.58651e-13
1.36 0.728641 -1.31398e-10 0.271358 -1.5403e-10 -6.03534e-13 4.6249e-13
1.365 0.729799 -1.25186e-10 0.2702 -1.6042e-10 -5.9788e-13 4.66376e-13
1.37 0.730956 -1.18594e-10 0.269044 -1.67005e-10 -5.92159e-13 4.70297e-13
1.375 0.732111 -1.11628e-10 0.267888 -1.73779e-10 -5.86381e-13 4.74247e-13
1.38 0.733265 -1.04293e-10 0.266734 -1.80738e-10 -5.80543e-13 4.78259e-13
1.385 0.734418 -9.65951e-11 0.265581 -1.87876e-10 -5.74646e-13 4.82376e-13
1.39 0.735571 -8.85403e-11 0.264429 -1.95187e-10 -5.68762e-13 4.86555e-13
1.395 0.736722 -8.01363e-11 0.263277 -2.02664e-10 -5.62937e-13 4.90797e-13
1.4 0.737873 -7.13915e-11 0.262127 -2.10299e-10 -5.5713e-13 4.94947e-13
1.405 0.739023 -6.23148e-11 0.260976 -2.18086e-10 -5.51436e-13 4.99044e-13
1.41 0.740173 -5.29155e-11 0.259827 -2.26016e-10 -5.45788e-13 5.0312e-13
1.415 0.741322 -4.32041e-11 0.258677 -2.34081e-10 -5.40269e-13 5.07225e-13
1.42 0.742472 -3.3191e-11 0.257528 -2.42273e-10 -5.34781e-13 5.11337e-13
1.425 0.743621 -2.28879e-11 0.256378 -2.50582e-10 -5.29334e-13 5.15433e-13
1.43 0.74477 -1.23065e-11 0.255229 -2.58998e-10 -5.24036e-13 5.19561e-13
1.435 0.745919 -1.45937e-12 0.25408 -2.67513e-10 -5.18829e-13 5.23748e-13
1.44 0.747069 9.64086e-12 0.252931 -2.76116e-10 -5.13676e-13 5.2787e-13
1.445 0.748219 2.09812e-11 0.251781 -2.84798e-10 -5.08645e-13 5.3188e-13
1.45 0.749368 3.25481e-11 0.250631 -2.93548e-10 -5.03687e-13 5.35813e-13
1.455 0.750519 4.4481e-11 0.249481 -3.02518e-10 -4.98779e-13 5.39655e-13
1.46 0.751669 5.68958e-11 0.24833 -3.11828e-10 -4.93956e-13 5.43377e-13
1.465 0.75282 6.97396e-11 0.247179 -3.21431e-10 -4.89254e-13 5.46981e-13
1.47 0.753972 8.29608e-11 0.246027 -3.31277e-10 -4.8463e-13 5.50493e-13
1.475 0.755124 9.6509e-11 0.244875 -3.41323e-10 -4.80059e-13 5.5389e-13
1.48 0.756277 1.10335e-10 0.243722 -3.51522e-10 -4.75594e-13 5.57113e-13
1.485 0.757431 1.24393e-10 0.242569 -3.61833e-10 -4.71224e-13 5.60254e-13
1.49 0.758585 1.38637e-10 0.241415 -3.72214e-10 -4.66905e-13 5.63273e-13
1.495 0.759739 1.53023e-10 0.24026 -3.82628e-10 -4.62634e-13 5.66152e-13
1.5 0.760895 1.6751e-10 0.239105 -3.93037e-10 -4.58455e-13 5.68926e-13
1.505 0.762051 1.82059e-10 0.237948 -4.03409e-10 -4.54312e-13 5.71497e-13
1.51 0.763208 1.96633e-10 0.236792 -4.1371e-10 -4.50202e-13 5.73838e-13
1.515 0.764366 2.11198e-10 0.235634 -4.23912e-10 -4.46035e-13 5.76073e-13
1.52 0.765524 2.25721e-10 0.234476 -4.33989e-10 -4.41948e-13 5.78205e-13
1.525 0.766683 2.40172e-10 0.233317 -4.43914e-10 -4.37882e-13 5.80312e-13
1.53 0.767843 2.54524e-10 0.232157 -4.53667e-10 -4.3385e-13 5.82323e-13
1.535 0.769003 2.68753e-10 0.230996 -4.63229e-10 -4.29838e-13 5.84194e-13
1.54 0.770164 2.82834e-10 0.229835 -4.72581e-10 -4.25751e-13 5.85818e-13
1.545 0.771326 2.96746e-10 0.228673 -4.81708e-10 -4.21672e-13 5.87298e-13
1.55 0.772489 3.1047e-10 0.227511 -4.90596e-10 -4.17633e-13 5.88698e-13
1.555 0.773652 3.23987e-10 0.226348 -4.99235e-10 -4.13675e-13 5.89963e-13
1.56 0.774815 3.37285e-10 0.225185 -5.07615e-10 -4.09654e-13 5.91206e-13
1.565 0.775979 3.50347e-10 0.224021 -5.1573e-10 -4.05657e-13 5.92351e-13
1.57 0.777144 3.63164e-10 0.222856 -5.23572e-10 -4.01607e-13 5.93367e-13
1.575 0.778308 3.75725e-10 0.221691 -5.31139e-10 -3.97568e-13 5.94277e-13
1.58 0.779474 3.88022e-10 0.220526 -5.38427e-10 -3.93506e-13 5.95069e-13
1.585 0.780639 4.00042e-10 0.21936 -5.45428e-10 -3.89478e-13 5.95754e-13
1.59 0.781805 4.11774e-10 0.218194 -5.52138e-10 -3.85499e-13 5.96262e-13
1.595 0.782971 4.23212e-10 0.217028 -5.58554e-10 -3.81552e-13 5.96326e-13
1.6 0.784137 4.34351e-10 0.215862 -5.64678e-10 -3.77559e-13 5.9603e-13
1.605 0.785304 4.45186e-10 0.214696 -5.7051e-10 -3.73611e-13 5.95443e-13
1.61 0.78647 4.55713e-10 0.21353 -5.7605e-10 -3.69642e-13 5.94604e-13
1.615 0.787636 4.65919e-10 0.212364 -5.813e-10 -3.65596e-13 5.93525e-13
1.62 0.788802 4.75796e-10 0.211198 -5.8626e-10 -3.61522e-13 5.92273e-13
1.625 0.789967 4.85339e-10 0.210032 -5.9093e-10 -3.57429e-13 5.90792e-13
1.63 0.791133 4.94541e-10 0.208867 -5.9531e-10 -3.53295e-13 5.89149e-13
1.635 0.792298 5.03395e-10 0.207702 -5.99401e-10 -3.4904e-13 5.87426e-13
1.64 0.793462 5.11896e-10 0.206538 -6.03203e-10 -3.44759e-13 5.8568e-13
1.645 0.794626 5.20036e-10 0.205374 -6.06714e-10 -3.40329e-13 5.83643e-13
1.65 0.795789 5.27808e-10 0.204211 -6.09935e-10 -3.35927e-13 5.81385e-13
1.655 0.796951 5.35205e-10 0.203049 -6.12865e-10 -3.31401e-13 5.78991e-13
1.66 0.798112 5.42218e-10 0.201887 -6.15501e-10 -3.26851e-13 5.76506e-13
1.665 0.799273 5.48841e-10 0.200727 -6.17842e-10 -3.22325e-13 5.73892e-13
1.67 0.800432 5.55061e-10 0.199568 -6.19886e-10 -3.1776e-13 5.71196e-13
1.675 0.80159 5.60873e-10 0.19841 -6.21632e-10 -3.13105e-13 5.68449e-13
1.68 0.802747 5.66269e-10 0.197253 -6.23078e-10 -3.08466e-13 5.65697e-13
1.685 0.803902 5.71235e-10 0.196098 -6.24218e-10 -3.03846e-13 5.62856e-13
1.69 0.805056 5.75762e-10 0.194944 -6.25048e-10 -2.99273e-13 5.6001e-13
1.695 0.806208 5.79834e-10 0.193792 -6.25558e-10 -2.94692e-13 5.57097e-13
1.7 0.807358 5.83441e-10 0.192642 -6.25744e-10 -2.90115e-13 5.54164e-13
1.705 0.808506 5.86583e-10 0.191493 -6.25616e-10 -2.85567e-13 5.512e-13
1.71 0.809653 5.89261e-10 0.190347 -6.25181e-10 -2.81097e-13 5.48233e-13
1.715 0.810797 5.91454e-10 0.189203 -6.24423e-10 -2.76643e-13 5.45299e-13
1.72 0.811939 5.93144e-10 0.18806 -6.23328e-10 -2.72149e-13 5.42469e-13
1.725 0.813079 5.94313e-10 0.186921 -6.21885e-10 -2.67558e-13 5.397e-13
1.73 0.814216 5.94948e-10 0.185783 -6.20081e-10 -2.63041e-13 5.3695e-13
1.735 0.815351 5.95034e-10 0.184649 -6.17909e-10 -2.58528e-13 5.34271e-13
1.74 0.816483 5.94561e-10 0.183517 -6.1536e-10 -2.54073e-13 5.31674e-13
1.745 0.817613 5.9352e-10 0.182387 -6.12427e-10 -2.49679e-13 5.2919e-13
1.75 0.818739 5.91953e-10 0.181261 -6.09157e-10 -2.45444e-13 5.26814e-13
1.755 0.819862 5.89898e-10 0.180138 -6.05587e-10 -2.41245e-13 5.24631e-13
1.76 0.820982 5.87332e-10 0.179018 -6.01698e-10 -2.37099e-13 5.2258e-13
1.765 0.822099 5.84237e-10 0.177901 -5.97476e-10 -2.33058e-13 5.20758e-13
1.77 0.823212 5.80603e-10 0.176788 -5.92908e-10 -2.29095e-13 5.19185e-13
1.775 0.824322 5.76422e-10 0.175678 -5.87988e-10 -2.25138e-13 5.17787e-13
1.78 0.825428 5.71686e-10 0.174571 -5.82708e-10 -2.21251e-13 5.16565e-13
1.785 0.826531 5.66394e-10 0.173469 -5.77064e-10 -2.17437e-13 5.15531e-13
1.79 0.82763 5.60544e-10 0.17237 -5.71051e-10 -2.13602e-13 5.14666e-13
1.795 0.828724 5.54135e-10 0.171276 -5.64667e-10 -2.09766e-13 5.14031e-13
1.8 0.829815 5.47171e-10 0.170185 -5.57911e-10 -2.05929e-13 5.13669e-13
1.805 0.830901 5.39658e-10 0.169099 -5.50782e-10 -2.02072e-13 5.13569e-13
1.81 0.831983 5.31602e-10 0.168017 -5.43283e-10 -1.98117e-13 5.13745e-13
1.815 0.83306 5.23021e-10 0.16694 -5.35412e-10 -1.9415e-13 5.14193e-13
1.82 0.834133 5.13924e-10 0.165867 -5.27179e-10 -1.90161e-13 5.14896e-13
1.825 0.835202 5.04328e-10 0.164798 -5.18592e-10 -1.86105e-13 5.1584e-13
1.83 0.836265 4.94256e-10 0.163735 -5.09661e-10 -1.81941e-13 5.17098e-13
1.835 0.837324 4.83734e-10 0.162676 -5.004e-10 -1.77785e-13 5.18591e-13
1.84 0.838377 4.72796e-10 0.161623 -4.90828e-10 -1.73511e-13 5.2041e-13
1.845 0.839426 4.61483e-10 0.160574 -4.80973e-10 -1.69174e-13 5.22577e-13
1.85 0.840469 4.49846e-10 0.159531 -4.70869e-10 -1.64732e-13 5.25141e-13
1.855 0.841507 4.37957e-10 0.158493 -4.60574e-10 -1.6018e-13 5.28048e-13
1.86 0.84254 4.25688e-10 0.15746 -4.50094e-10 -1.55499e-13 5.31285e-13
1.865 0.843567 4.13055e-10 0.156433 -4.39438e-10 -1.50711e-13 5.34825e-13
1.87 0.844588 4.00157e-10 0.155412 -4.28695e-10 -1.45829e-13 5.38586e-13
1.875 0.845604 3.87102e-10 0.154396 -4.17959e-10 -1.40853e-13 5.42672e-13
1.88 0.846614 3.74006e-10 0.153386 -4.07332e-10 -1.35782e-13 5.47149e-13
1.885 0.847619 3.61004e-10 0.152382 -3.96916e-10 -1.30583e-13 5.51906e-13
1.89 0.848617 3.48136e-10 0.151383 -3.86782e-10 -1.25226e-13 5.56895e-13
1.895 0.849609 3.355e-10 0.150391 -3.77017e-10 -1.19684e-13 5.62132e-13
1.9 0.850595 3.23201e-10 0.149405 -3.67724e-10 -1.14008e-13 5.67551e-13
1.905 0.851575 3.11327e-10 0.148425 -3.58993e-10 -1.08238e-13 5.7314e-13
1.91 0.852549 2.99953e-10 0.147451 -3.50899e-10 -1.02366e-13 5.78839e-13
1.915 0.853516 2.89139e-10 0.146484 -3.43508e-10 -9.64179e-14 5.84663e-13
1.92 0.854477 2.78938e-10 0.145523 -3.36872e-10 -9.03277e-14 5.90481e-13
1.925 0.855431 2.69394e-10 0.144569 -3.31039e-10 -8.41091e-14 5.96373e-13
1.93 0.856379 2.60547e-10 0.143621 -3.26051e-10 -7.77186e-14 6.02354e-13
1.935 0.85732 2.5243e-10 0.14268 -3.2194e-10 -7.11916e-14 6.08479e-13
1.94 0.858254 2.45071e-10 0.141746 -3.18733e-10 -6.45083e-14 6.14683e-13
1.945 0.859182 2.38501e-10 0.140818 -3.16451e-10 -5.76809e-14 6.20949e-13
1.95 0.860103 2.32762e-10 0.139897 -3.15107e-10 -5.07367e-14 6.27219e-13
1.955 0.861017 2.2792e-10 0.138983 -3.14709e-10 -4.36471e-14 6.33462e-13
1.96 0.861924 2.23611e-10 0.138076 -3.14905e-10 -3.64049e-14 6.39607e-13
1.965 0.862824 2.19622e-10 0.137176 -3.1547e-10 -2.89901e-14 6.45672e-13
1.97 0.863717 2.16181e-10 0.136284 -3.16616e-10 -2.15083e-14 6.51772e-13
1.975 0.864602 2.13508e-10 0.135398 -3.18536e-10 -1.38993e-14 6.5788e-13
1.98 0.865481 2.11818e-10 0.134519 -3.21408e-10 -6.17203e-15 6.63857e-13
1.985 0.866353 2.11338e-10 0.133647 -3.25386e-10 1.59745e-15 6.69707e-13
1.99 0.867217 2.1231e-10 0.132783 -3.30607e-10 9.47904e-15 6.75512e-13
1.995 0.868074 2.14603e-10 0.131926 -3.3712e-10 1.7506e-14 6.81294e-13
2 0.868924 2.18439e-10 0.131076 -3.44987e-10 2.56173e-14 6.87044e-13
2.005 0.869766 2.24075e-10 0.130234 -3.54339e-10 3.37919e-14 6.92785e-13
2.01 0.870602 2.31687e-10 0.129399 -3.65303e-10 4.19754e-14 6.98398e-13
2.015 0.871429 2.41556e-10 0.128571 -3.78246e-10 5.02153e-14 7.03793e-13
2.02 0.87225 2.53976e-10 0.127751 -3.93424e-10 5.84644e-14 7.09075e-13
2.025 0.873063 2.68866e-10 0.126938 -4.10826e-10 6.66963e-14 7.14326e-13
2.03 0.873868 2.86143e-10 0.126132 -4.30448e-10 7.48939e-14 7.19426e-13
2.035 0.874666 3.05714e-10 0.125334 -4.52297e-10 8.31582e-14 7.24476e-13
2.04 0.875457 3.27694e-10 0.124543 -4.76272e-10 9.1394e-14 7.29465e-13
2.045 0.87624 3.52003e-10 0.12376 -5.02328e-10 9.96188e-14 7.34205e-13
2.05 0.877016 3.78751e-10 0.122984 -5.30577e-10 1.07838e-13 7.38809e-13
2.055 0.877784 4.08039e-10 0.122216 -5.61129e-10 1.16005e-13 7.43264e-13
2.06 0.878545 4.39964e-10 0.121456 -5.94093e-10 1.2409e-13 7.47545e-13
2.065 0.879298 4.7465e-10 0.120702 -6.29601e-10 1.32138e-13 7.51748e-13
2.07 0.880044 5.12138e-10 0.119957 -6.67833e-10 1.40076e-13 7.5586e-13
2.075 0.880782 5.52715e-10 0.119218 -7.09088e-10 1.47971e-13 7.59874e-13
2.08 0.881513 5.96543e-10 0.118487 -7.53534e-10 1.55823e-13 7.6377e-13
2.085 0.882236 6.43598e-10 0.117764 -8.01171e-10 1.6358e-13 7.67498e-13
2.09 0.882952 6.94288e-10 0.117048 -8.52364e-10 1.71224e-13 7.71086e-13
2.095 0.883661 7.48876e-10 0.11634 -9.07389e-10 1.78611e-13 7.74204e-13
2.1 0.884362 8.07272e-10 0.115639 -9.66152e-10 1.85835e-13 7.77189e-13
2.105 0.885055 8.69394e-10 0.114945 -1.02858e-09 1.92916e-13 7.8001e-13
2.11 0.885742 9.35196e-10 0.114259 -1.0946e-09 1.99854e-13 7.83056e-13
2.115 0.886421 1.00455e-09 0.11358 -1.16412e-09 2.06632e-13 7.85996e-13
2.12 0.887092 1.07741e-09 0.112908 -1.23712e-09 2.13223e-13 7.88827e-13
2.125 0.887757 1.15376e-09 0.112244 -1.31357e-09 2.1967e-13 7.91539e-13
2.13 0.888414 1.23355e-09 0.111587 -1.39345e-09 2.26003e-13 7.94175e-13
2.135 0.889064 1.3168e-09 0.110937 -1.47676e-09 2.32172e-13 7.96724e-13
2.14 0.889706 1.40329e-09 0.110294 -1.56329e-09 2.38181e-13 7.99224e-13
2.145 0.890342 1.4929e-09 0.109659 -1.65292e-09 2.44101e-13 8.01602e-13
2.15 0.89097 1.58578e-09 0.10903 -1.74581e-09 2.49861e-13 8.03892e-13
2.155 0.891592 1.68203e-09 0.108409 -1.84208e-09 2.55488e-13 8.06074e-13
2.16 0.892206 1.78178e-09 0.107795 -1.94182e-09 2.60946e-13 8.08161e-13
2.165 0.892813 1.8851e-09 0.107187 -2.04515e-09 2.66246e-13 8.10193e-13
2.17 0.893413 1.99208e-09 0.106587 -2.15212e-09 2.7142e-13 8.12168e-13
2.175 0.894007 2.10279e-09 0.105994 -2.26283e-09 2.76319e-13 8.14004e-13
2.18 0.894593 2.21729e-09 0.105407 -2.37732e-09 2.81023e-13 8.15845e-13
2.185 0.895173 2.33564e-09 0.104827 -2.49567e-09 2.85449e-13 8.17586e-13
2.19 0.895746 2.45791e-09 0.104254 -2.61793e-09 2.89752e-13 8.19318e-13
2.195 0.896313 2.58412e-09 0.103688 -2.74414e-09 2.93909e-13 8.21024e-13
2.2 0.896872 2.71429e-09 0.103128 -2.8743e-09 2.97865e-13 8.22673e-13
2.205 0.897426 2.84847e-09 0.102575 -3.00848e-09 3.01627e-13 8.24273e-13
2.21 0.897972 2.98673e-09 0.102028 -3.14673e-09 3.0522e-13 8.25822e-13
2.215 0.898512 3.12903e-09 0.101488 -3.28902e-09 3.08646e-13 8.27283e-13
2.22 0.899046 3.27534e-09 0.100954 -3.43531e-09 3.11869e-13 8.28725e-13
2.225 0.899574 3.42562e-09 0.100427 -3.58558e-09 3.14915e-13 8.3011e-13
2.23 0.900095 3.57983e-09 0.0999053 -3.73978e-09 3.17803e-13 8.31422e-13
2.235 0.90061 3.73794e-09 0.0993902 -3.89787e-09 3.20664e-13 8.32605e-13
2.24 0.901119 3.8999e-09 0.0988813 -4.05982e-09 3.23427e-13 8.3368e-13
2.245 0.901622 4.06568e-09 0.0983783 -4.22559e-09 3.262e-13 8.34565e-13
2.25 0.902119 4.23523e-09 0.0978814 -4.39514e-09 3.28911e-13 8.35389e-13
2.255 0.90261 4.40852e-09 0.0973904 -4.56842e-09 3.31552e-13 8.36119e-13
2.26 0.903095 4.58552e-09 0.0969052 -4.74542e-09 3.34206e-13 8.36712e-13
2.265 0.903575 4.76618e-09 0.0964258 -4.92607e-09 3.3683e-13 8.37253e-13
2.27 0.904048 4.95043e-09 0.095952 -5.11032e-09 3.3939e-13 8.37747e-13
2.275 0.904517 5.13824e-09 0.0954839 -5.29813e-09 3.41835e-13 8.38242e-13
2.28 0.904979 5.32956e-09 0.0950213 -5.48944e-09 3.44265e-13 8.38719e-13
2.285 0.905436 5.52433e-09 0.0945642 -5.68421e-09 3.46435e-13 8.39373e-13
2.29 0.905888 5.72249e-09 0.0941124 -5.88237e-09 3.48408e-13 8.40221e-13
2.295 0.906335 5.92399e-09 0.0936659 -6.08387e-09 3.50058e-13 8.41284e-13
2.3 0.906776 6.12876e-09 0.0932246 -6.28864e-09 3.51432e-13 8.42563e-13
2.305 0.907212 6.33673e-09 0.0927885 -6.49661e-09 3.52509e-13 8.44183e-13
2.31 0.907643 6.54785e-09 0.0923574 -6.70774e-09 3.53286e-13 8.46027e-13
2.315 0.908069 6.76204e-09 0.0919312 -6.92194e-09 3.53755e-13 8.48446e-13
2.32 0.90849 6.97924e-09 0.09151 -7.13914e-09 3.53991e-13 8.51406e-13
2.325 0.908907 7.19936e-09 0.0910935 -7.35928e-09 3.53877e-13 8.55012e-13
2.33 0.909319 7.42234e-09 0.0906817 -7.58229e-09 3.53505e-13 8.59147e-13
2.335 0.909726 7.6481e-09 0.0902745 -7.80808e-09 3.52911e-13 8.63891e-13
2.34 0.910129 7.87659e-09 0.0898718 -8.03659e-09 3.52059e-13 8.69112e-13
2.345 0.910527 8.10772e-09 0.0894736 -8.26775e-09 3.51016e-13 8.74829e-13
2.35 0.910921 8.34142e-09 0.0890797 -8.50148e-09 3.49718e-13 8.8107e-13
2.355 0.91131 8.5776e-09 0.0886901 -8.73768e-09 3.48238e-13 8.87724e-13
2.36 0.911696 8.81618e-09 0.0883046 -8.97628e-09 3.4631e-13 8.94503e-13
2.365 0.912077 9.05707e-09 0.0879231 -9.2172e-09 3.44118e-13 9.01421e-13
2.37 0.912455 9.3002e-09 0.0875456 -9.46034e-09 3.41626e-13 9.08447e-13
2.375 0.912828 9.54546e-09 0.087172 -9.70563e-09 3.38822e-13 9.15481e-13
2.38 0.913198 9.79278e-09 0.0868022 -9.95296e-09 3.3575e-13 9.22567e-13
2.385 0.913564 1.00421e-08 0.086436 -1.02023e-08 3.32364e-13 9.29552e-13
2.39 0.913927 1.02932e-08 0.0860734 -1.04534e-08 3.28667e-13 9.36444e-13
2.395 0.914286 1.05462e-08 0.0857143 -1.07064e-08 3.24813e-13 9.43355e-13
2.4 0.914642 1.08009e-08 0.0853587 -1.09611e-08 3.20832e-13 9.50218e-13
2.405 0.914994 1.10571e-08 0.0850063 -1.12174e-08 3.16779e-13 9.57028e-13
2.41 0.915343 1.13149e-08 0.0846571 -1.14752e-08 3.12572e-13 9.63906e-13
2.415 0.915689 1.15742e-08 0.0843111 -1.17344e-08 3.08339e-13 9.70825e-13
2.42 0.916032 1.18347e-08 0.0839681 -1.1995e-08 3.03995e-13 9.77756e-13
2.425 0.916372 1.20965e-08 0.0836281 -1.22568e-08 2.99545e-13 9.84743e-13
2.43 0.91671 1.23595e-08 0.0832909 -1.25198e-08 2.95181e-13 9.91802e-13
2.435 0.917044 1.26235e-08 0.0829564 -1.27838e-08 2.90719e-13 9.98867e-13
2.44 0.917376 1.28885e-08 0.0826247 -1.30488e-08 2.86256e-13 1.00604e-12
2.445 0.917705 1.31543e-08 0.0822955 -1.33146e-08 2.81796e-13 1.01321e-12
2.45 0.918032 1.34209e-08 0.0819687 -1.35812e-08 2.77287e-13 1.02039e-12
2.455 0.918356 1.36882e-08 0.0816444 -1.38485e-08 2.72656e-13 1.02757e-12
2.46 0.918678 1.3956e-08 0.0813223 -1.41163e-08 2.68053e-13 1.03485e-12
2.465 0.918998 1.42243e-08 0.0810024 -1.43846e-08 2.63567e-13 1.04224e-12
2.47 0.919316 1.44931e-08 0.0806847 -1.46534e-08 2.59082e-13 1.04955e-12
2.475 0.919632 1.47621e-08 0.0803689 -1.49224e-08 2.54681e-13 1.05685e-12
2.48 0.919945 1.50315e-08 0.0800551 -1.51918e-08 2.5032e-13 1.06427e-12
2.485 0.920257 1.5301e-08 0.0797432 -1.54612e-08 2.45932e-13 1.07171e-12
2.49 0.920568 1.55705e-08 0.079433 -1.57308e-08 2.41512e-13 1.07901e-12
2.495 0.920876 1.584e-08 0.0791244 -1.60003e-08 2.37017e-13 1.08614e-12
2.5 0.921183 1.61094e-08 0.0788173 -1.62697e-08 2.32611e-13 1.09324e-12
