0 0 0 1 0 0 0
0.05 0.0039845 5.48263e-16 0.995931 5.78985e-16 -7.7511e-15 -2.07832e-15
0.1 0.0157995 4.94928e-16 0.984168 6.30225e-16 -1.55718e-14 -3.49065e-15
0.15 0.0350346 5.32199e-16 0.965036 6.20465e-16 -2.27507e-14 -4.56338e-15
0.2 0.0609973 5.35579e-16 0.939214 6.53483e-16 -2.89641e-14 -5.0607e-15
0.25 0.0927865 4.86242e-16 0.907581 7.319e-16 -3.44383e-14 -5.26107e-15
0.3 0.129337 3.69752e-16 0.871177 8.206e-16 -3.91897e-14 -4.87997e-15
0.35 0.169508 4.59803e-16 0.831129 8.81144e-16 -4.26898e-14 -4.12043e-15
0.4 0.212135 4.38438e-16 0.788593 9.49277e-16 -4.4876e-14 -3.1639e-15
0.45 0.256107 3.08779e-16 0.744697 1.20982e-15 -4.59996e-14 -2.1206e-15
0.5 0.300368 -1.89222e-16 0.700504 1.71428e-15 -4.6215e-14 -1.19017e-15
0.55 0.343979 -5.75096e-16 0.656963 2.2688e-15 -4.5597e-14 -3.25015e-16
0.6 0.386143 -1.23139e-15 0.614871 2.88839e-15 -4.42349e-14 5.40919e-16
0.65 0.426208 -1.8761e-15 0.57486 3.50176e-15 -4.23295e-14 1.27393e-15
0.7 0.463734 -2.09733e-15 0.53739 3.6804e-15 -4.00485e-14 1.84984e-15
0.75 0.498416 -2.12769e-15 0.502759 3.67935e-15 -3.7758e-14 2.14981e-15
0.8 0.530106 -2.49988e-15 0.47111 4.0017e-15 -3.56209e-14 2.22983e-15
0.85 0.558794 -2.14419e-15 0.442453 3.64748e-15 -3.34869e-14 2.27468e-15
0.9 0.584572 -1.46331e-15 0.416692 3.11156e-15 -3.13652e-14 2.2541e-15
0.95 0.607626 -1.00234e-15 0.393641 2.72883e-15 -2.93578e-14 2.2344e-15
1 0.628216 -9.55098e-16 0.373049 2.7094e-15 -2.76076e-14 2.14689e-15
1.05 0.646625 -7.64343e-16 0.354622 2.56083e-15 -2.59296e-14 1.92523e-15
1.1 0.663182 -5.99766e-16 0.338039 2.3306e-15 -2.39176e-14 1.24919e-15
1.15 0.678224 -4.89983e-16 0.322968 2.07654e-15 -2.2056e-14 7.1673e-16
1.2 0.69208 -1.98983e-16 0.309077 1.77808e-15 -2.00813e-14 1.09489e-16
1.25 0.705089 7.0819e-17 0.296059 1.55223e-15 -1.87843e-14 5.51018e-17
1.3 0.717498 2.79346e-17 0.283644 1.51028e-15 -1.78029e-14 1.50059e-16
1.35 0.72954 -5.83365e-17 0.271595 1.63692e-15 -1.70552e-14 5.14214e-16
1.4 0.741412 -3.79305e-16 0.259712 1.95481e-15 -1.64049e-14 9.9362e-16
1.45 0.753275 -8.28626e-16 0.247835 2.3536e-15 -1.58495e-14 1.71159e-15
1.5 0.765228 -1.3715e-15 0.235867 2.90549e-15 -1.55291e-14 2.46721e-15
1.55 0.777313 -2.03281e-15 0.223771 3.55173e-15 -1.54685e-14 3.35381e-15
1.6 0.789547 -2.76588e-15 0.211529 4.29742e-15 -1.56285e-14 4.25198e-15
1.65 0.801901 -3.43986e-15 0.199173 5.03295e-15 -1.58614e-14 5.09486e-15
1.7 0.814272 -4.20545e-15 0.186803 5.78602e-15 -1.61259e-14 5.88143e-15
1.75 0.826522 -4.87778e-15 0.174557 6.45201e-15 -1.63382e-14 6.56272e-15
1.8 0.838442 -5.47597e-15 0.162635 7.01886e-15 -1.67214e-14 7.25536e-15
1.85 0.849927 -5.88715e-15 0.151148 7.42132e-15 -1.69902e-14 7.80437e-15
1.9 0.860877 -6.12989e-15 0.140197 7.66277e-15 -1.72137e-14 8.17974e-15
1.95 0.871226 -6.21817e-15 0.129848 7.7355e-15 -1.74634e-14 8.50033e-15
2 0.880878 -6.26437e-15 0.120195 7.77751e-15 -1.75922e-14 8.94964e-15
2.05 0.889873 -6.26494e-15 0.1112 7.75849e-15 -1.78e-14 9.06835e-15
2.1 0.898327 -6.01855e-15 0.102746 7.51205e-15 -1.76975e-14 9.17928e-15
2.15 0.906288 -5.46174e-15 0.0947845 6.95451e-15 -1.80062e-14 8.80126e-15
2.2 0.91375 -4.61346e-15 0.087324 6.10902e-15 -1.79095e-14 8.60238e-15
2.25 0.920676 -3.56964e-15 0.0803999 5.06617e-15 -1.78312e-14 8.84005e-15
2.3 0.927034 -2.42519e-15 0.0740422 3.92686e-15 -1.74614e-14 9.27209e-15
2.35 0.932846 -1.17813e-15 0.0682293 2.65841e-15 -1.73599e-14 9.56929e-15
2.4 0.938561 1.99369e-16 0.0625098 1.28506e-15 -1.72517e-14 9.37237e-15
2.45 0.944365 1.90424e-15 0.0566971 -4.34107e-16 -1.70399e-14 8.79124e-15
2.5 0.949841 3.62245e-15 0.051221 -2.154e-15 -1.73108e-14 7.72319e-15
