0 0 0 1 0 0 0
0.01 0.000158953 -3.99225e-16 0.999821 2.16467e-17 -2.02321e-15 -7.86411e-15
0.02 0.000635721 -2.89208e-16 0.999344 -9.07191e-17 -4.00437e-15 -1.60853e-14
0.03 0.00143008 -2.29602e-16 0.998549 -7.93854e-17 -6.10049e-15 -2.44661e-14
0.04 0.00254123 -2.82349e-16 0.997438 -7.46711e-17 -8.30171e-15 -3.25851e-14
0.05 0.00396793 -2.43067e-16 0.996012 -7.72222e-17 -1.06118e-14 -4.03952e-14
0.06 0.00570818 -3.01284e-16 0.994273 -7.97569e-17 -1.29901e-14 -4.81123e-14
0.07 0.00775903 -3.54533e-16 0.992224 -7.84514e-17 -1.54674e-14 -5.55841e-14
0.08 0.0101176 -3.42067e-16 0.989867 -8.80645e-17 -1.80326e-14 -6.30427e-14
0.09 0.0127809 -3.55373e-16 0.987205 -9.40595e-17 -2.06845e-14 -7.06188e-14
0.1 0.0157447 -4.13024e-16 0.984243 -9.21916e-17 -2.34134e-14 -7.82955e-14
0.11 0.0190051 -5.81919e-17 0.980984 -1.01018e-16 -2.62019e-14 -8.59622e-14
0.12 0.0225572 2.11577e-17 0.977434 -9.11934e-17 -2.90399e-14 -9.34239e-14
0.13 0.0263986 3.30118e-16 0.973596 -9.30382e-17 -3.19039e-14 -1.00751e-13
0.14 0.0305222 1.96514e-16 0.969477 -8.40452e-17 -3.47831e-14 -1.07817e-13
0.15 0.0349222 2.33302e-16 0.965081 -4.27916e-17 -3.76365e-14 -1.14681e-13
0.16 0.0395925 3.8764e-16 0.960416 1.70206e-18 -4.05315e-14 -1.21291e-13
0.17 0.0445269 2.28037e-16 0.955488 5.70825e-17 -4.34687e-14 -1.27774e-13
0.18 0.0497185 1.37421e-16 0.950303 1.11525e-16 -4.64315e-14 -1.34003e-13
0.19 0.0551604 -1.23535e-17 0.944869 8.90563e-17 -4.94305e-14 -1.40083e-13
0.2 0.0608452 1.48004e-17 0.939192 1.23285e-16 -5.24516e-14 -1.45999e-13
0.21 0.0667653 9.58134e-18 0.933281 1.45694e-16 -5.54989e-14 -1.51798e-13
0.22 0.0729129 3.05249e-16 0.927143 1.60937e-16 -5.85488e-14 -1.57367e-13
0.23 0.07928 2.56123e-16 0.920786 1.65716e-16 -6.15986e-14 -1.62701e-13
0.24 0.0858583 1.07596e-16 0.914218 1.82562e-16 -6.4644e-14 -1.67846e-13
0.25 0.0926394 1.13627e-16 0.907448 2.0045e-16 -6.76827e-14 -1.72843e-13
0.26 0.0996148 2.67182e-16 0.900485 1.73682e-16 -7.0713e-14 -1.7762e-13
0.27 0.106775 2.78734e-16 0.893337 1.3889e-16 -7.37344e-14 -1.82274e-13
0.28 0.114113 3.31441e-16 0.886013 1.02463e-16 -7.67071e-14 -1.86751e-13
0.29 0.121618 3.24801e-16 0.878523 8.74535e-17 -7.96701e-14 -1.90988e-13
0.3 0.12928 4.53762e-16 0.870874 5.35896e-17 -8.26085e-14 -1.9497e-13
0.31 0.137092 6.65046e-16 0.863078 7.41405e-17 -8.54983e-14 -1.98744e-13
0.32 0.145043 8.34992e-16 0.855143 2.87846e-17 -8.83417e-14 -2.02285e-13
0.33 0.153124 8.08872e-16 0.847078 9.6153e-17 -9.11249e-14 -2.05603e-13
0.34 0.161326 7.29931e-16 0.838894 2.92955e-16 -9.38441e-14 -2.08711e-13
0.35 0.169639 7.78608e-16 0.830599 5.20365e-16 -9.65089e-14 -2.11661e-13
0.36 0.178053 6.52838e-16 0.822202 7.26765e-16 -9.90966e-14 -2.14442e-13
0.37 0.18656 1.79369e-16 0.813714 1.07966e-15 -1.01619e-13 -2.17014e-13
0.38 0.19515 -3.08923e-16 0.805144 1.47057e-15 -1.04088e-13 -2.1939e-13
0.39 0.203813 -7.44694e-16 0.7965 1.89893e-15 -1.06459e-13 -2.21533e-13
0.4 0.212542 -9.40748e-16 0.787791 2.24729e-15 -1.0873e-13 -2.23453e-13
0.41 0.221325 -1.2767e-15 0.779028 2.64514e-15 -1.10921e-13 -2.25173e-13
0.42 0.230156 -1.59953e-15 0.770217 3.0583e-15 -1.13025e-13 -2.26662e-13
0.43 0.239024 -2.07692e-15 0.76137 3.55657e-15 -1.15032e-13 -2.28007e-13
0.44 0.247922 -2.6425e-15 0.752492 3.99719e-15 -1.16921e-13 -2.29143e-13
0.45 0.256841 -3.0129e-15 0.743594 4.43239e-15 -1.18694e-13 -2.30191e-13
0.46 0.265773 -3.52747e-15 0.734683 4.8685e-15 -1.20367e-13 -2.31084e-13
0.47 0.274711 -4.23399e-15 0.725767 5.36552e-15 -1.21931e-13 -2.31834e-13
0.48 0.283645 -4.92314e-15 0.716854 5.88407e-15 -1.23407e-13 -2.32462e-13
0.49 0.292568 -5.74829e-15 0.707951 6.32058e-15 -1.24766e-13 -2.33054e-13
0.5 0.301475 -6.15627e-15 0.699065 6.70705e-15 -1.26012e-13 -2.3354e-13
0.51 0.310356 -6.47081e-15 0.690205 7.02947e-15 -1.27158e-13 -2.33901e-13
0.52 0.319205 -6.92783e-15 0.681376 7.36614e-15 -1.28228e-13 -2.34203e-13
0.53 0.328016 -7.21743e-15 0.672586 7.71082e-15 -1.29216e-13 -2.34477e-13
0.54 0.336782 -7.66216e-15 0.66384 7.97194e-15 -1.3e-13 -2.34565e-13
0.55 0.345497 -7.80277e-15 0.655144 8.2757e-15 -1.30742e-13 -2.34557e-13
0.56 0.354157 -8.36774e-15 0.646505 8.63715e-15 -1.3143e-13 -2.34459e-13
0.57 0.362756 -8.98492e-15 0.637928 9.05015e-15 -1.32064e-13 -2.34196e-13
0.58 0.371286 -9.5212e-15 0.629419 9.49109e-15 -1.32647e-13 -2.33896e-13
0.59 0.379743 -9.85533e-15 0.620982 9.89783e-15 -1.33141e-13 -2.33528e-13
0.6 0.388121 -1.04667e-14 0.612624 1.03375e-14 -1.33572e-13 -2.33041e-13
0.61 0.396418 -1.0766e-14 0.604349 1.07708e-14 -1.33905e-13 -2.32477e-13
0.62 0.404626 -1.13329e-14 0.596161 1.11249e-14 -1.34162e-13 -2.31884e-13
0.63 0.412741 -1.16667e-14 0.588066 1.14033e-14 -1.34379e-13 -2.31237e-13
0.64 0.42076 -1.17137e-14 0.580067 1.16269e-14 -1.34588e-13 -2.30584e-13
0.65 0.428677 -1.17883e-14 0.572169 1.17204e-14 -1.34701e-13 -2.29938e-13
0.66 0.43649 -1.15584e-14 0.564376 1.17926e-14 -1.34732e-13 -2.29278e-13
0.67 0.444193 -1.17846e-14 0.55669 1.1873e-14 -1.3471e-13 -2.28658e-13
0.68 0.451786 -1.15335e-14 0.549117 1.17593e-14 -1.3465e-13 -2.28007e-13
0.69 0.459263 -1.11336e-14 0.541657 1.16422e-14 -1.34553e-13 -2.27344e-13
0.7 0.466624 -1.11389e-14 0.534314 1.14949e-14 -1.34351e-13 -2.26547e-13
0.71 0.473864 -1.07839e-14 0.52709 1.13096e-14 -1.34044e-13 -2.25714e-13
0.72 0.480982 -1.06839e-14 0.519988 1.13169e-14 -1.33556e-13 -2.24799e-13
0.73 0.487976 -1.05976e-14 0.51301 1.12309e-14 -1.32961e-13 -2.23886e-13
0.74 0.494844 -1.05885e-14 0.506157 1.11071e-14 -1.32284e-13 -2.22956e-13
0.75 0.501585 -1.0644e-14 0.499431 1.09103e-14 -1.31567e-13 -2.22049e-13
0.76 0.508198 -1.06581e-14 0.492832 1.07022e-14 -1.30903e-13 -2.21178e-13
0.77 0.514681 -1.07242e-14 0.486361 1.06685e-14 -1.30162e-13 -2.20377e-13
0.78 0.521035 -1.04616e-14 0.480019 1.04344e-14 -1.29293e-13 -2.19596e-13
0.79 0.527259 -9.97903e-15 0.473807 1.0125e-14 -1.28181e-13 -2.18818e-13
0.8 0.533353 -9.67319e-15 0.467725 9.65121e-15 -1.26914e-13 -2.18038e-13
0.81 0.539316 -9.11227e-15 0.461772 8.99361e-15 -1.25524e-13 -2.17299e-13
0.82 0.545149 -8.46095e-15 0.455949 8.3464e-15 -1.24121e-13 -2.16584e-13
0.83 0.550853 -7.52585e-15 0.450254 7.74014e-15 -1.2275e-13 -2.1587e-13
0.84 0.556429 -6.53441e-15 0.444687 6.97619e-15 -1.21311e-13 -2.15175e-13
0.85 0.561876 -5.90852e-15 0.439248 6.21341e-15 -1.19772e-13 -2.14414e-13
0.86 0.567197 -5.03556e-15 0.433934 5.34579e-15 -1.18295e-13 -2.13693e-13
0.87 0.572393 -3.89983e-15 0.428745 4.40102e-15 -1.16878e-13 -2.13049e-13
0.88 0.577466 -2.97647e-15 0.423679 3.423e-15 -1.15194e-13 -2.12541e-13
0.89 0.582416 -1.92701e-15 0.418734 2.41297e-15 -1.13517e-13 -2.12124e-13
0.9 0.587246 -9.25891e-16 0.413909 1.42946e-15 -1.12016e-13 -2.11749e-13
0.91 0.591958 1.97502e-16 0.409202 4.8551e-16 -1.10566e-13 -2.11561e-13
0.92 0.596553 1.12045e-15 0.404611 -4.75475e-16 -1.09073e-13 -2.11464e-13
0.93 0.601035 2.16855e-15 0.400133 -1.49493e-15 -1.07588e-13 -2.11415e-13
0.94 0.605405 3.07886e-15 0.395766 -2.52215e-15 -1.06238e-13 -2.11414e-13
0.95 0.609666 4.05197e-15 0.391507 -3.536e-15 -1.05046e-13 -2.11461e-13
0.96 0.613821 4.91734e-15 0.387355 -4.55886e-15 -1.04065e-13 -2.11484e-13
0.97 0.617873 6.05872e-15 0.383305 -5.55909e-15 -1.03109e-13 -2.11587e-13
0.98 0.621824 7.04476e-15 0.379356 -6.50225e-15 -1.02277e-13 -2.11611e-13
0.99 0.625678 8.00096e-15 0.375503 -7.41183e-15 -1.01479e-13 -2.11813e-13
1 0.629438 8.89653e-15 0.371744 -8.29582e-15 -1.00798e-13 -2.12105e-13
1.01 0.633107 9.86026e-15 0.368076 -9.15205e-15 -1.00243e-13 -2.12474e-13
1.02 0.636688 1.06209e-14 0.364496 -9.96386e-15 -9.96548e-14 -2.12974e-13
1.03 0.640185 1.12671e-14 0.361 -1.07199e-14 -9.90877e-14 -2.13545e-13
1.04 0.643599 1.21285e-14 0.357585 -1.14497e-14 -9.84425e-14 -2.14104e-13
1.05 0.646936 1.28802e-14 0.354248 -1.214e-14 -9.79642e-14 -2.14683e-13
1.06 0.650197 1.35169e-14 0.350986 -1.27999e-14 -9.76392e-14 -2.15292e-13
1.07 0.653388 1.41525e-14 0.347796 -1.34267e-14 -9.7326e-14 -2.15935e-13
1.08 0.65651 1.47156e-14 0.344673 -1.4025e-14 -9.71214e-14 -2.16606e-13
1.09 0.659567 1.5392e-14 0.341614 -1.45665e-14 -9.69313e-14 -2.17247e-13
1.1 0.662563 1.59079e-14 0.338617 -1.50754e-14 -9.67286e-14 -2.17807e-13
1.11 0.665501 1.63046e-14 0.335678 -1.5555e-14 -9.64521e-14 -2.18408e-13
1.12 0.668384 1.68017e-14 0.332792 -1.60025e-14 -9.6162e-14 -2.19009e-13
1.13 0.671216 1.72608e-14 0.329959 -1.64167e-14 -9.59211e-14 -2.19519e-13
1.14 0.674 1.76876e-14 0.327172 -1.67855e-14 -9.56213e-14 -2.19982e-13
1.15 0.676739 1.78941e-14 0.324431 -1.71461e-14 -9.52942e-14 -2.20416e-13
1.16 0.679437 1.81356e-14 0.32173 -1.75053e-14 -9.49889e-14 -2.20858e-13
1.17 0.682097 1.86074e-14 0.319068 -1.7834e-14 -9.46501e-14 -2.21263e-13
1.18 0.684722 1.8934e-14 0.31644 -1.81491e-14 -9.4335e-14 -2.21597e-13
1.19 0.687315 1.91649e-14 0.313845 -1.84443e-14 -9.40135e-14 -2.219e-13
1.2 0.689879 1.94731e-14 0.311279 -1.87302e-14 -9.36668e-14 -2.22107e-13
1.21 0.692416 1.96928e-14 0.308738 -1.89944e-14 -9.32752e-14 -2.22297e-13
1.22 0.69493 1.99137e-14 0.306222 -1.92639e-14 -9.27398e-14 -2.22403e-13
1.23 0.697423 2.01189e-14 0.303726 -1.95268e-14 -9.21937e-14 -2.22411e-13
1.24 0.699897 2.0277e-14 0.301249 -1.97609e-14 -9.16494e-14 -2.22345e-13
1.25 0.702355 2.04899e-14 0.298788 -1.99912e-14 -9.1015e-14 -2.2225e-13
1.26 0.704799 2.05923e-14 0.29634 -2.02082e-14 -9.02284e-14 -2.22111e-13
1.27 0.707232 2.07918e-14 0.293903 -2.04111e-14 -8.93989e-14 -2.2189e-13
1.28 0.709655 2.09272e-14 0.291476 -2.06061e-14 -8.85736e-14 -2.21623e-13
1.29 0.712072 2.11334e-14 0.289056 -2.07843e-14 -8.75223e-14 -2.21367e-13
1.3 0.714483 2.13691e-14 0.286641 -2.09566e-14 -8.64089e-14 -2.21037e-13
1.31 0.71689 2.13867e-14 0.284229 -2.11285e-14 -8.51905e-14 -2.2063e-13
1.32 0.719296 2.14976e-14 0.281818 -2.12971e-14 -8.38573e-14 -2.20156e-13
1.33 0.721703 2.16854e-14 0.279408 -2.14632e-14 -8.24796e-14 -2.19631e-13
1.34 0.724111 2.18682e-14 0.276995 -2.16219e-14 -8.09829e-14 -2.18967e-13
1.35 0.726522 2.2014e-14 0.274579 -2.17888e-14 -7.93559e-14 -2.18276e-13
1.36 0.728938 2.21356e-14 0.272159 -2.19457e-14 -7.76875e-14 -2.17504e-13
1.37 0.73136 2.22174e-14 0.269732 -2.21127e-14 -7.60112e-14 -2.16655e-13
1.38 0.733791 2.23853e-14 0.267296 -2.22687e-14 -7.43021e-14 -2.15801e-13
1.39 0.736231 2.26633e-14 0.264851 -2.24182e-14 -7.24906e-14 -2.14889e-13
1.4 0.738681 2.28332e-14 0.262396 -2.25851e-14 -7.06332e-14 -2.13934e-13
1.41 0.741143 2.30812e-14 0.25993 -2.27638e-14 -6.86402e-14 -2.12947e-13
1.42 0.743616 2.31264e-14 0.257451 -2.29474e-14 -6.66606e-14 -2.1195e-13
1.43 0.746103 2.3378e-14 0.25496 -2.31314e-14 -6.45869e-14 -2.10915e-13
1.44 0.748603 2.35678e-14 0.252455 -2.33153e-14 -6.24526e-14 -2.0983e-13
1.45 0.751117 2.37837e-14 0.249936 -2.35051e-14 -6.02337e-14 -2.08775e-13
1.46 0.753645 2.39624e-14 0.247403 -2.36875e-14 -5.79605e-14 -2.07668e-13
1.47 0.756188 2.4075e-14 0.244856 -2.38454e-14 -5.56577e-14 -2.06558e-13
1.48 0.758745 2.42634e-14 0.242293 -2.39853e-14 -5.3385e-14 -2.05417e-13
1.49 0.761318 2.44477e-14 0.239716 -2.40998e-14 -5.10988e-14 -2.04223e-13
1.5 0.763905 2.4631e-14 0.237124 -2.42225e-14 -4.87593e-14 -2.03051e-13
1.51 0.766506 2.47759e-14 0.234518 -2.43283e-14 -4.6453e-14 -2.0189e-13
1.52 0.769123 2.49108e-14 0.231897 -2.44187e-14 -4.40847e-14 -2.00751e-13
1.53 0.77175 2.49504e-14 0.229265 -2.44888e-14 -4.186e-14 -1.99479e-13
1.54 0.774392 2.49909e-14 0.226618 -2.45297e-14 -3.96133e-14 -1.9825e-13
1.55 0.777047 2.4984e-14 0.223958 -2.45349e-14 -3.73674e-14 -1.97029e-13
1.56 0.779716 2.49933e-14 0.221285 -2.45166e-14 -3.50992e-14 -1.95819e-13
1.57 0.782396 2.50044e-14 0.2186 -2.44712e-14 -3.27942e-14 -1.94602e-13
1.58 0.785088 2.49699e-14 0.215904 -2.43951e-14 -3.04869e-14 -1.93446e-13
1.59 0.78779 2.48495e-14 0.213197 -2.42978e-14 -2.81643e-14 -1.92326e-13
1.6 0.790502 2.46628e-14 0.210481 -2.41666e-14 -2.57801e-14 -1.91173e-13
1.61 0.793223 2.45644e-14 0.207756 -2.40059e-14 -2.34385e-14 -1.90048e-13
1.62 0.795951 2.43486e-14 0.205023 -2.37996e-14 -2.11141e-14 -1.88947e-13
1.63 0.798686 2.41758e-14 0.202285 -2.35548e-14 -1.88421e-14 -1.87907e-13
1.64 0.801425 2.39012e-14 0.199541 -2.32707e-14 -1.65471e-14 -1.86861e-13
1.65 0.804169 2.3588e-14 0.196794 -2.29392e-14 -1.42538e-14 -1.85858e-13
1.66 0.806915 2.31892e-14 0.194043 -2.25671e-14 -1.19537e-14 -1.84919e-13
1.67 0.809662 2.27731e-14 0.191292 -2.21496e-14 -9.68626e-15 -1.84035e-13
1.68 0.81241 2.22919e-14 0.188541 -2.16766e-14 -7.48609e-15 -1.83209e-13
1.69 0.815156 2.18133e-14 0.185792 -2.11615e-14 -5.34137e-15 -1.82404e-13
1.7 0.817898 2.13269e-14 0.183045 -2.06347e-14 -3.18931e-15 -1.81613e-13
1.71 0.820637 2.07821e-14 0.180303 -2.00924e-14 -1.0911e-15 -1.80848e-13
1.72 0.823369 2.01713e-14 0.177568 -1.95245e-14 9.8817e-16 -1.80104e-13
1.73 0.826094 1.96082e-14 0.174839 -1.89505e-14 3.01193e-15 -1.79382e-13
1.74 0.82881 1.90506e-14 0.17212 -1.83601e-14 4.97835e-15 -1.78688e-13
1.75 0.831516 1.84536e-14 0.169412 -1.77486e-14 6.90589e-15 -1.7796e-13
1.76 0.83421 1.78743e-14 0.166715 -1.71245e-14 8.74483e-15 -1.77241e-13
1.77 0.836891 1.72226e-14 0.164031 -1.64923e-14 1.04906e-14 -1.76555e-13
1.78 0.839559 1.6583e-14 0.161361 -1.58254e-14 1.22227e-14 -1.75938e-13
1.79 0.84221 1.59066e-14 0.158707 -1.51479e-14 1.38983e-14 -1.75315e-13
1.8 0.844845 1.52375e-14 0.15607 -1.44455e-14 1.55338e-14 -1.74773e-13
1.81 0.847462 1.44618e-14 0.15345 -1.37128e-14 1.71346e-14 -1.74276e-13
1.82 0.850063 1.36808e-14 0.150848 -1.29465e-14 1.87243e-14 -1.73788e-13
1.83 0.852644 1.28394e-14 0.148265 -1.21514e-14 2.01906e-14 -1.73282e-13
1.84 0.855206 1.20144e-14 0.145701 -1.13378e-14 2.15806e-14 -1.72781e-13
1.85 0.857746 1.1223e-14 0.14316 -1.05019e-14 2.28913e-14 -1.72317e-13
1.86 0.860262 1.03139e-14 0.140642 -9.64888e-15 2.41193e-14 -1.7187e-13
1.87 0.862747 9.39402e-15 0.138155 -8.70712e-15 2.50506e-14 -1.71081e-13
1.88 0.865207 8.48426e-15 0.135694 -7.79194e-15 2.59707e-14 -1.70456e-13
1.89 0.867641 7.56575e-15 0.133258 -6.87992e-15 2.68718e-14 -1.69971e-13
1.9 0.870048 6.66799e-15 0.13085 -5.97555e-15 2.77327e-14 -1.69604e-13
1.91 0.872425 5.82064e-15 0.128471 -5.10937e-15 2.8556e-14 -1.69369e-13
1.92 0.874772 4.98073e-15 0.126122 -4.2724e-15 2.93721e-14 -1.69262e-13
1.93 0.877087 4.2127e-15 0.123806 -3.48036e-15 3.0166e-14 -1.69224e-13
1.94 0.879369 3.45294e-15 0.121523 -2.71757e-15 3.0934e-14 -1.69252e-13
1.95 0.881616 2.73074e-15 0.119276 -1.99764e-15 3.17267e-14 -1.6934e-13
1.96 0.883827 2.05707e-15 0.117064 -1.32897e-15 3.25366e-14 -1.69513e-13
1.97 0.886 1.44153e-15 0.114889 -7.09513e-16 3.33492e-14 -1.69746e-13
1.98 0.888136 8.72761e-16 0.112753 -1.39573e-16 3.41903e-14 -1.70047e-13
1.99 0.890232 3.63452e-16 0.110656 3.78663e-16 3.50748e-14 -1.70349e-13
2 0.892288 -1.26453e-16 0.108599 8.56114e-16 3.60085e-14 -1.70701e-13
2.01 0.894304 -6.08919e-16 0.106583 1.33022e-15 3.70057e-14 -1.71085e-13
2.02 0.896279 -1.02006e-15 0.104608 1.75659e-15 3.85e-14 -1.71572e-13
2.03 0.898214 -1.36982e-15 0.102672 2.13194e-15 3.99998e-14 -1.72012e-13
2.04 0.900108 -1.67731e-15 0.100778 2.43738e-15 4.15063e-14 -1.72423e-13
2.05 0.901961 -1.93303e-15 0.0989244 2.69999e-15 4.30343e-14 -1.72813e-13
2.06 0.903772 -2.15146e-15 0.0971133 2.92709e-15 4.4578e-14 -1.73192e-13
2.07 0.90554 -2.31795e-15 0.0953447 3.09839e-15 4.61446e-14 -1.73587e-13
2.08 0.907265 -2.47166e-15 0.0936195 3.24175e-15 4.76684e-14 -1.74115e-13
2.09 0.908946 -2.59999e-15 0.0919379 3.38794e-15 4.91605e-14 -1.74468e-13
2.1 0.910584 -2.67422e-15 0.0903006 3.48939e-15 5.06455e-14 -1.7471e-13
2.11 0.912176 -2.73685e-15 0.088708 3.55623e-15 5.21137e-14 -1.74873e-13
2.12 0.913723 -2.77826e-15 0.0871608 3.62295e-15 5.35368e-14 -1.75018e-13
2.13 0.915224 -2.81274e-15 0.0856597 3.67389e-15 5.50255e-14 -1.74966e-13
2.14 0.916678 -2.83904e-15 0.0842051 3.72081e-15 5.65822e-14 -1.74765e-13
2.15 0.918085 -2.88818e-15 0.0827977 3.7809e-15 5.82063e-14 -1.74455e-13
2.16 0.919445 -2.92394e-15 0.081438 3.83662e-15 5.986e-14 -1.74071e-13
2.17 0.920757 -2.97556e-15 0.0801262 3.89267e-15 6.14349e-14 -1.73811e-13
2.18 0.92202 -3.06606e-15 0.078863 3.9703e-15 6.32239e-14 -1.73439e-13
2.19 0.923234 -3.14572e-15 0.0776485 4.06091e-15 6.51997e-14 -1.73007e-13
2.2 0.924399 -3.27619e-15 0.076483 4.18513e-15 6.73373e-14 -1.72593e-13
2.21 0.925516 -3.42647e-15 0.0753668 4.3188e-15 6.96201e-14 -1.72194e-13
2.22 0.926581 -3.55663e-15 0.0743007 4.45294e-15 7.15648e-14 -1.71783e-13
2.23 0.927598 -3.68684e-15 0.0732834 4.59321e-15 7.38499e-14 -1.7141e-13
2.24 0.928567 -3.83093e-15 0.0723149 4.75554e-15 7.63622e-14 -1.71051e-13
2.25 0.929486 -4.02912e-15 0.071395 4.94333e-15 7.90798e-14 -1.70707e-13
2.26 0.930354 -4.21845e-15 0.0705276 5.13651e-15 8.20798e-14 -1.70361e-13
2.27 0.931165 -4.39599e-15 0.069716 5.33667e-15 8.50827e-14 -1.70046e-13
2.28 0.931922 -4.64594e-15 0.0689585 5.5617e-15 8.80818e-14 -1.69749e-13
2.29 0.932626 -4.92649e-15 0.0682547 5.80526e-15 9.10831e-14 -1.69476e-13
2.3 0.933279 -5.15507e-15 0.0676012 6.02378e-15 9.40793e-14 -1.69182e-13
2.31 0.933884 -5.40904e-15 0.0669959 6.26071e-15 9.70705e-14 -1.68853e-13
2.32 0.934443 -5.63619e-15 0.0664372 6.49111e-15 1.00061e-13 -1.68481e-13
2.33 0.934957 -5.88215e-15 0.0659231 6.71759e-15 1.03048e-13 -1.68053e-13
2.34 0.935428 -6.08152e-15 0.0654516 6.92854e-15 1.0603e-13 -1.67562e-13
2.35 0.935859 -6.29879e-15 0.0650209 7.12802e-15 1.09009e-13 -1.67004e-13
2.36 0.936251 -6.48415e-15 0.0646291 7.32207e-15 1.11992e-13 -1.66368e-13
2.37 0.936605 -6.63397e-15 0.0642749 7.47681e-15 1.14973e-13 -1.65649e-13
2.38 0.936925 -6.76597e-15 0.0639551 7.63224e-15 1.17961e-13 -1.6483e-13
2.39 0.937213 -6.88947e-15 0.0636678 7.73621e-15 1.2095e-13 -1.63905e-13
2.4 0.93747 -6.91965e-15 0.0634102 7.7775e-15 1.23941e-13 -1.62871e-13
2.41 0.9377 -6.9309e-15 0.0631806 7.79491e-15 1.26932e-13 -1.61725e-13
2.42 0.937904 -6.98574e-15 0.062977 7.85182e-15 1.29922e-13 -1.60465e-13
2.43 0.938082 -6.8608e-15 0.0627985 7.69282e-15 1.32906e-13 -1.59092e-13
2.44 0.938239 -6.47015e-15 0.0626422 7.29827e-15 1.35879e-13 -1.5758e-13
2.45 0.938377 -6.03536e-15 0.0625042 6.87145e-15 1.38861e-13 -1.55913e-13
2.46 0.938497 -5.55115e-15 0.0623838 6.37624e-15 1.41845e-13 -1.54096e-13
2.47 0.938601 -5.0414e-15 0.0622802 5.87634e-15 1.44826e-13 -1.52137e-13
2.48 0.938688 -4.66514e-15 0.0621929 5.4998e-15 1.47801e-13 -1.50041e-13
2.49 0.93876 -4.26145e-15 0.0621214 5.10337e-15 1.50766e-13 -1.4782e-13
2.5 0.938817 -3.86449e-15 0.062064 4.70642e-15 1.53716e-13 -1.45479e-13
