0 0 0 1 0 0 0
0.005 7.83274e-10 1.92015e-16 0.999725 1.11025e-16 1.01499e-15 1.0458e-15
0.01 4.68355e-16 2.39717e-16 0.999626 -5.55112e-17 5.56163e-16 4.37105e-15
0.015 -4.41686e-16 -2.29743e-15 0.999447 2.77556e-16 2.18838e-16 7.4984e-15
0.02 -3.82062e-16 -3.98354e-15 0.999188 3.88578e-16 -5.47663e-16 1.03834e-14
0.025 -2.45224e-15 -5.73184e-15 0.99885 4.44089e-16 -1.46119e-15 1.32628e-14
0.03 -4.14078e-15 -4.08394e-15 0.998434 4.44089e-16 -2.17893e-15 1.61318e-14
0.035 -5.4182e-15 -5.24748e-15 0.997938 6.10623e-16 -2.95188e-15 1.95367e-14
0.04 -4.5582e-15 -5.55221e-15 0.997363 5.55112e-16 -3.31665e-15 2.28124e-14
0.045 -5.87036e-15 -5.30885e-15 0.996709 7.21645e-16 -3.817e-15 2.59553e-14
0.05 -1.24194e-15 -4.75281e-15 0.995978 8.88178e-16 -4.42957e-15 2.93774e-14
0.055 -3.06427e-15 -7.79079e-15 0.995168 7.77156e-16 -5.32885e-15 3.28505e-14
0.06 -4.53911e-15 -6.48289e-15 0.99428 6.66134e-16 -6.43647e-15 3.61829e-14
0.065 0.000683354 2.64816e-16 0.993302 2.22045e-16 -8.38133e-15 3.99207e-14
0.07 0.00173717 3.54477e-15 0.99224 1.26258e-15 -1.04021e-14 4.35418e-14
0.075 0.00286706 3.54726e-15 0.991102 1.26764e-15 -1.24307e-14 4.71615e-14
0.08 0.00407258 3.57374e-15 0.989887 1.29584e-15 -1.44673e-14 5.07728e-14
0.085 0.00535328 3.17806e-15 0.988597 1.33225e-15 -1.65137e-14 5.44279e-14
0.09 0.00670867 3.2658e-15 0.987232 1.35434e-15 -1.85703e-14 5.80784e-14
0.095 0.00813825 3.40481e-15 0.985792 1.37143e-15 -2.06379e-14 6.16776e-14
0.1 0.00964147 3.3036e-15 0.984278 1.39775e-15 -2.26474e-14 6.51452e-14
0.105 0.0112185 3.3717e-15 0.982689 1.40504e-15 -2.46264e-14 6.86722e-14
0.11 0.0128693 3.31491e-15 0.981027 1.41581e-15 -2.66083e-14 7.21478e-14
0.115 0.0145935 3.3723e-15 0.97929 1.41369e-15 -2.85648e-14 7.56306e-14
0.12 0.0163909 3.54405e-15 0.97748 1.39292e-15 -3.05097e-14 7.90423e-14
0.125 0.0182612 3.45506e-15 0.975597 1.36577e-15 -3.24317e-14 8.23341e-14
0.13 0.0202041 3.2915e-15 0.973641 1.3454e-15 -3.43555e-14 8.56106e-14
0.135 0.0222191 3.52425e-15 0.971612 1.28935e-15 -3.6276e-14 8.88381e-14
0.14 0.0243056 3.30697e-15 0.969512 1.24019e-15 -3.82095e-14 9.2048e-14
0.145 0.0264632 3.46363e-15 0.96734 1.19047e-15 -4.01466e-14 9.5183e-14
0.15 0.0286915 3.5609e-15 0.965097 1.14062e-15 -4.20826e-14 9.82416e-14
0.155 0.0309896 3.85901e-15 0.962785 1.08821e-15 -4.40097e-14 1.01176e-13
0.16 0.0333569 3.96864e-15 0.960403 1.03176e-15 -4.59308e-14 1.04056e-13
0.165 0.0357928 3.9854e-15 0.957952 9.7995e-16 -4.78455e-14 1.06848e-13
0.17 0.0382966 4.10912e-15 0.955433 9.28001e-16 -4.97548e-14 1.09551e-13
0.175 0.0408677 4.65152e-15 0.952846 8.74209e-16 -5.16585e-14 1.12335e-13
0.18 0.0435058 4.85565e-15 0.950192 8.21252e-16 -5.35561e-14 1.1496e-13
0.185 0.0462096 4.90926e-15 0.947473 7.59359e-16 -5.54482e-14 1.17601e-13
0.19 0.0489783 5.19964e-15 0.944688 6.9615e-16 -5.73341e-14 1.20321e-13
0.195 0.0518112 5.50915e-15 0.94184 6.40766e-16 -5.92134e-14 1.23048e-13
0.2 0.0547076 5.40239e-15 0.938927 6.10419e-16 -6.10872e-14 1.2573e-13
0.205 0.0576667 5.26079e-15 0.935952 5.83452e-16 -6.29536e-14 1.28371e-13
0.21 0.0606877 5.14739e-15 0.932915 5.49828e-16 -6.48127e-14 1.30951e-13
0.215 0.0637704 5.01638e-15 0.929816 5.17839e-16 -6.66625e-14 1.3347e-13
0.22 0.0669129 4.95769e-15 0.926658 4.87535e-16 -6.85045e-14 1.3591e-13
0.225 0.0701144 4.71608e-15 0.923441 4.56065e-16 -7.03411e-14 1.38189e-13
0.23 0.0733741 4.61651e-15 0.920165 4.34002e-16 -7.21733e-14 1.40436e-13
0.235 0.076691 4.6116e-15 0.916833 4.47486e-16 -7.39997e-14 1.4264e-13
0.24 0.0800642 4.60939e-15 0.913444 4.50888e-16 -7.5821e-14 1.44786e-13
0.245 0.083493 4.37739e-15 0.909999 4.53707e-16 -7.76376e-14 1.46848e-13
0.25 0.0869764 4.81562e-15 0.9065 4.5376e-16 -7.94493e-14 1.48908e-13
0.255 0.0905134 4.79142e-15 0.902948 4.57346e-16 -8.12568e-14 1.50917e-13
0.26 0.0941031 4.65379e-15 0.899342 4.63587e-16 -8.30615e-14 1.52891e-13
0.265 0.0977445 4.5382e-15 0.895685 4.71943e-16 -8.48637e-14 1.54828e-13
0.27 0.101437 4.12423e-15 0.891978 4.78398e-16 -8.66632e-14 1.56677e-13
0.275 0.105179 4.26967e-15 0.88822 4.83679e-16 -8.84612e-14 1.58471e-13
0.28 0.108969 4.22928e-15 0.884414 4.86567e-16 -9.02577e-14 1.6019e-13
0.285 0.112808 4.39842e-15 0.88056 4.78233e-16 -9.20532e-14 1.61875e-13
0.29 0.116693 4.51286e-15 0.87666 4.6926e-16 -9.38491e-14 1.63511e-13
0.295 0.120624 4.42183e-15 0.872714 4.65697e-16 -9.56447e-14 1.6516e-13
0.3 0.1246 4.30423e-15 0.868723 4.61306e-16 -9.74402e-14 1.66731e-13
0.305 0.128619 4.22179e-15 0.864689 4.51053e-16 -9.92358e-14 1.68264e-13
0.31 0.132681 3.92879e-15 0.860613 4.50563e-16 -1.01034e-13 1.69759e-13
0.315 0.136785 3.90978e-15 0.856495 4.44155e-16 -1.02832e-13 1.71171e-13
0.32 0.140929 4.09331e-15 0.852336 4.3364e-16 -1.0463e-13 1.72568e-13
0.325 0.145112 4.07988e-15 0.848139 4.05971e-16 -1.06429e-13 1.73933e-13
0.33 0.149333 3.64335e-15 0.843903 4.19033e-16 -1.08229e-13 1.7524e-13
0.335 0.153592 3.97906e-15 0.83963 4.22461e-16 -1.1003e-13 1.76446e-13
0.34 0.157887 3.99554e-15 0.835322 4.30975e-16 -1.11831e-13 1.77624e-13
0.345 0.162216 4.10531e-15 0.830979 4.22915e-16 -1.13631e-13 1.78764e-13
0.35 0.166581 4.13197e-15 0.826602 3.90573e-16 -1.15434e-13 1.79915e-13
0.355 0.170978 4.11271e-15 0.822193 3.56448e-16 -1.17235e-13 1.81e-13
0.36 0.175405 4.21553e-15 0.817753 3.72592e-16 -1.19037e-13 1.82007e-13
0.365 0.179863 4.13196e-15 0.813284 3.80873e-16 -1.2084e-13 1.82892e-13
0.37 0.184349 3.9702e-15 0.808786 3.96369e-16 -1.22643e-13 1.83736e-13
0.375 0.188862 3.85113e-15 0.804261 4.36891e-16 -1.24447e-13 1.84468e-13
0.38 0.193402 3.71793e-15 0.79971 4.64353e-16 -1.26252e-13 1.8519e-13
0.385 0.197968 3.61251e-15 0.795133 5.25313e-16 -1.2806e-13 1.85863e-13
0.39 0.202557 3.16748e-15 0.790533 5.84015e-16 -1.29868e-13 1.86469e-13
0.395 0.20717 2.96627e-15 0.78591 6.39332e-16 -1.31684e-13 1.87065e-13
0.4 0.211804 2.75647e-15 0.781266 6.98894e-16 -1.33508e-13 1.87612e-13
0.405 0.216459 2.62517e-15 0.776601 7.63155e-16 -1.35339e-13 1.88171e-13
0.41 0.221134 2.55145e-15 0.771916 8.31301e-16 -1.37176e-13 1.88724e-13
0.415 0.225826 2.54038e-15 0.767214 8.94627e-16 -1.39021e-13 1.89264e-13
0.42 0.230536 2.40572e-15 0.762494 9.5947e-16 -1.40873e-13 1.89738e-13
0.425 0.235263 2.38931e-15 0.757759 1.01583e-15 -1.42733e-13 1.90172e-13
0.43 0.240004 2.14793e-15 0.753009 1.0732e-15 -1.44598e-13 1.90596e-13
0.435 0.244758 1.92346e-15 0.748246 1.12967e-15 -1.46467e-13 1.91002e-13
0.44 0.249526 1.78844e-15 0.74347 1.18296e-15 -1.48342e-13 1.91403e-13
0.445 0.254305 1.84357e-15 0.738683 1.22666e-15 -1.50221e-13 1.91757e-13
0.45 0.259094 1.82269e-15 0.733885 1.27064e-15 -1.52103e-13 1.92106e-13
0.455 0.263892 1.77184e-15 0.729079 1.30688e-15 -1.53986e-13 1.92471e-13
0.46 0.268699 1.6661e-15 0.724265 1.33367e-15 -1.5587e-13 1.92837e-13
0.465 0.273512 1.26338e-15 0.719444 1.36365e-15 -1.57752e-13 1.93205e-13
0.47 0.278332 1.23574e-15 0.714618 1.39237e-15 -1.59632e-13 1.93518e-13
0.475 0.283156 1.11646e-15 0.709787 1.42099e-15 -1.61511e-13 1.9383e-13
0.48 0.287983 1.18786e-15 0.704953 1.43506e-15 -1.63386e-13 1.94161e-13
0.485 0.292813 1.17654e-15 0.700116 1.45477e-15 -1.65259e-13 1.94507e-13
0.49 0.297644 1.48913e-15 0.695279 1.4753e-15 -1.67132e-13 1.94838e-13
0.495 0.302476 1.69936e-15 0.690441 1.48374e-15 -1.69e-13 1.95181e-13
0.5 0.307307 1.57972e-15 0.685604 1.49407e-15 -1.70863e-13 1.95525e-13
0.505 0.312135 1.48993e-15 0.68077 1.5e-15 -1.72719e-13 1.9589e-13
0.51 0.316962 1.5686e-15 0.675938 1.49471e-15 -1.74564e-13 1.9626e-13
0.515 0.321785 1.73383e-15 0.67111 1.49182e-15 -1.76396e-13 1.9663e-13
0.52 0.326603 2.10892e-15 0.666286 1.48776e-15 -1.78211e-13 1.97022e-13
0.525 0.331416 2.18619e-15 0.661468 1.48169e-15 -1.80012e-13 1.97457e-13
0.53 0.336223 2.68029e-15 0.656657 1.47227e-15 -1.81799e-13 1.97916e-13
0.535 0.341022 2.52812e-15 0.651853 1.46168e-15 -1.83569e-13 1.98357e-13
0.54 0.345813 2.32783e-15 0.647057 1.52313e-15 -1.85306e-13 1.98773e-13
0.545 0.350595 2.18434e-15 0.642271 1.60379e-15 -1.87011e-13 1.99219e-13
0.55 0.355367 2.04091e-15 0.637495 1.63738e-15 -1.88684e-13 1.99642e-13
0.555 0.360128 2.09633e-15 0.63273 1.71911e-15 -1.90322e-13 2.00094e-13
0.56 0.364877 1.8635e-15 0.627978 1.81582e-15 -1.91931e-13 2.00549e-13
0.565 0.369614 1.62384e-15 0.623238 1.98001e-15 -1.93507e-13 2.0099e-13
0.57 0.374336 1.4271e-15 0.618512 2.20837e-15 -1.95052e-13 2.01416e-13
0.575 0.379044 1.06743e-15 0.613801 2.47218e-15 -1.96567e-13 2.01831e-13
0.58 0.383736 9.08874e-16 0.609106 2.62383e-15 -1.98048e-13 2.02258e-13
0.585 0.388411 5.76937e-16 0.604428 2.80365e-15 -1.99496e-13 2.02675e-13
0.59 0.393069 6.05815e-16 0.599767 2.89946e-15 -2.0091e-13 2.03091e-13
0.595 0.397709 6.88376e-16 0.595125 2.94407e-15 -2.02293e-13 2.03492e-13
0.6 0.40233 8.82775e-16 0.590502 3.0391e-15 -2.03642e-13 2.03895e-13
0.605 0.406931 4.99788e-16 0.585898 3.17633e-15 -2.04968e-13 2.043e-13
0.61 0.411512 6.58293e-16 0.581316 3.32038e-15 -2.06275e-13 2.04698e-13
0.615 0.416071 3.80405e-16 0.576755 3.4251e-15 -2.07564e-13 2.05081e-13
0.62 0.420608 3.90147e-16 0.572216 3.53793e-15 -2.08829e-13 2.05459e-13
0.625 0.425123 2.4874e-16 0.5677 3.64841e-15 -2.10078e-13 2.05847e-13
0.63 0.429613 2.47772e-16 0.563207 3.73369e-15 -2.11308e-13 2.06241e-13
0.635 0.43408 4.02455e-16 0.55874 3.75392e-15 -2.1252e-13 2.06597e-13
0.64 0.438521 3.04611e-16 0.554297 3.70329e-15 -2.13716e-13 2.0694e-13
0.645 0.442937 2.32214e-16 0.54988 3.65252e-15 -2.14889e-13 2.07285e-13
0.65 0.447326 1.02995e-16 0.54549 3.64919e-15 -2.16044e-13 2.07611e-13
0.655 0.451688 1.03592e-16 0.541128 3.62161e-15 -2.17181e-13 2.07943e-13
0.66 0.456022 1.75546e-16 0.536793 3.59826e-15 -2.183e-13 2.08245e-13
0.665 0.460327 3.07529e-16 0.532487 3.62883e-15 -2.19402e-13 2.08552e-13
0.67 0.464604 2.39015e-16 0.52821 3.70131e-15 -2.20493e-13 2.08866e-13
0.675 0.468851 1.57094e-16 0.523962 3.80536e-15 -2.21567e-13 2.09197e-13
0.68 0.473067 -2.61214e-16 0.519746 3.99428e-15 -2.2262e-13 2.09536e-13
0.685 0.477253 -2.74763e-16 0.51556 4.18684e-15 -2.23654e-13 2.09889e-13
0.69 0.481407 -4.40031e-16 0.511406 4.35745e-15 -2.24672e-13 2.10235e-13
0.695 0.485529 -5.59232e-16 0.507284 4.50241e-15 -2.25677e-13 2.10604e-13
0.7 0.489619 -4.79721e-16 0.503194 4.61042e-15 -2.26669e-13 2.1098e-13
0.705 0.493675 -5.77477e-16 0.499138 4.71008e-15 -2.27645e-13 2.11359e-13
0.71 0.497698 -6.11018e-16 0.495115 4.81177e-15 -2.28605e-13 2.11744e-13
0.715 0.501687 -7.78157e-16 0.491126 4.90113e-15 -2.29549e-13 2.1213e-13
0.72 0.505642 -9.40633e-16 0.487172 4.99125e-15 -2.30465e-13 2.12527e-13
0.725 0.509561 -1.06972e-15 0.483253 5.08523e-15 -2.31356e-13 2.12912e-13
0.73 0.513446 -1.02311e-15 0.47937 5.17417e-15 -2.32223e-13 2.13317e-13
0.735 0.517295 -1.06469e-15 0.475522 5.23412e-15 -2.33062e-13 2.13722e-13
0.74 0.521107 -8.9404e-16 0.47171 5.28178e-15 -2.33879e-13 2.14137e-13
0.745 0.524883 -6.51866e-16 0.467935 5.32723e-15 -2.34671e-13 2.14553e-13
0.75 0.528622 -4.39036e-16 0.464197 5.37395e-15 -2.35441e-13 2.14958e-13
0.755 0.532325 -6.70967e-16 0.460496 5.41554e-15 -2.36187e-13 2.1534e-13
0.76 0.535989 -6.86785e-16 0.456833 5.45637e-15 -2.36909e-13 2.15738e-13
0.765 0.539616 -8.89713e-16 0.453207 5.49136e-15 -2.37609e-13 2.16152e-13
0.77 0.543204 -1.06615e-15 0.44962 5.51098e-15 -2.38286e-13 2.16585e-13
0.775 0.546755 -1.06454e-15 0.446071 5.53043e-15 -2.38944e-13 2.17023e-13
0.78 0.550266 -1.18325e-15 0.442561 5.54208e-15 -2.39582e-13 2.17472e-13
0.785 0.553739 -1.25487e-15 0.43909 5.55488e-15 -2.40198e-13 2.17964e-13
0.79 0.557172 -1.54022e-15 0.435659 5.56117e-15 -2.40794e-13 2.18488e-13
0.795 0.560565 -1.54371e-15 0.432267 5.56276e-15 -2.41374e-13 2.19051e-13
0.8 0.563919 -1.50857e-15 0.428915 5.57019e-15 -2.41937e-13 2.19622e-13
0.805 0.567233 -1.54373e-15 0.425603 5.57934e-15 -2.42481e-13 2.20232e-13
0.81 0.570507 -1.84319e-15 0.422331 5.78155e-15 -2.43012e-13 2.20864e-13
0.815 0.57374 -1.97736e-15 0.419099 5.96346e-15 -2.43532e-13 2.21521e-13
0.82 0.576934 -2.16201e-15 0.415908 6.1549e-15 -2.44035e-13 2.22197e-13
0.825 0.580087 -2.28944e-15 0.412757 6.34007e-15 -2.44518e-13 2.22891e-13
0.83 0.5832 -2.57278e-15 0.409646 6.54764e-15 -2.44983e-13 2.23591e-13
0.835 0.586273 -2.53502e-15 0.406576 6.61705e-15 -2.45439e-13 2.24288e-13
0.84 0.589305 -2.59887e-15 0.403546 6.61447e-15 -2.45881e-13 2.25014e-13
0.845 0.592296 -2.79843e-15 0.400556 6.63896e-15 -2.46308e-13 2.25763e-13
0.85 0.595247 -2.68653e-15 0.397608 6.57194e-15 -2.4672e-13 2.26543e-13
0.855 0.598158 -2.35306e-15 0.394699 6.41024e-15 -2.47124e-13 2.27347e-13
0.86 0.601028 -2.11613e-15 0.391831 6.32413e-15 -2.47517e-13 2.28158e-13
0.865 0.603858 -2.19442e-15 0.389004 6.29676e-15 -2.47896e-13 2.28984e-13
0.87 0.606648 -2.2908e-15 0.386216 6.27745e-15 -2.48263e-13 2.29826e-13
0.875 0.609397 -2.38563e-15 0.383469 6.20146e-15 -2.48618e-13 2.30682e-13
0.88 0.612106 -2.27134e-15 0.380762 5.94695e-15 -2.48968e-13 2.31552e-13
0.885 0.614776 -1.75248e-15 0.378095 5.64273e-15 -2.49308e-13 2.32439e-13
0.89 0.617405 -1.42184e-15 0.375468 5.38015e-15 -2.49636e-13 2.33348e-13
0.895 0.619995 -1.40453e-15 0.372881 5.07396e-15 -2.49956e-13 2.34278e-13
0.9 0.622545 -1.23439e-15 0.370333 4.76493e-15 -2.50268e-13 2.35225e-13
0.905 0.625056 -8.45704e-16 0.367825 4.4394e-15 -2.50574e-13 2.36188e-13
0.91 0.627528 -4.54428e-16 0.365355 4.10773e-15 -2.50875e-13 2.37179e-13
0.915 0.629961 -4.12734e-16 0.362925 3.91566e-15 -2.51169e-13 2.38194e-13
0.92 0.632355 -4.46722e-16 0.360534 3.83126e-15 -2.51452e-13 2.3922e-13
0.925 0.63471 -2.78225e-16 0.358181 3.76812e-15 -2.51729e-13 2.40269e-13
0.93 0.637027 -4.00548e-17 0.355866 3.68173e-15 -2.52003e-13 2.41324e-13
0.935 0.639307 3.2852e-16 0.353589 3.55063e-15 -2.52273e-13 2.42397e-13
0.94 0.641548 3.75059e-16 0.35135 3.41223e-15 -2.52536e-13 2.43471e-13
0.945 0.643752 2.91837e-16 0.349149 3.29069e-15 -2.52802e-13 2.44557e-13
0.95 0.645919 5.673e-16 0.346984 3.20102e-15 -2.53064e-13 2.4566e-13
0.955 0.648049 5.9601e-16 0.344857 3.14024e-15 -2.53324e-13 2.46762e-13
0.96 0.650142 7.06186e-16 0.342766 3.09178e-15 -2.53584e-13 2.47861e-13
0.965 0.6522 7.85648e-16 0.340711 3.03887e-15 -2.53847e-13 2.48977e-13
0.97 0.654221 9.13308e-16 0.338692 2.99713e-15 -2.5411e-13 2.50068e-13
0.975 0.656206 9.96446e-16 0.336709 2.94453e-15 -2.5437e-13 2.51126e-13
0.98 0.658156 1.14671e-15 0.334762 2.89885e-15 -2.5463e-13 2.52154e-13
0.985 0.660071 9.24826e-16 0.332849 2.84589e-15 -2.54889e-13 2.53161e-13
0.99 0.661951 9.32567e-16 0.330972 2.79219e-15 -2.55151e-13 2.5415e-13
0.995 0.663797 6.94636e-16 0.329129 2.74971e-15 -2.55412e-13 2.55134e-13
1 0.665608 5.70379e-16 0.327319 2.71141e-15 -2.55674e-13 2.56101e-13
1.005 0.667387 6.91076e-16 0.325543 2.67619e-15 -2.55943e-13 2.57037e-13
1.01 0.669132 1.00003e-15 0.3238 2.64657e-15 -2.56215e-13 2.57952e-13
1.015 0.670845 8.28616e-16 0.32209 2.62836e-15 -2.56491e-13 2.58835e-13
1.02 0.672526 5.81382e-16 0.320411 2.61662e-15 -2.56771e-13 2.59694e-13
1.025 0.674175 6.42484e-16 0.318764 2.61007e-15 -2.57055e-13 2.60517e-13
1.03 0.675793 7.29958e-16 0.317149 2.61361e-15 -2.57345e-13 2.6133e-13
1.035 0.677381 8.11193e-16 0.315564 2.63001e-15 -2.57644e-13 2.62103e-13
1.04 0.678938 6.12283e-16 0.314009 2.65829e-15 -2.57947e-13 2.62857e-13
1.045 0.680466 5.9285e-16 0.312483 2.69757e-15 -2.58258e-13 2.63578e-13
1.05 0.681964 6.57776e-16 0.310987 2.74328e-15 -2.58583e-13 2.64268e-13
1.055 0.683434 5.68718e-16 0.309519 2.7915e-15 -2.58916e-13 2.64923e-13
1.06 0.684876 7.22901e-16 0.30808 2.83607e-15 -2.5926e-13 2.65552e-13
1.065 0.68629 7.179e-16 0.306668 2.89299e-15 -2.59608e-13 2.66141e-13
1.07 0.687677 7.08519e-16 0.305283 2.96773e-15 -2.59965e-13 2.66701e-13
1.075 0.689038 4.88436e-16 0.303924 3.04017e-15 -2.60332e-13 2.67226e-13
1.08 0.690373 4.10184e-16 0.302591 3.10664e-15 -2.60706e-13 2.67728e-13
1.085 0.691682 4.78674e-16 0.301284 3.18303e-15 -2.61095e-13 2.68203e-13
1.09 0.692967 2.96276e-16 0.300002 3.27944e-15 -2.615e-13 2.68646e-13
1.095 0.694227 -1.72943e-16 0.298743 3.36679e-15 -2.61919e-13 2.69057e-13
1.1 0.695464 -4.63745e-16 0.297509 3.46508e-15 -2.62355e-13 2.69438e-13
1.105 0.696678 -3.72694e-16 0.296297 3.58542e-15 -2.62806e-13 2.69782e-13
1.11 0.697869 -4.47815e-16 0.295108 3.71717e-15 -2.6327e-13 2.70094e-13
1.115 0.699038 -5.76088e-16 0.293941 3.85392e-15 -2.63745e-13 2.70376e-13
1.12 0.700185 -5.98623e-16 0.292795 3.99162e-15 -2.64234e-13 2.70624e-13
1.125 0.701312 -7.71894e-16 0.29167 4.14323e-15 -2.64741e-13 2.70854e-13
1.13 0.702419 -9.22058e-16 0.290565 4.30774e-15 -2.65265e-13 2.71045e-13
1.135 0.703506 -1.25568e-15 0.289479 4.48827e-15 -2.6581e-13 2.71202e-13
1.14 0.704574 -1.53686e-15 0.288413 4.6688e-15 -2.66368e-13 2.71322e-13
1.145 0.705625 -1.73815e-15 0.287364 4.85389e-15 -2.66946e-13 2.71402e-13
1.15 0.706659 -1.79847e-15 0.286332 5.04279e-15 -2.67541e-13 2.71454e-13
1.155 0.707677 -1.95634e-15 0.285316 5.23001e-15 -2.68147e-13 2.71483e-13
1.16 0.708678 -2.11548e-15 0.284316 5.40365e-15 -2.68771e-13 2.71485e-13
1.165 0.709664 -2.27065e-15 0.283332 5.58227e-15 -2.69415e-13 2.71462e-13
1.17 0.710635 -2.5267e-15 0.282362 5.75799e-15 -2.70079e-13 2.71415e-13
1.175 0.711592 -2.64699e-15 0.281406 5.94798e-15 -2.70763e-13 2.71349e-13
1.18 0.712536 -2.90597e-15 0.280464 6.13235e-15 -2.71468e-13 2.71256e-13
1.185 0.713467 -3.00472e-15 0.279535 6.30683e-15 -2.72194e-13 2.71139e-13
1.19 0.714385 -3.26223e-15 0.278618 6.47383e-15 -2.72936e-13 2.71013e-13
1.195 0.715292 -3.32091e-15 0.277713 6.64345e-15 -2.73695e-13 2.70861e-13
1.2 0.716187 -3.49868e-15 0.276819 6.81317e-15 -2.74477e-13 2.70691e-13
1.205 0.717071 -3.68986e-15 0.275936 6.99023e-15 -2.75275e-13 2.70505e-13
1.21 0.717946 -3.9672e-15 0.275063 7.16633e-15 -2.76094e-13 2.70308e-13
1.215 0.71881 -3.96548e-15 0.2742 7.36134e-15 -2.76929e-13 2.70088e-13
1.22 0.719666 -4.14462e-15 0.273345 7.57537e-15 -2.77778e-13 2.69846e-13
1.225 0.720513 -4.28172e-15 0.272499 7.78142e-15 -2.78639e-13 2.69581e-13
1.23 0.721353 -4.44835e-15 0.271661 7.99447e-15 -2.79514e-13 2.69294e-13
1.235 0.722185 -4.77677e-15 0.27083 8.20921e-15 -2.804e-13 2.6899e-13
1.24 0.72301 -5.06634e-15 0.270006 8.42966e-15 -2.81295e-13 2.68663e-13
1.245 0.723829 -5.22967e-15 0.269188 8.66353e-15 -2.82201e-13 2.683e-13
1.25 0.724643 -5.59593e-15 0.268376 8.90333e-15 -2.83119e-13 2.67911e-13
1.255 0.725451 -5.66083e-15 0.267569 9.13859e-15 -2.84044e-13 2.67497e-13
1.26 0.726254 -5.90251e-15 0.266767 9.37748e-15 -2.84977e-13 2.67056e-13
1.265 0.727053 -6.04502e-15 0.265969 9.60475e-15 -2.85918e-13 2.66587e-13
1.27 0.727849 -6.15762e-15 0.265174 9.81672e-15 -2.86871e-13 2.66093e-13
1.275 0.728641 -6.47688e-15 0.264383 1.00158e-14 -2.87831e-13 2.65569e-13
1.28 0.72943 -6.60646e-15 0.263595 1.02012e-14 -2.88807e-13 2.6503e-13
1.285 0.730218 -6.95571e-15 0.262809 1.03905e-14 -2.89793e-13 2.64471e-13
1.29 0.731003 -7.16067e-15 0.262024 1.05792e-14 -2.90791e-13 2.639e-13
1.295 0.731787 -7.32903e-15 0.261241 1.07666e-14 -2.91795e-13 2.63312e-13
1.3 0.732571 -7.30667e-15 0.260459 1.09614e-14 -2.92813e-13 2.62699e-13
1.305 0.733353 -7.40088e-15 0.259677 1.11553e-14 -2.93836e-13 2.62077e-13
1.31 0.734136 -7.56402e-15 0.258895 1.13396e-14 -2.94865e-13 2.61446e-13
1.315 0.73492 -7.76624e-15 0.258113 1.15251e-14 -2.95906e-13 2.60797e-13
1.32 0.735704 -7.85018e-15 0.257329 1.16927e-14 -2.9695e-13 2.60142e-13
1.325 0.73649 -8.16237e-15 0.256545 1.18821e-14 -2.98002e-13 2.59462e-13
1.33 0.737277 -8.2396e-15 0.255758 1.20583e-14 -2.99052e-13 2.58766e-13
1.335 0.738067 -8.49385e-15 0.25497 1.22346e-14 -3.00106e-13 2.58063e-13
1.34 0.738859 -8.67142e-15 0.254179 1.24136e-14 -3.0116e-13 2.57351e-13
1.345 0.739654 -8.73575e-15 0.253384 1.25873e-14 -3.02208e-13 2.56618e-13
1.35 0.740453 -8.9282e-15 0.252587 1.27542e-14 -3.03252e-13 2.55882e-13
1.355 0.741255 -9.12518e-15 0.251786 1.29125e-14 -3.04291e-13 2.55127e-13
1.36 0.742061 -9.27937e-15 0.250981 1.30465e-14 -3.05324e-13 2.54372e-13
1.365 0.742872 -9.3196e-15 0.250171 1.31634e-14 -3.06355e-13 2.53609e-13
1.37 0.743687 -9.43256e-15 0.249357 1.32751e-14 -3.07379e-13 2.52835e-13
1.375 0.744507 -9.49369e-15 0.248537 1.33759e-14 -3.08396e-13 2.52046e-13
1.38 0.745333 -9.49374e-15 0.247712 1.34762e-14 -3.09409e-13 2.51261e-13
1.385 0.746165 -9.44835e-15 0.246881 1.35715e-14 -3.10418e-13 2.50468e-13
1.39 0.747003 -9.47679e-15 0.246045 1.36578e-14 -3.11426e-13 2.49667e-13
1.395 0.747847 -9.65431e-15 0.245202 1.37397e-14 -3.12422e-13 2.48859e-13
1.4 0.748698 -9.71599e-15 0.244352 1.38125e-14 -3.13404e-13 2.4804e-13
1.405 0.749555 -9.73016e-15 0.243495 1.38639e-14 -3.14381e-13 2.4722e-13
1.41 0.75042 -9.69937e-15 0.242632 1.38996e-14 -3.15353e-13 2.46396e-13
1.415 0.751292 -9.77815e-15 0.24176 1.39169e-14 -3.16315e-13 2.45564e-13
1.42 0.752172 -9.83303e-15 0.240881 1.39326e-14 -3.17271e-13 2.44724e-13
1.425 0.75306 -9.68825e-15 0.239995 1.39307e-14 -3.18217e-13 2.43874e-13
1.43 0.753957 -9.65067e-15 0.2391 1.3915e-14 -3.19152e-13 2.43012e-13
1.435 0.754861 -9.62648e-15 0.238196 1.3899e-14 -3.20073e-13 2.42145e-13
1.44 0.755774 -9.63944e-15 0.237284 1.38612e-14 -3.2098e-13 2.41264e-13
1.445 0.756696 -9.56141e-15 0.236364 1.38121e-14 -3.21875e-13 2.40374e-13
1.45 0.757627 -9.38742e-15 0.235434 1.37675e-14 -3.22751e-13 2.39476e-13
1.455 0.758567 -9.29481e-15 0.234495 1.37117e-14 -3.23611e-13 2.38572e-13
1.46 0.759516 -9.24502e-15 0.233547 1.36623e-14 -3.24455e-13 2.37667e-13
1.465 0.760475 -9.10751e-15 0.232589 1.36026e-14 -3.25284e-13 2.36771e-13
1.47 0.761444 -8.96627e-15 0.231622 1.35476e-14 -3.26098e-13 2.35868e-13
1.475 0.762422 -8.89749e-15 0.230645 1.34804e-14 -3.26897e-13 2.34967e-13
1.48 0.76341 -8.78017e-15 0.229659 1.33806e-14 -3.27688e-13 2.34058e-13
1.485 0.764408 -8.74898e-15 0.228662 1.32817e-14 -3.28463e-13 2.33157e-13
1.49 0.765416 -8.67418e-15 0.227655 1.31749e-14 -3.29225e-13 2.32254e-13
1.495 0.766435 -8.63322e-15 0.226638 1.30445e-14 -3.29975e-13 2.31358e-13
1.5 0.767463 -8.46712e-15 0.225611 1.28908e-14 -3.30709e-13 2.30465e-13
1.505 0.768502 -8.33082e-15 0.224573 1.27099e-14 -3.31435e-13 2.29583e-13
1.51 0.769551 -8.08489e-15 0.223526 1.25326e-14 -3.32146e-13 2.287e-13
1.515 0.770611 -7.97957e-15 0.222467 1.23629e-14 -3.32841e-13 2.27818e-13
1.52 0.771681 -7.72019e-15 0.221399 1.21898e-14 -3.3352e-13 2.26939e-13
1.525 0.772762 -7.59797e-15 0.220319 1.199e-14 -3.34184e-13 2.26061e-13
1.53 0.773853 -7.42669e-15 0.21923 1.17811e-14 -3.34836e-13 2.25182e-13
1.535 0.774955 -7.14001e-15 0.21813 1.1572e-14 -3.35468e-13 2.24296e-13
1.54 0.776067 -6.93724e-15 0.217019 1.13611e-14 -3.36091e-13 2.23414e-13
1.545 0.77719 -6.72187e-15 0.215898 1.11411e-14 -3.36694e-13 2.22536e-13
1.55 0.778323 -6.58382e-15 0.214767 1.09014e-14 -3.37283e-13 2.21648e-13
1.555 0.779526 -6.37077e-15 0.213566 1.06036e-14 -3.38019e-13 2.20811e-13
1.56 0.780737 -6.02239e-15 0.212357 1.03004e-14 -3.38725e-13 2.19969e-13
1.565 0.781957 -5.68397e-15 0.211139 9.99372e-15 -3.39404e-13 2.1914e-13
1.57 0.783186 -5.46365e-15 0.209912 9.68764e-15 -3.40055e-13 2.18307e-13
1.575 0.784424 -5.16794e-15 0.208677 9.37663e-15 -3.40681e-13 2.17465e-13
1.58 0.78567 -4.8683e-15 0.207433 9.06855e-15 -3.41282e-13 2.16612e-13
1.585 0.786925 -4.53284e-15 0.20618 8.75888e-15 -3.41858e-13 2.15753e-13
1.59 0.788187 -4.22396e-15 0.20492 8.44672e-15 -3.42404e-13 2.14901e-13
1.595 0.789458 -3.93072e-15 0.203652 8.14066e-15 -3.42924e-13 2.14048e-13
1.6 0.790736 -3.65373e-15 0.202376 7.83976e-15 -3.4342e-13 2.13192e-13
1.605 0.792022 -3.34138e-15 0.201093 7.53824e-15 -3.4389e-13 2.12333e-13
1.61 0.793315 -3.01914e-15 0.199802 7.2267e-15 -3.44337e-13 2.11467e-13
1.615 0.794615 -2.63844e-15 0.198504 6.9065e-15 -3.44754e-13 2.10599e-13
1.62 0.795922 -2.31156e-15 0.197199 6.5833e-15 -3.45146e-13 2.09724e-13
1.625 0.797235 -1.94246e-15 0.195888 6.25045e-15 -3.45506e-13 2.08841e-13
1.63 0.798555 -1.61326e-15 0.19457 5.92436e-15 -3.45838e-13 2.07953e-13
1.635 0.799882 -1.16385e-15 0.193247 5.59706e-15 -3.46142e-13 2.07058e-13
1.64 0.801214 -8.28221e-16 0.191917 5.25688e-15 -3.4642e-13 2.06152e-13
1.645 0.802551 -5.38174e-16 0.190582 4.90478e-15 -3.46667e-13 2.05246e-13
1.65 0.803895 -1.59797e-16 0.189241 4.54612e-15 -3.46884e-13 2.04336e-13
1.655 0.805243 1.62288e-16 0.187895 4.1864e-15 -3.4707e-13 2.03421e-13
1.66 0.806596 4.95611e-16 0.186544 3.83125e-15 -3.47229e-13 2.02503e-13
1.665 0.807954 7.48278e-16 0.185189 3.48617e-15 -3.47348e-13 2.01587e-13
1.67 0.809316 1.14459e-15 0.18383 3.13252e-15 -3.47434e-13 2.00671e-13
1.675 0.810682 1.44524e-15 0.182466 2.78229e-15 -3.47485e-13 1.99754e-13
1.68 0.812051 1.81149e-15 0.181099 2.42674e-15 -3.47506e-13 1.9883e-13
1.685 0.813425 2.16644e-15 0.179728 2.06628e-15 -3.47493e-13 1.97904e-13
1.69 0.814801 2.53609e-15 0.178354 1.71069e-15 -3.47448e-13 1.96971e-13
1.695 0.81618 2.93345e-15 0.176978 1.3471e-15 -3.47365e-13 1.96032e-13
1.7 0.817562 3.35701e-15 0.175599 9.96746e-16 -3.47254e-13 1.95093e-13
1.705 0.818945 3.76397e-15 0.174218 6.39048e-16 -3.47106e-13 1.94155e-13
1.71 0.820331 4.04406e-15 0.172834 2.89906e-16 -3.46924e-13 1.93218e-13
1.715 0.821718 4.35826e-15 0.17145 -5.7999e-17 -3.46709e-13 1.92273e-13
1.72 0.823107 4.64394e-15 0.170064 -4.05114e-16 -3.46467e-13 1.91322e-13
1.725 0.824496 4.94892e-15 0.168677 -7.39103e-16 -3.46195e-13 1.90368e-13
1.73 0.825886 5.2525e-15 0.16729 -1.07184e-15 -3.45888e-13 1.89408e-13
1.735 0.827277 5.63994e-15 0.165902 -1.4121e-15 -3.45553e-13 1.88446e-13
1.74 0.828667 5.98734e-15 0.164515 -1.74788e-15 -3.45186e-13 1.87485e-13
1.745 0.830056 6.32972e-15 0.163128 -2.08301e-15 -3.44789e-13 1.86526e-13
1.75 0.831445 6.73998e-15 0.161742 -2.41047e-15 -3.44362e-13 1.85578e-13
1.755 0.832589 7.08962e-15 0.1606 -2.73875e-15 -3.43443e-13 1.84922e-13
1.76 0.833742 7.37455e-15 0.159448 -3.05493e-15 -3.42514e-13 1.84233e-13
1.765 0.834906 7.66455e-15 0.158287 -3.35484e-15 -3.41575e-13 1.83512e-13
1.77 0.836079 7.93475e-15 0.157116 -3.629e-15 -3.4063e-13 1.82761e-13
1.775 0.83726 8.20178e-15 0.155937 -3.90417e-15 -3.39679e-13 1.81979e-13
1.78 0.83845 8.47511e-15 0.15475 -4.15728e-15 -3.3872e-13 1.81167e-13
1.785 0.839647 8.71514e-15 0.153555 -4.41674e-15 -3.3775e-13 1.80327e-13
1.79 0.840851 8.98205e-15 0.152353 -4.67147e-15 -3.36773e-13 1.79464e-13
1.795 0.842062 9.26789e-15 0.151144 -4.96315e-15 -3.35788e-13 1.78574e-13
1.8 0.843278 9.53107e-15 0.14993 -5.2464e-15 -3.34795e-13 1.77661e-13
1.805 0.8445 9.81117e-15 0.14871 -5.5309e-15 -3.33795e-13 1.76729e-13
1.81 0.845727 1.00757e-14 0.147485 -5.78678e-15 -3.3279e-13 1.75775e-13
1.815 0.846959 1.03349e-14 0.146256 -6.0445e-15 -3.31776e-13 1.74802e-13
1.82 0.848194 1.0621e-14 0.145023 -6.29918e-15 -3.30758e-13 1.73813e-13
1.825 0.849433 1.0855e-14 0.143787 -6.54321e-15 -3.29734e-13 1.7281e-13
1.83 0.850675 1.11229e-14 0.142547 -6.79455e-15 -3.28708e-13 1.71791e-13
1.835 0.851919 1.1418e-14 0.141306 -7.08271e-15 -3.27674e-13 1.70763e-13
1.84 0.853165 1.16849e-14 0.140062 -7.3595e-15 -3.26634e-13 1.69726e-13
1.845 0.854412 1.19795e-14 0.138817 -7.6313e-15 -3.2559e-13 1.68685e-13
1.85 0.85566 1.22222e-14 0.137572 -7.8968e-15 -3.24541e-13 1.67645e-13
1.855 0.856909 1.24906e-14 0.136325 -8.15567e-15 -3.2349e-13 1.66607e-13
1.86 0.858158 1.27295e-14 0.135079 -8.40923e-15 -3.22434e-13 1.65577e-13
1.865 0.859406 1.29679e-14 0.133833 -8.64825e-15 -3.21378e-13 1.64563e-13
1.87 0.860653 1.31925e-14 0.132589 -8.88174e-15 -3.20318e-13 1.63573e-13
1.875 0.861899 1.3415e-14 0.131345 -9.11385e-15 -3.19256e-13 1.62612e-13
1.88 0.863143 1.36254e-14 0.130104 -9.33134e-15 -3.18192e-13 1.61688e-13
1.885 0.864385 1.38452e-14 0.128864 -9.54738e-15 -3.17126e-13 1.60802e-13
1.89 0.865625 1.40625e-14 0.127628 -9.75533e-15 -3.16057e-13 1.59955e-13
1.895 0.866861 1.42429e-14 0.126394 -9.93907e-15 -3.14978e-13 1.59127e-13
1.9 0.868094 1.44061e-14 0.125163 -1.01168e-14 -3.13875e-13 1.58228e-13
1.905 0.869323 1.458e-14 0.123937 -1.02887e-14 -3.12751e-13 1.57271e-13
1.91 0.870547 1.47217e-14 0.122716 -1.04572e-14 -3.11606e-13 1.56257e-13
1.915 0.871766 1.48737e-14 0.1215 -1.062e-14 -3.10442e-13 1.55187e-13
1.92 0.872979 1.50067e-14 0.120289 -1.07767e-14 -3.09259e-13 1.54063e-13
1.925 0.87425 1.51623e-14 0.119021 -1.09289e-14 -3.07826e-13 1.52681e-13
1.93 0.875511 1.53136e-14 0.117763 -1.10822e-14 -3.06395e-13 1.51261e-13
1.935 0.876762 1.54852e-14 0.116515 -1.12361e-14 -3.04966e-13 1.49801e-13
1.94 0.878001 1.5619e-14 0.115279 -1.13842e-14 -3.0354e-13 1.48303e-13
1.945 0.879229 1.57437e-14 0.114054 -1.15273e-14 -3.02117e-13 1.46767e-13
1.95 0.880446 1.5877e-14 0.11284 -1.16631e-14 -3.00698e-13 1.45196e-13
1.955 0.88165 1.59848e-14 0.111639 -1.17926e-14 -2.99284e-13 1.43593e-13
1.96 0.882842 1.6125e-14 0.110449 -1.19167e-14 -2.97875e-13 1.41957e-13
1.965 0.884022 1.62523e-14 0.109273 -1.20376e-14 -2.96473e-13 1.40293e-13
1.97 0.885189 1.63787e-14 0.108108 -1.21509e-14 -2.95077e-13 1.38601e-13
1.975 0.886343 1.65044e-14 0.106957 -1.22611e-14 -2.93689e-13 1.36881e-13
1.98 0.887484 1.65968e-14 0.10582 -1.23628e-14 -2.92311e-13 1.35133e-13
1.985 0.888611 1.66731e-14 0.104695 -1.24546e-14 -2.90942e-13 1.3336e-13
1.99 0.889724 1.67619e-14 0.103585 -1.25413e-14 -2.89583e-13 1.31567e-13
1.995 0.890823 1.68611e-14 0.102489 -1.26259e-14 -2.88234e-13 1.29752e-13
2 0.891953 1.6916e-14 0.101362 -1.26878e-14 -2.87088e-13 1.27549e-13
2.005 0.893064 1.69665e-14 0.100254 -1.27475e-14 -2.85946e-13 1.25356e-13
2.01 0.894156 1.70024e-14 0.0991654 -1.28035e-14 -2.84809e-13 1.2317e-13
2.015 0.89523 1.70941e-14 0.098095 -1.28779e-14 -2.83678e-13 1.20998e-13
2.02 0.896285 1.71534e-14 0.0970433 -1.29506e-14 -2.82556e-13 1.18838e-13
2.025 0.897321 1.72389e-14 0.0960104 -1.30234e-14 -2.81439e-13 1.16691e-13
2.03 0.898338 1.73469e-14 0.0949962 -1.30888e-14 -2.80327e-13 1.14562e-13
2.035 0.899336 1.7408e-14 0.0940008 -1.31602e-14 -2.79224e-13 1.12447e-13
2.04 0.900316 1.74676e-14 0.0930241 -1.32262e-14 -2.78128e-13 1.10347e-13
2.045 0.901277 1.75069e-14 0.0920662 -1.32924e-14 -2.77039e-13 1.08267e-13
2.05 0.902219 1.75771e-14 0.0911269 -1.33612e-14 -2.75958e-13 1.06204e-13
2.055 0.903142 1.76447e-14 0.0902064 -1.34338e-14 -2.74882e-13 1.04157e-13
2.06 0.904047 1.77233e-14 0.0893046 -1.35076e-14 -2.73814e-13 1.02126e-13
2.065 0.904933 1.7816e-14 0.0884214 -1.35829e-14 -2.72752e-13 1.00116e-13
2.07 0.905801 1.78846e-14 0.0875567 -1.36603e-14 -2.71699e-13 9.81226e-14
2.075 0.906649 1.79859e-14 0.0867106 -1.37439e-14 -2.70654e-13 9.61487e-14
2.08 0.90748 1.80461e-14 0.0858829 -1.38304e-14 -2.69618e-13 9.41961e-14
2.085 0.908292 1.81347e-14 0.0850737 -1.39098e-14 -2.68589e-13 9.22625e-14
2.09 0.909085 1.81549e-14 0.0842828 -1.39839e-14 -2.6757e-13 9.03508e-14
2.095 0.90986 1.82178e-14 0.0835102 -1.40472e-14 -2.66558e-13 8.84585e-14
2.1 0.910617 1.82868e-14 0.0827557 -1.41163e-14 -2.65555e-13 8.65881e-14
2.105 0.911356 1.83358e-14 0.0820193 -1.41774e-14 -2.64561e-13 8.47396e-14
2.11 0.912077 1.84158e-14 0.081301 -1.42349e-14 -2.63578e-13 8.29175e-14
2.115 0.91278 1.84488e-14 0.0806006 -1.42873e-14 -2.62604e-13 8.11168e-14
2.12 0.913465 1.84874e-14 0.0799179 -1.43403e-14 -2.61638e-13 7.93383e-14
2.125 0.914132 1.85325e-14 0.079253 -1.43918e-14 -2.60683e-13 7.7583e-14
2.13 0.914782 1.85724e-14 0.0786057 -1.44424e-14 -2.59738e-13 7.5851e-14
2.135 0.915414 1.86189e-14 0.0779758 -1.4498e-14 -2.58803e-13 7.41447e-14
2.14 0.916029 1.86702e-14 0.0773634 -1.45542e-14 -2.57877e-13 7.24638e-14
2.145 0.916626 1.87258e-14 0.0767681 -1.46173e-14 -2.56963e-13 7.0805e-14
2.15 0.917206 1.87715e-14 0.07619 -1.4685e-14 -2.5606e-13 6.91703e-14
2.155 0.91777 1.88294e-14 0.0756289 -1.47488e-14 -2.55168e-13 6.75615e-14
2.16 0.918316 1.88981e-14 0.0750846 -1.48146e-14 -2.54287e-13 6.59778e-14
2.165 0.918845 1.89762e-14 0.0745571 -1.48838e-14 -2.53419e-13 6.44209e-14
2.17 0.919358 1.90462e-14 0.0740461 -1.4955e-14 -2.52562e-13 6.28899e-14
2.175 0.91985 1.91418e-14 0.0735568 -1.50442e-14 -2.51688e-13 6.14264e-14
2.18 0.920325 1.92367e-14 0.0730836 -1.51409e-14 -2.50827e-13 5.99889e-14
2.185 0.920784 1.93031e-14 0.0726263 -1.52365e-14 -2.49976e-13 5.85763e-14
2.19 0.921227 1.94135e-14 0.0721847 -1.53377e-14 -2.4914e-13 5.71887e-14
2.195 0.921655 1.94956e-14 0.0717586 -1.54448e-14 -2.48319e-13 5.58266e-14
2.2 0.922068 1.96268e-14 0.071348 -1.55535e-14 -2.47509e-13 5.4491e-14
2.205 0.922465 1.97264e-14 0.0709525 -1.56626e-14 -2.46712e-13 5.31829e-14
2.21 0.922847 1.98463e-14 0.0705721 -1.57775e-14 -2.45928e-13 5.19008e-14
2.215 0.923214 1.99873e-14 0.0702066 -1.59015e-14 -2.45157e-13 5.06455e-14
2.22 0.923566 2.01273e-14 0.0698558 -1.60251e-14 -2.44396e-13 4.9416e-14
2.225 0.923904 2.02491e-14 0.0695194 -1.61487e-14 -2.43647e-13 4.8211e-14
2.23 0.924228 2.03857e-14 0.0691974 -1.62818e-14 -2.42909e-13 4.70336e-14
2.235 0.924537 2.05242e-14 0.0688896 -1.64122e-14 -2.42184e-13 4.58797e-14
2.24 0.924832 2.06365e-14 0.0685958 -1.65415e-14 -2.41472e-13 4.47523e-14
2.245 0.925114 2.07613e-14 0.0683158 -1.66651e-14 -2.40772e-13 4.3652e-14
2.25 0.925382 2.08802e-14 0.0680494 -1.67858e-14 -2.40084e-13 4.25797e-14
2.255 0.925636 2.10039e-14 0.0677964 -1.69055e-14 -2.39409e-13 4.15337e-14
2.26 0.925877 2.11164e-14 0.0675568 -1.70262e-14 -2.38747e-13 4.05175e-14
2.265 0.926105 2.12266e-14 0.0673303 -1.71483e-14 -2.38098e-13 3.95313e-14
2.27 0.92632 2.13433e-14 0.0671167 -1.72721e-14 -2.37459e-13 3.85746e-14
2.275 0.926522 2.1476e-14 0.0669158 -1.73939e-14 -2.36833e-13 3.76449e-14
2.28 0.926711 2.15992e-14 0.0667273 -1.75159e-14 -2.36221e-13 3.6745e-14
2.285 0.926889 2.17218e-14 0.0665512 -1.76372e-14 -2.3562e-13 3.58744e-14
2.29 0.927058 2.18547e-14 0.0663827 -1.777e-14 -2.35007e-13 3.5044e-14
2.295 0.927216 2.19732e-14 0.0662263 -1.78951e-14 -2.34406e-13 3.42422e-14
2.3 0.927361 2.20997e-14 0.0660819 -1.80137e-14 -2.33817e-13 3.34692e-14
2.305 0.927495 2.2196e-14 0.0659494 -1.81331e-14 -2.33238e-13 3.27257e-14
2.31 0.927616 2.2324e-14 0.0658286 -1.82527e-14 -2.32672e-13 3.20096e-14
2.315 0.927727 2.24164e-14 0.0657195 -1.83752e-14 -2.32116e-13 3.1318e-14
2.32 0.927825 2.25507e-14 0.0656219 -1.84911e-14 -2.31565e-13 3.06472e-14
2.325 0.92792 2.26801e-14 0.065528 -1.86191e-14 -2.31007e-13 2.99898e-14
2.33 0.928004 2.28406e-14 0.0654449 -1.878e-14 -2.30453e-13 2.93554e-14
2.335 0.928077 2.2967e-14 0.0653723 -1.88983e-14 -2.29902e-13 2.87441e-14
2.34 0.92814 2.3051e-14 0.0653104 -1.89755e-14 -2.29355e-13 2.81558e-14
2.345 0.928192 2.3089e-14 0.0652589 -1.90141e-14 -2.28813e-13 2.75893e-14
2.35 0.928234 2.31674e-14 0.0652181 -1.91052e-14 -2.28275e-13 2.70449e-14
2.355 0.928265 2.3251e-14 0.065188 -1.91722e-14 -2.27742e-13 2.65234e-14
2.36 0.928284 2.33715e-14 0.065169 -1.92748e-14 -2.27215e-13 2.60239e-14
2.365 0.928292 2.34447e-14 0.065162 -1.93568e-14 -2.26696e-13 2.55461e-14
2.37 0.928286 2.35318e-14 0.0651687 -1.94354e-14 -2.26197e-13 2.50885e-14
2.375 0.928272 2.36304e-14 0.065183 -1.95374e-14 -2.25711e-13 2.4644e-14
2.38 0.928247 2.3704e-14 0.0652091 -1.96234e-14 -2.2524e-13 2.42231e-14
2.385 0.928205 2.37663e-14 0.0652515 -1.96863e-14 -2.2479e-13 2.38252e-14
2.39 0.928148 2.38493e-14 0.0653089 -1.9761e-14 -2.24356e-13 2.34478e-14
2.395 0.928079 2.38945e-14 0.065378 -1.98034e-14 -2.23927e-13 2.30862e-14
2.4 0.927988 2.39274e-14 0.0654688 -1.9852e-14 -2.23509e-13 2.27468e-14
2.405 0.927895 2.40023e-14 0.065562 -1.99321e-14 -2.23094e-13 2.24241e-14
2.41 0.927799 2.40922e-14 0.0656588 -2.00214e-14 -2.22682e-13 2.21163e-14
2.415 0.927692 2.41989e-14 0.0657656 -2.01412e-14 -2.22254e-13 2.18111e-14
2.42 0.927561 2.43461e-14 0.0658969 -2.02878e-14 -2.21814e-13 2.15227e-14
2.425 0.927404 2.44721e-14 0.0660537 -2.04141e-14 -2.21341e-13 2.12516e-14
2.43 0.927256 2.45983e-14 0.0662018 -2.0541e-14 -2.20866e-13 2.09812e-14
2.435 0.927117 2.47159e-14 0.0663412 -2.06589e-14 -2.20391e-13 2.0713e-14
2.44 0.926986 2.48434e-14 0.0664721 -2.07834e-14 -2.19914e-13 2.04439e-14
2.445 0.926863 2.49674e-14 0.0665947 -2.09037e-14 -2.19437e-13 2.01749e-14
2.45 0.926748 2.50802e-14 0.0667091 -2.1016e-14 -2.18959e-13 1.99037e-14
2.455 0.926642 2.51775e-14 0.0668155 -2.1117e-14 -2.18481e-13 1.96315e-14
2.46 0.926544 2.5285e-14 0.066914 -2.12234e-14 -2.18003e-13 1.93593e-14
2.465 0.926453 2.53943e-14 0.0670047 -2.13303e-14 -2.17525e-13 1.90864e-14
2.47 0.92637 2.55059e-14 0.0670878 -2.1444e-14 -2.17046e-13 1.88142e-14
2.475 0.926294 2.56215e-14 0.0671635 -2.15573e-14 -2.16566e-13 1.85405e-14
2.48 0.926226 2.57298e-14 0.0672319 -2.16655e-14 -2.16086e-13 1.82674e-14
2.485 0.926164 2.58545e-14 0.067293 -2.17923e-14 -2.15605e-13 1.79949e-14
2.49 0.92611 2.59575e-14 0.0673472 -2.18964e-14 -2.15122e-13 1.77224e-14
2.495 0.926063 2.60481e-14 0.0673944 -2.19897e-14 -2.14639e-13 1.74506e-14
2.5 0.926023 2.61106e-14 0.0674348 -2.20522e-14 -2.14155e-13 1.71779e-14
