0 0 0 1 0 0 0
0.005 7.76414e-10 4.78257e-16 0.990969 -1.52517e-14 7.8782e-15 -4.5624e-15
0.01 4.30979e-16 2.3761e-16 0.990871 -1.48354e-14 1.43279e-14 -6.84318e-15
0.015 2.81323e-15 -2.90282e-16 0.990693 -1.48354e-14 2.07455e-14 -9.50233e-15
0.02 3.86874e-15 7.20326e-16 0.990437 -1.46966e-14 2.694e-14 -1.18648e-14
0.025 4.22631e-15 -7.56936e-16 0.990103 -1.46688e-14 3.32639e-14 -1.40609e-14
0.03 6.16861e-15 -7.72427e-16 0.989689 -1.45023e-14 3.90245e-14 -1.56233e-14
0.035 7.55752e-15 -4.89551e-16 0.989198 -1.44607e-14 4.5209e-14 -1.70623e-14
0.04 6.82347e-15 7.81751e-16 0.988628 -1.453e-14 5.14797e-14 -1.81879e-14
0.045 7.12716e-15 -4.99972e-16 0.98798 -1.42386e-14 5.83513e-14 -1.8964e-14
0.05 7.68427e-15 -3.09565e-15 0.987255 -1.41553e-14 6.48402e-14 -1.95261e-14
0.055 8.72046e-15 -5.47155e-15 0.986452 -1.40027e-14 7.13917e-14 -2.00804e-14
0.06 1.10148e-14 -3.93916e-15 0.985572 -1.4197e-14 7.77681e-14 -2.0354e-14
0.065 1.26926e-14 -4.4239e-15 0.984616 -1.42525e-14 8.37791e-14 -2.0259e-14
0.07 1.01679e-14 -3.51157e-15 0.983583 -1.43358e-14 8.94518e-14 -1.96355e-14
0.075 1.33235e-14 -5.22448e-15 0.982474 -1.43635e-14 9.48383e-14 -1.86886e-14
0.08 1.25164e-14 -4.3959e-15 0.98129 -1.42802e-14 1.00058e-13 -1.74935e-14
0.085 1.71674e-14 -2.08327e-15 0.98003 -1.42386e-14 1.05102e-13 -1.63467e-14
0.09 1.87523e-14 -1.9029e-15 0.978696 -1.42109e-14 1.10157e-13 -1.52496e-14
0.095 1.67783e-14 1.11852e-15 0.977288 -1.44051e-14 1.15243e-13 -1.41817e-14
0.1 1.16768e-14 3.55195e-15 0.975806 -1.44051e-14 1.2028e-13 -1.32079e-14
0.105 1.0991e-14 3.6816e-15 0.974251 -1.4419e-14 1.24987e-13 -1.22836e-14
0.11 3.84684e-15 4.59828e-15 0.972624 -1.44745e-14 1.29465e-13 -1.14197e-14
0.115 3.12351e-15 -4.69565e-15 0.970925 -1.42525e-14 1.33913e-13 -1.05099e-14
0.12 4.62637e-15 -1.9141e-15 0.969155 -1.40304e-14 1.38279e-13 -9.40965e-15
0.125 1.11883e-15 -1.06353e-15 0.967315 -1.40166e-14 1.42661e-13 -8.19869e-15
0.13 3.28785e-15 -7.37378e-17 0.965405 -1.41692e-14 1.47104e-13 -6.8528e-15
0.135 6.1143e-15 3.70442e-15 0.963425 -1.41415e-14 1.51438e-13 -5.37981e-15
0.14 7.0265e-15 1.18042e-14 0.961378 -1.4086e-14 1.55525e-13 -3.83503e-15
0.145 8.89469e-15 1.10934e-14 0.959263 -1.39472e-14 1.59691e-13 -2.45808e-15
0.15 6.5688e-15 1.56291e-14 0.957081 -1.37251e-14 1.63956e-13 -1.12562e-15
0.155 9.38628e-15 1.67016e-14 0.954834 -1.34476e-14 1.68122e-13 8.38345e-17
0.16 1.21287e-14 9.52782e-15 0.952521 -1.32533e-14 1.72271e-13 1.12901e-15
0.165 1.30256e-14 1.34339e-14 0.950144 -1.31561e-14 1.76374e-13 2.10754e-15
0.17 8.72188e-15 1.11865e-14 0.947704 -1.31978e-14 1.80373e-13 3.17674e-15
0.175 7.1262e-15 1.67135e-14 0.945202 -1.31839e-14 1.84496e-13 4.30627e-15
0.18 3.20121e-15 1.36439e-14 0.942638 -1.31561e-14 1.88635e-13 5.3931e-15
0.185 9.39282e-15 1.71927e-14 0.940013 -1.29757e-14 1.92648e-13 6.47469e-15
0.19 9.36565e-15 1.38034e-14 0.937329 -1.27814e-14 1.96632e-13 7.54065e-15
0.195 1.13e-14 2.1998e-14 0.934587 -1.27676e-14 2.00771e-13 8.73022e-15
0.2 1.32948e-14 2.44037e-14 0.931787 -1.26427e-14 2.05006e-13 1.00175e-14
0.205 1.50523e-14 2.86174e-14 0.92893 -1.26982e-14 2.09134e-13 1.15189e-14
0.21 1.87092e-14 2.63896e-14 0.926017 -1.25872e-14 2.13381e-13 1.31667e-14
0.215 2.18076e-14 3.17388e-14 0.923051 -1.24206e-14 2.17524e-13 1.50606e-14
0.22 1.73513e-14 3.65197e-14 0.920031 -1.21569e-14 2.21537e-13 1.69459e-14
0.225 2.52259e-14 3.67369e-14 0.916958 -1.19488e-14 2.25503e-13 1.88998e-14
0.23 2.91529e-14 3.94351e-14 0.913834 -1.18724e-14 2.29447e-13 2.09628e-14
0.235 3.38817e-14 4.07964e-14 0.910661 -1.17822e-14 2.33479e-13 2.2964e-14
0.24 3.20058e-14 4.64642e-14 0.907438 -1.17892e-14 2.37334e-13 2.49912e-14
0.245 2.43853e-14 4.20405e-14 0.904167 -1.17475e-14 2.41331e-13 2.70021e-14
0.25 2.19207e-14 3.73025e-14 0.90085 -1.17684e-14 2.45381e-13 2.90495e-14
0.255 2.6297e-14 4.98967e-14 0.897487 -1.16851e-14 2.49292e-13 3.13495e-14
0.26 2.5783e-14 4.34763e-14 0.89408 -1.17684e-14 2.53258e-13 3.37e-14
0.265 2.89785e-14 5.20343e-14 0.890629 -1.16573e-14 2.57345e-13 3.6024e-14
0.27 2.87124e-14 5.22061e-14 0.887137 -1.147e-14 2.61277e-13 3.84914e-14
0.275 2.43352e-14 5.06922e-14 0.883603 -1.12549e-14 2.65156e-13 4.09027e-14
0.28 2.80566e-14 5.26386e-14 0.880031 -1.12826e-14 2.69054e-13 4.322e-14
0.285 2.43403e-14 5.66922e-14 0.876419 -1.10814e-14 2.72839e-13 4.55205e-14
0.29 1.87816e-14 4.59147e-14 0.872771 -1.10537e-14 2.76688e-13 4.77626e-14
0.295 2.20656e-14 4.73819e-14 0.869087 -1.10675e-14 2.80401e-13 5.00228e-14
0.3 2.45136e-14 5.04694e-14 0.865368 -1.10745e-14 2.84114e-13 5.2324e-14
0.305 2.38363e-14 4.84277e-14 0.861615 -1.1019e-14 2.87743e-13 5.4687e-14
0.31 1.9187e-14 4.26336e-14 0.857831 -1.09079e-14 2.91222e-13 5.71854e-14
0.315 1.73436e-14 4.2199e-14 0.854015 -1.08594e-14 2.9465e-13 5.97182e-14
0.32 2.02063e-14 3.85448e-14 0.85017 -1.05541e-14 2.97991e-13 6.23532e-14
0.325 2.41066e-14 3.70919e-14 0.846296 -1.03112e-14 3.0132e-13 6.49858e-14
0.33 2.28281e-14 3.39927e-14 0.842395 -1.01932e-14 3.04587e-13 6.75642e-14
0.335 2.35311e-14 3.83995e-14 0.838468 -1.00198e-14 3.07871e-13 7.0288e-14
0.34 1.03314e-14 4.15087e-14 0.834516 -9.74221e-15 3.11021e-13 7.30451e-14
0.345 1.22088e-14 4.74082e-14 0.830541 -9.52016e-15 3.1414e-13 7.57663e-14
0.35 8.82244e-15 4.76717e-14 0.826544 -9.21485e-15 3.17293e-13 7.8525e-14
0.355 1.50915e-14 5.34521e-14 0.822525 -8.89566e-15 3.20382e-13 8.14156e-14
0.36 1.29596e-14 5.15589e-14 0.818488 -8.56953e-15 3.23359e-13 8.43813e-14
0.365 1.31324e-14 5.76308e-14 0.814431 -8.31279e-15 3.26404e-13 8.74196e-14
0.37 1.00546e-14 5.96518e-14 0.810358 -8.18789e-15 3.2933e-13 9.0504e-14
0.375 1.29925e-14 6.70957e-14 0.806268 -7.95197e-15 3.32188e-13 9.34138e-14
0.38 1.14879e-14 6.89124e-14 0.802164 -7.77156e-15 3.34873e-13 9.64753e-14
0.385 1.15112e-14 6.80115e-14 0.798046 -7.55646e-15 3.3745e-13 9.95775e-14
0.39 1.07216e-14 6.38222e-14 0.793917 -7.34135e-15 3.39894e-13 1.02695e-13
0.395 7.70911e-15 6.0433e-14 0.789776 -7.24421e-15 3.42306e-13 1.05821e-13
0.4 3.20785e-15 5.28e-14 0.785625 -7.01522e-15 3.44705e-13 1.08842e-13
0.405 1.34563e-14 5.54955e-14 0.781466 -6.8695e-15 3.4706e-13 1.11914e-13
0.41 1.43472e-14 6.06325e-14 0.777299 -6.69603e-15 3.49285e-13 1.14895e-13
0.415 7.78308e-15 4.62472e-14 0.773126 -6.53644e-15 3.51393e-13 1.17805e-13
0.42 5.94705e-15 4.29772e-14 0.768949 -6.41848e-15 3.53349e-13 1.20637e-13
0.425 6.45178e-15 4.30031e-14 0.764767 -6.32133e-15 3.55275e-13 1.23471e-13
0.43 1.18025e-14 4.66272e-14 0.760583 -6.11317e-15 3.57236e-13 1.26308e-13
0.435 7.88806e-15 4.71762e-14 0.756398 -5.88418e-15 3.5914e-13 1.29083e-13
0.44 3.72675e-15 3.91714e-14 0.752212 -5.79398e-15 3.61022e-13 1.31767e-13
0.445 9.26887e-15 4.46253e-14 0.748027 -5.57887e-15 3.63094e-13 1.34382e-13
0.45 1.42226e-14 4.84629e-14 0.743844 -5.5303e-15 3.65119e-13 1.37002e-13
0.455 1.24654e-14 4.79424e-14 0.739664 -5.39152e-15 3.6712e-13 1.39595e-13
0.46 1.43781e-14 4.5109e-14 0.735488 -5.42622e-15 3.69175e-13 1.42097e-13
0.465 1.46023e-14 4.01214e-14 0.731317 -5.31519e-15 3.71195e-13 1.44497e-13
0.47 1.38705e-14 4.22624e-14 0.727153 -5.14172e-15 3.73191e-13 1.46861e-13
0.475 1.64542e-14 4.90161e-14 0.722997 -4.86416e-15 3.7523e-13 1.49364e-13
0.48 1.46683e-14 4.93478e-14 0.718849 -4.66988e-15 3.77131e-13 1.51963e-13
0.485 1.28134e-14 4.92843e-14 0.71471 -4.30905e-15 3.79173e-13 1.54472e-13
0.49 1.30482e-14 4.55015e-14 0.710582 -4.09395e-15 3.81237e-13 1.56927e-13
0.495 1.59218e-14 4.99438e-14 0.706466 -3.94823e-15 3.83345e-13 1.59184e-13
0.5 1.84607e-14 5.36885e-14 0.702363 -3.7817e-15 3.854e-13 1.6142e-13
0.505 1.97578e-14 5.81742e-14 0.698273 -3.60822e-15 3.8736e-13 1.63708e-13
0.51 2.08159e-14 6.05569e-14 0.694197 -3.42087e-15 3.89397e-13 1.65944e-13
0.515 2.2121e-14 5.5958e-14 0.690138 -3.1572e-15 3.91415e-13 1.68219e-13
0.52 2.13032e-14 5.16696e-14 0.686094 -2.95597e-15 3.93474e-13 1.70347e-13
0.525 2.06235e-14 5.69192e-14 0.682069 -2.76862e-15 3.95508e-13 1.7245e-13
0.53 2.11567e-14 6.27917e-14 0.678061 -2.51882e-15 3.97569e-13 1.7446e-13
0.535 1.79386e-14 6.36265e-14 0.674073 -2.35922e-15 3.99597e-13 1.76461e-13
0.54 1.8166e-14 7.41975e-14 0.670105 -2.0331e-15 4.01598e-13 1.78508e-13
0.545 1.96493e-14 7.72694e-14 0.666159 -1.8735e-15 4.03481e-13 1.8057e-13
0.55 2.6209e-14 8.22083e-14 0.662234 -1.75554e-15 4.05299e-13 1.82615e-13
0.555 2.30413e-14 7.89102e-14 0.658332 -1.60982e-15 4.07105e-13 1.84699e-13
0.56 2.49714e-14 7.68568e-14 0.654453 -1.52656e-15 4.08903e-13 1.86677e-13
0.565 2.61722e-14 7.14103e-14 0.650599 -1.31839e-15 4.10686e-13 1.88652e-13
0.57 2.32575e-14 6.8972e-14 0.646769 -1.10328e-15 4.12525e-13 1.90576e-13
0.575 2.42277e-14 6.94332e-14 0.642966 -8.74301e-16 4.14344e-13 1.92398e-13
0.58 2.64231e-14 7.98013e-14 0.63919 -7.91034e-16 4.16057e-13 1.94153e-13
0.585 2.36255e-14 8.58149e-14 0.63544 -7.49401e-16 4.17791e-13 1.95846e-13
0.59 2.12304e-14 9.30702e-14 0.631719 -5.34295e-16 4.1953e-13 1.97521e-13
0.595 2.13897e-14 9.38014e-14 0.628027 -2.28983e-16 4.21232e-13 1.99186e-13
0.6 2.01733e-14 9.68013e-14 0.624364 -1.38778e-17 4.22862e-13 2.00915e-13
0.605 2.15687e-14 9.34476e-14 0.620732 2.498e-16 4.24479e-13 2.02647e-13
0.61 2.13263e-14 9.49644e-14 0.61713 4.23273e-16 4.26056e-13 2.04311e-13
0.615 1.38328e-14 8.41059e-14 0.61356 6.17562e-16 4.27626e-13 2.0589e-13
0.62 1.38215e-14 7.9598e-14 0.610021 7.28584e-16 4.29252e-13 2.0735e-13
0.625 1.72373e-14 7.62528e-14 0.606516 9.4369e-16 4.30794e-13 2.08782e-13
0.63 1.41907e-14 8.23352e-14 0.603043 1.1241e-15 4.32307e-13 2.10165e-13
0.635 1.46315e-14 8.80804e-14 0.599604 1.35308e-15 4.33729e-13 2.11609e-13
0.64 1.20126e-14 8.22338e-14 0.5962 1.49186e-15 4.35196e-13 2.12936e-13
0.645 1.78683e-14 8.21874e-14 0.59283 1.75554e-15 4.36625e-13 2.14218e-13
0.65 1.92915e-14 8.27387e-14 0.589496 2.01922e-15 4.38155e-13 2.15501e-13
0.655 1.84006e-14 8.13127e-14 0.586197 2.28983e-15 4.39655e-13 2.1683e-13
0.66 2.28392e-14 8.00863e-14 0.582935 2.4078e-15 4.41209e-13 2.18097e-13
0.665 2.09211e-14 7.57815e-14 0.579709 2.55351e-15 4.42776e-13 2.19337e-13
0.67 2.4852e-14 7.56122e-14 0.576521 2.73392e-15 4.44459e-13 2.20543e-13
0.675 2.74641e-14 8.1132e-14 0.57337 2.83107e-15 4.46159e-13 2.21704e-13
0.68 2.98614e-14 8.30329e-14 0.570257 3.11556e-15 4.47909e-13 2.22825e-13
0.685 3.1385e-14 7.806e-14 0.567182 3.2821e-15 4.49661e-13 2.23935e-13
0.69 3.43111e-14 8.23962e-14 0.564146 3.48332e-15 4.51469e-13 2.25e-13
0.695 2.938e-14 8.80316e-14 0.561149 3.59435e-15 4.53299e-13 2.26085e-13
0.7 3.06097e-14 8.12521e-14 0.558191 3.73312e-15 4.55055e-13 2.2715e-13
0.705 2.28963e-14 7.30062e-14 0.555273 3.83721e-15 4.56789e-13 2.28206e-13
0.71 2.67662e-14 7.28688e-14 0.552394 3.98986e-15 4.58501e-13 2.29211e-13
0.715 2.77281e-14 7.23935e-14 0.549556 4.10783e-15 4.60245e-13 2.30291e-13
0.72 2.5983e-14 6.82788e-14 0.546758 4.20497e-15 4.61866e-13 2.3138e-13
0.725 2.65153e-14 6.92977e-14 0.544001 4.34375e-15 4.63512e-13 2.32435e-13
0.73 2.46172e-14 6.51086e-14 0.541285 4.57273e-15 4.6519e-13 2.33416e-13
0.735 2.16603e-14 5.98634e-14 0.53861 4.71845e-15 4.66874e-13 2.34406e-13
0.74 1.9943e-14 5.73592e-14 0.535976 4.7809e-15 4.68562e-13 2.35415e-13
0.745 1.64816e-14 6.07624e-14 0.533383 4.94049e-15 4.70229e-13 2.36435e-13
0.75 5.1554e-15 5.60233e-14 0.530832 5.0307e-15 4.7192e-13 2.37504e-13
0.755 5.45277e-15 5.24477e-14 0.528322 5.06539e-15 4.73636e-13 2.38571e-13
0.76 5.27707e-15 5.57438e-14 0.525854 5.20417e-15 4.7534e-13 2.39704e-13
0.765 8.04842e-15 5.26937e-14 0.523428 5.33601e-15 4.76986e-13 2.40821e-13
0.77 8.89625e-15 5.60677e-14 0.521044 5.44009e-15 4.78514e-13 2.41997e-13
0.775 9.3164e-15 5.40475e-14 0.518702 5.57193e-15 4.79954e-13 2.43196e-13
0.78 8.53417e-15 5.5629e-14 0.516402 5.60663e-15 4.81383e-13 2.44375e-13
0.785 4.76286e-15 5.42086e-14 0.514144 5.64132e-15 4.82879e-13 2.45474e-13
0.79 3.94319e-15 5.5873e-14 0.511929 5.72459e-15 4.84336e-13 2.46571e-13
0.795 7.11415e-15 5.83586e-14 0.509755 5.89806e-15 4.85757e-13 2.47662e-13
0.8 5.31351e-15 5.56283e-14 0.507623 5.9952e-15 4.8713e-13 2.48753e-13
0.805 4.57576e-15 5.1445e-14 0.505533 6.09235e-15 4.88436e-13 2.49861e-13
0.81 2.71653e-15 4.91142e-14 0.503486 6.1201e-15 4.89674e-13 2.50976e-13
0.815 2.94876e-15 4.65837e-14 0.50148 6.09929e-15 4.90872e-13 2.52106e-13
0.82 3.94684e-15 4.85292e-14 0.499516 6.13398e-15 4.92047e-13 2.53237e-13
0.825 3.13985e-15 4.63027e-14 0.497593 6.11317e-15 4.93249e-13 2.54331e-13
0.83 2.08853e-15 4.70624e-14 0.495713 6.25194e-15 4.94466e-13 2.5538e-13
0.835 7.97325e-16 4.8116e-14 0.493873 6.32827e-15 4.95664e-13 2.56415e-13
0.84 -6.60424e-15 4.28893e-14 0.492075 6.35603e-15 4.9689e-13 2.57448e-13
0.845 -2.96047e-15 4.93826e-14 0.490319 6.36297e-15 4.98071e-13 2.58479e-13
0.85 -2.4616e-15 4.75702e-14 0.488603 6.38378e-15 4.99189e-13 2.59478e-13
0.855 -4.87212e-15 4.819e-14 0.486928 6.44623e-15 5.00256e-13 2.60508e-13
0.86 -3.45445e-15 4.95767e-14 0.485294 6.55725e-15 5.01248e-13 2.61529e-13
0.865 -5.55098e-15 5.08299e-14 0.4837 6.55032e-15 5.02157e-13 2.62607e-13
0.87 -5.17331e-15 5.30224e-14 0.482147 6.50174e-15 5.02968e-13 2.63764e-13
0.875 -3.65656e-15 5.45853e-14 0.480634 6.57113e-15 5.03783e-13 2.64949e-13
0.88 -7.08163e-15 5.23524e-14 0.47916 6.6544e-15 5.04613e-13 2.66119e-13
0.885 -7.51213e-15 5.45598e-14 0.477726 6.66134e-15 5.05438e-13 2.6725e-13
0.89 -1.22425e-14 5.11306e-14 0.476331 6.69603e-15 5.06271e-13 2.68338e-13
0.895 -1.21537e-14 5.10618e-14 0.474975 6.75848e-15 5.07115e-13 2.69409e-13
0.9 -1.59156e-14 5.08668e-14 0.473657 6.71685e-15 5.0795e-13 2.70494e-13
0.905 -1.57313e-14 5.03689e-14 0.472378 6.73767e-15 5.08769e-13 2.71561e-13
0.91 -1.81416e-14 4.75675e-14 0.471137 6.77236e-15 5.0955e-13 2.72664e-13
0.915 -1.84106e-14 4.86741e-14 0.469934 6.80012e-15 5.1029e-13 2.73751e-13
0.92 -2.01732e-14 5.02093e-14 0.468768 6.7446e-15 5.10982e-13 2.74814e-13
0.925 -1.74636e-14 4.90182e-14 0.467639 6.72379e-15 5.11591e-13 2.75918e-13
0.93 -1.76571e-14 5.21961e-14 0.466547 6.66828e-15 5.12174e-13 2.77002e-13
0.935 -1.92135e-14 5.2111e-14 0.465491 6.66134e-15 5.12722e-13 2.78065e-13
0.94 -1.88584e-14 5.17137e-14 0.464471 6.64052e-15 5.13288e-13 2.79106e-13
0.945 -2.13498e-14 5.05172e-14 0.463486 6.64052e-15 5.13861e-13 2.80164e-13
0.95 -2.27014e-14 4.88225e-14 0.462537 6.57113e-15 5.14424e-13 2.81292e-13
0.955 -2.43864e-14 4.90411e-14 0.461622 6.54338e-15 5.14974e-13 2.82468e-13
0.96 -2.50349e-14 4.79737e-14 0.460742 6.4948e-15 5.1553e-13 2.83643e-13
0.965 -2.79723e-14 4.77681e-14 0.459895 6.45317e-15 5.16113e-13 2.84777e-13
0.97 -2.88162e-14 4.52698e-14 0.459082 6.38378e-15 5.16672e-13 2.85943e-13
0.975 -2.83127e-14 4.53612e-14 0.458302 6.28664e-15 5.17159e-13 2.87171e-13
0.98 -2.84603e-14 4.63004e-14 0.457554 6.17562e-15 5.17644e-13 2.88382e-13
0.985 -2.69094e-14 4.79456e-14 0.456839 6.07847e-15 5.18083e-13 2.89574e-13
0.99 -2.8313e-14 4.66112e-14 0.456155 5.99867e-15 5.18507e-13 2.90794e-13
0.995 -2.67922e-14 4.78562e-14 0.455502 5.84602e-15 5.18934e-13 2.91995e-13
1 -2.8068e-14 4.4918e-14 0.45488 5.77316e-15 5.19392e-13 2.93281e-13
1.005 -3.30253e-14 4.05291e-14 0.454288 5.83214e-15 5.19828e-13 2.94558e-13
1.01 -3.2911e-14 4.18653e-14 0.453725 5.82173e-15 5.20239e-13 2.95831e-13
1.015 -3.50777e-14 4.08502e-14 0.453192 5.81826e-15 5.20612e-13 2.97112e-13
1.02 -3.54432e-14 4.20763e-14 0.452687 5.86337e-15 5.2098e-13 2.98367e-13
1.025 -3.39775e-14 4.31257e-14 0.452211 5.88071e-15 5.21376e-13 2.99623e-13
1.03 -3.37642e-14 4.33642e-14 0.451762 5.84255e-15 5.21749e-13 3.00911e-13
1.035 -3.45266e-14 4.38217e-14 0.45134 5.68642e-15 5.22132e-13 3.0223e-13
1.04 -3.60806e-14 4.27085e-14 0.450945 5.57193e-15 5.22516e-13 3.03529e-13
1.045 -3.56463e-14 4.38142e-14 0.450576 5.53377e-15 5.22898e-13 3.04826e-13
1.05 -3.72224e-14 4.44331e-14 0.450232 5.49213e-15 5.23298e-13 3.06108e-13
1.055 -3.82724e-14 4.30452e-14 0.449913 5.4505e-15 5.23673e-13 3.07376e-13
1.06 -3.9173e-14 4.22617e-14 0.449619 5.35683e-15 5.24068e-13 3.08614e-13
1.065 -4.07765e-14 3.90491e-14 0.449349 5.3707e-15 5.24463e-13 3.09858e-13
1.07 -4.08895e-14 4.14384e-14 0.449101 5.24927e-15 5.24888e-13 3.11122e-13
1.075 -3.93877e-14 4.19668e-14 0.448877 5.26315e-15 5.25308e-13 3.12389e-13
1.08 -3.89876e-14 4.29207e-14 0.448674 5.20417e-15 5.25695e-13 3.13679e-13
1.085 -3.79116e-14 4.37519e-14 0.448494 5.22499e-15 5.26048e-13 3.14989e-13
1.09 -3.80886e-14 4.43727e-14 0.448334 5.12784e-15 5.26414e-13 3.16287e-13
1.095 -3.57833e-14 4.77731e-14 0.448194 5.12784e-15 5.26777e-13 3.17612e-13
1.1 -3.58647e-14 4.65517e-14 0.448075 5.13825e-15 5.27133e-13 3.1895e-13
1.105 -3.72767e-14 4.58963e-14 0.447975 5.0758e-15 5.27512e-13 3.20267e-13
1.11 -3.61623e-14 4.61628e-14 0.447893 4.96825e-15 5.27887e-13 3.21647e-13
1.115 -3.67668e-14 4.81552e-14 0.44783 4.96131e-15 5.28238e-13 3.23046e-13
1.12 -3.36056e-14 5.01646e-14 0.447785 4.91621e-15 5.28589e-13 3.24446e-13
1.125 -3.31372e-14 5.24223e-14 0.447756 4.826e-15 5.28873e-13 3.25837e-13
1.13 -3.3817e-14 5.2535e-14 0.447744 4.75314e-15 5.29171e-13 3.27294e-13
1.135 -3.36783e-14 5.29829e-14 0.447747 4.60743e-15 5.29446e-13 3.28784e-13
1.14 -3.37454e-14 5.32191e-14 0.447766 4.48946e-15 5.29692e-13 3.30233e-13
1.145 -3.15274e-14 5.32795e-14 0.4478 4.42354e-15 5.29941e-13 3.31647e-13
1.15 -3.13504e-14 5.3375e-14 0.447847 4.30211e-15 5.30215e-13 3.33064e-13
1.155 -3.13274e-14 5.21377e-14 0.447909 4.25007e-15 5.30537e-13 3.34469e-13
1.16 -2.89836e-14 5.40012e-14 0.447983 4.29518e-15 5.3083e-13 3.35884e-13
1.165 -2.88633e-14 5.56385e-14 0.448069 4.23273e-15 5.31144e-13 3.37294e-13
1.17 -2.95614e-14 5.34334e-14 0.448168 4.20844e-15 5.31423e-13 3.3871e-13
1.175 -2.75775e-14 5.42536e-14 0.448277 4.19456e-15 5.31656e-13 3.4014e-13
1.18 -2.85913e-14 5.38064e-14 0.448397 4.08701e-15 5.3188e-13 3.41562e-13
1.185 -2.89056e-14 5.41165e-14 0.448528 4.01068e-15 5.32122e-13 3.42964e-13
1.19 -2.91188e-14 5.42273e-14 0.448667 3.91007e-15 5.32347e-13 3.44344e-13
1.195 -2.9046e-14 5.44991e-14 0.448816 3.84415e-15 5.32556e-13 3.45731e-13
1.2 -2.81521e-14 5.52234e-14 0.448973 3.81292e-15 5.32749e-13 3.47139e-13
1.205 -2.76717e-14 5.58932e-14 0.449139 3.68455e-15 5.32951e-13 3.48528e-13
1.21 -2.55976e-14 5.53078e-14 0.449311 3.57006e-15 5.33155e-13 3.49901e-13
1.215 -2.29453e-14 5.48419e-14 0.44949 3.5319e-15 5.33281e-13 3.51313e-13
1.22 -2.50463e-14 5.47713e-14 0.449675 3.577e-15 5.33388e-13 3.52725e-13
1.225 -2.60228e-14 5.49756e-14 0.449866 3.48679e-15 5.33479e-13 3.5409e-13
1.23 -2.68721e-14 5.57522e-14 0.450062 3.39312e-15 5.33584e-13 3.55448e-13
1.235 -2.76153e-14 5.86433e-14 0.450263 3.29251e-15 5.33711e-13 3.56826e-13
1.24 -2.88566e-14 5.90178e-14 0.450468 3.25781e-15 5.33821e-13 3.58191e-13
1.245 -2.81797e-14 6.04764e-14 0.450676 3.22312e-15 5.33905e-13 3.5955e-13
1.25 -2.67811e-14 6.02346e-14 0.450887 3.23006e-15 5.33976e-13 3.60932e-13
1.255 -2.68205e-14 6.12029e-14 0.451101 3.19189e-15 5.34034e-13 3.62273e-13
1.26 -2.68713e-14 6.15471e-14 0.451317 3.13291e-15 5.34075e-13 3.63641e-13
1.265 -2.74479e-14 5.90391e-14 0.451534 3.02189e-15 5.34077e-13 3.65038e-13
1.27 -2.87617e-14 5.85868e-14 0.451752 2.96638e-15 5.3407e-13 3.6643e-13
1.275 -2.81039e-14 5.71643e-14 0.451971 2.94209e-15 5.3405e-13 3.67815e-13
1.28 -2.8144e-14 5.66471e-14 0.45219 2.91434e-15 5.34049e-13 3.69201e-13
1.285 -2.88901e-14 5.57906e-14 0.452408 2.97332e-15 5.34013e-13 3.70587e-13
1.29 -2.87481e-14 5.45376e-14 0.452625 2.91434e-15 5.33955e-13 3.72003e-13
1.295 -2.88612e-14 5.5378e-14 0.452841 2.88658e-15 5.33916e-13 3.73383e-13
1.3 -2.83474e-14 5.46872e-14 0.453055 2.88658e-15 5.33895e-13 3.74766e-13
1.305 -2.81366e-14 5.47078e-14 0.453267 2.81372e-15 5.33843e-13 3.76139e-13
1.31 -2.84552e-14 5.33954e-14 0.453476 2.82413e-15 5.33804e-13 3.77507e-13
1.315 -2.91907e-14 5.32923e-14 0.453682 2.77209e-15 5.33751e-13 3.78859e-13
1.32 -2.81944e-14 5.33253e-14 0.453885 2.81372e-15 5.33697e-13 3.802e-13
1.325 -2.73274e-14 5.39342e-14 0.454083 2.7825e-15 5.33603e-13 3.81526e-13
1.33 -2.77474e-14 5.41969e-14 0.454277 2.79984e-15 5.33504e-13 3.82811e-13
1.335 -2.9282e-14 5.57366e-14 0.454466 2.79984e-15 5.33414e-13 3.84076e-13
1.34 -3.04463e-14 5.64599e-14 0.45465 2.76168e-15 5.33304e-13 3.85327e-13
1.345 -3.01628e-14 5.61477e-14 0.454828 2.72699e-15 5.33196e-13 3.86561e-13
1.35 -3.11026e-14 5.74594e-14 0.455 2.68188e-15 5.33086e-13 3.87803e-13
1.355 -3.08832e-14 5.67849e-14 0.455166 2.63678e-15 5.32971e-13 3.89044e-13
1.36 -3.12844e-14 5.74199e-14 0.455325 2.58474e-15 5.32859e-13 3.90314e-13
1.365 -3.06198e-14 5.78389e-14 0.455477 2.51188e-15 5.32742e-13 3.91596e-13
1.37 -3.13996e-14 5.74979e-14 0.455622 2.56392e-15 5.32609e-13 3.92871e-13
1.375 -3.2687e-14 5.67791e-14 0.455759 2.53617e-15 5.32439e-13 3.94123e-13
1.38 -3.30666e-14 5.68477e-14 0.455888 2.48412e-15 5.32313e-13 3.95384e-13
1.385 -3.27584e-14 5.70109e-14 0.456008 2.5431e-15 5.32203e-13 3.96614e-13
1.39 -3.21286e-14 5.90226e-14 0.45612 2.48065e-15 5.32043e-13 3.97854e-13
1.395 -3.23517e-14 6.0451e-14 0.456222 2.46678e-15 5.31864e-13 3.99101e-13
1.4 -3.12292e-14 5.9649e-14 0.456316 2.48065e-15 5.31663e-13 4.00328e-13
1.405 -3.07239e-14 5.90996e-14 0.4564 2.50494e-15 5.31417e-13 4.01542e-13
1.41 -2.95644e-14 5.80803e-14 0.456474 2.4078e-15 5.31182e-13 4.02732e-13
1.415 -2.99891e-14 5.83677e-14 0.456537 2.4182e-15 5.30927e-13 4.0391e-13
1.42 -2.98758e-14 5.84888e-14 0.456591 2.45984e-15 5.30698e-13 4.05071e-13
1.425 -2.96235e-14 5.83839e-14 0.456634 2.50147e-15 5.30485e-13 4.06193e-13
1.43 -3.01871e-14 5.87481e-14 0.456666 2.45984e-15 5.30271e-13 4.07273e-13
1.435 -3.10629e-14 5.85782e-14 0.456687 2.40433e-15 5.30045e-13 4.0833e-13
1.44 -3.10883e-14 5.91e-14 0.456697 2.40086e-15 5.29824e-13 4.0937e-13
1.445 -3.21674e-14 5.92726e-14 0.456695 2.32453e-15 5.29573e-13 4.10427e-13
1.45 -3.14623e-14 5.94257e-14 0.456682 2.34188e-15 5.29317e-13 4.1143e-13
1.455 -3.07141e-14 6.02796e-14 0.456657 2.36963e-15 5.29094e-13 4.12392e-13
1.46 -3.01623e-14 6.20678e-14 0.45662 2.39392e-15 5.28875e-13 4.13331e-13
1.465 -3.15764e-14 6.15294e-14 0.456571 2.39392e-15 5.28644e-13 4.14247e-13
1.47 -3.2224e-14 6.2491e-14 0.456509 2.40433e-15 5.28393e-13 4.15162e-13
1.475 -3.20884e-14 6.2711e-14 0.456435 2.40086e-15 5.28153e-13 4.16058e-13
1.48 -3.24509e-14 6.27783e-14 0.456349 2.35575e-15 5.27907e-13 4.16908e-13
1.485 -3.3414e-14 6.45746e-14 0.456249 2.328e-15 5.27655e-13 4.1771e-13
1.49 -3.33704e-14 6.31317e-14 0.456137 2.31412e-15 5.27396e-13 4.18512e-13
1.495 -3.37533e-14 6.20252e-14 0.456012 2.32106e-15 5.27141e-13 4.19302e-13
1.5 -3.25364e-14 6.13912e-14 0.455874 2.36269e-15 5.26889e-13 4.20052e-13
1.505 -3.5108e-14 6.09074e-14 0.455723 2.31759e-15 5.26587e-13 4.20805e-13
1.51 -3.50649e-14 5.88948e-14 0.455559 2.28983e-15 5.26263e-13 4.21554e-13
1.515 -3.55001e-14 5.90732e-14 0.455381 2.328e-15 5.25912e-13 4.22287e-13
1.52 -3.50593e-14 5.93117e-14 0.455191 2.36616e-15 5.25547e-13 4.2298e-13
1.525 -3.45094e-14 6.00853e-14 0.454987 2.39739e-15 5.2515e-13 4.23693e-13
1.53 -3.50629e-14 5.9061e-14 0.454769 2.3731e-15 5.24764e-13 4.24406e-13
1.535 -3.66463e-14 5.79026e-14 0.454538 2.31065e-15 5.2436e-13 4.25113e-13
1.54 -3.67359e-14 5.70597e-14 0.454294 2.27943e-15 5.23974e-13 4.25794e-13
1.545 -3.7393e-14 5.65765e-14 0.454037 2.44249e-15 5.23578e-13 4.26427e-13
1.55 -3.83798e-14 5.62157e-14 0.453766 2.44596e-15 5.23187e-13 4.27053e-13
1.555 -3.96726e-14 5.69304e-14 0.453481 2.59168e-15 5.22786e-13 4.27686e-13
1.56 -3.96745e-14 5.64768e-14 0.453184 2.64025e-15 5.22379e-13 4.28279e-13
1.565 -3.98945e-14 5.56585e-14 0.452873 2.6229e-15 5.21928e-13 4.28885e-13
1.57 -3.89479e-14 5.62517e-14 0.452549 2.60902e-15 5.2148e-13 4.29431e-13
1.575 -3.77282e-14 5.83996e-14 0.452211 2.56392e-15 5.2102e-13 4.29978e-13
1.58 -3.70577e-14 5.9118e-14 0.45186 2.56739e-15 5.20558e-13 4.30482e-13
1.585 -3.6437e-14 6.14037e-14 0.451497 2.61249e-15 5.20078e-13 4.30969e-13
1.59 -3.66417e-14 6.09942e-14 0.45112 2.73392e-15 5.1962e-13 4.31399e-13
1.595 -3.57534e-14 6.12801e-14 0.45073 2.75474e-15 5.19164e-13 4.31778e-13
1.6 -3.50458e-14 6.29688e-14 0.450328 2.7478e-15 5.18684e-13 4.32091e-13
1.605 -3.61932e-14 6.21484e-14 0.449912 2.81025e-15 5.1817e-13 4.32396e-13
1.61 -3.50477e-14 6.26647e-14 0.449484 2.80331e-15 5.17611e-13 4.32675e-13
1.615 -3.34571e-14 6.29264e-14 0.449044 2.84148e-15 5.17075e-13 4.32942e-13
1.62 -3.34506e-14 6.16568e-14 0.448591 2.78944e-15 5.16557e-13 4.332e-13
1.625 -3.62244e-14 6.00272e-14 0.448126 2.88658e-15 5.16029e-13 4.33455e-13
1.63 -3.57914e-14 5.93145e-14 0.447649 2.99413e-15 5.155e-13 4.337e-13
1.635 -3.47209e-14 5.96618e-14 0.447159 2.98025e-15 5.15002e-13 4.33916e-13
1.64 -3.67197e-14 5.98495e-14 0.446658 3.02883e-15 5.14516e-13 4.34138e-13
1.645 -3.59643e-14 5.99401e-14 0.446146 3.05658e-15 5.1405e-13 4.34332e-13
1.65 -3.62846e-14 6.03434e-14 0.445622 3.01148e-15 5.13573e-13 4.34532e-13
1.655 -3.77213e-14 5.98724e-14 0.445086 3.0427e-15 5.13079e-13 4.34727e-13
1.66 -3.67019e-14 6.1541e-14 0.444539 3.10516e-15 5.12592e-13 4.34884e-13
1.665 -3.81723e-14 6.11892e-14 0.443982 3.13638e-15 5.12138e-13 4.34981e-13
1.67 -3.86703e-14 6.19148e-14 0.443414 3.12944e-15 5.11724e-13 4.35019e-13
1.675 -3.93073e-14 6.18928e-14 0.442835 3.13638e-15 5.11293e-13 4.35047e-13
1.68 -3.88012e-14 6.19029e-14 0.442246 3.09822e-15 5.10875e-13 4.35054e-13
1.685 -3.81859e-14 6.07204e-14 0.441646 3.19189e-15 5.10435e-13 4.3504e-13
1.69 -3.76734e-14 6.1368e-14 0.441037 3.20924e-15 5.09963e-13 4.34998e-13
1.695 -3.81112e-14 6.11935e-14 0.440418 3.2023e-15 5.09477e-13 4.34939e-13
1.7 -3.86272e-14 6.08309e-14 0.43979 3.23352e-15 5.08979e-13 4.34875e-13
1.705 -3.84703e-14 6.02418e-14 0.439153 3.22659e-15 5.08462e-13 4.34829e-13
1.71 -3.96818e-14 6.0412e-14 0.438506 3.23006e-15 5.07922e-13 4.34772e-13
1.715 -3.98911e-14 6.15488e-14 0.437851 3.11556e-15 5.07384e-13 4.34693e-13
1.72 -4.11312e-14 6.2456e-14 0.437187 3.04964e-15 5.06827e-13 4.34567e-13
1.725 -4.19105e-14 6.20505e-14 0.436516 2.91434e-15 5.06274e-13 4.34419e-13
1.73 -4.24506e-14 6.23533e-14 0.435836 2.85189e-15 5.05716e-13 4.34242e-13
1.735 -4.39232e-14 6.29333e-14 0.435148 2.86923e-15 5.05148e-13 4.34057e-13
1.74 -4.5193e-14 6.35748e-14 0.434454 2.78944e-15 5.04553e-13 4.33836e-13
1.745 -4.51112e-14 6.3543e-14 0.433752 2.7825e-15 5.03952e-13 4.33587e-13
1.75 -4.856e-14 6.21882e-14 0.433043 2.73392e-15 5.03364e-13 4.33323e-13
1.755 -4.81421e-14 6.32356e-14 0.432327 2.69229e-15 5.02781e-13 4.33015e-13
1.76 -4.66327e-14 6.2136e-14 0.431606 2.64025e-15 5.02209e-13 4.327e-13
1.765 -4.45839e-14 6.30844e-14 0.430878 2.64719e-15 5.01645e-13 4.32351e-13
1.77 -4.34317e-14 6.44206e-14 0.430144 2.63331e-15 5.01039e-13 4.32005e-13
1.775 -4.49671e-14 6.51266e-14 0.429405 2.66107e-15 5.00413e-13 4.31625e-13
1.78 -4.55012e-14 6.51257e-14 0.428661 2.69576e-15 4.99799e-13 4.31227e-13
1.785 -4.6194e-14 6.46413e-14 0.427912 2.7027e-15 4.99205e-13 4.30834e-13
1.79 -4.54406e-14 6.60065e-14 0.427159 2.78597e-15 4.98607e-13 4.30391e-13
1.795 -4.45854e-14 6.66011e-14 0.426401 2.81025e-15 4.98006e-13 4.29903e-13
1.8 -4.51027e-14 6.71258e-14 0.425639 2.86576e-15 4.97432e-13 4.29372e-13
1.805 -4.19473e-14 6.95833e-14 0.424874 2.93862e-15 4.9683e-13 4.28804e-13
1.81 -4.26008e-14 6.88365e-14 0.424105 3.08781e-15 4.96208e-13 4.28228e-13
1.815 -4.11872e-14 6.99962e-14 0.423334 3.15373e-15 4.95573e-13 4.27654e-13
1.82 -4.17348e-14 7.11418e-14 0.422559 3.2474e-15 4.94949e-13 4.27051e-13
1.825 -4.188e-14 6.94585e-14 0.421783 3.35496e-15 4.94313e-13 4.26475e-13
1.83 -4.30369e-14 6.8193e-14 0.421004 3.44863e-15 4.93691e-13 4.25849e-13
1.835 -4.24605e-14 6.6751e-14 0.420223 3.59435e-15 4.93057e-13 4.25176e-13
1.84 -4.20735e-14 6.77926e-14 0.419441 3.71925e-15 4.92413e-13 4.24501e-13
1.845 -3.99949e-14 6.87289e-14 0.418657 3.92394e-15 4.91787e-13 4.23835e-13
1.85 -3.88083e-14 6.99797e-14 0.417873 4.08701e-15 4.91129e-13 4.23121e-13
1.855 -4.05137e-14 6.99015e-14 0.417088 4.31946e-15 4.90439e-13 4.22389e-13
1.86 -4.01904e-14 7.12174e-14 0.416303 4.61089e-15 4.89739e-13 4.2166e-13
1.865 -4.16741e-14 6.98172e-14 0.415518 4.83641e-15 4.89046e-13 4.20907e-13
1.87 -4.13575e-14 6.94875e-14 0.414733 5.05498e-15 4.88331e-13 4.20145e-13
1.875 -4.21305e-14 6.73874e-14 0.413949 5.36376e-15 4.87611e-13 4.19372e-13
1.88 -4.34066e-14 6.70545e-14 0.413166 5.69336e-15 4.86858e-13 4.18562e-13
1.885 -4.46048e-14 6.83777e-14 0.412385 5.94663e-15 4.86067e-13 4.17743e-13
1.89 -4.6981e-14 6.84853e-14 0.411605 6.245e-15 4.85267e-13 4.16903e-13
1.895 -4.69039e-14 6.84832e-14 0.410826 6.53991e-15 4.84485e-13 4.16046e-13
1.9 -4.62936e-14 6.90725e-14 0.41005 6.88338e-15 4.83708e-13 4.15183e-13
1.905 -4.69789e-14 6.85153e-14 0.409277 7.21992e-15 4.82953e-13 4.14344e-13
1.91 -4.78089e-14 6.93781e-14 0.408506 7.54952e-15 4.82171e-13 4.13496e-13
1.915 -4.88813e-14 6.83647e-14 0.407739 7.80973e-15 4.81357e-13 4.12648e-13
1.92 -4.88118e-14 6.91184e-14 0.406974 8.13932e-15 4.80523e-13 4.11795e-13
1.925 -4.91463e-14 7.09186e-14 0.406214 8.4828e-15 4.79689e-13 4.10909e-13
1.93 -4.91429e-14 7.16073e-14 0.405457 8.74995e-15 4.78867e-13 4.10043e-13
1.935 -4.99891e-14 7.14049e-14 0.404705 9.07954e-15 4.78048e-13 4.0914e-13
1.94 -5.1035e-14 7.12805e-14 0.403957 9.4473e-15 4.77227e-13 4.08212e-13
1.945 -5.09903e-14 7.24102e-14 0.403214 9.79425e-15 4.76442e-13 4.07241e-13
1.95 -4.87218e-14 7.32046e-14 0.402476 1.01759e-14 4.7566e-13 4.06256e-13
1.955 -5.00717e-14 7.43704e-14 0.401743 1.04916e-14 4.74888e-13 4.05223e-13
1.96 -4.90944e-14 7.54747e-14 0.401016 1.08524e-14 4.74133e-13 4.04163e-13
1.965 -4.89352e-14 7.39607e-14 0.400295 1.11473e-14 4.73398e-13 4.03089e-13
1.97 -4.71402e-14 7.53921e-14 0.399579 1.15706e-14 4.72675e-13 4.01975e-13
1.975 -4.76086e-14 7.43562e-14 0.398871 1.19696e-14 4.71946e-13 4.00847e-13
1.98 -4.72211e-14 7.54776e-14 0.398169 1.2438e-14 4.71188e-13 3.99693e-13
1.985 -4.68338e-14 7.67808e-14 0.397474 1.2941e-14 4.70432e-13 3.98513e-13
1.99 -4.70931e-14 7.73808e-14 0.396786 1.33817e-14 4.69669e-13 3.97365e-13
1.995 -4.52897e-14 7.72549e-14 0.396105 1.38708e-14 4.68893e-13 3.96233e-13
2 -4.59193e-14 7.75739e-14 0.395432 1.43288e-14 4.68101e-13 3.95105e-13
2.005 -4.52388e-14 7.93813e-14 0.394767 1.47694e-14 4.67291e-13 3.9399e-13
2.01 -4.49168e-14 8.13255e-14 0.394109 1.51962e-14 4.66463e-13 3.92846e-13
2.015 -4.54297e-14 8.06336e-14 0.39346 1.57027e-14 4.65632e-13 3.91699e-13
2.02 -4.63162e-14 8.04046e-14 0.39282 1.62856e-14 4.64809e-13 3.90541e-13
2.025 -4.58377e-14 8.1183e-14 0.392188 1.69031e-14 4.63988e-13 3.89367e-13
2.03 -4.51412e-14 8.14234e-14 0.391566 1.75727e-14 4.63143e-13 3.88209e-13
2.035 -4.48626e-14 8.11961e-14 0.390952 1.82632e-14 4.62301e-13 3.8706e-13
2.04 -4.63976e-14 8.17635e-14 0.390348 1.88564e-14 4.61456e-13 3.85929e-13
2.045 -4.55949e-14 8.3182e-14 0.389753 1.94879e-14 4.60636e-13 3.84782e-13
2.05 -4.44294e-14 8.40266e-14 0.389168 2.01679e-14 4.59856e-13 3.83624e-13
2.055 -4.39531e-14 8.48807e-14 0.388592 2.08999e-14 4.59074e-13 3.82492e-13
2.06 -4.44532e-14 8.44108e-14 0.388027 2.16147e-14 4.58274e-13 3.81367e-13
2.065 -4.46142e-14 8.36068e-14 0.387472 2.22218e-14 4.57484e-13 3.8021e-13
2.07 -4.36557e-14 8.45878e-14 0.386927 2.28775e-14 4.56721e-13 3.79031e-13
2.075 -4.32243e-14 8.52515e-14 0.386393 2.34743e-14 4.55967e-13 3.77838e-13
2.08 -4.5009e-14 8.37085e-14 0.38587 2.39531e-14 4.55217e-13 3.76666e-13
2.085 -4.39285e-14 8.21221e-14 0.385357 2.44423e-14 4.54419e-13 3.75509e-13
2.09 -4.44905e-14 8.22698e-14 0.384855 2.49072e-14 4.53609e-13 3.74365e-13
2.095 -4.5349e-14 8.19143e-14 0.384364 2.53617e-14 4.52821e-13 3.7323e-13
2.1 -4.26077e-14 8.37627e-14 0.383885 2.58404e-14 4.52016e-13 3.72113e-13
2.105 -4.33375e-14 8.33537e-14 0.383417 2.63678e-14 4.51174e-13 3.7103e-13
2.11 -4.48772e-14 8.06308e-14 0.38296 2.69021e-14 4.50327e-13 3.69956e-13
2.115 -4.50661e-14 8.1089e-14 0.382515 2.7419e-14 4.49461e-13 3.68874e-13
2.12 -4.50113e-14 7.9706e-14 0.382081 2.79117e-14 4.48588e-13 3.67795e-13
2.125 -4.40838e-14 8.01139e-14 0.381659 2.82829e-14 4.477e-13 3.6674e-13
2.13 -4.5054e-14 7.98198e-14 0.381249 2.87478e-14 4.46792e-13 3.65709e-13
2.135 -4.51871e-14 8.11493e-14 0.380851 2.92544e-14 4.45879e-13 3.64681e-13
2.14 -4.4313e-14 8.06835e-14 0.380465 2.97956e-14 4.44976e-13 3.63655e-13
2.145 -4.32696e-14 8.09394e-14 0.380091 3.05485e-14 4.44069e-13 3.62632e-13
2.15 -4.40622e-14 7.97669e-14 0.379729 3.1232e-14 4.43137e-13 3.61615e-13
2.155 -4.40779e-14 7.94793e-14 0.379379 3.18842e-14 4.42199e-13 3.60628e-13
2.16 -4.48278e-14 7.7604e-14 0.379042 3.25677e-14 4.41268e-13 3.59648e-13
2.165 -4.51456e-14 7.55992e-14 0.378716 3.32616e-14 4.40321e-13 3.58682e-13
2.17 -4.5036e-14 7.85605e-14 0.378403 3.37785e-14 4.3938e-13 3.57715e-13
2.175 -4.37813e-14 7.90111e-14 0.378102 3.43787e-14 4.38435e-13 3.5679e-13
2.18 -4.37757e-14 7.903e-14 0.377814 3.49304e-14 4.37501e-13 3.55856e-13
2.185 -4.43054e-14 7.98935e-14 0.377538 3.54196e-14 4.36571e-13 3.54899e-13
2.19 -4.51139e-14 8.05267e-14 0.377274 3.60267e-14 4.35655e-13 3.53925e-13
2.195 -4.47228e-14 8.05703e-14 0.377023 3.66755e-14 4.34725e-13 3.52965e-13
2.2 -4.43107e-14 8.00956e-14 0.376784 3.72619e-14 4.33794e-13 3.52007e-13
2.205 -4.50809e-14 7.84436e-14 0.376557 3.78898e-14 4.32851e-13 3.51046e-13
2.21 -4.40168e-14 7.88482e-14 0.376343 3.84519e-14 4.31899e-13 3.50085e-13
2.215 -4.35436e-14 7.65636e-14 0.376141 3.90833e-14 4.30929e-13 3.49125e-13
2.22 -4.31849e-14 7.71208e-14 0.375951 3.96766e-14 4.29963e-13 3.48182e-13
2.225 -4.36492e-14 7.76191e-14 0.375774 4.01554e-14 4.28969e-13 3.47242e-13
2.23 -4.37305e-14 7.7449e-14 0.375608 4.0648e-14 4.27972e-13 3.46312e-13
2.235 -4.35846e-14 7.80347e-14 0.375455 4.11754e-14 4.26974e-13 3.45344e-13
2.24 -4.32672e-14 7.84289e-14 0.375314 4.16993e-14 4.25993e-13 3.44387e-13
2.245 -4.29549e-14 7.89125e-14 0.375186 4.22475e-14 4.25e-13 3.43426e-13
2.25 -4.35293e-14 7.77963e-14 0.375069 4.28026e-14 4.24035e-13 3.42466e-13
2.255 -4.45579e-14 7.85338e-14 0.374964 4.32293e-14 4.23083e-13 3.41511e-13
2.26 -4.3072e-14 7.84245e-14 0.37487 4.36699e-14 4.22145e-13 3.40548e-13
2.265 -4.16761e-14 7.87719e-14 0.374789 4.40759e-14 4.21207e-13 3.39609e-13
2.27 -4.07439e-14 7.90053e-14 0.374719 4.44957e-14 4.20288e-13 3.38655e-13
2.275 -4.23796e-14 7.84167e-14 0.374661 4.49883e-14 4.19407e-13 3.37729e-13
2.28 5.42757e-05 7.95414e-14 0.374607 4.54349e-14 4.2037e-13 3.3706e-13
2.285 9.7191e-05 7.91361e-14 0.374564 4.58772e-14 4.21327e-13 3.36418e-13
2.29 0.000128859 7.83975e-14 0.374532 4.63277e-14 4.22276e-13 3.35807e-13
2.295 0.000149397 7.81036e-14 0.374512 4.67588e-14 4.23219e-13 3.35226e-13
2.3 0.000158928 7.75814e-14 0.374502 4.72035e-14 4.24156e-13 3.3467e-13
2.305 0.000157583 7.73126e-14 0.374504 4.76901e-14 4.25087e-13 3.34143e-13
2.31 0.000145494 7.70567e-14 0.374516 4.80495e-14 4.26013e-13 3.33647e-13
2.315 0.0001228 7.65843e-14 0.374539 4.84646e-14 4.26934e-13 3.33185e-13
2.32 8.96464e-05 7.60911e-14 0.374572 4.88578e-14 4.27851e-13 3.32755e-13
2.325 4.61813e-05 7.55227e-14 0.374615 4.92691e-14 4.28763e-13 3.32353e-13
2.33 -7.44114e-06 7.50733e-14 0.374669 4.97715e-14 4.29672e-13 3.31979e-13
2.335 -7.10624e-05 7.4666e-14 0.374733 5.02554e-14 4.30577e-13 3.31627e-13
2.34 -0.000144519 7.40321e-14 0.374806 5.08448e-14 4.3148e-13 3.31302e-13
2.345 -0.000227644 7.34109e-14 0.374889 5.1421e-14 4.3238e-13 3.30997e-13
2.35 -0.000320264 7.28708e-14 0.374982 5.1972e-14 4.33278e-13 3.30713e-13
2.355 -0.000422203 7.23681e-14 0.375084 5.25149e-14 4.34174e-13 3.30448e-13
2.36 -0.00053328 7.18823e-14 0.375195 5.30499e-14 4.35069e-13 3.30202e-13
2.365 -0.000653311 7.14502e-14 0.375315 5.3553e-14 4.35963e-13 3.29977e-13
2.37 -0.000782106 7.09276e-14 0.375444 5.40571e-14 4.36856e-13 3.29774e-13
2.375 -0.000919473 7.06199e-14 0.375581 5.453e-14 4.37748e-13 3.29592e-13
2.38 -0.00106521 7.00691e-14 0.375727 5.50048e-14 4.38641e-13 3.29432e-13
2.385 -0.00121913 6.9558e-14 0.375881 5.55136e-14 4.39534e-13 3.29288e-13
2.39 -0.00138102 6.91087e-14 0.376043 5.60039e-14 4.40427e-13 3.29161e-13
2.395 -0.00155067 6.86266e-14 0.376213 5.64889e-14 4.41321e-13 3.2906e-13
2.4 -0.00172788 6.81766e-14 0.37639 5.69391e-14 4.42215e-13 3.28972e-13
2.405 -0.00191242 6.77039e-14 0.376574 5.74117e-14 4.43111e-13 3.28912e-13
2.41 -0.00210409 6.71452e-14 0.376766 5.79151e-14 4.44008e-13 3.28863e-13
2.415 -0.00230267 6.67375e-14 0.376965 5.83902e-14 4.44906e-13 3.28828e-13
2.42 -0.00250792 6.62524e-14 0.37717 5.88612e-14 4.45805e-13 3.28806e-13
2.425 -0.00271963 6.56948e-14 0.377382 5.93983e-14 4.46706e-13 3.28799e-13
2.43 -0.00293757 6.50865e-14 0.3776 5.99244e-14 4.47609e-13 3.28809e-13
2.435 -0.00316151 6.4568e-14 0.377824 6.04293e-14 4.48512e-13 3.28834e-13
2.44 -0.00339122 6.4088e-14 0.378053 6.09284e-14 4.49418e-13 3.28881e-13
2.445 -0.00362646 6.35899e-14 0.378289 6.1412e-14 4.50325e-13 3.28945e-13
2.45 -0.00413271 6.38616e-14 0.378795 6.11394e-14 4.51571e-13 3.29381e-13
2.455 -0.00464141 6.41133e-14 0.379304 6.08637e-14 4.5282e-13 3.29822e-13
2.46 -0.00515226 6.43678e-14 0.379815 6.05864e-14 4.54071e-13 3.30269e-13
2.465 -0.00566494 6.4662e-14 0.380327 6.03071e-14 4.55325e-13 3.3071e-13
2.47 -0.00617915 6.49178e-14 0.380841 6.00262e-14 4.56579e-13 3.31153e-13
2.475 -0.00669457 6.51805e-14 0.381357 5.97435e-14 4.57833e-13 3.31595e-13
2.48 -0.00721089 6.54769e-14 0.381873 5.94593e-14 4.59086e-13 3.32037e-13
2.485 -0.00772781 6.57789e-14 0.38239 5.91719e-14 4.60337e-13 3.32477e-13
2.49 -0.00824502 6.60486e-14 0.382907 5.88814e-14 4.61586e-13 3.32909e-13
2.495 -0.0087622 6.63453e-14 0.383425 5.85926e-14 4.62831e-13 3.33333e-13
2.5 -0.00927905 6.66327e-14 0.383941 5.83051e-14 4.64073e-13 3.33747e-13
