0 0 0 1 0 0 0
0.1 0.0157141 2.26591e-16 0.984286 6.14802e-18 -2.58505e-15 4.91374e-15
0.2 0.0606317 -1.46423e-16 0.939368 1.68692e-17 -4.83635e-15 1.00821e-14
0.3 0.128635 -9.27355e-16 0.871365 -1.71787e-16 -6.78643e-15 1.4656e-14
0.4 0.211184 -7.62094e-16 0.788816 -4.5818e-16 -8.36283e-15 1.79217e-14
0.5 0.299192 -7.03759e-16 0.700808 -5.00935e-16 -9.63159e-15 1.96869e-14
0.6 0.384737 -1.48506e-15 0.615263 2.26537e-16 -1.04788e-14 2.0142e-14
0.7 0.462151 -2.52423e-15 0.537849 1.30456e-15 -1.10487e-14 1.94778e-14
0.8 0.528382 -3.50154e-15 0.471618 2.33313e-15 -1.18927e-14 1.85357e-14
0.9 0.582726 -4.23526e-15 0.417274 3.02319e-15 -1.35224e-14 1.74064e-14
1 0.626231 -3.96211e-15 0.373769 2.82195e-15 -1.53486e-14 1.58328e-14
1.1 0.661008 -4.70992e-15 0.338992 3.45488e-15 -1.71343e-14 1.40473e-14
1.2 0.689617 -5.12499e-15 0.310383 3.97421e-15 -1.82792e-14 1.18762e-14
1.3 0.714557 -5.74095e-15 0.285443 4.62439e-15 -1.81665e-14 9.81568e-15
1.4 0.737877 -6.05862e-15 0.262123 4.9495e-15 -1.5891e-14 8.45749e-15
1.5 0.760908 -6.55016e-15 0.239092 5.32478e-15 -1.25313e-14 8.09231e-15
1.6 0.784152 -6.70583e-15 0.215848 5.40426e-15 -9.54252e-15 8.49247e-15
1.7 0.807372 -6.65842e-15 0.192628 5.34901e-15 -7.58297e-15 8.99677e-15
1.8 0.829827 -6.40985e-15 0.170173 5.00674e-15 -6.66226e-15 9.33124e-15
1.9 0.850607 -5.99202e-15 0.149393 4.63146e-15 -6.71189e-15 9.32706e-15
2 0.868937 -5.48554e-15 0.131063 4.12004e-15 -7.21222e-15 8.67151e-15
2.1 0.884377 -4.89272e-15 0.115623 3.61618e-15 -7.68923e-15 7.3234e-15
2.2 0.896886 -4.59495e-15 0.103114 3.31001e-15 -7.63218e-15 5.89816e-15
2.3 0.906783 -4.4042e-15 0.0932169 3.10642e-15 -6.81458e-15 4.51048e-15
2.4 0.914638 -4.37643e-15 0.085362 3.10468e-15 -5.56007e-15 3.94083e-15
2.5 0.92115 -4.7092e-15 0.07885 3.43978e-15 -3.88677e-15 4.03781e-15
