0 0 0 1 0 0 0
0.01 0.000159265 -2.55471e-16 0.999839 -1.44735e-16 -4.53189e-15 -3.5992e-16
0.02 0.000636969 -3.21765e-16 0.999362 2.96602e-16 -8.84227e-15 -9.95156e-16
0.03 0.00143236 -3.80661e-16 0.998568 2.80437e-16 -1.30816e-14 -1.36178e-15
0.04 0.00254421 -3.73102e-16 0.997457 2.65594e-16 -1.7251e-14 -1.86032e-15
0.05 0.00397105 -1.79187e-16 0.996031 2.55145e-16 -2.13427e-14 -2.26689e-15
0.06 0.00571075 -3.9565e-16 0.994294 2.45334e-16 -2.53374e-14 -2.70419e-15
0.07 0.00776072 -1.54486e-16 0.992246 2.35654e-16 -2.92493e-14 -3.04554e-15
0.08 0.010118 -3.06894e-16 0.989891 2.21315e-16 -3.30767e-14 -3.37124e-15
0.09 0.0127792 -3.62636e-16 0.987233 1.92291e-16 -3.68104e-14 -3.60365e-15
0.1 0.0157404 -2.56526e-16 0.984274 1.62125e-16 -4.04471e-14 -3.78555e-15
0.11 0.0189974 -3.23054e-16 0.981021 1.1267e-16 -4.39794e-14 -4.11976e-15
0.12 0.0225454 -1.42891e-16 0.977476 5.27829e-17 -4.74055e-14 -4.55361e-15
0.13 0.0263793 -3.23223e-16 0.973646 1.83292e-17 -5.07126e-14 -4.88617e-15
0.14 0.0304938 -2.30678e-16 0.969535 -1.80926e-17 -5.38865e-14 -5.20663e-15
0.15 0.034883 -2.36413e-16 0.96515 -4.61132e-17 -5.69309e-14 -5.40774e-15
0.16 0.0395406 -2.31175e-16 0.960496 -8.35212e-17 -5.98527e-14 -5.44997e-15
0.17 0.0444603 -4.43846e-16 0.95558 -1.03456e-16 -6.26245e-14 -5.41777e-15
0.18 0.049635 -6.13025e-16 0.950409 -1.2474e-16 -6.52775e-14 -5.33998e-15
0.19 0.0550577 -4.40564e-16 0.94499 -1.5052e-16 -6.78491e-14 -5.2918e-15
0.2 0.0607209 -4.42865e-16 0.93933 -1.00281e-16 -7.03168e-14 -5.38688e-15
0.21 0.0666169 -6.19549e-16 0.933438 -4.46859e-17 -7.26849e-14 -5.37416e-15
0.22 0.0727379 -6.64994e-16 0.92732 2.34912e-17 -7.49428e-14 -5.2609e-15
0.23 0.0790756 -6.54304e-16 0.920985 4.09536e-17 -7.70972e-14 -5.26234e-15
0.24 0.0856217 -7.50857e-16 0.914442 4.08984e-17 -7.91581e-14 -5.21539e-15
0.25 0.0923678 -9.52899e-16 0.907698 1.1352e-16 -8.11006e-14 -5.10003e-15
0.26 0.0993052 -1.20939e-15 0.900763 3.00285e-16 -8.29382e-14 -4.89182e-15
0.27 0.106425 -1.29506e-15 0.893646 4.8365e-16 -8.46624e-14 -4.72994e-15
0.28 0.113718 -1.65277e-15 0.886354 5.99573e-16 -8.62619e-14 -4.52241e-15
0.29 0.121176 -1.68151e-15 0.878899 5.89855e-16 -8.77449e-14 -4.37089e-15
0.3 0.128788 -1.75617e-15 0.871288 5.18876e-16 -8.91066e-14 -4.23185e-15
0.31 0.136547 -1.77737e-15 0.863531 3.81051e-16 -9.0368e-14 -4.09033e-15
0.32 0.144442 -1.38862e-15 0.855638 1.58464e-16 -9.1533e-14 -3.85424e-15
0.33 0.152464 -1.13848e-15 0.847617 -1.42457e-16 -9.25856e-14 -3.66947e-15
0.34 0.160604 -1.42976e-15 0.839478 -3.17322e-16 -9.34988e-14 -3.41966e-15
0.35 0.168852 -1.07955e-15 0.831231 -4.82717e-16 -9.43067e-14 -3.1226e-15
0.36 0.1772 -1.38422e-15 0.822885 -5.66205e-16 -9.504e-14 -2.85842e-15
0.37 0.185638 -1.43496e-15 0.814448 -6.64296e-16 -9.56398e-14 -2.59842e-15
0.38 0.194156 -1.13933e-15 0.805931 -8.13994e-16 -9.61278e-14 -2.29703e-15
0.39 0.202745 -5.41699e-16 0.797342 -1.00654e-15 -9.65107e-14 -1.97099e-15
0.4 0.211398 -4.80833e-16 0.788691 -1.12319e-15 -9.67985e-14 -1.67752e-15
0.41 0.220104 -8.26025e-16 0.779987 -1.10492e-15 -9.70132e-14 -1.35897e-15
0.42 0.228854 -5.67456e-16 0.771237 -1.10742e-15 -9.71526e-14 -1.09229e-15
0.43 0.237641 -1.02009e-15 0.762452 -7.68374e-16 -9.71792e-14 -8.76221e-16
0.44 0.246455 -1.32485e-15 0.753638 -3.99538e-16 -9.71234e-14 -5.82479e-16
0.45 0.255288 -1.82718e-15 0.744806 1.10653e-16 -9.70072e-14 -3.53541e-16
0.46 0.264132 -2.46589e-15 0.735963 6.50855e-16 -9.68736e-14 -1.4437e-16
0.47 0.27298 -3.26101e-15 0.727116 1.27449e-15 -9.66217e-14 1.55467e-17
0.48 0.281823 -3.99907e-15 0.718275 1.74277e-15 -9.62732e-14 1.58487e-16
0.49 0.290653 -4.39871e-15 0.709445 2.11208e-15 -9.58358e-14 3.08637e-16
0.5 0.299464 -4.75357e-15 0.700635 2.48018e-15 -9.53024e-14 4.36277e-16
0.51 0.308248 -5.06685e-15 0.691852 2.94849e-15 -9.46668e-14 6.01476e-16
0.52 0.316998 -5.52643e-15 0.683103 3.25892e-15 -9.4033e-14 7.48554e-16
0.53 0.325709 -5.94979e-15 0.674393 3.45686e-15 -9.33207e-14 8.41982e-16
0.54 0.334373 -6.05744e-15 0.66573 3.61231e-15 -9.25507e-14 9.54287e-16
0.55 0.342984 -6.44571e-15 0.65712 3.66263e-15 -9.17068e-14 1.07945e-15
0.56 0.351537 -6.89856e-15 0.648568 3.91084e-15 -9.08054e-14 1.15712e-15
0.57 0.360026 -6.94109e-15 0.64008 4.092e-15 -8.98959e-14 1.22348e-15
0.58 0.368446 -6.89671e-15 0.631661 4.2898e-15 -8.88725e-14 1.28137e-15
0.59 0.376791 -7.35984e-15 0.623317 4.37906e-15 -8.77442e-14 1.30204e-15
0.6 0.385058 -7.32402e-15 0.615052 4.50788e-15 -8.6621e-14 1.33256e-15
0.61 0.39324 -7.36021e-15 0.60687 4.49775e-15 -8.54805e-14 1.34043e-15
0.62 0.401335 -7.50823e-15 0.598777 4.537e-15 -8.44408e-14 1.32793e-15
0.63 0.409338 -7.40883e-15 0.590775 4.42751e-15 -8.33922e-14 1.28899e-15
0.64 0.417245 -7.13372e-15 0.582868 4.26266e-15 -8.23434e-14 1.25843e-15
0.65 0.425054 -6.77696e-15 0.575061 4.08008e-15 -8.12608e-14 1.29526e-15
0.66 0.43276 -6.76402e-15 0.567355 4.05684e-15 -8.01034e-14 1.38501e-15
0.67 0.440362 -6.79969e-15 0.559755 4.02805e-15 -7.90608e-14 1.37179e-15
0.68 0.447856 -6.88338e-15 0.552262 4.13117e-15 -7.80414e-14 1.17377e-15
0.69 0.45524 -7.25421e-15 0.544879 4.50029e-15 -7.69803e-14 8.57294e-16
0.7 0.462512 -7.66009e-15 0.537608 4.84055e-15 -7.58765e-14 5.18293e-16
0.71 0.46967 -7.85237e-15 0.530451 5.16975e-15 -7.4693e-14 4.36913e-16
0.72 0.476713 -8.40381e-15 0.52341 5.58266e-15 -7.34943e-14 3.7591e-16
0.73 0.483638 -8.78808e-15 0.516485 5.92874e-15 -7.22596e-14 5.01614e-16
0.74 0.490445 -9.2758e-15 0.509679 6.55259e-15 -7.10685e-14 6.17477e-16
0.75 0.497133 -9.85362e-15 0.502992 7.06827e-15 -6.99339e-14 8.27902e-16
0.76 0.503702 -1.06327e-14 0.496424 7.68621e-15 -6.88735e-14 9.53069e-16
0.77 0.51015 -1.13934e-14 0.489977 8.37328e-15 -6.77009e-14 1.01395e-15
0.78 0.516477 -1.1801e-14 0.48365 8.76844e-15 -6.64884e-14 1.11658e-15
0.79 0.522684 -1.20303e-14 0.477444 9.08967e-15 -6.5334e-14 1.20377e-15
0.8 0.52877 -1.22471e-14 0.471358 9.16139e-15 -6.42317e-14 1.15012e-15
0.81 0.534736 -1.23865e-14 0.465393 9.27597e-15 -6.30895e-14 1.22937e-15
0.82 0.540582 -1.24599e-14 0.459547 9.51444e-15 -6.2031e-14 1.38846e-15
0.83 0.546309 -1.23397e-14 0.453821 9.51446e-15 -6.09042e-14 1.567e-15
0.84 0.551917 -1.19743e-14 0.448213 9.3026e-15 -5.9797e-14 1.61227e-15
0.85 0.557409 -1.15905e-14 0.442723 9.00464e-15 -5.87887e-14 1.72918e-15
0.86 0.562783 -1.1356e-14 0.437349 8.71661e-15 -5.7797e-14 1.99281e-15
0.87 0.568043 -1.11009e-14 0.43209 8.45418e-15 -5.68529e-14 1.92726e-15
0.88 0.573188 -1.07921e-14 0.426945 8.15649e-15 -5.58477e-14 1.87618e-15
0.89 0.578221 -1.06592e-14 0.421913 7.80705e-15 -5.4886e-14 1.76795e-15
0.9 0.583144 -1.03284e-14 0.416991 7.49643e-15 -5.39199e-14 1.61472e-15
0.91 0.587957 -1.00508e-14 0.412179 7.2619e-15 -5.29943e-14 1.4487e-15
0.92 0.592662 -9.8808e-15 0.407474 6.98462e-15 -5.21459e-14 1.20078e-15
0.93 0.597262 -9.71525e-15 0.402875 6.68e-15 -5.13722e-14 1.02643e-15
0.94 0.601759 -9.51569e-15 0.398378 6.34259e-15 -5.06239e-14 7.7005e-16
0.95 0.606154 -9.35551e-15 0.393984 6.01745e-15 -4.98742e-14 6.15082e-16
0.96 0.61045 -8.87045e-15 0.389688 5.62193e-15 -4.92767e-14 3.50902e-16
0.97 0.614649 -8.42247e-15 0.38549 5.2254e-15 -4.87959e-14 7.38128e-17
0.98 0.618753 -7.8937e-15 0.381386 4.80628e-15 -4.82474e-14 -3.02568e-16
0.99 0.622765 -7.61021e-15 0.377375 4.36375e-15 -4.77497e-14 -6.67829e-16
1 0.626687 -7.17448e-15 0.373454 3.90366e-15 -4.73095e-14 -9.84169e-16
1.01 0.630521 -6.7762e-15 0.36962 3.42928e-15 -4.67647e-14 -1.30664e-15
1.02 0.63427 -6.11469e-15 0.365871 2.92359e-15 -4.61928e-14 -1.65019e-15
1.03 0.637937 -5.62742e-15 0.362204 2.38379e-15 -4.56731e-14 -2.16991e-15
1.04 0.641523 -5.08449e-15 0.358618 1.83178e-15 -4.51941e-14 -2.65053e-15
1.05 0.645033 -4.48817e-15 0.355108 1.25858e-15 -4.48016e-14 -3.12223e-15
1.06 0.648468 -3.98382e-15 0.351674 6.73046e-16 -4.44711e-14 -3.49321e-15
1.07 0.651831 -3.43913e-15 0.348311 6.31143e-17 -4.42385e-14 -3.90198e-15
1.08 0.655124 -2.75208e-15 0.345018 -5.38759e-16 -4.40269e-14 -4.14489e-15
1.09 0.658351 -2.22054e-15 0.341791 -1.15526e-15 -4.37812e-14 -4.39573e-15
1.1 0.661513 -1.71416e-15 0.338628 -1.79734e-15 -4.35602e-14 -4.72882e-15
1.11 0.664614 -1.00903e-15 0.335527 -2.44119e-15 -4.33932e-14 -5.03419e-15
1.12 0.667657 -2.85336e-16 0.332485 -3.08965e-15 -4.33183e-14 -5.34205e-15
1.13 0.670643 4.65501e-16 0.329498 -3.76443e-15 -4.32198e-14 -5.58978e-15
1.14 0.673576 1.0613e-15 0.326566 -4.41906e-15 -4.31173e-14 -5.89172e-15
1.15 0.676457 1.76129e-15 0.323684 -5.04804e-15 -4.29923e-14 -6.18315e-15
1.16 0.67929 2.30988e-15 0.320851 -5.6822e-15 -4.29625e-14 -6.61883e-15
1.17 0.682077 3.06341e-15 0.318063 -6.30579e-15 -4.29835e-14 -7.02836e-15
1.18 0.684821 3.79175e-15 0.315319 -6.92369e-15 -4.29445e-14 -7.46357e-15
1.19 0.687524 4.42271e-15 0.312616 -7.54456e-15 -4.27969e-14 -7.90748e-15
1.2 0.690188 4.9333e-15 0.309952 -8.14991e-15 -4.24456e-14 -8.22174e-15
1.21 0.692816 5.53849e-15 0.307324 -8.75101e-15 -4.20504e-14 -8.48271e-15
1.22 0.69541 6.21745e-15 0.304729 -9.32754e-15 -4.16724e-14 -8.77005e-15
1.23 0.697972 6.79818e-15 0.302167 -9.90819e-15 -4.13644e-14 -9.05641e-15
1.24 0.700505 7.46873e-15 0.299633 -1.04912e-14 -4.0963e-14 -9.32213e-15
1.25 0.703011 8.20348e-15 0.297127 -1.10767e-14 -4.06644e-14 -9.67236e-15
1.26 0.705491 8.80544e-15 0.294646 -1.16812e-14 -4.04819e-14 -9.95604e-15
1.27 0.707948 9.38427e-15 0.292189 -1.22946e-14 -4.02145e-14 -1.02525e-14
1.28 0.710385 1.00165e-14 0.289752 -1.29301e-14 -3.99496e-14 -1.04233e-14
1.29 0.712801 1.07083e-14 0.287335 -1.35642e-14 -3.96417e-14 -1.04679e-14
1.3 0.715201 1.12184e-14 0.284935 -1.41786e-14 -3.93544e-14 -1.0392e-14
1.31 0.717585 1.17754e-14 0.28255 -1.47881e-14 -3.90788e-14 -1.02729e-14
1.32 0.719954 1.2415e-14 0.28018 -1.53954e-14 -3.87383e-14 -1.01584e-14
1.33 0.722312 1.29616e-14 0.277822 -1.60038e-14 -3.83734e-14 -1.00522e-14
1.34 0.724658 1.3619e-14 0.275475 -1.66107e-14 -3.80533e-14 -9.94246e-15
1.35 0.726995 1.41619e-14 0.273137 -1.72045e-14 -3.7698e-14 -9.86177e-15
1.36 0.729324 1.48715e-14 0.270807 -1.77999e-14 -3.73828e-14 -9.81347e-15
1.37 0.731647 1.54306e-14 0.268485 -1.83884e-14 -3.70168e-14 -9.73732e-15
1.38 0.733963 1.59415e-14 0.266167 -1.89558e-14 -3.66842e-14 -9.69723e-15
1.39 0.736275 1.6595e-14 0.263855 -1.95178e-14 -3.62219e-14 -9.69809e-15
1.4 0.738584 1.71268e-14 0.261545 -2.0053e-14 -3.57622e-14 -9.69711e-15
1.41 0.74089 1.76167e-14 0.259238 -2.05616e-14 -3.52875e-14 -9.68744e-15
1.42 0.743195 1.80065e-14 0.256933 -2.10376e-14 -3.48489e-14 -9.61336e-15
1.43 0.745499 1.84315e-14 0.254629 -2.14883e-14 -3.4434e-14 -9.53264e-15
1.44 0.747802 1.88814e-14 0.252325 -2.19134e-14 -3.40954e-14 -9.50156e-15
1.45 0.750106 1.91808e-14 0.250021 -2.2319e-14 -3.37744e-14 -9.52025e-15
1.46 0.75241 1.96729e-14 0.247716 -2.2694e-14 -3.35296e-14 -9.61483e-15
1.47 0.754715 2.00116e-14 0.24541 -2.30379e-14 -3.32827e-14 -9.71979e-15
1.48 0.757023 2.03585e-14 0.243102 -2.33407e-14 -3.29917e-14 -9.78725e-15
1.49 0.759331 2.06338e-14 0.240793 -2.36152e-14 -3.28277e-14 -1.00383e-14
1.5 0.761642 2.08767e-14 0.238481 -2.38607e-14 -3.26671e-14 -1.02615e-14
1.51 0.763955 2.10827e-14 0.236168 -2.41013e-14 -3.25406e-14 -1.06116e-14
1.52 0.76627 2.1383e-14 0.233852 -2.4307e-14 -3.23788e-14 -1.10483e-14
1.53 0.768588 2.1509e-14 0.231534 -2.44633e-14 -3.23119e-14 -1.15171e-14
1.54 0.770907 2.16287e-14 0.229214 -2.46057e-14 -3.2213e-14 -1.19377e-14
1.55 0.773229 2.18409e-14 0.226892 -2.47267e-14 -3.20379e-14 -1.2358e-14
1.56 0.775552 2.19311e-14 0.224568 -2.48162e-14 -3.18507e-14 -1.28707e-14
1.57 0.777877 2.19354e-14 0.222243 -2.4869e-14 -3.16261e-14 -1.34858e-14
1.58 0.780204 2.19869e-14 0.219915 -2.49074e-14 -3.15054e-14 -1.41035e-14
1.59 0.782532 2.19823e-14 0.217587 -2.49179e-14 -3.14582e-14 -1.47581e-14
1.6 0.78486 2.19758e-14 0.215259 -2.49056e-14 -3.14575e-14 -1.54384e-14
1.61 0.787188 2.19155e-14 0.21293 -2.48719e-14 -3.15443e-14 -1.6108e-14
1.62 0.789516 2.18505e-14 0.210601 -2.48046e-14 -3.16345e-14 -1.67571e-14
1.63 0.791843 2.17048e-14 0.208274 -2.47198e-14 -3.16766e-14 -1.7377e-14
1.64 0.794169 2.15447e-14 0.205948 -2.46157e-14 -3.17212e-14 -1.80551e-14
1.65 0.796492 2.1371e-14 0.203624 -2.44702e-14 -3.17661e-14 -1.8797e-14
1.66 0.798812 2.12345e-14 0.201303 -2.42926e-14 -3.16954e-14 -1.95738e-14
1.67 0.801129 2.1074e-14 0.198986 -2.40769e-14 -3.17325e-14 -2.03232e-14
1.68 0.803441 2.08506e-14 0.196674 -2.38592e-14 -3.17126e-14 -2.10707e-14
1.69 0.805747 2.06508e-14 0.194368 -2.3637e-14 -3.17186e-14 -2.18983e-14
1.7 0.808047 2.03917e-14 0.192067 -2.34258e-14 -3.18062e-14 -2.27189e-14
1.71 0.81034 2.01496e-14 0.189774 -2.32277e-14 -3.19954e-14 -2.35128e-14
1.72 0.812625 1.99406e-14 0.187489 -2.30571e-14 -3.2202e-14 -2.43979e-14
1.73 0.814901 1.97482e-14 0.185213 -2.29172e-14 -3.23394e-14 -2.52971e-14
1.74 0.817167 1.9556e-14 0.182946 -2.2794e-14 -3.23627e-14 -2.59681e-14
1.75 0.819424 1.94905e-14 0.180689 -2.26611e-14 -3.23585e-14 -2.66149e-14
1.76 0.821669 1.93623e-14 0.178444 -2.25358e-14 -3.23703e-14 -2.72413e-14
1.77 0.823901 1.92515e-14 0.176211 -2.24199e-14 -3.23453e-14 -2.78875e-14
1.78 0.826121 1.91347e-14 0.173991 -2.23124e-14 -3.22299e-14 -2.84923e-14
1.79 0.828326 1.89774e-14 0.171786 -2.22117e-14 -3.23323e-14 -2.89999e-14
1.8 0.830516 1.88559e-14 0.169596 -2.2135e-14 -3.2482e-14 -2.9517e-14
1.81 0.83269 1.88174e-14 0.167422 -2.2084e-14 -3.27412e-14 -3.00955e-14
1.82 0.834847 1.87885e-14 0.165265 -2.20395e-14 -3.30992e-14 -3.07094e-14
1.83 0.836985 1.87562e-14 0.163126 -2.20089e-14 -3.34578e-14 -3.13108e-14
1.84 0.839105 1.87139e-14 0.161006 -2.19724e-14 -3.38822e-14 -3.19428e-14
1.85 0.841205 1.86628e-14 0.158906 -2.18937e-14 -3.41867e-14 -3.26151e-14
1.86 0.843284 1.85181e-14 0.156827 -2.18032e-14 -3.44774e-14 -3.32826e-14
1.87 0.845342 1.84981e-14 0.154769 -2.17365e-14 -3.46917e-14 -3.39979e-14
1.88 0.847377 1.85147e-14 0.152734 -2.16873e-14 -3.48619e-14 -3.47124e-14
1.89 0.849388 1.8502e-14 0.150723 -2.16741e-14 -3.49907e-14 -3.54616e-14
1.9 0.851376 1.85185e-14 0.148735 -2.16862e-14 -3.51001e-14 -3.60949e-14
1.91 0.853338 1.85262e-14 0.146773 -2.1709e-14 -3.51987e-14 -3.67237e-14
1.92 0.855275 1.85915e-14 0.144836 -2.17815e-14 -3.52455e-14 -3.73367e-14
1.93 0.857185 1.86959e-14 0.142925 -2.18984e-14 -3.51745e-14 -3.80042e-14
1.94 0.859069 1.88231e-14 0.141042 -2.20761e-14 -3.51212e-14 -3.86432e-14
1.95 0.860924 1.8949e-14 0.139187 -2.22819e-14 -3.4984e-14 -3.92989e-14
1.96 0.862752 1.92183e-14 0.137359 -2.25341e-14 -3.48455e-14 -3.99493e-14
1.97 0.86455 1.95528e-14 0.135561 -2.28347e-14 -3.47383e-14 -4.06356e-14
1.98 0.866319 1.98802e-14 0.133792 -2.31752e-14 -3.45434e-14 -4.13299e-14
1.99 0.868054 2.02941e-14 0.132057 -2.36093e-14 -3.42943e-14 -4.18669e-14
2 0.869755 2.08906e-14 0.130356 -2.41665e-14 -3.4151e-14 -4.24397e-14
2.01 0.871422 2.15555e-14 0.128689 -2.4834e-14 -3.41608e-14 -4.30764e-14
2.02 0.873055 2.21944e-14 0.127056 -2.54769e-14 -3.39282e-14 -4.36153e-14
2.03 0.874657 2.28933e-14 0.125454 -2.61925e-14 -3.37897e-14 -4.41287e-14
2.04 0.876227 2.3662e-14 0.123884 -2.69665e-14 -3.36557e-14 -4.46521e-14
2.05 0.877766 2.44018e-14 0.122345 -2.76922e-14 -3.31763e-14 -4.5058e-14
2.06 0.879274 2.52387e-14 0.120837 -2.85177e-14 -3.30007e-14 -4.51569e-14
2.07 0.880751 2.61267e-14 0.119359 -2.94089e-14 -3.29037e-14 -4.53183e-14
2.08 0.882198 2.70703e-14 0.117912 -3.03381e-14 -3.28667e-14 -4.5492e-14
2.09 0.883616 2.80057e-14 0.116494 -3.12693e-14 -3.27751e-14 -4.56605e-14
2.1 0.885003 2.90003e-14 0.115107 -3.22626e-14 -3.27456e-14 -4.59781e-14
2.11 0.886359 3.00861e-14 0.113752 -3.33621e-14 -3.25729e-14 -4.61417e-14
2.12 0.887684 3.12566e-14 0.112427 -3.4518e-14 -3.22986e-14 -4.63183e-14
2.13 0.88898 3.24358e-14 0.11113 -3.56988e-14 -3.19108e-14 -4.64352e-14
2.14 0.890248 3.35931e-14 0.109862 -3.68747e-14 -3.13758e-14 -4.64168e-14
2.15 0.89149 3.47482e-14 0.10862 -3.80296e-14 -3.08246e-14 -4.646e-14
2.16 0.892708 3.5847e-14 0.107402 -3.91378e-14 -3.03119e-14 -4.65016e-14
2.17 0.893901 3.6901e-14 0.106209 -4.01819e-14 -2.98499e-14 -4.65455e-14
2.18 0.895072 3.7937e-14 0.105038 -4.11976e-14 -2.94966e-14 -4.66651e-14
2.19 0.89622 3.88579e-14 0.10389 -4.20992e-14 -2.92778e-14 -4.69537e-14
2.2 0.897348 3.96787e-14 0.102762 -4.29247e-14 -2.90923e-14 -4.73032e-14
2.21 0.898455 4.03815e-14 0.101654 -4.36602e-14 -2.8824e-14 -4.78648e-14
2.22 0.899543 4.10095e-14 0.100567 -4.42959e-14 -2.84935e-14 -4.85902e-14
2.23 0.900612 4.15582e-14 0.0994979 -4.48367e-14 -2.80824e-14 -4.94983e-14
2.24 0.901662 4.20172e-14 0.0984478 -4.5284e-14 -2.76646e-14 -5.06331e-14
2.25 0.902694 4.23989e-14 0.0974155 -4.56558e-14 -2.73348e-14 -5.19237e-14
2.26 0.903709 4.27364e-14 0.0964008 -4.59689e-14 -2.69896e-14 -5.36464e-14
2.27 0.904706 4.2992e-14 0.0954031 -4.62303e-14 -2.67867e-14 -5.57507e-14
2.28 0.905687 4.32293e-14 0.0944222 -4.64647e-14 -2.65691e-14 -5.82903e-14
2.29 0.906652 4.34394e-14 0.0934576 -4.66824e-14 -2.64373e-14 -6.11218e-14
2.3 0.907601 4.36854e-14 0.0925088 -4.69252e-14 -2.63762e-14 -6.4265e-14
2.31 0.908534 4.39447e-14 0.0915754 -4.71894e-14 -2.62658e-14 -6.74563e-14
2.32 0.909453 4.42526e-14 0.0906568 -4.751e-14 -2.61272e-14 -7.0825e-14
2.33 0.910357 4.46478e-14 0.0897526 -4.79072e-14 -2.58596e-14 -7.43868e-14
2.34 0.911247 4.50687e-14 0.0888621 -4.83352e-14 -2.56768e-14 -7.8049e-14
2.35 0.912124 4.56586e-14 0.087985 -4.89037e-14 -2.56567e-14 -8.20312e-14
2.36 0.912989 4.63118e-14 0.0871205 -4.95604e-14 -2.57125e-14 -8.59526e-14
2.37 0.913841 4.71067e-14 0.0862682 -5.03492e-14 -2.59108e-14 -8.99853e-14
2.38 0.914682 4.80686e-14 0.0854275 -5.1294e-14 -2.59481e-14 -9.43345e-14
2.39 0.915511 4.91983e-14 0.0845982 -5.24221e-14 -2.59116e-14 -9.90433e-14
2.4 0.91633 5.04361e-14 0.083779 -5.36576e-14 -2.59177e-14 -1.04128e-13
2.41 0.917139 5.18443e-14 0.0829698 -5.50589e-14 -2.59751e-14 -1.09704e-13
2.42 0.917939 5.3377e-14 0.0821698 -5.6583e-14 -2.60015e-14 -1.15545e-13
2.43 0.918732 5.49421e-14 0.0813774 -5.81465e-14 -2.5983e-14 -1.21766e-13
2.44 0.919518 5.6675e-14 0.0805907 -5.98739e-14 -2.59063e-14 -1.28314e-13
2.45 0.920301 5.85903e-14 0.079808 -6.1787e-14 -2.56789e-14 -1.34983e-13
2.46 0.921084 6.0593e-14 0.079025 -6.3798e-14 -2.55285e-14 -1.41729e-13
2.47 0.921885 6.28082e-14 0.0782238 -6.59953e-14 -2.52853e-14 -1.48494e-13
2.48 0.922717 6.50842e-14 0.077391 -6.82737e-14 -2.44686e-14 -1.55403e-13
2.49 0.923579 6.72684e-14 0.0765296 -7.04574e-14 -2.32597e-14 -1.62272e-13
2.5 0.924453 6.94569e-14 0.0756551 -7.2646e-14 -2.16593e-14 -1.68993e-13
