0 0 0 1 0 0 0
0.01 0.000159135 -2.88157e-16 0.999841 2.17352e-17 1.85686e-16 1.86043e-15
0.02 0.000636308 -1.32706e-16 0.999364 -4.27964e-17 5.02152e-16 3.35459e-15
0.03 0.00143082 -1.94187e-16 0.998569 -2.56702e-17 7.90907e-16 4.64682e-15
0.04 0.00254151 -2.04272e-16 0.997458 -6.96004e-18 1.05091e-15 5.99868e-15
0.05 0.00396677 4.09369e-17 0.996033 -8.448e-18 1.27668e-15 7.17699e-15
0.06 0.00570451 1.48512e-16 0.994295 -1.69601e-17 1.41342e-15 8.08452e-15
0.07 0.00775221 9.55825e-17 0.992248 -2.35676e-17 1.5261e-15 8.77184e-15
0.08 0.0101069 1.26299e-16 0.989893 -3.65096e-17 1.61554e-15 9.61107e-15
0.09 0.0127652 8.09091e-17 0.987235 -4.43659e-17 1.67631e-15 1.0267e-14
0.1 0.0157232 8.84021e-17 0.984277 -4.51324e-17 1.70881e-15 1.09421e-14
0.11 0.0189768 2.70723e-16 0.981023 -4.89779e-17 1.71534e-15 1.14195e-14
0.12 0.0225212 -1.81635e-16 0.977479 -4.58284e-17 1.71864e-15 1.19141e-14
0.13 0.0263515 -5.25428e-17 0.973649 -4.58451e-17 1.71389e-15 1.2358e-14
0.14 0.0304621 -1.37584e-16 0.969538 -3.11716e-17 1.67553e-15 1.25692e-14
0.15 0.0348474 -1.45908e-16 0.965153 -1.5429e-17 1.61771e-15 1.28263e-14
0.16 0.039501 -1.64837e-18 0.960499 1.10281e-17 1.53617e-15 1.30238e-14
0.17 0.0444167 1.15571e-16 0.955583 7.89356e-17 1.43023e-15 1.32548e-14
0.18 0.0495875 5.03638e-16 0.950413 1.31016e-16 1.3123e-15 1.35347e-14
0.19 0.0550064 4.1859e-16 0.944994 2.00494e-16 1.16959e-15 1.37057e-14
0.2 0.0606659 3.80666e-16 0.939334 2.50352e-16 1.01221e-15 1.37445e-14
0.21 0.0665584 2.29363e-16 0.933442 3.19989e-16 8.39738e-16 1.37025e-14
0.22 0.072676 4.88266e-17 0.927324 4.11232e-16 6.70383e-16 1.36449e-14
0.23 0.0790106 -6.87772e-17 0.920989 5.09654e-16 4.68103e-16 1.35169e-14
0.24 0.0855537 -2.22688e-16 0.914446 6.23963e-16 2.40671e-16 1.33598e-14
0.25 0.0922969 -5.63376e-16 0.907703 7.53891e-16 -7.57937e-18 1.30194e-14
0.26 0.0992314 -5.98223e-16 0.900769 8.69035e-16 -2.50153e-16 1.25794e-14
0.27 0.106348 -5.70809e-16 0.893652 9.87865e-16 -5.31212e-16 1.21488e-14
0.28 0.113639 -6.72361e-16 0.886361 1.0876e-15 -8.50108e-16 1.1745e-14
0.29 0.121094 -1.02088e-15 0.878906 1.21544e-15 -1.24194e-15 1.13871e-14
0.3 0.128704 -1.64518e-15 0.871296 1.35982e-15 -1.64902e-15 1.10053e-14
0.31 0.136459 -1.82757e-15 0.863541 1.52586e-15 -2.06932e-15 1.0771e-14
0.32 0.144352 -2.15598e-15 0.855648 1.77312e-15 -2.53515e-15 1.05711e-14
0.33 0.152371 -2.31128e-15 0.847629 1.92567e-15 -3.02599e-15 1.03561e-14
0.34 0.160509 -2.28846e-15 0.839491 1.99063e-15 -3.54459e-15 1.00952e-14
0.35 0.168755 -2.67881e-15 0.831245 2.16648e-15 -4.0611e-15 9.76372e-15
0.36 0.1771 -2.58734e-15 0.8229 2.34371e-15 -4.6072e-15 9.3606e-15
0.37 0.185535 -2.76488e-15 0.814465 2.46008e-15 -5.15281e-15 8.77445e-15
0.38 0.19405 -2.72425e-15 0.80595 2.57878e-15 -5.63807e-15 8.07445e-15
0.39 0.202637 -3.19855e-15 0.797363 2.74481e-15 -6.09824e-15 7.30611e-15
0.4 0.211287 -3.56001e-15 0.788713 2.89546e-15 -6.56305e-15 6.46061e-15
0.41 0.21999 -3.76839e-15 0.78001 3.06097e-15 -6.98901e-15 5.65254e-15
0.42 0.228738 -4.09618e-15 0.771262 3.17251e-15 -7.36538e-15 4.87561e-15
0.43 0.237521 -4.03294e-15 0.762479 3.21415e-15 -7.69354e-15 4.04174e-15
0.44 0.246332 -3.59409e-15 0.753668 3.1516e-15 -8.01173e-15 3.24548e-15
0.45 0.255163 -3.84383e-15 0.744837 3.16575e-15 -8.30396e-15 2.53275e-15
0.46 0.264004 -4.34161e-15 0.735996 3.17696e-15 -8.54589e-15 1.83788e-15
0.47 0.272848 -4.19124e-15 0.727152 3.28406e-15 -8.83183e-15 1.20423e-15
0.48 0.281688 -4.60127e-15 0.718312 3.44709e-15 -9.0438e-15 5.68039e-16
0.49 0.290515 -4.41116e-15 0.709485 3.47559e-15 -9.2281e-15 -1.39083e-16
0.5 0.299323 -4.44089e-15 0.700677 3.44568e-15 -9.41957e-15 -8.669e-16
0.51 0.308104 -4.41949e-15 0.691896 3.38268e-15 -9.62996e-15 -1.62118e-15
0.52 0.316852 -4.66478e-15 0.683148 3.38435e-15 -9.80657e-15 -2.40182e-15
0.53 0.325559 -4.95453e-15 0.674441 3.40867e-15 -9.87934e-15 -3.25117e-15
0.54 0.334219 -4.94505e-15 0.665781 3.30296e-15 -9.87974e-15 -4.17265e-15
0.55 0.342827 -4.88934e-15 0.657173 3.21253e-15 -9.78991e-15 -5.17044e-15
0.56 0.351377 -4.88693e-15 0.648623 3.09353e-15 -9.63029e-15 -6.24271e-15
0.57 0.359862 -4.91324e-15 0.640137 3.14134e-15 -9.35107e-15 -7.37662e-15
0.58 0.368279 -5.06488e-15 0.631721 3.30922e-15 -8.8842e-15 -8.58551e-15
0.59 0.37662 -5.00096e-15 0.62338 3.44264e-15 -8.28833e-15 -9.90463e-15
0.6 0.384883 -5.54724e-15 0.615117 3.74204e-15 -7.40457e-15 -1.14439e-14
0.61 0.393062 -5.5179e-15 0.606938 3.88234e-15 -6.16296e-15 -1.3252e-14
0.62 0.401153 -5.94079e-15 0.598847 4.08608e-15 -4.6451e-15 -1.5326e-14
0.63 0.409152 -6.14541e-15 0.590848 4.34365e-15 -2.68956e-15 -1.7726e-14
0.64 0.417055 -6.27591e-15 0.582945 4.68826e-15 -4.34274e-16 -2.04486e-14
0.65 0.42486 -6.13744e-15 0.57514 5.09185e-15 2.13834e-15 -2.33713e-14
0.66 0.432563 -6.37152e-15 0.567437 5.53947e-15 5.13347e-15 -2.64168e-14
0.67 0.44016 -7.03343e-15 0.55984 5.9795e-15 8.4587e-15 -2.95853e-14
0.68 0.44765 -7.69395e-15 0.552349 6.51089e-15 1.19054e-14 -3.3083e-14
0.69 0.455031 -8.41651e-15 0.544969 7.02291e-15 1.56779e-14 -3.68796e-14
0.7 0.462299 -8.76551e-15 0.537701 7.53799e-15 1.97521e-14 -4.08941e-14
0.71 0.469453 -9.42625e-15 0.530547 7.97673e-15 2.42797e-14 -4.50299e-14
0.72 0.476491 -9.63561e-15 0.523509 8.37519e-15 2.91896e-14 -4.92699e-14
0.73 0.483413 -1.00874e-14 0.516587 8.74459e-15 3.45912e-14 -5.38616e-14
0.74 0.490216 -1.02881e-14 0.509784 8.90678e-15 4.04469e-14 -5.87751e-14
0.75 0.496901 -1.04471e-14 0.503099 8.95403e-15 4.66039e-14 -6.39721e-14
0.76 0.503465 -1.0354e-14 0.496535 8.9728e-15 5.3019e-14 -6.94921e-14
0.77 0.509909 -1.05409e-14 0.490091 8.9461e-15 5.99813e-14 -7.50529e-14
0.78 0.516233 -9.90022e-15 0.483767 8.77532e-15 6.74488e-14 -8.06969e-14
0.79 0.522436 -1.00705e-14 0.477564 8.50095e-15 7.52914e-14 -8.64404e-14
0.8 0.528518 -1.00903e-14 0.471482 8.16353e-15 8.34598e-14 -9.22985e-14
0.81 0.53448 -9.57646e-15 0.46552 7.81183e-15 9.18587e-14 -9.83729e-14
0.82 0.540321 -9.08456e-15 0.459679 7.44525e-15 1.00463e-13 -1.04525e-13
0.83 0.546044 -8.77033e-15 0.453956 7.04249e-15 1.0947e-13 -1.10654e-13
0.84 0.551647 -8.09112e-15 0.448353 6.7532e-15 1.1886e-13 -1.16956e-13
0.85 0.557133 -8.01324e-15 0.442867 6.48534e-15 1.28471e-13 -1.23026e-13
0.86 0.562503 -7.78551e-15 0.437497 6.08647e-15 1.38392e-13 -1.29201e-13
0.87 0.567757 -7.60857e-15 0.432243 5.66972e-15 1.4855e-13 -1.35396e-13
0.88 0.572897 -7.13945e-15 0.427103 5.24226e-15 1.5908e-13 -1.41585e-13
0.89 0.577924 -6.65185e-15 0.422076 4.81134e-15 1.69917e-13 -1.47773e-13
0.9 0.58284 -6.07715e-15 0.417159 4.35532e-15 1.8093e-13 -1.53913e-13
0.91 0.587647 -5.44558e-15 0.412352 3.88767e-15 1.91925e-13 -1.59909e-13
0.92 0.592347 -5.0541e-15 0.407653 3.42814e-15 2.03285e-13 -1.66044e-13
0.93 0.596941 -4.68104e-15 0.403059 2.98195e-15 2.14681e-13 -1.72031e-13
0.94 0.601431 -4.06743e-15 0.398569 2.4856e-15 2.26091e-13 -1.77745e-13
0.95 0.60582 -3.43151e-15 0.39418 1.98286e-15 2.37526e-13 -1.83234e-13
0.96 0.610109 -2.8949e-15 0.389891 1.46641e-15 2.48926e-13 -1.88371e-13
0.97 0.614301 -2.43646e-15 0.385699 9.65492e-16 2.60132e-13 -1.93263e-13
0.98 0.618399 -2.10873e-15 0.381601 4.29783e-16 2.71178e-13 -1.97956e-13
0.99 0.622403 -1.39505e-15 0.377597 -1.47618e-16 2.82011e-13 -2.02441e-13
1 0.626318 -6.82452e-16 0.373682 -7.17123e-16 2.92659e-13 -2.0663e-13
1.01 0.630145 -9.48598e-17 0.369855 -1.32451e-15 3.03214e-13 -2.10499e-13
1.02 0.633887 3.14229e-16 0.366113 -1.91497e-15 3.13533e-13 -2.14117e-13
1.03 0.637546 1.00965e-15 0.362454 -2.48171e-15 3.23649e-13 -2.17458e-13
1.04 0.641125 1.42947e-15 0.358875 -3.05e-15 3.3349e-13 -2.20554e-13
1.05 0.644627 1.86186e-15 0.355373 -3.67012e-15 3.43048e-13 -2.2331e-13
1.06 0.648054 2.69214e-15 0.351946 -4.3127e-15 3.52404e-13 -2.25631e-13
1.07 0.651409 3.35976e-15 0.348591 -5.00204e-15 3.61467e-13 -2.27663e-13
1.08 0.654694 4.08536e-15 0.345306 -5.72777e-15 3.70075e-13 -2.29359e-13
1.09 0.657913 4.77662e-15 0.342087 -6.50648e-15 3.78315e-13 -2.30855e-13
1.1 0.661067 5.70636e-15 0.338933 -7.30037e-15 3.86097e-13 -2.32123e-13
1.11 0.664159 6.49185e-15 0.335841 -8.12062e-15 3.93586e-13 -2.33093e-13
1.12 0.667193 7.23592e-15 0.332807 -8.93026e-15 4.00669e-13 -2.33797e-13
1.13 0.67017 7.93747e-15 0.32983 -9.77547e-15 4.07248e-13 -2.34304e-13
1.14 0.673093 8.9391e-15 0.326907 -1.06813e-14 4.13284e-13 -2.346e-13
1.15 0.675966 9.6939e-15 0.324034 -1.15974e-14 4.18813e-13 -2.34718e-13
1.16 0.678789 1.056e-14 0.321211 -1.24685e-14 4.23777e-13 -2.34672e-13
1.17 0.681567 1.14349e-14 0.318433 -1.33442e-14 4.28227e-13 -2.34376e-13
1.18 0.684301 1.20457e-14 0.315699 -1.41865e-14 4.32154e-13 -2.33895e-13
1.19 0.686995 1.28902e-14 0.313005 -1.50378e-14 4.35536e-13 -2.33167e-13
1.2 0.689649 1.37492e-14 0.310351 -1.58648e-14 4.38351e-13 -2.32216e-13
1.21 0.692267 1.46196e-14 0.307733 -1.67187e-14 4.40679e-13 -2.31049e-13
1.22 0.694852 1.55369e-14 0.305148 -1.75255e-14 4.42443e-13 -2.29852e-13
1.23 0.697405 1.63422e-14 0.302595 -1.82923e-14 4.43704e-13 -2.2853e-13
1.24 0.699928 1.70483e-14 0.300072 -1.90527e-14 4.44537e-13 -2.27078e-13
1.25 0.702424 1.77417e-14 0.297576 -1.98299e-14 4.44869e-13 -2.25457e-13
1.26 0.704895 1.84905e-14 0.295105 -2.05565e-14 4.44845e-13 -2.23631e-13
1.27 0.707343 1.92003e-14 0.292657 -2.12665e-14 4.44481e-13 -2.21742e-13
1.28 0.70977 1.98989e-14 0.29023 -2.19596e-14 4.4364e-13 -2.19632e-13
1.29 0.712178 2.05284e-14 0.287822 -2.26185e-14 4.42383e-13 -2.17353e-13
1.3 0.714568 2.11493e-14 0.285432 -2.32568e-14 4.40698e-13 -2.14944e-13
1.31 0.716943 2.17983e-14 0.283057 -2.38725e-14 4.38675e-13 -2.12484e-13
1.32 0.719305 2.23732e-14 0.280695 -2.4496e-14 4.36276e-13 -2.09873e-13
1.33 0.721654 2.3137e-14 0.278346 -2.51461e-14 4.33438e-13 -2.07264e-13
1.34 0.723992 2.37734e-14 0.276008 -2.57823e-14 4.30268e-13 -2.0459e-13
1.35 0.726321 2.4474e-14 0.273679 -2.64151e-14 4.26774e-13 -2.01779e-13
1.36 0.728643 2.51513e-14 0.271357 -2.70451e-14 4.22983e-13 -1.98893e-13
1.37 0.730957 2.58169e-14 0.269042 -2.77067e-14 4.18997e-13 -1.9612e-13
1.38 0.733267 2.6482e-14 0.266733 -2.83795e-14 4.149e-13 -1.93171e-13
1.39 0.735573 2.71887e-14 0.264427 -2.90655e-14 4.10416e-13 -1.90224e-13
1.4 0.737875 2.77366e-14 0.262125 -2.97071e-14 4.05743e-13 -1.87288e-13
1.41 0.740175 2.82531e-14 0.259825 -3.02935e-14 4.00896e-13 -1.8438e-13
1.42 0.742474 2.88667e-14 0.257526 -3.08199e-14 3.95854e-13 -1.81488e-13
1.43 0.744773 2.93992e-14 0.255227 -3.13429e-14 3.90692e-13 -1.78609e-13
1.44 0.747072 2.99261e-14 0.252928 -3.18102e-14 3.85477e-13 -1.75833e-13
1.45 0.749372 3.04429e-14 0.250628 -3.22494e-14 3.80085e-13 -1.72966e-13
1.46 0.751673 3.07565e-14 0.248327 -3.26614e-14 3.74468e-13 -1.70073e-13
1.47 0.753976 3.12436e-14 0.246024 -3.30573e-14 3.68695e-13 -1.67111e-13
1.48 0.756281 3.16601e-14 0.243719 -3.34244e-14 3.62845e-13 -1.6421e-13
1.49 0.758589 3.20616e-14 0.241411 -3.37564e-14 3.56822e-13 -1.61267e-13
1.5 0.760899 3.24151e-14 0.239101 -3.40829e-14 3.50691e-13 -1.58485e-13
1.51 0.763213 3.28152e-14 0.236787 -3.44147e-14 3.44697e-13 -1.5577e-13
1.52 0.765529 3.30741e-14 0.234471 -3.47373e-14 3.388e-13 -1.53215e-13
1.53 0.767848 3.33554e-14 0.232152 -3.49978e-14 3.33045e-13 -1.50833e-13
1.54 0.77017 3.36811e-14 0.22983 -3.52268e-14 3.27468e-13 -1.48495e-13
1.55 0.772494 3.37758e-14 0.227506 -3.5392e-14 3.21954e-13 -1.46291e-13
1.56 0.774821 3.38935e-14 0.225179 -3.55107e-14 3.16493e-13 -1.44156e-13
1.57 0.77715 3.39171e-14 0.22285 -3.56449e-14 3.11095e-13 -1.42114e-13
1.58 0.779481 3.40134e-14 0.220519 -3.57933e-14 3.05932e-13 -1.40144e-13
1.59 0.781813 3.42845e-14 0.218187 -3.59382e-14 3.01039e-13 -1.38361e-13
1.6 0.784145 3.44573e-14 0.215855 -3.60461e-14 2.96417e-13 -1.36523e-13
1.61 0.786478 3.4517e-14 0.213522 -3.60996e-14 2.91969e-13 -1.34682e-13
1.62 0.78881 3.44754e-14 0.21119 -3.61516e-14 2.87821e-13 -1.3294e-13
1.63 0.791142 3.44671e-14 0.208858 -3.61912e-14 2.83804e-13 -1.31288e-13
1.64 0.793471 3.45965e-14 0.206529 -3.62398e-14 2.80074e-13 -1.29623e-13
1.65 0.795799 3.45695e-14 0.204201 -3.63341e-14 2.76578e-13 -1.28051e-13
1.66 0.798123 3.46355e-14 0.201877 -3.64373e-14 2.7329e-13 -1.26461e-13
1.67 0.800443 3.48301e-14 0.199557 -3.65293e-14 2.70088e-13 -1.25197e-13
1.68 0.802758 3.50258e-14 0.197242 -3.66592e-14 2.67059e-13 -1.23968e-13
1.69 0.805067 3.5173e-14 0.194933 -3.68127e-14 2.64167e-13 -1.22861e-13
1.7 0.80737 3.52921e-14 0.19263 -3.69664e-14 2.61573e-13 -1.21833e-13
1.71 0.809665 3.5387e-14 0.190335 -3.71533e-14 2.59077e-13 -1.21102e-13
1.72 0.811952 3.54728e-14 0.188048 -3.73288e-14 2.56751e-13 -1.20494e-13
1.73 0.81423 3.55986e-14 0.18577 -3.75029e-14 2.5458e-13 -1.20061e-13
1.74 0.816497 3.57566e-14 0.183503 -3.76927e-14 2.52683e-13 -1.19804e-13
1.75 0.818753 3.59854e-14 0.181247 -3.78842e-14 2.50857e-13 -1.19649e-13
1.76 0.820997 3.61672e-14 0.179003 -3.80784e-14 2.4921e-13 -1.19751e-13
1.77 0.823228 3.63582e-14 0.176772 -3.82758e-14 2.47643e-13 -1.20032e-13
1.78 0.825445 3.65465e-14 0.174555 -3.84577e-14 2.46123e-13 -1.20297e-13
1.79 0.827646 3.67868e-14 0.172354 -3.86774e-14 2.4475e-13 -1.20604e-13
1.8 0.829832 3.69689e-14 0.170168 -3.88944e-14 2.43486e-13 -1.20934e-13
1.81 0.832001 3.71868e-14 0.167999 -3.91302e-14 2.42232e-13 -1.21355e-13
1.82 0.834152 3.74565e-14 0.165848 -3.93554e-14 2.41017e-13 -1.21894e-13
1.83 0.836284 3.75836e-14 0.163716 -3.95938e-14 2.4e-13 -1.22559e-13
1.84 0.838397 3.77818e-14 0.161603 -3.98118e-14 2.39089e-13 -1.23346e-13
1.85 0.840489 3.80345e-14 0.159511 -4.00685e-14 2.38226e-13 -1.24244e-13
1.86 0.842561 3.82657e-14 0.157439 -4.03069e-14 2.37403e-13 -1.25334e-13
1.87 0.84461 3.85226e-14 0.15539 -4.05294e-14 2.36558e-13 -1.26551e-13
1.88 0.846636 3.88108e-14 0.153364 -4.07992e-14 2.35708e-13 -1.27877e-13
1.89 0.848639 3.90648e-14 0.151361 -4.10809e-14 2.3498e-13 -1.29323e-13
1.9 0.850618 3.92763e-14 0.149382 -4.13668e-14 2.34363e-13 -1.30863e-13
1.91 0.852572 3.95807e-14 0.147428 -4.16879e-14 2.33763e-13 -1.32465e-13
1.92 0.854501 3.99047e-14 0.145499 -4.20105e-14 2.33196e-13 -1.3403e-13
1.93 0.856404 4.0151e-14 0.143596 -4.22963e-14 2.32669e-13 -1.35704e-13
1.94 0.85828 4.0447e-14 0.14172 -4.25896e-14 2.32223e-13 -1.37426e-13
1.95 0.860129 4.07763e-14 0.139871 -4.29065e-14 2.3189e-13 -1.39259e-13
1.96 0.86195 4.11245e-14 0.13805 -4.32437e-14 2.31522e-13 -1.41243e-13
1.97 0.863743 4.15442e-14 0.136257 -4.36133e-14 2.3098e-13 -1.43235e-13
1.98 0.865508 4.19828e-14 0.134492 -4.40187e-14 2.30426e-13 -1.45439e-13
1.99 0.867245 4.24349e-14 0.132755 -4.44683e-14 2.29905e-13 -1.47775e-13
2 0.868952 4.28565e-14 0.131048 -4.49445e-14 2.29518e-13 -1.50277e-13
2.01 0.87063 4.32922e-14 0.12937 -4.54584e-14 2.29231e-13 -1.52964e-13
2.02 0.872279 4.38442e-14 0.127721 -4.59936e-14 2.28974e-13 -1.55691e-13
2.03 0.873897 4.44119e-14 0.126103 -4.65398e-14 2.28778e-13 -1.58438e-13
2.04 0.875486 4.49765e-14 0.124514 -4.70914e-14 2.28662e-13 -1.61198e-13
2.05 0.877046 4.5482e-14 0.122954 -4.76152e-14 2.28542e-13 -1.63935e-13
2.06 0.878575 4.60241e-14 0.121425 -4.81669e-14 2.28348e-13 -1.66596e-13
2.07 0.880074 4.65483e-14 0.119926 -4.86845e-14 2.28185e-13 -1.69221e-13
2.08 0.881543 4.70275e-14 0.118457 -4.92327e-14 2.27995e-13 -1.71851e-13
2.09 0.882982 4.7587e-14 0.117018 -4.98272e-14 2.27757e-13 -1.74344e-13
2.1 0.884392 4.82021e-14 0.115608 -5.04074e-14 2.27601e-13 -1.76685e-13
2.11 0.885772 4.87293e-14 0.114228 -5.09492e-14 2.2755e-13 -1.79021e-13
2.12 0.887122 4.92886e-14 0.112878 -5.15166e-14 2.27552e-13 -1.81221e-13
2.13 0.888444 4.98703e-14 0.111556 -5.20767e-14 2.27606e-13 -1.83252e-13
2.14 0.889736 5.0434e-14 0.110264 -5.26604e-14 2.27632e-13 -1.85065e-13
2.15 0.890999 5.09974e-14 0.109001 -5.32291e-14 2.2785e-13 -1.86706e-13
2.16 0.892235 5.15645e-14 0.107765 -5.3846e-14 2.28126e-13 -1.88109e-13
2.17 0.893442 5.21196e-14 0.106558 -5.44619e-14 2.28415e-13 -1.89325e-13
2.18 0.894621 5.26559e-14 0.105379 -5.50441e-14 2.28653e-13 -1.90484e-13
2.19 0.895773 5.31811e-14 0.104227 -5.55929e-14 2.28922e-13 -1.91535e-13
2.2 0.896899 5.37503e-14 0.103101 -5.61186e-14 2.29273e-13 -1.92127e-13
2.21 0.897998 5.41882e-14 0.102002 -5.66283e-14 2.29546e-13 -1.92285e-13
2.22 0.899071 5.4673e-14 0.100929 -5.71233e-14 2.29812e-13 -1.91953e-13
2.23 0.900118 5.50533e-14 0.0998816 -5.75659e-14 2.30045e-13 -1.91233e-13
2.24 0.901141 5.54627e-14 0.0988587 -5.79509e-14 2.30181e-13 -1.90245e-13
2.25 0.90214 5.58083e-14 0.0978601 -5.82994e-14 2.30021e-13 -1.89666e-13
2.26 0.903115 5.61239e-14 0.0968851 -5.86417e-14 2.29563e-13 -1.89457e-13
2.27 0.904067 5.64678e-14 0.0959333 -5.89749e-14 2.29064e-13 -1.89458e-13
2.28 0.904996 5.6772e-14 0.095004 -5.93159e-14 2.28326e-13 -1.89896e-13
2.29 0.905904 5.71008e-14 0.0940964 -5.96627e-14 2.27431e-13 -1.90536e-13
2.3 0.90679 5.74232e-14 0.0932101 -6.00119e-14 2.2593e-13 -1.91322e-13
2.31 0.907656 5.77247e-14 0.0923444 -6.03185e-14 2.23631e-13 -1.92341e-13
2.32 0.908502 5.80323e-14 0.0914984 -6.06189e-14 2.20814e-13 -1.93374e-13
2.33 0.909328 5.83519e-14 0.0906717 -6.09452e-14 2.17457e-13 -1.94505e-13
2.34 0.910137 5.86577e-14 0.0898634 -6.12544e-14 2.13688e-13 -1.954e-13
2.35 0.910927 5.89268e-14 0.0890729 -6.15215e-14 2.09643e-13 -1.95906e-13
2.36 0.9117 5.91785e-14 0.0882995 -6.17604e-14 2.05346e-13 -1.96015e-13
2.37 0.912458 5.93834e-14 0.0875424 -6.19644e-14 2.00877e-13 -1.95533e-13
2.38 0.913199 5.95657e-14 0.0868009 -6.21531e-14 1.96185e-13 -1.94827e-13
2.39 0.913926 5.97453e-14 0.0860743 -6.23463e-14 1.91287e-13 -1.9382e-13
2.4 0.914638 5.99802e-14 0.0853619 -6.25853e-14 1.8627e-13 -1.92867e-13
2.41 0.915337 6.02747e-14 0.0846629 -6.28654e-14 1.81196e-13 -1.91876e-13
2.42 0.916023 6.0561e-14 0.0839765 -6.31449e-14 1.76062e-13 -1.90821e-13
2.43 0.916698 6.07779e-14 0.0833022 -6.33619e-14 1.70963e-13 -1.89525e-13
2.44 0.917361 6.08607e-14 0.082639 -6.34548e-14 1.65668e-13 -1.87803e-13
2.45 0.918014 6.08546e-14 0.0819864 -6.34361e-14 1.60207e-13 -1.86109e-13
2.46 0.918656 6.08074e-14 0.0813436 -6.34044e-14 1.54739e-13 -1.842e-13
2.47 0.91929 6.07442e-14 0.0807099 -6.33517e-14 1.49249e-13 -1.81755e-13
2.48 0.919915 6.08708e-14 0.0800846 -6.34897e-14 1.4366e-13 -1.79028e-13
2.49 0.920533 6.1252e-14 0.079467 -6.38687e-14 1.37965e-13 -1.75818e-13
2.5 0.921144 6.20242e-14 0.0788563 -6.46412e-14 1.32108e-13 -1.72462e-13
