0 0 0 1 0 0 0
0.005 3.97919e-05 -4.04294e-16 0.99996 -8.96099e-17 1.69667e-15 7.45613e-16
0.01 0.000159151 -9.33663e-17 0.999841 -3.85568e-16 3.20441e-15 1.41458e-15
0.015 0.000358034 1.90045e-17 0.999642 -3.73281e-16 4.70925e-15 1.84635e-15
0.02 0.000636368 2.17199e-16 0.999364 -3.78461e-16 6.21512e-15 2.40503e-15
0.025 0.000994049 1.11611e-16 0.999006 -3.6595e-16 7.71894e-15 2.88273e-15
0.03 0.00143095 2.4663e-16 0.998569 -3.6916e-16 9.23004e-15 3.356e-15
0.035 0.0019469 1.65307e-16 0.998053 -3.68361e-16 1.07293e-14 3.79819e-15
0.04 0.00254172 4.79854e-16 0.997458 -3.72131e-16 1.22178e-14 4.2829e-15
0.045 0.0032152 4.69237e-16 0.996785 -3.65802e-16 1.36906e-14 4.70114e-15
0.05 0.00396707 4.49068e-16 0.996033 -3.69166e-16 1.51435e-14 4.9435e-15
0.055 0.00479708 4.21029e-16 0.995203 -3.70972e-16 1.65688e-14 5.23278e-15
0.06 0.00570491 3.97657e-16 0.994295 -3.7075e-16 1.7962e-14 5.52653e-15
0.065 0.00669024 3.99878e-16 0.99331 -3.78349e-16 1.93126e-14 5.73554e-15
0.07 0.0077527 3.26523e-16 0.992248 -3.74212e-16 2.06528e-14 5.87047e-15
0.075 0.00889192 3.64531e-16 0.991109 -3.8104e-16 2.19841e-14 6.00976e-15
0.08 0.0101075 2.14089e-16 0.989893 -3.80963e-16 2.33051e-14 6.17497e-15
0.085 0.011399 1.49764e-16 0.988602 -3.91162e-16 2.46133e-14 6.28263e-15
0.09 0.0127659 1.42943e-16 0.987235 -4.02975e-16 2.5909e-14 6.41652e-15
0.095 0.0142077 1.6705e-17 0.985793 -4.01732e-16 2.71891e-14 6.58124e-15
0.1 0.015724 -7.48346e-17 0.984277 -3.99106e-16 2.84557e-14 6.84921e-15
0.105 0.0173141 -1.11833e-17 0.982687 -3.97867e-16 2.97059e-14 7.17134e-15
0.11 0.0189776 3.00657e-17 0.981023 -3.97337e-16 3.09475e-14 7.42923e-15
0.115 0.0207138 -7.64053e-17 0.979287 -3.95039e-16 3.2158e-14 7.6255e-15
0.12 0.0225221 4.50912e-17 0.977479 -3.89829e-16 3.33526e-14 7.74812e-15
0.125 0.0244018 -1.42644e-17 0.975599 -3.78381e-16 3.45272e-14 7.83114e-15
0.13 0.0263524 3.86026e-17 0.973648 -3.54984e-16 3.56667e-14 7.92612e-15
0.135 0.028373 2.86312e-16 0.971628 -3.44159e-16 3.67872e-14 8.04469e-15
0.14 0.030463 2.11226e-16 0.969538 -3.41823e-16 3.78927e-14 7.97208e-15
0.145 0.0326217 -2.26797e-16 0.967379 -3.46853e-16 3.8973e-14 7.88856e-15
0.15 0.0348483 -2.34566e-16 0.965152 -3.57264e-16 4.00236e-14 7.72011e-15
0.155 0.037142 -2.26383e-16 0.962859 -3.68737e-16 4.10498e-14 7.52449e-15
0.16 0.039502 6.02372e-17 0.960499 -3.76768e-16 4.20565e-14 7.24312e-15
0.165 0.0419275 7.06369e-17 0.958073 -3.80854e-16 4.30408e-14 6.9782e-15
0.17 0.0444177 2.12921e-16 0.955583 -3.94372e-16 4.40027e-14 6.65799e-15
0.175 0.0469716 4.36191e-16 0.953029 -3.99113e-16 4.49407e-14 6.32729e-15
0.18 0.0495885 6.28362e-16 0.950412 -4.01045e-16 4.58619e-14 5.84078e-15
0.185 0.0522674 7.06418e-16 0.947733 -3.97492e-16 4.67564e-14 5.26226e-15
0.19 0.0550074 9.10387e-16 0.944993 -3.89939e-16 4.76259e-14 4.52171e-15
0.195 0.0578076 1.07564e-15 0.942193 -3.71976e-16 4.84672e-14 3.91095e-15
0.2 0.060667 1.19263e-15 0.939334 -3.55779e-16 4.92822e-14 3.31344e-15
0.205 0.0635846 9.29309e-16 0.936416 -2.8299e-16 5.00733e-14 2.6537e-15
0.21 0.0665595 1.01369e-15 0.933441 -2.10336e-16 5.08417e-14 2.01038e-15
0.215 0.0695907 8.45992e-16 0.93041 -1.25351e-16 5.15819e-14 1.32396e-15
0.22 0.0726771 7.12322e-16 0.927324 -3.67756e-17 5.23001e-14 6.07711e-16
0.225 0.0758178 8.80675e-16 0.924183 5.08122e-17 5.29921e-14 -1.91749e-16
0.23 0.0790117 1.01445e-15 0.920989 1.31096e-16 5.36587e-14 -1.06337e-15
0.235 0.0822577 7.89454e-16 0.917743 2.28464e-16 5.43027e-14 -1.94979e-15
0.24 0.0855549 4.77902e-16 0.914446 3.42525e-16 5.49259e-14 -2.86581e-15
0.245 0.088902 2.672e-16 0.911099 4.55937e-16 5.55243e-14 -3.78436e-15
0.25 0.0922981 2.91903e-16 0.907703 5.56281e-16 5.60942e-14 -4.72251e-15
0.255 0.095742 2.69393e-16 0.904259 6.91242e-16 5.6649e-14 -5.67149e-15
0.26 0.0992326 -1.57911e-16 0.900768 9.15656e-16 5.71867e-14 -6.54633e-15
0.265 0.102769 -2.59493e-16 0.897232 1.23023e-15 5.76897e-14 -7.39447e-15
0.27 0.10635 -1.80072e-16 0.893651 1.54171e-15 5.8172e-14 -8.25605e-15
0.275 0.109974 -3.70561e-16 0.890027 1.77843e-15 5.86384e-14 -9.12974e-15
0.28 0.11364 -4.94355e-16 0.886361 2.03326e-15 5.90806e-14 -1.00096e-14
0.285 0.117348 -8.70335e-16 0.882653 2.27973e-15 5.94913e-14 -1.08588e-14
0.29 0.121095 -1.12621e-15 0.878906 2.53015e-15 5.98775e-14 -1.17758e-14
0.295 0.124881 -1.13667e-15 0.87512 2.76817e-15 6.02337e-14 -1.27025e-14
0.3 0.128705 -1.0776e-15 0.871296 3.00477e-15 6.05648e-14 -1.36188e-14
0.305 0.132565 -1.17427e-15 0.867435 3.2297e-15 6.08691e-14 -1.46035e-14
0.31 0.136461 -1.08073e-15 0.86354 3.48111e-15 6.1143e-14 -1.55748e-14
0.315 0.140391 -1.71683e-15 0.85961 3.7301e-15 6.13853e-14 -1.65004e-14
0.32 0.144353 -2.08185e-15 0.855647 3.9782e-15 6.15841e-14 -1.74206e-14
0.325 0.148348 -2.58081e-15 0.851653 4.2235e-15 6.17332e-14 -1.82419e-14
0.33 0.152373 -2.68151e-15 0.847628 4.43937e-15 6.18219e-14 -1.90444e-14
0.335 0.156427 -3.05567e-15 0.843573 4.64325e-15 6.18681e-14 -1.98237e-14
0.34 0.16051 -3.20099e-15 0.83949 4.81546e-15 6.18576e-14 -2.05756e-14
0.345 0.16462 -3.28539e-15 0.83538 4.97306e-15 6.17954e-14 -2.12941e-14
0.35 0.168756 -3.35776e-15 0.831244 5.09984e-15 6.16568e-14 -2.19252e-14
0.355 0.172917 -3.39036e-15 0.827084 5.28442e-15 6.14356e-14 -2.24414e-14
0.36 0.177101 -3.48481e-15 0.822899 5.4639e-15 6.11364e-14 -2.28787e-14
0.365 0.181308 -3.81168e-15 0.818692 5.52698e-15 6.0726e-14 -2.32218e-14
0.37 0.185536 -3.7168e-15 0.814464 5.60692e-15 6.02053e-14 -2.34897e-14
0.375 0.189785 -3.54759e-15 0.810216 5.73602e-15 5.95677e-14 -2.3713e-14
0.38 0.194052 -4.08598e-15 0.805949 5.9414e-15 5.88076e-14 -2.38233e-14
0.385 0.198337 -4.1322e-15 0.801664 6.13268e-15 5.79398e-14 -2.38386e-14
0.39 0.202639 -4.60073e-15 0.797362 6.29197e-15 5.69642e-14 -2.37683e-14
0.395 0.206956 -4.59992e-15 0.793044 6.41897e-15 5.58683e-14 -2.36213e-14
0.4 0.211288 -4.50949e-15 0.788712 6.48145e-15 5.46781e-14 -2.34086e-14
0.405 0.215634 -4.73915e-15 0.784367 6.49544e-15 5.33843e-14 -2.30655e-14
0.41 0.219991 -4.81642e-15 0.780009 6.47849e-15 5.19644e-14 -2.26438e-14
0.415 0.22436 -4.9141e-15 0.77564 6.42645e-15 5.03778e-14 -2.20882e-14
0.42 0.228739 -4.90998e-15 0.771261 6.38985e-15 4.86176e-14 -2.14411e-14
0.425 0.233127 -4.38562e-15 0.766874 6.27419e-15 4.66796e-14 -2.06326e-14
0.43 0.237523 -4.18058e-15 0.762478 6.13492e-15 4.45599e-14 -1.96642e-14
0.435 0.241925 -3.71714e-15 0.758075 5.98049e-15 4.22607e-14 -1.85701e-14
0.44 0.246334 -3.43223e-15 0.753666 5.76979e-15 3.97676e-14 -1.73574e-14
0.445 0.250747 -2.99223e-15 0.749253 5.51424e-15 3.70627e-14 -1.59821e-14
0.45 0.255164 -2.71308e-15 0.744836 5.25934e-15 3.41947e-14 -1.4431e-14
0.455 0.259584 -2.25112e-15 0.740416 4.97806e-15 3.11081e-14 -1.27297e-14
0.46 0.264006 -2.4392e-15 0.735995 4.65205e-15 2.77999e-14 -1.09002e-14
0.465 0.268428 -2.26802e-15 0.731572 4.28783e-15 2.42686e-14 -8.917e-15
0.47 0.27285 -1.68713e-15 0.72715 3.88917e-15 2.05163e-14 -6.72863e-15
0.475 0.277271 -1.22376e-15 0.722729 3.47258e-15 1.65541e-14 -4.42419e-15
0.48 0.28169 -7.44685e-16 0.718311 3.00813e-15 1.23893e-14 -1.97175e-15
0.485 0.286105 -4.14424e-17 0.713895 2.4851e-15 8.02185e-15 6.08479e-16
0.49 0.290517 5.56541e-16 0.709483 1.91129e-15 3.44403e-15 3.30073e-15
0.495 0.294924 1.41699e-15 0.705077 1.28184e-15 -1.34339e-15 6.12216e-15
0.5 0.299325 2.26771e-15 0.700676 6.21222e-16 -6.32681e-15 9.03524e-15
0.505 0.303719 3.13092e-15 0.696281 -8.28173e-17 -1.15091e-14 1.20642e-14
0.51 0.308106 4.04956e-15 0.691895 -8.1481e-16 -1.68528e-14 1.52148e-14
0.515 0.312484 4.66329e-15 0.687516 -1.5908e-15 -2.23908e-14 1.84491e-14
0.52 0.316853 5.65838e-15 0.683147 -2.41487e-15 -2.80912e-14 2.17637e-14
0.525 0.321212 6.21392e-15 0.678788 -3.25708e-15 -3.39642e-14 2.52077e-14
0.53 0.32556 7.14284e-15 0.67444 -4.11258e-15 -3.99397e-14 2.87538e-14
0.535 0.329897 7.80761e-15 0.670103 -4.97628e-15 -4.60575e-14 3.23226e-14
0.54 0.334221 8.65328e-15 0.665779 -5.81983e-15 -5.23362e-14 3.59346e-14
0.545 0.338532 9.49438e-15 0.661468 -6.7466e-15 -5.8738e-14 3.96113e-14
0.55 0.342829 1.04213e-14 0.657171 -7.766e-15 -6.5245e-14 4.33664e-14
0.555 0.347112 1.15175e-14 0.652889 -8.83663e-15 -7.18631e-14 4.7182e-14
0.56 0.351379 1.25699e-14 0.648621 -9.98733e-15 -7.86043e-14 5.10433e-14
0.565 0.35563 1.3929e-14 0.64437 -1.12238e-14 -8.54911e-14 5.49015e-14
0.57 0.359864 1.55783e-14 0.640136 -1.25221e-14 -9.24773e-14 5.87424e-14
0.575 0.364081 1.66901e-14 0.635919 -1.38804e-14 -9.95606e-14 6.25818e-14
0.58 0.36828 1.79706e-14 0.63172 -1.53141e-14 -1.06719e-13 6.64602e-14
0.585 0.372461 1.95785e-14 0.627539 -1.67999e-14 -1.13925e-13 7.03231e-14
0.59 0.376622 2.12109e-14 0.623378 -1.83709e-14 -1.21192e-13 7.41981e-14
0.595 0.380764 2.30611e-14 0.619237 -1.99252e-14 -1.28468e-13 7.80477e-14
0.6 0.384885 2.46034e-14 0.615115 -2.14888e-14 -1.35718e-13 8.18506e-14
0.605 0.388985 2.6031e-14 0.611015 -2.30517e-14 -1.42986e-13 8.55793e-14
0.61 0.393064 2.74712e-14 0.606937 -2.45386e-14 -1.50234e-13 8.92672e-14
0.615 0.39712 2.88217e-14 0.60288 -2.5975e-14 -1.5749e-13 9.29372e-14
0.62 0.401155 3.01781e-14 0.598846 -2.7352e-14 -1.64751e-13 9.65006e-14
0.625 0.405166 3.14212e-14 0.594834 -2.86279e-14 -1.71955e-13 9.99654e-14
0.63 0.409154 3.29112e-14 0.590846 -2.98997e-14 -1.79147e-13 1.03411e-13
0.635 0.413118 3.41551e-14 0.586882 -3.10727e-14 -1.86342e-13 1.06826e-13
0.64 0.417057 3.50976e-14 0.582943 -3.22636e-14 -1.93519e-13 1.10163e-13
0.645 0.420972 3.62461e-14 0.579028 -3.34307e-14 -2.00637e-13 1.13427e-13
0.65 0.424862 3.73583e-14 0.575138 -3.45293e-14 -2.07771e-13 1.16565e-13
0.655 0.428726 3.84823e-14 0.571274 -3.56523e-14 -2.14835e-13 1.19577e-13
0.66 0.432565 3.98184e-14 0.567435 -3.68604e-14 -2.21838e-13 1.22483e-13
0.665 0.436377 4.11098e-14 0.563623 -3.81373e-14 -2.28797e-13 1.25321e-13
0.67 0.440162 4.23307e-14 0.559838 -3.94429e-14 -2.3574e-13 1.28139e-13
0.675 0.443921 4.35114e-14 0.556079 -4.07606e-14 -2.42616e-13 1.30891e-13
0.68 0.447653 4.49203e-14 0.552347 -4.20871e-14 -2.49443e-13 1.33603e-13
0.685 0.451357 4.64906e-14 0.548644 -4.34219e-14 -2.56246e-13 1.36281e-13
0.69 0.455033 4.79275e-14 0.544967 -4.47489e-14 -2.62984e-13 1.38957e-13
0.695 0.458681 4.93837e-14 0.541319 -4.60801e-14 -2.69686e-13 1.41561e-13
0.7 0.462301 5.07854e-14 0.537699 -4.74151e-14 -2.76351e-13 1.44111e-13
0.705 0.465892 5.20557e-14 0.534108 -4.87215e-14 -2.82951e-13 1.46678e-13
0.71 0.469455 5.33608e-14 0.530545 -5.00274e-14 -2.89514e-13 1.49152e-13
0.715 0.472989 5.47853e-14 0.527011 -5.1343e-14 -2.96001e-13 1.5153e-13
0.72 0.476494 5.60888e-14 0.523507 -5.26582e-14 -3.02353e-13 1.5377e-13
0.725 0.479969 5.75299e-14 0.520031 -5.39817e-14 -3.0857e-13 1.55941e-13
0.73 0.483415 5.87682e-14 0.516585 -5.53164e-14 -3.14666e-13 1.57998e-13
0.735 0.486832 6.03702e-14 0.513168 -5.66612e-14 -3.20588e-13 1.59926e-13
0.74 0.490219 6.18483e-14 0.509781 -5.80026e-14 -3.26404e-13 1.61726e-13
0.745 0.493576 6.32821e-14 0.506424 -5.93638e-14 -3.3212e-13 1.63443e-13
0.75 0.496903 6.47745e-14 0.503097 -6.07057e-14 -3.37751e-13 1.6507e-13
0.755 0.5002 6.60619e-14 0.4998 -6.20143e-14 -3.43261e-13 1.66572e-13
0.76 0.503468 6.71155e-14 0.496533 -6.3307e-14 -3.48647e-13 1.67942e-13
0.765 0.506705 6.82059e-14 0.493295 -6.45717e-14 -3.5389e-13 1.69223e-13
0.77 0.509912 6.95896e-14 0.490088 -6.57992e-14 -3.58988e-13 1.70322e-13
0.775 0.513089 7.06525e-14 0.486911 -6.70019e-14 -3.63971e-13 1.71278e-13
0.78 0.516235 7.19337e-14 0.483765 -6.81887e-14 -3.68813e-13 1.72106e-13
0.785 0.519352 7.31957e-14 0.480648 -6.93703e-14 -3.73514e-13 1.72895e-13
0.79 0.522438 7.44157e-14 0.477562 -7.05245e-14 -3.78038e-13 1.73565e-13
0.795 0.525494 7.56225e-14 0.474506 -7.16617e-14 -3.82373e-13 1.74195e-13
0.8 0.52852 7.67767e-14 0.47148 -7.27692e-14 -3.86607e-13 1.74796e-13
0.805 0.531516 7.78245e-14 0.468484 -7.38343e-14 -3.90737e-13 1.75278e-13
0.81 0.534482 7.89372e-14 0.465518 -7.48827e-14 -3.94759e-13 1.75638e-13
0.815 0.537418 7.9869e-14 0.462582 -7.5904e-14 -3.98707e-13 1.75895e-13
0.82 0.540324 8.09707e-14 0.459676 -7.68931e-14 -4.0262e-13 1.76021e-13
0.825 0.5432 8.19467e-14 0.4568 -7.78302e-14 -4.06426e-13 1.76033e-13
0.83 0.546046 8.27932e-14 0.453954 -7.87214e-14 -4.1013e-13 1.75958e-13
0.835 0.548863 8.36163e-14 0.451137 -7.95744e-14 -4.13709e-13 1.75764e-13
0.84 0.55165 8.45156e-14 0.44835 -8.03813e-14 -4.17149e-13 1.75508e-13
0.845 0.554408 8.51934e-14 0.445592 -8.11508e-14 -4.20375e-13 1.75314e-13
0.85 0.557136 8.59172e-14 0.442864 -8.18762e-14 -4.23429e-13 1.75034e-13
0.855 0.559836 8.6653e-14 0.440165 -8.25474e-14 -4.2629e-13 1.74785e-13
0.86 0.562506 8.73076e-14 0.437494 -8.31891e-14 -4.28968e-13 1.7445e-13
0.865 0.565147 8.76776e-14 0.434853 -8.37824e-14 -4.31453e-13 1.7407e-13
0.87 0.56776 8.80008e-14 0.43224 -8.43231e-14 -4.33792e-13 1.7354e-13
0.875 0.570344 8.85657e-14 0.429656 -8.48155e-14 -4.35907e-13 1.72934e-13
0.88 0.5729 8.90201e-14 0.4271 -8.52369e-14 -4.37807e-13 1.72313e-13
0.885 0.575428 8.91634e-14 0.424572 -8.5599e-14 -4.39561e-13 1.71587e-13
0.89 0.577927 8.95413e-14 0.422073 -8.59046e-14 -4.41091e-13 1.70771e-13
0.895 0.580399 8.97325e-14 0.419601 -8.61473e-14 -4.42427e-13 1.69877e-13
0.9 0.582844 9.00597e-14 0.417156 -8.63505e-14 -4.43627e-13 1.68931e-13
0.905 0.585261 9.00023e-14 0.414739 -8.65408e-14 -4.4471e-13 1.67829e-13
0.91 0.587651 9.02122e-14 0.412349 -8.67013e-14 -4.45616e-13 1.66699e-13
0.915 0.590014 9.02653e-14 0.409986 -8.68118e-14 -4.46282e-13 1.65456e-13
0.92 0.592351 9.03501e-14 0.40765 -8.6865e-14 -4.46712e-13 1.64181e-13
0.925 0.594661 9.03409e-14 0.40534 -8.68864e-14 -4.46973e-13 1.62858e-13
0.93 0.596944 9.03033e-14 0.403056 -8.68696e-14 -4.47024e-13 1.61603e-13
0.935 0.599202 9.02772e-14 0.400798 -8.68079e-14 -4.46933e-13 1.60251e-13
0.94 0.601435 9.02601e-14 0.398565 -8.67252e-14 -4.46688e-13 1.58837e-13
0.945 0.603642 9.00757e-14 0.396358 -8.65843e-14 -4.46295e-13 1.57423e-13
0.95 0.605824 8.9938e-14 0.394176 -8.63864e-14 -4.45717e-13 1.55899e-13
0.955 0.607981 8.96639e-14 0.392019 -8.61582e-14 -4.44989e-13 1.54305e-13
0.96 0.610113 8.94235e-14 0.389887 -8.59036e-14 -4.44111e-13 1.52669e-13
0.965 0.612221 8.91203e-14 0.387779 -8.55965e-14 -4.4301e-13 1.50911e-13
0.97 0.614305 8.85785e-14 0.385695 -8.5255e-14 -4.41673e-13 1.49098e-13
0.975 0.616366 8.80399e-14 0.383634 -8.48554e-14 -4.4011e-13 1.472e-13
0.98 0.618403 8.75197e-14 0.381597 -8.44384e-14 -4.38412e-13 1.45235e-13
0.985 0.620417 8.72928e-14 0.379583 -8.39904e-14 -4.36483e-13 1.43346e-13
0.99 0.622408 8.66669e-14 0.377592 -8.34896e-14 -4.34362e-13 1.41445e-13
0.995 0.624376 8.60858e-14 0.375624 -8.29738e-14 -4.32066e-13 1.39512e-13
1 0.626323 8.56234e-14 0.373678 -8.24186e-14 -4.2959e-13 1.37487e-13
1.005 0.628247 8.49661e-14 0.371753 -8.18334e-14 -4.26816e-13 1.35424e-13
1.01 0.63015 8.4295e-14 0.36985 -8.11998e-14 -4.23957e-13 1.33323e-13
1.015 0.632031 8.37473e-14 0.367969 -8.05234e-14 -4.20939e-13 1.31148e-13
1.02 0.633892 8.29945e-14 0.366108 -7.98038e-14 -4.17746e-13 1.28976e-13
1.025 0.635732 8.22941e-14 0.364268 -7.90501e-14 -4.14417e-13 1.26834e-13
1.03 0.637551 8.14616e-14 0.362449 -7.82646e-14 -4.10901e-13 1.24661e-13
1.035 0.639351 8.05619e-14 0.360649 -7.74375e-14 -4.07305e-13 1.22455e-13
1.04 0.641131 7.9719e-14 0.358869 -7.65512e-14 -4.03627e-13 1.20216e-13
1.045 0.642891 7.88339e-14 0.357109 -7.55925e-14 -3.99864e-13 1.17904e-13
1.05 0.644633 7.78829e-14 0.355367 -7.45766e-14 -3.96027e-13 1.15466e-13
1.055 0.646356 7.6658e-14 0.353644 -7.35466e-14 -3.92078e-13 1.13092e-13
1.06 0.64806 7.54752e-14 0.35194 -7.24706e-14 -3.87987e-13 1.10706e-13
1.065 0.649747 7.4613e-14 0.350254 -7.13082e-14 -3.83781e-13 1.08275e-13
1.07 0.651415 7.33636e-14 0.348585 -7.01002e-14 -3.79472e-13 1.05778e-13
1.075 0.653067 7.21898e-14 0.346934 -6.88476e-14 -3.75063e-13 1.03162e-13
1.08 0.654701 7.09244e-14 0.345299 -6.7575e-14 -3.70513e-13 1.00527e-13
1.085 0.656318 6.96622e-14 0.343682 -6.62823e-14 -3.65795e-13 9.79681e-14
1.09 0.657919 6.84505e-14 0.342081 -6.49419e-14 -3.60957e-13 9.55965e-14
1.095 0.659505 6.71405e-14 0.340496 -6.35688e-14 -3.56065e-13 9.33055e-14
1.1 0.661074 6.58352e-14 0.338926 -6.21328e-14 -3.5104e-13 9.11632e-14
1.105 0.662628 6.43436e-14 0.337372 -6.06846e-14 -3.45921e-13 8.89923e-14
1.11 0.664167 6.26918e-14 0.335834 -5.91872e-14 -3.4072e-13 8.69508e-14
1.115 0.665691 6.10853e-14 0.334309 -5.76569e-14 -3.35518e-13 8.49657e-14
1.12 0.667201 5.94906e-14 0.3328 -5.60939e-14 -3.3023e-13 8.30308e-14
1.125 0.668696 5.78564e-14 0.331304 -5.45669e-14 -3.24925e-13 8.11395e-14
1.13 0.670178 5.62773e-14 0.329822 -5.30348e-14 -3.19492e-13 7.92758e-14
1.135 0.671647 5.46491e-14 0.328354 -5.1501e-14 -3.14013e-13 7.74875e-14
1.14 0.673102 5.31899e-14 0.326898 -4.99657e-14 -3.08445e-13 7.584e-14
1.145 0.674545 5.16502e-14 0.325456 -4.84509e-14 -3.0288e-13 7.39222e-14
1.15 0.675975 5.03324e-14 0.324025 -4.69509e-14 -2.9732e-13 7.18252e-14
1.155 0.677393 4.87038e-14 0.322607 -4.54212e-14 -2.91785e-13 6.98324e-14
1.16 0.678799 4.71234e-14 0.321201 -4.39319e-14 -2.86162e-13 6.78885e-14
1.165 0.680194 4.5631e-14 0.319807 -4.2455e-14 -2.8044e-13 6.6088e-14
1.17 0.681577 4.42132e-14 0.318423 -4.09805e-14 -2.74716e-13 6.40906e-14
1.175 0.68295 4.28716e-14 0.31705 -3.95003e-14 -2.68982e-13 6.20417e-14
1.18 0.684312 4.13004e-14 0.315688 -3.80409e-14 -2.6316e-13 6.00956e-14
1.185 0.685664 3.98201e-14 0.314337 -3.65948e-14 -2.57332e-13 5.80994e-14
1.19 0.687006 3.84186e-14 0.312995 -3.51502e-14 -2.51557e-13 5.61464e-14
1.195 0.688338 3.68868e-14 0.311662 -3.37027e-14 -2.45777e-13 5.43396e-14
1.2 0.689661 3.52991e-14 0.31034 -3.22425e-14 -2.40023e-13 5.26006e-14
1.205 0.690974 3.38289e-14 0.309026 -3.07651e-14 -2.34314e-13 5.0887e-14
1.21 0.692279 3.23694e-14 0.307721 -2.92863e-14 -2.28679e-13 4.93036e-14
1.215 0.693576 3.08576e-14 0.306424 -2.78068e-14 -2.23031e-13 4.7815e-14
1.22 0.694864 2.94808e-14 0.305136 -2.63321e-14 -2.17337e-13 4.63625e-14
1.225 0.696145 2.79434e-14 0.303855 -2.48797e-14 -2.11622e-13 4.50166e-14
1.23 0.697418 2.64634e-14 0.302583 -2.34313e-14 -2.05852e-13 4.37255e-14
1.235 0.698683 2.48617e-14 0.301317 -2.19923e-14 -2.00088e-13 4.25152e-14
1.24 0.699942 2.35366e-14 0.300059 -2.05724e-14 -1.94284e-13 4.13337e-14
1.245 0.701193 2.21116e-14 0.298807 -1.91449e-14 -1.88501e-13 4.0219e-14
1.25 0.702438 2.08282e-14 0.297562 -1.77355e-14 -1.8264e-13 3.91114e-14
1.255 0.703677 1.94973e-14 0.296323 -1.63329e-14 -1.7678e-13 3.81058e-14
1.26 0.70491 1.81025e-14 0.29509 -1.49343e-14 -1.70873e-13 3.71728e-14
1.265 0.706137 1.66732e-14 0.293863 -1.35263e-14 -1.64918e-13 3.6271e-14
1.27 0.707359 1.53483e-14 0.292642 -1.21261e-14 -1.58897e-13 3.54377e-14
1.275 0.708575 1.38541e-14 0.291425 -1.07324e-14 -1.52883e-13 3.46614e-14
1.28 0.709786 1.24739e-14 0.290214 -9.35941e-15 -1.46901e-13 3.40818e-14
1.285 0.710993 1.11831e-14 0.289008 -8.01977e-15 -1.4089e-13 3.36589e-14
1.29 0.712195 9.8145e-15 0.287806 -6.70703e-15 -1.34921e-13 3.33426e-14
1.295 0.713392 8.66337e-15 0.286608 -5.42342e-15 -1.28943e-13 3.30939e-14
1.3 0.714586 7.43453e-15 0.285415 -4.14463e-15 -1.22936e-13 3.28883e-14
1.305 0.715775 6.02451e-15 0.284225 -2.87833e-15 -1.16932e-13 3.28887e-14
1.31 0.716961 4.64108e-15 0.283039 -1.62801e-15 -1.11017e-13 3.30519e-14
1.315 0.718144 3.4413e-15 0.281856 -3.84813e-16 -1.0515e-13 3.32816e-14
1.32 0.719323 2.29747e-15 0.280677 8.45974e-16 -9.93129e-14 3.37324e-14
1.325 0.720499 1.17258e-15 0.279501 2.05111e-15 -9.35067e-14 3.4257e-14
1.33 0.721673 -1.39044e-16 0.278327 3.23938e-15 -8.78115e-14 3.49242e-14
1.335 0.722844 -1.20683e-15 0.277157 4.39559e-15 -8.20758e-14 3.57658e-14
1.34 0.724012 -2.42022e-15 0.275988 5.54817e-15 -7.64273e-14 3.66909e-14
1.345 0.725178 -3.54227e-15 0.274822 6.67099e-15 -7.07759e-14 3.77229e-14
1.35 0.726342 -4.59111e-15 0.273659 7.78229e-15 -6.51348e-14 3.88156e-14
1.355 0.727504 -5.65156e-15 0.272497 8.84613e-15 -5.95165e-14 3.99841e-14
1.36 0.728664 -6.60528e-15 0.271337 9.87647e-15 -5.39002e-14 4.12266e-14
1.365 0.729822 -7.62829e-15 0.270178 1.08625e-14 -4.82537e-14 4.2598e-14
1.37 0.730979 -8.56307e-15 0.269021 1.18188e-14 -4.26419e-14 4.4045e-14
1.375 0.732135 -9.47611e-15 0.267865 1.27535e-14 -3.70735e-14 4.56385e-14
1.38 0.733289 -1.03494e-14 0.266711 1.36613e-14 -3.15555e-14 4.72792e-14
1.385 0.734443 -1.1288e-14 0.265557 1.45632e-14 -2.60256e-14 4.90755e-14
1.39 0.735596 -1.22641e-14 0.264405 1.54437e-14 -2.06213e-14 5.10605e-14
1.395 0.736747 -1.31327e-14 0.263253 1.63033e-14 -1.5296e-14 5.30809e-14
1.4 0.737899 -1.40031e-14 0.262102 1.71324e-14 -9.98835e-15 5.51973e-14
1.405 0.739049 -1.48808e-14 0.260951 1.79526e-14 -4.76174e-15 5.74308e-14
1.41 0.740199 -1.58239e-14 0.259801 1.87407e-14 4.37298e-16 5.98138e-14
1.415 0.741349 -1.65533e-14 0.258651 1.94979e-14 5.56847e-15 6.22801e-14
1.42 0.742499 -1.73982e-14 0.257501 2.024e-14 1.06082e-14 6.47834e-14
1.425 0.743649 -1.80823e-14 0.256352 2.09628e-14 1.55705e-14 6.73362e-14
1.43 0.744798 -1.87437e-14 0.255202 2.1667e-14 2.04804e-14 7.00007e-14
1.435 0.745948 -1.94652e-14 0.254052 2.23531e-14 2.53277e-14 7.26498e-14
1.44 0.747098 -2.01791e-14 0.252903 2.30101e-14 3.00536e-14 7.53785e-14
1.445 0.748248 -2.08274e-14 0.251753 2.364e-14 3.47286e-14 7.82091e-14
1.45 0.749398 -2.14585e-14 0.250602 2.42604e-14 3.93057e-14 8.10976e-14
1.455 0.750549 -2.20529e-14 0.249452 2.48376e-14 4.38733e-14 8.40983e-14
1.46 0.7517 -2.26075e-14 0.248301 2.54106e-14 4.83495e-14 8.7174e-14
1.465 0.752851 -2.3052e-14 0.247149 2.59503e-14 5.27756e-14 9.03405e-14
1.47 0.754003 -2.3507e-14 0.245997 2.64452e-14 5.71352e-14 9.3598e-14
1.475 0.755156 -2.40133e-14 0.244845 2.68984e-14 6.14992e-14 9.68837e-14
1.48 0.756309 -2.44345e-14 0.243691 2.73176e-14 6.58494e-14 1.00166e-13
1.485 0.757463 -2.47266e-14 0.242538 2.77213e-14 7.01936e-14 1.03471e-13
1.49 0.758617 -2.51815e-14 0.241383 2.81111e-14 7.44793e-14 1.06881e-13
1.495 0.759772 -2.57032e-14 0.240228 2.84759e-14 7.8731e-14 1.10412e-13
1.5 0.760928 -2.59236e-14 0.239072 2.88106e-14 8.29567e-14 1.13933e-13
1.505 0.762085 -2.62591e-14 0.237916 2.91183e-14 8.70914e-14 1.17436e-13
1.51 0.763242 -2.65335e-14 0.236759 2.93906e-14 9.11194e-14 1.21033e-13
1.515 0.7644 -2.68422e-14 0.235601 2.9651e-14 9.51053e-14 1.24678e-13
1.52 0.765558 -2.71153e-14 0.234442 2.99139e-14 9.90076e-14 1.28357e-13
1.525 0.766718 -2.73616e-14 0.233283 3.01499e-14 1.02918e-13 1.32002e-13
1.53 0.767878 -2.75133e-14 0.232122 3.0345e-14 1.06735e-13 1.35752e-13
1.535 0.769039 -2.77043e-14 0.230962 3.05126e-14 1.10562e-13 1.39515e-13
1.54 0.7702 -2.77718e-14 0.2298 3.06534e-14 1.14452e-13 1.43253e-13
1.545 0.771362 -2.78573e-14 0.228638 3.07759e-14 1.18297e-13 1.46952e-13
1.55 0.772525 -2.8e-14 0.227475 3.08806e-14 1.22092e-13 1.50562e-13
1.555 0.773688 -2.81367e-14 0.226312 3.09686e-14 1.25836e-13 1.54196e-13
1.56 0.774852 -2.81693e-14 0.225148 3.10375e-14 1.29519e-13 1.57769e-13
1.565 0.776016 -2.81227e-14 0.223984 3.10709e-14 1.33143e-13 1.61373e-13
1.57 0.777181 -2.81093e-14 0.222819 3.10856e-14 1.36812e-13 1.65044e-13
1.575 0.778346 -2.81306e-14 0.221654 3.10775e-14 1.40444e-13 1.68692e-13
1.58 0.779512 -2.80322e-14 0.220488 3.10539e-14 1.4406e-13 1.72338e-13
1.585 0.780678 -2.80483e-14 0.219323 3.10346e-14 1.47613e-13 1.76037e-13
1.59 0.781844 -2.80129e-14 0.218156 3.09949e-14 1.51173e-13 1.79757e-13
1.595 0.78301 -2.7995e-14 0.21699 3.09623e-14 1.54791e-13 1.83527e-13
1.6 0.784177 -2.7938e-14 0.215824 3.09168e-14 1.58359e-13 1.87325e-13
1.605 0.785343 -2.79316e-14 0.214657 3.08674e-14 1.61869e-13 1.91017e-13
1.61 0.78651 -2.7827e-14 0.213491 3.0805e-14 1.65411e-13 1.94767e-13
1.615 0.787676 -2.77067e-14 0.212324 3.07265e-14 1.69021e-13 1.98463e-13
1.62 0.788842 -2.74895e-14 0.211158 3.06361e-14 1.72599e-13 2.02132e-13
1.625 0.790008 -2.7402e-14 0.209992 3.05458e-14 1.76164e-13 2.05792e-13
1.63 0.791174 -2.72625e-14 0.208827 3.04799e-14 1.79658e-13 2.09471e-13
1.635 0.792339 -2.72053e-14 0.207662 3.04015e-14 1.8301e-13 2.1308e-13
1.64 0.793503 -2.71196e-14 0.206497 3.03207e-14 1.86364e-13 2.16665e-13
1.645 0.794667 -2.70113e-14 0.205333 3.02357e-14 1.897e-13 2.20287e-13
1.65 0.79583 -2.68567e-14 0.20417 3.01619e-14 1.93004e-13 2.23926e-13
1.655 0.796993 -2.68076e-14 0.203008 3.00823e-14 1.9633e-13 2.27497e-13
1.66 0.798154 -2.66664e-14 0.201847 3.00113e-14 1.99725e-13 2.31045e-13
1.665 0.799314 -2.66556e-14 0.200686 2.99286e-14 2.03026e-13 2.3458e-13
1.67 0.800474 -2.65878e-14 0.199527 2.98584e-14 2.06293e-13 2.38172e-13
1.675 0.801632 -2.6571e-14 0.198369 2.98026e-14 2.09532e-13 2.41677e-13
1.68 0.802789 -2.64975e-14 0.197212 2.9768e-14 2.1272e-13 2.45169e-13
1.685 0.803944 -2.64915e-14 0.196057 2.9733e-14 2.15871e-13 2.48651e-13
1.69 0.805098 -2.638e-14 0.194903 2.96974e-14 2.19111e-13 2.52144e-13
1.695 0.80625 -2.63439e-14 0.193751 2.96681e-14 2.22382e-13 2.55572e-13
1.7 0.8074 -2.62995e-14 0.1926 2.9651e-14 2.25596e-13 2.58972e-13
1.705 0.808549 -2.62766e-14 0.191452 2.96346e-14 2.2886e-13 2.62341e-13
1.71 0.809696 -2.62563e-14 0.190305 2.96382e-14 2.3212e-13 2.65668e-13
1.715 0.81084 -2.62415e-14 0.189161 2.96587e-14 2.35404e-13 2.68945e-13
1.72 0.811982 -2.62754e-14 0.188018 2.97083e-14 2.38567e-13 2.72185e-13
1.725 0.813122 -2.63426e-14 0.186878 2.97711e-14 2.41756e-13 2.7541e-13
1.73 0.81426 -2.64589e-14 0.185741 2.98498e-14 2.44967e-13 2.7866e-13
1.735 0.815395 -2.65884e-14 0.184606 2.99422e-14 2.48122e-13 2.8186e-13
1.74 0.816527 -2.68275e-14 0.183474 3.00367e-14 2.51172e-13 2.84974e-13
1.745 0.817656 -2.69996e-14 0.182344 3.01526e-14 2.54145e-13 2.88001e-13
1.75 0.818783 -2.7154e-14 0.181218 3.02749e-14 2.57222e-13 2.91292e-13
1.755 0.819906 -2.72956e-14 0.180094 3.04043e-14 2.60309e-13 2.94783e-13
1.76 0.821027 -2.73886e-14 0.178974 3.05487e-14 2.63426e-13 2.98328e-13
1.765 0.822144 -2.75634e-14 0.177857 3.06879e-14 2.66564e-13 3.02029e-13
1.77 0.823258 -2.77429e-14 0.176743 3.08286e-14 2.69819e-13 3.05791e-13
1.775 0.824368 -2.79705e-14 0.175633 3.0987e-14 2.73126e-13 3.09638e-13
1.78 0.825474 -2.81648e-14 0.174527 3.11563e-14 2.76493e-13 3.13544e-13
1.785 0.826577 -2.8349e-14 0.173424 3.1332e-14 2.7993e-13 3.17616e-13
1.79 0.827676 -2.8493e-14 0.172325 3.15205e-14 2.83404e-13 3.2173e-13
1.795 0.828771 -2.87148e-14 0.17123 3.17164e-14 2.86925e-13 3.25861e-13
1.8 0.829862 -2.89153e-14 0.170139 3.19313e-14 2.90338e-13 3.3e-13
1.805 0.830948 -2.91705e-14 0.169053 3.21508e-14 2.93686e-13 3.34045e-13
1.81 0.83203 -2.93572e-14 0.167971 3.23696e-14 2.97003e-13 3.38097e-13
1.815 0.833108 -2.96273e-14 0.166893 3.25866e-14 3.00302e-13 3.42122e-13
1.82 0.834181 -2.98082e-14 0.16582 3.27942e-14 3.03589e-13 3.46061e-13
1.825 0.83525 -3.00295e-14 0.164751 3.29852e-14 3.0687e-13 3.4996e-13
1.83 0.836314 -3.01898e-14 0.163687 3.3167e-14 3.10152e-13 3.53762e-13
1.835 0.837373 -3.03674e-14 0.162628 3.33413e-14 3.13465e-13 3.57518e-13
1.84 0.838426 -3.05511e-14 0.161574 3.35004e-14 3.16728e-13 3.61393e-13
1.845 0.839475 -3.06438e-14 0.160526 3.36501e-14 3.19943e-13 3.65216e-13
1.85 0.840519 -3.08413e-14 0.159482 3.37999e-14 3.23144e-13 3.69039e-13
1.855 0.841557 -3.09914e-14 0.158444 3.39294e-14 3.2639e-13 3.72873e-13
1.86 0.84259 -3.10955e-14 0.157411 3.4037e-14 3.29723e-13 3.7669e-13
1.865 0.843617 -3.12055e-14 0.156384 3.41197e-14 3.33091e-13 3.80531e-13
1.87 0.844639 -3.12796e-14 0.155362 3.41897e-14 3.36507e-13 3.8439e-13
1.875 0.845655 -3.13338e-14 0.154346 3.42401e-14 3.3987e-13 3.88181e-13
1.88 0.846666 -3.13811e-14 0.153335 3.42784e-14 3.43196e-13 3.91958e-13
1.885 0.84767 -3.15108e-14 0.152331 3.43276e-14 3.46428e-13 3.95711e-13
1.89 0.848669 -3.16685e-14 0.151332 3.43658e-14 3.49597e-13 3.99414e-13
1.895 0.849661 -3.17235e-14 0.15034 3.43905e-14 3.52725e-13 4.03042e-13
1.9 0.850647 -3.17727e-14 0.149354 3.44038e-14 3.5581e-13 4.06586e-13
1.905 0.851627 -3.17427e-14 0.148374 3.4405e-14 3.58868e-13 4.10133e-13
1.91 0.852601 -3.16891e-14 0.1474 3.44088e-14 3.61868e-13 4.13646e-13
1.915 0.853569 -3.17178e-14 0.146432 3.44308e-14 3.64834e-13 4.17153e-13
1.92 0.85453 -3.16921e-14 0.145471 3.44457e-14 3.67801e-13 4.20581e-13
1.925 0.855484 -3.17343e-14 0.144517 3.44364e-14 3.70782e-13 4.23953e-13
1.93 0.856432 -3.17408e-14 0.143569 3.44079e-14 3.73805e-13 4.27359e-13
1.935 0.857373 -3.16587e-14 0.142628 3.43555e-14 3.76725e-13 4.30764e-13
1.94 0.858308 -3.15818e-14 0.141693 3.42983e-14 3.79543e-13 4.3416e-13
1.945 0.859236 -3.15184e-14 0.140766 3.42396e-14 3.82311e-13 4.3756e-13
1.95 0.860156 -3.14773e-14 0.139845 3.41721e-14 3.85127e-13 4.40967e-13
1.955 0.86107 -3.13341e-14 0.138931 3.41089e-14 3.87858e-13 4.4439e-13
1.96 0.861978 -3.12822e-14 0.138024 3.40521e-14 3.90535e-13 4.47857e-13
1.965 0.862878 -3.12678e-14 0.137123 3.39983e-14 3.93242e-13 4.51269e-13
1.97 0.863771 -3.12167e-14 0.13623 3.39514e-14 3.95905e-13 4.54667e-13
1.975 0.864657 -3.12801e-14 0.135344 3.39137e-14 3.98551e-13 4.58087e-13
1.98 0.865536 -3.12572e-14 0.134465 3.38914e-14 4.01251e-13 4.61558e-13
1.985 0.866407 -3.12577e-14 0.133594 3.38718e-14 4.039e-13 4.65167e-13
1.99 0.867272 -3.12508e-14 0.132729 3.38658e-14 4.06504e-13 4.68819e-13
1.995 0.868129 -3.13221e-14 0.131872 3.38676e-14 4.09055e-13 4.72474e-13
2 0.868979 -3.13037e-14 0.131022 3.3879e-14 4.11525e-13 4.76192e-13
2.005 0.869822 -3.13345e-14 0.130179 3.3927e-14 4.14009e-13 4.79947e-13
2.01 0.870657 -3.13632e-14 0.129344 3.40002e-14 4.16427e-13 4.83629e-13
2.015 0.871485 -3.1425e-14 0.128516 3.40504e-14 4.1886e-13 4.87324e-13
2.02 0.872306 -3.15951e-14 0.127695 3.41208e-14 4.21328e-13 4.9102e-13
2.025 0.873119 -3.1785e-14 0.126882 3.42475e-14 4.23726e-13 4.94686e-13
2.03 0.873925 -3.19531e-14 0.126076 3.44073e-14 4.26117e-13 4.98293e-13
2.035 0.874723 -3.21763e-14 0.125278 3.46023e-14 4.28393e-13 5.01853e-13
2.04 0.875514 -3.23708e-14 0.124488 3.48284e-14 4.30601e-13 5.05424e-13
2.045 0.876297 -3.26088e-14 0.123704 3.50894e-14 4.32844e-13 5.08896e-13
2.05 0.877073 -3.29525e-14 0.122929 3.53811e-14 4.35117e-13 5.12383e-13
2.055 0.877841 -3.32882e-14 0.12216 3.57104e-14 4.37311e-13 5.15808e-13
2.06 0.878602 -3.36504e-14 0.1214 3.60571e-14 4.3953e-13 5.19096e-13
2.065 0.879355 -3.40785e-14 0.120646 3.64245e-14 4.41637e-13 5.22331e-13
2.07 0.880101 -3.44287e-14 0.1199 3.68102e-14 4.43727e-13 5.25622e-13
2.075 0.880839 -3.48501e-14 0.119162 3.72066e-14 4.45755e-13 5.2884e-13
2.08 0.88157 -3.52748e-14 0.118431 3.76155e-14 4.47814e-13 5.32067e-13
2.085 0.882293 -3.5659e-14 0.117708 3.80237e-14 4.49962e-13 5.3536e-13
2.09 0.883009 -3.60772e-14 0.116992 3.84502e-14 4.52157e-13 5.38536e-13
2.095 0.883718 -3.65126e-14 0.116283 3.8902e-14 4.54263e-13 5.41748e-13
2.1 0.884419 -3.70023e-14 0.115582 3.93836e-14 4.56336e-13 5.4485e-13
2.105 0.885113 -3.7514e-14 0.114889 3.99031e-14 4.58341e-13 5.47903e-13
2.11 0.885799 -3.80316e-14 0.114202 4.04469e-14 4.60349e-13 5.50924e-13
2.115 0.886478 -3.8593e-14 0.113523 4.10176e-14 4.62336e-13 5.53897e-13
2.12 0.887149 -3.91879e-14 0.112852 4.16264e-14 4.6429e-13 5.56803e-13
2.125 0.887814 -3.98387e-14 0.112188 4.22721e-14 4.66158e-13 5.5968e-13
2.13 0.888471 -4.05149e-14 0.111531 4.2935e-14 4.67995e-13 5.62571e-13
2.135 0.88912 -4.11601e-14 0.110881 4.35972e-14 4.69802e-13 5.65384e-13
2.14 0.889763 -4.18043e-14 0.110238 4.42586e-14 4.71619e-13 5.68182e-13
2.145 0.890398 -4.24439e-14 0.109603 4.49313e-14 4.73435e-13 5.70904e-13
2.15 0.891026 -4.30913e-14 0.108975 4.56042e-14 4.75328e-13 5.73533e-13
2.155 0.891647 -4.37274e-14 0.108354 4.62803e-14 4.77243e-13 5.76196e-13
2.16 0.892261 -4.44022e-14 0.10774 4.69514e-14 4.79063e-13 5.78925e-13
2.165 0.892868 -4.50846e-14 0.107133 4.76036e-14 4.80882e-13 5.81723e-13
2.17 0.893468 -4.57287e-14 0.106534 4.8243e-14 4.82688e-13 5.84575e-13
2.175 0.894061 -4.63113e-14 0.105941 4.88549e-14 4.84527e-13 5.87389e-13
2.18 0.894647 -4.69124e-14 0.105355 4.94416e-14 4.86392e-13 5.90078e-13
2.185 0.895226 -4.74652e-14 0.104776 5.00152e-14 4.88265e-13 5.92741e-13
2.19 0.895798 -4.80105e-14 0.104203 5.05624e-14 4.9011e-13 5.9544e-13
2.195 0.896364 -4.85296e-14 0.103638 5.10914e-14 4.91947e-13 5.98081e-13
2.2 0.896923 -4.9051e-14 0.103079 5.16038e-14 4.93783e-13 6.00622e-13
2.205 0.897475 -4.95086e-14 0.102526 5.20726e-14 4.95583e-13 6.03102e-13
2.21 0.898021 -4.99819e-14 0.101981 5.25269e-14 4.97368e-13 6.05493e-13
2.215 0.89856 -5.04073e-14 0.101441 5.29441e-14 4.99272e-13 6.07733e-13
2.22 0.899093 -5.08012e-14 0.100909 5.33481e-14 5.01151e-13 6.09996e-13
2.225 0.899619 -5.11624e-14 0.100382 5.37254e-14 5.03175e-13 6.12121e-13
2.23 0.900139 -5.14971e-14 0.0998622 5.40652e-14 5.05332e-13 6.14256e-13
2.235 0.900653 -5.17841e-14 0.0993484 5.43729e-14 5.07275e-13 6.16472e-13
2.24 0.901161 -5.20733e-14 0.0988407 5.4649e-14 5.09003e-13 6.18741e-13
2.245 0.901662 -5.23186e-14 0.0983391 5.48861e-14 5.10535e-13 6.2106e-13
2.25 0.902158 -5.25456e-14 0.0978435 5.50961e-14 5.12089e-13 6.23424e-13
2.255 0.902648 -5.27396e-14 0.0973538 5.52768e-14 5.13323e-13 6.25939e-13
2.26 0.903131 -5.29023e-14 0.09687 5.5419e-14 5.1445e-13 6.28567e-13
2.265 0.903609 -5.30236e-14 0.096392 5.55416e-14 5.15427e-13 6.31316e-13
2.27 0.904082 -5.31261e-14 0.0959197 5.56463e-14 5.16293e-13 6.34057e-13
2.275 0.904548 -5.32032e-14 0.0954531 5.5721e-14 5.17042e-13 6.36715e-13
2.28 0.905009 -5.3224e-14 0.094992 5.57638e-14 5.17609e-13 6.394e-13
2.285 0.905465 -5.32466e-14 0.0945364 5.57958e-14 5.17844e-13 6.42085e-13
2.29 0.905915 -5.3253e-14 0.0940861 5.58112e-14 5.17577e-13 6.44713e-13
2.295 0.90636 -5.32446e-14 0.0936411 5.58011e-14 5.16986e-13 6.47271e-13
2.3 0.9068 -5.32056e-14 0.0932014 5.57707e-14 5.16111e-13 6.49812e-13
2.305 0.907235 -5.31599e-14 0.0927667 5.57146e-14 5.14959e-13 6.52225e-13
2.31 0.907664 -5.30641e-14 0.092337 5.56234e-14 5.13576e-13 6.54532e-13
2.315 0.908089 -5.29636e-14 0.0919122 5.55334e-14 5.11986e-13 6.56762e-13
2.32 0.908509 -5.27964e-14 0.0914922 5.53857e-14 5.1017e-13 6.58918e-13
2.325 0.908924 -5.26237e-14 0.091077 5.52043e-14 5.08185e-13 6.60954e-13
2.33 0.909335 -5.24453e-14 0.0906664 5.50084e-14 5.05914e-13 6.62858e-13
2.335 0.909741 -5.22441e-14 0.0902603 5.48e-14 5.0356e-13 6.64697e-13
2.34 0.910143 -5.20191e-14 0.0898587 5.45672e-14 5.01089e-13 6.66254e-13
2.345 0.91054 -5.17879e-14 0.0894614 5.43156e-14 4.985e-13 6.67367e-13
2.35 0.910933 -5.14957e-14 0.0890683 5.40266e-14 4.95786e-13 6.68302e-13
2.355 0.911322 -5.12196e-14 0.0886795 5.37405e-14 4.92881e-13 6.68915e-13
2.36 0.911707 -5.09025e-14 0.0882947 5.34357e-14 4.89832e-13 6.69225e-13
2.365 0.912088 -5.05807e-14 0.0879139 5.31069e-14 4.86735e-13 6.69186e-13
2.37 0.912465 -5.02251e-14 0.0875369 5.2762e-14 4.83638e-13 6.68625e-13
2.375 0.912838 -4.98798e-14 0.0871638 5.24025e-14 4.80218e-13 6.68088e-13
2.38 0.913207 -4.94913e-14 0.0867944 5.20226e-14 4.76616e-13 6.67517e-13
2.385 0.913573 -4.90866e-14 0.0864286 5.16166e-14 4.72768e-13 6.66753e-13
2.39 0.913935 -4.8635e-14 0.0860663 5.11836e-14 4.68883e-13 6.66155e-13
2.395 0.914294 -4.8152e-14 0.0857075 5.07146e-14 4.64787e-13 6.65683e-13
2.4 0.914649 -4.76393e-14 0.085352 5.02024e-14 4.60638e-13 6.65091e-13
2.405 0.915002 -4.71027e-14 0.0849997 4.96585e-14 4.56385e-13 6.64383e-13
2.41 0.915351 -4.65241e-14 0.0846506 4.90759e-14 4.52102e-13 6.63539e-13
2.415 0.915697 -4.59478e-14 0.0843044 4.84932e-14 4.47835e-13 6.62432e-13
2.42 0.91604 -4.53521e-14 0.0839611 4.78981e-14 4.43549e-13 6.61081e-13
2.425 0.916381 -4.47704e-14 0.0836207 4.72935e-14 4.39379e-13 6.5951e-13
2.43 0.916719 -4.41594e-14 0.0832829 4.66866e-14 4.35282e-13 6.57869e-13
2.435 0.917054 -4.35548e-14 0.0829478 4.60692e-14 4.3124e-13 6.56069e-13
2.44 0.917386 -4.29486e-14 0.0826153 4.54784e-14 4.27181e-13 6.54205e-13
2.445 0.917716 -4.23401e-14 0.0822851 4.48707e-14 4.23179e-13 6.52162e-13
2.45 0.918044 -4.17211e-14 0.0819573 4.42552e-14 4.19261e-13 6.49992e-13
2.455 0.91837 -4.10522e-14 0.0816317 4.36028e-14 4.15464e-13 6.47705e-13
2.46 0.918693 -4.03686e-14 0.0813083 4.29248e-14 4.11706e-13 6.45304e-13
2.465 0.919015 -3.97035e-14 0.0809869 4.22678e-14 4.08114e-13 6.42851e-13
2.47 0.919334 -3.89817e-14 0.0806675 4.15644e-14 4.04713e-13 6.40321e-13
2.475 0.919652 -3.82584e-14 0.0803499 4.08276e-14 4.01416e-13 6.37669e-13
2.48 0.919968 -3.73779e-14 0.080034 3.99578e-14 3.98273e-13 6.34906e-13
2.485 0.920282 -3.65337e-14 0.0797198 3.91143e-14 3.95266e-13 6.32072e-13
2.49 0.920594 -3.55707e-14 0.0794071 3.81534e-14 3.92361e-13 6.29265e-13
2.495 0.920906 -3.45487e-14 0.0790959 3.71203e-14 3.89657e-13 6.26335e-13
2.5 0.921216 -3.35042e-14 0.0787859 3.60759e-14 3.87072e-13 6.23499e-13
