0 0 0 1 0 0 0
0.005 3.97879e-05 -4.15202e-16 0.99996 -8.95732e-17 4.94052e-16 -1.82371e-16
0.01 0.000159137 -1.37027e-16 0.999841 -5.5451e-16 7.93751e-16 -3.97058e-16
0.015 0.000358003 -3.02863e-16 0.999642 -5.41025e-16 1.10566e-15 5.72962e-18
0.02 0.000636314 -2.73648e-16 0.999364 -5.51778e-16 1.42474e-15 3.50817e-16
0.025 0.000993968 -3.37166e-16 0.999006 -5.53064e-16 1.74977e-15 5.60939e-16
0.03 0.00143083 -4.0714e-16 0.998569 -5.54337e-16 2.08211e-15 1.00393e-15
0.035 0.00194675 -3.24717e-16 0.998053 -5.51603e-16 2.41377e-15 1.43905e-15
0.04 0.00254153 -2.56051e-16 0.997458 -5.51622e-16 2.75117e-15 1.70588e-15
0.045 0.00321496 -3.26643e-16 0.996785 -5.38561e-16 3.09456e-15 2.01777e-15
0.05 0.0039668 -1.78233e-16 0.996033 -5.26103e-16 3.4333e-15 2.34749e-15
0.055 0.00479676 -2.00874e-16 0.995203 -5.12257e-16 3.77399e-15 2.71974e-15
0.06 0.00570455 -1.81711e-16 0.994295 -5.00751e-16 4.11716e-15 3.22719e-15
0.065 0.00668983 -4.89763e-17 0.99331 -4.89344e-16 4.4642e-15 3.74783e-15
0.07 0.00775226 3.69917e-17 0.992248 -4.77253e-16 4.81136e-15 4.17929e-15
0.075 0.00889144 3.75136e-17 0.991109 -4.66983e-16 5.15645e-15 4.62825e-15
0.08 0.010107 -9.98264e-17 0.989893 -4.55694e-16 5.50563e-15 5.11889e-15
0.085 0.0113984 -4.01055e-17 0.988602 -4.50566e-16 5.85738e-15 5.70063e-15
0.09 0.0127653 -8.91756e-17 0.987235 -4.40204e-16 6.20932e-15 6.20136e-15
0.095 0.0142071 -2.09254e-16 0.985793 -4.31181e-16 6.55203e-15 6.75805e-15
0.1 0.0157233 -2.92557e-17 0.984277 -4.2005e-16 6.89929e-15 7.3631e-15
0.105 0.0173135 1.98535e-17 0.982687 -4.05031e-16 7.24657e-15 8.04608e-15
0.11 0.0189769 -1.78566e-16 0.981023 -3.90546e-16 7.60668e-15 8.76508e-15
0.115 0.0207131 -3.70926e-16 0.979287 -3.78499e-16 7.97379e-15 9.53281e-15
0.12 0.0225214 -3.31601e-16 0.977479 -3.71506e-16 8.34184e-15 1.04006e-14
0.125 0.0244011 -4.63596e-16 0.975599 -3.62713e-16 8.70586e-15 1.11738e-14
0.13 0.0263516 -6.28263e-16 0.973648 -3.56586e-16 9.0688e-15 1.20477e-14
0.135 0.0283723 -9.32261e-16 0.971628 -3.39292e-16 9.41726e-15 1.29219e-14
0.14 0.0304623 -7.90801e-16 0.969538 -3.25347e-16 9.77321e-15 1.38549e-14
0.145 0.032621 -1.1566e-15 0.967379 -3.10936e-16 1.01246e-14 1.48128e-14
0.15 0.0348475 -1.17997e-15 0.965152 -3.08258e-16 1.04646e-14 1.57934e-14
0.155 0.0371412 -1.2984e-15 0.962859 -3.03992e-16 1.07995e-14 1.68013e-14
0.16 0.0395013 -1.23755e-15 0.960499 -2.83334e-16 1.11251e-14 1.79036e-14
0.165 0.0419268 -1.40018e-15 0.958073 -2.44098e-16 1.14267e-14 1.91287e-14
0.17 0.0444169 -1.76177e-15 0.955583 -2.25671e-16 1.171e-14 2.0466e-14
0.175 0.0469709 -1.5676e-15 0.953029 -1.77976e-16 1.19753e-14 2.18849e-14
0.18 0.0495878 -1.80956e-15 0.950412 -1.35346e-16 1.22238e-14 2.33925e-14
0.185 0.0522667 -1.89752e-15 0.947733 -8.79005e-17 1.24556e-14 2.49823e-14
0.19 0.0550067 -2.09839e-15 0.944993 -4.93333e-17 1.26823e-14 2.65867e-14
0.195 0.0578068 -2.07333e-15 0.942193 -7.37226e-18 1.29023e-14 2.81857e-14
0.2 0.0606662 -1.90582e-15 0.939334 3.26623e-17 1.31081e-14 2.97717e-14
0.205 0.0635838 -1.82708e-15 0.936416 6.55195e-17 1.33378e-14 3.13725e-14
0.21 0.0665588 -1.85574e-15 0.933441 9.20954e-17 1.35895e-14 3.29387e-14
0.215 0.0695899 -1.63258e-15 0.93041 9.33864e-17 1.38731e-14 3.44112e-14
0.22 0.0726764 -1.52873e-15 0.927324 1.0056e-16 1.42021e-14 3.57507e-14
0.225 0.0758171 -1.4133e-15 0.924183 1.20535e-16 1.45906e-14 3.69285e-14
0.23 0.079011 -1.1369e-15 0.920989 1.38077e-16 1.50361e-14 3.79736e-14
0.235 0.082257 -1.36729e-15 0.917743 1.4968e-16 1.55384e-14 3.88719e-14
0.24 0.0855541 -1.27224e-15 0.914446 1.75967e-16 1.60939e-14 3.9605e-14
0.245 0.0889013 -1.30264e-15 0.911099 2.16541e-16 1.66942e-14 4.01882e-14
0.25 0.0922974 -1.15584e-15 0.907703 2.68998e-16 1.73425e-14 4.06843e-14
0.255 0.0957413 -1.33252e-15 0.904259 3.54463e-16 1.80297e-14 4.10722e-14
0.26 0.0992319 -1.20542e-15 0.900768 4.2248e-16 1.87592e-14 4.13288e-14
0.265 0.102768 -1.12569e-15 0.897232 4.79649e-16 1.95256e-14 4.15296e-14
0.27 0.106349 -1.32804e-15 0.893651 5.32873e-16 2.03232e-14 4.16624e-14
0.275 0.109973 -1.38609e-15 0.890027 5.65959e-16 2.11514e-14 4.16693e-14
0.28 0.113639 -1.21223e-15 0.886361 5.85545e-16 2.20026e-14 4.15446e-14
0.285 0.117347 -1.35147e-15 0.882653 6.11224e-16 2.28875e-14 4.12413e-14
0.29 0.121094 -1.67396e-15 0.878906 6.33762e-16 2.38135e-14 4.07829e-14
0.295 0.12488 -1.48942e-15 0.87512 6.56349e-16 2.47865e-14 4.01707e-14
0.3 0.128704 -1.04675e-15 0.871296 6.69013e-16 2.57924e-14 3.94594e-14
0.305 0.132564 -1.05335e-15 0.867436 6.64892e-16 2.68297e-14 3.86438e-14
0.31 0.13646 -1.10607e-15 0.86354 6.49561e-16 2.79002e-14 3.76584e-14
0.315 0.14039 -9.78038e-16 0.85961 6.19293e-16 2.90253e-14 3.64619e-14
0.32 0.144352 -1.07918e-15 0.855648 6.29953e-16 3.01913e-14 3.51679e-14
0.325 0.148347 -1.17049e-15 0.851653 6.28541e-16 3.14087e-14 3.37807e-14
0.33 0.152372 -1.22236e-15 0.847628 6.26684e-16 3.26411e-14 3.22955e-14
0.335 0.156427 -1.10034e-15 0.843573 6.42236e-16 3.38906e-14 3.07378e-14
0.34 0.16051 -1.11743e-15 0.83949 6.06376e-16 3.51436e-14 2.91526e-14
0.345 0.16462 -1.21595e-15 0.83538 6.1058e-16 3.64e-14 2.74944e-14
0.35 0.168756 -1.19801e-15 0.831245 6.27497e-16 3.7644e-14 2.58291e-14
0.355 0.172916 -9.5718e-16 0.827084 6.54814e-16 3.88698e-14 2.41379e-14
0.36 0.177101 -9.79719e-16 0.822899 6.49809e-16 4.00952e-14 2.244e-14
0.365 0.181307 -9.21071e-16 0.818693 6.20317e-16 4.13043e-14 2.07194e-14
0.37 0.185536 -8.8086e-16 0.814464 5.92648e-16 4.24799e-14 1.90461e-14
0.375 0.189784 -8.60653e-16 0.810216 5.65348e-16 4.36293e-14 1.74547e-14
0.38 0.194051 -9.24705e-16 0.805949 5.40402e-16 4.47584e-14 1.58625e-14
0.385 0.198336 -8.48531e-16 0.801664 5.31622e-16 4.58703e-14 1.42814e-14
0.39 0.202638 -9.09891e-16 0.797362 5.01936e-16 4.69829e-14 1.27612e-14
0.395 0.206956 -8.27308e-16 0.793044 4.99641e-16 4.80917e-14 1.12462e-14
0.4 0.211288 -6.25063e-16 0.788712 4.83884e-16 4.91731e-14 9.67915e-15
0.405 0.215633 -3.41343e-16 0.784367 5.14e-16 5.02156e-14 8.11097e-15
0.41 0.219991 -1.76131e-16 0.780009 5.26335e-16 5.1201e-14 6.48234e-15
0.415 0.224359 -4.18564e-16 0.77564 5.99617e-16 5.21247e-14 4.83712e-15
0.42 0.228738 -8.35344e-17 0.771262 6.604e-16 5.29751e-14 3.21494e-15
0.425 0.233126 9.62839e-17 0.766874 7.12309e-16 5.37488e-14 1.60617e-15
0.43 0.237522 2.79743e-16 0.762478 7.46946e-16 5.44488e-14 -4.05048e-17
0.435 0.241925 2.25756e-16 0.758075 8.23088e-16 5.50537e-14 -1.7403e-15
0.44 0.246333 4.13327e-16 0.753667 9.23256e-16 5.55813e-14 -3.43694e-15
0.445 0.250747 2.4599e-16 0.749253 1.05555e-15 5.60502e-14 -5.07108e-15
0.45 0.255164 1.59792e-16 0.744836 1.11612e-15 5.64314e-14 -6.73851e-15
0.455 0.259583 2.22681e-16 0.740417 1.13944e-15 5.67201e-14 -8.3361e-15
0.46 0.264005 2.39087e-16 0.735995 1.07001e-15 5.69443e-14 -9.86712e-15
0.465 0.268427 5.39324e-16 0.731573 1.02664e-15 5.70789e-14 -1.13928e-14
0.47 0.272849 8.02136e-16 0.727151 9.71307e-16 5.71504e-14 -1.29224e-14
0.475 0.27727 1.06269e-15 0.72273 9.13259e-16 5.71539e-14 -1.43957e-14
0.48 0.281689 1.01774e-15 0.718311 8.87899e-16 5.70711e-14 -1.58013e-14
0.485 0.286105 8.93623e-16 0.713895 8.5248e-16 5.69805e-14 -1.71885e-14
0.49 0.290516 1.03233e-15 0.709484 8.14526e-16 5.68474e-14 -1.85853e-14
0.495 0.294923 9.06261e-16 0.705077 7.65574e-16 5.66481e-14 -2.01119e-14
0.5 0.299324 1.09627e-15 0.700676 6.92845e-16 5.6406e-14 -2.17123e-14
0.505 0.303718 1.25374e-15 0.696282 6.1344e-16 5.61517e-14 -2.32447e-14
0.51 0.308105 1.40631e-15 0.691895 5.35221e-16 5.58939e-14 -2.47621e-14
0.515 0.312483 1.32073e-15 0.687517 4.35282e-16 5.55917e-14 -2.63128e-14
0.52 0.316852 1.74743e-15 0.683147 2.63612e-16 5.52361e-14 -2.78169e-14
0.525 0.321212 1.86725e-15 0.678788 8.63526e-17 5.48704e-14 -2.93294e-14
0.53 0.32556 1.91096e-15 0.67444 -1.07493e-16 5.44919e-14 -3.08006e-14
0.535 0.329896 2.18933e-15 0.670104 -3.31251e-16 5.40979e-14 -3.23075e-14
0.54 0.33422 2.28131e-15 0.66578 -5.55409e-16 5.37014e-14 -3.37774e-14
0.545 0.338531 2.3442e-15 0.661469 -8.01431e-16 5.33068e-14 -3.52174e-14
0.55 0.342828 2.19758e-15 0.657171 -1.06056e-15 5.28775e-14 -3.66059e-14
0.555 0.347111 2.89414e-15 0.652889 -1.34074e-15 5.24232e-14 -3.79746e-14
0.56 0.351378 2.91981e-15 0.648622 -1.63775e-15 5.19847e-14 -3.93419e-14
0.565 0.355629 3.25243e-15 0.644371 -1.92121e-15 5.1557e-14 -4.07508e-14
0.57 0.359863 3.68184e-15 0.640136 -2.23126e-15 5.11467e-14 -4.21147e-14
0.575 0.364081 4.01737e-15 0.635919 -2.54675e-15 5.07165e-14 -4.33572e-14
0.58 0.36828 4.09098e-15 0.63172 -2.89649e-15 5.02394e-14 -4.45319e-14
0.585 0.37246 4.43783e-15 0.62754 -3.25186e-15 4.96756e-14 -4.55864e-14
0.59 0.376621 4.77964e-15 0.623379 -3.6097e-15 4.91649e-14 -4.66864e-14
0.595 0.380763 4.96236e-15 0.619237 -3.96606e-15 4.87013e-14 -4.78184e-14
0.6 0.384884 5.25619e-15 0.615116 -4.313e-15 4.83067e-14 -4.89723e-14
0.605 0.388984 5.64431e-15 0.611016 -4.67276e-15 4.79346e-14 -5.00585e-14
0.61 0.393063 6.02978e-15 0.606937 -5.05623e-15 4.76028e-14 -5.1141e-14
0.615 0.397119 6.45034e-15 0.60288 -5.4441e-15 4.7283e-14 -5.22568e-14
0.62 0.401154 6.70961e-15 0.598846 -5.82329e-15 4.70056e-14 -5.33882e-14
0.625 0.405165 6.93171e-15 0.594835 -6.2248e-15 4.67625e-14 -5.46086e-14
0.63 0.409153 7.12092e-15 0.590847 -6.63702e-15 4.66102e-14 -5.58525e-14
0.635 0.413117 7.5111e-15 0.586883 -7.06888e-15 4.65144e-14 -5.71022e-14
0.64 0.417056 7.66937e-15 0.582943 -7.50323e-15 4.65195e-14 -5.8336e-14
0.645 0.420971 8.14333e-15 0.579028 -7.96044e-15 4.65563e-14 -5.95785e-14
0.65 0.424861 8.57272e-15 0.575139 -8.41959e-15 4.68013e-14 -6.08455e-14
0.655 0.428725 9.28299e-15 0.571274 -8.91793e-15 4.71815e-14 -6.21545e-14
0.66 0.432564 9.90918e-15 0.567436 -9.41949e-15 4.76139e-14 -6.34606e-14
0.665 0.436376 1.03998e-14 0.563624 -9.95363e-15 4.8136e-14 -6.48125e-14
0.67 0.440161 1.12525e-14 0.559838 -1.0452e-14 4.87708e-14 -6.6117e-14
0.675 0.44392 1.17616e-14 0.55608 -1.09564e-14 4.94901e-14 -6.74666e-14
0.68 0.447652 1.21397e-14 0.552348 -1.14614e-14 5.03908e-14 -6.87767e-14
0.685 0.451355 1.25404e-14 0.548644 -1.19683e-14 5.13952e-14 -7.00696e-14
0.69 0.455032 1.32627e-14 0.544968 -1.24882e-14 5.25503e-14 -7.14277e-14
0.695 0.45868 1.36417e-14 0.54132 -1.29586e-14 5.36864e-14 -7.28019e-14
0.7 0.4623 1.4187e-14 0.5377 -1.34867e-14 5.47817e-14 -7.41895e-14
0.705 0.465891 1.48632e-14 0.534109 -1.40244e-14 5.60021e-14 -7.55631e-14
0.71 0.469454 1.5715e-14 0.530546 -1.45468e-14 5.73565e-14 -7.69779e-14
0.715 0.472988 1.61354e-14 0.527012 -1.50932e-14 5.88765e-14 -7.83964e-14
0.72 0.476492 1.66854e-14 0.523508 -1.5658e-14 6.04229e-14 -7.99559e-14
0.725 0.479968 1.71508e-14 0.520032 -1.61798e-14 6.19958e-14 -8.15257e-14
0.73 0.483414 1.78022e-14 0.516586 -1.67131e-14 6.35907e-14 -8.31467e-14
0.735 0.48683 1.82777e-14 0.513169 -1.72444e-14 6.53935e-14 -8.48038e-14
0.74 0.490217 1.86971e-14 0.509783 -1.7826e-14 6.71845e-14 -8.64946e-14
0.745 0.493574 1.92809e-14 0.506426 -1.83926e-14 6.90891e-14 -8.824e-14
0.75 0.496902 1.98267e-14 0.503098 -1.89839e-14 7.1108e-14 -9.00111e-14
0.755 0.500199 2.03988e-14 0.499801 -1.95563e-14 7.33168e-14 -9.1787e-14
0.76 0.503466 2.09805e-14 0.496534 -2.01728e-14 7.56581e-14 -9.3616e-14
0.765 0.506703 2.16704e-14 0.493297 -2.07885e-14 7.82133e-14 -9.54949e-14
0.77 0.50991 2.2546e-14 0.49009 -2.14435e-14 8.0746e-14 -9.74395e-14
0.775 0.513087 2.31597e-14 0.486913 -2.21138e-14 8.35258e-14 -9.94822e-14
0.78 0.516234 2.37308e-14 0.483766 -2.27209e-14 8.66871e-14 -1.01538e-13
0.785 0.51935 2.41579e-14 0.48065 -2.3319e-14 9.01262e-14 -1.03737e-13
0.79 0.522437 2.49841e-14 0.477563 -2.39595e-14 9.37127e-14 -1.06009e-13
0.795 0.525493 2.5748e-14 0.474507 -2.45783e-14 9.72968e-14 -1.08423e-13
0.8 0.528519 2.63605e-14 0.471481 -2.51967e-14 1.01061e-13 -1.10964e-13
0.805 0.531515 2.68097e-14 0.468485 -2.58388e-14 1.04995e-13 -1.13559e-13
0.81 0.53448 2.74512e-14 0.465519 -2.64994e-14 1.09225e-13 -1.16221e-13
0.815 0.537416 2.79822e-14 0.462584 -2.71067e-14 1.13616e-13 -1.1901e-13
0.82 0.540322 2.87011e-14 0.459678 -2.77249e-14 1.1809e-13 -1.21875e-13
0.825 0.543198 2.9277e-14 0.456802 -2.83446e-14 1.22661e-13 -1.2481e-13
0.83 0.546045 2.98986e-14 0.453955 -2.89503e-14 1.27332e-13 -1.27824e-13
0.835 0.548861 3.05788e-14 0.451139 -2.95625e-14 1.32186e-13 -1.30891e-13
0.84 0.551648 3.12134e-14 0.448352 -3.0159e-14 1.37245e-13 -1.34003e-13
0.845 0.554406 3.17639e-14 0.445594 -3.07835e-14 1.42411e-13 -1.3719e-13
0.85 0.557134 3.23789e-14 0.442866 -3.14096e-14 1.47923e-13 -1.40459e-13
0.855 0.559834 3.30778e-14 0.440166 -3.20414e-14 1.53577e-13 -1.43837e-13
0.86 0.562504 3.38347e-14 0.437496 -3.26584e-14 1.59375e-13 -1.47268e-13
0.865 0.565145 3.43093e-14 0.434855 -3.33025e-14 1.65273e-13 -1.50662e-13
0.87 0.567758 3.4736e-14 0.432242 -3.39279e-14 1.71219e-13 -1.54111e-13
0.875 0.570342 3.54513e-14 0.429658 -3.45359e-14 1.77158e-13 -1.57598e-13
0.88 0.572898 3.61522e-14 0.427102 -3.51579e-14 1.8321e-13 -1.61131e-13
0.885 0.575425 3.65607e-14 0.424575 -3.57518e-14 1.89439e-13 -1.64661e-13
0.89 0.577925 3.71461e-14 0.422075 -3.63401e-14 1.95769e-13 -1.68105e-13
0.895 0.580397 3.76059e-14 0.419603 -3.69218e-14 2.02097e-13 -1.71621e-13
0.9 0.582841 3.81149e-14 0.417159 -3.7466e-14 2.08491e-13 -1.75244e-13
0.905 0.585258 3.87178e-14 0.414742 -3.80135e-14 2.15028e-13 -1.78842e-13
0.91 0.587648 3.90372e-14 0.412352 -3.85444e-14 2.21666e-13 -1.82453e-13
0.915 0.590011 3.95605e-14 0.409989 -3.9095e-14 2.2834e-13 -1.86092e-13
0.92 0.592348 4.01635e-14 0.407652 -3.9622e-14 2.35e-13 -1.89723e-13
0.925 0.594658 4.07138e-14 0.405342 -4.01357e-14 2.41622e-13 -1.93315e-13
0.93 0.596942 4.12647e-14 0.403058 -4.06746e-14 2.48339e-13 -1.97e-13
0.935 0.5992 4.16666e-14 0.4008 -4.12506e-14 2.55011e-13 -2.00705e-13
0.94 0.601432 4.23224e-14 0.398568 -4.18153e-14 2.61763e-13 -2.0439e-13
0.945 0.603639 4.29707e-14 0.396361 -4.23619e-14 2.68435e-13 -2.08059e-13
0.95 0.605821 4.34914e-14 0.394179 -4.29523e-14 2.7508e-13 -2.11702e-13
0.955 0.607977 4.3986e-14 0.392022 -4.35492e-14 2.8172e-13 -2.15327e-13
0.96 0.61011 4.47287e-14 0.38989 -4.41766e-14 2.88302e-13 -2.18874e-13
0.965 0.612218 4.53226e-14 0.387782 -4.47342e-14 2.94803e-13 -2.22354e-13
0.97 0.614302 4.5844e-14 0.385698 -4.52604e-14 3.0133e-13 -2.2577e-13
0.975 0.616362 4.65019e-14 0.383638 -4.57843e-14 3.07937e-13 -2.29162e-13
0.98 0.618399 4.70709e-14 0.381601 -4.63257e-14 3.14581e-13 -2.32466e-13
0.985 0.620413 4.7602e-14 0.379587 -4.69081e-14 3.213e-13 -2.35653e-13
0.99 0.622404 4.80985e-14 0.377596 -4.74909e-14 3.28014e-13 -2.38763e-13
0.995 0.624372 4.86937e-14 0.375628 -4.80639e-14 3.34672e-13 -2.41798e-13
1 0.626319 4.93732e-14 0.373681 -4.86244e-14 3.41325e-13 -2.44677e-13
1.005 0.628243 4.99945e-14 0.371757 -4.91532e-14 3.47929e-13 -2.47494e-13
1.01 0.630146 5.06417e-14 0.369854 -4.967e-14 3.54459e-13 -2.50236e-13
1.015 0.632027 5.10958e-14 0.367973 -5.01802e-14 3.60961e-13 -2.52974e-13
1.02 0.633887 5.15401e-14 0.366112 -5.06405e-14 3.67282e-13 -2.55638e-13
1.025 0.635727 5.19258e-14 0.364273 -5.11078e-14 3.7362e-13 -2.58306e-13
1.03 0.637547 5.23739e-14 0.362453 -5.15873e-14 3.79861e-13 -2.60956e-13
1.035 0.639346 5.28425e-14 0.360654 -5.20968e-14 3.86036e-13 -2.63587e-13
1.04 0.641126 5.35389e-14 0.358874 -5.26458e-14 3.92056e-13 -2.66153e-13
1.045 0.642886 5.426e-14 0.357114 -5.32061e-14 3.97946e-13 -2.68722e-13
1.05 0.644628 5.46766e-14 0.355372 -5.37677e-14 4.03743e-13 -2.71299e-13
1.055 0.64635 5.52328e-14 0.35365 -5.43288e-14 4.09489e-13 -2.7392e-13
1.06 0.648055 5.56187e-14 0.351945 -5.48711e-14 4.15038e-13 -2.7648e-13
1.065 0.649741 5.62336e-14 0.350259 -5.54131e-14 4.20431e-13 -2.78979e-13
1.07 0.651409 5.67648e-14 0.348591 -5.60135e-14 4.25688e-13 -2.81419e-13
1.075 0.653061 5.73491e-14 0.346939 -5.66007e-14 4.30749e-13 -2.83915e-13
1.08 0.654695 5.78927e-14 0.345305 -5.71848e-14 4.35655e-13 -2.8642e-13
1.085 0.656312 5.8448e-14 0.343688 -5.77674e-14 4.40413e-13 -2.88981e-13
1.09 0.657913 5.90541e-14 0.342087 -5.83547e-14 4.449e-13 -2.91619e-13
1.095 0.659498 5.96158e-14 0.340502 -5.8961e-14 4.49152e-13 -2.94256e-13
1.1 0.661067 6.00786e-14 0.338933 -5.95381e-14 4.53188e-13 -2.96926e-13
1.105 0.662621 6.06656e-14 0.337379 -6.01717e-14 4.56952e-13 -2.99687e-13
1.11 0.66416 6.13163e-14 0.33584 -6.08165e-14 4.60557e-13 -3.02517e-13
1.115 0.665683 6.20562e-14 0.334317 -6.14596e-14 4.63946e-13 -3.05383e-13
1.12 0.667193 6.27477e-14 0.332807 -6.21001e-14 4.67154e-13 -3.08272e-13
1.125 0.668688 6.33498e-14 0.331312 -6.27669e-14 4.70144e-13 -3.11134e-13
1.13 0.67017 6.3997e-14 0.32983 -6.34274e-14 4.72903e-13 -3.14045e-13
1.135 0.671638 6.46553e-14 0.328362 -6.40959e-14 4.75436e-13 -3.16912e-13
1.14 0.673094 6.50981e-14 0.326906 -6.47732e-14 4.77746e-13 -3.19778e-13
1.145 0.674536 6.59368e-14 0.325464 -6.5468e-14 4.79892e-13 -3.22706e-13
1.15 0.675966 6.66582e-14 0.324034 -6.61381e-14 4.819e-13 -3.25642e-13
1.155 0.677384 6.73749e-14 0.322616 -6.67898e-14 4.83741e-13 -3.28582e-13
1.16 0.67879 6.81117e-14 0.32121 -6.74507e-14 4.85313e-13 -3.31594e-13
1.165 0.680184 6.87863e-14 0.319816 -6.81223e-14 4.8663e-13 -3.34595e-13
1.17 0.681567 6.95245e-14 0.318433 -6.87903e-14 4.8781e-13 -3.37684e-13
1.175 0.68294 7.02236e-14 0.31706 -6.94525e-14 4.88643e-13 -3.40784e-13
1.18 0.684302 7.07485e-14 0.315698 -7.00714e-14 4.89172e-13 -3.43962e-13
1.185 0.685653 7.13545e-14 0.314347 -7.06617e-14 4.89411e-13 -3.47217e-13
1.19 0.686995 7.18795e-14 0.313005 -7.12033e-14 4.8941e-13 -3.50556e-13
1.195 0.688327 7.25015e-14 0.311673 -7.17372e-14 4.89152e-13 -3.53978e-13
1.2 0.689649 7.30155e-14 0.310351 -7.22334e-14 4.88567e-13 -3.57484e-13
1.205 0.690963 7.35334e-14 0.309037 -7.27154e-14 4.87732e-13 -3.61014e-13
1.21 0.692268 7.39221e-14 0.307732 -7.31795e-14 4.86713e-13 -3.64552e-13
1.215 0.693564 7.43264e-14 0.306436 -7.3628e-14 4.85521e-13 -3.68125e-13
1.22 0.694852 7.48298e-14 0.305148 -7.4062e-14 4.84195e-13 -3.71757e-13
1.225 0.696132 7.52722e-14 0.303868 -7.44788e-14 4.82725e-13 -3.75466e-13
1.23 0.697405 7.55371e-14 0.302595 -7.48844e-14 4.81072e-13 -3.79256e-13
1.235 0.69867 7.6012e-14 0.30133 -7.52611e-14 4.79268e-13 -3.83032e-13
1.24 0.699928 7.631e-14 0.300072 -7.56142e-14 4.77331e-13 -3.8683e-13
1.245 0.701179 7.66215e-14 0.298821 -7.59769e-14 4.75301e-13 -3.90647e-13
1.25 0.702424 7.69903e-14 0.297576 -7.63419e-14 4.73203e-13 -3.94522e-13
1.255 0.703663 7.73229e-14 0.296337 -7.67045e-14 4.7096e-13 -3.98407e-13
1.26 0.704895 7.7742e-14 0.295105 -7.70716e-14 4.68613e-13 -4.02371e-13
1.265 0.706122 7.8209e-14 0.293878 -7.74431e-14 4.66113e-13 -4.06346e-13
1.27 0.707343 7.85242e-14 0.292657 -7.77945e-14 4.63361e-13 -4.10259e-13
1.275 0.708559 7.87808e-14 0.291441 -7.8161e-14 4.60527e-13 -4.14146e-13
1.28 0.70977 7.91132e-14 0.29023 -7.85012e-14 4.57557e-13 -4.18023e-13
1.285 0.710976 7.95084e-14 0.289024 -7.8832e-14 4.54552e-13 -4.21916e-13
1.29 0.712178 7.97979e-14 0.287822 -7.91306e-14 4.51528e-13 -4.25778e-13
1.295 0.713375 8.00383e-14 0.286625 -7.94057e-14 4.48411e-13 -4.29681e-13
1.3 0.714568 8.02947e-14 0.285432 -7.96642e-14 4.45353e-13 -4.33562e-13
1.305 0.715758 8.05485e-14 0.284242 -7.99175e-14 4.42206e-13 -4.37454e-13
1.31 0.716943 8.07749e-14 0.283057 -8.01476e-14 4.38943e-13 -4.4133e-13
1.315 0.718126 8.09408e-14 0.281874 -8.03642e-14 4.35629e-13 -4.4518e-13
1.32 0.719305 8.11034e-14 0.280695 -8.05587e-14 4.32301e-13 -4.49028e-13
1.325 0.720481 8.12734e-14 0.27952 -8.07238e-14 4.28869e-13 -4.52742e-13
1.33 0.721654 8.12631e-14 0.278346 -8.08779e-14 4.25483e-13 -4.56445e-13
1.335 0.722824 8.14081e-14 0.277176 -8.10042e-14 4.22047e-13 -4.60111e-13
1.34 0.723992 8.16058e-14 0.276008 -8.10938e-14 4.18587e-13 -4.63732e-13
1.345 0.725158 8.16657e-14 0.274842 -8.11862e-14 4.15035e-13 -4.67338e-13
1.35 0.726321 8.17955e-14 0.273679 -8.12686e-14 4.11391e-13 -4.70967e-13
1.355 0.727483 8.17993e-14 0.272517 -8.13599e-14 4.07624e-13 -4.74515e-13
1.36 0.728643 8.18751e-14 0.271358 -8.14207e-14 4.03866e-13 -4.7797e-13
1.365 0.729801 8.19057e-14 0.270199 -8.14532e-14 3.99996e-13 -4.8131e-13
1.37 0.730957 8.19955e-14 0.269043 -8.14576e-14 3.96139e-13 -4.84536e-13
1.375 0.732113 8.20099e-14 0.267887 -8.14465e-14 3.92325e-13 -4.87686e-13
1.38 0.733267 8.19961e-14 0.266733 -8.14022e-14 3.88476e-13 -4.90753e-13
1.385 0.73442 8.19321e-14 0.26558 -8.13348e-14 3.84593e-13 -4.93743e-13
1.39 0.735573 8.18451e-14 0.264427 -8.12346e-14 3.80681e-13 -4.96661e-13
1.395 0.736724 8.16138e-14 0.263276 -8.11254e-14 3.76706e-13 -4.99487e-13
1.4 0.737875 8.14471e-14 0.262125 -8.09904e-14 3.72666e-13 -5.02246e-13
1.405 0.739025 8.11825e-14 0.260975 -8.08351e-14 3.68581e-13 -5.04991e-13
1.41 0.740175 8.1151e-14 0.259825 -8.06697e-14 3.64431e-13 -5.07677e-13
1.415 0.741325 8.09677e-14 0.258675 -8.04906e-14 3.60304e-13 -5.10305e-13
1.42 0.742474 8.07395e-14 0.257526 -8.02785e-14 3.56159e-13 -5.12835e-13
1.425 0.743624 8.05991e-14 0.256376 -8.00448e-14 3.52149e-13 -5.15283e-13
1.43 0.744773 8.04177e-14 0.255227 -7.97819e-14 3.48199e-13 -5.17643e-13
1.435 0.745922 8.0091e-14 0.254078 -7.94892e-14 3.44241e-13 -5.19959e-13
1.44 0.747072 7.98049e-14 0.252928 -7.9186e-14 3.40239e-13 -5.22211e-13
1.445 0.748222 7.95535e-14 0.251778 -7.88708e-14 3.36156e-13 -5.24396e-13
1.45 0.749372 7.91647e-14 0.250628 -7.85241e-14 3.32111e-13 -5.26507e-13
1.455 0.750522 7.8743e-14 0.249478 -7.81577e-14 3.2805e-13 -5.28632e-13
1.46 0.751673 7.83171e-14 0.248327 -7.7783e-14 3.23986e-13 -5.30729e-13
1.465 0.752824 7.78628e-14 0.247176 -7.73918e-14 3.1989e-13 -5.32833e-13
1.47 0.753976 7.7357e-14 0.246024 -7.69779e-14 3.1577e-13 -5.34962e-13
1.475 0.755128 7.68102e-14 0.244872 -7.65373e-14 3.11612e-13 -5.37162e-13
1.48 0.756281 7.63324e-14 0.243719 -7.60746e-14 3.07518e-13 -5.39307e-13
1.485 0.757435 7.58685e-14 0.242565 -7.56212e-14 3.03414e-13 -5.41446e-13
1.49 0.758589 7.53699e-14 0.241411 -7.51563e-14 2.9938e-13 -5.43566e-13
1.495 0.759744 7.49055e-14 0.240256 -7.46735e-14 2.95282e-13 -5.45656e-13
1.5 0.760899 7.43851e-14 0.239101 -7.41887e-14 2.91247e-13 -5.47766e-13
1.505 0.762056 7.3855e-14 0.237944 -7.37004e-14 2.87223e-13 -5.49824e-13
1.51 0.763213 7.32918e-14 0.236787 -7.31976e-14 2.8317e-13 -5.51855e-13
1.515 0.76437 7.2754e-14 0.23563 -7.26752e-14 2.79118e-13 -5.53928e-13
1.52 0.765529 7.21925e-14 0.234471 -7.2149e-14 2.7511e-13 -5.55971e-13
1.525 0.766688 7.15859e-14 0.233312 -7.16143e-14 2.71023e-13 -5.58067e-13
1.53 0.767848 7.1069e-14 0.232152 -7.1057e-14 2.66963e-13 -5.60123e-13
1.535 0.769009 7.04495e-14 0.230991 -7.04741e-14 2.62862e-13 -5.6223e-13
1.54 0.77017 6.97906e-14 0.22983 -6.98772e-14 2.58708e-13 -5.644e-13
1.545 0.771332 6.91979e-14 0.228668 -6.92649e-14 2.54577e-13 -5.66508e-13
1.55 0.772494 6.86522e-14 0.227506 -6.86282e-14 2.50461e-13 -5.68562e-13
1.555 0.773657 6.79511e-14 0.226343 -6.79901e-14 2.46183e-13 -5.70537e-13
1.56 0.774821 6.72952e-14 0.225179 -6.73551e-14 2.41957e-13 -5.72473e-13
1.565 0.775985 6.67316e-14 0.224015 -6.6739e-14 2.37746e-13 -5.74338e-13
1.57 0.77715 6.60636e-14 0.22285 -6.61083e-14 2.33545e-13 -5.76224e-13
1.575 0.778315 6.54211e-14 0.221685 -6.54818e-14 2.29322e-13 -5.78049e-13
1.58 0.779481 6.47832e-14 0.220519 -6.48646e-14 2.25012e-13 -5.79747e-13
1.585 0.780646 6.42498e-14 0.219354 -6.42504e-14 2.20772e-13 -5.813e-13
1.59 0.781812 6.35954e-14 0.218188 -6.36261e-14 2.16487e-13 -5.8278e-13
1.595 0.782979 6.29843e-14 0.217021 -6.29883e-14 2.12192e-13 -5.84203e-13
1.6 0.784145 6.22883e-14 0.215855 -6.23396e-14 2.07907e-13 -5.85551e-13
1.605 0.785311 6.16241e-14 0.214689 -6.16812e-14 2.03661e-13 -5.8678e-13
1.61 0.786478 6.09143e-14 0.213522 -6.10312e-14 1.99501e-13 -5.87957e-13
1.615 0.787644 6.0285e-14 0.212356 -6.03617e-14 1.95329e-13 -5.89054e-13
1.62 0.78881 5.95895e-14 0.21119 -5.96814e-14 1.91177e-13 -5.90123e-13
1.625 0.789976 5.89455e-14 0.210024 -5.89958e-14 1.86959e-13 -5.91183e-13
1.63 0.791142 5.82751e-14 0.208859 -5.83175e-14 1.82741e-13 -5.92167e-13
1.635 0.792307 5.76037e-14 0.207693 -5.76338e-14 1.78548e-13 -5.92986e-13
1.64 0.793471 5.6939e-14 0.206529 -5.69424e-14 1.74281e-13 -5.93717e-13
1.645 0.794635 5.61613e-14 0.205365 -5.62547e-14 1.69878e-13 -5.94446e-13
1.65 0.795798 5.54331e-14 0.204202 -5.55553e-14 1.65445e-13 -5.95138e-13
1.655 0.796961 5.48454e-14 0.203039 -5.4839e-14 1.61058e-13 -5.95665e-13
1.66 0.798122 5.41352e-14 0.201878 -5.41438e-14 1.5661e-13 -5.96197e-13
1.665 0.799283 5.3523e-14 0.200717 -5.34573e-14 1.5223e-13 -5.96701e-13
1.67 0.800442 5.29161e-14 0.199558 -5.27693e-14 1.47864e-13 -5.97154e-13
1.675 0.801601 5.22489e-14 0.198399 -5.20769e-14 1.43543e-13 -5.97624e-13
1.68 0.802758 5.1507e-14 0.197242 -5.1385e-14 1.39314e-13 -5.98025e-13
1.685 0.803913 5.08477e-14 0.196087 -5.06811e-14 1.35103e-13 -5.98375e-13
1.69 0.805067 5.00728e-14 0.194933 -4.99661e-14 1.30785e-13 -5.98719e-13
1.695 0.806219 4.93216e-14 0.193781 -4.92438e-14 1.26544e-13 -5.99049e-13
1.7 0.80737 4.84893e-14 0.19263 -4.8515e-14 1.22195e-13 -5.99392e-13
1.705 0.808519 4.7702e-14 0.191481 -4.77723e-14 1.17918e-13 -5.99743e-13
1.71 0.809665 4.68715e-14 0.190335 -4.70151e-14 1.13561e-13 -6.00012e-13
1.715 0.81081 4.61107e-14 0.18919 -4.62743e-14 1.0924e-13 -6.00305e-13
1.72 0.811952 4.52295e-14 0.188048 -4.55323e-14 1.04921e-13 -6.00642e-13
1.725 0.813092 4.44422e-14 0.186908 -4.47957e-14 1.00617e-13 -6.01047e-13
1.73 0.81423 4.37716e-14 0.18577 -4.40607e-14 9.63147e-14 -6.01487e-13
1.735 0.815365 4.2924e-14 0.184635 -4.33133e-14 9.2e-14 -6.01953e-13
1.74 0.816497 4.21776e-14 0.183503 -4.25641e-14 8.77333e-14 -6.0249e-13
1.745 0.817627 4.14554e-14 0.182373 -4.18394e-14 8.35333e-14 -6.0302e-13
1.75 0.818753 4.07748e-14 0.181247 -4.11035e-14 7.92851e-14 -6.03504e-13
1.755 0.819877 4.00431e-14 0.180123 -4.03675e-14 7.50203e-14 -6.04002e-13
1.76 0.820997 3.93236e-14 0.179003 -3.96222e-14 7.0729e-14 -6.04597e-13
1.765 0.822114 3.85702e-14 0.177886 -3.88849e-14 6.63567e-14 -6.05263e-13
1.77 0.823228 3.7742e-14 0.176772 -3.81458e-14 6.19098e-14 -6.06009e-13
1.775 0.824338 3.69462e-14 0.175662 -3.74159e-14 5.74648e-14 -6.06739e-13
1.78 0.825445 3.61991e-14 0.174555 -3.66885e-14 5.29763e-14 -6.07487e-13
1.785 0.826547 3.55166e-14 0.173453 -3.59649e-14 4.83908e-14 -6.08251e-13
1.79 0.827646 3.47455e-14 0.172354 -3.52115e-14 4.36866e-14 -6.08983e-13
1.795 0.828741 3.40273e-14 0.171259 -3.44218e-14 3.89245e-14 -6.09811e-13
1.8 0.829832 3.32349e-14 0.170168 -3.36297e-14 3.41679e-14 -6.10724e-13
1.805 0.830918 3.23851e-14 0.169082 -3.28517e-14 2.93625e-14 -6.1161e-13
1.81 0.832001 3.16751e-14 0.167999 -3.20948e-14 2.44695e-14 -6.125e-13
1.815 0.833078 3.08802e-14 0.166922 -3.13249e-14 1.95675e-14 -6.13383e-13
1.82 0.834152 3.00932e-14 0.165848 -3.05416e-14 1.46898e-14 -6.14239e-13
1.825 0.83522 2.93417e-14 0.16478 -2.97621e-14 9.8425e-15 -6.15084e-13
1.83 0.836284 2.85452e-14 0.163716 -2.89882e-14 4.92432e-15 -6.159e-13
1.835 0.837343 2.77566e-14 0.162657 -2.82278e-14 -9.91185e-17 -6.16786e-13
1.84 0.838397 2.70982e-14 0.161603 -2.74717e-14 -5.19133e-15 -6.17762e-13
1.845 0.839446 2.62471e-14 0.160554 -2.67238e-14 -1.0298e-14 -6.18726e-13
1.85 0.840489 2.54995e-14 0.159511 -2.59997e-14 -1.54257e-14 -6.19703e-13
1.855 0.841528 2.47768e-14 0.158473 -2.52815e-14 -2.05408e-14 -6.20653e-13
1.86 0.84256 2.41505e-14 0.15744 -2.45979e-14 -2.57562e-14 -6.21551e-13
1.865 0.843588 2.34013e-14 0.156412 -2.39228e-14 -3.10713e-14 -6.22575e-13
1.87 0.84461 2.28081e-14 0.15539 -2.32556e-14 -3.64699e-14 -6.2366e-13
1.875 0.845626 2.21175e-14 0.154374 -2.26117e-14 -4.18072e-14 -6.24744e-13
1.88 0.846636 2.15785e-14 0.153364 -2.19825e-14 -4.71574e-14 -6.25881e-13
1.885 0.847641 2.09352e-14 0.152359 -2.13681e-14 -5.25924e-14 -6.27085e-13
1.89 0.848639 2.0324e-14 0.151361 -2.07839e-14 -5.80897e-14 -6.2836e-13
1.895 0.849632 1.97829e-14 0.150368 -2.02311e-14 -6.36129e-14 -6.29663e-13
1.9 0.850618 1.92335e-14 0.149382 -1.96849e-14 -6.91493e-14 -6.30944e-13
1.905 0.851598 1.86615e-14 0.148402 -1.9142e-14 -7.47464e-14 -6.32279e-13
1.91 0.852572 1.8213e-14 0.147428 -1.86073e-14 -8.04604e-14 -6.33658e-13
1.915 0.85354 1.7705e-14 0.14646 -1.80814e-14 -8.6324e-14 -6.3514e-13
1.92 0.854501 1.71303e-14 0.145499 -1.75623e-14 -9.23973e-14 -6.36677e-13
1.925 0.855455 1.66798e-14 0.144545 -1.70633e-14 -9.85728e-14 -6.383e-13
1.93 0.856403 1.61795e-14 0.143597 -1.6563e-14 -1.04815e-13 -6.39988e-13
1.935 0.857345 1.56344e-14 0.142655 -1.60753e-14 -1.11268e-13 -6.41841e-13
1.94 0.858279 1.52372e-14 0.141721 -1.55996e-14 -1.17973e-13 -6.43823e-13
1.945 0.859207 1.48416e-14 0.140793 -1.51349e-14 -1.24732e-13 -6.45937e-13
1.95 0.860128 1.4411e-14 0.139872 -1.46952e-14 -1.31684e-13 -6.481e-13
1.955 0.861043 1.39381e-14 0.138957 -1.42737e-14 -1.38719e-13 -6.50402e-13
1.96 0.86195 1.35806e-14 0.13805 -1.38574e-14 -1.45766e-13 -6.52835e-13
1.965 0.86285 1.31517e-14 0.13715 -1.34686e-14 -1.52863e-13 -6.55389e-13
1.97 0.863743 1.28122e-14 0.136257 -1.30916e-14 -1.59984e-13 -6.58034e-13
1.975 0.864629 1.24573e-14 0.135371 -1.27248e-14 -1.6723e-13 -6.60819e-13
1.98 0.865508 1.21781e-14 0.134492 -1.23798e-14 -1.74556e-13 -6.63803e-13
1.985 0.86638 1.18497e-14 0.13362 -1.20545e-14 -1.81949e-13 -6.66812e-13
1.99 0.867245 1.16323e-14 0.132755 -1.17459e-14 -1.89323e-13 -6.6987e-13
1.995 0.868102 1.13117e-14 0.131898 -1.1444e-14 -1.96709e-13 -6.73081e-13
2 0.868952 1.10513e-14 0.131048 -1.11719e-14 -2.0414e-13 -6.76424e-13
2.005 0.869795 1.0825e-14 0.130206 -1.08935e-14 -2.11737e-13 -6.79997e-13
2.01 0.87063 1.06449e-14 0.12937 -1.06459e-14 -2.19331e-13 -6.8366e-13
2.015 0.871458 1.04287e-14 0.128542 -1.04172e-14 -2.2697e-13 -6.87469e-13
2.02 0.872278 1.0163e-14 0.127722 -1.02264e-14 -2.34681e-13 -6.91524e-13
2.025 0.873091 9.98399e-15 0.126909 -1.00513e-14 -2.42314e-13 -6.9577e-13
2.03 0.873897 9.8019e-15 0.126103 -9.89743e-15 -2.4997e-13 -7.00099e-13
2.035 0.874695 9.66935e-15 0.125305 -9.75377e-15 -2.57747e-13 -7.04563e-13
2.04 0.875486 9.55213e-15 0.124514 -9.62164e-15 -2.65414e-13 -7.0904e-13
2.045 0.876269 9.44217e-15 0.123731 -9.50768e-15 -2.73173e-13 -7.13635e-13
2.05 0.877045 9.33584e-15 0.122955 -9.40153e-15 -2.80976e-13 -7.18311e-13
2.055 0.877814 9.19211e-15 0.122186 -9.29441e-15 -2.88785e-13 -7.23079e-13
2.06 0.878574 9.18256e-15 0.121426 -9.21019e-15 -2.96499e-13 -7.27875e-13
2.065 0.879328 9.1525e-15 0.120672 -9.14197e-15 -3.04193e-13 -7.32796e-13
2.07 0.880074 9.07693e-15 0.119926 -9.08482e-15 -3.11906e-13 -7.37816e-13
2.075 0.880812 9.03162e-15 0.119188 -9.03173e-15 -3.19572e-13 -7.42978e-13
2.08 0.881543 9.01833e-15 0.118457 -8.99712e-15 -3.27163e-13 -7.482e-13
2.085 0.882266 8.98628e-15 0.117734 -8.97873e-15 -3.34853e-13 -7.53493e-13
2.09 0.882982 8.91032e-15 0.117018 -8.97175e-15 -3.42521e-13 -7.58922e-13
2.095 0.883691 8.93661e-15 0.116309 -8.97328e-15 -3.50162e-13 -7.64494e-13
2.1 0.884392 8.89803e-15 0.115608 -8.99404e-15 -3.57819e-13 -7.70161e-13
2.105 0.885085 8.95448e-15 0.114915 -9.04386e-15 -3.65405e-13 -7.75982e-13
2.11 0.885772 8.96734e-15 0.114228 -9.11613e-15 -3.72864e-13 -7.81758e-13
2.115 0.88645 9.07842e-15 0.11355 -9.20905e-15 -3.80261e-13 -7.87571e-13
2.12 0.887122 9.19177e-15 0.112878 -9.34785e-15 -3.87645e-13 -7.93522e-13
2.125 0.887786 9.44796e-15 0.112214 -9.52433e-15 -3.95026e-13 -7.99586e-13
2.13 0.888443 9.61253e-15 0.111557 -9.72279e-15 -4.02424e-13 -8.05807e-13
2.135 0.889093 9.83467e-15 0.110907 -9.95541e-15 -4.0965e-13 -8.12188e-13
2.14 0.889736 1.0143e-14 0.110265 -1.02271e-14 -4.16821e-13 -8.1871e-13
2.145 0.890371 1.04085e-14 0.109629 -1.05342e-14 -4.23899e-13 -8.25315e-13
2.15 0.890999 1.07307e-14 0.109001 -1.08714e-14 -4.30914e-13 -8.32e-13
2.155 0.89162 1.11869e-14 0.10838 -1.12351e-14 -4.37898e-13 -8.38872e-13
2.16 0.892234 1.15487e-14 0.107766 -1.16493e-14 -4.44877e-13 -8.45822e-13
2.165 0.892841 1.20131e-14 0.107159 -1.20926e-14 -4.51806e-13 -8.52721e-13
2.17 0.893441 1.24029e-14 0.106559 -1.25549e-14 -4.5869e-13 -8.59696e-13
2.175 0.894034 1.29122e-14 0.105966 -1.30389e-14 -4.65554e-13 -8.66849e-13
2.18 0.894621 1.34055e-14 0.105379 -1.35145e-14 -4.724e-13 -8.7416e-13
2.185 0.8952 1.38913e-14 0.1048 -1.40032e-14 -4.7925e-13 -8.8159e-13
2.19 0.895773 1.44752e-14 0.104227 -1.45064e-14 -4.86114e-13 -8.89103e-13
2.195 0.896339 1.50064e-14 0.103661 -1.50256e-14 -4.93016e-13 -8.96712e-13
2.2 0.896898 1.55409e-14 0.103102 -1.552e-14 -4.99892e-13 -9.0443e-13
2.205 0.897451 1.61134e-14 0.102549 -1.60019e-14 -5.06811e-13 -9.12247e-13
2.21 0.897997 1.66425e-14 0.102003 -1.65037e-14 -5.13723e-13 -9.20206e-13
2.215 0.898537 1.72564e-14 0.101463 -1.70192e-14 -5.20627e-13 -9.28258e-13
2.22 0.89907 1.78004e-14 0.10093 -1.75674e-14 -5.27563e-13 -9.36445e-13
2.225 0.899597 1.83579e-14 0.100403 -1.81382e-14 -5.34426e-13 -9.44817e-13
2.23 0.900118 1.89884e-14 0.0998819 -1.8728e-14 -5.41332e-13 -9.53284e-13
2.235 0.900633 1.96403e-14 0.0993673 -1.93544e-14 -5.48042e-13 -9.61895e-13
2.24 0.901141 2.03603e-14 0.0988589 -2.00401e-14 -5.54649e-13 -9.70738e-13
2.245 0.901643 2.11314e-14 0.0983566 -2.07584e-14 -5.61131e-13 -9.79859e-13
2.25 0.90214 2.1893e-14 0.0978602 -2.15002e-14 -5.67589e-13 -9.89202e-13
2.255 0.90263 2.27153e-14 0.0973698 -2.22897e-14 -5.74021e-13 -9.98822e-13
2.26 0.903115 2.34474e-14 0.0968853 -2.30721e-14 -5.80406e-13 -1.00871e-12
2.265 0.903594 2.41547e-14 0.0964065 -2.3821e-14 -5.86986e-13 -1.01863e-12
2.27 0.904067 2.4921e-14 0.0959334 -2.4543e-14 -5.93726e-13 -1.02859e-12
2.275 0.904534 2.5602e-14 0.0954659 -2.52793e-14 -6.00645e-13 -1.03857e-12
2.28 0.904996 2.62945e-14 0.0950039 -2.59974e-14 -6.07751e-13 -1.04859e-12
2.285 0.905453 2.70136e-14 0.0945475 -2.67248e-14 -6.15125e-13 -1.05862e-12
2.29 0.905904 2.76968e-14 0.0940964 -2.74561e-14 -6.22689e-13 -1.0687e-12
2.295 0.906349 2.84695e-14 0.0936506 -2.82016e-14 -6.30366e-13 -1.07862e-12
2.3 0.90679 2.92593e-14 0.09321 -2.8986e-14 -6.38238e-13 -1.08842e-12
2.305 0.907226 3.00869e-14 0.0927746 -2.98051e-14 -6.45915e-13 -1.09823e-12
2.31 0.907656 3.09301e-14 0.0923442 -3.06636e-14 -6.53331e-13 -1.10797e-12
2.315 0.908081 3.18222e-14 0.0919187 -3.15668e-14 -6.60444e-13 -1.11773e-12
2.32 0.908502 3.27736e-14 0.0914982 -3.25184e-14 -6.67362e-13 -1.12746e-12
2.325 0.908918 3.37863e-14 0.0910825 -3.35037e-14 -6.74128e-13 -1.13706e-12
2.33 0.909329 3.48415e-14 0.0906714 -3.45496e-14 -6.80739e-13 -1.14664e-12
2.335 0.909735 3.58945e-14 0.090265 -3.56367e-14 -6.87059e-13 -1.15618e-12
2.34 0.910137 3.70429e-14 0.0898631 -3.67588e-14 -6.93192e-13 -1.16565e-12
2.345 0.910534 3.82111e-14 0.0894657 -3.79328e-14 -6.99076e-13 -1.17508e-12
2.35 0.910927 3.94509e-14 0.0890726 -3.91477e-14 -7.04807e-13 -1.18441e-12
2.355 0.911316 4.07538e-14 0.0886838 -4.04147e-14 -7.10524e-13 -1.19341e-12
2.36 0.911701 4.20823e-14 0.0882991 -4.17255e-14 -7.16306e-13 -1.20204e-12
2.365 0.912082 4.34348e-14 0.0879186 -4.30872e-14 -7.21971e-13 -1.21015e-12
2.37 0.912458 4.48521e-14 0.087542 -4.45279e-14 -7.27555e-13 -1.21767e-12
2.375 0.912831 4.63379e-14 0.0871694 -4.60199e-14 -7.33057e-13 -1.22474e-12
2.38 0.9132 4.79105e-14 0.0868005 -4.75722e-14 -7.38605e-13 -1.23126e-12
2.385 0.913565 4.9513e-14 0.0864354 -4.91586e-14 -7.44184e-13 -1.23739e-12
2.39 0.913926 5.1191e-14 0.086074 -5.07957e-14 -7.49635e-13 -1.24307e-12
2.395 0.914284 5.28287e-14 0.085716 -5.24607e-14 -7.55121e-13 -1.24838e-12
2.4 0.914639 5.45131e-14 0.0853616 -5.4154e-14 -7.60598e-13 -1.2532e-12
2.405 0.91499 5.62725e-14 0.0850104 -5.59074e-14 -7.66312e-13 -1.25794e-12
2.41 0.915337 5.79909e-14 0.0846626 -5.76436e-14 -7.72173e-13 -1.26239e-12
2.415 0.915682 5.97683e-14 0.0843179 -5.94147e-14 -7.78148e-13 -1.26642e-12
2.42 0.916024 6.16138e-14 0.0839763 -6.1261e-14 -7.84339e-13 -1.27012e-12
2.425 0.916362 6.35408e-14 0.0836377 -6.31796e-14 -7.90497e-13 -1.27356e-12
2.43 0.916698 6.54334e-14 0.083302 -6.50849e-14 -7.96477e-13 -1.27662e-12
2.435 0.917031 6.73881e-14 0.0829691 -6.70366e-14 -8.02349e-13 -1.27939e-12
2.44 0.917361 6.94012e-14 0.0826389 -6.90487e-14 -8.0815e-13 -1.28177e-12
2.445 0.917689 7.1448e-14 0.0823114 -7.10863e-14 -8.13966e-13 -1.28381e-12
2.45 0.918014 7.3522e-14 0.0819863 -7.31548e-14 -8.19753e-13 -1.28561e-12
2.455 0.918336 7.55877e-14 0.0816637 -7.52442e-14 -8.25566e-13 -1.28714e-12
2.46 0.918657 7.76904e-14 0.0813435 -7.73454e-14 -8.31338e-13 -1.28839e-12
2.465 0.918975 7.98176e-14 0.0810255 -7.94638e-14 -8.36945e-13 -1.28928e-12
2.47 0.91929 8.19308e-14 0.0807098 -8.15844e-14 -8.42264e-13 -1.28971e-12
2.475 0.919604 8.40786e-14 0.0803961 -8.37316e-14 -8.47409e-13 -1.29001e-12
2.48 0.919916 8.62828e-14 0.0800844 -8.59287e-14 -8.52265e-13 -1.28993e-12
2.485 0.920225 8.84575e-14 0.0797746 -8.81008e-14 -8.56808e-13 -1.2895e-12
2.49 0.920533 9.07149e-14 0.0794666 -9.03468e-14 -8.61145e-13 -1.28871e-12
2.495 0.92084 9.30655e-14 0.0791604 -9.26928e-14 -8.65202e-13 -1.28762e-12
2.5 0.921144 9.54968e-14 0.0788558 -9.51247e-14 -8.69016e-13 -1.28612e-12
