0 0 0 1 0 0 0
0.01 1.24495e-08 -3.93034e-16 0.993745 -2.61617e-10 4.57097e-07 3.16073e-07
0.02 -4.16899e-15 -7.40425e-16 0.993349 -2.61512e-10 9.27681e-07 6.11343e-07
0.03 -2.26151e-15 -6.04086e-16 0.992639 -2.61325e-10 1.4108e-06 8.85237e-07
0.04 -8.90059e-16 -7.90402e-16 0.991613 -2.61055e-10 1.90527e-06 1.13709e-06
0.05 1.67058e-15 -7.73984e-16 0.990276 -2.60703e-10 2.40991e-06 1.36637e-06
0.06 4.7452e-15 -1.48256e-16 0.988627 -2.60269e-10 2.92354e-06 1.57259e-06
0.07 9.29257e-15 3.67502e-16 0.98667 -2.59754e-10 3.44494e-06 1.75535e-06
0.08 9.46317e-15 -6.33833e-17 0.984409 -2.59158e-10 3.97289e-06 1.91429e-06
0.09 9.30205e-15 1.76661e-16 0.981845 -2.58483e-10 4.50613e-06 2.04917e-06
0.1 9.50075e-15 2.5505e-16 0.978984 -2.5773e-10 5.04341e-06 2.15979e-06
0.11 7.49776e-15 -1.62522e-16 0.97583 -2.569e-10 5.58347e-06 2.24601e-06
0.12 1.39155e-14 1.84563e-15 0.972388 -2.55994e-10 6.12503e-06 2.30779e-06
0.13 1.02843e-14 -6.03498e-17 0.968662 -2.55013e-10 6.66685e-06 2.34515e-06
0.14 1.17071e-14 2.76799e-17 0.964659 -2.53959e-10 7.20765e-06 2.35819e-06
0.15 1.30858e-14 5.20637e-16 0.960384 -2.52834e-10 7.74621e-06 2.34706e-06
0.16 1.23877e-14 1.10517e-15 0.955845 -2.51639e-10 8.2813e-06 2.312e-06
0.17 1.20639e-14 5.8583e-17 0.951047 -2.50376e-10 8.81171e-06 2.2533e-06
0.18 1.78066e-14 2.52051e-15 0.945998 -2.49047e-10 9.33626e-06 2.17134e-06
0.19 2.17247e-14 3.85733e-15 0.940706 -2.47654e-10 9.8538e-06 2.06653e-06
0.2 2.40791e-14 4.5971e-15 0.935177 -2.46199e-10 1.03632e-05 1.93937e-06
0.21 3.29495e-14 6.75811e-15 0.929421 -2.44684e-10 1.08634e-05 1.79041e-06
0.22 3.18898e-14 6.50748e-15 0.923446 -2.4311e-10 1.13533e-05 1.62025e-06
0.23 2.57965e-14 4.74191e-15 0.917259 -2.41482e-10 1.1832e-05 1.42955e-06
0.24 2.51016e-14 5.04893e-15 0.910871 -2.398e-10 1.22985e-05 1.21903e-06
0.25 2.49624e-14 3.77895e-15 0.90429 -2.38068e-10 1.27518e-05 9.89427e-07
0.26 2.37259e-14 2.99009e-15 0.897525 -2.36287e-10 1.31911e-05 7.41553e-07
0.27 2.98747e-14 3.80469e-15 0.890585 -2.34461e-10 1.36156e-05 4.76244e-07
0.28 2.02274e-14 3.20025e-15 0.883481 -2.3259e-10 1.40246e-05 1.94376e-07
0.29 2.03376e-14 2.55628e-15 0.876222 -2.3068e-10 1.44173e-05 -1.03142e-07
0.3 1.31564e-14 9.677e-16 0.868818 -2.2873e-10 1.47931e-05 -4.15375e-07
0.31 4.31883e-15 -1.7556e-15 0.861278 -2.26746e-10 1.51515e-05 -7.41358e-07
0.32 6.18665e-15 -7.92236e-16 0.853613 -2.24728e-10 1.54918e-05 -1.08011e-06
0.33 6.46402e-15 3.5262e-16 0.845833 -2.2268e-10 1.58137e-05 -1.43062e-06
0.34 2.01394e-15 2.33851e-16 0.837948 -2.20604e-10 1.61167e-05 -1.79189e-06
0.35 1.98966e-15 1.29095e-15 0.829967 -2.18504e-10 1.64004e-05 -2.16289e-06
0.36 -2.08833e-15 -1.51865e-16 0.821902 -2.1638e-10 1.66647e-05 -2.54258e-06
0.37 -4.95391e-15 -5.9266e-16 0.813761 -2.14237e-10 1.69092e-05 -2.92993e-06
0.38 -4.92334e-15 5.14028e-16 0.805556 -2.12077e-10 1.71338e-05 -3.32391e-06
0.39 -1.3991e-15 4.02062e-18 0.797295 -2.09903e-10 1.73384e-05 -3.72349e-06
0.4 8.90079e-15 4.20893e-15 0.788989 -2.07716e-10 1.75228e-05 -4.12765e-06
0.41 5.81502e-15 1.83349e-15 0.780648 -2.0552e-10 1.76872e-05 -4.53538e-06
0.42 1.00341e-14 4.49903e-15 0.772281 -2.03318e-10 1.78316e-05 -4.94568e-06
0.43 2.75586e-15 2.76959e-15 0.763898 -2.01111e-10 1.7956e-05 -5.35757e-06
0.44 1.7612e-14 5.04978e-15 0.755508 -1.98902e-10 1.80606e-05 -5.77009e-06
0.45 1.95834e-14 7.0542e-15 0.74712 -1.96694e-10 1.81456e-05 -6.18231e-06
0.46 1.8271e-14 6.17024e-15 0.738744 -1.94489e-10 1.82112e-05 -6.5933e-06
0.47 2.30581e-14 7.34927e-15 0.730388 -1.9229e-10 1.82578e-05 -7.00218e-06
0.48 2.32614e-14 7.43119e-15 0.722062 -1.90098e-10 1.82856e-05 -7.40809e-06
0.49 2.51364e-14 8.41982e-15 0.713773 -1.87916e-10 1.8295e-05 -7.81019e-06
0.5 2.02182e-14 6.89143e-15 0.70553 -1.85746e-10 1.82864e-05 -8.20768e-06
0.51 2.67522e-14 8.75615e-15 0.69734 -1.8359e-10 1.82603e-05 -8.5998e-06
0.52 2.71754e-14 9.32645e-15 0.689213 -1.81451e-10 1.8217e-05 -8.9858e-06
0.53 2.64516e-14 8.8964e-15 0.681155 -1.79329e-10 1.81571e-05 -9.365e-06
0.54 3.22599e-14 1.15224e-14 0.673173 -1.77228e-10 1.80812e-05 -9.73673e-06
0.55 2.48391e-14 8.99477e-15 0.665275 -1.75149e-10 1.79897e-05 -1.01003e-05
0.56 2.78612e-14 1.14882e-14 0.657468 -1.73094e-10 1.78831e-05 -1.04553e-05
0.57 3.06239e-14 1.21886e-14 0.649758 -1.71064e-10 1.77622e-05 -1.08009e-05
0.58 2.74884e-14 1.24242e-14 0.642151 -1.69061e-10 1.76274e-05 -1.11369e-05
0.59 2.7071e-14 1.02596e-14 0.634653 -1.67088e-10 1.74794e-05 -1.14625e-05
0.6 2.50345e-14 1.10774e-14 0.627271 -1.65144e-10 1.73187e-05 -1.17775e-05
0.61 2.42739e-14 1.22302e-14 0.620008 -1.63232e-10 1.71461e-05 -1.20813e-05
0.62 2.75856e-14 1.01691e-14 0.612872 -1.61353e-10 1.69622e-05 -1.23737e-05
0.63 1.94843e-14 7.85717e-15 0.605865 -1.59509e-10 1.67675e-05 -1.26542e-05
0.64 1.83148e-14 7.48058e-15 0.598994 -1.577e-10 1.65628e-05 -1.29226e-05
0.65 1.20038e-14 6.56031e-15 0.592262 -1.55928e-10 1.63486e-05 -1.31786e-05
0.66 1.05124e-14 5.83792e-15 0.585673 -1.54193e-10 1.61257e-05 -1.3422e-05
0.67 1.43182e-14 5.29343e-15 0.579231 -1.52497e-10 1.58946e-05 -1.36525e-05
0.68 1.33201e-14 4.80522e-15 0.572939 -1.50841e-10 2.66662e-05 -5.92543e-06
0.69 1.47404e-10 6.16549e-11 0.566765 1.31681e-05 2.63818e-05 -3.94547e-06
0.7 2.97989e-10 1.28254e-10 0.56063 2.51705e-05 2.59595e-05 -2.32342e-06
0.71 4.16164e-10 1.80833e-10 0.55454 3.67047e-05 2.5636e-05 -9.87372e-07
0.72 4.85479e-10 2.16252e-10 0.5485 4.77669e-05 2.54376e-05 5.60199e-08
0.73 3.41481e-10 2.34119e-10 0.542513 5.83513e-05 2.53672e-05 7.92823e-07
0.74 -3.65367e-09 2.46798e-10 0.536583 6.84533e-05 2.54216e-05 1.2081e-06
0.75 -1.16776e-07 6.38864e-10 0.530714 7.80697e-05 2.55945e-05 1.28714e-06
0.76 -4.27479e-06 1.64066e-08 0.52491 8.71986e-05 2.58768e-05 1.01598e-06
0.77 -0.000151128 5.95034e-07 0.519172 9.58386e-05 2.62023e-05 3.96897e-07
0.78 4.07329e-05 4.05548e-06 0.513496 0.000103986 2.48185e-05 3.60301e-08
0.79 0.00533996 -1.41543e-06 0.507874 0.000111633 2.02487e-05 -5.50404e-09
0.8 0.0109051 -8.7633e-06 0.502321 0.00011879 1.28861e-05 9.76271e-08
0.81 0.0163838 -1.56097e-05 0.496849 0.000125465 3.08067e-06 3.37909e-07
0.82 0.0217861 -2.19953e-05 0.491461 0.00013167 -9.10184e-06 6.78425e-07
0.83 0.0270972 -2.82155e-05 0.486164 0.000137692 -2.31739e-05 1.32826e-06
0.84 0.0323166 -3.42125e-05 0.480958 0.00014347 -3.89223e-05 2.37736e-06
0.85 0.0374434 -3.99434e-05 0.475846 0.000148959 -5.61287e-05 3.91952e-06
0.86 0.0424767 -4.53768e-05 0.470828 0.000154126 -7.4572e-05 6.04837e-06
0.87 0.0474158 -5.04906e-05 0.465905 0.000158947 -9.40306e-05 8.85517e-06
0.88 0.05226 -5.52701e-05 0.461077 0.000163403 -0.000114283 1.24276e-05
0.89 0.0570087 -5.97066e-05 0.456346 0.000167485 -0.000135108 1.6849e-05
0.9 0.0616614 -6.3796e-05 0.451712 0.000171186 -0.000156287 2.21977e-05
0.91 0.0662179 -6.75381e-05 0.447175 0.000174503 -0.0001776 2.85469e-05
0.92 0.070678 -7.09357e-05 0.442735 0.000177437 -0.000198834 3.59644e-05
0.93 0.0750417 -7.3993e-05 0.438392 0.000179987 -0.000219775 4.4512e-05
0.94 0.0793092 -7.67157e-05 0.434145 0.000182158 -0.000240213 5.42459e-05
0.95 0.0834807 -7.91094e-05 0.429996 0.000183952 -0.000259946 6.52164e-05
0.96 0.0875568 -8.11792e-05 0.425942 0.000185371 -0.000278771 7.74677e-05
0.97 0.091538 -8.29283e-05 0.421983 0.000186414 -0.000296496 9.10379e-05
0.98 0.0954254 -8.46413e-05 0.418118 0.000187357 -0.000312929 0.00010596
0.99 0.09922 -8.63836e-05 0.414347 0.000188261 -0.000327889 0.000122255
1 0.102923 -8.82164e-05 0.410667 0.000189184 -0.000341205 0.000139941
1.01 0.106535 -9.01945e-05 0.407079 0.000190177 -0.000352712 0.000159029
1.02 0.110057 -9.2364e-05 0.403579 0.000191284 -0.000362256 0.000179522
1.03 0.113492 -9.47602e-05 0.400168 0.000192536 -0.000369692 0.000201419
1.04 0.116841 -9.74044e-05 0.396842 0.000193953 -0.000374883 0.00022471
1.05 0.120106 -0.000100302 0.393601 0.000195538 -0.000377706 0.000249381
1.06 0.123288 -0.000103438 0.390441 0.000197275 -0.000378048 0.000275409
1.07 0.12639 -0.000106778 0.387362 0.000199127 -0.000375809 0.000302765
1.08 0.129414 -0.00011026 0.38436 0.000201033 -0.0003709 0.000331411
1.09 0.132363 -0.000113797 0.381434 0.000202907 -0.000363246 0.000361302
1.1 0.135238 -0.000117273 0.378581 0.000204632 -0.000352785 0.000392385
1.11 0.138043 -0.00012054 0.375797 0.000206065 -0.000339468 0.0004246
1.12 0.140781 -0.000123419 0.373081 0.000207028 -0.000323262 0.000457876
1.13 0.143453 -0.0001257 0.370429 0.000207316 -0.000304145 0.000492136
1.14 0.146064 -0.000127141 0.367838 0.000206691 -0.00028211 0.000527292
1.15 0.148616 -0.000127468 0.365306 0.000204885 -0.000257165 0.000563249
1.16 0.151113 -0.000126382 0.362829 0.000201605 -0.00022933 0.000599904
1.17 0.153557 -0.000123556 0.360403 0.000196532 -0.000198638 0.000637146
1.18 0.155952 -0.000118644 0.358026 0.000189326 -0.000165138 0.000674855
1.19 0.158301 -0.000111281 0.355695 0.000179632 -0.000128888 0.000712908
1.2 0.160608 -0.000101092 0.353405 0.000167082 -8.99608e-05 0.000751172
1.21 0.162877 -8.76945e-05 0.351153 0.000151302 -4.84388e-05 0.000789513
1.22 0.165109 -7.07055e-05 0.348937 0.00013192 -4.41655e-06 0.000827791
1.23 0.167309 -4.9747e-05 0.346753 0.000108565 4.20014e-05 0.000865865
1.24 0.16948 -2.44514e-05 0.344596 8.08799e-05 9.07008e-05 0.000903591
1.25 0.171626 5.53292e-06 0.342465 4.85204e-05 0.000141558 0.000940826
1.26 0.173749 4.0537e-05 0.340356 1.11644e-05 0.000194443 0.00097743
1.27 0.175851 8.11539e-05 0.338266 -3.14863e-05 0.000249249 0.00101328
1.28 0.177913 0.000130223 0.336214 -8.23666e-05 0.000307291 0.00104666
1.29 0.179934 0.000188033 0.334202 -0.000141768 0.000368365 0.00107767
1.3 0.181914 0.000254843 0.33223 -0.000209956 0.000432223 0.00110639
1.31 0.183854 0.000330848 0.330296 -0.000287132 0.00049857 0.00113297
1.32 0.185757 0.000416143 0.328398 -0.000373399 0.000567067 0.00115752
1.33 0.187627 0.000510699 0.326532 -0.00046874 0.000637337 0.00118017
1.34 0.189471 0.000614355 0.324691 -0.000573006 0.000708973 0.00120105
1.35 0.191294 0.000726819 0.322869 -0.000685918 0.000781555 0.00122028
1.36 0.193105 0.000847687 0.32106 -0.000807085 0.000854658 0.00123796
1.37 0.194259 0.00100089 0.319895 -0.000959871 0.000947122 0.00123959
1.38 0.195502 0.00115603 0.318642 -0.00111457 0.00103678 0.00124121
1.39 0.196836 0.00131332 0.317299 -0.0012714 0.00112342 0.00124287
1.4 0.19826 0.00147283 0.315866 -0.00143042 0.00120687 0.00124458
1.41 0.199776 0.00163452 0.314341 -0.00159159 0.00128698 0.00124636
1.42 0.201383 0.00179826 0.312726 -0.0017548 0.00136365 0.0012482
1.43 0.20308 0.00196387 0.311022 -0.00191985 0.00143678 0.00125009
1.44 0.204866 0.00213113 0.309229 -0.00208653 0.0015063 0.00125203
1.45 0.206738 0.00229978 0.307349 -0.00225458 0.00157216 0.00125399
1.46 0.208696 0.00246953 0.305385 -0.00242372 0.00163432 0.00125596
1.47 0.210737 0.00264009 0.303339 -0.00259365 0.00169274 0.00125793
1.48 0.212859 0.00281116 0.301213 -0.00276407 0.00174742 0.00125988
1.49 0.215058 0.0029824 0.299009 -0.00293467 0.00179835 0.00126179
1.5 0.217333 0.00315352 0.296731 -0.00310513 0.00184553 0.00126366
1.51 0.219679 0.00332419 0.294381 -0.00327513 0.00188897 0.00126546
1.52 0.222095 0.00349409 0.291963 -0.00344437 0.00192871 0.0012672
1.53 0.224576 0.0036629 0.28948 -0.00361251 0.00196475 0.00126886
1.54 0.227119 0.00383032 0.286936 -0.00377926 0.00199716 0.00127042
1.55 0.22972 0.00399604 0.284333 -0.00394431 0.00202595 0.0012719
1.56 0.232377 0.00415976 0.281676 -0.00410735 0.0020512 0.00127327
1.57 0.235084 0.00432118 0.278969 -0.0042681 0.00207295 0.00127454
1.58 0.237839 0.00448001 0.276215 -0.00442627 0.00209126 0.00127571
1.59 0.240638 0.00463598 0.273418 -0.00458159 0.00210622 0.00127677
1.6 0.243476 0.00478883 0.270582 -0.00473378 0.00211788 0.00127773
1.61 0.246349 0.00493829 0.267711 -0.0048826 0.00212634 0.00127859
1.62 0.249254 0.00508413 0.264809 -0.0050278 0.00213168 0.00127935
1.63 0.252186 0.00522611 0.26188 -0.00516915 0.00213398 0.00128003
1.64 0.255142 0.00536402 0.258929 -0.00530643 0.00213336 0.00128063
1.65 0.258117 0.00549765 0.255958 -0.00543945 0.00212989 0.00128116
1.66 0.261107 0.00562681 0.252973 -0.00556802 0.0021237 0.00128165
1.67 0.264108 0.00575134 0.249977 -0.00569197 0.00211488 0.00128209
1.68 0.267116 0.00587109 0.246975 -0.00581113 0.00210355 0.00128251
1.69 0.270128 0.0059859 0.24397 -0.00592538 0.00208981 0.00128293
1.7 0.273139 0.00609565 0.240966 -0.00603459 0.00207378 0.00128336
1.71 0.276145 0.00620025 0.237968 -0.00613865 0.00205558 0.00128383
1.72 0.279142 0.00629959 0.234978 -0.00623747 0.00203531 0.00128436
1.73 0.282127 0.00639361 0.232001 -0.00633097 0.0020131 0.00128498
1.74 0.285097 0.00648223 0.22904 -0.00641909 0.00198906 0.0012857
1.75 0.288047 0.00656541 0.226099 -0.0065018 0.0019633 0.00128656
1.76 0.290974 0.00664312 0.223181 -0.00657904 0.00193593 0.00128757
1.77 0.293875 0.00671533 0.22029 -0.0066508 0.00190707 0.00128876
1.78 0.296746 0.00678204 0.217429 -0.00671707 0.00187683 0.00129015
1.79 0.299584 0.00684325 0.214602 -0.00677785 0.0018453 0.00129178
1.8 0.302387 0.00689895 0.21181 -0.00683315 0.00181259 0.00129365
1.81 0.30515 0.00694917 0.209058 -0.00688298 0.00177879 0.00129579
1.82 0.307872 0.00699392 0.206347 -0.00692736 0.00174398 0.00129821
1.83 0.310549 0.00703324 0.203682 -0.00696632 0.00170826 0.00130094
1.84 0.313179 0.00706713 0.201064 -0.00699987 0.0016717 0.00130398
1.85 0.315759 0.00709564 0.198497 -0.00702806 0.00163435 0.00130733
1.86 0.318286 0.0071188 0.195982 -0.00705091 0.00159628 0.00131102
1.87 0.32115 0.00713949 0.193132 -0.00707132 0.00155617 0.00130404
1.88 0.323948 0.00715559 0.190347 -0.00708715 0.0015159 0.00129826
1.89 0.326681 0.00716722 0.187628 -0.00709853 0.00147551 0.00129369
1.9 0.329345 0.00717449 0.184977 -0.00710556 0.00143508 0.00129033
1.91 0.331941 0.00717752 0.182394 -0.00710839 0.00139468 0.00128817
1.92 0.334468 0.00717645 0.179881 -0.00710712 0.00135436 0.00128721
1.93 0.336923 0.00717139 0.177438 -0.00710189 0.00131419 0.00128744
1.94 0.339308 0.00716247 0.175066 -0.00709281 0.00127422 0.00128885
1.95 0.341621 0.00714983 0.172766 -0.00708003 0.00123452 0.00129143
1.96 0.343862 0.00713359 0.170538 -0.00706367 0.00119515 0.00129516
1.97 0.34603 0.00711389 0.168381 -0.00704386 0.00115615 0.00130003
1.98 0.348125 0.00709085 0.166298 -0.00702074 0.00111759 0.00130602
1.99 0.350148 0.00706461 0.164287 -0.00699442 0.00107952 0.00131312
2 0.352097 0.00703529 0.162349 -0.00696505 0.001042 0.0013213
2.01 0.353972 0.00700303 0.160485 -0.00693276 0.00100506 0.00133054
2.02 0.355772 0.00696795 0.158695 -0.00689765 0.000968766 0.00134083
2.03 0.357497 0.00693017 0.15698 -0.00685986 0.000933164 0.00135216
2.04 0.359143 0.00688979 0.155344 -0.00681949 0.000898304 0.00136454
2.05 0.360705 0.00684689 0.153791 -0.00677661 0.000864239 0.00137799
2.06 0.362171 0.00680149 0.152334 -0.00673125 0.000831034 0.00139263
2.07 0.363512 0.00675346 0.151001 -0.00668327 0.000798772 0.00140875
2.08 0.364525 0.00669508 0.149994 -0.00662502 0.000763653 0.0014298
2.09 0.365491 0.00663565 0.149034 -0.00656573 0.000729913 0.00145135
2.1 0.366408 0.00657532 0.148123 -0.00650554 0.000697601 0.00147341
2.11 0.367266 0.00651426 0.14727 -0.00644462 0.000666878 0.00149602
2.12 0.367934 0.00645317 0.146606 -0.00638369 0.00063943 0.0015204
2.13 0.367931 0.00639522 0.146609 -0.00632588 0.000621294 0.00155198
2.14 0.367981 0.00633734 0.146559 -0.00626813 0.000604239 0.0015828
2.15 0.368083 0.00627951 0.146457 -0.00621044 0.000588215 0.00161285
2.16 0.368235 0.00622173 0.146305 -0.0061528 0.000573171 0.00164214
2.17 0.368437 0.00616402 0.146104 -0.0060952 0.00055906 0.00167065
2.18 0.368686 0.00610635 0.145855 -0.00603766 0.000545835 0.0016984
2.19 0.368982 0.00604874 0.145559 -0.00598017 0.000533449 0.00172537
2.2 0.369322 0.00599118 0.145219 -0.00592273 0.000521861 0.00175158
2.21 0.369707 0.00593367 0.144835 -0.00586533 0.000511027 0.00177703
2.22 0.370134 0.00587621 0.144408 -0.00580798 0.000500908 0.00180172
2.23 0.370602 0.00581881 0.143941 -0.00575069 0.000491464 0.00182565
2.24 0.37111 0.00576146 0.143433 -0.00569344 0.000482659 0.00184884
2.25 0.371657 0.00570417 0.142887 -0.00563625 0.000474457 0.00187129
2.26 0.372241 0.00564694 0.142304 -0.00557911 0.000466823 0.00189301
2.27 0.372861 0.00558977 0.141684 -0.00552203 0.000459725 0.001914
2.28 0.373516 0.00553267 0.14103 -0.00546501 0.000453132 0.00193428
2.29 0.374204 0.00547564 0.140342 -0.00540806 0.000447014 0.00195386
2.3 0.374925 0.00541867 0.139622 -0.00535118 0.000441341 0.00197274
2.31 0.375677 0.00536179 0.138871 -0.00529437 0.000436086 0.00199093
2.32 0.376459 0.00530498 0.138089 -0.00523763 0.000431225 0.00200845
2.33 0.37727 0.00524827 0.137279 -0.00518098 0.00042673 0.00202531
2.34 0.378109 0.00519164 0.136441 -0.00512442 0.00042258 0.00204151
2.35 0.378975 0.00513511 0.135576 -0.00506795 0.000418751 0.00205708
2.36 0.379866 0.00507868 0.134685 -0.00501157 0.000415221 0.00207201
2.37 0.380782 0.00502236 0.13377 -0.0049553 0.00041197 0.00208633
2.38 0.381721 0.00496615 0.132832 -0.00489914 0.000408979 0.00210003
2.39 0.382683 0.00491006 0.13187 -0.00484309 0.000406229 0.00211314
2.4 0.383666 0.0048541 0.130888 -0.00478717 0.000403703 0.00212567
2.41 0.38467 0.00479827 0.129884 -0.00473138 0.000401383 0.00213762
2.42 0.385693 0.00474258 0.128862 -0.00467572 0.000399253 0.00214902
2.43 0.386735 0.00468704 0.12782 -0.00462021 0.000397299 0.00215986
2.44 0.387795 0.00463165 0.126761 -0.00456484 0.000395505 0.00217017
2.45 0.388871 0.00457643 0.125684 -0.00450963 0.00039386 0.00217995
2.46 0.389964 0.00452137 0.124592 -0.00445459 0.000392348 0.00218921
2.47 0.391071 0.00446648 0.123485 -0.00439971 0.000390958 0.00219797
2.48 0.392193 0.00441178 0.122363 -0.00434502 0.000389679 0.00220624
2.49 0.393328 0.00435727 0.121228 -0.00429051 0.0003885 0.00221402
2.5 0.394476 0.00430295 0.12008 -0.00423619 0.000387409 0.00222134
