0 0 0 1 0 0 0
0.01 0.000157577 -2.41153e-17 0.999794 -2.56577e-16 -3.03144e-15 2.28356e-15
0.02 0.00063008 -4.44769e-16 0.999317 3.87066e-16 -5.8863e-15 4.30198e-15
0.03 0.00141692 -3.70937e-16 0.998524 3.70302e-16 -8.72377e-15 6.30211e-15
0.04 0.00251756 -4.22608e-16 0.997413 3.68762e-16 -1.15433e-14 8.40672e-15
0.05 0.00393129 -5.91134e-16 0.995988 3.69858e-16 -1.43146e-14 1.06459e-14
0.06 0.00565648 -6.58022e-16 0.994249 3.64656e-16 -1.70607e-14 1.26503e-14
0.07 0.00769142 -8.22612e-16 0.992198 3.80089e-16 -1.97666e-14 1.47567e-14
0.08 0.0100344 -6.22218e-16 0.989838 3.6882e-16 -2.24421e-14 1.6782e-14
0.09 0.0126827 -6.50426e-16 0.987172 3.71456e-16 -2.50826e-14 1.87442e-14
0.1 0.0156335 -9.03751e-16 0.984202 3.7964e-16 -2.76859e-14 2.08439e-14
0.11 0.0188837 -1.02891e-15 0.980933 3.97652e-16 -3.0246e-14 2.29696e-14
0.12 0.0224297 -1.01287e-15 0.977367 4.18266e-16 -3.27548e-14 2.5117e-14
0.13 0.0262678 -1.0629e-15 0.973509 4.50059e-16 -3.52048e-14 2.72214e-14
0.14 0.0303937 -8.24199e-16 0.969364 4.87329e-16 -3.75809e-14 2.91122e-14
0.15 0.0348031 -7.58908e-16 0.964936 5.11664e-16 -3.98772e-14 3.12052e-14
0.16 0.0394911 -8.15712e-16 0.960229 5.69198e-16 -4.21315e-14 3.3407e-14
0.17 0.0444527 -6.302e-16 0.955251 6.11771e-16 -4.42982e-14 3.56265e-14
0.18 0.0496823 -7.31752e-16 0.950005 6.78751e-16 -4.64039e-14 3.80285e-14
0.19 0.0551744 -9.08048e-16 0.944498 7.45174e-16 -4.84609e-14 4.0503e-14
0.2 0.0609229 -1.09885e-15 0.938737 8.66033e-16 -5.04686e-14 4.30121e-14
0.21 0.0669215 -1.20465e-15 0.932727 9.22175e-16 -5.24219e-14 4.55074e-14
0.22 0.0731638 -1.43809e-15 0.926475 9.74335e-16 -5.43367e-14 4.81085e-14
0.23 0.0796428 -1.36218e-15 0.919989 9.92076e-16 -5.61952e-14 5.0689e-14
0.24 0.0863517 -1.51995e-15 0.913274 9.93712e-16 -5.79997e-14 5.34311e-14
0.25 0.0932832 -1.28433e-15 0.90634 8.86019e-16 -5.97477e-14 5.6183e-14
0.26 0.10043 -1.21437e-15 0.899193 7.90406e-16 -6.1455e-14 5.89428e-14
0.27 0.107784 -1.12511e-15 0.89184 6.65103e-16 -6.31038e-14 6.16869e-14
0.28 0.115338 -1.18433e-15 0.884291 5.38109e-16 -6.46952e-14 6.44211e-14
0.29 0.123072 -1.27471e-15 0.876553 4.01821e-16 -6.62285e-14 6.71297e-14
0.3 0.130988 -1.27754e-15 0.868634 2.42805e-16 -6.77154e-14 6.97906e-14
0.31 0.139078 -9.42936e-16 0.860543 1.14519e-16 -6.91391e-14 7.24946e-14
0.32 0.147324 -5.24521e-16 0.852288 -6.9476e-17 -7.05146e-14 7.52083e-14
0.33 0.155725 -1.08012e-16 0.843878 -2.64027e-16 -7.18301e-14 7.78976e-14
0.34 0.164274 1.20039e-17 0.835322 -4.55237e-16 -7.30967e-14 8.05543e-14
0.35 0.172963 3.40396e-16 0.826628 -7.48587e-16 -7.43149e-14 8.32332e-14
0.36 0.181771 8.03128e-16 0.817806 -1.12117e-15 -7.54795e-14 8.58556e-14
0.37 0.1907 1.12782e-15 0.808865 -1.32803e-15 -7.65946e-14 8.84928e-14
0.38 0.199741 1.43488e-15 0.799813 -1.54854e-15 -7.76661e-14 9.11063e-14
0.39 0.208883 1.76776e-15 0.79066 -1.77309e-15 -7.8691e-14 9.36876e-14
0.4 0.218119 1.91309e-15 0.781415 -1.96921e-15 -7.96755e-14 9.61663e-14
0.41 0.227431 2.29664e-15 0.772087 -2.21316e-15 -8.06168e-14 9.8623e-14
0.42 0.236818 2.63367e-15 0.762685 -2.44642e-15 -8.15048e-14 1.00963e-13
0.43 0.24627 2.81885e-15 0.753219 -2.61229e-15 -8.2345e-14 1.03242e-13
0.44 0.255779 2.66773e-15 0.743696 -2.53046e-15 -8.31506e-14 1.05426e-13
0.45 0.265335 2.64823e-15 0.734128 -2.34578e-15 -8.39097e-14 1.07624e-13
0.46 0.274929 2.50563e-15 0.724522 -2.09304e-15 -8.46296e-14 1.09761e-13
0.47 0.284552 2.25461e-15 0.714887 -1.85215e-15 -8.53149e-14 1.11803e-13
0.48 0.294191 1.64437e-15 0.705233 -1.59547e-15 -8.59616e-14 1.13784e-13
0.49 0.303842 1.22074e-15 0.695568 -1.22017e-15 -8.65816e-14 1.15639e-13
0.5 0.313496 8.8928e-16 0.6859 -9.05763e-16 -8.71657e-14 1.17396e-13
0.51 0.323144 7.96979e-16 0.676239 -5.36982e-16 -8.77154e-14 1.19085e-13
0.52 0.332778 6.12404e-16 0.666592 -1.67141e-16 -8.82279e-14 1.20703e-13
0.53 0.34239 2.59567e-16 0.656968 1.88734e-16 -8.87036e-14 1.22211e-13
0.54 0.351971 -7.51482e-17 0.647375 6.47285e-16 -8.91458e-14 1.23613e-13
0.55 0.361514 -5.1995e-16 0.637821 1.21898e-15 -8.95529e-14 1.25007e-13
0.56 0.371012 -1.30468e-15 0.628314 2.08979e-15 -8.9927e-14 1.26364e-13
0.57 0.380455 -2.50111e-15 0.618861 3.14792e-15 -9.0263e-14 1.27698e-13
0.58 0.389838 -3.53103e-15 0.609469 4.3232e-15 -9.05672e-14 1.29021e-13
0.59 0.399153 -4.69835e-15 0.600146 5.36973e-15 -9.0842e-14 1.30303e-13
0.6 0.408392 -5.95084e-15 0.590898 6.24006e-15 -9.10828e-14 1.31571e-13
0.61 0.417549 -6.89013e-15 0.581733 7.23178e-15 -9.12919e-14 1.32773e-13
0.62 0.426618 -8.08297e-15 0.572657 8.40381e-15 -9.14704e-14 1.33959e-13
0.63 0.435592 -9.66747e-15 0.563676 9.88508e-15 -9.16192e-14 1.35123e-13
0.64 0.444465 -1.08801e-14 0.554796 1.12331e-14 -9.17415e-14 1.36234e-13
0.65 0.453232 -1.24317e-14 0.546023 1.24042e-14 -9.18279e-14 1.3733e-13
0.66 0.461887 -1.35162e-14 0.537362 1.37546e-14 -9.18828e-14 1.38387e-13
0.67 0.470426 -1.46725e-14 0.528819 1.51062e-14 -9.19038e-14 1.39446e-13
0.68 0.478842 -1.63807e-14 0.520399 1.66208e-14 -9.18855e-14 1.40456e-13
0.69 0.487131 -1.8066e-14 0.512105 1.81766e-14 -9.18266e-14 1.41427e-13
0.7 0.495289 -1.94106e-14 0.503943 1.98041e-14 -9.17267e-14 1.42349e-13
0.71 0.503312 -2.0675e-14 0.495918 2.13637e-14 -9.15919e-14 1.43218e-13
0.72 0.511195 -2.25923e-14 0.488031 2.28502e-14 -9.14177e-14 1.44036e-13
0.73 0.518935 -2.40464e-14 0.480288 2.42888e-14 -9.12078e-14 1.44838e-13
0.74 0.52653 -2.56517e-14 0.472692 2.58122e-14 -9.09547e-14 1.45628e-13
0.75 0.533975 -2.70598e-14 0.465245 2.73864e-14 -9.06647e-14 1.46392e-13
0.76 0.541268 -2.87728e-14 0.45795 2.90483e-14 -9.03362e-14 1.47135e-13
0.77 0.548411 -2.98349e-14 0.45081 3.04559e-14 -8.99747e-14 1.47877e-13
0.78 0.555398 -3.1515e-14 0.443826 3.18894e-14 -8.95819e-14 1.4858e-13
0.79 0.562226 -3.29468e-14 0.437001 3.32195e-14 -8.91584e-14 1.49245e-13
0.8 0.568894 -3.46241e-14 0.430336 3.46193e-14 -8.87048e-14 1.49882e-13
0.81 0.575402 -3.57975e-14 0.423832 3.60068e-14 -8.82249e-14 1.50504e-13
0.82 0.581747 -3.75128e-14 0.417491 3.74635e-14 -8.77172e-14 1.51064e-13
0.83 0.58793 -3.88577e-14 0.411312 3.88601e-14 -8.71859e-14 1.51583e-13
0.84 0.593949 -4.0291e-14 0.405297 3.99844e-14 -8.66311e-14 1.52072e-13
0.85 0.599806 -4.12095e-14 0.399445 4.1009e-14 -8.6053e-14 1.52487e-13
0.86 0.605499 -4.19365e-14 0.393757 4.18591e-14 -8.54537e-14 1.52867e-13
0.87 0.611029 -4.25256e-14 0.388231 4.27052e-14 -8.48364e-14 1.53216e-13
0.88 0.616397 -4.31423e-14 0.382868 4.3362e-14 -8.42041e-14 1.53543e-13
0.89 0.621604 -4.36459e-14 0.377666 4.39834e-14 -8.35606e-14 1.53822e-13
0.9 0.626651 -4.39828e-14 0.372624 4.44902e-14 -8.29034e-14 1.54069e-13
0.91 0.63154 -4.42903e-14 0.367741 4.48563e-14 -8.2237e-14 1.54269e-13
0.92 0.636272 -4.43658e-14 0.363014 4.50225e-14 -8.156e-14 1.54431e-13
0.93 0.640848 -4.41612e-14 0.358443 4.50868e-14 -8.08751e-14 1.54547e-13
0.94 0.645271 -4.39989e-14 0.354025 4.50932e-14 -8.01833e-14 1.54628e-13
0.95 0.649544 -4.38041e-14 0.349757 4.5074e-14 -7.94881e-14 1.54688e-13
0.96 0.653669 -4.34702e-14 0.345638 4.49988e-14 -7.87936e-14 1.54717e-13
0.97 0.657648 -4.30422e-14 0.341664 4.4855e-14 -7.80979e-14 1.54688e-13
0.98 0.661485 -4.27627e-14 0.337832 4.46313e-14 -7.74109e-14 1.54609e-13
0.99 0.665182 -4.24439e-14 0.33414 4.43459e-14 -7.67257e-14 1.54513e-13
1 0.668744 -4.21628e-14 0.330583 4.39994e-14 -7.60434e-14 1.54421e-13
1.01 0.672173 -4.17447e-14 0.327159 4.35709e-14 -7.53694e-14 1.54316e-13
1.02 0.675474 -4.17961e-14 0.323864 4.31232e-14 -7.47028e-14 1.54197e-13
1.03 0.678649 -4.129e-14 0.320693 4.26126e-14 -7.4051e-14 1.54084e-13
1.04 0.681703 -4.06983e-14 0.317643 4.20562e-14 -7.34167e-14 1.53948e-13
1.05 0.684641 -3.98659e-14 0.314711 4.15179e-14 -7.27974e-14 1.53802e-13
1.06 0.687465 -3.92006e-14 0.311891 4.09227e-14 -7.21938e-14 1.53624e-13
1.07 0.690181 -3.87313e-14 0.309179 4.03086e-14 -7.16279e-14 1.53413e-13
1.08 0.692792 -3.80705e-14 0.306572 3.96548e-14 -7.10794e-14 1.5319e-13
1.09 0.695304 -3.74823e-14 0.304064 3.89663e-14 -7.05531e-14 1.52967e-13
1.1 0.69772 -3.68559e-14 0.301652 3.82775e-14 -7.00517e-14 1.5273e-13
1.11 0.700046 -3.62366e-14 0.29933 3.7567e-14 -6.9559e-14 1.52506e-13
1.12 0.702285 -3.53319e-14 0.297094 3.68358e-14 -6.90975e-14 1.52267e-13
1.13 0.704444 -3.45791e-14 0.294938 3.60641e-14 -6.86519e-14 1.52017e-13
1.14 0.706524 -3.40243e-14 0.29286 3.52735e-14 -6.82286e-14 1.51765e-13
1.15 0.70854 -3.32252e-14 0.290853 3.44457e-14 -6.78284e-14 1.51535e-13
1.16 0.710488 -3.22963e-14 0.288913 3.35848e-14 -6.74542e-14 1.5133e-13
1.17 0.712374 -3.13181e-14 0.287035 3.27086e-14 -6.71185e-14 1.51122e-13
1.18 0.714202 -3.04643e-14 0.285214 3.17735e-14 -6.68135e-14 1.50913e-13
1.19 0.715978 -2.92956e-14 0.283446 3.07999e-14 -6.65421e-14 1.5071e-13
1.2 0.717705 -2.82756e-14 0.281726 2.97948e-14 -6.62972e-14 1.50511e-13
1.21 0.719389 -2.72831e-14 0.280049 2.87809e-14 -6.60853e-14 1.50313e-13
1.22 0.721034 -2.62957e-14 0.278411 2.77645e-14 -6.59067e-14 1.50126e-13
1.23 0.722644 -2.5357e-14 0.276807 2.67318e-14 -6.57677e-14 1.49943e-13
1.24 0.724225 -2.42374e-14 0.275232 2.56827e-14 -6.56602e-14 1.49767e-13
1.25 0.725781 -2.33778e-14 0.273682 2.46234e-14 -6.56158e-14 1.49613e-13
1.26 0.727317 -2.22459e-14 0.272152 2.35631e-14 -6.56225e-14 1.49472e-13
1.27 0.728837 -2.09604e-14 0.270637 2.25001e-14 -6.56907e-14 1.49353e-13
1.28 0.730345 -1.97647e-14 0.269134 2.14306e-14 -6.58174e-14 1.49251e-13
1.29 0.731845 -1.86243e-14 0.267639 2.03456e-14 -6.60055e-14 1.49172e-13
1.3 0.733342 -1.76211e-14 0.266147 1.9267e-14 -6.62501e-14 1.49109e-13
1.31 0.734838 -1.65566e-14 0.264655 1.81933e-14 -6.65508e-14 1.49063e-13
1.32 0.736338 -1.55635e-14 0.263159 1.71171e-14 -6.69061e-14 1.49031e-13
1.33 0.737846 -1.4393e-14 0.261655 1.60411e-14 -6.73147e-14 1.49006e-13
1.34 0.739364 -1.32897e-14 0.260141 1.49817e-14 -6.77807e-14 1.48987e-13
1.35 0.740896 -1.23392e-14 0.258612 1.3943e-14 -6.82997e-14 1.48995e-13
1.36 0.742445 -1.12663e-14 0.257066 1.29027e-14 -6.88796e-14 1.49025e-13
1.37 0.744014 -1.03029e-14 0.2555 1.18776e-14 -6.95041e-14 1.4908e-13
1.38 0.745605 -9.27045e-15 0.253911 1.08877e-14 -7.01816e-14 1.49159e-13
1.39 0.747223 -8.40114e-15 0.252296 9.91156e-15 -7.09098e-14 1.49247e-13
1.4 0.748868 -7.30924e-15 0.250653 8.94492e-15 -7.16831e-14 1.49346e-13
1.41 0.750544 -6.28385e-15 0.248979 7.97917e-15 -7.25034e-14 1.49447e-13
1.42 0.752252 -5.24002e-15 0.247273 7.01014e-15 -7.3377e-14 1.49558e-13
1.43 0.753995 -4.38556e-15 0.245532 6.05442e-15 -7.42832e-14 1.49676e-13
1.44 0.755773 -3.46343e-15 0.243755 5.09254e-15 -7.52193e-14 1.49798e-13
1.45 0.757588 -2.46115e-15 0.24194 4.18175e-15 -7.61832e-14 1.49916e-13
1.46 0.759443 -1.46362e-15 0.240085 3.28485e-15 -7.7174e-14 1.50028e-13
1.47 0.761339 -4.8268e-16 0.23819 2.4286e-15 -7.81889e-14 1.50126e-13
1.48 0.763276 1.90958e-16 0.236253 1.61492e-15 -7.92265e-14 1.50215e-13
1.49 0.765255 8.48427e-16 0.234273 8.18711e-16 -8.02842e-14 1.50287e-13
1.5 0.767277 1.62108e-15 0.23225 4.56618e-17 -8.13631e-14 1.50349e-13
1.51 0.769343 2.27064e-15 0.230183 -6.89809e-16 -8.24606e-14 1.50415e-13
1.52 0.771453 3.03638e-15 0.228072 -1.37929e-15 -8.35754e-14 1.50478e-13
1.53 0.773607 3.70742e-15 0.225917 -1.99976e-15 -8.47037e-14 1.50535e-13
1.54 0.775806 4.39584e-15 0.223717 -2.61663e-15 -8.5846e-14 1.50583e-13
1.55 0.778048 5.03566e-15 0.221474 -3.21352e-15 -8.70006e-14 1.50627e-13
1.56 0.780334 5.65655e-15 0.219186 -3.77177e-15 -8.81641e-14 1.50672e-13
1.57 0.782663 6.31511e-15 0.216856 -4.28235e-15 -8.93303e-14 1.50704e-13
1.58 0.785034 6.67345e-15 0.214483 -4.73641e-15 -9.04983e-14 1.5073e-13
1.59 0.787447 7.04095e-15 0.212068 -5.12084e-15 -9.1666e-14 1.50743e-13
1.6 0.7899 7.34657e-15 0.209613 -5.54388e-15 -9.28274e-14 1.50747e-13
1.61 0.792392 7.70686e-15 0.207118 -5.89473e-15 -9.39813e-14 1.50745e-13
1.62 0.794923 8.04693e-15 0.204586 -6.20747e-15 -9.51248e-14 1.50742e-13
1.63 0.79749 8.36969e-15 0.202017 -6.50098e-15 -9.62531e-14 1.50734e-13
1.64 0.800091 8.63062e-15 0.199413 -6.78819e-15 -9.73661e-14 1.5072e-13
1.65 0.802724 8.90156e-15 0.196777 -7.02692e-15 -9.84628e-14 1.50701e-13
1.66 0.805387 9.19985e-15 0.194111 -7.22352e-15 -9.95423e-14 1.5069e-13
1.67 0.808074 9.34863e-15 0.191421 -7.40327e-15 -1.00609e-13 1.50683e-13
1.68 0.810736 9.6756e-15 0.188756 -7.71307e-15 -1.01752e-13 1.5074e-13
1.69 0.813432 9.90887e-15 0.186055 -7.97152e-15 -1.02852e-13 1.50778e-13
1.7 0.816035 1.02255e-14 0.183445 -8.29641e-15 -1.03983e-13 1.50965e-13
1.71 0.818692 1.04161e-14 0.180782 -8.51957e-15 -1.05052e-13 1.51093e-13
1.72 0.821397 1.06049e-14 0.178071 -8.68148e-15 -1.06065e-13 1.51174e-13
1.73 0.824146 1.06573e-14 0.175317 -8.74256e-15 -1.07017e-13 1.51217e-13
1.74 0.826933 1.06651e-14 0.172524 -8.7354e-15 -1.07907e-13 1.51223e-13
1.75 0.829753 1.06167e-14 0.169699 -8.65283e-15 -1.08738e-13 1.51203e-13
1.76 0.832601 1.04553e-14 0.166846 -8.50947e-15 -1.09507e-13 1.51155e-13
1.77 0.835471 1.02361e-14 0.163971 -8.32135e-15 -1.1022e-13 1.51092e-13
1.78 0.83836 1.00117e-14 0.161078 -8.06986e-15 -1.10874e-13 1.51007e-13
1.79 0.841261 9.68362e-15 0.158172 -7.74858e-15 -1.11468e-13 1.50906e-13
1.8 0.84417 9.35454e-15 0.155258 -7.37348e-15 -1.12002e-13 1.508e-13
1.81 0.847083 8.98426e-15 0.152341 -6.979e-15 -1.12477e-13 1.50688e-13
1.82 0.849994 8.51704e-15 0.149426 -6.53413e-15 -1.12894e-13 1.50588e-13
1.83 0.852899 8.01045e-15 0.146518 -6.03227e-15 -1.13253e-13 1.50496e-13
1.84 0.855793 7.47119e-15 0.14362 -5.47813e-15 -1.1355e-13 1.50413e-13
1.85 0.858673 6.9182e-15 0.140737 -4.89016e-15 -1.13791e-13 1.50349e-13
1.86 0.861533 6.36035e-15 0.137874 -4.3079e-15 -1.13983e-13 1.50299e-13
1.87 0.86437 5.72819e-15 0.135034 -3.67579e-15 -1.14121e-13 1.5027e-13
1.88 0.86718 5.04741e-15 0.132221 -3.01895e-15 -1.14207e-13 1.50257e-13
1.89 0.869958 4.35943e-15 0.12944 -2.33897e-15 -1.14236e-13 1.50258e-13
1.9 0.872702 3.62527e-15 0.126694 -1.63115e-15 -1.14209e-13 1.50284e-13
1.91 0.875407 2.89616e-15 0.123987 -9.08863e-16 -1.14133e-13 1.50331e-13
1.92 0.87807 2.17233e-15 0.121322 -1.72476e-16 -1.14009e-13 1.50403e-13
1.93 0.880688 1.43627e-15 0.118703 5.75016e-16 -1.13832e-13 1.50501e-13
1.94 0.883258 7.17219e-16 0.116132 1.32509e-15 -1.13612e-13 1.50619e-13
1.95 0.885776 -4.41608e-17 0.113612 2.07588e-15 -1.13344e-13 1.5076e-13
1.96 0.88824 -8.27038e-16 0.111147 2.8443e-15 -1.13027e-13 1.50925e-13
1.97 0.890648 -1.57597e-15 0.108738 3.61105e-15 -1.12671e-13 1.51115e-13
1.98 0.892996 -2.36134e-15 0.106389 4.36549e-15 -1.12274e-13 1.51333e-13
1.99 0.895283 -3.09436e-15 0.104101 5.09251e-15 -1.11839e-13 1.51571e-13
2 0.897507 -3.79211e-15 0.101878 5.79373e-15 -1.11368e-13 1.51838e-13
2.01 0.899665 -4.46723e-15 0.0997193 6.48685e-15 -1.10863e-13 1.52131e-13
2.02 0.901756 -5.13037e-15 0.0976284 7.15862e-15 -1.10325e-13 1.52447e-13
2.03 0.903778 -5.75065e-15 0.0956064 7.81007e-15 -1.09756e-13 1.52788e-13
2.04 0.90573 -6.38024e-15 0.0936547 8.425e-15 -1.09158e-13 1.53151e-13
2.05 0.90761 -6.99071e-15 0.0917746 9.014e-15 -1.08536e-13 1.53536e-13
2.06 0.909418 -7.5678e-15 0.089967 9.57079e-15 -1.07888e-13 1.5394e-13
2.07 0.911153 -8.08864e-15 0.0882329 1.01047e-14 -1.07215e-13 1.54364e-13
2.08 0.912813 -8.58819e-15 0.0865729 1.06022e-14 -1.06519e-13 1.54803e-13
2.09 0.914399 -9.086e-15 0.0849875 1.10603e-14 -1.05803e-13 1.55262e-13
2.1 0.915911 -9.49779e-15 0.0834771 1.14686e-14 -1.05067e-13 1.55736e-13
2.11 0.917347 -9.8968e-15 0.0820419 1.18444e-14 -1.04313e-13 1.56226e-13
2.12 0.918708 -1.02485e-14 0.0806819 1.21853e-14 -1.03542e-13 1.5673e-13
2.13 0.919994 -1.05462e-14 0.079397 1.24813e-14 -1.02756e-13 1.57247e-13
2.14 0.921205 -1.08158e-14 0.0781868 1.27416e-14 -1.01957e-13 1.57773e-13
2.15 0.922342 -1.10211e-14 0.0770509 1.29557e-14 -1.01148e-13 1.58308e-13
2.16 0.923406 -1.12225e-14 0.0759887 1.31326e-14 -1.00332e-13 1.5885e-13
2.17 0.924396 -1.13454e-14 0.0749994 1.32657e-14 -9.95086e-14 1.59397e-13
2.18 0.925315 -1.14268e-14 0.0740822 1.33558e-14 -9.86814e-14 1.59946e-13
2.19 0.926163 -1.15177e-14 0.0732359 1.33991e-14 -9.78527e-14 1.605e-13
2.2 0.926938 -1.15616e-14 0.0724626 1.34074e-14 -9.70248e-14 1.61055e-13
2.21 0.927645 -1.15349e-14 0.071757 1.336e-14 -9.62004e-14 1.61609e-13
2.22 0.928285 -1.14529e-14 0.0711177 1.32516e-14 -9.53805e-14 1.62157e-13
2.23 0.928861 -1.13273e-14 0.0705436 1.30926e-14 -9.45653e-14 1.62706e-13
2.24 0.929372 -1.11005e-14 0.0700337 1.28924e-14 -9.37548e-14 1.6325e-13
2.25 0.929828 -1.08559e-14 0.0695801 1.26543e-14 -9.29532e-14 1.63792e-13
2.26 0.93022 -1.05727e-14 0.0691893 1.23639e-14 -9.21571e-14 1.64324e-13
2.27 0.930553 -1.02334e-14 0.0688573 1.20249e-14 -9.13663e-14 1.6486e-13
2.28 0.930831 -9.82184e-15 0.0685811 1.16292e-14 -9.05908e-14 1.6538e-13
2.29 0.93104 -9.43483e-15 0.0683735 1.12314e-14 -8.98038e-14 1.659e-13
2.3 0.931201 -8.99434e-15 0.0682131 1.07875e-14 -8.90433e-14 1.66399e-13
2.31 0.931318 -8.52792e-15 0.0680979 1.03332e-14 -8.83095e-14 1.66876e-13
2.32 0.931391 -8.05413e-15 0.0680261 9.85633e-15 -8.76024e-14 1.67331e-13
2.33 0.93142 -7.50836e-15 0.0679979 9.3278e-15 -8.69261e-14 1.67766e-13
2.34 0.93141 -6.94639e-15 0.0680088 8.76757e-15 -8.6277e-14 1.68173e-13
2.35 0.931363 -6.37521e-15 0.0680569 8.1787e-15 -8.5655e-14 1.68551e-13
2.36 0.931281 -5.67383e-15 0.0681402 7.47717e-15 -8.50601e-14 1.68898e-13
2.37 0.931165 -4.85639e-15 0.0682566 6.68063e-15 -8.44932e-14 1.69216e-13
2.38 0.931018 -3.96782e-15 0.0684045 5.80794e-15 -8.39536e-14 1.69502e-13
2.39 0.930842 -3.02543e-15 0.0685817 4.86457e-15 -8.34417e-14 1.69755e-13
2.4 0.930638 -2.06881e-15 0.0687865 3.9077e-15 -8.29566e-14 1.69977e-13
2.41 0.930408 -1.09305e-15 0.069017 2.92502e-15 -8.24986e-14 1.70168e-13
2.42 0.930154 -1.01594e-16 0.0692715 1.93385e-15 -8.20684e-14 1.70328e-13
2.43 0.929878 9.31243e-16 0.0695482 9.01882e-16 -8.16664e-14 1.70455e-13
2.44 0.929581 1.9521e-15 0.0698456 -1.35668e-16 -8.12938e-14 1.70549e-13
2.45 0.92926 3.03513e-15 0.0701664 -1.20373e-15 -8.09533e-14 1.70607e-13
2.46 0.928925 4.15753e-15 0.0705019 -2.32887e-15 -8.06433e-14 1.70637e-13
2.47 0.928577 5.25313e-15 0.0708497 -3.42618e-15 -8.03604e-14 1.70633e-13
2.48 0.928214 6.45348e-15 0.0712127 -4.6222e-15 -8.01062e-14 1.70593e-13
2.49 0.927824 7.71203e-15 0.0716034 -5.88311e-15 -7.98972e-14 1.70523e-13
2.5 0.927466 8.93736e-15 0.0719613 -7.10843e-15 -7.96816e-14 1.70424e-13
