0 0 0 1 0 0 0
0.1 0.0158079 7.97003e-16 0.983733 1.16213e-16 1.64123e-15 -4.21797e-16
0.2 0.0612217 2.97249e-16 0.93875 1.02126e-15 2.86221e-15 -4.45459e-16
0.3 0.12991 2.96992e-16 0.870747 9.85401e-16 3.13393e-15 -5.7681e-16
0.4 0.213066 1.46266e-16 0.788227 1.26504e-15 2.79118e-15 -3.14605e-16
0.5 0.301511 -2.45521e-16 0.70023 1.67353e-15 2.1781e-15 3.76921e-16
0.6 0.387369 -4.81047e-16 0.614672 1.95481e-15 1.19021e-15 1.34542e-15
0.7 0.46498 -9.4092e-16 0.537291 2.22397e-15 1.7089e-16 2.41894e-15
0.8 0.531343 -8.48693e-16 0.471108 2.0673e-15 -7.9058e-16 3.3499e-15
0.9 0.585863 -9.8635e-16 0.416749 2.10785e-15 -1.49495e-15 3.76295e-15
1 0.629655 -1.34959e-15 0.373129 2.16594e-15 -1.99423e-15 3.9815e-15
1.1 0.664839 -1.86916e-15 0.338104 2.54163e-15 -2.21243e-15 4.15805e-15
1.2 0.693883 -2.31722e-15 0.309109 3.07447e-15 -2.22432e-15 4.15947e-15
1.3 0.719324 -2.50397e-15 0.283643 3.25346e-15 -1.92428e-15 4.2416e-15
1.4 0.743378 -2.3345e-15 0.259621 3.13701e-15 -1.80657e-15 4.55702e-15
1.5 0.7674 -2.1107e-15 0.235625 2.78072e-15 -2.01775e-15 4.91375e-15
1.6 0.792092 -1.57186e-15 0.210967 2.26905e-15 -2.4619e-15 5.08339e-15
1.7 0.817221 -1.23556e-15 0.18588 1.87621e-15 -2.96819e-15 5.32074e-15
1.8 0.841766 -1.0691e-15 0.161379 1.7132e-15 -3.39414e-15 5.44029e-15
1.9 0.864014 -9.33875e-16 0.139157 1.56005e-15 -4.13738e-15 5.21591e-15
2 0.883464 -7.52766e-16 0.119719 1.39453e-15 -4.79888e-15 4.60737e-15
2.1 0.900868 -3.6414e-16 0.102313 9.95313e-16 -5.40359e-15 3.98751e-15
2.2 0.916324 2.53554e-16 0.0868445 3.72922e-16 -5.78747e-15 3.12529e-15
2.3 0.929376 9.29283e-16 0.0737751 -3.17429e-16 -5.7622e-15 1.8446e-15
2.4 0.941432 1.32279e-15 0.0617073 -7.2845e-16 -5.20694e-15 1.12222e-16
2.5 0.952063 1.77726e-15 0.0510762 -1.18408e-15 -4.15292e-15 -1.47053e-15
