0 0 0 1 0 0 0
0.005 3.98032e-05 -4.31627e-16 0.99996 1.3233e-16 -1.3234e-15 1.05638e-15
0.01 0.000159207 -2.02486e-16 0.99984 -1.62696e-16 -2.84983e-15 2.1431e-15
0.015 0.000358183 -3.10895e-16 0.999642 -1.60493e-16 -4.3837e-15 2.98471e-15
0.02 0.000636664 -3.91073e-16 0.999363 -1.58858e-16 -5.92606e-15 3.87245e-15
0.025 0.000994533 -2.57868e-16 0.999006 -1.71133e-16 -7.47727e-15 4.79142e-15
0.03 0.00143166 -4.26982e-16 0.998569 -1.66124e-16 -9.03715e-15 5.62342e-15
0.035 0.00194787 -4.17449e-16 0.998053 -1.61419e-16 -1.05857e-14 6.77465e-15
0.04 0.00254298 -3.46753e-16 0.997458 -1.63972e-16 -1.2141e-14 7.92181e-15
0.045 0.00321678 -2.15566e-16 0.996784 -1.65581e-16 -1.36983e-14 9.11913e-15
0.05 0.00396908 -1.08705e-16 0.996033 -1.63906e-16 -1.5252e-14 1.046e-14
0.055 0.00479956 -3.32566e-17 0.995203 -1.66384e-16 -1.6798e-14 1.18161e-14
0.06 0.00570793 -3.31199e-16 0.994295 -1.67165e-16 -1.83319e-14 1.31392e-14
0.065 0.00669386 -3.06826e-16 0.993309 -1.94063e-16 -1.98475e-14 1.45468e-14
0.07 0.00775697 -1.41063e-16 0.992247 -2.16695e-16 -2.13621e-14 1.60561e-14
0.075 0.0088969 -2.62397e-16 0.991108 -2.32391e-16 -2.28748e-14 1.76002e-14
0.08 0.0101132 -1.65543e-16 0.989892 -2.53198e-16 -2.43856e-14 1.93041e-14
0.085 0.0114055 -2.36125e-16 0.988601 -2.69025e-16 -2.58919e-14 2.10775e-14
0.09 0.0127733 -1.30976e-16 0.987234 -2.87845e-16 -2.73932e-14 2.28953e-14
0.095 0.0142161 -1.9045e-17 0.985792 -3.05459e-16 -2.8888e-14 2.47539e-14
0.1 0.0157334 -1.45775e-16 0.984275 -3.17007e-16 -3.03778e-14 2.66346e-14
0.105 0.0173246 -2.94444e-16 0.982685 -3.3386e-16 -3.18536e-14 2.84967e-14
0.11 0.0189891 -3.04635e-16 0.981022 -3.56205e-16 -3.33208e-14 3.04339e-14
0.115 0.0207265 -4.44307e-16 0.979285 -3.72578e-16 -3.47808e-14 3.24254e-14
0.12 0.022536 -3.88318e-16 0.977477 -3.8026e-16 -3.62425e-14 3.44058e-14
0.125 0.024417 -4.75827e-16 0.975597 -3.95429e-16 -3.77028e-14 3.65279e-14
0.13 0.0263688 -4.22972e-16 0.973647 -4.14738e-16 -3.91476e-14 3.87008e-14
0.135 0.0283908 -4.70551e-16 0.971626 -4.33211e-16 -4.06005e-14 4.09645e-14
0.14 0.0304822 -4.3611e-16 0.969536 -4.54928e-16 -4.20327e-14 4.31354e-14
0.145 0.0326423 -3.45217e-16 0.967377 -4.61883e-16 -4.3449e-14 4.53822e-14
0.15 0.0348703 -3.31213e-16 0.96515 -4.77407e-16 -4.4848e-14 4.7716e-14
0.155 0.0371655 -3.74971e-16 0.962856 -4.94424e-16 -4.62268e-14 5.01153e-14
0.16 0.0395271 -7.14171e-16 0.960496 -5.37644e-16 -4.75877e-14 5.2618e-14
0.165 0.0419541 -6.56292e-16 0.958071 -5.86276e-16 -4.89297e-14 5.52284e-14
0.17 0.0444459 -4.68585e-16 0.95558 -6.36408e-16 -5.02423e-14 5.78948e-14
0.175 0.0470015 -3.28746e-16 0.953026 -6.89893e-16 -5.15317e-14 6.05128e-14
0.18 0.04962 -9.47222e-17 0.950409 -7.4889e-16 -5.27934e-14 6.31844e-14
0.185 0.0523005 -2.29439e-16 0.94773 -8.184e-16 -5.40304e-14 6.58899e-14
0.19 0.0550422 -2.08576e-16 0.94499 -8.84875e-16 -5.52338e-14 6.86472e-14
0.195 0.057844 -3.50577e-16 0.94219 -9.4833e-16 -5.64166e-14 7.14265e-14
0.2 0.0607051 -3.04066e-16 0.93933 -1.01341e-15 -5.75707e-14 7.42792e-14
0.205 0.0636244 -7.54472e-17 0.936412 -1.07438e-15 -5.87023e-14 7.70918e-14
0.21 0.066601 1.50884e-17 0.933437 -1.13285e-15 -5.97972e-14 7.98953e-14
0.215 0.0696339 1.25316e-16 0.930406 -1.18691e-15 -6.08701e-14 8.26747e-14
0.22 0.0727221 2.21199e-16 0.927319 -1.23463e-15 -6.19095e-14 8.54651e-14
0.225 0.0758645 2.7651e-16 0.924178 -1.28981e-15 -6.29225e-14 8.82365e-14
0.23 0.0790601 1.19028e-16 0.920984 -1.35442e-15 -6.3908e-14 9.09647e-14
0.235 0.0823079 2.54499e-16 0.917738 -1.39955e-15 -6.48679e-14 9.36235e-14
0.24 0.0856067 2.72896e-16 0.914441 -1.43874e-15 -6.57958e-14 9.63153e-14
0.245 0.0889556 5.00486e-16 0.911093 -1.49619e-15 -6.66742e-14 9.90286e-14
0.25 0.0923534 5.49156e-16 0.907697 -1.54616e-15 -6.75136e-14 1.01751e-13
0.255 0.0957991 4.92851e-16 0.904253 -1.56093e-15 -6.83123e-14 1.04443e-13
0.26 0.0992915 7.85369e-16 0.900762 -1.57513e-15 -6.90768e-14 1.07133e-13
0.265 0.10283 9.3449e-16 0.897225 -1.58528e-15 -6.97866e-14 1.09868e-13
0.27 0.106412 9.75787e-16 0.893644 -1.56425e-15 -7.04617e-14 1.12618e-13
0.275 0.110038 9.62689e-16 0.890019 -1.53073e-15 -7.10918e-14 1.15331e-13
0.28 0.113706 1.35616e-15 0.886352 -1.52103e-15 -7.16882e-14 1.1803e-13
0.285 0.117415 1.14358e-15 0.882644 -1.51599e-15 -7.22756e-14 1.20693e-13
0.29 0.121165 1.5089e-15 0.878896 -1.52081e-15 -7.28449e-14 1.23366e-13
0.295 0.124953 1.71316e-15 0.875109 -1.54618e-15 -7.33704e-14 1.26038e-13
0.3 0.128779 1.58506e-15 0.871284 -1.60032e-15 -7.38568e-14 1.28699e-13
0.305 0.132641 1.48578e-15 0.867423 -1.63549e-15 -7.43174e-14 1.31397e-13
0.31 0.136539 1.45802e-15 0.863526 -1.63553e-15 -7.4767e-14 1.34094e-13
0.315 0.140471 1.25757e-15 0.859595 -1.63757e-15 -7.51912e-14 1.36768e-13
0.32 0.144436 1.54995e-15 0.855631 -1.68442e-15 -7.55757e-14 1.39512e-13
0.325 0.148433 1.62693e-15 0.851635 -1.73713e-15 -7.59268e-14 1.42213e-13
0.33 0.15246 1.55132e-15 0.847609 -1.79968e-15 -7.62305e-14 1.44886e-13
0.335 0.156517 1.64665e-15 0.843552 -1.86458e-15 -7.65048e-14 1.47539e-13
0.34 0.160603 1.69833e-15 0.839468 -1.96373e-15 -7.67437e-14 1.50164e-13
0.345 0.164716 1.95418e-15 0.835356 -2.03894e-15 -7.69534e-14 1.52824e-13
0.35 0.168855 2.38816e-15 0.831218 -2.12679e-15 -7.71225e-14 1.55497e-13
0.355 0.173019 2.98426e-15 0.827055 -2.22141e-15 -7.72641e-14 1.58099e-13
0.36 0.177206 3.01003e-15 0.822868 -2.30366e-15 -7.73628e-14 1.60645e-13
0.365 0.181416 3.00486e-15 0.818659 -2.3897e-15 -7.74126e-14 1.63181e-13
0.37 0.185648 3.11237e-15 0.814428 -2.45058e-15 -7.74416e-14 1.6571e-13
0.375 0.189899 3.39684e-15 0.810177 -2.5163e-15 -7.74138e-14 1.68185e-13
0.38 0.19417 3.31492e-15 0.805907 -2.59982e-15 -7.73521e-14 1.70558e-13
0.385 0.198459 3.46021e-15 0.801619 -2.61529e-15 -7.72531e-14 1.72899e-13
0.39 0.202765 3.67092e-15 0.797314 -2.64723e-15 -7.71333e-14 1.75202e-13
0.395 0.207086 3.73906e-15 0.792994 -2.68664e-15 -7.69839e-14 1.77537e-13
0.4 0.211422 3.72541e-15 0.788658 -2.69023e-15 -7.67918e-14 1.7986e-13
0.405 0.215771 3.62566e-15 0.78431 -2.65882e-15 -7.65669e-14 1.82142e-13
0.41 0.220133 3.55524e-15 0.779949 -2.59908e-15 -7.63049e-14 1.84412e-13
0.415 0.224506 3.44994e-15 0.775576 -2.5441e-15 -7.60159e-14 1.86682e-13
0.42 0.228889 3.50234e-15 0.771194 -2.47283e-15 -7.56895e-14 1.88904e-13
0.425 0.233281 3.21142e-15 0.766802 -2.37418e-15 -7.53e-14 1.91129e-13
0.43 0.237682 3.01088e-15 0.762402 -2.12986e-15 -7.48764e-14 1.93351e-13
0.435 0.242089 2.6083e-15 0.757996 -1.81409e-15 -7.44314e-14 1.95514e-13
0.44 0.246502 2.18338e-15 0.753583 -1.45769e-15 -7.39577e-14 1.97646e-13
0.445 0.25092 1.64317e-15 0.749166 -1.08332e-15 -7.3446e-14 1.99767e-13
0.45 0.255342 1.25833e-15 0.744745 -7.18777e-16 -7.29438e-14 2.01869e-13
0.455 0.259767 6.97019e-16 0.74032 -2.97167e-16 -7.23473e-14 2.03942e-13
0.46 0.264193 2.26936e-16 0.735895 1.72298e-16 -7.17481e-14 2.06002e-13
0.465 0.26862 -1.64405e-16 0.731468 5.72408e-16 -7.10726e-14 2.08032e-13
0.47 0.273047 -7.74576e-16 0.727041 1.08846e-15 -7.03841e-14 2.10005e-13
0.475 0.277473 -1.0686e-15 0.722616 1.5047e-15 -6.96705e-14 2.11951e-13
0.48 0.281897 -1.72746e-15 0.718193 1.95657e-15 -6.89383e-14 2.13928e-13
0.485 0.286318 -2.24193e-15 0.713772 2.38167e-15 -6.81802e-14 2.15905e-13
0.49 0.290735 -2.55222e-15 0.709356 2.81828e-15 -6.73765e-14 2.17857e-13
0.495 0.295147 -2.90869e-15 0.704944 3.21435e-15 -6.65523e-14 2.19782e-13
0.5 0.299553 -3.42073e-15 0.700539 3.55358e-15 -6.57321e-14 2.21743e-13
0.505 0.303953 -3.73266e-15 0.69614 3.88972e-15 -6.49042e-14 2.23682e-13
0.51 0.308345 -4.10843e-15 0.691748 4.26503e-15 -6.40836e-14 2.25591e-13
0.515 0.312729 -4.52728e-15 0.687365 4.50862e-15 -6.32689e-14 2.275e-13
0.52 0.317103 -4.53615e-15 0.682991 4.68615e-15 -6.24347e-14 2.29367e-13
0.525 0.321468 -4.79009e-15 0.678627 4.81082e-15 -6.15857e-14 2.31218e-13
0.53 0.325822 -4.60854e-15 0.674274 4.97058e-15 -6.07116e-14 2.33105e-13
0.535 0.330164 -4.84504e-15 0.669932 5.22698e-15 -5.98253e-14 2.35017e-13
0.54 0.334493 -4.9881e-15 0.665603 5.54548e-15 -5.88902e-14 2.36885e-13
0.545 0.33881 -5.3532e-15 0.661287 5.84505e-15 -5.80269e-14 2.38717e-13
0.55 0.343113 -5.33937e-15 0.656985 6.13669e-15 -5.71727e-14 2.40512e-13
0.555 0.347401 -5.73706e-15 0.652698 6.46326e-15 -5.62872e-14 2.42217e-13
0.56 0.351673 -6.00211e-15 0.648426 6.77143e-15 -5.53747e-14 2.43892e-13
0.565 0.35593 -6.27493e-15 0.644169 7.1093e-15 -5.44807e-14 2.4555e-13
0.57 0.36017 -6.52332e-15 0.63993 7.3886e-15 -5.36197e-14 2.47134e-13
0.575 0.364392 -7.02089e-15 0.635708 7.68682e-15 -5.27732e-14 2.48674e-13
0.58 0.368597 -7.32208e-15 0.631504 7.87335e-15 -5.18874e-14 2.50128e-13
0.585 0.372783 -7.18373e-15 0.627319 8.05564e-15 -5.09347e-14 2.5153e-13
0.59 0.376949 -7.49389e-15 0.623153 8.20566e-15 -4.99741e-14 2.5287e-13
0.595 0.381096 -7.48282e-15 0.619007 8.27233e-15 -4.90477e-14 2.54136e-13
0.6 0.385222 -7.70201e-15 0.614881 8.41958e-15 -4.81228e-14 2.55413e-13
0.605 0.389328 -7.68129e-15 0.610776 8.63636e-15 -4.72081e-14 2.56637e-13
0.61 0.393412 -7.79018e-15 0.606692 8.8597e-15 -4.62843e-14 2.57869e-13
0.615 0.397474 -7.95416e-15 0.602631 9.14704e-15 -4.52926e-14 2.59121e-13
0.62 0.401513 -8.15976e-15 0.598592 9.51475e-15 -4.42826e-14 2.60341e-13
0.625 0.405529 -8.34305e-15 0.594576 9.90435e-15 -4.31506e-14 2.61576e-13
0.63 0.409522 -8.67969e-15 0.590584 1.03217e-14 -4.20542e-14 2.62716e-13
0.635 0.413491 -8.93336e-15 0.586616 1.06507e-14 -4.10258e-14 2.63798e-13
0.64 0.417436 -8.97929e-15 0.582672 1.09446e-14 -4.01714e-14 2.64809e-13
0.645 0.421355 -9.33709e-15 0.578753 1.12251e-14 -3.93741e-14 2.65838e-13
0.65 0.42525 -9.48321e-15 0.574859 1.14954e-14 -3.84249e-14 2.66841e-13
0.655 0.429118 -9.72589e-15 0.57099 1.18025e-14 -3.7479e-14 2.6776e-13
0.66 0.432961 -1.02885e-14 0.567148 1.22197e-14 -3.65527e-14 2.68695e-13
0.665 0.436778 -1.08239e-14 0.563332 1.26608e-14 -3.57748e-14 2.696e-13
0.67 0.440568 -1.11337e-14 0.559543 1.30917e-14 -3.48149e-14 2.70461e-13
0.675 0.444331 -1.16512e-14 0.55578 1.36069e-14 -3.39521e-14 2.7125e-13
0.68 0.448067 -1.22902e-14 0.552045 1.41162e-14 -3.31036e-14 2.7197e-13
0.685 0.451775 -1.29798e-14 0.548337 1.46329e-14 -3.23044e-14 2.72613e-13
0.69 0.455455 -1.35923e-14 0.544658 1.51724e-14 -3.15627e-14 2.73184e-13
0.695 0.459107 -1.41799e-14 0.541006 1.57454e-14 -3.09214e-14 2.73678e-13
0.7 0.462731 -1.47533e-14 0.537383 1.63133e-14 -3.02477e-14 2.74185e-13
0.705 0.466326 -1.51193e-14 0.533788 1.69042e-14 -2.95824e-14 2.74663e-13
0.71 0.469893 -1.56981e-14 0.530222 1.74204e-14 -2.89501e-14 2.75172e-13
0.715 0.47343 -1.62609e-14 0.526685 1.79117e-14 -2.83645e-14 2.75663e-13
0.72 0.476939 -1.64655e-14 0.523177 1.83526e-14 -2.78115e-14 2.76032e-13
0.725 0.480418 -1.68568e-14 0.519699 1.88065e-14 -2.7347e-14 2.7635e-13
0.73 0.483867 -1.71956e-14 0.51625 1.92714e-14 -2.68412e-14 2.76711e-13
0.735 0.487287 -1.74478e-14 0.512831 1.96994e-14 -2.62279e-14 2.77104e-13
0.74 0.490677 -1.77736e-14 0.509441 2.00932e-14 -2.57008e-14 2.77491e-13
0.745 0.494037 -1.80729e-14 0.506081 2.05218e-14 -2.52394e-14 2.77854e-13
0.75 0.497367 -1.84907e-14 0.502752 2.09582e-14 -2.47291e-14 2.7825e-13
0.755 0.500667 -1.89482e-14 0.499452 2.13562e-14 -2.42808e-14 2.78731e-13
0.76 0.503937 -1.9269e-14 0.496183 2.17315e-14 -2.38573e-14 2.79183e-13
0.765 0.507177 -1.96825e-14 0.492943 2.20719e-14 -2.34973e-14 2.79566e-13
0.77 0.510387 -2.00659e-14 0.489734 2.23755e-14 -2.31519e-14 2.7991e-13
0.775 0.513566 -2.04218e-14 0.486555 2.26546e-14 -2.28308e-14 2.80283e-13
0.78 0.516715 -2.04843e-14 0.483406 2.29077e-14 -2.25344e-14 2.80675e-13
0.785 0.519834 -2.08325e-14 0.480288 2.31318e-14 -2.22227e-14 2.81088e-13
0.79 0.522923 -2.12002e-14 0.4772 2.33343e-14 -2.19388e-14 2.81422e-13
0.795 0.525981 -2.13694e-14 0.474142 2.35214e-14 -2.17148e-14 2.81693e-13
0.8 0.529009 -2.13704e-14 0.471114 2.36773e-14 -2.15118e-14 2.81891e-13
0.805 0.532006 -2.15629e-14 0.468117 2.38087e-14 -2.12655e-14 2.8206e-13
0.81 0.534974 -2.16503e-14 0.46515 2.39043e-14 -2.10709e-14 2.82235e-13
0.815 0.537911 -2.16172e-14 0.462212 2.39751e-14 -2.09422e-14 2.82376e-13
0.82 0.540819 -2.16762e-14 0.459305 2.40229e-14 -2.09006e-14 2.82458e-13
0.825 0.543697 -2.16664e-14 0.456428 2.40561e-14 -2.08588e-14 2.82513e-13
0.83 0.546544 -2.16874e-14 0.45358 2.4066e-14 -2.07976e-14 2.82564e-13
0.835 0.549362 -2.19704e-14 0.450763 2.41157e-14 -2.07555e-14 2.82593e-13
0.84 0.552151 -2.18856e-14 0.447975 2.4143e-14 -2.07366e-14 2.82571e-13
0.845 0.554909 -2.19303e-14 0.445216 2.41385e-14 -2.07938e-14 2.82517e-13
0.85 0.557639 -2.20092e-14 0.442487 2.40957e-14 -2.08437e-14 2.82474e-13
0.855 0.560339 -2.19132e-14 0.439787 2.40092e-14 -2.09719e-14 2.82458e-13
0.86 0.56301 -2.18611e-14 0.437116 2.38681e-14 -2.11072e-14 2.82456e-13
0.865 0.565653 -2.15383e-14 0.434474 2.3685e-14 -2.12588e-14 2.8244e-13
0.87 0.568266 -2.13964e-14 0.43186 2.3481e-14 -2.13847e-14 2.82366e-13
0.875 0.570851 -2.12976e-14 0.429275 2.3235e-14 -2.15391e-14 2.82176e-13
0.88 0.573407 -2.09802e-14 0.426719 2.29588e-14 -2.16231e-14 2.8204e-13
0.885 0.575935 -2.083e-14 0.424191 2.26512e-14 -2.1643e-14 2.81792e-13
0.89 0.578435 -2.0542e-14 0.421691 2.23206e-14 -2.16106e-14 2.81505e-13
0.895 0.580908 -2.00873e-14 0.419219 2.19617e-14 -2.15848e-14 2.81202e-13
0.9 0.583352 -1.96021e-14 0.416774 2.15688e-14 -2.16281e-14 2.80983e-13
0.905 0.58577 -1.91782e-14 0.414357 2.1144e-14 -2.16912e-14 2.80797e-13
0.91 0.58816 -1.87433e-14 0.411967 2.07004e-14 -2.17164e-14 2.80519e-13
0.915 0.590523 -1.84384e-14 0.409604 2.02409e-14 -2.17906e-14 2.80248e-13
0.92 0.59286 -1.79572e-14 0.407267 1.97484e-14 -2.18978e-14 2.79991e-13
0.925 0.59517 -1.7388e-14 0.404957 1.9233e-14 -2.20056e-14 2.7973e-13
0.93 0.597454 -1.70228e-14 0.402673 1.86975e-14 -2.21181e-14 2.79407e-13
0.935 0.599712 -1.66013e-14 0.400414 1.81266e-14 -2.21518e-14 2.79104e-13
0.94 0.601944 -1.59984e-14 0.398182 1.75265e-14 -2.22108e-14 2.78804e-13
0.945 0.604152 -1.54068e-14 0.395975 1.69065e-14 -2.22976e-14 2.78442e-13
0.95 0.606334 -1.49591e-14 0.393792 1.62528e-14 -2.24825e-14 2.7808e-13
0.955 0.608491 -1.42636e-14 0.391635 1.55802e-14 -2.26526e-14 2.77729e-13
0.96 0.610624 -1.36386e-14 0.389502 1.49148e-14 -2.28821e-14 2.77418e-13
0.965 0.612733 -1.28436e-14 0.387393 1.42398e-14 -2.30895e-14 2.77047e-13
0.97 0.614818 -1.22284e-14 0.385309 1.35449e-14 -2.33397e-14 2.76678e-13
0.975 0.616879 -1.15706e-14 0.383248 1.28423e-14 -2.35839e-14 2.76329e-13
0.98 0.618917 -1.07489e-14 0.38121 1.21266e-14 -2.38104e-14 2.76063e-13
0.985 0.620931 -1.00038e-14 0.379195 1.14014e-14 -2.40469e-14 2.7573e-13
0.99 0.622923 -9.32678e-15 0.377203 1.06744e-14 -2.43055e-14 2.75381e-13
0.995 0.624893 -8.58333e-15 0.375233 9.9569e-15 -2.45107e-14 2.74983e-13
1 0.626841 -8.00112e-15 0.373285 9.23664e-15 -2.4819e-14 2.74592e-13
1.005 0.628767 -7.2366e-15 0.371359 8.52878e-15 -2.51317e-14 2.74265e-13
1.01 0.630671 -6.57815e-15 0.369454 7.81389e-15 -2.55308e-14 2.73923e-13
1.015 0.632555 -5.97513e-15 0.367571 7.10388e-15 -2.58458e-14 2.7361e-13
1.02 0.634418 -5.22569e-15 0.365708 6.39241e-15 -2.61251e-14 2.73322e-13
1.025 0.63626 -4.55172e-15 0.363866 5.67497e-15 -2.63116e-14 2.7297e-13
1.03 0.638082 -3.89394e-15 0.362043 4.95016e-15 -2.64567e-14 2.72624e-13
1.035 0.639884 -3.04073e-15 0.360241 4.21854e-15 -2.66227e-14 2.72256e-13
1.04 0.641667 -2.35388e-15 0.358458 3.49199e-15 -2.67655e-14 2.71887e-13
1.045 0.643431 -1.59105e-15 0.356693 2.75195e-15 -2.68723e-14 2.71572e-13
1.05 0.645176 -9.4526e-16 0.354948 2.01193e-15 -2.70306e-14 2.71173e-13
1.055 0.646903 -2.59102e-16 0.353221 1.26448e-15 -2.71823e-14 2.70749e-13
1.06 0.648612 4.39092e-16 0.351512 5.11319e-16 -2.73608e-14 2.70343e-13
1.065 0.650303 1.12135e-15 0.34982 -2.32271e-16 -2.74623e-14 2.69985e-13
1.07 0.651977 1.92303e-15 0.348146 -9.76902e-16 -2.75134e-14 2.69589e-13
1.075 0.653634 2.72275e-15 0.346489 -1.71978e-15 -2.75889e-14 2.69202e-13
1.08 0.655274 3.38867e-15 0.344849 -2.4714e-15 -2.76309e-14 2.68822e-13
1.085 0.656898 4.13744e-15 0.343225 -3.23618e-15 -2.76286e-14 2.68438e-13
1.09 0.658506 4.80542e-15 0.341616 -4.00508e-15 -2.76561e-14 2.67965e-13
1.095 0.660098 5.59515e-15 0.340024 -4.77296e-15 -2.75881e-14 2.67549e-13
1.1 0.661675 6.28875e-15 0.338446 -5.54359e-15 -2.75262e-14 2.67086e-13
1.105 0.663238 7.0456e-15 0.336884 -6.30899e-15 -2.74774e-14 2.66645e-13
1.11 0.664785 7.81937e-15 0.335336 -7.08676e-15 -2.7419e-14 2.66014e-13
1.115 0.666318 8.60852e-15 0.333802 -7.87031e-15 -2.73936e-14 2.65477e-13
1.12 0.667838 9.48357e-15 0.332282 -8.65036e-15 -2.74372e-14 2.64978e-13
1.125 0.669344 1.02675e-14 0.330776 -9.43439e-15 -2.74824e-14 2.64557e-13
1.13 0.670837 1.11033e-14 0.329283 -1.02051e-14 -2.75334e-14 2.64152e-13
1.135 0.672316 1.18405e-14 0.327803 -1.09721e-14 -2.75666e-14 2.63746e-13
1.14 0.673784 1.2655e-14 0.326335 -1.17526e-14 -2.75332e-14 2.6335e-13
1.145 0.675239 1.34013e-14 0.32488 -1.25449e-14 -2.7598e-14 2.62847e-13
1.15 0.676682 1.41339e-14 0.323437 -1.33384e-14 -2.76851e-14 2.62324e-13
1.155 0.678113 1.50511e-14 0.322005 -1.41405e-14 -2.77508e-14 2.61856e-13
1.16 0.679533 1.5882e-14 0.320585 -1.49592e-14 -2.78535e-14 2.61393e-13
1.165 0.680942 1.67043e-14 0.319176 -1.57765e-14 -2.79518e-14 2.60955e-13
1.17 0.68234 1.74965e-14 0.317778 -1.66102e-14 -2.81214e-14 2.6047e-13
1.175 0.683728 1.82113e-14 0.31639 -1.74369e-14 -2.82974e-14 2.5988e-13
1.18 0.685106 1.89874e-14 0.315012 -1.82704e-14 -2.83337e-14 2.5937e-13
1.185 0.686474 1.98461e-14 0.313644 -1.91047e-14 -2.83694e-14 2.58839e-13
1.19 0.687832 2.07435e-14 0.312285 -1.99365e-14 -2.84446e-14 2.58316e-13
1.195 0.689181 2.1523e-14 0.310936 -2.07589e-14 -2.85597e-14 2.57811e-13
1.2 0.690521 2.2502e-14 0.309596 -2.1579e-14 -2.87306e-14 2.57259e-13
1.205 0.691852 2.34367e-14 0.308264 -2.23916e-14 -2.88466e-14 2.56746e-13
1.21 0.693175 2.42545e-14 0.306941 -2.32012e-14 -2.90009e-14 2.56203e-13
1.215 0.694491 2.49018e-14 0.305626 -2.39949e-14 -2.919e-14 2.55733e-13
1.22 0.695798 2.58029e-14 0.304318 -2.47783e-14 -2.93979e-14 2.55295e-13
1.225 0.697098 2.66396e-14 0.303018 -2.55595e-14 -2.96267e-14 2.54872e-13
1.23 0.698391 2.75193e-14 0.301725 -2.63431e-14 -2.98318e-14 2.54432e-13
1.235 0.699676 2.83146e-14 0.300439 -2.71409e-14 -2.99966e-14 2.5405e-13
1.24 0.700956 2.90225e-14 0.29916 -2.79368e-14 -3.01268e-14 2.5363e-13
1.245 0.702229 2.96723e-14 0.297886 -2.8747e-14 -3.03264e-14 2.53312e-13
1.25 0.703496 3.04843e-14 0.296619 -2.95562e-14 -3.05606e-14 2.53109e-13
1.255 0.704757 3.12889e-14 0.295358 -3.0371e-14 -3.08308e-14 2.52868e-13
1.26 0.706013 3.19895e-14 0.294102 -3.11965e-14 -3.10424e-14 2.52606e-13
1.265 0.707263 3.26981e-14 0.292851 -3.2038e-14 -3.12478e-14 2.52319e-13
1.27 0.708509 3.33862e-14 0.291606 -3.28758e-14 -3.15068e-14 2.52036e-13
1.275 0.709749 3.43193e-14 0.290365 -3.37005e-14 -3.17272e-14 2.51746e-13
1.28 0.710986 3.51833e-14 0.289128 -3.45296e-14 -3.19649e-14 2.51482e-13
1.285 0.712218 3.58947e-14 0.287896 -3.53558e-14 -3.22506e-14 2.5116e-13
1.29 0.713446 3.67812e-14 0.286668 -3.61915e-14 -3.25127e-14 2.50844e-13
1.295 0.71467 3.74902e-14 0.285443 -3.70116e-14 -3.27215e-14 2.50525e-13
1.3 0.715891 3.84487e-14 0.284222 -3.78245e-14 -3.29734e-14 2.50096e-13
1.305 0.717109 3.91688e-14 0.283004 -3.86413e-14 -3.31589e-14 2.49683e-13
1.31 0.718323 3.99684e-14 0.28179 -3.94717e-14 -3.33252e-14 2.49238e-13
1.315 0.719535 4.06959e-14 0.280578 -4.0301e-14 -3.3467e-14 2.48731e-13
1.32 0.720744 4.13624e-14 0.279369 -4.11217e-14 -3.3646e-14 2.48293e-13
1.325 0.72195 4.21613e-14 0.278162 -4.19224e-14 -3.38716e-14 2.47745e-13
1.33 0.723155 4.30259e-14 0.276958 -4.27175e-14 -3.4084e-14 2.47224e-13
1.335 0.724357 4.37866e-14 0.275755 -4.34967e-14 -3.43002e-14 2.46692e-13
1.34 0.725557 4.45264e-14 0.274555 -4.42741e-14 -3.45553e-14 2.46121e-13
1.345 0.726756 4.53138e-14 0.273356 -4.50419e-14 -3.48506e-14 2.45502e-13
1.35 0.727953 4.61553e-14 0.272158 -4.57964e-14 -3.51162e-14 2.44955e-13
1.355 0.729149 4.70485e-14 0.270962 -4.65515e-14 -3.54152e-14 2.44362e-13
1.36 0.730344 4.78123e-14 0.269767 -4.73071e-14 -3.5685e-14 2.43782e-13
1.365 0.731537 4.85297e-14 0.268574 -4.80501e-14 -3.58912e-14 2.43188e-13
1.37 0.73273 4.91958e-14 0.267381 -4.87665e-14 -3.61119e-14 2.4261e-13
1.375 0.733922 4.98161e-14 0.266189 -4.94853e-14 -3.63555e-14 2.42071e-13
1.38 0.735113 5.07148e-14 0.264997 -5.02e-14 -3.66073e-14 2.41603e-13
1.385 0.736304 5.14771e-14 0.263806 -5.09313e-14 -3.68838e-14 2.41099e-13
1.39 0.737494 5.21478e-14 0.262616 -5.16419e-14 -3.72182e-14 2.40664e-13
1.395 0.738684 5.29632e-14 0.261426 -5.23374e-14 -3.75902e-14 2.40203e-13
1.4 0.739874 5.3668e-14 0.260236 -5.30197e-14 -3.80623e-14 2.39782e-13
1.405 0.741064 5.43869e-14 0.259046 -5.36736e-14 -3.85523e-14 2.39381e-13
1.41 0.742254 5.49322e-14 0.257856 -5.43055e-14 -3.89631e-14 2.38995e-13
1.415 0.743443 5.54515e-14 0.256666 -5.49229e-14 -3.93719e-14 2.38581e-13
1.42 0.744633 5.61797e-14 0.255476 -5.55463e-14 -3.97658e-14 2.38106e-13
1.425 0.745824 5.67489e-14 0.254285 -5.61437e-14 -4.013e-14 2.37598e-13
1.43 0.747014 5.7339e-14 0.253095 -5.67383e-14 -4.04875e-14 2.37116e-13
1.435 0.748205 5.78504e-14 0.251904 -5.73245e-14 -4.08609e-14 2.36617e-13
1.44 0.749396 5.83438e-14 0.250712 -5.78889e-14 -4.12262e-14 2.36096e-13
1.445 0.750588 5.88191e-14 0.249521 -5.84145e-14 -4.15983e-14 2.35601e-13
1.45 0.75178 5.92213e-14 0.248328 -5.89085e-14 -4.20235e-14 2.35096e-13
1.455 0.752972 5.97134e-14 0.247136 -5.9376e-14 -4.25036e-14 2.34587e-13
1.46 0.754166 6.01403e-14 0.245942 -5.98273e-14 -4.30584e-14 2.34065e-13
1.465 0.755359 6.06221e-14 0.244749 -6.02651e-14 -4.36455e-14 2.33528e-13
1.47 0.756554 6.1129e-14 0.243554 -6.06982e-14 -4.42747e-14 2.32984e-13
1.475 0.757748 6.14663e-14 0.242359 -6.11054e-14 -4.49259e-14 2.32523e-13
1.48 0.758944 6.18883e-14 0.241164 -6.14842e-14 -4.55647e-14 2.32044e-13
1.485 0.76014 6.21854e-14 0.239967 -6.18443e-14 -4.61978e-14 2.31588e-13
1.49 0.761337 6.25159e-14 0.238771 -6.21898e-14 -4.6886e-14 2.31107e-13
1.495 0.762534 6.28668e-14 0.237573 -6.25052e-14 -4.76112e-14 2.30666e-13
1.5 0.763732 6.31664e-14 0.236376 -6.27996e-14 -4.8378e-14 2.30245e-13
1.505 0.76493 6.35408e-14 0.235177 -6.30722e-14 -4.91315e-14 2.29835e-13
1.51 0.766129 6.37846e-14 0.233978 -6.33058e-14 -4.98773e-14 2.29395e-13
1.515 0.767328 6.4045e-14 0.232779 -6.35243e-14 -5.0714e-14 2.28959e-13
1.52 0.768528 6.42127e-14 0.231579 -6.37086e-14 -5.16128e-14 2.28515e-13
1.525 0.769728 6.42948e-14 0.230378 -6.38679e-14 -5.25775e-14 2.28025e-13
1.53 0.770929 6.43936e-14 0.229178 -6.39843e-14 -5.35976e-14 2.27518e-13
1.535 0.77213 6.45039e-14 0.227976 -6.40685e-14 -5.46442e-14 2.27121e-13
1.54 0.773331 6.45689e-14 0.226775 -6.41101e-14 -5.57372e-14 2.2673e-13
1.545 0.774532 6.44947e-14 0.225574 -6.40846e-14 -5.68649e-14 2.26271e-13
1.55 0.775733 6.4543e-14 0.224374 -6.4016e-14 -5.7955e-14 2.25839e-13
1.555 0.776933 6.44248e-14 0.223173 -6.39034e-14 -5.90783e-14 2.25442e-13
1.56 0.778133 6.42854e-14 0.221973 -6.37575e-14 -6.02259e-14 2.25003e-13
1.565 0.779333 6.4113e-14 0.220773 -6.35871e-14 -6.1438e-14 2.24583e-13
1.57 0.780533 6.39856e-14 0.219573 -6.34197e-14 -6.26148e-14 2.24074e-13
1.575 0.781733 6.38317e-14 0.218373 -6.32434e-14 -6.38189e-14 2.23578e-13
1.58 0.782933 6.36778e-14 0.217173 -6.30773e-14 -6.49738e-14 2.23023e-13
1.585 0.784132 6.3536e-14 0.215974 -6.29163e-14 -6.62661e-14 2.22412e-13
1.59 0.785331 6.33531e-14 0.214775 -6.276e-14 -6.75565e-14 2.21773e-13
1.595 0.78653 6.32203e-14 0.213576 -6.26151e-14 -6.88671e-14 2.21065e-13
1.6 0.787729 6.31377e-14 0.212377 -6.24989e-14 -7.02071e-14 2.2029e-13
1.605 0.788927 6.30256e-14 0.211179 -6.24102e-14 -7.15505e-14 2.19547e-13
1.61 0.790125 6.2988e-14 0.20998 -6.23369e-14 -7.28776e-14 2.18841e-13
1.615 0.791323 6.29417e-14 0.208783 -6.22874e-14 -7.42242e-14 2.18219e-13
1.62 0.79252 6.29356e-14 0.207586 -6.22665e-14 -7.55498e-14 2.17675e-13
1.625 0.793717 6.29213e-14 0.206389 -6.22797e-14 -7.68985e-14 2.17112e-13
1.63 0.794913 6.29839e-14 0.205193 -6.23314e-14 -7.82326e-14 2.16569e-13
1.635 0.796108 6.31101e-14 0.203998 -6.24129e-14 -7.94982e-14 2.16157e-13
1.64 0.797303 6.33166e-14 0.202803 -6.25187e-14 -8.07684e-14 2.15738e-13
1.645 0.798497 6.34741e-14 0.201609 -6.26657e-14 -8.21674e-14 2.15338e-13
1.65 0.799689 6.36845e-14 0.200417 -6.28586e-14 -8.34947e-14 2.14879e-13
1.655 0.800881 6.39902e-14 0.199225 -6.30848e-14 -8.48443e-14 2.1449e-13
1.66 0.802071 6.42998e-14 0.198035 -6.33276e-14 -8.59967e-14 2.14237e-13
1.665 0.803259 6.44959e-14 0.196846 -6.36163e-14 -8.7079e-14 2.13997e-13
1.67 0.804446 6.47227e-14 0.19566 -6.39274e-14 -8.81946e-14 2.1378e-13
1.675 0.80563 6.50884e-14 0.194476 -6.42787e-14 -8.93729e-14 2.13586e-13
1.68 0.806813 6.55064e-14 0.193293 -6.46702e-14 -9.06387e-14 2.13347e-13
1.685 0.807993 6.59822e-14 0.192113 -6.50894e-14 -9.18871e-14 2.13109e-13
1.69 0.809171 6.64205e-14 0.190935 -6.55303e-14 -9.30755e-14 2.12905e-13
1.695 0.810347 6.68476e-14 0.189759 -6.5996e-14 -9.41705e-14 2.12622e-13
1.7 0.81152 6.72803e-14 0.188586 -6.64906e-14 -9.52452e-14 2.12355e-13
1.705 0.81269 6.78341e-14 0.187416 -6.70172e-14 -9.63195e-14 2.12031e-13
1.71 0.813858 6.84444e-14 0.186248 -6.7554e-14 -9.74803e-14 2.11759e-13
1.715 0.815023 6.89833e-14 0.185083 -6.81045e-14 -9.85581e-14 2.11435e-13
1.72 0.816185 6.94807e-14 0.183921 -6.86401e-14 -9.95826e-14 2.11106e-13
1.725 0.817344 7.0009e-14 0.182762 -6.91783e-14 -1.00659e-13 2.10775e-13
1.73 0.8185 7.06115e-14 0.181606 -6.97155e-14 -1.01718e-13 2.10499e-13
1.735 0.819653 7.12433e-14 0.180453 -7.02659e-14 -1.02775e-13 2.1021e-13
1.74 0.820802 7.18225e-14 0.179304 -7.08079e-14 -1.03812e-13 2.09898e-13
1.745 0.821948 7.23871e-14 0.178158 -7.13439e-14 -1.04856e-13 2.09628e-13
1.75 0.82309 7.28662e-14 0.177016 -7.1874e-14 -1.05942e-13 2.0937e-13
1.755 0.824229 7.33824e-14 0.175877 -7.24127e-14 -1.06923e-13 2.09291e-13
1.76 0.825363 7.3907e-14 0.174743 -7.29741e-14 -1.07872e-13 2.09291e-13
1.765 0.826493 7.46027e-14 0.173613 -7.35617e-14 -1.08798e-13 2.0939e-13
1.77 0.82762 7.51954e-14 0.172487 -7.41657e-14 -1.09694e-13 2.09524e-13
1.775 0.828741 7.58243e-14 0.171365 -7.47972e-14 -1.10559e-13 2.09716e-13
1.78 0.829859 7.64401e-14 0.170247 -7.54552e-14 -1.11444e-13 2.09945e-13
1.785 0.830971 7.70249e-14 0.169135 -7.61022e-14 -1.12355e-13 2.10169e-13
1.79 0.83208 7.76028e-14 0.168027 -7.67456e-14 -1.13279e-13 2.10365e-13
1.795 0.833183 7.81718e-14 0.166923 -7.74077e-14 -1.14182e-13 2.10552e-13
1.8 0.834282 7.87331e-14 0.165824 -7.80437e-14 -1.15089e-13 2.10708e-13
1.805 0.835375 7.9362e-14 0.164731 -7.86698e-14 -1.16029e-13 2.10874e-13
1.81 0.836464 7.99248e-14 0.163642 -7.92596e-14 -1.16916e-13 2.11049e-13
1.815 0.837548 8.04521e-14 0.162558 -7.98177e-14 -1.17791e-13 2.11254e-13
1.82 0.838626 8.10089e-14 0.16148 -8.03649e-14 -1.1863e-13 2.11438e-13
1.825 0.8397 8.14847e-14 0.160406 -8.08709e-14 -1.19453e-13 2.11645e-13
1.83 0.840768 8.18456e-14 0.159338 -8.13606e-14 -1.20285e-13 2.11893e-13
1.835 0.84183 8.23432e-14 0.158276 -8.18306e-14 -1.2114e-13 2.12094e-13
1.84 0.842887 8.29037e-14 0.157218 -8.22736e-14 -1.22031e-13 2.1232e-13
1.845 0.843939 8.32817e-14 0.156167 -8.26722e-14 -1.22889e-13 2.1259e-13
1.85 0.844985 8.36554e-14 0.155121 -8.30347e-14 -1.23783e-13 2.1282e-13
1.855 0.846026 8.39663e-14 0.15408 -8.33443e-14 -1.24714e-13 2.13019e-13
1.86 0.84706 8.4212e-14 0.153045 -8.36085e-14 -1.25682e-13 2.13164e-13
1.865 0.848089 8.43977e-14 0.152017 -8.38192e-14 -1.26688e-13 2.13237e-13
1.87 0.849112 8.45774e-14 0.150994 -8.39744e-14 -1.27647e-13 2.13318e-13
1.875 0.850129 8.46379e-14 0.149977 -8.40794e-14 -1.28624e-13 2.13506e-13
1.88 0.85114 8.46966e-14 0.148965 -8.41413e-14 -1.29673e-13 2.13665e-13
1.885 0.852145 8.47007e-14 0.14796 -8.4148e-14 -1.3069e-13 2.13846e-13
1.89 0.853144 8.4617e-14 0.146961 -8.41083e-14 -1.31766e-13 2.14002e-13
1.895 0.854137 8.44936e-14 0.145968 -8.40225e-14 -1.32874e-13 2.14184e-13
1.9 0.855124 8.43886e-14 0.144982 -8.3886e-14 -1.34016e-13 2.14361e-13
1.905 0.856104 8.41997e-14 0.144001 -8.36948e-14 -1.35218e-13 2.14567e-13
1.91 0.857078 8.38984e-14 0.143027 -8.34466e-14 -1.36436e-13 2.14775e-13
1.915 0.858046 8.35746e-14 0.142059 -8.31474e-14 -1.37665e-13 2.14974e-13
1.92 0.859008 8.33388e-14 0.141097 -8.28111e-14 -1.3898e-13 2.15134e-13
1.925 0.859963 8.29657e-14 0.140142 -8.24232e-14 -1.40288e-13 2.15296e-13
1.93 0.860911 8.25248e-14 0.139194 -8.19905e-14 -1.41599e-13 2.15503e-13
1.935 0.861853 8.20091e-14 0.138252 -8.1521e-14 -1.42913e-13 2.15727e-13
1.94 0.862788 8.15431e-14 0.137317 -8.10255e-14 -1.44226e-13 2.16008e-13
1.945 0.863717 8.09304e-14 0.136388 -8.04906e-14 -1.45528e-13 2.16287e-13
1.95 0.864639 8.03643e-14 0.135466 -7.99065e-14 -1.46813e-13 2.16534e-13
1.955 0.865554 7.97191e-14 0.13455 -7.92709e-14 -1.48065e-13 2.16778e-13
1.96 0.866464 7.9054e-14 0.133641 -7.85986e-14 -1.49262e-13 2.1708e-13
1.965 0.867366 7.82913e-14 0.132739 -7.78896e-14 -1.50427e-13 2.17436e-13
1.97 0.868262 7.75538e-14 0.131843 -7.7146e-14 -1.51582e-13 2.17828e-13
1.975 0.869151 7.67972e-14 0.130953 -7.63659e-14 -1.52712e-13 2.18211e-13
1.98 0.870034 7.59701e-14 0.13007 -7.55653e-14 -1.53811e-13 2.18642e-13
1.985 0.870911 7.51146e-14 0.129194 -7.47433e-14 -1.5491e-13 2.1907e-13
1.99 0.871781 7.42666e-14 0.128324 -7.38914e-14 -1.55986e-13 2.1947e-13
1.995 0.872644 7.33887e-14 0.12746 -7.30286e-14 -1.57052e-13 2.19878e-13
2 0.873501 7.25081e-14 0.126603 -7.21356e-14 -1.58132e-13 2.20288e-13
2.005 0.874352 7.16592e-14 0.125752 -7.12225e-14 -1.59048e-13 2.20722e-13
2.01 0.875196 7.07541e-14 0.124908 -7.0293e-14 -1.59992e-13 2.21156e-13
2.015 0.876034 6.98121e-14 0.12407 -6.93597e-14 -1.60926e-13 2.21575e-13
2.02 0.876866 6.88915e-14 0.123239 -6.84185e-14 -1.6178e-13 2.22038e-13
2.025 0.877691 6.79374e-14 0.122413 -6.74846e-14 -1.62637e-13 2.22576e-13
2.03 0.87851 6.70164e-14 0.121595 -6.65547e-14 -1.63498e-13 2.23184e-13
2.035 0.879321 6.59767e-14 0.120783 -6.5542e-14 -1.6422e-13 2.23627e-13
2.04 0.880123 6.49286e-14 0.119981 -6.45161e-14 -1.64944e-13 2.24078e-13
2.045 0.880918 6.39129e-14 0.119186 -6.34992e-14 -1.65708e-13 2.24597e-13
2.05 0.881704 6.28957e-14 0.1184 -6.24991e-14 -1.66426e-13 2.25168e-13
2.055 0.882483 6.19403e-14 0.117621 -6.15255e-14 -1.67154e-13 2.25829e-13
2.06 0.883254 6.10168e-14 0.11685 -6.05838e-14 -1.67855e-13 2.26513e-13
2.065 0.884018 6.00854e-14 0.116086 -5.96696e-14 -1.68775e-13 2.26991e-13
2.07 0.884775 5.92284e-14 0.115329 -5.88265e-14 -1.69666e-13 2.27564e-13
2.075 0.885525 5.84542e-14 0.114579 -5.80589e-14 -1.70532e-13 2.28194e-13
2.08 0.886269 5.7788e-14 0.113835 -5.7376e-14 -1.71305e-13 2.28929e-13
2.085 0.887007 5.71939e-14 0.113097 -5.67792e-14 -1.72071e-13 2.29824e-13
2.09 0.887739 5.66768e-14 0.112365 -5.6266e-14 -1.72881e-13 2.3083e-13
2.095 0.888465 5.62342e-14 0.111639 -5.58454e-14 -1.7363e-13 2.31918e-13
2.1 0.889186 5.58893e-14 0.110918 -5.55174e-14 -1.74404e-13 2.33095e-13
2.105 0.889901 5.56587e-14 0.110203 -5.52906e-14 -1.75116e-13 2.34325e-13
2.11 0.890611 5.55353e-14 0.109492 -5.516e-14 -1.75773e-13 2.35645e-13
2.115 0.891316 5.54749e-14 0.108787 -5.51271e-14 -1.76358e-13 2.36941e-13
2.12 0.892016 5.55187e-14 0.108087 -5.51926e-14 -1.76924e-13 2.3829e-13
2.125 0.892712 5.56906e-14 0.107392 -5.53607e-14 -1.77475e-13 2.39622e-13
2.13 0.893402 5.59632e-14 0.106701 -5.56283e-14 -1.78053e-13 2.40928e-13
2.135 0.894088 5.63274e-14 0.106015 -5.5997e-14 -1.78635e-13 2.42262e-13
2.14 0.89477 5.68087e-14 0.105334 -5.64644e-14 -1.79193e-13 2.43572e-13
2.145 0.895447 5.73493e-14 0.104656 -5.70236e-14 -1.79736e-13 2.448e-13
2.15 0.89612 5.79765e-14 0.103983 -5.76668e-14 -1.80251e-13 2.46069e-13
2.155 0.896789 5.87138e-14 0.103315 -5.83922e-14 -1.8078e-13 2.47264e-13
2.16 0.897453 5.95208e-14 0.10265 -5.92036e-14 -1.81284e-13 2.48407e-13
2.165 0.898114 6.04052e-14 0.10199 -6.00946e-14 -1.81783e-13 2.49445e-13
2.17 0.89877 6.13604e-14 0.101333 -6.10602e-14 -1.823e-13 2.50435e-13
2.175 0.899423 6.23939e-14 0.100681 -6.21025e-14 -1.82797e-13 2.51374e-13
2.18 0.900071 6.34878e-14 0.100032 -6.32144e-14 -1.83288e-13 2.52238e-13
2.185 0.900716 6.46475e-14 0.0993868 -6.4384e-14 -1.83827e-13 2.53043e-13
2.19 0.901358 6.58867e-14 0.0987454 -6.56067e-14 -1.84365e-13 2.53801e-13
2.195 0.901996 6.71636e-14 0.0981076 -6.68801e-14 -1.84898e-13 2.54514e-13
2.2 0.90263 6.84723e-14 0.0974736 -6.82123e-14 -1.8549e-13 2.55129e-13
2.205 0.90326 6.98441e-14 0.0968433 -6.96046e-14 -1.86026e-13 2.55698e-13
2.21 0.903886 7.12807e-14 0.0962167 -7.10488e-14 -1.86589e-13 2.56172e-13
2.215 0.904509 7.27445e-14 0.0955938 -7.25334e-14 -1.86979e-13 2.56626e-13
2.22 0.905128 7.42689e-14 0.0949747 -7.4066e-14 -1.87443e-13 2.57067e-13
2.225 0.905744 7.58785e-14 0.0943594 -7.56434e-14 -1.87911e-13 2.5747e-13
2.23 0.906355 7.75167e-14 0.093748 -7.72595e-14 -1.88408e-13 2.57842e-13
2.235 0.906963 7.91597e-14 0.0931403 -7.89161e-14 -1.89017e-13 2.58229e-13
2.24 0.907567 8.08676e-14 0.0925365 -8.0611e-14 -1.89695e-13 2.58646e-13
2.245 0.908166 8.25916e-14 0.0919367 -8.23382e-14 -1.90429e-13 2.59103e-13
2.25 0.908762 8.43621e-14 0.0913407 -8.40876e-14 -1.91263e-13 2.59583e-13
2.255 0.909354 8.61749e-14 0.0907488 -8.58742e-14 -1.9218e-13 2.60162e-13
2.26 0.909942 8.79832e-14 0.0901607 -8.76893e-14 -1.93244e-13 2.60732e-13
2.265 0.910526 8.98269e-14 0.0895766 -8.95339e-14 -1.94353e-13 2.61367e-13
2.27 0.911107 9.17185e-14 0.0889964 -9.14097e-14 -1.95482e-13 2.61956e-13
2.275 0.911683 9.35823e-14 0.0884202 -9.33055e-14 -1.96731e-13 2.62565e-13
2.28 0.912255 9.54785e-14 0.0878479 -9.52062e-14 -1.97988e-13 2.63182e-13
2.285 0.912823 9.73712e-14 0.0872795 -9.71045e-14 -1.99156e-13 2.63743e-13
2.29 0.913388 9.92785e-14 0.0867152 -9.90021e-14 -2.00284e-13 2.64149e-13
2.295 0.913948 1.01167e-13 0.0861549 -1.009e-13 -2.0132e-13 2.64552e-13
2.3 0.914504 1.03041e-13 0.0855985 -1.02787e-13 -2.02305e-13 2.64966e-13
2.305 0.915057 1.0492e-13 0.0850461 -1.04658e-13 -2.03203e-13 2.65338e-13
2.31 0.915605 1.06767e-13 0.0844976 -1.06512e-13 -2.0401e-13 2.65645e-13
2.315 0.91615 1.08589e-13 0.0839532 -1.0834e-13 -2.04828e-13 2.65904e-13
2.32 0.91669 1.10382e-13 0.0834127 -1.10137e-13 -2.05587e-13 2.66221e-13
2.325 0.917227 1.12163e-13 0.0828762 -1.11902e-13 -2.06419e-13 2.66765e-13
2.33 0.917759 1.13901e-13 0.0823437 -1.13617e-13 -2.07209e-13 2.67383e-13
2.335 0.918288 1.15557e-13 0.0818151 -1.15289e-13 -2.07779e-13 2.67934e-13
2.34 0.918812 1.17172e-13 0.0812904 -1.16904e-13 -2.08791e-13 2.68511e-13
2.345 0.919333 1.18748e-13 0.0807697 -1.1847e-13 -2.0956e-13 2.68857e-13
2.35 0.91985 1.20254e-13 0.0802527 -1.19992e-13 -2.10135e-13 2.69115e-13
2.355 0.920363 1.21719e-13 0.0797394 -1.21466e-13 -2.10192e-13 2.6899e-13
2.36 0.920873 1.23128e-13 0.0792295 -1.22872e-13 -2.10299e-13 2.6875e-13
2.365 0.92138 1.24478e-13 0.0787228 -1.2423e-13 -2.10484e-13 2.68438e-13
2.37 0.921883 1.25844e-13 0.0782192 -1.25575e-13 -2.10698e-13 2.68089e-13
2.375 0.922384 1.27118e-13 0.0777184 -1.2687e-13 -2.10904e-13 2.67764e-13
2.38 0.922882 1.28373e-13 0.0772204 -1.28124e-13 -2.11144e-13 2.67441e-13
2.385 0.923378 1.29553e-13 0.076725 -1.29289e-13 -2.11265e-13 2.67099e-13
2.39 0.923871 1.30681e-13 0.0762319 -1.30421e-13 -2.11275e-13 2.66803e-13
2.395 0.924362 1.31779e-13 0.0757409 -1.31519e-13 -2.11268e-13 2.66571e-13
2.4 0.924851 1.32859e-13 0.0752519 -1.32606e-13 -2.11221e-13 2.66249e-13
2.405 0.925342 1.33937e-13 0.0747608 -1.33702e-13 -2.10896e-13 2.65962e-13
2.41 0.925838 1.35018e-13 0.0742641 -1.34778e-13 -2.10484e-13 2.65635e-13
2.415 0.92634 1.35988e-13 0.0737619 -1.35752e-13 -2.10032e-13 2.65267e-13
2.42 0.926848 1.36923e-13 0.0732547 -1.36682e-13 -2.09544e-13 2.64853e-13
2.425 0.92736 1.37787e-13 0.0727426 -1.37557e-13 -2.08998e-13 2.64401e-13
2.43 0.927876 1.38574e-13 0.0722259 -1.38352e-13 -2.08382e-13 2.63929e-13
2.435 0.928397 1.39329e-13 0.0717049 -1.39095e-13 -2.07689e-13 2.63368e-13
2.44 0.928922 1.39985e-13 0.0711797 -1.3974e-13 -2.0697e-13 2.62711e-13
2.445 0.929451 1.40548e-13 0.0706508 -1.40294e-13 -2.06247e-13 2.6194e-13
2.45 0.929984 1.41066e-13 0.0701182 -1.40819e-13 -2.05525e-13 2.61096e-13
2.455 0.93052 1.41534e-13 0.0695823 -1.41279e-13 -2.048e-13 2.60133e-13
2.46 0.931058 1.41939e-13 0.0690435 -1.41663e-13 -2.04081e-13 2.59064e-13
2.465 0.9316 1.42323e-13 0.068502 -1.42048e-13 -2.03396e-13 2.57871e-13
2.47 0.932144 1.42631e-13 0.067958 -1.42362e-13 -2.02735e-13 2.56586e-13
2.475 0.93269 1.42889e-13 0.067412 -1.42617e-13 -2.02082e-13 2.55265e-13
2.48 0.933237 1.43076e-13 0.0668643 -1.42797e-13 -2.01447e-13 2.53776e-13
2.485 0.933786 1.43229e-13 0.0663154 -1.42947e-13 -2.00894e-13 2.52162e-13
2.49 0.934335 1.43341e-13 0.0657667 -1.4306e-13 -2.00431e-13 2.50476e-13
2.495 0.934882 1.43442e-13 0.0652197 -1.43161e-13 -2.00014e-13 2.48705e-13
2.5 0.935426 1.43571e-13 0.0646757 -1.4329e-13 -1.99624e-13 2.46786e-13
