0 0 0 1 0 0 0
0.01 0.000159135 -3.27809e-16 0.999841 -2.0031e-16 -5.63075e-16 4.65429e-16
0.02 0.000636306 -3.13209e-16 0.999364 -1.79627e-16 -9.76922e-16 5.90979e-16
0.03 0.00143082 -1.98281e-16 0.998569 -1.78471e-16 -1.40276e-15 7.21682e-16
0.04 0.00254151 -2.94261e-16 0.997458 -1.80503e-16 -1.84019e-15 9.29348e-16
0.05 0.00396676 -3.05623e-16 0.996033 -1.86818e-16 -2.29619e-15 1.11504e-15
0.06 0.0057045 -5.02059e-16 0.994295 -1.83789e-16 -2.77194e-15 1.47229e-15
0.07 0.0077522 -4.76504e-16 0.992248 -1.96228e-16 -3.28745e-15 1.71253e-15
0.08 0.0101069 -6.01847e-16 0.989893 -2.01065e-16 -3.82577e-15 1.84482e-15
0.09 0.0127652 -6.76574e-16 0.987235 -1.92168e-16 -4.37086e-15 1.91632e-15
0.1 0.0157232 -5.85127e-16 0.984277 -1.88443e-16 -4.94739e-15 2.15945e-15
0.11 0.0189768 -7.50636e-16 0.981023 -1.64512e-16 -5.56261e-15 2.59535e-15
0.12 0.0225212 -7.2479e-16 0.977479 -1.44752e-16 -6.21357e-15 3.0256e-15
0.13 0.0263515 -3.63232e-16 0.973649 -1.20646e-16 -6.89543e-15 3.36041e-15
0.14 0.0304621 -2.47698e-16 0.969538 -1.07497e-16 -7.61529e-15 3.81025e-15
0.15 0.0348474 -2.7201e-16 0.965153 -1.14956e-16 -8.37381e-15 4.25195e-15
0.16 0.039501 6.23663e-17 0.960499 -1.71097e-16 -9.16774e-15 4.64241e-15
0.17 0.0444167 7.75891e-17 0.955583 -2.2673e-16 -9.98498e-15 5.11548e-15
0.18 0.0495875 -1.14435e-16 0.950413 -2.64063e-16 -1.0847e-14 5.65169e-15
0.19 0.0550064 -7.78997e-17 0.944994 -3.01393e-16 -1.17649e-14 6.33328e-15
0.2 0.0606659 -2.05353e-17 0.939334 -3.15784e-16 -1.2724e-14 7.06509e-15
0.21 0.0665584 -3.81804e-17 0.933442 -2.50364e-16 -1.37132e-14 7.74483e-15
0.22 0.072676 -4.36718e-16 0.927324 -1.76667e-16 -1.47195e-14 8.41449e-15
0.23 0.0790106 -5.2257e-16 0.920989 -1.19567e-16 -1.57363e-14 8.98762e-15
0.24 0.0855537 -8.48757e-16 0.914446 -3.55214e-17 -1.67535e-14 9.60798e-15
0.25 0.0922969 -1.19555e-15 0.907703 4.91694e-17 -1.77804e-14 1.01713e-14
0.26 0.0992315 -1.23393e-15 0.900769 9.62684e-17 -1.87843e-14 1.06839e-14
0.27 0.106348 -1.13017e-15 0.893652 1.43391e-16 -1.97504e-14 1.11663e-14
0.28 0.113639 -8.97591e-16 0.886361 1.73711e-16 -2.06801e-14 1.14533e-14
0.29 0.121094 -7.29547e-16 0.878906 1.45305e-16 -2.15723e-14 1.16845e-14
0.3 0.128704 -8.90301e-16 0.871296 3.06685e-17 -2.24186e-14 1.17836e-14
0.31 0.136459 -5.26637e-16 0.863541 -2.1207e-16 -2.31829e-14 1.1794e-14
0.32 0.144352 -4.19989e-16 0.855648 -4.7675e-16 -2.38303e-14 1.17046e-14
0.33 0.152371 -1.57729e-16 0.847629 -7.50541e-16 -2.43495e-14 1.14731e-14
0.34 0.160509 2.34036e-16 0.839491 -1.02372e-15 -2.47502e-14 1.1057e-14
0.35 0.168755 7.52859e-16 0.831245 -1.31275e-15 -2.49982e-14 1.04769e-14
0.36 0.1771 1.14696e-15 0.8229 -1.58322e-15 -2.50947e-14 9.67002e-15
0.37 0.185535 1.23586e-15 0.814465 -1.86787e-15 -2.5042e-14 8.69877e-15
0.38 0.19405 1.64727e-15 0.80595 -2.13752e-15 -2.48542e-14 7.49499e-15
0.39 0.202637 1.93039e-15 0.797363 -2.39148e-15 -2.45053e-14 5.96342e-15
0.4 0.211287 2.43042e-15 0.788713 -2.68125e-15 -2.40301e-14 4.12671e-15
0.41 0.21999 2.676e-15 0.78001 -2.99421e-15 -2.33005e-14 1.9756e-15
0.42 0.228738 3.31693e-15 0.771262 -3.34694e-15 -2.23388e-14 -4.22936e-16
0.43 0.237521 3.59254e-15 0.762479 -3.79823e-15 -2.11251e-14 -3.05699e-15
0.44 0.246332 4.02965e-15 0.753668 -4.3386e-15 -1.96227e-14 -5.97226e-15
0.45 0.255163 4.77134e-15 0.744837 -5.04659e-15 -1.78567e-14 -9.08557e-15
0.46 0.264004 5.57395e-15 0.735996 -5.79414e-15 -1.58069e-14 -1.24493e-14
0.47 0.272848 6.26579e-15 0.727152 -6.4944e-15 -1.34936e-14 -1.60911e-14
0.48 0.281688 7.12109e-15 0.718312 -7.22065e-15 -1.08905e-14 -1.99816e-14
0.49 0.290515 8.00163e-15 0.709485 -7.94316e-15 -8.01618e-15 -2.40287e-14
0.5 0.299323 8.80779e-15 0.700677 -8.63874e-15 -4.90772e-15 -2.82077e-14
0.51 0.308104 9.44134e-15 0.691896 -9.32063e-15 -1.61129e-15 -3.247e-14
0.52 0.316852 1.00024e-14 0.683148 -9.98746e-15 1.84145e-15 -3.67762e-14
0.53 0.325559 1.07822e-14 0.674441 -1.06166e-14 5.45839e-15 -4.11626e-14
0.54 0.334219 1.11221e-14 0.665781 -1.12765e-14 9.26113e-15 -4.55543e-14
0.55 0.342827 1.20736e-14 0.657173 -1.19288e-14 1.32506e-14 -4.99494e-14
0.56 0.351377 1.2939e-14 0.648623 -1.26043e-14 1.74806e-14 -5.43424e-14
0.57 0.359863 1.37546e-14 0.640137 -1.32325e-14 2.18787e-14 -5.87494e-14
0.58 0.368279 1.44509e-14 0.631721 -1.38671e-14 2.64276e-14 -6.31145e-14
0.59 0.37662 1.51109e-14 0.62338 -1.44787e-14 3.11426e-14 -6.7332e-14
0.6 0.384883 1.58653e-14 0.615117 -1.51108e-14 3.5908e-14 -7.154e-14
0.61 0.393062 1.64232e-14 0.606938 -1.56933e-14 4.08038e-14 -7.55834e-14
0.62 0.401153 1.72123e-14 0.598847 -1.6331e-14 4.5675e-14 -7.95215e-14
0.63 0.409152 1.7632e-14 0.590848 -1.68824e-14 5.05795e-14 -8.33633e-14
0.64 0.417055 1.82204e-14 0.582945 -1.74131e-14 5.54199e-14 -8.71044e-14
0.65 0.42486 1.85033e-14 0.57514 -1.79205e-14 6.03561e-14 -9.07348e-14
0.66 0.432563 1.87268e-14 0.567437 -1.83733e-14 6.53449e-14 -9.42292e-14
0.67 0.44016 1.89472e-14 0.55984 -1.88149e-14 7.02306e-14 -9.7493e-14
0.68 0.447651 1.97177e-14 0.552349 -1.92618e-14 7.5019e-14 -1.00602e-13
0.69 0.455031 2.04182e-14 0.544969 -1.97349e-14 7.9645e-14 -1.03591e-13
0.7 0.462299 2.057e-14 0.537701 -2.0261e-14 8.41191e-14 -1.06357e-13
0.71 0.469453 2.12004e-14 0.530547 -2.07933e-14 8.84971e-14 -1.0894e-13
0.72 0.476491 2.18067e-14 0.523509 -2.13023e-14 9.27876e-14 -1.11376e-13
0.73 0.483413 2.24532e-14 0.516587 -2.18971e-14 9.69783e-14 -1.1374e-13
0.74 0.490216 2.29235e-14 0.509784 -2.24666e-14 1.00997e-13 -1.16068e-13
0.75 0.496901 2.32247e-14 0.503099 -2.29989e-14 1.04941e-13 -1.18243e-13
0.76 0.503465 2.38851e-14 0.496535 -2.35731e-14 1.08955e-13 -1.20282e-13
0.77 0.509909 2.45338e-14 0.490091 -2.41768e-14 1.12866e-13 -1.22212e-13
0.78 0.516233 2.51619e-14 0.483767 -2.48077e-14 1.1678e-13 -1.24039e-13
0.79 0.522436 2.59407e-14 0.477564 -2.55139e-14 1.20681e-13 -1.25739e-13
0.8 0.528518 2.66124e-14 0.471482 -2.61688e-14 1.24459e-13 -1.27078e-13
0.81 0.53448 2.73598e-14 0.46552 -2.68108e-14 1.27978e-13 -1.28273e-13
0.82 0.540321 2.78716e-14 0.459679 -2.74268e-14 1.31505e-13 -1.29278e-13
0.83 0.546044 2.84561e-14 0.453956 -2.80691e-14 1.3504e-13 -1.30051e-13
0.84 0.551647 2.91305e-14 0.448353 -2.86854e-14 1.38296e-13 -1.30882e-13
0.85 0.557133 2.95929e-14 0.442867 -2.92462e-14 1.4109e-13 -1.31655e-13
0.86 0.562503 3.02896e-14 0.437497 -2.9796e-14 1.43851e-13 -1.32318e-13
0.87 0.567757 3.09314e-14 0.432243 -3.0305e-14 1.46557e-13 -1.32964e-13
0.88 0.572897 3.14756e-14 0.427103 -3.08081e-14 1.49093e-13 -1.33449e-13
0.89 0.577924 3.19198e-14 0.422076 -3.12408e-14 1.51488e-13 -1.33965e-13
0.9 0.582841 3.24555e-14 0.417159 -3.16629e-14 1.53281e-13 -1.3492e-13
0.91 0.587648 3.27524e-14 0.412352 -3.20378e-14 1.55058e-13 -1.35854e-13
0.92 0.592347 3.31902e-14 0.407653 -3.23763e-14 1.5666e-13 -1.36857e-13
0.93 0.596941 3.34158e-14 0.403059 -3.2685e-14 1.57937e-13 -1.38077e-13
0.94 0.601431 3.3637e-14 0.398569 -3.28907e-14 1.58894e-13 -1.39569e-13
0.95 0.60582 3.37906e-14 0.39418 -3.30719e-14 1.59366e-13 -1.41312e-13
0.96 0.610109 3.38456e-14 0.389891 -3.3214e-14 1.59208e-13 -1.43312e-13
0.97 0.614301 3.41546e-14 0.385699 -3.3346e-14 1.58438e-13 -1.45348e-13
0.98 0.618399 3.44099e-14 0.381601 -3.35241e-14 1.56885e-13 -1.47135e-13
0.99 0.622403 3.46319e-14 0.377597 -3.36379e-14 1.54646e-13 -1.48212e-13
1 0.626318 3.45974e-14 0.373682 -3.37425e-14 1.51691e-13 -1.48305e-13
1.01 0.630145 3.46949e-14 0.369855 -3.38525e-14 1.48274e-13 -1.47053e-13
1.02 0.633887 3.50305e-14 0.366113 -3.3961e-14 1.44524e-13 -1.4383e-13
1.03 0.637546 3.49939e-14 0.362454 -3.40833e-14 1.40702e-13 -1.37925e-13
1.04 0.641125 3.52418e-14 0.358875 -3.42383e-14 1.3711e-13 -1.28524e-13
1.05 0.644627 3.5286e-14 0.355373 -3.43904e-14 1.34129e-13 -1.14947e-13
1.06 0.648054 3.53936e-14 0.351946 -3.44912e-14 1.32214e-13 -9.64536e-14
1.07 0.651409 3.57319e-14 0.348591 -3.46304e-14 1.31884e-13 -7.239e-14
1.08 0.654694 3.58355e-14 0.345306 -3.47792e-14 1.33729e-13 -4.20586e-14
1.09 0.657913 3.60308e-14 0.342087 -3.49156e-14 1.38493e-13 -4.91247e-15
1.1 0.661067 3.60473e-14 0.338933 -3.50208e-14 1.46846e-13 3.955e-14
1.11 0.664159 3.61823e-14 0.335841 -3.5127e-14 1.59614e-13 9.16823e-14
1.12 0.667193 3.6155e-14 0.332807 -3.52316e-14 1.77289e-13 1.51782e-13
1.13 0.67017 3.59524e-14 0.32983 -3.52578e-14 2.00688e-13 2.20014e-13
1.14 0.673093 3.60182e-14 0.326907 -3.5303e-14 2.30409e-13 2.96595e-13
1.15 0.675966 3.61179e-14 0.324034 -3.53215e-14 2.67085e-13 3.8132e-13
1.16 0.67879 3.61705e-14 0.32121 -3.53008e-14 3.11301e-13 4.7398e-13
1.17 0.681567 3.62043e-14 0.318433 -3.52936e-14 3.63449e-13 5.74258e-13
1.18 0.684301 3.61564e-14 0.315699 -3.52687e-14 4.23996e-13 6.81642e-13
1.19 0.686995 3.62098e-14 0.313005 -3.5245e-14 4.9308e-13 7.95495e-13
1.2 0.689649 3.60955e-14 0.310351 -3.51675e-14 5.70821e-13 9.15091e-13
1.21 0.692267 3.59686e-14 0.307733 -3.49985e-14 6.57133e-13 1.03974e-12
1.22 0.694852 3.56539e-14 0.305148 -3.47675e-14 7.51852e-13 1.16841e-12
1.23 0.697405 3.53347e-14 0.302595 -3.44672e-14 8.54626e-13 1.30005e-12
1.24 0.699928 3.48675e-14 0.300072 -3.40844e-14 9.64987e-13 1.43367e-12
1.25 0.702424 3.45025e-14 0.297576 -3.3652e-14 1.08235e-12 1.56831e-12
1.26 0.704895 3.39477e-14 0.295105 -3.31463e-14 1.20591e-12 1.70285e-12
1.27 0.707343 3.32876e-14 0.292657 -3.25568e-14 1.33463e-12 1.83614e-12
1.28 0.70977 3.26425e-14 0.29023 -3.18801e-14 1.46753e-12 1.96699e-12
1.29 0.712178 3.19758e-14 0.287822 -3.1155e-14 1.60348e-12 2.09428e-12
1.3 0.714569 3.119e-14 0.285431 -3.03818e-14 1.7411e-12 2.21694e-12
1.31 0.716944 3.02928e-14 0.283056 -2.95218e-14 1.87905e-12 2.33413e-12
1.32 0.719305 2.93883e-14 0.280695 -2.85687e-14 2.0159e-12 2.44465e-12
1.33 0.721654 2.83605e-14 0.278346 -2.75161e-14 2.15019e-12 2.54764e-12
1.34 0.723992 2.72651e-14 0.276008 -2.63821e-14 2.28038e-12 2.64231e-12
1.35 0.726321 2.60176e-14 0.273679 -2.51669e-14 2.405e-12 2.72763e-12
1.36 0.728643 2.47085e-14 0.271357 -2.38199e-14 2.52257e-12 2.80325e-12
1.37 0.730958 2.32132e-14 0.269042 -2.23974e-14 2.63155e-12 2.86861e-12
1.38 0.733267 2.15683e-14 0.266733 -2.08684e-14 2.73044e-12 2.92323e-12
1.39 0.735573 1.99804e-14 0.264427 -1.92274e-14 2.81794e-12 2.96688e-12
1.4 0.737875 1.82519e-14 0.262125 -1.74941e-14 2.89276e-12 2.99944e-12
1.41 0.740176 1.6378e-14 0.259824 -1.56538e-14 2.95361e-12 3.02075e-12
1.42 0.742475 1.4356e-14 0.257525 -1.37384e-14 2.99945e-12 3.03091e-12
1.43 0.744773 1.23154e-14 0.255227 -1.17282e-14 3.02928e-12 3.03033e-12
1.44 0.747072 1.02738e-14 0.252928 -9.6568e-15 3.04245e-12 3.01938e-12
1.45 0.749372 8.10589e-15 0.250628 -7.52163e-15 3.03829e-12 2.99844e-12
1.46 0.751673 5.92269e-15 0.248327 -5.30631e-15 3.01653e-12 2.96783e-12
1.47 0.753976 3.69361e-15 0.246024 -3.02491e-15 2.9768e-12 2.92827e-12
1.48 0.756281 1.42073e-15 0.243719 -7.21198e-16 2.91897e-12 2.88058e-12
1.49 0.758589 -9.47033e-16 0.241411 1.58926e-15 2.84332e-12 2.82552e-12
1.5 0.7609 -3.24829e-15 0.2391 3.89623e-15 2.74992e-12 2.76422e-12
1.51 0.763213 -5.5519e-15 0.236787 6.1899e-15 2.63932e-12 2.69759e-12
1.52 0.765529 -7.79583e-15 0.234471 8.46322e-15 2.51228e-12 2.62676e-12
1.53 0.767848 -1.01998e-14 0.232152 1.07374e-14 2.36964e-12 2.55273e-12
1.54 0.77017 -1.24816e-14 0.22983 1.298e-14 2.21254e-12 2.4766e-12
1.55 0.772495 -1.47925e-14 0.227505 1.52201e-14 2.04219e-12 2.39948e-12
1.56 0.774822 -1.70503e-14 0.225178 1.7408e-14 1.85989e-12 2.32221e-12
1.57 0.77715 -1.92214e-14 0.22285 1.95673e-14 1.66718e-12 2.24592e-12
1.58 0.779481 -2.1456e-14 0.220519 2.17155e-14 1.46547e-12 2.17157e-12
1.59 0.781813 -2.35056e-14 0.218187 2.37935e-14 1.2566e-12 2.10009e-12
1.6 0.784145 -2.56061e-14 0.215855 2.58355e-14 1.04228e-12 2.03229e-12
1.61 0.786478 -2.7537e-14 0.213522 2.78155e-14 8.2426e-13 1.96913e-12
1.62 0.788811 -2.94098e-14 0.211189 2.97036e-14 6.04379e-13 1.91106e-12
1.63 0.791142 -3.12743e-14 0.208858 3.15172e-14 3.84399e-13 1.85879e-12
1.64 0.793472 -3.29972e-14 0.206528 3.32029e-14 1.66248e-13 1.81285e-12
1.65 0.795799 -3.45844e-14 0.204201 3.47641e-14 -4.81604e-14 1.77367e-12
1.66 0.798123 -3.60402e-14 0.201877 3.62791e-14 -2.57065e-13 1.74145e-12
1.67 0.800443 -3.75103e-14 0.199557 3.76605e-14 -4.58638e-13 1.7162e-12
1.68 0.802758 -3.87935e-14 0.197242 3.89508e-14 -6.51446e-13 1.69818e-12
1.69 0.805068 -4.00366e-14 0.194932 4.01938e-14 -8.33835e-13 1.68731e-12
1.7 0.80737 -4.11683e-14 0.19263 4.13531e-14 -1.0043e-12 1.68338e-12
1.71 0.809666 -4.22375e-14 0.190334 4.24456e-14 -1.16151e-12 1.68625e-12
1.72 0.811953 -4.32171e-14 0.188047 4.34466e-14 -1.30414e-12 1.69558e-12
1.73 0.81423 -4.40535e-14 0.18577 4.43409e-14 -1.43109e-12 1.71093e-12
1.74 0.816498 -4.48493e-14 0.183502 4.51405e-14 -1.5415e-12 1.73181e-12
1.75 0.818754 -4.55263e-14 0.181246 4.5835e-14 -1.63445e-12 1.7576e-12
1.76 0.820998 -4.61944e-14 0.179002 4.6413e-14 -1.70948e-12 1.78775e-12
1.77 0.823229 -4.67086e-14 0.176771 4.6907e-14 -1.76613e-12 1.8216e-12
1.78 0.825445 -4.7045e-14 0.174555 4.73007e-14 -1.80422e-12 1.85843e-12
1.79 0.827647 -4.72952e-14 0.172353 4.75966e-14 -1.82372e-12 1.89752e-12
1.8 0.829833 -4.75165e-14 0.170167 4.77791e-14 -1.82465e-12 1.93804e-12
1.81 0.832001 -4.76725e-14 0.167999 4.78877e-14 -1.80723e-12 1.97918e-12
1.82 0.834152 -4.7762e-14 0.165848 4.79188e-14 -1.77191e-12 2.0201e-12
1.83 0.836285 -4.77827e-14 0.163715 4.78738e-14 -1.71919e-12 2.05991e-12
1.84 0.838397 -4.7679e-14 0.161603 4.77621e-14 -1.64989e-12 2.09808e-12
1.85 0.84049 -4.75243e-14 0.15951 4.75795e-14 -1.56479e-12 2.13374e-12
1.86 0.842561 -4.72237e-14 0.157439 4.73306e-14 -1.46491e-12 2.16616e-12
1.87 0.84461 -4.69469e-14 0.15539 4.70035e-14 -1.35147e-12 2.19492e-12
1.88 0.846637 -4.66132e-14 0.153363 4.66823e-14 -1.22562e-12 2.2195e-12
1.89 0.84864 -4.61995e-14 0.15136 4.63339e-14 -1.08869e-12 2.23943e-12
1.9 0.850619 -4.58016e-14 0.149381 4.5949e-14 -9.4186e-13 2.25433e-12
1.91 0.852573 -4.53364e-14 0.147427 4.55284e-14 -7.86673e-13 2.26409e-12
1.92 0.854501 -4.48013e-14 0.145499 4.50484e-14 -6.24639e-13 2.26837e-12
1.93 0.856404 -4.42448e-14 0.143596 4.45159e-14 -4.57432e-13 2.26684e-12
1.94 0.85828 -4.36864e-14 0.14172 4.39516e-14 -2.8652e-13 2.25947e-12
1.95 0.860129 -4.30984e-14 0.139871 4.33938e-14 -1.13363e-13 2.24633e-12
1.96 0.86195 -4.24361e-14 0.13805 4.27811e-14 6.04454e-14 2.22749e-12
1.97 0.863744 -4.18115e-14 0.136256 4.21564e-14 2.33304e-13 2.20318e-12
1.98 0.865509 -4.11176e-14 0.134491 4.15141e-14 4.03664e-13 2.17385e-12
1.99 0.867245 -4.04822e-14 0.132755 4.0843e-14 5.69956e-13 2.13971e-12
2 0.868953 -3.98044e-14 0.131047 4.0182e-14 7.3088e-13 2.10109e-12
2.01 0.870631 -3.91382e-14 0.129369 3.95161e-14 8.84986e-13 2.05859e-12
2.02 0.872279 -3.85259e-14 0.127721 3.88918e-14 1.03114e-12 2.0126e-12
2.03 0.873898 -3.79756e-14 0.126102 3.82978e-14 1.16816e-12 1.96385e-12
2.04 0.875487 -3.74037e-14 0.124513 3.77305e-14 1.29499e-12 1.91314e-12
2.05 0.877046 -3.68575e-14 0.122954 3.71777e-14 1.41043e-12 1.86103e-12
2.06 0.878575 -3.62985e-14 0.121425 3.66372e-14 1.51368e-12 1.80831e-12
2.07 0.880074 -3.57834e-14 0.119926 3.61239e-14 1.6039e-12 1.75575e-12
2.08 0.881544 -3.53199e-14 0.118456 3.5664e-14 1.68038e-12 1.70428e-12
2.09 0.882983 -3.49036e-14 0.117017 3.52359e-14 1.74248e-12 1.65459e-12
2.1 0.884393 -3.45239e-14 0.115607 3.48307e-14 1.7897e-12 1.60747e-12
2.11 0.885773 -3.40994e-14 0.114227 3.44454e-14 1.82152e-12 1.56392e-12
2.12 0.887123 -3.37347e-14 0.112877 3.41183e-14 1.83774e-12 1.5246e-12
2.13 0.888444 -3.33847e-14 0.111556 3.38205e-14 1.83816e-12 1.49036e-12
2.14 0.889737 -3.31119e-14 0.110263 3.3568e-14 1.82254e-12 1.46201e-12
2.15 0.891 -3.28853e-14 0.109 3.3376e-14 1.79099e-12 1.44025e-12
2.16 0.892235 -3.27342e-14 0.107765 3.32164e-14 1.74351e-12 1.42581e-12
2.17 0.893442 -3.25513e-14 0.106558 3.30253e-14 1.68014e-12 1.41929e-12
2.18 0.894622 -3.24223e-14 0.105378 3.28692e-14 1.60126e-12 1.42129e-12
2.19 0.895774 -3.23018e-14 0.104226 3.27274e-14 1.50729e-12 1.43265e-12
2.2 0.896899 -3.21779e-14 0.103101 3.26109e-14 1.39853e-12 1.45398e-12
2.21 0.897998 -3.21535e-14 0.102002 3.2513e-14 1.27562e-12 1.48641e-12
2.22 0.899071 -3.2028e-14 0.100929 3.24117e-14 1.13912e-12 1.53037e-12
2.23 0.900119 -3.19536e-14 0.0998809 3.23189e-14 9.89455e-13 1.58653e-12
2.24 0.901142 -3.18964e-14 0.098858 3.22315e-14 8.27277e-13 1.65512e-12
2.25 0.902141 -3.1874e-14 0.0978594 3.21751e-14 6.53269e-13 1.73655e-12
2.26 0.903116 -3.18627e-14 0.0968845 3.21562e-14 4.68095e-13 1.83098e-12
2.27 0.904067 -3.18616e-14 0.0959327 3.21738e-14 2.72373e-13 1.93871e-12
2.28 0.904997 -3.18669e-14 0.0950033 3.22522e-14 6.67679e-14 2.05999e-12
2.29 0.905904 -3.19558e-14 0.0940958 3.23758e-14 -1.47844e-13 2.19496e-12
2.3 0.90679 -3.21735e-14 0.0932095 3.25657e-14 -3.70738e-13 2.34361e-12
2.31 0.907656 -3.24323e-14 0.0923437 3.28142e-14 -6.01027e-13 2.50617e-12
2.32 0.908502 -3.27206e-14 0.0914978 3.30985e-14 -8.37699e-13 2.68216e-12
2.33 0.909329 -3.30668e-14 0.0906711 3.34624e-14 -1.07993e-12 2.87121e-12
2.34 0.910137 -3.35137e-14 0.0898629 3.39028e-14 -1.32688e-12 3.07372e-12
2.35 0.910928 -3.39667e-14 0.0890724 3.42842e-14 -1.57761e-12 3.2898e-12
2.36 0.911701 -3.43565e-14 0.088299 3.4693e-14 -1.83106e-12 3.5194e-12
2.37 0.912458 -3.48059e-14 0.0875419 3.5162e-14 -2.08643e-12 3.76256e-12
2.38 0.9132 -3.53702e-14 0.0868005 3.57247e-14 -2.34254e-12 4.01924e-12
2.39 0.913926 -3.62595e-14 0.0860739 3.66313e-14 -2.59839e-12 4.28944e-12
2.4 0.914639 -3.73405e-14 0.0853615 3.77429e-14 -2.85288e-12 4.57286e-12
2.41 0.915337 -3.85639e-14 0.0846625 3.89683e-14 -3.10503e-12 4.86916e-12
2.42 0.916024 -3.98638e-14 0.0839762 4.02487e-14 -3.35369e-12 5.17816e-12
2.43 0.916698 -4.1231e-14 0.0833019 4.16116e-14 -3.59776e-12 5.49932e-12
2.44 0.917361 -4.22597e-14 0.0826388 4.26437e-14 -3.8363e-12 5.83235e-12
2.45 0.918014 -4.29486e-14 0.0819863 4.33123e-14 -4.06813e-12 6.17655e-12
2.46 0.918656 -4.37178e-14 0.0813435 4.40719e-14 -4.29244e-12 6.53167e-12
2.47 0.91929 -4.47926e-14 0.0807099 4.51303e-14 -4.50798e-12 6.89734e-12
2.48 0.919915 -4.61351e-14 0.0800846 4.64638e-14 -4.7141e-12 7.27301e-12
2.49 0.920533 -4.74334e-14 0.079467 4.77703e-14 -4.90998e-12 7.65804e-12
2.5 0.921144 -4.8716e-14 0.0788564 4.90532e-14 -5.09496e-12 8.05202e-12
