0 0 0 1 0 0 0
0.1 0.0157174 3.69807e-16 0.984277 1.17137e-16 -4.26904e-15 -2.13021e-15
0.2 0.0606302 3.67825e-16 0.939361 4.58119e-17 -8.99239e-15 -2.60881e-15
0.3 0.128631 3.44221e-16 0.871356 8.3726e-17 -1.26231e-14 -1.72938e-15
0.4 0.211175 -1.60961e-17 0.788808 4.60468e-16 -1.53669e-14 -3.24293e-16
0.5 0.299178 -1.97991e-16 0.7008 7.96636e-16 -1.66923e-14 1.30923e-15
0.6 0.384715 -6.79868e-16 0.615256 1.19179e-15 -1.6781e-14 2.89419e-15
0.7 0.462127 -8.48926e-16 0.537843 1.4611e-15 -1.60341e-14 3.88752e-15
0.8 0.528355 -1.18134e-15 0.471613 1.71488e-15 -1.50974e-14 4.24397e-15
0.9 0.582697 -1.12421e-15 0.41727 1.63918e-15 -1.4461e-14 4.15818e-15
1 0.626201 -1.3436e-15 0.373766 1.75555e-15 -1.42089e-14 3.77551e-15
1.1 0.66098 -1.52161e-15 0.33899 1.95618e-15 -1.46024e-14 3.35936e-15
1.2 0.689593 -1.95921e-15 0.310381 2.33487e-15 -1.54698e-14 2.66908e-15
1.3 0.714535 -2.18071e-15 0.285442 2.5886e-15 -1.75467e-14 1.97813e-15
1.4 0.737858 -2.31624e-15 0.262123 2.68004e-15 -1.97422e-14 1.02791e-15
1.5 0.760891 -2.34427e-15 0.239095 2.67013e-15 -2.09194e-14 -3.58713e-16
1.6 0.784137 -2.39221e-15 0.215854 2.72821e-15 -2.13684e-14 -1.70631e-15
1.7 0.807355 -2.28136e-15 0.192639 2.67952e-15 -2.04131e-14 -2.66381e-15
1.8 0.829806 -2.11811e-15 0.170191 2.53131e-15 -1.85018e-14 -3.37959e-15
1.9 0.850579 -1.9104e-15 0.149421 2.41339e-15 -1.63512e-14 -3.73468e-15
2 0.868901 -1.68499e-15 0.131101 2.2205e-15 -1.43786e-14 -3.26298e-15
2.1 0.884335 -1.47525e-15 0.115668 1.97585e-15 -1.36978e-14 -2.51401e-15
2.2 0.896842 -1.34371e-15 0.103161 1.8431e-15 -1.3911e-14 -1.44386e-15
2.3 0.906743 -5.35108e-16 0.0932601 1.03328e-15 -1.47488e-14 -1.47786e-16
2.4 0.914609 7.22295e-16 0.0853945 -2.26486e-16 -1.59318e-14 1.16584e-15
2.5 0.92114 2.23844e-15 0.0788638 -1.74363e-15 -1.65494e-14 2.01468e-15
