0 0 0 1 0 0 0
0.01 0.000158064 -3.39317e-16 0.999794 -3.42959e-17 -1.43347e-15 -1.11576e-15
0.02 0.000632063 -4.31313e-16 0.999317 -8.17641e-17 -2.74205e-15 -2.53315e-15
0.03 0.00142174 -2.55766e-16 0.998523 -1.00127e-16 -4.06915e-15 -3.6709e-15
0.04 0.00252652 -2.45068e-16 0.997412 -1.0922e-16 -5.41127e-15 -4.91858e-15
0.05 0.00394532 -1.92372e-16 0.995986 -1.02331e-16 -6.75127e-15 -6.16645e-15
0.06 0.00567678 -2.1823e-16 0.994247 -1.05662e-16 -8.11403e-15 -7.35147e-15
0.07 0.00771915 -3.59909e-16 0.992196 -9.25858e-17 -9.47282e-15 -8.48492e-15
0.08 0.0100703 -3.91987e-16 0.989836 -7.95214e-17 -1.08321e-14 -9.49367e-15
0.09 0.0127279 -2.39792e-16 0.987169 -7.22429e-17 -1.21876e-14 -1.04706e-14
0.1 0.015689 3.85423e-17 0.9842 -6.84714e-17 -1.35312e-14 -1.11587e-14
0.11 0.0189505 4.6397e-17 0.98093 -5.24385e-17 -1.48588e-14 -1.18579e-14
0.12 0.0225089 7.83092e-17 0.977364 -5.29464e-17 -1.61686e-14 -1.25631e-14
0.13 0.0263604 1.60538e-16 0.973507 -7.07755e-17 -1.74639e-14 -1.31478e-14
0.14 0.0305008 3.61171e-16 0.969361 -1.03526e-16 -1.87259e-14 -1.36519e-14
0.15 0.0349256 4.84787e-16 0.964933 -1.60824e-16 -1.99709e-14 -1.42023e-14
0.16 0.0396301 6.31764e-16 0.960227 -2.19506e-16 -2.1195e-14 -1.47181e-14
0.17 0.0446046 6.17644e-16 0.955248 -2.67297e-16 -2.24135e-14 -1.51568e-14
0.18 0.0498474 9.39003e-16 0.950002 -3.62538e-16 -2.35837e-14 -1.56029e-14
0.19 0.0553485 9.83646e-16 0.944495 -4.8954e-16 -2.4722e-14 -1.5957e-14
0.2 0.0611055 1.00813e-15 0.938734 -6.241e-16 -2.58261e-14 -1.63402e-14
0.21 0.0671085 9.64355e-16 0.932724 -7.59677e-16 -2.68898e-14 -1.65804e-14
0.22 0.0733539 1.12147e-15 0.926472 -9.29039e-16 -2.78918e-14 -1.6981e-14
0.23 0.0798349 1.37332e-15 0.919985 -1.15415e-15 -2.8852e-14 -1.73669e-14
0.24 0.0865415 1.43387e-15 0.91327 -1.34249e-15 -2.97639e-14 -1.76602e-14
0.25 0.0934689 1.82761e-15 0.906335 -1.60775e-15 -3.06424e-14 -1.78873e-14
0.26 0.10061 2.19479e-15 0.899188 -1.88419e-15 -3.14619e-14 -1.80276e-14
0.27 0.107956 2.28085e-15 0.891835 -2.14356e-15 -3.22509e-14 -1.81528e-14
0.28 0.1155 2.68403e-15 0.884285 -2.40786e-15 -3.30188e-14 -1.8272e-14
0.29 0.123231 2.86304e-15 0.876546 -2.71056e-15 -3.37367e-14 -1.83343e-14
0.3 0.131143 3.43686e-15 0.868627 -2.8218e-15 -3.43868e-14 -1.84455e-14
0.31 0.139228 3.5656e-15 0.860535 -3.00404e-15 -3.49842e-14 -1.84533e-14
0.32 0.147477 4.25303e-15 0.85228 -3.36118e-15 -3.55341e-14 -1.84264e-14
0.33 0.155882 4.92359e-15 0.843869 -3.83926e-15 -3.60317e-14 -1.83637e-14
0.34 0.164433 5.05705e-15 0.835313 -4.30281e-15 -3.64765e-14 -1.83346e-14
0.35 0.173121 5.3933e-15 0.826619 -4.77419e-15 -3.68687e-14 -1.82276e-14
0.36 0.181937 5.90022e-15 0.817796 -5.22459e-15 -3.72146e-14 -1.80205e-14
0.37 0.190874 6.43736e-15 0.808855 -5.66691e-15 -3.75162e-14 -1.7739e-14
0.38 0.199921 6.62583e-15 0.799803 -6.04945e-15 -3.77699e-14 -1.74971e-14
0.39 0.209069 6.96747e-15 0.790649 -6.38777e-15 -3.79825e-14 -1.72831e-14
0.4 0.21831 6.91675e-15 0.781404 -6.68209e-15 -3.81472e-14 -1.70068e-14
0.41 0.227634 7.10467e-15 0.772076 -6.95495e-15 -3.82806e-14 -1.66136e-14
0.42 0.237033 7.26596e-15 0.762674 -7.05319e-15 -3.83864e-14 -1.61739e-14
0.43 0.246496 7.55381e-15 0.753207 -7.12964e-15 -3.84715e-14 -1.57383e-14
0.44 0.256015 7.67237e-15 0.743685 -7.20336e-15 -3.85113e-14 -1.53458e-14
0.45 0.265582 7.6049e-15 0.734116 -7.205e-15 -3.8521e-14 -1.49052e-14
0.46 0.275186 7.76555e-15 0.72451 -7.13465e-15 -3.85081e-14 -1.44188e-14
0.47 0.28482 7.82842e-15 0.714876 -6.99797e-15 -3.84599e-14 -1.38998e-14
0.48 0.294473 7.61076e-15 0.705222 -6.86129e-15 -3.84021e-14 -1.34162e-14
0.49 0.304137 7.40729e-15 0.695556 -6.53704e-15 -3.83035e-14 -1.28956e-14
0.5 0.313805 7.00738e-15 0.685889 -6.09804e-15 -3.81724e-14 -1.23892e-14
0.51 0.323466 6.25352e-15 0.676228 -5.63602e-15 -3.79927e-14 -1.18766e-14
0.52 0.333113 6.05416e-15 0.666581 -5.43163e-15 -3.77952e-14 -1.1414e-14
0.53 0.342737 6.08508e-15 0.656957 -5.14483e-15 -3.75561e-14 -1.09615e-14
0.54 0.352331 6.06789e-15 0.647364 -4.84219e-15 -3.72963e-14 -1.05287e-14
0.55 0.361886 6.0505e-15 0.63781 -4.59794e-15 -3.69768e-14 -1.01106e-14
0.56 0.371395 5.58135e-15 0.628302 -4.27304e-15 -3.66214e-14 -9.71617e-15
0.57 0.380849 5.17577e-15 0.618849 -3.87184e-15 -3.62444e-14 -9.33312e-15
0.58 0.390243 4.31492e-15 0.609457 -3.26177e-15 -3.58671e-14 -8.95794e-15
0.59 0.399568 4.04038e-15 0.600134 -2.61205e-15 -3.54699e-14 -8.58709e-15
0.6 0.408817 3.43726e-15 0.590887 -2.00391e-15 -3.5049e-14 -8.22081e-15
0.61 0.417984 2.61168e-15 0.581722 -1.4271e-15 -3.45978e-14 -7.89096e-15
0.62 0.427063 2.25946e-15 0.572646 -1.06377e-15 -3.41265e-14 -7.58499e-15
0.63 0.436045 2.09336e-15 0.563665 -7.84847e-16 -3.3639e-14 -7.27573e-15
0.64 0.44493 1.99632e-15 0.554786 -5.20546e-16 -3.31333e-14 -7.02818e-15
0.65 0.453708 1.25384e-15 0.546013 1.02099e-16 -3.26045e-14 -6.81233e-15
0.66 0.462373 2.32791e-17 0.537353 8.28242e-16 -3.20566e-14 -6.60542e-15
0.67 0.470922 -7.17265e-16 0.52881 1.63746e-15 -3.14894e-14 -6.41007e-15
0.68 0.479348 -9.55694e-16 0.52039 2.38547e-15 -3.08963e-14 -6.19972e-15
0.69 0.487647 -1.55354e-15 0.512098 3.05599e-15 -3.02889e-14 -6.00656e-15
0.7 0.495814 -1.88847e-15 0.503937 3.69879e-15 -2.96562e-14 -5.88218e-15
0.71 0.503845 -2.49237e-15 0.495913 4.37838e-15 -2.90046e-14 -5.78526e-15
0.72 0.511736 -2.7345e-15 0.488028 4.84664e-15 -2.83353e-14 -5.7002e-15
0.73 0.519484 -3.03984e-15 0.480287 5.38682e-15 -2.76444e-14 -5.63167e-15
0.74 0.527086 -3.82575e-15 0.472693 6.03871e-15 -2.69301e-14 -5.57815e-15
0.75 0.534538 -4.57425e-15 0.465248 6.79867e-15 -2.61912e-14 -5.54732e-15
0.76 0.541837 -5.31506e-15 0.457956 7.57717e-15 -2.54259e-14 -5.52428e-15
0.77 0.548982 -6.37242e-15 0.450818 8.44041e-15 -2.46355e-14 -5.52923e-15
0.78 0.55597 -7.07856e-15 0.443838 8.95268e-15 -2.38223e-14 -5.54262e-15
0.79 0.5628 -7.35176e-15 0.437016 9.28446e-15 -2.29903e-14 -5.57627e-15
0.8 0.569468 -7.84212e-15 0.430355 9.5427e-15 -2.2143e-14 -5.62513e-15
0.81 0.575976 -8.15273e-15 0.423855 9.62973e-15 -2.1278e-14 -5.73025e-15
0.82 0.582321 -8.24504e-15 0.417518 9.69889e-15 -2.03993e-14 -5.85795e-15
0.83 0.588502 -8.64576e-15 0.411344 9.69982e-15 -1.95108e-14 -6.01576e-15
0.84 0.594521 -8.55149e-15 0.405334 9.68673e-15 -1.86151e-14 -6.1905e-15
0.85 0.600376 -8.51352e-15 0.399487 9.70388e-15 -1.77161e-14 -6.40383e-15
0.86 0.606067 -8.48143e-15 0.393803 9.66697e-15 -1.68129e-14 -6.65554e-15
0.87 0.611596 -8.59371e-15 0.388282 9.46327e-15 -1.59042e-14 -6.92737e-15
0.88 0.616963 -8.44772e-15 0.382923 9.1955e-15 -1.49936e-14 -7.21838e-15
0.89 0.622168 -7.99445e-15 0.377725 8.86904e-15 -1.40819e-14 -7.54111e-15
0.9 0.627213 -7.86061e-15 0.372688 8.63142e-15 -1.3172e-14 -7.89832e-15
0.91 0.6321 -7.52857e-15 0.367808 8.39803e-15 -1.22651e-14 -8.25621e-15
0.92 0.63683 -7.40983e-15 0.363086 8.16231e-15 -1.13614e-14 -8.62477e-15
0.93 0.641405 -6.89976e-15 0.358518 7.95725e-15 -1.04718e-14 -9.02709e-15
0.94 0.645828 -6.7111e-15 0.354104 7.78202e-15 -9.58889e-15 -9.45763e-15
0.95 0.6501 -6.37838e-15 0.349839 7.50979e-15 -8.70618e-15 -9.88745e-15
0.96 0.654224 -6.14216e-15 0.345722 7.1675e-15 -7.83285e-15 -1.03495e-14
0.97 0.658203 -5.64919e-15 0.341751 6.77493e-15 -6.96831e-15 -1.0834e-14
0.98 0.66204 -4.95399e-15 0.337921 6.37555e-15 -6.11966e-15 -1.13375e-14
0.99 0.665738 -4.26489e-15 0.33423 5.97185e-15 -5.29859e-15 -1.18668e-14
1 0.6693 -3.67818e-15 0.330675 5.54538e-15 -4.49655e-15 -1.24241e-14
1.01 0.67273 -3.2175e-15 0.327251 5.1021e-15 -3.72077e-15 -1.30189e-14
1.02 0.676031 -2.67136e-15 0.323956 4.65761e-15 -2.98311e-15 -1.36256e-14
1.03 0.679208 -2.00212e-15 0.320786 4.18664e-15 -2.2707e-15 -1.42499e-14
1.04 0.682264 -1.57092e-15 0.317735 3.70854e-15 -1.56737e-15 -1.48533e-14
1.05 0.685203 -9.87796e-16 0.314802 3.20989e-15 -8.74609e-16 -1.54463e-14
1.06 0.68803 -7.4003e-17 0.31198 2.68491e-15 -1.92897e-16 -1.60035e-14
1.07 0.690749 2.45366e-16 0.309266 2.13423e-15 4.80488e-16 -1.65519e-14
1.08 0.693364 9.84172e-16 0.306656 1.58918e-15 1.13277e-15 -1.70922e-14
1.09 0.69588 1.27847e-15 0.304145 1.04194e-15 1.77404e-15 -1.76094e-14
1.1 0.698302 1.72815e-15 0.301729 4.74656e-16 2.39121e-15 -1.81081e-14
1.11 0.700633 2.14884e-15 0.299403 -1.08256e-16 2.98919e-15 -1.85793e-14
1.12 0.702878 2.91492e-15 0.297161 -6.88914e-16 3.58095e-15 -1.90371e-14
1.13 0.705043 3.39662e-15 0.295001 -1.26773e-15 4.14506e-15 -1.94676e-14
1.14 0.707132 4.3298e-15 0.292916 -1.87639e-15 4.68952e-15 -1.98789e-14
1.15 0.70915 4.94686e-15 0.290902 -2.50704e-15 5.21057e-15 -2.02742e-14
1.16 0.711102 5.64763e-15 0.288955 -3.10998e-15 5.69776e-15 -2.06533e-14
1.17 0.712991 6.17456e-15 0.287069 -3.7386e-15 6.15245e-15 -2.10198e-14
1.18 0.714824 6.92024e-15 0.285239 -4.326e-15 6.59316e-15 -2.13807e-14
1.19 0.716605 7.40074e-15 0.283462 -4.90085e-15 7.00392e-15 -2.17578e-14
1.2 0.718338 8.1703e-15 0.281732 -5.46784e-15 7.40219e-15 -2.21402e-14
1.21 0.720027 8.65457e-15 0.280045 -6.02222e-15 7.78486e-15 -2.24941e-14
1.22 0.721678 9.25653e-15 0.278395 -6.58271e-15 8.13142e-15 -2.28897e-14
1.23 0.723295 9.8903e-15 0.276779 -7.17994e-15 8.43946e-15 -2.33005e-14
1.24 0.724884 1.04329e-14 0.275192 -7.76008e-15 8.7135e-15 -2.37362e-14
1.25 0.726447 1.07794e-14 0.273629 -8.33024e-15 8.95267e-15 -2.41909e-14
1.26 0.727991 1.14251e-14 0.272086 -8.88227e-15 9.15958e-15 -2.4646e-14
1.27 0.729519 1.18185e-14 0.270558 -9.44113e-15 9.33948e-15 -2.51164e-14
1.28 0.731034 1.23641e-14 0.269042 -9.98097e-15 9.49778e-15 -2.5611e-14
1.29 0.732543 1.30357e-14 0.267534 -1.04994e-14 9.63628e-15 -2.61357e-14
1.3 0.734047 1.37503e-14 0.266029 -1.1027e-14 9.76076e-15 -2.66836e-14
1.31 0.735552 1.41668e-14 0.264524 -1.15587e-14 9.87631e-15 -2.72469e-14
1.32 0.73706 1.47273e-14 0.263015 -1.20886e-14 9.98408e-15 -2.78406e-14
1.33 0.738575 1.51153e-14 0.261499 -1.26164e-14 1.00916e-14 -2.84615e-14
1.34 0.740102 1.54371e-14 0.259971 -1.31401e-14 1.01978e-14 -2.91066e-14
1.35 0.741642 1.59276e-14 0.258429 -1.36483e-14 1.03106e-14 -2.97713e-14
1.36 0.7432 1.65146e-14 0.25687 -1.41469e-14 1.04323e-14 -3.04492e-14
1.37 0.744778 1.71152e-14 0.25529 -1.46522e-14 1.05661e-14 -3.1126e-14
1.38 0.746379 1.76426e-14 0.253687 -1.51544e-14 1.0714e-14 -3.18179e-14
1.39 0.748006 1.82013e-14 0.252058 -1.56808e-14 1.08819e-14 -3.25037e-14
1.4 0.749659 1.89034e-14 0.250401 -1.61817e-14 1.10729e-14 -3.31929e-14
1.41 0.751343 1.92905e-14 0.248713 -1.66603e-14 1.12889e-14 -3.38863e-14
1.42 0.75306 1.96936e-14 0.246993 -1.71368e-14 1.15258e-14 -3.45792e-14
1.43 0.754811 2.03044e-14 0.245238 -1.75955e-14 1.17804e-14 -3.52606e-14
1.44 0.756598 2.07084e-14 0.243446 -1.80565e-14 1.20526e-14 -3.59348e-14
1.45 0.758423 2.13155e-14 0.241616 -1.85074e-14 1.23445e-14 -3.66011e-14
1.46 0.760287 2.18061e-14 0.239747 -1.89366e-14 1.266e-14 -3.72566e-14
1.47 0.762192 2.23813e-14 0.237837 -1.93629e-14 1.29996e-14 -3.79031e-14
1.48 0.764139 2.27209e-14 0.235886 -1.97598e-14 1.33618e-14 -3.85321e-14
1.49 0.766128 2.30473e-14 0.233892 -2.01173e-14 1.37476e-14 -3.91516e-14
1.5 0.768163 2.34902e-14 0.231851 -2.04733e-14 1.41898e-14 -3.97987e-14
1.51 0.770242 2.38227e-14 0.229766 -2.07791e-14 1.46575e-14 -4.0396e-14
1.52 0.772364 2.40399e-14 0.227639 -2.10657e-14 1.51508e-14 -4.09426e-14
1.53 0.77453 2.42727e-14 0.225467 -2.1351e-14 1.56661e-14 -4.14277e-14
1.54 0.77674 2.46057e-14 0.223252 -2.15982e-14 1.62029e-14 -4.18468e-14
1.55 0.778993 2.47626e-14 0.220994 -2.17891e-14 1.6761e-14 -4.21989e-14
1.56 0.781288 2.49516e-14 0.218692 -2.19658e-14 1.73368e-14 -4.24963e-14
1.57 0.783626 2.5136e-14 0.216348 -2.21291e-14 1.79281e-14 -4.27339e-14
1.58 0.786006 2.52434e-14 0.213963 -2.22569e-14 1.8535e-14 -4.28988e-14
1.59 0.788426 2.53499e-14 0.211536 -2.23183e-14 1.91533e-14 -4.29847e-14
1.6 0.790887 2.54263e-14 0.20907 -2.23644e-14 1.97834e-14 -4.29896e-14
1.61 0.793385 2.55723e-14 0.206566 -2.23879e-14 2.04239e-14 -4.29185e-14
1.62 0.795921 2.56523e-14 0.204024 -2.2418e-14 2.10737e-14 -4.27657e-14
1.63 0.798493 2.5583e-14 0.201447 -2.2398e-14 2.1727e-14 -4.2522e-14
1.64 0.801098 2.5528e-14 0.198835 -2.23582e-14 2.23823e-14 -4.21955e-14
1.65 0.803736 2.5456e-14 0.196192 -2.2287e-14 2.30387e-14 -4.17748e-14
1.66 0.806405 2.53429e-14 0.193517 -2.21945e-14 2.36915e-14 -4.12767e-14
1.67 0.809102 2.50965e-14 0.190815 -2.20813e-14 2.43402e-14 -4.06917e-14
1.68 0.811826 2.49315e-14 0.188085 -2.19507e-14 2.49799e-14 -4.00213e-14
1.69 0.814574 2.47465e-14 0.185332 -2.18164e-14 2.56062e-14 -3.92651e-14
1.7 0.817344 2.45828e-14 0.182556 -2.1656e-14 2.62124e-14 -3.84257e-14
1.71 0.820134 2.4504e-14 0.179761 -2.14909e-14 2.67993e-14 -3.75002e-14
1.72 0.822941 2.4315e-14 0.176949 -2.12965e-14 2.7364e-14 -3.64924e-14
1.73 0.825763 2.40801e-14 0.174122 -2.10774e-14 2.78974e-14 -3.54119e-14
1.74 0.828597 2.38108e-14 0.171283 -2.08277e-14 2.83903e-14 -3.42524e-14
1.75 0.83144 2.35747e-14 0.168435 -2.05386e-14 2.88433e-14 -3.30229e-14
1.76 0.834291 2.32303e-14 0.16558 -2.02357e-14 2.92498e-14 -3.17299e-14
1.77 0.837145 2.29086e-14 0.162721 -1.99013e-14 2.96056e-14 -3.03752e-14
1.78 0.840001 2.2592e-14 0.159861 -1.95431e-14 2.99099e-14 -2.8955e-14
1.79 0.842855 2.22059e-14 0.157003 -1.91685e-14 3.01595e-14 -2.74799e-14
1.8 0.845705 2.18511e-14 0.154149 -1.87753e-14 3.03477e-14 -2.59535e-14
1.81 0.848547 2.14411e-14 0.151302 -1.83596e-14 3.04723e-14 -2.43838e-14
1.82 0.851366 2.10436e-14 0.14848 -1.79304e-14 3.05965e-14 -2.28188e-14
1.83 0.854174 2.06139e-14 0.145668 -1.74898e-14 3.06304e-14 -2.12103e-14
1.84 0.85697 2.01681e-14 0.142869 -1.70458e-14 3.05785e-14 -1.95664e-14
1.85 0.859749 1.97125e-14 0.140086 -1.66009e-14 3.04416e-14 -1.78904e-14
1.86 0.862509 1.92422e-14 0.137323 -1.61376e-14 3.02139e-14 -1.61891e-14
1.87 0.865247 1.8786e-14 0.134583 -1.56754e-14 2.99036e-14 -1.44751e-14
1.88 0.86796 1.83124e-14 0.131867 -1.52108e-14 2.9505e-14 -1.2764e-14
1.89 0.870621 1.78814e-14 0.129203 -1.47676e-14 2.90415e-14 -1.10841e-14
1.9 0.873257 1.74105e-14 0.126565 -1.43084e-14 2.84815e-14 -9.39703e-15
1.91 0.875865 1.69363e-14 0.123955 -1.38457e-14 2.78281e-14 -7.71703e-15
1.92 0.878441 1.6514e-14 0.121377 -1.3383e-14 2.70836e-14 -6.0616e-15
1.93 0.880983 1.60478e-14 0.118833 -1.2916e-14 2.62507e-14 -4.44161e-15
1.94 0.883487 1.55723e-14 0.116327 -1.24462e-14 2.53308e-14 -2.8629e-15
1.95 0.885951 1.50994e-14 0.113862 -1.19685e-14 2.43279e-14 -1.33392e-15
1.96 0.888372 1.46348e-14 0.11144 -1.14864e-14 2.32406e-14 1.36573e-16
1.97 0.89074 1.41148e-14 0.10907 -1.10261e-14 2.20582e-14 1.52411e-15
1.98 0.893062 1.36561e-14 0.106747 -1.05733e-14 2.0801e-14 2.8447e-15
1.99 0.895336 1.32006e-14 0.104473 -1.01144e-14 1.94684e-14 4.09229e-15
2 0.897558 1.27443e-14 0.10225 -9.65916e-15 1.80625e-14 5.25681e-15
2.01 0.899727 1.23019e-14 0.100081 -9.21848e-15 1.65863e-14 6.33519e-15
2.02 0.901839 1.18464e-14 0.0979686 -8.79322e-15 1.50419e-14 7.32222e-15
2.03 0.903892 1.14134e-14 0.0959148 -8.37798e-15 1.34313e-14 8.20379e-15
2.04 0.905885 1.10263e-14 0.0939216 -7.97451e-15 1.17573e-14 8.97868e-15
2.05 0.907817 1.06326e-14 0.0919907 -7.58354e-15 1.00226e-14 9.64911e-15
2.06 0.909684 1.02834e-14 0.0901237 -7.21138e-15 8.22967e-15 1.02061e-14
2.07 0.911486 9.92814e-15 0.0883222 -6.86712e-15 6.38011e-15 1.06449e-14
2.08 0.913221 9.62106e-15 0.0865873 -6.53934e-15 4.48029e-15 1.09662e-14
2.09 0.914889 9.27027e-15 0.0849202 -6.22425e-15 2.52918e-15 1.11664e-14
2.1 0.916488 8.94505e-15 0.0833218 -5.92881e-15 5.32281e-16 1.12428e-14
2.11 0.918018 8.67228e-15 0.0817929 -5.65743e-15 -1.50763e-15 1.11929e-14
2.12 0.919477 8.41481e-15 0.080334 -5.40936e-15 -3.58836e-15 1.10131e-14
2.13 0.920867 8.18149e-15 0.0789457 -5.18336e-15 -5.70604e-15 1.07041e-14
2.14 0.922185 7.97424e-15 0.077628 -4.9801e-15 -7.85729e-15 1.02678e-14
2.15 0.923433 7.80318e-15 0.0763813 -4.80445e-15 -1.00389e-14 9.70202e-15
2.16 0.924611 7.69309e-15 0.0752052 -4.65739e-15 -1.22464e-14 9.00648e-15
2.17 0.925717 7.53768e-15 0.0740996 -4.53181e-15 -1.44752e-14 8.18025e-15
2.18 0.926749 7.43564e-15 0.0730696 -4.43162e-15 -1.67269e-14 7.23397e-15
2.19 0.927712 7.40165e-15 0.0721081 -4.36232e-15 -1.89932e-14 6.15607e-15
2.2 0.928607 7.37378e-15 0.0712144 -4.32329e-15 -2.12695e-14 4.95153e-15
2.21 0.929435 7.32225e-15 0.0703878 -4.31609e-15 -2.35521e-14 3.6216e-15
2.22 0.930196 7.35784e-15 0.0696275 -4.33619e-15 -2.58376e-14 2.16666e-15
2.23 0.930893 7.39579e-15 0.0689324 -4.376e-15 -2.81226e-14 5.90367e-16
2.24 0.931522 7.44236e-15 0.0683046 -4.44197e-15 -3.04048e-14 -1.10436e-15
2.25 0.932089 7.51771e-15 0.0677387 -4.53357e-15 -3.26754e-14 -2.91548e-15
2.26 0.932596 7.61832e-15 0.0672334 -4.64824e-15 -3.49321e-14 -4.83801e-15
2.27 0.933044 7.75934e-15 0.066787 -4.78058e-15 -3.71714e-14 -6.8696e-15
2.28 0.933434 7.92149e-15 0.0663976 -4.93784e-15 -3.93965e-14 -9.00631e-15
2.29 0.933769 8.06662e-15 0.0660643 -5.12367e-15 -4.15939e-14 -1.12516e-14
2.3 0.934049 8.28156e-15 0.0657855 -5.33068e-15 -4.37608e-14 -1.3598e-14
2.31 0.934276 8.48734e-15 0.0655597 -5.54917e-15 -4.58963e-14 -1.60426e-14
2.32 0.934455 8.72082e-15 0.0653818 -5.79016e-15 -4.80048e-14 -1.85754e-14
2.33 0.934584 8.94477e-15 0.0652542 -6.04494e-15 -5.00705e-14 -2.1204e-14
2.34 0.934666 9.20114e-15 0.0651735 -6.32557e-15 -5.20953e-14 -2.3915e-14
2.35 0.934703 9.47683e-15 0.0651373 -6.60992e-15 -5.40744e-14 -2.67236e-14
2.36 0.93469 9.7813e-15 0.0651512 -6.88916e-15 -5.59973e-14 -2.96139e-14
2.37 0.934641 1.00624e-14 0.0652017 -7.18893e-15 -5.78798e-14 -3.25929e-14
2.38 0.934556 1.0335e-14 0.0652869 -7.47884e-15 -5.97214e-14 -3.56531e-14
2.39 0.934439 1.05944e-14 0.065405 -7.73208e-15 -6.15224e-14 -3.87886e-14
2.4 0.93429 1.08366e-14 0.0655542 -7.98912e-15 -6.32841e-14 -4.19917e-14
2.41 0.934112 1.10635e-14 0.0657327 -8.23802e-15 -6.50056e-14 -4.52595e-14
2.42 0.933905 1.13073e-14 0.0659412 -8.49215e-15 -6.66857e-14 -4.85907e-14
2.43 0.933671 1.15795e-14 0.0661748 -8.75377e-15 -6.83238e-14 -5.19665e-14
2.44 0.933415 1.18041e-14 0.0664316 -9.00148e-15 -6.9919e-14 -5.538e-14
2.45 0.933137 1.2131e-14 0.0667099 -9.3199e-15 -7.14712e-14 -5.88265e-14
2.46 0.932839 1.24869e-14 0.067008 -9.66557e-15 -7.29803e-14 -6.22976e-14
2.47 0.932523 1.28482e-14 0.0673243 -1.00269e-14 -7.4446e-14 -6.57891e-14
2.48 0.93219 1.32228e-14 0.0676578 -1.03987e-14 -7.58649e-14 -6.92949e-14
2.49 0.931841 1.35994e-14 0.0680067 -1.0774e-14 -7.72389e-14 -7.28102e-14
2.5 0.931481 1.39703e-14 0.0683667 -1.11448e-14 -7.85913e-14 -7.63121e-14
