0 0 0 1 0 0 0
0.05 0.0039662 3.86703e-16 0.996034 -6.39567e-16 1.87443e-15 -7.43209e-16
0.1 0.015721 1.54633e-16 0.984279 -4.98613e-16 3.26918e-15 -1.81229e-15
0.15 0.0348425 1.96393e-16 0.965157 -8.36499e-16 4.08612e-15 -3.08291e-15
0.2 0.0606576 -1.16016e-16 0.939342 -7.86343e-16 4.27572e-15 -4.25015e-15
0.25 0.0922846 -2.24495e-16 0.907715 -7.38216e-16 3.75869e-15 -5.154e-15
0.3 0.128687 -9.7717e-17 0.871313 -7.19817e-16 2.66084e-15 -6.02603e-15
0.35 0.168734 1.47557e-17 0.831266 -8.06419e-16 1.1188e-15 -6.86274e-15
0.4 0.211262 7.29683e-16 0.788738 -1.18932e-15 -7.02995e-16 -7.40928e-15
0.45 0.255134 1.46116e-15 0.744866 -1.75596e-15 -2.5456e-15 -8.04224e-15
0.5 0.299291 2.30694e-15 0.700709 -2.54989e-15 -4.13604e-15 -8.92812e-15
0.55 0.342793 3.4865e-15 0.657207 -3.60072e-15 -5.17243e-15 -1.00781e-14
0.6 0.384847 4.43141e-15 0.615153 -4.52077e-15 -5.54861e-15 -1.15541e-14
0.65 0.424824 5.39141e-15 0.575176 -5.56389e-15 -5.3236e-15 -1.3126e-14
0.7 0.462263 6.54672e-15 0.537737 -6.34686e-15 -4.67533e-15 -1.42295e-14
0.75 0.496866 7.36507e-15 0.503134 -7.00495e-15 -3.983e-15 -1.47738e-14
0.8 0.528485 7.94024e-15 0.471515 -7.43865e-15 -3.7417e-15 -1.47715e-14
0.85 0.557103 7.97043e-15 0.442897 -7.44651e-15 -3.76488e-15 -1.4311e-14
0.9 0.582813 7.45567e-15 0.417187 -6.95113e-15 -4.1648e-15 -1.31695e-14
0.95 0.605795 6.46131e-15 0.394205 -6.12453e-15 -4.56651e-15 -1.13736e-14
1 0.626297 5.54546e-15 0.373703 -5.07801e-15 -4.70693e-15 -9.5987e-15
1.05 0.64461 4.27241e-15 0.35539 -3.87126e-15 -4.49055e-15 -7.73528e-15
1.1 0.661053 3.12568e-15 0.338947 -2.75833e-15 -3.65478e-15 -5.70178e-15
1.15 0.675955 2.05453e-15 0.324045 -1.6449e-15 -2.33744e-15 -3.35966e-15
1.2 0.689641 8.09864e-16 0.310359 -4.14319e-16 -1.20906e-15 -1.58219e-15
1.25 0.702419 -3.35636e-16 0.297581 7.39387e-16 8.78208e-18 3.55176e-16
1.3 0.714566 -1.45773e-15 0.285434 1.95075e-15 9.84917e-16 1.84339e-15
1.35 0.72632 -2.49759e-15 0.27368 2.9919e-15 1.53998e-15 2.85408e-15
1.4 0.737876 -3.02763e-15 0.262124 3.6393e-15 1.78633e-15 3.09754e-15
1.45 0.749373 -3.43164e-15 0.250627 3.92422e-15 2.0463e-15 2.75325e-15
1.5 0.760902 -3.3249e-15 0.239098 3.83986e-15 2.11666e-15 1.7527e-15
1.55 0.772497 -2.93511e-15 0.227503 3.521e-15 1.84546e-15 1.50317e-16
1.6 0.784147 -2.4255e-15 0.215853 2.94758e-15 1.55602e-15 -2.1035e-15
1.65 0.7958 -1.66909e-15 0.2042 2.11033e-15 9.67082e-16 -5.0112e-15
1.7 0.807371 -7.32024e-16 0.192629 1.12218e-15 1.06447e-16 -8.51681e-15
1.75 0.818753 2.86664e-16 0.181247 7.54152e-17 -6.06292e-16 -1.22226e-14
1.8 0.829831 1.37807e-15 0.170169 -9.70957e-16 -1.08822e-15 -1.61053e-14
1.85 0.840488 2.26582e-15 0.159513 -1.83757e-15 -1.29786e-15 -1.96808e-14
1.9 0.850616 3.00049e-15 0.149384 -2.57222e-15 -1.16763e-15 -2.28909e-14
1.95 0.860125 3.42382e-15 0.139875 -2.96599e-15 -9.26452e-16 -2.55894e-14
2 0.868949 3.6553e-15 0.131051 -3.18112e-15 -4.75242e-16 -2.77247e-14
2.05 0.877042 3.66243e-15 0.122958 -3.13331e-15 4.28394e-17 -2.91212e-14
2.1 0.884389 3.53531e-15 0.115611 -2.96682e-15 5.06834e-16 -2.97735e-14
2.15 0.890996 3.17713e-15 0.109004 -2.59906e-15 6.87446e-16 -2.95842e-14
2.2 0.896896 2.72428e-15 0.103104 -2.11949e-15 7.5711e-16 -2.89044e-14
2.25 0.902138 2.13567e-15 0.097862 -1.55765e-15 1.59418e-15 -2.80432e-14
2.3 0.906789 1.57314e-15 0.0932112 -1.00908e-15 2.49837e-15 -2.7105e-14
2.35 0.910927 1.16717e-15 0.0890732 -6.08762e-16 3.92498e-15 -2.66756e-14
2.4 0.914639 8.79497e-16 0.0853613 -3.27788e-16 5.33295e-15 -2.58202e-14
2.45 0.918015 6.77989e-16 0.0819851 -1.33186e-16 6.2413e-15 -2.48054e-14
2.5 0.921146 4.72893e-16 0.0788544 6.89585e-17 6.52332e-15 -2.39746e-14
