0 0 0 1 0 0 0
0.005 3.97375e-05 -4.33194e-16 0.999955 -3.35965e-17 1.40941e-15 -1.74873e-16
0.01 0.000158944 -2.0898e-16 0.999836 -6.54019e-16 2.6603e-15 -4.27123e-16
0.015 0.000357802 -1.44225e-17 0.999637 -6.76569e-16 3.94516e-15 -6.90092e-16
0.02 0.000636151 -4.25165e-17 0.999359 -6.62887e-16 5.26661e-15 -9.93501e-16
0.025 0.000993913 -6.40145e-17 0.999001 -6.68804e-16 6.62312e-15 -1.12283e-15
0.03 0.00143098 4.987e-17 0.998564 -6.73861e-16 8.01239e-15 -1.16377e-15
0.035 0.00194722 1.26413e-16 0.998048 -6.78466e-16 9.43751e-15 -1.01585e-15
0.04 0.00254247 2.06153e-16 0.997453 -6.78276e-16 1.08747e-14 -8.35298e-16
0.045 0.00321649 2.8928e-16 0.996779 -6.80041e-16 1.23378e-14 -7.96999e-16
0.05 0.00396901 3.01783e-16 0.996027 -6.76626e-16 1.3822e-14 -6.55077e-16
0.055 0.00479975 2.78049e-16 0.995197 -6.78422e-16 1.53255e-14 -4.76988e-16
0.06 0.00570841 9.21737e-17 0.994288 -6.73014e-16 1.68439e-14 -1.91932e-16
0.065 0.00669471 5.15658e-17 0.993303 -6.75431e-16 1.83732e-14 2.4094e-16
0.07 0.00775823 1.37099e-16 0.992239 -6.79975e-16 1.99303e-14 7.394e-16
0.075 0.00889864 1.55178e-16 0.991099 -6.82379e-16 2.15148e-14 1.12664e-15
0.08 0.0101155 1.63654e-16 0.989883 -6.88842e-16 2.31253e-14 1.57951e-15
0.085 0.0114084 1.63179e-16 0.98859 -6.92263e-16 2.47586e-14 1.82601e-15
0.09 0.0127769 3.49605e-16 0.987222 -6.97081e-16 2.64163e-14 2.08904e-15
0.095 0.0142207 3.48967e-16 0.985779 -7.02783e-16 2.80969e-14 2.3722e-15
0.1 0.0157392 3.43115e-16 0.984262 -7.13421e-16 2.98038e-14 2.69375e-15
0.105 0.0173318 2.80171e-16 0.98267 -7.22282e-16 3.15292e-14 2.94232e-15
0.11 0.0189979 2.89589e-16 0.981005 -7.35264e-16 3.3276e-14 3.14331e-15
0.115 0.020737 2.04449e-16 0.979267 -7.46624e-16 3.50369e-14 3.26826e-15
0.12 0.0225483 4.43118e-16 0.977456 -7.55234e-16 3.68237e-14 3.30177e-15
0.125 0.0244314 4.1909e-16 0.975574 -7.60594e-16 3.8618e-14 3.25391e-15
0.13 0.0263855 4.99999e-16 0.973622 -7.70236e-16 4.04337e-14 3.18849e-15
0.135 0.02841 5.28687e-16 0.971598 -7.83647e-16 4.22498e-14 3.03664e-15
0.14 0.0305041 5.81177e-16 0.969506 -7.9272e-16 4.40906e-14 2.7806e-15
0.145 0.0326672 7.06599e-16 0.967344 -8.06065e-16 4.59453e-14 2.5577e-15
0.15 0.0348984 6.64708e-16 0.965114 -8.09021e-16 4.78083e-14 2.26821e-15
0.155 0.037197 9.20892e-16 0.962817 -8.14138e-16 4.96716e-14 1.92601e-15
0.16 0.0395623 1.05118e-15 0.960454 -8.2621e-16 5.15424e-14 1.52995e-15
0.165 0.0419933 7.94334e-16 0.958024 -8.30476e-16 5.34178e-14 1.04483e-15
0.17 0.0444894 5.82829e-16 0.95553 -8.37145e-16 5.52998e-14 5.18219e-16
0.175 0.0470495 5.7566e-16 0.952972 -8.47131e-16 5.71838e-14 1.41337e-17
0.18 0.049673 4.12299e-16 0.950351 -8.59906e-16 5.9074e-14 -6.5491e-16
0.185 0.0523587 5.38749e-16 0.947667 -8.67257e-16 6.09588e-14 -1.39562e-15
0.19 0.055106 5.37593e-16 0.944922 -8.74695e-16 6.2849e-14 -2.21416e-15
0.195 0.0579137 5.95339e-16 0.942116 -8.80286e-16 6.47402e-14 -3.03878e-15
0.2 0.0607811 5.76223e-16 0.939251 -9.01113e-16 6.66332e-14 -3.79405e-15
0.205 0.0637071 4.7739e-16 0.936328 -9.26353e-16 6.85274e-14 -4.60717e-15
0.21 0.0666906 4.68329e-16 0.933347 -9.78163e-16 7.0417e-14 -5.46493e-15
0.215 0.0697308 5.36634e-16 0.930309 -1.08019e-15 7.23076e-14 -6.42213e-15
0.22 0.0728267 3.71354e-16 0.927216 -1.18196e-15 7.41958e-14 -7.36749e-15
0.225 0.075977 4.16868e-16 0.924068 -1.28127e-15 7.6083e-14 -8.37567e-15
0.23 0.079181 2.86773e-16 0.920867 -1.36852e-15 7.79661e-14 -9.38666e-15
0.235 0.0824374 7.98351e-17 0.917613 -1.47033e-15 7.98386e-14 -1.03372e-14
0.24 0.0857452 -2.51826e-17 0.914309 -1.53867e-15 8.17032e-14 -1.12862e-14
0.245 0.0891034 3.55809e-17 0.910953 -1.57864e-15 8.35588e-14 -1.22555e-14
0.25 0.0925109 2.5277e-16 0.907549 -1.58506e-15 8.53962e-14 -1.32989e-14
0.255 0.0959665 5.24224e-17 0.904096 -1.53115e-15 8.72374e-14 -1.43762e-14
0.26 0.0994692 -2.18543e-17 0.900597 -1.47587e-15 8.90728e-14 -1.54085e-14
0.265 0.103018 1.04476e-16 0.897051 -1.43791e-15 9.09043e-14 -1.64491e-14
0.27 0.106611 -5.05053e-17 0.893461 -1.41898e-15 9.27244e-14 -1.75138e-14
0.275 0.110249 6.34776e-17 0.889827 -1.41023e-15 9.45358e-14 -1.86199e-14
0.28 0.113929 1.66926e-16 0.886151 -1.40852e-15 9.63322e-14 -1.96945e-14
0.285 0.11765 3.58601e-16 0.882433 -1.40041e-15 9.81124e-14 -2.06648e-14
0.29 0.121411 2.28242e-16 0.878675 -1.37234e-15 9.9866e-14 -2.16608e-14
0.295 0.125212 4.1735e-17 0.874878 -1.26811e-15 1.01579e-13 -2.27232e-14
0.3 0.129051 -2.36752e-16 0.871043 -1.12947e-15 1.03265e-13 -2.37924e-14
0.305 0.132926 -3.34922e-16 0.867171 -9.35923e-16 1.04919e-13 -2.48907e-14
0.31 0.136837 -5.34071e-16 0.863264 -7.42763e-16 1.06538e-13 -2.59978e-14
0.315 0.140783 -1.08641e-15 0.859322 -4.33987e-16 1.08133e-13 -2.70718e-14
0.32 0.144762 -1.40267e-15 0.855347 -1.42183e-16 1.09695e-13 -2.81656e-14
0.325 0.148773 -1.91514e-15 0.85134 1.55747e-16 1.11229e-13 -2.92819e-14
0.33 0.152815 -2.29955e-15 0.847302 3.43969e-16 1.12707e-13 -3.04104e-14
0.335 0.156887 -2.25995e-15 0.843234 6.03067e-16 1.14163e-13 -3.15097e-14
0.34 0.160988 -2.32276e-15 0.839137 8.93687e-16 1.15592e-13 -3.26022e-14
0.345 0.165116 -2.70064e-15 0.835013 1.14566e-15 1.16984e-13 -3.37071e-14
0.35 0.16927 -2.5968e-15 0.830863 1.40279e-15 1.18331e-13 -3.47878e-14
0.355 0.17345 -2.73971e-15 0.826687 1.65307e-15 1.19641e-13 -3.58657e-14
0.36 0.177653 -3.08206e-15 0.822487 1.90543e-15 1.20917e-13 -3.68905e-14
0.365 0.18188 -3.49799e-15 0.818265 2.14417e-15 1.22154e-13 -3.78939e-14
0.37 0.186128 -3.66382e-15 0.814021 2.44968e-15 1.23345e-13 -3.88598e-14
0.375 0.190397 -3.97254e-15 0.809756 2.7617e-15 1.24484e-13 -3.98291e-14
0.38 0.194685 -4.43121e-15 0.805472 2.94942e-15 1.2558e-13 -4.0737e-14
0.385 0.198991 -4.57711e-15 0.80117 3.10981e-15 1.26656e-13 -4.15828e-14
0.39 0.203315 -4.94883e-15 0.796851 3.27546e-15 1.27705e-13 -4.2404e-14
0.395 0.207654 -5.22128e-15 0.792515 3.40342e-15 1.28734e-13 -4.32016e-14
0.4 0.212009 -5.76952e-15 0.788165 3.63341e-15 1.29752e-13 -4.39746e-14
0.405 0.216377 -6.01366e-15 0.783801 3.94766e-15 1.30763e-13 -4.4768e-14
0.41 0.220758 -6.55694e-15 0.779424 4.27546e-15 1.31756e-13 -4.55248e-14
0.415 0.22515 -7.02125e-15 0.775036 4.62555e-15 1.32737e-13 -4.62573e-14
0.42 0.229553 -7.35798e-15 0.770636 4.99359e-15 1.33716e-13 -4.69388e-14
0.425 0.233966 -7.56131e-15 0.766228 5.39325e-15 1.34712e-13 -4.76132e-14
0.43 0.238387 -7.98713e-15 0.761811 5.80659e-15 1.35689e-13 -4.8241e-14
0.435 0.242816 -8.28725e-15 0.757386 6.27154e-15 1.36628e-13 -4.88514e-14
0.44 0.247251 -8.94658e-15 0.752955 6.738e-15 1.37541e-13 -4.94326e-14
0.445 0.251692 -9.27568e-15 0.748519 7.18962e-15 1.38439e-13 -4.99844e-14
0.45 0.256136 -1.01112e-14 0.744078 7.74761e-15 1.39362e-13 -5.05095e-14
0.455 0.260585 -1.04163e-14 0.739634 8.32493e-15 1.40247e-13 -5.10205e-14
0.46 0.265035 -1.08345e-14 0.735187 8.88787e-15 1.41123e-13 -5.15486e-14
0.465 0.269487 -1.11222e-14 0.730739 9.43379e-15 1.41971e-13 -5.20382e-14
0.47 0.27394 -1.17638e-14 0.726291 1.00573e-14 1.42792e-13 -5.24928e-14
0.475 0.278392 -1.25093e-14 0.721843 1.07402e-14 1.43578e-13 -5.29343e-14
0.48 0.282842 -1.32501e-14 0.717396 1.1506e-14 1.44346e-13 -5.33201e-14
0.485 0.287291 -1.41578e-14 0.712952 1.2187e-14 1.45086e-13 -5.36658e-14
0.49 0.291736 -1.45353e-14 0.70851 1.27931e-14 1.45802e-13 -5.4003e-14
0.495 0.296177 -1.51128e-14 0.704073 1.34462e-14 1.46494e-13 -5.43323e-14
0.5 0.300612 -1.57823e-14 0.699641 1.40172e-14 1.47172e-13 -5.46313e-14
0.505 0.305043 -1.64291e-14 0.695215 1.47028e-14 1.47838e-13 -5.48782e-14
0.51 0.309466 -1.69516e-14 0.690795 1.53919e-14 1.48487e-13 -5.51455e-14
0.515 0.313882 -1.74508e-14 0.686383 1.61169e-14 1.49139e-13 -5.53745e-14
0.52 0.31829 -1.80386e-14 0.681979 1.67921e-14 1.4972e-13 -5.55593e-14
0.525 0.322689 -1.83139e-14 0.677585 1.72919e-14 1.50296e-13 -5.56997e-14
0.53 0.327077 -1.88342e-14 0.6732 1.77928e-14 1.50845e-13 -5.58228e-14
0.535 0.331455 -1.92505e-14 0.668826 1.8281e-14 1.51369e-13 -5.59047e-14
0.54 0.335822 -1.92343e-14 0.664463 1.85903e-14 1.51876e-13 -5.59677e-14
0.545 0.340176 -1.95857e-14 0.660113 1.90525e-14 1.52352e-13 -5.60183e-14
0.55 0.344517 -2.03326e-14 0.655776 1.95711e-14 1.52831e-13 -5.60147e-14
0.555 0.348844 -2.07952e-14 0.651452 2.0164e-14 1.53345e-13 -5.59637e-14
0.56 0.353157 -2.10919e-14 0.647143 2.07931e-14 1.53824e-13 -5.58724e-14
0.565 0.357454 -2.19909e-14 0.64285 2.1454e-14 1.54315e-13 -5.58109e-14
0.57 0.361736 -2.26374e-14 0.638572 2.19505e-14 1.54786e-13 -5.56809e-14
0.575 0.366001 -2.29959e-14 0.634311 2.236e-14 1.55218e-13 -5.5528e-14
0.58 0.370248 -2.35938e-14 0.630067 2.27969e-14 1.55576e-13 -5.53293e-14
0.585 0.374478 -2.39201e-14 0.625842 2.31882e-14 1.55866e-13 -5.50671e-14
0.59 0.378689 -2.43716e-14 0.621634 2.34875e-14 1.56114e-13 -5.47647e-14
0.595 0.382881 -2.48185e-14 0.617446 2.39147e-14 1.5631e-13 -5.44633e-14
0.6 0.387053 -2.52995e-14 0.613277 2.43688e-14 1.56472e-13 -5.41615e-14
0.605 0.391205 -2.58812e-14 0.609129 2.48788e-14 1.56612e-13 -5.38924e-14
0.61 0.395336 -2.64322e-14 0.605002 2.54846e-14 1.56718e-13 -5.36275e-14
0.615 0.399445 -2.70211e-14 0.600896 2.60459e-14 1.56819e-13 -5.34377e-14
0.62 0.403532 -2.7516e-14 0.596813 2.66254e-14 1.56982e-13 -5.32651e-14
0.625 0.407597 -2.78687e-14 0.592752 2.70813e-14 1.57086e-13 -5.31487e-14
0.63 0.411638 -2.79697e-14 0.588713 2.73837e-14 1.57149e-13 -5.3013e-14
0.635 0.415656 -2.8235e-14 0.584699 2.7694e-14 1.57204e-13 -5.2877e-14
0.64 0.41965 -2.85153e-14 0.580709 2.7942e-14 1.57317e-13 -5.27931e-14
0.645 0.423619 -2.8872e-14 0.576743 2.81693e-14 1.57505e-13 -5.2656e-14
0.65 0.427564 -2.91501e-14 0.572802 2.8363e-14 1.57673e-13 -5.24837e-14
0.655 0.431482 -2.94046e-14 0.568886 2.85254e-14 1.57803e-13 -5.23716e-14
0.66 0.435375 -2.94261e-14 0.564996 2.86793e-14 1.57894e-13 -5.22642e-14
0.665 0.439242 -2.94171e-14 0.561133 2.88047e-14 1.5804e-13 -5.20372e-14
0.67 0.443082 -2.95669e-14 0.557296 2.88937e-14 1.58276e-13 -5.1919e-14
0.675 0.446895 -2.96855e-14 0.553486 2.89148e-14 1.58497e-13 -5.18226e-14
0.68 0.450681 -2.94163e-14 0.549703 2.88469e-14 1.5873e-13 -5.17767e-14
0.685 0.454439 -2.93654e-14 0.545948 2.87556e-14 1.58943e-13 -5.16763e-14
0.69 0.458168 -2.92425e-14 0.542221 2.86599e-14 1.59179e-13 -5.15979e-14
0.695 0.46187 -2.91552e-14 0.538523 2.85539e-14 1.59427e-13 -5.14753e-14
0.7 0.465542 -2.90672e-14 0.534853 2.85013e-14 1.59699e-13 -5.1376e-14
0.705 0.469186 -2.90348e-14 0.531212 2.84316e-14 1.59975e-13 -5.12577e-14
0.71 0.4728 -2.89226e-14 0.5276 2.83787e-14 1.60294e-13 -5.11143e-14
0.715 0.476385 -2.88672e-14 0.524018 2.82236e-14 1.60615e-13 -5.09096e-14
0.72 0.47994 -2.89026e-14 0.520466 2.80582e-14 1.60913e-13 -5.06793e-14
0.725 0.483465 -2.87372e-14 0.516944 2.78873e-14 1.61194e-13 -5.04017e-14
0.73 0.486959 -2.84883e-14 0.513451 2.76834e-14 1.61442e-13 -5.01002e-14
0.735 0.490424 -2.806e-14 0.509989 2.74452e-14 1.61681e-13 -4.98029e-14
0.74 0.493858 -2.80651e-14 0.506558 2.72218e-14 1.6192e-13 -4.95066e-14
0.745 0.497261 -2.75413e-14 0.503157 2.6936e-14 1.62198e-13 -4.91918e-14
0.75 0.500634 -2.71647e-14 0.499787 2.66908e-14 1.62439e-13 -4.88677e-14
0.755 0.503975 -2.69457e-14 0.496447 2.64757e-14 1.62641e-13 -4.85174e-14
0.76 0.507286 -2.67565e-14 0.493139 2.62606e-14 1.62895e-13 -4.81568e-14
0.765 0.510565 -2.66605e-14 0.489862 2.60514e-14 1.63147e-13 -4.77805e-14
0.77 0.513813 -2.6574e-14 0.486617 2.58756e-14 1.63362e-13 -4.7428e-14
0.775 0.517029 -2.63731e-14 0.483402 2.57089e-14 1.63617e-13 -4.71028e-14
0.78 0.520214 -2.63124e-14 0.480219 2.55924e-14 1.63854e-13 -4.67684e-14
0.785 0.523367 -2.59785e-14 0.477068 2.54849e-14 1.64088e-13 -4.63983e-14
0.79 0.526489 -2.6007e-14 0.473948 2.53815e-14 1.64307e-13 -4.59921e-14
0.795 0.529579 -2.58122e-14 0.470859 2.52786e-14 1.64518e-13 -4.55939e-14
0.8 0.532638 -2.59295e-14 0.467803 2.52229e-14 1.64728e-13 -4.52229e-14
0.805 0.535665 -2.57246e-14 0.464778 2.51577e-14 1.64959e-13 -4.48544e-14
0.81 0.53866 -2.5844e-14 0.461784 2.51145e-14 1.65176e-13 -4.44758e-14
0.815 0.541623 -2.572e-14 0.458822 2.50799e-14 1.65323e-13 -4.41031e-14
0.82 0.544555 -2.56452e-14 0.455892 2.50622e-14 1.65499e-13 -4.37413e-14
0.825 0.547455 -2.58477e-14 0.452994 2.50668e-14 1.65611e-13 -4.33752e-14
0.83 0.550323 -2.57652e-14 0.450127 2.50735e-14 1.65695e-13 -4.30024e-14
0.835 0.55316 -2.58675e-14 0.447291 2.50964e-14 1.65771e-13 -4.26065e-14
0.84 0.555966 -2.61616e-14 0.444487 2.51455e-14 1.65781e-13 -4.21783e-14
0.845 0.55874 -2.61636e-14 0.441715 2.52168e-14 1.65795e-13 -4.17493e-14
0.85 0.561483 -2.62215e-14 0.438973 2.53357e-14 1.6578e-13 -4.12816e-14
0.855 0.564194 -2.62907e-14 0.436263 2.54793e-14 1.65756e-13 -4.08292e-14
0.86 0.566874 -2.64878e-14 0.433584 2.5644e-14 1.65672e-13 -4.03993e-14
0.865 0.569524 -2.67244e-14 0.430936 2.5842e-14 1.65652e-13 -3.99499e-14
0.87 0.572142 -2.6982e-14 0.428318 2.60905e-14 1.65586e-13 -3.94942e-14
0.875 0.57473 -2.72605e-14 0.425732 2.6362e-14 1.65484e-13 -3.90831e-14
0.88 0.577287 -2.74446e-14 0.423175 2.66301e-14 1.65375e-13 -3.86445e-14
0.885 0.579814 -2.76889e-14 0.420649 2.69267e-14 1.65287e-13 -3.82113e-14
0.89 0.582311 -2.81023e-14 0.418154 2.72877e-14 1.65179e-13 -3.77184e-14
0.895 0.584777 -2.833e-14 0.415688 2.76635e-14 1.65084e-13 -3.72145e-14
0.9 0.587214 -2.87455e-14 0.413252 2.80407e-14 1.64987e-13 -3.66554e-14
0.905 0.589621 -2.90194e-14 0.410846 2.84309e-14 1.64923e-13 -3.60986e-14
0.91 0.591999 -2.9455e-14 0.408469 2.88497e-14 1.64799e-13 -3.55667e-14
0.915 0.594347 -2.9709e-14 0.406121 2.92814e-14 1.64661e-13 -3.50532e-14
0.92 0.596667 -3.01255e-14 0.403802 2.97095e-14 1.64563e-13 -3.4598e-14
0.925 0.598958 -3.06665e-14 0.401512 3.01735e-14 1.64511e-13 -3.41333e-14
0.93 0.60122 -3.11401e-14 0.39925 3.07056e-14 1.64525e-13 -3.37036e-14
0.935 0.603454 -3.17089e-14 0.397016 3.1244e-14 1.64617e-13 -3.32358e-14
0.94 0.60566 -3.22803e-14 0.394811 3.17921e-14 1.64702e-13 -3.2804e-14
0.945 0.607838 -3.27198e-14 0.392633 3.233e-14 1.64854e-13 -3.24543e-14
0.95 0.609989 -3.32554e-14 0.390482 3.28748e-14 1.65014e-13 -3.21404e-14
0.955 0.612113 -3.40477e-14 0.388358 3.34805e-14 1.65225e-13 -3.1805e-14
0.96 0.61421 -3.47314e-14 0.386262 3.40788e-14 1.65486e-13 -3.14776e-14
0.965 0.616281 -3.5515e-14 0.384192 3.46677e-14 1.65652e-13 -3.10467e-14
0.97 0.618325 -3.61379e-14 0.382148 3.52647e-14 1.65875e-13 -3.05916e-14
0.975 0.620343 -3.67157e-14 0.38013 3.58696e-14 1.6607e-13 -3.01258e-14
0.98 0.622336 -3.74021e-14 0.378137 3.65086e-14 1.66279e-13 -2.96497e-14
0.985 0.624303 -3.8276e-14 0.37617 3.71836e-14 1.66512e-13 -2.91577e-14
0.99 0.626245 -3.89699e-14 0.374228 3.78903e-14 1.66827e-13 -2.86854e-14
0.995 0.628163 -3.98192e-14 0.372311 3.86194e-14 1.67058e-13 -2.82654e-14
1 0.630056 -4.08753e-14 0.370418 3.94221e-14 1.67373e-13 -2.77946e-14
1.005 0.631925 -4.16306e-14 0.368549 4.02494e-14 1.67679e-13 -2.72644e-14
1.01 0.63377 -4.25664e-14 0.366704 4.11039e-14 1.67956e-13 -2.67605e-14
1.015 0.635592 -4.33634e-14 0.364882 4.20073e-14 1.68309e-13 -2.63331e-14
1.02 0.637391 -4.43131e-14 0.363083 4.29477e-14 1.68662e-13 -2.5903e-14
1.025 0.639168 -4.51303e-14 0.361307 4.39137e-14 1.68932e-13 -2.54929e-14
1.03 0.640922 -4.61062e-14 0.359553 4.49065e-14 1.69146e-13 -2.50548e-14
1.035 0.642654 -4.70787e-14 0.357821 4.59789e-14 1.69324e-13 -2.45852e-14
1.04 0.644364 -4.81382e-14 0.35611 4.70102e-14 1.69534e-13 -2.41332e-14
1.045 0.646054 -4.92506e-14 0.354421 4.80625e-14 1.69758e-13 -2.36184e-14
1.05 0.647722 -5.02543e-14 0.352752 4.9132e-14 1.69918e-13 -2.30766e-14
1.055 0.64937 -5.14866e-14 0.351104 5.01896e-14 1.70073e-13 -2.26451e-14
1.06 0.650998 -5.24621e-14 0.349476 5.12056e-14 1.70265e-13 -2.21394e-14
1.065 0.652606 -5.34371e-14 0.347867 5.22217e-14 1.70457e-13 -2.16797e-14
1.07 0.654195 -5.44249e-14 0.346278 5.32492e-14 1.70608e-13 -2.12794e-14
1.075 0.655766 -5.54723e-14 0.344708 5.42885e-14 1.70694e-13 -2.08965e-14
1.08 0.657317 -5.64255e-14 0.343156 5.54117e-14 1.70737e-13 -2.05525e-14
1.085 0.658851 -5.76288e-14 0.341622 5.6587e-14 1.70821e-13 -2.02413e-14
1.09 0.660367 -5.8846e-14 0.340106 5.77538e-14 1.70847e-13 -1.99269e-14
1.095 0.661866 -6.00606e-14 0.338606 5.89342e-14 1.70877e-13 -1.96351e-14
1.1 0.663348 -6.11303e-14 0.337124 6.01322e-14 1.70855e-13 -1.94057e-14
1.105 0.664814 -6.24816e-14 0.335659 6.1386e-14 1.70746e-13 -1.9145e-14
1.11 0.666263 -6.37956e-14 0.334209 6.26928e-14 1.70574e-13 -1.88781e-14
1.115 0.667697 -6.5107e-14 0.332775 6.40527e-14 1.70308e-13 -1.86552e-14
1.12 0.669116 -6.65263e-14 0.331356 6.54027e-14 1.7006e-13 -1.84545e-14
1.125 0.67052 -6.77519e-14 0.329952 6.67393e-14 1.69723e-13 -1.8159e-14
1.13 0.671909 -6.91047e-14 0.328563 6.80648e-14 1.69437e-13 -1.78631e-14
1.135 0.673284 -7.04555e-14 0.327187 6.9398e-14 1.69094e-13 -1.76447e-14
1.14 0.674646 -7.18015e-14 0.325826 7.07486e-14 1.68745e-13 -1.74052e-14
1.145 0.675994 -7.31964e-14 0.324477 7.21065e-14 1.68404e-13 -1.71029e-14
1.15 0.677329 -7.45427e-14 0.323142 7.34706e-14 1.68168e-13 -1.6855e-14
1.155 0.678652 -7.59028e-14 0.321819 7.48292e-14 1.67859e-13 -1.66355e-14
1.16 0.679963 -7.71899e-14 0.320508 7.6161e-14 1.67488e-13 -1.63881e-14
1.165 0.681261 -7.84743e-14 0.319209 7.74695e-14 1.67102e-13 -1.61158e-14
1.17 0.682549 -7.97172e-14 0.317921 7.87745e-14 1.66638e-13 -1.58921e-14
1.175 0.683825 -8.11179e-14 0.316645 8.00697e-14 1.66179e-13 -1.57474e-14
1.18 0.685091 -8.22835e-14 0.315378 8.13237e-14 1.65764e-13 -1.55915e-14
1.185 0.686347 -8.35146e-14 0.314122 8.25636e-14 1.65331e-13 -1.55448e-14
1.19 0.687593 -8.48697e-14 0.312876 8.37722e-14 1.6488e-13 -1.54377e-14
1.195 0.688829 -8.60548e-14 0.311639 8.49637e-14 1.64421e-13 -1.53332e-14
1.2 0.690057 -8.72099e-14 0.310412 8.61413e-14 1.63935e-13 -1.52571e-14
1.205 0.691275 -8.83543e-14 0.309192 8.72777e-14 1.63438e-13 -1.51869e-14
1.21 0.692486 -8.93152e-14 0.307982 8.83728e-14 1.62928e-13 -1.5087e-14
1.215 0.693688 -9.04911e-14 0.306779 8.9445e-14 1.62406e-13 -1.4999e-14
1.22 0.694883 -9.16346e-14 0.305583 9.04905e-14 1.61882e-13 -1.48354e-14
1.225 0.696071 -9.26474e-14 0.304395 9.15234e-14 1.61375e-13 -1.46494e-14
1.23 0.697252 -9.37374e-14 0.303214 9.25399e-14 1.60892e-13 -1.44154e-14
1.235 0.698426 -9.48079e-14 0.302039 9.35437e-14 1.6042e-13 -1.41864e-14
1.24 0.699594 -9.57835e-14 0.300871 9.45307e-14 1.59987e-13 -1.39765e-14
1.245 0.700756 -9.66869e-14 0.299708 9.54767e-14 1.59508e-13 -1.37437e-14
1.25 0.701913 -9.75276e-14 0.298551 9.64071e-14 1.59029e-13 -1.35202e-14
1.255 0.703064 -9.84372e-14 0.297398 9.73194e-14 1.58487e-13 -1.3307e-14
1.26 0.704211 -9.93876e-14 0.296251 9.82136e-14 1.57956e-13 -1.31121e-14
1.265 0.705353 -1.00209e-13 0.295108 9.9096e-14 1.57365e-13 -1.29199e-14
1.27 0.706491 -1.01156e-13 0.29397 9.99604e-14 1.56702e-13 -1.28009e-14
1.275 0.707625 -1.02082e-13 0.292835 1.00814e-13 1.56034e-13 -1.27481e-14
1.28 0.708755 -1.02839e-13 0.291704 1.01635e-13 1.5536e-13 -1.27027e-14
1.285 0.709882 -1.03635e-13 0.290576 1.02422e-13 1.5466e-13 -1.26964e-14
1.29 0.711006 -1.04628e-13 0.289451 1.03172e-13 1.53963e-13 -1.26628e-14
1.295 0.712128 -1.05264e-13 0.288329 1.03881e-13 1.5327e-13 -1.26273e-14
1.3 0.713247 -1.05873e-13 0.28721 1.0455e-13 1.52527e-13 -1.26746e-14
1.305 0.714364 -1.06483e-13 0.286092 1.05205e-13 1.51764e-13 -1.27268e-14
1.31 0.715478 -1.07127e-13 0.284977 1.05834e-13 1.51009e-13 -1.27962e-14
1.315 0.716591 -1.0778e-13 0.283864 1.06428e-13 1.50302e-13 -1.28777e-14
1.32 0.717702 -1.08325e-13 0.282752 1.06997e-13 1.49547e-13 -1.29844e-14
1.325 0.718812 -1.08955e-13 0.281641 1.07515e-13 1.48785e-13 -1.3032e-14
1.33 0.719921 -1.09393e-13 0.280531 1.07989e-13 1.4803e-13 -1.30577e-14
1.335 0.721029 -1.09775e-13 0.279423 1.08417e-13 1.47251e-13 -1.31094e-14
1.34 0.722136 -1.10093e-13 0.278315 1.08812e-13 1.46387e-13 -1.31182e-14
1.345 0.723243 -1.10502e-13 0.277207 1.09197e-13 1.45601e-13 -1.31447e-14
1.35 0.724349 -1.10857e-13 0.2761 1.09554e-13 1.44812e-13 -1.31315e-14
1.355 0.725456 -1.11171e-13 0.274993 1.09872e-13 1.43991e-13 -1.30962e-14
1.36 0.726562 -1.11465e-13 0.273886 1.10167e-13 1.43145e-13 -1.30341e-14
1.365 0.727668 -1.11788e-13 0.272778 1.10419e-13 1.42236e-13 -1.29212e-14
1.37 0.728775 -1.11913e-13 0.27167 1.1062e-13 1.41369e-13 -1.28172e-14
1.375 0.729883 -1.12055e-13 0.270562 1.10774e-13 1.40515e-13 -1.27278e-14
1.38 0.730991 -1.12157e-13 0.269452 1.10884e-13 1.39632e-13 -1.2706e-14
1.385 0.7321 -1.12282e-13 0.268342 1.10959e-13 1.38736e-13 -1.26579e-14
1.39 0.733211 -1.12235e-13 0.267231 1.10993e-13 1.37887e-13 -1.26414e-14
1.395 0.734322 -1.12302e-13 0.266118 1.10962e-13 1.37039e-13 -1.26776e-14
1.4 0.735436 -1.12242e-13 0.265004 1.10898e-13 1.36208e-13 -1.2754e-14
1.405 0.73655 -1.12221e-13 0.263888 1.10798e-13 1.35396e-13 -1.283e-14
1.41 0.737667 -1.12036e-13 0.26277 1.10661e-13 1.34493e-13 -1.29186e-14
1.415 0.738785 -1.11964e-13 0.261651 1.10482e-13 1.336e-13 -1.30227e-14
1.42 0.739905 -1.11786e-13 0.260529 1.10257e-13 1.32693e-13 -1.31114e-14
1.425 0.741028 -1.1155e-13 0.259406 1.09984e-13 1.31842e-13 -1.32184e-14
1.43 0.742153 -1.11071e-13 0.25828 1.09646e-13 1.31e-13 -1.33244e-14
1.435 0.74328 -1.10785e-13 0.257151 1.09257e-13 1.30124e-13 -1.34383e-14
1.44 0.74441 -1.10343e-13 0.25602 1.08818e-13 1.29252e-13 -1.36469e-14
1.445 0.745542 -1.09802e-13 0.254886 1.08351e-13 1.28419e-13 -1.39154e-14
1.45 0.746678 -1.09279e-13 0.253749 1.07832e-13 1.27512e-13 -1.42368e-14
1.455 0.747816 -1.08733e-13 0.25261 1.07267e-13 1.26599e-13 -1.45053e-14
1.46 0.748958 -1.08077e-13 0.251467 1.06672e-13 1.25647e-13 -1.48222e-14
1.465 0.750102 -1.07387e-13 0.250321 1.06036e-13 1.2471e-13 -1.51832e-14
1.47 0.75125 -1.06679e-13 0.249171 1.05354e-13 1.23781e-13 -1.55541e-14
1.475 0.752402 -1.05998e-13 0.248019 1.04625e-13 1.22845e-13 -1.59016e-14
1.48 0.753556 -1.05203e-13 0.246862 1.03835e-13 1.21945e-13 -1.61906e-14
1.485 0.754715 -1.044e-13 0.245702 1.03006e-13 1.21103e-13 -1.64638e-14
1.49 0.755877 -1.03545e-13 0.244539 1.02129e-13 1.20257e-13 -1.67063e-14
1.495 0.757044 -1.02635e-13 0.243371 1.01208e-13 1.19434e-13 -1.70173e-14
1.5 0.758214 -1.0157e-13 0.242199 1.00242e-13 1.18582e-13 -1.73735e-14
1.505 0.759389 -1.00579e-13 0.241023 9.92329e-14 1.17735e-13 -1.77109e-14
1.51 0.760568 -9.95691e-14 0.239843 9.81792e-14 1.16881e-13 -1.80523e-14
1.515 0.761752 -9.85089e-14 0.238658 9.70643e-14 1.16019e-13 -1.83602e-14
1.52 0.76294 -9.73387e-14 0.237468 9.589e-14 1.15133e-13 -1.86587e-14
1.525 0.764133 -9.61074e-14 0.236274 9.46598e-14 1.14256e-13 -1.89793e-14
1.53 0.765332 -9.49273e-14 0.235074 9.33893e-14 1.13374e-13 -1.92728e-14
1.535 0.766535 -9.35627e-14 0.233869 9.20581e-14 1.12511e-13 -1.95676e-14
1.54 0.767744 -9.21709e-14 0.23266 9.06777e-14 1.11633e-13 -1.98787e-14
1.545 0.768958 -9.07809e-14 0.231444 8.92514e-14 1.10763e-13 -2.02075e-14
1.55 0.770177 -8.93381e-14 0.230224 8.77876e-14 1.09917e-13 -2.05307e-14
1.555 0.771402 -8.78754e-14 0.228998 8.62756e-14 1.09114e-13 -2.08233e-14
1.56 0.772633 -8.63045e-14 0.227766 8.47269e-14 1.08336e-13 -2.11179e-14
1.565 0.773869 -8.48027e-14 0.226529 8.314e-14 1.07592e-13 -2.14395e-14
1.57 0.775111 -8.33098e-14 0.225286 8.15331e-14 1.06957e-13 -2.17798e-14
1.575 0.776359 -8.15697e-14 0.224037 7.9889e-14 1.06352e-13 -2.20826e-14
1.58 0.777613 -7.98621e-14 0.222781 7.8208e-14 1.05712e-13 -2.23735e-14
1.585 0.778873 -7.81518e-14 0.22152 7.64925e-14 1.05073e-13 -2.26497e-14
1.59 0.78014 -7.63981e-14 0.220253 7.47506e-14 1.04424e-13 -2.29911e-14
1.595 0.781412 -7.45862e-14 0.218979 7.29712e-14 1.03789e-13 -2.33182e-14
1.6 0.782691 -7.27864e-14 0.2177 7.11568e-14 1.03161e-13 -2.36254e-14
1.605 0.783976 -7.09169e-14 0.216414 6.9307e-14 1.02555e-13 -2.39213e-14
1.61 0.785267 -6.90367e-14 0.215122 6.74241e-14 1.01962e-13 -2.42767e-14
1.615 0.786564 -6.70703e-14 0.213824 6.55289e-14 1.01343e-13 -2.46271e-14
1.62 0.787867 -6.51582e-14 0.21252 6.36149e-14 1.00707e-13 -2.49267e-14
1.625 0.789176 -6.3201e-14 0.211209 6.16889e-14 1.00083e-13 -2.52532e-14
1.63 0.790492 -6.12634e-14 0.209893 5.974e-14 9.94646e-14 -2.56063e-14
1.635 0.791813 -5.93412e-14 0.208571 5.78075e-14 9.88531e-14 -2.59075e-14
1.64 0.79314 -5.74885e-14 0.207243 5.58595e-14 9.8264e-14 -2.62038e-14
1.645 0.794473 -5.55336e-14 0.205909 5.39041e-14 9.76998e-14 -2.64696e-14
1.65 0.795812 -5.35106e-14 0.204569 5.19505e-14 9.71414e-14 -2.6693e-14
1.655 0.797157 -5.15043e-14 0.203224 4.99896e-14 9.65889e-14 -2.68377e-14
1.66 0.798507 -4.95577e-14 0.201872 4.80355e-14 9.60684e-14 -2.69609e-14
1.665 0.799863 -4.74885e-14 0.200516 4.60885e-14 9.55468e-14 -2.70742e-14
1.67 0.801226 -4.55481e-14 0.199153 4.4132e-14 9.50345e-14 -2.73464e-14
1.675 0.802595 -4.35874e-14 0.197783 4.21758e-14 9.45108e-14 -2.75279e-14
1.68 0.803971 -4.16019e-14 0.196406 4.02166e-14 9.39452e-14 -2.76383e-14
1.685 0.805354 -3.9671e-14 0.195022 3.82663e-14 9.33741e-14 -2.77754e-14
1.69 0.806744 -3.77544e-14 0.193632 3.63394e-14 9.27635e-14 -2.782e-14
1.695 0.80814 -3.58404e-14 0.192235 3.44145e-14 9.21477e-14 -2.78792e-14
1.7 0.809542 -3.40447e-14 0.190832 3.25105e-14 9.15305e-14 -2.7859e-14
1.705 0.810951 -3.22302e-14 0.189423 3.06251e-14 9.0903e-14 -2.77915e-14
1.71 0.812365 -3.03458e-14 0.188008 2.87468e-14 9.03331e-14 -2.76344e-14
1.715 0.813786 -2.85284e-14 0.186587 2.68779e-14 8.97342e-14 -2.74545e-14
1.72 0.815212 -2.66915e-14 0.185161 2.50496e-14 8.91167e-14 -2.72878e-14
1.725 0.816643 -2.48294e-14 0.183729 2.32421e-14 8.84908e-14 -2.70378e-14
1.73 0.818079 -2.30861e-14 0.182292 2.14578e-14 8.78568e-14 -2.67795e-14
1.735 0.819521 -2.13442e-14 0.18085 1.96968e-14 8.71932e-14 -2.65335e-14
1.74 0.820967 -1.96577e-14 0.179403 1.79577e-14 8.65399e-14 -2.62555e-14
1.745 0.822418 -1.78291e-14 0.177952 1.62406e-14 8.58646e-14 -2.59731e-14
1.75 0.823873 -1.60196e-14 0.176497 1.45586e-14 8.52131e-14 -2.56638e-14
1.755 0.825332 -1.43077e-14 0.175037 1.29073e-14 8.45789e-14 -2.52745e-14
1.76 0.826795 -1.27418e-14 0.173574 1.12963e-14 8.39771e-14 -2.49191e-14
1.765 0.828261 -1.1199e-14 0.172107 9.72053e-15 8.33904e-14 -2.45086e-14
1.77 0.829731 -9.66821e-15 0.170637 8.18381e-15 8.2808e-14 -2.40862e-14
1.775 0.831204 -8.18021e-15 0.169164 6.68516e-15 8.22347e-14 -2.36396e-14
1.78 0.832679 -6.65377e-15 0.167688 5.21642e-15 8.1646e-14 -2.31371e-14
1.785 0.834157 -5.21481e-15 0.16621 3.77646e-15 8.10831e-14 -2.261e-14
1.79 0.835637 -3.79025e-15 0.164729 2.36479e-15 8.05308e-14 -2.20663e-14
1.795 0.83712 -2.42249e-15 0.163247 9.96631e-16 7.99683e-14 -2.14852e-14
1.8 0.838603 -1.13705e-15 0.161763 -3.23473e-16 7.93948e-14 -2.08613e-14
1.805 0.840089 9.8939e-17 0.160277 -1.5974e-15 7.88198e-14 -2.0252e-14
1.81 0.841575 1.39944e-15 0.158791 -2.8216e-15 7.82179e-14 -1.96446e-14
1.815 0.843062 2.57341e-15 0.157304 -3.99542e-15 7.76285e-14 -1.90193e-14
1.82 0.844548 3.68495e-15 0.155817 -5.1109e-15 7.70632e-14 -1.83197e-14
1.825 0.846034 4.72482e-15 0.15433 -6.18593e-15 7.65257e-14 -1.76094e-14
1.83 0.84752 5.77171e-15 0.152844 -7.224e-15 7.60445e-14 -1.68897e-14
1.835 0.849006 6.75307e-15 0.151357 -8.20949e-15 7.55908e-14 -1.61819e-14
1.84 0.850492 7.72906e-15 0.149872 -9.15514e-15 7.51634e-14 -1.54612e-14
1.845 0.851977 8.66604e-15 0.148386 -1.00513e-14 7.46259e-14 -1.64048e-14
1.85 0.853462 9.5232e-15 0.1469 -1.08989e-14 7.41443e-14 -1.70394e-14
1.855 0.854948 1.02798e-14 0.145415 -1.16975e-14 7.36968e-14 -1.74263e-14
1.86 0.856432 1.10322e-14 0.14393 -1.24388e-14 7.3279e-14 -1.7552e-14
1.865 0.857916 1.1675e-14 0.142445 -1.31246e-14 7.28841e-14 -1.74567e-14
1.87 0.859399 1.23401e-14 0.140962 -1.37514e-14 7.24884e-14 -1.7167e-14
1.875 0.86088 1.29182e-14 0.139481 -1.43253e-14 7.21214e-14 -1.66851e-14
1.88 0.862359 1.34436e-14 0.138001 -1.48376e-14 7.17545e-14 -1.60629e-14
1.885 0.863836 1.39412e-14 0.136524 -1.52947e-14 7.14317e-14 -1.53002e-14
1.89 0.86531 1.43499e-14 0.13505 -1.56953e-14 7.11384e-14 -1.44331e-14
1.895 0.866782 1.47357e-14 0.133578 -1.60388e-14 7.08731e-14 -1.34673e-14
1.9 0.868249 1.50033e-14 0.13211 -1.63207e-14 7.06388e-14 -1.24091e-14
1.905 0.869713 1.52682e-14 0.130646 -1.65486e-14 7.04476e-14 -1.12856e-14
1.91 0.871172 1.53612e-14 0.129188 -1.66808e-14 7.06957e-14 -8.97217e-15
1.915 0.872626 1.54415e-14 0.127733 -1.67583e-14 7.09172e-14 -6.79969e-15
1.92 0.874075 1.54742e-14 0.126283 -1.68014e-14 7.11217e-14 -4.75995e-15
1.925 0.875519 1.54529e-14 0.124839 -1.67852e-14 7.12977e-14 -2.86248e-15
1.93 0.876958 1.54149e-14 0.1234 -1.67073e-14 7.1433e-14 -1.09316e-15
1.935 0.878391 1.52992e-14 0.121967 -1.65914e-14 7.15202e-14 5.9288e-16
1.94 0.879817 1.51201e-14 0.12054 -1.64355e-14 7.15953e-14 2.16589e-15
1.945 0.881237 1.49702e-14 0.11912 -1.62579e-14 7.16685e-14 3.62723e-15
1.95 0.88265 1.4732e-14 0.117707 -1.60549e-14 7.17514e-14 5.00339e-15
1.955 0.884055 1.45151e-14 0.116301 -1.58064e-14 7.1799e-14 6.3133e-15
1.96 0.885453 1.42092e-14 0.114904 -1.55004e-14 7.1827e-14 7.53412e-15
1.965 0.886842 1.38739e-14 0.113514 -1.51545e-14 7.18379e-14 8.66574e-15
1.97 0.888223 1.34946e-14 0.112133 -1.47724e-14 7.18246e-14 9.74931e-15
1.975 0.889595 1.30557e-14 0.110761 -1.43548e-14 7.1777e-14 1.0775e-14
1.98 0.890957 1.26004e-14 0.109398 -1.38978e-14 7.17353e-14 1.17301e-14
1.985 0.89231 1.21078e-14 0.108045 -1.34043e-14 7.1707e-14 1.26225e-14
1.99 0.893653 1.15508e-14 0.106702 -1.28753e-14 7.16556e-14 1.3504e-14
1.995 0.894986 1.09773e-14 0.105369 -1.22959e-14 7.15934e-14 1.43408e-14
2 0.896308 1.03346e-14 0.104047 -1.16573e-14 7.15175e-14 1.51516e-14
2.005 0.897619 9.66677e-15 0.102736 -1.09914e-14 7.14291e-14 1.59235e-14
2.01 0.898918 8.91995e-15 0.101436 -1.02873e-14 7.13472e-14 1.66738e-14
2.015 0.900206 8.23042e-15 0.100147 -9.5478e-15 7.1263e-14 1.74044e-14
2.02 0.901483 7.47747e-15 0.0988711 -8.77981e-15 7.11789e-14 1.80984e-14
2.025 0.902747 6.72254e-15 0.097607 -7.99454e-15 7.10362e-14 1.87471e-14
2.03 0.903998 5.91228e-15 0.0963554 -7.18194e-15 7.09086e-14 1.93864e-14
2.035 0.905237 5.01674e-15 0.0951166 -6.31902e-15 7.08022e-14 2.0033e-14
2.04 0.906462 4.08143e-15 0.093891 -5.42494e-15 7.07204e-14 2.06882e-14
2.045 0.907674 3.19201e-15 0.0926787 -4.50988e-15 7.06582e-14 2.13483e-14
2.05 0.908873 2.23453e-15 0.0914801 -3.56897e-15 7.0616e-14 2.20163e-14
2.055 0.910057 1.27948e-15 0.0902954 -2.59546e-15 7.05801e-14 2.27041e-14
2.06 0.911228 2.96365e-16 0.0891248 -1.59791e-15 7.0575e-14 2.33935e-14
2.065 0.912384 -6.92366e-16 0.0879686 -6.13413e-16 7.05919e-14 2.41148e-14
2.07 0.913525 -1.71277e-15 0.086827 4.01655e-16 7.06305e-14 2.48639e-14
2.075 0.914652 -2.7386e-15 0.0857002 1.43803e-15 7.06903e-14 2.56404e-14
2.08 0.915764 -3.78327e-15 0.0845884 2.48905e-15 7.07803e-14 2.64467e-14
2.085 0.91686 -4.8376e-15 0.0834919 3.54825e-15 7.08927e-14 2.72802e-14
2.09 0.917941 -5.94108e-15 0.0824107 4.63776e-15 7.10246e-14 2.81383e-14
2.095 0.919007 -7.07038e-15 0.0813452 5.74118e-15 7.1182e-14 2.904e-14
2.1 0.920056 -8.19966e-15 0.0802953 6.8635e-15 7.13641e-14 2.99939e-14
2.105 0.92109 -9.32754e-15 0.0792615 8.00367e-15 7.16604e-14 3.10319e-14
2.11 0.922108 -1.04814e-14 0.0782436 9.16191e-15 7.19698e-14 3.21065e-14
2.115 0.923109 -1.16372e-14 0.077242 1.03327e-14 7.22977e-14 3.32247e-14
2.12 0.924094 -1.28232e-14 0.0762567 1.15342e-14 7.26322e-14 3.43822e-14
2.125 0.925063 -1.40166e-14 0.0752879 1.2749e-14 7.29876e-14 3.55975e-14
2.13 0.926015 -1.52496e-14 0.0743356 1.39789e-14 7.33601e-14 3.68466e-14
2.135 0.926951 -1.64657e-14 0.0733999 1.52276e-14 7.37499e-14 3.81476e-14
2.14 0.927869 -1.76796e-14 0.0724813 1.64895e-14 7.41548e-14 3.94464e-14
2.145 0.928771 -1.89631e-14 0.0715794 1.77534e-14 7.45717e-14 4.08049e-14
2.15 0.929656 -2.02751e-14 0.0706944 1.90239e-14 7.50052e-14 4.22393e-14
2.155 0.930524 -2.1577e-14 0.0698264 2.03046e-14 7.54438e-14 4.37369e-14
2.16 0.931375 -2.2829e-14 0.0689753 2.15876e-14 7.58901e-14 4.52977e-14
2.165 0.932209 -2.41072e-14 0.0681412 2.28575e-14 7.63685e-14 4.69252e-14
2.17 0.933026 -2.53812e-14 0.0673238 2.41382e-14 7.69081e-14 4.86304e-14
2.175 0.933827 -2.66416e-14 0.0665226 2.54139e-14 7.75154e-14 5.04002e-14
2.18 0.934612 -2.79342e-14 0.0657377 2.66944e-14 7.81243e-14 5.22305e-14
2.185 0.935381 -2.92276e-14 0.0649691 2.79718e-14 7.87422e-14 5.41267e-14
2.19 0.936133 -3.0458e-14 0.0642168 2.92186e-14 7.93633e-14 5.60834e-14
2.195 0.936869 -3.1686e-14 0.0634808 3.04524e-14 7.99832e-14 5.811e-14
2.2 0.937588 -3.28791e-14 0.062761 3.16726e-14 8.06105e-14 6.0201e-14
2.205 0.938292 -3.41366e-14 0.0620576 3.28971e-14 8.12528e-14 6.23472e-14
2.21 0.938979 -3.53948e-14 0.0613704 3.41448e-14 8.18954e-14 6.45553e-14
2.215 0.93965 -3.6637e-14 0.0606994 3.53894e-14 8.25446e-14 6.68317e-14
2.22 0.940305 -3.78758e-14 0.0600445 3.66319e-14 8.31893e-14 6.91697e-14
2.225 0.940943 -3.91092e-14 0.0594059 3.7863e-14 8.38348e-14 7.15661e-14
2.23 0.941566 -4.02897e-14 0.0587832 3.90602e-14 8.44881e-14 7.40194e-14
2.235 0.942172 -4.14778e-14 0.0581767 4.02448e-14 8.51461e-14 7.65243e-14
2.24 0.942763 -4.25821e-14 0.057586 4.14059e-14 8.58024e-14 7.90834e-14
2.245 0.943337 -4.37435e-14 0.0570113 4.25921e-14 8.64661e-14 8.16729e-14
2.25 0.943896 -4.49045e-14 0.0564523 4.37756e-14 8.71307e-14 8.43214e-14
2.255 0.944439 -4.60901e-14 0.0559091 4.49456e-14 8.77975e-14 8.70258e-14
2.26 0.944967 -4.72521e-14 0.0553814 4.61096e-14 8.84669e-14 8.97854e-14
2.265 0.945479 -4.84139e-14 0.0548692 4.72693e-14 8.91408e-14 9.25919e-14
2.27 0.945976 -4.95571e-14 0.0543723 4.84148e-14 8.98147e-14 9.54459e-14
2.275 0.946457 -5.06962e-14 0.0538907 4.95445e-14 9.04924e-14 9.8339e-14
2.28 0.946924 -5.17935e-14 0.0534244 5.06547e-14 9.11413e-14 1.01253e-13
2.285 0.947375 -5.29275e-14 0.0529731 5.1748e-14 9.18044e-14 1.04207e-13
2.29 0.947811 -5.40536e-14 0.0525365 5.28485e-14 9.24811e-14 1.07195e-13
2.295 0.948233 -5.51452e-14 0.0521146 5.39317e-14 9.31671e-14 1.10213e-13
2.3 0.94864 -5.62164e-14 0.0517072 5.49874e-14 9.38605e-14 1.13256e-13
2.305 0.949033 -5.72681e-14 0.0513142 5.60296e-14 9.45578e-14 1.16317e-13
2.31 0.949412 -5.83159e-14 0.0509353 5.70605e-14 9.52608e-14 1.19393e-13
2.315 0.949777 -5.93243e-14 0.0505705 5.80709e-14 9.59709e-14 1.22485e-13
2.32 0.950128 -6.03191e-14 0.0502195 5.90613e-14 9.66773e-14 1.25586e-13
2.325 0.950465 -6.12802e-14 0.0498821 6.00274e-14 9.73806e-14 1.28686e-13
2.33 0.950789 -6.22484e-14 0.0495583 6.09834e-14 9.8086e-14 1.31782e-13
2.335 0.951099 -6.32045e-14 0.0492477 6.19062e-14 9.87869e-14 1.34876e-13
2.34 0.951397 -6.41247e-14 0.0489502 6.2811e-14 9.94892e-14 1.37962e-13
2.345 0.951681 -6.50126e-14 0.0486656 6.36997e-14 1.00189e-13 1.41034e-13
2.35 0.951953 -6.58919e-14 0.0483937 6.45698e-14 1.00885e-13 1.44086e-13
2.355 0.952212 -6.67396e-14 0.0481343 6.54024e-14 1.01573e-13 1.4711e-13
2.36 0.952459 -6.75474e-14 0.0478875 6.6192e-14 1.02252e-13 1.50107e-13
2.365 0.952694 -6.82937e-14 0.0476527 6.6948e-14 1.02925e-13 1.53079e-13
2.37 0.952917 -6.90566e-14 0.0474296 6.77079e-14 1.03581e-13 1.56023e-13
2.375 0.953128 -6.98237e-14 0.0472182 6.84687e-14 1.04229e-13 1.58933e-13
2.38 0.953328 -7.05392e-14 0.0470181 6.91998e-14 1.0487e-13 1.61804e-13
2.385 0.953517 -7.12403e-14 0.0468292 6.98863e-14 1.05497e-13 1.64637e-13
2.39 0.953695 -7.1875e-14 0.0466513 7.05357e-14 1.06112e-13 1.67429e-13
2.395 0.953862 -7.24806e-14 0.0464841 7.11658e-14 1.0672e-13 1.70165e-13
2.4 0.954019 -7.30986e-14 0.0463275 7.17764e-14 1.07318e-13 1.72845e-13
2.405 0.954165 -7.36482e-14 0.0461816 7.23248e-14 1.07895e-13 1.75477e-13
2.41 0.9543 -7.4144e-14 0.0460463 7.28355e-14 1.08449e-13 1.78058e-13
2.415 0.954426 -7.45973e-14 0.0459209 7.32903e-14 1.0898e-13 1.80587e-13
2.42 0.954541 -7.50293e-14 0.0458054 7.37246e-14 1.09486e-13 1.83061e-13
2.425 0.954647 -7.54172e-14 0.0456995 7.41364e-14 1.0997e-13 1.85477e-13
2.43 0.954744 -7.57531e-14 0.0456028 7.44716e-14 1.10428e-13 1.87835e-13
2.435 0.954831 -7.604e-14 0.0455152 7.47564e-14 1.10862e-13 1.90132e-13
2.44 0.95491 -7.62747e-14 0.0454363 7.49891e-14 1.11272e-13 1.92367e-13
2.445 0.954981 -7.63892e-14 0.0453659 7.51032e-14 1.11656e-13 1.94538e-13
2.45 0.955043 -7.63999e-14 0.0453037 7.5113e-14 1.12017e-13 1.96643e-13
2.455 0.955097 -7.63294e-14 0.0452496 7.50348e-14 1.12354e-13 1.98681e-13
2.46 0.955143 -7.61216e-14 0.0452033 7.48198e-14 1.12673e-13 2.0065e-13
2.465 0.955182 -7.58724e-14 0.0451642 7.45664e-14 1.12962e-13 2.02543e-13
2.47 0.955214 -7.56346e-14 0.0451321 7.43147e-14 1.13223e-13 2.04357e-13
2.475 0.95524 -7.53086e-14 0.045107 7.39933e-14 1.13456e-13 2.06095e-13
2.48 0.955258 -7.49422e-14 0.0450887 7.36333e-14 1.1366e-13 2.07755e-13
2.485 0.95527 -7.45652e-14 0.045077 7.32513e-14 1.13836e-13 2.09338e-13
2.49 0.955275 -7.41958e-14 0.045072 7.28865e-14 1.13985e-13 2.10844e-13
2.495 0.955273 -7.38226e-14 0.0450735 7.25072e-14 1.14105e-13 2.12273e-13
2.5 0.955266 -7.35265e-14 0.0450811 7.22112e-14 1.14199e-13 2.13625e-13
