0 0 0 1 0 0 0
0.05 0.00396651 4.69218e-16 0.996033 3.04077e-16 -5.34844e-15 -5.24927e-15
0.1 0.0157214 4.82412e-16 0.984278 4.26906e-16 -1.06803e-14 -1.02816e-14
0.15 0.0348427 5.10524e-16 0.965157 4.26831e-16 -1.5739e-14 -1.47053e-14
0.2 0.0606575 6.66485e-16 0.939342 3.87396e-16 -2.02991e-14 -1.82886e-14
0.25 0.0922841 7.63081e-16 0.907715 3.41335e-16 -2.44823e-14 -2.09651e-14
0.3 0.128686 7.60537e-16 0.871312 3.59818e-16 -2.82606e-14 -2.28951e-14
0.35 0.168733 5.73256e-16 0.831266 3.40611e-16 -3.15247e-14 -2.38045e-14
0.4 0.21126 4.60914e-16 0.788738 2.48828e-16 -3.41481e-14 -2.39177e-14
0.45 0.255132 7.70812e-16 0.744865 -1.39838e-16 -3.64893e-14 -2.33772e-14
0.5 0.299289 1.27203e-15 0.700708 -6.96339e-16 -3.87207e-14 -2.25496e-14
0.55 0.342791 1.10052e-15 0.657206 -8.17354e-16 -4.0635e-14 -2.15962e-14
0.6 0.384844 1.19768e-15 0.615152 -9.95279e-16 -4.22755e-14 -2.06823e-14
0.65 0.424821 1.45369e-15 0.575176 -1.15049e-15 -4.33969e-14 -1.99568e-14
0.7 0.46226 1.41606e-15 0.537737 -1.14104e-15 -4.38162e-14 -1.9407e-14
0.75 0.496863 1.57984e-15 0.503134 -1.39391e-15 -4.36897e-14 -1.89564e-14
0.8 0.528482 1.90286e-15 0.471515 -1.54492e-15 -4.31459e-14 -1.84181e-14
0.85 0.5571 1.38895e-15 0.442897 -1.05108e-15 -4.2442e-14 -1.81889e-14
0.9 0.58281 9.39403e-16 0.417187 -7.29315e-16 -4.14031e-14 -1.79546e-14
0.95 0.605793 7.46524e-16 0.394205 -5.76318e-16 -4.0297e-14 -1.78436e-14
1 0.626295 1.08625e-16 0.373703 1.17901e-16 -3.91078e-14 -1.72496e-14
1.05 0.644608 -4.88541e-16 0.35539 6.83981e-16 -3.81804e-14 -1.62455e-14
1.1 0.66105 -1.18038e-15 0.338947 1.30638e-15 -3.76455e-14 -1.51391e-14
1.15 0.675953 -1.76392e-15 0.324045 1.84723e-15 -3.74464e-14 -1.39987e-14
1.2 0.689639 -2.16127e-15 0.310359 2.2291e-15 -3.69809e-14 -1.3015e-14
1.25 0.702417 -2.44273e-15 0.297581 2.46579e-15 -3.64857e-14 -1.20371e-14
1.3 0.714564 -2.66712e-15 0.285434 2.61623e-15 -3.58529e-14 -1.14223e-14
1.35 0.726319 -2.72547e-15 0.273679 2.72076e-15 -3.51762e-14 -1.12104e-14
1.4 0.737875 -2.68594e-15 0.262124 2.69696e-15 -3.4232e-14 -1.15299e-14
1.45 0.749372 -2.63942e-15 0.250627 2.6088e-15 -3.29651e-14 -1.22301e-14
1.5 0.760901 -2.40489e-15 0.239098 2.37758e-15 -3.10453e-14 -1.3426e-14
1.55 0.772496 -2.0309e-15 0.227503 2.14632e-15 -2.8274e-14 -1.50227e-14
1.6 0.784147 -1.87696e-15 0.215853 1.93997e-15 -2.50429e-14 -1.65638e-14
1.65 0.7958 -1.67133e-15 0.2042 1.73119e-15 -2.13162e-14 -1.80342e-14
1.7 0.80737 -1.36783e-15 0.192629 1.50985e-15 -1.73401e-14 -1.91023e-14
1.75 0.818753 -1.18287e-15 0.181247 1.38066e-15 -1.34209e-14 -1.98574e-14
1.8 0.82983 -1.07703e-15 0.170169 1.22963e-15 -9.60822e-15 -2.03543e-14
1.85 0.840487 -1.09191e-15 0.159513 1.16182e-15 -6.45562e-15 -2.0528e-14
1.9 0.850614 -1.06271e-15 0.149385 1.1617e-15 -3.87838e-15 -2.07859e-14
1.95 0.860123 -1.09562e-15 0.139876 1.22869e-15 -1.86544e-15 -2.12648e-14
2 0.868946 -1.18305e-15 0.131054 1.31321e-15 -4.70265e-16 -2.17443e-14
2.05 0.877039 -1.29615e-15 0.122961 1.39643e-15 5.9922e-16 -2.23594e-14
2.1 0.884385 -1.42583e-15 0.115615 1.51132e-15 1.41826e-15 -2.33571e-14
2.15 0.890993 -1.5255e-15 0.109007 1.57141e-15 2.16097e-15 -2.47713e-14
2.2 0.896892 -1.51233e-15 0.103108 1.52719e-15 2.94344e-15 -2.66053e-14
2.25 0.902134 -1.43684e-15 0.097866 1.45179e-15 3.4881e-15 -2.91301e-14
2.3 0.906784 -1.26496e-15 0.0932161 1.28562e-15 3.94604e-15 -3.18109e-14
2.35 0.910921 -6.94921e-16 0.089079 7.20532e-16 4.28255e-15 -3.50989e-14
2.4 0.914632 5.09655e-16 0.0853681 -4.66836e-16 5.14986e-15 -3.87727e-14
2.45 0.918008 1.99564e-15 0.0819923 -1.95464e-15 6.50508e-15 -4.2473e-14
2.5 0.921141 3.4349e-15 0.0788595 -3.3958e-15 8.425e-15 -4.59793e-14
