0 0 0 1 0 0 0
0.04 0.00254128 2.96784e-18 0.997459 1.86624e-16 4.54207e-16 -5.44785e-16
0.08 0.010106 6.10215e-16 0.989894 4.16524e-16 6.54815e-16 -1.27928e-15
0.12 0.0225193 1.61625e-15 0.977481 -1.87811e-18 7.68479e-16 -2.07276e-15
0.16 0.0394976 1.59101e-15 0.960502 -5.47315e-17 6.61638e-16 -2.97909e-15
0.2 0.0606607 1.55549e-15 0.939339 -1.20417e-16 4.62644e-16 -3.87747e-15
0.24 0.0855466 1.79577e-15 0.914453 -2.68289e-16 -5.85691e-17 -4.49701e-15
0.28 0.11363 2.17316e-15 0.88637 -5.92631e-16 -8.90582e-16 -4.44881e-15
0.32 0.14434 2.66538e-15 0.85566 -9.97336e-16 -1.92339e-15 -3.76852e-15
0.36 0.177086 3.54034e-15 0.822914 -1.6253e-15 -3.33314e-15 -2.62814e-15
0.4 0.211271 4.18802e-15 0.788729 -2.17383e-15 -5.04501e-15 -1.10644e-15
0.44 0.246315 4.97422e-15 0.753685 -2.64106e-15 -7.04114e-15 9.03671e-16
0.48 0.281669 5.59538e-15 0.718331 -3.35711e-15 -9.44323e-15 3.28508e-15
0.52 0.316831 6.55705e-15 0.683169 -4.21794e-15 -1.2038e-14 5.81516e-15
0.56 0.351356 7.37817e-15 0.648644 -4.99786e-15 -1.46296e-14 8.31399e-15
0.6 0.384861 7.85427e-15 0.615139 -5.46169e-15 -1.71583e-14 1.04932e-14
0.64 0.417033 7.97943e-15 0.582967 -5.88494e-15 -1.93934e-14 1.2278e-14
0.68 0.447628 8.3579e-15 0.552372 -6.06329e-15 -2.12318e-14 1.36174e-14
0.72 0.476469 8.59891e-15 0.523531 -6.0572e-15 -2.26001e-14 1.46753e-14
0.76 0.503444 8.95873e-15 0.496556 -6.0865e-15 -2.3594e-14 1.54575e-14
0.8 0.528497 8.63479e-15 0.471503 -5.88842e-15 -2.42353e-14 1.60767e-14
0.84 0.551628 8.1268e-15 0.448372 -5.24061e-15 -2.50043e-14 1.60969e-14
0.88 0.572879 7.55685e-15 0.427121 -4.39546e-15 -2.54304e-14 1.56786e-14
0.92 0.59233 6.76999e-15 0.40767 -3.48648e-15 -2.53673e-14 1.505e-14
0.96 0.610094 5.5731e-15 0.389906 -2.29031e-15 -2.47128e-14 1.44138e-14
1 0.626305 4.39175e-15 0.373695 -1.01665e-15 -2.36993e-14 1.39556e-14
1.04 0.641114 3.32997e-15 0.358886 1.00916e-16 -2.23705e-14 1.38443e-14
1.08 0.654685 2.49522e-15 0.345315 9.5707e-16 -2.08396e-14 1.37949e-14
1.12 0.667185 1.72743e-15 0.332815 1.58807e-15 -1.88708e-14 1.32018e-14
1.16 0.678783 1.34087e-15 0.321217 1.91514e-15 -1.65906e-14 1.27771e-14
1.2 0.689644 1.03417e-15 0.310356 2.02042e-15 -1.39451e-14 1.2068e-14
1.24 0.699925 1.13139e-15 0.300075 1.86524e-15 -1.11709e-14 1.12994e-14
1.28 0.709768 1.50809e-15 0.290232 1.50065e-15 -8.24237e-15 1.05017e-14
1.32 0.719304 2.0328e-15 0.280696 9.26397e-16 -4.71439e-15 9.63392e-15
1.36 0.728642 2.71532e-15 0.271358 1.44671e-16 -7.96319e-16 8.81227e-15
1.4 0.737876 3.69162e-15 0.262124 -8.63794e-16 3.55903e-15 8.05247e-15
1.44 0.747073 4.86748e-15 0.252927 -2.1131e-15 8.15609e-15 7.40405e-15
1.48 0.756282 6.24497e-15 0.243718 -3.49497e-15 1.31092e-14 6.65521e-15
1.52 0.76553 7.64861e-15 0.23447 -5.01486e-15 1.80302e-14 6.02543e-15
1.56 0.774823 9.2242e-15 0.225177 -6.62108e-15 2.3241e-14 5.54077e-15
1.6 0.784146 1.09019e-14 0.215854 -8.19009e-15 2.8749e-14 5.29672e-15
1.64 0.793472 1.23464e-14 0.206528 -9.67143e-15 3.41851e-14 5.05108e-15
1.68 0.802758 1.36315e-14 0.197242 -1.10016e-14 3.94521e-14 4.89939e-15
1.72 0.811953 1.49299e-14 0.188047 -1.22201e-14 4.45978e-14 4.58122e-15
1.76 0.820997 1.58709e-14 0.179003 -1.31437e-14 4.97549e-14 3.93899e-15
1.8 0.829831 1.66263e-14 0.170169 -1.38486e-14 5.48295e-14 3.05039e-15
1.84 0.838396 1.70515e-14 0.161604 -1.42092e-14 5.97483e-14 1.5605e-15
1.88 0.846635 1.71076e-14 0.153365 -1.424e-14 6.44314e-14 -1.45247e-16
1.92 0.854499 1.68087e-14 0.145501 -1.3988e-14 6.92964e-14 -2.3272e-15
1.96 0.861948 1.63699e-14 0.138052 -1.35387e-14 7.42041e-14 -4.86634e-15
2 0.86895 1.56355e-14 0.13105 -1.28059e-14 7.93572e-14 -7.60142e-15
2.04 0.875484 1.46395e-14 0.124516 -1.1821e-14 8.49529e-14 -1.07272e-14
2.08 0.881541 1.3482e-14 0.118459 -1.0683e-14 9.04028e-14 -1.41625e-14
2.12 0.887121 1.22882e-14 0.112879 -9.45537e-15 9.60852e-14 -1.7893e-14
2.16 0.892233 1.09733e-14 0.107767 -8.09959e-15 1.01964e-13 -2.24058e-14
2.2 0.896897 9.68342e-15 0.103103 -6.80753e-15 1.07263e-13 -2.70414e-14
2.24 0.90114 8.38968e-15 0.0988598 -5.528e-15 1.12335e-13 -3.19418e-14
2.28 0.904995 7.16318e-15 0.0950047 -4.34284e-15 1.1687e-13 -3.833e-14
2.32 0.908501 6.17408e-15 0.0914988 -3.37148e-15 1.21724e-13 -4.46851e-14
2.36 0.911701 5.28884e-15 0.0882995 -2.47921e-15 1.2694e-13 -5.15346e-14
2.4 0.914639 4.6209e-15 0.0853615 -1.80095e-15 1.32809e-13 -5.8976e-14
2.44 0.917362 4.07234e-15 0.0826384 -1.29586e-15 1.39315e-13 -6.72378e-14
2.48 0.919916 3.69581e-15 0.0800836 -9.20543e-16 1.46512e-13 -7.64633e-14
