0 0 0 1 0 0 0
0.05 0.00396626 5.01036e-16 0.996034 4.15136e-16 1.28083e-15 -9.79593e-16
0.1 0.0157211 5.82634e-16 0.984279 3.89038e-16 2.6189e-15 -1.58149e-15
0.15 0.0348425 1.08533e-15 0.965157 6.93276e-17 3.89788e-15 -1.89072e-15
0.2 0.0606576 1.27994e-15 0.939342 -2.73867e-17 5.19161e-15 -1.66542e-15
0.25 0.0922846 1.35065e-15 0.907715 -1.22486e-16 6.46426e-15 -1.21305e-15
0.3 0.128687 1.38896e-15 0.871313 -2.17243e-16 7.77749e-15 -4.52022e-16
0.35 0.168734 1.23167e-15 0.831266 -2.96929e-16 8.95093e-15 7.74865e-16
0.4 0.211262 1.37623e-15 0.788738 -4.65109e-16 9.64476e-15 2.13622e-15
0.45 0.255134 1.93742e-15 0.744866 -6.41376e-16 1.00972e-14 3.7676e-15
0.5 0.299291 2.27883e-15 0.700709 -9.52369e-16 1.03507e-14 5.74318e-15
0.55 0.342793 2.70386e-15 0.657207 -1.46479e-15 1.0211e-14 7.88013e-15
0.6 0.384847 2.89371e-15 0.615153 -1.50622e-15 9.68385e-15 9.85159e-15
0.65 0.424824 3.33115e-15 0.575176 -1.89417e-15 9.16957e-15 1.12934e-14
0.7 0.462263 3.83061e-15 0.537737 -2.00671e-15 8.85535e-15 1.20438e-14
0.75 0.496866 4.74874e-15 0.503134 -2.99452e-15 8.87795e-15 1.20878e-14
0.8 0.528485 6.07665e-15 0.471515 -4.19498e-15 9.2807e-15 1.1553e-14
0.85 0.557103 6.98986e-15 0.442897 -5.3846e-15 9.77352e-15 1.05961e-14
0.9 0.582813 7.75358e-15 0.417187 -6.32203e-15 1.0358e-14 9.17811e-15
0.95 0.605796 8.14503e-15 0.394205 -7.00026e-15 1.10943e-14 7.24857e-15
1 0.626297 8.63097e-15 0.373703 -7.49749e-15 1.19456e-14 4.93574e-15
1.05 0.64461 8.97621e-15 0.35539 -7.86961e-15 1.29391e-14 2.15576e-15
1.1 0.661053 9.7751e-15 0.338947 -8.6835e-15 1.38919e-14 -7.70397e-16
1.15 0.675955 1.02994e-14 0.324045 -9.20114e-15 1.48246e-14 -3.75069e-15
1.2 0.689642 1.05274e-14 0.310359 -9.58124e-15 1.54606e-14 -6.49536e-15
1.25 0.70242 1.06537e-14 0.297581 -9.73128e-15 1.59901e-14 -8.95265e-15
1.3 0.714566 1.03475e-14 0.285434 -9.44498e-15 1.66999e-14 -1.06298e-14
1.35 0.726321 9.96825e-15 0.273679 -9.02413e-15 1.71895e-14 -1.15584e-14
1.4 0.737876 9.42302e-15 0.262124 -8.57061e-15 1.78655e-14 -1.17133e-14
1.45 0.749374 8.26267e-15 0.250627 -7.48466e-15 1.79673e-14 -1.14103e-14
1.5 0.760902 7.18231e-15 0.239098 -6.45711e-15 1.74212e-14 -1.0176e-14
1.55 0.772497 6.14992e-15 0.227503 -5.42329e-15 1.62566e-14 -8.34106e-15
1.6 0.784147 5.15094e-15 0.215853 -4.50251e-15 1.46223e-14 -6.13923e-15
1.65 0.7958 4.29186e-15 0.2042 -3.70136e-15 1.23025e-14 -3.67437e-15
1.7 0.807371 3.23187e-15 0.192629 -2.6028e-15 9.08174e-15 -1.18011e-15
1.75 0.818754 2.10214e-15 0.181247 -1.56606e-15 5.18702e-15 1.00794e-15
1.8 0.829831 1.28424e-15 0.170169 -7.25682e-16 9.07289e-16 2.89514e-15
1.85 0.840488 7.81948e-16 0.159512 -1.71859e-16 -3.95513e-15 4.22171e-15
1.9 0.850616 5.54439e-16 0.149384 9.06275e-17 -8.95852e-15 4.82959e-15
1.95 0.860126 5.67187e-16 0.139874 3.57537e-17 -1.40985e-14 4.43264e-15
2 0.868949 8.63501e-16 0.131051 -2.21343e-16 -1.9188e-14 3.22827e-15
2.05 0.877043 1.39197e-15 0.122957 -7.1974e-16 -2.37705e-14 1.62328e-15
2.1 0.884389 2.1616e-15 0.115611 -1.49072e-15 -2.77931e-14 -3.38094e-16
2.15 0.890997 3.11579e-15 0.109003 -2.39276e-15 -3.13779e-14 -2.56997e-15
2.2 0.896897 4.12905e-15 0.103103 -3.37518e-15 -3.42941e-14 -4.43896e-15
2.25 0.902138 5.30624e-15 0.0978619 -4.53213e-15 -3.67221e-14 -6.51338e-15
2.3 0.906788 6.4572e-15 0.0932116 -5.6933e-15 -3.87872e-14 -8.25392e-15
2.35 0.910926 7.74302e-15 0.0890742 -6.96827e-15 -4.03045e-14 -8.792e-15
2.4 0.914637 9.15235e-15 0.0853632 -8.3871e-15 -4.19354e-14 -8.69514e-15
2.45 0.918012 1.05353e-14 0.0819881 -9.76631e-15 -4.38128e-14 -8.32708e-15
2.5 0.921142 1.15188e-14 0.0788583 -1.07516e-14 -4.58588e-14 -7.88529e-15
