0 0 0 1 0 0 0
0.05 0.0033335 -7.53117e-17 0.994946 5.23944e-17 9.65107e-16 -1.01904e-16
0.1 0.0143904 5.99319e-18 0.983318 -3.96132e-17 1.83503e-15 -2.6257e-16
0.15 0.0324562 -1.69246e-16 0.964331 -2.24421e-17 2.57977e-15 -6.3313e-16
0.2 0.0572586 -2.36885e-16 0.938435 -4.57209e-17 3.18934e-15 -9.56875e-16
0.25 0.0882457 -3.19849e-16 0.90635 -6.29521e-17 3.71667e-15 -1.3146e-15
0.3 0.124566 -2.98166e-16 0.869002 -1.08499e-16 4.0861e-15 -1.691e-15
0.35 0.165284 -2.11904e-16 0.827397 -1.38623e-16 4.27784e-15 -2.17255e-15
0.4 0.209466 -6.32465e-17 0.782614 -1.83723e-16 4.25669e-15 -2.91224e-15
0.45 0.255872 -1.31118e-16 0.735835 -2.76101e-16 4.11995e-15 -3.59578e-15
0.5 0.303371 -1.19456e-16 0.688174 -3.9834e-16 3.88363e-15 -4.2728e-15
0.55 0.350863 -3.90762e-16 0.640696 -4.59225e-16 3.5762e-15 -4.94893e-15
0.6 0.39733 -5.36165e-16 0.594379 -5.125e-16 3.18719e-15 -5.61537e-15
0.65 0.441874 -6.56393e-16 0.550086 -6.51371e-16 2.79792e-15 -6.34785e-15
0.7 0.483745 -2.13153e-16 0.508522 -7.66993e-16 2.45722e-15 -7.0969e-15
0.75 0.522442 -5.3928e-17 0.470229 -6.83468e-16 2.19034e-15 -7.7422e-15
0.8 0.557516 -8.31995e-17 0.435589 -7.86464e-16 1.94564e-15 -8.34904e-15
0.85 0.588575 7.51406e-17 0.40484 -8.70337e-16 1.73065e-15 -8.80804e-15
0.9 0.615487 -1.98556e-17 0.378015 -7.19081e-16 1.53092e-15 -9.0728e-15
0.95 0.638686 1.48447e-17 0.354987 -5.80354e-16 1.34828e-15 -9.22357e-15
1 0.658132 -1.22428e-16 0.335488 -5.5421e-16 1.1952e-15 -9.18631e-15
1.05 0.674439 3.20514e-16 0.319176 -9.46019e-16 1.15174e-15 -8.97859e-15
1.1 0.688087 6.40431e-16 0.305575 -1.26461e-15 1.19948e-15 -8.67652e-15
1.15 0.699354 7.59446e-16 0.294154 -1.40779e-15 1.34675e-15 -8.23121e-15
1.2 0.709038 8.05732e-16 0.28435 -1.51156e-15 1.5077e-15 -7.72785e-15
1.25 0.717782 6.40024e-16 0.275513 -1.52075e-15 1.6595e-15 -7.34511e-15
1.3 0.726078 4.45799e-16 0.267157 -1.4024e-15 1.82117e-15 -7.08419e-15
1.35 0.734299 3.41315e-16 0.258837 -1.26635e-15 1.98088e-15 -6.91119e-15
1.4 0.742745 -4.7984e-17 0.250176 -1.11776e-15 2.03868e-15 -6.81809e-15
1.45 0.75055 2.56904e-16 0.242293 -1.4428e-15 2.05306e-15 -6.75443e-15
1.5 0.760303 3.79293e-16 0.232488 -1.60048e-15 2.03956e-15 -6.69886e-15
1.55 0.771768 3.69487e-16 0.220996 -1.65168e-15 2.01079e-15 -6.66115e-15
1.6 0.78461 3.4534e-16 0.208153 -1.65457e-15 2.02224e-15 -6.67836e-15
1.65 0.798315 3.39302e-16 0.194465 -1.69493e-15 2.06653e-15 -6.75105e-15
1.7 0.812592 3.11077e-16 0.18022 -1.73507e-15 2.15982e-15 -6.86136e-15
1.75 0.826994 5.91084e-16 0.165861 -2.01791e-15 2.29068e-15 -7.02551e-15
1.8 0.841194 1.00107e-15 0.151706 -2.43736e-15 2.47896e-15 -7.19294e-15
1.85 0.854692 1.7691e-15 0.138254 -3.17371e-15 2.67955e-15 -7.35417e-15
1.9 0.867178 2.82374e-15 0.125814 -4.22724e-15 2.90654e-15 -7.50232e-15
1.95 0.878455 3.97162e-15 0.114584 -5.36835e-15 3.12643e-15 -7.60364e-15
2 0.888429 5.27569e-15 0.104654 -6.70292e-15 3.34913e-15 -7.638e-15
2.05 0.896819 6.75715e-15 0.096306 -8.17463e-15 3.53238e-15 -7.59375e-15
2.1 0.904063 8.19083e-15 0.0891017 -9.60873e-15 3.71109e-15 -7.44839e-15
2.15 0.91017 9.50249e-15 0.0830311 -1.09331e-14 3.90825e-15 -7.23906e-15
2.2 0.915183 1.06355e-14 0.0780506 -1.20695e-14 4.11498e-15 -6.97227e-15
2.25 0.919107 1.15731e-14 0.0741514 -1.30037e-14 4.32131e-15 -6.66519e-15
2.3 0.922123 1.21037e-14 0.0711544 -1.35348e-14 4.53177e-15 -6.33536e-15
2.35 0.924323 1.23361e-14 0.0689672 -1.37765e-14 4.74089e-15 -6.00306e-15
2.4 0.925785 1.21339e-14 0.0675155 -1.35821e-14 4.95752e-15 -5.67856e-15
2.45 0.926408 1.14438e-14 0.0668948 -1.28863e-14 5.1692e-15 -5.40953e-15
2.5 0.927573 1.07023e-14 0.0657296 -1.21448e-14 5.34393e-15 -5.16251e-15
