0 0 0 1 0 0 0
0.05 0.00396623 2.49044e-16 0.996034 5.26164e-16 2.20665e-16 -6.39779e-15
0.1 0.015721 -3.87515e-16 0.984279 3.87338e-16 -5.8947e-17 -1.25253e-14
0.15 0.0348425 -1.01368e-15 0.965157 1.81189e-16 -7.11355e-16 -1.81385e-14
0.2 0.0606576 -1.09188e-15 0.939342 2.66412e-16 -1.53701e-15 -2.28018e-14
0.25 0.0922846 -1.46898e-15 0.907715 4.23017e-16 -2.52185e-15 -2.6644e-14
0.3 0.128687 -1.76058e-15 0.871313 5.58013e-16 -3.66644e-15 -2.96095e-14
0.35 0.168734 -1.5363e-15 0.831266 5.17435e-16 -4.78177e-15 -3.19339e-14
0.4 0.211262 -1.28789e-15 0.788738 2.60915e-16 -5.43949e-15 -3.38309e-14
0.45 0.255134 -8.17125e-16 0.744866 -1.53212e-16 -5.63813e-15 -3.56063e-14
0.5 0.299291 -4.4816e-16 0.700709 -7.84653e-16 -5.2485e-15 -3.73666e-14
0.55 0.342793 4.67608e-16 0.657207 -1.83494e-15 -4.23023e-15 -3.85032e-14
0.6 0.384847 1.73151e-15 0.615153 -2.96293e-15 -2.79441e-15 -3.90908e-14
0.65 0.424824 2.94908e-15 0.575176 -4.25543e-15 -9.77681e-16 -3.90471e-14
0.7 0.462263 4.55428e-15 0.537737 -5.70326e-15 1.28636e-15 -3.83317e-14
0.75 0.496866 5.98757e-15 0.503134 -7.11117e-15 3.79699e-15 -3.65581e-14
0.8 0.528485 7.71883e-15 0.471515 -8.78573e-15 6.24523e-15 -3.41047e-14
0.85 0.557103 9.12084e-15 0.442897 -1.0187e-14 8.42368e-15 -3.08497e-14
0.9 0.582813 1.00983e-14 0.417187 -1.11312e-14 9.95996e-15 -2.68458e-14
0.95 0.605796 1.05001e-14 0.394205 -1.15072e-14 1.07821e-14 -2.22405e-14
1 0.626297 1.02421e-14 0.373703 -1.09995e-14 1.07545e-14 -1.71113e-14
1.05 0.64461 9.1177e-15 0.35539 -9.91479e-15 9.77818e-15 -1.15417e-14
1.1 0.661053 7.85739e-15 0.338947 -8.66206e-15 8.22364e-15 -6.04396e-15
1.15 0.675955 6.45414e-15 0.324045 -7.3313e-15 6.05512e-15 -9.78928e-16
1.2 0.689642 5.30364e-15 0.310359 -6.15577e-15 3.60576e-15 3.60277e-15
1.25 0.702419 4.09316e-15 0.297581 -5.08171e-15 5.78703e-16 7.33822e-15
1.3 0.714566 3.12849e-15 0.285434 -4.15948e-15 -2.5957e-15 1.00777e-14
1.35 0.726321 2.34104e-15 0.273679 -3.39801e-15 -5.60015e-15 1.15446e-14
1.4 0.737876 1.70504e-15 0.262124 -2.76742e-15 -7.56163e-15 1.14575e-14
1.45 0.749374 1.20994e-15 0.250627 -2.33401e-15 -8.73025e-15 1.0353e-14
1.5 0.760902 9.50547e-16 0.239098 -2.09462e-15 -9.15514e-15 8.18868e-15
1.55 0.772497 8.4636e-16 0.227503 -1.9817e-15 -8.8078e-15 4.98689e-15
1.6 0.784147 6.13603e-16 0.215853 -1.90274e-15 -7.85067e-15 9.29823e-16
1.65 0.7958 5.78744e-16 0.2042 -1.81102e-15 -6.07579e-15 -3.81269e-15
1.7 0.807371 5.14597e-16 0.192629 -1.79133e-15 -3.4829e-15 -8.7687e-15
1.75 0.818754 5.3183e-16 0.181247 -1.86374e-15 -1.70107e-16 -1.36657e-14
1.8 0.829831 7.47139e-16 0.170169 -2.04757e-15 3.85421e-15 -1.82263e-14
1.85 0.840488 9.24287e-16 0.159512 -2.23793e-15 8.48268e-15 -2.22832e-14
1.9 0.850616 1.07473e-15 0.149384 -2.3763e-15 1.33927e-14 -2.54207e-14
1.95 0.860126 1.25457e-15 0.139874 -2.51363e-15 1.82179e-14 -2.74697e-14
2 0.868949 1.34463e-15 0.131051 -2.61972e-15 2.26608e-14 -2.88166e-14
2.05 0.877042 1.43339e-15 0.122958 -2.7397e-15 2.64615e-14 -2.95558e-14
2.1 0.884389 1.59319e-15 0.115611 -2.82887e-15 2.95949e-14 -2.96933e-14
2.15 0.890997 1.58346e-15 0.109003 -2.90978e-15 3.22196e-14 -2.91045e-14
2.2 0.896896 1.53145e-15 0.103104 -2.91106e-15 3.39927e-14 -2.77824e-14
2.25 0.902138 1.46218e-15 0.0978616 -2.83592e-15 3.45128e-14 -2.60636e-14
2.3 0.906789 1.17485e-15 0.0932109 -2.54835e-15 3.36278e-14 -2.51888e-14
2.35 0.910927 8.01041e-16 0.0890729 -2.16497e-15 3.14514e-14 -2.53142e-14
2.4 0.914639 5.25487e-16 0.0853611 -1.89182e-15 2.86743e-14 -2.55342e-14
2.45 0.918015 2.82412e-16 0.0819852 -1.63473e-15 2.5628e-14 -2.61445e-14
2.5 0.921145 -9.54798e-16 0.0788548 -3.96524e-16 2.29518e-14 -2.70659e-14
