0 0 0 1 0 0 0
0.05 0.00397013 4.82312e-16 0.996019 5.811e-16 -3.04026e-15 8.8228e-15
0.1 0.0157316 5.03325e-16 0.984264 3.31722e-16 -5.12261e-15 1.77279e-14
0.15 0.0348569 6.94936e-16 0.965143 2.82414e-16 -6.08371e-15 2.5282e-14
0.2 0.060672 6.54429e-16 0.939328 4.11569e-16 -6.14659e-15 3.19742e-14
0.25 0.0922977 5.18642e-16 0.907702 6.12732e-16 -5.38576e-15 3.81557e-14
0.3 0.128698 1.29731e-16 0.8713 1.02436e-15 -3.94605e-15 4.35207e-14
0.35 0.168741 -2.52974e-16 0.831254 1.50341e-15 -2.00464e-15 4.79405e-14
0.4 0.211266 -1.26107e-15 0.788727 2.14327e-15 1.19293e-16 5.07709e-14
0.45 0.255135 -1.71671e-15 0.744856 2.69126e-15 2.50165e-15 5.27942e-14
0.5 0.299289 -2.41168e-15 0.7007 3.39264e-15 5.09176e-15 5.40272e-14
0.55 0.342786 -3.23706e-15 0.657199 4.17816e-15 7.72417e-15 5.44093e-14
0.6 0.384835 -4.05951e-15 0.615146 4.7774e-15 1.03705e-14 5.40533e-14
0.65 0.424808 -4.41279e-15 0.57517 4.99722e-15 1.28788e-14 5.33496e-14
0.7 0.462243 -5.14999e-15 0.537732 5.76408e-15 1.50775e-14 5.25758e-14
0.75 0.496843 -4.81632e-15 0.50313 5.37959e-15 1.67879e-14 5.17504e-14
0.8 0.528458 -4.62767e-15 0.471513 4.80643e-15 1.79932e-14 5.07745e-14
0.85 0.557071 -4.06568e-15 0.442897 4.03789e-15 1.89545e-14 4.98922e-14
0.9 0.582777 -3.31857e-15 0.417189 3.29536e-15 1.96899e-14 4.89732e-14
0.95 0.605755 -2.445e-15 0.394209 2.30827e-15 2.00677e-14 4.81343e-14
1 0.626253 -1.3531e-15 0.37371 1.15041e-15 2.01306e-14 4.7448e-14
1.05 0.644563 1.49315e-16 0.355399 -3.57354e-16 2.00037e-14 4.69174e-14
1.1 0.661004 8.15658e-16 0.338959 -1.14672e-15 1.96873e-14 4.66507e-14
1.15 0.675904 1.26101e-15 0.324058 -1.69272e-15 1.90634e-14 4.65201e-14
1.2 0.689589 1.7674e-15 0.310373 -2.21369e-15 1.81795e-14 4.65414e-14
1.25 0.702366 2.07665e-15 0.297596 -2.54342e-15 1.70353e-14 4.67357e-14
1.3 0.714513 2.24841e-15 0.285449 -2.7033e-15 1.54855e-14 4.68383e-14
1.35 0.726268 2.24984e-15 0.273695 -2.72243e-15 1.34427e-14 4.64276e-14
1.4 0.737826 2.20102e-15 0.26214 -2.67022e-15 1.10799e-14 4.59072e-14
1.45 0.749326 2.16422e-15 0.250643 -2.59393e-15 8.37087e-15 4.52715e-14
1.5 0.760856 2.09518e-15 0.239115 -2.53013e-15 5.74967e-15 4.45094e-14
1.55 0.772453 2.02368e-15 0.22752 -2.46659e-15 3.17559e-15 4.36907e-14
1.6 0.784107 1.88014e-15 0.21587 -2.39824e-15 8.07303e-16 4.27783e-14
1.65 0.795762 1.79197e-15 0.204219 -2.28563e-15 -1.47546e-15 4.16951e-14
1.7 0.807337 1.62203e-15 0.192649 -2.13057e-15 -3.51585e-15 4.0697e-14
1.75 0.818728 1.48103e-15 0.181264 -1.96404e-15 -5.06932e-15 3.96054e-14
1.8 0.829818 1.23452e-15 0.170181 -1.78974e-15 -6.15394e-15 3.8523e-14
1.85 0.840489 9.9653e-16 0.159516 -1.60327e-15 -7.05411e-15 3.75225e-14
1.9 0.850632 8.434e-16 0.149378 -1.45053e-15 -7.66478e-15 3.63917e-14
1.95 0.860157 6.30611e-16 0.139856 -1.27009e-15 -8.09908e-15 3.54344e-14
2 0.868995 4.54205e-16 0.131021 -1.12701e-15 -8.44157e-15 3.45829e-14
2.05 0.877101 4.70815e-16 0.122917 -1.13656e-15 -8.64828e-15 3.3798e-14
2.1 0.884457 7.27291e-16 0.115564 -1.3927e-15 -8.80111e-15 3.32344e-14
2.15 0.891072 1.02157e-15 0.108951 -1.69894e-15 -9.35636e-15 3.25016e-14
2.2 0.896986 1.26753e-15 0.103039 -1.94677e-15 -1.0107e-14 3.21887e-14
2.25 0.902249 1.50591e-15 0.0977781 -2.17873e-15 -1.02963e-14 3.23332e-14
2.3 0.906931 1.72757e-15 0.0930983 -2.39157e-15 -1.02674e-14 3.26412e-14
2.35 0.911119 1.94053e-15 0.0889137 -2.61079e-15 -1.05547e-14 3.32914e-14
2.4 0.914898 1.92525e-15 0.0851363 -2.58598e-15 -1.141e-14 3.40887e-14
2.45 0.918355 1.63975e-15 0.0816797 -2.30251e-15 -1.23815e-14 3.46868e-14
2.5 0.92161 1.02342e-15 0.0784244 -1.68569e-15 -1.37535e-14 3.49827e-14
