0 0 0 1 0 0 0
0.01 1.24992e-08 -7.98277e-16 0.997709 -8.32672e-16 -1.81284e-15 -7.63467e-16
0.02 -4.19041e-15 -7.44039e-16 0.997312 -9.99201e-16 -3.85495e-15 -1.46521e-15
0.03 -6.29584e-15 -1.01112e-15 0.996599 -1.05471e-15 -5.91505e-15 -2.15384e-15
0.04 -9.37489e-15 -1.09933e-15 0.99557 -1.16573e-15 -7.67511e-15 -3.059e-15
0.05 -5.2941e-15 -2.53648e-16 0.994226 -1.16573e-15 -9.11445e-15 -4.95762e-15
0.06 -3.39073e-15 -3.10565e-16 0.992571 -1.22125e-15 -1.0807e-14 -6.68261e-15
0.07 -2.39633e-15 2.19211e-16 0.990607 -9.99201e-16 -1.26833e-14 -8.40488e-15
0.08 -2.46685e-15 6.45787e-16 0.988336 -9.99201e-16 -1.45423e-14 -1.05672e-14
0.09 -5.21569e-15 7.00289e-16 0.985762 -9.99201e-16 -1.65422e-14 -1.234e-14
0.1 -1.23439e-14 -8.94741e-16 0.98289 -1.05471e-15 -1.85331e-14 -1.36246e-14
0.11 -9.52016e-15 1.91345e-16 0.979723 -1.11022e-15 -2.05268e-14 -1.51504e-14
0.12 -1.61378e-14 -9.2532e-16 0.976267 -9.99201e-16 -2.24632e-14 -1.66484e-14
0.13 -1.27463e-14 -1.83114e-16 0.972526 -1.16573e-15 -2.44589e-14 -1.80542e-14
0.14 -1.24401e-14 4.85236e-17 0.968507 -1.27676e-15 -2.65224e-14 -1.91588e-14
0.15 -1.20181e-14 -6.17244e-16 0.964215 -1.33227e-15 -2.86084e-14 -2.02725e-14
0.16 -1.37696e-14 -1.47874e-15 0.959657 -1.33227e-15 -3.07096e-14 -2.14944e-14
0.17 -1.53836e-14 -2.66491e-15 0.95484 -1.27676e-15 -3.27471e-14 -2.31149e-14
0.18 -2.05245e-14 -2.91832e-15 0.94977 -1.27676e-15 -3.47292e-14 -2.47006e-14
0.19 -2.30464e-14 -2.01398e-15 0.944456 -1.33227e-15 -3.67049e-14 -2.61451e-14
0.2 -2.3849e-14 -2.00018e-15 0.938905 -1.44329e-15 -3.86749e-14 -2.76361e-14
0.21 -2.04077e-14 -2.03989e-15 0.933125 -1.38778e-15 -4.06148e-14 -2.92163e-14
0.22 -1.45158e-14 -8.07473e-16 0.927125 -1.38778e-15 -4.2578e-14 -3.06862e-14
0.23 -1.14856e-14 -6.71216e-17 0.920913 -1.4988e-15 -4.45585e-14 -3.20719e-14
0.24 -8.64718e-15 8.56375e-16 0.914498 -1.60982e-15 -4.65425e-14 -3.33295e-14
0.25 -9.79965e-15 7.43709e-16 0.907876 -1.66533e-15 -4.84447e-14 -3.46802e-14
0.26 -1.13333e-14 1.57312e-15 0.901045 -1.72085e-15 -5.00924e-14 -3.68214e-14
0.27 -5.91801e-15 3.17467e-15 0.894002 -1.66533e-15 -5.28052e-14 -4.01154e-14
0.28 0.00361301 7.20951e-15 0.886719 -1.77636e-15 -5.46822e-14 -4.16518e-14
0.29 0.011056 9.03465e-15 0.879202 -1.88413e-15 -5.54565e-14 -4.43054e-14
0.3 0.018694 9.16034e-15 0.871493 -1.92658e-15 -5.63464e-14 -4.72364e-14
0.31 0.0265165 9.4618e-15 0.863601 -1.99139e-15 -5.72159e-14 -5.0541e-14
0.32 0.0345156 9.16514e-15 0.855533 -2.04563e-15 -5.80622e-14 -5.42346e-14
0.33 0.0426835 9.11767e-15 0.847297 -2.10244e-15 -5.88549e-14 -5.81925e-14
0.34 0.0510122 9.16465e-15 0.8389 -2.13696e-15 -5.95977e-14 -6.26241e-14
0.35 0.0594935 9.48444e-15 0.830352 -2.17345e-15 -6.02542e-14 -6.7457e-14
0.36 0.0681238 9.49099e-15 0.82166 -2.20685e-15 -6.11461e-14 -7.25317e-14
0.37 0.0768879 9.73455e-15 0.812836 -2.2291e-15 -6.20011e-14 -7.7547e-14
0.38 0.0857774 9.43495e-15 0.803888 -2.25075e-15 -6.2812e-14 -8.25179e-14
0.39 0.0947837 9.32171e-15 0.794824 -2.26251e-15 -6.35522e-14 -8.73168e-14
0.4 0.103903 9.30047e-15 0.785654 -2.27346e-15 -6.42923e-14 -9.18907e-14
0.41 0.113116 9.26136e-15 0.776392 -2.2832e-15 -6.49658e-14 -9.629e-14
0.42 0.122413 9.42804e-15 0.767048 -2.27186e-15 -6.55506e-14 -1.00611e-13
0.43 0.131786 9.79473e-15 0.75763 -2.24705e-15 -6.60453e-14 -1.04775e-13
0.44 0.141225 9.21385e-15 0.748148 -2.26225e-15 -6.64438e-14 -1.08812e-13
0.45 0.150721 9.33964e-15 0.73861 -2.29509e-15 -6.67292e-14 -1.12696e-13
0.46 0.160273 9.41584e-15 0.729025 -2.33423e-15 -6.69508e-14 -1.16464e-13
0.47 0.169858 9.29777e-15 0.71941 -2.25797e-15 -6.70913e-14 -1.19979e-13
0.48 0.179465 9.47884e-15 0.709773 -2.15531e-15 -6.71477e-14 -1.23299e-13
0.49 0.189088 9.60437e-15 0.700124 -2.03368e-15 -6.71038e-14 -1.26375e-13
0.5 0.198716 9.60179e-15 0.690471 -1.93314e-15 -6.69513e-14 -1.29207e-13
0.51 0.208343 9.07385e-15 0.680821 -1.85564e-15 -6.66876e-14 -1.31874e-13
0.52 0.217958 8.978e-15 0.671185 -1.83364e-15 -6.63049e-14 -1.3434e-13
0.53 0.227555 9.31233e-15 0.661569 -1.84093e-15 -6.58027e-14 -1.3659e-13
0.54 0.237124 9.26788e-15 0.651982 -1.85431e-15 -6.51797e-14 -1.38657e-13
0.55 0.246657 9.40383e-15 0.642432 -1.87773e-15 -6.4429e-14 -1.40535e-13
0.56 0.256147 9.38426e-15 0.632926 -1.89114e-15 -6.3552e-14 -1.4225e-13
0.57 0.265586 9.32123e-15 0.623474 -1.93149e-15 -6.25522e-14 -1.43858e-13
0.58 0.274966 9.34319e-15 0.614082 -1.99967e-15 -6.14239e-14 -1.45356e-13
0.59 0.28428 9.27781e-15 0.604757 -2.02367e-15 -6.01745e-14 -1.46733e-13
0.6 0.293519 9.34197e-15 0.595507 -2.01173e-15 -5.88005e-14 -1.47943e-13
0.61 0.302678 9.24497e-15 0.58634 -1.9761e-15 -5.73062e-14 -1.49022e-13
0.62 0.311749 9.06352e-15 0.577261 -1.9406e-15 -5.56893e-14 -1.49979e-13
0.63 0.320726 8.96861e-15 0.568277 -1.91327e-15 -5.39513e-14 -1.50814e-13
0.64 0.329602 8.79804e-15 0.559396 -1.87327e-15 -5.20936e-14 -1.51564e-13
0.65 0.33837 8.68243e-15 0.550623 -1.83555e-15 -5.01306e-14 -1.5221e-13
0.66 0.347025 8.6216e-15 0.541964 -1.81335e-15 -4.80519e-14 -1.52747e-13
0.67 0.355561 8.49229e-15 0.533425 -1.78673e-15 -4.58573e-14 -1.53204e-13
0.68 0.363973 8.80457e-15 0.525011 -1.76036e-15 -4.35526e-14 -1.53556e-13
0.69 0.372255 8.64007e-15 0.516728 -1.7362e-15 -4.11438e-14 -1.5384e-13
0.7 0.380402 8.5153e-15 0.50858 -1.70834e-15 -3.86287e-14 -1.54009e-13
0.71 0.38841 8.30255e-15 0.500572 -1.67223e-15 -3.60106e-14 -1.54117e-13
0.72 0.396274 8.50121e-15 0.492709 -1.62833e-15 -3.32941e-14 -1.54095e-13
0.73 0.40399 8.5841e-15 0.484995 -1.61446e-15 -3.04866e-14 -1.53992e-13
0.74 0.411554 8.59236e-15 0.477433 -1.59254e-15 -2.75891e-14 -1.53813e-13
0.75 0.418963 8.24902e-15 0.470027 -1.53819e-15 -2.46054e-14 -1.53581e-13
0.76 0.426213 8.21547e-15 0.462781 -1.48126e-15 -2.15422e-14 -1.53282e-13
0.77 0.433302 8.38374e-15 0.455696 -1.43182e-15 -1.83937e-14 -1.52905e-13
0.78 0.440234 8.09536e-15 0.448768 -1.36967e-15 -1.51943e-14 -1.52469e-13
0.79 0.447008 7.94759e-15 0.442 -1.28874e-15 -1.19478e-14 -1.51961e-13
0.8 0.453621 8.03607e-15 0.435392 -1.18678e-15 -8.66691e-15 -1.51406e-13
0.81 0.460072 8.03576e-15 0.428946 -1.09496e-15 -5.35563e-15 -1.50787e-13
0.82 0.466361 7.97788e-15 0.422664 -9.97605e-16 -2.01175e-15 -1.50121e-13
0.83 0.472485 7.96061e-15 0.416546 -8.7454e-16 1.36379e-15 -1.49407e-13
0.84 0.478444 7.71262e-15 0.410594 -7.54891e-16 4.76452e-15 -1.48635e-13
0.85 0.484236 7.73398e-15 0.404809 -6.44142e-16 8.17308e-15 -1.47815e-13
0.86 0.489863 7.72379e-15 0.399191 -5.42774e-16 1.15941e-14 -1.46926e-13
0.87 0.495323 7.66028e-15 0.39374 -4.62337e-16 1.50154e-14 -1.45967e-13
0.88 0.500626 7.80921e-15 0.388447 -3.47158e-16 1.84389e-14 -1.44971e-13
0.89 0.505771 7.79778e-15 0.383312 -1.7282e-16 2.18635e-14 -1.43951e-13
0.9 0.510762 7.44734e-15 0.378331 -5.8692e-17 2.5284e-14 -1.42888e-13
0.91 0.515602 7.07812e-15 0.373502 5.72613e-17 2.86925e-14 -1.41762e-13
0.92 0.520292 6.98865e-15 0.368822 1.69503e-16 3.20915e-14 -1.40586e-13
0.93 0.524836 6.66194e-15 0.364289 3.09216e-16 3.54667e-14 -1.39367e-13
0.94 0.529234 6.6061e-15 0.359902 4.64126e-16 3.88181e-14 -1.38107e-13
0.95 0.53349 6.36904e-15 0.355657 6.2798e-16 4.21351e-14 -1.36783e-13
0.96 0.537605 6.31575e-15 0.351554 8.2252e-16 4.54184e-14 -1.35434e-13
0.97 0.541582 5.99298e-15 0.347588 1.03171e-15 4.86645e-14 -1.34062e-13
0.98 0.545424 5.78374e-15 0.343758 1.24482e-15 5.18673e-14 -1.32655e-13
0.99 0.549133 5.7081e-15 0.340059 1.49647e-15 5.50264e-14 -1.31224e-13
1 0.552714 5.42327e-15 0.336491 1.775e-15 5.8132e-14 -1.29794e-13
1.01 0.556169 5.08712e-15 0.333048 2.06063e-15 6.1182e-14 -1.28333e-13
1.02 0.559501 4.97004e-15 0.329727 2.36276e-15 6.41745e-14 -1.26837e-13
1.03 0.562714 4.76212e-15 0.326526 2.66291e-15 6.70982e-14 -1.25323e-13
1.04 0.565811 4.53422e-15 0.323441 2.96425e-15 6.99506e-14 -1.23817e-13
1.05 0.568793 4.227e-15 0.320471 3.26139e-15 7.27791e-14 -1.22254e-13
1.06 0.571667 3.85661e-15 0.317607 3.56224e-15 7.55599e-14 -1.20631e-13
1.07 0.574439 3.64867e-15 0.314846 3.86694e-15 7.82895e-14 -1.18943e-13
1.08 0.577114 3.35271e-15 0.312182 4.16646e-15 8.09511e-14 -1.172e-13
1.09 0.579696 3.16985e-15 0.30961 4.50573e-15 8.35487e-14 -1.1541e-13
1.1 0.582188 2.89485e-15 0.307128 4.87774e-15 8.60754e-14 -1.13566e-13
1.11 0.584596 2.70802e-15 0.30473 5.15872e-15 8.85315e-14 -1.11679e-13
1.12 0.586923 2.38077e-15 0.302412 5.44988e-15 9.09104e-14 -1.09751e-13
1.13 0.589173 2.14303e-15 0.300171 5.66026e-15 9.3215e-14 -1.07793e-13
1.14 0.591351 1.97587e-15 0.298002 5.78249e-15 9.54452e-14 -1.05802e-13
1.15 0.59346 1.95277e-15 0.295902 5.84759e-15 9.75922e-14 -1.03789e-13
1.16 0.595506 1.90363e-15 0.293865 5.99159e-15 9.96562e-14 -1.01745e-13
1.17 0.597491 1.72136e-15 0.291889 6.11989e-15 1.01637e-13 -9.96811e-14
1.18 0.59942 1.73152e-15 0.289967 6.24432e-15 1.03526e-13 -9.75976e-14
1.19 0.601297 1.61281e-15 0.288098 6.38083e-15 1.05341e-13 -9.55087e-14
1.2 0.603127 1.48068e-15 0.286276 6.50951e-15 1.07062e-13 -9.34121e-14
1.21 0.604913 1.25854e-15 0.284497 6.65109e-15 1.08699e-13 -9.13034e-14
1.22 0.60666 9.82333e-16 0.282756 6.79991e-15 1.10253e-13 -8.91899e-14
1.23 0.608372 8.83829e-16 0.281051 6.95175e-15 1.11716e-13 -8.70689e-14
1.24 0.610055 6.51314e-16 0.279376 7.09707e-15 1.13083e-13 -8.49134e-14
1.25 0.611698 6.25718e-16 0.27774 7.25812e-15 1.14373e-13 -8.27902e-14
1.26 0.613308 3.80135e-16 0.276138 7.43906e-15 1.15572e-13 -8.07101e-14
1.27 0.614889 2.05021e-16 0.274564 7.58457e-15 1.16693e-13 -7.86704e-14
1.28 0.616446 2.13158e-17 0.273013 7.74983e-15 1.17739e-13 -7.66791e-14
1.29 0.617985 -9.60438e-17 0.271482 7.917e-15 1.18708e-13 -7.47227e-14
1.3 0.61951 -3.45235e-16 0.269964 8.08719e-15 1.19602e-13 -7.28021e-14
1.31 0.621026 -6.40827e-16 0.268455 8.27757e-15 1.20417e-13 -7.09308e-14
1.32 0.622537 -9.02419e-16 0.26695 8.47285e-15 1.21168e-13 -6.91103e-14
1.33 0.624048 -1.10248e-15 0.265446 8.67268e-15 1.21856e-13 -6.73296e-14
1.34 0.625564 -1.42345e-15 0.263937 8.88973e-15 1.22476e-13 -6.56001e-14
1.35 0.627088 -1.68101e-15 0.262419 9.12005e-15 1.23035e-13 -6.39036e-14
1.36 0.628626 -1.91199e-15 0.260888 9.35259e-15 1.23541e-13 -6.22472e-14
1.37 0.63018 -2.13193e-15 0.259341 9.6162e-15 1.23993e-13 -6.06315e-14
1.38 0.631755 -2.33015e-15 0.257772 9.875e-15 1.24396e-13 -5.90618e-14
1.39 0.633354 -2.60091e-15 0.25618 1.01244e-14 1.24751e-13 -5.75108e-14
1.4 0.634981 -2.83263e-15 0.25456 1.03627e-14 1.25064e-13 -5.60001e-14
1.41 0.636639 -3.14028e-15 0.252908 1.05965e-14 1.2534e-13 -5.4527e-14
1.42 0.638331 -3.41994e-15 0.251223 1.08427e-14 1.2559e-13 -5.3075e-14
1.43 0.640059 -3.68022e-15 0.249501 1.10821e-14 1.25815e-13 -5.16555e-14
1.44 0.641827 -3.96214e-15 0.24774 1.1327e-14 1.26019e-13 -5.02675e-14
1.45 0.643635 -4.31419e-15 0.245938 1.15849e-14 1.26202e-13 -4.89182e-14
1.46 0.645487 -4.67116e-15 0.244093 1.18339e-14 1.26373e-13 -4.75926e-14
1.47 0.647383 -4.86685e-15 0.242204 1.2081e-14 1.26538e-13 -4.62816e-14
1.48 0.649323 -5.1252e-15 0.24027 1.23227e-14 1.26693e-13 -4.50199e-14
1.49 0.651308 -5.3328e-15 0.238292 1.25489e-14 1.26842e-13 -4.38045e-14
1.5 0.653336 -5.56929e-15 0.23627 1.27573e-14 1.26992e-13 -4.26292e-14
1.51 0.655418 -5.80086e-15 0.234195 1.29594e-14 1.27149e-13 -4.14892e-14
1.52 0.657555 -6.00697e-15 0.232065 1.31555e-14 1.27318e-13 -4.03948e-14
1.53 0.659748 -6.1105e-15 0.229878 1.33513e-14 1.27499e-13 -3.93375e-14
1.54 0.661999 -6.24414e-15 0.227634 1.35553e-14 1.27698e-13 -3.83184e-14
1.55 0.664306 -6.43986e-15 0.225333 1.375e-14 1.27925e-13 -3.73374e-14
1.56 0.666672 -6.65317e-15 0.222974 1.39416e-14 1.28199e-13 -3.63937e-14
1.57 0.667894 -6.48065e-15 0.221748 1.37453e-14 1.26232e-13 -3.62901e-14
1.58 0.669303 -6.33769e-15 0.220336 1.36063e-14 1.24485e-13 -3.61675e-14
1.59 0.670892 -6.18644e-15 0.218744 1.35074e-14 1.22952e-13 -3.60413e-14
1.6 0.672656 -6.11084e-15 0.216978 1.34596e-14 1.21629e-13 -3.58868e-14
1.61 0.67459 -6.0943e-15 0.215043 1.34677e-14 1.20506e-13 -3.57079e-14
1.62 0.676686 -6.1459e-15 0.212945 1.35201e-14 1.19577e-13 -3.55102e-14
1.63 0.678939 -6.22241e-15 0.210692 1.36141e-14 1.1884e-13 -3.52966e-14
1.64 0.681342 -6.39591e-15 0.20829 1.37519e-14 1.18287e-13 -3.50733e-14
1.65 0.683888 -6.55058e-15 0.205745 1.39237e-14 1.1791e-13 -3.48296e-14
1.66 0.68657 -6.76993e-15 0.203064 1.41307e-14 1.17705e-13 -3.45762e-14
1.67 0.689381 -6.99944e-15 0.200255 1.43574e-14 1.17663e-13 -3.43187e-14
1.68 0.692314 -7.28647e-15 0.197325 1.46158e-14 1.17781e-13 -3.4055e-14
1.69 0.695362 -7.55741e-15 0.19428 1.48914e-14 1.18048e-13 -3.37791e-14
1.7 0.698517 -7.86184e-15 0.191129 1.51826e-14 1.18458e-13 -3.34847e-14
1.71 0.701772 -8.17344e-15 0.187879 1.54899e-14 1.19e-13 -3.31702e-14
1.72 0.705119 -8.4953e-15 0.184537 1.58078e-14 1.19669e-13 -3.28457e-14
1.73 0.708552 -8.81541e-15 0.18111 1.6136e-14 1.20459e-13 -3.25065e-14
1.74 0.712062 -9.13995e-15 0.177606 1.64682e-14 1.21359e-13 -3.21651e-14
1.75 0.715641 -9.45082e-15 0.174033 1.68039e-14 1.22365e-13 -3.18237e-14
1.76 0.719284 -9.79103e-15 0.170398 1.71346e-14 1.23471e-13 -3.14733e-14
1.77 0.722982 -1.01211e-14 0.166707 1.7466e-14 1.2467e-13 -3.11211e-14
1.78 0.726729 -1.04474e-14 0.162969 1.77913e-14 1.25952e-13 -3.07658e-14
1.79 0.730517 -1.07829e-14 0.15919 1.81129e-14 1.27314e-13 -3.04091e-14
1.8 0.734339 -1.10953e-14 0.155377 1.84174e-14 1.28746e-13 -3.00547e-14
1.81 0.738188 -1.13899e-14 0.151537 1.87044e-14 1.30241e-13 -2.97058e-14
1.82 0.742058 -1.16665e-14 0.147677 1.89854e-14 1.3179e-13 -2.93575e-14
1.83 0.745942 -1.19485e-14 0.143803 1.9247e-14 1.3339e-13 -2.9012e-14
1.84 0.749834 -1.2185e-14 0.139921 1.95017e-14 1.35039e-13 -2.86646e-14
1.85 0.753728 -1.2403e-14 0.136039 1.97266e-14 1.36728e-13 -2.83242e-14
1.86 0.757617 -1.2638e-14 0.132161 1.99382e-14 1.3845e-13 -2.79879e-14
1.87 0.761497 -1.28144e-14 0.128293 2.01262e-14 1.40208e-13 -2.76509e-14
1.88 0.76536 -1.29792e-14 0.124441 2.02952e-14 1.41984e-13 -2.73204e-14
1.89 0.769202 -1.31266e-14 0.120611 2.04369e-14 1.43778e-13 -2.70027e-14
1.9 0.773017 -1.32368e-14 0.116808 2.05491e-14 1.45586e-13 -2.6691e-14
1.91 0.776801 -1.33536e-14 0.113037 2.06537e-14 1.47403e-13 -2.63912e-14
1.92 0.780548 -1.34123e-14 0.109302 2.07255e-14 1.49223e-13 -2.61049e-14
1.93 0.784255 -1.34606e-14 0.105609 2.07693e-14 1.51043e-13 -2.58293e-14
1.94 0.787915 -1.34725e-14 0.101961 2.07944e-14 1.52859e-13 -2.5565e-14
1.95 0.791526 -1.34698e-14 0.0983631 2.08032e-14 1.54665e-13 -2.53159e-14
1.96 0.795083 -1.34147e-14 0.0948193 2.07925e-14 1.5646e-13 -2.50819e-14
1.97 0.798582 -1.33988e-14 0.0913334 2.07623e-14 1.58237e-13 -2.48627e-14
1.98 0.802019 -1.33804e-14 0.0879091 2.07007e-14 1.59994e-13 -2.46676e-14
1.99 0.805392 -1.33092e-14 0.0845498 2.06125e-14 1.61728e-13 -2.44904e-14
2 0.808696 -1.32029e-14 0.0812589 2.05034e-14 1.63437e-13 -2.4335e-14
2.01 0.811929 -1.30892e-14 0.0780393 2.03774e-14 1.65114e-13 -2.41988e-14
2.02 0.815087 -1.29304e-14 0.0748939 2.02234e-14 1.6676e-13 -2.40848e-14
2.03 0.818169 -1.27606e-14 0.0718253 2.00603e-14 1.68374e-13 -2.39978e-14
2.04 0.821171 -1.25846e-14 0.0688355 1.98781e-14 1.69953e-13 -2.39354e-14
2.05 0.824093 -1.24202e-14 0.065926 1.96907e-14 1.71498e-13 -2.3893e-14
2.06 0.826941 -1.2167e-14 0.0630905 1.94347e-14 1.72951e-13 -2.38192e-14
2.07 0.829704 -1.19237e-14 0.0603396 1.91812e-14 1.74365e-13 -2.37688e-14
2.08 0.832379 -1.16251e-14 0.0576766 1.89097e-14 1.75739e-13 -2.37505e-14
2.09 0.835035 -1.13818e-14 0.0550329 1.86446e-14 1.77085e-13 -2.36883e-14
2.1 0.837599 -1.11244e-14 0.0524809 1.83673e-14 1.78386e-13 -2.36657e-14
2.11 0.84007 -1.08525e-14 0.0500218 1.80874e-14 1.79639e-13 -2.36819e-14
2.12 0.842446 -1.05997e-14 0.0476567 1.78171e-14 1.80844e-13 -2.37374e-14
2.13 0.844727 -1.03028e-14 0.0453872 1.75397e-14 1.82e-13 -2.38345e-14
2.14 0.84691 -1.00065e-14 0.0432146 1.72574e-14 1.83107e-13 -2.39761e-14
2.15 0.848994 -9.72243e-15 0.0411407 1.69817e-14 1.84162e-13 -2.41648e-14
2.16 0.851041 -9.44096e-15 0.0391051 1.66842e-14 1.85229e-13 -2.43718e-14
2.17 0.85299 -9.10748e-15 0.0371661 1.6346e-14 1.86235e-13 -2.46227e-14
2.18 0.854842 -8.75658e-15 0.0353236 1.59705e-14 1.8718e-13 -2.49155e-14
2.19 0.856598 -8.32655e-15 0.0335777 1.55506e-14 1.88065e-13 -2.52495e-14
2.2 0.858256 -7.94677e-15 0.0319284 1.51679e-14 1.88889e-13 -2.56232e-14
2.21 0.859818 -7.5341e-15 0.0303758 1.47533e-14 1.89651e-13 -2.60358e-14
2.22 0.861282 -7.09481e-15 0.0289206 1.43123e-14 1.90351e-13 -2.64859e-14
2.23 0.862646 -6.60662e-15 0.0275642 1.38305e-14 1.90989e-13 -2.69727e-14
2.24 0.863908 -6.1084e-15 0.0263104 1.33276e-14 1.91566e-13 -2.74997e-14
2.25 0.865056 -5.54545e-15 0.025169 1.27831e-14 1.92078e-13 -2.80746e-14
2.26 0.866064 -4.97861e-15 0.0241686 1.21967e-14 1.92523e-13 -2.87311e-14
2.27 0.866954 -4.41717e-15 0.0232849 1.16198e-14 1.92961e-13 -2.94783e-14
2.28 0.867686 -3.89456e-15 0.0225575 1.10859e-14 1.93312e-13 -3.03073e-14
2.29 0.868231 -3.39802e-15 0.0220173 1.05886e-14 1.93592e-13 -3.12689e-14
2.3 0.868563 -2.99537e-15 0.0216878 1.01815e-14 1.93745e-13 -3.23627e-14
2.31 0.868862 -2.58326e-15 0.0213909 9.76662e-15 1.93823e-13 -3.3449e-14
2.32 0.86913 -2.13716e-15 0.0211248 9.34516e-15 1.93828e-13 -3.45246e-14
2.33 0.869187 -1.84654e-15 0.021068 9.05439e-15 1.93552e-13 -3.56203e-14
2.34 0.86925 -1.55588e-15 0.0210053 8.76352e-15 1.93237e-13 -3.6687e-14
2.35 0.869318 -1.26523e-15 0.020937 8.47258e-15 1.92887e-13 -3.77252e-14
2.36 0.869392 -9.74256e-16 0.0208633 8.18213e-15 1.92502e-13 -3.87337e-14
2.37 0.869471 -6.84022e-16 0.0207844 7.89187e-15 1.92086e-13 -3.97137e-14
2.38 0.869555 -3.93658e-16 0.0207004 7.60204e-15 1.9164e-13 -4.0665e-14
2.39 0.869644 -1.04354e-16 0.0206115 7.3126e-15 1.91164e-13 -4.15882e-14
2.4 0.869738 1.8425e-16 0.020518 7.0242e-15 1.90662e-13 -4.24835e-14
2.41 0.869836 4.71308e-16 0.02042 6.73736e-15 1.90134e-13 -4.33507e-14
2.42 0.869938 7.58e-16 0.0203177 6.45101e-15 1.89583e-13 -4.41902e-14
2.43 0.870045 1.03756e-15 0.0202113 6.1713e-15 1.89008e-13 -4.50025e-14
2.44 0.870155 1.31468e-15 0.0201008 5.89384e-15 1.88413e-13 -4.5788e-14
2.45 0.870269 1.58555e-15 0.0199865 5.62279e-15 1.87797e-13 -4.65464e-14
2.46 0.870387 1.85452e-15 0.0198686 5.35476e-15 1.87162e-13 -4.72783e-14
2.47 0.870509 2.11544e-15 0.0197471 5.09407e-15 1.8651e-13 -4.79835e-14
2.48 0.870634 2.37397e-15 0.0196223 4.83525e-15 1.85841e-13 -4.86629e-14
2.49 0.870762 2.62629e-15 0.0194942 4.5818e-15 1.85157e-13 -4.93173e-14
2.5 0.870893 2.877e-15 0.0193631 4.3311e-15 1.84458e-13 -4.99464e-14
