0 0 0 1 0 0 0
0.005 3.97876e-05 -2.76483e-16 0.99996 -5.33659e-16 1.65866e-15 -5.11549e-16
0.01 0.000159136 -1.16418e-16 0.999841 -6.66076e-16 3.15493e-15 -1.06131e-15
0.015 0.000358001 -2.61303e-16 0.999642 -6.68698e-16 4.6861e-15 -1.17131e-15
0.02 0.00063631 -4.11783e-16 0.999364 -6.61283e-16 6.25177e-15 -1.10484e-15
0.025 0.000993962 -5.8091e-16 0.999006 -6.45462e-16 7.85397e-15 -9.67253e-16
0.03 0.00143083 -5.08588e-16 0.998569 -6.44504e-16 9.49153e-15 -9.12509e-16
0.035 0.00194674 -6.32528e-16 0.998053 -6.35939e-16 1.11816e-14 -7.97507e-16
0.04 0.00254152 -6.32588e-16 0.997458 -6.2625e-16 1.2897e-14 -7.86784e-16
0.045 0.00321495 -9.01699e-16 0.996785 -6.07296e-16 1.46493e-14 -7.22196e-16
0.05 0.00396678 -1.21533e-15 0.996033 -5.82557e-16 1.64187e-14 -4.80149e-16
0.055 0.00479674 -1.27827e-15 0.995203 -5.70308e-16 1.82245e-14 -2.0549e-16
0.06 0.00570453 -1.44469e-15 0.994295 -5.53714e-16 2.00664e-14 2.18181e-16
0.065 0.00668981 -1.75463e-15 0.99331 -5.30455e-16 2.19499e-14 6.09603e-16
0.07 0.00775224 -2.13187e-15 0.992248 -5.02893e-16 2.38365e-14 9.29206e-16
0.075 0.00889142 -2.45767e-15 0.991109 -4.64917e-16 2.57194e-14 1.22109e-15
0.08 0.0101069 -2.57139e-15 0.989893 -4.45725e-16 2.76004e-14 1.54007e-15
0.085 0.0113984 -2.34652e-15 0.988602 -4.29616e-16 2.94735e-14 1.71395e-15
0.09 0.0127652 -2.50872e-15 0.987235 -3.97336e-16 3.13331e-14 1.88379e-15
0.095 0.0142071 -2.69089e-15 0.985793 -3.69113e-16 3.31863e-14 2.12845e-15
0.1 0.0157233 -2.90287e-15 0.984277 -3.32636e-16 3.50247e-14 2.32432e-15
0.105 0.0173134 -2.75302e-15 0.982687 -2.9996e-16 3.6851e-14 2.48843e-15
0.11 0.0189769 -2.96968e-15 0.981023 -2.93838e-16 3.86587e-14 2.55402e-15
0.115 0.0207131 -3.1908e-15 0.979287 -2.87261e-16 4.0461e-14 2.63955e-15
0.12 0.0225213 -3.40107e-15 0.977479 -2.87877e-16 4.22435e-14 2.7027e-15
0.125 0.0244011 -3.78309e-15 0.975599 -2.99021e-16 4.40091e-14 2.76647e-15
0.13 0.0263516 -3.90776e-15 0.973648 -3.10803e-16 4.57578e-14 2.85959e-15
0.135 0.0283722 -4.50226e-15 0.971628 -3.34736e-16 4.74859e-14 2.85121e-15
0.14 0.0304623 -4.79306e-15 0.969538 -3.69081e-16 4.91937e-14 2.77594e-15
0.145 0.0326209 -4.92662e-15 0.967379 -4.1983e-16 5.08782e-14 2.59016e-15
0.15 0.0348475 -5.09858e-15 0.965152 -4.81148e-16 5.25221e-14 2.38677e-15
0.155 0.0371412 -5.41726e-15 0.962859 -5.38404e-16 5.41362e-14 2.16099e-15
0.16 0.0395012 -5.64689e-15 0.960499 -5.82679e-16 5.57126e-14 1.95264e-15
0.165 0.0419267 -5.57556e-15 0.958073 -6.25381e-16 5.72475e-14 1.65053e-15
0.17 0.0444169 -5.78117e-15 0.955583 -7.01778e-16 5.87372e-14 1.35134e-15
0.175 0.0469708 -5.89611e-15 0.953029 -7.9541e-16 6.01955e-14 1.06116e-15
0.18 0.0495877 -6.18726e-15 0.950412 -8.9931e-16 6.16189e-14 9.46374e-16
0.185 0.0522666 -6.69334e-15 0.947733 -1.01021e-15 6.29882e-14 9.49257e-16
0.19 0.0550066 -6.63537e-15 0.944993 -1.11429e-15 6.42973e-14 9.03885e-16
0.195 0.0578068 -7.06813e-15 0.942193 -1.23316e-15 6.55531e-14 9.19786e-16
0.2 0.0606662 -7.36646e-15 0.939334 -1.35732e-15 6.67461e-14 9.87865e-16
0.205 0.0635838 -7.72331e-15 0.936416 -1.47384e-15 6.79052e-14 1.06224e-15
0.21 0.0665587 -7.96859e-15 0.933441 -1.58762e-15 6.90011e-14 1.17818e-15
0.215 0.0695899 -8.41985e-15 0.93041 -1.70856e-15 7.00563e-14 1.23394e-15
0.22 0.0726763 -8.69894e-15 0.927324 -1.8572e-15 7.1068e-14 1.38589e-15
0.225 0.075817 -8.87011e-15 0.924183 -2.01297e-15 7.20353e-14 1.58832e-15
0.23 0.0790109 -8.92897e-15 0.920989 -2.17648e-15 7.29703e-14 1.85805e-15
0.235 0.082257 -9.14604e-15 0.917743 -2.34877e-15 7.38749e-14 2.13799e-15
0.24 0.0855541 -9.16546e-15 0.914446 -2.52647e-15 7.47458e-14 2.43786e-15
0.245 0.0889012 -9.65673e-15 0.911099 -2.70715e-15 7.55936e-14 2.74101e-15
0.25 0.0922973 -9.65951e-15 0.907703 -2.90232e-15 7.64158e-14 3.1351e-15
0.255 0.0957412 -9.90015e-15 0.904259 -3.12408e-15 7.72115e-14 3.55986e-15
0.26 0.0992319 -1.00606e-14 0.900768 -3.37284e-15 7.79877e-14 4.05444e-15
0.265 0.102768 -1.00301e-14 0.897232 -3.65156e-15 7.87511e-14 4.56411e-15
0.27 0.106349 -1.00307e-14 0.893651 -3.97138e-15 7.95026e-14 5.06317e-15
0.275 0.109973 -9.87202e-15 0.890027 -4.28733e-15 8.02214e-14 5.59475e-15
0.28 0.113639 -1.01879e-14 0.886361 -4.58992e-15 8.09226e-14 6.12338e-15
0.285 0.117347 -1.01773e-14 0.882653 -4.89458e-15 8.1611e-14 6.57098e-15
0.29 0.121094 -1.02642e-14 0.878906 -5.19248e-15 8.23167e-14 6.94929e-15
0.295 0.12488 -1.05541e-14 0.87512 -5.48054e-15 8.30474e-14 7.28744e-15
0.3 0.128704 -1.06346e-14 0.871296 -5.75677e-15 8.38341e-14 7.57563e-15
0.305 0.132564 -1.09223e-14 0.867436 -6.02455e-15 8.46543e-14 7.7721e-15
0.31 0.13646 -1.12342e-14 0.86354 -6.26928e-15 8.55105e-14 7.92682e-15
0.315 0.14039 -1.16234e-14 0.85961 -6.50573e-15 8.63635e-14 8.02347e-15
0.32 0.144352 -1.20457e-14 0.855648 -6.70007e-15 8.73076e-14 8.00332e-15
0.325 0.148347 -1.23045e-14 0.851653 -6.85106e-15 8.8339e-14 7.75063e-15
0.33 0.152372 -1.24843e-14 0.847628 -6.9596e-15 8.94317e-14 7.38417e-15
0.335 0.156427 -1.26109e-14 0.843573 -7.08193e-15 9.05554e-14 6.89058e-15
0.34 0.16051 -1.2805e-14 0.83949 -7.21415e-15 9.17336e-14 6.22938e-15
0.345 0.16462 -1.30719e-14 0.83538 -7.33476e-15 9.29922e-14 5.46193e-15
0.35 0.168755 -1.34081e-14 0.831245 -7.44017e-15 9.4323e-14 4.53576e-15
0.355 0.172916 -1.36707e-14 0.827084 -7.57147e-15 9.56935e-14 3.41014e-15
0.36 0.177101 -1.40577e-14 0.822899 -7.7136e-15 9.71381e-14 2.13967e-15
0.365 0.181307 -1.40633e-14 0.818693 -7.86506e-15 9.86279e-14 7.11216e-16
0.37 0.185536 -1.45745e-14 0.814464 -8.03238e-15 1.00188e-13 -8.75786e-16
0.375 0.189784 -1.45418e-14 0.810216 -8.19422e-15 1.01848e-13 -2.6149e-15
0.38 0.194051 -1.50711e-14 0.805949 -8.35481e-15 1.03571e-13 -4.44871e-15
0.385 0.198336 -1.53997e-14 0.801664 -8.54581e-15 1.05368e-13 -6.4162e-15
0.39 0.202638 -1.52121e-14 0.797362 -8.7336e-15 1.07241e-13 -8.58097e-15
0.395 0.206956 -1.54239e-14 0.793044 -8.93806e-15 1.09215e-13 -1.08791e-14
0.4 0.211288 -1.53981e-14 0.788712 -9.17617e-15 1.11287e-13 -1.32813e-14
0.405 0.215633 -1.56044e-14 0.784367 -9.4027e-15 1.13456e-13 -1.57705e-14
0.41 0.219991 -1.55537e-14 0.780009 -9.64106e-15 1.15717e-13 -1.835e-14
0.415 0.22436 -1.54331e-14 0.77564 -9.87882e-15 1.18066e-13 -2.10328e-14
0.42 0.228738 -1.54877e-14 0.771262 -1.01335e-14 1.2049e-13 -2.37562e-14
0.425 0.233126 -1.55807e-14 0.766874 -1.04369e-14 1.22972e-13 -2.65376e-14
0.43 0.237522 -1.61773e-14 0.762478 -1.07348e-14 1.25433e-13 -2.92006e-14
0.435 0.241925 -1.59678e-14 0.758075 -1.10744e-14 1.2793e-13 -3.19315e-14
0.44 0.246333 -1.59264e-14 0.753667 -1.1434e-14 1.30375e-13 -3.45758e-14
0.445 0.250747 -1.61579e-14 0.749253 -1.17872e-14 1.32795e-13 -3.72982e-14
0.45 0.255164 -1.60813e-14 0.744836 -1.21957e-14 1.35199e-13 -3.99697e-14
0.455 0.259583 -1.61372e-14 0.740417 -1.26123e-14 1.37589e-13 -4.26135e-14
0.46 0.264005 -1.61689e-14 0.735995 -1.30482e-14 1.39972e-13 -4.53124e-14
0.465 0.268427 -1.58282e-14 0.731573 -1.35164e-14 1.4233e-13 -4.79667e-14
0.47 0.272849 -1.58941e-14 0.727151 -1.40348e-14 1.44632e-13 -5.05692e-14
0.475 0.27727 -1.58499e-14 0.72273 -1.45504e-14 1.46807e-13 -5.30506e-14
0.48 0.281689 -1.54286e-14 0.718311 -1.50867e-14 1.48964e-13 -5.55297e-14
0.485 0.286105 -1.53376e-14 0.713895 -1.5611e-14 1.5107e-13 -5.79342e-14
0.49 0.290516 -1.51051e-14 0.709484 -1.61546e-14 1.53066e-13 -6.03376e-14
0.495 0.294923 -1.48735e-14 0.705077 -1.67217e-14 1.54972e-13 -6.2696e-14
0.5 0.299324 -1.48142e-14 0.700676 -1.72969e-14 1.56801e-13 -6.50079e-14
0.505 0.303718 -1.4661e-14 0.696282 -1.78591e-14 1.58518e-13 -6.72829e-14
0.51 0.308105 -1.45774e-14 0.691895 -1.84417e-14 1.60135e-13 -6.95012e-14
0.515 0.312483 -1.41312e-14 0.687517 -1.89871e-14 1.61605e-13 -7.15987e-14
0.52 0.316853 -1.38097e-14 0.683147 -1.95224e-14 1.62991e-13 -7.36159e-14
0.525 0.321212 -1.36158e-14 0.678788 -2.00497e-14 1.64284e-13 -7.55367e-14
0.53 0.32556 -1.37039e-14 0.67444 -2.06135e-14 1.65481e-13 -7.73784e-14
0.535 0.329896 -1.3731e-14 0.670104 -2.11711e-14 1.66513e-13 -7.91232e-14
0.54 0.33422 -1.33515e-14 0.66578 -2.17387e-14 1.67491e-13 -8.08273e-14
0.545 0.338531 -1.31144e-14 0.661469 -2.22759e-14 1.6829e-13 -8.23346e-14
0.55 0.342829 -1.2879e-14 0.657171 -2.28592e-14 1.69045e-13 -8.37151e-14
0.555 0.347111 -1.29089e-14 0.652889 -2.34231e-14 1.69687e-13 -8.49929e-14
0.56 0.351378 -1.26735e-14 0.648622 -2.39571e-14 1.70181e-13 -8.60812e-14
0.565 0.355629 -1.24338e-14 0.644371 -2.4484e-14 1.70534e-13 -8.70264e-14
0.57 0.359864 -1.23446e-14 0.640136 -2.49777e-14 1.70729e-13 -8.78592e-14
0.575 0.364081 -1.22594e-14 0.635919 -2.54318e-14 1.70733e-13 -8.85853e-14
0.58 0.36828 -1.22644e-14 0.63172 -2.58746e-14 1.70532e-13 -8.91762e-14
0.585 0.37246 -1.23112e-14 0.62754 -2.63028e-14 1.70223e-13 -8.96697e-14
0.59 0.376621 -1.24777e-14 0.623379 -2.66641e-14 1.69675e-13 -9.00644e-14
0.595 0.380763 -1.25721e-14 0.619237 -2.69935e-14 1.69018e-13 -9.03577e-14
0.6 0.384884 -1.25592e-14 0.615116 -2.73101e-14 1.68128e-13 -9.05617e-14
0.605 0.388984 -1.26898e-14 0.611016 -2.7612e-14 1.67086e-13 -9.07181e-14
0.61 0.393063 -1.29295e-14 0.606937 -2.7903e-14 1.65824e-13 -9.07635e-14
0.615 0.39712 -1.2745e-14 0.60288 -2.81665e-14 1.64382e-13 -9.08156e-14
0.62 0.401154 -1.27127e-14 0.598846 -2.83661e-14 1.62805e-13 -9.08337e-14
0.625 0.405165 -1.28195e-14 0.594835 -2.85406e-14 1.61049e-13 -9.07376e-14
0.63 0.409153 -1.30011e-14 0.590847 -2.8667e-14 1.59137e-13 -9.05739e-14
0.635 0.413117 -1.34278e-14 0.586883 -2.87845e-14 1.57068e-13 -9.04301e-14
0.64 0.417057 -1.37609e-14 0.582943 -2.88939e-14 1.54951e-13 -9.02366e-14
0.645 0.420971 -1.41592e-14 0.579028 -2.89474e-14 1.52759e-13 -8.99286e-14
0.65 0.424861 -1.43197e-14 0.575139 -2.89988e-14 1.50386e-13 -8.95921e-14
0.655 0.428726 -1.47904e-14 0.571274 -2.90229e-14 1.47977e-13 -8.91937e-14
0.66 0.432564 -1.53562e-14 0.567436 -2.90446e-14 1.45579e-13 -8.8805e-14
0.665 0.436376 -1.58267e-14 0.563624 -2.9052e-14 1.43085e-13 -8.83323e-14
0.67 0.440162 -1.60895e-14 0.559838 -2.90984e-14 1.40583e-13 -8.77594e-14
0.675 0.44392 -1.64319e-14 0.55608 -2.91675e-14 1.38103e-13 -8.71405e-14
0.68 0.447652 -1.69003e-14 0.552348 -2.91807e-14 1.35406e-13 -8.65478e-14
0.685 0.451356 -1.70567e-14 0.548644 -2.91752e-14 1.32718e-13 -8.59937e-14
0.69 0.455032 -1.74994e-14 0.544968 -2.9191e-14 1.2974e-13 -8.54537e-14
0.695 0.45868 -1.77623e-14 0.54132 -2.9196e-14 1.26777e-13 -8.48739e-14
0.7 0.4623 -1.80036e-14 0.5377 -2.92015e-14 1.23596e-13 -8.43893e-14
0.705 0.465891 -1.81927e-14 0.534109 -2.92348e-14 1.20554e-13 -8.38558e-14
0.71 0.469454 -1.87491e-14 0.530546 -2.9147e-14 1.17603e-13 -8.3305e-14
0.715 0.472988 -1.93098e-14 0.527012 -2.90097e-14 1.14697e-13 -8.27944e-14
0.72 0.476492 -1.95667e-14 0.523508 -2.88807e-14 1.11832e-13 -8.23131e-14
0.725 0.479968 -2.0068e-14 0.520032 -2.87443e-14 1.08999e-13 -8.18658e-14
0.73 0.483414 -2.03954e-14 0.516586 -2.85959e-14 1.06051e-13 -8.15766e-14
0.735 0.486831 -2.09383e-14 0.513169 -2.84672e-14 1.03136e-13 -8.13677e-14
0.74 0.490217 -2.13506e-14 0.509783 -2.83369e-14 1.00214e-13 -8.12165e-14
0.745 0.493574 -2.16698e-14 0.506426 -2.82052e-14 9.73449e-14 -8.10524e-14
0.75 0.496902 -2.2116e-14 0.503098 -2.80562e-14 9.43557e-14 -8.10846e-14
0.755 0.500199 -2.24575e-14 0.499801 -2.79508e-14 9.15618e-14 -8.10554e-14
0.76 0.503466 -2.29848e-14 0.496534 -2.78487e-14 8.88056e-14 -8.10614e-14
0.765 0.506703 -2.33137e-14 0.493297 -2.77564e-14 8.60774e-14 -8.11032e-14
0.77 0.50991 -2.35985e-14 0.49009 -2.76851e-14 8.33553e-14 -8.11293e-14
0.775 0.513087 -2.38734e-14 0.486913 -2.76432e-14 8.07409e-14 -8.11211e-14
0.78 0.516234 -2.38823e-14 0.483766 -2.76032e-14 7.81294e-14 -8.11958e-14
0.785 0.51935 -2.41016e-14 0.48065 -2.75648e-14 7.56192e-14 -8.13745e-14
0.79 0.522437 -2.4333e-14 0.477563 -2.75102e-14 7.32143e-14 -8.16577e-14
0.795 0.525493 -2.4426e-14 0.474507 -2.74811e-14 7.08586e-14 -8.20574e-14
0.8 0.528519 -2.45025e-14 0.471481 -2.74809e-14 6.85231e-14 -8.25389e-14
0.805 0.531515 -2.48473e-14 0.468485 -2.74873e-14 6.63616e-14 -8.30527e-14
0.81 0.534481 -2.49714e-14 0.465519 -2.75152e-14 6.42765e-14 -8.3671e-14
0.815 0.537416 -2.52051e-14 0.462584 -2.75308e-14 6.22093e-14 -8.38783e-14
0.82 0.540322 -2.52147e-14 0.459678 -2.7557e-14 6.02616e-14 -8.41208e-14
0.825 0.543198 -2.53557e-14 0.456802 -2.75735e-14 5.84365e-14 -8.43852e-14
0.83 0.546045 -2.5364e-14 0.453955 -2.76006e-14 5.66997e-14 -8.47124e-14
0.835 0.548861 -2.5415e-14 0.451139 -2.76296e-14 5.49807e-14 -8.51194e-14
0.84 0.551648 -2.54626e-14 0.448352 -2.76699e-14 5.33835e-14 -8.55751e-14
0.845 0.554406 -2.53091e-14 0.445594 -2.76862e-14 5.1902e-14 -8.61294e-14
0.85 0.557134 -2.51391e-14 0.442866 -2.76959e-14 5.04705e-14 -8.65878e-14
0.855 0.559834 -2.51968e-14 0.440166 -2.77061e-14 4.9046e-14 -8.66577e-14
0.86 0.562504 -2.50124e-14 0.437496 -2.77142e-14 4.77648e-14 -8.67779e-14
0.865 0.565145 -2.47444e-14 0.434855 -2.77679e-14 4.66391e-14 -8.69724e-14
0.87 0.567758 -2.46056e-14 0.432242 -2.7826e-14 4.56296e-14 -8.72998e-14
0.875 0.570342 -2.42615e-14 0.429658 -2.78519e-14 4.47263e-14 -8.76614e-14
0.88 0.572898 -2.43509e-14 0.427102 -2.78143e-14 4.39871e-14 -8.80504e-14
0.885 0.575425 -2.41886e-14 0.424575 -2.77839e-14 4.34155e-14 -8.85087e-14
0.89 0.577925 -2.41535e-14 0.422075 -2.77328e-14 4.28446e-14 -8.90896e-14
0.895 0.580397 -2.42083e-14 0.419603 -2.76358e-14 4.24613e-14 -8.97852e-14
0.9 0.582841 -2.40866e-14 0.417159 -2.76002e-14 4.22719e-14 -9.05134e-14
0.905 0.585258 -2.42357e-14 0.414742 -2.75543e-14 4.27388e-14 -9.20847e-14
0.91 0.587648 -2.38432e-14 0.412352 -2.75277e-14 4.32091e-14 -9.35113e-14
0.915 0.590011 -2.348e-14 0.409989 -2.7514e-14 4.37451e-14 -9.48477e-14
0.92 0.592348 -2.32542e-14 0.407652 -2.75206e-14 4.43555e-14 -9.61174e-14
0.925 0.594658 -2.3054e-14 0.405342 -2.75725e-14 4.52671e-14 -9.71729e-14
0.93 0.596942 -2.26494e-14 0.403058 -2.75903e-14 4.62165e-14 -9.82136e-14
0.935 0.5992 -2.22483e-14 0.4008 -2.7633e-14 4.72183e-14 -9.91898e-14
0.94 0.601432 -2.18258e-14 0.398568 -2.76604e-14 4.83754e-14 -1.00242e-13
0.945 0.603639 -2.1454e-14 0.396361 -2.77171e-14 4.96309e-14 -1.01258e-13
0.95 0.605821 -2.11232e-14 0.394179 -2.77735e-14 5.0746e-14 -1.02398e-13
0.955 0.607978 -2.06732e-14 0.392022 -2.78537e-14 5.18651e-14 -1.03587e-13
0.96 0.61011 -2.03462e-14 0.38989 -2.79187e-14 5.30534e-14 -1.04854e-13
0.965 0.612218 -1.98881e-14 0.387782 -2.79669e-14 5.43702e-14 -1.06212e-13
0.97 0.614302 -1.96524e-14 0.385698 -2.80237e-14 5.58197e-14 -1.07619e-13
0.975 0.616362 -1.93416e-14 0.383638 -2.80914e-14 5.74125e-14 -1.09131e-13
0.98 0.618399 -1.90144e-14 0.381601 -2.81023e-14 5.9106e-14 -1.10675e-13
0.985 0.620413 -1.87226e-14 0.379587 -2.81104e-14 6.09726e-14 -1.12289e-13
0.99 0.622404 -1.8275e-14 0.377596 -2.81135e-14 6.29263e-14 -1.13964e-13
0.995 0.624372 -1.80154e-14 0.375628 -2.8108e-14 6.48844e-14 -1.15693e-13
1 0.626319 -1.7726e-14 0.373681 -2.81024e-14 6.70275e-14 -1.17497e-13
1.005 0.628243 -1.74907e-14 0.371757 -2.8098e-14 6.92511e-14 -1.19374e-13
1.01 0.630146 -1.71722e-14 0.369854 -2.81161e-14 7.15851e-14 -1.21291e-13
1.015 0.632027 -1.66724e-14 0.367973 -2.81223e-14 7.40077e-14 -1.23194e-13
1.02 0.633888 -1.64272e-14 0.366112 -2.81497e-14 7.64754e-14 -1.25169e-13
1.025 0.635727 -1.61165e-14 0.364273 -2.81664e-14 7.90595e-14 -1.27224e-13
1.03 0.637547 -1.56726e-14 0.362453 -2.81702e-14 8.16925e-14 -1.29279e-13
1.035 0.639346 -1.52015e-14 0.360654 -2.81824e-14 8.43568e-14 -1.31264e-13
1.04 0.641126 -1.46148e-14 0.358874 -2.82165e-14 8.71132e-14 -1.33139e-13
1.045 0.642886 -1.4287e-14 0.357114 -2.82352e-14 9.00109e-14 -1.34896e-13
1.05 0.644628 -1.39842e-14 0.355372 -2.82359e-14 9.29638e-14 -1.36668e-13
1.055 0.64635 -1.37139e-14 0.35365 -2.82198e-14 9.60675e-14 -1.38372e-13
1.06 0.648055 -1.3444e-14 0.351945 -2.82034e-14 9.93122e-14 -1.40005e-13
1.065 0.649741 -1.32313e-14 0.350259 -2.81859e-14 1.02618e-13 -1.41551e-13
1.07 0.65141 -1.28897e-14 0.34859 -2.81686e-14 1.06031e-13 -1.43057e-13
1.075 0.653061 -1.26232e-14 0.346939 -2.8113e-14 1.09605e-13 -1.44521e-13
1.08 0.654695 -1.23507e-14 0.345305 -2.80387e-14 1.13231e-13 -1.4597e-13
1.085 0.656312 -1.20692e-14 0.343688 -2.79661e-14 1.16864e-13 -1.47341e-13
1.09 0.657913 -1.1756e-14 0.342087 -2.78903e-14 1.20589e-13 -1.48634e-13
1.095 0.659498 -1.13465e-14 0.340502 -2.78012e-14 1.24375e-13 -1.49827e-13
1.1 0.661067 -1.08793e-14 0.338933 -2.7745e-14 1.28232e-13 -1.50897e-13
1.105 0.662621 -1.05265e-14 0.337379 -2.76885e-14 1.3218e-13 -1.51884e-13
1.11 0.66416 -1.01573e-14 0.33584 -2.765e-14 1.36266e-13 -1.52731e-13
1.115 0.665684 -9.87981e-15 0.334316 -2.76425e-14 1.40473e-13 -1.53564e-13
1.12 0.667193 -9.71754e-15 0.332807 -2.7629e-14 1.44763e-13 -1.54267e-13
1.125 0.668689 -9.29604e-15 0.331311 -2.76269e-14 1.49109e-13 -1.54816e-13
1.13 0.67017 -9.11128e-15 0.32983 -2.76158e-14 1.53497e-13 -1.55222e-13
1.135 0.671639 -8.74067e-15 0.328361 -2.75919e-14 1.57874e-13 -1.55477e-13
1.14 0.673094 -8.31736e-15 0.326906 -2.75831e-14 1.62288e-13 -1.55705e-13
1.145 0.674536 -7.88484e-15 0.325464 -2.7556e-14 1.66815e-13 -1.55825e-13
1.15 0.675966 -7.64338e-15 0.324034 -2.75819e-14 1.71318e-13 -1.55822e-13
1.155 0.677384 -7.29522e-15 0.322616 -2.75902e-14 1.75828e-13 -1.55662e-13
1.16 0.67879 -6.87234e-15 0.32121 -2.75838e-14 1.80323e-13 -1.55324e-13
1.165 0.680184 -6.80113e-15 0.319816 -2.75861e-14 1.84826e-13 -1.54741e-13
1.17 0.681567 -6.61649e-15 0.318432 -2.75805e-14 1.89274e-13 -1.53905e-13
1.175 0.68294 -6.31524e-15 0.31706 -2.75915e-14 1.93629e-13 -1.52906e-13
1.18 0.684302 -6.00448e-15 0.315698 -2.76361e-14 1.97909e-13 -1.51738e-13
1.185 0.685653 -5.69713e-15 0.314347 -2.76849e-14 2.0198e-13 -1.50399e-13
1.19 0.686995 -5.42861e-15 0.313005 -2.77335e-14 2.05968e-13 -1.49002e-13
1.195 0.688327 -5.18272e-15 0.311673 -2.78057e-14 2.09904e-13 -1.47485e-13
1.2 0.689649 -4.80498e-15 0.310351 -2.78941e-14 2.13715e-13 -1.45823e-13
1.205 0.690963 -4.54871e-15 0.309037 -2.79959e-14 2.17402e-13 -1.44036e-13
1.21 0.692268 -4.21062e-15 0.307732 -2.81015e-14 2.20843e-13 -1.42029e-13
1.215 0.693564 -3.99367e-15 0.306436 -2.82052e-14 2.24227e-13 -1.3992e-13
1.22 0.694852 -3.83987e-15 0.305148 -2.83154e-14 2.27443e-13 -1.37725e-13
1.225 0.696132 -3.64482e-15 0.303868 -2.84059e-14 2.30527e-13 -1.35398e-13
1.23 0.697405 -3.26124e-15 0.302595 -2.8483e-14 2.33404e-13 -1.32817e-13
1.235 0.69867 -3.024e-15 0.30133 -2.85542e-14 2.36152e-13 -1.30074e-13
1.24 0.699928 -2.94262e-15 0.300072 -2.86095e-14 2.38828e-13 -1.27012e-13
1.245 0.701179 -2.89288e-15 0.298821 -2.86596e-14 2.41327e-13 -1.23813e-13
1.25 0.702424 -2.67804e-15 0.297576 -2.87202e-14 2.43583e-13 -1.20347e-13
1.255 0.703663 -2.68072e-15 0.296337 -2.87871e-14 2.4562e-13 -1.1663e-13
1.26 0.704895 -2.39767e-15 0.295105 -2.88865e-14 2.47276e-13 -1.12645e-13
1.265 0.706122 -2.36576e-15 0.293878 -2.89871e-14 2.48733e-13 -1.08467e-13
1.27 0.707343 -2.40524e-15 0.292657 -2.90767e-14 2.49963e-13 -1.04165e-13
1.275 0.708559 -2.37746e-15 0.291441 -2.91751e-14 2.50909e-13 -9.9826e-14
1.28 0.70977 -2.27554e-15 0.29023 -2.92944e-14 2.51634e-13 -9.54508e-14
1.285 0.710976 -2.13126e-15 0.289024 -2.94069e-14 2.52049e-13 -9.08351e-14
1.29 0.712178 -2.20805e-15 0.287822 -2.95302e-14 2.52204e-13 -8.61409e-14
1.295 0.713375 -2.16895e-15 0.286625 -2.96722e-14 2.5196e-13 -8.13417e-14
1.3 0.714569 -2.09401e-15 0.285431 -2.98057e-14 2.51436e-13 -7.64237e-14
1.305 0.715758 -2.05851e-15 0.284242 -2.99514e-14 2.50659e-13 -7.13634e-14
1.31 0.716944 -1.8206e-15 0.283056 -3.01169e-14 2.49509e-13 -6.61691e-14
1.315 0.718126 -1.71821e-15 0.281874 -3.03015e-14 2.48049e-13 -6.09058e-14
1.32 0.719305 -1.62479e-15 0.280695 -3.04554e-14 2.46306e-13 -5.55984e-14
1.325 0.720481 -1.56927e-15 0.279519 -3.06132e-14 2.44344e-13 -5.02757e-14
1.33 0.721654 -1.61733e-15 0.278346 -3.07733e-14 2.42156e-13 -4.4924e-14
1.335 0.722824 -1.61837e-15 0.277176 -3.09426e-14 2.39629e-13 -3.95266e-14
1.34 0.723992 -1.64571e-15 0.276008 -3.11172e-14 2.36805e-13 -3.41404e-14
1.345 0.725158 -1.60659e-15 0.274842 -3.13166e-14 2.33793e-13 -2.86584e-14
1.35 0.726321 -1.71546e-15 0.273679 -3.15168e-14 2.30395e-13 -2.30434e-14
1.355 0.727483 -1.68062e-15 0.272517 -3.17468e-14 2.26649e-13 -1.72812e-14
1.36 0.728643 -1.71075e-15 0.271357 -3.19624e-14 2.22601e-13 -1.14826e-14
1.365 0.729801 -1.74677e-15 0.270199 -3.22225e-14 2.18232e-13 -5.71124e-15
1.37 0.730957 -1.7575e-15 0.269043 -3.249e-14 2.13543e-13 7.27906e-17
1.375 0.732113 -1.73724e-15 0.267887 -3.27957e-14 2.08587e-13 5.89939e-15
1.38 0.733267 -1.65622e-15 0.266733 -3.31004e-14 2.03386e-13 1.18153e-14
1.385 0.73442 -1.7296e-15 0.26558 -3.3411e-14 1.97981e-13 1.78481e-14
1.39 0.735573 -1.47979e-15 0.264427 -3.37575e-14 1.92394e-13 2.3838e-14
1.395 0.736724 -1.36197e-15 0.263276 -3.41268e-14 1.86597e-13 2.97903e-14
1.4 0.737875 -1.27748e-15 0.262125 -3.44863e-14 1.80769e-13 3.57332e-14
1.405 0.739025 -1.30959e-15 0.260975 -3.48683e-14 1.74725e-13 4.16785e-14
1.41 0.740175 -1.32004e-15 0.259825 -3.52707e-14 1.68449e-13 4.75267e-14
1.415 0.741325 -1.27944e-15 0.258675 -3.56764e-14 1.62095e-13 5.32786e-14
1.42 0.742474 -1.31331e-15 0.257526 -3.609e-14 1.55611e-13 5.88494e-14
1.425 0.743624 -1.30114e-15 0.256376 -3.64935e-14 1.48834e-13 6.44848e-14
1.43 0.744773 -1.34341e-15 0.255227 -3.69021e-14 1.41934e-13 7.01152e-14
1.435 0.745922 -1.37848e-15 0.254078 -3.72923e-14 1.34959e-13 7.55971e-14
1.44 0.747072 -1.41077e-15 0.252928 -3.76716e-14 1.27776e-13 8.104e-14
1.445 0.748222 -1.41767e-15 0.251778 -3.80827e-14 1.20452e-13 8.64011e-14
1.45 0.749372 -1.40116e-15 0.250628 -3.85148e-14 1.13041e-13 9.16555e-14
1.455 0.750522 -1.34521e-15 0.249478 -3.89842e-14 1.05491e-13 9.68381e-14
1.46 0.751673 -1.23068e-15 0.248327 -3.94729e-14 9.78769e-14 1.01952e-13
1.465 0.752824 -1.20974e-15 0.247176 -3.99703e-14 9.01963e-14 1.0694e-13
1.47 0.753976 -1.20212e-15 0.246024 -4.04583e-14 8.25323e-14 1.11783e-13
1.475 0.755128 -1.14039e-15 0.244872 -4.09546e-14 7.48478e-14 1.16502e-13
1.48 0.756281 -1.09207e-15 0.243719 -4.145e-14 6.70525e-14 1.21107e-13
1.485 0.757435 -1.05182e-15 0.242565 -4.19084e-14 5.93536e-14 1.25524e-13
1.49 0.758589 -1.16004e-15 0.241411 -4.23863e-14 5.17289e-14 1.29764e-13
1.495 0.759744 -1.21992e-15 0.240256 -4.28473e-14 4.40736e-14 1.33855e-13
1.5 0.760899 -1.43e-15 0.239101 -4.33127e-14 3.65061e-14 1.3787e-13
1.505 0.762056 -1.37912e-15 0.237944 -4.37901e-14 2.89877e-14 1.4177e-13
1.51 0.763213 -1.48261e-15 0.236787 -4.42515e-14 2.14921e-14 1.4552e-13
1.515 0.76437 -1.62247e-15 0.23563 -4.46758e-14 1.41128e-14 1.49066e-13
1.52 0.765529 -1.79053e-15 0.234471 -4.50831e-14 6.85062e-15 1.52416e-13
1.525 0.766688 -1.81527e-15 0.233312 -4.54868e-14 -3.21529e-16 1.55553e-13
1.53 0.767848 -1.96686e-15 0.232152 -4.58944e-14 -7.39784e-15 1.58588e-13
1.535 0.769009 -2.23259e-15 0.230991 -4.6284e-14 -1.42968e-14 1.61498e-13
1.54 0.77017 -2.34339e-15 0.22983 -4.66397e-14 -2.11315e-14 1.64256e-13
1.545 0.771332 -2.60061e-15 0.228668 -4.69856e-14 -2.79026e-14 1.66844e-13
1.55 0.772494 -2.87053e-15 0.227506 -4.72956e-14 -3.45462e-14 1.69297e-13
1.555 0.773657 -3.21432e-15 0.226343 -4.75977e-14 -4.10884e-14 1.71576e-13
1.56 0.774821 -3.51046e-15 0.225179 -4.78433e-14 -4.74846e-14 1.73761e-13
1.565 0.775985 -3.8829e-15 0.224015 -4.80715e-14 -5.37344e-14 1.7586e-13
1.57 0.77715 -4.40231e-15 0.22285 -4.82748e-14 -5.98151e-14 1.77932e-13
1.575 0.778315 -4.89483e-15 0.221685 -4.84584e-14 -6.57355e-14 1.79836e-13
1.58 0.779481 -5.24113e-15 0.220519 -4.86319e-14 -7.14595e-14 1.8163e-13
1.585 0.780646 -5.75995e-15 0.219354 -4.88023e-14 -7.69215e-14 1.83419e-13
1.59 0.781812 -6.33598e-15 0.218188 -4.89361e-14 -8.2215e-14 1.85093e-13
1.595 0.782979 -6.91187e-15 0.217021 -4.90398e-14 -8.7383e-14 1.86641e-13
1.6 0.784145 -7.44149e-15 0.215855 -4.91338e-14 -9.2242e-14 1.88031e-13
1.605 0.785311 -8.0093e-15 0.214689 -4.92229e-14 -9.68922e-14 1.89288e-13
1.61 0.786478 -8.60813e-15 0.213522 -4.93147e-14 -1.01401e-13 1.90381e-13
1.615 0.787644 -9.21736e-15 0.212356 -4.93928e-14 -1.05779e-13 1.91301e-13
1.62 0.78881 -9.82569e-15 0.21119 -4.94622e-14 -1.10008e-13 1.92054e-13
1.625 0.789976 -1.05197e-14 0.210024 -4.95246e-14 -1.14035e-13 1.92691e-13
1.63 0.791142 -1.11401e-14 0.208858 -4.95818e-14 -1.17897e-13 1.93258e-13
1.635 0.792307 -1.17074e-14 0.207693 -4.96913e-14 -1.2152e-13 1.9372e-13
1.64 0.793471 -1.22484e-14 0.206529 -4.98762e-14 -1.24784e-13 1.93908e-13
1.645 0.794635 -1.28411e-14 0.205365 -5.00431e-14 -1.27709e-13 1.93908e-13
1.65 0.795798 -1.33433e-14 0.204202 -5.01709e-14 -1.3027e-13 1.93911e-13
1.655 0.796961 -1.39105e-14 0.203039 -5.02641e-14 -1.32498e-13 1.93899e-13
1.66 0.798123 -1.44373e-14 0.201877 -5.03066e-14 -1.34428e-13 1.93918e-13
1.665 0.799283 -1.51606e-14 0.200717 -5.02611e-14 -1.36037e-13 1.94015e-13
1.67 0.800443 -1.59756e-14 0.199557 -5.01406e-14 -1.3736e-13 1.94178e-13
1.675 0.801601 -1.69061e-14 0.198399 -4.99215e-14 -1.38345e-13 1.94435e-13
1.68 0.802758 -1.78617e-14 0.197242 -4.96171e-14 -1.3902e-13 1.9473e-13
1.685 0.803913 -1.89047e-14 0.196087 -4.92162e-14 -1.39423e-13 1.95081e-13
1.69 0.805067 -1.99191e-14 0.194933 -4.87401e-14 -1.39519e-13 1.95541e-13
1.695 0.806219 -2.10027e-14 0.193781 -4.82188e-14 -1.39335e-13 1.96099e-13
1.7 0.80737 -2.21353e-14 0.19263 -4.76328e-14 -1.38789e-13 1.96789e-13
1.705 0.808519 -2.32785e-14 0.191481 -4.69943e-14 -1.37824e-13 1.97512e-13
1.71 0.809665 -2.43712e-14 0.190335 -4.63383e-14 -1.36637e-13 1.98226e-13
1.715 0.81081 -2.53408e-14 0.18919 -4.56744e-14 -1.35152e-13 1.99075e-13
1.72 0.811952 -2.63016e-14 0.188048 -4.50241e-14 -1.33393e-13 1.99954e-13
1.725 0.813092 -2.7046e-14 0.186908 -4.44197e-14 -1.31428e-13 2.00892e-13
1.73 0.81423 -2.725e-14 0.18577 -4.38936e-14 -1.29179e-13 2.0188e-13
1.735 0.815365 -2.69706e-14 0.184635 -4.34919e-14 -1.26632e-13 2.02821e-13
1.74 0.816497 -2.59817e-14 0.183503 -4.32565e-14 -1.23646e-13 2.03877e-13
1.745 0.817627 -2.40634e-14 0.182373 -4.32334e-14 -1.20393e-13 2.04962e-13
1.75 0.818753 -2.09629e-14 0.181247 -4.34226e-14 -1.16873e-13 2.0604e-13
1.755 0.819877 -1.6728e-14 0.180123 -4.38882e-14 -1.1317e-13 2.07259e-13
1.76 0.820997 -1.13653e-14 0.179003 -4.46848e-14 -1.09228e-13 2.0853e-13
1.765 0.822114 -5.2788e-15 0.177886 -4.58399e-14 -1.05002e-13 2.09866e-13
1.77 0.823228 1.09351e-15 0.176772 -4.73712e-14 -1.00596e-13 2.11278e-13
1.775 0.824338 7.53746e-15 0.175662 -4.93062e-14 -9.64197e-14 2.132e-13
1.78 0.825445 1.39668e-14 0.174555 -5.16558e-14 -9.19616e-14 2.15094e-13
1.785 0.826548 2.03389e-14 0.173452 -5.44554e-14 -8.70883e-14 2.17001e-13
1.79 0.827646 2.67527e-14 0.172354 -5.77029e-14 -8.16903e-14 2.18838e-13
1.795 0.828741 3.31441e-14 0.171259 -6.13704e-14 -7.47423e-14 2.20164e-13
1.8 0.829832 3.96039e-14 0.170168 -6.5441e-14 -6.7496e-14 2.21512e-13
1.805 0.830919 4.62611e-14 0.169081 -6.9976e-14 -6.01947e-14 2.2299e-13
1.81 0.832001 5.31028e-14 0.167999 -7.49683e-14 -5.30849e-14 2.24772e-13
1.815 0.833079 6.02533e-14 0.166921 -8.04256e-14 -4.63137e-14 2.26907e-13
1.82 0.834152 6.76393e-14 0.165848 -8.63538e-14 -4.00245e-14 2.29562e-13
1.825 0.83522 7.54374e-14 0.16478 -9.27407e-14 -3.42823e-14 2.32806e-13
1.83 0.836284 8.34166e-14 0.163716 -9.95912e-14 -2.90712e-14 2.36616e-13
1.835 0.837343 9.18735e-14 0.162657 -1.06907e-13 -2.44016e-14 2.41136e-13
1.84 0.838397 1.00676e-13 0.161603 -1.1471e-13 -2.05415e-14 2.46377e-13
1.845 0.839446 1.09807e-13 0.160554 -1.22971e-13 -1.70704e-14 2.52303e-13
1.85 0.84049 1.19284e-13 0.15951 -1.31656e-13 -1.36595e-14 2.59113e-13
1.855 0.841528 1.29004e-13 0.158472 -1.4071e-13 -1.12452e-14 2.66721e-13
1.86 0.842561 1.39007e-13 0.157439 -1.50109e-13 -9.14683e-15 2.74811e-13
1.865 0.843588 1.49126e-13 0.156412 -1.59704e-13 -7.36914e-15 2.83287e-13
1.87 0.84461 1.594e-13 0.15539 -1.69373e-13 -5.94504e-15 2.91951e-13
1.875 0.845626 1.69675e-13 0.154374 -1.79145e-13 -4.60194e-15 3.00677e-13
1.88 0.846637 1.80061e-13 0.153363 -1.89071e-13 -3.38769e-15 3.09487e-13
1.885 0.847641 1.90641e-13 0.152359 -1.99229e-13 -2.30133e-15 3.18329e-13
1.89 0.84864 2.01392e-13 0.15136 -2.09587e-13 -1.22512e-15 3.26704e-13
1.895 0.849632 2.12374e-13 0.150368 -2.20195e-13 -2.23264e-16 3.35014e-13
1.9 0.850618 2.23597e-13 0.149382 -2.311e-13 9.10514e-16 3.43267e-13
1.905 0.851599 2.35132e-13 0.148401 -2.4232e-13 2.17939e-15 3.51553e-13
1.91 0.852573 2.47274e-13 0.147427 -2.5418e-13 3.565e-15 3.59895e-13
1.915 0.85354 2.60181e-13 0.14646 -2.6688e-13 5.14013e-15 3.68194e-13
1.92 0.854501 2.73732e-13 0.145499 -2.80238e-13 7.0473e-15 3.76453e-13
1.925 0.855456 2.87881e-13 0.144544 -2.94159e-13 9.29808e-15 3.8463e-13
1.93 0.856404 3.02381e-13 0.143596 -3.08534e-13 1.18037e-14 3.92543e-13
1.935 0.857345 3.17226e-13 0.142655 -3.23295e-13 1.46272e-14 4.00161e-13
1.94 0.85828 3.32456e-13 0.14172 -3.38376e-13 1.78265e-14 4.075e-13
1.945 0.859208 3.47954e-13 0.140792 -3.53798e-13 2.15168e-14 4.14426e-13
1.95 0.860129 3.63769e-13 0.139871 -3.69516e-13 2.55729e-14 4.20864e-13
1.955 0.861043 3.79724e-13 0.138957 -3.85447e-13 3.00265e-14 4.2682e-13
1.96 0.86195 3.95786e-13 0.13805 -4.01555e-13 3.4838e-14 4.32272e-13
1.965 0.86285 4.12025e-13 0.13715 -4.1782e-13 3.99911e-14 4.37121e-13
1.97 0.863744 4.28409e-13 0.136257 -4.34182e-13 4.55492e-14 4.41405e-13
1.975 0.86463 4.448e-13 0.13537 -4.50582e-13 5.15731e-14 4.45048e-13
1.98 0.865509 4.61128e-13 0.134491 -4.66955e-13 5.78878e-14 4.48264e-13
1.985 0.86638 4.77471e-13 0.13362 -4.83283e-13 6.48745e-14 4.51349e-13
1.99 0.867245 4.93697e-13 0.132755 -4.99475e-13 7.16443e-14 4.53538e-13
1.995 0.868102 5.09829e-13 0.131898 -5.15595e-13 7.86139e-14 4.55386e-13
2 0.868952 5.25933e-13 0.131048 -5.317e-13 8.57091e-14 4.5698e-13
2.005 0.869795 5.42083e-13 0.130205 -5.47866e-13 9.31509e-14 4.58337e-13
2.01 0.87063 5.58309e-13 0.12937 -5.64126e-13 1.00803e-13 4.59343e-13
2.015 0.871458 5.74686e-13 0.128542 -5.80544e-13 1.08541e-13 4.59997e-13
2.02 0.872279 5.91291e-13 0.127721 -5.97146e-13 1.16454e-13 4.60185e-13
2.025 0.873092 6.08175e-13 0.126908 -6.14026e-13 1.24471e-13 4.59824e-13
2.03 0.873898 6.25331e-13 0.126102 -6.31206e-13 1.32675e-13 4.58919e-13
2.035 0.874696 6.42711e-13 0.125304 -6.48652e-13 1.40985e-13 4.57531e-13
2.04 0.875487 6.60388e-13 0.124513 -6.6637e-13 1.4951e-13 4.556e-13
2.045 0.87627 6.78404e-13 0.12373 -6.84401e-13 1.58208e-13 4.53109e-13
2.05 0.877046 6.96777e-13 0.122954 -7.02787e-13 1.67001e-13 4.50148e-13
2.055 0.877814 7.15577e-13 0.122186 -7.21592e-13 1.75809e-13 4.46592e-13
2.06 0.878575 7.34816e-13 0.121425 -7.40803e-13 1.84825e-13 4.42552e-13
2.065 0.879328 7.54404e-13 0.120672 -7.60418e-13 1.93875e-13 4.38053e-13
2.07 0.880074 7.743e-13 0.119926 -7.80464e-13 2.02904e-13 4.33119e-13
2.075 0.880812 7.9479e-13 0.119188 -8.00928e-13 2.11837e-13 4.27771e-13
2.08 0.881543 8.15658e-13 0.118457 -8.21811e-13 2.20703e-13 4.22009e-13
2.085 0.882267 8.36863e-13 0.117733 -8.43105e-13 2.29488e-13 4.15811e-13
2.09 0.882983 8.58571e-13 0.117017 -8.64802e-13 2.38206e-13 4.0927e-13
2.095 0.883691 8.80692e-13 0.116309 -8.86889e-13 2.46779e-13 4.02522e-13
2.1 0.884392 9.03163e-13 0.115608 -9.09355e-13 2.55284e-13 3.95502e-13
2.105 0.885086 9.26102e-13 0.114914 -9.32225e-13 2.63731e-13 3.88282e-13
2.11 0.885772 9.49355e-13 0.114228 -9.55451e-13 2.72118e-13 3.80839e-13
2.115 0.886451 9.72901e-13 0.113549 -9.78983e-13 2.80475e-13 3.73279e-13
2.12 0.887123 9.96714e-13 0.112877 -1.00279e-12 2.88675e-13 3.65682e-13
2.125 0.887787 1.02071e-12 0.112213 -1.02683e-12 2.96683e-13 3.58128e-13
2.13 0.888444 1.04491e-12 0.111556 -1.05104e-12 3.04582e-13 3.50698e-13
2.135 0.889094 1.06919e-12 0.110906 -1.07537e-12 3.12321e-13 3.43286e-13
2.14 0.889736 1.09361e-12 0.110264 -1.09977e-12 3.19904e-13 3.36037e-13
2.145 0.890371 1.11798e-12 0.109629 -1.12417e-12 3.27295e-13 3.28948e-13
2.15 0.891 1.14231e-12 0.109 -1.14851e-12 3.34432e-13 3.2211e-13
2.155 0.891621 1.16648e-12 0.108379 -1.17273e-12 3.41293e-13 3.15457e-13
2.16 0.892235 1.19055e-12 0.107765 -1.19677e-12 3.48026e-13 3.0897e-13
2.165 0.892842 1.21432e-12 0.107158 -1.22054e-12 3.54462e-13 3.02768e-13
2.17 0.893442 1.23777e-12 0.106558 -1.24399e-12 3.60743e-13 2.96823e-13
2.175 0.894035 1.26083e-12 0.105965 -1.26707e-12 3.668e-13 2.91247e-13
2.18 0.894621 1.28344e-12 0.105379 -1.28967e-12 3.72691e-13 2.86014e-13
2.185 0.895201 1.30542e-12 0.104799 -1.31174e-12 3.78407e-13 2.81269e-13
2.19 0.895773 1.32692e-12 0.104227 -1.33322e-12 3.84003e-13 2.76961e-13
2.195 0.896339 1.34772e-12 0.103661 -1.35404e-12 3.89313e-13 2.73086e-13
2.2 0.896899 1.36781e-12 0.103101 -1.37411e-12 3.94314e-13 2.69779e-13
2.205 0.897452 1.38711e-12 0.102548 -1.39336e-12 3.99062e-13 2.67004e-13
2.21 0.897998 1.40547e-12 0.102002 -1.41171e-12 4.03496e-13 2.64649e-13
2.215 0.898538 1.42285e-12 0.101462 -1.42911e-12 4.07714e-13 2.62727e-13
2.22 0.899071 1.4393e-12 0.100929 -1.44553e-12 4.11744e-13 2.61402e-13
2.225 0.899598 1.45471e-12 0.100402 -1.46086e-12 4.15659e-13 2.60553e-13
2.23 0.900119 1.46895e-12 0.0998814 -1.47506e-12 4.19443e-13 2.60288e-13
2.235 0.900633 1.48199e-12 0.0993669 -1.48805e-12 4.23074e-13 2.60702e-13
2.24 0.901141 1.4937e-12 0.0988585 -1.49978e-12 4.2653e-13 2.61814e-13
2.245 0.901644 1.50418e-12 0.0983562 -1.51021e-12 4.29874e-13 2.63662e-13
2.25 0.90214 1.51323e-12 0.0978599 -1.51926e-12 4.33076e-13 2.66288e-13
2.255 0.90263 1.52082e-12 0.0973695 -1.52689e-12 4.36315e-13 2.69596e-13
2.26 0.903115 1.52693e-12 0.096885 -1.533e-12 4.39441e-13 2.7367e-13
2.265 0.903594 1.53155e-12 0.0964062 -1.53756e-12 4.4262e-13 2.78543e-13
2.27 0.904067 1.53451e-12 0.0959331 -1.54054e-12 4.45779e-13 2.84054e-13
2.275 0.904534 1.53591e-12 0.0954657 -1.54192e-12 4.48675e-13 2.90264e-13
2.28 0.904996 1.53574e-12 0.0950038 -1.54166e-12 4.51244e-13 2.97039e-13
2.285 0.905453 1.53384e-12 0.0945474 -1.53975e-12 4.53439e-13 3.04377e-13
2.29 0.905904 1.53024e-12 0.0940963 -1.53615e-12 4.55524e-13 3.12142e-13
2.295 0.906349 1.52496e-12 0.0936505 -1.53085e-12 4.57362e-13 3.20312e-13
2.3 0.90679 1.51798e-12 0.09321 -1.52385e-12 4.59135e-13 3.29075e-13
2.305 0.907225 1.5093e-12 0.0927746 -1.51516e-12 4.6085e-13 3.38483e-13
2.31 0.907656 1.49893e-12 0.0923442 -1.50478e-12 4.62401e-13 3.4845e-13
2.315 0.908081 1.48689e-12 0.0919188 -1.49274e-12 4.64038e-13 3.59099e-13
2.32 0.908502 1.4732e-12 0.0914983 -1.47906e-12 4.65666e-13 3.70598e-13
2.325 0.908917 1.45789e-12 0.0910826 -1.46373e-12 4.67173e-13 3.83186e-13
2.33 0.909328 1.44092e-12 0.0906716 -1.44677e-12 4.68739e-13 3.96767e-13
2.335 0.909735 1.42242e-12 0.0902652 -1.42826e-12 4.70452e-13 4.11453e-13
2.34 0.910137 1.40242e-12 0.0898633 -1.40823e-12 4.72288e-13 4.2705e-13
2.345 0.910534 1.38102e-12 0.0894659 -1.38679e-12 4.74265e-13 4.4354e-13
2.35 0.910927 1.35831e-12 0.0890728 -1.36406e-12 4.7648e-13 4.60829e-13
2.355 0.911316 1.33432e-12 0.088684 -1.34003e-12 4.78769e-13 4.79133e-13
2.36 0.911701 1.30914e-12 0.0882994 -1.31484e-12 4.81302e-13 4.98636e-13
2.365 0.912081 1.2829e-12 0.0879188 -1.28858e-12 4.84249e-13 5.19116e-13
2.37 0.912458 1.25571e-12 0.0875423 -1.26137e-12 4.87567e-13 5.40334e-13
2.375 0.91283 1.22769e-12 0.0871696 -1.23332e-12 4.91364e-13 5.62111e-13
2.38 0.913199 1.19892e-12 0.0868008 -1.20456e-12 4.95711e-13 5.84533e-13
2.385 0.913564 1.16961e-12 0.0864357 -1.17524e-12 5.00529e-13 6.07796e-13
2.39 0.913926 1.13985e-12 0.0860742 -1.14547e-12 5.0574e-13 6.31833e-13
2.395 0.914284 1.10981e-12 0.0857162 -1.11544e-12 5.11479e-13 6.56588e-13
2.4 0.914638 1.07967e-12 0.0853617 -1.08529e-12 5.17586e-13 6.81988e-13
2.405 0.914989 1.04961e-12 0.0850106 -1.05523e-12 5.24029e-13 7.08185e-13
2.41 0.915337 1.01989e-12 0.0846627 -1.02549e-12 5.30851e-13 7.35101e-13
2.415 0.915682 9.90624e-13 0.084318 -9.9622e-13 5.3809e-13 7.6287e-13
2.42 0.916024 9.62025e-13 0.0839764 -9.67603e-13 5.45633e-13 7.91329e-13
2.425 0.916362 9.34255e-13 0.0836378 -9.39834e-13 5.53506e-13 8.20576e-13
2.43 0.916698 9.07529e-13 0.083302 -9.13105e-13 5.61624e-13 8.5046e-13
2.435 0.917031 8.82043e-13 0.0829691 -8.87619e-13 5.69917e-13 8.81063e-13
2.44 0.917361 8.58061e-13 0.0826389 -8.63635e-13 5.7837e-13 9.1236e-13
2.445 0.917689 8.35783e-13 0.0823113 -8.41357e-13 5.871e-13 9.44181e-13
2.45 0.918014 8.15417e-13 0.0819863 -8.21001e-13 5.96189e-13 9.76661e-13
2.455 0.918336 7.97196e-13 0.0816637 -8.02763e-13 6.05269e-13 1.0097e-12
2.46 0.918656 7.81325e-13 0.0813435 -7.86882e-13 6.14582e-13 1.0431e-12
2.465 0.918974 7.68038e-13 0.0810256 -7.736e-13 6.23992e-13 1.07693e-12
2.47 0.91929 7.5757e-13 0.0807098 -7.6314e-13 6.33771e-13 1.11115e-12
2.475 0.919604 7.50178e-13 0.0803961 -7.55741e-13 6.4379e-13 1.14562e-12
2.48 0.919916 7.46197e-13 0.0800845 -7.51753e-13 6.5418e-13 1.1805e-12
2.485 0.920225 7.45799e-13 0.0797747 -7.51347e-13 6.6504e-13 1.21562e-12
2.49 0.920533 7.49259e-13 0.0794668 -7.54811e-13 6.7677e-13 1.251e-12
2.495 0.920839 7.56749e-13 0.0791607 -7.62296e-13 6.89313e-13 1.2865e-12
2.5 0.921144 7.68546e-13 0.0788562 -7.74093e-13 7.02427e-13 1.32199e-12
