0 0 0 1 0 0 0
0.1 0.015823 -9.1228e-18 0.983946 1.1606e-16 -1.06907e-15 2.22682e-15
0.2 0.061025 3.16618e-16 0.939016 -6.91519e-16 -1.1522e-15 5.18618e-15
0.3 0.129233 4.53419e-16 0.871051 -6.30402e-16 1.75226e-16 8.00666e-15
0.4 0.211807 3.96448e-16 0.78855 -6.86856e-16 2.6553e-15 1.03746e-14
0.5 0.299776 2.14442e-16 0.700574 -3.63484e-16 5.3042e-15 1.23119e-14
0.6 0.385257 5.12282e-17 0.615073 -2.15919e-16 7.97061e-15 1.36643e-14
0.7 0.462697 4.49672e-16 0.537677 -7.17065e-16 1.00918e-14 1.41987e-14
0.8 0.529012 1.20009e-15 0.47143 -1.22107e-15 1.15462e-14 1.37209e-14
0.9 0.583486 1.62859e-15 0.417008 -1.68431e-15 1.24468e-14 1.26776e-14
1 0.627143 1.87963e-15 0.373375 -1.92188e-15 1.29683e-14 1.14706e-14
1.1 0.662091 1.83066e-15 0.338436 -1.97767e-15 1.31396e-14 1.00677e-14
1.2 0.690875 2.05467e-15 0.309651 -2.18074e-15 1.3314e-14 9.2279e-15
1.3 0.715957 2.24758e-15 0.284539 -2.33991e-15 1.3142e-14 8.81263e-15
1.4 0.739411 2.49244e-15 0.261069 -2.52923e-15 1.23489e-14 8.69332e-15
1.5 0.762551 2.46689e-15 0.2379 -2.51215e-15 1.16014e-14 8.55861e-15
1.6 0.78591 2.21277e-15 0.214522 -2.26803e-15 1.06544e-14 8.28094e-15
1.7 0.809265 1.78236e-15 0.191174 -1.86451e-15 9.94202e-15 7.8155e-15
1.8 0.831844 1.41976e-15 0.168606 -1.4464e-15 9.44158e-15 7.01839e-15
1.9 0.852948 1.10452e-15 0.147529 -1.12362e-15 9.14922e-15 6.15359e-15
2 0.871649 9.15492e-16 0.128864 -9.37789e-16 9.08146e-15 5.26495e-15
2.1 0.887351 8.04704e-16 0.113199 -8.64451e-16 9.28536e-15 4.38598e-15
2.2 0.899866 7.0337e-16 0.100704 -7.61805e-16 9.67466e-15 4.03822e-15
2.3 0.909922 4.92619e-16 0.0906554 -5.69017e-16 1.00008e-14 3.91895e-15
2.4 0.918789 -3.13871e-18 0.0817969 -7.74372e-17 1.01076e-14 4.43954e-15
2.5 0.927415 -6.94161e-16 0.0731704 6.05545e-16 1.02475e-14 4.91959e-15
