0 0 0 1 0 0 0
0.005 3.97968e-05 1.74277e-15 0.99996 9.58336e-14 2.90359e-13 -4.31585e-14
0.01 0.000159173 8.60007e-15 0.999841 9.39642e-14 5.69685e-13 -8.66014e-14
0.015 0.00035808 1.95042e-14 0.999642 9.28299e-14 8.3817e-13 -1.30492e-13
0.02 0.00063645 3.50862e-14 0.999364 9.16836e-14 1.09584e-12 -1.74425e-13
0.025 0.000994177 5.54902e-14 0.999006 9.05115e-14 1.34271e-12 -2.1852e-13
0.03 0.00143113 8.05492e-14 0.998569 8.93139e-14 1.57886e-12 -2.6275e-13
0.035 0.00194715 1.1037e-13 0.998053 8.80933e-14 1.80433e-12 -3.06987e-13
0.04 0.00254204 1.44967e-13 0.997458 8.68616e-14 2.01921e-12 -3.51213e-13
0.045 0.0032156 1.84556e-13 0.996785 8.56084e-14 2.22356e-12 -3.95358e-13
0.05 0.00396756 2.29215e-13 0.996033 8.43335e-14 2.41748e-12 -4.3933e-13
0.055 0.00479766 2.78676e-13 0.995203 8.30426e-14 2.60105e-12 -4.83047e-13
0.06 0.00570559 3.33615e-13 0.994295 8.17338e-14 2.77441e-12 -5.2641e-13
0.065 0.00669103 3.93356e-13 0.99331 8.04199e-14 2.93767e-12 -5.69405e-13
0.07 0.00775361 4.58519e-13 0.992248 7.90881e-14 3.09092e-12 -6.12082e-13
0.075 0.00889295 5.28752e-13 0.991108 7.77457e-14 3.23426e-12 -6.54293e-13
0.08 0.0101086 6.04105e-13 0.989893 7.63911e-14 3.36783e-12 -6.95987e-13
0.085 0.0114002 6.84266e-13 0.988602 7.50573e-14 3.49175e-12 -7.37171e-13
0.09 0.0127672 7.69416e-13 0.987235 7.37226e-14 3.60617e-12 -7.77722e-13
0.095 0.0142092 8.59995e-13 0.985793 7.23841e-14 3.71124e-12 -8.17717e-13
0.1 0.0157256 9.55729e-13 0.984277 7.10386e-14 3.80712e-12 -8.57141e-13
0.105 0.0173159 1.05636e-12 0.982686 6.96787e-14 3.89399e-12 -8.96016e-13
0.11 0.0189794 1.16204e-12 0.981023 6.82963e-14 3.97212e-12 -9.34064e-13
0.115 0.0207157 1.27307e-12 0.979287 6.69062e-14 4.0416e-12 -9.71406e-13
0.12 0.0225241 1.38892e-12 0.977479 6.55301e-14 4.10261e-12 -1.00806e-12
0.125 0.024404 1.50933e-12 0.975599 6.41605e-14 4.15532e-12 -1.04403e-12
0.13 0.0263546 1.635e-12 0.973648 6.27896e-14 4.19995e-12 -1.07928e-12
0.135 0.0283754 1.76548e-12 0.971628 6.1423e-14 4.23669e-12 -1.11379e-12
0.14 0.0304655 1.89994e-12 0.969538 6.0068e-14 4.2657e-12 -1.14746e-12
0.145 0.0326242 2.0388e-12 0.967379 5.87165e-14 4.28725e-12 -1.18045e-12
0.15 0.0348509 2.18208e-12 0.965152 5.73713e-14 4.30158e-12 -1.21261e-12
0.155 0.0371446 2.32971e-12 0.962859 5.60391e-14 4.30892e-12 -1.24393e-12
0.16 0.0395047 2.48155e-12 0.960499 5.46957e-14 4.30952e-12 -1.27448e-12
0.165 0.0419303 2.63808e-12 0.958073 5.33453e-14 4.30385e-12 -1.30441e-12
0.17 0.0444205 2.79848e-12 0.955583 5.20017e-14 4.29207e-12 -1.33355e-12
0.175 0.0469745 2.96312e-12 0.953029 5.06638e-14 4.27433e-12 -1.36192e-12
0.18 0.0495914 3.13121e-12 0.950412 4.93459e-14 4.2509e-12 -1.38947e-12
0.185 0.0522704 3.30351e-12 0.947733 4.80426e-14 4.22204e-12 -1.41628e-12
0.19 0.0550104 3.47931e-12 0.944993 4.67636e-14 4.18799e-12 -1.44235e-12
0.195 0.0578106 3.65845e-12 0.942193 4.54924e-14 4.14901e-12 -1.46769e-12
0.2 0.06067 3.84102e-12 0.939334 4.4234e-14 4.10536e-12 -1.49239e-12
0.205 0.0635877 4.0266e-12 0.936416 4.29857e-14 4.05732e-12 -1.51643e-12
0.21 0.0665626 4.21541e-12 0.933441 4.17448e-14 4.00512e-12 -1.53976e-12
0.215 0.0695938 4.40768e-12 0.93041 4.05048e-14 3.94837e-12 -1.56234e-12
0.22 0.0726803 4.60254e-12 0.927323 3.92079e-14 3.88759e-12 -1.58398e-12
0.225 0.075821 4.80027e-12 0.924183 3.78926e-14 3.82286e-12 -1.60456e-12
0.23 0.0790149 5.00049e-12 0.920989 3.65509e-14 3.7542e-12 -1.62402e-12
0.235 0.0822609 5.20352e-12 0.917743 3.51672e-14 3.68306e-12 -1.64252e-12
0.24 0.0855581 5.40874e-12 0.914446 3.37737e-14 3.60877e-12 -1.65998e-12
0.245 0.0889052 5.61609e-12 0.911099 3.23724e-14 3.53158e-12 -1.67641e-12
0.25 0.0923013 5.82596e-12 0.907702 3.1169e-14 3.45162e-12 -1.69193e-12
0.255 0.0957452 6.03757e-12 0.904259 3.01116e-14 3.36913e-12 -1.70658e-12
0.26 0.0992359 6.2495e-12 0.900768 2.91255e-14 3.28467e-12 -1.72033e-12
0.265 0.102772 6.46274e-12 0.897232 2.82123e-14 3.19815e-12 -1.73333e-12
0.27 0.106353 6.6771e-12 0.893651 2.72775e-14 3.10915e-12 -1.74587e-12
0.275 0.109977 6.8926e-12 0.890027 2.6249e-14 3.01879e-12 -1.75715e-12
0.28 0.113643 7.10889e-12 0.88636 2.51728e-14 2.92708e-12 -1.76754e-12
0.285 0.117351 7.32604e-12 0.882653 2.40584e-14 2.83423e-12 -1.77704e-12
0.29 0.121098 7.54343e-12 0.878906 2.28934e-14 2.74049e-12 -1.78571e-12
0.295 0.124884 7.76138e-12 0.875119 2.16444e-14 2.646e-12 -1.7936e-12
0.3 0.128708 7.97965e-12 0.871296 2.03276e-14 2.55094e-12 -1.80083e-12
0.305 0.132569 8.19856e-12 0.867435 1.89448e-14 2.45547e-12 -1.80731e-12
0.31 0.136464 8.4174e-12 0.86354 1.75155e-14 2.3598e-12 -1.81291e-12
0.315 0.140394 8.63536e-12 0.85961 1.60579e-14 2.26409e-12 -1.81769e-12
0.32 0.144357 8.8527e-12 0.855647 1.45566e-14 2.16848e-12 -1.82168e-12
0.325 0.148351 9.06994e-12 0.851653 1.30402e-14 2.07315e-12 -1.82497e-12
0.33 0.152376 9.28603e-12 0.847628 1.15342e-14 1.97826e-12 -1.82756e-12
0.335 0.156431 9.50126e-12 0.843573 1.00453e-14 1.88393e-12 -1.82943e-12
0.34 0.160514 9.71524e-12 0.83949 8.54995e-15 1.79024e-12 -1.83056e-12
0.345 0.164624 9.92807e-12 0.83538 6.99987e-15 1.69734e-12 -1.83095e-12
0.35 0.16876 1.01392e-11 0.831244 5.41671e-15 1.60538e-12 -1.83068e-12
0.355 0.17292 1.03485e-11 0.827083 3.78647e-15 1.51447e-12 -1.82984e-12
0.36 0.177105 1.05556e-11 0.822899 2.11787e-15 1.42455e-12 -1.8283e-12
0.365 0.181312 1.07609e-11 0.818692 4.23347e-16 1.33601e-12 -1.82609e-12
0.37 0.18554 1.09629e-11 0.814464 -1.3106e-15 1.24907e-12 -1.82327e-12
0.375 0.189788 1.11625e-11 0.810216 -3.11139e-15 1.1638e-12 -1.81996e-12
0.38 0.194056 1.13596e-11 0.805948 -4.97833e-15 1.08034e-12 -1.81621e-12
0.385 0.198341 1.15539e-11 0.801663 -6.89218e-15 9.98875e-13 -1.81203e-12
0.39 0.202643 1.17453e-11 0.797361 -8.82288e-15 9.1953e-13 -1.8075e-12
0.395 0.20696 1.19334e-11 0.793044 -1.08352e-14 8.42504e-13 -1.80266e-12
0.4 0.211292 1.2118e-11 0.788711 -1.29032e-14 7.6801e-13 -1.79753e-12
0.405 0.215638 1.22989e-11 0.784366 -1.50524e-14 6.96264e-13 -1.79212e-12
0.41 0.219995 1.24761e-11 0.780008 -1.72219e-14 6.27447e-13 -1.78654e-12
0.415 0.224364 1.26493e-11 0.77564 -1.94302e-14 5.61788e-13 -1.78078e-12
0.42 0.228743 1.28185e-11 0.771261 -2.17742e-14 4.99446e-13 -1.77482e-12
0.425 0.233131 1.29836e-11 0.766873 -2.40862e-14 4.40564e-13 -1.76878e-12
0.43 0.237527 1.3144e-11 0.762477 -2.63783e-14 3.8538e-13 -1.7627e-12
0.435 0.24193 1.32997e-11 0.758074 -2.86698e-14 3.34095e-13 -1.7567e-12
0.44 0.246338 1.34505e-11 0.753666 -3.10638e-14 2.8682e-13 -1.75069e-12
0.445 0.250752 1.35969e-11 0.749252 -3.35877e-14 2.43696e-13 -1.74479e-12
0.45 0.255169 1.37388e-11 0.744835 -3.63027e-14 2.04862e-13 -1.73901e-12
0.455 0.259589 1.38756e-11 0.740415 -3.91254e-14 1.70451e-13 -1.73338e-12
0.46 0.26401 1.4007e-11 0.735994 -4.20097e-14 1.40589e-13 -1.72797e-12
0.465 0.268433 1.41329e-11 0.731571 -4.50331e-14 1.15377e-13 -1.72277e-12
0.47 0.272855 1.42533e-11 0.727149 -4.79544e-14 9.49702e-14 -1.71769e-12
0.475 0.277276 1.43684e-11 0.722728 -5.10035e-14 8.02701e-14 -1.71285e-12
0.48 0.281695 1.44777e-11 0.718309 -5.41016e-14 7.07261e-14 -1.70838e-12
0.485 0.28611 1.45804e-11 0.713894 -5.64831e-14 6.56788e-14 -1.70432e-12
0.49 0.290522 1.46733e-11 0.709482 -5.54811e-14 6.46891e-14 -1.70019e-12
0.495 0.294929 1.47569e-11 0.705075 -5.12595e-14 6.70305e-14 -1.69594e-12
0.5 0.29933 1.48317e-11 0.700674 -4.41915e-14 7.21694e-14 -1.69135e-12
0.505 0.303724 1.48971e-11 0.69628 -3.44807e-14 7.97287e-14 -1.68615e-12
0.51 0.308111 1.4954e-11 0.691893 -2.30032e-14 8.91026e-14 -1.68028e-12
0.515 0.312489 1.50029e-11 0.687515 -9.80639e-15 1.00145e-13 -1.67352e-12
0.52 0.316859 1.50434e-11 0.683145 4.84639e-15 1.12718e-13 -1.66578e-12
0.525 0.321218 1.50758e-11 0.678786 2.10461e-14 1.26782e-13 -1.65689e-12
0.53 0.325566 1.51004e-11 0.674438 3.81606e-14 1.42401e-13 -1.64678e-12
0.535 0.329903 1.51174e-11 0.670101 5.61169e-14 1.59807e-13 -1.63537e-12
0.54 0.334227 1.5127e-11 0.665777 7.46515e-14 1.79014e-13 -1.62281e-12
0.545 0.338538 1.513e-11 0.661466 9.32677e-14 1.99252e-13 -1.6093e-12
0.55 0.342835 1.51263e-11 0.657169 1.12201e-13 2.20512e-13 -1.59476e-12
0.555 0.347118 1.51152e-11 0.652887 1.3141e-13 2.42828e-13 -1.57928e-12
0.56 0.351385 1.50971e-11 0.648619 1.50801e-13 2.66344e-13 -1.56287e-12
0.565 0.355636 1.50737e-11 0.644368 1.69895e-13 2.91455e-13 -1.54541e-12
0.57 0.35987 1.50434e-11 0.640134 1.89138e-13 3.18386e-13 -1.52685e-12
0.575 0.364088 1.50062e-11 0.635917 2.08664e-13 3.47395e-13 -1.50757e-12
0.58 0.368287 1.49618e-11 0.631717 2.28418e-13 3.78931e-13 -1.48764e-12
0.585 0.372467 1.4905e-11 0.627537 2.47975e-13 4.13312e-13 -1.46691e-12
0.59 0.376629 1.4841e-11 0.623376 2.6765e-13 4.51037e-13 -1.44567e-12
0.595 0.38077 1.47691e-11 0.619234 2.87413e-13 4.92564e-13 -1.42409e-12
0.6 0.384891 1.46896e-11 0.615113 3.07207e-13 5.38644e-13 -1.40253e-12
0.605 0.388992 1.46011e-11 0.611013 3.28332e-13 5.90002e-13 -1.38055e-12
0.61 0.39307 1.45041e-11 0.606934 3.50544e-13 6.47747e-13 -1.35712e-12
0.615 0.397127 1.43984e-11 0.602877 3.73558e-13 7.13013e-13 -1.33141e-12
0.62 0.401162 1.42855e-11 0.598843 3.96855e-13 7.86358e-13 -1.30293e-12
0.625 0.405173 1.41629e-11 0.594831 4.22645e-13 8.68134e-13 -1.27053e-12
0.63 0.409161 1.40323e-11 0.590843 4.48893e-13 9.58338e-13 -1.23326e-12
0.635 0.413125 1.38948e-11 0.586879 4.74775e-13 1.05697e-12 -1.19041e-12
0.64 0.417065 1.37509e-11 0.582939 4.99545e-13 1.16383e-12 -1.14135e-12
0.645 0.42098 1.36015e-11 0.579024 5.22505e-13 1.27883e-12 -1.08588e-12
0.65 0.42487 1.34479e-11 0.575135 5.42945e-13 1.40181e-12 -1.02383e-12
0.655 0.428734 1.32898e-11 0.57127 5.60287e-13 1.5325e-12 -9.55363e-13
0.66 0.432573 1.31281e-11 0.567432 5.73802e-13 1.67075e-12 -8.80632e-13
0.665 0.436385 1.29629e-11 0.563619 5.83076e-13 1.81612e-12 -7.99938e-13
0.67 0.440171 1.2795e-11 0.559834 5.87408e-13 1.96828e-12 -7.13903e-13
0.675 0.44393 1.26263e-11 0.556075 5.86234e-13 2.12689e-12 -6.23205e-13
0.68 0.447661 1.24561e-11 0.552343 5.78988e-13 2.29166e-12 -5.28791e-13
0.685 0.451365 1.22852e-11 0.548639 5.65295e-13 2.46225e-12 -4.31674e-13
0.69 0.455042 1.21142e-11 0.544963 5.44639e-13 2.63835e-12 -3.32855e-13
0.695 0.45869 1.19429e-11 0.541315 5.16584e-13 2.81961e-12 -2.33388e-13
0.7 0.46231 1.17723e-11 0.537695 4.80782e-13 3.00576e-12 -1.34483e-13
0.705 0.465902 1.16026e-11 0.534103 4.36913e-13 3.19649e-12 -3.7217e-14
0.71 0.469464 1.1434e-11 0.53054 3.84636e-13 3.39153e-12 5.72449e-14
0.715 0.472998 1.12672e-11 0.527006 3.23623e-13 3.59064e-12 1.47801e-13
0.72 0.476503 1.11025e-11 0.523501 2.53529e-13 3.79343e-12 2.33302e-13
0.725 0.479979 1.09402e-11 0.520026 1.74041e-13 3.99956e-12 3.12673e-13
0.73 0.483425 1.07805e-11 0.51658 8.49605e-14 4.20869e-12 3.848e-13
0.735 0.486842 1.06238e-11 0.513163 -1.4018e-14 4.42049e-12 4.48523e-13
0.74 0.490229 1.04704e-11 0.509776 -1.23167e-13 4.63476e-12 5.02634e-13
0.745 0.493586 1.03208e-11 0.506419 -2.42758e-13 4.85128e-12 5.46153e-13
0.75 0.496914 1.0175e-11 0.503091 -3.73073e-13 5.06969e-12 5.78178e-13
0.755 0.500211 1.00338e-11 0.499794 -5.14404e-13 5.28953e-12 5.9799e-13
0.76 0.503479 9.89983e-12 0.496526 -6.68392e-13 5.51201e-12 6.03149e-13
0.765 0.506716 9.77098e-12 0.493289 -8.33936e-13 5.73489e-12 5.94865e-13
0.77 0.509923 9.64827e-12 0.490082 -1.01145e-12 5.9577e-12 5.72373e-13
0.775 0.5131 9.53151e-12 0.486905 -1.20088e-12 6.17984e-12 5.35688e-13
0.78 0.516247 9.42067e-12 0.483758 -1.40236e-12 6.39901e-12 4.85905e-13
0.785 0.519364 9.31637e-12 0.480641 -1.61618e-12 6.617e-12 4.21821e-13
0.79 0.52245 9.21884e-12 0.477555 -1.84254e-12 6.83342e-12 3.43429e-13
0.795 0.525507 9.12526e-12 0.474499 -2.08157e-12 7.048e-12 2.50916e-13
0.8 0.528533 9.03922e-12 0.471472 -2.33377e-12 7.26061e-12 1.44275e-13
0.805 0.531529 8.9617e-12 0.468476 -2.59962e-12 7.4709e-12 2.33735e-14
0.81 0.534495 8.89224e-12 0.46551 -2.87943e-12 7.67875e-12 -1.11512e-13
0.815 0.537431 8.83197e-12 0.462574 -3.1738e-12 7.88374e-12 -2.60348e-13
0.82 0.540337 8.78157e-12 0.459668 -3.48328e-12 8.0857e-12 -4.22991e-13
0.825 0.543213 8.74183e-12 0.456792 -3.80838e-12 8.28446e-12 -5.991e-13
0.83 0.54606 8.71345e-12 0.453946 -4.14965e-12 8.47996e-12 -7.88116e-13
0.835 0.548877 8.69388e-12 0.451129 -4.50761e-12 8.67208e-12 -9.89519e-13
0.84 0.551664 8.68611e-12 0.448342 -4.88257e-12 8.8607e-12 -1.20275e-12
0.845 0.554422 8.69127e-12 0.445584 -5.27559e-12 9.0458e-12 -1.42746e-12
0.85 0.55715 8.70999e-12 0.442855 -5.6874e-12 9.22745e-12 -1.663e-12
0.855 0.55985 8.74351e-12 0.440156 -6.11872e-12 9.40561e-12 -1.90865e-12
0.86 0.56252 8.7924e-12 0.437486 -6.5702e-12 9.5803e-12 -2.16359e-12
0.865 0.565161 8.85768e-12 0.434844 -7.04254e-12 9.75167e-12 -2.42713e-12
0.87 0.567774 8.93992e-12 0.432232 -7.5364e-12 9.91998e-12 -2.69837e-12
0.875 0.570358 9.04003e-12 0.429647 -8.05243e-12 1.00855e-11 -2.97636e-12
0.88 0.572914 9.15876e-12 0.427091 -8.59132e-12 1.02485e-11 -3.26025e-12
0.885 0.575442 9.29659e-12 0.424564 -9.1537e-12 1.04096e-11 -3.54918e-12
0.89 0.577942 9.45458e-12 0.422064 -9.74032e-12 1.05683e-11 -3.84123e-12
0.895 0.580414 9.63356e-12 0.419592 -1.03518e-11 1.07246e-11 -4.13516e-12
0.9 0.582859 9.83464e-12 0.417147 -1.09888e-11 1.08785e-11 -4.42985e-12
0.905 0.585276 1.00587e-11 0.41473 -1.16519e-11 1.10303e-11 -4.72431e-12
0.91 0.587666 1.03062e-11 0.41234 -1.23418e-11 1.118e-11 -5.0175e-12
0.915 0.590029 1.05764e-11 0.409977 -1.3059e-11 1.13277e-11 -5.30867e-12
0.92 0.592365 1.08712e-11 0.407641 -1.38041e-11 1.14735e-11 -5.59713e-12
0.925 0.594676 1.11914e-11 0.405331 -1.45777e-11 1.16182e-11 -5.88151e-12
0.93 0.596959 1.15376e-11 0.403047 -1.53803e-11 1.17615e-11 -6.16172e-12
0.935 0.599217 1.19105e-11 0.400789 -1.62125e-11 1.19047e-11 -6.43736e-12
0.94 0.60145 1.23105e-11 0.398556 -1.70747e-11 1.20491e-11 -6.70817e-12
0.945 0.603657 1.27385e-11 0.396349 -1.79675e-11 1.21959e-11 -6.97388e-12
0.95 0.605839 1.31947e-11 0.394168 -1.88912e-11 1.2346e-11 -7.23447e-12
0.955 0.607996 1.368e-11 0.392011 -1.98465e-11 1.25005e-11 -7.48998e-12
0.96 0.610128 1.41949e-11 0.389878 -2.08336e-11 1.26603e-11 -7.74062e-12
0.965 0.612236 1.47401e-11 0.38777 -2.18531e-11 1.28262e-11 -7.98663e-12
0.97 0.61432 1.53161e-11 0.385686 -2.29054e-11 1.2999e-11 -8.22824e-12
0.975 0.61638 1.59233e-11 0.383626 -2.39908e-11 1.31793e-11 -8.46575e-12
0.98 0.618417 1.65624e-11 0.381589 -2.51098e-11 1.33678e-11 -8.69952e-12
0.985 0.620431 1.72341e-11 0.379575 -2.62627e-11 1.35651e-11 -8.92984e-12
0.99 0.622422 1.79383e-11 0.377584 -2.74497e-11 1.37714e-11 -9.15708e-12
0.995 0.62439 1.86759e-11 0.375616 -2.86712e-11 1.39874e-11 -9.3815e-12
1 0.626337 1.94472e-11 0.37367 -2.99275e-11 1.42133e-11 -9.60351e-12
1.005 0.628261 2.02524e-11 0.371745 -3.12187e-11 1.44493e-11 -9.82338e-12
1.01 0.630163 2.10928e-11 0.369843 -3.2545e-11 1.46956e-11 -1.00415e-11
1.015 0.632045 2.19679e-11 0.367961 -3.39066e-11 1.49523e-11 -1.02582e-11
1.02 0.633905 2.2878e-11 0.366101 -3.53036e-11 1.52193e-11 -1.0474e-11
1.025 0.635745 2.38231e-11 0.364261 -3.6736e-11 1.54967e-11 -1.06895e-11
1.03 0.637564 2.48035e-11 0.362442 -3.82039e-11 1.57842e-11 -1.09051e-11
1.035 0.639363 2.58195e-11 0.360643 -3.97071e-11 1.60815e-11 -1.11216e-11
1.04 0.641143 2.68711e-11 0.358863 -4.12457e-11 1.63885e-11 -1.13395e-11
1.045 0.642903 2.79584e-11 0.357103 -4.28194e-11 1.67047e-11 -1.15594e-11
1.05 0.644644 2.90812e-11 0.355362 -4.44281e-11 1.70298e-11 -1.1782e-11
1.055 0.646367 3.02468e-11 0.353639 -4.60707e-11 1.73666e-11 -1.20067e-11
1.06 0.648071 3.14487e-11 0.351935 -4.77479e-11 1.77085e-11 -1.22373e-11
1.065 0.649757 3.26869e-11 0.350249 -4.94593e-11 1.80573e-11 -1.24714e-11
1.07 0.651425 3.39617e-11 0.348581 -5.12046e-11 1.84125e-11 -1.27094e-11
1.075 0.653076 3.52725e-11 0.34693 -5.29834e-11 1.87735e-11 -1.29518e-11
1.08 0.65471 3.6615e-11 0.345296 -5.47952e-11 1.91398e-11 -1.31993e-11
1.085 0.656327 3.79815e-11 0.343679 -5.66398e-11 1.951e-11 -1.34533e-11
1.09 0.657928 3.93796e-11 0.342078 -5.85165e-11 1.98849e-11 -1.37131e-11
1.095 0.659512 4.08114e-11 0.340493 -6.04241e-11 2.02624e-11 -1.39796e-11
1.1 0.661081 4.22766e-11 0.338925 -6.2362e-11 2.06414e-11 -1.42536e-11
1.105 0.662635 4.37697e-11 0.337371 -6.43292e-11 2.10208e-11 -1.45359e-11
1.11 0.664173 4.52941e-11 0.335833 -6.63249e-11 2.13967e-11 -1.48301e-11
1.115 0.665697 4.68495e-11 0.334309 -6.8348e-11 2.1769e-11 -1.51357e-11
1.12 0.667206 4.84348e-11 0.3328 -7.03975e-11 2.21374e-11 -1.54524e-11
1.125 0.668701 5.00491e-11 0.331305 -7.24723e-11 2.25014e-11 -1.57803e-11
1.13 0.670183 5.16914e-11 0.329823 -7.45714e-11 2.28603e-11 -1.61191e-11
1.135 0.67165 5.33609e-11 0.328355 -7.66937e-11 2.32134e-11 -1.6469e-11
1.14 0.673105 5.50566e-11 0.326901 -7.88383e-11 2.35597e-11 -1.68301e-11
1.145 0.674547 5.67777e-11 0.325459 -8.10039e-11 2.38986e-11 -1.72024e-11
1.15 0.675977 5.85231e-11 0.324029 -8.31895e-11 2.42292e-11 -1.75861e-11
1.155 0.677394 6.02919e-11 0.322612 -8.5394e-11 2.45593e-11 -1.79861e-11
1.16 0.6788 6.20832e-11 0.321206 -8.76161e-11 2.49045e-11 -1.84106e-11
1.165 0.680194 6.38957e-11 0.319812 -8.98546e-11 2.52782e-11 -1.88671e-11
1.17 0.681576 6.57288e-11 0.318429 -9.21084e-11 2.56925e-11 -1.93628e-11
1.175 0.682948 6.75808e-11 0.317057 -9.43762e-11 2.61577e-11 -1.99037e-11
1.18 0.68431 6.94512e-11 0.315696 -9.66567e-11 2.66827e-11 -2.04954e-11
1.185 0.685661 7.13385e-11 0.314345 -9.89487e-11 2.72745e-11 -2.11422e-11
1.19 0.687002 7.32417e-11 0.313004 -1.01251e-10 2.79388e-11 -2.18477e-11
1.195 0.688333 7.51599e-11 0.311673 -1.03562e-10 2.86797e-11 -2.2614e-11
1.2 0.689655 7.70919e-11 0.310351 -1.05881e-10 2.95e-11 -2.34425e-11
1.205 0.690968 7.90365e-11 0.309038 -1.08206e-10 3.04014e-11 -2.43331e-11
1.21 0.692272 8.09931e-11 0.307733 -1.10536e-10 3.13842e-11 -2.52847e-11
1.215 0.693568 8.29603e-11 0.306438 -1.12871e-10 3.24477e-11 -2.6295e-11
1.22 0.694855 8.49373e-11 0.30515 -1.15208e-10 3.35902e-11 -2.73606e-11
1.225 0.696135 8.69233e-11 0.303871 -1.17547e-10 3.48093e-11 -2.84771e-11
1.23 0.697407 8.89171e-11 0.302599 -1.19887e-10 3.61017e-11 -2.96392e-11
1.235 0.698672 9.09183e-11 0.301334 -1.22226e-10 3.74635e-11 -3.08407e-11
1.24 0.699929 9.2926e-11 0.300076 -1.24565e-10 3.88905e-11 -3.20745e-11
1.245 0.70118 9.49396e-11 0.298826 -1.269e-10 4.03777e-11 -3.33329e-11
1.25 0.702424 9.69582e-11 0.297582 -1.29233e-10 4.19198e-11 -3.46077e-11
1.255 0.703662 9.89812e-11 0.296344 -1.31562e-10 4.35114e-11 -3.58901e-11
1.26 0.704894 1.01008e-10 0.295112 -1.33885e-10 4.51468e-11 -3.7171e-11
1.265 0.70612 1.03038e-10 0.293886 -1.36204e-10 4.68201e-11 -3.8441e-11
1.27 0.70734 1.05071e-10 0.292665 -1.38515e-10 4.85252e-11 -3.96905e-11
1.275 0.708556 1.07105e-10 0.29145 -1.4082e-10 5.02562e-11 -4.09098e-11
1.28 0.709766 1.09142e-10 0.29024 -1.43116e-10 5.20072e-11 -4.20891e-11
1.285 0.710971 1.11179e-10 0.289034 -1.45404e-10 5.37722e-11 -4.32188e-11
1.29 0.712172 1.13217e-10 0.287833 -1.47682e-10 5.55454e-11 -4.42894e-11
1.295 0.713369 1.15254e-10 0.286636 -1.49949e-10 5.7321e-11 -4.52913e-11
1.3 0.714561 1.17292e-10 0.285444 -1.52206e-10 5.90935e-11 -4.62157e-11
1.305 0.71575 1.19327e-10 0.284255 -1.54451e-10 6.08576e-11 -4.70538e-11
1.31 0.716935 1.21361e-10 0.28307 -1.56683e-10 6.26081e-11 -4.77972e-11
1.315 0.718116 1.23393e-10 0.281889 -1.58902e-10 6.434e-11 -4.84379e-11
1.32 0.719295 1.25421e-10 0.280711 -1.61106e-10 6.60488e-11 -4.89685e-11
1.325 0.72047 1.27446e-10 0.279535 -1.63295e-10 6.77294e-11 -4.93826e-11
1.33 0.721642 1.29466e-10 0.278363 -1.65468e-10 6.93774e-11 -4.96739e-11
1.335 0.722812 1.31481e-10 0.277193 -1.67624e-10 7.09891e-11 -4.98366e-11
1.34 0.723979 1.33489e-10 0.276026 -1.69762e-10 7.25605e-11 -4.98656e-11
1.345 0.725144 1.35491e-10 0.274861 -1.7188e-10 7.40882e-11 -4.97564e-11
1.35 0.726307 1.37484e-10 0.273698 -1.73978e-10 7.5569e-11 -4.95051e-11
1.355 0.727467 1.39468e-10 0.272538 -1.76055e-10 7.69997e-11 -4.91087e-11
1.36 0.728626 1.41442e-10 0.271379 -1.78109e-10 7.83776e-11 -4.85648e-11
1.365 0.729784 1.43396e-10 0.270221 -1.80131e-10 7.94838e-11 -4.73451e-11
1.37 0.73094 1.45321e-10 0.269065 -1.82111e-10 8.05485e-11 -4.60228e-11
1.375 0.732094 1.47213e-10 0.267911 -1.84046e-10 8.15652e-11 -4.45846e-11
1.38 0.733248 1.49069e-10 0.266757 -1.85932e-10 8.25274e-11 -4.30188e-11
1.385 0.7344 1.50891e-10 0.265605 -1.87768e-10 8.34286e-11 -4.13155e-11
1.39 0.735552 1.52674e-10 0.264453 -1.8955e-10 8.42634e-11 -3.94659e-11
1.395 0.736702 1.54414e-10 0.263303 -1.91278e-10 8.50264e-11 -3.74628e-11
1.4 0.737852 1.56111e-10 0.262153 -1.92948e-10 8.57121e-11 -3.53006e-11
1.405 0.739002 1.57762e-10 0.261003 -1.9456e-10 8.63156e-11 -3.29746e-11
1.41 0.740151 1.59367e-10 0.259854 -1.96113e-10 8.6832e-11 -3.04817e-11
1.415 0.7413 1.60924e-10 0.258705 -1.97605e-10 8.72572e-11 -2.78196e-11
1.42 0.742448 1.62433e-10 0.257557 -1.99035e-10 8.75868e-11 -2.49872e-11
1.425 0.743597 1.63892e-10 0.256408 -2.00403e-10 8.78172e-11 -2.19843e-11
1.43 0.744745 1.653e-10 0.25526 -2.01707e-10 8.79441e-11 -1.88117e-11
1.435 0.745893 1.66655e-10 0.254111 -2.02945e-10 8.79552e-11 -1.54774e-11
1.44 0.747042 1.67957e-10 0.252963 -2.04115e-10 8.78485e-11 -1.19824e-11
1.445 0.748191 1.69205e-10 0.251814 -2.05219e-10 8.76217e-11 -8.38675e-12
1.45 0.74934 1.70399e-10 0.250665 -2.06255e-10 8.72724e-11 -4.68011e-12
1.455 0.750489 1.71538e-10 0.249515 -2.07224e-10 8.67985e-11 -8.54521e-13
1.46 0.751639 1.72622e-10 0.248365 -2.08125e-10 8.61981e-11 3.09603e-12
1.465 0.75279 1.73651e-10 0.247215 -2.08959e-10 8.54695e-11 7.17573e-12
1.47 0.75394 1.74625e-10 0.246064 -2.09725e-10 8.46109e-11 1.13873e-11
1.475 0.755092 1.75545e-10 0.244913 -2.10424e-10 8.36205e-11 1.57322e-11
1.48 0.756244 1.7641e-10 0.243761 -2.11056e-10 8.24967e-11 2.02106e-11
1.485 0.757396 1.7722e-10 0.242608 -2.1162e-10 8.1238e-11 2.48218e-11
1.49 0.75855 1.77975e-10 0.241455 -2.12117e-10 7.98426e-11 2.9564e-11
1.495 0.759704 1.78674e-10 0.240301 -2.12546e-10 7.77739e-11 3.38788e-11
1.5 0.760858 1.79318e-10 0.239146 -2.12908e-10 7.46272e-11 3.7365e-11
1.505 0.762014 1.79906e-10 0.237991 -2.13201e-10 7.05297e-11 4.01565e-11
1.51 0.76317 1.80437e-10 0.236835 -2.13426e-10 6.56022e-11 4.2378e-11
1.515 0.764327 1.80911e-10 0.235678 -2.13582e-10 5.99589e-11 4.41448e-11
1.52 0.765484 1.81327e-10 0.23452 -2.13667e-10 5.37075e-11 4.5563e-11
1.525 0.766643 1.81682e-10 0.233362 -2.1368e-10 4.69494e-11 4.67291e-11
1.53 0.767802 1.81976e-10 0.232203 -2.13621e-10 3.97798e-11 4.77299e-11
1.535 0.768961 1.82207e-10 0.231043 -2.13487e-10 3.22879e-11 4.86418e-11
1.54 0.770122 1.82372e-10 0.229883 -2.13275e-10 2.45566e-11 4.953e-11
1.545 0.771283 1.8248e-10 0.228722 -2.12993e-10 1.66629e-11 5.04442e-11
1.55 0.772444 1.82536e-10 0.22756 -2.12647e-10 8.66757e-12 5.14292e-11
1.555 0.773607 1.82539e-10 0.226398 -2.12234e-10 6.37714e-13 5.25194e-11
1.56 0.774769 1.82481e-10 0.225235 -2.11748e-10 -7.38113e-12 5.37141e-11
1.565 0.775933 1.82364e-10 0.224072 -2.1119e-10 -1.53235e-11 5.50533e-11
1.57 0.777096 1.82183e-10 0.222908 -2.10556e-10 -2.30032e-11 5.6317e-11
1.575 0.778261 1.81935e-10 0.221744 -2.09842e-10 -3.02277e-11 5.73007e-11
1.58 0.779425 1.81616e-10 0.220579 -2.09044e-10 -3.69609e-11 5.80806e-11
1.585 0.78059 1.81219e-10 0.219414 -2.08157e-10 -4.31744e-11 5.87208e-11
1.59 0.781756 1.8074e-10 0.218249 -2.07175e-10 -4.8848e-11 5.92718e-11
1.595 0.782921 1.80173e-10 0.217084 -2.06092e-10 -5.39705e-11 5.97688e-11
1.6 0.784087 1.79512e-10 0.215918 -2.04902e-10 -5.85414e-11 6.02279e-11
1.605 0.785252 1.78748e-10 0.214752 -2.03599e-10 -6.25726e-11 6.06427e-11
1.61 0.786418 1.77875e-10 0.213587 -2.02175e-10 -6.69031e-11 6.04644e-11
1.615 0.787583 1.76885e-10 0.212421 -2.00622e-10 -7.21521e-11 5.92405e-11
1.62 0.788749 1.75771e-10 0.211256 -1.98933e-10 -7.81521e-11 5.711e-11
1.625 0.789914 1.74523e-10 0.210091 -1.97099e-10 -8.47451e-11 5.42081e-11
1.63 0.791079 1.73133e-10 0.208926 -1.95113e-10 -9.15314e-11 5.0322e-11
1.635 0.792243 1.71594e-10 0.207761 -1.92968e-10 -9.81162e-11 4.53186e-11
1.64 0.793407 1.69897e-10 0.206598 -1.90655e-10 -1.04435e-10 3.94129e-11
1.645 0.79457 1.68036e-10 0.205434 -1.88168e-10 -1.10432e-10 3.28097e-11
1.65 0.795733 1.66029e-10 0.204272 -1.85516e-10 -1.31082e-10 1.30422e-11
1.655 0.796895 1.63849e-10 0.20311 -1.82683e-10 -1.49139e-10 -5.61874e-12
1.66 0.798056 1.61493e-10 0.201949 -1.79668e-10 -1.64799e-10 -2.31366e-11
1.665 0.799216 1.58963e-10 0.200789 -1.76473e-10 -1.78429e-10 -3.95138e-11
1.67 0.800374 1.56265e-10 0.19963 -1.73106e-10 -1.89633e-10 -5.44463e-11
1.675 0.801532 1.53991e-10 0.198472 -1.70153e-10 -1.85495e-10 -6.41806e-11
1.68 0.802688 1.52621e-10 0.197316 -1.68095e-10 -1.81579e-10 -7.39903e-11
1.685 0.803843 1.52014e-10 0.196161 -1.66792e-10 -1.77796e-10 -8.39744e-11
1.69 0.804996 1.52038e-10 0.195008 -1.66116e-10 -1.74148e-10 -9.38604e-11
1.695 0.806148 1.5246e-10 0.193856 -1.65832e-10 -1.67431e-10 -1.01752e-10
1.7 0.807298 1.53068e-10 0.192707 -1.65734e-10 -1.61561e-10 -1.09501e-10
1.705 0.808446 1.53788e-10 0.191559 -1.65751e-10 -1.56441e-10 -1.16848e-10
1.71 0.809592 1.54557e-10 0.190413 -1.65824e-10 -1.51965e-10 -1.23555e-10
1.715 0.810736 1.55322e-10 0.189269 -1.65905e-10 -1.48016e-10 -1.29398e-10
1.72 0.811878 1.5561e-10 0.188127 -1.65517e-10 -1.32083e-10 -1.28199e-10
1.725 0.813017 1.55016e-10 0.186987 -1.64256e-10 -1.19498e-10 -1.2732e-10
1.73 0.814155 1.53621e-10 0.18585 -1.62206e-10 -1.09924e-10 -1.26485e-10
1.735 0.815289 1.51513e-10 0.184715 -1.59458e-10 -1.0291e-10 -1.25415e-10
1.74 0.816421 1.48793e-10 0.183583 -1.56113e-10 -9.79655e-11 -1.23769e-10
1.745 0.817551 1.45569e-10 0.182454 -1.52284e-10 -9.46626e-11 -1.21291e-10
1.75 0.818677 1.41961e-10 0.181327 -1.48094e-10 -9.19496e-11 -1.18327e-10
1.755 0.819801 1.38104e-10 0.180204 -1.43677e-10 -8.90142e-11 -1.15191e-10
1.76 0.820921 1.34145e-10 0.179083 -1.39186e-10 -8.57835e-11 -1.11812e-10
1.765 0.822038 1.30251e-10 0.177966 -1.34788e-10 -8.21871e-11 -1.08136e-10
1.77 0.823152 1.26609e-10 0.176852 -1.30673e-10 -7.8159e-11 -1.04122e-10
1.775 0.824263 1.23431e-10 0.175742 -1.27056e-10 -7.364e-11 -9.97437e-11
1.78 0.82537 1.20959e-10 0.174635 -1.24184e-10 -6.85808e-11 -9.49906e-11
1.785 0.826473 1.19473e-10 0.173532 -1.22343e-10 -6.29456e-11 -8.98664e-11
1.79 0.827572 1.19286e-10 0.172432 -1.21864e-10 -5.67172e-11 -8.4389e-11
1.795 0.828668 1.20744e-10 0.171337 -1.23109e-10 -4.9902e-11 -7.85886e-11
1.8 0.82976 1.24155e-10 0.170245 -1.26395e-10 -4.25294e-11 -7.25018e-11
1.805 0.830847 1.27422e-10 0.169158 -1.29581e-10 -3.48013e-11 -6.63275e-11
1.81 0.83193 1.28706e-10 0.168074 -1.30807e-10 -2.6559e-11 -5.98614e-11
1.815 0.833009 1.28523e-10 0.166996 -1.30581e-10 -1.77227e-11 -5.30808e-11
1.82 0.834083 1.2723e-10 0.165921 -1.29253e-10 -8.3573e-12 -4.5954e-11
1.825 0.835153 1.25059e-10 0.164852 -1.27053e-10 1.45406e-12 -3.84819e-11
1.83 0.836218 1.22174e-10 0.163787 -1.24146e-10 1.16101e-11 -3.07933e-11
1.835 0.837278 1.18699e-10 0.162727 -1.20653e-10 2.20212e-11 -2.30099e-11
1.84 0.838333 1.14734e-10 0.161672 -1.16674e-10 3.26597e-11 -1.52156e-11
1.845 0.839383 1.10359e-10 0.160621 -1.12288e-10 4.34993e-11 -7.49095e-12
1.85 0.840428 1.05628e-10 0.159577 -1.07548e-10 5.6133e-11 1.20489e-12
1.855 0.841468 1.00566e-10 0.158537 -1.02479e-10 6.85787e-11 9.40502e-12
1.86 0.842502 9.5197e-11 0.157503 -9.71036e-11 8.06929e-11 1.71073e-11
1.865 0.843531 8.95467e-11 0.156474 -9.14472e-11 9.23699e-11 2.43154e-11
1.87 0.844554 8.36398e-11 0.155451 -8.55349e-11 1.03645e-10 3.09978e-11
1.875 0.845571 7.75019e-11 0.154433 -7.93922e-11 1.14552e-10 3.71211e-11
1.88 0.846583 7.11588e-11 0.153421 -7.30448e-11 1.25124e-10 4.26507e-11
1.885 0.847589 6.46367e-11 0.152415 -6.65187e-11 1.35391e-10 4.75506e-11
1.89 0.848589 5.79616e-11 0.151415 -5.984e-11 1.45381e-10 5.17848e-11
1.895 0.849583 5.11595e-11 0.150421 -5.30347e-11 1.55121e-10 5.53167e-11
1.9 0.850571 4.42565e-11 0.149434 -4.61289e-11 1.64635e-10 5.811e-11
1.905 0.851553 3.72786e-11 0.148452 -3.91484e-11 1.74016e-10 6.01277e-11
1.91 0.852528 3.02516e-11 0.147477 -3.21191e-11 1.83326e-10 6.13401e-11
1.915 0.853497 2.32012e-11 0.146507 -2.50667e-11 1.92557e-10 6.16936e-11
1.92 0.85446 1.61528e-11 0.145545 -1.80165e-11 2.01699e-10 6.11422e-11
1.925 0.855416 9.13156e-12 0.144589 -1.09937e-11 2.10743e-10 5.96499e-11
1.93 0.856365 2.16163e-12 0.143639 -4.02259e-12 2.19679e-10 5.71914e-11
1.935 0.857308 -4.7336e-12 0.142696 2.87358e-12 2.28495e-10 5.37416e-11
1.94 0.858244 -1.15312e-11 0.14176 9.67187e-12 2.37178e-10 4.92821e-11
1.945 0.859174 -1.82162e-11 0.140831 1.6362e-11 2.42133e-10 4.72588e-11
1.95 0.860096 -2.47563e-11 0.139908 2.29072e-11 2.48212e-10 4.3382e-11
1.955 0.861012 -3.11299e-11 0.138992 2.92859e-11 2.55213e-10 3.77619e-11
1.96 0.861921 -3.7316e-11 0.138084 3.54768e-11 2.6295e-10 3.04804e-11
1.965 0.862822 -4.32912e-11 0.137182 4.14568e-11 2.7125e-10 2.16226e-11
1.97 0.863717 -4.90351e-11 0.136287 4.7205e-11 2.79949e-10 1.1302e-11
1.975 0.864605 -5.453e-11 0.1354 5.27041e-11 2.88898e-10 -3.61336e-13
1.98 0.865485 -5.9758e-11 0.134519 5.7936e-11 2.97982e-10 -1.32554e-11
1.985 0.866358 -6.47042e-11 0.133646 6.28858e-11 3.07072e-10 -2.72777e-11
1.99 0.867224 -6.93585e-11 0.13278 6.75435e-11 3.16036e-10 -4.23214e-11
1.995 0.868083 -7.37124e-11 0.131921 7.19004e-11 3.24773e-10 -5.82892e-11
2 0.868934 -7.77574e-11 0.13107 7.59482e-11 3.3319e-10 -7.50872e-11
2.005 0.869779 -8.14857e-11 0.130226 7.96792e-11 3.41204e-10 -9.26249e-11
2.01 0.870615 -8.48897e-11 0.129389 8.30854e-11 3.48739e-10 -1.10815e-10
2.015 0.871445 -8.79612e-11 0.12856 8.61593e-11 3.55727e-10 -1.29572e-10
2.02 0.872267 -9.0692e-11 0.127738 8.88922e-11 3.62111e-10 -1.48815e-10
2.025 0.873081 -9.30756e-11 0.126923 9.12778e-11 3.67837e-10 -1.68464e-10
2.03 0.873888 -9.51024e-11 0.126116 9.33062e-11 3.72861e-10 -1.88439e-10
2.035 0.874688 -9.67577e-11 0.125317 9.49629e-11 3.77151e-10 -2.08668e-10
2.04 0.87548 -9.80923e-11 0.124525 9.62984e-11 3.80657e-10 -2.29068e-10
2.045 0.876264 -9.91542e-11 0.12374 9.73606e-11 3.83328e-10 -2.49309e-10
2.05 0.877041 -9.99551e-11 0.122963 9.81617e-11 3.85076e-10 -2.69628e-10
2.055 0.877811 -1.00504e-10 0.122194 9.87107e-11 3.85928e-10 -2.89988e-10
2.06 0.878573 -1.00777e-10 0.121431 9.89836e-11 3.85852e-10 -3.1031e-10
2.065 0.879327 -1.00741e-10 0.120677 9.89484e-11 3.84856e-10 -3.30544e-10
2.07 0.880075 -1.00369e-10 0.11993 9.85756e-11 3.82998e-10 -3.50845e-10
2.075 0.880814 -9.96219e-11 0.11919 9.78287e-11 3.80233e-10 -3.70938e-10
2.08 0.881546 -9.8464e-11 0.118458 9.66705e-11 3.76573e-10 -3.90782e-10
2.085 0.882271 -9.68597e-11 0.117733 9.50658e-11 3.72032e-10 -4.1034e-10
2.09 0.882988 -9.47541e-11 0.117016 9.29598e-11 3.6663e-10 -4.29578e-10
2.095 0.883698 -9.20519e-11 0.116306 9.02572e-11 3.60385e-10 -4.48465e-10
2.1 0.884401 -8.9335e-11 0.115604 8.7542e-11 3.53295e-10 -4.66937e-10
2.105 0.885096 -8.7104e-11 0.114908 8.53128e-11 3.45422e-10 -4.85024e-10
2.11 0.885784 -8.50597e-11 0.114221 8.32701e-11 3.36864e-10 -5.0264e-10
2.115 0.886464 -8.2965e-11 0.11354 8.11773e-11 3.27651e-10 -5.19748e-10
2.12 0.887138 -8.07408e-11 0.112867 7.8955e-11 3.17783e-10 -5.36331e-10
2.125 0.887804 -7.83173e-11 0.112201 7.65338e-11 3.07266e-10 -5.52376e-10
2.13 0.888462 -7.56346e-11 0.111542 7.38533e-11 2.9611e-10 -5.67878e-10
2.135 0.889114 -7.26409e-11 0.11089 7.0862e-11 2.84328e-10 -5.82836e-10
2.14 0.889759 -6.9293e-11 0.110246 6.75168e-11 2.71936e-10 -5.9724e-10
2.145 0.890396 -6.55557e-11 0.109608 6.37823e-11 2.58952e-10 -6.11081e-10
2.15 0.891026 -6.14044e-11 0.108978 5.9634e-11 2.45353e-10 -6.24457e-10
2.155 0.89165 -5.6824e-11 0.108355 5.50564e-11 2.31122e-10 -6.37435e-10
2.16 0.892266 -5.15764e-11 0.107738 4.98112e-11 2.16317e-10 -6.49934e-10
2.165 0.892876 -4.54907e-11 0.107129 4.3728e-11 2.00949e-10 -6.61977e-10
2.17 0.893479 -3.86547e-11 0.106526 3.68943e-11 1.85056e-10 -6.73528e-10
2.175 0.894074 -3.11512e-11 0.10593 2.9393e-11 1.68679e-10 -6.84546e-10
2.18 0.894664 -2.30591e-11 0.105341 2.13031e-11 1.51861e-10 -6.94999e-10
2.185 0.895246 -1.44548e-11 0.104758 1.27008e-11 1.34641e-10 -7.04872e-10
2.19 0.895822 -5.41072e-12 0.104183 3.65877e-12 1.17052e-10 -7.14154e-10
2.195 0.896391 4.00391e-12 0.103613 -5.75393e-12 9.91321e-11 -7.22839e-10
2.2 0.896954 1.37238e-11 0.10305 -1.54718e-11 8.09237e-11 -7.30928e-10
2.205 0.897511 2.36827e-11 0.102494 -2.54288e-11 6.26194e-11 -7.38393e-10
2.21 0.898061 3.38265e-11 0.101944 -3.55705e-11 4.40357e-11 -7.45281e-10
2.215 0.898605 4.40931e-11 0.1014 -4.58351e-11 2.52246e-11 -7.51594e-10
2.22 0.899142 5.44267e-11 0.100862 -5.61666e-11 6.23487e-12 -7.57347e-10
2.225 0.899674 6.47819e-11 0.100331 -6.65196e-11 -1.28858e-11 -7.62553e-10
2.23 0.900199 7.51249e-11 0.099805 -7.68603e-11 -3.20916e-11 -7.67232e-10
2.235 0.900719 8.54242e-11 0.0992855 -8.71572e-11 -5.13377e-11 -7.71414e-10
2.24 0.901233 9.56424e-11 0.0987719 -9.73729e-11 -7.05968e-11 -7.7513e-10
2.245 0.90174 1.05743e-10 0.0982641 -1.07471e-10 -8.95897e-11 -7.783e-10
2.25 0.902242 1.15645e-10 0.0977621 -1.17373e-10 -1.0857e-10 -7.81143e-10
2.255 0.902739 1.25282e-10 0.0972657 -1.27008e-10 -1.27485e-10 -7.83566e-10
2.26 0.903229 1.34644e-10 0.096775 -1.36369e-10 -1.46284e-10 -7.85613e-10
2.265 0.903715 1.43725e-10 0.0962898 -1.45449e-10 -1.64913e-10 -7.87332e-10
2.27 0.904194 1.52529e-10 0.0958102 -1.54253e-10 -1.83171e-10 -7.88914e-10
2.275 0.904669 1.61043e-10 0.0953359 -1.62766e-10 -2.01308e-10 -7.90185e-10
2.28 0.905138 1.69269e-10 0.094867 -1.70992e-10 -2.19444e-10 -7.91203e-10
2.285 0.905601 1.77225e-10 0.0944033 -1.78948e-10 -2.37253e-10 -7.92046e-10
2.29 0.90606 1.84925e-10 0.0939447 -1.86649e-10 -2.54709e-10 -7.92777e-10
2.295 0.906513 1.92378e-10 0.0934913 -1.94101e-10 -2.71754e-10 -7.93443e-10
2.3 0.906962 1.99585e-10 0.0930429 -2.01309e-10 -2.88351e-10 -7.94065e-10
2.305 0.907405 2.0654e-10 0.0925994 -2.08263e-10 -3.04513e-10 -7.94727e-10
2.31 0.907844 2.13236e-10 0.0921609 -2.14959e-10 -3.20177e-10 -7.95424e-10
2.315 0.908277 2.19666e-10 0.0917271 -2.21388e-10 -3.35353e-10 -7.96304e-10
2.32 0.908706 2.25844e-10 0.0912981 -2.27566e-10 -3.50053e-10 -7.97399e-10
2.325 0.909131 2.31792e-10 0.0908738 -2.33514e-10 -3.64347e-10 -7.98815e-10
2.33 0.90955 2.37511e-10 0.0904542 -2.39232e-10 -3.78242e-10 -8.00603e-10
2.335 0.909965 2.43004e-10 0.0900391 -2.44725e-10 -3.91749e-10 -8.0281e-10
2.34 0.910376 2.48272e-10 0.0896285 -2.49993e-10 -4.04889e-10 -8.05481e-10
2.345 0.910782 2.53318e-10 0.0892222 -2.55038e-10 -4.17683e-10 -8.0866e-10
2.35 0.911184 2.58149e-10 0.0888202 -2.59869e-10 -4.30144e-10 -8.12394e-10
2.355 0.911582 2.62781e-10 0.0884223 -2.64501e-10 -4.42287e-10 -8.16723e-10
2.36 0.911976 2.67232e-10 0.0880285 -2.68952e-10 -4.54132e-10 -8.21674e-10
2.365 0.912366 2.71494e-10 0.0876387 -2.73215e-10 -4.65705e-10 -8.27277e-10
2.37 0.912752 2.75571e-10 0.0872527 -2.77292e-10 -4.77026e-10 -8.33569e-10
2.375 0.913134 2.79494e-10 0.0868704 -2.81215e-10 -4.88103e-10 -8.40578e-10
2.38 0.913513 2.83293e-10 0.0864917 -2.85014e-10 -4.98964e-10 -8.48328e-10
2.385 0.913888 2.86997e-10 0.0861166 -2.88717e-10 -5.09625e-10 -8.56853e-10
2.39 0.91426 2.90632e-10 0.0857449 -2.92353e-10 -5.20125e-10 -8.66181e-10
2.395 0.914628 2.94226e-10 0.0853765 -2.95947e-10 -5.30501e-10 -8.76337e-10
2.4 0.914993 2.97805e-10 0.0850113 -2.99525e-10 -5.40793e-10 -8.87345e-10
2.405 0.915355 3.0139e-10 0.0846493 -3.03111e-10 -5.51041e-10 -8.99213e-10
2.41 0.915714 3.05005e-10 0.0842902 -3.06726e-10 -5.6129e-10 -9.11967e-10
2.415 0.91607 3.08675e-10 0.0839341 -3.10396e-10 -5.71578e-10 -9.25626e-10
2.42 0.916424 3.12419e-10 0.0835809 -3.14141e-10 -5.81952e-10 -9.40181e-10
2.425 0.916774 3.16261e-10 0.0832303 -3.17983e-10 -5.92455e-10 -9.55636e-10
2.43 0.917122 3.20216e-10 0.0828823 -3.21939e-10 -6.03134e-10 -9.71992e-10
2.435 0.917468 3.24304e-10 0.0825368 -3.26027e-10 -6.14035e-10 -9.89247e-10
2.44 0.917811 3.28543e-10 0.0821937 -3.30266e-10 -6.25201e-10 -1.0074e-09
2.445 0.918152 3.32962e-10 0.0818529 -3.34685e-10 -6.36684e-10 -1.02642e-09
2.45 0.91849 3.37582e-10 0.0815142 -3.39306e-10 -6.48518e-10 -1.04635e-09
2.455 0.918827 3.42418e-10 0.0811776 -3.44142e-10 -6.60758e-10 -1.06714e-09
2.46 0.919162 3.47488e-10 0.080843 -3.49211e-10 -6.73455e-10 -1.08879e-09
2.465 0.919494 3.52805e-10 0.0805103 -3.54527e-10 -6.86659e-10 -1.11128e-09
2.47 0.919825 3.58368e-10 0.0801793 -3.60091e-10 -7.00448e-10 -1.1346e-09
2.475 0.920154 3.64175e-10 0.0798501 -3.65898e-10 -7.14883e-10 -1.15869e-09
2.48 0.920482 3.70221e-10 0.0795225 -3.71943e-10 -7.30007e-10 -1.18347e-09
2.485 0.920808 3.76512e-10 0.0791963 -3.78234e-10 -7.4584e-10 -1.20887e-09
2.49 0.921133 3.82995e-10 0.0788714 -3.84717e-10 -7.62417e-10 -1.23481e-09
2.495 0.921457 3.8963e-10 0.0785476 -3.91352e-10 -7.79774e-10 -1.26118e-09
2.5 0.92178 3.96526e-10 0.0782249 -3.98247e-10 -7.97935e-10 -1.28797e-09
