0 0 0 1 0 0 0
0.05 0.0039662 7.30173e-16 0.996034 8.59235e-16 -1.18725e-15 2.81713e-15
0.1 0.015721 1.5107e-15 0.984279 1.05719e-15 -2.06107e-15 5.76395e-15
0.15 0.0348425 2.94572e-15 0.965158 8.75418e-16 -2.58806e-15 8.67697e-15
0.2 0.0606576 3.06626e-15 0.939342 7.46626e-16 -2.76326e-15 1.18138e-14
0.25 0.0922847 3.26228e-15 0.907715 5.70774e-16 -2.62509e-15 1.47497e-14
0.3 0.128687 3.68135e-15 0.871313 1.2406e-16 -2.22331e-15 1.75882e-14
0.35 0.168734 3.99545e-15 0.831266 -2.16717e-16 -1.70589e-15 2.00636e-14
0.4 0.211262 3.79461e-15 0.788738 -4.18587e-16 -1.25191e-15 2.21907e-14
0.45 0.255134 4.036e-15 0.744866 -9.29676e-16 -6.0988e-16 2.38414e-14
0.5 0.299291 4.78973e-15 0.700709 -1.53407e-15 1.36031e-16 2.51518e-14
0.55 0.342793 5.18352e-15 0.657207 -2.17414e-15 8.32674e-16 2.61279e-14
0.6 0.384847 5.84524e-15 0.615153 -2.72401e-15 1.48107e-15 2.68829e-14
0.65 0.424824 6.18952e-15 0.575176 -3.12316e-15 1.82946e-15 2.73965e-14
0.7 0.462263 6.65793e-15 0.537737 -3.41889e-15 1.95684e-15 2.75958e-14
0.75 0.496866 7.17933e-15 0.503134 -3.77584e-15 1.78622e-15 2.72045e-14
0.8 0.528485 7.45784e-15 0.471515 -4.00215e-15 1.46676e-15 2.64372e-14
0.85 0.557103 7.42264e-15 0.442897 -4.05136e-15 1.26523e-15 2.52962e-14
0.9 0.582813 7.56474e-15 0.417187 -3.96682e-15 1.33639e-15 2.37986e-14
0.95 0.605795 7.74436e-15 0.394205 -4.03862e-15 1.72596e-15 2.16957e-14
1 0.626297 7.65701e-15 0.373703 -3.97567e-15 2.64119e-15 1.89823e-14
1.05 0.64461 6.94384e-15 0.35539 -3.37959e-15 3.97073e-15 1.5686e-14
1.1 0.661053 6.11965e-15 0.338947 -2.67634e-15 5.42423e-15 1.18415e-14
1.15 0.675955 5.50097e-15 0.324045 -2.04291e-15 6.88032e-15 7.7084e-15
1.2 0.689641 4.79642e-15 0.310359 -1.32525e-15 8.45127e-15 3.43158e-15
1.25 0.702419 4.19574e-15 0.297581 -6.23576e-16 9.46039e-15 -7.11322e-16
1.3 0.714566 3.54142e-15 0.285434 1.34008e-16 1.02247e-14 -4.77752e-15
1.35 0.72632 2.88399e-15 0.27368 8.29277e-16 1.06527e-14 -8.45436e-15
1.4 0.737876 2.44497e-15 0.262124 1.32106e-15 1.06348e-14 -1.17182e-14
1.45 0.749373 2.18686e-15 0.250627 1.61024e-15 1.03863e-14 -1.45653e-14
1.5 0.760902 2.14632e-15 0.239098 1.66979e-15 9.98036e-15 -1.65908e-14
1.55 0.772497 2.20495e-15 0.227503 1.58869e-15 9.14682e-15 -1.78874e-14
1.6 0.784147 2.44157e-15 0.215853 1.34149e-15 8.09757e-15 -1.81145e-14
1.65 0.7958 2.77235e-15 0.2042 9.87935e-16 6.56868e-15 -1.77763e-14
1.7 0.807371 3.12579e-15 0.192629 5.56306e-16 4.23515e-15 -1.72021e-14
1.75 0.818753 3.64934e-15 0.181247 4.11269e-17 1.58934e-15 -1.6558e-14
1.8 0.829831 4.14058e-15 0.170169 -4.65999e-16 -1.36193e-15 -1.64178e-14
1.85 0.840488 4.72084e-15 0.159513 -1.02018e-15 -4.50167e-15 -1.68948e-14
1.9 0.850616 5.22997e-15 0.149384 -1.53311e-15 -7.8686e-15 -1.79993e-14
1.95 0.860125 5.7192e-15 0.139875 -2.00499e-15 -1.11336e-14 -1.97341e-14
2 0.868949 6.19421e-15 0.131051 -2.52028e-15 -1.42684e-14 -2.21682e-14
2.05 0.877042 6.73934e-15 0.122958 -3.00342e-15 -1.702e-14 -2.51339e-14
2.1 0.884389 7.32567e-15 0.115611 -3.57274e-15 -1.90248e-14 -2.86441e-14
2.15 0.890996 7.88304e-15 0.109004 -4.12431e-15 -1.99502e-14 -3.24598e-14
2.2 0.896896 8.42491e-15 0.103104 -4.63588e-15 -2.01882e-14 -3.60567e-14
2.25 0.902138 8.88732e-15 0.097862 -5.09167e-15 -1.96561e-14 -3.96392e-14
2.3 0.906789 9.06877e-15 0.0932114 -5.28173e-15 -1.84116e-14 -4.31296e-14
2.35 0.910927 9.40041e-15 0.0890734 -5.60592e-15 -1.63116e-14 -4.61358e-14
2.4 0.914638 9.07486e-15 0.0853616 -5.2836e-15 -1.34451e-14 -4.84004e-14
2.45 0.918015 8.78565e-15 0.0819855 -4.98361e-15 -9.84441e-15 -4.95947e-14
2.5 0.921145 7.98631e-15 0.0788548 -4.18584e-15 -6.27806e-15 -5.00642e-14
