0 0 0 1 0 0 0
0.05 0.0039667 4.25627e-16 0.996032 3.0405e-16 -5.48582e-15 4.61202e-16
0.1 0.0157219 3.97269e-16 0.984278 4.72103e-17 -1.11847e-14 9.70995e-16
0.15 0.0348433 4.05997e-16 0.965156 4.7562e-17 -1.67218e-14 1.47045e-15
0.2 0.0606579 6.38026e-16 0.939341 -5.09617e-17 -2.19835e-14 1.64466e-15
0.25 0.0922841 6.08577e-16 0.907714 -1.18042e-16 -2.6877e-14 1.60999e-15
0.3 0.128686 5.20057e-16 0.871312 -1.417e-17 -3.11494e-14 1.42695e-15
0.35 0.168732 3.3531e-16 0.831265 2.20571e-16 -3.4665e-14 1.11196e-15
0.4 0.211259 2.62782e-16 0.788737 3.57347e-16 -3.7206e-14 2.89544e-16
0.45 0.25513 -2.60997e-16 0.744865 5.43629e-16 -3.88458e-14 -8.8884e-16
0.5 0.299287 -4.56518e-16 0.700708 8.35443e-16 -3.96716e-14 -2.21311e-15
0.55 0.342788 -3.21408e-16 0.657206 8.96539e-16 -3.98945e-14 -3.45567e-15
0.6 0.384841 -3.94857e-16 0.615152 1.0004e-15 -3.99076e-14 -4.38826e-15
0.65 0.424818 -9.49665e-16 0.575175 1.39848e-15 -4.00181e-14 -4.9593e-15
0.7 0.462256 -1.13218e-15 0.537737 1.55174e-15 -4.01527e-14 -5.06909e-15
0.75 0.496858 -9.53847e-16 0.503134 1.52094e-15 -4.04415e-14 -4.63069e-15
0.8 0.528477 -8.45062e-16 0.471515 1.40111e-15 -4.08157e-14 -3.89405e-15
0.85 0.557095 -5.04573e-16 0.442897 1.05313e-15 -4.1506e-14 -2.77154e-15
0.9 0.582805 -2.08866e-16 0.417187 8.21647e-16 -4.22901e-14 -1.71886e-15
0.95 0.605788 2.63561e-16 0.394204 3.20788e-16 -4.31906e-14 -8.91371e-16
1 0.62629 5.53583e-16 0.373703 4.23463e-17 -4.41657e-14 -2.23031e-16
1.05 0.644603 8.3973e-16 0.35539 -1.83438e-16 -4.51672e-14 3.71015e-16
1.1 0.661046 1.67825e-15 0.338947 -8.8208e-16 -4.61847e-14 6.96518e-16
1.15 0.675949 2.40681e-15 0.324045 -1.55972e-15 -4.71569e-14 9.94126e-16
1.2 0.689636 2.55076e-15 0.310359 -1.89258e-15 -4.77231e-14 1.35623e-15
1.25 0.702414 2.68631e-15 0.297581 -2.16264e-15 -4.82798e-14 1.55489e-15
1.3 0.714561 2.64794e-15 0.285434 -2.19023e-15 -4.89622e-14 1.47513e-15
1.35 0.726315 2.55773e-15 0.27368 -2.028e-15 -4.94589e-14 9.66904e-16
1.4 0.737871 2.13528e-15 0.262125 -1.63583e-15 -4.99229e-14 9.74077e-17
1.45 0.749368 1.47086e-15 0.250628 -1.02654e-15 -4.99851e-14 -1.37464e-15
1.5 0.760896 7.39714e-16 0.2391 -3.34524e-16 -4.96099e-14 -3.25601e-15
1.55 0.772491 7.60343e-17 0.227506 2.9186e-16 -4.89717e-14 -5.32771e-15
1.6 0.784142 -5.51442e-16 0.215856 8.33047e-16 -4.78164e-14 -7.58215e-15
1.65 0.795794 -1.03381e-15 0.204203 1.21455e-15 -4.57499e-14 -1.00608e-14
1.7 0.807365 -1.33512e-15 0.192633 1.39672e-15 -4.30895e-14 -1.24932e-14
1.75 0.818748 -1.65951e-15 0.181251 1.59825e-15 -3.9759e-14 -1.47001e-14
1.8 0.829826 -1.88176e-15 0.170173 1.80854e-15 -3.62161e-14 -1.65592e-14
1.85 0.840482 -2.06317e-15 0.159517 2.00786e-15 -3.2739e-14 -1.81094e-14
1.9 0.850611 -2.23533e-15 0.149389 2.19509e-15 -2.94556e-14 -1.9195e-14
1.95 0.860121 -2.36498e-15 0.139879 2.23366e-15 -2.65691e-14 -1.99947e-14
2 0.868944 -2.34243e-15 0.131056 2.18941e-15 -2.4158e-14 -2.05311e-14
2.05 0.877037 -2.26215e-15 0.122963 2.05708e-15 -2.22906e-14 -2.09438e-14
2.1 0.884384 -2.06638e-15 0.115616 1.90756e-15 -2.10889e-14 -2.15058e-14
2.15 0.890991 -1.80036e-15 0.10901 1.61218e-15 -2.04919e-14 -2.20375e-14
2.2 0.896889 -1.38432e-15 0.103111 1.18371e-15 -1.99363e-14 -2.24419e-14
2.25 0.90213 -9.1193e-16 0.0978702 7.19025e-16 -2.02207e-14 -2.2605e-14
2.3 0.90678 -2.35408e-16 0.09322 4.14776e-17 -2.05308e-14 -2.28815e-14
2.35 0.910918 9.58867e-16 0.0890822 -1.1481e-15 -2.14207e-14 -2.36512e-14
2.4 0.91463 2.53569e-15 0.0853704 -2.72061e-15 -2.21305e-14 -2.47371e-14
2.45 0.918008 4.01353e-15 0.0819924 -4.18103e-15 -2.29321e-14 -2.63522e-14
2.5 0.921148 5.28765e-15 0.0788524 -5.45718e-15 -2.38486e-14 -2.87714e-14
