0 0 0 1 0 0 0
0.01 1.22811e-08 -7.3004e-16 0.980304 -3.83027e-15 8.66733e-16 -6.74281e-16
0.02 -1.68688e-16 7.85174e-16 0.979914 -4.77396e-15 1.50024e-15 -1.29383e-15
0.03 -4.17864e-17 7.82816e-16 0.979836 -4.55191e-15 2.10961e-15 -2.00295e-15
0.04 -7.16625e-17 5.39586e-16 0.979758 -4.71845e-15 2.58217e-15 -2.59604e-15
0.05 -2.3959e-16 6.1388e-16 0.97968 -4.66294e-15 2.51032e-15 -2.84604e-15
0.06 -1.55614e-16 4.98866e-16 0.979602 -4.4964e-15 2.22835e-15 -3.13084e-15
0.07 -5.08955e-17 4.59665e-16 0.979524 -3.94129e-15 2.34853e-15 -3.47082e-15
0.08 -1.0378e-16 2.52801e-16 0.979446 -3.79111e-15 2.71153e-15 -4.07349e-15
0.09 -2.28486e-16 2.20217e-16 0.979368 -3.49047e-15 2.94816e-15 -4.61115e-15
0.1 -3.3242e-16 1.90119e-16 0.97929 -3.2157e-15 3.05843e-15 -5.35762e-15
0.11 -1.1881e-16 8.30406e-17 0.979212 -3.12266e-15 3.36383e-15 -5.86667e-15
0.12 -1.25391e-16 1.72094e-16 0.979135 -3.53245e-15 3.34265e-15 -6.57229e-15
0.13 -1.2298e-16 2.25952e-16 0.979057 -3.49323e-15 3.81669e-15 -7.12305e-15
0.14 -1.55161e-16 1.90063e-16 0.978979 -3.36156e-15 4.05899e-15 -7.52591e-15
0.15 -1.00833e-16 2.08975e-16 0.978901 -3.31849e-15 4.24912e-15 -7.7391e-15
0.16 -2.44653e-16 2.60186e-16 0.978823 -3.35816e-15 3.9361e-15 -8.01599e-15
0.17 -3.96535e-16 2.48445e-16 0.978745 -3.51564e-15 3.7219e-15 -8.36849e-15
0.18 -4.23895e-16 2.33838e-16 0.978667 -3.36219e-15 3.7215e-15 -8.5023e-15
0.19 -4.05131e-16 2.06461e-16 0.978589 -3.65543e-15 3.67337e-15 -8.64364e-15
0.2 -3.81642e-16 1.448e-16 0.978511 -3.41453e-15 3.66011e-15 -8.7849e-15
0.21 -2.7781e-16 1.53662e-16 0.978434 -3.10648e-15 3.87813e-15 -8.73962e-15
0.22 -4.04902e-16 1.54585e-16 0.978356 -3.23166e-15 3.83767e-15 -8.61425e-15
0.23 -1.71987e-16 2.14173e-16 0.978278 -3.34707e-15 3.91456e-15 -8.50294e-15
0.24 -1.03538e-16 1.43908e-16 0.9782 -2.95269e-15 3.73738e-15 -8.26821e-15
0.25 -1.20465e-16 1.60516e-16 0.978122 -2.75053e-15 3.31135e-15 -8.02864e-15
0.26 -1.512e-16 2.23595e-16 0.978044 -3.08891e-15 2.9777e-15 -7.6413e-15
0.27 -1.35847e-16 2.10473e-16 0.977967 -3.33031e-15 2.77424e-15 -7.29111e-15
0.28 -1.27552e-16 1.69166e-16 0.977889 -3.1053e-15 2.48588e-15 -6.92453e-15
0.29 -2.61454e-16 1.56052e-16 0.977811 -3.08474e-15 2.20343e-15 -6.53363e-15
0.3 -3.25517e-16 1.19053e-16 0.977733 -3.2298e-15 1.91109e-15 -6.15011e-15
0.31 -3.44125e-16 1.48664e-16 0.977655 -3.43275e-15 1.49881e-15 -5.73252e-15
0.32 -3.87069e-16 1.06669e-16 0.977577 -3.85068e-15 1.36595e-15 -5.29349e-15
0.33 -5.52427e-16 7.10953e-17 0.9775 -3.85931e-15 1.17353e-15 -4.86917e-15
0.34 -5.09736e-16 7.80182e-17 0.977422 -3.73761e-15 9.97419e-16 -4.38701e-15
0.35 -4.35324e-16 6.91901e-17 0.977344 -3.97624e-15 8.78159e-16 -3.90105e-15
0.36 -4.83256e-16 1.11771e-16 0.977266 -4.05844e-15 6.77609e-16 -3.44216e-15
0.37 -5.83561e-16 1.41763e-16 0.977189 -3.96142e-15 3.16802e-16 -3.19245e-15
0.38 -5.84932e-16 1.26264e-16 0.977111 -4.10303e-15 -5.77674e-17 -3.05702e-15
0.39 -5.70952e-16 1.10251e-16 0.977033 -4.32951e-15 -4.12906e-16 -2.9838e-15
0.4 -6.58746e-16 7.68366e-17 0.976955 -4.41079e-15 -7.72774e-16 -2.85912e-15
0.41 -5.94884e-16 4.4828e-17 0.976878 -4.10711e-15 -1.10302e-15 -2.69944e-15
0.42 -4.62224e-16 6.01092e-17 0.9768 -4.23087e-15 -1.2734e-15 -2.48538e-15
0.43 -4.4568e-16 6.52256e-17 0.976722 -4.2318e-15 -1.19862e-15 -2.18721e-15
0.44 -3.71106e-16 1.27538e-16 0.976644 -4.11494e-15 -1.06309e-15 -1.86366e-15
0.45 -3.64856e-16 9.25266e-17 0.976567 -4.08225e-15 -9.26435e-16 -1.65603e-15
0.46 -3.20503e-16 9.7446e-18 0.976489 -4.01544e-15 -7.84991e-16 -1.39617e-15
0.47 -2.74396e-16 1.40999e-17 0.976411 -3.90692e-15 -7.37094e-16 -1.15668e-15
0.48 -3.18539e-16 1.09264e-17 0.976334 -3.87289e-15 -5.34808e-16 -9.74778e-16
0.49 -3.62049e-16 -4.24882e-18 0.976256 -3.80422e-15 -3.05378e-16 -8.36873e-16
0.5 -3.26101e-16 -2.22586e-17 0.976178 -3.53009e-15 -5.56589e-17 -7.15362e-16
0.51 -3.37446e-16 -4.32739e-17 0.976101 -3.30771e-15 2.02546e-16 -6.03209e-16
0.52 -3.98359e-16 -2.29703e-17 0.976023 -3.67071e-15 4.51959e-16 -6.19031e-16
0.53 -4.53892e-16 -3.5231e-17 0.975945 -3.81672e-15 7.81863e-16 -6.7562e-16
0.54 -3.77482e-16 -1.09122e-17 0.975868 -3.66149e-15 9.95216e-16 -7.80779e-16
0.55 -3.50214e-16 -4.03448e-17 0.97579 -3.32299e-15 1.04631e-15 -9.26954e-16
0.56 -3.62152e-16 -5.3219e-18 0.975712 -3.2705e-15 1.04525e-15 -1.12848e-15
0.57 -4.44759e-16 2.84019e-18 0.975635 -3.46252e-15 1.02734e-15 -1.34206e-15
0.58 -4.90838e-16 3.85059e-17 0.975557 -3.37261e-15 1.06532e-15 -1.57432e-15
0.59 -4.80629e-16 5.31007e-17 0.975479 -3.54935e-15 1.07322e-15 -1.87004e-15
0.6 -5.22103e-16 5.21599e-17 0.975402 -3.30658e-15 1.12856e-15 -2.18327e-15
0.61 -6.05775e-16 2.82899e-17 0.975324 -3.4745e-15 1.17081e-15 -2.48814e-15
0.62 -5.02673e-16 8.07249e-17 0.975246 -3.54264e-15 1.22334e-15 -2.76394e-15
0.63 -5.02751e-16 1.17195e-16 0.975169 -3.38841e-15 1.26185e-15 -3.00578e-15
0.64 -3.9831e-16 1.20393e-16 0.975091 -3.31339e-15 1.33109e-15 -3.18248e-15
0.65 -3.39445e-16 1.44968e-16 0.975014 -3.28816e-15 1.54608e-15 -3.28181e-15
0.66 -3.21755e-16 1.04667e-16 0.974936 -3.23261e-15 1.78126e-15 -3.31763e-15
0.67 -3.72129e-16 1.06113e-16 0.974859 -3.21024e-15 1.86198e-15 -3.39079e-15
0.68 -3.01413e-16 1.15934e-16 0.974781 -3.13282e-15 1.93744e-15 -3.45844e-15
0.69 -1.35727e-16 9.60212e-17 0.974703 -3.33619e-15 1.96931e-15 -3.50107e-15
0.7 -1.13699e-16 6.86839e-17 0.974626 -3.50671e-15 1.94963e-15 -3.52014e-15
0.71 -1.22331e-16 5.34428e-17 0.974548 -3.52869e-15 1.80023e-15 -3.56757e-15
0.72 -2.02617e-16 3.68262e-17 0.974471 -3.278e-15 1.75901e-15 -3.54995e-15
0.73 -2.7239e-16 6.88576e-17 0.974393 -3.21716e-15 1.57779e-15 -3.56732e-15
0.74 -3.05871e-16 2.72051e-17 0.974316 -3.33311e-15 1.41076e-15 -3.56731e-15
0.75 -2.54057e-16 6.4503e-17 0.974238 -2.65363e-15 1.21677e-15 -3.58139e-15
0.76 -2.7049e-16 6.73566e-17 0.974161 -2.71016e-15 1.03517e-15 -3.60486e-15
0.77 -2.68391e-16 5.96502e-17 0.974083 -2.39692e-15 8.95696e-16 -3.61154e-15
0.78 -1.96971e-16 7.23079e-17 0.974006 -2.55555e-15 7.71011e-16 -3.60258e-15
0.79 -2.44706e-16 5.9842e-17 0.973928 -2.53129e-15 5.71772e-16 -3.53601e-15
0.8 -1.80543e-16 6.95799e-17 0.973851 -2.71326e-15 4.37518e-16 -3.45791e-15
0.81 -1.56425e-16 7.71047e-17 0.973773 -2.35007e-15 3.01049e-16 -3.422e-15
0.82 -1.38321e-16 8.07644e-17 0.973696 -2.34865e-15 2.18873e-16 -3.35492e-15
0.83 -1.82742e-16 6.61203e-17 0.973618 -2.29757e-15 1.25982e-16 -3.36259e-15
0.84 -1.15229e-16 1.13174e-16 0.973541 -2.14731e-15 6.99573e-17 -3.42707e-15
0.85 -2.25158e-16 1.11689e-16 0.973463 -2.71569e-15 2.26389e-17 -3.50359e-15
0.86 -2.09374e-16 1.35773e-16 0.973386 -2.8285e-15 -7.94177e-18 -3.59914e-15
0.87 -2.69332e-16 1.46816e-16 0.973308 -2.99383e-15 -3.37695e-18 -3.70545e-15
0.88 -3.45302e-16 1.15919e-16 0.973231 -2.86665e-15 3.68994e-17 -3.80801e-15
0.89 -3.52455e-16 8.9982e-17 0.973153 -3.03342e-15 7.3957e-17 -3.96747e-15
0.9 -3.25958e-16 9.53604e-17 0.973076 -3.15305e-15 1.52182e-16 -4.10409e-15
0.91 -3.26343e-16 1.09551e-16 0.972998 -3.52538e-15 2.56148e-16 -4.19891e-15
0.92 -2.74738e-16 9.24353e-17 0.972921 -3.62561e-15 3.69228e-16 -4.28684e-15
0.93 -2.081e-16 9.6372e-17 0.972844 -3.50926e-15 4.72404e-16 -4.39114e-15
0.94 -1.81991e-16 9.70349e-17 0.972766 -3.53751e-15 5.72478e-16 -4.52985e-15
0.95 -8.32559e-17 8.37282e-17 0.972689 -3.37184e-15 6.56557e-16 -4.64253e-15
0.96 -1.01608e-16 8.54391e-17 0.972611 -2.93462e-15 7.92951e-16 -4.74111e-15
0.97 -6.85576e-17 9.01516e-17 0.972534 -3.25583e-15 9.86545e-16 -4.87791e-15
0.98 -9.33266e-17 7.56673e-17 0.972457 -2.95372e-15 1.14711e-15 -4.98636e-15
0.99 -2.55059e-17 7.1107e-17 0.972379 -2.69118e-15 1.35452e-15 -5.11343e-15
1 9.54087e-18 9.20128e-17 0.972302 -2.87542e-15 1.57282e-15 -5.26791e-15
1.01 -6.02974e-17 8.82946e-17 0.972225 -3.19425e-15 1.82005e-15 -5.45037e-15
1.02 -4.21121e-17 7.64919e-17 0.972147 -3.30249e-15 2.06679e-15 -5.59572e-15
1.03 -1.06478e-16 7.69947e-17 0.97207 -3.28324e-15 2.27252e-15 -5.74323e-15
1.04 -1.6747e-16 9.12556e-17 0.971992 -3.3021e-15 2.43649e-15 -5.89204e-15
1.05 -1.35806e-16 9.0434e-17 0.971915 -3.31589e-15 2.61962e-15 -6.05179e-15
1.06 -1.56638e-16 1.07385e-16 0.971838 -3.64758e-15 2.81468e-15 -6.20875e-15
1.07 -1.31182e-16 1.34733e-16 0.97176 -3.70379e-15 2.96898e-15 -6.32503e-15
1.08 -1.57185e-16 1.66591e-16 0.971683 -3.86941e-15 3.14865e-15 -6.43777e-15
1.09 -1.58928e-16 1.61057e-16 0.971606 -3.97687e-15 3.34276e-15 -6.50421e-15
1.1 -1.16154e-16 1.708e-16 0.971528 -4.06418e-15 3.49086e-15 -6.55509e-15
1.11 -1.20794e-16 1.61902e-16 0.971451 -4.03652e-15 3.657e-15 -6.60452e-15
1.12 -1.3486e-16 1.8304e-16 0.971374 -3.92944e-15 3.8745e-15 -6.6599e-15
1.13 -1.24999e-16 1.4871e-16 0.971297 -3.91322e-15 4.07518e-15 -6.68513e-15
1.14 -1.00786e-16 1.69759e-16 0.971219 -3.81279e-15 4.28155e-15 -6.72311e-15
1.15 -1.11758e-16 1.48411e-16 0.971142 -4.05535e-15 4.48717e-15 -6.73449e-15
1.16 -9.53147e-17 1.25297e-16 0.971065 -4.06517e-15 4.73101e-15 -6.71004e-15
1.17 -7.7655e-17 1.06423e-16 0.970987 -4.34058e-15 4.97214e-15 -6.74513e-15
1.18 -9.4246e-17 1.15756e-16 0.97091 -4.64299e-15 5.22299e-15 -6.76062e-15
1.19 -1.1493e-16 1.2456e-16 0.970833 -4.50704e-15 5.45512e-15 -6.76222e-15
1.2 -9.76589e-17 1.35406e-16 0.970756 -4.52409e-15 5.69164e-15 -6.78443e-15
1.21 -1.42087e-16 1.37905e-16 0.970678 -4.45637e-15 5.9119e-15 -6.77857e-15
1.22 -1.29733e-16 1.28992e-16 0.970601 -4.21716e-15 6.11434e-15 -6.78405e-15
1.23 -1.00754e-16 1.65388e-16 0.970524 -4.16046e-15 6.31686e-15 -6.8005e-15
1.24 -1.19412e-16 1.5418e-16 0.970447 -3.91811e-15 6.5045e-15 -6.86314e-15
1.25 -1.15656e-16 1.61244e-16 0.970369 -3.92654e-15 6.68569e-15 -6.92012e-15
1.26 -6.40801e-17 1.70897e-16 0.970292 -3.88628e-15 6.85187e-15 -6.98504e-15
1.27 -3.01542e-17 1.3827e-16 0.970215 -3.7716e-15 7.02205e-15 -7.07873e-15
1.28 -9.72216e-17 1.04088e-16 0.970138 -3.34007e-15 7.18371e-15 -7.20939e-15
1.29 -1.04661e-16 8.16765e-17 0.970061 -3.28078e-15 7.33965e-15 -7.36764e-15
1.3 -1.29881e-16 1.0621e-16 0.969983 -3.03013e-15 7.46702e-15 -7.5183e-15
1.31 -1.30868e-16 1.07131e-16 0.969906 -2.99418e-15 7.59538e-15 -7.62143e-15
1.32 -7.70467e-17 1.03244e-16 0.969829 -2.75645e-15 7.74354e-15 -7.75374e-15
1.33 -9.86579e-17 1.00263e-16 0.969752 -2.91761e-15 7.9065e-15 -7.86982e-15
1.34 -1.17858e-17 1.05247e-16 0.969675 -3.14974e-15 8.09303e-15 -7.9972e-15
1.35 -2.3176e-18 9.42016e-17 0.969598 -2.98625e-15 8.28683e-15 -8.10955e-15
1.36 -7.36475e-18 1.13309e-16 0.96952 -2.73685e-15 8.47261e-15 -8.20037e-15
1.37 -4.47412e-17 1.11494e-16 0.969443 -3.00708e-15 8.64665e-15 -8.27787e-15
1.38 -3.05957e-17 1.39055e-16 0.969366 -3.05063e-15 8.81217e-15 -8.34903e-15
1.39 1.62263e-17 1.19668e-16 0.969289 -3.16374e-15 8.97215e-15 -8.43248e-15
1.4 8.53296e-17 1.3011e-16 0.969212 -3.35826e-15 9.12791e-15 -8.48905e-15
1.41 4.01983e-17 1.23362e-16 0.969135 -3.15291e-15 9.28759e-15 -8.51106e-15
1.42 8.35498e-17 1.06757e-16 0.969058 -2.90709e-15 9.40377e-15 -8.53587e-15
1.43 1.00463e-16 1.28362e-16 0.968981 -2.82929e-15 9.51248e-15 -8.54644e-15
1.44 1.15029e-16 1.11005e-16 0.968903 -3.33547e-15 9.6226e-15 -8.57348e-15
1.45 1.20209e-16 1.09441e-16 0.968826 -3.18635e-15 9.73898e-15 -8.58589e-15
1.46 9.04012e-17 1.21244e-16 0.968749 -2.88683e-15 9.84148e-15 -8.55775e-15
1.47 3.60401e-17 1.31223e-16 0.968672 -2.71062e-15 9.93083e-15 -8.51511e-15
1.48 4.03975e-17 1.4012e-16 0.968595 -2.72123e-15 1.00228e-14 -8.44378e-15
1.49 8.34278e-17 1.43489e-16 0.968518 -2.88274e-15 1.01315e-14 -8.356e-15
1.5 3.08153e-17 1.22692e-16 0.968441 -3.07394e-15 1.02271e-14 -8.27847e-15
1.51 5.52469e-17 1.24244e-16 0.968364 -2.96445e-15 1.0337e-14 -8.21234e-15
1.52 6.71476e-17 1.42012e-16 0.968287 -3.22235e-15 1.042e-14 -8.11984e-15
1.53 2.98463e-17 1.36472e-16 0.96821 -3.24323e-15 1.05197e-14 -8.01561e-15
1.54 3.47049e-17 1.25524e-16 0.968133 -3.5269e-15 1.06181e-14 -7.9077e-15
1.55 8.4179e-17 1.40556e-16 0.968056 -3.60238e-15 1.07095e-14 -7.80661e-15
1.56 1.01457e-16 1.78756e-16 0.967979 -3.66501e-15 1.07909e-14 -7.70967e-15
1.57 7.34103e-17 1.76152e-16 0.967902 -4.0567e-15 1.08802e-14 -7.5972e-15
1.58 7.83763e-17 1.69524e-16 0.967825 -3.92028e-15 1.09601e-14 -7.508e-15
1.59 6.39757e-17 1.7637e-16 0.967748 -4.13267e-15 1.10476e-14 -7.40467e-15
1.6 9.9565e-17 1.64885e-16 0.967671 -3.89019e-15 1.10945e-14 -7.29664e-15
1.61 1.12733e-16 1.75602e-16 0.967594 -4.14595e-15 1.11308e-14 -7.17624e-15
1.62 9.63323e-17 1.80989e-16 0.967517 -3.96125e-15 1.11727e-14 -7.04455e-15
1.63 5.46434e-17 1.84339e-16 0.96744 -3.9988e-15 1.12301e-14 -6.90065e-15
1.64 4.4523e-17 1.94968e-16 0.967363 -3.91929e-15 1.12908e-14 -6.76291e-15
1.65 2.83532e-17 1.97124e-16 0.967286 -4.09096e-15 1.13262e-14 -6.65527e-15
1.66 7.54414e-18 2.11031e-16 0.967209 -4.16927e-15 1.13648e-14 -6.54562e-15
1.67 2.79438e-18 2.08622e-16 0.967132 -3.99049e-15 1.14003e-14 -6.4381e-15
1.68 -5.92592e-18 1.94368e-16 0.967055 -3.92851e-15 1.14338e-14 -6.31247e-15
1.69 4.42137e-17 2.1671e-16 0.966978 -3.86842e-15 1.14501e-14 -6.19999e-15
1.7 9.74036e-17 2.2172e-16 0.966901 -4.05461e-15 1.14669e-14 -6.0979e-15
1.71 9.43629e-17 2.22492e-16 0.966824 -3.72996e-15 1.14948e-14 -5.99922e-15
1.72 1.43468e-16 2.37712e-16 0.966747 -3.5693e-15 1.15055e-14 -5.90348e-15
1.73 8.70896e-17 2.43981e-16 0.96667 -3.91875e-15 1.14844e-14 -5.83568e-15
1.74 8.86516e-17 2.52879e-16 0.966593 -4.16216e-15 1.14374e-14 -5.76557e-15
1.75 8.18489e-17 2.68876e-16 0.966516 -4.33697e-15 1.13794e-14 -5.70241e-15
1.76 3.72615e-17 2.70258e-16 0.966439 -4.27444e-15 1.13304e-14 -5.63375e-15
1.77 5.00915e-17 2.86744e-16 0.966362 -4.26528e-15 1.12979e-14 -5.5632e-15
1.78 6.27544e-17 2.81302e-16 0.966286 -3.87956e-15 1.125e-14 -5.49757e-15
1.79 8.82983e-17 2.89939e-16 0.966209 -3.9104e-15 1.11943e-14 -5.45792e-15
1.8 7.28292e-17 2.89125e-16 0.966132 -3.93481e-15 1.11345e-14 -5.43979e-15
1.81 6.44711e-17 2.85632e-16 0.966055 -3.72804e-15 1.10463e-14 -5.42224e-15
1.82 9.45357e-18 2.55358e-16 0.965978 -3.58681e-15 1.09526e-14 -5.3624e-15
1.83 -3.97655e-17 2.32627e-16 0.965901 -3.75285e-15 1.08606e-14 -5.33182e-15
1.84 -2.34496e-17 2.28948e-16 0.965824 -3.97411e-15 1.07791e-14 -5.28791e-15
1.85 5.56818e-19 2.15369e-16 0.965747 -3.743e-15 1.07033e-14 -5.24139e-15
1.86 -3.53357e-17 2.25073e-16 0.965671 -3.80182e-15 1.06517e-14 -5.2017e-15
1.87 -3.99636e-17 2.29039e-16 0.965594 -3.68442e-15 1.05822e-14 -5.14972e-15
1.88 -2.22523e-17 2.29601e-16 0.965517 -3.60813e-15 1.04978e-14 -5.09677e-15
1.89 -5.17319e-17 2.43818e-16 0.96544 -3.71321e-15 1.04287e-14 -5.04009e-15
1.9 -2.09219e-17 2.52798e-16 0.965363 -3.71843e-15 1.03659e-14 -4.99395e-15
1.91 1.04671e-17 2.49177e-16 0.965286 -3.68691e-15 1.03415e-14 -4.93097e-15
1.92 2.89156e-17 2.72491e-16 0.96521 -3.64887e-15 1.03051e-14 -4.86319e-15
1.93 1.57628e-17 2.7013e-16 0.965133 -3.65795e-15 1.02776e-14 -4.81238e-15
1.94 1.03217e-17 2.48925e-16 0.965056 -3.30615e-15 1.02429e-14 -4.78012e-15
1.95 1.18466e-17 2.56494e-16 0.964979 -3.19861e-15 1.02281e-14 -4.75389e-15
1.96 1.35996e-17 2.65303e-16 0.964902 -3.23852e-15 1.02102e-14 -4.73033e-15
1.97 -1.16491e-17 2.6473e-16 0.964826 -3.25371e-15 1.01911e-14 -4.69391e-15
1.98 1.78867e-17 3.20644e-16 0.964749 -3.05865e-15 1.01608e-14 -4.66154e-15
1.99 7.04494e-17 3.28057e-16 0.964672 -3.47758e-15 1.01385e-14 -4.65173e-15
2 6.95884e-17 3.44454e-16 0.964595 -3.53939e-15 1.01035e-14 -4.66756e-15
2.01 1.054e-16 3.39409e-16 0.964519 -3.41886e-15 1.00845e-14 -4.68649e-15
2.02 6.5724e-17 3.43152e-16 0.964442 -3.69899e-15 1.00624e-14 -4.70935e-15
2.03 7.87601e-17 3.34039e-16 0.964365 -3.28906e-15 1.00303e-14 -4.74502e-15
2.04 8.51996e-17 3.47829e-16 0.964288 -3.2822e-15 1.00043e-14 -4.77954e-15
2.05 1.06908e-16 3.47066e-16 0.964212 -3.57553e-15 9.97726e-15 -4.81992e-15
2.06 1.11762e-16 3.33393e-16 0.964135 -3.56346e-15 9.93957e-15 -4.84398e-15
2.07 1.67306e-16 3.44215e-16 0.964058 -3.1701e-15 9.91564e-15 -4.87623e-15
2.08 1.56125e-16 3.52111e-16 0.963981 -3.06373e-15 9.91595e-15 -4.88047e-15
2.09 1.9204e-16 3.65968e-16 0.963905 -3.20941e-15 9.92751e-15 -4.87619e-15
2.1 1.90671e-16 3.88741e-16 0.963828 -3.51541e-15 9.944e-15 -4.87633e-15
2.11 1.76588e-16 3.80457e-16 0.963751 -3.91786e-15 9.95238e-15 -4.88689e-15
2.12 1.97679e-16 3.70997e-16 0.963675 -4.2299e-15 9.94048e-15 -4.90571e-15
2.13 2.26183e-16 3.80449e-16 0.963598 -4.25759e-15 9.90395e-15 -4.91414e-15
2.14 2.2119e-16 3.75866e-16 0.963521 -4.54737e-15 9.87121e-15 -4.9188e-15
2.15 1.90728e-16 3.84515e-16 0.963445 -5.02221e-15 9.82727e-15 -4.9351e-15
2.16 2.11356e-16 3.76408e-16 0.963368 -5.21852e-15 9.79202e-15 -4.92367e-15
2.17 2.37764e-16 3.90558e-16 0.963291 -5.12103e-15 9.73975e-15 -4.92199e-15
2.18 2.5236e-16 3.68743e-16 0.963215 -5.22159e-15 9.69114e-15 -4.91344e-15
2.19 2.65653e-16 3.66482e-16 0.963138 -5.40918e-15 9.63856e-15 -4.90947e-15
2.2 2.87674e-16 3.63771e-16 0.963061 -5.31602e-15 9.59378e-15 -4.89618e-15
2.21 2.64477e-16 3.60246e-16 0.962985 -5.22945e-15 9.5438e-15 -4.87511e-15
2.22 2.53123e-16 3.64179e-16 0.962908 -5.06903e-15 9.49262e-15 -4.85326e-15
2.23 2.78291e-16 3.57341e-16 0.962831 -4.96244e-15 9.47764e-15 -4.8219e-15
2.24 3.17795e-16 3.48155e-16 0.962755 -4.95843e-15 9.46879e-15 -4.79495e-15
2.25 2.89238e-16 3.36614e-16 0.962678 -5.1304e-15 9.42961e-15 -4.75756e-15
2.26 2.92802e-16 3.60765e-16 0.962602 -5.13268e-15 9.37648e-15 -4.69895e-15
2.27 3.27939e-16 3.87494e-16 0.962525 -5.15346e-15 9.30977e-15 -4.65087e-15
2.28 3.20883e-16 3.66232e-16 0.962448 -5.33143e-15 9.24093e-15 -4.60988e-15
2.29 3.03393e-16 3.80414e-16 0.962372 -5.55654e-15 9.19497e-15 -4.5618e-15
2.3 2.33971e-16 4.01774e-16 0.962295 -5.69663e-15 9.14456e-15 -4.51815e-15
2.31 2.16627e-16 4.0906e-16 0.962219 -5.74284e-15 9.07762e-15 -4.48304e-15
2.32 2.73616e-16 4.00702e-16 0.962142 -5.94279e-15 9.00211e-15 -4.45786e-15
2.33 2.5895e-16 4.01361e-16 0.962066 -6.10197e-15 8.91657e-15 -4.43561e-15
2.34 2.79657e-16 3.9292e-16 0.961989 -6.13127e-15 8.81964e-15 -4.39497e-15
2.35 3.38378e-16 3.89325e-16 0.961912 -6.1727e-15 8.73723e-15 -4.34956e-15
2.36 3.0272e-16 4.00731e-16 0.961836 -6.38324e-15 8.67516e-15 -4.30373e-15
2.37 3.02172e-16 4.04e-16 0.961759 -6.30856e-15 8.6333e-15 -4.27444e-15
2.38 3.15061e-16 3.84404e-16 0.961683 -6.11783e-15 8.58616e-15 -4.21245e-15
2.39 3.36811e-16 3.69447e-16 0.961606 -5.71499e-15 8.52446e-15 -4.17967e-15
2.4 3.40003e-16 3.73199e-16 0.96153 -5.90555e-15 8.4501e-15 -4.15266e-15
2.41 3.47658e-16 3.7273e-16 0.961453 -5.76667e-15 8.39117e-15 -4.14019e-15
2.42 4.21316e-16 3.73782e-16 0.961377 -6.01399e-15 8.33501e-15 -4.12066e-15
2.43 3.71007e-16 3.91728e-16 0.9613 -5.96018e-15 8.27564e-15 -4.08449e-15
2.44 3.56042e-16 4.07531e-16 0.961224 -6.25494e-15 8.22576e-15 -4.06561e-15
2.45 3.35106e-16 4.12211e-16 0.961147 -6.23793e-15 8.1733e-15 -4.02801e-15
2.46 3.27283e-16 4.10997e-16 0.961071 -6.33017e-15 8.13249e-15 -4.02287e-15
2.47 3.66189e-16 4.20041e-16 0.960994 -6.05547e-15 8.10098e-15 -4.02761e-15
2.48 3.44158e-16 4.16333e-16 0.960918 -5.91941e-15 8.09058e-15 -4.036e-15
2.49 3.2078e-16 4.29055e-16 0.960841 -5.67523e-15 8.0834e-15 -4.03313e-15
2.5 0.000152903 4.28136e-16 0.960689 -5.61073e-15 8.10838e-15 -4.03821e-15
