0 0 0 1 0 0 0
0.01 0.000159261 -4.5225e-16 0.99984 2.17962e-17 -1.44059e-13 6.44379e-15
0.02 0.000636864 -5.07065e-16 0.999363 -3.37243e-16 -2.76093e-13 1.71004e-14
0.03 0.00143206 -7.75744e-16 0.998568 -3.28994e-16 -3.95823e-13 3.19477e-14
0.04 0.00254374 -8.70939e-16 0.997457 -3.23027e-16 -5.04058e-13 5.03697e-14
0.05 0.00397023 -1.35943e-15 0.996032 -2.97207e-16 -6.01442e-13 7.2526e-14
0.06 0.00570946 -1.67726e-15 0.994294 -2.97909e-16 -6.88515e-13 9.80028e-14
0.07 0.00775887 -2.02584e-15 0.992246 -2.9191e-16 -7.65768e-13 1.26356e-13
0.08 0.0101155 -2.7977e-15 0.989892 -2.76178e-16 -8.33968e-13 1.57207e-13
0.09 0.0127758 -3.2762e-15 0.987233 -2.49315e-16 -8.93903e-13 1.90139e-13
0.1 0.015736 -3.88423e-15 0.984275 -2.28001e-16 -9.46284e-13 2.25095e-13
0.11 0.0189919 -4.34768e-15 0.981022 -2.16439e-16 -9.92043e-13 2.6165e-13
0.12 0.0225386 -4.94611e-15 0.977477 -2.08983e-16 -1.03207e-12 2.99464e-13
0.13 0.0263713 -5.54955e-15 0.973647 -1.97571e-16 -1.06722e-12 3.38151e-13
0.14 0.0304843 -6.15456e-15 0.969536 -2.27883e-16 -1.09721e-12 3.78045e-13
0.15 0.0348718 -6.9928e-15 0.965151 -2.17546e-16 -1.12328e-12 4.18764e-13
0.16 0.0395277 -7.49091e-15 0.960497 -2.19506e-16 -1.14601e-12 4.60073e-13
0.17 0.0444454 -7.967e-15 0.955582 -2.32573e-16 -1.16601e-12 5.0165e-13
0.18 0.0496182 -8.5425e-15 0.950411 -2.45379e-16 -1.18387e-12 5.43314e-13
0.19 0.0550388 -8.99829e-15 0.944992 -2.68632e-16 -1.20019e-12 5.84839e-13
0.2 0.0607001 -9.12188e-15 0.939332 -2.68063e-16 -1.21537e-12 6.26166e-13
0.21 0.0665942 -9.31806e-15 0.93344 -2.84385e-16 -1.2298e-12 6.6712e-13
0.22 0.0727133 -9.64802e-15 0.927322 -3.08271e-16 -1.24401e-12 7.07591e-13
0.23 0.0790493 -9.64491e-15 0.920987 -3.65041e-16 -1.25842e-12 7.47179e-13
0.24 0.0855937 -9.95579e-15 0.914444 -4.01393e-16 -1.27327e-12 7.85805e-13
0.25 0.0923381 -9.59229e-15 0.907701 -4.78272e-16 -1.28884e-12 8.23456e-13
0.26 0.0992738 -9.58497e-15 0.900766 -5.61534e-16 -1.30534e-12 8.59992e-13
0.27 0.106392 -9.41932e-15 0.893649 -6.52447e-16 -1.32294e-12 8.95335e-13
0.28 0.113683 -9.02217e-15 0.886358 -7.34808e-16 -1.34177e-12 9.29292e-13
0.29 0.121139 -8.70452e-15 0.878903 -8.02742e-16 -1.36188e-12 9.61774e-13
0.3 0.12875 -8.13317e-15 0.871293 -8.20507e-16 -1.38323e-12 9.92856e-13
0.31 0.136506 -7.76225e-15 0.863536 -8.0917e-16 -1.40597e-12 1.02258e-12
0.32 0.1444 -7.04536e-15 0.855644 -7.96445e-16 -1.4299e-12 1.05083e-12
0.33 0.15242 -6.56716e-15 0.847624 -6.91112e-16 -1.45501e-12 1.07758e-12
0.34 0.160558 -6.20479e-15 0.839486 -5.80651e-16 -1.48096e-12 1.10301e-12
0.35 0.168805 -5.58108e-15 0.83124 -3.447e-16 -1.50752e-12 1.12705e-12
0.36 0.177151 -5.05723e-15 0.822894 -1.84921e-17 -1.53485e-12 1.14925e-12
0.37 0.185587 -4.7508e-15 0.814459 3.93226e-16 -1.56279e-12 1.16953e-12
0.38 0.194103 -4.33625e-15 0.805943 7.68219e-16 -1.59103e-12 1.18794e-12
0.39 0.202691 -3.94683e-15 0.797355 1.13778e-15 -1.61919e-12 1.2045e-12
0.4 0.211341 -3.34576e-15 0.788705 1.4698e-15 -1.64697e-12 1.21906e-12
0.41 0.220045 -2.56695e-15 0.780002 1.74755e-15 -1.67442e-12 1.23163e-12
0.42 0.228793 -1.78569e-15 0.771254 2.03086e-15 -1.70095e-12 1.24285e-12
0.43 0.237578 -1.47272e-15 0.762469 2.50069e-15 -1.72619e-12 1.25175e-12
0.44 0.24639 -1.34555e-15 0.753658 2.98176e-15 -1.75006e-12 1.25832e-12
0.45 0.255221 -8.45225e-16 0.744827 3.42381e-15 -1.77244e-12 1.2625e-12
0.46 0.264063 -5.34133e-16 0.735985 3.729e-15 -1.79363e-12 1.26394e-12
0.47 0.272908 4.57056e-17 0.72714 3.96945e-15 -1.81296e-12 1.26329e-12
0.48 0.281749 7.67713e-16 0.718299 4.15421e-15 -1.83021e-12 1.2605e-12
0.49 0.290577 1.39087e-15 0.709471 4.51376e-15 -1.84518e-12 1.25573e-12
0.5 0.299386 1.6092e-15 0.700663 4.97036e-15 -1.85674e-12 1.24913e-12
0.51 0.308168 1.46862e-15 0.691881 5.51802e-15 -1.86503e-12 1.2408e-12
0.52 0.316916 1.45676e-15 0.683133 6.18275e-15 -1.87032e-12 1.23072e-12
0.53 0.325625 1.53331e-15 0.674425 6.80116e-15 -1.87223e-12 1.21905e-12
0.54 0.334286 1.86113e-15 0.665763 7.20395e-15 -1.8706e-12 1.20583e-12
0.55 0.342896 1.97118e-15 0.657154 7.51639e-15 -1.86526e-12 1.19104e-12
0.56 0.351446 2.00067e-15 0.648604 7.93509e-15 -1.85633e-12 1.17483e-12
0.57 0.359933 2.00566e-15 0.640117 8.3321e-15 -1.84364e-12 1.15723e-12
0.58 0.368351 1.77543e-15 0.6317 8.96218e-15 -1.82702e-12 1.13834e-12
0.59 0.376694 1.26548e-15 0.623358 9.58694e-15 -1.80633e-12 1.11811e-12
0.6 0.384958 3.78251e-16 0.615094 1.04056e-14 -1.78247e-12 1.09528e-12
0.61 0.393138 -3.04586e-17 0.606914 1.11195e-14 -1.75459e-12 1.07154e-12
0.62 0.40123 -1.05225e-15 0.598822 1.18966e-14 -1.72263e-12 1.04648e-12
0.63 0.409231 -1.77804e-15 0.590822 1.24506e-14 -1.68706e-12 1.02035e-12
0.64 0.417136 -2.29364e-15 0.582917 1.28674e-14 -1.64784e-12 9.93074e-13
0.65 0.424943 -2.89737e-15 0.575111 1.3292e-14 -1.60576e-12 9.647e-13
0.66 0.432647 -3.57565e-15 0.567407 1.36448e-14 -1.55877e-12 9.37125e-13
0.67 0.440246 -4.09023e-15 0.559808 1.38744e-14 -1.507e-12 9.10076e-13
0.68 0.447738 -4.51485e-15 0.552317 1.40064e-14 -1.45071e-12 8.83413e-13
0.69 0.455121 -4.85004e-15 0.544935 1.42561e-14 -1.3901e-12 8.56483e-13
0.7 0.462391 -5.40009e-15 0.537665 1.4526e-14 -1.32451e-12 8.25891e-13
0.71 0.469547 -5.85183e-15 0.53051 1.46253e-14 -1.25522e-12 7.92753e-13
0.72 0.476587 -6.15696e-15 0.523469 1.45179e-14 -1.18296e-12 7.57663e-13
0.73 0.483511 -6.77163e-15 0.516546 1.45034e-14 -1.10837e-12 7.20966e-13
0.74 0.490317 -6.85076e-15 0.509741 1.42837e-14 -1.03209e-12 6.82618e-13
0.75 0.497003 -7.19828e-15 0.503055 1.39737e-14 -9.54873e-13 6.43019e-13
0.76 0.50357 -7.68785e-15 0.496488 1.36924e-14 -8.75728e-13 6.03353e-13
0.77 0.510017 -7.91618e-15 0.490042 1.33229e-14 -7.96252e-13 5.6229e-13
0.78 0.516343 -8.43917e-15 0.483717 1.33004e-14 -7.17303e-13 5.19742e-13
0.79 0.522548 -9.15019e-15 0.477512 1.34158e-14 -6.39549e-13 4.75838e-13
0.8 0.528632 -9.99569e-15 0.471428 1.37977e-14 -5.60898e-13 4.37561e-13
0.81 0.534596 -1.10647e-14 0.465465 1.40822e-14 -4.80986e-13 3.96285e-13
0.82 0.54044 -1.16873e-14 0.459621 1.41394e-14 -4.01293e-13 3.5093e-13
0.83 0.546165 -1.20647e-14 0.453897 1.42176e-14 -3.22754e-13 3.00422e-13
0.84 0.551771 -1.23713e-14 0.448291 1.40645e-14 -2.48802e-13 2.4537e-13
0.85 0.557259 -1.29054e-14 0.442803 1.40476e-14 -1.80501e-13 1.85273e-13
0.86 0.562631 -1.33469e-14 0.437432 1.40983e-14 -1.17215e-13 1.19893e-13
0.87 0.567887 -1.38629e-14 0.432176 1.41411e-14 -5.92474e-14 4.93854e-14
0.88 0.573029 -1.45335e-14 0.427034 1.42639e-14 -6.70845e-15 -2.52324e-14
0.89 0.578059 -1.53171e-14 0.422005 1.44107e-14 3.84505e-14 -1.03661e-13
0.9 0.582978 -1.59047e-14 0.417087 1.45185e-14 8.6488e-14 -1.76416e-13
0.91 0.587787 -1.64994e-14 0.412278 1.45981e-14 6.03609e-14 -2.1579e-13
0.92 0.592489 -1.70896e-14 0.407576 1.46908e-14 -2.16e-14 -2.28906e-13
0.93 0.597086 -1.75114e-14 0.40298 1.47907e-14 -1.46277e-13 -2.20041e-13
0.94 0.601578 -1.83289e-14 0.398487 1.49275e-14 -2.70669e-13 -1.70509e-13
0.95 0.60597 -1.9173e-14 0.394096 1.51344e-14 -1.03972e-14 -3.01968e-13
0.96 0.610262 -2.01578e-14 0.389805 1.53166e-14 5.33644e-13 -5.6766e-13
0.97 0.614457 -2.09881e-14 0.38561 1.55248e-14 1.2821e-12 -9.27766e-13
0.98 0.618557 -2.18578e-14 0.38151 1.57639e-14 2.17774e-12 -1.3522e-12
0.99 0.622564 -2.26531e-14 0.377503 1.6036e-14 3.1773e-12 -1.8172e-12
1 0.626482 -2.36499e-14 0.373585 1.63854e-14 4.26337e-12 -2.31209e-12
1.01 0.630312 -2.48252e-14 0.369755 1.67589e-14 5.51857e-12 -2.8823e-12
1.02 0.634057 -2.60553e-14 0.36601 1.71778e-14 6.86765e-12 -3.4865e-12
1.03 0.63772 -2.72355e-14 0.362348 1.76665e-14 8.25319e-12 -4.09385e-12
1.04 0.641303 -2.85406e-14 0.358765 1.81936e-14 9.66223e-12 -4.69542e-12
1.05 0.644808 -3.00021e-14 0.35526 1.87375e-14 1.10684e-11 -5.27289e-12
1.06 0.648239 -3.15123e-14 0.351829 1.93165e-14 1.24542e-11 -5.81328e-12
1.07 0.651598 -3.28908e-14 0.34847 1.99471e-14 1.38086e-11 -6.30729e-12
1.08 0.654887 -3.45357e-14 0.345181 2.06048e-14 1.51227e-11 -6.7473e-12
1.09 0.658109 -3.60502e-14 0.341959 2.1264e-14 1.63867e-11 -7.12513e-12
1.1 0.661268 -3.77646e-14 0.3388 2.19374e-14 1.73685e-11 -7.27882e-12
1.11 0.664365 -3.93414e-14 0.335703 2.25712e-14 1.82458e-11 -7.32904e-12
1.12 0.667403 -4.09311e-14 0.332665 2.31459e-14 1.91288e-11 -7.3562e-12
1.13 0.670385 -4.23103e-14 0.329683 2.35889e-14 2.00872e-11 -7.4175e-12
1.14 0.673313 -4.34904e-14 0.326755 2.3854e-14 2.11612e-11 -7.55249e-12
1.15 0.676191 -4.44135e-14 0.323877 2.38404e-14 2.23645e-11 -7.78446e-12
1.16 0.67902 -4.48161e-14 0.321048 2.34455e-14 2.3684e-11 -8.11835e-12
1.17 0.681803 -4.48778e-14 0.318264 2.25501e-14 2.50786e-11 -8.539e-12
1.18 0.684543 -4.40839e-14 0.315524 2.10573e-14 2.64803e-11 -9.00958e-12
1.19 0.687243 -4.24751e-14 0.312824 1.8774e-14 2.77999e-11 -9.47498e-12
1.2 0.689904 -3.97182e-14 0.310163 1.55098e-14 2.8938e-11 -9.86866e-12
1.21 0.692529 -3.56202e-14 0.307538 1.10781e-14 2.97986e-11 -1.01234e-11
1.22 0.69512 -3.08669e-14 0.304946 5.29613e-15 3.02944e-11 -1.01858e-11
1.23 0.697681 -2.44869e-14 0.302386 -2.06723e-15 2.90127e-11 -8.72522e-12
1.24 0.700212 -1.64106e-14 0.299855 -1.11122e-14 2.67512e-11 -6.38836e-12
1.25 0.702716 -6.60119e-15 0.29735 -2.17916e-14 2.39518e-11 -3.54519e-12
1.26 0.705196 4.85595e-15 0.29487 -3.38764e-14 2.08326e-11 -3.70478e-13
1.27 0.707652 1.74546e-14 0.292414 -4.71047e-14 1.75349e-11 3.02143e-12
1.28 0.710089 3.09645e-14 0.289977 -6.12451e-14 1.41419e-11 6.56854e-12
1.29 0.712506 4.52209e-14 0.28756 -7.60363e-14 1.07177e-11 1.02286e-11
1.3 0.714906 5.99483e-14 0.285159 -9.12719e-14 7.29437e-12 1.39841e-11
1.31 0.717292 7.48779e-14 0.282774 -1.06716e-13 3.88533e-12 1.78395e-11
1.32 0.719664 8.99677e-14 0.280402 -1.22183e-13 4.9101e-13 2.18168e-11
1.33 0.722024 1.04932e-13 0.278041 -1.37473e-13 -2.89548e-12 2.59515e-11
1.34 0.724373 1.19592e-13 0.275692 -1.52363e-13 -6.28332e-12 3.02889e-11
1.35 0.726714 1.3368e-13 0.27335 -1.66641e-13 -9.68052e-12 3.48796e-11
1.36 0.729048 1.46995e-13 0.271017 -1.80118e-13 -1.30895e-11 3.97754e-11
1.37 0.731375 1.59397e-13 0.268689 -1.9259e-13 -1.65035e-11 4.50222e-11
1.38 0.733698 1.7054e-13 0.266367 -2.03826e-13 -1.9902e-11 5.06534e-11
1.39 0.736016 1.80357e-13 0.264048 -2.13663e-13 -2.32474e-11 5.66792e-11
1.4 0.738332 1.88625e-13 0.261732 -2.21947e-13 -2.6482e-11 6.30759e-11
1.41 0.740646 1.9518e-13 0.259418 -2.28512e-13 -2.95264e-11 6.97736e-11
1.42 0.742959 1.99918e-13 0.257105 -2.33256e-13 -3.22847e-11 7.66532e-11
1.43 0.745271 2.02703e-13 0.254792 -2.36076e-13 -3.46451e-11 8.35351e-11
1.44 0.747585 2.03447e-13 0.252479 -2.36908e-13 -3.64769e-11 9.01743e-11
1.45 0.749899 2.02278e-13 0.250164 -2.35755e-13 -3.76762e-11 9.63174e-11
1.46 0.752214 1.99105e-13 0.247849 -2.32672e-13 -3.816e-11 1.01705e-10
1.47 0.754532 1.9416e-13 0.245531 -2.27773e-13 -3.78747e-11 1.06098e-10
1.48 0.756851 1.87353e-13 0.243211 -2.21219e-13 -3.67957e-11 1.09292e-10
1.49 0.759173 1.79072e-13 0.240889 -2.1325e-13 -3.49334e-11 1.1114e-10
1.5 0.761498 1.69658e-13 0.238564 -2.04129e-13 -3.23351e-11 1.11549e-10
1.51 0.763826 1.59265e-13 0.236236 -1.94112e-13 -2.90723e-11 1.10486e-10
1.52 0.766156 1.48235e-13 0.233906 -1.83511e-13 -2.52342e-11 1.07965e-10
1.53 0.768489 1.36736e-13 0.231573 -1.72613e-13 -2.09218e-11 1.04045e-10
1.54 0.770825 1.2532e-13 0.229237 -1.6173e-13 -1.62427e-11 9.88197e-11
1.55 0.773163 1.14057e-13 0.226898 -1.51194e-13 -1.13069e-11 9.24083e-11
1.56 0.775503 1.03283e-13 0.224558 -1.41273e-13 -6.21865e-12 8.4944e-11
1.57 0.777845 9.32146e-14 0.222216 -1.323e-13 -1.0351e-12 7.64161e-11
1.58 0.780188 8.43945e-14 0.219872 -1.24608e-13 4.09482e-12 6.70683e-11
1.59 0.782533 7.71878e-14 0.217528 -1.18635e-13 9.21388e-12 5.67386e-11
1.6 0.784877 7.19296e-14 0.215183 -1.14778e-13 1.40538e-11 4.59129e-11
1.61 0.787222 6.88412e-14 0.212839 -1.13137e-13 1.84293e-11 3.49368e-11
1.62 0.789565 6.80256e-14 0.210495 -1.13816e-13 2.22079e-11 2.42303e-11
1.63 0.791907 6.97428e-14 0.208153 -1.17005e-13 2.53527e-11 1.40289e-11
1.64 0.794247 7.40548e-14 0.205813 -1.22776e-13 2.78561e-11 4.51062e-12
1.65 0.796583 8.09403e-14 0.203476 -1.31194e-13 2.97183e-11 -4.38518e-12
1.66 0.798916 9.06314e-14 0.201143 -1.42287e-13 3.09386e-11 -1.24836e-11
1.67 0.801244 1.02926e-13 0.198814 -1.56055e-13 3.15324e-11 -1.96602e-11
1.68 0.803567 1.17926e-13 0.196491 -1.72453e-13 3.1522e-11 -2.58271e-11
1.69 0.805883 1.35672e-13 0.194175 -1.91425e-13 3.09312e-11 -3.09264e-11
1.7 0.808192 1.55877e-13 0.191866 -2.12878e-13 2.97801e-11 -3.49246e-11
1.71 0.810493 1.78549e-13 0.189565 -2.36744e-13 2.808e-11 -3.7809e-11
1.72 0.812785 2.03743e-13 0.187273 -2.62988e-13 2.58241e-11 -3.95869e-11
1.73 0.815066 2.31185e-13 0.184992 -2.91488e-13 1.84481e-11 -4.63949e-11
1.74 0.817336 2.61475e-13 0.182722 -3.22816e-13 1.13083e-11 -4.98191e-11
1.75 0.819593 2.95217e-13 0.180464 -3.57511e-13 4.94158e-12 -4.93845e-11
1.76 0.821837 3.3237e-13 0.178219 -3.95638e-13 -4.82768e-13 -4.52774e-11
1.77 0.824068 3.73038e-13 0.175989 -4.37349e-13 -4.59877e-12 -3.76479e-11
1.78 0.826283 4.15262e-13 0.173774 -4.80627e-13 -1.96853e-11 -3.2351e-11
1.79 0.828481 4.57344e-13 0.171575 -5.23725e-13 -2.90983e-11 -2.03072e-11
1.8 0.830663 4.99681e-13 0.169394 -5.67103e-13 -3.34736e-11 -2.97862e-12
1.81 0.832826 5.42675e-13 0.16723 -6.11192e-13 -3.34349e-11 1.82617e-11
1.82 0.834972 5.86538e-13 0.165084 -6.56245e-13 -2.96045e-11 4.2117e-11
1.83 0.837098 6.31515e-13 0.162958 -7.02416e-13 -2.26135e-11 6.73594e-11
1.84 0.839205 6.77615e-13 0.160851 -7.49754e-13 -1.31179e-11 9.28238e-11
1.85 0.841291 7.24755e-13 0.158764 -7.98145e-13 -1.81143e-12 1.17433e-10
1.86 0.843357 7.72551e-13 0.156698 -8.47184e-13 1.08437e-11 1.39617e-10
1.87 0.845401 8.20032e-13 0.154654 -8.95977e-13 2.39769e-11 1.5824e-10
1.88 0.847423 9.32461e-13 0.152632 -1.00976e-12 3.25561e-11 1.90011e-10
1.89 0.849421 1.15796e-12 0.150633 -1.23645e-12 4.26326e-11 2.10541e-10
1.9 0.851396 1.47302e-12 0.148658 -1.55253e-12 5.25707e-11 2.21165e-10
1.91 0.853347 1.85872e-12 0.146707 -1.93897e-12 6.15337e-11 2.24826e-10
1.92 0.855273 2.29808e-12 0.144781 -2.37839e-12 7.02739e-11 2.29324e-10
1.93 0.857173 2.7922e-12 0.142881 -2.87226e-12 8.27851e-11 2.54869e-10
1.94 0.859047 3.36157e-12 0.141006 -3.44183e-12 1.10864e-10 3.26228e-10
1.95 0.860895 3.9855e-12 0.139159 -4.06606e-12 1.05151e-10 2.9481e-10
1.96 0.862715 4.61601e-12 0.137338 -4.69691e-12 1.02733e-10 2.74252e-10
1.97 0.864507 5.16236e-12 0.135546 -5.24352e-12 1.04056e-10 2.63332e-10
1.98 0.86627 5.56214e-12 0.133783 -5.64362e-12 1.06452e-10 2.60158e-10
1.99 0.868005 5.8298e-12 0.132048 -5.9118e-12 1.09464e-10 2.63429e-10
2 0.869711 5.98005e-12 0.130342 -6.06252e-12 1.12721e-10 2.72006e-10
2.01 0.871388 6.02741e-12 0.128665 -6.11035e-12 1.15998e-10 2.84914e-10
2.02 0.873035 5.98661e-12 0.127017 -6.06992e-12 1.1926e-10 3.0133e-10
2.03 0.874654 5.87623e-12 0.125398 -5.95976e-12 1.22504e-10 3.20437e-10
2.04 0.876244 5.71619e-12 0.123809 -5.79985e-12 1.23411e-10 3.41023e-10
2.05 0.877804 5.5154e-12 0.122248 -5.59921e-12 1.22405e-10 3.62946e-10
2.06 0.879335 5.28159e-12 0.120717 -5.36534e-12 1.19926e-10 3.85998e-10
2.07 0.880837 5.02225e-12 0.119215 -5.10599e-12 1.15969e-10 4.10212e-10
2.08 0.882309 4.7508e-12 0.117743 -4.83469e-12 1.11338e-10 4.38367e-10
2.09 0.883751 4.46404e-12 0.116301 -4.5481e-12 1.05846e-10 4.65217e-10
2.1 0.885163 4.16934e-12 0.114889 -4.2536e-12 9.94189e-11 4.90963e-10
2.11 0.886545 3.87674e-12 0.113507 -3.96108e-12 9.44743e-11 5.17664e-10
2.12 0.887896 3.58503e-12 0.112156 -3.66947e-12 8.74469e-11 5.42704e-10
2.13 0.889218 3.29987e-12 0.110834 -3.38444e-12 7.86875e-11 5.66657e-10
2.14 0.89051 3.0264e-12 0.109542 -3.11106e-12 6.76175e-11 5.9024e-10
2.15 0.891773 2.76921e-12 0.108279 -2.85398e-12 5.50165e-11 6.13412e-10
2.16 0.893006 2.5328e-12 0.107046 -2.61769e-12 4.11422e-11 6.36557e-10
2.17 0.89421 2.3211e-12 0.105842 -2.40612e-12 2.63077e-11 6.59956e-10
2.18 0.895386 2.13717e-12 0.104666 -2.22235e-12 1.08125e-11 6.83851e-10
2.19 0.896533 1.98182e-12 0.103519 -2.06719e-12 -5.07685e-12 7.08555e-10
2.2 0.897651 1.85601e-12 0.102401 -1.94157e-12 -2.10427e-11 7.34095e-10
2.21 0.898741 1.76187e-12 0.101311 -1.84765e-12 -3.68837e-11 7.60626e-10
2.22 0.899805 1.7013e-12 0.100247 -1.78732e-12 -5.24165e-11 7.88254e-10
2.23 0.900843 1.67597e-12 0.099209 -1.76221e-12 -6.74712e-11 8.17053e-10
2.24 0.901856 1.6863e-12 0.0981959 -1.77276e-12 -8.18733e-11 8.47049e-10
2.25 0.902845 1.73144e-12 0.097207 -1.81811e-12 -9.5464e-11 8.78234e-10
2.26 0.903811 1.81213e-12 0.0962414 -1.89899e-12 -1.08082e-10 9.10397e-10
2.27 0.904754 1.9288e-12 0.0952983 -2.01583e-12 -1.19617e-10 9.43662e-10
2.28 0.905675 2.07819e-12 0.0943765 -2.16537e-12 -1.29914e-10 9.77906e-10
2.29 0.906577 2.25709e-12 0.093475 -2.3444e-12 -1.38839e-10 1.01298e-09
2.3 0.907459 2.46238e-12 0.0925927 -2.54979e-12 -1.46283e-10 1.04868e-09
2.31 0.908323 2.69086e-12 0.0917285 -2.7784e-12 -1.52145e-10 1.0848e-09
2.32 0.909171 2.93952e-12 0.0908813 -3.02717e-12 -1.56388e-10 1.12108e-09
2.33 0.910002 3.20556e-12 0.0900501 -3.29327e-12 -1.58897e-10 1.15731e-09
2.34 0.910818 3.48627e-12 0.0892339 -3.57406e-12 -1.59586e-10 1.19323e-09
2.35 0.91162 3.77865e-12 0.0884317 -3.86646e-12 -1.58514e-10 1.22855e-09
2.36 0.912409 4.0789e-12 0.0876424 -4.16667e-12 -1.55464e-10 1.26282e-09
2.37 0.913187 4.3852e-12 0.0868649 -4.47289e-12 -1.50662e-10 1.29602e-09
2.38 0.913953 4.6939e-12 0.0860982 -4.78154e-12 -1.44209e-10 1.32758e-09
2.39 0.91471 5.00267e-12 0.0853415 -5.09025e-12 -1.35802e-10 1.35739e-09
2.4 0.915458 5.30854e-12 0.0845937 -5.39604e-12 -1.25509e-10 1.38498e-09
2.41 0.916197 5.60908e-12 0.0838542 -5.69651e-12 -1.13402e-10 1.40986e-09
2.42 0.916929 5.90202e-12 0.0831221 -5.98938e-12 -9.95694e-11 1.43161e-09
2.43 0.917655 6.18498e-12 0.0823965 -6.27225e-12 -8.41254e-11 1.44985e-09
2.44 0.918375 6.45584e-12 0.0816764 -6.54305e-12 -6.71923e-11 1.46426e-09
2.45 0.91909 6.71295e-12 0.0809607 -6.80008e-12 -4.88402e-11 1.47447e-09
2.46 0.919803 6.95498e-12 0.0802483 -7.04206e-12 -2.91744e-11 1.48021e-09
2.47 0.920513 7.18099e-12 0.079538 -7.268e-12 -8.297e-12 1.48123e-09
2.48 0.921222 7.39041e-12 0.0788285 -7.47739e-12 1.3672e-11 1.47727e-09
2.49 0.921947 7.57968e-12 0.0781035 -7.66663e-12 3.66543e-11 1.46806e-09
2.5 0.92269 7.74359e-12 0.077361 -7.83054e-12 6.04372e-11 1.45361e-09
