0 0 0 1 0 0 0
0.1 0.0157151 3.29087e-16 0.984283 6.16495e-17 -2.32983e-15 3.9122e-15
0.2 0.0606287 2.51999e-16 0.939366 2.65083e-16 -4.32965e-15 7.94777e-15
0.3 0.128631 -3.06436e-17 0.871362 3.26981e-16 -5.25082e-15 1.03859e-14
0.4 0.211177 2.90234e-16 0.788814 2.13933e-16 -5.43253e-15 1.11672e-14
0.5 0.299184 1.96107e-16 0.700806 2.43635e-16 -5.1394e-15 1.08166e-14
0.6 0.384727 -1.55489e-16 0.615262 2.6556e-16 -4.8901e-15 1.01209e-14
0.7 0.462142 -4.58045e-16 0.537847 4.27635e-16 -4.74922e-15 8.90291e-15
0.8 0.528375 -6.29915e-16 0.471616 5.72333e-16 -4.83961e-15 7.37437e-15
0.9 0.582721 -1.58442e-15 0.417272 1.33502e-15 -4.68721e-15 5.35492e-15
1 0.626226 -1.29883e-15 0.373767 8.7827e-16 -3.90166e-15 3.02506e-15
1.1 0.661004 -1.14643e-15 0.33899 7.11209e-16 -2.8293e-15 8.99892e-16
1.2 0.689614 -1.1576e-15 0.310381 7.9881e-16 -2.55214e-15 -8.30649e-16
1.3 0.714555 -1.0075e-15 0.28544 6.52318e-16 -3.69666e-15 -2.01669e-15
1.4 0.737876 -8.23832e-16 0.26212 4.93121e-16 -5.93444e-15 -2.5594e-15
1.5 0.760906 -6.47493e-16 0.239089 3.76761e-16 -9.01303e-15 -2.31665e-15
1.6 0.784152 -7.73135e-16 0.215845 4.61576e-16 -1.32243e-14 -1.63302e-15
1.7 0.807371 -8.85565e-16 0.192626 5.40706e-16 -1.69744e-14 -1.35985e-15
1.8 0.829826 -1.02422e-15 0.170172 6.51364e-16 -1.99785e-14 -1.69162e-15
1.9 0.850605 -1.16995e-15 0.149394 7.76575e-16 -2.19095e-14 -2.81276e-15
2 0.868934 -1.087e-15 0.131066 6.29268e-16 -2.2666e-14 -4.32289e-15
2.1 0.88437 -8.31444e-16 0.11563 3.17626e-16 -2.24038e-14 -5.55628e-15
2.2 0.896873 -3.16005e-16 0.103127 -1.72669e-16 -2.18762e-14 -5.86009e-15
2.3 0.906764 1.44682e-16 0.093236 -6.08252e-16 -2.12101e-14 -5.49519e-15
2.4 0.914614 4.12108e-16 0.0853863 -8.5007e-16 -2.04308e-14 -4.63548e-15
2.5 0.921134 5.95917e-16 0.0788664 -1.03685e-15 -2.00612e-14 -3.39931e-15
