0 0 0 1 0 0 0
0.005 3.96652e-05 -4.15533e-16 0.999948 7.80929e-17 1.05694e-15 -9.57353e-16
0.01 0.000158647 -1.38288e-16 0.999829 -7.38713e-16 1.89627e-15 -1.92393e-15
0.015 0.000356931 -6.64701e-17 0.99963 -7.40334e-16 2.71071e-15 -2.85236e-15
0.02 0.000634472 -1.74731e-16 0.999352 -7.35835e-16 3.49916e-15 -3.79972e-15
0.025 0.000991218 -1.49385e-16 0.998994 -7.44037e-16 4.26407e-15 -4.51551e-15
0.03 0.00142708 7.85103e-18 0.998557 -7.42619e-16 5.00465e-15 -5.14926e-15
0.035 0.00194194 2.20152e-17 0.998041 -7.43488e-16 5.7434e-15 -5.68328e-15
0.04 0.00253567 1.27533e-16 0.997446 -7.48016e-16 6.45208e-15 -6.10897e-15
0.045 0.00320812 1.7556e-16 0.996772 -7.47114e-16 7.13527e-15 -6.45873e-15
0.05 0.00395911 1.2125e-16 0.99602 -7.44211e-16 7.80783e-15 -6.63575e-15
0.055 0.00478844 3.07663e-17 0.995189 -7.40537e-16 8.45663e-15 -6.74949e-15
0.06 0.00569588 6.43708e-17 0.994279 -7.46538e-16 9.08059e-15 -6.67179e-15
0.065 0.00668121 4.71281e-17 0.993292 -7.46388e-16 9.68109e-15 -6.67347e-15
0.07 0.00774414 -8.56437e-17 0.992228 -7.41071e-16 1.02643e-14 -6.62219e-15
0.075 0.00888439 8.23908e-17 0.991086 -7.41709e-16 1.08292e-14 -6.46367e-15
0.08 0.0101017 1.35515e-16 0.989867 -7.29025e-16 1.13779e-14 -6.11768e-15
0.085 0.0113956 -3.08867e-18 0.988571 -7.09454e-16 1.19092e-14 -5.72092e-15
0.09 0.0127659 2.05113e-16 0.987199 -6.77254e-16 1.24231e-14 -5.28577e-15
0.095 0.0142121 3.68394e-16 0.985751 -6.44229e-16 1.29226e-14 -4.77369e-15
0.1 0.0157338 3.13439e-16 0.984228 -6.07178e-16 1.34022e-14 -4.27615e-15
0.105 0.0173307 2.94442e-16 0.98263 -5.73009e-16 1.3867e-14 -3.79076e-15
0.11 0.0190023 1.93498e-16 0.980957 -5.33855e-16 1.43172e-14 -3.41623e-15
0.115 0.0207481 1.37529e-16 0.97921 -4.92388e-16 1.4748e-14 -2.94372e-15
0.12 0.0225677 2.44074e-16 0.97739 -4.55932e-16 1.51697e-14 -2.40291e-15
0.125 0.0244605 3.19761e-16 0.975496 -4.27498e-16 1.5584e-14 -1.79853e-15
0.13 0.026426 4.2952e-16 0.97353 -4.06877e-16 1.59997e-14 -1.13237e-15
0.135 0.0284637 6.41651e-16 0.971492 -3.99744e-16 1.64075e-14 -4.18034e-16
0.14 0.0305722 5.35141e-16 0.969382 -3.87825e-16 1.68135e-14 3.4035e-16
0.145 0.0327517 4.92885e-16 0.967202 -3.71443e-16 1.72137e-14 1.1388e-15
0.15 0.0350015 4.77164e-16 0.964951 -3.64308e-16 1.76097e-14 1.86747e-15
0.155 0.0373203 3.99604e-16 0.962631 -3.56349e-16 1.80021e-14 2.51906e-15
0.16 0.0397081 3.48379e-16 0.960242 -3.48696e-16 1.83851e-14 3.20202e-15
0.165 0.0421643 3.34403e-16 0.957785 -3.44788e-16 1.87641e-14 3.95007e-15
0.17 0.0446881 5.76156e-16 0.95526 -3.40135e-16 1.91373e-14 4.70779e-15
0.175 0.0472781 6.29985e-16 0.952668 -3.32239e-16 1.9512e-14 5.51496e-15
0.18 0.0499344 3.01251e-16 0.950011 -3.20133e-16 1.98817e-14 6.36765e-15
0.185 0.0526561 2.76675e-16 0.947288 -3.09186e-16 2.02566e-14 7.34623e-15
0.19 0.0554425 3.3456e-16 0.9445 -2.95144e-16 2.0628e-14 8.28142e-15
0.195 0.0582927 1.3523e-16 0.941648 -3.10446e-16 2.09914e-14 9.24621e-15
0.2 0.0612056 -1.6419e-16 0.938734 -3.16579e-16 2.13525e-14 1.02332e-14
0.205 0.0641807 -3.25912e-16 0.935757 -3.27925e-16 2.17071e-14 1.12593e-14
0.21 0.0672172 -3.4684e-16 0.932719 -3.35717e-16 2.20617e-14 1.22623e-14
0.215 0.0703144 -3.7582e-16 0.92962 -3.46299e-16 2.24133e-14 1.32863e-14
0.22 0.0734713 -3.94957e-16 0.926462 -3.55515e-16 2.27613e-14 1.43215e-14
0.225 0.0766871 -2.62315e-16 0.923244 -3.65316e-16 2.31069e-14 1.54486e-14
0.23 0.0799609 -1.41855e-16 0.919969 -3.7607e-16 2.34498e-14 1.66007e-14
0.235 0.0832914 -1.84042e-16 0.916637 -3.88694e-16 2.37878e-14 1.77145e-14
0.24 0.086678 -4.83091e-16 0.913248 -3.96751e-16 2.41244e-14 1.8834e-14
0.245 0.0901199 -4.73366e-16 0.909805 -4.08999e-16 2.446e-14 1.99511e-14
0.25 0.0936161 -5.06975e-16 0.906307 -4.14223e-16 2.47966e-14 2.10942e-14
0.255 0.0971657 -4.26828e-16 0.902756 -4.23546e-16 2.51362e-14 2.2231e-14
0.26 0.100768 -1.81022e-16 0.899152 -4.2373e-16 2.54786e-14 2.34038e-14
0.265 0.104421 -3.94442e-16 0.895497 -4.08736e-16 2.58232e-14 2.45526e-14
0.27 0.108125 -6.54313e-16 0.891792 -3.78365e-16 2.618e-14 2.56895e-14
0.275 0.111878 -3.10579e-16 0.888037 -3.37557e-16 2.65409e-14 2.68513e-14
0.28 0.11568 -2.12724e-16 0.884234 -2.86071e-16 2.69074e-14 2.80443e-14
0.285 0.119529 -2.28441e-16 0.880383 -2.47907e-16 2.72744e-14 2.92577e-14
0.29 0.123424 1.94054e-18 0.876487 -2.22823e-16 2.76456e-14 3.05671e-14
0.295 0.127364 1.05689e-16 0.872544 -1.85029e-16 2.80202e-14 3.18522e-14
0.3 0.131349 -3.30796e-16 0.868558 -1.13044e-16 2.84016e-14 3.31936e-14
0.305 0.135377 -4.92362e-16 0.864529 1.22189e-17 2.87839e-14 3.45127e-14
0.31 0.139447 -1.01353e-15 0.860457 1.29035e-16 2.9162e-14 3.5852e-14
0.315 0.143558 -9.42007e-16 0.856344 2.44123e-16 2.95318e-14 3.71927e-14
0.32 0.147709 -5.65067e-16 0.852192 2.89063e-16 2.99019e-14 3.85327e-14
0.325 0.151899 -5.08847e-16 0.848 3.4793e-16 3.02665e-14 3.98966e-14
0.33 0.156127 -1.02129e-15 0.843771 4.48366e-16 3.06268e-14 4.13318e-14
0.335 0.160392 -8.29155e-16 0.839505 4.85682e-16 3.09829e-14 4.27396e-14
0.34 0.164692 -8.98264e-16 0.835204 5.38231e-16 3.13358e-14 4.41173e-14
0.345 0.169027 -5.56508e-16 0.830868 4.5898e-16 3.16837e-14 4.55306e-14
0.35 0.173395 -1.36159e-16 0.826498 3.97581e-16 3.20304e-14 4.69818e-14
0.355 0.177795 9.034e-17 0.822097 3.3862e-16 3.23681e-14 4.84341e-14
0.36 0.182227 2.79367e-16 0.817664 3.54025e-16 3.26993e-14 4.99106e-14
0.365 0.186688 1.77794e-16 0.813202 3.9599e-16 3.30353e-14 5.13308e-14
0.37 0.191178 2.80848e-16 0.80871 4.06673e-16 3.33629e-14 5.27246e-14
0.375 0.195696 6.68939e-17 0.804191 4.12355e-16 3.36744e-14 5.40974e-14
0.38 0.200241 7.37142e-17 0.799646 3.68909e-16 3.39731e-14 5.54243e-14
0.385 0.204811 2.23932e-16 0.795075 2.24929e-16 3.42771e-14 5.67641e-14
0.39 0.209405 4.28502e-16 0.79048 5.35916e-17 3.45847e-14 5.80918e-14
0.395 0.214023 5.48264e-16 0.785861 -1.5808e-16 3.48877e-14 5.94278e-14
0.4 0.218662 1.05216e-15 0.781221 -4.53124e-16 3.51969e-14 6.07332e-14
0.405 0.223323 1.16096e-15 0.77656 -7.2565e-16 3.55107e-14 6.19946e-14
0.41 0.228003 1.31943e-15 0.771879 -1.0064e-15 3.58297e-14 6.32352e-14
0.415 0.232701 1.95066e-15 0.76718 -1.29479e-15 3.61541e-14 6.44714e-14
0.42 0.237418 2.6032e-15 0.762463 -1.68454e-15 3.6485e-14 6.57285e-14
0.425 0.24215 2.67038e-15 0.75773 -2.05225e-15 3.68229e-14 6.69547e-14
0.43 0.246897 2.82009e-15 0.752982 -2.41717e-15 3.71664e-14 6.81899e-14
0.435 0.251659 3.12994e-15 0.74822 -2.78142e-15 3.75172e-14 6.94192e-14
0.44 0.256433 3.76925e-15 0.743445 -3.12995e-15 3.78728e-14 7.0645e-14
0.445 0.26122 3.66283e-15 0.738658 -3.42409e-15 3.82323e-14 7.18738e-14
0.45 0.266016 3.90141e-15 0.733861 -3.73357e-15 3.85942e-14 7.31271e-14
0.455 0.270823 4.47629e-15 0.729054 -4.00425e-15 3.89597e-14 7.43415e-14
0.46 0.275637 4.7861e-15 0.724239 -4.2636e-15 3.93259e-14 7.55297e-14
0.465 0.280459 4.9787e-15 0.719417 -4.49895e-15 3.96949e-14 7.66963e-14
0.47 0.285287 5.12963e-15 0.714588 -4.67927e-15 4.00679e-14 7.7886e-14
0.475 0.29012 4.93001e-15 0.709755 -4.76001e-15 4.04441e-14 7.90766e-14
0.48 0.294957 4.65757e-15 0.704918 -4.81307e-15 4.08223e-14 8.02759e-14
0.485 0.299797 4.81606e-15 0.700078 -5.01639e-15 4.12021e-14 8.14404e-14
0.49 0.304639 5.21114e-15 0.695236 -5.29841e-15 4.15828e-14 8.25925e-14
0.495 0.309481 5.51242e-15 0.690394 -5.43097e-15 4.19672e-14 8.37471e-14
0.5 0.314323 5.80317e-15 0.685552 -5.61169e-15 4.23521e-14 8.49097e-14
0.505 0.319163 6.02294e-15 0.680711 -5.9665e-15 4.27361e-14 8.60576e-14
0.51 0.324001 6.62521e-15 0.675873 -6.39729e-15 4.31192e-14 8.72405e-14
0.515 0.328836 7.22849e-15 0.671039 -6.77977e-15 4.35062e-14 8.84068e-14
0.52 0.333665 7.66881e-15 0.666209 -7.2269e-15 4.38914e-14 8.95639e-14
0.525 0.338489 7.85997e-15 0.661385 -7.48257e-15 4.4277e-14 9.07161e-14
0.53 0.343307 8.42007e-15 0.656568 -7.84575e-15 4.46622e-14 9.18744e-14
0.535 0.348117 8.64493e-15 0.651758 -8.18883e-15 4.50665e-14 9.30282e-14
0.54 0.352919 8.99368e-15 0.646957 -8.71235e-15 4.5484e-14 9.41272e-14
0.545 0.357711 9.68828e-15 0.642166 -9.28386e-15 4.59144e-14 9.51777e-14
0.55 0.362492 1.03466e-14 0.637385 -9.78901e-15 4.63655e-14 9.62158e-14
0.555 0.367262 1.0792e-14 0.632616 -1.01789e-14 4.68309e-14 9.72648e-14
0.56 0.372019 1.11901e-14 0.62786 -1.05581e-14 4.73086e-14 9.82725e-14
0.565 0.376762 1.13791e-14 0.623117 -1.0902e-14 4.77779e-14 9.92557e-14
0.57 0.381492 1.20214e-14 0.618388 -1.13773e-14 4.82374e-14 1.00197e-13
0.575 0.386206 1.25701e-14 0.613675 -1.19875e-14 4.86903e-14 1.01126e-13
0.58 0.390903 1.33165e-14 0.608978 -1.26687e-14 4.91387e-14 1.02012e-13
0.585 0.395584 1.39086e-14 0.604298 -1.31993e-14 4.9578e-14 1.02867e-13
0.59 0.400246 1.4123e-14 0.599637 -1.36997e-14 5.00078e-14 1.03719e-13
0.595 0.40489 1.44338e-14 0.594994 -1.42349e-14 5.04304e-14 1.04546e-13
0.6 0.409514 1.47752e-14 0.590371 -1.47773e-14 5.08488e-14 1.05354e-13
0.605 0.414117 1.54581e-14 0.585769 -1.5406e-14 5.12576e-14 1.06168e-13
0.61 0.418699 1.58077e-14 0.581188 -1.5958e-14 5.1654e-14 1.06954e-13
0.615 0.423259 1.69223e-14 0.576629 -1.6637e-14 5.2038e-14 1.07713e-13
0.62 0.427796 1.72504e-14 0.572093 -1.73002e-14 5.24033e-14 1.08473e-13
0.625 0.432309 1.76646e-14 0.567581 -1.79708e-14 5.27474e-14 1.09204e-13
0.63 0.436798 1.81736e-14 0.563094 -1.85329e-14 5.30755e-14 1.09933e-13
0.635 0.441261 1.88944e-14 0.558632 -1.91538e-14 5.33878e-14 1.10628e-13
0.64 0.445698 1.97448e-14 0.554195 -1.99135e-14 5.36849e-14 1.11307e-13
0.645 0.450109 2.05698e-14 0.549786 -2.04765e-14 5.39671e-14 1.11975e-13
0.65 0.454492 2.10849e-14 0.545404 -2.10746e-14 5.42347e-14 1.1263e-13
0.655 0.458847 2.17578e-14 0.541051 -2.16663e-14 5.44878e-14 1.1327e-13
0.66 0.463174 2.24029e-14 0.536726 -2.2202e-14 5.47272e-14 1.13885e-13
0.665 0.46747 2.29443e-14 0.53243 -2.27802e-14 5.49596e-14 1.14477e-13
0.67 0.471737 2.36516e-14 0.528165 -2.3472e-14 5.51787e-14 1.15039e-13
0.675 0.475973 2.44244e-14 0.52393 -2.4195e-14 5.53942e-14 1.15571e-13
0.68 0.480178 2.50475e-14 0.519727 -2.5009e-14 5.55979e-14 1.16077e-13
0.685 0.484351 2.56558e-14 0.515555 -2.58269e-14 5.57856e-14 1.16546e-13
0.69 0.488492 2.6564e-14 0.511416 -2.65735e-14 5.59642e-14 1.17008e-13
0.695 0.492599 2.7461e-14 0.50731 -2.73352e-14 5.61317e-14 1.17472e-13
0.7 0.496673 2.82636e-14 0.503237 -2.80758e-14 5.62997e-14 1.17912e-13
0.705 0.500713 2.93451e-14 0.499199 -2.88428e-14 5.64595e-14 1.18324e-13
0.71 0.504719 3.00753e-14 0.495195 -2.9619e-14 5.6611e-14 1.18735e-13
0.715 0.50869 3.09509e-14 0.491226 -3.04742e-14 5.67526e-14 1.19131e-13
0.72 0.512625 3.16121e-14 0.487292 -3.12218e-14 5.68889e-14 1.19535e-13
0.725 0.516524 3.23005e-14 0.483395 -3.19756e-14 5.70144e-14 1.19916e-13
0.73 0.520387 3.32898e-14 0.479533 -3.27901e-14 5.71358e-14 1.20273e-13
0.735 0.524213 3.39743e-14 0.475709 -3.36151e-14 5.72477e-14 1.20611e-13
0.74 0.528002 3.46452e-14 0.471922 -3.43644e-14 5.73481e-14 1.20918e-13
0.745 0.531754 3.52233e-14 0.468172 -3.51113e-14 5.74375e-14 1.21194e-13
0.75 0.535468 3.57453e-14 0.464459 -3.58354e-14 5.7515e-14 1.21456e-13
0.755 0.539144 3.64046e-14 0.460786 -3.65095e-14 5.75814e-14 1.21706e-13
0.76 0.542781 3.69065e-14 0.45715 -3.7133e-14 5.76386e-14 1.21932e-13
0.765 0.546379 3.74326e-14 0.453553 -3.77464e-14 5.76861e-14 1.22126e-13
0.77 0.549939 3.81098e-14 0.449996 -3.83533e-14 5.77235e-14 1.22278e-13
0.775 0.553459 3.88522e-14 0.446477 -3.89349e-14 5.77544e-14 1.22391e-13
0.78 0.556939 3.95714e-14 0.442999 -3.94875e-14 5.77811e-14 1.22491e-13
0.785 0.56038 4.00893e-14 0.43956 -4.00118e-14 5.78003e-14 1.22575e-13
0.79 0.563781 4.0643e-14 0.436161 -4.05086e-14 5.7812e-14 1.2265e-13
0.795 0.567142 4.09149e-14 0.432802 -4.09962e-14 5.78154e-14 1.22726e-13
0.8 0.570462 4.14571e-14 0.429483 -4.14547e-14 5.78089e-14 1.22795e-13
0.805 0.573742 4.19847e-14 0.426205 -4.19184e-14 5.77937e-14 1.22832e-13
0.81 0.576981 4.22703e-14 0.422968 -4.23817e-14 5.77703e-14 1.22858e-13
0.815 0.58018 4.27218e-14 0.419771 -4.28203e-14 5.77406e-14 1.22865e-13
0.82 0.583338 4.3469e-14 0.416615 -4.32561e-14 5.77021e-14 1.22854e-13
0.825 0.586455 4.41159e-14 0.4135 -4.36801e-14 5.76562e-14 1.22836e-13
0.83 0.589531 4.46168e-14 0.410426 -4.40847e-14 5.76024e-14 1.22813e-13
0.835 0.592566 4.51947e-14 0.407393 -4.44622e-14 5.75403e-14 1.22786e-13
0.84 0.59556 4.54392e-14 0.4044 -4.48258e-14 5.74714e-14 1.22748e-13
0.845 0.598513 4.58466e-14 0.401449 -4.51721e-14 5.73976e-14 1.22697e-13
0.85 0.601425 4.62219e-14 0.398539 -4.55282e-14 5.7319e-14 1.22627e-13
0.855 0.604296 4.64886e-14 0.39567 -4.58775e-14 5.72357e-14 1.22541e-13
0.86 0.607126 4.69082e-14 0.392842 -4.61807e-14 5.71494e-14 1.22446e-13
0.865 0.609915 4.74873e-14 0.390055 -4.64707e-14 5.70592e-14 1.22344e-13
0.87 0.612664 4.7657e-14 0.387308 -4.67375e-14 5.69656e-14 1.22218e-13
0.875 0.615372 4.78651e-14 0.384602 -4.69999e-14 5.68715e-14 1.22083e-13
0.88 0.618039 4.82579e-14 0.381937 -4.72572e-14 5.67763e-14 1.21952e-13
0.885 0.620665 4.84098e-14 0.379313 -4.75038e-14 5.66784e-14 1.21807e-13
0.89 0.623252 4.8697e-14 0.376728 -4.77406e-14 5.65782e-14 1.2166e-13
0.895 0.625798 4.90751e-14 0.374184 -4.79335e-14 5.64762e-14 1.21514e-13
0.9 0.628303 4.92025e-14 0.37168 -4.81132e-14 5.63735e-14 1.21356e-13
0.905 0.63077 4.96613e-14 0.369216 -4.82931e-14 5.62697e-14 1.21201e-13
0.91 0.633196 4.93734e-14 0.366791 -4.84487e-14 5.61613e-14 1.21039e-13
0.915 0.635583 4.96056e-14 0.364405 -4.85912e-14 5.60516e-14 1.20855e-13
0.92 0.637931 4.97165e-14 0.362059 -4.87085e-14 5.59392e-14 1.20679e-13
0.925 0.64024 4.94183e-14 0.359752 -4.88575e-14 5.58252e-14 1.20495e-13
0.93 0.642511 4.94175e-14 0.357483 -4.90185e-14 5.5709e-14 1.20309e-13
0.935 0.644743 4.94496e-14 0.355253 -4.91702e-14 5.55897e-14 1.20122e-13
0.94 0.646936 4.96401e-14 0.353061 -4.93255e-14 5.5465e-14 1.19932e-13
0.945 0.649093 4.9736e-14 0.350906 -4.94627e-14 5.53353e-14 1.19732e-13
0.95 0.651211 4.98692e-14 0.34879 -4.96045e-14 5.52005e-14 1.19519e-13
0.955 0.653293 4.96745e-14 0.34671 -4.9735e-14 5.50589e-14 1.1929e-13
0.96 0.655337 4.9884e-14 0.344667 -4.98744e-14 5.49122e-14 1.19048e-13
0.965 0.657346 4.982e-14 0.34266 -5.00137e-14 5.47637e-14 1.18798e-13
0.97 0.659318 4.99864e-14 0.34069 -5.0154e-14 5.4613e-14 1.18542e-13
0.975 0.661254 5.01576e-14 0.338755 -5.03145e-14 5.44577e-14 1.18276e-13
0.98 0.663155 5.06752e-14 0.336855 -5.05237e-14 5.42989e-14 1.18001e-13
0.985 0.665022 5.0895e-14 0.334991 -5.07063e-14 5.41351e-14 1.17714e-13
0.99 0.666853 5.10543e-14 0.333161 -5.08456e-14 5.39674e-14 1.17409e-13
0.995 0.668651 5.13269e-14 0.331365 -5.09968e-14 5.37889e-14 1.171e-13
1 0.670415 5.14513e-14 0.329602 -5.10968e-14 5.36065e-14 1.1678e-13
1.005 0.672146 5.15733e-14 0.327873 -5.12064e-14 5.34183e-14 1.16462e-13
1.01 0.673844 5.17573e-14 0.326176 -5.13212e-14 5.32267e-14 1.16135e-13
1.015 0.67551 5.16576e-14 0.324512 -5.14434e-14 5.30304e-14 1.15791e-13
1.02 0.677144 5.16034e-14 0.32288 -5.1588e-14 5.28285e-14 1.15435e-13
1.025 0.678746 5.17333e-14 0.321279 -5.17362e-14 5.262e-14 1.15076e-13
1.03 0.680318 5.19022e-14 0.319709 -5.19031e-14 5.24061e-14 1.14724e-13
1.035 0.681859 5.2233e-14 0.318169 -5.20574e-14 5.21864e-14 1.14362e-13
1.04 0.683371 5.24933e-14 0.316658 -5.22137e-14 5.19607e-14 1.13989e-13
1.045 0.684853 5.26085e-14 0.315178 -5.23545e-14 5.17321e-14 1.13605e-13
1.05 0.686307 5.29239e-14 0.313726 -5.24881e-14 5.14997e-14 1.13222e-13
1.055 0.687732 5.30984e-14 0.312302 -5.2627e-14 5.12639e-14 1.12836e-13
1.06 0.689129 5.32759e-14 0.310906 -5.27526e-14 5.10224e-14 1.12441e-13
1.065 0.690499 5.35355e-14 0.309537 -5.29006e-14 5.07754e-14 1.12035e-13
1.07 0.691843 5.34818e-14 0.308195 -5.30766e-14 5.05205e-14 1.11621e-13
1.075 0.69316 5.35461e-14 0.306878 -5.32652e-14 5.02585e-14 1.11205e-13
1.08 0.694452 5.39411e-14 0.305588 -5.34665e-14 4.99897e-14 1.10793e-13
1.085 0.695718 5.39774e-14 0.304322 -5.36713e-14 4.97165e-14 1.10381e-13
1.09 0.696961 5.41457e-14 0.303081 -5.38753e-14 4.94373e-14 1.09967e-13
1.095 0.698179 5.41487e-14 0.301863 -5.41049e-14 4.91549e-14 1.09557e-13
1.1 0.699375 5.43182e-14 0.300669 -5.43294e-14 4.88674e-14 1.09159e-13
1.105 0.700548 5.46264e-14 0.299497 -5.45755e-14 4.8576e-14 1.08771e-13
1.11 0.701698 5.47974e-14 0.298348 -5.48488e-14 4.82781e-14 1.08398e-13
1.115 0.702827 5.49569e-14 0.29722 -5.51488e-14 4.7976e-14 1.08019e-13
1.12 0.703935 5.56136e-14 0.296112 -5.55082e-14 4.76703e-14 1.07643e-13
1.125 0.705023 5.61071e-14 0.295026 -5.58927e-14 4.73623e-14 1.0727e-13
1.13 0.706091 5.66488e-14 0.293958 -5.62753e-14 4.70519e-14 1.06889e-13
1.135 0.70714 5.68574e-14 0.29291 -5.66958e-14 4.67396e-14 1.06508e-13
1.14 0.708171 5.72984e-14 0.291881 -5.70796e-14 4.64263e-14 1.0614e-13
1.145 0.709183 5.77637e-14 0.290869 -5.74371e-14 4.6112e-14 1.05782e-13
1.15 0.710179 5.80681e-14 0.289874 -5.77799e-14 4.57963e-14 1.05428e-13
1.155 0.711157 5.84024e-14 0.288897 -5.80758e-14 4.54775e-14 1.05071e-13
1.16 0.712119 5.85332e-14 0.287935 -5.83468e-14 4.51569e-14 1.04715e-13
1.165 0.713066 5.88253e-14 0.286989 -5.86026e-14 4.4835e-14 1.04366e-13
1.17 0.713998 5.89992e-14 0.286058 -5.88606e-14 4.45122e-14 1.04021e-13
1.175 0.714915 5.92654e-14 0.285141 -5.91538e-14 4.41882e-14 1.03674e-13
1.18 0.715819 5.98182e-14 0.284238 -5.94265e-14 4.38647e-14 1.03315e-13
1.185 0.71671 6.0112e-14 0.283347 -5.9698e-14 4.35393e-14 1.02957e-13
1.19 0.717588 6.0443e-14 0.28247 -5.99639e-14 4.32138e-14 1.02603e-13
1.195 0.718454 6.0586e-14 0.281604 -6.01664e-14 4.28856e-14 1.02245e-13
1.2 0.719309 6.07811e-14 0.28075 -6.03055e-14 4.25555e-14 1.01883e-13
1.205 0.720153 6.10143e-14 0.279906 -6.04423e-14 4.22249e-14 1.01518e-13
1.21 0.720987 6.11695e-14 0.279073 -6.05503e-14 4.18943e-14 1.01155e-13
1.215 0.721811 6.10953e-14 0.278249 -6.06227e-14 4.15641e-14 1.00792e-13
1.22 0.722626 6.10641e-14 0.277434 -6.06509e-14 4.1236e-14 1.00436e-13
1.225 0.723433 6.0894e-14 0.276627 -6.06078e-14 4.09104e-14 1.00087e-13
1.23 0.724232 6.08895e-14 0.275828 -6.05442e-14 4.05879e-14 9.97393e-14
1.235 0.725023 6.05599e-14 0.275037 -6.0456e-14 4.0267e-14 9.93946e-14
1.24 0.725808 6.03467e-14 0.274252 -6.02923e-14 3.99483e-14 9.90433e-14
1.245 0.726587 6.00671e-14 0.273474 -6.00866e-14 3.96319e-14 9.86868e-14
1.25 0.72736 6.00183e-14 0.272701 -5.98266e-14 3.93187e-14 9.83311e-14
1.255 0.728128 5.95131e-14 0.271933 -5.95319e-14 3.90095e-14 9.79709e-14
1.26 0.728891 5.92395e-14 0.271169 -5.92623e-14 3.8702e-14 9.75974e-14
1.265 0.72965 5.91009e-14 0.27041 -5.90136e-14 3.83985e-14 9.72155e-14
1.27 0.730406 5.90899e-14 0.269654 -5.88098e-14 3.8098e-14 9.6827e-14
1.275 0.731159 5.88478e-14 0.268901 -5.85627e-14 3.78012e-14 9.64408e-14
1.28 0.73191 5.85788e-14 0.26815 -5.83652e-14 3.75091e-14 9.60574e-14
1.285 0.732658 5.84113e-14 0.267401 -5.81676e-14 3.72219e-14 9.567e-14
1.29 0.733405 5.83114e-14 0.266654 -5.80073e-14 3.69389e-14 9.52829e-14
1.295 0.734151 5.83059e-14 0.265907 -5.78703e-14 3.66588e-14 9.48994e-14
1.3 0.734897 5.83243e-14 0.265161 -5.76737e-14 3.63809e-14 9.45127e-14
1.305 0.735643 5.8088e-14 0.264415 -5.75085e-14 3.61075e-14 9.41201e-14
1.31 0.736389 5.79881e-14 0.263668 -5.73415e-14 3.5837e-14 9.37281e-14
1.315 0.737136 5.76734e-14 0.262921 -5.71334e-14 3.55693e-14 9.33314e-14
1.32 0.737885 5.75091e-14 0.262172 -5.68676e-14 3.53053e-14 9.29309e-14
1.325 0.738635 5.72637e-14 0.261421 -5.65692e-14 3.50481e-14 9.25315e-14
1.33 0.739388 5.69871e-14 0.260667 -5.62846e-14 3.4795e-14 9.21212e-14
1.335 0.740143 5.6574e-14 0.259911 -5.60002e-14 3.45481e-14 9.17041e-14
1.34 0.740902 5.63262e-14 0.259152 -5.57079e-14 3.4312e-14 9.12882e-14
1.345 0.741664 5.60694e-14 0.258389 -5.53287e-14 3.40844e-14 9.08748e-14
1.35 0.74243 5.56684e-14 0.257622 -5.49462e-14 3.38642e-14 9.04508e-14
1.355 0.743201 5.53827e-14 0.256851 -5.45374e-14 3.36496e-14 9.00247e-14
1.36 0.743976 5.5109e-14 0.256075 -5.4125e-14 3.34413e-14 8.95944e-14
1.365 0.744756 5.47305e-14 0.255294 -5.36781e-14 3.32423e-14 8.91542e-14
1.37 0.745542 5.41513e-14 0.254508 -5.32057e-14 3.30525e-14 8.87081e-14
1.375 0.746333 5.36944e-14 0.253715 -5.27021e-14 3.28735e-14 8.82597e-14
1.38 0.747131 5.31493e-14 0.252917 -5.21768e-14 3.27026e-14 8.7796e-14
1.385 0.747935 5.25409e-14 0.252112 -5.16499e-14 3.25398e-14 8.7324e-14
1.39 0.748746 5.20809e-14 0.2513 -5.11451e-14 3.23826e-14 8.68514e-14
1.395 0.749564 5.15188e-14 0.250481 -5.06225e-14 3.2233e-14 8.63793e-14
1.4 0.75039 5.09313e-14 0.249654 -5.00871e-14 3.20935e-14 8.59098e-14
1.405 0.751223 5.05771e-14 0.24882 -4.95517e-14 3.19635e-14 8.54404e-14
1.41 0.752064 4.98018e-14 0.247978 -4.90059e-14 3.18451e-14 8.49629e-14
1.415 0.752913 4.91375e-14 0.247128 -4.84317e-14 3.17399e-14 8.44769e-14
1.42 0.753771 4.86017e-14 0.246269 -4.78635e-14 3.16453e-14 8.3992e-14
1.425 0.754637 4.80847e-14 0.245401 -4.72741e-14 3.15604e-14 8.35054e-14
1.43 0.755513 4.7571e-14 0.244525 -4.66988e-14 3.14831e-14 8.30052e-14
1.435 0.756398 4.68458e-14 0.243639 -4.61055e-14 3.14151e-14 8.25058e-14
1.44 0.757292 4.63194e-14 0.242744 -4.54929e-14 3.13547e-14 8.19988e-14
1.445 0.758195 4.57937e-14 0.241839 -4.48711e-14 3.13055e-14 8.14942e-14
1.45 0.759108 4.51218e-14 0.240924 -4.42265e-14 3.12636e-14 8.09936e-14
1.455 0.760032 4.43863e-14 0.24 -4.35679e-14 3.12305e-14 8.04889e-14
1.46 0.760965 4.38284e-14 0.239065 -4.28955e-14 3.12095e-14 7.99816e-14
1.465 0.761909 4.30006e-14 0.23812 -4.2202e-14 3.11964e-14 7.94759e-14
1.47 0.762863 4.23435e-14 0.237165 -4.14825e-14 3.11912e-14 7.89621e-14
1.475 0.763827 4.15474e-14 0.236199 -4.07506e-14 3.12001e-14 7.84494e-14
1.48 0.764803 4.09044e-14 0.235222 -4.00037e-14 3.12202e-14 7.79371e-14
1.485 0.765788 4.00459e-14 0.234235 -3.92427e-14 3.12498e-14 7.74187e-14
1.49 0.766785 3.95323e-14 0.233237 -3.85112e-14 3.12849e-14 7.69061e-14
1.495 0.767793 3.86784e-14 0.232228 -3.77504e-14 3.13249e-14 7.63915e-14
1.5 0.768811 3.79792e-14 0.231208 -3.69735e-14 3.13731e-14 7.58759e-14
1.505 0.769841 3.71822e-14 0.230177 -3.62016e-14 3.14264e-14 7.53608e-14
1.51 0.770882 3.64602e-14 0.229135 -3.54162e-14 3.14855e-14 7.48397e-14
1.515 0.771934 3.5767e-14 0.228081 -3.4642e-14 3.15539e-14 7.43102e-14
1.52 0.772997 3.49238e-14 0.227017 -3.38478e-14 3.16258e-14 7.3777e-14
1.525 0.774061 3.41935e-14 0.225951 -3.31411e-14 3.17192e-14 7.32287e-14
1.53 0.775137 3.3472e-14 0.224873 -3.24173e-14 3.18107e-14 7.26801e-14
1.535 0.776226 3.28198e-14 0.223783 -3.16833e-14 3.19036e-14 7.21226e-14
1.54 0.777327 3.20266e-14 0.222681 -3.09443e-14 3.20002e-14 7.1559e-14
1.545 0.778439 3.13064e-14 0.221567 -3.01793e-14 3.21062e-14 7.09953e-14
1.55 0.779564 3.05023e-14 0.220441 -2.93997e-14 3.22132e-14 7.04239e-14
1.555 0.780701 2.97995e-14 0.219303 -2.86128e-14 3.23241e-14 6.98526e-14
1.56 0.781849 2.9032e-14 0.218153 -2.78258e-14 3.24427e-14 6.92717e-14
1.565 0.783009 2.81992e-14 0.216992 -2.70087e-14 3.25729e-14 6.8691e-14
1.57 0.78418 2.74196e-14 0.215819 -2.6164e-14 3.27094e-14 6.81046e-14
1.575 0.785363 2.65569e-14 0.214634 -2.53042e-14 3.28501e-14 6.75156e-14
1.58 0.786557 2.57129e-14 0.213439 -2.44295e-14 3.29956e-14 6.69296e-14
1.585 0.787762 2.48616e-14 0.212232 -2.35185e-14 3.31463e-14 6.63391e-14
1.59 0.788978 2.38874e-14 0.211014 -2.25719e-14 3.33028e-14 6.57375e-14
1.595 0.790205 2.28899e-14 0.209786 -2.16059e-14 3.34664e-14 6.51227e-14
1.6 0.791443 2.18994e-14 0.208547 -2.06264e-14 3.3639e-14 6.44973e-14
1.605 0.79269 2.07822e-14 0.207298 -1.96109e-14 3.38222e-14 6.38639e-14
1.61 0.793948 1.97418e-14 0.206038 -1.85679e-14 3.40186e-14 6.32311e-14
1.615 0.795216 1.86923e-14 0.204769 -1.75364e-14 3.42237e-14 6.25965e-14
1.62 0.796494 1.77007e-14 0.203489 -1.65157e-14 3.44411e-14 6.19572e-14
1.625 0.797782 1.66654e-14 0.2022 -1.54594e-14 3.46683e-14 6.13087e-14
1.63 0.799078 1.55255e-14 0.200902 -1.43759e-14 3.49091e-14 6.06583e-14
1.635 0.800384 1.44319e-14 0.199595 -1.33052e-14 3.51588e-14 6.00046e-14
1.64 0.801699 1.33408e-14 0.198278 -1.22263e-14 3.54171e-14 5.93452e-14
1.645 0.803022 1.22146e-14 0.196954 -1.11287e-14 3.56845e-14 5.86888e-14
1.65 0.804354 1.10815e-14 0.195621 -1.00376e-14 3.59584e-14 5.80277e-14
1.655 0.805694 9.99412e-15 0.194279 -8.96973e-15 3.62427e-14 5.7366e-14
1.66 0.807041 8.89045e-15 0.19293 -7.87361e-15 3.65352e-14 5.66973e-14
1.665 0.808396 7.76392e-15 0.191574 -6.75532e-15 3.68359e-14 5.60274e-14
1.67 0.809758 6.68895e-15 0.19021 -5.65966e-15 3.71432e-14 5.53595e-14
1.675 0.811128 5.53408e-15 0.188839 -4.55945e-15 3.74593e-14 5.46924e-14
1.68 0.812503 4.45855e-15 0.187462 -3.47541e-15 3.77828e-14 5.4024e-14
1.685 0.813886 3.49564e-15 0.186079 -2.4088e-15 3.8114e-14 5.33557e-14
1.69 0.815274 2.34202e-15 0.184689 -1.32509e-15 3.84532e-14 5.26839e-14
1.695 0.816668 1.26603e-15 0.183294 -2.24835e-16 3.88e-14 5.20096e-14
1.7 0.818067 1.76792e-16 0.181893 8.52513e-16 3.91563e-14 5.13328e-14
1.705 0.819472 -9.64076e-16 0.180487 1.94082e-15 3.95201e-14 5.06542e-14
1.71 0.820881 -2.0737e-15 0.179077 3.05199e-15 3.98914e-14 4.9977e-14
1.715 0.822294 -3.13998e-15 0.177662 4.15604e-15 4.02705e-14 4.92921e-14
1.72 0.823712 -4.29795e-15 0.176243 5.29477e-15 4.06572e-14 4.86017e-14
1.725 0.825133 -5.4186e-15 0.17482 6.42381e-15 4.1051e-14 4.7909e-14
1.73 0.826558 -6.51864e-15 0.173394 7.55392e-15 4.14515e-14 4.72101e-14
1.735 0.827986 -7.63449e-15 0.171965 8.67542e-15 4.18598e-14 4.65078e-14
1.74 0.829416 -8.7235e-15 0.170533 9.79715e-15 4.22756e-14 4.58021e-14
1.745 0.830849 -9.80444e-15 0.169099 1.09169e-14 4.26982e-14 4.5095e-14
1.75 0.832284 -1.08716e-14 0.167663 1.20276e-14 4.31274e-14 4.43878e-14
1.755 0.83372 -1.19643e-14 0.166226 1.31172e-14 4.35638e-14 4.36799e-14
1.76 0.835158 -1.30485e-14 0.164787 1.41959e-14 4.40067e-14 4.29701e-14
1.765 0.836596 -1.41123e-14 0.163347 1.52628e-14 4.4456e-14 4.22569e-14
1.77 0.838035 -1.5156e-14 0.161907 1.63243e-14 4.49123e-14 4.15447e-14
1.775 0.839474 -1.62115e-14 0.160467 1.73772e-14 4.53749e-14 4.08318e-14
1.78 0.840913 -1.72665e-14 0.159027 1.84237e-14 4.58443e-14 4.01194e-14
1.785 0.842351 -1.82572e-14 0.157587 1.94459e-14 4.63201e-14 3.94121e-14
1.79 0.843789 -1.933e-14 0.156149 2.04664e-14 4.68025e-14 3.87042e-14
1.795 0.845225 -2.03403e-14 0.154712 2.1479e-14 4.72905e-14 3.80013e-14
1.8 0.846659 -2.13762e-14 0.153276 2.24676e-14 4.77846e-14 3.73001e-14
1.805 0.848092 -2.23717e-14 0.151843 2.34415e-14 4.82846e-14 3.66041e-14
1.81 0.849521 -2.33768e-14 0.150412 2.44086e-14 4.87904e-14 3.59108e-14
1.815 0.850949 -2.43347e-14 0.148984 2.53552e-14 4.93023e-14 3.52208e-14
1.82 0.852372 -2.52059e-14 0.147559 2.62758e-14 4.98204e-14 3.45395e-14
1.825 0.853793 -2.61125e-14 0.146138 2.71804e-14 5.03387e-14 3.38653e-14
1.83 0.855209 -2.70145e-14 0.144721 2.80597e-14 5.08603e-14 3.31976e-14
1.835 0.856621 -2.78671e-14 0.143308 2.89242e-14 5.13849e-14 3.25382e-14
1.84 0.858028 -2.86476e-14 0.1419 2.9759e-14 5.19125e-14 3.18875e-14
1.845 0.859431 -2.95144e-14 0.140496 3.05807e-14 5.24417e-14 3.12436e-14
1.85 0.860828 -3.03032e-14 0.139098 3.13865e-14 5.29715e-14 3.06028e-14
1.855 0.862219 -3.11011e-14 0.137706 3.21721e-14 5.35017e-14 2.99713e-14
1.86 0.863605 -3.19261e-14 0.13632 3.29388e-14 5.40324e-14 2.93454e-14
1.865 0.864984 -3.27047e-14 0.13494 3.36962e-14 5.45636e-14 2.87261e-14
1.87 0.866356 -3.34232e-14 0.133567 3.44188e-14 5.5095e-14 2.81138e-14
1.875 0.867721 -3.41408e-14 0.132201 3.51325e-14 5.56255e-14 2.75117e-14
1.88 0.869079 -3.48188e-14 0.130843 3.58317e-14 5.61547e-14 2.69209e-14
1.885 0.870429 -3.55052e-14 0.129492 3.65143e-14 5.66821e-14 2.63398e-14
1.89 0.871771 -3.61742e-14 0.12815 3.71833e-14 5.72068e-14 2.57687e-14
1.895 0.873104 -3.67837e-14 0.126816 3.78239e-14 5.7728e-14 2.52105e-14
1.9 0.874429 -3.7408e-14 0.12549 3.84336e-14 5.82462e-14 2.46609e-14
1.905 0.875744 -3.79837e-14 0.124174 3.90165e-14 5.87609e-14 2.41224e-14
1.91 0.87705 -3.85634e-14 0.122868 3.956e-14 5.92717e-14 2.35956e-14
1.915 0.878347 -3.90629e-14 0.121571 4.00562e-14 5.97787e-14 2.30754e-14
1.92 0.879633 -3.95226e-14 0.120284 4.05359e-14 6.02813e-14 2.25662e-14
1.925 0.880909 -4.00477e-14 0.119008 4.09906e-14 6.07786e-14 2.20668e-14
1.93 0.882174 -4.04622e-14 0.117742 4.14221e-14 6.12725e-14 2.15831e-14
1.935 0.883428 -4.08518e-14 0.116488 4.18269e-14 6.17624e-14 2.11131e-14
1.94 0.884669 -4.12373e-14 0.115246 4.22259e-14 6.22376e-14 2.06591e-14
1.945 0.885899 -4.16196e-14 0.114016 4.25976e-14 6.27078e-14 2.02151e-14
1.95 0.887117 -4.1962e-14 0.112797 4.29427e-14 6.31736e-14 1.97814e-14
1.955 0.888324 -4.23117e-14 0.11159 4.32513e-14 6.36339e-14 1.93577e-14
1.96 0.889518 -4.25466e-14 0.110396 4.35192e-14 6.40884e-14 1.89443e-14
1.965 0.8907 -4.28238e-14 0.109213 4.37602e-14 6.45379e-14 1.85415e-14
1.97 0.89187 -4.30339e-14 0.108043 4.39765e-14 6.49815e-14 1.81503e-14
1.975 0.893027 -4.32558e-14 0.106886 4.4166e-14 6.54187e-14 1.77706e-14
1.98 0.89417 -4.34555e-14 0.105742 4.43341e-14 6.58496e-14 1.74057e-14
1.985 0.8953 -4.35521e-14 0.104612 4.44783e-14 6.62738e-14 1.70543e-14
1.99 0.896417 -4.36791e-14 0.103495 4.45932e-14 6.66912e-14 1.67175e-14
1.995 0.897516 -4.38164e-14 0.102395 4.47314e-14 6.70954e-14 1.64033e-14
2 0.898602 -4.39511e-14 0.10131 4.48492e-14 6.74926e-14 1.61015e-14
2.005 0.899674 -4.4043e-14 0.100237 4.49405e-14 6.78816e-14 1.58101e-14
2.01 0.900732 -4.41103e-14 0.0991791 4.49953e-14 6.82629e-14 1.55315e-14
2.015 0.901776 -4.41563e-14 0.0981352 4.50178e-14 6.86357e-14 1.52651e-14
2.02 0.902805 -4.41365e-14 0.0971057 4.50172e-14 6.90004e-14 1.50085e-14
2.025 0.90382 -4.41209e-14 0.096091 4.49877e-14 6.93567e-14 1.47649e-14
2.03 0.90482 -4.4045e-14 0.0950911 4.49217e-14 6.97046e-14 1.45327e-14
2.035 0.905805 -4.39499e-14 0.0941063 4.48274e-14 7.00447e-14 1.43138e-14
2.04 0.906774 -4.38016e-14 0.0931368 4.47048e-14 7.03765e-14 1.41125e-14
2.045 0.907728 -4.36742e-14 0.0921827 4.45662e-14 7.06999e-14 1.39273e-14
2.05 0.908667 -4.35122e-14 0.0912443 4.44011e-14 7.10154e-14 1.37568e-14
2.055 0.909589 -4.33344e-14 0.0903216 4.42018e-14 7.13225e-14 1.36018e-14
2.06 0.910496 -4.30898e-14 0.0894149 4.39772e-14 7.16211e-14 1.34649e-14
2.065 0.911387 -4.28169e-14 0.0885242 4.37318e-14 7.19114e-14 1.33447e-14
2.07 0.912261 -4.25749e-14 0.0876497 4.34639e-14 7.21926e-14 1.32401e-14
2.075 0.913119 -4.22609e-14 0.0867916 4.31792e-14 7.24645e-14 1.31525e-14
2.08 0.913961 -4.19443e-14 0.0859499 4.28727e-14 7.27273e-14 1.30837e-14
2.085 0.914786 -4.1629e-14 0.0851248 4.25485e-14 7.29805e-14 1.30335e-14
2.09 0.915595 -4.13143e-14 0.0843162 4.22079e-14 7.32239e-14 1.30029e-14
2.095 0.916387 -4.09203e-14 0.0835245 4.18487e-14 7.3457e-14 1.2991e-14
2.1 0.917159 -4.06476e-14 0.0827523 4.15278e-14 7.36876e-14 1.30133e-14
2.105 0.917915 -4.02909e-14 0.0819966 4.11794e-14 7.39055e-14 1.30484e-14
2.11 0.918654 -3.99231e-14 0.0812576 4.08014e-14 7.41092e-14 1.30991e-14
2.115 0.919377 -3.9513e-14 0.0805352 4.04024e-14 7.42993e-14 1.31645e-14
2.12 0.920083 -3.91322e-14 0.0798296 3.99893e-14 7.44757e-14 1.32457e-14
2.125 0.920772 -3.86835e-14 0.0791407 3.95514e-14 7.46375e-14 1.33433e-14
2.13 0.921444 -3.82132e-14 0.0784688 3.90941e-14 7.47852e-14 1.34568e-14
2.135 0.922099 -3.77014e-14 0.0778137 3.86178e-14 7.49188e-14 1.35859e-14
2.14 0.922737 -3.72076e-14 0.0771756 3.81253e-14 7.5037e-14 1.37289e-14
2.145 0.923359 -3.67196e-14 0.0765544 3.76171e-14 7.51403e-14 1.38876e-14
2.15 0.923963 -3.62187e-14 0.0759502 3.70963e-14 7.52291e-14 1.40602e-14
2.155 0.924551 -3.5698e-14 0.0753629 3.65625e-14 7.53025e-14 1.42479e-14
2.16 0.925121 -3.51633e-14 0.0747926 3.60178e-14 7.53609e-14 1.4449e-14
2.165 0.925675 -3.46153e-14 0.0742393 3.5467e-14 7.5404e-14 1.46652e-14
2.17 0.926212 -3.40831e-14 0.0737028 3.49041e-14 7.54319e-14 1.48957e-14
2.175 0.926732 -3.35089e-14 0.0731832 3.4336e-14 7.54439e-14 1.51397e-14
2.18 0.927235 -3.29234e-14 0.0726805 3.3762e-14 7.54407e-14 1.54001e-14
2.185 0.927721 -3.23515e-14 0.0721944 3.31819e-14 7.5422e-14 1.56747e-14
2.19 0.92819 -3.17853e-14 0.0717251 3.25982e-14 7.53879e-14 1.59626e-14
2.195 0.928643 -3.1215e-14 0.0712725 3.20139e-14 7.53382e-14 1.62674e-14
2.2 0.92908 -3.06274e-14 0.0708363 3.14231e-14 7.52733e-14 1.65863e-14
2.205 0.9295 -3.00402e-14 0.0704167 3.08319e-14 7.51938e-14 1.69208e-14
2.21 0.929903 -2.93951e-14 0.0700133 3.02299e-14 7.50992e-14 1.72688e-14
2.215 0.930291 -2.87818e-14 0.0696263 2.96051e-14 7.49891e-14 1.76298e-14
2.22 0.930662 -2.81522e-14 0.0692553 2.89882e-14 7.48639e-14 1.80063e-14
2.225 0.931017 -2.75008e-14 0.0689004 2.83537e-14 7.47242e-14 1.83975e-14
2.23 0.931357 -2.68581e-14 0.0685613 2.77075e-14 7.45693e-14 1.88017e-14
2.235 0.93168 -2.62404e-14 0.068238 2.70784e-14 7.43995e-14 1.92194e-14
2.24 0.931988 -2.55806e-14 0.0679303 2.64142e-14 7.42145e-14 1.96516e-14
2.245 0.932281 -2.49083e-14 0.067638 2.57263e-14 7.40149e-14 2.00994e-14
2.25 0.932558 -2.42436e-14 0.067361 2.50656e-14 7.38011e-14 2.05602e-14
2.255 0.93282 -2.35701e-14 0.0670991 2.43989e-14 7.35732e-14 2.10378e-14
2.26 0.933068 -2.29203e-14 0.0668522 2.37434e-14 7.33311e-14 2.15283e-14
2.265 0.933299 -2.23426e-14 0.0666215 2.31471e-14 7.30755e-14 2.20316e-14
2.27 0.933515 -2.17455e-14 0.0664052 2.25486e-14 7.28057e-14 2.25513e-14
2.275 0.933718 -2.11731e-14 0.066203 2.19712e-14 7.25217e-14 2.3085e-14
2.28 0.933906 -2.0604e-14 0.0660147 2.13949e-14 7.22241e-14 2.3632e-14
2.285 0.934081 -2.00333e-14 0.0658402 2.08397e-14 7.19137e-14 2.41916e-14
2.29 0.934242 -1.95097e-14 0.0656792 2.02983e-14 7.15907e-14 2.47661e-14
2.295 0.93439 -1.89661e-14 0.0655316 1.97643e-14 7.12557e-14 2.53529e-14
2.3 0.934524 -1.8425e-14 0.0653979 1.92338e-14 7.09093e-14 2.59535e-14
2.305 0.934646 -1.7877e-14 0.0652769 1.87154e-14 7.05516e-14 2.65659e-14
2.31 0.934754 -1.73423e-14 0.0651685 1.82099e-14 7.01828e-14 2.71921e-14
2.315 0.934851 -1.68685e-14 0.0650723 1.77165e-14 6.98038e-14 2.78308e-14
2.32 0.934935 -1.63773e-14 0.0649882 1.72284e-14 6.94155e-14 2.84828e-14
2.325 0.935008 -1.59023e-14 0.0649159 1.67375e-14 6.90175e-14 2.91489e-14
2.33 0.935069 -1.54421e-14 0.0648551 1.62669e-14 6.86106e-14 2.98303e-14
2.335 0.935119 -1.50147e-14 0.0648055 1.58432e-14 6.81971e-14 3.05267e-14
2.34 0.935157 -1.46036e-14 0.064767 1.54302e-14 6.77751e-14 3.12368e-14
2.345 0.935185 -1.42214e-14 0.0647393 1.50291e-14 6.73453e-14 3.19619e-14
2.35 0.935202 -1.3817e-14 0.0647223 1.46424e-14 6.69074e-14 3.27009e-14
2.355 0.935209 -1.34517e-14 0.0647157 1.42624e-14 6.64609e-14 3.34523e-14
2.36 0.935207 -1.30805e-14 0.0647186 1.39045e-14 6.60085e-14 3.42155e-14
2.365 0.935194 -1.27217e-14 0.0647314 1.35584e-14 6.55468e-14 3.49911e-14
2.37 0.935172 -1.23927e-14 0.064754 1.32221e-14 6.50744e-14 3.57786e-14
2.375 0.93514 -1.20536e-14 0.0647861 1.28869e-14 6.45927e-14 3.65727e-14
2.38 0.935099 -1.17214e-14 0.064827 1.25581e-14 6.40995e-14 3.73781e-14
2.385 0.93505 -1.14209e-14 0.0648765 1.22735e-14 6.35947e-14 3.81943e-14
2.39 0.934992 -1.11313e-14 0.0649342 1.19938e-14 6.30796e-14 3.90226e-14
2.395 0.934924 -1.08688e-14 0.0650023 1.17211e-14 6.25479e-14 3.98604e-14
2.4 0.934849 -1.06128e-14 0.0650774 1.14791e-14 6.2008e-14 4.07119e-14
2.405 0.934767 -1.03805e-14 0.0651593 1.12475e-14 6.14608e-14 4.15761e-14
2.41 0.934679 -1.0153e-14 0.0652479 1.10207e-14 6.09072e-14 4.24505e-14
2.415 0.934584 -9.95077e-15 0.0653429 1.08087e-14 6.03477e-14 4.33361e-14
2.42 0.934483 -9.74214e-15 0.0654441 1.05988e-14 5.97818e-14 4.423e-14
2.425 0.934376 -9.53819e-15 0.0655513 1.0404e-14 5.92107e-14 4.51338e-14
2.43 0.934263 -9.39794e-15 0.0656643 1.02714e-14 5.86346e-14 4.60463e-14
2.435 0.934145 -9.29696e-15 0.0657829 1.01805e-14 5.80535e-14 4.69676e-14
2.44 0.934021 -9.30676e-15 0.0659069 1.01994e-14 5.74681e-14 4.78983e-14
2.445 0.933892 -9.50817e-15 0.0660361 1.03888e-14 5.68784e-14 4.88371e-14
2.45 0.933757 -9.7295e-15 0.0661703 1.06098e-14 5.62849e-14 4.97854e-14
2.455 0.933618 -9.95315e-15 0.0663099 1.08409e-14 5.56875e-14 5.07439e-14
2.46 0.933474 -1.02138e-14 0.066454 1.10975e-14 5.50867e-14 5.17099e-14
2.465 0.933326 -1.04925e-14 0.0666023 1.13667e-14 5.44828e-14 5.26838e-14
2.47 0.933173 -1.08455e-14 0.0667546 1.17139e-14 5.38762e-14 5.36636e-14
2.475 0.933017 -1.12197e-14 0.0669108 1.20918e-14 5.32673e-14 5.46502e-14
2.48 0.932857 -1.16247e-14 0.0670706 1.24952e-14 5.26557e-14 5.56418e-14
2.485 0.932694 -1.19646e-14 0.0672341 1.28394e-14 5.2042e-14 5.664e-14
2.49 0.932527 -1.23523e-14 0.0674008 1.32259e-14 5.14254e-14 5.76431e-14
2.495 0.932357 -1.27223e-14 0.0675712 1.35907e-14 5.0807e-14 5.86534e-14
2.5 0.932185 -1.33404e-14 0.0677431 1.42088e-14 5.0194e-14 5.96691e-14
