0 0 0 1 0 0 0
0.005 7.75735e-10 2.61625e-16 0.990102 -1.51268e-15 -3.37182e-16 -2.57305e-15
0.01 -4.68146e-18 5.59275e-17 0.990004 -1.55431e-15 -2.08984e-15 -2.86457e-15
0.015 5.06343e-16 1.52864e-16 0.989984 -1.30451e-15 -3.84297e-15 -3.01729e-15
0.02 3.83325e-16 2.38979e-16 0.989964 -1.04395e-15 -5.55045e-15 -3.13764e-15
0.025 2.82233e-16 3.68711e-16 0.989945 -1.55431e-15 -7.01107e-15 -3.2376e-15
0.03 1.53507e-16 4.76501e-16 0.989925 -1.35608e-15 -8.11549e-15 -2.85488e-15
0.035 9.26336e-17 3.64713e-16 0.989905 -1.16573e-15 -8.88508e-15 -2.63617e-15
0.04 6.53826e-17 2.65554e-16 0.989886 -1.22125e-15 -9.64304e-15 -2.06842e-15
0.045 1.99235e-16 2.09383e-16 0.989866 -8.88178e-16 -1.07502e-14 -1.55677e-15
0.05 2.95857e-16 1.06809e-16 0.989846 -1.11022e-15 -1.16388e-14 -1.39616e-15
0.055 2.95582e-16 5.93274e-17 0.989827 -7.77156e-16 -1.2348e-14 -1.11071e-15
0.06 2.80125e-16 1.7718e-17 0.989807 -8.32667e-16 -1.28846e-14 -9.85266e-16
0.065 3.1747e-16 6.91148e-17 0.989787 -9.4369e-16 -1.33203e-14 -7.43286e-16
0.07 3.5268e-16 2.85338e-17 0.989768 -1.33227e-15 -1.37853e-14 -2.64337e-16
0.075 3.49016e-16 9.11262e-17 0.989748 -1.44329e-15 -1.42977e-14 6.27017e-16
0.08 3.71834e-16 1.0414e-16 0.989728 -1.60982e-15 -1.47706e-14 1.38146e-15
0.085 4.34562e-16 1.13306e-16 0.989708 -1.66533e-15 -1.54435e-14 2.03322e-15
0.09 4.51729e-16 6.10481e-17 0.989689 -1.88738e-15 -1.59621e-14 2.63364e-15
0.095 5.18363e-16 6.55383e-17 0.989669 -2.05391e-15 -1.6375e-14 3.17761e-15
0.1 5.05514e-16 -6.75998e-17 0.989649 -2.22045e-15 -1.67206e-14 3.82824e-15
0.105 4.65184e-16 -1.54676e-16 0.98963 -2.16493e-15 -1.71382e-14 4.60992e-15
0.11 5.60277e-16 -9.29835e-17 0.98961 -2.27596e-15 -1.75058e-14 5.38968e-15
0.115 5.8234e-16 -1.95443e-16 0.98959 -1.76248e-15 -1.78051e-14 6.18931e-15
0.12 5.89329e-16 -1.10163e-16 0.989571 -1.88868e-15 -1.82691e-14 7.05501e-15
0.125 5.543e-16 -1.87249e-16 0.989551 -1.66533e-15 -1.86831e-14 7.72325e-15
0.13 6.22251e-16 -1.37205e-16 0.989531 -1.83187e-15 -1.91434e-14 8.30071e-15
0.135 5.84194e-16 -1.16207e-16 0.989512 -1.55431e-15 -1.97783e-14 8.93897e-15
0.14 5.0922e-16 -4.3752e-17 0.989492 -1.77636e-15 -2.03979e-14 9.35328e-15
0.145 6.75944e-16 -6.01639e-18 0.989472 -1.88738e-15 -2.12233e-14 9.79857e-15
0.15 5.75621e-16 -3.57235e-17 0.989453 -1.77636e-15 -2.18871e-14 1.0118e-14
0.155 5.61137e-16 -1.99086e-20 0.989433 -1.72085e-15 -2.24795e-14 1.04168e-14
0.16 5.45028e-16 2.1308e-17 0.989413 -1.84575e-15 -2.30244e-14 1.07627e-14
0.165 5.55912e-16 9.76102e-17 0.989393 -1.85649e-15 -2.37115e-14 1.11728e-14
0.17 4.9423e-16 -4.19312e-19 0.989374 -1.99086e-15 -2.42563e-14 1.15144e-14
0.175 5.05672e-16 -6.72773e-17 0.989354 -2.17302e-15 -2.47292e-14 1.18537e-14
0.18 5.36095e-16 -1.13979e-16 0.989334 -1.96384e-15 -2.52328e-14 1.222e-14
0.185 5.43569e-16 -1.43353e-16 0.989315 -2.16007e-15 -2.57495e-14 1.25152e-14
0.19 4.37849e-16 -1.53847e-16 0.989295 -2.21724e-15 -2.61194e-14 1.28485e-14
0.195 5.11639e-16 -1.68433e-16 0.989275 -2.1077e-15 -2.65728e-14 1.31394e-14
0.2 3.67359e-16 -2.17561e-16 0.989256 -1.78072e-15 -2.69263e-14 1.34626e-14
0.205 4.7615e-16 -1.81533e-16 0.989236 -1.79992e-15 -2.74186e-14 1.36734e-14
0.21 5.63448e-16 -1.25603e-16 0.989216 -1.78226e-15 -2.77632e-14 1.39689e-14
0.215 5.64274e-16 -8.98346e-17 0.989197 -1.78014e-15 -2.82013e-14 1.42002e-14
0.22 5.8434e-16 -1.99765e-16 0.989177 -1.52432e-15 -2.86655e-14 1.43746e-14
0.225 5.77915e-16 -1.62802e-16 0.989157 -1.5297e-15 -2.90121e-14 1.45189e-14
0.23 6.47067e-16 -1.40685e-16 0.989138 -1.58958e-15 -2.9402e-14 1.46411e-14
0.235 5.77055e-16 -1.64953e-16 0.989118 -1.44494e-15 -2.978e-14 1.46723e-14
0.24 5.38711e-16 -1.88521e-16 0.989098 -1.22094e-15 -3.0245e-14 1.46946e-14
0.245 6.49057e-16 -1.83309e-16 0.989079 -1.31587e-15 -3.0703e-14 1.46998e-14
0.25 6.44074e-16 -1.74383e-16 0.989059 -1.6987e-15 -3.11237e-14 1.47431e-14
0.255 6.04694e-16 -1.82734e-16 0.989039 -1.75815e-15 -3.16587e-14 1.47083e-14
0.26 6.48343e-16 -1.75634e-16 0.98902 -1.75387e-15 -3.22831e-14 1.45791e-14
0.265 6.50307e-16 -2.06268e-16 0.989 -1.588e-15 -3.28744e-14 1.44176e-14
0.27 5.92212e-16 -1.94807e-16 0.98898 -1.47079e-15 -3.34499e-14 1.42117e-14
0.275 5.84387e-16 -1.62262e-16 0.988961 -1.56467e-15 -3.40612e-14 1.40363e-14
0.28 5.90514e-16 -1.21107e-16 0.988941 -1.81424e-15 -3.47284e-14 1.38452e-14
0.285 4.86388e-16 -7.18341e-17 0.988921 -1.97382e-15 -3.54049e-14 1.35891e-14
0.29 4.78975e-16 -9.56271e-17 0.988902 -1.64864e-15 -3.60708e-14 1.33834e-14
0.295 4.92617e-16 -1.09669e-16 0.988882 -1.56315e-15 -3.67633e-14 1.32047e-14
0.3 5.01553e-16 -2.98297e-17 0.988862 -1.63295e-15 -3.74118e-14 1.29729e-14
0.305 3.91502e-16 -7.59451e-17 0.988843 -1.28768e-15 -3.80109e-14 1.27551e-14
0.31 3.6714e-16 -1.99531e-17 0.988823 -1.14432e-15 -3.86241e-14 1.25624e-14
0.315 3.65316e-16 -7.25362e-17 0.988803 -1.15925e-15 -3.92305e-14 1.23805e-14
0.32 4.16968e-16 -1.36798e-16 0.988783 -1.46944e-15 -3.98339e-14 1.21315e-14
0.325 3.62478e-16 -1.18529e-16 0.988764 -1.14098e-15 -4.04194e-14 1.18347e-14
0.33 3.8379e-16 -1.24607e-16 0.988744 -1.02207e-15 -4.09356e-14 1.15407e-14
0.335 4.78598e-16 -1.27338e-16 0.988724 -1.02442e-15 -4.15205e-14 1.12838e-14
0.34 5.62135e-16 -2.21817e-16 0.988705 -7.7123e-16 -4.21122e-14 1.10606e-14
0.345 5.8368e-16 -2.13031e-16 0.988685 -9.36598e-16 -4.2698e-14 1.09149e-14
0.35 6.10813e-16 -2.51195e-16 0.988665 -7.82447e-16 -4.32636e-14 1.07002e-14
0.355 6.34571e-16 -2.75853e-16 0.988646 -7.52193e-16 -4.38054e-14 1.04979e-14
0.36 6.3156e-16 -3.40456e-16 0.988626 -6.46246e-16 -4.43297e-14 1.02585e-14
0.365 6.57601e-16 -3.19484e-16 0.988606 -5.81633e-16 -4.48588e-14 1.00224e-14
0.37 5.6838e-16 -2.94956e-16 0.988587 -2.32471e-16 -4.54374e-14 9.77444e-15
0.375 5.47417e-16 -3.42601e-16 0.988567 -5.15436e-16 -4.60244e-14 9.50407e-15
0.38 5.71195e-16 -3.30197e-16 0.988547 -5.38903e-16 -4.66225e-14 9.27417e-15
0.385 5.67598e-16 -3.47686e-16 0.988528 -3.07096e-16 -4.72141e-14 9.05552e-15
0.39 6.07257e-16 -3.252e-16 0.988508 2.10304e-17 -4.78002e-14 8.82025e-15
0.395 6.33293e-16 -3.15192e-16 0.988488 -2.9295e-17 -4.84029e-14 8.54229e-15
0.4 6.38709e-16 -3.47211e-16 0.988469 2.68532e-16 -4.90791e-14 8.31391e-15
0.405 7.39983e-16 -3.44335e-16 0.988449 4.55461e-16 -4.97712e-14 8.11275e-15
0.41 7.71468e-16 -2.97223e-16 0.988429 1.46987e-16 -5.04568e-14 7.83868e-15
0.415 7.16964e-16 -3.05743e-16 0.98841 -2.08654e-16 -5.12343e-14 7.64673e-15
0.42 6.95679e-16 -2.48059e-16 0.98839 -1.49571e-16 -5.20373e-14 7.44616e-15
0.425 7.0031e-16 -2.29901e-16 0.98837 -4.94185e-16 -5.28206e-14 7.1947e-15
0.43 7.60466e-16 -2.03749e-16 0.988351 -2.97263e-16 -5.36081e-14 6.95283e-15
0.435 6.98367e-16 -1.91649e-16 0.988331 -1.73846e-16 -5.43726e-14 6.74002e-15
0.44 7.00568e-16 -2.82133e-16 0.988312 -1.29319e-16 -5.51008e-14 6.52067e-15
0.445 6.42049e-16 -3.76814e-16 0.988292 8.04835e-17 -5.58529e-14 6.30669e-15
0.45 6.33627e-16 -3.70186e-16 0.988272 6.58004e-18 -5.66271e-14 6.0695e-15
0.455 5.834e-16 -3.89693e-16 0.988253 8.07662e-17 -5.74311e-14 5.84545e-15
0.46 5.59951e-16 -3.49258e-16 0.988233 3.63707e-16 -5.82649e-14 5.6111e-15
0.465 5.48512e-16 -3.41481e-16 0.988213 5.7599e-16 -5.90228e-14 5.36112e-15
0.47 5.71178e-16 -3.68586e-16 0.988194 5.75884e-16 -5.97402e-14 5.13192e-15
0.475 5.67218e-16 -3.994e-16 0.988174 3.55454e-16 -6.04564e-14 4.92963e-15
0.48 6.14846e-16 -3.9252e-16 0.988154 5.28587e-16 -6.1182e-14 4.7148e-15
0.485 6.08326e-16 -4.32721e-16 0.988135 7.02921e-16 -6.1888e-14 4.52961e-15
0.49 6.05861e-16 -4.29965e-16 0.988115 4.76441e-16 -6.25521e-14 4.36879e-15
0.495 6.64944e-16 -4.37877e-16 0.988095 9.44146e-16 -6.31889e-14 4.22261e-15
0.5 6.25464e-16 -4.24633e-16 0.988076 4.43933e-16 -6.37854e-14 4.0787e-15
0.505 6.023e-16 -4.5263e-16 0.988056 3.75197e-16 -6.43517e-14 3.92139e-15
0.51 5.65548e-16 -4.10026e-16 0.988036 2.71139e-16 -6.49015e-14 3.77979e-15
0.515 5.9138e-16 -4.53198e-16 0.988017 1.28755e-17 -6.54568e-14 3.64237e-15
0.52 6.11322e-16 -4.51453e-16 0.987997 1.86898e-16 -6.60499e-14 3.47991e-15
0.525 6.21612e-16 -4.11323e-16 0.987977 -1.42185e-16 -6.66339e-14 3.34202e-15
0.53 6.53924e-16 -4.44735e-16 0.987958 -1.88078e-16 -6.71933e-14 3.23883e-15
0.535 6.53451e-16 -4.70296e-16 0.987938 -1.29488e-16 -6.76912e-14 3.1407e-15
0.54 6.84348e-16 -4.34805e-16 0.987918 -3.54006e-16 -6.81759e-14 3.05e-15
0.545 6.6721e-16 -5.04154e-16 0.987899 -4.62158e-16 -6.86175e-14 2.93462e-15
0.55 6.51769e-16 -5.16245e-16 0.987879 -6.92395e-16 -6.90599e-14 2.78982e-15
0.555 6.88749e-16 -5.36119e-16 0.987859 -4.94382e-16 -6.9513e-14 2.61979e-15
0.56 6.47363e-16 -4.91749e-16 0.98784 -5.1094e-16 -6.99849e-14 2.43064e-15
0.565 6.60889e-16 -4.91017e-16 0.98782 -4.95532e-16 -7.04592e-14 2.26641e-15
0.57 6.90673e-16 -5.85866e-16 0.9878 -8.28209e-16 -7.09364e-14 2.05502e-15
0.575 6.94822e-16 -6.13301e-16 0.987781 -7.28602e-16 -7.13923e-14 1.84722e-15
0.58 6.81476e-16 -5.80048e-16 0.987761 -7.32597e-16 -7.18242e-14 1.62618e-15
0.585 7.0923e-16 -5.8464e-16 0.987741 -9.65349e-16 -7.22402e-14 1.431e-15
0.59 6.92355e-16 -6.17042e-16 0.987722 -1.03165e-15 -7.26421e-14 1.25124e-15
0.595 7.28923e-16 -6.32239e-16 0.987702 -9.49389e-16 -7.30125e-14 1.07436e-15
0.6 7.35938e-16 -5.54966e-16 0.987683 -8.0236e-16 -7.3399e-14 9.00095e-16
0.605 7.64928e-16 -5.51452e-16 0.987663 -6.83404e-16 -7.37833e-14 7.03527e-16
0.61 6.98552e-16 -5.5685e-16 0.987643 -5.23483e-16 -7.42171e-14 5.3336e-16
0.615 7.35552e-16 -5.85637e-16 0.987624 -3.24649e-16 -7.4654e-14 3.29691e-16
0.62 7.19492e-16 -5.7309e-16 0.987604 -4.57096e-16 -7.51232e-14 1.2875e-16
0.625 7.01722e-16 -5.5835e-16 0.987584 -4.0133e-16 -7.55804e-14 -3.03922e-17
0.63 6.5486e-16 -5.44017e-16 0.987565 -4.91079e-16 -7.60597e-14 -1.88715e-16
0.635 6.29731e-16 -5.64078e-16 0.987545 -3.84439e-16 -7.65287e-14 -3.40464e-16
0.64 6.86319e-16 -5.53078e-16 0.987525 -3.60591e-16 -7.6952e-14 -4.89423e-16
0.645 7.01668e-16 -5.7199e-16 0.987506 -5.61246e-16 -7.73676e-14 -6.32555e-16
0.65 7.20498e-16 -5.59502e-16 0.987486 -2.48057e-16 -7.77573e-14 -7.84245e-16
0.655 6.77072e-16 -5.70267e-16 0.987466 -2.09807e-16 -7.81199e-14 -9.01414e-16
0.66 7.32648e-16 -6.14096e-16 0.987447 -3.5539e-16 -7.84919e-14 -9.91226e-16
0.665 7.57003e-16 -5.96894e-16 0.987427 -2.83892e-16 -7.88856e-14 -1.09086e-15
0.67 7.63401e-16 -5.64222e-16 0.987407 -1.17799e-16 -7.92949e-14 -1.17543e-15
0.675 7.4882e-16 -5.85892e-16 0.987388 -5.07435e-17 -7.967e-14 -1.23007e-15
0.68 7.20355e-16 -6.00868e-16 0.987368 -3.41418e-16 -8.00536e-14 -1.2994e-15
0.685 7.46558e-16 -5.60104e-16 0.987349 -1.45628e-16 -8.03973e-14 -1.39688e-15
0.69 7.81796e-16 -5.86632e-16 0.987329 -5.11546e-18 -8.07314e-14 -1.46092e-15
0.695 8.19316e-16 -5.4887e-16 0.987309 5.99713e-17 -8.1033e-14 -1.55869e-15
0.7 8.37093e-16 -5.54111e-16 0.98729 1.08085e-17 -8.1321e-14 -1.66249e-15
0.705 8.61515e-16 -5.70514e-16 0.98727 -2.3095e-16 -8.16143e-14 -1.77454e-15
0.71 9.25538e-16 -5.5711e-16 0.98725 -8.10212e-17 -8.1889e-14 -1.8917e-15
0.715 9.22452e-16 -5.47633e-16 0.987231 -1.02073e-16 -8.21823e-14 -2.01524e-15
0.72 9.59297e-16 -5.71056e-16 0.987211 -7.93603e-17 -8.24603e-14 -2.15578e-15
0.725 9.19793e-16 -5.55292e-16 0.987191 -2.49657e-16 -8.27544e-14 -2.30645e-15
0.73 9.28079e-16 -5.13892e-16 0.987172 -2.65434e-16 -8.30389e-14 -2.47094e-15
0.735 9.17609e-16 -5.14859e-16 0.987152 -3.58268e-16 -8.33019e-14 -2.64039e-15
0.74 9.17851e-16 -5.38026e-16 0.987133 -1.14195e-16 -8.35543e-14 -2.82205e-15
0.745 9.37985e-16 -5.34127e-16 0.987113 -5.72506e-17 -8.38475e-14 -2.9961e-15
0.75 8.67477e-16 -5.26834e-16 0.987093 -2.11996e-17 -8.41162e-14 -3.17123e-15
0.755 8.6983e-16 -4.71199e-16 0.987074 -2.59512e-16 -8.43857e-14 -3.32664e-15
0.76 8.69719e-16 -4.22867e-16 0.987054 -4.65735e-16 -8.46377e-14 -3.46937e-15
0.765 8.40228e-16 -4.1096e-16 0.987034 -2.65938e-16 -8.48725e-14 -3.61599e-15
0.77 8.52185e-16 -4.21386e-16 0.987015 1.06812e-16 -8.50949e-14 -3.75996e-15
0.775 8.69826e-16 -4.24186e-16 0.986995 2.99409e-16 -8.52993e-14 -3.88973e-15
0.78 8.62874e-16 -4.09362e-16 0.986975 1.96769e-16 -8.5478e-14 -4.03374e-15
0.785 8.66116e-16 -3.94469e-16 0.986956 1.24314e-17 -8.56382e-14 -4.17053e-15
0.79 8.76556e-16 -4.26006e-16 0.986936 1.96238e-16 -8.57812e-14 -4.29657e-15
0.795 9.0707e-16 -4.2019e-16 0.986917 5.00944e-17 -8.59247e-14 -4.4247e-15
0.8 9.34586e-16 -4.13469e-16 0.986897 2.48057e-16 -8.60678e-14 -4.56687e-15
0.805 9.17121e-16 -4.12035e-16 0.986877 4.32275e-16 -8.62022e-14 -4.72903e-15
0.81 9.34345e-16 -3.7675e-16 0.986858 3.38262e-16 -8.63257e-14 -4.90114e-15
0.815 9.45748e-16 -3.57316e-16 0.986838 -1.38399e-16 -8.6458e-14 -5.0634e-15
0.82 9.29943e-16 -3.50457e-16 0.986818 -1.6175e-16 -8.65785e-14 -5.19753e-15
0.825 9.26439e-16 -3.72001e-16 0.986799 1.31626e-16 -8.66949e-14 -5.33705e-15
0.83 9.5355e-16 -3.89983e-16 0.986779 7.62043e-17 -8.68172e-14 -5.44458e-15
0.835 9.62939e-16 -4.04836e-16 0.986759 1.86739e-16 -8.69312e-14 -5.56548e-15
0.84 9.84632e-16 -3.93518e-16 0.98674 1.33565e-16 -8.70392e-14 -5.71991e-15
0.845 1.00053e-15 -3.79867e-16 0.98672 2.66217e-16 -8.7124e-14 -5.88851e-15
0.85 9.68383e-16 -3.64544e-16 0.986701 7.77217e-17 -8.7245e-14 -6.05713e-15
0.855 9.56389e-16 -3.70075e-16 0.986681 1.06973e-16 -8.73584e-14 -6.21456e-15
0.86 9.69351e-16 -3.40902e-16 0.986661 -4.87249e-17 -8.74744e-14 -6.37922e-15
0.865 9.67452e-16 -3.51913e-16 0.986642 6.60088e-18 -8.75944e-14 -6.54379e-15
0.87 9.52271e-16 -3.48456e-16 0.986622 1.89154e-16 -8.76787e-14 -6.70041e-15
0.875 9.31557e-16 -3.50907e-16 0.986602 3.4593e-16 -8.77458e-14 -6.85397e-15
0.88 8.98005e-16 -3.45061e-16 0.986583 1.3839e-16 -8.78027e-14 -7.00397e-15
0.885 8.69273e-16 -3.30615e-16 0.986563 -2.99773e-16 -8.78475e-14 -7.17953e-15
0.89 8.78883e-16 -3.42595e-16 0.986544 -1.46311e-16 -8.78866e-14 -7.33938e-15
0.895 8.60335e-16 -3.21065e-16 0.986524 3.89075e-17 -8.79197e-14 -7.49563e-15
0.9 8.85088e-16 -3.27053e-16 0.986504 8.2681e-17 -8.79063e-14 -7.66079e-15
0.905 8.28094e-16 -3.16525e-16 0.986485 -7.66169e-17 -8.79062e-14 -7.84111e-15
0.91 8.09633e-16 -3.25991e-16 0.986465 -2.65095e-16 -8.79128e-14 -8.06263e-15
0.915 7.85605e-16 -3.78914e-16 0.986445 -2.63893e-16 -8.79278e-14 -8.25691e-15
0.92 7.61533e-16 -3.76911e-16 0.986426 -3.5792e-16 -8.7919e-14 -8.45494e-15
0.925 7.47339e-16 -3.58019e-16 0.986406 -4.47438e-16 -8.79213e-14 -8.65375e-15
0.93 7.51312e-16 -3.67592e-16 0.986387 -5.06954e-16 -8.79244e-14 -8.83681e-15
0.935 7.63701e-16 -3.65765e-16 0.986367 -5.3122e-16 -8.78977e-14 -9.01712e-15
0.94 7.28635e-16 -3.96338e-16 0.986347 -6.99943e-16 -8.78777e-14 -9.1847e-15
0.945 7.30948e-16 -4.15199e-16 0.986328 -7.83695e-16 -8.78721e-14 -9.36238e-15
0.95 7.76702e-16 -4.01351e-16 0.986308 -4.98485e-16 -8.78411e-14 -9.53377e-15
0.955 8.10622e-16 -4.04176e-16 0.986288 -6.76244e-16 -8.78487e-14 -9.68934e-15
0.96 8.20363e-16 -4.0882e-16 0.986269 -7.39126e-16 -8.78198e-14 -9.8705e-15
0.965 8.12295e-16 -4.11156e-16 0.986249 -9.88565e-16 -8.77753e-14 -1.00561e-14
0.97 8.02715e-16 -4.38584e-16 0.98623 -7.81411e-16 -8.77113e-14 -1.02455e-14
0.975 7.85901e-16 -4.40261e-16 0.98621 -9.98801e-16 -8.76467e-14 -1.04102e-14
0.98 7.76754e-16 -4.24238e-16 0.98619 -8.46825e-16 -8.75686e-14 -1.05431e-14
0.985 7.831e-16 -4.20243e-16 0.986171 -1.12263e-15 -8.74618e-14 -1.06864e-14
0.99 7.97975e-16 -4.32332e-16 0.986151 -1.35869e-15 -8.73629e-14 -1.08629e-14
0.995 7.7257e-16 -4.18893e-16 0.986131 -1.19207e-15 -8.72519e-14 -1.10336e-14
1 7.95445e-16 -4.18948e-16 0.986112 -1.03465e-15 -8.71401e-14 -1.12077e-14
1.005 7.76108e-16 -3.8161e-16 0.986092 -9.57008e-16 -8.70209e-14 -1.1385e-14
1.01 7.99132e-16 -3.97115e-16 0.986073 -1.08532e-15 -8.69326e-14 -1.15599e-14
1.015 8.49949e-16 -3.91626e-16 0.986053 -1.08057e-15 -8.68746e-14 -1.17299e-14
1.02 8.39092e-16 -3.96514e-16 0.986033 -1.33541e-15 -8.6837e-14 -1.19328e-14
1.025 8.40584e-16 -3.85198e-16 0.986014 -1.42976e-15 -8.68014e-14 -1.21397e-14
1.03 8.32747e-16 -4.26825e-16 0.985994 -1.53434e-15 -8.67652e-14 -1.23476e-14
1.035 8.90456e-16 -4.65527e-16 0.985975 -1.28855e-15 -8.67489e-14 -1.25743e-14
1.04 8.92396e-16 -4.33451e-16 0.985955 -1.27237e-15 -8.67264e-14 -1.28339e-14
1.045 9.23687e-16 -4.28425e-16 0.985935 -1.4848e-15 -8.6704e-14 -1.30862e-14
1.05 9.29861e-16 -3.70934e-16 0.985916 -1.77215e-15 -8.66684e-14 -1.33271e-14
1.055 8.87533e-16 -3.98204e-16 0.985896 -1.98433e-15 -8.66312e-14 -1.35737e-14
1.06 8.97555e-16 -3.83546e-16 0.985876 -2.02314e-15 -8.65924e-14 -1.38451e-14
1.065 8.58419e-16 -3.664e-16 0.985857 -1.83305e-15 -8.65586e-14 -1.41084e-14
1.07 8.61811e-16 -3.68185e-16 0.985837 -1.62646e-15 -8.65348e-14 -1.43285e-14
1.075 8.84646e-16 -3.59438e-16 0.985818 -1.77739e-15 -8.65119e-14 -1.45498e-14
1.08 8.92832e-16 -3.73019e-16 0.985798 -1.78324e-15 -8.64864e-14 -1.47885e-14
1.085 8.70513e-16 -3.71898e-16 0.985778 -2.07934e-15 -8.64459e-14 -1.50312e-14
1.09 9.0136e-16 -3.62026e-16 0.985759 -2.05994e-15 -8.63877e-14 -1.52872e-14
1.095 9.01299e-16 -3.50612e-16 0.985739 -2.29516e-15 -8.633e-14 -1.55692e-14
1.1 8.99377e-16 -3.48357e-16 0.98572 -2.59102e-15 -8.62701e-14 -1.58409e-14
1.105 9.11489e-16 -3.53103e-16 0.9857 -2.51476e-15 -8.62201e-14 -1.6113e-14
1.11 9.49654e-16 -3.43109e-16 0.98568 -2.50277e-15 -8.61742e-14 -1.63935e-14
1.115 8.98519e-16 -3.3484e-16 0.985661 -2.54811e-15 -8.61342e-14 -1.6662e-14
1.12 9.23925e-16 -3.3176e-16 0.985641 -2.34167e-15 -8.60762e-14 -1.69332e-14
1.125 9.12633e-16 -3.31081e-16 0.985622 -2.71477e-15 -8.60355e-14 -1.72183e-14
1.13 9.36928e-16 -3.33058e-16 0.985602 -3.21805e-15 -8.59983e-14 -1.75194e-14
1.135 9.34492e-16 -3.46587e-16 0.985582 -2.90576e-15 -8.59427e-14 -1.77836e-14
1.14 9.59889e-16 -3.73428e-16 0.985563 -2.84423e-15 -8.5867e-14 -1.80363e-14
1.145 9.33462e-16 -3.93877e-16 0.985543 -2.69223e-15 -8.57834e-14 -1.82785e-14
1.15 8.99076e-16 -3.9826e-16 0.985523 -2.64522e-15 -8.5705e-14 -1.85334e-14
1.155 9.0481e-16 -4.0626e-16 0.985504 -2.82336e-15 -8.5603e-14 -1.87921e-14
1.16 9.21245e-16 -4.12119e-16 0.985484 -2.53966e-15 -8.55022e-14 -1.90518e-14
1.165 8.74795e-16 -3.81031e-16 0.985465 -2.77795e-15 -8.54298e-14 -1.93096e-14
1.17 8.69562e-16 -4.05438e-16 0.985445 -2.8258e-15 -8.53788e-14 -1.95676e-14
1.175 8.86308e-16 -3.89799e-16 0.985425 -2.8639e-15 -8.53372e-14 -1.98173e-14
1.18 8.87798e-16 -3.98933e-16 0.985406 -2.76443e-15 -8.52716e-14 -2.00786e-14
1.185 9.06409e-16 -3.83712e-16 0.985386 -2.88918e-15 -8.51859e-14 -2.03446e-14
1.19 9.24872e-16 -3.80007e-16 0.985367 -2.97279e-15 -8.51249e-14 -2.06028e-14
1.195 9.49414e-16 -3.71329e-16 0.985347 -2.64404e-15 -8.50769e-14 -2.08396e-14
1.2 9.32151e-16 -3.58534e-16 0.985327 -2.77993e-15 -8.50134e-14 -2.10641e-14
1.205 9.47147e-16 -3.67809e-16 0.985308 -2.82656e-15 -8.49531e-14 -2.12757e-14
1.21 9.78382e-16 -3.9481e-16 0.985288 -2.56667e-15 -8.48706e-14 -2.15014e-14
1.215 9.99109e-16 -4.03829e-16 0.985269 -2.73436e-15 -8.48001e-14 -2.17448e-14
1.22 9.65637e-16 -3.95113e-16 0.985249 -2.5448e-15 -8.47255e-14 -2.19646e-14
1.225 1.02573e-15 -3.95081e-16 0.985229 -2.23924e-15 -8.46472e-14 -2.21682e-14
1.23 1.04161e-15 -3.8976e-16 0.98521 -2.38775e-15 -8.45782e-14 -2.23791e-14
1.235 1.05905e-15 -3.71193e-16 0.98519 -2.04234e-15 -8.45296e-14 -2.25993e-14
1.24 1.08554e-15 -3.48407e-16 0.985171 -2.04667e-15 -8.44792e-14 -2.28111e-14
1.245 1.09924e-15 -3.66595e-16 0.985151 -2.00221e-15 -8.44231e-14 -2.30041e-14
1.25 1.08795e-15 -3.54345e-16 0.985131 -2.03546e-15 -8.43609e-14 -2.31789e-14
1.255 1.03639e-15 -3.49361e-16 0.985112 -2.04807e-15 -8.4277e-14 -2.33548e-14
1.26 1.01889e-15 -3.51059e-16 0.985092 -2.31553e-15 -8.4212e-14 -2.35221e-14
1.265 9.78784e-16 -3.36351e-16 0.985073 -2.05855e-15 -8.4161e-14 -2.37032e-14
1.27 9.77528e-16 -2.9805e-16 0.985053 -1.93933e-15 -8.41137e-14 -2.39007e-14
1.275 9.96137e-16 -3.07264e-16 0.985033 -2.07237e-15 -8.40599e-14 -2.40826e-14
1.28 1.01046e-15 -2.89216e-16 0.985014 -2.17815e-15 -8.40158e-14 -2.42661e-14
1.285 9.55828e-16 -2.59326e-16 0.984994 -2.14508e-15 -8.3977e-14 -2.44424e-14
1.29 9.82045e-16 -2.5312e-16 0.984975 -1.8887e-15 -8.39411e-14 -2.46202e-14
1.295 9.58803e-16 -2.66549e-16 0.984955 -1.95267e-15 -8.39079e-14 -2.47781e-14
1.3 9.27932e-16 -2.65491e-16 0.984935 -2.20266e-15 -8.39001e-14 -2.49522e-14
1.305 9.16209e-16 -2.68556e-16 0.984916 -2.36434e-15 -8.3898e-14 -2.51352e-14
1.31 9.3534e-16 -3.11214e-16 0.984896 -2.64717e-15 -8.39011e-14 -2.53018e-14
1.315 9.5735e-16 -3.08747e-16 0.984877 -2.73792e-15 -8.39145e-14 -2.54747e-14
1.32 9.65905e-16 -3.05562e-16 0.984857 -2.99099e-15 -8.39144e-14 -2.56358e-14
1.325 9.67995e-16 -3.07663e-16 0.984837 -2.80116e-15 -8.39194e-14 -2.57893e-14
1.33 9.52438e-16 -2.95475e-16 0.984818 -2.96935e-15 -8.39249e-14 -2.59605e-14
1.335 9.63674e-16 -2.8466e-16 0.984798 -3.35462e-15 -8.39159e-14 -2.61198e-14
1.34 9.58804e-16 -2.66251e-16 0.984779 -3.15116e-15 -8.38857e-14 -2.62697e-14
1.345 9.9668e-16 -2.84495e-16 0.984759 -3.28224e-15 -8.38322e-14 -2.63826e-14
1.35 9.86175e-16 -2.77639e-16 0.98474 -3.05639e-15 -8.37959e-14 -2.64786e-14
1.355 1.00997e-15 -2.91545e-16 0.98472 -3.08729e-15 -8.3761e-14 -2.6562e-14
1.36 9.99499e-16 -3.18849e-16 0.9847 -2.98074e-15 -8.37046e-14 -2.66436e-14
1.365 1.03102e-15 -3.18408e-16 0.984681 -2.90659e-15 -8.36512e-14 -2.67291e-14
1.37 1.0449e-15 -3.21842e-16 0.984661 -2.97994e-15 -8.36088e-14 -2.68002e-14
1.375 1.02098e-15 -3.08175e-16 0.984642 -2.94634e-15 -8.35707e-14 -2.68838e-14
1.38 1.02483e-15 -2.9596e-16 0.984622 -2.95549e-15 -8.35402e-14 -2.69375e-14
1.385 1.07414e-15 -3.11659e-16 0.984602 -2.93352e-15 -8.35212e-14 -2.69787e-14
1.39 1.07962e-15 -3.30171e-16 0.984583 -3.02421e-15 -8.34992e-14 -2.70167e-14
1.395 1.08147e-15 -3.43599e-16 0.984563 -3.25622e-15 -8.34757e-14 -2.70571e-14
1.4 1.0561e-15 -3.39306e-16 0.984544 -3.23276e-15 -8.34513e-14 -2.71076e-14
1.405 1.07001e-15 -3.44472e-16 0.984524 -3.30137e-15 -8.34243e-14 -2.71484e-14
1.41 1.01232e-15 -2.93345e-16 0.984504 -3.45455e-15 -8.34086e-14 -2.71955e-14
1.415 9.88332e-16 -2.91555e-16 0.984485 -3.67003e-15 -8.33865e-14 -2.72456e-14
1.42 1.01585e-15 -3.21477e-16 0.984465 -3.42566e-15 -8.33463e-14 -2.72761e-14
1.425 1.01416e-15 -3.45561e-16 0.984446 -3.38667e-15 -8.331e-14 -2.7318e-14
1.43 9.29631e-16 -3.38648e-16 0.984426 -3.22092e-15 -8.32873e-14 -2.73412e-14
1.435 9.64815e-16 -3.15045e-16 0.984407 -3.13062e-15 -8.32691e-14 -2.73583e-14
1.44 9.74204e-16 -3.08084e-16 0.984387 -3.26416e-15 -8.32578e-14 -2.73837e-14
1.445 9.90333e-16 -2.8847e-16 0.984367 -3.26603e-15 -8.32663e-14 -2.74295e-14
1.45 1.00317e-15 -2.85211e-16 0.984348 -3.10014e-15 -8.32587e-14 -2.74751e-14
1.455 9.91227e-16 -2.81027e-16 0.984328 -2.98982e-15 -8.32493e-14 -2.75058e-14
1.46 1.02661e-15 -3.03737e-16 0.984309 -3.22342e-15 -8.32376e-14 -2.75293e-14
1.465 1.00265e-15 -3.07141e-16 0.984289 -3.28848e-15 -8.32235e-14 -2.75592e-14
1.47 9.97661e-16 -3.02084e-16 0.984269 -3.43183e-15 -8.32028e-14 -2.75869e-14
1.475 1.01772e-15 -3.22578e-16 0.98425 -3.30588e-15 -8.31664e-14 -2.76175e-14
1.48 1.03616e-15 -3.27185e-16 0.98423 -3.44181e-15 -8.31277e-14 -2.76484e-14
1.485 1.04657e-15 -3.2972e-16 0.984211 -3.40721e-15 -8.30966e-14 -2.76715e-14
1.49 1.06323e-15 -3.1743e-16 0.984191 -3.457e-15 -8.30712e-14 -2.76914e-14
1.495 1.02696e-15 -3.24767e-16 0.984172 -3.10947e-15 -8.30613e-14 -2.77126e-14
1.5 1.00704e-15 -3.39033e-16 0.984152 -2.90764e-15 -8.30584e-14 -2.77402e-14
1.505 1.05799e-15 -3.59793e-16 0.984132 -2.80002e-15 -8.30724e-14 -2.77647e-14
1.51 1.08389e-15 -3.53892e-16 0.984113 -3.04316e-15 -8.30618e-14 -2.77781e-14
1.515 1.10715e-15 -3.42584e-16 0.984093 -2.87015e-15 -8.30438e-14 -2.77914e-14
1.52 1.12012e-15 -3.46425e-16 0.984074 -2.95494e-15 -8.30257e-14 -2.77952e-14
1.525 1.12552e-15 -3.30836e-16 0.984054 -2.99132e-15 -8.30228e-14 -2.781e-14
1.53 1.13877e-15 -3.23582e-16 0.984035 -3.14352e-15 -8.30137e-14 -2.78203e-14
1.535 1.12677e-15 -3.18044e-16 0.984015 -2.84923e-15 -8.30259e-14 -2.78304e-14
1.54 1.14895e-15 -3.37735e-16 0.983995 -2.64583e-15 -8.30177e-14 -2.78346e-14
1.545 1.12582e-15 -3.50126e-16 0.983976 -2.50095e-15 -8.3031e-14 -2.783e-14
1.55 1.15734e-15 -3.68251e-16 0.983956 -2.47932e-15 -8.3055e-14 -2.78161e-14
1.555 1.13367e-15 -3.96126e-16 0.983937 -2.58417e-15 -8.30732e-14 -2.77908e-14
1.56 1.11255e-15 -4.13752e-16 0.983917 -2.50725e-15 -8.31005e-14 -2.77657e-14
1.565 1.1099e-15 -4.50945e-16 0.983897 -2.42994e-15 -8.31411e-14 -2.77391e-14
1.57 1.0989e-15 -4.42497e-16 0.983878 -2.58763e-15 -8.31785e-14 -2.77114e-14
1.575 1.08826e-15 -4.47339e-16 0.983858 -2.48179e-15 -8.32154e-14 -2.76755e-14
1.58 1.11455e-15 -4.71985e-16 0.983839 -2.44474e-15 -8.32517e-14 -2.76428e-14
1.585 1.10974e-15 -4.98035e-16 0.983819 -2.29887e-15 -8.32987e-14 -2.7616e-14
1.59 1.13999e-15 -4.81835e-16 0.9838 -2.21403e-15 -8.33646e-14 -2.75859e-14
1.595 1.15546e-15 -4.74121e-16 0.98378 -2.26588e-15 -8.34568e-14 -2.75452e-14
1.6 1.15547e-15 -4.9971e-16 0.98376 -2.41621e-15 -8.35493e-14 -2.74979e-14
1.605 1.14842e-15 -5.25062e-16 0.983741 -2.07893e-15 -8.36123e-14 -2.74552e-14
1.61 1.1852e-15 -5.13081e-16 0.983721 -2.1146e-15 -8.36931e-14 -2.74104e-14
1.615 1.19409e-15 -5.14644e-16 0.983702 -2.0835e-15 -8.37735e-14 -2.73635e-14
1.62 1.18743e-15 -5.3945e-16 0.983682 -2.18325e-15 -8.38641e-14 -2.73159e-14
1.625 1.18882e-15 -5.71532e-16 0.983663 -2.08843e-15 -8.39574e-14 -2.72649e-14
1.63 1.21681e-15 -5.48418e-16 0.983643 -2.00715e-15 -8.40367e-14 -2.72042e-14
1.635 1.23027e-15 -5.61104e-16 0.983623 -2.09949e-15 -8.41072e-14 -2.71428e-14
1.64 1.18551e-15 -5.48171e-16 0.983604 -1.9814e-15 -8.41915e-14 -2.70797e-14
1.645 1.18374e-15 -5.67322e-16 0.983584 -2.11949e-15 -8.42795e-14 -2.70089e-14
1.65 1.20553e-15 -5.96775e-16 0.983565 -2.06e-15 -8.4381e-14 -2.69267e-14
1.655 1.18802e-15 -5.74683e-16 0.983545 -2.21232e-15 -8.44642e-14 -2.68395e-14
1.66 1.15974e-15 -5.53502e-16 0.983526 -2.25904e-15 -8.45533e-14 -2.67505e-14
1.665 1.15774e-15 -5.58942e-16 0.983506 -2.57495e-15 -8.46327e-14 -2.66691e-14
1.67 1.14605e-15 -5.48093e-16 0.983487 -2.78474e-15 -8.47178e-14 -2.65753e-14
1.675 1.14777e-15 -5.53574e-16 0.983467 -2.58851e-15 -8.47877e-14 -2.64857e-14
1.68 1.16459e-15 -5.37966e-16 0.983447 -2.56281e-15 -8.48623e-14 -2.63854e-14
1.685 1.16219e-15 -5.30568e-16 0.983428 -2.67663e-15 -8.49167e-14 -2.62856e-14
1.69 1.14537e-15 -5.1111e-16 0.983408 -2.43274e-15 -8.49755e-14 -2.62041e-14
1.695 1.14723e-15 -4.98446e-16 0.983389 -2.27183e-15 -8.50582e-14 -2.61251e-14
1.7 1.14312e-15 -4.81366e-16 0.983369 -2.4743e-15 -8.51103e-14 -2.60438e-14
1.705 1.13719e-15 -4.49456e-16 0.98335 -3.067e-15 -8.51526e-14 -2.59725e-14
1.71 1.13082e-15 -4.38451e-16 0.98333 -2.96461e-15 -8.51705e-14 -2.58866e-14
1.715 1.13063e-15 -4.31589e-16 0.98331 -3.00857e-15 -8.51782e-14 -2.57883e-14
1.72 1.12083e-15 -4.03175e-16 0.983291 -3.18217e-15 -8.51954e-14 -2.56831e-14
1.725 1.12102e-15 -4.25662e-16 0.983271 -3.07089e-15 -8.52129e-14 -2.55796e-14
1.73 1.13002e-15 -4.01695e-16 0.983252 -3.10049e-15 -8.5222e-14 -2.54778e-14
1.735 1.109e-15 -4.04039e-16 0.983232 -3.20078e-15 -8.5233e-14 -2.53746e-14
1.74 1.12218e-15 -3.90973e-16 0.983213 -3.30154e-15 -8.52602e-14 -2.52765e-14
1.745 1.14876e-15 -4.01191e-16 0.983193 -3.42312e-15 -8.52726e-14 -2.51784e-14
1.75 1.12997e-15 -4.01945e-16 0.983174 -3.04478e-15 -8.52975e-14 -2.50835e-14
1.755 1.10316e-15 -3.9336e-16 0.983154 -2.80218e-15 -8.53209e-14 -2.49923e-14
1.76 1.08147e-15 -3.92636e-16 0.983134 -2.86767e-15 -8.53528e-14 -2.4909e-14
1.765 1.04875e-15 -3.98504e-16 0.983115 -2.85318e-15 -8.53745e-14 -2.48246e-14
1.77 1.06501e-15 -3.82828e-16 0.983095 -2.62869e-15 -8.53857e-14 -2.47406e-14
1.775 1.06481e-15 -4.00069e-16 0.983076 -2.5678e-15 -8.53858e-14 -2.46539e-14
1.78 1.0702e-15 -3.92943e-16 0.983056 -2.59587e-15 -8.53809e-14 -2.4584e-14
1.785 1.04925e-15 -3.93939e-16 0.983037 -2.49544e-15 -8.53699e-14 -2.45259e-14
1.79 1.0471e-15 -3.95273e-16 0.983017 -2.28593e-15 -8.53575e-14 -2.44674e-14
1.795 1.05822e-15 -4.14261e-16 0.982997 -2.15673e-15 -8.53379e-14 -2.44128e-14
1.8 1.07378e-15 -4.07519e-16 0.982978 -2.2186e-15 -8.53092e-14 -2.43593e-14
1.805 1.09043e-15 -3.76875e-16 0.982958 -2.27973e-15 -8.52721e-14 -2.43249e-14
1.81 1.08724e-15 -3.7164e-16 0.982939 -2.26692e-15 -8.52373e-14 -2.42873e-14
1.815 1.07812e-15 -3.7457e-16 0.982919 -2.36516e-15 -8.51769e-14 -2.42692e-14
1.82 1.09344e-15 -3.83986e-16 0.9829 -2.41067e-15 -8.51184e-14 -2.42575e-14
1.825 1.07008e-15 -3.98712e-16 0.98288 -2.67721e-15 -8.50415e-14 -2.42516e-14
1.83 1.06506e-15 -3.89315e-16 0.982861 -2.80413e-15 -8.49589e-14 -2.42573e-14
1.835 1.07643e-15 -3.68585e-16 0.982841 -2.67847e-15 -8.48708e-14 -2.42766e-14
1.84 1.09014e-15 -3.8247e-16 0.982822 -2.93464e-15 -8.47729e-14 -2.42988e-14
1.845 1.08332e-15 -4.0103e-16 0.982802 -3.12359e-15 -8.46855e-14 -2.43006e-14
1.85 1.09616e-15 -4.05532e-16 0.982782 -2.88355e-15 -8.45924e-14 -2.432e-14
1.855 1.07577e-15 -3.97906e-16 0.982763 -2.90707e-15 -8.45019e-14 -2.43293e-14
1.86 1.08408e-15 -4.07075e-16 0.982743 -3.07337e-15 -8.44094e-14 -2.43488e-14
1.865 1.06934e-15 -4.24267e-16 0.982724 -2.90533e-15 -8.43235e-14 -2.43655e-14
1.87 1.07628e-15 -4.18189e-16 0.982704 -2.75869e-15 -8.42398e-14 -2.43664e-14
1.875 1.0975e-15 -4.37393e-16 0.982685 -2.98477e-15 -8.41771e-14 -2.43468e-14
1.88 1.07639e-15 -4.67905e-16 0.982665 -3.21004e-15 -8.41239e-14 -2.43204e-14
1.885 1.06541e-15 -4.53893e-16 0.982646 -3.1383e-15 -8.40642e-14 -2.42806e-14
1.89 1.07475e-15 -4.23587e-16 0.982626 -3.24749e-15 -8.40166e-14 -2.42517e-14
1.895 1.07979e-15 -4.04953e-16 0.982606 -3.27699e-15 -8.3958e-14 -2.42202e-14
1.9 1.06427e-15 -3.95963e-16 0.982587 -3.24992e-15 -8.38933e-14 -2.41865e-14
1.905 1.05839e-15 -4.08265e-16 0.982567 -3.47519e-15 -8.38186e-14 -2.41627e-14
1.91 1.07746e-15 -4.30827e-16 0.982548 -3.45353e-15 -8.37451e-14 -2.41524e-14
1.915 1.07741e-15 -4.1699e-16 0.982528 -3.2511e-15 -8.36829e-14 -2.41487e-14
1.92 1.04445e-15 -4.09256e-16 0.982509 -3.34057e-15 -8.36302e-14 -2.41327e-14
1.925 1.05271e-15 -4.07597e-16 0.982489 -3.3118e-15 -8.35789e-14 -2.41115e-14
1.93 1.04008e-15 -3.96653e-16 0.98247 -3.45844e-15 -8.35258e-14 -2.4096e-14
1.935 1.04914e-15 -3.98071e-16 0.98245 -3.44739e-15 -8.34681e-14 -2.41008e-14
1.94 1.03803e-15 -3.93087e-16 0.982431 -3.02179e-15 -8.34075e-14 -2.41039e-14
1.945 1.04033e-15 -4.13915e-16 0.982411 -3.10132e-15 -8.33719e-14 -2.41124e-14
1.95 1.03086e-15 -4.14637e-16 0.982391 -3.34204e-15 -8.33373e-14 -2.41206e-14
1.955 1.02262e-15 -4.16598e-16 0.982372 -3.193e-15 -8.33032e-14 -2.41359e-14
1.96 1.06007e-15 -3.98468e-16 0.982352 -3.26276e-15 -8.3262e-14 -2.41544e-14
1.965 1.08521e-15 -4.00384e-16 0.982333 -3.33374e-15 -8.32159e-14 -2.41471e-14
1.97 1.04879e-15 -4.1558e-16 0.982313 -3.22343e-15 -8.31622e-14 -2.41346e-14
1.975 1.07871e-15 -4.23997e-16 0.982294 -3.29439e-15 -8.31135e-14 -2.41098e-14
1.98 1.07413e-15 -4.08366e-16 0.982274 -3.44672e-15 -8.30582e-14 -2.40973e-14
1.985 1.05428e-15 -3.97454e-16 0.982255 -3.32552e-15 -8.30071e-14 -2.40758e-14
1.99 1.05365e-15 -3.73215e-16 0.982235 -3.50274e-15 -8.29412e-14 -2.40586e-14
1.995 1.03429e-15 -3.55384e-16 0.982216 -3.65324e-15 -8.28634e-14 -2.40377e-14
2 1.03339e-15 -3.35887e-16 0.982196 -3.5307e-15 -8.27812e-14 -2.40148e-14
2.005 1.04235e-15 -3.4652e-16 0.982176 -3.56384e-15 -8.26917e-14 -2.398e-14
2.01 1.06971e-15 -3.6048e-16 0.982157 -3.70097e-15 -8.26071e-14 -2.39324e-14
2.015 1.0891e-15 -3.35341e-16 0.982137 -3.66206e-15 -8.25256e-14 -2.38802e-14
2.02 1.12214e-15 -3.19151e-16 0.982118 -3.79362e-15 -8.24399e-14 -2.38496e-14
2.025 1.16009e-15 -3.15265e-16 0.982098 -3.98163e-15 -8.2364e-14 -2.38137e-14
2.03 1.15304e-15 -3.05798e-16 0.982079 -3.76262e-15 -8.22809e-14 -2.37736e-14
2.035 1.16735e-15 -2.99116e-16 0.982059 -3.79911e-15 -8.21804e-14 -2.37465e-14
2.04 1.19002e-15 -3.07173e-16 0.98204 -3.88177e-15 -8.20659e-14 -2.37324e-14
2.045 1.17526e-15 -2.97822e-16 0.98202 -3.53031e-15 -8.19483e-14 -2.37323e-14
2.05 1.15861e-15 -2.9158e-16 0.982001 -3.38774e-15 -8.18317e-14 -2.3729e-14
2.055 1.15007e-15 -2.74777e-16 0.981981 -3.36324e-15 -8.17129e-14 -2.37238e-14
2.06 1.15925e-15 -2.82273e-16 0.981962 -3.23458e-15 -8.15912e-14 -2.37102e-14
2.065 1.14624e-15 -2.77541e-16 0.981942 -3.19842e-15 -8.14546e-14 -2.37035e-14
2.07 1.14998e-15 -2.57941e-16 0.981923 -3.34509e-15 -8.13276e-14 -2.37021e-14
2.075 1.13067e-15 -2.56181e-16 0.981903 -3.5813e-15 -8.12045e-14 -2.3691e-14
2.08 1.10722e-15 -2.54867e-16 0.981883 -3.72487e-15 -8.10901e-14 -2.36816e-14
2.085 1.09629e-15 -2.365e-16 0.981864 -3.48886e-15 -8.09805e-14 -2.36741e-14
2.09 1.08638e-15 -2.34211e-16 0.981844 -3.62685e-15 -8.08569e-14 -2.3681e-14
2.095 1.08484e-15 -2.29125e-16 0.981825 -3.90287e-15 -8.07348e-14 -2.36826e-14
2.1 1.09952e-15 -2.31533e-16 0.981805 -4.07565e-15 -8.06211e-14 -2.3688e-14
2.105 1.10448e-15 -2.16182e-16 0.981786 -4.18821e-15 -8.04908e-14 -2.37e-14
2.11 1.04419e-15 -2.3028e-16 0.981766 -4.02823e-15 -8.03524e-14 -2.37215e-14
2.115 1.07634e-15 -2.23472e-16 0.981747 -4.23176e-15 -8.02117e-14 -2.37411e-14
2.12 1.10704e-15 -2.08547e-16 0.981727 -3.90144e-15 -8.00645e-14 -2.37673e-14
2.125 1.11153e-15 -2.15052e-16 0.981708 -3.83008e-15 -7.99116e-14 -2.37996e-14
2.13 1.10491e-15 -2.2235e-16 0.981688 -4.05049e-15 -7.9779e-14 -2.3843e-14
2.135 1.13543e-15 -2.41436e-16 0.981669 -3.92493e-15 -7.9664e-14 -2.38808e-14
2.14 1.12302e-15 -2.75571e-16 0.981649 -3.70283e-15 -7.95524e-14 -2.39205e-14
2.145 1.09017e-15 -2.53043e-16 0.98163 -3.77982e-15 -7.94447e-14 -2.39724e-14
2.15 1.12139e-15 -2.41868e-16 0.98161 -3.39457e-15 -7.93276e-14 -2.40296e-14
2.155 1.11857e-15 -2.44689e-16 0.98159 -3.71781e-15 -7.92188e-14 -2.40613e-14
2.16 1.14532e-15 -2.40925e-16 0.981571 -3.83851e-15 -7.91112e-14 -2.40936e-14
2.165 1.15724e-15 -2.39406e-16 0.981551 -3.52264e-15 -7.89981e-14 -2.41374e-14
2.17 1.17678e-15 -2.57969e-16 0.981532 -3.46119e-15 -7.88864e-14 -2.4169e-14
2.175 1.16613e-15 -2.97132e-16 0.981512 -3.23376e-15 -7.87728e-14 -2.42003e-14
2.18 1.15651e-15 -3.06498e-16 0.981493 -2.96743e-15 -7.86669e-14 -2.42285e-14
2.185 1.15979e-15 -3.07603e-16 0.981473 -2.95812e-15 -7.8577e-14 -2.42673e-14
2.19 1.14486e-15 -2.97074e-16 0.981454 -3.04255e-15 -7.85024e-14 -2.43113e-14
2.195 1.15721e-15 -2.82979e-16 0.981434 -3.16796e-15 -7.84371e-14 -2.43547e-14
2.2 1.16582e-15 -2.86117e-16 0.981415 -3.44565e-15 -7.83731e-14 -2.44093e-14
2.205 1.1772e-15 -2.77618e-16 0.981395 -3.64284e-15 -7.8313e-14 -2.44526e-14
2.21 1.19183e-15 -2.74124e-16 0.981376 -3.57716e-15 -7.82558e-14 -2.44863e-14
2.215 1.15451e-15 -2.83398e-16 0.981356 -3.42334e-15 -7.8202e-14 -2.45354e-14
2.22 1.15646e-15 -2.73576e-16 0.981337 -3.28296e-15 -7.81333e-14 -2.45776e-14
2.225 1.17171e-15 -2.62248e-16 0.981317 -3.1708e-15 -7.80696e-14 -2.46098e-14
2.23 1.16221e-15 -2.51436e-16 0.981298 -2.99981e-15 -7.80024e-14 -2.46386e-14
2.235 1.16159e-15 -2.4959e-16 0.981278 -3.06314e-15 -7.7948e-14 -2.46566e-14
2.24 1.15161e-15 -2.39846e-16 0.981259 -3.40599e-15 -7.7915e-14 -2.46564e-14
2.245 1.15649e-15 -2.33368e-16 0.981239 -3.86355e-15 -7.78935e-14 -2.46617e-14
2.25 1.12648e-15 -2.32556e-16 0.98122 -3.94844e-15 -7.78703e-14 -2.46572e-14
2.255 1.11996e-15 -2.14408e-16 0.9812 -4.01664e-15 -7.78546e-14 -2.46505e-14
2.26 1.1244e-15 -2.40187e-16 0.98118 -3.76201e-15 -7.7824e-14 -2.464e-14
2.265 1.14841e-15 -2.49104e-16 0.981161 -3.79582e-15 -7.77899e-14 -2.46325e-14
2.27 1.16705e-15 -2.57068e-16 0.981141 -4.06036e-15 -7.77431e-14 -2.46352e-14
2.275 1.16806e-15 -2.33158e-16 0.981122 -4.09328e-15 -7.76873e-14 -2.46306e-14
2.28 1.12636e-15 -2.54924e-16 0.981102 -3.92183e-15 -7.76414e-14 -2.46226e-14
2.285 1.14863e-15 -2.61791e-16 0.981083 -4.00953e-15 -7.75913e-14 -2.46081e-14
2.29 1.13571e-15 -2.82376e-16 0.981063 -4.14849e-15 -7.75532e-14 -2.45886e-14
2.295 1.13927e-15 -2.80039e-16 0.981044 -4.36226e-15 -7.75203e-14 -2.45626e-14
2.3 1.12708e-15 -2.79539e-16 0.981024 -4.67038e-15 -7.74892e-14 -2.45317e-14
2.305 1.13753e-15 -2.98794e-16 0.981005 -4.60982e-15 -7.74583e-14 -2.45141e-14
2.31 1.1445e-15 -2.89458e-16 0.980985 -4.6245e-15 -7.74309e-14 -2.44878e-14
2.315 1.15414e-15 -2.84497e-16 0.980966 -4.69777e-15 -7.74013e-14 -2.44596e-14
2.32 1.15095e-15 -2.82163e-16 0.980946 -4.37136e-15 -7.73697e-14 -2.44424e-14
2.325 1.14945e-15 -2.83621e-16 0.980927 -4.24156e-15 -7.73537e-14 -2.44302e-14
2.33 1.15474e-15 -2.80466e-16 0.980907 -4.39018e-15 -7.73367e-14 -2.44089e-14
2.335 1.13988e-15 -2.69821e-16 0.980888 -4.16917e-15 -7.73185e-14 -2.43724e-14
2.34 1.13706e-15 -2.57517e-16 0.980868 -4.26969e-15 -7.72986e-14 -2.43393e-14
2.345 1.15286e-15 -2.72638e-16 0.980849 -3.96697e-15 -7.72694e-14 -2.43145e-14
2.35 1.18921e-15 -2.70478e-16 0.980829 -3.63624e-15 -7.7253e-14 -2.42823e-14
2.355 1.14328e-15 -2.72505e-16 0.98081 -3.31622e-15 -7.72343e-14 -2.42503e-14
2.36 1.14238e-15 -2.81362e-16 0.98079 -3.49001e-15 -7.72176e-14 -2.42244e-14
2.365 1.12538e-15 -3.04447e-16 0.980771 -3.4577e-15 -7.72051e-14 -2.42026e-14
2.37 1.13975e-15 -2.91951e-16 0.980751 -3.79095e-15 -7.71712e-14 -2.41714e-14
2.375 1.15447e-15 -2.93039e-16 0.980732 -4.05462e-15 -7.71433e-14 -2.41455e-14
2.38 1.15175e-15 -2.80748e-16 0.980712 -3.86055e-15 -7.71259e-14 -2.41301e-14
2.385 1.15965e-15 -2.61166e-16 0.980693 -3.79093e-15 -7.71155e-14 -2.4138e-14
2.39 1.14625e-15 -2.48e-16 0.980673 -4.04943e-15 -7.71027e-14 -2.41518e-14
2.395 1.16446e-15 -2.64069e-16 0.980654 -4.15765e-15 -7.70925e-14 -2.41659e-14
2.4 1.16287e-15 -2.87576e-16 0.980634 -4.06102e-15 -7.70965e-14 -2.41919e-14
2.405 1.19728e-15 -2.88617e-16 0.980615 -3.85162e-15 -7.71216e-14 -2.4219e-14
2.41 1.1983e-15 -3.29012e-16 0.980595 -3.96481e-15 -7.71403e-14 -2.42404e-14
2.415 1.21428e-15 -3.51998e-16 0.980576 -3.67076e-15 -7.71494e-14 -2.42593e-14
2.42 1.21499e-15 -3.40909e-16 0.980556 -3.62944e-15 -7.71521e-14 -2.42781e-14
2.425 1.22242e-15 -3.23824e-16 0.980537 -3.58032e-15 -7.7149e-14 -2.43049e-14
2.43 1.22796e-15 -3.42828e-16 0.980517 -3.71529e-15 -7.71478e-14 -2.43315e-14
2.435 1.21743e-15 -3.34065e-16 0.980498 -3.8718e-15 -7.71458e-14 -2.43571e-14
2.44 1.19694e-15 -3.50497e-16 0.980478 -4.18948e-15 -7.7141e-14 -2.43892e-14
2.445 1.21499e-15 -3.6454e-16 0.980458 -4.06325e-15 -7.71386e-14 -2.4433e-14
2.45 1.20328e-15 -3.54836e-16 0.980439 -4.01677e-15 -7.71398e-14 -2.4465e-14
2.455 1.20138e-15 -3.50012e-16 0.980419 -3.80051e-15 -7.71383e-14 -2.44944e-14
2.46 1.19723e-15 -3.6392e-16 0.9804 -3.79899e-15 -7.71284e-14 -2.45129e-14
2.465 1.18619e-15 -3.82453e-16 0.98038 -3.96025e-15 -7.71281e-14 -2.45208e-14
2.47 1.14782e-15 -3.65632e-16 0.980361 -3.47919e-15 -7.71214e-14 -2.45245e-14
2.475 1.16912e-15 -3.67598e-16 0.980341 -3.54945e-15 -7.7119e-14 -2.45374e-14
2.48 1.16474e-15 -3.43669e-16 0.980322 -3.41386e-15 -7.71109e-14 -2.45582e-14
2.485 1.18505e-15 -3.65441e-16 0.980302 -3.3997e-15 -7.7095e-14 -2.45826e-14
2.49 1.18234e-15 -3.61806e-16 0.980283 -3.26152e-15 -7.70883e-14 -2.46117e-14
2.495 1.21456e-15 -3.53462e-16 0.980263 -3.21046e-15 -7.70769e-14 -2.46329e-14
2.5 3.90022e-05 -3.53592e-16 0.980224 -3.08345e-15 -7.70975e-14 -2.46756e-14
