0 0 0 1 0 0 0
0.01 0.000159183 -3.89543e-16 0.999841 1.32781e-16 -4.79678e-16 -1.5957e-15
0.02 0.000636493 -2.50041e-16 0.999363 1.32483e-16 -7.75755e-16 -3.54805e-15
0.03 0.00143122 -2.6003e-16 0.998569 1.36123e-16 -1.04614e-15 -5.41248e-15
0.04 0.00254218 -7.79875e-17 0.997458 1.36065e-16 -1.29285e-15 -7.29734e-15
0.05 0.00396774 1.05335e-17 0.996033 1.39052e-16 -1.48888e-15 -9.27146e-15
0.06 0.00570581 -6.80633e-17 0.994295 1.35173e-16 -1.66773e-15 -1.11799e-14
0.07 0.00775386 -2.22212e-16 0.992247 1.3365e-16 -1.84848e-15 -1.32086e-14
0.08 0.0101089 -1.26342e-16 0.989893 1.22431e-16 -2.01184e-15 -1.53199e-14
0.09 0.0127675 -4.61603e-17 0.987234 1.188e-16 -2.1511e-15 -1.72081e-14
0.1 0.0157258 4.15452e-17 0.984276 1.1794e-16 -2.26257e-15 -1.89735e-14
0.11 0.0189796 2.09431e-16 0.981023 1.19211e-16 -2.33726e-15 -2.06196e-14
0.12 0.0225242 2.62309e-16 0.977478 1.09852e-16 -2.37547e-15 -2.22488e-14
0.13 0.0263546 5.18624e-17 0.973648 1.0648e-16 -2.38263e-15 -2.38907e-14
0.14 0.0304654 2.47071e-17 0.969537 9.94414e-17 -2.34695e-15 -2.54153e-14
0.15 0.0348507 1.02374e-18 0.965152 9.38432e-17 -2.2977e-15 -2.67846e-14
0.16 0.0395044 -7.27697e-17 0.960499 8.6763e-17 -2.1919e-15 -2.82722e-14
0.17 0.0444201 -1.10168e-17 0.955583 7.0967e-17 -2.06335e-15 -2.98624e-14
0.18 0.0495909 -6.15501e-17 0.950412 3.60654e-17 -1.91522e-15 -3.13816e-14
0.19 0.0550098 1.66823e-16 0.944993 7.91809e-18 -1.73642e-15 -3.28051e-14
0.2 0.0606693 3.92267e-16 0.939334 -8.06082e-17 -1.53258e-15 -3.41744e-14
0.21 0.0665618 4.01161e-16 0.933441 -1.72561e-16 -1.28916e-15 -3.5652e-14
0.22 0.0726794 6.10111e-16 0.927324 -2.74285e-16 -1.01678e-15 -3.71627e-14
0.23 0.0790139 8.78661e-16 0.920989 -3.92805e-16 -7.038e-16 -3.87485e-14
0.24 0.085557 9.98141e-16 0.914446 -4.76653e-16 -3.64012e-16 -4.02989e-14
0.25 0.0923002 8.67052e-16 0.907703 -4.37057e-16 5.22844e-18 -4.18733e-14
0.26 0.0992346 8.08319e-16 0.900768 -3.61643e-16 3.96377e-16 -4.33731e-14
0.27 0.106352 8.24279e-16 0.893651 -3.51775e-16 8.09889e-16 -4.48813e-14
0.28 0.113642 7.18616e-16 0.886361 -3.09979e-16 1.25102e-15 -4.63523e-14
0.29 0.121097 6.4244e-16 0.878906 -2.9878e-16 1.70815e-15 -4.77943e-14
0.3 0.128707 7.26688e-16 0.871296 -2.37996e-16 2.22085e-15 -4.92094e-14
0.31 0.136462 6.6738e-16 0.86354 -2.54347e-16 2.74805e-15 -5.06289e-14
0.32 0.144355 9.94984e-16 0.855648 -3.27866e-16 3.27959e-15 -5.19565e-14
0.33 0.152374 1.0988e-15 0.847628 -3.95346e-16 3.83771e-15 -5.32532e-14
0.34 0.160512 9.46244e-16 0.839491 -4.69209e-16 4.39143e-15 -5.45315e-14
0.35 0.168758 8.87998e-16 0.831245 -4.68995e-16 4.97388e-15 -5.58188e-14
0.36 0.177103 9.66566e-16 0.8229 -4.92364e-16 5.57711e-15 -5.71458e-14
0.37 0.185538 1.02473e-15 0.814465 -5.60675e-16 6.194e-15 -5.84143e-14
0.38 0.194053 8.84484e-16 0.805949 -4.71407e-16 6.83212e-15 -5.96461e-14
0.39 0.20264 6.13634e-16 0.797362 -4.21196e-16 7.48039e-15 -6.08217e-14
0.4 0.211289 8.42855e-16 0.788713 -3.44196e-16 8.14968e-15 -6.19682e-14
0.41 0.219992 7.30445e-16 0.78001 -2.74014e-16 8.85178e-15 -6.31211e-14
0.42 0.22874 7.52256e-16 0.771262 -2.22658e-16 9.56743e-15 -6.4228e-14
0.43 0.237524 8.86426e-16 0.762478 -1.47273e-16 1.03218e-14 -6.52647e-14
0.44 0.246335 1.15086e-15 0.753667 -1.39297e-16 1.10777e-14 -6.62808e-14
0.45 0.255165 1.17969e-15 0.744837 -1.97265e-16 1.18501e-14 -6.73282e-14
0.46 0.264006 1.32798e-15 0.735995 -3.36654e-16 1.26436e-14 -6.83303e-14
0.47 0.272851 1.80187e-15 0.727151 -8.77178e-16 1.34422e-14 -6.928e-14
0.48 0.28169 2.51229e-15 0.718311 -1.49649e-15 1.42495e-14 -7.01734e-14
0.49 0.290517 3.31998e-15 0.709484 -2.37194e-15 1.50351e-14 -7.11014e-14
0.5 0.299325 3.57425e-15 0.700676 -3.08874e-15 1.57853e-14 -7.20504e-14
0.51 0.308106 4.19249e-15 0.691895 -3.80722e-15 1.64697e-14 -7.29749e-14
0.52 0.316853 5.0939e-15 0.683147 -4.53241e-15 1.7163e-14 -7.38736e-14
0.53 0.325561 5.65599e-15 0.67444 -5.1321e-15 1.7804e-14 -7.46717e-14
0.54 0.334221 6.07627e-15 0.665779 -5.53704e-15 1.8357e-14 -7.53687e-14
0.55 0.342829 6.42836e-15 0.657171 -5.85657e-15 1.8768e-14 -7.60344e-14
0.56 0.351379 7.12626e-15 0.648622 -6.12e-15 1.90843e-14 -7.66064e-14
0.57 0.359864 7.46162e-15 0.640136 -6.0889e-15 1.92857e-14 -7.7168e-14
0.58 0.36828 7.32519e-15 0.63172 -5.99329e-15 1.93459e-14 -7.77036e-14
0.59 0.376622 6.85105e-15 0.623378 -5.49419e-15 1.92383e-14 -7.8367e-14
0.6 0.384885 6.46858e-15 0.615116 -5.14208e-15 1.90269e-14 -7.90495e-14
0.61 0.393063 6.11932e-15 0.606937 -4.7711e-15 1.86716e-14 -7.97891e-14
0.62 0.401154 5.77818e-15 0.598846 -4.42973e-15 1.81923e-14 -8.04577e-14
0.63 0.409154 5.55064e-15 0.590846 -4.05976e-15 1.75522e-14 -8.11073e-14
0.64 0.417057 4.9925e-15 0.582943 -3.66687e-15 1.68627e-14 -8.17751e-14
0.65 0.424862 4.49192e-15 0.575138 -3.31687e-15 1.59558e-14 -8.23152e-14
0.66 0.432565 4.08867e-15 0.567435 -2.89042e-15 1.48792e-14 -8.28517e-14
0.67 0.440162 3.73926e-15 0.559838 -2.4261e-15 1.36859e-14 -8.32929e-14
0.68 0.447652 3.17307e-15 0.552347 -1.90446e-15 1.2194e-14 -8.3568e-14
0.69 0.455033 2.71306e-15 0.544967 -1.39949e-15 1.04716e-14 -8.36436e-14
0.7 0.462301 2.2344e-15 0.537699 -8.51144e-16 8.60267e-15 -8.36775e-14
0.71 0.469455 1.56654e-15 0.530545 -2.61512e-16 6.55642e-15 -8.38288e-14
0.72 0.476493 9.79325e-16 0.523506 3.39205e-16 4.41747e-15 -8.39662e-14
0.73 0.483415 5.5243e-16 0.516585 8.48671e-16 1.86237e-15 -8.41392e-14
0.74 0.490219 2.44461e-16 0.509781 1.1521e-15 -7.69436e-16 -8.42284e-14
0.75 0.496903 -1.30502e-17 0.503097 1.41725e-15 -3.54167e-15 -8.43584e-14
0.76 0.503468 -3.33827e-16 0.496532 1.60175e-15 -6.3062e-15 -8.43903e-14
0.77 0.509912 -6.38208e-16 0.490088 1.7646e-15 -9.06021e-15 -8.43911e-14
0.78 0.516236 -6.56945e-16 0.483764 1.87723e-15 -1.17623e-14 -8.4458e-14
0.79 0.522439 -7.59776e-16 0.477561 1.98022e-15 -1.41617e-14 -8.45557e-14
0.8 0.528521 -7.59034e-16 0.471479 2.02042e-15 -1.67223e-14 -8.48471e-14
0.81 0.534483 -8.4315e-16 0.465517 2.05199e-15 -1.93543e-14 -8.52861e-14
0.82 0.540325 -7.15771e-16 0.459675 2.08225e-15 -2.20389e-14 -8.59102e-14
0.83 0.546047 -6.34706e-16 0.453953 2.09999e-15 -2.47012e-14 -8.65403e-14
0.84 0.551651 -6.28003e-16 0.448349 2.11862e-15 -2.73372e-14 -8.71493e-14
0.85 0.557137 -6.74296e-16 0.442863 2.16492e-15 -2.98836e-14 -8.79108e-14
0.86 0.562507 -8.08526e-16 0.437493 2.22377e-15 -3.23943e-14 -8.87193e-14
0.87 0.567761 -1.09715e-15 0.432239 2.45153e-15 -3.47838e-14 -8.96326e-14
0.88 0.572901 -1.02232e-15 0.427099 2.64869e-15 -3.70398e-14 -9.05504e-14
0.89 0.577929 -1.08319e-15 0.422071 2.79677e-15 -3.93134e-14 -9.14253e-14
0.9 0.582845 -1.11479e-15 0.417155 2.92885e-15 -4.13686e-14 -9.23242e-14
0.91 0.587653 -1.24476e-15 0.412348 3.03203e-15 -4.32205e-14 -9.33312e-14
0.92 0.592352 -1.25687e-15 0.407648 3.08323e-15 -4.50118e-14 -9.45227e-14
0.93 0.596946 -1.10803e-15 0.403054 3.14877e-15 -4.6679e-14 -9.57421e-14
0.94 0.601437 -1.25253e-15 0.398563 3.20816e-15 -4.81424e-14 -9.70034e-14
0.95 0.605826 -1.26744e-15 0.394174 3.23472e-15 -4.93629e-14 -9.81858e-14
0.96 0.610116 -1.16464e-15 0.389885 3.23862e-15 -5.03381e-14 -9.92631e-14
0.97 0.614308 -1.12968e-15 0.385692 3.23136e-15 -5.11213e-14 -1.00304e-13
0.98 0.618406 -1.22114e-15 0.381595 3.23268e-15 -5.16468e-14 -1.01343e-13
0.99 0.622411 -1.35178e-15 0.37759 3.21193e-15 -5.19787e-14 -1.02269e-13
1 0.626326 -1.24685e-15 0.373675 3.18394e-15 -5.22043e-14 -1.03177e-13
1.01 0.630153 -1.26349e-15 0.369848 3.10335e-15 -5.23752e-14 -1.04188e-13
1.02 0.633895 -1.13523e-15 0.366105 3.00325e-15 -5.24567e-14 -1.05287e-13
1.03 0.637555 -1.00551e-15 0.362446 2.84871e-15 -5.23383e-14 -1.06301e-13
1.04 0.641134 -9.03584e-16 0.358866 2.65206e-15 -5.20938e-14 -1.07269e-13
1.05 0.644637 -6.63329e-16 0.355364 2.41542e-15 -5.16757e-14 -1.08169e-13
1.06 0.648064 -4.46779e-16 0.351937 2.13187e-15 -5.09707e-14 -1.0897e-13
1.07 0.651419 -1.0608e-16 0.348582 1.81093e-15 -5.01442e-14 -1.09845e-13
1.08 0.654705 1.55944e-16 0.345296 1.4509e-15 -4.90506e-14 -1.10542e-13
1.09 0.657923 7.03495e-16 0.342077 1.04894e-15 -4.77771e-14 -1.11212e-13
1.1 0.661078 1.25508e-15 0.338923 5.91557e-16 -4.6397e-14 -1.11792e-13
1.11 0.664171 1.91166e-15 0.33583 9.99815e-17 -4.495e-14 -1.12222e-13
1.12 0.667205 2.38014e-15 0.332796 -4.29573e-16 -4.33394e-14 -1.1265e-13
1.13 0.670182 2.89383e-15 0.329819 -1.0061e-15 -4.16781e-14 -1.12946e-13
1.14 0.673106 3.35022e-15 0.326895 -1.60468e-15 -3.99325e-14 -1.13281e-13
1.15 0.675979 4.00307e-15 0.324022 -2.2124e-15 -3.80635e-14 -1.13645e-13
1.16 0.678803 4.62963e-15 0.321198 -2.8521e-15 -3.61708e-14 -1.14021e-13
1.17 0.681581 5.30331e-15 0.31842 -3.5033e-15 -3.42573e-14 -1.1421e-13
1.18 0.684316 5.9819e-15 0.315685 -4.17387e-15 -3.22609e-14 -1.14341e-13
1.19 0.68701 6.77565e-15 0.312991 -4.86454e-15 -3.02865e-14 -1.14555e-13
1.2 0.689664 7.56006e-15 0.310336 -5.58462e-15 -2.81514e-14 -1.14765e-13
1.21 0.692283 8.25487e-15 0.307718 -6.31616e-15 -2.60325e-14 -1.15011e-13
1.22 0.694868 8.97741e-15 0.305133 -7.0527e-15 -2.37556e-14 -1.15152e-13
1.23 0.697421 9.84646e-15 0.30258 -7.77904e-15 -2.13319e-14 -1.1518e-13
1.24 0.699945 1.06998e-14 0.300056 -8.51897e-15 -1.89059e-14 -1.15192e-13
1.25 0.702442 1.13322e-14 0.297559 -9.25863e-15 -1.64961e-14 -1.15173e-13
1.26 0.704913 1.19719e-14 0.295088 -9.97372e-15 -1.40127e-14 -1.15189e-13
1.27 0.707361 1.27437e-14 0.292639 -1.06781e-14 -1.15714e-14 -1.15131e-13
1.28 0.709789 1.34828e-14 0.290212 -1.14018e-14 -9.17524e-15 -1.15002e-13
1.29 0.712197 1.41362e-14 0.287804 -1.21241e-14 -6.6546e-15 -1.14864e-13
1.3 0.714588 1.48085e-14 0.285413 -1.28642e-14 -4.07057e-15 -1.147e-13
1.31 0.716963 1.55772e-14 0.283038 -1.35931e-14 -1.41036e-15 -1.14531e-13
1.32 0.719325 1.62638e-14 0.280676 -1.43058e-14 1.2523e-15 -1.14356e-13
1.33 0.721674 1.70077e-14 0.278327 -1.50271e-14 3.81706e-15 -1.14126e-13
1.34 0.724013 1.7854e-14 0.275988 -1.57577e-14 6.24246e-15 -1.13854e-13
1.35 0.726342 1.85278e-14 0.273659 -1.64973e-14 8.5875e-15 -1.13457e-13
1.36 0.728664 1.92752e-14 0.271337 -1.72184e-14 1.10138e-14 -1.12964e-13
1.37 0.730979 1.99996e-14 0.269022 -1.79365e-14 1.33793e-14 -1.12398e-13
1.38 0.733289 2.06786e-14 0.266712 -1.86252e-14 1.56806e-14 -1.11772e-13
1.39 0.735595 2.14441e-14 0.264406 -1.92931e-14 1.80234e-14 -1.1106e-13
1.4 0.737897 2.20874e-14 0.262103 -1.99339e-14 2.03597e-14 -1.10226e-13
1.41 0.740198 2.27181e-14 0.259803 -2.05793e-14 2.26324e-14 -1.09298e-13
1.42 0.742497 2.3374e-14 0.257504 -2.11969e-14 2.48598e-14 -1.08274e-13
1.43 0.744796 2.40169e-14 0.255205 -2.17801e-14 2.69855e-14 -1.07296e-13
1.44 0.747095 2.45308e-14 0.252906 -2.2302e-14 2.91181e-14 -1.06334e-13
1.45 0.749395 2.50513e-14 0.250606 -2.27947e-14 3.11739e-14 -1.05392e-13
1.46 0.751696 2.54331e-14 0.248305 -2.3232e-14 3.31123e-14 -1.04393e-13
1.47 0.754 2.58568e-14 0.246001 -2.3636e-14 3.49911e-14 -1.03401e-13
1.48 0.756305 2.62202e-14 0.243696 -2.39907e-14 3.67448e-14 -1.02449e-13
1.49 0.758613 2.65926e-14 0.241388 -2.42959e-14 3.84304e-14 -1.01616e-13
1.5 0.760924 2.68348e-14 0.239077 -2.45308e-14 4.01422e-14 -1.00764e-13
1.51 0.763237 2.70951e-14 0.236764 -2.47147e-14 4.17101e-14 -9.99365e-14
1.52 0.765554 2.72305e-14 0.234447 -2.48595e-14 4.31395e-14 -9.90354e-14
1.53 0.767873 2.7281e-14 0.232128 -2.49623e-14 4.45193e-14 -9.81181e-14
1.54 0.770195 2.73105e-14 0.229806 -2.4998e-14 4.58653e-14 -9.70906e-14
1.55 0.77252 2.72319e-14 0.227481 -2.49642e-14 4.73067e-14 -9.60156e-14
1.56 0.774847 2.72105e-14 0.225154 -2.48899e-14 4.86097e-14 -9.48948e-14
1.57 0.777176 2.70614e-14 0.222825 -2.47829e-14 4.97652e-14 -9.37843e-14
1.58 0.779507 2.69347e-14 0.220494 -2.46196e-14 5.08342e-14 -9.25521e-14
1.59 0.781839 2.67265e-14 0.218162 -2.44012e-14 5.19181e-14 -9.12346e-14
1.6 0.784172 2.64628e-14 0.215829 -2.41468e-14 5.29902e-14 -8.99173e-14
1.61 0.786505 2.62731e-14 0.213497 -2.38502e-14 5.41007e-14 -8.85088e-14
1.62 0.788837 2.59728e-14 0.211164 -2.35011e-14 5.52416e-14 -8.697e-14
1.63 0.791168 2.56046e-14 0.208833 -2.31419e-14 5.63798e-14 -8.54365e-14
1.64 0.793498 2.52238e-14 0.206503 -2.27395e-14 5.75567e-14 -8.38648e-14
1.65 0.795826 2.48256e-14 0.204176 -2.23183e-14 5.86575e-14 -8.2241e-14
1.66 0.79815 2.43901e-14 0.201852 -2.18826e-14 5.9763e-14 -8.06401e-14
1.67 0.80047 2.39058e-14 0.199531 -2.14188e-14 6.08592e-14 -7.90494e-14
1.68 0.802786 2.34158e-14 0.197216 -2.09461e-14 6.19864e-14 -7.75342e-14
1.69 0.805096 2.28437e-14 0.194906 -2.0454e-14 6.30638e-14 -7.59732e-14
1.7 0.807399 2.23207e-14 0.192602 -1.9942e-14 6.4165e-14 -7.43821e-14
1.71 0.809696 2.18112e-14 0.190306 -1.94343e-14 6.53251e-14 -7.28111e-14
1.72 0.811983 2.12823e-14 0.188018 -1.8927e-14 6.65688e-14 -7.12465e-14
1.73 0.814262 2.07393e-14 0.18574 -1.84182e-14 6.78389e-14 -6.97026e-14
1.74 0.816531 2.01316e-14 0.183471 -1.78856e-14 6.91062e-14 -6.80534e-14
1.75 0.818788 1.95076e-14 0.181214 -1.73334e-14 7.03758e-14 -6.63725e-14
1.76 0.821033 1.89494e-14 0.178968 -1.67801e-14 7.16744e-14 -6.4722e-14
1.77 0.823266 1.83984e-14 0.176736 -1.62286e-14 7.30018e-14 -6.30362e-14
1.78 0.825484 1.79034e-14 0.174518 -1.56754e-14 7.44002e-14 -6.13451e-14
1.79 0.827687 1.73179e-14 0.172315 -1.51291e-14 7.57977e-14 -5.95452e-14
1.8 0.829875 1.67285e-14 0.170127 -1.45679e-14 7.72438e-14 -5.77195e-14
1.81 0.832045 1.61514e-14 0.167957 -1.40152e-14 7.86702e-14 -5.58009e-14
1.82 0.834198 1.56468e-14 0.165804 -1.34704e-14 8.00686e-14 -5.38657e-14
1.83 0.836332 1.50819e-14 0.16367 -1.29287e-14 8.15153e-14 -5.19218e-14
1.84 0.838447 1.45667e-14 0.161555 -1.24056e-14 8.30074e-14 -4.99836e-14
1.85 0.840541 1.40825e-14 0.159461 -1.18991e-14 8.45051e-14 -4.80596e-14
1.86 0.842615 1.35974e-14 0.157388 -1.14103e-14 8.59075e-14 -4.6142e-14
1.87 0.844666 1.31262e-14 0.155337 -1.09305e-14 8.72554e-14 -4.42528e-14
1.88 0.846695 1.26358e-14 0.153308 -1.04587e-14 8.85139e-14 -4.23525e-14
1.89 0.8487 1.21722e-14 0.151303 -9.98581e-15 8.97816e-14 -4.05501e-14
1.9 0.850681 1.17197e-14 0.149322 -9.52832e-15 9.10832e-14 -3.87279e-14
1.91 0.852637 1.13261e-14 0.147365 -9.07773e-15 9.23887e-14 -3.69399e-14
1.92 0.854568 1.09127e-14 0.145435 -8.66424e-15 9.3673e-14 -3.51507e-14
1.93 0.856473 1.0553e-14 0.14353 -8.26163e-15 9.47234e-14 -3.33853e-14
1.94 0.858352 1.01692e-14 0.141651 -7.88257e-15 9.60873e-14 -3.17735e-14
1.95 0.860203 9.82555e-15 0.1398 -7.52805e-15 9.75963e-14 -3.03004e-14
1.96 0.862026 9.5364e-15 0.137977 -7.24829e-15 9.91285e-14 -2.88819e-14
1.97 0.863822 9.32556e-15 0.136181 -7.04331e-15 1.00568e-13 -2.74674e-14
1.98 0.865589 9.15686e-15 0.134414 -6.90119e-15 1.01965e-13 -2.60959e-14
1.99 0.867327 9.11352e-15 0.132676 -6.825e-15 1.03273e-13 -2.48506e-14
2 0.869037 9.09036e-15 0.130966 -6.83042e-15 1.04459e-13 -2.36842e-14
2.01 0.870717 9.16672e-15 0.129286 -6.91952e-15 1.0549e-13 -2.25623e-14
2.02 0.872368 9.33605e-15 0.127635 -7.11623e-15 1.06548e-13 -2.15116e-14
2.03 0.873989 9.66131e-15 0.126014 -7.40806e-15 1.07519e-13 -2.04166e-14
2.04 0.875581 1.00417e-14 0.124422 -7.78653e-15 1.08522e-13 -1.93067e-14
2.05 0.877143 1.05061e-14 0.122861 -8.2543e-15 1.09673e-13 -1.82648e-14
2.06 0.878675 1.10735e-14 0.121329 -8.80473e-15 1.10705e-13 -1.74099e-14
2.07 0.880176 1.17662e-14 0.119827 -9.44859e-15 1.11883e-13 -1.65437e-14
2.08 0.881648 1.25325e-14 0.118355 -1.0172e-14 1.13137e-13 -1.56698e-14
2.09 0.883091 1.3369e-14 0.116913 -1.09744e-14 1.14444e-13 -1.49256e-14
2.1 0.884503 1.42293e-14 0.115501 -1.18454e-14 1.15717e-13 -1.43123e-14
2.11 0.885886 1.51189e-14 0.114118 -1.27478e-14 1.16987e-13 -1.36239e-14
2.12 0.887239 1.6086e-14 0.112765 -1.36981e-14 1.1818e-13 -1.29722e-14
2.13 0.888563 1.70982e-14 0.111441 -1.46767e-14 1.19311e-13 -1.23424e-14
2.14 0.889857 1.81493e-14 0.110147 -1.57181e-14 1.20522e-13 -1.16946e-14
2.15 0.891123 1.92376e-14 0.108881 -1.67889e-14 1.21661e-13 -1.11635e-14
2.16 0.892361 2.02692e-14 0.107643 -1.78383e-14 1.22713e-13 -1.06107e-14
2.17 0.89357 2.12875e-14 0.106434 -1.88469e-14 1.23784e-13 -1.01053e-14
2.18 0.894752 2.2273e-14 0.105252 -1.98384e-14 1.24811e-13 -9.59923e-15
2.19 0.895907 2.32418e-14 0.104097 -2.082e-14 1.25864e-13 -9.08877e-15
2.2 0.897035 2.41978e-14 0.102969 -2.17841e-14 1.2703e-13 -8.79315e-15
2.21 0.898137 2.51437e-14 0.101867 -2.27208e-14 1.28305e-13 -8.74145e-15
2.22 0.899214 2.60816e-14 0.10079 -2.36157e-14 1.29656e-13 -8.82009e-15
2.23 0.900265 2.69304e-14 0.0997389 -2.44665e-14 1.31123e-13 -9.08787e-15
2.24 0.901292 2.7787e-14 0.0987119 -2.53124e-14 1.32723e-13 -9.48249e-15
2.25 0.902295 2.85601e-14 0.0977086 -2.60883e-14 1.34414e-13 -9.91049e-15
2.26 0.903276 2.92903e-14 0.0967286 -2.67969e-14 1.35825e-13 -1.0294e-14
2.27 0.904233 2.9869e-14 0.0957709 -2.73807e-14 1.36994e-13 -1.06122e-14
2.28 0.905169 3.0305e-14 0.0948351 -2.78075e-14 1.37969e-13 -1.08689e-14
2.29 0.906084 3.05693e-14 0.0939204 -2.80857e-14 1.38734e-13 -1.09927e-14
2.3 0.906978 3.07559e-14 0.093026 -2.82378e-14 1.3939e-13 -1.10604e-14
2.31 0.907853 3.07937e-14 0.0921514 -2.82717e-14 1.40043e-13 -1.12372e-14
2.32 0.908708 3.07251e-14 0.091296 -2.82021e-14 1.40576e-13 -1.146e-14
2.33 0.909545 3.0557e-14 0.090459 -2.80287e-14 1.41092e-13 -1.19232e-14
2.34 0.910365 3.02844e-14 0.0896397 -2.77369e-14 1.41672e-13 -1.25714e-14
2.35 0.911167 2.98397e-14 0.0888375 -2.72721e-14 1.42244e-13 -1.35032e-14
2.36 0.911953 2.93961e-14 0.0880517 -2.68099e-14 1.42743e-13 -1.4814e-14
2.37 0.912723 2.88781e-14 0.0872816 -2.62994e-14 1.43239e-13 -1.63714e-14
2.38 0.913478 2.82059e-14 0.0865263 -2.56239e-14 1.43837e-13 -1.81158e-14
2.39 0.914219 2.74554e-14 0.0857851 -2.48699e-14 1.44676e-13 -2.00648e-14
2.4 0.914947 2.65901e-14 0.0850572 -2.40004e-14 1.45544e-13 -2.21052e-14
2.41 0.915663 2.56413e-14 0.0843418 -2.30499e-14 1.46264e-13 -2.41501e-14
2.42 0.916366 2.46182e-14 0.0836382 -2.20296e-14 1.47064e-13 -2.63406e-14
2.43 0.917059 2.35042e-14 0.0829455 -2.09244e-14 1.47966e-13 -2.88129e-14
2.44 0.917741 2.24177e-14 0.0822631 -1.98304e-14 1.49103e-13 -3.14379e-14
2.45 0.918414 2.12932e-14 0.0815901 -1.87035e-14 1.50434e-13 -3.43024e-14
2.46 0.919079 2.01961e-14 0.0809257 -1.75996e-14 1.51777e-13 -3.71054e-14
2.47 0.919735 1.91735e-14 0.0802692 -1.65696e-14 1.53298e-13 -3.98757e-14
2.48 0.920385 1.82144e-14 0.0796198 -1.56127e-14 1.54931e-13 -4.25625e-14
2.49 0.921028 1.72498e-14 0.0789768 -1.46487e-14 1.56703e-13 -4.51289e-14
2.5 0.921666 1.62978e-14 0.078339 -1.36967e-14 1.586e-13 -4.75921e-14
