0 0 0 1 0 0 0
0.05 7.48381e-06 -4.46642e-16 0.975491 -1.99835e-15 4.96731e-13 1.71785e-12
0.1 -1.04135e-18 -2.30563e-17 0.965894 -2.77556e-15 1.04692e-12 3.41922e-12
0.15 -2.15288e-15 -7.42731e-16 0.949024 -2.6229e-15 1.64228e-12 5.07493e-12
0.2 6.54116e-16 -2.66085e-16 0.925512 -2.59515e-15 2.27298e-12 6.65851e-12
0.25 -2.96866e-15 1.78328e-16 0.896233 -2.39392e-15 2.92826e-12 8.14748e-12
0.3 -1.07869e-15 -4.01492e-16 0.862243 -2.18922e-15 3.59707e-12 9.52451e-12
0.35 -3.54521e-16 -1.37239e-15 0.824714 -1.80411e-15 4.26862e-12 1.07783e-11
0.4 -7.73001e-16 -2.5072e-16 0.784878 -1.60982e-15 4.93302e-12 1.19037e-11
0.45 1.50812e-15 -7.47639e-16 0.743963 -1.38778e-15 5.58189e-12 1.29021e-11
0.5 1.29857e-15 -3.39731e-16 0.703139 -1.02696e-15 6.24343e-12 1.38018e-11
0.55 1.20792e-15 -4.55519e-16 0.661717 -7.49401e-16 6.23073e-12 1.38918e-11
0.6 0.0316237 1.04951e-16 0.619671 -3.88578e-16 -1.25924e-12 7.12159e-12
0.65 0.0712548 -5.57388e-16 0.578483 3.7817e-16 9.96719e-12 1.88234e-11
0.7 0.110373 -8.91082e-16 0.53894 1.08441e-15 1.91245e-11 2.99579e-11
0.75 0.147321 -1.7734e-15 0.501878 2.02171e-15 2.64398e-11 3.99632e-11
0.8 0.181279 -2.75558e-15 0.467927 2.95857e-15 3.21489e-11 4.83981e-11
0.85 0.211935 -3.77926e-15 0.437366 3.86821e-15 3.65591e-11 5.50967e-11
0.9 0.239122 -4.7671e-15 0.410333 4.93469e-15 3.99214e-11 5.99391e-11
0.95 0.262813 -5.799e-15 0.386827 5.99518e-15 4.24633e-11 6.28621e-11
1 0.283106 -6.23572e-15 0.366723 6.50519e-15 4.43946e-11 6.38581e-11
1.05 0.300193 -5.9202e-15 0.349802 6.20715e-15 4.59049e-11 6.29659e-11
1.1 0.314341 -5.1795e-15 0.335777 5.48866e-15 4.7161e-11 6.02578e-11
1.15 0.325858 -3.85094e-15 0.324323 4.0732e-15 4.83111e-11 5.58283e-11
1.2 0.335101 -2.41334e-15 0.315079 2.64658e-15 4.94993e-11 4.97967e-11
1.25 0.342504 -1.75061e-15 0.307613 1.94253e-15 5.08837e-11 4.23379e-11
1.3 0.348642 -7.77517e-16 0.301366 9.47703e-16 5.26379e-11 3.3734e-11
1.35 0.354227 2.08654e-16 0.295651 -1.11773e-16 5.49205e-11 2.43982e-11
1.4 0.360004 1.11496e-15 0.289751 -1.07936e-15 5.78299e-11 1.48299e-11
1.45 0.364502 1.59398e-15 0.284987 -1.57843e-15 6.15088e-11 5.04631e-12
1.5 0.371563 2.43086e-15 0.277757 -2.43775e-15 6.56549e-11 -3.7195e-12
1.55 0.380962 3.56708e-15 0.268284 -3.55356e-15 7.0173e-11 -1.126e-11
1.6 0.392329 4.88312e-15 0.256932 -4.8735e-15 7.49022e-11 -1.74637e-11
1.65 0.405173 6.31386e-15 0.244182 -6.25536e-15 7.96426e-11 -2.23098e-11
1.7 0.418931 7.72686e-15 0.230588 -7.63901e-15 8.41844e-11 -2.58629e-11
1.75 0.433005 9.03329e-15 0.216733 -8.90687e-15 8.83371e-11 -2.82593e-11
1.8 0.446824 1.01684e-14 0.203176 -9.99648e-15 9.19522e-11 -2.9685e-11
1.85 0.459878 1.0992e-14 0.190412 -1.08366e-14 9.49319e-11 -3.0349e-11
1.9 0.471742 1.15999e-14 0.178849 -1.14124e-14 9.72255e-11 -3.04614e-11
1.95 0.48205 1.19727e-14 0.168834 -1.17606e-14 9.88117e-11 -3.02272e-11
2 0.492336 1.21702e-14 0.158836 -1.19468e-14 9.96907e-11 -2.96904e-11
2.05 0.500604 1.20971e-14 0.150804 -1.18856e-14 1.00004e-10 -2.91205e-11
2.1 0.506611 1.18094e-14 0.144965 -1.15761e-14 9.97941e-11 -2.85147e-11
2.15 0.50961 1.13208e-14 0.142038 -1.10707e-14 9.91006e-11 -2.7867e-11
2.2 0.510592 1.08175e-14 0.141055 -1.05715e-14 9.8023e-11 -2.71961e-11
2.25 0.512693 1.02887e-14 0.138961 -1.00492e-14 9.67043e-11 -2.64886e-11
2.3 0.515739 9.75377e-15 0.135926 -9.51393e-15 9.51846e-11 -2.5722e-11
2.35 0.519569 9.21187e-15 0.132109 -8.97643e-15 9.34998e-11 -2.48829e-11
2.4 0.524036 8.70875e-15 0.127653 -8.47642e-15 9.16813e-11 -2.39644e-11
2.45 0.529005 8.30461e-15 0.12269 -8.0685e-15 8.97569e-11 -2.29645e-11
2.5 0.534359 7.72287e-15 0.117337 -7.48845e-15 8.77515e-11 -2.18846e-11
