0 0 0 1 0 0 0
0.1 0.0157144 2.84198e-16 0.984285 -3.82433e-16 -4.00363e-15 6.38303e-16
0.2 0.0606309 6.32406e-17 0.939367 -5.18636e-16 -7.5553e-15 2.0068e-15
0.3 0.128634 4.37641e-17 0.871364 -4.79913e-16 -1.03155e-14 3.70468e-15
0.4 0.211181 -8.21612e-17 0.788816 -3.93145e-16 -1.18856e-14 5.43885e-15
0.5 0.299189 -1.1727e-16 0.700807 2.16052e-17 -1.20206e-14 6.62039e-15
0.6 0.384734 -6.42267e-16 0.615263 4.47434e-16 -1.09589e-14 7.35745e-15
0.7 0.46215 -6.49861e-16 0.537849 7.35858e-16 -9.08303e-15 7.75418e-15
0.8 0.528381 -1.25031e-15 0.471618 1.15558e-15 -6.77099e-15 7.82751e-15
0.9 0.582726 -1.62353e-15 0.417274 1.47608e-15 -4.85503e-15 7.78653e-15
1 0.626231 -1.61447e-15 0.37377 1.58115e-15 -2.81824e-15 7.75922e-15
1.1 0.661008 -1.46691e-15 0.338992 1.42663e-15 -1.0631e-15 7.87204e-15
1.2 0.689617 -1.3959e-15 0.310383 1.36963e-15 -2.44788e-17 8.40131e-15
1.3 0.714557 -1.24866e-15 0.285443 1.16822e-15 -3.88173e-16 9.08832e-15
1.4 0.737878 -1.00999e-15 0.262123 9.76291e-16 -8.48798e-16 9.10547e-15
1.5 0.760908 -1.11294e-15 0.239092 1.09651e-15 -1.04884e-15 8.50453e-15
1.6 0.784153 -1.25864e-15 0.215848 1.20395e-15 -3.12668e-16 7.43817e-15
1.7 0.807372 -1.3367e-15 0.192628 1.21435e-15 8.47648e-16 6.41325e-15
1.8 0.829828 -1.19631e-15 0.170173 1.06077e-15 2.22221e-15 5.98109e-15
1.9 0.850608 -9.42936e-16 0.149393 7.29782e-16 3.5944e-15 6.07144e-15
2 0.868938 -8.76422e-16 0.131063 5.55504e-16 4.97126e-15 6.34474e-15
2.1 0.884378 -4.74168e-16 0.115622 1.61113e-16 6.06029e-15 6.88693e-15
2.2 0.896888 -5.06053e-17 0.103112 -2.55164e-16 6.83801e-15 7.37343e-15
2.3 0.906784 4.55494e-16 0.0932165 -7.60869e-16 7.68293e-15 8.18602e-15
2.4 0.914635 1.49628e-15 0.0853657 -1.79061e-15 8.77671e-15 8.24454e-15
2.5 0.921142 2.45604e-15 0.0788586 -2.75268e-15 9.76331e-15 8.11176e-15
