0 0 0 1 0 0 0
0.05 0.00387209 8.59538e-16 0.995162 6.51048e-16 -5.48455e-15 -3.84708e-15
0.1 0.0154308 5.14046e-16 0.983446 1.49049e-15 -1.12154e-14 -6.75726e-15
0.15 0.0344855 4.45168e-16 0.964288 1.49903e-15 -1.66915e-14 -8.73047e-15
0.2 0.0606084 4.17286e-16 0.93824 1.46243e-15 -2.18565e-14 -9.38936e-15
0.25 0.092874 8.72464e-16 0.906108 1.17032e-15 -2.65817e-14 -9.29259e-15
0.3 0.130289 1.04686e-15 0.868893 9.11971e-16 -3.07728e-14 -8.29815e-15
0.35 0.171718 1.46846e-15 0.827707 7.02357e-16 -3.42357e-14 -6.80566e-15
0.4 0.215989 1.75548e-15 0.783718 5.54523e-16 -3.67726e-14 -4.99628e-15
0.45 0.26192 2.29373e-15 0.738091 2.31802e-16 -3.86659e-14 -2.95659e-15
0.5 0.308397 2.7773e-15 0.691916 -9.47996e-18 -3.97906e-14 -9.3706e-16
0.55 0.354382 2.79808e-15 0.646214 -7.50179e-17 -4.03194e-14 9.89617e-16
0.6 0.398985 2.63115e-15 0.601898 -3.93351e-18 -4.03798e-14 2.70927e-15
0.65 0.441421 2.80235e-15 0.559728 5.75318e-17 -4.01438e-14 4.21477e-15
0.7 0.481098 2.15277e-15 0.520294 4.47084e-16 -3.96224e-14 5.47464e-15
0.75 0.517635 1.99114e-15 0.483982 4.4809e-16 -3.89503e-14 6.37624e-15
0.8 0.550755 1.93897e-15 0.451064 3.62433e-16 -3.82691e-14 7.03378e-15
0.85 0.580362 1.97668e-15 0.421645 5.13272e-16 -3.76079e-14 7.55655e-15
0.9 0.606502 1.50361e-15 0.395681 1.0062e-15 -3.68759e-14 7.97424e-15
0.95 0.629335 6.38694e-16 0.372998 1.78529e-15 -3.61889e-14 8.22156e-15
1 0.64916 4.49636e-17 0.353312 2.35994e-15 -3.55642e-14 8.3592e-15
1.05 0.666333 -6.29262e-16 0.33625 2.99021e-15 -3.50092e-14 8.46115e-15
1.1 0.681271 -9.84868e-16 0.321387 3.62415e-15 -3.45256e-14 8.51399e-15
1.15 0.694478 -1.64306e-15 0.308258 4.20683e-15 -3.41022e-14 8.61202e-15
1.2 0.706391 -2.05431e-15 0.296395 4.66797e-15 -3.37689e-14 8.76765e-15
1.25 0.717474 -2.5701e-15 0.285322 4.96077e-15 -3.35725e-14 8.83577e-15
1.3 0.728175 -2.81141e-15 0.274603 5.11788e-15 -3.35128e-14 8.84657e-15
1.35 0.738874 -2.65402e-15 0.263861 5.1157e-15 -3.35207e-14 8.88732e-15
1.4 0.749878 -2.62023e-15 0.252791 5.00852e-15 -3.36907e-14 8.86332e-15
1.45 0.761412 -2.43702e-15 0.241171 4.84099e-15 -3.39786e-14 8.72253e-15
1.5 0.773615 -2.21038e-15 0.228866 4.62124e-15 -3.44314e-14 8.51565e-15
1.55 0.786526 -2.00219e-15 0.215832 4.31672e-15 -3.50059e-14 8.07813e-15
1.6 0.800118 -1.63295e-15 0.202114 3.9152e-15 -3.54694e-14 7.5979e-15
1.65 0.814266 -1.10886e-15 0.187843 3.42511e-15 -3.59831e-14 6.96945e-15
1.7 0.828783 -4.83158e-16 0.173211 2.85352e-15 -3.64729e-14 6.21562e-15
1.75 0.843432 1.78981e-16 0.158463 2.223e-15 -3.68998e-14 5.32154e-15
1.8 0.857939 8.82841e-16 0.143874 1.59801e-15 -3.72398e-14 4.38281e-15
1.85 0.872019 1.45041e-15 0.129733 1.05286e-15 -3.74566e-14 3.41998e-15
1.9 0.885261 2.02968e-15 0.116439 4.50809e-16 -3.75074e-14 2.32056e-15
1.95 0.897693 2.198e-15 0.103976 2.82145e-16 -3.74087e-14 1.2895e-15
2 0.908993 2.05614e-15 0.0926669 4.13976e-16 -3.71556e-14 2.48605e-16
2.05 0.91893 1.82217e-15 0.0827389 6.53352e-16 -3.67404e-14 -7.5567e-16
2.1 0.927354 1.58058e-15 0.0743394 9.13632e-16 -3.60249e-14 -1.73472e-15
2.15 0.934238 1.36496e-15 0.0674886 1.13633e-15 -3.57369e-14 -2.85524e-15
2.2 0.939624 1.27568e-15 0.0621423 1.19729e-15 -3.51888e-14 -3.94298e-15
2.25 0.943642 1.38371e-15 0.058165 1.06054e-15 -3.5101e-14 -4.43693e-15
2.3 0.946378 1.68222e-15 0.0554663 7.56745e-16 -3.48798e-14 -4.46553e-15
2.35 0.947937 2.44473e-15 0.0539369 -2.40997e-17 -3.46494e-14 -4.99648e-15
2.4 0.948569 3.71613e-15 0.0533261 -1.30538e-15 -3.4371e-14 -5.18588e-15
2.45 0.948484 5.21768e-15 0.0534224 -2.82946e-15 -3.40424e-14 -5.07388e-15
2.5 0.947851 6.77408e-15 0.0540553 -4.38627e-15 -3.36536e-14 -4.69644e-15
