0 0 0 1 0 0 0
0.005 3.97998e-05 -4.35856e-16 0.99996 7.68507e-17 -1.40076e-15 7.74241e-16
0.01 0.00015919 -2.19634e-16 0.999841 -4.95668e-16 -2.99353e-15 1.4874e-15
0.015 0.000358123 -3.25745e-16 0.999642 -5.13593e-16 -4.57887e-15 1.84883e-15
0.02 0.000636522 -3.55429e-16 0.999364 -5.16453e-16 -6.16092e-15 2.04953e-15
0.025 0.000994293 -4.27554e-16 0.999006 -5.12589e-16 -7.73669e-15 2.19003e-15
0.03 0.0014313 -4.02839e-16 0.998569 -5.07017e-16 -9.30968e-15 2.47019e-15
0.035 0.00194738 -5.73499e-16 0.998053 -5.04752e-16 -1.08757e-14 2.77136e-15
0.04 0.00254235 -6.95496e-16 0.997458 -4.99803e-16 -1.2439e-14 3.07602e-15
0.045 0.00321599 -6.48666e-16 0.996785 -4.89697e-16 -1.39959e-14 3.37057e-15
0.05 0.00396805 -6.35452e-16 0.996033 -4.86429e-16 -1.55435e-14 3.66611e-15
0.055 0.00479825 -2.70605e-16 0.995203 -4.93002e-16 -1.70805e-14 3.82915e-15
0.06 0.0057063 -3.59442e-16 0.994295 -4.79972e-16 -1.8607e-14 4.12315e-15
0.065 0.00669186 -2.66369e-16 0.99331 -4.83208e-16 -2.01192e-14 4.48663e-15
0.07 0.00775458 -1.41429e-17 0.992248 -4.84374e-16 -2.16211e-14 4.79902e-15
0.075 0.00889406 2.88487e-16 0.991108 -4.8556e-16 -2.31137e-14 5.07413e-15
0.08 0.0101099 1.77382e-16 0.989893 -4.84634e-16 -2.45976e-14 5.34072e-15
0.085 0.0114016 -1.58323e-16 0.988601 -4.81733e-16 -2.60713e-14 5.57776e-15
0.09 0.0127688 -2.60639e-16 0.987235 -4.90887e-16 -2.75361e-14 5.80357e-15
0.095 0.014211 -2.18899e-16 0.985793 -5.07685e-16 -2.89916e-14 5.93952e-15
0.1 0.0157276 -2.25162e-16 0.984276 -5.23359e-16 -3.04303e-14 6.02923e-15
0.105 0.017318 -3.54788e-16 0.982686 -5.35672e-16 -3.18565e-14 6.054e-15
0.11 0.0189818 -3.08887e-16 0.981023 -5.56446e-16 -3.32667e-14 6.00975e-15
0.115 0.0207183 -3.65962e-16 0.979287 -5.75324e-16 -3.46685e-14 5.99019e-15
0.12 0.0225269 -5.08191e-16 0.977478 -6.09478e-16 -3.60688e-14 6.0491e-15
0.125 0.0244069 -7.25623e-16 0.975599 -6.4853e-16 -3.74543e-14 6.11278e-15
0.13 0.0263577 -6.93509e-16 0.973648 -6.93688e-16 -3.88448e-14 6.10758e-15
0.135 0.0283787 -8.56802e-16 0.971628 -7.30517e-16 -4.02188e-14 6.05602e-15
0.14 0.0304689 -6.87866e-16 0.969538 -7.68349e-16 -4.15843e-14 5.97872e-15
0.145 0.0326279 -6.37084e-16 0.967379 -7.99064e-16 -4.29452e-14 6.02097e-15
0.15 0.0348547 -8.82361e-16 0.965152 -8.37182e-16 -4.42977e-14 5.99439e-15
0.155 0.0371486 -8.05756e-16 0.962859 -8.82415e-16 -4.564e-14 5.9843e-15
0.16 0.0395089 -7.89981e-16 0.960499 -9.28339e-16 -4.69726e-14 6.02512e-15
0.165 0.0419346 -7.55817e-16 0.958073 -9.70761e-16 -4.82931e-14 6.12072e-15
0.17 0.044425 -7.86729e-16 0.955583 -1.02536e-15 -4.96023e-14 6.07735e-15
0.175 0.0469792 -7.13856e-16 0.953029 -1.08426e-15 -5.08971e-14 5.92853e-15
0.18 0.0495962 -5.78389e-16 0.950412 -1.1344e-15 -5.21739e-14 5.74054e-15
0.185 0.0522753 -3.47276e-16 0.947733 -1.17296e-15 -5.34321e-14 5.54581e-15
0.19 0.0550155 -3.4563e-16 0.944993 -1.21971e-15 -5.46835e-14 5.3159e-15
0.195 0.0578158 -2.98329e-16 0.942193 -1.2462e-15 -5.592e-14 5.01208e-15
0.2 0.0606753 -5.96395e-16 0.939333 -1.27664e-15 -5.71544e-14 4.77023e-15
0.205 0.0635931 -5.45777e-16 0.936416 -1.26691e-15 -5.83748e-14 4.57876e-15
0.21 0.0665681 -5.85462e-16 0.933441 -1.2609e-15 -5.9586e-14 4.36881e-15
0.215 0.0695994 -5.58665e-16 0.93041 -1.26203e-15 -6.079e-14 4.19863e-15
0.22 0.072686 -5.46172e-16 0.927323 -1.25813e-15 -6.19773e-14 3.99555e-15
0.225 0.0758268 -7.99257e-16 0.924182 -1.21328e-15 -6.31406e-14 3.73901e-15
0.23 0.0790208 -7.90167e-16 0.920989 -1.17726e-15 -6.42832e-14 3.50805e-15
0.235 0.0822669 -8.47068e-16 0.917742 -1.11726e-15 -6.54021e-14 3.32473e-15
0.24 0.0855641 -5.32911e-16 0.914445 -1.08949e-15 -6.65077e-14 3.12453e-15
0.245 0.0889114 -6.99085e-16 0.911098 -1.04807e-15 -6.76035e-14 2.8472e-15
0.25 0.0923075 -6.89458e-16 0.907702 -1.0593e-15 -6.86587e-14 2.49001e-15
0.255 0.0957515 -7.23591e-16 0.904258 -1.04722e-15 -6.9701e-14 2.12776e-15
0.26 0.0992422 -5.68176e-16 0.900767 -1.03585e-15 -7.0733e-14 1.79096e-15
0.265 0.102779 -8.53122e-16 0.897231 -1.02564e-15 -7.17438e-14 1.44784e-15
0.27 0.106359 -6.42874e-16 0.89365 -1.03007e-15 -7.27223e-14 1.14647e-15
0.275 0.109984 -6.90425e-16 0.890026 -1.11216e-15 -7.36766e-14 7.64286e-16
0.28 0.11365 -4.76278e-16 0.88636 -1.18613e-15 -7.46324e-14 3.73211e-16
0.285 0.117357 -4.91844e-16 0.882652 -1.26373e-15 -7.55797e-14 1.28392e-17
0.29 0.121105 -5.03993e-16 0.878905 -1.32257e-15 -7.65085e-14 -3.55298e-16
0.295 0.124891 -7.78403e-16 0.875119 -1.37092e-15 -7.74201e-14 -7.04597e-16
0.3 0.128715 -8.86171e-16 0.871295 -1.4101e-15 -7.8323e-14 -1.09142e-15
0.305 0.132575 -1.23762e-15 0.867435 -1.41204e-15 -7.91983e-14 -1.46998e-15
0.31 0.136471 -1.16553e-15 0.863539 -1.38866e-15 -8.00402e-14 -1.86772e-15
0.315 0.140401 -1.20936e-15 0.859609 -1.37465e-15 -8.08721e-14 -2.234e-15
0.32 0.144363 -1.29072e-15 0.855646 -1.36197e-15 -8.16837e-14 -2.6383e-15
0.325 0.148358 -1.23289e-15 0.851652 -1.36237e-15 -8.24887e-14 -3.0819e-15
0.33 0.152383 -1.4306e-15 0.847627 -1.35122e-15 -8.32953e-14 -3.59322e-15
0.335 0.156438 -1.44878e-15 0.843572 -1.27259e-15 -8.40935e-14 -4.1306e-15
0.34 0.160521 -1.93941e-15 0.839489 -1.21446e-15 -8.48725e-14 -4.71543e-15
0.345 0.164631 -2.01506e-15 0.835379 -1.17872e-15 -8.56461e-14 -5.32714e-15
0.35 0.168767 -2.41939e-15 0.831243 -1.13262e-15 -8.63971e-14 -5.94063e-15
0.355 0.172927 -2.39157e-15 0.827082 -1.03969e-15 -8.71267e-14 -6.5292e-15
0.36 0.177112 -2.7406e-15 0.822898 -8.84769e-16 -8.78449e-14 -7.17565e-15
0.365 0.181319 -2.95939e-15 0.818691 -6.87751e-16 -8.85323e-14 -7.81795e-15
0.37 0.185547 -2.987e-15 0.814463 -4.93025e-16 -8.92034e-14 -8.45611e-15
0.375 0.189795 -2.93508e-15 0.810214 -2.81276e-16 -8.9853e-14 -9.11681e-15
0.38 0.194063 -3.2192e-15 0.805947 -1.18274e-16 -9.04826e-14 -9.80865e-15
0.385 0.198348 -3.58307e-15 0.801662 1.22696e-16 -9.11043e-14 -1.04925e-14
0.39 0.20265 -3.68966e-15 0.79736 3.60552e-16 -9.17111e-14 -1.11613e-14
0.395 0.206967 -3.98803e-15 0.793042 6.4678e-16 -9.23176e-14 -1.18706e-14
0.4 0.2113 -4.52071e-15 0.78871 1.02766e-15 -9.28967e-14 -1.25677e-14
0.405 0.215645 -4.89647e-15 0.784364 1.40006e-15 -9.34818e-14 -1.32665e-14
0.41 0.220003 -5.24721e-15 0.780007 1.74147e-15 -9.40579e-14 -1.39865e-14
0.415 0.224372 -5.41641e-15 0.775638 2.14351e-15 -9.46184e-14 -1.47162e-14
0.42 0.228751 -6.09328e-15 0.771259 2.55872e-15 -9.51819e-14 -1.54418e-14
0.425 0.233139 -6.38143e-15 0.766871 2.93598e-15 -9.57527e-14 -1.62e-14
0.43 0.237535 -6.81443e-15 0.762475 3.25093e-15 -9.63444e-14 -1.69712e-14
0.435 0.241937 -6.74819e-15 0.758072 3.47861e-15 -9.69209e-14 -1.77571e-14
0.44 0.246346 -7.25153e-15 0.753663 3.76304e-15 -9.74938e-14 -1.85384e-14
0.445 0.250759 -7.485e-15 0.74925 3.98813e-15 -9.80709e-14 -1.92817e-14
0.45 0.255177 -7.50445e-15 0.744833 4.18536e-15 -9.86629e-14 -2.00019e-14
0.455 0.259597 -7.49006e-15 0.740413 4.36452e-15 -9.92502e-14 -2.06809e-14
0.46 0.264018 -7.89449e-15 0.735991 4.59437e-15 -9.98208e-14 -2.13256e-14
0.465 0.268441 -8.11548e-15 0.731568 4.84822e-15 -1.00379e-13 -2.19693e-14
0.47 0.272863 -8.15986e-15 0.727146 4.99867e-15 -1.00907e-13 -2.26217e-14
0.475 0.277284 -8.36021e-15 0.722725 5.22344e-15 -1.0139e-13 -2.32717e-14
0.48 0.281703 -8.37171e-15 0.718306 5.49834e-15 -1.01857e-13 -2.38807e-14
0.485 0.286119 -8.6226e-15 0.71389 5.8503e-15 -1.02262e-13 -2.43728e-14
0.49 0.290531 -9.13062e-15 0.709479 6.25595e-15 -1.02662e-13 -2.48552e-14
0.495 0.294938 -9.72043e-15 0.705072 6.66997e-15 -1.03038e-13 -2.52667e-14
0.5 0.299339 -1.00766e-14 0.70067 7.0272e-15 -1.03394e-13 -2.56334e-14
0.505 0.303733 -1.05552e-14 0.696276 7.43747e-15 -1.03767e-13 -2.59613e-14
0.51 0.30812 -1.07849e-14 0.691889 7.89292e-15 -1.0412e-13 -2.62635e-14
0.515 0.312499 -1.14818e-14 0.68751 8.48269e-15 -1.04439e-13 -2.65947e-14
0.52 0.316868 -1.18603e-14 0.683141 9.05154e-15 -1.0476e-13 -2.69042e-14
0.525 0.321227 -1.24719e-14 0.678782 9.67275e-15 -1.05071e-13 -2.71805e-14
0.53 0.325576 -1.34284e-14 0.674434 1.04085e-14 -1.05384e-13 -2.74491e-14
0.535 0.329913 -1.40643e-14 0.670097 1.11535e-14 -1.05577e-13 -2.76623e-14
0.54 0.334237 -1.48946e-14 0.665772 1.19053e-14 -1.05808e-13 -2.78322e-14
0.545 0.338548 -1.61743e-14 0.661461 1.2715e-14 -1.06022e-13 -2.80251e-14
0.55 0.342846 -1.68313e-14 0.657164 1.35708e-14 -1.06198e-13 -2.82139e-14
0.555 0.347128 -1.76582e-14 0.652881 1.4503e-14 -1.06415e-13 -2.83752e-14
0.56 0.351396 -1.85154e-14 0.648614 1.53989e-14 -1.06652e-13 -2.85757e-14
0.565 0.355647 -1.94018e-14 0.644363 1.62149e-14 -1.06885e-13 -2.87708e-14
0.57 0.359882 -2.03372e-14 0.640128 1.70178e-14 -1.07101e-13 -2.89768e-14
0.575 0.364099 -2.08666e-14 0.635911 1.77711e-14 -1.07331e-13 -2.91646e-14
0.58 0.368298 -2.14842e-14 0.631711 1.85404e-14 -1.07558e-13 -2.93097e-14
0.585 0.372479 -2.22127e-14 0.627531 1.93551e-14 -1.07741e-13 -2.94349e-14
0.59 0.376641 -2.28469e-14 0.623369 2.01233e-14 -1.07905e-13 -2.9543e-14
0.595 0.380782 -2.34461e-14 0.619227 2.08216e-14 -1.08075e-13 -2.96591e-14
0.6 0.384904 -2.40576e-14 0.615106 2.15591e-14 -1.08213e-13 -2.97696e-14
0.605 0.389004 -2.47373e-14 0.611006 2.21981e-14 -1.0844e-13 -2.98728e-14
0.61 0.393083 -2.51237e-14 0.606927 2.28096e-14 -1.08644e-13 -3.00055e-14
0.615 0.39714 -2.58527e-14 0.60287 2.34213e-14 -1.0884e-13 -3.01025e-14
0.62 0.401175 -2.66478e-14 0.598835 2.40264e-14 -1.09019e-13 -3.018e-14
0.625 0.405186 -2.7063e-14 0.594824 2.46009e-14 -1.09097e-13 -3.02643e-14
0.63 0.409174 -2.72175e-14 0.590835 2.49965e-14 -1.09314e-13 -3.02549e-14
0.635 0.413139 -2.79184e-14 0.586871 2.54792e-14 -1.0944e-13 -3.02624e-14
0.64 0.417079 -2.84801e-14 0.582931 2.59822e-14 -1.09753e-13 -3.02381e-14
0.645 0.420994 -2.88881e-14 0.579016 2.64701e-14 -1.10113e-13 -3.02083e-14
0.65 0.424884 -2.93323e-14 0.575126 2.69924e-14 -1.10409e-13 -3.02331e-14
0.655 0.428749 -2.99307e-14 0.571262 2.76037e-14 -1.10622e-13 -3.01915e-14
0.66 0.432587 -3.04358e-14 0.567423 2.81997e-14 -1.10832e-13 -3.01792e-14
0.665 0.4364 -3.09739e-14 0.563611 2.88725e-14 -1.109e-13 -3.01443e-14
0.67 0.440186 -3.16601e-14 0.559825 2.95291e-14 -1.10794e-13 -3.01135e-14
0.675 0.443945 -3.22106e-14 0.556066 3.01288e-14 -1.10915e-13 -3.00385e-14
0.68 0.447676 -3.296e-14 0.552334 3.07065e-14 -1.11107e-13 -2.98339e-14
0.685 0.451381 -3.3192e-14 0.54863 3.12492e-14 -1.11228e-13 -2.96041e-14
0.69 0.455057 -3.37134e-14 0.544953 3.17925e-14 -1.11246e-13 -2.93623e-14
0.695 0.458706 -3.42728e-14 0.541305 3.23167e-14 -1.11184e-13 -2.91492e-14
0.7 0.462326 -3.49961e-14 0.537685 3.29472e-14 -1.11069e-13 -2.88894e-14
0.705 0.465918 -3.54889e-14 0.534093 3.35489e-14 -1.10942e-13 -2.86722e-14
0.71 0.469481 -3.60404e-14 0.53053 3.41328e-14 -1.10642e-13 -2.83774e-14
0.715 0.473015 -3.6661e-14 0.526996 3.46037e-14 -1.10264e-13 -2.80776e-14
0.72 0.47652 -3.70809e-14 0.523491 3.50071e-14 -1.09806e-13 -2.78101e-14
0.725 0.479996 -3.72603e-14 0.520015 3.52841e-14 -1.09304e-13 -2.75836e-14
0.73 0.483442 -3.75944e-14 0.516569 3.55632e-14 -1.08733e-13 -2.73457e-14
0.735 0.486859 -3.79982e-14 0.513152 3.59294e-14 -1.08103e-13 -2.71059e-14
0.74 0.490247 -3.8385e-14 0.509765 3.6442e-14 -1.07426e-13 -2.68809e-14
0.745 0.493604 -3.90328e-14 0.506407 3.68872e-14 -1.0674e-13 -2.66463e-14
0.75 0.496932 -3.94651e-14 0.50308 3.72733e-14 -1.05988e-13 -2.64227e-14
0.755 0.50023 -3.96468e-14 0.499782 3.75778e-14 -1.05256e-13 -2.61557e-14
0.76 0.503497 -3.98979e-14 0.496514 3.78051e-14 -1.04517e-13 -2.58573e-14
0.765 0.506735 -3.98674e-14 0.493277 3.79914e-14 -1.03817e-13 -2.55272e-14
0.77 0.509942 -4.01677e-14 0.49007 3.8243e-14 -1.03228e-13 -2.52383e-14
0.775 0.51312 -4.04643e-14 0.486892 3.84569e-14 -1.02571e-13 -2.49065e-14
0.78 0.516267 -4.07737e-14 0.483745 3.86883e-14 -1.01958e-13 -2.44375e-14
0.785 0.519384 -4.09137e-14 0.480628 3.88813e-14 -1.01359e-13 -2.40622e-14
0.79 0.522471 -4.10174e-14 0.477542 3.90224e-14 -1.00557e-13 -2.36137e-14
0.795 0.525527 -4.09579e-14 0.474485 3.91138e-14 -9.9788e-14 -2.31936e-14
0.8 0.528554 -4.09483e-14 0.471459 3.91826e-14 -9.90132e-14 -2.28052e-14
0.805 0.53155 -4.09687e-14 0.468462 3.92089e-14 -9.82053e-14 -2.24393e-14
0.81 0.534516 -4.10774e-14 0.465496 3.9209e-14 -9.73774e-14 -2.20254e-14
0.815 0.537453 -4.11001e-14 0.46256 3.92319e-14 -9.65189e-14 -2.15915e-14
0.82 0.540359 -4.11021e-14 0.459653 3.92697e-14 -9.56908e-14 -2.11265e-14
0.825 0.543236 -4.1072e-14 0.456777 3.9315e-14 -9.48795e-14 -2.06161e-14
0.83 0.546083 -4.09587e-14 0.45393 3.93629e-14 -9.40947e-14 -2.00784e-14
0.835 0.5489 -4.08454e-14 0.451113 3.94037e-14 -9.32904e-14 -1.95265e-14
0.84 0.551688 -4.07329e-14 0.448325 3.94519e-14 -9.24592e-14 -1.89935e-14
0.845 0.554446 -4.06168e-14 0.445567 3.94852e-14 -9.16486e-14 -1.84117e-14
0.85 0.557175 -4.05727e-14 0.442838 3.95174e-14 -9.07916e-14 -1.78152e-14
0.855 0.559875 -4.0486e-14 0.440138 3.95582e-14 -9.00276e-14 -1.71586e-14
0.86 0.562546 -4.05399e-14 0.437467 3.95912e-14 -8.92326e-14 -1.65198e-14
0.865 0.565188 -4.0554e-14 0.434825 3.96083e-14 -8.84223e-14 -1.58983e-14
0.87 0.567801 -4.03819e-14 0.432212 3.96149e-14 -8.76111e-14 -1.52249e-14
0.875 0.570386 -4.02679e-14 0.429627 3.96142e-14 -8.67451e-14 -1.45082e-14
0.88 0.572943 -4.01592e-14 0.42707 3.96084e-14 -8.59503e-14 -1.37493e-14
0.885 0.575471 -4.03702e-14 0.424542 3.96029e-14 -8.52438e-14 -1.29672e-14
0.89 0.577971 -4.03748e-14 0.422042 3.95889e-14 -8.46038e-14 -1.21749e-14
0.895 0.580444 -4.03873e-14 0.419569 3.95492e-14 -8.39433e-14 -1.14155e-14
0.9 0.582889 -4.03927e-14 0.417124 3.94867e-14 -8.32987e-14 -1.06781e-14
0.905 0.585307 -4.02958e-14 0.414706 3.941e-14 -8.27504e-14 -9.91716e-15
0.91 0.587698 -4.01184e-14 0.412315 3.93186e-14 -8.22532e-14 -9.15833e-15
0.915 0.590062 -3.99107e-14 0.409951 3.91981e-14 -8.18376e-14 -8.41653e-15
0.92 0.592399 -3.97517e-14 0.407614 3.90631e-14 -8.1449e-14 -7.73021e-15
0.925 0.59471 -3.96534e-14 0.405303 3.89355e-14 -8.11853e-14 -7.11662e-15
0.93 0.596995 -3.94624e-14 0.403019 3.88068e-14 -8.102e-14 -6.53446e-15
0.935 0.599254 -3.91824e-14 0.40076 3.86358e-14 -8.08637e-14 -6.00728e-15
0.94 0.601487 -3.88775e-14 0.398527 3.84628e-14 -8.07142e-14 -5.45295e-15
0.945 0.603695 -3.85712e-14 0.396319 3.82886e-14 -8.05575e-14 -4.94046e-15
0.95 0.605878 -3.85199e-14 0.394136 3.81055e-14 -8.0387e-14 -4.46247e-15
0.955 0.608036 -3.8435e-14 0.391978 3.79177e-14 -8.02903e-14 -4.06758e-15
0.96 0.610169 -3.80542e-14 0.389845 3.77162e-14 -8.02457e-14 -3.68222e-15
0.965 0.612278 -3.78993e-14 0.387736 3.75014e-14 -8.03219e-14 -3.36522e-15
0.97 0.614363 -3.77359e-14 0.38565 3.72921e-14 -8.04125e-14 -3.10937e-15
0.975 0.616425 -3.73801e-14 0.383589 3.70583e-14 -8.05357e-14 -2.82654e-15
0.98 0.618463 -3.70827e-14 0.381551 3.68354e-14 -8.06659e-14 -2.45001e-15
0.985 0.620478 -3.69078e-14 0.379536 3.66076e-14 -8.07616e-14 -2.14914e-15
0.99 0.62247 -3.66622e-14 0.377544 3.63701e-14 -8.08309e-14 -1.86904e-15
0.995 0.62444 -3.62399e-14 0.375574 3.61359e-14 -8.08506e-14 -1.51748e-15
1 0.626387 -3.59304e-14 0.373627 3.59072e-14 -8.08715e-14 -1.09398e-15
1.005 0.628313 -3.58256e-14 0.371701 3.56531e-14 -8.0946e-14 -6.65414e-16
1.01 0.630217 -3.54478e-14 0.369798 3.5405e-14 -8.10406e-14 -2.45218e-16
1.015 0.632099 -3.49877e-14 0.367915 3.51504e-14 -8.11132e-14 1.40029e-16
1.02 0.633961 -3.45345e-14 0.366053 3.48966e-14 -8.11554e-14 5.69504e-16
1.025 0.635802 -3.42083e-14 0.364212 3.46434e-14 -8.11333e-14 1.02893e-15
1.03 0.637623 -3.40198e-14 0.362391 3.44047e-14 -8.11282e-14 1.45536e-15
1.035 0.639424 -3.36758e-14 0.360591 3.41837e-14 -8.11355e-14 1.88403e-15
1.04 0.641205 -3.35686e-14 0.35881 3.39457e-14 -8.11005e-14 2.24137e-15
1.045 0.642967 -3.33118e-14 0.357048 3.37148e-14 -8.0948e-14 2.54526e-15
1.05 0.644709 -3.29166e-14 0.355305 3.34739e-14 -8.07266e-14 2.8107e-15
1.055 0.646433 -3.264e-14 0.353581 3.32235e-14 -8.05145e-14 3.00179e-15
1.06 0.648139 -3.23594e-14 0.351875 3.29698e-14 -8.02432e-14 3.22716e-15
1.065 0.649827 -3.2084e-14 0.350188 3.27058e-14 -8.00515e-14 3.46166e-15
1.07 0.651496 -3.1733e-14 0.348518 3.24278e-14 -7.98564e-14 3.6777e-15
1.075 0.653149 -3.13022e-14 0.346865 3.21333e-14 -7.96093e-14 3.93102e-15
1.08 0.654784 -3.09768e-14 0.34523 3.18464e-14 -7.93179e-14 4.14051e-15
1.085 0.656403 -3.07159e-14 0.343611 3.15617e-14 -7.90488e-14 4.36988e-15
1.09 0.658006 -3.03532e-14 0.342009 3.12836e-14 -7.87241e-14 4.58625e-15
1.095 0.659592 -3.0228e-14 0.340423 3.10187e-14 -7.84609e-14 4.72617e-15
1.1 0.661163 -3.00416e-14 0.338852 3.07599e-14 -7.82022e-14 4.81477e-15
1.105 0.662718 -2.98846e-14 0.337297 3.05012e-14 -7.8035e-14 4.87367e-15
1.11 0.664258 -2.95245e-14 0.335757 3.02508e-14 -7.79906e-14 4.92482e-15
1.115 0.665783 -2.91242e-14 0.334231 2.99947e-14 -7.79672e-14 4.94216e-15
1.12 0.667294 -2.88453e-14 0.33272 2.97366e-14 -7.7932e-14 4.91335e-15
1.125 0.668791 -2.86757e-14 0.331223 2.94614e-14 -7.79081e-14 4.83496e-15
1.13 0.670274 -2.83578e-14 0.32974 2.91731e-14 -7.78398e-14 4.71615e-15
1.135 0.671744 -2.79459e-14 0.32827 2.88546e-14 -7.77623e-14 4.59777e-15
1.14 0.673201 -2.7662e-14 0.326814 2.85054e-14 -7.76514e-14 4.46151e-15
1.145 0.674645 -2.73224e-14 0.32537 2.81353e-14 -7.74422e-14 4.27971e-15
1.15 0.676076 -2.70628e-14 0.323939 2.77363e-14 -7.71257e-14 4.08676e-15
1.155 0.677495 -2.67435e-14 0.322519 2.73316e-14 -7.69443e-14 3.92678e-15
1.16 0.678903 -2.6216e-14 0.321112 2.6917e-14 -7.66842e-14 3.69323e-15
1.165 0.680298 -2.57132e-14 0.319716 2.6486e-14 -7.63986e-14 3.46065e-15
1.17 0.681683 -2.5373e-14 0.318331 2.60338e-14 -7.60591e-14 3.30151e-15
1.175 0.683057 -2.50101e-14 0.316957 2.55526e-14 -7.57601e-14 3.17345e-15
1.18 0.68442 -2.44416e-14 0.315594 2.50389e-14 -7.53485e-14 3.02337e-15
1.185 0.685773 -2.39583e-14 0.314241 2.45209e-14 -7.49518e-14 2.82375e-15
1.19 0.687116 -2.35204e-14 0.312898 2.40287e-14 -7.45518e-14 2.59151e-15
1.195 0.688449 -2.30771e-14 0.311565 2.35375e-14 -7.41271e-14 2.32169e-15
1.2 0.689773 -2.26085e-14 0.310241 2.30484e-14 -7.37118e-14 1.99272e-15
1.205 0.691088 -2.2271e-14 0.308926 2.25834e-14 -7.32723e-14 1.69066e-15
1.21 0.692394 -2.18797e-14 0.30762 2.21192e-14 -7.28097e-14 1.33259e-15
1.215 0.693692 -2.13839e-14 0.306322 2.16498e-14 -7.23206e-14 9.02165e-16
1.22 0.694981 -2.09672e-14 0.305033 2.11992e-14 -7.18377e-14 4.59662e-16
1.225 0.696263 -2.05527e-14 0.303751 2.07418e-14 -7.12707e-14 -2.78143e-17
1.23 0.697537 -2.0129e-14 0.302477 2.02708e-14 -7.06619e-14 -5.18646e-16
1.235 0.698803 -1.96507e-14 0.30121 1.98004e-14 -6.99522e-14 -1.0097e-15
1.24 0.700063 -1.92127e-14 0.299951 1.93372e-14 -6.9242e-14 -1.44e-15
1.245 0.701316 -1.87706e-14 0.298698 1.88795e-14 -6.85089e-14 -1.90088e-15
1.25 0.702562 -1.83343e-14 0.297452 1.84194e-14 -6.77236e-14 -2.34294e-15
1.255 0.703802 -1.78718e-14 0.296212 1.79676e-14 -6.69312e-14 -2.73284e-15
1.26 0.705036 -1.73711e-14 0.294978 1.75274e-14 -6.6066e-14 -3.12048e-15
1.265 0.706264 -1.70775e-14 0.29375 1.71011e-14 -6.51692e-14 -3.52786e-15
1.27 0.707486 -1.67172e-14 0.292527 1.6702e-14 -6.41894e-14 -3.93255e-15
1.275 0.708704 -1.62923e-14 0.29131 1.63113e-14 -6.31363e-14 -4.37428e-15
1.28 0.709916 -1.59174e-14 0.290097 1.59229e-14 -6.20183e-14 -4.84166e-15
1.285 0.711123 -1.56587e-14 0.28889 1.55398e-14 -6.0812e-14 -5.32602e-15
1.29 0.712326 -1.52257e-14 0.287687 1.51629e-14 -5.95688e-14 -5.78573e-15
1.295 0.713525 -1.47937e-14 0.286488 1.47542e-14 -5.83206e-14 -6.29531e-15
1.3 0.71472 -1.43366e-14 0.285294 1.43594e-14 -5.70417e-14 -6.77533e-15
1.305 0.71591 -1.38757e-14 0.284103 1.39469e-14 -5.57062e-14 -7.2336e-15
1.31 0.717097 -1.3448e-14 0.282916 1.3515e-14 -5.43723e-14 -7.63705e-15
1.315 0.718281 -1.29877e-14 0.281732 1.30612e-14 -5.29577e-14 -8.03481e-15
1.32 0.719461 -1.25864e-14 0.280552 1.25927e-14 -5.15359e-14 -8.43715e-15
1.325 0.720638 -1.21711e-14 0.279374 1.21322e-14 -5.00505e-14 -8.84185e-15
1.33 0.721813 -1.17213e-14 0.2782 1.16737e-14 -4.86297e-14 -9.26378e-15
1.335 0.722985 -1.12485e-14 0.277028 1.12128e-14 -4.72539e-14 -9.70958e-15
1.34 0.724154 -1.07268e-14 0.275858 1.07333e-14 -4.58466e-14 -1.01916e-14
1.345 0.725321 -1.03033e-14 0.274691 1.02372e-14 -4.44087e-14 -1.07175e-14
1.35 0.726486 -9.70505e-15 0.273526 9.71266e-15 -4.29529e-14 -1.12075e-14
1.355 0.727649 -9.23163e-15 0.272363 9.16811e-15 -4.15274e-14 -1.17293e-14
1.36 0.72881 -8.71011e-15 0.271202 8.59484e-15 -4.00778e-14 -1.2261e-14
1.365 0.72997 -8.1078e-15 0.270042 8.01055e-15 -3.85435e-14 -1.28247e-14
1.37 0.731128 -7.46343e-15 0.268884 7.38635e-15 -3.6929e-14 -1.34086e-14
1.375 0.732285 -6.86177e-15 0.267727 6.75012e-15 -3.52724e-14 -1.39714e-14
1.38 0.733441 -6.30227e-15 0.266571 6.06122e-15 -3.35793e-14 -1.44903e-14
1.385 0.734595 -5.52512e-15 0.265417 5.34872e-15 -3.18037e-14 -1.49392e-14
1.39 0.735749 -4.79054e-15 0.264263 4.61354e-15 -2.99683e-14 -1.54527e-14
1.395 0.736902 -4.10771e-15 0.26311 3.84898e-15 -2.80791e-14 -1.59809e-14
1.4 0.738054 -3.25054e-15 0.261957 3.07515e-15 -2.61185e-14 -1.65575e-14
1.405 0.739206 -2.45247e-15 0.260805 2.28198e-15 -2.41242e-14 -1.71179e-14
1.41 0.740358 -1.7006e-15 0.259654 1.4908e-15 -2.20196e-14 -1.76961e-14
1.415 0.741509 -8.91695e-16 0.258503 6.95723e-16 -1.98076e-14 -1.83535e-14
1.42 0.74266 -7.47542e-17 0.257352 -1.0353e-16 -1.75399e-14 -1.89799e-14
1.425 0.74381 7.13166e-16 0.256201 -9.30604e-16 -1.52849e-14 -1.95343e-14
1.43 0.744961 1.56821e-15 0.25505 -1.76064e-15 -1.2946e-14 -2.01217e-14
1.435 0.746112 2.42579e-15 0.253899 -2.60564e-15 -1.06054e-14 -2.07266e-14
1.44 0.747263 3.32603e-15 0.252748 -3.44327e-15 -8.24775e-15 -2.13397e-14
1.445 0.748414 4.18454e-15 0.251597 -4.29764e-15 -5.82793e-15 -2.19019e-14
1.45 0.749565 5.0288e-15 0.250446 -5.16433e-15 -3.42933e-15 -2.24871e-14
1.455 0.750717 5.93086e-15 0.249294 -6.03812e-15 -1.13464e-15 -2.30929e-14
1.46 0.751869 6.81636e-15 0.248141 -6.91866e-15 1.1785e-15 -2.37025e-14
1.465 0.753022 7.69425e-15 0.246989 -7.79915e-15 3.53978e-15 -2.42971e-14
1.47 0.754175 8.55544e-15 0.245836 -8.68844e-15 5.83675e-15 -2.4812e-14
1.475 0.755329 9.35504e-15 0.244682 -9.56464e-15 8.16147e-15 -2.53528e-14
1.48 0.756483 1.01246e-14 0.243528 -1.04525e-14 1.04675e-14 -2.58678e-14
1.485 0.757638 1.10035e-14 0.242373 -1.13483e-14 1.2768e-14 -2.62826e-14
1.49 0.758793 1.19161e-14 0.241217 -1.22503e-14 1.50695e-14 -2.65894e-14
1.495 0.759949 1.28053e-14 0.240061 -1.31639e-14 1.73275e-14 -2.686e-14
1.5 0.761106 1.37136e-14 0.238904 -1.40705e-14 1.95954e-14 -2.70424e-14
1.505 0.762264 1.4587e-14 0.237747 -1.49775e-14 2.17848e-14 -2.71528e-14
1.51 0.763422 1.55837e-14 0.236589 -1.5883e-14 2.40223e-14 -2.71954e-14
1.515 0.764581 1.65839e-14 0.23543 -1.67921e-14 2.62036e-14 -2.71727e-14
1.52 0.76574 1.73987e-14 0.23427 -1.77079e-14 2.84163e-14 -2.71345e-14
1.525 0.7669 1.83103e-14 0.23311 -1.86224e-14 3.05625e-14 -2.70922e-14
1.53 0.768061 1.92765e-14 0.231949 -1.95462e-14 3.26456e-14 -2.6908e-14
1.535 0.769223 2.01888e-14 0.230787 -2.04792e-14 3.47684e-14 -2.67991e-14
1.54 0.770385 2.10666e-14 0.229625 -2.14061e-14 3.69232e-14 -2.67072e-14
1.545 0.771548 2.20344e-14 0.228462 -2.23483e-14 3.90433e-14 -2.66039e-14
1.55 0.772711 2.30439e-14 0.227299 -2.32867e-14 4.11648e-14 -2.6517e-14
1.555 0.773875 2.39508e-14 0.226135 -2.42223e-14 4.33062e-14 -2.6405e-14
1.56 0.775039 2.48301e-14 0.224971 -2.5147e-14 4.54453e-14 -2.62655e-14
1.565 0.776204 2.58548e-14 0.223806 -2.60727e-14 4.75102e-14 -2.60703e-14
1.57 0.77737 2.67641e-14 0.22264 -2.69964e-14 4.96165e-14 -2.5899e-14
1.575 0.778535 2.76586e-14 0.221475 -2.79023e-14 5.16698e-14 -2.56526e-14
1.58 0.779701 2.86079e-14 0.220309 -2.88111e-14 5.37312e-14 -2.5303e-14
1.585 0.780867 2.95139e-14 0.219142 -2.97123e-14 5.58062e-14 -2.49314e-14
1.59 0.782034 3.03813e-14 0.217976 -3.06035e-14 5.78946e-14 -2.44838e-14
1.595 0.7832 3.11978e-14 0.216809 -3.14836e-14 5.99456e-14 -2.40181e-14
1.6 0.784367 3.2092e-14 0.215643 -3.23639e-14 6.19666e-14 -2.35678e-14
1.605 0.785534 3.29674e-14 0.214476 -3.32572e-14 6.38872e-14 -2.30768e-14
1.61 0.7867 3.39017e-14 0.213309 -3.41518e-14 6.57508e-14 -2.25098e-14
1.615 0.787867 3.48953e-14 0.212143 -3.50419e-14 6.74728e-14 -2.20181e-14
1.62 0.789033 3.57724e-14 0.210977 -3.59191e-14 6.91673e-14 -2.15247e-14
1.625 0.790199 3.65616e-14 0.209811 -3.67864e-14 7.0841e-14 -2.09476e-14
1.63 0.791365 3.73023e-14 0.208645 -3.76526e-14 7.24979e-14 -2.03742e-14
1.635 0.79253 3.81191e-14 0.20748 -3.85127e-14 7.40893e-14 -1.9808e-14
1.64 0.793694 3.88886e-14 0.206316 -3.9332e-14 7.56844e-14 -1.92084e-14
1.645 0.794857 3.96098e-14 0.205152 -4.01106e-14 7.72515e-14 -1.86354e-14
1.65 0.79602 4.03799e-14 0.203989 -4.08422e-14 7.88022e-14 -1.80272e-14
1.655 0.797182 4.10796e-14 0.202828 -4.15357e-14 8.03073e-14 -1.73952e-14
1.66 0.798342 4.17547e-14 0.201667 -4.21957e-14 8.17001e-14 -1.67433e-14
1.665 0.799501 4.23899e-14 0.200508 -4.28253e-14 8.30059e-14 -1.60166e-14
1.67 0.800659 4.29634e-14 0.19935 -4.34347e-14 8.43525e-14 -1.52929e-14
1.675 0.801816 4.36122e-14 0.198193 -4.40305e-14 8.56775e-14 -1.45196e-14
1.68 0.802971 4.42666e-14 0.197038 -4.46033e-14 8.70559e-14 -1.3654e-14
1.685 0.804125 4.47903e-14 0.195884 -4.51557e-14 8.83855e-14 -1.27239e-14
1.69 0.805277 4.53352e-14 0.194732 -4.56882e-14 8.96514e-14 -1.17989e-14
1.695 0.806428 4.58299e-14 0.193581 -4.61959e-14 9.09148e-14 -1.08884e-14
1.7 0.807577 4.63237e-14 0.192433 -4.66955e-14 9.21173e-14 -9.99907e-15
1.705 0.808724 4.6826e-14 0.191286 -4.71938e-14 9.32483e-14 -9.0281e-15
1.71 0.809868 4.7292e-14 0.190141 -4.77031e-14 9.4357e-14 -7.98341e-15
1.715 0.811011 4.78372e-14 0.188998 -4.82252e-14 9.54586e-14 -6.89947e-15
1.72 0.812152 4.84641e-14 0.187857 -4.87716e-14 9.66085e-14 -5.78821e-15
1.725 0.81329 4.90115e-14 0.186719 -4.93286e-14 9.76878e-14 -4.72433e-15
1.73 0.814426 4.95605e-14 0.185583 -4.98805e-14 9.87205e-14 -3.7002e-15
1.735 0.815559 5.0143e-14 0.18445 -5.0452e-14 9.97022e-14 -2.67617e-15
1.74 0.81669 5.07308e-14 0.183319 -5.10404e-14 1.0068e-13 -1.62945e-15
1.745 0.817818 5.14073e-14 0.182191 -5.16471e-14 1.01664e-13 -6.68274e-16
1.75 0.818943 5.20417e-14 0.181066 -5.22701e-14 1.02435e-13 3.86644e-16
1.755 0.820065 5.26004e-14 0.179944 -5.29109e-14 1.02976e-13 1.47072e-15
1.76 0.821184 5.3252e-14 0.178825 -5.35669e-14 1.03395e-13 2.60445e-15
1.765 0.8223 5.39414e-14 0.177709 -5.42328e-14 1.03713e-13 3.81084e-15
1.77 0.823412 5.47029e-14 0.176597 -5.4924e-14 1.04025e-13 5.04547e-15
1.775 0.824521 5.54668e-14 0.175488 -5.56328e-14 1.04276e-13 6.31706e-15
1.78 0.825627 5.61807e-14 0.174382 -5.63624e-14 1.04541e-13 7.52688e-15
1.785 0.826729 5.69667e-14 0.17328 -5.71064e-14 1.04626e-13 8.80625e-15
1.79 0.827827 5.77048e-14 0.172182 -5.78704e-14 1.04586e-13 1.00963e-14
1.795 0.828921 5.85547e-14 0.171088 -5.86511e-14 1.0455e-13 1.13177e-14
1.8 0.830011 5.93535e-14 0.169998 -5.94539e-14 1.04534e-13 1.254e-14
1.805 0.831097 6.01866e-14 0.168912 -6.02493e-14 1.04492e-13 1.36807e-14
1.81 0.832179 6.10307e-14 0.16783 -6.10528e-14 1.04409e-13 1.4761e-14
1.815 0.833256 6.19299e-14 0.166753 -6.18686e-14 1.04331e-13 1.57857e-14
1.82 0.834329 6.27382e-14 0.16568 -6.26989e-14 1.04278e-13 1.68122e-14
1.825 0.835397 6.36259e-14 0.164612 -6.35423e-14 1.04272e-13 1.78665e-14
1.83 0.836461 6.45235e-14 0.163548 -6.44046e-14 1.04294e-13 1.89163e-14
1.835 0.83752 6.54912e-14 0.162489 -6.52756e-14 1.04313e-13 1.99391e-14
1.84 0.838574 6.64049e-14 0.161435 -6.61562e-14 1.04275e-13 2.09047e-14
1.845 0.839622 6.72424e-14 0.160386 -6.70385e-14 1.04196e-13 2.18317e-14
1.85 0.840666 6.81359e-14 0.159343 -6.79212e-14 1.04095e-13 2.27007e-14
1.855 0.841705 6.89803e-14 0.158304 -6.88083e-14 1.03978e-13 2.3544e-14
1.86 0.842738 6.98828e-14 0.157271 -6.9692e-14 1.03765e-13 2.43424e-14
1.865 0.843765 7.07533e-14 0.156243 -7.05706e-14 1.03588e-13 2.50982e-14
1.87 0.844787 7.16138e-14 0.155221 -7.14458e-14 1.03368e-13 2.58115e-14
1.875 0.845804 7.24348e-14 0.154205 -7.23236e-14 1.03156e-13 2.65021e-14
1.88 0.846814 7.33412e-14 0.153194 -7.3208e-14 1.02904e-13 2.70782e-14
1.885 0.847819 7.42893e-14 0.15219 -7.40963e-14 1.0272e-13 2.74943e-14
1.89 0.848818 7.5149e-14 0.151191 -7.49773e-14 1.02571e-13 2.78558e-14
1.895 0.849811 7.59901e-14 0.150198 -7.58509e-14 1.02413e-13 2.82624e-14
1.9 0.850798 7.68408e-14 0.149211 -7.66932e-14 1.02284e-13 2.86618e-14
1.905 0.851778 7.77104e-14 0.14823 -7.75377e-14 1.02198e-13 2.90736e-14
1.91 0.852753 7.85567e-14 0.147256 -7.83778e-14 1.02049e-13 2.94068e-14
1.915 0.853721 7.93958e-14 0.146288 -7.92121e-14 1.01856e-13 2.96662e-14
1.92 0.854682 8.01916e-14 0.145326 -8.0045e-14 1.01688e-13 2.99116e-14
1.925 0.855637 8.09662e-14 0.144371 -8.0856e-14 1.01525e-13 3.01817e-14
1.93 0.856586 8.17827e-14 0.143422 -8.16614e-14 1.01324e-13 3.04257e-14
1.935 0.857528 8.26266e-14 0.14248 -8.24604e-14 1.01101e-13 3.0691e-14
1.94 0.858464 8.34541e-14 0.141545 -8.32468e-14 1.00818e-13 3.09277e-14
1.945 0.859392 8.42328e-14 0.140616 -8.40157e-14 1.00538e-13 3.11837e-14
1.95 0.860314 8.50248e-14 0.139694 -8.4796e-14 1.00326e-13 3.1418e-14
1.955 0.861229 8.58272e-14 0.138779 -8.55933e-14 1.00122e-13 3.1601e-14
1.96 0.862138 8.66695e-14 0.137871 -8.63885e-14 9.98876e-14 3.17943e-14
1.965 0.863039 8.74735e-14 0.136969 -8.71899e-14 9.96882e-14 3.19293e-14
1.97 0.863933 8.83336e-14 0.136075 -8.80009e-14 9.95065e-14 3.20236e-14
1.975 0.864821 8.91961e-14 0.135188 -8.88227e-14 9.93092e-14 3.20477e-14
1.98 0.865701 9.00308e-14 0.134307 -8.96762e-14 9.91053e-14 3.20717e-14
1.985 0.866574 9.08768e-14 0.133434 -9.05528e-14 9.8888e-14 3.20117e-14
1.99 0.86744 9.17862e-14 0.132568 -9.14406e-14 9.86675e-14 3.18812e-14
1.995 0.868299 9.27309e-14 0.131709 -9.23664e-14 9.84092e-14 3.17771e-14
2 0.86915 9.37405e-14 0.130858 -9.33327e-14 9.81736e-14 3.16346e-14
2.005 0.869994 9.47496e-14 0.130014 -9.43306e-14 9.78988e-14 3.14368e-14
2.01 0.870831 9.57868e-14 0.129177 -9.53737e-14 9.77122e-14 3.11884e-14
2.015 0.87166 9.68694e-14 0.128348 -9.64482e-14 9.74998e-14 3.08498e-14
2.02 0.872482 9.79616e-14 0.127526 -9.75617e-14 9.72968e-14 3.04845e-14
2.025 0.873296 9.91528e-14 0.126712 -9.87113e-14 9.71012e-14 3.00602e-14
2.03 0.874103 1.00379e-13 0.125905 -9.99078e-14 9.68908e-14 2.96225e-14
2.035 0.874903 1.01626e-13 0.125105 -1.01161e-13 9.66481e-14 2.91736e-14
2.04 0.875695 1.02912e-13 0.124313 -1.02461e-13 9.64579e-14 2.86485e-14
2.045 0.87648 1.04284e-13 0.123528 -1.03815e-13 9.63339e-14 2.80399e-14
2.05 0.877258 1.05677e-13 0.12275 -1.05216e-13 9.61458e-14 2.74409e-14
2.055 0.878029 1.07097e-13 0.121979 -1.06669e-13 9.60106e-14 2.68313e-14
2.06 0.878792 1.08585e-13 0.121216 -1.08164e-13 9.58009e-14 2.61469e-14
2.065 0.879548 1.10159e-13 0.12046 -1.09708e-13 9.55431e-14 2.54831e-14
2.07 0.880297 1.11807e-13 0.119711 -1.11307e-13 9.52331e-14 2.47585e-14
2.075 0.881039 1.13442e-13 0.118969 -1.12955e-13 9.49225e-14 2.39789e-14
2.08 0.881773 1.15198e-13 0.118235 -1.14659e-13 9.46407e-14 2.31425e-14
2.085 0.882501 1.16898e-13 0.117507 -1.16428e-13 9.43678e-14 2.23719e-14
2.09 0.883221 1.18783e-13 0.116787 -1.18266e-13 9.41295e-14 2.16095e-14
2.095 0.883934 1.207e-13 0.116074 -1.20163e-13 9.39839e-14 2.08547e-14
2.1 0.88464 1.22667e-13 0.115368 -1.22117e-13 9.39356e-14 2.01324e-14
2.105 0.885339 1.24627e-13 0.114669 -1.24129e-13 9.39601e-14 1.94611e-14
2.11 0.886031 1.2668e-13 0.113977 -1.26205e-13 9.41146e-14 1.89084e-14
2.115 0.886716 1.28839e-13 0.113292 -1.28358e-13 9.43389e-14 1.84028e-14
2.12 0.887394 1.31059e-13 0.112614 -1.30557e-13 9.45889e-14 1.79182e-14
2.125 0.888065 1.33303e-13 0.111943 -1.32794e-13 9.49484e-14 1.74191e-14
2.13 0.888729 1.3556e-13 0.111279 -1.35068e-13 9.53827e-14 1.70691e-14
2.135 0.889387 1.37897e-13 0.110621 -1.37394e-13 9.58532e-14 1.69022e-14
2.14 0.890037 1.40255e-13 0.109971 -1.39763e-13 9.63811e-14 1.67258e-14
2.145 0.89068 1.42657e-13 0.109328 -1.42172e-13 9.69187e-14 1.65085e-14
2.15 0.891317 1.45104e-13 0.108691 -1.4462e-13 9.74829e-14 1.62935e-14
2.155 0.891947 1.47596e-13 0.108061 -1.4711e-13 9.81199e-14 1.6082e-14
2.16 0.89257 1.50135e-13 0.107438 -1.49645e-13 9.87123e-14 1.59507e-14
2.165 0.893187 1.52686e-13 0.106821 -1.52228e-13 9.92652e-14 1.58699e-14
2.17 0.893797 1.55366e-13 0.106211 -1.5486e-13 9.97769e-14 1.58072e-14
2.175 0.894401 1.58058e-13 0.105607 -1.57536e-13 1.00314e-13 1.5845e-14
2.18 0.894998 1.6076e-13 0.10501 -1.60244e-13 1.00868e-13 1.58377e-14
2.185 0.895589 1.63496e-13 0.104419 -1.62975e-13 1.01418e-13 1.57288e-14
2.19 0.896174 1.66259e-13 0.103834 -1.65738e-13 1.01965e-13 1.58017e-14
2.195 0.896752 1.6902e-13 0.103256 -1.68519e-13 1.02423e-13 1.5815e-14
2.2 0.897324 1.71857e-13 0.102684 -1.71361e-13 1.02877e-13 1.59506e-14
2.205 0.89789 1.74716e-13 0.102118 -1.74222e-13 1.03303e-13 1.59646e-14
2.21 0.898449 1.77608e-13 0.101559 -1.77108e-13 1.03727e-13 1.58545e-14
2.215 0.899003 1.80533e-13 0.101005 -1.80015e-13 1.04115e-13 1.56194e-14
2.22 0.899551 1.83455e-13 0.100458 -1.82942e-13 1.04524e-13 1.51647e-14
2.225 0.900092 1.8639e-13 0.0999162 -1.85869e-13 1.05532e-13 1.43154e-14
2.23 0.900627 1.89356e-13 0.099381 -1.8883e-13 1.06384e-13 1.36864e-14
2.235 0.901156 1.92322e-13 0.0988519 -1.91797e-13 1.06982e-13 1.32016e-14
2.24 0.901679 1.95298e-13 0.0983287 -1.94754e-13 1.07343e-13 1.287e-14
2.245 0.902197 1.98225e-13 0.0978114 -1.97694e-13 1.07438e-13 1.26868e-14
2.25 0.902708 2.01142e-13 0.0972998 -2.00623e-13 1.07193e-13 1.26302e-14
2.255 0.903214 2.04057e-13 0.0967941 -2.03544e-13 1.06577e-13 1.27636e-14
2.26 0.903714 2.06994e-13 0.0962943 -2.06497e-13 1.05871e-13 1.3032e-14
2.265 0.904208 2.09984e-13 0.0958002 -2.0946e-13 1.05076e-13 1.33244e-14
2.27 0.904696 2.12934e-13 0.0953116 -2.12425e-13 1.0421e-13 1.37147e-14
2.275 0.905179 2.15909e-13 0.0948286 -2.1538e-13 1.03283e-13 1.4182e-14
2.28 0.905657 2.18869e-13 0.094351 -2.18317e-13 1.0225e-13 1.47176e-14
2.285 0.906129 2.21782e-13 0.0938786 -2.21226e-13 1.01183e-13 1.52518e-14
2.29 0.906597 2.24651e-13 0.0934114 -2.24097e-13 1.00056e-13 1.57898e-14
2.295 0.907059 2.27492e-13 0.0929492 -2.26934e-13 9.88711e-14 1.6165e-14
2.3 0.907516 2.30268e-13 0.0924919 -2.29718e-13 9.77032e-14 1.64175e-14
2.305 0.907969 2.32997e-13 0.0920394 -2.32446e-13 9.65677e-14 1.66052e-14
2.31 0.908416 2.35645e-13 0.0915916 -2.35093e-13 9.54558e-14 1.66328e-14
2.315 0.90886 2.38195e-13 0.0911484 -2.3765e-13 9.44285e-14 1.65022e-14
2.32 0.909298 2.40678e-13 0.0907097 -2.40114e-13 9.34908e-14 1.62384e-14
2.325 0.909733 2.43034e-13 0.0902754 -2.4247e-13 9.26048e-14 1.58329e-14
2.33 0.910163 2.45318e-13 0.0898453 -2.44742e-13 9.17962e-14 1.53379e-14
2.335 0.910589 2.47508e-13 0.0894195 -2.4692e-13 9.10703e-14 1.46896e-14
2.34 0.91101 2.49595e-13 0.0889977 -2.48993e-13 9.05429e-14 1.38871e-14
2.345 0.911428 2.51546e-13 0.08858 -2.50952e-13 9.01801e-14 1.29367e-14
2.35 0.911842 2.53394e-13 0.0881663 -2.52796e-13 9.00689e-14 1.18382e-14
2.355 0.912252 2.55129e-13 0.0877563 -2.54517e-13 9.02611e-14 1.06771e-14
2.36 0.912658 2.56718e-13 0.0873501 -2.56113e-13 9.06628e-14 9.37286e-15
2.365 0.913061 2.58178e-13 0.0869474 -2.57581e-13 9.1191e-14 7.81596e-15
2.37 0.91346 2.59506e-13 0.0865482 -2.58927e-13 9.1862e-14 6.02025e-15
2.375 0.913856 2.60757e-13 0.0861523 -2.60158e-13 9.26503e-14 4.0132e-15
2.38 0.914248 2.61882e-13 0.0857597 -2.6127e-13 9.3597e-14 1.79637e-15
2.385 0.914638 2.6287e-13 0.0853703 -2.62252e-13 9.46239e-14 -7.42819e-16
2.39 0.915024 2.63703e-13 0.0849838 -2.63102e-13 9.58209e-14 -3.38064e-15
2.395 0.915408 2.64416e-13 0.0846003 -2.63807e-13 9.71628e-14 -6.13693e-15
2.4 0.915789 2.64979e-13 0.0842195 -2.64385e-13 9.84941e-14 -8.88605e-15
2.405 0.916167 2.65437e-13 0.0838414 -2.64833e-13 9.99019e-14 -1.15895e-14
2.41 0.916542 2.65733e-13 0.0834659 -2.65123e-13 1.01224e-13 -1.41979e-14
2.415 0.916915 2.65929e-13 0.0830929 -2.65305e-13 1.02506e-13 -1.66832e-14
2.42 0.917286 2.66004e-13 0.0827223 -2.6537e-13 1.03818e-13 -1.90323e-14
2.425 0.917654 2.65938e-13 0.0823539 -2.65312e-13 1.05073e-13 -2.13343e-14
2.43 0.918021 2.65814e-13 0.0819876 -2.65182e-13 1.06384e-13 -2.35892e-14
2.435 0.918385 2.65568e-13 0.0816234 -2.64934e-13 1.07757e-13 -2.58575e-14
2.44 0.918747 2.65225e-13 0.0812612 -2.64587e-13 1.09232e-13 -2.79433e-14
2.445 0.919107 2.64736e-13 0.0809009 -2.64098e-13 1.10812e-13 -3.00368e-14
2.45 0.919466 2.64018e-13 0.0805423 -2.63386e-13 1.12553e-13 -3.21107e-14
2.455 0.919823 2.63109e-13 0.0801855 -2.62487e-13 1.14422e-13 -3.40938e-14
2.46 0.920178 2.62084e-13 0.0798304 -2.61465e-13 1.16451e-13 -3.61039e-14
2.465 0.920531 2.60783e-13 0.0794769 -2.60179e-13 1.18545e-13 -3.79943e-14
2.47 0.920883 2.5935e-13 0.0791247 -2.58753e-13 1.20807e-13 -3.9882e-14
2.475 0.921235 2.57868e-13 0.0787736 -2.57278e-13 1.23169e-13 -4.1746e-14
2.48 0.921585 2.56439e-13 0.0784236 -2.55848e-13 1.25612e-13 -4.35355e-14
2.485 0.921934 2.54941e-13 0.0780744 -2.54365e-13 1.28153e-13 -4.5335e-14
2.49 0.922282 2.53208e-13 0.0777259 -2.52638e-13 1.30683e-13 -4.70797e-14
2.495 0.92263 2.5137e-13 0.0773779 -2.50799e-13 1.33305e-13 -4.86365e-14
2.5 0.922981 2.49454e-13 0.0770271 -2.48884e-13 1.36152e-13 -5.00035e-14
