0 0 0 1 0 0 0
0.05 0.0039663 5.33187e-16 0.996034 8.20638e-17 2.64434e-16 1.13734e-16
0.1 0.0157211 7.19149e-16 0.984279 1.10783e-16 9.60886e-16 2.96433e-16
0.15 0.0348425 8.19919e-16 0.965157 -3.06537e-16 2.11359e-15 4.66441e-16
0.2 0.0606576 8.38495e-16 0.939342 -2.88122e-16 3.66978e-15 7.132e-16
0.25 0.0922846 7.69066e-16 0.907715 -2.52445e-16 5.50903e-15 9.39331e-16
0.3 0.128687 4.71084e-16 0.871313 -1.12192e-16 7.49408e-15 1.14047e-15
0.35 0.168734 1.597e-16 0.831266 1.01495e-16 9.36911e-15 1.8062e-15
0.4 0.211262 -1.6285e-16 0.788738 4.31898e-16 1.10916e-14 2.63733e-15
0.45 0.255134 -7.18231e-16 0.744866 7.73487e-16 1.24857e-14 3.7856e-15
0.5 0.299291 -1.23931e-15 0.700708 1.38093e-15 1.33639e-14 5.03558e-15
0.55 0.342793 -2.12207e-15 0.657206 2.07621e-15 1.38716e-14 6.33742e-15
0.6 0.384847 -2.74384e-15 0.615152 2.72327e-15 1.40351e-14 7.57182e-15
0.65 0.424824 -3.02486e-15 0.575176 3.14629e-15 1.40501e-14 8.40593e-15
0.7 0.462263 -3.24178e-15 0.537737 3.53798e-15 1.41341e-14 8.75834e-15
0.75 0.496866 -3.43169e-15 0.503134 3.74989e-15 1.46465e-14 8.3625e-15
0.8 0.528485 -3.4632e-15 0.471515 3.78331e-15 1.58607e-14 7.31815e-15
0.85 0.557103 -3.74435e-15 0.442897 3.7851e-15 1.7797e-14 5.60755e-15
0.9 0.582813 -3.67832e-15 0.417187 3.8972e-15 2.04452e-14 3.40084e-15
0.95 0.605796 -3.83927e-15 0.394205 4.2024e-15 2.37183e-14 8.26813e-16
1 0.626297 -4.16225e-15 0.373703 4.42145e-15 2.7322e-14 -1.68275e-15
1.05 0.64461 -4.26355e-15 0.35539 4.41477e-15 3.07821e-14 -3.86397e-15
1.1 0.661053 -3.7676e-15 0.338947 4.06599e-15 3.35223e-14 -5.42015e-15
1.15 0.675955 -3.40619e-15 0.324045 3.61925e-15 3.55547e-14 -6.45104e-15
1.2 0.689642 -3.07636e-15 0.310358 3.24412e-15 3.61625e-14 -7.22285e-15
1.25 0.702419 -2.38768e-15 0.297581 2.61723e-15 3.55167e-14 -8.22789e-15
1.3 0.714566 -1.7704e-15 0.285434 1.98179e-15 3.43231e-14 -9.14554e-15
1.35 0.726321 -1.15464e-15 0.273679 1.34651e-15 3.23751e-14 -9.84125e-15
1.4 0.737876 -5.2727e-16 0.262124 6.76617e-16 2.98282e-14 -1.04782e-14
1.45 0.749374 1.26658e-16 0.250627 1.1335e-16 2.68523e-14 -1.09386e-14
1.5 0.760902 5.89629e-16 0.239098 -3.32241e-16 2.39916e-14 -1.14941e-14
1.55 0.772497 8.46827e-16 0.227503 -5.68686e-16 2.11101e-14 -1.20834e-14
1.6 0.784147 9.9264e-16 0.215853 -6.77946e-16 1.80254e-14 -1.25301e-14
1.65 0.7958 9.95528e-16 0.2042 -7.44922e-16 1.48972e-14 -1.29355e-14
1.7 0.807371 9.31926e-16 0.192629 -7.18779e-16 1.19825e-14 -1.33793e-14
1.75 0.818754 8.14471e-16 0.181247 -5.63174e-16 9.16738e-15 -1.3832e-14
1.8 0.829831 6.40086e-16 0.170169 -3.45967e-16 6.43141e-15 -1.45207e-14
1.85 0.840488 4.80379e-16 0.159512 -1.53357e-16 3.70085e-15 -1.51794e-14
1.9 0.850616 3.21314e-16 0.149384 6.50503e-17 1.2175e-15 -1.6211e-14
1.95 0.860126 6.88704e-17 0.139874 3.26502e-16 -9.48339e-16 -1.77303e-14
2 0.868949 -1.06167e-16 0.131051 4.85124e-16 -2.91066e-15 -1.97479e-14
2.05 0.877042 -2.68501e-16 0.122958 5.69781e-16 -4.74199e-15 -2.20816e-14
2.1 0.884388 -3.65165e-16 0.115612 6.73884e-16 -6.38326e-15 -2.45233e-14
2.15 0.890996 -4.69929e-16 0.109004 7.81433e-16 -7.96996e-15 -2.71358e-14
2.2 0.896895 -4.24027e-16 0.103105 7.30664e-16 -8.98641e-15 -3.00078e-14
2.25 0.902136 -2.06772e-16 0.0978639 5.18567e-16 -9.68096e-15 -3.28534e-14
2.3 0.906786 2.78294e-16 0.0932137 4.57329e-17 -1.00333e-14 -3.58318e-14
2.35 0.910924 1.0543e-15 0.0890764 -7.28691e-16 -1.06334e-14 -3.84163e-14
2.4 0.914635 1.94641e-15 0.0853654 -1.63421e-15 -1.12376e-14 -4.07114e-14
2.45 0.91801 3.05308e-15 0.0819903 -2.75243e-15 -1.14125e-14 -4.30293e-14
2.5 0.92114 4.07229e-15 0.0788602 -3.77284e-15 -1.15356e-14 -4.55553e-14
