0 0 0 1 0 0 0
0.01 0.000159136 -3.58646e-16 0.999841 -2.5582e-16 1.69318e-15 8.7536e-16
0.02 0.00063631 -4.39596e-16 0.999364 -5.62962e-17 3.58837e-15 1.39458e-15
0.03 0.00143082 -3.58946e-16 0.998569 -6.71076e-17 5.52219e-15 1.73203e-15
0.04 0.00254152 -4.28508e-16 0.997458 -6.94767e-17 7.48844e-15 2.26243e-15
0.05 0.00396677 -2.45486e-16 0.996033 -7.76349e-17 9.48337e-15 2.81223e-15
0.06 0.00570451 -2.21954e-16 0.994295 -9.03951e-17 1.1519e-14 3.55729e-15
0.07 0.00775222 -2.28932e-16 0.992248 -8.30105e-17 1.35859e-14 4.2214e-15
0.08 0.0101069 -3.46e-16 0.989893 -8.40782e-17 1.5686e-14 4.74851e-15
0.09 0.0127652 -4.64071e-16 0.987235 -7.48605e-17 1.78221e-14 5.4321e-15
0.1 0.0157233 -4.51963e-16 0.984277 -8.25845e-17 1.99686e-14 6.25084e-15
0.11 0.0189768 -5.40338e-16 0.981023 -8.32149e-17 2.21423e-14 6.96082e-15
0.12 0.0225212 -4.14881e-16 0.977479 -8.11114e-17 2.43242e-14 7.5468e-15
0.13 0.0263515 -7.31633e-16 0.973649 -8.1086e-17 2.65071e-14 8.09251e-15
0.14 0.0304621 -7.10068e-16 0.969538 -6.56249e-17 2.86708e-14 8.75908e-15
0.15 0.0348474 -8.02787e-16 0.965153 -5.73634e-17 3.08077e-14 9.5034e-15
0.16 0.039501 -1.00794e-15 0.960499 -9.64926e-17 3.29167e-14 1.02198e-14
0.17 0.0444167 -8.02202e-16 0.955583 -1.24476e-16 3.49882e-14 1.09945e-14
0.18 0.0495875 -4.72199e-16 0.950412 -1.59623e-16 3.70304e-14 1.19429e-14
0.19 0.0550064 -5.08872e-16 0.944994 -1.84582e-16 3.90236e-14 1.30091e-14
0.2 0.0606659 -9.02191e-16 0.939334 -2.15192e-16 4.09513e-14 1.40844e-14
0.21 0.0665584 -6.59588e-16 0.933442 -2.36318e-16 4.28189e-14 1.52688e-14
0.22 0.072676 -6.96455e-16 0.927324 -2.74634e-16 4.46226e-14 1.64223e-14
0.23 0.0790106 -5.5395e-16 0.920989 -3.45588e-16 4.6346e-14 1.77652e-14
0.24 0.0855537 -6.76054e-16 0.914446 -4.29509e-16 4.79728e-14 1.93422e-14
0.25 0.0922969 -6.70476e-16 0.907703 -6.52868e-16 4.94746e-14 2.1034e-14
0.26 0.0992314 -5.95566e-16 0.900769 -8.89263e-16 5.08279e-14 2.2972e-14
0.27 0.106348 -1.926e-16 0.893652 -1.14765e-15 5.19879e-14 2.5141e-14
0.28 0.113639 -2.32517e-16 0.886361 -1.42433e-15 5.29577e-14 2.75432e-14
0.29 0.121094 -2.88347e-16 0.878906 -1.69408e-15 5.37561e-14 3.00607e-14
0.3 0.128704 -1.75148e-16 0.871296 -2.03288e-15 5.43862e-14 3.26793e-14
0.31 0.136459 3.84782e-16 0.863541 -2.56656e-15 5.48476e-14 3.53298e-14
0.32 0.144352 8.95414e-16 0.855648 -3.08406e-15 5.51393e-14 3.80962e-14
0.33 0.152371 1.42382e-15 0.847629 -3.6468e-15 5.52796e-14 4.0993e-14
0.34 0.160509 2.28417e-15 0.839491 -4.24126e-15 5.52577e-14 4.39135e-14
0.35 0.168755 3.21171e-15 0.831245 -4.81291e-15 5.51081e-14 4.68403e-14
0.36 0.1771 3.75776e-15 0.8229 -5.38121e-15 5.48147e-14 4.97417e-14
0.37 0.185535 4.47986e-15 0.814465 -5.95504e-15 5.43692e-14 5.26451e-14
0.38 0.19405 4.99125e-15 0.80595 -6.51674e-15 5.3777e-14 5.54911e-14
0.39 0.202637 5.35303e-15 0.797363 -7.03905e-15 5.3079e-14 5.82719e-14
0.4 0.211287 6.27954e-15 0.788713 -7.55275e-15 5.22643e-14 6.09947e-14
0.41 0.21999 6.85917e-15 0.78001 -8.13185e-15 5.13378e-14 6.35651e-14
0.42 0.228738 7.34865e-15 0.771262 -8.60483e-15 5.02572e-14 6.60443e-14
0.43 0.237521 7.40253e-15 0.762479 -9.02855e-15 4.90823e-14 6.84332e-14
0.44 0.246332 8.01162e-15 0.753668 -9.41646e-15 4.78118e-14 7.06424e-14
0.45 0.255163 8.46977e-15 0.744837 -9.74755e-15 4.64457e-14 7.26212e-14
0.46 0.264004 8.44329e-15 0.735996 -1.00046e-14 4.50598e-14 7.44374e-14
0.47 0.272848 8.73942e-15 0.727152 -1.02464e-14 4.36161e-14 7.6001e-14
0.48 0.281688 9.06665e-15 0.718312 -1.04608e-14 4.21431e-14 7.72565e-14
0.49 0.290515 9.42744e-15 0.709485 -1.06597e-14 4.06655e-14 7.82606e-14
0.5 0.299323 9.76379e-15 0.700677 -1.07921e-14 3.92094e-14 7.89274e-14
0.51 0.308104 1.00177e-14 0.691896 -1.09275e-14 3.78078e-14 7.93649e-14
0.52 0.316851 1.00386e-14 0.683148 -1.09882e-14 3.64688e-14 7.95348e-14
0.53 0.325559 1.0069e-14 0.674441 -1.09421e-14 3.52597e-14 7.94248e-14
0.54 0.334219 1.01748e-14 0.665781 -1.08548e-14 3.41426e-14 7.89769e-14
0.55 0.342827 1.00807e-14 0.657173 -1.07559e-14 3.31756e-14 7.82764e-14
0.56 0.351377 9.8561e-15 0.648623 -1.06156e-14 3.23828e-14 7.72448e-14
0.57 0.359862 9.8108e-15 0.640137 -1.04832e-14 3.18403e-14 7.5894e-14
0.58 0.368279 9.61119e-15 0.631721 -1.02348e-14 3.15192e-14 7.42573e-14
0.59 0.37662 9.6394e-15 0.62338 -9.90609e-15 3.14873e-14 7.23748e-14
0.6 0.384883 9.41507e-15 0.615117 -9.52279e-15 3.17003e-14 7.02914e-14
0.61 0.393062 8.92055e-15 0.606938 -9.04712e-15 3.20655e-14 6.78112e-14
0.62 0.401153 8.40355e-15 0.598847 -8.64499e-15 3.25489e-14 6.50681e-14
0.63 0.409152 7.55865e-15 0.590848 -8.27528e-15 3.33513e-14 6.23251e-14
0.64 0.417055 6.86138e-15 0.582945 -7.80478e-15 3.43533e-14 5.93727e-14
0.65 0.42486 6.57928e-15 0.57514 -7.36955e-15 3.55588e-14 5.62914e-14
0.66 0.432563 5.99316e-15 0.567437 -6.86318e-15 3.68518e-14 5.29603e-14
0.67 0.44016 5.53712e-15 0.55984 -6.3845e-15 3.83472e-14 4.93924e-14
0.68 0.44765 4.96456e-15 0.552349 -5.8838e-15 3.99467e-14 4.56249e-14
0.69 0.455031 4.37939e-15 0.544969 -5.37839e-15 4.17747e-14 4.16634e-14
0.7 0.462299 3.88093e-15 0.537701 -4.91193e-15 4.3805e-14 3.76602e-14
0.71 0.469453 3.58302e-15 0.530547 -4.4698e-15 4.60313e-14 3.35088e-14
0.72 0.476491 2.7962e-15 0.523509 -4.04361e-15 4.85127e-14 2.92699e-14
0.73 0.483413 2.47089e-15 0.516587 -3.62029e-15 5.12201e-14 2.51372e-14
0.74 0.490216 1.91791e-15 0.509784 -3.22986e-15 5.40475e-14 2.09426e-14
0.75 0.496901 1.51951e-15 0.503099 -2.86151e-15 5.7053e-14 1.71073e-14
0.76 0.503465 1.17669e-15 0.496535 -2.53114e-15 6.01348e-14 1.32417e-14
0.77 0.509909 9.24385e-16 0.490091 -2.14109e-15 6.32355e-14 9.46029e-15
0.78 0.516233 4.59181e-16 0.483767 -1.77392e-15 6.63687e-14 5.54112e-15
0.79 0.522436 -1.04667e-16 0.477564 -1.38921e-15 6.94399e-14 1.60005e-15
0.8 0.528518 -2.43452e-16 0.471482 -9.85557e-16 7.26141e-14 -2.29673e-15
0.81 0.534479 -7.3591e-16 0.46552 -5.70393e-16 7.58874e-14 -6.15783e-15
0.82 0.540321 -9.59134e-16 0.459679 -2.00483e-16 7.92181e-14 -1.00921e-14
0.83 0.546044 -1.29113e-15 0.453956 1.10686e-16 8.25353e-14 -1.39203e-14
0.84 0.551647 -1.76769e-15 0.448353 3.92302e-16 8.59512e-14 -1.79501e-14
0.85 0.557133 -2.11036e-15 0.442867 7.24113e-16 8.92633e-14 -2.20099e-14
0.86 0.562503 -2.41724e-15 0.437497 1.00674e-15 9.26479e-14 -2.60356e-14
0.87 0.567757 -2.4866e-15 0.432243 1.22964e-15 9.61245e-14 -3.00966e-14
0.88 0.572897 -2.75197e-15 0.427103 1.40728e-15 9.96296e-14 -3.41025e-14
0.89 0.577924 -2.96159e-15 0.422076 1.50597e-15 1.03188e-13 -3.80656e-14
0.9 0.58284 -2.89837e-15 0.417159 1.53099e-15 1.06723e-13 -4.19404e-14
0.91 0.587647 -2.97565e-15 0.412352 1.48595e-15 1.10184e-13 -4.57381e-14
0.92 0.592347 -2.84948e-15 0.407653 1.3773e-15 1.13481e-13 -4.94128e-14
0.93 0.596941 -2.64552e-15 0.403059 1.22493e-15 1.16729e-13 -5.29338e-14
0.94 0.601431 -2.31638e-15 0.398569 1.02808e-15 1.19897e-13 -5.63258e-14
0.95 0.60582 -1.98682e-15 0.39418 7.83779e-16 1.22892e-13 -5.95633e-14
0.96 0.610109 -1.79791e-15 0.389891 4.78162e-16 1.25694e-13 -6.25597e-14
0.97 0.614301 -1.47785e-15 0.385699 1.55568e-16 1.28416e-13 -6.54662e-14
0.98 0.618399 -1.23243e-15 0.381601 -1.66334e-16 1.30856e-13 -6.81814e-14
0.99 0.622403 -9.71365e-16 0.377597 -5.09937e-16 1.33298e-13 -7.0767e-14
1 0.626318 -6.36633e-16 0.373682 -9.20322e-16 1.35584e-13 -7.32471e-14
1.01 0.630145 -2.84589e-17 0.369855 -1.37406e-15 1.3747e-13 -7.56007e-14
1.02 0.633887 5.26129e-16 0.366113 -1.84841e-15 1.39115e-13 -7.78389e-14
1.03 0.637546 9.05675e-16 0.362454 -2.34325e-15 1.40414e-13 -7.99769e-14
1.04 0.641125 1.38556e-15 0.358875 -2.84464e-15 1.41373e-13 -8.19228e-14
1.05 0.644627 1.79379e-15 0.355373 -3.38395e-15 1.42111e-13 -8.37761e-14
1.06 0.648054 2.2059e-15 0.351946 -3.91285e-15 1.42711e-13 -8.54852e-14
1.07 0.651409 2.78197e-15 0.348591 -4.45037e-15 1.42975e-13 -8.70335e-14
1.08 0.654694 3.29552e-15 0.345306 -5.03306e-15 1.42994e-13 -8.86011e-14
1.09 0.657913 3.86108e-15 0.342087 -5.65384e-15 1.42727e-13 -9.00037e-14
1.1 0.661067 4.43885e-15 0.338933 -6.27308e-15 1.42254e-13 -9.14378e-14
1.11 0.664159 5.10046e-15 0.335841 -6.97826e-15 1.41595e-13 -9.28108e-14
1.12 0.667193 5.95062e-15 0.332807 -7.66609e-15 1.4098e-13 -9.4228e-14
1.13 0.67017 6.75112e-15 0.32983 -8.41657e-15 1.40275e-13 -9.56592e-14
1.14 0.673093 7.56663e-15 0.326907 -9.13837e-15 1.39436e-13 -9.71395e-14
1.15 0.675966 8.36103e-15 0.324034 -9.87103e-15 1.38561e-13 -9.85626e-14
1.16 0.678789 9.18391e-15 0.321211 -1.05981e-14 1.37502e-13 -1.00043e-13
1.17 0.681567 1.00101e-14 0.318433 -1.13342e-14 1.36377e-13 -1.01629e-13
1.18 0.684301 1.06933e-14 0.315699 -1.20372e-14 1.35224e-13 -1.03363e-13
1.19 0.686995 1.13875e-14 0.313005 -1.27902e-14 1.34065e-13 -1.052e-13
1.2 0.689649 1.20302e-14 0.310351 -1.35758e-14 1.32929e-13 -1.07054e-13
1.21 0.692267 1.26857e-14 0.307733 -1.43438e-14 1.31698e-13 -1.09029e-13
1.22 0.694852 1.34019e-14 0.305148 -1.50741e-14 1.30373e-13 -1.11131e-13
1.23 0.697405 1.40835e-14 0.302595 -1.58471e-14 1.2896e-13 -1.13454e-13
1.24 0.699928 1.46723e-14 0.300072 -1.6557e-14 1.27476e-13 -1.15913e-13
1.25 0.702424 1.5525e-14 0.297576 -1.73307e-14 1.25929e-13 -1.18601e-13
1.26 0.704895 1.6419e-14 0.295105 -1.80615e-14 1.24413e-13 -1.21531e-13
1.27 0.707343 1.70459e-14 0.292657 -1.88026e-14 1.22859e-13 -1.24549e-13
1.28 0.70977 1.77039e-14 0.29023 -1.94877e-14 1.2131e-13 -1.2773e-13
1.29 0.712178 1.82651e-14 0.287822 -2.01285e-14 1.19997e-13 -1.31071e-13
1.3 0.714568 1.87746e-14 0.285432 -2.07579e-14 1.1879e-13 -1.34671e-13
1.31 0.716943 1.9372e-14 0.283057 -2.13943e-14 1.17627e-13 -1.38323e-13
1.32 0.719305 1.99315e-14 0.280695 -2.20199e-14 1.1642e-13 -1.42014e-13
1.33 0.721654 2.05443e-14 0.278346 -2.25819e-14 1.15277e-13 -1.4585e-13
1.34 0.723992 2.11051e-14 0.276008 -2.30888e-14 1.14315e-13 -1.49674e-13
1.35 0.726321 2.15758e-14 0.273679 -2.35495e-14 1.13415e-13 -1.53417e-13
1.36 0.728643 2.20006e-14 0.271357 -2.4011e-14 1.12512e-13 -1.57177e-13
1.37 0.730958 2.23264e-14 0.269042 -2.44235e-14 1.11725e-13 -1.6089e-13
1.38 0.733267 2.26358e-14 0.266733 -2.47966e-14 1.11029e-13 -1.64597e-13
1.39 0.735573 2.29454e-14 0.264427 -2.51315e-14 1.10409e-13 -1.68346e-13
1.4 0.737875 2.34012e-14 0.262125 -2.54761e-14 1.0993e-13 -1.71957e-13
1.41 0.740175 2.37676e-14 0.259825 -2.57583e-14 1.09592e-13 -1.75481e-13
1.42 0.742474 2.40897e-14 0.257526 -2.60167e-14 1.09388e-13 -1.78775e-13
1.43 0.744773 2.42496e-14 0.255227 -2.62176e-14 1.09336e-13 -1.81763e-13
1.44 0.747072 2.45022e-14 0.252928 -2.6353e-14 1.09141e-13 -1.84707e-13
1.45 0.749372 2.45738e-14 0.250628 -2.64578e-14 1.09051e-13 -1.87376e-13
1.46 0.751673 2.45608e-14 0.248327 -2.64925e-14 1.09006e-13 -1.89915e-13
1.47 0.753976 2.45625e-14 0.246024 -2.64609e-14 1.08973e-13 -1.92264e-13
1.48 0.756281 2.44254e-14 0.243719 -2.63733e-14 1.08844e-13 -1.94534e-13
1.49 0.758589 2.42445e-14 0.241411 -2.62126e-14 1.08382e-13 -1.96534e-13
1.5 0.760899 2.40409e-14 0.239101 -2.59924e-14 1.07846e-13 -1.98435e-13
1.51 0.763213 2.38455e-14 0.236787 -2.57089e-14 1.07305e-13 -2.002e-13
1.52 0.765529 2.3487e-14 0.234471 -2.53525e-14 1.06639e-13 -2.01847e-13
1.53 0.767848 2.31113e-14 0.232152 -2.49228e-14 1.05971e-13 -2.03296e-13
1.54 0.77017 2.25452e-14 0.22983 -2.44474e-14 1.05329e-13 -2.04684e-13
1.55 0.772494 2.20588e-14 0.227506 -2.39504e-14 1.04582e-13 -2.06066e-13
1.56 0.774821 2.14571e-14 0.225179 -2.34024e-14 1.03783e-13 -2.07503e-13
1.57 0.77715 2.08445e-14 0.22285 -2.28301e-14 1.02839e-13 -2.091e-13
1.58 0.779481 2.01924e-14 0.220519 -2.22197e-14 1.01946e-13 -2.10611e-13
1.59 0.781812 1.9613e-14 0.218187 -2.16239e-14 1.00883e-13 -2.12085e-13
1.6 0.784145 1.90601e-14 0.215855 -2.10143e-14 9.98105e-14 -2.13549e-13
1.61 0.786478 1.83804e-14 0.213522 -2.03685e-14 9.87175e-14 -2.15017e-13
1.62 0.78881 1.76429e-14 0.21119 -1.96882e-14 9.74285e-14 -2.16432e-13
1.63 0.791142 1.69867e-14 0.208858 -1.89631e-14 9.59879e-14 -2.17869e-13
1.64 0.793471 1.61953e-14 0.206529 -1.82137e-14 9.44658e-14 -2.19247e-13
1.65 0.795798 1.53806e-14 0.204202 -1.74795e-14 9.28317e-14 -2.20724e-13
1.66 0.798122 1.45628e-14 0.201877 -1.67234e-14 9.10415e-14 -2.22201e-13
1.67 0.800442 1.37912e-14 0.199557 -1.5946e-14 8.914e-14 -2.2365e-13
1.68 0.802758 1.29147e-14 0.197242 -1.51582e-14 8.70895e-14 -2.25098e-13
1.69 0.805067 1.21275e-14 0.194933 -1.43413e-14 8.49264e-14 -2.26461e-13
1.7 0.80737 1.12754e-14 0.19263 -1.35322e-14 8.27709e-14 -2.27898e-13
1.71 0.809665 1.04511e-14 0.190335 -1.27321e-14 8.05133e-14 -2.29346e-13
1.72 0.811952 9.60234e-15 0.188048 -1.19538e-14 7.82919e-14 -2.30779e-13
1.73 0.81423 8.81124e-15 0.18577 -1.11898e-14 7.60111e-14 -2.32215e-13
1.74 0.816497 8.13169e-15 0.183503 -1.04785e-14 7.35692e-14 -2.33624e-13
1.75 0.818753 7.50022e-15 0.181247 -9.78614e-15 7.10351e-14 -2.35066e-13
1.76 0.820997 6.79086e-15 0.179003 -9.11766e-15 6.8515e-14 -2.36515e-13
1.77 0.823228 6.10586e-15 0.176772 -8.49499e-15 6.59693e-14 -2.37976e-13
1.78 0.825445 5.48162e-15 0.174555 -7.93103e-15 6.33884e-14 -2.39392e-13
1.79 0.827646 4.9646e-15 0.172354 -7.41529e-15 6.07949e-14 -2.40759e-13
1.8 0.829832 4.55617e-15 0.170168 -6.94748e-15 5.8169e-14 -2.42074e-13
1.81 0.832001 4.09227e-15 0.167999 -6.52125e-15 5.55591e-14 -2.43416e-13
1.82 0.834152 3.73287e-15 0.165848 -6.12328e-15 5.30769e-14 -2.44924e-13
1.83 0.836284 3.32677e-15 0.163716 -5.71334e-15 5.05565e-14 -2.46396e-13
1.84 0.838397 2.99402e-15 0.161603 -5.33736e-15 4.79792e-14 -2.47968e-13
1.85 0.840489 2.66766e-15 0.159511 -4.9786e-15 4.53787e-14 -2.49492e-13
1.86 0.84256 2.287e-15 0.15744 -4.62839e-15 4.27426e-14 -2.51038e-13
1.87 0.84461 2.07192e-15 0.15539 -4.31796e-15 4.01106e-14 -2.52545e-13
1.88 0.846636 1.81084e-15 0.153364 -4.04657e-15 3.74125e-14 -2.54152e-13
1.89 0.848639 1.53342e-15 0.151361 -3.80967e-15 3.47619e-14 -2.55798e-13
1.9 0.850618 1.31347e-15 0.149382 -3.60224e-15 3.20265e-14 -2.57541e-13
1.91 0.852572 1.0448e-15 0.147428 -3.4209e-15 2.94682e-14 -2.59519e-13
1.92 0.854501 8.81567e-16 0.145499 -3.26568e-15 2.69435e-14 -2.6168e-13
1.93 0.856403 8.07694e-16 0.143597 -3.1592e-15 2.45082e-14 -2.63864e-13
1.94 0.858279 7.48246e-16 0.141721 -3.09318e-15 2.21361e-14 -2.66234e-13
1.95 0.860128 7.16672e-16 0.139872 -3.07431e-15 1.9795e-14 -2.68613e-13
1.96 0.86195 7.40721e-16 0.13805 -3.10128e-15 1.74609e-14 -2.71122e-13
1.97 0.863743 7.03295e-16 0.136257 -3.13976e-15 1.51948e-14 -2.73635e-13
1.98 0.865508 7.52828e-16 0.134492 -3.18045e-15 1.30802e-14 -2.76115e-13
1.99 0.867244 8.29168e-16 0.132756 -3.24259e-15 1.11946e-14 -2.787e-13
2 0.868952 9.50325e-16 0.131048 -3.31434e-15 9.52079e-15 -2.81282e-13
2.01 0.87063 1.09366e-15 0.12937 -3.42209e-15 7.9667e-15 -2.83929e-13
2.02 0.872278 1.22159e-15 0.127722 -3.56175e-15 6.5465e-15 -2.86703e-13
2.03 0.873897 1.35905e-15 0.126103 -3.72186e-15 5.31639e-15 -2.89562e-13
2.04 0.875486 1.50473e-15 0.124514 -3.89828e-15 4.11887e-15 -2.92428e-13
2.05 0.877045 1.69772e-15 0.122955 -4.10209e-15 3.05212e-15 -2.95401e-13
2.06 0.878574 1.94664e-15 0.121426 -4.31883e-15 1.90027e-15 -2.98484e-13
2.07 0.880074 2.19285e-15 0.119926 -4.55076e-15 9.42992e-16 -3.01648e-13
2.08 0.881543 2.44212e-15 0.118457 -4.81e-15 2.85438e-16 -3.04917e-13
2.09 0.882982 2.7054e-15 0.117018 -5.12083e-15 -1.57664e-16 -3.08192e-13
2.1 0.884392 3.0174e-15 0.115608 -5.47034e-15 -4.71153e-16 -3.11441e-13
2.11 0.885772 3.38732e-15 0.114228 -5.83319e-15 -5.44653e-16 -3.14667e-13
2.12 0.887122 3.73999e-15 0.112878 -6.21032e-15 -3.67681e-16 -3.17903e-13
2.13 0.888443 4.10481e-15 0.111557 -6.61003e-15 -6.10222e-17 -3.21111e-13
2.14 0.889736 4.51935e-15 0.110264 -7.03814e-15 3.38625e-16 -3.24378e-13
2.15 0.890999 5.00105e-15 0.109001 -7.51746e-15 7.75905e-16 -3.27716e-13
2.16 0.892234 5.53665e-15 0.107766 -8.06241e-15 1.29911e-15 -3.31121e-13
2.17 0.893441 6.13352e-15 0.106559 -8.66057e-15 2.0052e-15 -3.34645e-13
2.18 0.894621 6.72429e-15 0.105379 -9.29719e-15 2.93397e-15 -3.38295e-13
2.19 0.895773 7.40558e-15 0.104227 -9.93603e-15 3.90321e-15 -3.42001e-13
2.2 0.896898 8.0286e-15 0.103102 -1.05851e-14 4.98676e-15 -3.45851e-13
2.21 0.897997 8.60589e-15 0.102003 -1.1215e-14 6.26644e-15 -3.49705e-13
2.22 0.89907 9.1883e-15 0.10093 -1.1832e-14 8.28724e-15 -3.53679e-13
2.23 0.900118 9.80046e-15 0.0998818 -1.24639e-14 1.10436e-14 -3.57727e-13
2.24 0.901141 1.04038e-14 0.098859 -1.30959e-14 1.44868e-14 -3.61837e-13
2.25 0.90214 1.10432e-14 0.0978603 -1.3737e-14 1.87219e-14 -3.65925e-13
2.26 0.903115 1.16601e-14 0.0968854 -1.44109e-14 2.34215e-14 -3.70012e-13
2.27 0.904066 1.23873e-14 0.0959336 -1.51297e-14 2.84812e-14 -3.7404e-13
2.28 0.904996 1.31825e-14 0.0950042 -1.59002e-14 3.3777e-14 -3.77992e-13
2.29 0.905903 1.39919e-14 0.0940967 -1.67328e-14 3.947e-14 -3.81852e-13
2.3 0.90679 1.47952e-14 0.0932104 -1.76076e-14 4.54676e-14 -3.85642e-13
2.31 0.907655 1.56392e-14 0.0923446 -1.84434e-14 5.16484e-14 -3.89353e-13
2.32 0.908501 1.6423e-14 0.0914986 -1.92411e-14 5.81488e-14 -3.92997e-13
2.33 0.909328 1.71874e-14 0.0906719 -2.00023e-14 6.49415e-14 -3.96544e-13
2.34 0.910136 1.78892e-14 0.0898636 -2.07167e-14 7.1927e-14 -3.99891e-13
2.35 0.910927 1.85972e-14 0.0890731 -2.14405e-14 7.86228e-14 -4.03003e-13
2.36 0.9117 1.93947e-14 0.0882996 -2.22412e-14 8.53763e-14 -4.05941e-13
2.37 0.912457 2.02551e-14 0.0875425 -2.31135e-14 9.20594e-14 -4.08724e-13
2.38 0.913199 2.1174e-14 0.086801 -2.40293e-14 9.92234e-14 -4.11362e-13
2.39 0.913926 2.21592e-14 0.0860744 -2.50105e-14 1.06469e-13 -4.13771e-13
2.4 0.914638 2.3142e-14 0.085362 -2.60048e-14 1.1381e-13 -4.16176e-13
2.41 0.915337 2.41536e-14 0.0846629 -2.70353e-14 1.21323e-13 -4.18663e-13
2.42 0.916023 2.53112e-14 0.0839766 -2.81877e-14 1.28998e-13 -4.21286e-13
2.43 0.916698 2.65489e-14 0.0833022 -2.94182e-14 1.36776e-13 -4.23895e-13
2.44 0.917361 2.77686e-14 0.0826391 -3.06548e-14 1.4461e-13 -4.26405e-13
2.45 0.918013 2.89774e-14 0.0819865 -3.18668e-14 1.52649e-13 -4.28853e-13
2.46 0.918656 3.0205e-14 0.0813437 -3.30915e-14 1.60746e-13 -4.31164e-13
2.47 0.91929 3.15632e-14 0.08071 -3.44324e-14 1.6896e-13 -4.33293e-13
2.48 0.919915 3.28506e-14 0.0800846 -3.57244e-14 1.77314e-13 -4.35125e-13
2.49 0.920533 3.40165e-14 0.079467 -3.68855e-14 1.85806e-13 -4.36654e-13
2.5 0.921144 3.5233e-14 0.0788563 -3.81024e-14 1.94484e-13 -4.37843e-13
