0 0 0 1 0 0 0
0.01 0.000159232 -3.97771e-16 0.99984 -3.3729e-17 9.08395e-16 1.76818e-15
0.02 0.000636695 -2.76193e-16 0.999363 -4.27524e-16 1.98217e-15 3.1827e-15
0.03 0.00143169 -2.91126e-16 0.998569 -4.07449e-16 3.06114e-15 4.2649e-15
0.04 0.00254304 -2.03663e-16 0.997458 -4.15303e-16 4.15727e-15 5.00257e-15
0.05 0.0039691 -2.75964e-16 0.996033 -4.17205e-16 5.24867e-15 5.88212e-15
0.06 0.00570776 -7.04015e-17 0.994295 -4.20277e-16 6.34006e-15 6.67276e-15
0.07 0.00775649 -1.80803e-16 0.992247 -4.16555e-16 7.43853e-15 7.49045e-15
0.08 0.0101123 -2.38985e-16 0.989892 -4.08717e-16 8.53938e-15 8.34601e-15
0.09 0.0127717 -2.1735e-16 0.987234 -3.96854e-16 9.63698e-15 9.07359e-15
0.1 0.0157309 -1.80815e-16 0.984276 -3.8333e-16 1.07309e-14 9.64618e-15
0.11 0.0189856 -2.47128e-16 0.981022 -3.67666e-16 1.17978e-14 1.01272e-14
0.12 0.0225312 -1.68716e-16 0.977478 -3.61784e-16 1.28544e-14 1.06065e-14
0.13 0.0263624 -2.67862e-16 0.973648 -3.5206e-16 1.38697e-14 1.09945e-14
0.14 0.030474 -3.09732e-16 0.969537 -3.34827e-16 1.48439e-14 1.13533e-14
0.15 0.0348601 -4.1841e-16 0.965152 -3.05787e-16 1.57859e-14 1.16061e-14
0.16 0.0395146 -2.84041e-16 0.960498 -2.77288e-16 1.66959e-14 1.19906e-14
0.17 0.044431 -2.55717e-16 0.955582 -2.23961e-16 1.76086e-14 1.22217e-14
0.18 0.0496024 -1.52904e-16 0.950412 -1.7588e-16 1.85185e-14 1.23086e-14
0.19 0.0550219 -2.02488e-16 0.944993 -1.04638e-16 1.94074e-14 1.23705e-14
0.2 0.0606819 -3.09683e-16 0.939333 -4.79648e-17 2.02913e-14 1.24053e-14
0.21 0.0665748 -5.59616e-16 0.933441 1.96631e-17 2.1152e-14 1.23327e-14
0.22 0.0726928 -4.02646e-16 0.927323 6.3594e-17 2.19845e-14 1.21782e-14
0.23 0.0790277 -3.13607e-16 0.920988 1.05524e-16 2.28066e-14 1.19978e-14
0.24 0.0855711 -3.71003e-16 0.914445 1.50186e-16 2.36054e-14 1.17377e-14
0.25 0.0923145 -4.66142e-16 0.907702 3.29419e-16 2.44145e-14 1.14882e-14
0.26 0.0992493 -5.93612e-16 0.900767 4.79639e-16 2.52047e-14 1.11992e-14
0.27 0.106366 -7.38292e-16 0.89365 6.43355e-16 2.5975e-14 1.08994e-14
0.28 0.113657 -8.05352e-16 0.88636 8.19929e-16 2.66806e-14 1.06153e-14
0.29 0.121112 -9.9922e-16 0.878905 9.84725e-16 2.73575e-14 1.0227e-14
0.3 0.128722 -1.07869e-15 0.871295 1.08488e-15 2.80161e-14 9.85945e-15
0.31 0.136478 -1.26902e-15 0.863539 1.14307e-15 2.86337e-14 9.34401e-15
0.32 0.144371 -9.5709e-16 0.855647 1.18806e-15 2.92068e-14 8.76987e-15
0.33 0.15239 -1.10046e-15 0.847627 1.2629e-15 2.97349e-14 8.1752e-15
0.34 0.160528 -1.3985e-15 0.83949 1.42479e-15 3.02464e-14 7.57412e-15
0.35 0.168774 -1.67413e-15 0.831244 1.68499e-15 3.06932e-14 6.88427e-15
0.36 0.177119 -1.66522e-15 0.822898 1.91596e-15 3.11078e-14 6.21283e-15
0.37 0.185554 -1.88932e-15 0.814463 2.10018e-15 3.14523e-14 5.53749e-15
0.38 0.19407 -1.81299e-15 0.805948 2.24207e-15 3.17595e-14 4.83624e-15
0.39 0.202657 -1.90038e-15 0.797361 2.35087e-15 3.20408e-14 4.13775e-15
0.4 0.211306 -2.13497e-15 0.788711 2.44586e-15 3.22963e-14 3.45223e-15
0.41 0.220009 -1.95628e-15 0.780008 2.45831e-15 3.25252e-14 2.73029e-15
0.42 0.228757 -1.84485e-15 0.77126 2.29708e-15 3.27334e-14 2.05461e-15
0.43 0.237541 -1.5896e-15 0.762476 2.14495e-15 3.29036e-14 1.3149e-15
0.44 0.246353 -1.31781e-15 0.753665 2.00404e-15 3.30524e-14 5.18613e-16
0.45 0.255183 -1.24592e-15 0.744834 1.85443e-15 3.31745e-14 -2.89149e-16
0.46 0.264025 -1.06438e-15 0.735993 1.76026e-15 3.32962e-14 -1.06669e-15
0.47 0.272869 -8.76838e-16 0.727148 1.63217e-15 3.33483e-14 -1.83846e-15
0.48 0.281709 -8.14508e-16 0.718308 1.57629e-15 3.33416e-14 -2.62785e-15
0.49 0.290537 -8.67358e-16 0.70948 1.57677e-15 3.32947e-14 -3.44887e-15
0.5 0.299345 -1.00405e-15 0.700672 1.6536e-15 3.32412e-14 -4.26427e-15
0.51 0.308126 -7.77968e-16 0.691891 1.66746e-15 3.32209e-14 -5.0447e-15
0.52 0.316874 -9.60707e-16 0.683143 1.66036e-15 3.32483e-14 -5.72092e-15
0.53 0.325582 -1.01602e-15 0.674436 1.80508e-15 3.32476e-14 -6.42207e-15
0.54 0.334243 -1.24848e-15 0.665775 2.01818e-15 3.31827e-14 -7.10484e-15
0.55 0.342851 -1.76758e-15 0.657166 2.52614e-15 3.31035e-14 -7.76395e-15
0.56 0.351401 -2.43648e-15 0.648616 3.32687e-15 3.30196e-14 -8.4296e-15
0.57 0.359887 -3.38775e-15 0.640131 4.21805e-15 3.29098e-14 -9.06927e-15
0.58 0.368303 -4.4398e-15 0.631714 5.08794e-15 3.28064e-14 -9.70105e-15
0.59 0.376645 -5.25992e-15 0.623372 5.91621e-15 3.26386e-14 -1.03557e-14
0.6 0.384908 -6.29376e-15 0.615109 6.78947e-15 3.2367e-14 -1.09661e-14
0.61 0.393087 -7.08013e-15 0.60693 7.60033e-15 3.20872e-14 -1.15842e-14
0.62 0.401179 -7.79216e-15 0.598838 8.18018e-15 3.17591e-14 -1.22422e-14
0.63 0.409178 -8.54116e-15 0.590839 8.80333e-15 3.14261e-14 -1.28853e-14
0.64 0.417082 -9.23279e-15 0.582935 9.45631e-15 3.10197e-14 -1.3521e-14
0.65 0.424887 -1.01378e-14 0.575129 1.02576e-14 3.05697e-14 -1.41535e-14
0.66 0.43259 -1.07988e-14 0.567426 1.09504e-14 3.02177e-14 -1.48731e-14
0.67 0.440188 -1.15296e-14 0.559828 1.17704e-14 2.98442e-14 -1.56139e-14
0.68 0.447679 -1.24268e-14 0.552338 1.26004e-14 2.95886e-14 -1.62404e-14
0.69 0.455059 -1.35667e-14 0.544957 1.37827e-14 2.9342e-14 -1.68261e-14
0.7 0.462328 -1.45568e-14 0.537688 1.49004e-14 2.91916e-14 -1.73472e-14
0.71 0.469483 -1.55079e-14 0.530534 1.5954e-14 2.90634e-14 -1.78206e-14
0.72 0.476522 -1.64484e-14 0.523495 1.69683e-14 2.90492e-14 -1.81962e-14
0.73 0.483444 -1.7449e-14 0.516572 1.76947e-14 2.91399e-14 -1.84594e-14
0.74 0.490248 -1.81776e-14 0.509768 1.82232e-14 2.91759e-14 -1.86211e-14
0.75 0.496933 -1.87234e-14 0.503083 1.88358e-14 2.91533e-14 -1.8795e-14
0.76 0.503498 -1.95224e-14 0.496518 1.94607e-14 2.91994e-14 -1.88719e-14
0.77 0.509943 -2.01657e-14 0.490073 2.01488e-14 2.92957e-14 -1.9064e-14
0.78 0.516267 -2.08603e-14 0.483749 2.0824e-14 2.9507e-14 -1.92364e-14
0.79 0.522471 -2.14428e-14 0.477545 2.14575e-14 2.97836e-14 -1.94532e-14
0.8 0.528553 -2.1966e-14 0.471462 2.20298e-14 3.00463e-14 -1.97491e-14
0.81 0.534516 -2.24151e-14 0.4655 2.24506e-14 3.03475e-14 -1.99721e-14
0.82 0.540359 -2.26795e-14 0.459657 2.29287e-14 3.08335e-14 -2.01528e-14
0.83 0.546082 -2.31597e-14 0.453934 2.32692e-14 3.13907e-14 -2.02473e-14
0.84 0.551687 -2.35145e-14 0.448329 2.35161e-14 3.21128e-14 -2.02694e-14
0.85 0.557174 -2.38469e-14 0.442842 2.37513e-14 3.27818e-14 -2.02728e-14
0.86 0.562544 -2.39097e-14 0.437471 2.38951e-14 3.34747e-14 -2.03062e-14
0.87 0.567799 -2.39471e-14 0.432216 2.39833e-14 3.41233e-14 -2.02452e-14
0.88 0.572941 -2.40579e-14 0.427075 2.40778e-14 3.4746e-14 -2.0308e-14
0.89 0.577969 -2.4074e-14 0.422046 2.41597e-14 3.53398e-14 -2.03768e-14
0.9 0.582887 -2.40677e-14 0.417128 2.42092e-14 3.59553e-14 -2.01867e-14
0.91 0.587696 -2.4031e-14 0.41232 2.42665e-14 3.65696e-14 -1.99621e-14
0.92 0.592397 -2.427e-14 0.407619 2.43194e-14 3.71719e-14 -1.97625e-14
0.93 0.596992 -2.45154e-14 0.403023 2.43763e-14 3.76611e-14 -1.92727e-14
0.94 0.601484 -2.46639e-14 0.398531 2.44041e-14 3.80991e-14 -1.86477e-14
0.95 0.605875 -2.46622e-14 0.394141 2.44149e-14 3.86335e-14 -1.779e-14
0.96 0.610166 -2.43564e-14 0.38985 2.43746e-14 3.92965e-14 -1.69715e-14
0.97 0.61436 -2.42129e-14 0.385656 2.42991e-14 3.99434e-14 -1.60501e-14
0.98 0.61846 -2.3868e-14 0.381556 2.42137e-14 4.06254e-14 -1.51435e-14
0.99 0.622466 -2.37083e-14 0.37755 2.40904e-14 4.14872e-14 -1.43056e-14
1 0.626383 -2.36584e-14 0.373633 2.39266e-14 4.23428e-14 -1.33688e-14
1.01 0.630213 -2.33977e-14 0.369804 2.37277e-14 4.32096e-14 -1.23817e-14
1.02 0.633957 -2.31098e-14 0.36606 2.34738e-14 4.40461e-14 -1.13097e-14
1.03 0.637618 -2.30161e-14 0.362398 2.31623e-14 4.48414e-14 -1.03215e-14
1.04 0.6412 -2.25456e-14 0.358817 2.28079e-14 4.56904e-14 -9.33752e-15
1.05 0.644704 -2.22962e-14 0.355313 2.24181e-14 4.64881e-14 -8.35607e-15
1.06 0.648134 -2.19753e-14 0.351884 2.19814e-14 4.73528e-14 -7.28893e-15
1.07 0.651491 -2.15015e-14 0.348527 2.15321e-14 4.81816e-14 -6.30214e-15
1.08 0.654778 -2.11179e-14 0.345239 2.10888e-14 4.90041e-14 -5.20888e-15
1.09 0.657999 -2.06677e-14 0.342018 2.06007e-14 4.97908e-14 -4.21437e-15
1.1 0.661156 -2.00381e-14 0.338862 2.00964e-14 5.0485e-14 -3.32739e-15
1.11 0.66425 -1.93011e-14 0.335767 1.95767e-14 5.10376e-14 -2.35506e-15
1.12 0.667286 -1.87531e-14 0.332731 1.90312e-14 5.15771e-14 -1.3308e-15
1.13 0.670266 -1.83336e-14 0.329752 1.84917e-14 5.218e-14 -2.85368e-16
1.14 0.673192 -1.77973e-14 0.326826 1.79377e-14 5.27606e-14 7.87015e-16
1.15 0.676066 -1.72466e-14 0.323951 1.73684e-14 5.33575e-14 1.75884e-15
1.16 0.678892 -1.66805e-14 0.321125 1.68099e-14 5.38283e-14 2.60621e-15
1.17 0.681673 -1.61476e-14 0.318345 1.62542e-14 5.42578e-14 3.39799e-15
1.18 0.684409 -1.56753e-14 0.315609 1.56835e-14 5.46408e-14 4.13568e-15
1.19 0.687105 -1.51483e-14 0.312913 1.51191e-14 5.5071e-14 4.66917e-15
1.2 0.689761 -1.48231e-14 0.310256 1.45853e-14 5.548e-14 5.12069e-15
1.21 0.692382 -1.43268e-14 0.307636 1.40718e-14 5.58696e-14 5.46003e-15
1.22 0.694969 -1.37627e-14 0.305049 1.35493e-14 5.63182e-14 5.76965e-15
1.23 0.697524 -1.32245e-14 0.302494 1.30523e-14 5.67824e-14 5.97721e-15
1.24 0.700049 -1.27366e-14 0.299969 1.2584e-14 5.73038e-14 6.09459e-15
1.25 0.702547 -1.21408e-14 0.29747 1.21554e-14 5.78441e-14 6.14485e-15
1.26 0.70502 -1.1735e-14 0.294997 1.17566e-14 5.83795e-14 6.11164e-15
1.27 0.70747 -1.12937e-14 0.292547 1.13747e-14 5.8951e-14 5.97746e-15
1.28 0.709899 -1.10423e-14 0.290118 1.10415e-14 5.93835e-14 5.86303e-15
1.29 0.712309 -1.08653e-14 0.287708 1.07426e-14 5.98761e-14 5.73486e-15
1.3 0.714701 -1.05207e-14 0.285316 1.04776e-14 6.04493e-14 5.66823e-15
1.31 0.717078 -1.03158e-14 0.282939 1.02506e-14 6.10302e-14 5.55256e-15
1.32 0.71944 -1.00835e-14 0.280577 1.00388e-14 6.17229e-14 5.38431e-15
1.33 0.721791 -9.92727e-15 0.278226 9.85035e-15 6.24734e-14 5.19951e-15
1.34 0.724131 -9.77306e-15 0.275886 9.662e-15 6.32501e-14 5.02686e-15
1.35 0.726461 -9.56262e-15 0.273556 9.47909e-15 6.40689e-14 4.72228e-15
1.36 0.728783 -9.48663e-15 0.271233 9.31645e-15 6.47965e-14 4.28946e-15
1.37 0.731099 -9.34663e-15 0.268917 9.17522e-15 6.54098e-14 3.75084e-15
1.38 0.73341 -9.22058e-15 0.266606 9.06365e-15 6.60511e-14 3.24176e-15
1.39 0.735716 -9.18217e-15 0.2643 8.9566e-15 6.67803e-14 2.65752e-15
1.4 0.73802 -9.04504e-15 0.261996 8.87276e-15 6.75484e-14 2.09558e-15
1.41 0.740321 -8.95898e-15 0.259695 8.80118e-15 6.82405e-14 1.50236e-15
1.42 0.742621 -8.89136e-15 0.257395 8.7181e-15 6.88798e-14 8.45242e-16
1.43 0.74492 -8.87229e-15 0.255096 8.63078e-15 6.94942e-14 2.56415e-16
1.44 0.74722 -8.79242e-15 0.252796 8.56182e-15 7.01186e-14 -3.16065e-16
1.45 0.749521 -8.53885e-15 0.250495 8.49958e-15 7.07484e-14 -8.6501e-16
1.46 0.751823 -8.45588e-15 0.248193 8.43381e-15 7.12964e-14 -1.50721e-15
1.47 0.754127 -8.27046e-15 0.245889 8.37445e-15 7.19046e-14 -2.12255e-15
1.48 0.756433 -8.24443e-15 0.243583 8.30893e-15 7.24247e-14 -2.79594e-15
1.49 0.758742 -8.19323e-15 0.241274 8.2288e-15 7.30481e-14 -3.35066e-15
1.5 0.761053 -8.02129e-15 0.238962 8.14224e-15 7.36993e-14 -3.79993e-15
1.51 0.763368 -7.99955e-15 0.236647 8.05796e-15 7.43398e-14 -4.21131e-15
1.52 0.765685 -7.88311e-15 0.23433 7.96433e-15 7.51038e-14 -4.58935e-15
1.53 0.768006 -7.84648e-15 0.232009 7.85696e-15 7.59056e-14 -4.92145e-15
1.54 0.770329 -7.68808e-15 0.229686 7.75108e-15 7.67487e-14 -5.15806e-15
1.55 0.772654 -7.55453e-15 0.22736 7.63516e-15 7.75421e-14 -5.41172e-15
1.56 0.774982 -7.48221e-15 0.225032 7.52175e-15 7.83112e-14 -5.69056e-15
1.57 0.777312 -7.35139e-15 0.222702 7.40943e-15 7.90211e-14 -6.04073e-15
1.58 0.779644 -7.20795e-15 0.22037 7.28339e-15 7.98062e-14 -6.33707e-15
1.59 0.781977 -6.99687e-15 0.218037 7.14434e-15 8.05936e-14 -6.60188e-15
1.6 0.78431 -6.81382e-15 0.215704 6.9889e-15 8.14228e-14 -6.81708e-15
1.61 0.786644 -6.6119e-15 0.21337 6.82428e-15 8.22069e-14 -6.97715e-15
1.62 0.788977 -6.49432e-15 0.211037 6.63487e-15 8.28572e-14 -7.15865e-15
1.63 0.791309 -6.26711e-15 0.208704 6.46163e-15 8.34557e-14 -7.22548e-15
1.64 0.79364 -6.06651e-15 0.206374 6.29567e-15 8.40653e-14 -7.31036e-15
1.65 0.795967 -5.84225e-15 0.204046 6.12858e-15 8.46909e-14 -7.4455e-15
1.66 0.798292 -5.65338e-15 0.201721 5.95203e-15 8.53772e-14 -7.5153e-15
1.67 0.800613 -5.39213e-15 0.1994 5.75973e-15 8.6051e-14 -7.67241e-15
1.68 0.802929 -5.18264e-15 0.197084 5.56192e-15 8.69526e-14 -7.72721e-15
1.69 0.805239 -5.08191e-15 0.194774 5.36688e-15 8.77478e-14 -7.83801e-15
1.7 0.807543 -4.86728e-15 0.19247 5.17576e-15 8.83947e-14 -7.95045e-15
1.71 0.809839 -4.69996e-15 0.190174 4.99593e-15 8.90702e-14 -8.02346e-15
1.72 0.812127 -4.56868e-15 0.187886 4.85932e-15 8.98534e-14 -8.11813e-15
1.73 0.814405 -4.48049e-15 0.185608 4.75499e-15 9.07637e-14 -8.22051e-15
1.74 0.816672 -4.40765e-15 0.183341 4.66093e-15 9.16299e-14 -8.21326e-15
1.75 0.818928 -4.25306e-15 0.181085 4.5901e-15 9.24582e-14 -8.19513e-15
1.76 0.821171 -4.27177e-15 0.178841 4.54144e-15 9.32807e-14 -8.10649e-15
1.77 0.823402 -4.27629e-15 0.176611 4.52534e-15 9.41623e-14 -8.05873e-15
1.78 0.825618 -4.31287e-15 0.174395 4.54006e-15 9.51415e-14 -8.01952e-15
1.79 0.827819 -4.3229e-15 0.172194 4.5697e-15 9.61316e-14 -8.08699e-15
1.8 0.830004 -4.39481e-15 0.170008 4.6246e-15 9.71359e-14 -8.2414e-15
1.81 0.832173 -4.40452e-15 0.16784 4.68762e-15 9.82044e-14 -8.45889e-15
1.82 0.834323 -4.49482e-15 0.165689 4.76526e-15 9.92537e-14 -8.65668e-15
1.83 0.836456 -4.56166e-15 0.163556 4.87295e-15 1.00415e-13 -8.91804e-15
1.84 0.838569 -4.6335e-15 0.161443 5.00557e-15 1.01679e-13 -9.099e-15
1.85 0.840662 -4.82755e-15 0.15935 5.1581e-15 1.02917e-13 -9.16906e-15
1.86 0.842734 -5.02893e-15 0.157278 5.33479e-15 1.04203e-13 -9.26375e-15
1.87 0.844785 -5.24918e-15 0.155227 5.53573e-15 1.05486e-13 -9.41574e-15
1.88 0.846813 -5.47414e-15 0.153199 5.76244e-15 1.06642e-13 -9.50071e-15
1.89 0.848818 -5.81056e-15 0.151195 5.99463e-15 1.07834e-13 -9.58289e-15
1.9 0.850798 -6.04272e-15 0.149214 6.24455e-15 1.0907e-13 -9.62945e-15
1.91 0.852754 -6.26645e-15 0.147258 6.49145e-15 1.10301e-13 -9.7162e-15
1.92 0.854685 -6.51161e-15 0.145327 6.75788e-15 1.11468e-13 -9.77142e-15
1.93 0.85659 -6.78656e-15 0.143422 7.04103e-15 1.12663e-13 -9.83306e-15
1.94 0.858468 -7.1038e-15 0.141544 7.32997e-15 1.13821e-13 -9.82422e-15
1.95 0.860319 -7.37851e-15 0.139693 7.62098e-15 1.14866e-13 -9.87143e-15
1.96 0.862142 -7.7008e-15 0.13787 7.93155e-15 1.15912e-13 -9.97119e-15
1.97 0.863938 -8.09141e-15 0.136074 8.27219e-15 1.16862e-13 -1.00223e-14
1.98 0.865705 -8.50091e-15 0.134307 8.64079e-15 1.17858e-13 -1.00767e-14
1.99 0.867444 -8.97483e-15 0.132568 9.0313e-15 1.18826e-13 -1.01477e-14
2 0.869154 -9.41378e-15 0.130858 9.46432e-15 1.19793e-13 -1.01649e-14
2.01 0.870835 -9.86831e-15 0.129177 9.9296e-15 1.20847e-13 -1.01688e-14
2.02 0.872486 -1.03331e-14 0.127525 1.03969e-14 1.21852e-13 -1.01166e-14
2.03 0.874109 -1.08143e-14 0.125903 1.08771e-14 1.22759e-13 -9.94052e-15
2.04 0.8757 -1.12938e-14 0.124311 1.13897e-14 1.23507e-13 -9.7475e-15
2.05 0.877262 -1.18447e-14 0.12275 1.19274e-14 1.24099e-13 -9.58265e-15
2.06 0.878794 -1.24738e-14 0.121218 1.25106e-14 1.24527e-13 -9.43028e-15
2.07 0.880296 -1.31217e-14 0.119716 1.31e-14 1.24719e-13 -9.33053e-15
2.08 0.881768 -1.37215e-14 0.118243 1.36579e-14 1.24802e-13 -9.26253e-15
2.09 0.883211 -1.42807e-14 0.1168 1.42051e-14 1.24757e-13 -9.24939e-15
2.1 0.884626 -1.47733e-14 0.115386 1.4712e-14 1.24552e-13 -9.36508e-15
2.11 0.886011 -1.52151e-14 0.114001 1.51677e-14 1.24274e-13 -9.53243e-15
2.12 0.887367 -1.56418e-14 0.112645 1.56065e-14 1.24079e-13 -9.73922e-15
2.13 0.888695 -1.60488e-14 0.111317 1.60057e-14 1.23767e-13 -9.97837e-15
2.14 0.889994 -1.64518e-14 0.110017 1.63802e-14 1.23482e-13 -1.02759e-14
2.15 0.891266 -1.67774e-14 0.108746 1.67187e-14 1.23146e-13 -1.06512e-14
2.16 0.89251 -1.71136e-14 0.107502 1.70391e-14 1.22837e-13 -1.10551e-14
2.17 0.893727 -1.73707e-14 0.106285 1.72938e-14 1.22555e-13 -1.15573e-14
2.18 0.894917 -1.75712e-14 0.105095 1.74737e-14 1.22374e-13 -1.20918e-14
2.19 0.896081 -1.77144e-14 0.103931 1.76227e-14 1.22336e-13 -1.25301e-14
2.2 0.897218 -1.77987e-14 0.102793 1.77047e-14 1.22029e-13 -1.28343e-14
2.21 0.898331 -1.78055e-14 0.101681 1.77012e-14 1.21503e-13 -1.3116e-14
2.22 0.899419 -1.76671e-14 0.100593 1.75724e-14 1.20636e-13 -1.33052e-14
2.23 0.900482 -1.74767e-14 0.0995297 1.73739e-14 1.19498e-13 -1.3432e-14
2.24 0.901522 -1.72183e-14 0.0984902 1.71151e-14 1.18143e-13 -1.35218e-14
2.25 0.902538 -1.69257e-14 0.0974744 1.68203e-14 1.16647e-13 -1.36184e-14
2.26 0.90353 -1.65983e-14 0.096482 1.64945e-14 1.14738e-13 -1.38543e-14
2.27 0.904499 -1.62699e-14 0.0955129 1.61646e-14 1.12288e-13 -1.44673e-14
2.28 0.905446 -1.59519e-14 0.0945664 1.58441e-14 1.09579e-13 -1.51242e-14
2.29 0.906371 -1.56166e-14 0.0936415 1.55083e-14 1.06745e-13 -1.58366e-14
2.3 0.907275 -1.5245e-14 0.0927372 1.5139e-14 1.03779e-13 -1.65817e-14
2.31 0.90816 -1.48003e-14 0.0918523 1.4717e-14 1.00742e-13 -1.73675e-14
2.32 0.909026 -1.43182e-14 0.090986 1.42472e-14 9.76945e-14 -1.807e-14
2.33 0.909875 -1.37805e-14 0.0901373 1.37127e-14 9.47686e-14 -1.86895e-14
2.34 0.910707 -1.31855e-14 0.0893052 1.3113e-14 9.18641e-14 -1.9217e-14
2.35 0.911523 -1.2524e-14 0.0884889 1.24508e-14 8.91429e-14 -1.95558e-14
2.36 0.912325 -1.17661e-14 0.0876876 1.16903e-14 8.66537e-14 -1.97765e-14
2.37 0.913112 -1.09419e-14 0.0869004 1.0868e-14 8.42943e-14 -2.01602e-14
2.38 0.913886 -9.98699e-15 0.0861266 9.92465e-15 8.18221e-14 -2.07538e-14
2.39 0.914647 -8.9375e-15 0.0853651 8.87238e-15 7.91395e-14 -2.15696e-14
2.4 0.915397 -7.84636e-15 0.0846149 7.79027e-15 7.64635e-14 -2.22988e-14
2.41 0.916137 -6.72543e-15 0.0838754 6.65781e-15 7.36042e-14 -2.2991e-14
2.42 0.916867 -5.5252e-15 0.0831455 5.46492e-15 7.06667e-14 -2.36553e-14
2.43 0.917588 -4.30698e-15 0.0824244 4.24521e-15 6.77778e-14 -2.41277e-14
2.44 0.918301 -3.0405e-15 0.0817112 2.98554e-15 6.49501e-14 -2.44953e-14
2.45 0.919007 -1.53491e-15 0.0810052 1.49395e-15 6.21808e-14 -2.47559e-14
2.46 0.919707 2.73477e-16 0.0803059 -3.14876e-16 5.95828e-14 -2.47859e-14
2.47 0.9204 2.18318e-15 0.0796123 -2.22369e-15 5.71239e-14 -2.46777e-14
2.48 0.921089 4.26354e-15 0.0789231 -4.31611e-15 5.45841e-14 -2.47203e-14
2.49 0.921776 6.43519e-15 0.0782369 -6.47799e-15 5.19698e-14 -2.46251e-14
2.5 0.92246 8.39249e-15 0.0775529 -8.4371e-15 4.93369e-14 -2.44905e-14
