0 0 0 1 0 0 0
0.1 0.0145106 5.35585e-16 0.98075 1.29454e-16 -1.74438e-15 -3.24558e-15
0.2 0.056704 4.40963e-16 0.936425 4.49453e-16 -4.10882e-15 -5.8285e-15
0.3 0.123911 4.77379e-16 0.867889 3.76222e-16 -6.26795e-15 -6.955e-15
0.4 0.208618 5.35154e-16 0.782834 3.62806e-16 -7.95137e-15 -7.12191e-15
0.5 0.300817 1.55224e-16 0.690038 5.44588e-16 -9.10217e-15 -6.73711e-15
0.6 0.392157 3.05561e-16 0.597861 3.72962e-16 -9.60593e-15 -6.13572e-15
0.7 0.476346 7.84774e-16 0.513373 8.98499e-17 -9.77158e-15 -5.39094e-15
0.8 0.548544 7.09667e-16 0.441251 3.51724e-17 -9.75708e-15 -5.10487e-15
0.9 0.606456 8.30016e-16 0.383863 2.0886e-17 -9.57327e-15 -5.43055e-15
1 0.649949 9.56948e-16 0.340938 5.56229e-17 -9.4359e-15 -5.97108e-15
1.1 0.68121 1.15708e-15 0.310152 -9.09301e-17 -9.22964e-15 -6.78406e-15
1.2 0.703785 1.06028e-15 0.287865 -1.35494e-16 -8.96787e-15 -7.67814e-15
1.3 0.722116 1.14239e-15 0.270003 -1.48676e-16 -8.85227e-15 -8.43531e-15
1.4 0.739229 1.02567e-15 0.253059 -6.42738e-17 -8.77614e-15 -8.93746e-15
1.5 0.75838 9.59824e-16 0.233849 -5.83766e-18 -8.66335e-15 -9.23908e-15
1.6 0.779905 9.96915e-16 0.212072 -5.58744e-17 -8.39876e-15 -9.22597e-15
1.7 0.806908 9.08324e-16 0.18491 1.74537e-17 -8.03048e-15 -8.84245e-15
1.8 0.835446 8.11036e-16 0.156335 1.44354e-16 -7.61562e-15 -8.19237e-15
1.9 0.861935 6.67161e-16 0.129939 2.95249e-16 -7.25347e-15 -7.51134e-15
2 0.883775 6.41537e-16 0.108297 2.88179e-16 -6.97108e-15 -6.89e-15
2.1 0.899532 6.91392e-16 0.0928064 2.77341e-16 -6.79845e-15 -6.41516e-15
2.2 0.909249 7.67218e-16 0.0833571 1.8868e-16 -6.71141e-15 -6.09547e-15
2.3 0.914694 8.75016e-16 0.0781314 7.84784e-17 -6.62905e-15 -5.94763e-15
2.4 0.916848 7.13846e-16 0.0760916 2.09986e-16 -6.55038e-15 -5.92418e-15
2.5 0.918102 4.44451e-16 0.0748372 4.82901e-16 -6.49171e-15 -5.89749e-15
