0 0 0 1 0 0 0
0.05 0.00382848 4.00496e-16 0.994978 6.0196e-16 1.76993e-15 -8.32909e-15
0.1 0.0152402 4.4561e-16 0.983289 2.17962e-16 2.75956e-15 -1.66142e-14
0.15 0.0340617 5.96971e-16 0.964155 2.13163e-16 2.97189e-15 -2.46676e-14
0.2 0.0598845 5.98239e-16 0.938135 2.60725e-16 2.53015e-15 -3.20441e-14
0.25 0.091907 8.01926e-16 0.905986 2.64564e-16 1.53388e-15 -3.85107e-14
0.3 0.129048 6.25032e-16 0.868619 3.23697e-16 6.40739e-17 -4.41109e-14
0.35 0.1704 6.31665e-16 0.827046 4.50193e-16 -1.638e-15 -4.85726e-14
0.4 0.214889 3.16214e-16 0.78235 7.38827e-16 -3.34151e-15 -5.16629e-14
0.45 0.261444 8.17065e-17 0.735652 1.01397e-15 -5.08253e-15 -5.36398e-14
0.5 0.308938 -1.83064e-16 0.688067 1.03631e-15 -6.82461e-15 -5.49362e-14
0.55 0.356311 -2.91251e-16 0.640664 1.04949e-15 -8.40517e-15 -5.5398e-14
0.6 0.402597 -4.91963e-16 0.594429 1.13614e-15 -9.77594e-15 -5.52689e-14
0.65 0.446889 -1.0461e-15 0.550226 1.35511e-15 -1.08757e-14 -5.45925e-14
0.7 0.48844 -1.32837e-15 0.508786 1.69574e-15 -1.17041e-14 -5.35434e-14
0.75 0.526674 -1.77098e-15 0.47067 1.95914e-15 -1.22668e-14 -5.22823e-14
0.8 0.561192 -1.92258e-15 0.436263 2.07144e-15 -1.25608e-14 -5.10125e-14
0.85 0.591913 -1.9539e-15 0.405769 2.18918e-15 -1.2835e-14 -4.9953e-14
0.9 0.618679 -1.98913e-15 0.379219 2.28228e-15 -1.288e-14 -4.90433e-14
0.95 0.641632 -2.21546e-15 0.356487 2.22967e-15 -1.27912e-14 -4.82053e-14
1 0.661012 -1.58426e-15 0.33731 1.77516e-15 -1.24938e-14 -4.76269e-14
1.05 0.677194 -1.08219e-15 0.321304 1.27638e-15 -1.19699e-14 -4.72951e-14
1.1 0.690665 -5.28863e-16 0.307994 7.41208e-16 -1.12404e-14 -4.72044e-14
1.15 0.701958 -2.20594e-17 0.296835 2.65327e-16 -1.03366e-14 -4.73147e-14
1.2 0.711634 4.48469e-16 0.28726 -1.9746e-16 -9.23792e-15 -4.76281e-14
1.25 0.720237 9.47393e-16 0.278722 -5.72597e-16 -7.96932e-15 -4.81052e-14
1.3 0.728323 1.16315e-15 0.270684 -8.36301e-16 -6.58201e-15 -4.861e-14
1.35 0.736363 1.21891e-15 0.262666 -9.10983e-16 -5.1615e-15 -4.90087e-14
1.4 0.744762 1.09084e-15 0.254269 -9.33644e-16 -3.65443e-15 -4.91077e-14
1.45 0.753827 1.05699e-15 0.245185 -8.69683e-16 -2.04145e-15 -4.87997e-14
1.5 0.763771 9.83748e-16 0.235207 -7.29598e-16 -2.78427e-16 -4.81557e-14
1.55 0.7747 9.03718e-16 0.224231 -4.89871e-16 1.745e-15 -4.72582e-14
1.6 0.786622 6.5575e-16 0.212255 -1.59008e-16 4.27528e-15 -4.6324e-14
1.65 0.799447 3.78317e-16 0.199374 1.93409e-16 7.66165e-15 -4.5722e-14
1.7 0.81262 -1.94535e-16 0.186107 7.80811e-16 1.17108e-14 -4.60503e-14
1.75 0.826686 -8.09982e-16 0.171965 1.37951e-15 1.67395e-14 -4.72263e-14
1.8 0.841087 -1.35421e-15 0.157507 1.92211e-15 2.23374e-14 -4.92152e-14
1.85 0.855293 -1.80865e-15 0.143267 2.37169e-15 2.81384e-14 -5.19212e-14
1.9 0.868835 -2.18029e-15 0.129712 2.74201e-15 3.36734e-14 -5.52239e-14
1.95 0.881323 -2.41161e-15 0.117233 2.9784e-15 3.85983e-14 -5.89452e-14
2 0.892449 -2.53789e-15 0.106134 3.10464e-15 4.26085e-14 -6.29097e-14
2.05 0.902006 -2.56806e-15 0.0966185 3.13694e-15 4.56079e-14 -6.69862e-14
2.1 0.909836 -2.47922e-15 0.0888427 3.02541e-15 4.7163e-14 -7.07143e-14
2.15 0.915975 -2.22327e-15 0.0827634 2.76326e-15 4.73213e-14 -7.40617e-14
2.2 0.920519 -1.93803e-15 0.0782814 2.45599e-15 4.62026e-14 -7.68141e-14
2.25 0.923422 -1.62414e-15 0.0754307 2.13621e-15 4.36899e-14 -7.9061e-14
2.3 0.925125 -1.33347e-15 0.0737731 1.839e-15 3.99607e-14 -8.03717e-14
2.35 0.925842 -9.77523e-16 0.0730914 1.48484e-15 3.53322e-14 -8.07051e-14
2.4 0.925791 -5.3212e-16 0.0731674 1.04026e-15 3.01089e-14 -8.01018e-14
2.45 0.925168 -2.57183e-17 0.073802 5.27468e-16 2.45648e-14 -7.86287e-14
2.5 0.924188 8.48206e-16 0.0747821 -3.46523e-16 1.89617e-14 -7.63451e-14
