0 0 0 1 0 0 0
0.1 0.0157492 7.55362e-16 0.984176 -1.60743e-16 -5.84678e-15 -2.47547e-15
0.2 0.0606957 4.15124e-16 0.939267 5.34481e-16 -1.20177e-14 -3.59866e-15
0.3 0.128687 2.6667e-16 0.87127 6.15772e-16 -1.75153e-14 -3.26896e-15
0.4 0.211217 1.26262e-16 0.788735 8.08692e-16 -2.18761e-14 -1.95329e-15
0.5 0.299189 8.52285e-17 0.70074 8.51979e-16 -2.41739e-14 -2.89793e-16
0.6 0.384698 -1.96745e-16 0.615207 9.72711e-16 -2.44832e-14 1.54157e-15
0.7 0.462068 -5.17466e-16 0.537804 1.31739e-15 -2.37356e-14 3.07595e-15
0.8 0.528259 -8.54981e-16 0.471583 1.57609e-15 -2.2546e-14 4.24993e-15
0.9 0.582572 -1.29519e-15 0.417249 1.82591e-15 -2.13338e-14 4.74805e-15
1 0.626057 -1.71813e-15 0.373757 2.20162e-15 -2.06082e-14 5.10824e-15
1.1 0.660814 -2.22966e-15 0.338998 2.82747e-15 -2.04761e-14 5.22212e-15
1.2 0.689394 -2.58001e-15 0.310415 3.34985e-15 -2.04381e-14 5.27879e-15
1.3 0.714293 -2.90223e-15 0.28551 3.70599e-15 -2.04274e-14 5.16743e-15
1.4 0.737582 -3.15749e-15 0.262231 3.98983e-15 -1.93989e-14 4.89778e-15
1.5 0.760602 -3.16271e-15 0.239239 4.11954e-15 -1.75753e-14 4.15041e-15
1.6 0.783873 -3.06432e-15 0.21602 3.97686e-15 -1.54926e-14 3.24253e-15
1.7 0.807119 -2.72403e-15 0.192809 3.71973e-15 -1.32685e-14 2.58976e-15
1.8 0.829613 -2.45708e-15 0.170357 3.49193e-15 -1.14089e-14 2.26407e-15
1.9 0.85045 -2.2835e-15 0.149561 3.28224e-15 -9.9376e-15 2.20912e-15
2 0.868844 -2.25706e-15 0.131206 3.24971e-15 -8.83454e-15 2.21866e-15
2.1 0.884345 -2.11859e-15 0.115735 3.10641e-15 -8.00145e-15 2.21148e-15
2.2 0.896899 -1.75563e-15 0.103208 2.72375e-15 -7.13523e-15 2.0429e-15
2.3 0.906914 -1.14074e-15 0.0932172 2.1235e-15 -6.2183e-15 1.80741e-15
2.4 0.91504 -3.9405e-16 0.0851086 1.37951e-15 -5.74065e-15 1.65088e-15
2.5 0.921916 2.79879e-16 0.0782325 7.02177e-16 -5.67944e-15 1.49102e-15
