0 0 0 1 0 0 0
0.01 0.000158554 -5.0992e-18 0.999805 -3.40582e-17 -2.43824e-15 3.17456e-15
0.02 0.000634125 -3.76446e-16 0.999328 9.26818e-16 -4.62137e-15 5.95506e-15
0.03 0.00142644 -3.25575e-16 0.998533 9.24349e-16 -6.69934e-15 8.89204e-15
0.04 0.00253485 -2.85896e-16 0.997422 9.11332e-16 -8.67173e-15 1.16103e-14
0.05 0.00395835 -2.38188e-16 0.995996 9.01807e-16 -1.05253e-14 1.42873e-14
0.06 0.00569558 -1.55227e-16 0.994257 8.97457e-16 -1.22616e-14 1.67605e-14
0.07 0.00774813 -1.03619e-16 0.992205 8.84446e-16 -1.38708e-14 1.89436e-14
0.08 0.0101109 -1.47406e-16 0.989845 8.77412e-16 -1.53912e-14 2.12495e-14
0.09 0.0127802 -5.47174e-17 0.987179 8.61305e-16 -1.69706e-14 2.32888e-14
0.1 0.0157522 1.77338e-17 0.98421 8.33668e-16 -1.8413e-14 2.51064e-14
0.11 0.0190232 2.24167e-16 0.980943 8.07196e-16 -1.97859e-14 2.68197e-14
0.12 0.0225891 4.33229e-16 0.977382 7.63148e-16 -2.11357e-14 2.84753e-14
0.13 0.0264453 3.13427e-16 0.973531 7.28702e-16 -2.24043e-14 3.00549e-14
0.14 0.030586 1.59422e-16 0.969396 6.91784e-16 -2.3561e-14 3.15288e-14
0.15 0.0350063 2.00789e-16 0.964983 6.00081e-16 -2.46407e-14 3.28302e-14
0.16 0.0397001 1.71021e-16 0.960296 5.11169e-16 -2.56504e-14 3.41231e-14
0.17 0.044661 1.63434e-16 0.955343 4.19903e-16 -2.65508e-14 3.54095e-14
0.18 0.049883 2.88785e-16 0.950129 3.26804e-16 -2.7368e-14 3.6655e-14
0.19 0.0553593 6.98905e-16 0.944662 2.16952e-16 -2.80904e-14 3.78981e-14
0.2 0.0610829 6.90209e-16 0.938948 8.14597e-17 -2.87199e-14 3.90219e-14
0.21 0.0670462 6.71367e-16 0.932995 -5.6791e-17 -2.92259e-14 4.01247e-14
0.22 0.073242 6.61542e-16 0.92681 -1.84205e-16 -2.96571e-14 4.10969e-14
0.23 0.0796625 9.69163e-16 0.920401 -3.21484e-16 -2.99819e-14 4.20081e-14
0.24 0.0862998 1.11268e-15 0.913776 -4.34374e-16 -3.02011e-14 4.28467e-14
0.25 0.0931459 1.13132e-15 0.906942 -6.1008e-16 -3.02986e-14 4.35816e-14
0.26 0.100192 1.34167e-15 0.899908 -7.31465e-16 -3.031e-14 4.4158e-14
0.27 0.107431 1.38591e-15 0.892683 -8.54242e-16 -3.02193e-14 4.47356e-14
0.28 0.114853 1.39724e-15 0.885275 -1.02867e-15 -3.00549e-14 4.51049e-14
0.29 0.122449 1.94149e-15 0.877693 -1.24127e-15 -2.98094e-14 4.52896e-14
0.3 0.130211 2.4729e-15 0.869945 -1.44176e-15 -2.9493e-14 4.52641e-14
0.31 0.138131 2.57073e-15 0.86204 -1.68989e-15 -2.90981e-14 4.49625e-14
0.32 0.146197 2.97013e-15 0.853988 -1.88531e-15 -2.86758e-14 4.43594e-14
0.33 0.154403 3.27065e-15 0.845798 -2.06888e-15 -2.81262e-14 4.33325e-14
0.34 0.162739 3.54622e-15 0.837477 -2.22563e-15 -2.76101e-14 4.20604e-14
0.35 0.171195 3.73079e-15 0.829037 -2.36463e-15 -2.71206e-14 4.04839e-14
0.36 0.179762 4.25941e-15 0.820484 -2.51523e-15 -2.65815e-14 3.8627e-14
0.37 0.188432 4.36244e-15 0.81183 -2.68815e-15 -2.62131e-14 3.6248e-14
0.38 0.197196 4.59601e-15 0.803082 -2.93647e-15 -2.60592e-14 3.32852e-14
0.39 0.206044 4.71948e-15 0.79425 -3.31012e-15 -2.60137e-14 3.00018e-14
0.4 0.214966 5.47529e-15 0.785343 -3.68456e-15 -2.60393e-14 2.64063e-14
0.41 0.223955 5.97688e-15 0.77637 -4.04185e-15 -2.62064e-14 2.22528e-14
0.42 0.233 5.9068e-15 0.76734 -4.36186e-15 -2.66024e-14 1.7337e-14
0.43 0.242093 6.53158e-15 0.758262 -4.69779e-15 -2.72406e-14 1.15501e-14
0.44 0.251226 6.8532e-15 0.749145 -5.07188e-15 -2.8116e-14 4.88482e-15
0.45 0.260389 7.51019e-15 0.739997 -5.42343e-15 -2.92853e-14 -2.71255e-15
0.46 0.269574 7.75933e-15 0.730826 -5.7378e-15 -3.10905e-14 -1.14746e-14
0.47 0.278774 8.084e-15 0.72164 -6.16404e-15 -3.30771e-14 -2.13603e-14
0.48 0.28798 8.69496e-15 0.712448 -6.58834e-15 -3.52501e-14 -3.23279e-14
0.49 0.297184 9.01868e-15 0.703258 -7.03889e-15 -3.76242e-14 -4.4461e-14
0.5 0.306378 9.28756e-15 0.694078 -7.50123e-15 -4.01676e-14 -5.77106e-14
0.51 0.315555 9.44567e-15 0.684914 -7.87747e-15 -4.28782e-14 -7.21009e-14
0.52 0.324707 9.69887e-15 0.675773 -8.21768e-15 -4.57791e-14 -8.76534e-14
0.53 0.333827 1.01756e-14 0.666664 -8.32401e-15 -4.80831e-14 -1.02705e-13
0.54 0.342908 1.02854e-14 0.657594 -8.4744e-15 -4.97686e-14 -1.17211e-13
0.55 0.351943 1.02638e-14 0.648569 -8.55711e-15 -5.0862e-14 -1.31254e-13
0.56 0.360926 1.00062e-14 0.639596 -8.54107e-15 -5.13702e-14 -1.4493e-13
0.57 0.369851 1.01788e-14 0.630682 -8.57867e-15 -5.12726e-14 -1.58264e-13
0.58 0.37871 1.01468e-14 0.621833 -8.52184e-15 -5.04914e-14 -1.71219e-13
0.59 0.387498 9.66536e-15 0.613054 -8.34438e-15 -4.89503e-14 -1.83796e-13
0.6 0.396209 9.31734e-15 0.604352 -8.12095e-15 -4.65631e-14 -1.96007e-13
0.61 0.404835 8.94583e-15 0.595735 -7.88198e-15 -4.33519e-14 -2.07914e-13
0.62 0.413372 8.80577e-15 0.587206 -7.60841e-15 -3.92005e-14 -2.19569e-13
0.63 0.421814 8.20463e-15 0.578772 -7.1057e-15 -3.39142e-14 -2.30953e-13
0.64 0.430158 7.82774e-15 0.570436 -6.64612e-15 -2.73147e-14 -2.42004e-13
0.65 0.438398 7.55553e-15 0.562203 -6.19892e-15 -1.92227e-14 -2.52639e-13
0.66 0.446532 6.95441e-15 0.554076 -5.51133e-15 -9.45514e-15 -2.62729e-13
0.67 0.454555 5.7829e-15 0.54606 -4.73195e-15 2.19983e-15 -2.72169e-13
0.68 0.462465 4.65235e-15 0.538157 -3.92634e-15 1.60115e-14 -2.80868e-13
0.69 0.470258 3.74018e-15 0.530371 -3.24762e-15 3.22032e-14 -2.8868e-13
0.7 0.477932 3.49287e-15 0.522704 -2.68186e-15 5.10212e-14 -2.95466e-13
0.71 0.485484 2.70309e-15 0.515158 -2.24652e-15 7.26663e-14 -3.01046e-13
0.72 0.492912 2.29971e-15 0.507736 -1.74268e-15 9.71666e-14 -3.05317e-13
0.73 0.500214 1.51151e-15 0.50044 -1.1207e-15 1.2485e-13 -3.081e-13
0.74 0.507388 1.13946e-15 0.493272 -4.18539e-16 1.55922e-13 -3.09217e-13
0.75 0.514433 5.78095e-16 0.486232 4.14456e-16 1.90537e-13 -3.08509e-13
0.76 0.521348 -5.10191e-17 0.479322 1.2249e-15 2.28802e-13 -3.05799e-13
0.77 0.528131 -5.72132e-16 0.472544 2.05199e-15 2.70802e-13 -3.00915e-13
0.78 0.534784 -1.48535e-15 0.465897 2.85873e-15 3.15945e-13 -3.20438e-13
0.79 0.541301 -2.44512e-15 0.459384 3.59034e-15 3.57794e-13 -3.12341e-13
0.8 0.547684 -3.17068e-15 0.453006 4.39188e-15 3.95043e-13 -2.9698e-13
0.81 0.553935 -4.17191e-15 0.44676 5.28301e-15 4.28893e-13 -2.71895e-13
0.82 0.560052 -4.77897e-15 0.440648 5.97659e-15 4.59861e-13 -2.37073e-13
0.83 0.566036 -5.42488e-15 0.434668 6.63575e-15 4.88672e-13 -1.91488e-13
0.84 0.571888 -6.09909e-15 0.428821 7.24769e-15 5.20796e-13 -1.36229e-13
0.85 0.577607 -6.6349e-15 0.423106 7.87224e-15 5.55739e-13 -7.13801e-14
0.86 0.583195 -7.17766e-15 0.417522 8.46422e-15 5.93619e-13 2.07679e-15
0.87 0.588653 -7.86384e-15 0.412068 9.09555e-15 6.34449e-13 8.34608e-14
0.88 0.593982 -8.511e-15 0.406744 9.6485e-15 6.78187e-13 1.72197e-13
0.89 0.599183 -8.80804e-15 0.401546 1.01379e-14 7.2477e-13 2.67791e-13
0.9 0.604257 -9.419e-15 0.396475 1.06597e-14 7.74004e-13 3.69741e-13
0.91 0.609207 -1.00045e-14 0.391528 1.11748e-14 8.25679e-13 4.77489e-13
0.92 0.614035 -1.06206e-14 0.386703 1.16742e-14 8.79537e-13 5.90535e-13
0.93 0.618742 -1.09966e-14 0.381999 1.21647e-14 9.35214e-13 7.08305e-13
0.94 0.62333 -1.13963e-14 0.377414 1.266e-14 9.92329e-13 8.30179e-13
0.95 0.627802 -1.19543e-14 0.372944 1.31589e-14 1.05044e-12 9.55565e-13
0.96 0.632159 -1.22401e-14 0.368589 1.36509e-14 1.10909e-12 1.08377e-12
0.97 0.636405 -1.27469e-14 0.364345 1.41358e-14 1.16778e-12 1.21418e-12
0.98 0.640542 -1.29437e-14 0.360211 1.46267e-14 1.22595e-12 1.34604e-12
0.99 0.644572 -1.35103e-14 0.356183 1.50899e-14 1.28307e-12 1.47866e-12
1 0.648497 -1.40235e-14 0.352259 1.55331e-14 1.33881e-12 1.61146e-12
1.01 0.652322 -1.44027e-14 0.348436 1.59434e-14 1.39194e-12 1.74279e-12
1.02 0.656048 -1.46303e-14 0.344711 1.63076e-14 1.44197e-12 1.87208e-12
1.03 0.659678 -1.48839e-14 0.341082 1.66237e-14 1.48832e-12 1.99864e-12
1.04 0.663216 -1.51894e-14 0.337546 1.69239e-14 1.53034e-12 2.1218e-12
1.05 0.666664 -1.54338e-14 0.334098 1.72058e-14 1.56743e-12 2.24085e-12
1.06 0.670026 -1.56732e-14 0.330738 1.746e-14 1.59903e-12 2.35524e-12
1.07 0.673304 -1.58499e-14 0.32746 1.77046e-14 1.62472e-12 2.46441e-12
1.08 0.676502 -1.61852e-14 0.324263 1.79362e-14 1.64386e-12 2.5677e-12
1.09 0.679623 -1.6313e-14 0.321142 1.81261e-14 1.65603e-12 2.66464e-12
1.1 0.682671 -1.63219e-14 0.318095 1.82956e-14 1.66079e-12 2.75469e-12
1.11 0.685648 -1.6379e-14 0.315118 1.84271e-14 1.65782e-12 2.83744e-12
1.12 0.688558 -1.64051e-14 0.312208 1.85289e-14 1.64678e-12 2.9125e-12
1.13 0.691404 -1.64943e-14 0.309361 1.86125e-14 1.62739e-12 2.97944e-12
1.14 0.694189 -1.64824e-14 0.306575 1.86609e-14 1.59919e-12 3.0379e-12
1.15 0.696918 -1.65657e-14 0.303846 1.86931e-14 1.56205e-12 3.08762e-12
1.16 0.699594 -1.66039e-14 0.30117 1.86957e-14 1.51584e-12 3.12846e-12
1.17 0.702219 -1.65606e-14 0.298544 1.86796e-14 1.46055e-12 3.16026e-12
1.18 0.704797 -1.64638e-14 0.295964 1.86073e-14 1.39618e-12 3.18295e-12
1.19 0.707332 -1.63082e-14 0.293428 1.84851e-14 1.32282e-12 3.19651e-12
1.2 0.709827 -1.61442e-14 0.290931 1.83244e-14 1.24063e-12 3.20103e-12
1.21 0.712286 -1.60496e-14 0.288471 1.81282e-14 1.14985e-12 3.19663e-12
1.22 0.714712 -1.57714e-14 0.286045 1.79065e-14 1.05038e-12 3.18321e-12
1.23 0.717107 -1.55455e-14 0.283648 1.76551e-14 9.42548e-13 3.1611e-12
1.24 0.719476 -1.52737e-14 0.281278 1.73986e-14 8.26712e-13 3.13056e-12
1.25 0.721821 -1.50066e-14 0.278931 1.71022e-14 7.03318e-13 3.09194e-12
1.26 0.724145 -1.46608e-14 0.276605 1.67914e-14 5.72833e-13 3.04569e-12
1.27 0.726452 -1.43473e-14 0.274297 1.64608e-14 4.35773e-13 2.99233e-12
1.28 0.728743 -1.39027e-14 0.272004 1.61164e-14 2.92795e-13 2.93241e-12
1.29 0.731023 -1.33417e-14 0.269722 1.57505e-14 1.44489e-13 2.86656e-12
1.3 0.733294 -1.29535e-14 0.267449 1.53488e-14 -8.47312e-15 2.79541e-12
1.31 0.735558 -1.25655e-14 0.265183 1.49235e-14 -1.65354e-13 2.7197e-12
1.32 0.737817 -1.22116e-14 0.262921 1.44686e-14 -3.25466e-13 2.64022e-12
1.33 0.740075 -1.17548e-14 0.26066 1.40038e-14 -4.89189e-13 2.55693e-12
1.34 0.742333 -1.11105e-14 0.258398 1.35359e-14 -6.55729e-13 2.4707e-12
1.35 0.744594 -1.05732e-14 0.256134 1.30292e-14 -8.24212e-13 2.38264e-12
1.36 0.74686 -1.01298e-14 0.253864 1.24856e-14 -9.93824e-13 2.29366e-12
1.37 0.749133 -9.50602e-15 0.251587 1.19402e-14 -1.16353e-12 2.20473e-12
1.38 0.751415 -8.86151e-15 0.249302 1.13661e-14 -1.33244e-12 2.11684e-12
1.39 0.753707 -8.32421e-15 0.247005 1.07644e-14 -1.49971e-12 2.03099e-12
1.4 0.756012 -7.72251e-15 0.244696 1.01394e-14 -1.66445e-12 1.94814e-12
1.41 0.75833 -7.19996e-15 0.242374 9.5038e-15 -1.82585e-12 1.86927e-12
1.42 0.760663 -6.53853e-15 0.240036 8.84711e-15 -1.98303e-12 1.79541e-12
1.43 0.763013 -5.81604e-15 0.237681 8.16286e-15 -2.13522e-12 1.72757e-12
1.44 0.76538 -5.06648e-15 0.235309 7.44587e-15 -2.28165e-12 1.66665e-12
1.45 0.767766 -4.38018e-15 0.232918 6.72693e-15 -2.42162e-12 1.61348e-12
1.46 0.770171 -3.61871e-15 0.230508 6.01237e-15 -2.5545e-12 1.56887e-12
1.47 0.772597 -2.85478e-15 0.228077 5.31772e-15 -2.67967e-12 1.53371e-12
1.48 0.775043 -2.13186e-15 0.225626 4.63401e-15 -2.79658e-12 1.50887e-12
1.49 0.77751 -1.48184e-15 0.223154 3.94668e-15 -2.90472e-12 1.49511e-12
1.5 0.779998 -7.43557e-16 0.22066 3.24108e-15 -3.00358e-12 1.49319e-12
1.51 0.782509 -8.59352e-17 0.218144 2.54869e-15 -3.09277e-12 1.50383e-12
1.52 0.785041 5.28426e-16 0.215606 1.86888e-15 -3.17195e-12 1.52766e-12
1.53 0.787594 1.26652e-15 0.213047 1.19445e-15 -3.24082e-12 1.56525e-12
1.54 0.79017 1.87546e-15 0.210466 5.56479e-16 -3.29919e-12 1.61717e-12
1.55 0.792766 2.51404e-15 0.207863 -7.7763e-17 -3.34691e-12 1.68381e-12
1.56 0.795384 3.17373e-15 0.20524 -7.05762e-16 -3.38382e-12 1.76557e-12
1.57 0.798022 3.82769e-15 0.202596 -1.32902e-15 -3.40986e-12 1.86274e-12
1.58 0.800679 4.43654e-15 0.199933 -1.93875e-15 -3.42504e-12 1.97554e-12
1.59 0.803356 5.02734e-15 0.19725 -2.5579e-15 -3.4294e-12 2.10419e-12
1.6 0.80605 5.61268e-15 0.194549 -3.16935e-15 -3.42301e-12 2.24872e-12
1.61 0.808762 6.17573e-15 0.191831 -3.76738e-15 -3.40602e-12 2.40913e-12
1.62 0.811491 6.89562e-15 0.189097 -4.35375e-15 -3.37865e-12 2.58534e-12
1.63 0.814234 7.52169e-15 0.186347 -4.90456e-15 -3.3411e-12 2.77727e-12
1.64 0.816991 8.0511e-15 0.183584 -5.44815e-15 -3.29366e-12 2.98479e-12
1.65 0.819761 8.69094e-15 0.180808 -5.96855e-15 -3.23659e-12 3.20756e-12
1.66 0.822542 9.27791e-15 0.178021 -6.49734e-15 -3.17021e-12 3.44529e-12
1.67 0.825333 9.74784e-15 0.175224 -7.01147e-15 -3.09487e-12 3.69759e-12
1.68 0.828133 1.03078e-14 0.172418 -7.52444e-15 -3.0109e-12 3.96407e-12
1.69 0.830939 1.07975e-14 0.169606 -8.01668e-15 -2.91871e-12 4.2443e-12
1.7 0.83375 1.12176e-14 0.166789 -8.49474e-15 -2.81866e-12 4.53778e-12
1.71 0.836552 1.13327e-14 0.16398 -8.66575e-15 -2.72325e-12 4.82804e-12
1.72 0.839359 1.15448e-14 0.161165 -8.89158e-15 -2.61338e-12 5.14321e-12
1.73 0.84217 1.18602e-14 0.158348 -9.15718e-15 -2.48989e-12 5.48138e-12
1.74 0.844981 1.21608e-14 0.155529 -9.45213e-15 -2.35353e-12 5.84072e-12
1.75 0.847792 1.25009e-14 0.152711 -9.77156e-15 -2.20496e-12 6.21949e-12
1.76 0.850599 1.28609e-14 0.149897 -1.01152e-14 -2.0448e-12 6.61602e-12
1.77 0.853401 1.32081e-14 0.147088 -1.04746e-14 -1.87355e-12 7.02868e-12
1.78 0.856196 1.35623e-14 0.144287 -1.08437e-14 -1.69176e-12 7.45589e-12
1.79 0.85898 1.39236e-14 0.141496 -1.12164e-14 -1.49984e-12 7.89619e-12
1.8 0.861753 1.42748e-14 0.138717 -1.15806e-14 -1.29819e-12 8.34812e-12
1.81 0.864513 1.46146e-14 0.135951 -1.19335e-14 -1.0872e-12 8.81026e-12
1.82 0.867257 1.49762e-14 0.133201 -1.22736e-14 -8.672e-13 9.28127e-12
1.83 0.869983 1.52994e-14 0.130469 -1.25989e-14 -6.38571e-13 9.75985e-12
1.84 0.87269 1.55835e-14 0.127756 -1.29061e-14 -4.01611e-13 1.02447e-11
1.85 0.875375 1.58743e-14 0.125065 -1.31896e-14 -1.56618e-13 1.07346e-11
1.86 0.878037 1.61124e-14 0.122397 -1.34498e-14 9.72195e-14 1.12307e-11
1.87 0.880674 1.63339e-14 0.119755 -1.36843e-14 3.5668e-13 1.17257e-11
1.88 0.883284 1.65396e-14 0.11714 -1.38911e-14 6.2166e-13 1.22187e-11
1.89 0.885865 1.66966e-14 0.114554 -1.40638e-14 8.92064e-13 1.27086e-11
1.9 0.888415 1.68413e-14 0.111998 -1.41989e-14 1.16775e-12 1.31943e-11
1.91 0.890935 1.69401e-14 0.109474 -1.42966e-14 1.44853e-12 1.3675e-11
1.92 0.893421 1.69924e-14 0.106983 -1.43591e-14 1.73425e-12 1.41497e-11
1.93 0.895872 1.69955e-14 0.104527 -1.43854e-14 2.02468e-12 1.46174e-11
1.94 0.898288 1.69831e-14 0.102106 -1.43771e-14 2.31957e-12 1.50772e-11
1.95 0.900667 1.69631e-14 0.099723 -1.43414e-14 2.61866e-12 1.55283e-11
1.96 0.903008 1.68871e-14 0.0973777 -1.42741e-14 2.92166e-12 1.59699e-11
1.97 0.905311 1.67756e-14 0.0950716 -1.41689e-14 3.22827e-12 1.64009e-11
1.98 0.907572 1.66086e-14 0.0928063 -1.40381e-14 3.53358e-12 1.68159e-11
1.99 0.909793 1.64593e-14 0.0905818 -1.38679e-14 3.84189e-12 1.72203e-11
2 0.911972 1.62437e-14 0.0883987 -1.36643e-14 4.15259e-12 1.76132e-11
2.01 0.914109 1.60039e-14 0.0862578 -1.34382e-14 4.46505e-12 1.79938e-11
2.02 0.916204 1.57731e-14 0.0841598 -1.31943e-14 4.77877e-12 1.83611e-11
2.03 0.918255 1.55032e-14 0.0821054 -1.29321e-14 5.0933e-12 1.87143e-11
2.04 0.920262 1.52659e-14 0.0800954 -1.26745e-14 5.42559e-12 1.90814e-11
2.05 0.922224 1.49721e-14 0.0781298 -1.23981e-14 5.75596e-12 1.94322e-11
2.06 0.924142 1.46501e-14 0.0762091 -1.20887e-14 6.08455e-12 1.97671e-11
2.07 0.926015 1.43256e-14 0.0743336 -1.17576e-14 6.41154e-12 2.00867e-11
2.08 0.927842 1.39653e-14 0.0725037 -1.14131e-14 6.73715e-12 2.03921e-11
2.09 0.929623 1.36146e-14 0.0707199 -1.10821e-14 7.0634e-12 2.06835e-11
2.1 0.931359 1.32744e-14 0.0689817 -1.07245e-14 7.37519e-12 2.09346e-11
2.11 0.933049 1.28968e-14 0.0672894 -1.03549e-14 7.67583e-12 2.11536e-11
2.12 0.934693 1.25244e-14 0.065643 -9.98023e-15 7.96532e-12 2.13392e-11
2.13 0.936292 1.21175e-14 0.0640425 -9.60688e-15 8.24356e-12 2.14899e-11
2.14 0.937845 1.17352e-14 0.0624877 -9.23414e-15 8.51038e-12 2.16041e-11
2.15 0.939352 1.13531e-14 0.0609785 -8.87469e-15 8.76553e-12 2.16794e-11
2.16 0.940814 1.10252e-14 0.0595148 -8.53166e-15 9.00864e-12 2.1713e-11
2.17 0.942229 1.07077e-14 0.0580978 -8.20842e-15 9.23184e-12 2.17111e-11
2.18 0.943601 1.03871e-14 0.0567249 -7.89598e-15 9.44358e-12 2.16509e-11
2.19 0.944929 1.00668e-14 0.0553955 -7.58025e-15 9.64618e-12 2.15415e-11
2.2 0.946214 9.76155e-15 0.0541091 -7.27593e-15 9.83907e-12 2.13799e-11
2.21 0.947456 9.49496e-15 0.0528653 -6.99953e-15 1.00216e-11 2.1162e-11
2.22 0.948656 9.23891e-15 0.0516649 -6.74346e-15 1.0199e-11 2.08861e-11
2.23 0.949814 9.0396e-15 0.0505055 -6.54871e-15 1.03633e-11 2.05425e-11
2.24 0.950932 8.906e-15 0.0493862 -6.40549e-15 1.05144e-11 2.01268e-11
2.25 0.952011 8.83278e-15 0.0483063 -6.32272e-15 1.06552e-11 1.9658e-11
2.26 0.953051 8.80292e-15 0.0472649 -6.31461e-15 1.08142e-11 1.93809e-11
2.27 0.954054 8.88759e-15 0.0462611 -6.37897e-15 1.09656e-11 1.91129e-11
2.28 0.955021 9.00584e-15 0.0452938 -6.49628e-15 1.11091e-11 1.88527e-11
2.29 0.955952 9.21991e-15 0.0443618 -6.69395e-15 1.12444e-11 1.86005e-11
2.3 0.956849 9.53817e-15 0.0434643 -7.01541e-15 1.13714e-11 1.83551e-11
2.31 0.957712 9.93912e-15 0.0426004 -7.39255e-15 1.149e-11 1.81152e-11
2.32 0.958543 1.04099e-14 0.0417691 -7.90514e-15 1.15999e-11 1.78798e-11
2.33 0.959335 1.09588e-14 0.0409766 -8.47465e-15 1.17009e-11 1.7639e-11
2.34 0.960085 1.16101e-14 0.040226 -9.13255e-15 1.17938e-11 1.74034e-11
2.35 0.960793 1.24423e-14 0.039517 -9.97485e-15 1.18796e-11 1.71719e-11
2.36 0.961462 1.33658e-14 0.0388479 -1.0916e-14 1.19572e-11 1.69426e-11
2.37 0.962092 1.43127e-14 0.0382178 -1.18737e-14 1.20265e-11 1.67146e-11
2.38 0.962684 1.54087e-14 0.0376259 -1.29477e-14 1.20876e-11 1.64862e-11
2.39 0.963238 1.64751e-14 0.0370711 -1.40484e-14 1.21406e-11 1.6257e-11
2.4 0.963756 1.76012e-14 0.0365525 -1.51774e-14 1.21853e-11 1.60261e-11
2.41 0.96424 1.8729e-14 0.0360687 -1.63337e-14 1.22215e-11 1.5792e-11
2.42 0.964689 1.9902e-14 0.0356192 -1.7505e-14 1.22522e-11 1.55542e-11
2.43 0.965108 2.12449e-14 0.0352004 -1.88605e-14 1.22735e-11 1.53066e-11
2.44 0.965496 2.27555e-14 0.0348119 -2.03661e-14 1.22854e-11 1.505e-11
2.45 0.965855 2.43915e-14 0.0344532 -2.20053e-14 1.22881e-11 1.47851e-11
2.46 0.966184 2.61591e-14 0.0341239 -2.37737e-14 1.22815e-11 1.45127e-11
2.47 0.966484 2.79956e-14 0.0338236 -2.55981e-14 1.22658e-11 1.42335e-11
2.48 0.966755 2.986e-14 0.0335524 -2.74562e-14 1.22411e-11 1.39479e-11
2.49 0.966999 3.1862e-14 0.0333084 -2.94527e-14 1.22078e-11 1.36566e-11
2.5 0.967217 3.38901e-14 0.033091 -3.14809e-14 1.21658e-11 1.33603e-11
