0 0 0 1 0 0 0
0.05 0.0039662 7.09137e-16 0.996034 1.08128e-15 -2.39807e-15 8.45778e-16
0.1 0.015721 1.4125e-15 0.984279 1.05439e-15 -4.84076e-15 2.15325e-15
0.15 0.0348425 2.8683e-15 0.965158 1.80618e-15 -7.25228e-15 3.876e-15
0.2 0.0606576 3.01474e-15 0.939342 1.77558e-15 -9.55753e-15 5.76932e-15
0.25 0.0922846 2.93197e-15 0.907715 1.76747e-15 -1.16734e-14 8.07978e-15
0.3 0.128687 2.88946e-15 0.871313 1.80971e-15 -1.35716e-14 1.05992e-14
0.35 0.168734 2.44237e-15 0.831266 2.0107e-15 -1.51719e-14 1.3092e-14
0.4 0.211262 2.26608e-15 0.788738 2.23082e-15 -1.65041e-14 1.5993e-14
0.45 0.255134 2.17518e-15 0.744866 2.24468e-15 -1.77975e-14 1.89934e-14
0.5 0.299291 1.89113e-15 0.700709 2.36965e-15 -1.8659e-14 2.17014e-14
0.55 0.342793 2.14425e-15 0.657207 2.13649e-15 -1.86922e-14 2.37839e-14
0.6 0.384847 2.54464e-15 0.615153 1.74809e-15 -1.79812e-14 2.5173e-14
0.65 0.424824 3.48839e-15 0.575176 9.85991e-16 -1.64019e-14 2.58623e-14
0.7 0.462263 4.5458e-15 0.537737 -1.52525e-17 -1.40161e-14 2.59053e-14
0.75 0.496866 5.63506e-15 0.503134 -1.07578e-15 -1.10228e-14 2.56573e-14
0.8 0.528485 6.97147e-15 0.471515 -2.46058e-15 -7.56126e-15 2.52502e-14
0.85 0.557103 8.46246e-15 0.442897 -3.88658e-15 -3.57735e-15 2.49497e-14
0.9 0.582813 9.97678e-15 0.417187 -5.39939e-15 4.21459e-16 2.46874e-14
0.95 0.605795 1.14552e-14 0.394205 -6.92317e-15 4.54842e-15 2.42647e-14
1 0.626297 1.30044e-14 0.373703 -8.34284e-15 7.94567e-15 2.37831e-14
1.05 0.64461 1.43977e-14 0.35539 -9.76802e-15 1.06387e-14 2.31666e-14
1.1 0.661053 1.54255e-14 0.338947 -1.08277e-14 1.26311e-14 2.18377e-14
1.15 0.675955 1.6189e-14 0.324045 -1.15982e-14 1.41745e-14 1.99281e-14
1.2 0.689641 1.68106e-14 0.310359 -1.21232e-14 1.5307e-14 1.75385e-14
1.25 0.702419 1.70808e-14 0.297581 -1.23789e-14 1.66337e-14 1.48586e-14
1.3 0.714566 1.69157e-14 0.285434 -1.22262e-14 1.8043e-14 1.21177e-14
1.35 0.72632 1.63363e-14 0.27368 -1.17305e-14 1.95792e-14 9.21042e-15
1.4 0.737876 1.56683e-14 0.262124 -1.11269e-14 2.13689e-14 5.99709e-15
1.45 0.749373 1.49431e-14 0.250627 -1.04221e-14 2.30593e-14 2.81442e-15
1.5 0.760902 1.40473e-14 0.239098 -9.70904e-15 2.45913e-14 -4.17303e-16
1.55 0.772497 1.31044e-14 0.227503 -8.79116e-15 2.57037e-14 -4.07152e-15
1.6 0.784147 1.2137e-14 0.215853 -7.86262e-15 2.62709e-14 -7.91167e-15
1.65 0.7958 1.16049e-14 0.2042 -7.27567e-15 2.58892e-14 -1.2017e-14
1.7 0.807371 1.11992e-14 0.192629 -6.77725e-15 2.44239e-14 -1.63869e-14
1.75 0.818753 1.09743e-14 0.181247 -6.48344e-15 2.23739e-14 -2.08966e-14
1.8 0.829831 1.08401e-14 0.170169 -6.38335e-15 1.97208e-14 -2.56549e-14
1.85 0.840487 1.0843e-14 0.159513 -6.41128e-15 1.70618e-14 -3.08329e-14
1.9 0.850616 1.09078e-14 0.149384 -6.43138e-15 1.48883e-14 -3.64219e-14
1.95 0.860125 1.10491e-14 0.139875 -6.55167e-15 1.31631e-14 -4.25291e-14
2 0.868949 1.10965e-14 0.131051 -6.60746e-15 1.23457e-14 -4.90592e-14
2.05 0.877042 1.10289e-14 0.122958 -6.53505e-15 1.24445e-14 -5.56007e-14
2.1 0.884389 1.08564e-14 0.115611 -6.42172e-15 1.35473e-14 -6.18456e-14
2.15 0.890996 1.07418e-14 0.109004 -6.28852e-15 1.5471e-14 -6.77902e-14
2.2 0.896896 1.07376e-14 0.103104 -6.31687e-15 1.79898e-14 -7.33302e-14
2.25 0.902138 1.07325e-14 0.097862 -6.27657e-15 2.1586e-14 -7.87019e-14
2.3 0.906789 1.06602e-14 0.0932113 -6.19607e-15 2.55147e-14 -8.40491e-14
2.35 0.910927 1.07112e-14 0.0890733 -6.25138e-15 2.96047e-14 -8.86621e-14
2.4 0.914639 1.0937e-14 0.0853615 -6.48836e-15 3.28089e-14 -9.3207e-14
2.45 0.918015 1.12767e-14 0.0819854 -6.82902e-15 3.5416e-14 -9.80861e-14
2.5 0.921145 1.16054e-14 0.0788546 -7.1609e-15 3.77989e-14 -1.03447e-13
