0 0 0 1 0 0 0
0.04 0.00254153 -3.72135e-16 0.997458 -1.45394e-16 7.07338e-15 3.67312e-15
0.08 0.010107 -8.75224e-17 0.989893 -1.56898e-16 1.33151e-14 7.00042e-15
0.12 0.0225214 3.27204e-16 0.977479 -2.11162e-16 1.87596e-14 1.08318e-14
0.16 0.0395012 9.59368e-16 0.960499 -7.74693e-16 2.33246e-14 1.54135e-14
0.2 0.0606662 1.87161e-15 0.939334 -1.61662e-15 2.76559e-14 1.88863e-14
0.24 0.0855541 2.54069e-15 0.914446 -2.3702e-15 3.24448e-14 1.67994e-14
0.28 0.113639 2.19022e-15 0.886361 -2.46357e-15 3.81677e-14 9.67245e-15
0.32 0.144352 3.44221e-15 0.855648 -3.4148e-15 4.70073e-14 -3.91861e-15
0.36 0.177101 5.43501e-15 0.822899 -5.65364e-15 6.13011e-14 -2.42166e-14
0.4 0.211288 7.90543e-15 0.788712 -8.67289e-15 8.48696e-14 -5.01306e-14
0.44 0.246333 1.1527e-14 0.753667 -1.35385e-14 1.14506e-13 -7.62126e-14
0.48 0.281689 1.84981e-14 0.718311 -2.01203e-14 1.41507e-13 -9.24448e-14
0.52 0.316853 2.94983e-14 0.683147 -3.06609e-14 1.57046e-13 -9.39327e-14
0.56 0.351378 4.14559e-14 0.648622 -4.246e-14 1.55385e-13 -7.85516e-14
0.6 0.384884 5.2842e-14 0.615116 -5.31337e-14 1.33322e-13 -4.79788e-14
0.64 0.417057 6.1923e-14 0.582943 -6.15596e-14 9.27772e-14 -5.02239e-15
0.68 0.447652 6.7906e-14 0.552348 -6.78784e-14 3.66102e-14 4.49577e-14
0.72 0.476492 7.30936e-14 0.523508 -7.28548e-14 -2.92446e-14 9.70317e-14
0.76 0.503466 7.69971e-14 0.496534 -7.73919e-14 -1.02374e-13 1.51948e-13
0.8 0.528519 8.07691e-14 0.471481 -8.11073e-14 -1.82866e-13 2.05325e-13
0.84 0.551648 8.16872e-14 0.448352 -8.25201e-14 -2.68036e-13 2.55168e-13
0.88 0.572898 8.096e-14 0.427102 -8.21997e-14 -3.5154e-13 2.98109e-13
0.92 0.592348 7.86718e-14 0.407652 -8.01386e-14 -4.24955e-13 3.30321e-13
0.96 0.61011 7.52095e-14 0.38989 -7.65959e-14 -4.85341e-13 3.51157e-13
1 0.626319 7.0646e-14 0.373681 -7.16938e-14 -5.33515e-13 3.57626e-13
1.04 0.641126 6.4298e-14 0.358874 -6.49839e-14 -5.66311e-13 3.53168e-13
1.08 0.654695 5.7893e-14 0.345305 -5.83288e-14 -5.80569e-13 3.41234e-13
1.12 0.667193 5.27619e-14 0.332807 -5.27988e-14 -5.7742e-13 3.22689e-13
1.16 0.67879 4.86055e-14 0.32121 -4.86583e-14 -5.57104e-13 2.99829e-13
1.2 0.689649 4.58839e-14 0.310351 -4.59442e-14 -5.22326e-13 2.75512e-13
1.24 0.699928 4.4106e-14 0.300072 -4.41412e-14 -4.73445e-13 2.52845e-13
1.28 0.70977 4.37658e-14 0.29023 -4.35898e-14 -4.12555e-13 2.37604e-13
1.32 0.719305 4.4482e-14 0.280695 -4.40137e-14 -3.44608e-13 2.33362e-13
1.36 0.728643 4.5841e-14 0.271357 -4.5017e-14 -2.75634e-13 2.38743e-13
1.4 0.737875 4.673e-14 0.262125 -4.59659e-14 -2.1122e-13 2.54769e-13
1.44 0.747072 4.78286e-14 0.252928 -4.69847e-14 -1.52691e-13 2.80124e-13
1.48 0.756281 4.86751e-14 0.243719 -4.76315e-14 -1.04233e-13 3.14087e-13
1.52 0.765529 4.94293e-14 0.234471 -4.84343e-14 -6.54848e-14 3.55462e-13
1.56 0.774821 5.01281e-14 0.225179 -4.92135e-14 -3.74622e-14 4.01094e-13
1.6 0.784145 5.10613e-14 0.215855 -5.00139e-14 -1.85059e-14 4.50677e-13
1.64 0.793471 5.13727e-14 0.206529 -5.0057e-14 -6.56307e-15 5.02907e-13
1.68 0.802758 5.06989e-14 0.197242 -4.92754e-14 1.13367e-15 5.56001e-13
1.72 0.811952 4.91756e-14 0.188048 -4.77685e-14 7.08619e-15 6.09491e-13
1.76 0.820997 4.72798e-14 0.179003 -4.55999e-14 1.12531e-14 6.62963e-13
1.8 0.829832 4.46578e-14 0.170168 -4.29513e-14 1.08283e-14 7.13344e-13
1.84 0.838397 4.09785e-14 0.161603 -3.93366e-14 1.20765e-14 7.57033e-13
1.88 0.846636 3.69392e-14 0.153364 -3.52291e-14 1.7831e-14 7.89885e-13
1.92 0.854501 3.27228e-14 0.145499 -3.11208e-14 3.02278e-14 8.13335e-13
1.96 0.86195 2.78177e-14 0.13805 -2.63122e-14 5.32679e-14 8.29092e-13
2 0.868952 2.26192e-14 0.131048 -2.10085e-14 8.98559e-14 8.35271e-13
2.04 0.875486 1.69616e-14 0.124514 -1.5373e-14 1.38453e-13 8.35221e-13
2.08 0.881543 1.03906e-14 0.118457 -8.71851e-15 1.96021e-13 8.25454e-13
2.12 0.887122 2.49763e-15 0.112878 -1.02618e-15 2.59197e-13 8.08412e-13
2.16 0.892234 -5.7924e-15 0.107766 7.21233e-15 3.28041e-13 7.85482e-13
2.2 0.896898 -1.47756e-14 0.103102 1.60387e-14 3.99549e-13 7.64348e-13
2.24 0.901141 -2.43067e-14 0.0988592 2.54936e-14 4.74109e-13 7.42175e-13
2.28 0.904996 -3.23535e-14 0.0950044 3.35984e-14 5.41277e-13 7.15038e-13
2.32 0.908501 -3.82785e-14 0.0914988 3.9384e-14 6.03725e-13 6.67514e-13
2.36 0.9117 -4.29075e-14 0.0882996 4.40165e-14 6.74599e-13 6.10983e-13
2.4 0.914638 -4.92318e-14 0.0853619 5.03136e-14 7.63002e-13 5.42875e-13
2.44 0.917361 -6.03162e-14 0.0826389 6.13937e-14 8.48288e-13 4.6162e-13
2.48 0.919916 -7.70673e-14 0.0800842 7.81612e-14 9.24002e-13 3.81551e-13
