0 0 0 1 0 0 0
0.03 0.00143083 -4.50902e-16 0.998569 -1.34264e-16 5.40233e-15 2.53103e-15
0.06 0.00570454 -2.81259e-17 0.994295 -1.57093e-16 1.03062e-14 5.16464e-15
0.09 0.0127653 -1.02736e-16 0.987235 -1.28152e-16 1.47383e-14 7.97267e-15
0.12 0.0225214 3.27204e-16 0.977479 -2.11162e-16 1.87596e-14 1.08318e-14
0.15 0.0348475 7.71483e-16 0.965152 -5.69282e-16 2.22664e-14 1.42967e-14
0.18 0.0495877 1.55236e-15 0.950412 -1.187e-15 2.54637e-14 1.76016e-14
0.21 0.0665587 2.31147e-15 0.933441 -1.83702e-15 2.8793e-14 1.92214e-14
0.24 0.0855541 2.54069e-15 0.914446 -2.3702e-15 3.24448e-14 1.67994e-14
0.27 0.106349 2.11488e-15 0.893651 -2.44506e-15 3.65438e-14 1.20136e-14
0.3 0.128704 2.58044e-15 0.871296 -2.66569e-15 4.20175e-14 3.60805e-15
0.33 0.152372 3.62396e-15 0.847628 -3.90302e-15 4.9921e-14 -8.28581e-15
0.36 0.177101 5.43501e-15 0.822899 -5.65364e-15 6.13011e-14 -2.42166e-14
0.39 0.202638 7.59431e-15 0.797362 -7.81351e-15 7.81076e-14 -4.32789e-14
0.42 0.228738 9.63878e-15 0.771262 -1.08293e-14 9.95387e-14 -6.40015e-14
0.45 0.255164 1.25769e-14 0.744836 -1.49972e-14 1.21829e-13 -8.14304e-14
0.48 0.281689 1.84981e-14 0.718311 -2.01203e-14 1.41507e-13 -9.24448e-14
0.51 0.308105 2.63642e-14 0.691895 -2.77332e-14 1.54624e-13 -9.51093e-14
0.54 0.33422 3.51235e-14 0.66578 -3.65732e-14 1.58699e-13 -8.82119e-14
0.57 0.359864 4.49655e-14 0.640136 -4.53506e-14 1.51799e-13 -7.22592e-14
0.6 0.384884 5.2842e-14 0.615116 -5.31337e-14 1.33322e-13 -4.79788e-14
0.63 0.409153 6.01002e-14 0.590847 -5.9648e-14 1.04522e-13 -1.65664e-14
0.66 0.432564 6.50663e-14 0.567436 -6.4913e-14 6.61779e-14 1.92403e-14
0.69 0.455032 6.93156e-14 0.544968 -6.92385e-14 2.10344e-14 5.80322e-14
0.72 0.476492 7.30936e-14 0.523508 -7.28548e-14 -2.92446e-14 9.70317e-14
0.75 0.496902 7.61381e-14 0.503098 -7.63118e-14 -8.34157e-14 1.38101e-13
0.78 0.516234 7.91552e-14 0.483766 -7.95031e-14 -1.41857e-13 1.79016e-13
0.81 0.53448 8.13782e-14 0.465519 -8.16925e-14 -2.03893e-13 2.18167e-13
0.84 0.551648 8.16872e-14 0.448352 -8.25201e-14 -2.68036e-13 2.55168e-13
0.87 0.567758 8.13862e-14 0.432242 -8.24928e-14 -3.31254e-13 2.88151e-13
0.9 0.582841 7.98717e-14 0.417159 -8.13136e-14 -3.896e-13 3.15713e-13
0.93 0.596942 7.79654e-14 0.403058 -7.93924e-14 -4.41503e-13 3.3689e-13
0.96 0.61011 7.52095e-14 0.38989 -7.65959e-14 -4.85341e-13 3.51157e-13
0.99 0.622404 7.18498e-14 0.377596 -7.30453e-14 -5.22505e-13 3.57257e-13
1.02 0.633887 6.74462e-14 0.366112 -6.85365e-14 -5.52195e-13 3.56311e-13
1.05 0.644628 6.24659e-14 0.355372 -6.31612e-14 -5.71682e-13 3.50766e-13
1.08 0.654695 5.7893e-14 0.345305 -5.83288e-14 -5.80569e-13 3.41234e-13
1.11 0.66416 5.39596e-14 0.33584 -5.40898e-14 -5.79809e-13 3.27797e-13
1.14 0.673094 5.048e-14 0.326906 -5.05354e-14 -5.6944e-13 3.11707e-13
1.17 0.681567 4.78035e-14 0.318433 -4.78513e-14 -5.49473e-13 2.93634e-13
1.2 0.689649 4.58839e-14 0.310351 -4.59442e-14 -5.22326e-13 2.75512e-13
1.23 0.697405 4.45672e-14 0.302595 -4.44859e-14 -4.87003e-13 2.5814e-13
1.26 0.704895 4.40046e-14 0.295105 -4.3767e-14 -4.44089e-13 2.44051e-13
1.29 0.712178 4.38605e-14 0.287822 -4.35932e-14 -3.96081e-13 2.35638e-13
1.32 0.719305 4.4482e-14 0.280695 -4.40137e-14 -3.44608e-13 2.33362e-13
1.35 0.726321 4.5479e-14 0.273679 -4.47381e-14 -2.92588e-13 2.36462e-13
1.38 0.733267 4.63201e-14 0.266733 -4.54983e-14 -2.42904e-13 2.45518e-13
1.41 0.740175 4.69851e-14 0.259825 -4.62451e-14 -1.95933e-13 2.60272e-13
1.44 0.747072 4.78286e-14 0.252928 -4.69847e-14 -1.52691e-13 2.80124e-13
1.47 0.753976 4.85752e-14 0.246024 -4.74463e-14 -1.15246e-13 3.04859e-13
1.5 0.760899 4.89184e-14 0.239101 -4.80877e-14 -8.3695e-14 3.34044e-13
1.53 0.767848 4.95422e-14 0.232152 -4.86038e-14 -5.74975e-14 3.66715e-13
1.56 0.774821 5.01281e-14 0.225179 -4.92135e-14 -3.74622e-14 4.01094e-13
1.59 0.781812 5.08071e-14 0.218188 -4.98625e-14 -2.24973e-14 4.37833e-13
1.62 0.78881 5.13232e-14 0.21119 -5.0177e-14 -1.17127e-14 4.76548e-13
1.65 0.795798 5.1279e-14 0.204202 -4.99336e-14 -4.30963e-15 5.16052e-13
1.68 0.802758 5.06989e-14 0.197242 -4.92754e-14 1.13367e-15 5.56001e-13
1.71 0.809665 4.95114e-14 0.190335 -4.81718e-14 5.75695e-15 5.96125e-13
1.74 0.816497 4.83464e-14 0.183503 -4.6767e-14 9.88504e-15 6.36391e-13
1.77 0.823228 4.67974e-14 0.176772 -4.50196e-14 1.12032e-14 6.76029e-13
1.8 0.829832 4.46578e-14 0.170168 -4.29513e-14 1.08283e-14 7.13344e-13
1.83 0.836284 4.20985e-14 0.163716 -4.02896e-14 1.13661e-14 7.47343e-13
1.86 0.84256 3.89536e-14 0.15744 -3.7307e-14 1.44018e-14 7.74802e-13
1.89 0.848639 3.59369e-14 0.151361 -3.42305e-14 2.00939e-14 7.96588e-13
1.92 0.854501 3.27228e-14 0.145499 -3.11208e-14 3.02278e-14 8.13335e-13
1.95 0.860128 2.91887e-14 0.139872 -2.76075e-14 4.61843e-14 8.2598e-13
1.98 0.865508 2.52187e-14 0.134492 -2.36857e-14 6.99755e-14 8.32889e-13
2.01 0.87063 2.12308e-14 0.12937 -1.96627e-14 1.00846e-13 8.36267e-13
2.04 0.875486 1.69616e-14 0.124514 -1.5373e-14 1.38453e-13 8.35221e-13
2.07 0.880074 1.22109e-14 0.119926 -1.05249e-14 1.80964e-13 8.28656e-13
2.1 0.884392 6.56049e-15 0.115608 -4.97838e-15 2.26654e-13 8.1768e-13
2.13 0.888443 4.45816e-16 0.111557 1.00535e-15 2.76036e-13 8.02925e-13
2.16 0.892234 -5.7924e-15 0.107766 7.21233e-15 3.28041e-13 7.85482e-13
2.19 0.895773 -1.2487e-14 0.104227 1.37854e-14 3.81234e-13 7.69351e-13
2.22 0.89907 -1.95051e-14 0.10093 2.06913e-14 4.37005e-13 7.53568e-13
2.25 0.902139 -2.65544e-14 0.0978606 2.77683e-14 4.91691e-13 7.36749e-13
2.28 0.904996 -3.23535e-14 0.0950044 3.35984e-14 5.41277e-13 7.15038e-13
2.31 0.907655 -3.70172e-14 0.0923447 3.81638e-14 5.88086e-13 6.80425e-13
2.34 0.910136 -4.05337e-14 0.0898637 4.16636e-14 6.36634e-13 6.39972e-13
2.37 0.912458 -4.42711e-14 0.0875425 4.53462e-14 6.95975e-13 5.95527e-13
2.4 0.914638 -4.92318e-14 0.0853619 5.03136e-14 7.63002e-13 5.42875e-13
2.43 0.916698 -5.68199e-14 0.0833021 5.79068e-14 8.27712e-13 4.82181e-13
2.46 0.918657 -6.84245e-14 0.0813434 6.95004e-14 8.8725e-13 4.20891e-13
2.49 0.920534 -8.11645e-14 0.0794664 8.22569e-14 9.41607e-13 3.62185e-13
