0 0 0 1 0 0 0
0.05 0.00396679 -1.70821e-16 0.996033 -1.637e-16 8.71704e-15 4.35668e-15
0.1 0.0157233 -4.63881e-17 0.984277 -1.13915e-16 1.61148e-14 8.78023e-15
0.15 0.0348475 7.71483e-16 0.965152 -5.69282e-16 2.22664e-14 1.42967e-14
0.2 0.0606662 1.87161e-15 0.939334 -1.61662e-15 2.76559e-14 1.88863e-14
0.25 0.0922973 2.10859e-15 0.907703 -2.4375e-15 3.37148e-14 1.54801e-14
0.3 0.128704 2.58044e-15 0.871296 -2.66569e-15 4.20175e-14 3.60805e-15
0.35 0.168755 5.22497e-15 0.831245 -5.00053e-15 5.69598e-14 -1.84649e-14
0.4 0.211288 7.90543e-15 0.788712 -8.67289e-15 8.48696e-14 -5.01306e-14
0.45 0.255164 1.25769e-14 0.744836 -1.49972e-14 1.21829e-13 -8.14304e-14
0.5 0.299324 2.31641e-14 0.700676 -2.48985e-14 1.51215e-13 -9.52323e-14
0.55 0.342828 3.8251e-14 0.657171 -3.95347e-14 1.57669e-13 -8.38219e-14
0.6 0.384884 5.2842e-14 0.615116 -5.31337e-14 1.33322e-13 -4.79788e-14
0.65 0.424861 6.33856e-14 0.575139 -6.32872e-14 7.98962e-14 6.86116e-15
0.7 0.4623 7.03458e-14 0.5377 -7.04846e-14 4.67572e-15 7.09865e-14
0.75 0.496902 7.61381e-14 0.503098 -7.63118e-14 -8.34157e-14 1.38101e-13
0.8 0.528519 8.07691e-14 0.471481 -8.11073e-14 -1.82866e-13 2.05325e-13
0.85 0.557134 8.15987e-14 0.442866 -8.26187e-14 -2.89511e-13 2.66435e-13
0.9 0.582841 7.98717e-14 0.417159 -8.13136e-14 -3.896e-13 3.15713e-13
0.95 0.605821 7.61712e-14 0.394179 -7.75897e-14 -4.71643e-13 3.47255e-13
1 0.626319 7.0646e-14 0.373681 -7.16938e-14 -5.33515e-13 3.57626e-13
1.05 0.644628 6.24659e-14 0.355372 -6.31612e-14 -5.71682e-13 3.50766e-13
1.1 0.661067 5.53838e-14 0.338933 -5.54734e-14 -5.8112e-13 3.32659e-13
1.15 0.675966 4.95569e-14 0.324034 -4.95536e-14 -5.63716e-13 3.0585e-13
1.2 0.689649 4.58839e-14 0.310351 -4.59442e-14 -5.22326e-13 2.75512e-13
1.25 0.702424 4.40159e-14 0.297576 -4.39198e-14 -4.59058e-13 2.48143e-13
1.3 0.714568 4.39428e-14 0.285431 -4.36632e-14 -3.79216e-13 2.34273e-13
1.35 0.726321 4.5479e-14 0.273679 -4.47381e-14 -2.92588e-13 2.36462e-13
1.4 0.737875 4.673e-14 0.262125 -4.59659e-14 -2.1122e-13 2.54769e-13
1.45 0.749372 4.80414e-14 0.250628 -4.7153e-14 -1.39483e-13 2.87825e-13
1.5 0.760899 4.89184e-14 0.239101 -4.80877e-14 -8.3695e-14 3.34044e-13
1.55 0.772494 4.99318e-14 0.227506 -4.89862e-14 -4.35046e-14 3.89628e-13
1.6 0.784145 5.10613e-14 0.215855 -5.00139e-14 -1.85059e-14 4.50677e-13
1.65 0.795798 5.1279e-14 0.204202 -4.99336e-14 -4.30963e-15 5.16052e-13
1.7 0.80737 4.99505e-14 0.19263 -4.85765e-14 4.52173e-15 5.82815e-13
1.75 0.818753 4.78542e-14 0.181247 -4.61744e-14 1.10935e-14 6.49827e-13
1.8 0.829832 4.46578e-14 0.170168 -4.29513e-14 1.08283e-14 7.13344e-13
1.85 0.840489 3.99614e-14 0.159511 -3.83389e-14 1.30901e-14 7.66273e-13
1.9 0.850618 3.49462e-14 0.149382 -3.3217e-14 2.29793e-14 8.02714e-13
1.95 0.860128 2.91887e-14 0.139872 -2.76075e-14 4.61843e-14 8.2598e-13
2 0.868952 2.26192e-14 0.131048 -2.10085e-14 8.98559e-14 8.35271e-13
2.05 0.877045 1.55047e-14 0.122955 -1.3841e-14 1.52265e-13 8.33542e-13
2.1 0.884392 6.56049e-15 0.115608 -4.97838e-15 2.26654e-13 8.1768e-13
2.15 0.890999 -3.68275e-15 0.109001 5.15093e-15 3.10427e-13 7.9129e-13
2.2 0.896898 -1.47756e-14 0.103102 1.60387e-14 3.99549e-13 7.64348e-13
2.25 0.902139 -2.65544e-14 0.0978606 2.77683e-14 4.91691e-13 7.36749e-13
2.3 0.906789 -3.56374e-14 0.0932105 3.68354e-14 5.72521e-13 6.92841e-13
2.35 0.910927 -4.16612e-14 0.0890731 4.27849e-14 6.5477e-13 6.25817e-13
2.4 0.914638 -4.92318e-14 0.0853619 5.03136e-14 7.63002e-13 5.42875e-13
2.45 0.918014 -6.42286e-14 0.0819863 6.53116e-14 8.67949e-13 4.4108e-13
2.5 0.921144 -8.43707e-14 0.0788557 8.54655e-14 9.59118e-13 3.43187e-13
