0 0 0 1 0 0 0
0.01 0.000159136 -1.30889e-16 0.999841 -1.31074e-16 1.9533e-15 7.68201e-16
0.02 0.000636312 -2.39051e-16 0.999364 -1.26118e-16 3.68701e-15 1.46447e-15
0.03 0.00143083 -4.50902e-16 0.998569 -1.34264e-16 5.40233e-15 2.53103e-15
0.04 0.00254153 -3.72135e-16 0.997458 -1.45394e-16 7.07338e-15 3.67312e-15
0.05 0.00396679 -1.70821e-16 0.996033 -1.637e-16 8.71704e-15 4.35668e-15
0.06 0.00570454 -2.81259e-17 0.994295 -1.57093e-16 1.03062e-14 5.16464e-15
0.07 0.00775225 -5.71618e-18 0.992248 -1.58774e-16 1.18363e-14 6.09926e-15
0.08 0.010107 -8.75224e-17 0.989893 -1.56898e-16 1.33151e-14 7.00042e-15
0.09 0.0127653 -1.02736e-16 0.987235 -1.28152e-16 1.47383e-14 7.97267e-15
0.1 0.0157233 -4.63881e-17 0.984277 -1.13915e-16 1.61148e-14 8.78023e-15
0.11 0.0189769 1.81312e-17 0.981023 -1.55316e-16 1.74586e-14 9.6977e-15
0.12 0.0225214 3.27204e-16 0.977479 -2.11162e-16 1.87596e-14 1.08318e-14
0.13 0.0263516 3.24186e-16 0.973648 -2.87812e-16 2.00056e-14 1.17738e-14
0.14 0.0304623 5.24798e-16 0.969538 -3.89906e-16 2.11726e-14 1.29454e-14
0.15 0.0348475 7.71483e-16 0.965152 -5.69282e-16 2.22664e-14 1.42967e-14
0.16 0.0395012 9.59368e-16 0.960499 -7.74693e-16 2.33246e-14 1.54135e-14
0.17 0.0444169 1.11719e-15 0.955583 -9.91994e-16 2.43826e-14 1.6592e-14
0.18 0.0495877 1.55236e-15 0.950412 -1.187e-15 2.54637e-14 1.76016e-14
0.19 0.0550066 1.81996e-15 0.944993 -1.39139e-15 2.65597e-14 1.83608e-14
0.2 0.0606662 1.87161e-15 0.939334 -1.61662e-15 2.76559e-14 1.88863e-14
0.21 0.0665587 2.31147e-15 0.933441 -1.83702e-15 2.8793e-14 1.92214e-14
0.22 0.0726764 2.40573e-15 0.927324 -2.05344e-15 2.99517e-14 1.89621e-14
0.23 0.0790109 2.51753e-15 0.920989 -2.2325e-15 3.1184e-14 1.80217e-14
0.24 0.0855541 2.54069e-15 0.914446 -2.3702e-15 3.24448e-14 1.67994e-14
0.25 0.0922973 2.10859e-15 0.907703 -2.4375e-15 3.37148e-14 1.54801e-14
0.26 0.0992319 1.90848e-15 0.900768 -2.438e-15 3.50703e-14 1.38962e-14
0.27 0.106349 2.11488e-15 0.893651 -2.44506e-15 3.65438e-14 1.20136e-14
0.28 0.113639 2.19022e-15 0.886361 -2.46357e-15 3.81677e-14 9.67245e-15
0.29 0.121094 2.18927e-15 0.878906 -2.52352e-15 3.99798e-14 6.86353e-15
0.3 0.128704 2.58044e-15 0.871296 -2.66569e-15 4.20175e-14 3.60805e-15
0.31 0.13646 2.96443e-15 0.86354 -2.96632e-15 4.43653e-14 -5.50973e-17
0.32 0.144352 3.44221e-15 0.855648 -3.4148e-15 4.70073e-14 -3.91861e-15
0.33 0.152372 3.62396e-15 0.847628 -3.90302e-15 4.9921e-14 -8.28581e-15
0.34 0.16051 4.56277e-15 0.83949 -4.45433e-15 5.31857e-14 -1.30763e-14
0.35 0.168755 5.22497e-15 0.831245 -5.00053e-15 5.69598e-14 -1.84649e-14
0.36 0.177101 5.43501e-15 0.822899 -5.65364e-15 6.13011e-14 -2.42166e-14
0.37 0.185536 5.78715e-15 0.814464 -6.32852e-15 6.6298e-14 -3.02883e-14
0.38 0.194051 7.09163e-15 0.805949 -7.04979e-15 7.19036e-14 -3.66442e-14
0.39 0.202638 7.59431e-15 0.797362 -7.81351e-15 7.81076e-14 -4.32789e-14
0.4 0.211288 7.90543e-15 0.788712 -8.67289e-15 8.48696e-14 -5.01306e-14
0.41 0.219991 8.65666e-15 0.780009 -9.69602e-15 9.20541e-14 -5.70956e-14
0.42 0.228738 9.63878e-15 0.771262 -1.08293e-14 9.95387e-14 -6.40015e-14
0.43 0.237522 1.04773e-14 0.762478 -1.21365e-14 1.07056e-13 -7.0407e-14
0.44 0.246333 1.1527e-14 0.753667 -1.35385e-14 1.14506e-13 -7.62126e-14
0.45 0.255164 1.25769e-14 0.744836 -1.49972e-14 1.21829e-13 -8.14304e-14
0.46 0.264005 1.45227e-14 0.735995 -1.6552e-14 1.28856e-13 -8.59097e-14
0.47 0.272849 1.65494e-14 0.727151 -1.82526e-14 1.35453e-13 -8.95588e-14
0.48 0.281689 1.84981e-14 0.718311 -2.01203e-14 1.41507e-13 -9.24448e-14
0.49 0.290516 2.07992e-14 0.709484 -2.23525e-14 1.46818e-13 -9.43517e-14
0.5 0.299324 2.31641e-14 0.700676 -2.48985e-14 1.51215e-13 -9.52323e-14
0.51 0.308105 2.63642e-14 0.691895 -2.77332e-14 1.54624e-13 -9.51093e-14
0.52 0.316853 2.94983e-14 0.683147 -3.06609e-14 1.57046e-13 -9.39327e-14
0.53 0.32556 3.24678e-14 0.67444 -3.36108e-14 1.58447e-13 -9.16152e-14
0.54 0.33422 3.51235e-14 0.66578 -3.65732e-14 1.58699e-13 -8.82119e-14
0.55 0.342828 3.8251e-14 0.657171 -3.95347e-14 1.57669e-13 -8.38219e-14
0.56 0.351378 4.14559e-14 0.648622 -4.246e-14 1.55385e-13 -7.85516e-14
0.57 0.359864 4.49655e-14 0.640136 -4.53506e-14 1.51799e-13 -7.22592e-14
0.58 0.36828 4.79414e-14 0.63172 -4.80905e-14 1.46882e-13 -6.50643e-14
0.59 0.376621 5.07512e-14 0.623379 -5.06986e-14 1.40665e-13 -5.69358e-14
0.6 0.384884 5.2842e-14 0.615116 -5.31337e-14 1.33322e-13 -4.79788e-14
0.61 0.393063 5.53238e-14 0.606937 -5.54165e-14 1.24719e-13 -3.81445e-14
0.62 0.401154 5.77411e-14 0.598846 -5.75941e-14 1.15148e-13 -2.75946e-14
0.63 0.409153 6.01002e-14 0.590847 -5.9648e-14 1.04522e-13 -1.65664e-14
0.64 0.417057 6.1923e-14 0.582943 -6.15596e-14 9.27772e-14 -5.02239e-15
0.65 0.424861 6.33856e-14 0.575139 -6.32872e-14 7.98962e-14 6.86116e-15
0.66 0.432564 6.50663e-14 0.567436 -6.4913e-14 6.61779e-14 1.92403e-14
0.67 0.440162 6.64133e-14 0.559838 -6.64547e-14 5.17465e-14 3.20276e-14
0.68 0.447652 6.7906e-14 0.552348 -6.78784e-14 3.66102e-14 4.49577e-14
0.69 0.455032 6.93156e-14 0.544968 -6.92385e-14 2.10344e-14 5.80322e-14
0.7 0.4623 7.03458e-14 0.5377 -7.04846e-14 4.67572e-15 7.09865e-14
0.71 0.469454 7.16553e-14 0.530546 -7.16678e-14 -1.20988e-14 8.38942e-14
0.72 0.476492 7.30936e-14 0.523508 -7.28548e-14 -2.92446e-14 9.70317e-14
0.73 0.483414 7.41382e-14 0.516586 -7.40229e-14 -4.69296e-14 1.10413e-13
0.74 0.490217 7.50664e-14 0.509783 -7.51972e-14 -6.50342e-14 1.24153e-13
0.75 0.496902 7.61381e-14 0.503098 -7.63118e-14 -8.34157e-14 1.38101e-13
0.76 0.503466 7.69971e-14 0.496534 -7.73919e-14 -1.02374e-13 1.51948e-13
0.77 0.50991 7.7898e-14 0.49009 -7.84867e-14 -1.21874e-13 1.65587e-13
0.78 0.516234 7.91552e-14 0.483766 -7.95031e-14 -1.41857e-13 1.79016e-13
0.79 0.522437 8.00924e-14 0.477563 -8.04091e-14 -1.62255e-13 1.92189e-13
0.8 0.528519 8.07691e-14 0.471481 -8.11073e-14 -1.82866e-13 2.05325e-13
0.81 0.53448 8.13782e-14 0.465519 -8.16925e-14 -2.03893e-13 2.18167e-13
0.82 0.540322 8.14754e-14 0.459678 -8.2116e-14 -2.25158e-13 2.30805e-13
0.83 0.546045 8.17622e-14 0.453955 -8.23887e-14 -2.46481e-13 2.43132e-13
0.84 0.551648 8.16872e-14 0.448352 -8.25201e-14 -2.68036e-13 2.55168e-13
0.85 0.557134 8.15987e-14 0.442866 -8.26187e-14 -2.89511e-13 2.66435e-13
0.86 0.562504 8.13527e-14 0.437496 -8.26146e-14 -3.10677e-13 2.7742e-13
0.87 0.567758 8.13862e-14 0.432242 -8.24928e-14 -3.31254e-13 2.88151e-13
0.88 0.572898 8.096e-14 0.427102 -8.21997e-14 -3.5154e-13 2.98109e-13
0.89 0.577925 8.06015e-14 0.422075 -8.1812e-14 -3.71002e-13 3.07434e-13
0.9 0.582841 7.98717e-14 0.417159 -8.13136e-14 -3.896e-13 3.15713e-13
0.91 0.587648 7.94908e-14 0.412352 -8.07841e-14 -4.076e-13 3.23193e-13
0.92 0.592348 7.86718e-14 0.407652 -8.01386e-14 -4.24955e-13 3.30321e-13
0.93 0.596942 7.79654e-14 0.403058 -7.93924e-14 -4.41503e-13 3.3689e-13
0.94 0.601432 7.70607e-14 0.398568 -7.85325e-14 -4.57064e-13 3.42512e-13
0.95 0.605821 7.61712e-14 0.394179 -7.75897e-14 -4.71643e-13 3.47255e-13
0.96 0.61011 7.52095e-14 0.38989 -7.65959e-14 -4.85341e-13 3.51157e-13
0.97 0.614302 7.42683e-14 0.385698 -7.54756e-14 -4.98412e-13 3.54114e-13
0.98 0.618399 7.27912e-14 0.381601 -7.42564e-14 -5.10577e-13 3.56247e-13
0.99 0.622404 7.18498e-14 0.377596 -7.30453e-14 -5.22505e-13 3.57257e-13
1 0.626319 7.0646e-14 0.373681 -7.16938e-14 -5.33515e-13 3.57626e-13
1.01 0.630146 6.90848e-14 0.369854 -7.0176e-14 -5.43444e-13 3.57253e-13
1.02 0.633887 6.74462e-14 0.366112 -6.85365e-14 -5.52195e-13 3.56311e-13
1.03 0.637547 6.59628e-14 0.362453 -6.68233e-14 -5.59766e-13 3.5497e-13
1.04 0.641126 6.4298e-14 0.358874 -6.49839e-14 -5.66311e-13 3.53168e-13
1.05 0.644628 6.24659e-14 0.355372 -6.31612e-14 -5.71682e-13 3.50766e-13
1.06 0.648055 6.06784e-14 0.351945 -6.1435e-14 -5.75835e-13 3.47992e-13
1.07 0.651409 5.92289e-14 0.34859 -5.98251e-14 -5.78724e-13 3.4484e-13
1.08 0.654695 5.7893e-14 0.345305 -5.83288e-14 -5.80569e-13 3.41234e-13
1.09 0.657913 5.65807e-14 0.342087 -5.68926e-14 -5.8139e-13 3.37115e-13
1.1 0.661067 5.53838e-14 0.338933 -5.54734e-14 -5.8112e-13 3.32659e-13
1.11 0.66416 5.39596e-14 0.33584 -5.40898e-14 -5.79809e-13 3.27797e-13
1.12 0.667193 5.27619e-14 0.332807 -5.27988e-14 -5.7742e-13 3.22689e-13
1.13 0.67017 5.15148e-14 0.32983 -5.16116e-14 -5.7406e-13 3.17355e-13
1.14 0.673094 5.048e-14 0.326906 -5.05354e-14 -5.6944e-13 3.11707e-13
1.15 0.675966 4.95569e-14 0.324034 -4.95536e-14 -5.63716e-13 3.0585e-13
1.16 0.67879 4.86055e-14 0.32121 -4.86583e-14 -5.57104e-13 2.99829e-13
1.17 0.681567 4.78035e-14 0.318433 -4.78513e-14 -5.49473e-13 2.93634e-13
1.18 0.684302 4.70724e-14 0.315698 -4.71379e-14 -5.41201e-13 2.8754e-13
1.19 0.686995 4.63836e-14 0.313005 -4.6536e-14 -5.32152e-13 2.81538e-13
1.2 0.689649 4.58839e-14 0.310351 -4.59442e-14 -5.22326e-13 2.75512e-13
1.21 0.692268 4.52155e-14 0.307732 -4.54019e-14 -5.11487e-13 2.69535e-13
1.22 0.694852 4.5011e-14 0.305148 -4.49264e-14 -4.99663e-13 2.63796e-13
1.23 0.697405 4.45672e-14 0.302595 -4.44859e-14 -4.87003e-13 2.5814e-13
1.24 0.699928 4.4106e-14 0.300072 -4.41412e-14 -4.73445e-13 2.52845e-13
1.25 0.702424 4.40159e-14 0.297576 -4.39198e-14 -4.59058e-13 2.48143e-13
1.26 0.704895 4.40046e-14 0.295105 -4.3767e-14 -4.44089e-13 2.44051e-13
1.27 0.707343 4.38982e-14 0.292657 -4.36545e-14 -4.28587e-13 2.4042e-13
1.28 0.70977 4.37658e-14 0.29023 -4.35898e-14 -4.12555e-13 2.37604e-13
1.29 0.712178 4.38605e-14 0.287822 -4.35932e-14 -3.96081e-13 2.35638e-13
1.3 0.714568 4.39428e-14 0.285431 -4.36632e-14 -3.79216e-13 2.34273e-13
1.31 0.716943 4.42058e-14 0.283056 -4.38181e-14 -3.61925e-13 2.33504e-13
1.32 0.719305 4.4482e-14 0.280695 -4.40137e-14 -3.44608e-13 2.33362e-13
1.33 0.721654 4.48931e-14 0.278346 -4.42231e-14 -3.27171e-13 2.33831e-13
1.34 0.723992 4.52621e-14 0.276008 -4.44637e-14 -3.09788e-13 2.34792e-13
1.35 0.726321 4.5479e-14 0.273679 -4.47381e-14 -2.92588e-13 2.36462e-13
1.36 0.728643 4.5841e-14 0.271357 -4.5017e-14 -2.75634e-13 2.38743e-13
1.37 0.730957 4.61272e-14 0.269043 -4.52796e-14 -2.59061e-13 2.4181e-13
1.38 0.733267 4.63201e-14 0.266733 -4.54983e-14 -2.42904e-13 2.45518e-13
1.39 0.735573 4.6362e-14 0.264427 -4.57207e-14 -2.27104e-13 2.49791e-13
1.4 0.737875 4.673e-14 0.262125 -4.59659e-14 -2.1122e-13 2.54769e-13
1.41 0.740175 4.69851e-14 0.259825 -4.62451e-14 -1.95933e-13 2.60272e-13
1.42 0.742474 4.73304e-14 0.257526 -4.65251e-14 -1.81148e-13 2.66251e-13
1.43 0.744773 4.74062e-14 0.255227 -4.67845e-14 -1.66618e-13 2.729e-13
1.44 0.747072 4.78286e-14 0.252928 -4.69847e-14 -1.52691e-13 2.80124e-13
1.45 0.749372 4.80414e-14 0.250628 -4.7153e-14 -1.39483e-13 2.87825e-13
1.46 0.751673 4.82648e-14 0.248327 -4.72988e-14 -1.27007e-13 2.96073e-13
1.47 0.753976 4.85752e-14 0.246024 -4.74463e-14 -1.15246e-13 3.04859e-13
1.48 0.756281 4.86751e-14 0.243719 -4.76315e-14 -1.04233e-13 3.14087e-13
1.49 0.758589 4.89521e-14 0.241411 -4.78682e-14 -9.37064e-14 3.23871e-13
1.5 0.760899 4.89184e-14 0.239101 -4.80877e-14 -8.3695e-14 3.34044e-13
1.51 0.763213 4.92948e-14 0.236787 -4.82898e-14 -7.42367e-14 3.44575e-13
1.52 0.765529 4.94293e-14 0.234471 -4.84343e-14 -6.54848e-14 3.55462e-13
1.53 0.767848 4.95422e-14 0.232152 -4.86038e-14 -5.74975e-14 3.66715e-13
1.54 0.77017 4.96037e-14 0.22983 -4.87981e-14 -5.01377e-14 3.78168e-13
1.55 0.772494 4.99318e-14 0.227506 -4.89862e-14 -4.35046e-14 3.89628e-13
1.56 0.774821 5.01281e-14 0.225179 -4.92135e-14 -3.74622e-14 4.01094e-13
1.57 0.77715 5.02862e-14 0.22285 -4.94448e-14 -3.19118e-14 4.13005e-13
1.58 0.779481 5.05286e-14 0.220519 -4.96539e-14 -2.69114e-14 4.25251e-13
1.59 0.781812 5.08071e-14 0.218188 -4.98625e-14 -2.24973e-14 4.37833e-13
1.6 0.784145 5.10613e-14 0.215855 -5.00139e-14 -1.85059e-14 4.50677e-13
1.61 0.786478 5.1157e-14 0.213522 -5.01166e-14 -1.49012e-14 4.63527e-13
1.62 0.78881 5.13232e-14 0.21119 -5.0177e-14 -1.17127e-14 4.76548e-13
1.63 0.791141 5.13401e-14 0.208858 -5.01436e-14 -8.85799e-15 4.8969e-13
1.64 0.793471 5.13727e-14 0.206529 -5.0057e-14 -6.56307e-15 5.02907e-13
1.65 0.795798 5.1279e-14 0.204202 -4.99336e-14 -4.30963e-15 5.16052e-13
1.66 0.798122 5.10884e-14 0.201878 -4.97459e-14 -2.5377e-15 5.29272e-13
1.67 0.800442 5.09717e-14 0.199558 -4.95196e-14 -6.7025e-16 5.42583e-13
1.68 0.802758 5.06989e-14 0.197242 -4.92754e-14 1.13367e-15 5.56001e-13
1.69 0.805067 5.04335e-14 0.194933 -4.89394e-14 2.99677e-15 5.69438e-13
1.7 0.80737 4.99505e-14 0.19263 -4.85765e-14 4.52173e-15 5.82815e-13
1.71 0.809665 4.95114e-14 0.190335 -4.81718e-14 5.75695e-15 5.96125e-13
1.72 0.811952 4.91756e-14 0.188048 -4.77685e-14 7.08619e-15 6.09491e-13
1.73 0.81423 4.8876e-14 0.18577 -4.73128e-14 8.4715e-15 6.22812e-13
1.74 0.816497 4.83464e-14 0.183503 -4.6767e-14 9.88504e-15 6.36391e-13
1.75 0.818753 4.78542e-14 0.181247 -4.61744e-14 1.10935e-14 6.49827e-13
1.76 0.820997 4.72798e-14 0.179003 -4.55999e-14 1.12531e-14 6.62963e-13
1.77 0.823228 4.67974e-14 0.176772 -4.50196e-14 1.12032e-14 6.76029e-13
1.78 0.825445 4.61463e-14 0.174555 -4.4404e-14 1.10241e-14 6.88844e-13
1.79 0.827646 4.54473e-14 0.172354 -4.37144e-14 1.09286e-14 7.01226e-13
1.8 0.829832 4.46578e-14 0.170168 -4.29513e-14 1.08283e-14 7.13344e-13
1.81 0.832001 4.38582e-14 0.167999 -4.21026e-14 1.07263e-14 7.25277e-13
1.82 0.834152 4.29975e-14 0.165848 -4.12192e-14 1.08501e-14 7.36677e-13
1.83 0.836284 4.20985e-14 0.163716 -4.02896e-14 1.13661e-14 7.47343e-13
1.84 0.838397 4.09785e-14 0.161603 -3.93366e-14 1.20765e-14 7.57033e-13
1.85 0.840489 3.99614e-14 0.159511 -3.83389e-14 1.30901e-14 7.66273e-13
1.86 0.84256 3.89536e-14 0.15744 -3.7307e-14 1.44018e-14 7.74802e-13
1.87 0.84461 3.79563e-14 0.15539 -3.62561e-14 1.59941e-14 7.82706e-13
1.88 0.846636 3.69392e-14 0.153364 -3.52291e-14 1.7831e-14 7.89885e-13
1.89 0.848639 3.59369e-14 0.151361 -3.42305e-14 2.00939e-14 7.96588e-13
1.9 0.850618 3.49462e-14 0.149382 -3.3217e-14 2.29793e-14 8.02714e-13
1.91 0.852572 3.38496e-14 0.147428 -3.21885e-14 2.63229e-14 8.08271e-13
1.92 0.854501 3.27228e-14 0.145499 -3.11208e-14 3.02278e-14 8.13335e-13
1.93 0.856403 3.1517e-14 0.143597 -2.9984e-14 3.47169e-14 8.17981e-13
1.94 0.858279 3.03577e-14 0.141721 -2.88062e-14 3.99757e-14 8.22235e-13
1.95 0.860128 2.91887e-14 0.139872 -2.76075e-14 4.61843e-14 8.2598e-13
1.96 0.86195 2.78177e-14 0.13805 -2.63122e-14 5.32679e-14 8.29092e-13
1.97 0.863743 2.64937e-14 0.136257 -2.50177e-14 6.13378e-14 8.31319e-13
1.98 0.865508 2.52187e-14 0.134492 -2.36857e-14 6.99755e-14 8.32889e-13
1.99 0.867244 2.38925e-14 0.132756 -2.23399e-14 7.95087e-14 8.34103e-13
2 0.868952 2.26192e-14 0.131048 -2.10085e-14 8.98559e-14 8.35271e-13
2.01 0.87063 2.12308e-14 0.12937 -1.96627e-14 1.00846e-13 8.36267e-13
2.02 0.872278 1.99015e-14 0.127722 -1.82704e-14 1.12569e-13 8.36704e-13
2.03 0.873897 1.84644e-14 0.126103 -1.68423e-14 1.25163e-13 8.36308e-13
2.04 0.875486 1.69616e-14 0.124514 -1.5373e-14 1.38453e-13 8.35221e-13
2.05 0.877045 1.55047e-14 0.122955 -1.3841e-14 1.52265e-13 8.33542e-13
2.06 0.878574 1.39548e-14 0.121426 -1.2228e-14 1.66407e-13 8.31332e-13
2.07 0.880074 1.22109e-14 0.119926 -1.05249e-14 1.80964e-13 8.28656e-13
2.08 0.881543 1.03906e-14 0.118457 -8.71851e-15 1.96021e-13 8.25454e-13
2.09 0.882982 8.44813e-15 0.117018 -6.84594e-15 2.11263e-13 8.21783e-13
2.1 0.884392 6.56049e-15 0.115608 -4.97838e-15 2.26654e-13 8.1768e-13
2.11 0.885772 4.54802e-15 0.114228 -3.03089e-15 2.42701e-13 8.1312e-13
2.12 0.887122 2.49763e-15 0.112878 -1.02618e-15 2.59197e-13 8.08412e-13
2.13 0.888443 4.45816e-16 0.111557 1.00535e-15 2.76036e-13 8.02925e-13
2.14 0.889736 -1.60359e-15 0.110264 3.08094e-15 2.93215e-13 7.97254e-13
2.15 0.890999 -3.68275e-15 0.109001 5.15093e-15 3.10427e-13 7.9129e-13
2.16 0.892234 -5.7924e-15 0.107766 7.21233e-15 3.28041e-13 7.85482e-13
2.17 0.893441 -7.99687e-15 0.106559 9.34635e-15 3.45827e-13 7.79741e-13
2.18 0.894621 -1.02255e-14 0.105379 1.15468e-14 3.63309e-13 7.74601e-13
2.19 0.895773 -1.2487e-14 0.104227 1.37854e-14 3.81234e-13 7.69351e-13
2.2 0.896898 -1.47756e-14 0.103102 1.60387e-14 3.99549e-13 7.64348e-13
2.21 0.897997 -1.70874e-14 0.102003 1.83376e-14 4.18122e-13 7.59027e-13
2.22 0.89907 -1.95051e-14 0.10093 2.06913e-14 4.37005e-13 7.53568e-13
2.23 0.900118 -2.18584e-14 0.0998821 2.30741e-14 4.55749e-13 7.47823e-13
2.24 0.901141 -2.43067e-14 0.0988592 2.54936e-14 4.74109e-13 7.42175e-13
2.25 0.902139 -2.65544e-14 0.0978606 2.77683e-14 4.91691e-13 7.36749e-13
2.26 0.903114 -2.85725e-14 0.0968856 2.98365e-14 5.08485e-13 7.30776e-13
2.27 0.904066 -3.0562e-14 0.0959338 3.17787e-14 5.24932e-13 7.23642e-13
2.28 0.904996 -3.23535e-14 0.0950044 3.35984e-14 5.41277e-13 7.15038e-13
2.29 0.905903 -3.41027e-14 0.0940969 3.52901e-14 5.57125e-13 7.04531e-13
2.3 0.906789 -3.56374e-14 0.0932105 3.68354e-14 5.72521e-13 6.92841e-13
2.31 0.907655 -3.70172e-14 0.0923447 3.81638e-14 5.88086e-13 6.80425e-13
2.32 0.908501 -3.82785e-14 0.0914988 3.9384e-14 6.03725e-13 6.67514e-13
2.33 0.909328 -3.94395e-14 0.090672 4.05415e-14 6.19584e-13 6.53906e-13
2.34 0.910136 -4.05337e-14 0.0898637 4.16636e-14 6.36634e-13 6.39972e-13
2.35 0.910927 -4.16612e-14 0.0890731 4.27849e-14 6.5477e-13 6.25817e-13
2.36 0.9117 -4.29075e-14 0.0882996 4.40165e-14 6.74599e-13 6.10983e-13
2.37 0.912458 -4.42711e-14 0.0875425 4.53462e-14 6.95975e-13 5.95527e-13
2.38 0.913199 -4.5751e-14 0.086801 4.68191e-14 7.18331e-13 5.79172e-13
2.39 0.913926 -4.73977e-14 0.0860743 4.84614e-14 7.40541e-13 5.61594e-13
2.4 0.914638 -4.92318e-14 0.0853619 5.03136e-14 7.63002e-13 5.42875e-13
2.41 0.915337 -5.14064e-14 0.0846628 5.24627e-14 7.85061e-13 5.23291e-13
2.42 0.916024 -5.38997e-14 0.0839764 5.49694e-14 8.06614e-13 5.02826e-13
2.43 0.916698 -5.68199e-14 0.0833021 5.79068e-14 8.27712e-13 4.82181e-13
2.44 0.917361 -6.03162e-14 0.0826389 6.13937e-14 8.48288e-13 4.6162e-13
2.45 0.918014 -6.42286e-14 0.0819863 6.53116e-14 8.67949e-13 4.4108e-13
2.46 0.918657 -6.84245e-14 0.0813434 6.95004e-14 8.8725e-13 4.20891e-13
2.47 0.91929 -7.27629e-14 0.0807096 7.3842e-14 9.05862e-13 4.01162e-13
2.48 0.919916 -7.70673e-14 0.0800842 7.81612e-14 9.24002e-13 3.81551e-13
2.49 0.920534 -8.11645e-14 0.0794664 8.22569e-14 9.41607e-13 3.62185e-13
2.5 0.921144 -8.43707e-14 0.0788557 8.54655e-14 9.59118e-13 3.43187e-13
