0 1 0 1 0
0.002 0.999911 1.68556e-09 0.999911 1.68556e-09
0.004 0.999716 1.67599e-09 0.999716 1.67599e-09
0.006 0.999392 1.67082e-09 0.999392 1.67082e-09
0.008 0.99894 1.69344e-09 0.99894 1.69344e-09
0.01 0.998361 1.76503e-09 0.998361 1.76503e-09
0.012 0.997658 1.90565e-09 0.997658 1.90565e-09
0.014 0.996833 2.13641e-09 0.996833 2.13641e-09
0.016 0.995889 2.47789e-09 0.995889 2.47789e-09
0.018 0.99483 2.94947e-09 0.99483 2.94947e-09
0.02 0.993659 3.56926e-09 0.993659 3.56926e-09
0.022 0.992379 4.35393e-09 0.992379 4.35393e-09
0.024 0.990996 5.31845e-09 0.990996 5.31845e-09
0.026 0.989514 6.47893e-09 0.989514 6.47893e-09
0.028 0.987937 7.85468e-09 0.987937 7.85468e-09
0.03 0.986271 9.45617e-09 0.986271 9.45617e-09
0.032 0.98452 1.12975e-08 0.98452 1.12975e-08
0.034 0.98269 1.33853e-08 0.98269 1.33853e-08
0.036 0.980787 1.56902e-08 0.980787 1.56902e-08
0.038 0.978816 1.82207e-08 0.978816 1.82207e-08
0.04 0.976782 2.09634e-08 0.976782 2.09634e-08
0.042 0.974693 2.39252e-08 0.974693 2.39252e-08
0.044 0.972552 2.71216e-08 0.972552 2.71216e-08
0.046 0.970367 3.05257e-08 0.970367 3.05257e-08
0.048 0.968143 3.4133e-08 0.968143 3.4133e-08
0.05 0.965885 3.79579e-08 0.965885 3.79579e-08
0.052 0.963599 4.19975e-08 0.963599 4.19975e-08
0.054 0.961291 4.62216e-08 0.961291 4.62216e-08
0.056 0.958965 5.06493e-08 0.958965 5.06493e-08
0.058 0.956627 5.52725e-08 0.956627 5.52725e-08
0.06 0.954282 6.0087e-08 0.954282 6.0087e-08
0.062 0.951933 6.50831e-08 0.951933 6.50831e-08
0.064 0.949586 7.02555e-08 0.949586 7.02555e-08
0.066 0.947245 7.55979e-08 0.947245 7.55979e-08
0.068 0.944912 8.11223e-08 0.944912 8.11223e-08
0.07 0.942592 8.67861e-08 0.942592 8.67861e-08
0.072 0.940288 9.25771e-08 0.940288 9.25771e-08
0.074 0.938002 9.85201e-08 0.938002 9.85201e-08
0.076 0.935737 1.04562e-07 0.935737 1.04562e-07
0.078 0.933495 1.10693e-07 0.933495 1.10693e-07
0.08 0.931278 1.16918e-07 0.931278 1.16918e-07
0.082 0.929087 1.23206e-07 0.929087 1.23206e-07
0.084 0.926924 1.29579e-07 0.926924 1.29579e-07
0.086 0.924788 1.35981e-07 0.924788 1.35981e-07
0.088 0.922682 1.42436e-07 0.922682 1.42436e-07
0.09 0.920604 1.48911e-07 0.920604 1.48911e-07
0.092 0.918555 1.55383e-07 0.918555 1.55383e-07
0.094 0.916534 1.61863e-07 0.916534 1.61863e-07
0.096 0.914541 1.68326e-07 0.914541 1.68326e-07
0.098 0.912575 1.74759e-07 0.912575 1.74759e-07
0.1 0.910634 1.81169e-07 0.910634 1.81169e-07
0.102 0.908718 1.87524e-07 0.908718 1.87524e-07
0.104 0.906825 1.93805e-07 0.906825 1.93805e-07
0.106 0.904952 2.00022e-07 0.904952 2.00022e-07
0.108 0.903099 2.0615e-07 0.903099 2.0615e-07
0.11 0.901264 2.12195e-07 0.901264 2.12195e-07
0.112 0.899443 2.18116e-07 0.899443 2.18116e-07
0.114 0.897636 2.23936e-07 0.897636 2.23936e-07
0.116 0.89584 2.29644e-07 0.89584 2.29644e-07
0.118 0.894052 2.35237e-07 0.894052 2.35237e-07
0.12 0.892272 2.40707e-07 0.892272 2.40707e-07
0.122 0.890496 2.46019e-07 0.890496 2.46019e-07
0.124 0.888722 2.51198e-07 0.888722 2.51198e-07
0.126 0.886948 2.56242e-07 0.886948 2.56242e-07
0.128 0.885173 2.61149e-07 0.885173 2.61149e-07
0.13 0.883394 2.65914e-07 0.883394 2.65914e-07
0.132 0.881609 2.70503e-07 0.881609 2.70503e-07
0.134 0.879817 2.74957e-07 0.879817 2.74957e-07
0.136 0.878017 2.7927e-07 0.878017 2.7927e-07
0.138 0.876207 2.83441e-07 0.876207 2.83441e-07
0.14 0.874385 2.87469e-07 0.874385 2.87469e-07
0.142 0.872551 2.91358e-07 0.872551 2.91358e-07
0.144 0.870704 2.95127e-07 0.870704 2.95127e-07
0.146 0.868842 2.98739e-07 0.868842 2.98739e-07
0.148 0.866967 3.02222e-07 0.866967 3.02222e-07
0.15 0.865076 3.0558e-07 0.865076 3.0558e-07
0.152 0.86317 3.08817e-07 0.86317 3.08817e-07
0.154 0.861249 3.11943e-07 0.861249 3.11943e-07
0.156 0.859313 3.14965e-07 0.859313 3.14965e-07
0.158 0.857363 3.17905e-07 0.857363 3.17905e-07
0.16 0.855398 3.20754e-07 0.855398 3.20754e-07
0.162 0.85342 3.23485e-07 0.85342 3.23485e-07
0.164 0.85143 3.26131e-07 0.85143 3.26131e-07
0.166 0.849427 3.28706e-07 0.849427 3.28706e-07
0.168 0.847413 3.31217e-07 0.847413 3.31217e-07
0.17 0.84539 3.33669e-07 0.84539 3.33669e-07
0.172 0.843359 3.36077e-07 0.843359 3.36077e-07
0.174 0.84132 3.38432e-07 0.84132 3.38432e-07
0.176 0.839275 3.40746e-07 0.839275 3.40746e-07
0.178 0.837226 3.43016e-07 0.837226 3.43016e-07
0.18 0.835174 3.45264e-07 0.835174 3.45264e-07
0.182 0.83312 3.47471e-07 0.83312 3.47471e-07
0.184 0.831066 3.49673e-07 0.831066 3.49673e-07
0.186 0.829013 3.51858e-07 0.829013 3.51858e-07
0.188 0.826963 3.54037e-07 0.826963 3.54037e-07
0.19 0.824918 3.56211e-07 0.824918 3.56211e-07
0.192 0.822877 3.58371e-07 0.822877 3.58371e-07
0.194 0.820844 3.60546e-07 0.820844 3.60546e-07
0.196 0.818818 3.62712e-07 0.818818 3.62712e-07
0.198 0.816801 3.64888e-07 0.816801 3.64888e-07
0.2 0.814794 3.67084e-07 0.814794 3.67084e-07
0.202 0.812798 3.69276e-07 0.812798 3.69276e-07
0.204 0.810814 3.71496e-07 0.810814 3.71496e-07
0.206 0.808842 3.737e-07 0.808842 3.737e-07
0.208 0.806883 3.75914e-07 0.806883 3.75914e-07
0.21 0.804937 3.78146e-07 0.804937 3.78146e-07
0.212 0.803006 3.80356e-07 0.803006 3.80356e-07
0.214 0.801087 3.82561e-07 0.801087 3.82561e-07
0.216 0.799183 3.84759e-07 0.799183 3.84759e-07
0.218 0.797293 3.86941e-07 0.797293 3.86941e-07
0.22 0.795416 3.89105e-07 0.795416 3.89105e-07
0.222 0.793553 3.91246e-07 0.793553 3.91246e-07
0.224 0.791703 3.93367e-07 0.791703 3.93367e-07
0.226 0.789865 3.95457e-07 0.789865 3.95457e-07
0.228 0.788039 3.97507e-07 0.788039 3.97507e-07
0.23 0.786224 3.995e-07 0.786224 3.995e-07
0.232 0.784419 4.01466e-07 0.784419 4.01466e-07
0.234 0.782624 4.03374e-07 0.782624 4.03374e-07
0.236 0.780838 4.05216e-07 0.780838 4.05216e-07
0.238 0.779059 4.06971e-07 0.779059 4.06971e-07
0.24 0.777287 4.08683e-07 0.777287 4.08683e-07
0.242 0.77552 4.10318e-07 0.77552 4.10318e-07
0.244 0.773758 4.11875e-07 0.773758 4.11875e-07
0.246 0.772 4.13346e-07 0.772 4.13346e-07
0.248 0.770244 4.14755e-07 0.770244 4.14755e-07
0.25 0.76849 4.16066e-07 0.76849 4.16066e-07
0.252 0.766736 4.17287e-07 0.766736 4.17287e-07
0.254 0.764981 4.18408e-07 0.764981 4.18408e-07
0.256 0.763225 4.19454e-07 0.763225 4.19454e-07
0.258 0.761467 4.20395e-07 0.761467 4.20395e-07
0.26 0.759705 4.21257e-07 0.759705 4.21257e-07
0.262 0.75794 4.22013e-07 0.75794 4.22013e-07
0.264 0.75617 4.22661e-07 0.75617 4.22661e-07
0.266 0.754395 4.23222e-07 0.754395 4.23222e-07
0.268 0.752614 4.23675e-07 0.752614 4.23675e-07
0.27 0.750827 4.2408e-07 0.750827 4.2408e-07
0.272 0.749034 4.24407e-07 0.749034 4.24407e-07
0.274 0.747234 4.24661e-07 0.747234 4.24661e-07
0.276 0.745428 4.2486e-07 0.745428 4.2486e-07
0.278 0.743615 4.25046e-07 0.743615 4.25046e-07
0.28 0.741795 4.25158e-07 0.741795 4.25158e-07
0.282 0.739969 4.25216e-07 0.739969 4.25216e-07
0.284 0.738136 4.25228e-07 0.738136 4.25228e-07
0.286 0.736298 4.25197e-07 0.736298 4.25197e-07
0.288 0.734454 4.25136e-07 0.734454 4.25136e-07
0.29 0.732605 4.2511e-07 0.732605 4.2511e-07
0.292 0.730751 4.25075e-07 0.730751 4.25075e-07
0.294 0.728894 4.25036e-07 0.728894 4.25036e-07
0.296 0.727034 4.25002e-07 0.727034 4.25002e-07
0.298 0.725171 4.24979e-07 0.725171 4.24979e-07
0.3 0.723307 4.25038e-07 0.723307 4.25038e-07
0.302 0.721441 4.25122e-07 0.721441 4.25122e-07
0.304 0.719576 4.25238e-07 0.719576 4.25238e-07
0.306 0.717712 4.25393e-07 0.717712 4.25393e-07
0.308 0.71585 4.25588e-07 0.71585 4.25588e-07
0.31 0.71399 4.25833e-07 0.71399 4.25833e-07
0.312 0.712133 4.26183e-07 0.712133 4.26183e-07
0.314 0.710281 4.26592e-07 0.710281 4.26592e-07
0.316 0.708434 4.27082e-07 0.708434 4.27082e-07
0.318 0.706593 4.27656e-07 0.706593 4.27656e-07
0.32 0.704758 4.28316e-07 0.704758 4.28316e-07
0.322 0.702931 4.29065e-07 0.702931 4.29065e-07
0.324 0.701111 4.29898e-07 0.701111 4.29898e-07
0.326 0.6993 4.30845e-07 0.6993 4.30845e-07
0.328 0.697497 4.31881e-07 0.697497 4.31881e-07
0.33 0.695704 4.33005e-07 0.695704 4.33005e-07
0.332 0.693921 4.34215e-07 0.693921 4.34215e-07
0.334 0.692147 4.35513e-07 0.692147 4.35513e-07
0.336 0.690384 4.36897e-07 0.690384 4.36897e-07
0.338 0.68863 4.38362e-07 0.68863 4.38362e-07
0.34 0.686887 4.39927e-07 0.686887 4.39927e-07
0.342 0.685154 4.41537e-07 0.685154 4.41537e-07
0.344 0.683431 4.43201e-07 0.683431 4.43201e-07
0.346 0.681718 4.4492e-07 0.681718 4.4492e-07
0.348 0.680015 4.46689e-07 0.680015 4.46689e-07
0.35 0.678321 4.48507e-07 0.678321 4.48507e-07
0.352 0.676635 4.50367e-07 0.676635 4.50367e-07
0.354 0.674958 4.5226e-07 0.674958 4.5226e-07
0.356 0.673289 4.54183e-07 0.673289 4.54183e-07
0.358 0.671627 4.56129e-07 0.671627 4.56129e-07
0.36 0.669972 4.58067e-07 0.669972 4.58067e-07
0.362 0.668323 4.60006e-07 0.668323 4.60006e-07
0.364 0.666679 4.61937e-07 0.666679 4.61937e-07
0.366 0.66504 4.63854e-07 0.66504 4.63854e-07
0.368 0.663405 4.65747e-07 0.663405 4.65747e-07
0.37 0.661773 4.67609e-07 0.661773 4.67609e-07
0.372 0.660144 4.69412e-07 0.660144 4.69412e-07
0.374 0.658517 4.71172e-07 0.658517 4.71172e-07
0.376 0.656891 4.72883e-07 0.656891 4.72883e-07
0.378 0.655265 4.74528e-07 0.655265 4.74528e-07
0.38 0.65364 4.76107e-07 0.65364 4.76107e-07
0.382 0.652014 4.77614e-07 0.652014 4.77614e-07
0.384 0.650386 4.79031e-07 0.650386 4.79031e-07
0.386 0.648757 4.80356e-07 0.648757 4.80356e-07
0.388 0.647126 4.81585e-07 0.647126 4.81585e-07
0.39 0.645493 4.82714e-07 0.645493 4.82714e-07
0.392 0.643856 4.83722e-07 0.643856 4.83722e-07
0.394 0.642216 4.84627e-07 0.642216 4.84627e-07
0.396 0.640573 4.8543e-07 0.640573 4.8543e-07
0.398 0.638927 4.86127e-07 0.638927 4.86127e-07
0.4 0.637276 4.86727e-07 0.637276 4.86727e-07
0.402 0.635623 4.87234e-07 0.635623 4.87234e-07
0.404 0.633966 4.8765e-07 0.633966 4.8765e-07
0.406 0.632305 4.87977e-07 0.632305 4.87977e-07
0.408 0.630641 4.88222e-07 0.630641 4.88222e-07
0.41 0.628974 4.88378e-07 0.628974 4.88378e-07
0.412 0.627305 4.88448e-07 0.627305 4.88448e-07
0.414 0.625634 4.88442e-07 0.625634 4.88442e-07
0.416 0.62396 4.88367e-07 0.62396 4.88367e-07
0.418 0.622285 4.8823e-07 0.622285 4.8823e-07
0.42 0.620609 4.88037e-07 0.620609 4.88037e-07
0.422 0.618933 4.87789e-07 0.618933 4.87789e-07
0.424 0.617257 4.87497e-07 0.617257 4.87497e-07
0.426 0.615582 4.87169e-07 0.615582 4.87169e-07
0.428 0.613908 4.86812e-07 0.613908 4.86812e-07
0.43 0.612236 4.86427e-07 0.612236 4.86427e-07
0.432 0.610567 4.86021e-07 0.610567 4.86021e-07
0.434 0.608901 4.8561e-07 0.608901 4.8561e-07
0.436 0.607239 4.8519e-07 0.607239 4.8519e-07
0.438 0.605581 4.84768e-07 0.605581 4.84768e-07
0.44 0.603928 4.84355e-07 0.603928 4.84355e-07
0.442 0.60228 4.83948e-07 0.60228 4.83948e-07
0.444 0.600639 4.83559e-07 0.600639 4.83559e-07
0.446 0.599004 4.83189e-07 0.599004 4.83189e-07
0.448 0.597377 4.82833e-07 0.597377 4.82833e-07
0.45 0.595756 4.82504e-07 0.595756 4.82504e-07
0.452 0.594143 4.82206e-07 0.594143 4.82206e-07
0.454 0.592539 4.81941e-07 0.592539 4.81941e-07
0.456 0.590942 4.81711e-07 0.590942 4.81711e-07
0.458 0.589354 4.81518e-07 0.589354 4.81518e-07
0.46 0.587775 4.8136e-07 0.587775 4.8136e-07
0.462 0.586204 4.81236e-07 0.586204 4.81236e-07
0.464 0.584642 4.81143e-07 0.584642 4.81143e-07
0.466 0.583088 4.81091e-07 0.583088 4.81091e-07
0.468 0.581543 4.81075e-07 0.581543 4.81075e-07
0.47 0.580006 4.8109e-07 0.580006 4.8109e-07
0.472 0.578477 4.81124e-07 0.578477 4.81124e-07
0.474 0.576956 4.81178e-07 0.576956 4.81178e-07
0.476 0.575442 4.81256e-07 0.575442 4.81256e-07
0.478 0.573936 4.81359e-07 0.573936 4.81359e-07
0.48 0.572436 4.8148e-07 0.572436 4.8148e-07
0.482 0.570943 4.81623e-07 0.570943 4.81623e-07
0.484 0.569455 4.81785e-07 0.569455 4.81785e-07
0.486 0.567973 4.81958e-07 0.567973 4.81958e-07
0.488 0.566495 4.82138e-07 0.566495 4.82138e-07
0.49 0.565022 4.82321e-07 0.565022 4.82321e-07
0.492 0.563553 4.82478e-07 0.563553 4.82478e-07
0.494 0.562087 4.82622e-07 0.562087 4.82622e-07
0.496 0.560623 4.82748e-07 0.560623 4.82748e-07
0.498 0.559162 4.8284e-07 0.559162 4.8284e-07
0.5 0.557703 4.82896e-07 0.557703 4.82896e-07
0.502 0.556244 4.82911e-07 0.556244 4.82911e-07
0.504 0.554787 4.82882e-07 0.554787 4.82882e-07
0.506 0.553329 4.82801e-07 0.553329 4.82801e-07
0.508 0.551871 4.82663e-07 0.551871 4.82663e-07
0.51 0.550413 4.82463e-07 0.550413 4.82463e-07
0.512 0.548954 4.82194e-07 0.548954 4.82194e-07
0.514 0.547493 4.81851e-07 0.547493 4.81851e-07
0.516 0.546032 4.81427e-07 0.546032 4.81427e-07
0.518 0.544568 4.80916e-07 0.544568 4.80916e-07
0.52 0.543103 4.80315e-07 0.543103 4.80315e-07
0.522 0.541635 4.79623e-07 0.541635 4.79623e-07
0.524 0.540166 4.7884e-07 0.540166 4.7884e-07
0.526 0.538695 4.77963e-07 0.538695 4.77963e-07
0.528 0.537222 4.76983e-07 0.537222 4.76983e-07
0.53 0.535747 4.75906e-07 0.535747 4.75906e-07
0.532 0.534271 4.7473e-07 0.534271 4.7473e-07
0.534 0.532793 4.73463e-07 0.532793 4.73463e-07
0.536 0.531314 4.72102e-07 0.531314 4.72102e-07
0.538 0.529834 4.70648e-07 0.529834 4.70648e-07
0.54 0.528354 4.69108e-07 0.528354 4.69108e-07
0.542 0.526873 4.67473e-07 0.526873 4.67473e-07
0.544 0.525392 4.65747e-07 0.525392 4.65747e-07
0.546 0.523912 4.6393e-07 0.523912 4.6393e-07
0.548 0.522433 4.62024e-07 0.522433 4.62024e-07
0.55 0.520956 4.60027e-07 0.520956 4.60027e-07
0.552 0.519481 4.57943e-07 0.519481 4.57943e-07
0.554 0.518008 4.55773e-07 0.518008 4.55773e-07
0.556 0.516538 4.53517e-07 0.516538 4.53517e-07
0.558 0.515071 4.51177e-07 0.515071 4.51177e-07
0.56 0.513608 4.48757e-07 0.513608 4.48757e-07
0.562 0.51215 4.46256e-07 0.51215 4.46256e-07
0.564 0.510697 4.43706e-07 0.510697 4.43706e-07
0.566 0.509249 4.41084e-07 0.509249 4.41084e-07
0.568 0.507806 4.38397e-07 0.507806 4.38397e-07
0.57 0.506369 4.35649e-07 0.506369 4.35649e-07
0.572 0.504939 4.32841e-07 0.504939 4.32841e-07
0.574 0.503515 4.2997e-07 0.503515 4.2997e-07
0.576 0.502099 4.27047e-07 0.502099 4.27047e-07
0.578 0.500689 4.2407e-07 0.500689 4.2407e-07
0.58 0.499287 4.2104e-07 0.499287 4.2104e-07
0.582 0.497892 4.17958e-07 0.497892 4.17958e-07
0.584 0.496505 4.14822e-07 0.496505 4.14822e-07
0.586 0.495125 4.11625e-07 0.495125 4.11625e-07
0.588 0.493753 4.08377e-07 0.493753 4.08377e-07
0.59 0.492388 4.05079e-07 0.492388 4.05079e-07
0.592 0.491031 4.01733e-07 0.491031 4.01733e-07
0.594 0.489681 3.98344e-07 0.489681 3.98344e-07
0.596 0.488338 3.94916e-07 0.488338 3.94916e-07
0.598 0.487002 3.91448e-07 0.487002 3.91448e-07
0.6 0.485672 3.8795e-07 0.485672 3.8795e-07
0.602 0.484349 3.8444e-07 0.484349 3.8444e-07
0.604 0.483032 3.80925e-07 0.483032 3.80925e-07
0.606 0.48172 3.77419e-07 0.48172 3.77419e-07
0.608 0.480413 3.73932e-07 0.480413 3.73932e-07
0.61 0.479111 3.70478e-07 0.479111 3.70478e-07
0.612 0.477814 3.67072e-07 0.477814 3.67072e-07
0.614 0.47652 3.63692e-07 0.47652 3.63692e-07
0.616 0.475229 3.6037e-07 0.475229 3.6037e-07
0.618 0.473942 3.57122e-07 0.473942 3.57122e-07
0.62 0.472657 3.53961e-07 0.472657 3.53961e-07
0.622 0.471374 3.509e-07 0.471374 3.509e-07
0.624 0.470093 3.47951e-07 0.470093 3.47951e-07
0.626 0.468813 3.45136e-07 0.468813 3.45136e-07
0.628 0.467534 3.42433e-07 0.467534 3.42433e-07
0.63 0.466255 3.39867e-07 0.466255 3.39867e-07
0.632 0.464976 3.37446e-07 0.464976 3.37446e-07
0.634 0.463698 3.35178e-07 0.463698 3.35178e-07
0.636 0.462418 3.33058e-07 0.462418 3.33058e-07
0.638 0.461138 3.3109e-07 0.461138 3.3109e-07
0.64 0.459857 3.29294e-07 0.459857 3.29294e-07
0.642 0.458574 3.27647e-07 0.458574 3.27647e-07
0.644 0.457291 3.26161e-07 0.457291 3.26161e-07
0.646 0.456006 3.24841e-07 0.456006 3.24841e-07
0.648 0.45472 3.23691e-07 0.45472 3.23691e-07
0.65 0.453432 3.22712e-07 0.453432 3.22712e-07
0.652 0.452143 3.21907e-07 0.452143 3.21907e-07
0.654 0.450852 3.21276e-07 0.450852 3.21276e-07
0.656 0.449561 3.20826e-07 0.449561 3.20826e-07
0.658 0.448268 3.20555e-07 0.448268 3.20555e-07
0.66 0.446975 3.20461e-07 0.446975 3.20461e-07
0.662 0.445681 3.20535e-07 0.445681 3.20535e-07
0.664 0.444387 3.20777e-07 0.444387 3.20777e-07
0.666 0.443093 3.21187e-07 0.443093 3.21187e-07
0.668 0.4418 3.21762e-07 0.4418 3.21762e-07
0.67 0.440507 3.22493e-07 0.440507 3.22493e-07
0.672 0.439216 3.23406e-07 0.439216 3.23406e-07
0.674 0.437926 3.24481e-07 0.437926 3.24481e-07
0.676 0.436638 3.25713e-07 0.436638 3.25713e-07
0.678 0.435352 3.27099e-07 0.435352 3.27099e-07
0.68 0.434069 3.28634e-07 0.434069 3.28634e-07
0.682 0.432789 3.30311e-07 0.432789 3.30311e-07
0.684 0.431513 3.32123e-07 0.431513 3.32123e-07
0.686 0.430241 3.3405e-07 0.430241 3.3405e-07
0.688 0.428973 3.36094e-07 0.428973 3.36094e-07
0.69 0.42771 3.38267e-07 0.42771 3.38267e-07
0.692 0.426452 3.40537e-07 0.426452 3.40537e-07
0.694 0.425199 3.42895e-07 0.425199 3.42895e-07
0.696 0.423952 3.45321e-07 0.423952 3.45321e-07
0.698 0.422711 3.478e-07 0.422711 3.478e-07
0.7 0.421475 3.50318e-07 0.421475 3.50318e-07
0.702 0.420247 3.5286e-07 0.420247 3.5286e-07
0.704 0.419024 3.55411e-07 0.419024 3.55411e-07
0.706 0.417808 3.57946e-07 0.417808 3.57946e-07
0.708 0.416599 3.60465e-07 0.416599 3.60465e-07
0.71 0.415397 3.6294e-07 0.415397 3.6294e-07
0.712 0.414201 3.65358e-07 0.414201 3.65358e-07
0.714 0.413012 3.67703e-07 0.413012 3.67703e-07
0.716 0.411829 3.69963e-07 0.411829 3.69963e-07
0.718 0.410653 3.72125e-07 0.410653 3.72125e-07
0.72 0.409483 3.74177e-07 0.409483 3.74177e-07
0.722 0.408319 3.76109e-07 0.408319 3.76109e-07
0.724 0.407162 3.77905e-07 0.407162 3.77905e-07
0.726 0.40601 3.7957e-07 0.40601 3.7957e-07
0.728 0.404863 3.81079e-07 0.404863 3.81079e-07
0.73 0.403721 3.82445e-07 0.403721 3.82445e-07
0.732 0.402584 3.83664e-07 0.402584 3.83664e-07
0.734 0.401452 3.84744e-07 0.401452 3.84744e-07
0.736 0.400323 3.85671e-07 0.400323 3.85671e-07
0.738 0.399198 3.86466e-07 0.399198 3.86466e-07
0.74 0.398077 3.87138e-07 0.398077 3.87138e-07
0.742 0.396958 3.87697e-07 0.396958 3.87697e-07
0.744 0.395842 3.88178e-07 0.395842 3.88178e-07
0.746 0.394728 3.88575e-07 0.394728 3.88575e-07
0.748 0.393616 3.88859e-07 0.393616 3.88859e-07
0.75 0.392505 3.89228e-07 0.392505 3.89228e-07
0.752 0.391395 3.89655e-07 0.391395 3.89655e-07
0.754 0.390286 3.90111e-07 0.390286 3.90111e-07
0.756 0.389177 3.90577e-07 0.389177 3.90577e-07
0.758 0.388069 3.91048e-07 0.388069 3.91048e-07
0.76 0.386961 3.91526e-07 0.386961 3.91526e-07
0.762 0.385852 3.92023e-07 0.385852 3.92023e-07
0.764 0.384744 3.92589e-07 0.384744 3.92589e-07
0.766 0.383634 3.93154e-07 0.383634 3.93154e-07
0.768 0.382525 3.93793e-07 0.382525 3.93793e-07
0.77 0.381414 3.9453e-07 0.381414 3.9453e-07
0.772 0.380303 3.9539e-07 0.380303 3.9539e-07
0.774 0.379192 3.96397e-07 0.379192 3.96397e-07
0.776 0.378079 3.97634e-07 0.378079 3.97634e-07
0.778 0.376966 3.99052e-07 0.376966 3.99052e-07
0.78 0.375852 4.00664e-07 0.375852 4.00664e-07
0.782 0.374738 4.02489e-07 0.374738 4.02489e-07
0.784 0.373623 4.04538e-07 0.373623 4.04538e-07
0.786 0.372508 4.06849e-07 0.372508 4.06849e-07
0.788 0.371393 4.09368e-07 0.371393 4.09368e-07
0.79 0.370278 4.12129e-07 0.370278 4.12129e-07
0.792 0.369164 4.15137e-07 0.369164 4.15137e-07
0.794 0.368051 4.18394e-07 0.368051 4.18394e-07
0.796 0.366938 4.21899e-07 0.366938 4.21899e-07
0.798 0.365827 4.25647e-07 0.365827 4.25647e-07
0.8 0.364718 4.29634e-07 0.364718 4.29634e-07
0.802 0.363611 4.33851e-07 0.363611 4.33851e-07
0.804 0.362507 4.38285e-07 0.362507 4.38285e-07
0.806 0.361405 4.42922e-07 0.361405 4.42922e-07
0.808 0.360306 4.47746e-07 0.360306 4.47746e-07
0.81 0.359211 4.52746e-07 0.359211 4.52746e-07
0.812 0.358119 4.57888e-07 0.358119 4.57888e-07
0.814 0.357032 4.63139e-07 0.357032 4.63139e-07
0.816 0.355949 4.68475e-07 0.355949 4.68475e-07
0.818 0.35487 4.73865e-07 0.35487 4.73865e-07
0.82 0.353796 4.79272e-07 0.353796 4.79272e-07
0.822 0.352728 4.84673e-07 0.352728 4.84673e-07
0.824 0.351664 4.90014e-07 0.351664 4.90014e-07
0.826 0.350606 4.95254e-07 0.350606 4.95254e-07
0.828 0.349554 5.00352e-07 0.349554 5.00352e-07
0.83 0.348507 5.05263e-07 0.348507 5.05263e-07
0.832 0.347466 5.09946e-07 0.347466 5.09946e-07
0.834 0.34643 5.14359e-07 0.34643 5.14359e-07
0.836 0.3454 5.18462e-07 0.3454 5.18462e-07
0.838 0.344376 5.22214e-07 0.344376 5.22214e-07
0.84 0.343358 5.25584e-07 0.343358 5.25584e-07
0.842 0.342345 5.2854e-07 0.342345 5.2854e-07
0.844 0.341338 5.31053e-07 0.341338 5.31053e-07
0.846 0.340336 5.33093e-07 0.340336 5.33093e-07
0.848 0.339339 5.34635e-07 0.339339 5.34635e-07
0.85 0.338347 5.35659e-07 0.338347 5.35659e-07
0.852 0.33736 5.36145e-07 0.33736 5.36145e-07
0.854 0.336378 5.3608e-07 0.336378 5.3608e-07
0.856 0.335399 5.35453e-07 0.335399 5.35453e-07
0.858 0.334425 5.34251e-07 0.334425 5.34251e-07
0.86 0.333454 5.32469e-07 0.333454 5.32469e-07
0.862 0.332487 5.30108e-07 0.332487 5.30108e-07
0.864 0.331523 5.27168e-07 0.331523 5.27168e-07
0.866 0.330561 5.23663e-07 0.330561 5.23663e-07
0.868 0.329602 5.19612e-07 0.329602 5.19612e-07
0.87 0.328646 5.15028e-07 0.328646 5.15028e-07
0.872 0.327691 5.09932e-07 0.327691 5.09932e-07
0.874 0.326738 5.04349e-07 0.326738 5.04349e-07
0.876 0.325786 4.98309e-07 0.325786 4.98309e-07
0.878 0.324835 4.91844e-07 0.324835 4.91844e-07
0.88 0.323885 4.84989e-07 0.323885 4.84989e-07
0.882 0.322936 4.77785e-07 0.322936 4.77785e-07
0.884 0.321987 4.70272e-07 0.321987 4.70272e-07
0.886 0.321038 4.62499e-07 0.321038 4.62499e-07
0.888 0.32009 4.54511e-07 0.32009 4.54511e-07
0.89 0.319141 4.46358e-07 0.319141 4.46358e-07
0.892 0.318193 4.3809e-07 0.318193 4.3809e-07
0.894 0.317244 4.29756e-07 0.317244 4.29756e-07
0.896 0.316295 4.21405e-07 0.316295 4.21405e-07
0.898 0.315346 4.13086e-07 0.315346 4.13086e-07
0.9 0.314397 4.04848e-07 0.314397 4.04848e-07
0.902 0.313447 3.96738e-07 0.313447 3.96738e-07
0.904 0.312498 3.88804e-07 0.312498 3.88804e-07
0.906 0.311549 3.8109e-07 0.311549 3.8109e-07
0.908 0.310599 3.73639e-07 0.310599 3.73639e-07
0.91 0.309651 3.66494e-07 0.309651 3.66494e-07
0.912 0.308703 3.59715e-07 0.308703 3.59715e-07
0.914 0.307755 3.53337e-07 0.307755 3.53337e-07
0.916 0.306809 3.47394e-07 0.306809 3.47394e-07
0.918 0.305864 3.41913e-07 0.305864 3.41913e-07
0.92 0.30492 3.36922e-07 0.30492 3.36922e-07
0.922 0.303978 3.32442e-07 0.303978 3.32442e-07
0.924 0.303038 3.28493e-07 0.303038 3.28493e-07
0.926 0.302101 3.25093e-07 0.302101 3.25093e-07
0.928 0.301166 3.22253e-07 0.301166 3.22253e-07
0.93 0.300234 3.19983e-07 0.300234 3.19983e-07
0.932 0.299305 3.18286e-07 0.299305 3.18286e-07
0.934 0.298379 3.17163e-07 0.298379 3.17163e-07
0.936 0.297457 3.16609e-07 0.297457 3.16609e-07
0.938 0.296539 3.16618e-07 0.296539 3.16618e-07
0.94 0.295625 3.17176e-07 0.295625 3.17176e-07
0.942 0.294715 3.18268e-07 0.294715 3.18268e-07
0.944 0.293809 3.19874e-07 0.293809 3.19874e-07
0.946 0.292908 3.2197e-07 0.292908 3.2197e-07
0.948 0.292011 3.24527e-07 0.292011 3.24527e-07
0.95 0.29112 3.27514e-07 0.29112 3.27514e-07
0.952 0.290233 3.30885e-07 0.290233 3.30885e-07
0.954 0.289351 3.34604e-07 0.289351 3.34604e-07
0.956 0.288473 3.38625e-07 0.288473 3.38625e-07
0.958 0.287601 3.42909e-07 0.287601 3.42909e-07
0.96 0.286733 3.47409e-07 0.286733 3.47409e-07
0.962 0.285871 3.5208e-07 0.285871 3.5208e-07
0.964 0.285012 3.56873e-07 0.285012 3.56873e-07
0.966 0.284159 3.61741e-07 0.284159 3.61741e-07
0.968 0.28331 3.66666e-07 0.28331 3.66666e-07
0.97 0.282465 3.71593e-07 0.282465 3.71593e-07
0.972 0.281625 3.76468e-07 0.281625 3.76468e-07
0.974 0.280788 3.81239e-07 0.280788 3.81239e-07
0.976 0.279955 3.8586e-07 0.279955 3.8586e-07
0.978 0.279126 3.90284e-07 0.279126 3.90284e-07
0.98 0.2783 3.94445e-07 0.2783 3.94445e-07
0.982 0.277477 3.9832e-07 0.277477 3.9832e-07
0.984 0.276656 4.01883e-07 0.276656 4.01883e-07
0.986 0.275838 4.05111e-07 0.275838 4.05111e-07
0.988 0.275023 4.07983e-07 0.275023 4.07983e-07
0.99 0.274209 4.10481e-07 0.274209 4.10481e-07
0.992 0.273397 4.12589e-07 0.273397 4.12589e-07
0.994 0.272587 4.14293e-07 0.272587 4.14293e-07
0.996 0.271777 4.15601e-07 0.271777 4.15601e-07
0.998 0.270969 4.16472e-07 0.270969 4.16472e-07
1 0.270161 4.1692e-07 0.270161 4.1692e-07
1.002 0.269354 4.1695e-07 0.269354 4.1695e-07
1.004 0.268547 4.16566e-07 0.268547 4.16566e-07
1.006 0.267741 4.1578e-07 0.267741 4.1578e-07
1.008 0.266934 4.14605e-07 0.266934 4.14605e-07
1.01 0.266127 4.13061e-07 0.266127 4.13061e-07
1.012 0.265321 4.11168e-07 0.265321 4.11168e-07
1.014 0.264513 4.08953e-07 0.264513 4.08953e-07
1.016 0.263706 4.06442e-07 0.263706 4.06442e-07
1.018 0.262898 4.03668e-07 0.262898 4.03668e-07
1.02 0.26209 4.00665e-07 0.26209 4.00665e-07
1.022 0.261281 3.97467e-07 0.261281 3.97467e-07
1.024 0.260473 3.94119e-07 0.260473 3.94119e-07
1.026 0.259664 3.90659e-07 0.259664 3.90659e-07
1.028 0.258855 3.87125e-07 0.258855 3.87125e-07
1.03 0.258047 3.83557e-07 0.258047 3.83557e-07
1.032 0.257238 3.79994e-07 0.257238 3.79994e-07
1.034 0.25643 3.76476e-07 0.25643 3.76476e-07
1.036 0.255623 3.7306e-07 0.255623 3.7306e-07
1.038 0.254816 3.69738e-07 0.254816 3.69738e-07
1.04 0.254011 3.66583e-07 0.254011 3.66583e-07
1.042 0.253206 3.63632e-07 0.253206 3.63632e-07
1.044 0.252403 3.60919e-07 0.252403 3.60919e-07
1.046 0.251602 3.58477e-07 0.251602 3.58477e-07
1.048 0.250803 3.56336e-07 0.250803 3.56336e-07
1.05 0.250006 3.54522e-07 0.250006 3.54522e-07
1.052 0.249212 3.53061e-07 0.249212 3.53061e-07
1.054 0.24842 3.51973e-07 0.24842 3.51973e-07
1.056 0.247631 3.51276e-07 0.247631 3.51276e-07
1.058 0.246846 3.50984e-07 0.246846 3.50984e-07
1.06 0.246064 3.51107e-07 0.246064 3.51107e-07
1.062 0.245285 3.51653e-07 0.245285 3.51653e-07
1.064 0.24451 3.52624e-07 0.24451 3.52624e-07
1.066 0.243739 3.54019e-07 0.243739 3.54019e-07
1.068 0.242973 3.55833e-07 0.242973 3.55833e-07
1.07 0.24221 3.58054e-07 0.24221 3.58054e-07
1.072 0.241452 3.60671e-07 0.241452 3.60671e-07
1.074 0.240698 3.63666e-07 0.240698 3.63666e-07
1.076 0.239948 3.67021e-07 0.239948 3.67021e-07
1.078 0.239203 3.70709e-07 0.239203 3.70709e-07
1.08 0.238462 3.74701e-07 0.238462 3.74701e-07
1.082 0.237726 3.78967e-07 0.237726 3.78967e-07
1.084 0.236993 3.83472e-07 0.236993 3.83472e-07
1.086 0.236265 3.88177e-07 0.236265 3.88177e-07
1.088 0.235541 3.93041e-07 0.235541 3.93041e-07
1.09 0.234822 3.98032e-07 0.234822 3.98032e-07
1.092 0.234105 4.03577e-07 0.234105 4.03577e-07
1.094 0.233393 4.09168e-07 0.233393 4.09168e-07
1.096 0.232684 4.14604e-07 0.232684 4.14604e-07
1.098 0.231978 4.1979e-07 0.231978 4.1979e-07
1.1 0.231274 4.24675e-07 0.231274 4.24675e-07
1.102 0.230574 4.29233e-07 0.230574 4.29233e-07
1.104 0.229876 4.33447e-07 0.229876 4.33447e-07
1.106 0.229181 4.37308e-07 0.229181 4.37308e-07
1.108 0.228487 4.40806e-07 0.228487 4.40806e-07
1.11 0.227796 4.43943e-07 0.227796 4.43943e-07
1.112 0.227106 4.46706e-07 0.227106 4.46706e-07
1.114 0.226417 4.49084e-07 0.226417 4.49084e-07
1.116 0.225729 4.51062e-07 0.225729 4.51062e-07
1.118 0.225042 4.52635e-07 0.225042 4.52635e-07
1.12 0.224355 4.53782e-07 0.224355 4.53782e-07
1.122 0.223669 4.54487e-07 0.223669 4.54487e-07
1.124 0.222983 4.54737e-07 0.222983 4.54737e-07
1.126 0.222298 4.5452e-07 0.222298 4.5452e-07
1.128 0.221612 4.53825e-07 0.221612 4.53825e-07
1.13 0.220926 4.52645e-07 0.220926 4.52645e-07
1.132 0.220239 4.50927e-07 0.220239 4.50927e-07
1.134 0.219552 4.48751e-07 0.219552 4.48751e-07
1.136 0.218865 4.46111e-07 0.218865 4.46111e-07
1.138 0.218177 4.43006e-07 0.218177 4.43006e-07
1.14 0.217489 4.39445e-07 0.217489 4.39445e-07
1.142 0.2168 4.35438e-07 0.2168 4.35438e-07
1.144 0.216111 4.31005e-07 0.216111 4.31005e-07
1.146 0.215422 4.2617e-07 0.215422 4.2617e-07
1.148 0.214733 4.20963e-07 0.214733 4.20963e-07
1.15 0.214043 4.15418e-07 0.214043 4.15418e-07
1.152 0.213353 4.09575e-07 0.213353 4.09575e-07
1.154 0.212664 4.03469e-07 0.212664 4.03469e-07
1.156 0.211975 3.97146e-07 0.211975 3.97146e-07
1.158 0.211286 3.90658e-07 0.211286 3.90658e-07
1.16 0.210598 3.84055e-07 0.210598 3.84055e-07
1.162 0.209912 3.77392e-07 0.209912 3.77392e-07
1.164 0.209226 3.70722e-07 0.209226 3.70722e-07
1.166 0.208542 3.641e-07 0.208542 3.641e-07
1.168 0.207859 3.57578e-07 0.207859 3.57578e-07
1.17 0.207178 3.51207e-07 0.207178 3.51207e-07
1.172 0.2065 3.45052e-07 0.2065 3.45052e-07
1.174 0.205823 3.39155e-07 0.205823 3.39155e-07
1.176 0.20515 3.33565e-07 0.20515 3.33565e-07
1.178 0.204479 3.28329e-07 0.204479 3.28329e-07
1.18 0.203811 3.2349e-07 0.203811 3.2349e-07
1.182 0.203147 3.19091e-07 0.203147 3.19091e-07
1.184 0.202486 3.15166e-07 0.202486 3.15166e-07
1.186 0.201828 3.11751e-07 0.201828 3.11751e-07
1.188 0.201175 3.08873e-07 0.201175 3.08873e-07
1.19 0.200525 3.06556e-07 0.200525 3.06556e-07
1.192 0.199879 3.04821e-07 0.199879 3.04821e-07
1.194 0.199238 3.03681e-07 0.199238 3.03681e-07
1.196 0.198601 3.03145e-07 0.198601 3.03145e-07
1.198 0.197968 3.03215e-07 0.197968 3.03215e-07
1.2 0.197339 3.03888e-07 0.197339 3.03888e-07
1.202 0.196715 3.05155e-07 0.196715 3.05155e-07
1.204 0.196095 3.07e-07 0.196095 3.07e-07
1.206 0.195479 3.09404e-07 0.195479 3.09404e-07
1.208 0.194867 3.12337e-07 0.194867 3.12337e-07
1.21 0.19426 3.15767e-07 0.19426 3.15767e-07
1.212 0.193656 3.19656e-07 0.193656 3.19656e-07
1.214 0.193056 3.23961e-07 0.193056 3.23961e-07
1.216 0.19246 3.28632e-07 0.19246 3.28632e-07
1.218 0.191867 3.33617e-07 0.191867 3.33617e-07
1.22 0.191278 3.38861e-07 0.191278 3.38861e-07
1.222 0.190692 3.44306e-07 0.190692 3.44306e-07
1.224 0.190108 3.49889e-07 0.190108 3.49889e-07
1.226 0.189527 3.55548e-07 0.189527 3.55548e-07
1.228 0.188949 3.61221e-07 0.188949 3.61221e-07
1.23 0.188373 3.66844e-07 0.188373 3.66844e-07
1.232 0.187798 3.72355e-07 0.187798 3.72355e-07
1.234 0.187226 3.77688e-07 0.187226 3.77688e-07
1.236 0.186654 3.82793e-07 0.186654 3.82793e-07
1.238 0.186084 3.8761e-07 0.186084 3.8761e-07
1.24 0.185515 3.92082e-07 0.185515 3.92082e-07
1.242 0.184947 3.96162e-07 0.184947 3.96162e-07
1.244 0.184379 3.99804e-07 0.184379 3.99804e-07
1.246 0.183811 4.02969e-07 0.183811 4.02969e-07
1.248 0.183243 4.05607e-07 0.183243 4.05607e-07
1.25 0.182676 4.07701e-07 0.182676 4.07701e-07
1.252 0.182108 4.09228e-07 0.182108 4.09228e-07
1.254 0.18154 4.10169e-07 0.18154 4.10169e-07
1.256 0.180971 4.10512e-07 0.180971 4.10512e-07
1.258 0.180402 4.1025e-07 0.180402 4.1025e-07
1.26 0.179832 4.09382e-07 0.179832 4.09382e-07
1.262 0.179262 4.07914e-07 0.179262 4.07914e-07
1.264 0.178691 4.05856e-07 0.178691 4.05856e-07
1.266 0.178119 4.03223e-07 0.178119 4.03223e-07
1.268 0.177547 4.00038e-07 0.177547 4.00038e-07
1.27 0.176974 3.96327e-07 0.176974 3.96327e-07
1.272 0.176401 3.92121e-07 0.176401 3.92121e-07
1.274 0.175828 3.87455e-07 0.175828 3.87455e-07
1.276 0.175254 3.8237e-07 0.175254 3.8237e-07
1.278 0.174681 3.7691e-07 0.174681 3.7691e-07
1.28 0.174107 3.71122e-07 0.174107 3.71122e-07
1.282 0.173534 3.65056e-07 0.173534 3.65056e-07
1.284 0.172961 3.58766e-07 0.172961 3.58766e-07
1.286 0.172389 3.52307e-07 0.172389 3.52307e-07
1.288 0.171818 3.45737e-07 0.171818 3.45737e-07
1.29 0.171247 3.39112e-07 0.171247 3.39112e-07
1.292 0.170679 3.32491e-07 0.170679 3.32491e-07
1.294 0.170111 3.25932e-07 0.170111 3.25932e-07
1.296 0.169546 3.19491e-07 0.169546 3.19491e-07
1.298 0.168983 3.13222e-07 0.168983 3.13222e-07
1.3 0.168421 3.07179e-07 0.168421 3.07179e-07
1.302 0.167863 3.01408e-07 0.167863 3.01408e-07
1.304 0.167307 2.95969e-07 0.167307 2.95969e-07
1.306 0.166753 2.90896e-07 0.166753 2.90896e-07
1.308 0.166203 2.86227e-07 0.166203 2.86227e-07
1.31 0.165656 2.81996e-07 0.165656 2.81996e-07
1.312 0.165113 2.78232e-07 0.165113 2.78232e-07
1.314 0.164572 2.74959e-07 0.164572 2.74959e-07
1.316 0.164036 2.72197e-07 0.164036 2.72197e-07
1.318 0.163503 2.69959e-07 0.163503 2.69959e-07
1.32 0.162974 2.68255e-07 0.162974 2.68255e-07
1.322 0.162448 2.67087e-07 0.162448 2.67087e-07
1.324 0.161927 2.66454e-07 0.161927 2.66454e-07
1.326 0.161409 2.6635e-07 0.161409 2.6635e-07
1.328 0.160894 2.66762e-07 0.160894 2.66762e-07
1.33 0.160384 2.67674e-07 0.160384 2.67674e-07
1.332 0.159877 2.69067e-07 0.159877 2.69067e-07
1.334 0.159373 2.70907e-07 0.159373 2.70907e-07
1.336 0.158873 2.73185e-07 0.158873 2.73185e-07
1.338 0.158377 2.75863e-07 0.158377 2.75863e-07
1.34 0.157883 2.789e-07 0.157883 2.789e-07
1.342 0.157392 2.82254e-07 0.157392 2.82254e-07
1.344 0.156904 2.85882e-07 0.156904 2.85882e-07
1.346 0.156418 2.89739e-07 0.156418 2.89739e-07
1.348 0.155934 2.93779e-07 0.155934 2.93779e-07
1.35 0.155452 2.97958e-07 0.155452 2.97958e-07
1.352 0.154972 3.02229e-07 0.154972 3.02229e-07
1.354 0.154494 3.06549e-07 0.154494 3.06549e-07
1.356 0.154017 3.1087e-07 0.154017 3.1087e-07
1.358 0.153541 3.1515e-07 0.153541 3.1515e-07
1.36 0.153066 3.19345e-07 0.153066 3.19345e-07
1.362 0.152592 3.23413e-07 0.152592 3.23413e-07
1.364 0.152118 3.27311e-07 0.152118 3.27311e-07
1.366 0.151644 3.31001e-07 0.151644 3.31001e-07
1.368 0.151171 3.34445e-07 0.151171 3.34445e-07
1.37 0.150697 3.37608e-07 0.150697 3.37608e-07
1.372 0.150223 3.40455e-07 0.150223 3.40455e-07
1.374 0.149749 3.42957e-07 0.149749 3.42957e-07
1.376 0.149274 3.45084e-07 0.149274 3.45084e-07
1.378 0.148798 3.46813e-07 0.148798 3.46813e-07
1.38 0.148322 3.48122e-07 0.148322 3.48122e-07
1.382 0.147845 3.48996e-07 0.147845 3.48996e-07
1.384 0.147367 3.49421e-07 0.147367 3.49421e-07
1.386 0.146888 3.49389e-07 0.146888 3.49389e-07
1.388 0.146409 3.48896e-07 0.146409 3.48896e-07
1.39 0.145929 3.4794e-07 0.145929 3.4794e-07
1.392 0.145448 3.46527e-07 0.145448 3.46527e-07
1.394 0.144967 3.44664e-07 0.144967 3.44664e-07
1.396 0.144485 3.42365e-07 0.144485 3.42365e-07
1.398 0.144003 3.39647e-07 0.144003 3.39647e-07
1.4 0.143521 3.36529e-07 0.143521 3.36529e-07
1.402 0.143039 3.33036e-07 0.143039 3.33036e-07
1.404 0.142557 3.29196e-07 0.142557 3.29196e-07
1.406 0.142075 3.25039e-07 0.142075 3.25039e-07
1.408 0.141594 3.20597e-07 0.141594 3.20597e-07
1.41 0.141113 3.15907e-07 0.141113 3.15907e-07
1.412 0.140634 3.11005e-07 0.140634 3.11005e-07
1.414 0.140155 3.0593e-07 0.140155 3.0593e-07
1.416 0.139678 3.00721e-07 0.139678 3.00721e-07
1.418 0.139203 2.95419e-07 0.139203 2.95419e-07
1.42 0.13873 2.90065e-07 0.13873 2.90065e-07
1.422 0.138259 2.84699e-07 0.138259 2.84699e-07
1.424 0.13779 2.79362e-07 0.13779 2.79362e-07
1.426 0.137323 2.74093e-07 0.137323 2.74093e-07
1.428 0.13686 2.68929e-07 0.13686 2.68929e-07
1.43 0.136399 2.63908e-07 0.136399 2.63908e-07
1.432 0.135941 2.59064e-07 0.135941 2.59064e-07
1.434 0.135486 2.5443e-07 0.135486 2.5443e-07
1.436 0.135035 2.50036e-07 0.135035 2.50036e-07
1.438 0.134587 2.45907e-07 0.134587 2.45907e-07
1.44 0.134143 2.42069e-07 0.134143 2.42069e-07
1.442 0.133702 2.38541e-07 0.133702 2.38541e-07
1.444 0.133266 2.3533e-07 0.133266 2.3533e-07
1.446 0.132833 2.32442e-07 0.132833 2.32442e-07
1.448 0.132403 2.29894e-07 0.132403 2.29894e-07
1.45 0.131977 2.277e-07 0.131977 2.277e-07
1.452 0.131554 2.25867e-07 0.131554 2.25867e-07
1.454 0.131135 2.24401e-07 0.131135 2.24401e-07
1.456 0.130719 2.23302e-07 0.130719 2.23302e-07
1.458 0.130306 2.22566e-07 0.130306 2.22566e-07
1.46 0.129896 2.22189e-07 0.129896 2.22189e-07
1.462 0.12949 2.22162e-07 0.12949 2.22162e-07
1.464 0.129086 2.22469e-07 0.129086 2.22469e-07
1.466 0.128684 2.23095e-07 0.128684 2.23095e-07
1.468 0.128285 2.24018e-07 0.128285 2.24018e-07
1.47 0.127889 2.25216e-07 0.127889 2.25216e-07
1.472 0.127494 2.26661e-07 0.127494 2.26661e-07
1.474 0.127101 2.28326e-07 0.127101 2.28326e-07
1.476 0.126709 2.30179e-07 0.126709 2.30179e-07
1.478 0.126319 2.32188e-07 0.126319 2.32188e-07
1.48 0.12593 2.34318e-07 0.12593 2.34318e-07
1.482 0.125541 2.36533e-07 0.125541 2.36533e-07
1.484 0.125153 2.38797e-07 0.125153 2.38797e-07
1.486 0.124766 2.41073e-07 0.124766 2.41073e-07
1.488 0.124378 2.43367e-07 0.124378 2.43367e-07
1.49 0.12399 2.45612e-07 0.12399 2.45612e-07
1.492 0.123602 2.47773e-07 0.123602 2.47773e-07
1.494 0.123214 2.49811e-07 0.123214 2.49811e-07
1.496 0.122825 2.51693e-07 0.122825 2.51693e-07
1.498 0.122435 2.53385e-07 0.122435 2.53385e-07
1.5 0.122044 2.54857e-07 0.122044 2.54857e-07
1.502 0.121652 2.5608e-07 0.121652 2.5608e-07
1.504 0.121259 2.57028e-07 0.121259 2.57028e-07
1.506 0.120865 2.57678e-07 0.120865 2.57678e-07
1.508 0.12047 2.58009e-07 0.12047 2.58009e-07
1.51 0.120074 2.58004e-07 0.120074 2.58004e-07
1.512 0.119676 2.57651e-07 0.119676 2.57651e-07
1.514 0.119278 2.56938e-07 0.119278 2.56938e-07
1.516 0.118878 2.55861e-07 0.118878 2.55861e-07
1.518 0.118478 2.54416e-07 0.118478 2.54416e-07
1.52 0.118076 2.52607e-07 0.118076 2.52607e-07
1.522 0.117675 2.50438e-07 0.117675 2.50438e-07
1.524 0.117272 2.47919e-07 0.117272 2.47919e-07
1.526 0.11687 2.45062e-07 0.11687 2.45062e-07
1.528 0.116467 2.41884e-07 0.116467 2.41884e-07
1.53 0.116064 2.38402e-07 0.116064 2.38402e-07
1.532 0.115662 2.33762e-07 0.115662 2.33762e-07
1.534 0.11526 2.28654e-07 0.11526 2.28654e-07
1.536 0.114859 2.23497e-07 0.114859 2.23497e-07
1.538 0.114459 2.18512e-07 0.114459 2.18512e-07
1.54 0.11406 2.13954e-07 0.11406 2.13954e-07
1.542 0.113663 2.09672e-07 0.113663 2.09672e-07
1.544 0.113267 2.05652e-07 0.113267 2.05652e-07
1.546 0.112874 2.01859e-07 0.112874 2.01859e-07
1.548 0.112483 1.98246e-07 0.112483 1.98246e-07
1.55 0.112094 1.94764e-07 0.112094 1.94764e-07
1.552 0.111707 1.9136e-07 0.111707 1.9136e-07
1.554 0.111324 1.87996e-07 0.111324 1.87996e-07
1.556 0.110943 1.84633e-07 0.110943 1.84633e-07
1.558 0.110565 1.81244e-07 0.110565 1.81244e-07
1.56 0.110191 1.77804e-07 0.110191 1.77804e-07
1.562 0.10982 1.74362e-07 0.10982 1.74362e-07
1.564 0.109453 1.70869e-07 0.109453 1.70869e-07
1.566 0.109088 1.67327e-07 0.109088 1.67327e-07
1.568 0.108728 1.63742e-07 0.108728 1.63742e-07
1.57 0.10837 1.60133e-07 0.10837 1.60133e-07
1.572 0.108017 1.56525e-07 0.108017 1.56525e-07
1.574 0.107666 1.52954e-07 0.107666 1.52954e-07
1.576 0.107319 1.49468e-07 0.107319 1.49468e-07
1.578 0.106976 1.46123e-07 0.106976 1.46123e-07
1.58 0.106635 1.43069e-07 0.106635 1.43069e-07
1.582 0.106298 1.4029e-07 0.106298 1.4029e-07
1.584 0.105964 1.37854e-07 0.105964 1.37854e-07
1.586 0.105632 1.35825e-07 0.105632 1.35825e-07
1.588 0.105303 1.34261e-07 0.105303 1.34261e-07
1.59 0.104976 1.33201e-07 0.104976 1.33201e-07
1.592 0.104651 1.32684e-07 0.104651 1.32684e-07
1.594 0.104328 1.32734e-07 0.104328 1.32734e-07
1.596 0.104007 1.33339e-07 0.104007 1.33339e-07
1.598 0.103687 1.34528e-07 0.103687 1.34528e-07
1.6 0.103368 1.36296e-07 0.103368 1.36296e-07
1.602 0.103051 1.38605e-07 0.103051 1.38605e-07
1.604 0.102733 1.41398e-07 0.102733 1.41398e-07
1.606 0.102417 1.44599e-07 0.102417 1.44599e-07
1.608 0.1021 1.48113e-07 0.1021 1.48113e-07
1.61 0.101784 1.51835e-07 0.101784 1.51835e-07
1.612 0.101467 1.55651e-07 0.101467 1.55651e-07
1.614 0.10115 1.59443e-07 0.10115 1.59443e-07
1.616 0.100831 1.63091e-07 0.100831 1.63091e-07
1.618 0.100513 1.66478e-07 0.100513 1.66478e-07
1.62 0.100193 1.69507e-07 0.100193 1.69507e-07
1.622 0.0998717 1.72096e-07 0.0998717 1.72096e-07
1.624 0.0995495 1.7418e-07 0.0995495 1.7418e-07
1.626 0.0992259 1.75721e-07 0.0992259 1.75721e-07
1.628 0.0989009 1.76698e-07 0.0989009 1.76698e-07
1.63 0.0985745 1.77112e-07 0.0985745 1.77112e-07
1.632 0.0982467 1.76979e-07 0.0982467 1.76979e-07
1.634 0.0979174 1.76327e-07 0.0979174 1.76327e-07
1.636 0.0975867 1.75189e-07 0.0975867 1.75189e-07
1.638 0.0972547 1.73605e-07 0.0972547 1.73605e-07
1.64 0.0969215 1.71614e-07 0.0969215 1.71614e-07
1.642 0.0965871 1.69256e-07 0.0965871 1.69256e-07
1.644 0.0962518 1.66566e-07 0.0962518 1.66566e-07
1.646 0.0959156 1.63582e-07 0.0959156 1.63582e-07
1.648 0.0955787 1.60336e-07 0.0955787 1.60336e-07
1.65 0.0952414 1.56861e-07 0.0952414 1.56861e-07
1.652 0.0949038 1.53188e-07 0.0949038 1.53188e-07
1.654 0.0945662 1.4935e-07 0.0945662 1.4935e-07
1.656 0.0942288 1.45378e-07 0.0942288 1.45378e-07
1.658 0.0938918 1.41305e-07 0.0938918 1.41305e-07
1.66 0.0935554 1.37166e-07 0.0935554 1.37166e-07
1.662 0.09322 1.32999e-07 0.09322 1.32999e-07
1.664 0.0928858 1.28842e-07 0.0928858 1.28842e-07
1.666 0.092553 1.24737e-07 0.092553 1.24737e-07
1.668 0.0922219 1.20732e-07 0.0922219 1.20732e-07
1.67 0.0918927 1.1693e-07 0.0918927 1.1693e-07
1.672 0.0915657 1.13341e-07 0.0915657 1.13341e-07
1.674 0.091241 1.11434e-07 0.091241 1.11434e-07
1.676 0.0909189 1.0896e-07 0.0909189 1.0896e-07
1.678 0.0905995 1.06053e-07 0.0905995 1.06053e-07
1.68 0.090283 1.0294e-07 0.090283 1.0294e-07
1.682 0.0899696 9.97458e-08 0.0899696 9.97458e-08
1.684 0.0896594 9.657e-08 0.0896594 9.657e-08
1.686 0.0893525 9.34907e-08 0.0893525 9.34907e-08
1.688 0.0890489 9.27269e-08 0.0890489 9.27269e-08
1.69 0.0887489 9.13073e-08 0.0887489 9.13073e-08
1.692 0.0884523 8.89664e-08 0.0884523 8.89664e-08
1.694 0.0881592 8.62241e-08 0.0881592 8.62241e-08
1.696 0.0878696 8.3395e-08 0.0878696 8.3395e-08
1.698 0.0875833 8.07353e-08 0.0875833 8.07353e-08
1.7 0.0873005 7.84465e-08 0.0873005 7.84465e-08
1.702 0.0870208 7.668e-08 0.0870208 7.668e-08
1.704 0.0867443 7.55418e-08 0.0867443 7.55418e-08
1.706 0.0864707 7.50985e-08 0.0864707 7.50985e-08
1.708 0.0861999 7.53822e-08 0.0861999 7.53822e-08
1.71 0.0859317 7.63958e-08 0.0859317 7.63958e-08
1.712 0.0856659 7.81181e-08 0.0856659 7.81181e-08
1.714 0.0854023 8.05077e-08 0.0854023 8.05077e-08
1.716 0.0851406 8.35073e-08 0.0851406 8.35073e-08
1.718 0.0848806 8.70471e-08 0.0848806 8.70471e-08
1.72 0.084622 9.10475e-08 0.084622 9.10475e-08
1.722 0.0843647 9.54225e-08 0.0843647 9.54225e-08
1.724 0.0841082 1.00082e-07 0.0841082 1.00082e-07
1.726 0.0838524 1.04932e-07 0.0838524 1.04932e-07
1.728 0.083597 1.09882e-07 0.083597 1.09882e-07
1.73 0.0833418 1.1484e-07 0.0833418 1.1484e-07
1.732 0.0830866 1.19656e-07 0.0830866 1.19656e-07
1.734 0.082831 1.2453e-07 0.082831 1.2453e-07
1.736 0.0825748 1.29111e-07 0.0825748 1.29111e-07
1.738 0.0823178 1.33351e-07 0.0823178 1.33351e-07
1.74 0.0820597 1.37209e-07 0.0820597 1.37209e-07
1.742 0.0818005 1.40648e-07 0.0818005 1.40648e-07
1.744 0.0815399 1.43638e-07 0.0815399 1.43638e-07
1.746 0.0812779 1.46155e-07 0.0812779 1.46155e-07
1.748 0.0810144 1.48184e-07 0.0810144 1.48184e-07
1.75 0.0807492 1.49713e-07 0.0807492 1.49713e-07
1.752 0.0804824 1.5074e-07 0.0804824 1.5074e-07
1.754 0.0802138 1.51269e-07 0.0802138 1.51269e-07
1.756 0.0799436 1.51309e-07 0.0799436 1.51309e-07
1.758 0.0796716 1.50878e-07 0.0796716 1.50878e-07
1.76 0.0793981 1.50002e-07 0.0793981 1.50002e-07
1.762 0.0791229 1.48713e-07 0.0791229 1.48713e-07
1.764 0.0788463 1.47052e-07 0.0788463 1.47052e-07
1.766 0.0785684 1.45066e-07 0.0785684 1.45066e-07
1.768 0.0782892 1.4281e-07 0.0782892 1.4281e-07
1.77 0.078009 1.40345e-07 0.078009 1.40345e-07
1.772 0.077728 1.37733e-07 0.077728 1.37733e-07
1.774 0.0774463 1.35039e-07 0.0774463 1.35039e-07
1.776 0.0771642 1.32344e-07 0.0771642 1.32344e-07
1.778 0.0768819 1.29696e-07 0.0768819 1.29696e-07
1.78 0.0765997 1.27151e-07 0.0765997 1.27151e-07
1.782 0.0763178 1.24756e-07 0.0763178 1.24756e-07
1.784 0.0760364 1.22548e-07 0.0760364 1.22548e-07
1.786 0.075756 1.20558e-07 0.075756 1.20558e-07
1.788 0.0754766 1.18806e-07 0.0754766 1.18806e-07
1.79 0.0751986 1.173e-07 0.0751986 1.173e-07
1.792 0.0749222 1.16042e-07 0.0749222 1.16042e-07
1.794 0.0746477 1.15024e-07 0.0746477 1.15024e-07
1.796 0.0743753 1.14319e-07 0.0743753 1.14319e-07
1.798 0.0741053 1.13823e-07 0.0741053 1.13823e-07
1.8 0.0738377 1.13514e-07 0.0738377 1.13514e-07
1.802 0.0735729 1.13367e-07 0.0735729 1.13367e-07
1.804 0.073311 1.1336e-07 0.073311 1.1336e-07
1.806 0.0730521 1.13472e-07 0.0730521 1.13472e-07
1.808 0.0727964 1.13686e-07 0.0727964 1.13686e-07
1.81 0.072544 1.13992e-07 0.072544 1.13992e-07
1.812 0.0722949 1.14386e-07 0.0722949 1.14386e-07
1.814 0.0720492 1.14872e-07 0.0720492 1.14872e-07
1.816 0.0718069 1.15458e-07 0.0718069 1.15458e-07
1.818 0.071568 1.16154e-07 0.071568 1.16154e-07
1.82 0.0713324 1.16972e-07 0.0713324 1.16972e-07
1.822 0.0711002 1.17915e-07 0.0711002 1.17915e-07
1.824 0.0708712 1.18977e-07 0.0708712 1.18977e-07
1.826 0.0706453 1.20141e-07 0.0706453 1.20141e-07
1.828 0.0704224 1.21377e-07 0.0704224 1.21377e-07
1.83 0.0702023 1.22647e-07 0.0702023 1.22647e-07
1.832 0.0699848 1.23916e-07 0.0699848 1.23916e-07
1.834 0.0697693 1.26144e-07 0.0697693 1.26144e-07
1.836 0.0695561 1.28167e-07 0.0695561 1.28167e-07
1.838 0.069345 1.29938e-07 0.069345 1.29938e-07
1.84 0.0691359 1.31567e-07 0.0691359 1.31567e-07
1.842 0.0689283 1.32913e-07 0.0689283 1.32913e-07
1.844 0.068722 1.33973e-07 0.068722 1.33973e-07
1.846 0.0685165 1.34791e-07 0.0685165 1.34791e-07
1.848 0.0683117 1.35318e-07 0.0683117 1.35318e-07
1.85 0.0681073 1.3557e-07 0.0681073 1.3557e-07
1.852 0.0679031 1.35571e-07 0.0679031 1.35571e-07
1.854 0.0676988 1.35351e-07 0.0676988 1.35351e-07
1.856 0.0674941 1.34948e-07 0.0674941 1.34948e-07
1.858 0.0672887 1.34405e-07 0.0672887 1.34405e-07
1.86 0.0670824 1.3377e-07 0.0670824 1.3377e-07
1.862 0.0668751 1.33091e-07 0.0668751 1.33091e-07
1.864 0.0666665 1.3242e-07 0.0666665 1.3242e-07
1.866 0.0664563 1.31801e-07 0.0664563 1.31801e-07
1.868 0.0662446 1.31276e-07 0.0662446 1.31276e-07
1.87 0.0660311 1.30875e-07 0.0660311 1.30875e-07
1.872 0.0658157 1.30613e-07 0.0658157 1.30613e-07
1.874 0.0655984 1.30495e-07 0.0655984 1.30495e-07
1.876 0.0653791 1.30508e-07 0.0653791 1.30508e-07
1.878 0.0651577 1.3059e-07 0.0651577 1.3059e-07
1.88 0.0649344 1.3075e-07 0.0649344 1.3075e-07
1.882 0.0647091 1.30955e-07 0.0647091 1.30955e-07
1.884 0.0644819 1.31166e-07 0.0644819 1.31166e-07
1.886 0.0642528 1.31342e-07 0.0642528 1.31342e-07
1.888 0.0640221 1.31445e-07 0.0640221 1.31445e-07
1.89 0.0637899 1.31441e-07 0.0637899 1.31441e-07
1.892 0.0635562 1.313e-07 0.0635562 1.313e-07
1.894 0.0633213 1.31002e-07 0.0633213 1.31002e-07
1.896 0.0630854 1.30513e-07 0.0630854 1.30513e-07
1.898 0.0628487 1.29847e-07 0.0628487 1.29847e-07
1.9 0.0626115 1.29001e-07 0.0626115 1.29001e-07
1.902 0.062374 1.27976e-07 0.062374 1.27976e-07
1.904 0.0621364 1.26776e-07 0.0621364 1.26776e-07
1.906 0.0618991 1.25478e-07 0.0618991 1.25478e-07
1.908 0.0616623 1.24019e-07 0.0616623 1.24019e-07
1.91 0.0614263 1.22404e-07 0.0614263 1.22404e-07
1.912 0.0611913 1.20573e-07 0.0611913 1.20573e-07
1.914 0.0609577 1.18592e-07 0.0609577 1.18592e-07
1.916 0.0607258 1.16463e-07 0.0607258 1.16463e-07
1.918 0.0604956 1.14181e-07 0.0604956 1.14181e-07
1.92 0.0602676 1.11742e-07 0.0602676 1.11742e-07
1.922 0.0600419 1.09144e-07 0.0600419 1.09144e-07
1.924 0.0598188 1.06385e-07 0.0598188 1.06385e-07
1.926 0.0595984 1.03471e-07 0.0595984 1.03471e-07
1.928 0.0593809 1.00412e-07 0.0593809 1.00412e-07
1.93 0.0591665 9.72283e-08 0.0591665 9.72283e-08
1.932 0.0589552 9.39538e-08 0.0589552 9.39538e-08
1.934 0.0587473 9.06327e-08 0.0587473 9.06327e-08
1.936 0.0585427 8.73194e-08 0.0585427 8.73194e-08
1.938 0.0583416 8.40732e-08 0.0583416 8.40732e-08
1.94 0.0581438 8.09498e-08 0.0581438 8.09498e-08
1.942 0.0579495 7.79943e-08 0.0579495 7.79943e-08
1.944 0.0577586 7.52353e-08 0.0577586 7.52353e-08
1.946 0.0575709 7.26861e-08 0.0575709 7.26861e-08
1.948 0.0573865 7.03303e-08 0.0573865 7.03303e-08
1.95 0.0572051 6.81331e-08 0.0572051 6.81331e-08
1.952 0.0570267 6.60469e-08 0.0570267 6.60469e-08
1.954 0.0568511 6.40181e-08 0.0568511 6.40181e-08
1.956 0.056678 6.20639e-08 0.056678 6.20639e-08
1.958 0.0565073 6.00197e-08 0.0565073 6.00197e-08
1.96 0.0563387 5.78894e-08 0.0563387 5.78894e-08
1.962 0.056172 5.56495e-08 0.056172 5.56495e-08
1.964 0.0560069 5.32909e-08 0.0560069 5.32909e-08
1.966 0.0558431 5.08182e-08 0.0558431 5.08182e-08
1.968 0.0556804 4.82478e-08 0.0556804 4.82478e-08
1.97 0.0555187 4.49452e-08 0.0555187 4.49452e-08
1.972 0.0553574 4.20386e-08 0.0553574 4.20386e-08
1.974 0.0551963 3.94482e-08 0.0551963 3.94482e-08
1.976 0.055035 3.7187e-08 0.055035 3.7187e-08
1.978 0.0548734 3.52783e-08 0.0548734 3.52783e-08
1.98 0.054711 3.37519e-08 0.054711 3.37519e-08
1.982 0.0545478 3.27543e-08 0.0545478 3.27543e-08
1.984 0.0543834 3.21924e-08 0.0543834 3.21924e-08
1.986 0.0542176 3.20892e-08 0.0542176 3.20892e-08
1.988 0.0540503 3.24615e-08 0.0540503 3.24615e-08
1.99 0.0538813 3.33191e-08 0.0538813 3.33191e-08
1.992 0.0537104 3.46639e-08 0.0537104 3.46639e-08
1.994 0.0535375 3.64896e-08 0.0535375 3.64896e-08
1.996 0.0533625 3.87829e-08 0.0533625 3.87829e-08
1.998 0.0531853 4.1586e-08 0.0531853 4.1586e-08
2 0.0530059 4.47951e-08 0.0530059 4.47951e-08
2.002 0.0528243 4.83836e-08 0.0528243 4.83836e-08
2.004 0.0526404 5.23214e-08 0.0526404 5.23214e-08
2.006 0.0524543 5.65768e-08 0.0524543 5.65768e-08
2.008 0.0522661 6.09558e-08 0.0522661 6.09558e-08
2.01 0.0520759 6.5683e-08 0.0520759 6.5683e-08
2.012 0.0518838 7.06643e-08 0.0518838 7.06643e-08
2.014 0.0516899 7.58599e-08 0.0516899 7.58599e-08
2.016 0.0514945 8.12269e-08 0.0514945 8.12269e-08
2.018 0.0512976 8.67185e-08 0.0512976 8.67185e-08
2.02 0.0510996 9.2282e-08 0.0510996 9.2282e-08
2.022 0.0509007 9.78579e-08 0.0509007 9.78579e-08
2.024 0.0507011 1.03407e-07 0.0507011 1.03407e-07
2.026 0.0505011 1.08836e-07 0.0505011 1.08836e-07
2.028 0.0503009 1.14073e-07 0.0503009 1.14073e-07
2.03 0.0501009 1.19046e-07 0.0501009 1.19046e-07
2.032 0.0499014 1.2369e-07 0.0499014 1.2369e-07
2.034 0.0497025 1.27949e-07 0.0497025 1.27949e-07
2.036 0.0495048 1.31777e-07 0.0495048 1.31777e-07
2.038 0.0493083 1.35147e-07 0.0493083 1.35147e-07
2.04 0.0491134 1.38041e-07 0.0491134 1.38041e-07
2.042 0.0489204 1.40461e-07 0.0489204 1.40461e-07
2.044 0.0487296 1.42419e-07 0.0487296 1.42419e-07
2.046 0.0485412 1.7496e-07 0.0485412 1.7496e-07
2.048 0.0483554 1.92749e-07 0.0483554 1.92749e-07
2.05 0.0481723 1.98688e-07 0.0481723 1.98688e-07
2.052 0.0479923 1.94294e-07 0.0479923 1.94294e-07
2.054 0.0478153 1.83473e-07 0.0478153 1.83473e-07
2.056 0.0476416 1.6847e-07 0.0476416 1.6847e-07
2.058 0.0474713 1.51249e-07 0.0474713 1.51249e-07
2.06 0.0473044 1.3348e-07 0.0473044 1.3348e-07
2.062 0.047141 1.15211e-07 0.047141 1.15211e-07
2.064 0.046981 9.90281e-08 0.046981 9.90281e-08
2.066 0.0468245 8.57403e-08 0.0468245 8.57403e-08
2.068 0.0466715 7.43475e-08 0.0466715 7.43475e-08
2.07 0.0465218 6.68287e-08 0.0465218 6.68287e-08
2.072 0.0463753 6.31213e-08 0.0463753 6.31213e-08
2.074 0.0462319 6.29538e-08 0.0462319 6.29538e-08
2.076 0.0460915 6.59096e-08 0.0460915 6.59096e-08
2.078 0.0459537 7.15398e-08 0.0459537 7.15398e-08
2.08 0.0458185 7.95e-08 0.0458185 7.95e-08
2.082 0.0456856 8.95816e-08 0.0456856 8.95816e-08
2.084 0.0455546 1.01568e-07 0.0455546 1.01568e-07
2.086 0.0454254 1.15625e-07 0.0454254 1.15625e-07
2.088 0.0452977 1.31806e-07 0.0452977 1.31806e-07
2.09 0.0451711 1.49013e-07 0.0451711 1.49013e-07
2.092 0.0450454 1.66128e-07 0.0450454 1.66128e-07
2.094 0.0449202 1.82852e-07 0.0449202 1.82852e-07
2.096 0.0447953 1.97597e-07 0.0447953 1.97597e-07
2.098 0.0446703 2.0888e-07 0.0446703 2.0888e-07
2.1 0.0445449 2.14988e-07 0.0445449 2.14988e-07
2.102 0.0444189 2.14431e-07 0.0444189 2.14431e-07
2.104 0.0442919 2.15386e-07 0.0442919 2.15386e-07
2.106 0.0441646 3.1415e-07 0.0441646 3.1415e-07
2.108 0.0440356 3.79702e-07 0.0440356 3.79702e-07
2.11 0.0439048 4.18114e-07 0.0439048 4.18114e-07
2.112 0.0437719 4.34743e-07 0.0437719 4.34743e-07
2.114 0.0436368 4.34192e-07 0.0436368 4.34192e-07
2.116 0.0434994 4.20401e-07 0.0434994 4.20401e-07
2.118 0.0433595 3.9676e-07 0.0433595 3.9676e-07
2.12 0.0432171 3.6734e-07 0.0432171 3.6734e-07
2.122 0.0430721 3.32749e-07 0.0430721 3.32749e-07
2.124 0.0429245 2.95575e-07 0.0429245 2.95575e-07
2.126 0.0427742 2.56792e-07 0.0427742 2.56792e-07
2.128 0.0426214 2.19423e-07 0.0426214 2.19423e-07
2.13 0.0424661 1.8371e-07 0.0424661 1.8371e-07
2.132 0.0423084 1.54003e-07 0.0423084 1.54003e-07
2.134 0.0421483 1.27685e-07 0.0421483 1.27685e-07
2.136 0.0419862 1.00154e-07 0.0419862 1.00154e-07
2.138 0.0418229 -4.05662e-09 0.0418229 -4.05662e-09
2.14 0.0416575 -5.9366e-08 0.0416575 -5.9366e-08
2.142 0.0414903 -7.32717e-08 0.0414903 -7.32717e-08
2.144 0.0413216 -6.41509e-08 0.0413216 -6.41509e-08
2.146 0.0411517 -3.27825e-08 0.0411517 -3.27825e-08
2.148 0.0409809 1.1665e-08 0.0409809 1.1665e-08
2.15 0.0408096 6.19134e-08 0.0408096 6.19134e-08
2.152 0.040638 1.12315e-07 0.040638 1.12315e-07
2.154 0.0404666 1.60463e-07 0.0404666 1.60463e-07
2.156 0.0402956 2.07164e-07 0.0402956 2.07164e-07
2.158 0.0401254 2.45697e-07 0.0401254 2.45697e-07
2.16 0.0399563 2.83791e-07 0.0399563 2.83791e-07
2.162 0.0397887 3.14252e-07 0.0397887 3.14252e-07
2.164 0.0396228 3.36956e-07 0.0396228 3.36956e-07
2.166 0.0394588 3.23783e-07 0.0394588 3.23783e-07
2.168 0.0392972 3.15964e-07 0.0392972 3.15964e-07
2.17 0.0391381 3.11444e-07 0.0391381 3.11444e-07
2.172 0.0389818 3.0789e-07 0.0389818 3.0789e-07
2.174 0.0388286 3.04625e-07 0.0388286 3.04625e-07
2.176 0.0386784 3.00449e-07 0.0386784 3.00449e-07
2.178 0.0385316 2.93824e-07 0.0385316 2.93824e-07
2.18 0.0383883 2.85105e-07 0.0383883 2.85105e-07
2.182 0.0382484 2.73714e-07 0.0382484 2.73714e-07
2.184 0.0381122 2.59396e-07 0.0381122 2.59396e-07
2.186 0.0379795 2.42047e-07 0.0379795 2.42047e-07
2.188 0.0378505 2.2125e-07 0.0378505 2.2125e-07
2.19 0.037725 1.98172e-07 0.037725 1.98172e-07
2.192 0.0376031 1.72884e-07 0.0376031 1.72884e-07
2.194 0.0374846 1.45924e-07 0.0374846 1.45924e-07
2.196 0.0373693 1.17636e-07 0.0373693 1.17636e-07
2.198 0.0372572 8.8397e-08 0.0372572 8.8397e-08
2.2 0.0371481 5.86075e-08 0.0371481 5.86075e-08
2.202 0.0370417 2.8644e-08 0.0370417 2.8644e-08
2.204 0.0369378 -8.51644e-10 0.0369378 -8.51644e-10
2.206 0.0368362 -2.90134e-08 0.0368362 -2.90134e-08
2.208 0.0367365 -5.55532e-08 0.0367365 -5.55532e-08
2.21 0.0366386 -8.02088e-08 0.0366386 -8.02088e-08
2.212 0.036542 -1.02789e-07 0.036542 -1.02789e-07
2.214 0.0364465 -1.22595e-07 0.0364465 -1.22595e-07
2.216 0.0363517 -1.39486e-07 0.0363517 -1.39486e-07
2.218 0.0362573 -1.53453e-07 0.0362573 -1.53453e-07
2.22 0.036163 -1.64737e-07 0.036163 -1.64737e-07
2.222 0.0360685 -1.72459e-07 0.0360685 -1.72459e-07
2.224 0.0359734 -1.76758e-07 0.0359734 -1.76758e-07
2.226 0.0358773 -1.7785e-07 0.0358773 -1.7785e-07
2.228 0.0357806 -1.71282e-07 0.0357806 -1.71282e-07
2.23 0.0356822 -1.6371e-07 0.0356822 -1.6371e-07
2.232 0.0355819 -1.55571e-07 0.0355819 -1.55571e-07
2.234 0.0354794 -1.46073e-07 0.0354794 -1.46073e-07
2.236 0.0353746 -1.35308e-07 0.0353746 -1.35308e-07
2.238 0.0352674 -1.23196e-07 0.0352674 -1.23196e-07
2.24 0.0351575 -1.09533e-07 0.0351575 -1.09533e-07
2.242 0.0350448 -9.48902e-08 0.0350448 -9.48902e-08
2.244 0.0349294 -7.93845e-08 0.0349294 -7.93845e-08
2.246 0.0348111 -6.31782e-08 0.0348111 -6.31782e-08
2.248 0.0346899 -4.64625e-08 0.0346899 -4.64625e-08
2.25 0.0345657 -2.9446e-08 0.0345657 -2.9446e-08
2.252 0.0344387 -1.20421e-08 0.0344387 -1.20421e-08
2.254 0.0343089 4.80846e-09 0.0343089 4.80846e-09
2.256 0.0341764 2.09267e-08 0.0341764 2.09267e-08
2.258 0.0340414 3.61551e-08 0.0340414 3.61551e-08
2.26 0.0339039 5.0363e-08 0.0339039 5.0363e-08
2.262 0.0337642 6.35763e-08 0.0337642 6.35763e-08
2.264 0.0336225 7.53407e-08 0.0336225 7.53407e-08
2.266 0.0334792 8.57252e-08 0.0334792 8.57252e-08
2.268 0.0333343 9.46411e-08 0.0333343 9.46411e-08
2.27 0.0331883 1.02158e-07 0.0331883 1.02158e-07
2.272 0.0330414 1.08138e-07 0.0330414 1.08138e-07
2.274 0.0328939 1.12747e-07 0.0328939 1.12747e-07
2.276 0.0327462 1.16173e-07 0.0327462 1.16173e-07
2.278 0.0325986 1.18584e-07 0.0325986 1.18584e-07
2.28 0.0324515 1.20139e-07 0.0324515 1.20139e-07
2.282 0.0323053 1.21117e-07 0.0323053 1.21117e-07
2.284 0.0321602 1.21694e-07 0.0321602 1.21694e-07
2.286 0.0320166 1.22187e-07 0.0320166 1.22187e-07
2.288 0.0318748 1.22933e-07 0.0318748 1.22933e-07
2.29 0.0317352 1.24273e-07 0.0317352 1.24273e-07
2.292 0.0315981 1.26285e-07 0.0315981 1.26285e-07
2.294 0.0314637 1.29456e-07 0.0314637 1.29456e-07
2.296 0.0313323 1.34144e-07 0.0313323 1.34144e-07
2.298 0.0312041 1.40724e-07 0.0312041 1.40724e-07
2.3 0.0310793 1.49225e-07 0.0310793 1.49225e-07
2.302 0.0309582 1.60013e-07 0.0309582 1.60013e-07
2.304 0.0308409 1.75834e-07 0.0308409 1.75834e-07
2.306 0.0307274 1.93127e-07 0.0307274 1.93127e-07
2.308 0.0306178 2.12327e-07 0.0306178 2.12327e-07
2.31 0.0305121 2.33746e-07 0.0305121 2.33746e-07
2.312 0.0304103 2.57731e-07 0.0304103 2.57731e-07
2.314 0.0303124 2.84393e-07 0.0303124 2.84393e-07
2.316 0.0302183 3.14109e-07 0.0302183 3.14109e-07
2.318 0.0301278 3.46988e-07 0.0301278 3.46988e-07
2.32 0.0300409 3.83055e-07 0.0300409 3.83055e-07
2.322 0.0299573 4.22182e-07 0.0299573 4.22182e-07
2.324 0.0298769 4.64384e-07 0.0298769 4.64384e-07
2.326 0.0297994 5.09583e-07 0.0297994 5.09583e-07
2.328 0.0297245 5.57604e-07 0.0297245 5.57604e-07
2.33 0.029652 6.08155e-07 0.029652 6.08155e-07
2.332 0.0295814 6.61057e-07 0.0295814 6.61057e-07
2.334 0.0295125 7.16023e-07 0.0295125 7.16023e-07
2.336 0.029445 7.72745e-07 0.029445 7.72745e-07
2.338 0.0293784 8.30846e-07 0.0293784 8.30846e-07
2.34 0.0293123 8.8998e-07 0.0293123 8.8998e-07
2.342 0.0292465 9.49771e-07 0.0292465 9.49771e-07
2.344 0.0291805 1.00987e-06 0.0291805 1.00987e-06
2.346 0.0291139 1.06984e-06 0.0291139 1.06984e-06
2.348 0.0290464 1.12932e-06 0.0290464 1.12932e-06
2.35 0.0289776 1.18797e-06 0.0289776 1.18797e-06
2.352 0.0289073 1.24531e-06 0.0289073 1.24531e-06
2.354 0.028835 1.301e-06 0.028835 1.301e-06
2.356 0.0287604 1.35477e-06 0.0287604 1.35477e-06
2.358 0.0286834 1.40617e-06 0.0286834 1.40617e-06
2.36 0.0286036 1.45493e-06 0.0286036 1.45493e-06
2.362 0.0285209 1.50088e-06 0.0285209 1.50088e-06
2.364 0.0284351 1.54364e-06 0.0284351 1.54364e-06
2.366 0.0283461 1.58314e-06 0.0283461 1.58314e-06
2.368 0.0282537 1.61907e-06 0.0282537 1.61907e-06
2.37 0.0281579 1.65132e-06 0.0281579 1.65132e-06
2.372 0.0280586 1.6799e-06 0.0280586 1.6799e-06
2.374 0.027956 1.70461e-06 0.027956 1.70461e-06
2.376 0.02785 1.72554e-06 0.02785 1.72554e-06
2.378 0.0277408 1.74254e-06 0.0277408 1.74254e-06
2.38 0.0276284 1.75572e-06 0.0276284 1.75572e-06
2.382 0.0275131 1.76365e-06 0.0275131 1.76365e-06
2.384 0.027395 1.76874e-06 0.027395 1.76874e-06
2.386 0.0272745 1.77084e-06 0.0272745 1.77084e-06
2.388 0.0271517 1.76996e-06 0.0271517 1.76996e-06
2.39 0.0270269 1.76615e-06 0.0270269 1.76615e-06
2.392 0.0269005 1.75952e-06 0.0269005 1.75952e-06
2.394 0.0267728 1.75024e-06 0.0267728 1.75024e-06
2.396 0.0266441 1.7385e-06 0.0266441 1.7385e-06
2.398 0.0265149 1.72449e-06 0.0265149 1.72449e-06
2.4 0.0263854 1.70844e-06 0.0263854 1.70844e-06
2.402 0.0262561 1.69058e-06 0.0262561 1.69058e-06
2.404 0.0261274 1.67115e-06 0.0261274 1.67115e-06
2.406 0.0259996 1.65037e-06 0.0259996 1.65037e-06
2.408 0.0258735 1.63045e-06 0.0258735 1.63045e-06
2.41 0.0257489 1.60872e-06 0.0257489 1.60872e-06
2.412 0.0256263 1.58569e-06 0.0256263 1.58569e-06
2.414 0.025506 1.56191e-06 0.025506 1.56191e-06
2.416 0.0253883 1.53776e-06 0.0253883 1.53776e-06
2.418 0.0252737 1.51362e-06 0.0252737 1.51362e-06
2.42 0.0251623 1.48973e-06 0.0251623 1.48973e-06
2.422 0.0250544 1.46636e-06 0.0250544 1.46636e-06
2.424 0.0249502 1.44372e-06 0.0249502 1.44372e-06
2.426 0.02485 1.42196e-06 0.02485 1.42196e-06
2.428 0.0247538 1.40119e-06 0.0247538 1.40119e-06
2.43 0.0246619 1.38147e-06 0.0246619 1.38147e-06
2.432 0.0245741 1.36281e-06 0.0245741 1.36281e-06
2.434 0.0244907 1.34519e-06 0.0244907 1.34519e-06
2.436 0.0244115 1.32855e-06 0.0244115 1.32855e-06
2.438 0.0243365 1.3128e-06 0.0243365 1.3128e-06
2.44 0.0242656 1.2978e-06 0.0242656 1.2978e-06
2.442 0.0241986 1.28341e-06 0.0241986 1.28341e-06
2.444 0.0241354 1.26945e-06 0.0241354 1.26945e-06
2.446 0.0240757 1.25572e-06 0.0240757 1.25572e-06
2.448 0.0240193 1.242e-06 0.0240193 1.242e-06
2.45 0.0239658 1.22808e-06 0.0239658 1.22808e-06
2.452 0.0239151 1.21373e-06 0.0239151 1.21373e-06
2.454 0.0238666 1.19868e-06 0.0238666 1.19868e-06
2.456 0.0238201 1.18272e-06 0.0238201 1.18272e-06
2.458 0.0237752 1.16561e-06 0.0237752 1.16561e-06
2.46 0.0237314 1.14711e-06 0.0237314 1.14711e-06
2.462 0.0236884 1.12703e-06 0.0236884 1.12703e-06
2.464 0.0236458 1.10514e-06 0.0236458 1.10514e-06
2.466 0.0236031 1.08127e-06 0.0236031 1.08127e-06
2.468 0.0235599 1.05524e-06 0.0235599 1.05524e-06
2.47 0.023516 1.02689e-06 0.023516 1.02689e-06
2.472 0.0234708 9.96089e-07 0.0234708 9.96089e-07
2.474 0.0234241 9.62715e-07 0.0234241 9.62715e-07
2.476 0.0233754 9.26681e-07 0.0233754 9.26681e-07
2.478 0.0233246 8.87918e-07 0.0233246 8.87918e-07
2.48 0.0232712 8.46388e-07 0.0232712 8.46388e-07
2.482 0.0232151 8.02078e-07 0.0232151 8.02078e-07
2.484 0.023156 7.55004e-07 0.023156 7.55004e-07
2.486 0.0230941 7.05237e-07 0.0230941 7.05237e-07
2.488 0.0230287 6.52585e-07 0.0230287 6.52585e-07
2.49 0.0229596 5.97754e-07 0.0229596 5.97754e-07
2.492 0.0228866 5.40478e-07 0.0228866 5.40478e-07
2.494 0.0228097 4.80834e-07 0.0228097 4.80834e-07
2.496 0.0227293 4.19088e-07 0.0227293 4.19088e-07
2.498 0.022646 3.55588e-07 0.022646 3.55588e-07
2.5 0.0225599 2.90701e-07 0.0225599 2.90701e-07
