0 1 0 1 0
0.002 0.999911 1.68556e-09 0.999911 1.68556e-09
0.004 0.999716 1.67086e-09 0.999716 1.68113e-09
0.006 0.999392 1.65032e-09 0.999392 1.69132e-09
0.008 0.99894 1.64238e-09 0.99894 1.74448e-09
0.01 0.998361 1.66344e-09 0.998361 1.8665e-09
0.012 0.997659 1.72909e-09 0.997659 2.08183e-09
0.014 0.996834 1.85632e-09 0.996834 2.4156e-09
0.016 0.995892 2.06185e-09 0.995891 2.89203e-09
0.018 0.994834 2.36178e-09 0.994833 3.53356e-09
0.02 0.993664 2.77158e-09 0.993664 4.36061e-09
0.022 0.992387 3.3061e-09 0.992386 5.39129e-09
0.024 0.991007 3.9794e-09 0.991006 6.64104e-09
0.026 0.989528 4.80755e-09 0.989527 8.12546e-09
0.028 0.987956 5.81059e-09 0.987954 9.86253e-09
0.03 0.986295 7.00152e-09 0.986293 1.18596e-08
0.032 0.984551 8.39795e-09 0.984548 1.41265e-08
0.034 0.982729 1.00121e-08 0.982726 1.66633e-08
0.036 0.980834 1.18249e-08 0.980831 1.94297e-08
0.038 0.978873 1.38542e-08 0.978869 2.24242e-08
0.04 0.976851 1.60991e-08 0.976846 2.562e-08
0.042 0.974773 1.85798e-08 0.974768 2.90099e-08
0.044 0.972646 2.13262e-08 0.972641 3.25941e-08
0.046 0.970476 2.4332e-08 0.97047 3.63242e-08
0.048 0.968267 2.76157e-08 0.968261 4.0172e-08
0.05 0.966026 3.12151e-08 0.966019 4.41276e-08
0.052 0.963758 3.51555e-08 0.963751 4.81593e-08
0.054 0.961469 3.9438e-08 0.961461 5.22054e-08
0.056 0.959163 4.41135e-08 0.959155 5.62524e-08
0.058 0.956846 4.9209e-08 0.956838 6.02569e-08
0.06 0.954522 5.47578e-08 0.954513 6.41776e-08
0.062 0.952195 6.07891e-08 0.952186 6.79657e-08
0.064 0.94987 6.73397e-08 0.949861 7.15742e-08
0.066 0.94755 7.44452e-08 0.947541 7.49543e-08
0.068 0.94524 8.21604e-08 0.945231 7.80749e-08
0.07 0.942942 9.04882e-08 0.942932 8.08495e-08
0.072 0.940659 9.94643e-08 0.94065 8.3219e-08
0.074 0.938394 1.09162e-07 0.938385 8.51605e-08
0.076 0.93615 1.19574e-07 0.93614 8.65746e-08
0.078 0.933927 1.30743e-07 0.933917 8.74066e-08
0.08 0.931728 1.42721e-07 0.931718 8.76095e-08
0.082 0.929554 1.55525e-07 0.929545 8.71072e-08
0.084 0.927406 1.69231e-07 0.927397 8.58724e-08
0.086 0.925285 1.8383e-07 0.925276 8.3804e-08
0.088 0.923191 1.99394e-07 0.923182 8.08778e-08
0.09 0.921124 2.1594e-07 0.921115 7.70159e-08
0.092 0.919084 2.33485e-07 0.919076 7.21559e-08
0.094 0.917071 2.52089e-07 0.917063 6.62635e-08
0.096 0.915083 2.71765e-07 0.915076 5.92786e-08
0.098 0.913121 2.92547e-07 0.913114 5.11437e-08
0.1 0.911182 3.14479e-07 0.911176 4.18297e-08
0.102 0.909267 3.37559e-07 0.909261 3.12788e-08
0.104 0.907372 3.61812e-07 0.907368 1.94335e-08
0.106 0.905498 3.87274e-07 0.905494 6.27535e-09
0.108 0.903642 4.13944e-07 0.903639 -8.23792e-09
0.11 0.901802 4.41861e-07 0.9018 -2.41325e-08
0.112 0.899977 4.71005e-07 0.899976 -4.1468e-08
0.114 0.898165 5.01416e-07 0.898165 -6.02359e-08
0.116 0.896365 5.33095e-07 0.896366 -8.04572e-08
0.118 0.894573 5.66055e-07 0.894575 -1.02152e-07
0.12 0.892789 6.00301e-07 0.892793 -1.25336e-07
0.122 0.891011 6.35804e-07 0.891016 -1.50051e-07
0.124 0.889237 6.72587e-07 0.889243 -1.7627e-07
0.126 0.887465 7.10653e-07 0.887472 -2.04e-07
0.128 0.885693 7.5e-07 0.885703 -2.33242e-07
0.13 0.883921 7.90615e-07 0.883932 -2.63995e-07
0.132 0.882147 8.32456e-07 0.88216 -2.96282e-07
0.134 0.88037 8.75546e-07 0.880384 -3.30054e-07
0.136 0.878588 9.19879e-07 0.878604 -3.65307e-07
0.138 0.876801 9.65434e-07 0.876819 -4.0203e-07
0.14 0.875008 1.01219e-06 0.875027 -4.40208e-07
0.142 0.873208 1.06015e-06 0.873229 -4.79822e-07
0.144 0.8714 1.10929e-06 0.871423 -5.20836e-07
0.146 0.869585 1.15957e-06 0.86961 -5.63266e-07
0.148 0.867761 1.21098e-06 0.867788 -6.07066e-07
0.15 0.865929 1.26352e-06 0.865958 -6.52212e-07
0.152 0.864089 1.31716e-06 0.86412 -6.9868e-07
0.154 0.862241 1.37189e-06 0.862274 -7.46443e-07
0.156 0.860385 1.4277e-06 0.86042 -7.95472e-07
0.158 0.858521 1.48457e-06 0.858558 -8.45734e-07
0.16 0.856651 1.5425e-06 0.85669 -8.9722e-07
0.162 0.854774 1.60141e-06 0.854815 -9.49918e-07
0.164 0.852892 1.66132e-06 0.852935 -1.0038e-06
0.166 0.851005 1.72223e-06 0.85105 -1.05882e-06
0.168 0.849114 1.78414e-06 0.849161 -1.11497e-06
0.17 0.847219 1.84703e-06 0.847268 -1.17224e-06
0.172 0.845323 1.9109e-06 0.845374 -1.2306e-06
0.174 0.843425 1.97574e-06 0.843478 -1.29004e-06
0.176 0.841527 2.04153e-06 0.841581 -1.35054e-06
0.178 0.83963 2.10827e-06 0.839686 -1.4121e-06
0.18 0.837734 2.17597e-06 0.837792 -1.47469e-06
0.182 0.835842 2.24461e-06 0.835901 -1.53832e-06
0.184 0.833953 2.31421e-06 0.834013 -1.60296e-06
0.186 0.832068 2.38477e-06 0.83213 -1.66862e-06
0.188 0.83019 2.45629e-06 0.830252 -1.73528e-06
0.19 0.828317 2.52877e-06 0.828381 -1.80294e-06
0.192 0.826453 2.60222e-06 0.826517 -1.87163e-06
0.194 0.824596 2.67666e-06 0.824661 -1.94129e-06
0.196 0.822747 2.75208e-06 0.822813 -2.01198e-06
0.198 0.820908 2.82849e-06 0.820975 -2.08366e-06
0.2 0.819079 2.90589e-06 0.819146 -2.15633e-06
0.202 0.817261 2.98429e-06 0.817327 -2.23001e-06
0.204 0.815453 3.06371e-06 0.815519 -2.30466e-06
0.206 0.813656 3.14412e-06 0.813722 -2.38034e-06
0.208 0.81187 3.22555e-06 0.811936 -2.45703e-06
0.21 0.810096 3.308e-06 0.810162 -2.53471e-06
0.212 0.808333 3.39146e-06 0.808399 -2.61342e-06
0.214 0.806582 3.47593e-06 0.806647 -2.69315e-06
0.216 0.804843 3.56142e-06 0.804907 -2.77389e-06
0.218 0.803115 3.64791e-06 0.803178 -2.85562e-06
0.22 0.801399 3.7354e-06 0.80146 -2.93836e-06
0.222 0.799693 3.82388e-06 0.799753 -3.0221e-06
0.224 0.797998 3.91334e-06 0.798057 -3.1068e-06
0.226 0.796314 4.00376e-06 0.796372 -3.19248e-06
0.228 0.79464 4.09513e-06 0.794696 -3.27914e-06
0.23 0.792976 4.18742e-06 0.793031 -3.36674e-06
0.232 0.791322 4.28063e-06 0.791374 -3.45526e-06
0.234 0.789676 4.37472e-06 0.789727 -3.5447e-06
0.236 0.788039 4.46966e-06 0.788088 -3.63504e-06
0.238 0.786411 4.5654e-06 0.786458 -3.72626e-06
0.24 0.78479 4.66196e-06 0.784835 -3.81831e-06
0.242 0.783177 4.75928e-06 0.78322 -3.91118e-06
0.244 0.781571 4.85731e-06 0.781612 -4.00481e-06
0.246 0.779971 4.95603e-06 0.78001 -4.0992e-06
0.248 0.778378 5.05541e-06 0.778415 -4.19428e-06
0.25 0.77679 5.15537e-06 0.776825 -4.29005e-06
0.252 0.775208 5.25587e-06 0.775242 -4.38641e-06
0.254 0.773632 5.35686e-06 0.773663 -4.48336e-06
0.256 0.77206 5.45833e-06 0.77209 -4.58086e-06
0.258 0.770494 5.56022e-06 0.770521 -4.67887e-06
0.26 0.768932 5.66244e-06 0.768958 -4.77728e-06
0.262 0.767374 5.76497e-06 0.767398 -4.87611e-06
0.264 0.765821 5.86775e-06 0.765843 -4.9753e-06
0.266 0.764272 5.97075e-06 0.764293 -5.0748e-06
0.268 0.762727 6.0739e-06 0.762747 -5.17457e-06
0.27 0.761187 6.17715e-06 0.761205 -5.27448e-06
0.272 0.75965 6.28046e-06 0.759667 -5.37454e-06
0.274 0.758118 6.38379e-06 0.758133 -5.4747e-06
0.276 0.75659 6.48711e-06 0.756604 -5.57492e-06
0.278 0.755066 6.59036e-06 0.755079 -5.67507e-06
0.28 0.753547 6.69346e-06 0.753559 -5.77518e-06
0.282 0.752032 6.7964e-06 0.752043 -5.87519e-06
0.284 0.750521 6.89912e-06 0.750532 -5.97506e-06
0.286 0.749015 7.0016e-06 0.749026 -6.07474e-06
0.288 0.747515 7.10381e-06 0.747525 -6.17422e-06
0.29 0.746019 7.20573e-06 0.746028 -6.27337e-06
0.292 0.744528 7.30731e-06 0.744537 -6.37221e-06
0.294 0.743042 7.40851e-06 0.743051 -6.47069e-06
0.296 0.741562 7.50931e-06 0.741571 -6.56879e-06
0.298 0.740087 7.60969e-06 0.740096 -6.66648e-06
0.3 0.738618 7.70969e-06 0.738626 -6.76371e-06
0.302 0.737154 7.80923e-06 0.737163 -6.86046e-06
0.304 0.735696 7.9083e-06 0.735705 -6.95672e-06
0.306 0.734244 8.00687e-06 0.734252 -7.05247e-06
0.308 0.732797 8.10492e-06 0.732806 -7.14767e-06
0.31 0.731357 8.20246e-06 0.731366 -7.24232e-06
0.312 0.729922 8.29956e-06 0.729931 -7.3364e-06
0.314 0.728493 8.39612e-06 0.728502 -7.4299e-06
0.316 0.72707 8.49215e-06 0.727079 -7.52276e-06
0.318 0.725653 8.58763e-06 0.725661 -7.61498e-06
0.32 0.724241 8.68256e-06 0.72425 -7.70654e-06
0.322 0.722835 8.77695e-06 0.722844 -7.79745e-06
0.324 0.721435 8.87077e-06 0.721443 -7.88768e-06
0.326 0.72004 8.96412e-06 0.720048 -7.97727e-06
0.328 0.71865 9.05691e-06 0.718658 -8.06618e-06
0.33 0.717265 9.14914e-06 0.717273 -8.15439e-06
0.332 0.715886 9.24079e-06 0.715894 -8.24191e-06
0.334 0.714511 9.33188e-06 0.714519 -8.32872e-06
0.336 0.713142 9.42239e-06 0.713149 -8.41482e-06
0.338 0.711777 9.51232e-06 0.711784 -8.5002e-06
0.34 0.710417 9.60173e-06 0.710423 -8.58488e-06
0.342 0.709061 9.69052e-06 0.709067 -8.66884e-06
0.344 0.70771 9.77868e-06 0.707715 -8.75208e-06
0.346 0.706363 9.86618e-06 0.706368 -8.83457e-06
0.348 0.70502 9.95302e-06 0.705025 -8.91631e-06
0.35 0.703682 1.00392e-05 0.703686 -8.99727e-06
0.352 0.702348 1.01246e-05 0.702351 -9.07742e-06
0.354 0.701018 1.02094e-05 0.701021 -9.15679e-06
0.356 0.699692 1.02935e-05 0.699694 -9.23531e-06
0.358 0.69837 1.03767e-05 0.698372 -9.31297e-06
0.36 0.697052 1.04591e-05 0.697054 -9.38975e-06
0.362 0.695739 1.05407e-05 0.69574 -9.46563e-06
0.364 0.694429 1.06213e-05 0.694431 -9.54057e-06
0.366 0.693125 1.0701e-05 0.693126 -9.61455e-06
0.368 0.691824 1.07798e-05 0.691825 -9.68755e-06
0.37 0.690529 1.08576e-05 0.690529 -9.75953e-06
0.372 0.689237 1.09343e-05 0.689238 -9.83047e-06
0.374 0.687951 1.101e-05 0.687952 -9.90034e-06
0.376 0.68667 1.10845e-05 0.68667 -9.96911e-06
0.378 0.685393 1.11579e-05 0.685394 -1.00367e-05
0.38 0.684122 1.123e-05 0.684124 -1.01032e-05
0.382 0.682856 1.13009e-05 0.682858 -1.01685e-05
0.384 0.681596 1.13705e-05 0.681599 -1.02325e-05
0.386 0.680342 1.14388e-05 0.680345 -1.02954e-05
0.388 0.679093 1.15056e-05 0.679096 -1.03569e-05
0.39 0.67785 1.15711e-05 0.677854 -1.04171e-05
0.392 0.676613 1.16351e-05 0.676618 -1.0476e-05
0.394 0.675383 1.16976e-05 0.675388 -1.05335e-05
0.396 0.674158 1.17586e-05 0.674165 -1.05896e-05
0.398 0.67294 1.1818e-05 0.672947 -1.06444e-05
0.4 0.671728 1.18758e-05 0.671736 -1.06977e-05
0.402 0.670522 1.1932e-05 0.670532 -1.07495e-05
0.404 0.669323 1.19866e-05 0.669333 -1.07999e-05
0.406 0.66813 1.20396e-05 0.668141 -1.08487e-05
0.408 0.666942 1.20908e-05 0.666955 -1.08961e-05
0.41 0.665761 1.21404e-05 0.665775 -1.09419e-05
0.412 0.664586 1.21882e-05 0.664601 -1.09862e-05
0.414 0.663416 1.22344e-05 0.663433 -1.10289e-05
0.416 0.662252 1.22787e-05 0.66227 -1.107e-05
0.418 0.661094 1.23214e-05 0.661112 -1.11095e-05
0.42 0.65994 1.23622e-05 0.65996 -1.11475e-05
0.422 0.658791 1.24014e-05 0.658812 -1.11839e-05
0.424 0.657646 1.24388e-05 0.657668 -1.12186e-05
0.426 0.656506 1.24744e-05 0.656529 -1.12518e-05
0.428 0.655369 1.25084e-05 0.655393 -1.12833e-05
0.43 0.654236 1.25406e-05 0.65426 -1.13132e-05
0.432 0.653105 1.25711e-05 0.65313 -1.13415e-05
0.434 0.651978 1.26e-05 0.652003 -1.13683e-05
0.436 0.650852 1.26271e-05 0.650878 -1.13934e-05
0.438 0.649729 1.26527e-05 0.649755 -1.14169e-05
0.44 0.648607 1.26765e-05 0.648633 -1.14389e-05
0.442 0.647486 1.26988e-05 0.647512 -1.14593e-05
0.444 0.646365 1.27194e-05 0.646392 -1.14782e-05
0.446 0.645246 1.27385e-05 0.645272 -1.14955e-05
0.448 0.644126 1.2756e-05 0.644152 -1.15113e-05
0.45 0.643006 1.2772e-05 0.643032 -1.15256e-05
0.452 0.641885 1.27865e-05 0.641911 -1.15383e-05
0.454 0.640764 1.27996e-05 0.640788 -1.15496e-05
0.456 0.639641 1.28111e-05 0.639665 -1.15594e-05
0.458 0.638517 1.28211e-05 0.63854 -1.15677e-05
0.46 0.637392 1.28298e-05 0.637414 -1.15745e-05
0.462 0.636265 1.2837e-05 0.636286 -1.158e-05
0.464 0.635137 1.28428e-05 0.635156 -1.15839e-05
0.466 0.634006 1.28472e-05 0.634025 -1.15864e-05
0.468 0.632874 1.28503e-05 0.632891 -1.15875e-05
0.47 0.63174 1.2852e-05 0.631756 -1.15872e-05
0.472 0.630604 1.28523e-05 0.630619 -1.15854e-05
0.474 0.629466 1.28512e-05 0.62948 -1.15823e-05
0.476 0.628327 1.28488e-05 0.62834 -1.15777e-05
0.478 0.627187 1.28451e-05 0.627198 -1.15717e-05
0.48 0.626045 1.284e-05 0.626055 -1.15643e-05
0.482 0.624902 1.28335e-05 0.624911 -1.15555e-05
0.484 0.623759 1.28258e-05 0.623767 -1.15454e-05
0.486 0.622615 1.28167e-05 0.622623 -1.15338e-05
0.488 0.621472 1.28062e-05 0.621478 -1.15209e-05
0.49 0.620328 1.27945e-05 0.620334 -1.15066e-05
0.492 0.619185 1.27814e-05 0.619191 -1.14909e-05
0.494 0.618043 1.2767e-05 0.618048 -1.14738e-05
0.496 0.616902 1.27513e-05 0.616907 -1.14554e-05
0.498 0.615763 1.27342e-05 0.615768 -1.14357e-05
0.5 0.614626 1.27158e-05 0.614631 -1.14145e-05
0.502 0.613491 1.2696e-05 0.613496 -1.13921e-05
0.504 0.612358 1.26748e-05 0.612364 -1.13682e-05
0.506 0.611229 1.26523e-05 0.611235 -1.13431e-05
0.508 0.610103 1.26284e-05 0.61011 -1.13166e-05
0.51 0.608981 1.26032e-05 0.608988 -1.12888e-05
0.512 0.607863 1.25765e-05 0.60787 -1.12596e-05
0.514 0.606748 1.25485e-05 0.606757 -1.12292e-05
0.516 0.605638 1.25191e-05 0.605647 -1.11975e-05
0.518 0.604533 1.24883e-05 0.604542 -1.11645e-05
0.52 0.603432 1.24562e-05 0.603442 -1.11302e-05
0.522 0.602335 1.24227e-05 0.602346 -1.10946e-05
0.524 0.601244 1.23878e-05 0.601255 -1.10578e-05
0.526 0.600157 1.23516e-05 0.600169 -1.10198e-05
0.528 0.599075 1.23141e-05 0.599087 -1.09806e-05
0.53 0.597997 1.22753e-05 0.598009 -1.09401e-05
0.532 0.596924 1.22352e-05 0.596936 -1.08984e-05
0.534 0.595855 1.21939e-05 0.595867 -1.08556e-05
0.536 0.59479 1.21513e-05 0.594801 -1.08116e-05
0.538 0.593728 1.21075e-05 0.593739 -1.07665e-05
0.54 0.592671 1.20626e-05 0.592681 -1.07202e-05
0.542 0.591616 1.20165e-05 0.591625 -1.06729e-05
0.544 0.590564 1.19693e-05 0.590572 -1.06244e-05
0.546 0.589514 1.19211e-05 0.589521 -1.0575e-05
0.548 0.588467 1.18718e-05 0.588471 -1.05244e-05
0.55 0.587421 1.18215e-05 0.587423 -1.04729e-05
0.552 0.586376 1.17702e-05 0.586376 -1.04203e-05
0.554 0.585332 1.1718e-05 0.585329 -1.03668e-05
0.556 0.584288 1.16649e-05 0.584282 -1.03124e-05
0.558 0.583243 1.16109e-05 0.583234 -1.0257e-05
0.56 0.582198 1.15561e-05 0.582185 -1.02008e-05
0.562 0.581152 1.15005e-05 0.581135 -1.01437e-05
0.564 0.580104 1.14442e-05 0.580083 -1.00857e-05
0.566 0.579054 1.13871e-05 0.579028 -1.00269e-05
0.568 0.578001 1.13294e-05 0.577971 -9.96731e-06
0.57 0.576946 1.12711e-05 0.57691 -9.90691e-06
0.572 0.575887 1.12122e-05 0.575846 -9.84575e-06
0.574 0.574825 1.11528e-05 0.574779 -9.78384e-06
0.576 0.573759 1.10928e-05 0.573707 -9.72123e-06
0.578 0.572689 1.10324e-05 0.572631 -9.65793e-06
0.58 0.571614 1.09715e-05 0.571551 -9.59398e-06
0.582 0.570536 1.09103e-05 0.570466 -9.52939e-06
0.584 0.569452 1.08486e-05 0.569377 -9.46419e-06
0.586 0.568364 1.07866e-05 0.568283 -9.39839e-06
0.588 0.567272 1.07242e-05 0.567184 -9.33205e-06
0.59 0.566175 1.06615e-05 0.56608 -9.26518e-06
0.592 0.565073 1.05986e-05 0.564972 -9.19781e-06
0.594 0.563967 1.05353e-05 0.56386 -9.12996e-06
0.596 0.562857 1.04718e-05 0.562743 -9.06166e-06
0.598 0.561742 1.0408e-05 0.561623 -8.99293e-06
0.6 0.560624 1.0344e-05 0.560498 -8.92379e-06
0.602 0.559502 1.02798e-05 0.559371 -8.85428e-06
0.604 0.558376 1.02153e-05 0.55824 -8.78441e-06
0.606 0.557248 1.01507e-05 0.557106 -8.71423e-06
0.608 0.556117 1.00859e-05 0.55597 -8.64374e-06
0.61 0.554984 1.00208e-05 0.554833 -8.573e-06
0.612 0.553849 9.95557e-06 0.553693 -8.50202e-06
0.614 0.552713 9.8901e-06 0.552553 -8.43085e-06
0.616 0.551575 9.8244e-06 0.551413 -8.35951e-06
0.618 0.550438 9.75846e-06 0.550272 -8.28804e-06
0.62 0.5493 9.6923e-06 0.549131 -8.21646e-06
0.622 0.548163 9.6259e-06 0.547992 -8.14482e-06
0.624 0.547026 9.55926e-06 0.546854 -8.07315e-06
0.626 0.545891 9.4924e-06 0.545717 -8.00149e-06
0.628 0.544758 9.42531e-06 0.544583 -7.92985e-06
0.63 0.543627 9.358e-06 0.543451 -7.85829e-06
0.632 0.542498 9.29049e-06 0.542322 -7.78684e-06
0.634 0.541372 9.22279e-06 0.541196 -7.71553e-06
0.636 0.540249 9.15491e-06 0.540073 -7.64441e-06
0.638 0.53913 9.08686e-06 0.538954 -7.5735e-06
0.64 0.538014 9.01866e-06 0.537839 -7.50286e-06
0.642 0.536902 8.95034e-06 0.536728 -7.43248e-06
0.644 0.535795 8.8819e-06 0.535621 -7.36241e-06
0.646 0.534691 8.81338e-06 0.534518 -7.29269e-06
0.648 0.533592 8.7448e-06 0.53342 -7.22334e-06
0.65 0.532496 8.67619e-06 0.532325 -7.15439e-06
0.652 0.531405 8.60758e-06 0.531235 -7.08587e-06
0.654 0.530318 8.53899e-06 0.530149 -7.01783e-06
0.656 0.529235 8.47047e-06 0.529068 -6.95027e-06
0.658 0.528156 8.40204e-06 0.52799 -6.88323e-06
0.66 0.52708 8.33374e-06 0.526915 -6.81672e-06
0.662 0.526008 8.2656e-06 0.525845 -6.75076e-06
0.664 0.524939 8.19768e-06 0.524777 -6.68538e-06
0.666 0.523874 8.13e-06 0.523712 -6.62063e-06
0.668 0.522811 8.0626e-06 0.52265 -6.5565e-06
0.67 0.52175 7.99554e-06 0.52159 -6.493e-06
0.672 0.520691 7.92881e-06 0.520532 -6.43019e-06
0.674 0.519634 7.86248e-06 0.519476 -6.36804e-06
0.676 0.518578 7.79658e-06 0.51842 -6.30657e-06
0.678 0.517523 7.73115e-06 0.517366 -6.2458e-06
0.68 0.516469 7.66623e-06 0.516312 -6.18571e-06
0.682 0.515415 7.60184e-06 0.515259 -6.12632e-06
0.684 0.514361 7.53804e-06 0.514205 -6.06764e-06
0.686 0.513307 7.47487e-06 0.513151 -6.00963e-06
0.688 0.512251 7.41234e-06 0.512095 -5.95232e-06
0.69 0.511195 7.35047e-06 0.511039 -5.89575e-06
0.692 0.510137 7.28931e-06 0.509981 -5.83987e-06
0.694 0.509078 7.2289e-06 0.508922 -5.78468e-06
0.696 0.508016 7.16927e-06 0.50786 -5.73016e-06
0.698 0.506953 7.11043e-06 0.506797 -5.67632e-06
0.7 0.505887 7.05243e-06 0.505731 -5.62314e-06
0.702 0.504819 6.99528e-06 0.504663 -5.57062e-06
0.704 0.503748 6.93902e-06 0.503592 -5.51873e-06
0.706 0.502675 6.88367e-06 0.502519 -5.46745e-06
0.708 0.501599 6.82922e-06 0.501443 -5.41684e-06
0.71 0.50052 6.77571e-06 0.500365 -5.36684e-06
0.712 0.499439 6.72314e-06 0.499284 -5.31745e-06
0.714 0.498355 6.67153e-06 0.4982 -5.26865e-06
0.716 0.497269 6.62089e-06 0.497115 -5.22044e-06
0.718 0.496181 6.57123e-06 0.496027 -5.17281e-06
0.72 0.49509 6.52254e-06 0.494937 -5.12575e-06
0.722 0.493998 6.47483e-06 0.493845 -5.07926e-06
0.724 0.492903 6.4281e-06 0.492752 -5.03332e-06
0.726 0.491808 6.38237e-06 0.491658 -4.98794e-06
0.728 0.490711 6.33761e-06 0.490563 -4.94317e-06
0.73 0.489613 6.29381e-06 0.489467 -4.89899e-06
0.732 0.488515 6.25096e-06 0.488371 -4.85539e-06
0.734 0.487416 6.20906e-06 0.487275 -4.8124e-06
0.736 0.486318 6.16808e-06 0.486179 -4.77003e-06
0.738 0.48522 6.12802e-06 0.485084 -4.72828e-06
0.74 0.484123 6.08885e-06 0.483991 -4.68717e-06
0.742 0.483027 6.05054e-06 0.482898 -4.64674e-06
0.744 0.481933 6.01308e-06 0.481808 -4.60699e-06
0.746 0.480841 5.97645e-06 0.48072 -4.56796e-06
0.748 0.479751 5.94062e-06 0.479634 -4.52968e-06
0.75 0.478663 5.90567e-06 0.478551 -4.4923e-06
0.752 0.477578 5.87152e-06 0.477472 -4.45572e-06
0.754 0.476497 5.8381e-06 0.476397 -4.41991e-06
0.756 0.475418 5.80536e-06 0.475325 -4.38487e-06
0.758 0.474344 5.77329e-06 0.474257 -4.35066e-06
0.76 0.473273 5.74184e-06 0.473193 -4.31732e-06
0.762 0.472206 5.71101e-06 0.472133 -4.28492e-06
0.764 0.471144 5.68078e-06 0.471077 -4.25354e-06
0.766 0.470086 5.65118e-06 0.470025 -4.22321e-06
0.768 0.469033 5.62219e-06 0.468978 -4.194e-06
0.77 0.467984 5.59381e-06 0.467936 -4.16598e-06
0.772 0.466941 5.56603e-06 0.466898 -4.13919e-06
0.774 0.465903 5.53887e-06 0.465864 -4.11368e-06
0.776 0.464869 5.51241e-06 0.464836 -4.0895e-06
0.778 0.463841 5.48652e-06 0.463812 -4.06665e-06
0.78 0.462817 5.46123e-06 0.462792 -4.04517e-06
0.782 0.461799 5.43654e-06 0.461777 -4.02507e-06
0.784 0.460785 5.41249e-06 0.460766 -4.00638e-06
0.786 0.459776 5.38907e-06 0.45976 -3.98911e-06
0.788 0.458772 5.36633e-06 0.458758 -3.97326e-06
0.79 0.457772 5.34427e-06 0.457759 -3.95883e-06
0.792 0.456777 5.3229e-06 0.456765 -3.94584e-06
0.794 0.455786 5.30224e-06 0.455774 -3.93425e-06
0.796 0.454798 5.28232e-06 0.454787 -3.92407e-06
0.798 0.453815 5.26315e-06 0.453803 -3.91526e-06
0.8 0.452835 5.24475e-06 0.452823 -3.90781e-06
0.802 0.451858 5.22715e-06 0.451845 -3.90168e-06
0.804 0.450884 5.21036e-06 0.45087 -3.89684e-06
0.806 0.449914 5.19441e-06 0.449898 -3.89325e-06
0.808 0.448945 5.17931e-06 0.448928 -3.89088e-06
0.81 0.44798 5.16508e-06 0.44796 -3.88966e-06
0.812 0.447017 5.15174e-06 0.446995 -3.88956e-06
0.814 0.446055 5.1393e-06 0.446031 -3.89052e-06
0.816 0.445096 5.12779e-06 0.445069 -3.89248e-06
0.818 0.444139 5.11721e-06 0.44411 -3.89538e-06
0.82 0.443183 5.10758e-06 0.443151 -3.89915e-06
0.822 0.442229 5.09892e-06 0.442195 -3.90374e-06
0.824 0.441277 5.09122e-06 0.441239 -3.90908e-06
0.826 0.440325 5.08451e-06 0.440286 -3.9151e-06
0.828 0.439376 5.0788e-06 0.439334 -3.92174e-06
0.83 0.438427 5.07408e-06 0.438383 -3.92892e-06
0.832 0.43748 5.07038e-06 0.437433 -3.93659e-06
0.834 0.436534 5.06768e-06 0.436485 -3.94467e-06
0.836 0.43559 5.06601e-06 0.435539 -3.95312e-06
0.838 0.434646 5.06536e-06 0.434594 -3.96185e-06
0.84 0.433705 5.06572e-06 0.433651 -3.97084e-06
0.842 0.432764 5.0671e-06 0.432709 -3.98003e-06
0.844 0.431825 5.0695e-06 0.431769 -3.98936e-06
0.846 0.430888 5.07292e-06 0.430832 -3.99878e-06
0.848 0.429952 5.07735e-06 0.429896 -4.00826e-06
0.85 0.429018 5.08278e-06 0.428962 -4.01775e-06
0.852 0.428086 5.0892e-06 0.428031 -4.02723e-06
0.854 0.427156 5.09659e-06 0.427102 -4.03667e-06
0.856 0.426229 5.10494e-06 0.426175 -4.04603e-06
0.858 0.425303 5.11422e-06 0.425251 -4.05531e-06
0.86 0.42438 5.12441e-06 0.42433 -4.0645e-06
0.862 0.423459 5.13547e-06 0.423412 -4.07358e-06
0.864 0.422541 5.14738e-06 0.422497 -4.08255e-06
0.866 0.421625 5.16012e-06 0.421585 -4.09142e-06
0.868 0.420713 5.17362e-06 0.420676 -4.10022e-06
0.87 0.419803 5.18786e-06 0.419771 -4.10894e-06
0.872 0.418897 5.20282e-06 0.418869 -4.1176e-06
0.874 0.417994 5.21845e-06 0.417971 -4.12623e-06
0.876 0.417094 5.23471e-06 0.417076 -4.13486e-06
0.878 0.416197 5.25157e-06 0.416185 -4.14352e-06
0.88 0.415305 5.269e-06 0.415297 -4.15225e-06
0.882 0.414416 5.28694e-06 0.414414 -4.16109e-06
0.884 0.41353 5.30537e-06 0.413533 -4.17008e-06
0.886 0.412649 5.32426e-06 0.412657 -4.17925e-06
0.888 0.411772 5.34358e-06 0.411785 -4.18866e-06
0.89 0.410898 5.36329e-06 0.410916 -4.19835e-06
0.892 0.410029 5.38336e-06 0.410051 -4.20836e-06
0.894 0.409164 5.40375e-06 0.40919 -4.21876e-06
0.896 0.408302 5.42444e-06 0.408332 -4.22957e-06
0.898 0.407445 5.44541e-06 0.407478 -4.24086e-06
0.9 0.406592 5.46663e-06 0.406628 -4.25265e-06
0.902 0.405744 5.48808e-06 0.405781 -4.26499e-06
0.904 0.404899 5.50975e-06 0.404938 -4.27793e-06
0.906 0.404059 5.5316e-06 0.404098 -4.29148e-06
0.908 0.403222 5.55363e-06 0.403262 -4.30568e-06
0.91 0.40239 5.57581e-06 0.402429 -4.32056e-06
0.912 0.401562 5.59813e-06 0.401599 -4.33613e-06
0.914 0.400738 5.62059e-06 0.400773 -4.35239e-06
0.916 0.399918 5.64315e-06 0.39995 -4.36936e-06
0.918 0.399101 5.66581e-06 0.39913 -4.38705e-06
0.92 0.398289 5.68854e-06 0.398313 -4.40545e-06
0.922 0.39748 5.71133e-06 0.397499 -4.42457e-06
0.924 0.396675 5.73416e-06 0.396689 -4.44439e-06
0.926 0.395874 5.757e-06 0.395882 -4.46491e-06
0.928 0.395077 5.77985e-06 0.395078 -4.48611e-06
0.93 0.394283 5.80268e-06 0.394277 -4.50796e-06
0.932 0.393493 5.82547e-06 0.393479 -4.53043e-06
0.934 0.392707 5.8482e-06 0.392684 -4.55349e-06
0.936 0.391924 5.87086e-06 0.391892 -4.5771e-06
0.938 0.391144 5.89341e-06 0.391103 -4.60122e-06
0.94 0.390368 5.91583e-06 0.390318 -4.62581e-06
0.942 0.389596 5.93812e-06 0.389536 -4.65082e-06
0.944 0.388827 5.96023e-06 0.388757 -4.67619e-06
0.946 0.388061 5.98216e-06 0.387981 -4.70186e-06
0.948 0.387298 6.00387e-06 0.387209 -4.72778e-06
0.95 0.386539 6.02534e-06 0.38644 -4.75388e-06
0.952 0.385783 6.04655e-06 0.385675 -4.78011e-06
0.954 0.38503 6.06746e-06 0.384913 -4.8064e-06
0.956 0.38428 6.08804e-06 0.384155 -4.83268e-06
0.958 0.383533 6.10828e-06 0.3834 -4.8589e-06
0.96 0.382789 6.12814e-06 0.382649 -4.88497e-06
0.962 0.382048 6.14761e-06 0.381902 -4.91083e-06
0.964 0.38131 6.16665e-06 0.381158 -4.93641e-06
0.966 0.380575 6.18524e-06 0.380418 -4.96164e-06
0.968 0.379843 6.20333e-06 0.379682 -4.98644e-06
0.97 0.379113 6.22092e-06 0.37895 -5.01075e-06
0.972 0.378386 6.23797e-06 0.378221 -5.03451e-06
0.974 0.377661 6.25448e-06 0.377496 -5.05766e-06
0.976 0.376939 6.27042e-06 0.376775 -5.08016e-06
0.978 0.37622 6.28578e-06 0.376058 -5.10196e-06
0.98 0.375502 6.30056e-06 0.375344 -5.12304e-06
0.982 0.374787 6.31473e-06 0.374633 -5.14334e-06
0.984 0.374074 6.32826e-06 0.373926 -5.16283e-06
0.986 0.373364 6.34116e-06 0.373222 -5.18149e-06
0.988 0.372655 6.35341e-06 0.372521 -5.19929e-06
0.99 0.371949 6.36501e-06 0.371824 -5.21621e-06
0.992 0.371244 6.37595e-06 0.371129 -5.23225e-06
0.994 0.370541 6.38623e-06 0.370437 -5.24739e-06
0.996 0.369841 6.39581e-06 0.369748 -5.26163e-06
0.998 0.369141 6.40471e-06 0.369062 -5.27495e-06
1 0.368444 6.41295e-06 0.368378 -5.28738e-06
1.002 0.367748 6.42051e-06 0.367697 -5.29892e-06
1.004 0.367054 6.42743e-06 0.367017 -5.3096e-06
1.006 0.366362 6.4337e-06 0.36634 -5.31941e-06
1.008 0.365671 6.43934e-06 0.365664 -5.3284e-06
1.01 0.364982 6.44437e-06 0.364991 -5.33659e-06
1.012 0.364294 6.44882e-06 0.364319 -5.34399e-06
1.014 0.363608 6.4527e-06 0.363648 -5.35064e-06
1.016 0.362923 6.45603e-06 0.362979 -5.35658e-06
1.018 0.36224 6.45886e-06 0.362311 -5.36183e-06
1.02 0.361559 6.4612e-06 0.361644 -5.36642e-06
1.022 0.360879 6.46309e-06 0.360979 -5.3704e-06
1.024 0.360201 6.46456e-06 0.360314 -5.3738e-06
1.026 0.359525 6.46564e-06 0.35965 -5.37665e-06
1.028 0.358851 6.46636e-06 0.358987 -5.37899e-06
1.03 0.358178 6.46675e-06 0.358325 -5.38083e-06
1.032 0.357507 6.46684e-06 0.357664 -5.38222e-06
1.034 0.356839 6.46665e-06 0.357004 -5.38318e-06
1.036 0.356172 6.46621e-06 0.356344 -5.38373e-06
1.038 0.355508 6.46554e-06 0.355686 -5.38389e-06
1.04 0.354845 6.46467e-06 0.355028 -5.38367e-06
1.042 0.354185 6.46362e-06 0.354371 -5.38309e-06
1.044 0.353528 6.46241e-06 0.353715 -5.38218e-06
1.046 0.352873 6.46104e-06 0.35306 -5.38093e-06
1.048 0.35222 6.45954e-06 0.352406 -5.37936e-06
1.05 0.35157 6.45789e-06 0.351754 -5.37746e-06
1.052 0.350923 6.4561e-06 0.351102 -5.37522e-06
1.054 0.350278 6.45416e-06 0.350452 -5.37266e-06
1.056 0.349637 6.45206e-06 0.349804 -5.36976e-06
1.058 0.348998 6.44977e-06 0.349157 -5.36651e-06
1.06 0.348361 6.44729e-06 0.348512 -5.36289e-06
1.062 0.347728 6.44457e-06 0.347869 -5.35889e-06
1.064 0.347098 6.4416e-06 0.347229 -5.35449e-06
1.066 0.34647 6.43833e-06 0.34659 -5.34966e-06
1.068 0.345846 6.43472e-06 0.345953 -5.34438e-06
1.07 0.345224 6.43073e-06 0.345319 -5.3386e-06
1.072 0.344606 6.42632e-06 0.344687 -5.33232e-06
1.074 0.34399 6.42144e-06 0.344058 -5.32548e-06
1.076 0.343376 6.41605e-06 0.343431 -5.31809e-06
1.078 0.342766 6.41008e-06 0.342807 -5.31008e-06
1.08 0.342158 6.4035e-06 0.342186 -5.30142e-06
1.082 0.341553 6.39624e-06 0.341567 -5.29209e-06
1.084 0.34095 6.38826e-06 0.340951 -5.28205e-06
1.086 0.34035 6.37951e-06 0.340338 -5.27126e-06
1.088 0.339752 6.36994e-06 0.339727 -5.25969e-06
1.09 0.339155 6.35949e-06 0.339119 -5.24732e-06
1.092 0.338561 6.34817e-06 0.338514 -5.23425e-06
1.094 0.337968 6.33583e-06 0.33791 -5.22033e-06
1.096 0.337377 6.32242e-06 0.33731 -5.20551e-06
1.098 0.336788 6.30792e-06 0.336711 -5.18976e-06
1.1 0.336199 6.29233e-06 0.336115 -5.17305e-06
1.102 0.335612 6.27563e-06 0.335521 -5.15539e-06
1.104 0.335025 6.25782e-06 0.334928 -5.13676e-06
1.106 0.334439 6.23889e-06 0.334337 -5.11717e-06
1.108 0.333854 6.21884e-06 0.333748 -5.09663e-06
1.11 0.333268 6.19766e-06 0.33316 -5.07513e-06
1.112 0.332683 6.17536e-06 0.332572 -5.05268e-06
1.114 0.332097 6.15192e-06 0.331986 -5.02931e-06
1.116 0.331511 6.12737e-06 0.3314 -5.00501e-06
1.118 0.330925 6.10171e-06 0.330815 -4.97982e-06
1.12 0.330337 6.07493e-06 0.33023 -4.95374e-06
1.122 0.329749 6.04706e-06 0.329645 -4.92679e-06
1.124 0.32916 6.01811e-06 0.32906 -4.899e-06
1.126 0.328569 5.98811e-06 0.328475 -4.87038e-06
1.128 0.327978 5.95707e-06 0.327889 -4.84095e-06
1.13 0.327384 5.92503e-06 0.327302 -4.81075e-06
1.132 0.32679 5.89212e-06 0.326714 -4.77979e-06
1.134 0.326194 5.85827e-06 0.326126 -4.74811e-06
1.136 0.325596 5.82352e-06 0.325536 -4.71573e-06
1.138 0.324997 5.78792e-06 0.324945 -4.68268e-06
1.14 0.324396 5.75151e-06 0.324353 -4.649e-06
1.142 0.323794 5.71434e-06 0.323759 -4.61469e-06
1.144 0.32319 5.67646e-06 0.323164 -4.5798e-06
1.146 0.322586 5.63795e-06 0.322568 -4.54435e-06
1.148 0.321979 5.59884e-06 0.32197 -4.50835e-06
1.15 0.321372 5.5592e-06 0.321371 -4.47185e-06
1.152 0.320764 5.51909e-06 0.32077 -4.43485e-06
1.154 0.320155 5.47858e-06 0.320168 -4.39739e-06
1.156 0.319545 5.43771e-06 0.319565 -4.35949e-06
1.158 0.318934 5.39655e-06 0.318961 -4.32118e-06
1.16 0.318323 5.35515e-06 0.318356 -4.28246e-06
1.162 0.317712 5.31357e-06 0.31775 -4.24335e-06
1.164 0.317101 5.27187e-06 0.317143 -4.20387e-06
1.166 0.316491 5.23008e-06 0.316536 -4.16404e-06
1.168 0.31588 5.18827e-06 0.315928 -4.12386e-06
1.17 0.31527 5.14646e-06 0.31532 -4.08335e-06
1.172 0.314661 5.1047e-06 0.314712 -4.04251e-06
1.174 0.314053 5.06302e-06 0.314104 -4.00135e-06
1.176 0.313446 5.02145e-06 0.313497 -3.9599e-06
1.178 0.31284 4.98001e-06 0.31289 -3.91816e-06
1.18 0.312236 4.93871e-06 0.312283 -3.87613e-06
1.182 0.311634 4.89757e-06 0.311678 -3.83383e-06
1.184 0.311033 4.85659e-06 0.311074 -3.79126e-06
1.186 0.310434 4.81577e-06 0.310471 -3.74844e-06
1.188 0.309837 4.77512e-06 0.309869 -3.70537e-06
1.19 0.309242 4.73461e-06 0.309269 -3.66205e-06
1.192 0.308649 4.69424e-06 0.308671 -3.61849e-06
1.194 0.308059 4.65399e-06 0.308074 -3.57471e-06
1.196 0.30747 4.61383e-06 0.307479 -3.53069e-06
1.198 0.306884 4.57374e-06 0.306886 -3.48646e-06
1.2 0.3063 4.53369e-06 0.306295 -3.44202e-06
1.202 0.305718 4.49365e-06 0.305705 -3.39737e-06
1.204 0.305139 4.45358e-06 0.305118 -3.35251e-06
1.206 0.304561 4.41344e-06 0.304533 -3.30746e-06
1.208 0.303985 4.3732e-06 0.30395 -3.26221e-06
1.21 0.303411 4.33281e-06 0.303368 -3.21678e-06
1.212 0.302839 4.29223e-06 0.302788 -3.17116e-06
1.214 0.302268 4.25141e-06 0.30221 -3.12536e-06
1.216 0.301698 4.21032e-06 0.301634 -3.07939e-06
1.218 0.301129 4.16891e-06 0.301058 -3.03326e-06
1.22 0.300562 4.12714e-06 0.300484 -2.98697e-06
1.222 0.299995 4.08497e-06 0.299911 -2.94053e-06
1.224 0.299428 4.04237e-06 0.299339 -2.89395e-06
1.226 0.298862 3.99929e-06 0.298768 -2.84724e-06
1.228 0.298296 3.95571e-06 0.298197 -2.80041e-06
1.23 0.297729 3.91159e-06 0.297626 -2.75349e-06
1.232 0.297163 3.86691e-06 0.297056 -2.70648e-06
1.234 0.296595 3.82166e-06 0.296485 -2.65941e-06
1.236 0.296027 3.7758e-06 0.295913 -2.6123e-06
1.238 0.295457 3.72934e-06 0.295341 -2.56516e-06
1.24 0.294887 3.68226e-06 0.294769 -2.51803e-06
1.242 0.294314 3.63457e-06 0.294195 -2.47091e-06
1.244 0.293741 3.58627e-06 0.29362 -2.42384e-06
1.246 0.293165 3.53737e-06 0.293043 -2.37684e-06
1.248 0.292587 3.48789e-06 0.292465 -2.32995e-06
1.25 0.292008 3.43784e-06 0.291885 -2.28319e-06
1.252 0.291426 3.38725e-06 0.291303 -2.23657e-06
1.254 0.290842 3.33616e-06 0.29072 -2.19013e-06
1.256 0.290256 3.2846e-06 0.290134 -2.14388e-06
1.258 0.289667 3.23262e-06 0.289546 -2.09785e-06
1.26 0.289076 3.18025e-06 0.288956 -2.05207e-06
1.262 0.288483 3.12754e-06 0.288363 -2.00654e-06
1.264 0.287887 3.07456e-06 0.287769 -1.9613e-06
1.266 0.28729 3.02134e-06 0.287172 -1.91635e-06
1.268 0.28669 2.96796e-06 0.286573 -1.8717e-06
1.27 0.286088 2.91446e-06 0.285972 -1.82738e-06
1.272 0.285484 2.86091e-06 0.285369 -1.78338e-06
1.274 0.284878 2.80737e-06 0.284765 -1.73972e-06
1.276 0.284271 2.75391e-06 0.284158 -1.6964e-06
1.278 0.283663 2.70058e-06 0.283551 -1.65342e-06
1.28 0.283053 2.64745e-06 0.282942 -1.61077e-06
1.282 0.282442 2.59458e-06 0.282331 -1.56846e-06
1.284 0.28183 2.54204e-06 0.28172 -1.52647e-06
1.286 0.281218 2.48988e-06 0.281108 -1.48481e-06
1.288 0.280605 2.43817e-06 0.280496 -1.44346e-06
1.29 0.279993 2.38696e-06 0.279884 -1.4024e-06
1.292 0.27938 2.33631e-06 0.279271 -1.36163e-06
1.294 0.278768 2.28627e-06 0.278659 -1.32114e-06
1.296 0.278156 2.23688e-06 0.278047 -1.2809e-06
1.298 0.277545 2.18819e-06 0.277436 -1.24091e-06
1.3 0.276936 2.14025e-06 0.276826 -1.20115e-06
1.302 0.276327 2.09308e-06 0.276218 -1.16161e-06
1.304 0.27572 2.04672e-06 0.275611 -1.12227e-06
1.306 0.275115 2.00118e-06 0.275005 -1.08313e-06
1.308 0.274512 1.95649e-06 0.274401 -1.04416e-06
1.31 0.27391 1.91267e-06 0.2738 -1.00537e-06
1.312 0.273311 1.86971e-06 0.2732 -9.66739e-07
1.314 0.272713 1.82762e-06 0.272603 -9.28272e-07
1.316 0.272119 1.7864e-06 0.272008 -8.89962e-07
1.318 0.271526 1.74604e-06 0.271415 -8.51807e-07
1.32 0.270936 1.70653e-06 0.270826 -8.1381e-07
1.322 0.270349 1.66785e-06 0.270239 -7.75974e-07
1.324 0.269764 1.62998e-06 0.269654 -7.38306e-07
1.326 0.269181 1.59289e-06 0.269072 -7.00814e-07
1.328 0.268601 1.55657e-06 0.268493 -6.63508e-07
1.33 0.268024 1.52097e-06 0.267916 -6.26404e-07
1.332 0.267449 1.48607e-06 0.267342 -5.89515e-07
1.334 0.266876 1.45191e-06 0.26677 -5.52917e-07
1.336 0.266306 1.41838e-06 0.2662 -5.16565e-07
1.338 0.265737 1.38544e-06 0.265633 -4.80484e-07
1.34 0.26517 1.35307e-06 0.265067 -4.447e-07
1.342 0.264605 1.32122e-06 0.264504 -4.09243e-07
1.344 0.264042 1.28988e-06 0.263942 -3.7414e-07
1.346 0.263479 1.259e-06 0.263382 -3.39422e-07
1.348 0.262918 1.22856e-06 0.262823 -3.05116e-07
1.35 0.262358 1.19853e-06 0.262265 -2.71252e-07
1.352 0.261799 1.16888e-06 0.261708 -2.3786e-07
1.354 0.261241 1.13959e-06 0.261152 -2.04967e-07
1.356 0.260683 1.11064e-06 0.260597 -1.72602e-07
1.358 0.260125 1.082e-06 0.260041 -1.40792e-07
1.36 0.259567 1.05366e-06 0.259486 -1.09565e-07
1.362 0.25901 1.02561e-06 0.258931 -7.89457e-08
1.364 0.258452 9.97827e-07 0.258376 -4.89594e-08
1.366 0.257895 9.70305e-07 0.257821 -1.96298e-08
1.368 0.257336 9.43037e-07 0.257265 9.02087e-09
1.37 0.256778 9.16018e-07 0.256708 3.6972e-08
1.372 0.256219 8.89245e-07 0.256151 6.42045e-08
1.374 0.255659 8.62719e-07 0.255592 9.07017e-08
1.376 0.255098 8.3644e-07 0.255033 1.16448e-07
1.378 0.254537 8.10414e-07 0.254474 1.41431e-07
1.38 0.253975 7.8465e-07 0.253913 1.65636e-07
1.382 0.253413 7.59154e-07 0.253351 1.89061e-07
1.384 0.252849 7.3394e-07 0.252788 2.11701e-07
1.386 0.252285 7.09018e-07 0.252224 2.33556e-07
1.388 0.25172 6.84405e-07 0.251659 2.54626e-07
1.39 0.251155 6.60116e-07 0.251094 2.74917e-07
1.392 0.250589 6.36168e-07 0.250528 2.94434e-07
1.394 0.250023 6.1258e-07 0.249961 3.13189e-07
1.396 0.249457 5.89371e-07 0.249394 3.31194e-07
1.398 0.24889 5.66562e-07 0.248826 3.48464e-07
1.4 0.248324 5.44173e-07 0.248258 3.65017e-07
1.402 0.247758 5.22226e-07 0.247691 3.80871e-07
1.404 0.247192 5.00741e-07 0.247123 3.96047e-07
1.406 0.246626 4.79739e-07 0.246556 4.10568e-07
1.408 0.246061 4.59241e-07 0.245989 4.24455e-07
1.41 0.245497 4.39268e-07 0.245423 4.37732e-07
1.412 0.244934 4.19839e-07 0.244857 4.50423e-07
1.414 0.244372 4.00974e-07 0.244293 4.6255e-07
1.416 0.243811 3.82689e-07 0.243731 4.74137e-07
1.418 0.243252 3.65003e-07 0.243169 4.85207e-07
1.42 0.242694 3.47931e-07 0.24261 4.9578e-07
1.422 0.242139 3.31488e-07 0.242052 5.05878e-07
1.424 0.241585 3.15686e-07 0.241496 5.1552e-07
1.426 0.241033 3.00537e-07 0.240943 5.24725e-07
1.428 0.240483 2.86052e-07 0.240392 5.33511e-07
1.43 0.239936 2.72238e-07 0.239843 5.41894e-07
1.432 0.239391 2.59101e-07 0.239297 5.49888e-07
1.434 0.238849 2.46645e-07 0.238754 5.57507e-07
1.436 0.238309 2.34873e-07 0.238213 5.64765e-07
1.438 0.237772 2.23784e-07 0.237676 5.71673e-07
1.44 0.237237 2.13376e-07 0.237141 5.7824e-07
1.442 0.236705 2.03644e-07 0.236609 5.84476e-07
1.444 0.236177 1.94859e-07 0.236081 5.89928e-07
1.446 0.23565 1.86603e-07 0.235555 5.95279e-07
1.448 0.235127 1.78887e-07 0.235033 6.00498e-07
1.45 0.234606 1.7172e-07 0.234513 6.05558e-07
1.452 0.234087 1.65102e-07 0.233996 6.10434e-07
1.454 0.233572 1.59035e-07 0.233482 6.15107e-07
1.456 0.233058 1.53513e-07 0.232971 6.19556e-07
1.458 0.232548 1.4853e-07 0.232463 6.23766e-07
1.46 0.232039 1.44078e-07 0.231957 6.27718e-07
1.462 0.231534 1.40146e-07 0.231454 6.31396e-07
1.464 0.23103 1.36721e-07 0.230954 6.34786e-07
1.466 0.230529 1.3379e-07 0.230456 6.37871e-07
1.468 0.230029 1.31338e-07 0.22996 6.40637e-07
1.47 0.229532 1.2935e-07 0.229466 6.43067e-07
1.472 0.229037 1.27808e-07 0.228974 6.45148e-07
1.474 0.228544 1.26695e-07 0.228484 6.46865e-07
1.476 0.228053 1.25995e-07 0.227996 6.48203e-07
1.478 0.227563 1.2569e-07 0.22751 6.49149e-07
1.48 0.227075 1.25761e-07 0.227025 6.49691e-07
1.482 0.226589 1.26191e-07 0.226542 6.49817e-07
1.484 0.226104 1.26963e-07 0.22606 6.49518e-07
1.486 0.22562 1.28057e-07 0.225579 6.48785e-07
1.488 0.225138 1.29567e-07 0.2251 6.47692e-07
1.49 0.224657 1.31368e-07 0.224621 6.4616e-07
1.492 0.224178 1.33442e-07 0.224144 6.44187e-07
1.494 0.2237 1.35774e-07 0.223668 6.41771e-07
1.496 0.223223 1.38347e-07 0.223192 6.3891e-07
1.498 0.222747 1.41146e-07 0.222718 6.35609e-07
1.5 0.222273 1.44156e-07 0.222244 6.3187e-07
1.502 0.2218 1.47364e-07 0.221772 6.277e-07
1.504 0.221328 1.50755e-07 0.2213 6.23106e-07
1.506 0.220858 1.54318e-07 0.220829 6.18099e-07
1.508 0.220389 1.58039e-07 0.220358 6.1269e-07
1.51 0.219921 1.61908e-07 0.219889 6.06892e-07
1.512 0.219454 1.65914e-07 0.219421 6.00719e-07
1.514 0.218989 1.70045e-07 0.218954 5.94187e-07
1.516 0.218526 1.74295e-07 0.218487 5.87312e-07
1.518 0.218064 1.78654e-07 0.218022 5.80112e-07
1.52 0.217604 1.83116e-07 0.217558 5.72603e-07
1.522 0.217145 1.87676e-07 0.217095 5.64802e-07
1.524 0.216688 1.92329e-07 0.216634 5.56727e-07
1.526 0.216232 1.97072e-07 0.216174 5.48395e-07
1.528 0.215778 2.01902e-07 0.215715 5.39821e-07
1.53 0.215326 2.06815e-07 0.215258 5.31022e-07
1.532 0.214876 2.11354e-07 0.214802 5.22058e-07
1.534 0.214428 2.15769e-07 0.214348 5.13031e-07
1.536 0.213981 2.20228e-07 0.213895 5.03974e-07
1.538 0.213537 2.24843e-07 0.213445 4.94874e-07
1.54 0.213094 2.29606e-07 0.212996 4.85695e-07
1.542 0.212653 2.34641e-07 0.212549 4.76404e-07
1.544 0.212214 2.39966e-07 0.212104 4.66976e-07
1.546 0.211777 2.45581e-07 0.211661 4.57401e-07
1.548 0.211342 2.51472e-07 0.211219 4.47679e-07
1.55 0.210909 2.57619e-07 0.21078 4.3782e-07
1.552 0.210477 2.63989e-07 0.210343 4.27848e-07
1.554 0.210048 2.70563e-07 0.209908 4.17778e-07
1.556 0.20962 2.77314e-07 0.209475 4.07633e-07
1.558 0.209194 2.8422e-07 0.209044 3.97437e-07
1.56 0.208769 2.91256e-07 0.208615 3.87211e-07
1.562 0.208347 2.98513e-07 0.208188 3.77032e-07
1.564 0.207926 3.05859e-07 0.207763 3.66886e-07
1.566 0.207506 3.13272e-07 0.20734 3.56794e-07
1.568 0.207088 3.2073e-07 0.206919 3.46774e-07
1.57 0.206671 3.28208e-07 0.2065 3.36848e-07
1.572 0.206256 3.35676e-07 0.206083 3.27042e-07
1.574 0.205842 3.43103e-07 0.205668 3.17386e-07
1.576 0.20543 3.50454e-07 0.205255 3.07916e-07
1.578 0.205019 3.57698e-07 0.204843 2.98672e-07
1.58 0.204609 3.64943e-07 0.204433 2.89713e-07
1.582 0.204201 3.72009e-07 0.204025 2.81073e-07
1.584 0.203794 3.78879e-07 0.203619 2.72786e-07
1.586 0.203388 3.85544e-07 0.203214 2.64879e-07
1.588 0.202983 3.92001e-07 0.202811 2.57369e-07
1.59 0.20258 3.98254e-07 0.20241 2.50287e-07
1.592 0.202178 4.0431e-07 0.20201 2.43629e-07
1.594 0.201778 4.10186e-07 0.201612 2.37375e-07
1.596 0.201379 4.15832e-07 0.201216 2.31569e-07
1.598 0.200981 4.21311e-07 0.200821 2.26153e-07
1.6 0.200585 4.26694e-07 0.200428 2.21033e-07
1.602 0.20019 4.32064e-07 0.200036 2.16095e-07
1.604 0.199797 4.37508e-07 0.199646 2.1122e-07
1.606 0.199406 4.43114e-07 0.199258 2.06297e-07
1.608 0.199016 4.48953e-07 0.198871 2.01229e-07
1.61 0.198628 4.55077e-07 0.198485 1.95937e-07
1.612 0.198242 4.6151e-07 0.198101 1.90357e-07
1.614 0.197858 4.68251e-07 0.197719 1.84441e-07
1.616 0.197475 4.75274e-07 0.197338 1.78152e-07
1.618 0.197095 4.82533e-07 0.19696 1.71468e-07
1.62 0.196716 4.89981e-07 0.196582 1.64376e-07
1.622 0.19634 4.97564e-07 0.196207 1.56878e-07
1.624 0.195966 5.05233e-07 0.195833 1.48991e-07
1.626 0.195594 5.12947e-07 0.195461 1.40749e-07
1.628 0.195224 5.2067e-07 0.195092 1.32203e-07
1.63 0.194857 5.28376e-07 0.194723 1.23422e-07
1.632 0.194492 5.3604e-07 0.194357 1.14489e-07
1.634 0.194129 5.43638e-07 0.193993 1.055e-07
1.636 0.193768 5.51145e-07 0.193631 9.65575e-08
1.638 0.193409 5.58529e-07 0.19327 8.77714e-08
1.64 0.193053 5.65753e-07 0.192912 7.92504e-08
1.642 0.192699 5.72771e-07 0.192555 7.11006e-08
1.644 0.192346 5.79535e-07 0.192201 6.3422e-08
1.646 0.191996 5.85989e-07 0.191848 5.63054e-08
1.648 0.191648 5.92075e-07 0.191497 4.98307e-08
1.65 0.191302 5.97736e-07 0.191147 4.40649e-08
1.652 0.190957 6.02915e-07 0.190799 3.90612e-08
1.654 0.190614 6.0756e-07 0.190453 3.48583e-08
1.656 0.190273 6.11622e-07 0.190108 3.14795e-08
1.658 0.189933 6.15061e-07 0.189764 2.89328e-08
1.66 0.189594 6.17847e-07 0.189422 2.72098e-08
1.662 0.189257 6.19958e-07 0.189081 2.6285e-08
1.664 0.18892 6.21388e-07 0.188741 2.6114e-08
1.666 0.188585 6.22143e-07 0.188401 2.66314e-08
1.668 0.18825 6.2225e-07 0.188063 2.77473e-08
1.67 0.187915 6.21701e-07 0.187725 2.94913e-08
1.672 0.187581 6.20633e-07 0.187388 3.15938e-08
1.674 0.187247 6.204e-07 0.187051 3.52895e-08
1.676 0.186914 6.18841e-07 0.186714 3.82747e-08
1.678 0.18658 6.1594e-07 0.186377 4.09245e-08
1.68 0.186245 6.12184e-07 0.186041 4.32954e-08
1.682 0.185911 6.07752e-07 0.185705 4.54829e-08
1.684 0.185576 6.02841e-07 0.185368 4.74929e-08
1.686 0.185241 5.97668e-07 0.185031 4.92327e-08
1.688 0.184905 5.97295e-07 0.184694 4.65319e-08
1.69 0.184569 5.95212e-07 0.184356 4.30685e-08
1.692 0.184231 5.90529e-07 0.184019 4.1079e-08
1.694 0.183893 5.84221e-07 0.18368 4.07029e-08
1.696 0.183554 5.7681e-07 0.183341 4.18462e-08
1.698 0.183214 5.68738e-07 0.183002 4.43628e-08
1.7 0.182873 5.60362e-07 0.182662 4.80735e-08
1.702 0.182531 5.51966e-07 0.182321 5.2783e-08
1.704 0.182189 5.43756e-07 0.18198 5.82948e-08
1.706 0.181845 5.35873e-07 0.181639 6.44224e-08
1.708 0.181502 5.28398e-07 0.181297 7.09986e-08
1.71 0.181157 5.21362e-07 0.180955 7.78811e-08
1.712 0.180812 5.14751e-07 0.180613 8.49551e-08
1.714 0.180467 5.08516e-07 0.180271 9.21347e-08
1.716 0.180122 5.02585e-07 0.179928 9.93617e-08
1.718 0.179777 4.96863e-07 0.179586 1.06603e-07
1.72 0.179431 4.91245e-07 0.179244 1.1385e-07
1.722 0.179087 4.85618e-07 0.178902 1.2111e-07
1.724 0.178742 4.79868e-07 0.178561 1.28409e-07
1.726 0.178399 4.73882e-07 0.178221 1.35783e-07
1.728 0.178056 4.67553e-07 0.177881 1.43277e-07
1.73 0.177714 4.60781e-07 0.177542 1.50943e-07
1.732 0.177374 4.5214e-07 0.177205 1.59007e-07
1.734 0.177035 4.43542e-07 0.176869 1.67333e-07
1.736 0.176697 4.34638e-07 0.176534 1.75849e-07
1.738 0.176361 4.25346e-07 0.1762 1.84673e-07
1.74 0.176027 4.1559e-07 0.175869 1.93899e-07
1.742 0.175696 4.05308e-07 0.175538 2.03606e-07
1.744 0.175366 3.94446e-07 0.17521 2.13851e-07
1.746 0.175038 3.8296e-07 0.174884 2.24675e-07
1.748 0.174713 3.70813e-07 0.174559 2.36102e-07
1.75 0.17439 3.57972e-07 0.174237 2.4814e-07
1.752 0.17407 3.44411e-07 0.173917 2.60786e-07
1.754 0.173752 3.30107e-07 0.173599 2.74028e-07
1.756 0.173437 3.15043e-07 0.173283 2.87846e-07
1.758 0.173124 2.99208e-07 0.172969 3.02218e-07
1.76 0.172813 2.82603e-07 0.172657 3.17119e-07
1.762 0.172505 2.65239e-07 0.172347 3.32522e-07
1.764 0.172199 2.47142e-07 0.17204 3.48399e-07
1.766 0.171895 2.28354e-07 0.171734 3.64719e-07
1.768 0.171594 2.08936e-07 0.17143 3.81445e-07
1.77 0.171294 1.88965e-07 0.171128 3.98536e-07
1.772 0.170996 1.6853e-07 0.170827 4.15943e-07
1.774 0.1707 1.47733e-07 0.170528 4.33612e-07
1.776 0.170405 1.26727e-07 0.17023 4.51432e-07
1.778 0.170111 1.05602e-07 0.169933 4.69396e-07
1.78 0.169817 8.44545e-08 0.169636 4.87438e-07
1.782 0.169525 6.33748e-08 0.169341 5.05496e-07
1.784 0.169233 4.24421e-08 0.169046 5.23509e-07
1.786 0.168941 2.17221e-08 0.168751 5.41427e-07
1.788 0.168649 1.26492e-09 0.168456 5.59209e-07
1.79 0.168357 -1.88959e-08 0.168161 5.76829e-07
1.792 0.168064 -3.87442e-08 0.167865 5.94275e-07
1.794 0.167771 -5.82807e-08 0.167569 6.11552e-07
1.796 0.167476 -7.7494e-08 0.167272 6.28633e-07
1.798 0.16718 -9.64741e-08 0.166973 6.45607e-07
1.8 0.166882 -1.15261e-07 0.166674 6.6252e-07
1.802 0.166582 -1.33907e-07 0.166372 6.79432e-07
1.804 0.166281 -1.52471e-07 0.16607 6.96412e-07
1.806 0.165978 -1.7102e-07 0.165765 7.13536e-07
1.808 0.165672 -1.89624e-07 0.165459 7.30885e-07
1.81 0.165364 -2.08354e-07 0.16515 7.4854e-07
1.812 0.165054 -2.27275e-07 0.164839 7.66582e-07
1.814 0.164741 -2.46449e-07 0.164527 7.85083e-07
1.816 0.164425 -2.65921e-07 0.164212 8.04111e-07
1.818 0.164107 -2.85725e-07 0.163894 8.23716e-07
1.82 0.163786 -3.05878e-07 0.163575 8.43935e-07
1.822 0.163463 -3.2638e-07 0.163253 8.64783e-07
1.824 0.163137 -3.47215e-07 0.162929 8.86259e-07
1.826 0.162809 -3.68361e-07 0.162603 9.08341e-07
1.828 0.162479 -3.8979e-07 0.162274 9.30991e-07
1.83 0.162146 -4.11483e-07 0.161944 9.54154e-07
1.832 0.161812 -4.3344e-07 0.161613 9.7774e-07
1.834 0.161476 -4.5712e-07 0.161279 1.00012e-06
1.836 0.161138 -4.80764e-07 0.160945 1.0233e-06
1.838 0.160798 -5.04374e-07 0.160609 1.04714e-06
1.84 0.160458 -5.28247e-07 0.160272 1.07155e-06
1.842 0.160117 -5.52207e-07 0.159935 1.09645e-06
1.844 0.159776 -5.7631e-07 0.159597 1.12178e-06
1.846 0.159434 -6.00519e-07 0.159259 1.14697e-06
1.848 0.159092 -6.25008e-07 0.158921 1.17262e-06
1.85 0.15875 -6.49795e-07 0.158583 1.19866e-06
1.852 0.158409 -6.74883e-07 0.158245 1.22502e-06
1.854 0.158069 -7.00256e-07 0.157909 1.25164e-06
1.856 0.15773 -7.25883e-07 0.157573 1.27847e-06
1.858 0.157392 -7.51714e-07 0.157239 1.30541e-06
1.86 0.157056 -7.77686e-07 0.156906 1.33241e-06
1.862 0.156721 -8.03719e-07 0.156575 1.3594e-06
1.864 0.156389 -8.29723e-07 0.156246 1.38629e-06
1.866 0.156059 -8.55602e-07 0.155918 1.41304e-06
1.868 0.155731 -8.81263e-07 0.155593 1.43958e-06
1.87 0.155405 -9.06619e-07 0.155271 1.46587e-06
1.872 0.155083 -9.316e-07 0.15495 1.49189e-06
1.874 0.154762 -9.56154e-07 0.154632 1.51761e-06
1.876 0.154445 -9.80258e-07 0.154317 1.54302e-06
1.878 0.15413 -1.00441e-06 0.154005 1.56788e-06
1.88 0.153818 -1.02807e-06 0.153695 1.59239e-06
1.882 0.153509 -1.05125e-06 0.153387 1.61653e-06
1.884 0.153203 -1.07398e-06 0.153082 1.64031e-06
1.886 0.152899 -1.09629e-06 0.15278 1.66368e-06
1.888 0.152598 -1.1182e-06 0.152479 1.68663e-06
1.89 0.152299 -1.13974e-06 0.152181 1.70911e-06
1.892 0.152002 -1.16093e-06 0.151885 1.73107e-06
1.894 0.151707 -1.18179e-06 0.151591 1.75245e-06
1.896 0.151414 -1.20253e-06 0.151299 1.77305e-06
1.898 0.151122 -1.22286e-06 0.151008 1.79296e-06
1.9 0.150832 -1.24275e-06 0.150718 1.81215e-06
1.902 0.150543 -1.26221e-06 0.150429 1.83057e-06
1.904 0.150255 -1.2812e-06 0.150141 1.8482e-06
1.906 0.149967 -1.29935e-06 0.149853 1.86525e-06
1.908 0.14968 -1.31706e-06 0.149566 1.8815e-06
1.91 0.149392 -1.33433e-06 0.149278 1.89699e-06
1.912 0.149104 -1.35113e-06 0.14899 1.91173e-06
1.914 0.148816 -1.36743e-06 0.148702 1.92582e-06
1.916 0.148527 -1.38321e-06 0.148412 1.93938e-06
1.918 0.148237 -1.39846e-06 0.148122 1.95251e-06
1.92 0.147945 -1.4132e-06 0.14783 1.96531e-06
1.922 0.147652 -1.42744e-06 0.147537 1.9779e-06
1.924 0.147358 -1.4412e-06 0.147242 1.99042e-06
1.926 0.147061 -1.45453e-06 0.146945 2.00298e-06
1.928 0.146762 -1.46749e-06 0.146647 2.01568e-06
1.93 0.146461 -1.48014e-06 0.146345 2.02862e-06
1.932 0.146158 -1.49258e-06 0.146042 2.04187e-06
1.934 0.145852 -1.5049e-06 0.145736 2.05547e-06
1.936 0.145544 -1.51722e-06 0.145428 2.06944e-06
1.938 0.145233 -1.52969e-06 0.145117 2.08378e-06
1.94 0.14492 -1.54242e-06 0.144804 2.09848e-06
1.942 0.144604 -1.55554e-06 0.144488 2.11353e-06
1.944 0.144286 -1.56918e-06 0.14417 2.12891e-06
1.946 0.143966 -1.58337e-06 0.143849 2.14463e-06
1.948 0.143643 -1.59815e-06 0.143527 2.16071e-06
1.95 0.143318 -1.61353e-06 0.143202 2.17718e-06
1.952 0.142991 -1.62949e-06 0.142875 2.19405e-06
1.954 0.142662 -1.64599e-06 0.142547 2.21136e-06
1.956 0.142332 -1.66316e-06 0.142216 2.22902e-06
1.958 0.142001 -1.68068e-06 0.141885 2.24713e-06
1.96 0.141668 -1.6985e-06 0.141552 2.26567e-06
1.962 0.141335 -1.71654e-06 0.141219 2.28459e-06
1.964 0.141 -1.73474e-06 0.140884 2.3038e-06
1.966 0.140666 -1.75303e-06 0.14055 2.32319e-06
1.968 0.140332 -1.77137e-06 0.140215 2.34263e-06
1.97 0.139997 -1.78977e-06 0.139881 2.3619e-06
1.972 0.139664 -1.80854e-06 0.139547 2.38075e-06
1.974 0.139331 -1.82716e-06 0.139214 2.39922e-06
1.976 0.138999 -1.84566e-06 0.138881 2.4171e-06
1.978 0.138668 -1.86406e-06 0.13855 2.43419e-06
1.98 0.138338 -1.88238e-06 0.138221 2.45032e-06
1.982 0.138011 -1.90066e-06 0.137893 2.46543e-06
1.984 0.137685 -1.9189e-06 0.137567 2.47926e-06
1.986 0.137362 -1.93712e-06 0.137243 2.49169e-06
1.988 0.13704 -1.95535e-06 0.136921 2.50262e-06
1.99 0.136722 -1.97363e-06 0.136602 2.51199e-06
1.992 0.136405 -1.99197e-06 0.136286 2.51975e-06
1.994 0.136092 -2.01039e-06 0.135972 2.5259e-06
1.996 0.135781 -2.02891e-06 0.135661 2.53045e-06
1.998 0.135473 -2.04767e-06 0.135353 2.53338e-06
2 0.135168 -2.06652e-06 0.135048 2.53484e-06
2.002 0.134866 -2.08544e-06 0.134746 2.53489e-06
2.004 0.134567 -2.10441e-06 0.134447 2.53366e-06
2.006 0.13427 -2.12342e-06 0.13415 2.53128e-06
2.008 0.133976 -2.14234e-06 0.133857 2.52805e-06
2.01 0.133685 -2.16126e-06 0.133566 2.52397e-06
2.012 0.133396 -2.18009e-06 0.133278 2.51919e-06
2.014 0.13311 -2.19875e-06 0.132992 2.51391e-06
2.016 0.132826 -2.21716e-06 0.132709 2.50832e-06
2.018 0.132544 -2.23522e-06 0.132428 2.50263e-06
2.02 0.132264 -2.25285e-06 0.132149 2.49703e-06
2.022 0.131985 -2.26993e-06 0.131872 2.4917e-06
2.024 0.131708 -2.28642e-06 0.131596 2.48683e-06
2.026 0.131433 -2.3022e-06 0.131322 2.48254e-06
2.028 0.131158 -2.3172e-06 0.131049 2.47893e-06
2.03 0.130885 -2.33137e-06 0.130777 2.47609e-06
2.032 0.130612 -2.34465e-06 0.130505 2.47408e-06
2.034 0.13034 -2.35703e-06 0.130235 2.4729e-06
2.036 0.130067 -2.36849e-06 0.129964 2.47256e-06
2.038 0.129795 -2.37905e-06 0.129694 2.47301e-06
2.04 0.129523 -2.38873e-06 0.129423 2.4742e-06
2.042 0.129251 -2.39757e-06 0.129153 2.47606e-06
2.044 0.128978 -2.40561e-06 0.128882 2.47851e-06
2.046 0.128705 -2.39371e-06 0.12861 2.43242e-06
2.048 0.128431 -2.39731e-06 0.128338 2.41445e-06
2.05 0.128156 -2.41029e-06 0.128065 2.41652e-06
2.052 0.127881 -2.4286e-06 0.12779 2.43172e-06
2.054 0.127604 -2.44802e-06 0.127515 2.45501e-06
2.056 0.127326 -2.466e-06 0.127239 2.48228e-06
2.058 0.127048 -2.48082e-06 0.126961 2.51041e-06
2.06 0.126768 -2.4915e-06 0.126682 2.53716e-06
2.062 0.126487 -2.49882e-06 0.126402 2.55983e-06
2.064 0.126205 -2.50146e-06 0.126121 2.57887e-06
2.066 0.125923 -2.49965e-06 0.125839 2.59374e-06
2.068 0.125639 -2.49478e-06 0.125555 2.60306e-06
2.07 0.125354 -2.48648e-06 0.12527 2.6079e-06
2.072 0.125069 -2.47541e-06 0.124985 2.60805e-06
2.074 0.124783 -2.46244e-06 0.124699 2.60335e-06
2.076 0.124497 -2.44866e-06 0.124412 2.59371e-06
2.078 0.12421 -2.43542e-06 0.124124 2.57928e-06
2.08 0.123923 -2.42413e-06 0.123836 2.56066e-06
2.082 0.123636 -2.41722e-06 0.123548 2.5394e-06
2.084 0.123349 -2.41414e-06 0.123259 2.51633e-06
2.086 0.123062 -2.41561e-06 0.122971 2.49348e-06
2.088 0.122775 -2.42188e-06 0.122682 2.47279e-06
2.09 0.12249 -2.43468e-06 0.122395 2.45644e-06
2.092 0.122204 -2.45262e-06 0.122107 2.44377e-06
2.094 0.12192 -2.47497e-06 0.121821 2.4364e-06
2.096 0.121637 -2.50168e-06 0.121535 2.43432e-06
2.098 0.121355 -2.53252e-06 0.121251 2.438e-06
2.1 0.121074 -2.56752e-06 0.120968 2.44806e-06
2.102 0.120795 -2.60734e-06 0.120686 2.46582e-06
2.104 0.120518 -2.65289e-06 0.120406 2.49208e-06
2.106 0.120241 -2.59419e-06 0.120128 2.50132e-06
2.108 0.119967 -2.56273e-06 0.119851 2.51339e-06
2.11 0.119694 -2.55115e-06 0.119576 2.52684e-06
2.112 0.119424 -2.55341e-06 0.119304 2.54074e-06
2.114 0.119155 -2.56447e-06 0.119033 2.55413e-06
2.116 0.118889 -2.58015e-06 0.118765 2.56607e-06
2.118 0.118625 -2.59712e-06 0.118499 2.57573e-06
2.12 0.118363 -2.61257e-06 0.118235 2.58468e-06
2.122 0.118103 -2.62536e-06 0.117974 2.59056e-06
2.124 0.117845 -2.634e-06 0.117715 2.59391e-06
2.126 0.117589 -2.63915e-06 0.117458 2.59301e-06
2.128 0.117335 -2.64071e-06 0.117203 2.58857e-06
2.13 0.117083 -2.64034e-06 0.116951 2.57904e-06
2.132 0.116833 -2.63749e-06 0.116701 2.56521e-06
2.134 0.116584 -2.63764e-06 0.116453 2.55099e-06
2.136 0.116337 -2.64713e-06 0.116207 2.54185e-06
2.138 0.116093 -2.68932e-06 0.115963 2.45705e-06
2.14 0.11585 -2.70298e-06 0.115721 2.39409e-06
2.142 0.115608 -2.69735e-06 0.11548 2.35105e-06
2.144 0.115367 -2.67743e-06 0.115241 2.31864e-06
2.146 0.115128 -2.65039e-06 0.115004 2.30245e-06
2.148 0.114889 -2.61989e-06 0.114768 2.29338e-06
2.15 0.114652 -2.58712e-06 0.114533 2.28806e-06
2.152 0.114415 -2.55562e-06 0.114299 2.28357e-06
2.154 0.114179 -2.5263e-06 0.114067 2.27953e-06
2.156 0.113945 -2.49984e-06 0.113836 2.27719e-06
2.158 0.113711 -2.47452e-06 0.113605 2.27012e-06
2.16 0.113478 -2.45377e-06 0.113376 2.27537e-06
2.162 0.113246 -2.44271e-06 0.113147 2.28095e-06
2.164 0.113014 -2.44011e-06 0.112919 2.28719e-06
2.166 0.112784 -2.42946e-06 0.112692 2.24753e-06
2.168 0.112554 -2.43361e-06 0.112465 2.23081e-06
2.17 0.112324 -2.44873e-06 0.112239 2.23265e-06
2.172 0.112096 -2.47124e-06 0.112014 2.24814e-06
2.174 0.111868 -2.49844e-06 0.111789 2.27412e-06
2.176 0.11164 -2.52781e-06 0.111564 2.30705e-06
2.178 0.111414 -2.55691e-06 0.11134 2.3431e-06
2.18 0.111188 -2.58421e-06 0.111117 2.38062e-06
2.182 0.110963 -2.60795e-06 0.110894 2.41699e-06
2.184 0.110739 -2.62699e-06 0.110671 2.4502e-06
2.186 0.110515 -2.64045e-06 0.11045 2.4786e-06
2.188 0.110293 -2.6479e-06 0.110228 2.5005e-06
2.19 0.110071 -2.64852e-06 0.110008 2.51572e-06
2.192 0.10985 -2.64197e-06 0.109788 2.5233e-06
2.194 0.10963 -2.62862e-06 0.109569 2.52319e-06
2.196 0.109411 -2.60874e-06 0.10935 2.51525e-06
2.198 0.109193 -2.58273e-06 0.109133 2.49957e-06
2.2 0.108976 -2.55114e-06 0.108915 2.47644e-06
2.202 0.10876 -2.51458e-06 0.108699 2.44628e-06
2.204 0.108544 -2.4732e-06 0.108484 2.40973e-06
2.206 0.10833 -2.42791e-06 0.108269 2.36803e-06
2.208 0.108117 -2.37987e-06 0.108055 2.32217e-06
2.21 0.107905 -2.32997e-06 0.107842 2.27305e-06
2.212 0.107694 -2.27896e-06 0.10763 2.22148e-06
2.214 0.107484 -2.22728e-06 0.107418 2.16872e-06
2.216 0.107275 -2.17578e-06 0.107207 2.11576e-06
2.218 0.107067 -2.12513e-06 0.106997 2.06345e-06
2.22 0.106859 -2.07635e-06 0.106788 2.01257e-06
2.222 0.106653 -2.02948e-06 0.106579 1.9644e-06
2.224 0.106447 -1.98514e-06 0.106371 1.91968e-06
2.226 0.106242 -1.94394e-06 0.106164 1.87909e-06
2.228 0.106038 -1.91828e-06 0.105959 1.85572e-06
2.23 0.105835 -1.89069e-06 0.105753 1.83196e-06
2.232 0.105632 -1.86266e-06 0.105548 1.80885e-06
2.234 0.105429 -1.83536e-06 0.105342 1.78816e-06
2.236 0.105227 -1.80977e-06 0.105137 1.77083e-06
2.238 0.105024 -1.78669e-06 0.104933 1.7578e-06
2.24 0.104822 -1.76661e-06 0.104728 1.74982e-06
2.242 0.10462 -1.7499e-06 0.104524 1.74697e-06
2.244 0.104419 -1.73665e-06 0.104319 1.74941e-06
2.246 0.104217 -1.72686e-06 0.104115 1.75714e-06
2.248 0.104015 -1.72035e-06 0.103911 1.76997e-06
2.25 0.103813 -1.71689e-06 0.103708 1.7876e-06
2.252 0.103611 -1.71622e-06 0.103504 1.80986e-06
2.254 0.103409 -1.71786e-06 0.1033 1.83563e-06
2.256 0.103206 -1.72136e-06 0.103097 1.86431e-06
2.258 0.103004 -1.72623e-06 0.102894 1.89527e-06
2.26 0.102801 -1.732e-06 0.10269 1.92783e-06
2.262 0.102598 -1.73818e-06 0.102487 1.96135e-06
2.264 0.102395 -1.74433e-06 0.102284 1.99496e-06
2.266 0.102192 -1.75011e-06 0.102082 2.02812e-06
2.268 0.101988 -1.75508e-06 0.101879 2.0601e-06
2.27 0.101785 -1.75878e-06 0.101677 2.09025e-06
2.272 0.101582 -1.76092e-06 0.101475 2.11794e-06
2.274 0.101378 -1.76128e-06 0.101274 2.14277e-06
2.276 0.101175 -1.75973e-06 0.101073 2.16442e-06
2.278 0.100973 -1.75609e-06 0.100873 2.18255e-06
2.28 0.100771 -1.75037e-06 0.100674 2.19696e-06
2.282 0.100569 -1.74252e-06 0.100475 2.20753e-06
2.284 0.100369 -1.73267e-06 0.100277 2.21419e-06
2.286 0.100169 -1.72084e-06 0.100081 2.21692e-06
2.288 0.0999702 -1.70726e-06 0.0998855 2.21591e-06
2.29 0.0997727 -1.6922e-06 0.0996914 2.21141e-06
2.292 0.0995766 -1.67602e-06 0.0994988 2.20371e-06
2.294 0.099382 -1.65888e-06 0.0993077 2.19305e-06
2.296 0.099189 -1.64118e-06 0.0991182 2.17988e-06
2.298 0.0989979 -1.62341e-06 0.0989305 2.1648e-06
2.3 0.0988087 -1.60598e-06 0.0987447 2.14824e-06
2.302 0.0986215 -1.58914e-06 0.0985609 2.1306e-06
2.304 0.0984368 -1.57253e-06 0.0983793 2.1121e-06
2.306 0.0982541 -1.55781e-06 0.0981997 2.09389e-06
2.308 0.0980737 -1.54527e-06 0.098022 2.07653e-06
2.31 0.0978956 -1.53525e-06 0.0978464 2.06054e-06
2.312 0.0977199 -1.52788e-06 0.0976728 2.04628e-06
2.314 0.0975465 -1.52342e-06 0.0975013 2.03421e-06
2.316 0.0973755 -1.52222e-06 0.0973319 2.02492e-06
2.318 0.0972069 -1.52444e-06 0.0971645 2.01873e-06
2.32 0.0970405 -1.53027e-06 0.0969991 2.01604e-06
2.322 0.0968764 -1.53985e-06 0.0968355 2.01713e-06
2.324 0.0967144 -1.55326e-06 0.0966738 2.02223e-06
2.326 0.0965545 -1.57057e-06 0.0965138 2.03159e-06
2.328 0.0963963 -1.59179e-06 0.0963554 2.0453e-06
2.33 0.0962399 -1.61682e-06 0.0961983 2.06343e-06
2.332 0.096085 -1.64558e-06 0.0960424 2.08591e-06
2.334 0.0959313 -1.67786e-06 0.0958876 2.11264e-06
2.336 0.0957787 -1.71347e-06 0.0957336 2.14345e-06
2.338 0.095627 -1.75214e-06 0.0955803 2.17813e-06
2.34 0.0954759 -1.79355e-06 0.0954273 2.21635e-06
2.342 0.0953251 -1.83736e-06 0.0952745 2.25771e-06
2.344 0.0951744 -1.88322e-06 0.0951217 2.3019e-06
2.346 0.0950236 -1.9307e-06 0.0949685 2.34843e-06
2.348 0.0948722 -1.9794e-06 0.0948147 2.39681e-06
2.35 0.0947202 -2.02892e-06 0.0946602 2.44661e-06
2.352 0.0945671 -2.0788e-06 0.0945047 2.49725e-06
2.354 0.0944129 -2.12859e-06 0.0943479 2.5482e-06
2.356 0.0942571 -2.17792e-06 0.0941897 2.59899e-06
2.358 0.0940997 -2.22632e-06 0.0940298 2.64912e-06
2.36 0.0939404 -2.27341e-06 0.0938681 2.69806e-06
2.362 0.0937789 -2.31889e-06 0.0937044 2.74543e-06
2.364 0.0936153 -2.36239e-06 0.0935386 2.79082e-06
2.366 0.0934492 -2.40369e-06 0.0933706 2.83387e-06
2.368 0.0932807 -2.44248e-06 0.0932003 2.87428e-06
2.37 0.0931096 -2.47849e-06 0.0930275 2.9117e-06
2.372 0.0929359 -2.51156e-06 0.0928524 2.94585e-06
2.374 0.0927595 -2.54154e-06 0.0926748 2.97659e-06
2.376 0.0925805 -2.56833e-06 0.0924949 3.00372e-06
2.378 0.0923989 -2.59184e-06 0.0923126 3.02724e-06
2.38 0.0922148 -2.61203e-06 0.092128 3.04702e-06
2.382 0.092028 -2.62767e-06 0.0919414 3.06235e-06
2.384 0.0918391 -2.64093e-06 0.0917527 3.07479e-06
2.386 0.0916482 -2.65166e-06 0.091562 3.0842e-06
2.388 0.0914553 -2.65979e-06 0.0913695 3.09061e-06
2.39 0.0912608 -2.66541e-06 0.0911755 3.0942e-06
2.392 0.0910648 -2.66855e-06 0.0909801 3.09505e-06
2.394 0.0908676 -2.6694e-06 0.0907836 3.09342e-06
2.396 0.0906695 -2.66816e-06 0.0905863 3.08966e-06
2.398 0.0904706 -2.66506e-06 0.0903885 3.08411e-06
2.4 0.0902714 -2.66036e-06 0.0901904 3.0771e-06
2.402 0.0900722 -2.6543e-06 0.0899925 3.06905e-06
2.404 0.0898732 -2.64723e-06 0.0897949 3.06046e-06
2.406 0.0896748 -2.63932e-06 0.089598 3.05149e-06
2.408 0.0894777 -2.63166e-06 0.0894027 3.04246e-06
2.41 0.0892816 -2.62341e-06 0.0892084 3.03403e-06
2.412 0.089087 -2.61486e-06 0.0890155 3.02649e-06
2.414 0.0888941 -2.60635e-06 0.0888243 3.02004e-06
2.416 0.0887032 -2.59823e-06 0.0886352 3.01501e-06
2.418 0.0885148 -2.59093e-06 0.0884484 3.01189e-06
2.42 0.088329 -2.58447e-06 0.0882641 3.01063e-06
2.422 0.088146 -2.57901e-06 0.0880828 3.01128e-06
2.424 0.0879661 -2.57473e-06 0.0879044 3.01402e-06
2.426 0.0877895 -2.57176e-06 0.0877292 3.01894e-06
2.428 0.0876163 -2.57019e-06 0.0875574 3.02611e-06
2.43 0.0874467 -2.57006e-06 0.0873891 3.03551e-06
2.432 0.0872807 -2.57134e-06 0.0872243 3.04711e-06
2.434 0.0871184 -2.57398e-06 0.0870631 3.06078e-06
2.436 0.0869597 -2.57786e-06 0.0869054 3.07634e-06
2.438 0.0868047 -2.58285e-06 0.0867512 3.09361e-06
2.44 0.0866533 -2.58877e-06 0.0866004 3.11233e-06
2.442 0.0865053 -2.59542e-06 0.0864529 3.13222e-06
2.444 0.0863606 -2.60255e-06 0.0863085 3.15297e-06
2.446 0.086219 -2.60991e-06 0.0861671 3.17424e-06
2.448 0.0860802 -2.61718e-06 0.0860284 3.19567e-06
2.45 0.0859441 -2.62418e-06 0.085892 3.21693e-06
2.452 0.0858103 -2.63064e-06 0.0857578 3.23767e-06
2.454 0.0856784 -2.63621e-06 0.0856254 3.2575e-06
2.456 0.0855483 -2.64059e-06 0.0854944 3.27607e-06
2.458 0.0854193 -2.64349e-06 0.0853645 3.29306e-06
2.46 0.0852913 -2.64461e-06 0.0852353 3.30814e-06
2.462 0.0851637 -2.64366e-06 0.0851065 3.32104e-06
2.464 0.0850363 -2.64038e-06 0.0849777 3.3315e-06
2.466 0.0849085 -2.63454e-06 0.0848485 3.33934e-06
2.468 0.0847801 -2.62594e-06 0.0847186 3.34441e-06
2.47 0.0846506 -2.61439e-06 0.0845876 3.3466e-06
2.472 0.0845196 -2.59976e-06 0.0844552 3.34588e-06
2.474 0.0843869 -2.58193e-06 0.0843209 3.34225e-06
2.476 0.084252 -2.56085e-06 0.0841846 3.33577e-06
2.478 0.0841147 -2.53646e-06 0.0840459 3.32656e-06
2.48 0.0839746 -2.50878e-06 0.0839046 3.31478e-06
2.482 0.0838316 -2.47782e-06 0.0837604 3.30067e-06
2.484 0.0836854 -2.44367e-06 0.0836131 3.28447e-06
2.486 0.0835363 -2.40626e-06 0.0834633 3.26677e-06
2.488 0.0833837 -2.36611e-06 0.0833098 3.24705e-06
2.49 0.083227 -2.32352e-06 0.0831521 3.22643e-06
2.492 0.0830657 -2.27815e-06 0.0829902 3.20519e-06
2.494 0.0829003 -2.23011e-06 0.0828244 3.18392e-06
2.496 0.0827313 -2.17983e-06 0.0826552 3.163e-06
2.498 0.0825594 -2.12771e-06 0.0824833 3.14291e-06
2.5 0.082385 -2.07398e-06 0.082309 3.1242e-06
