0 0 0 1 0 0 0
0.1 1.72329e-07 -3.41212e-24 1 7.23783e-25 4.83673e-05 -0.000412298
0.2 7.93975e-07 -3.37817e-24 0.999999 6.58349e-24 0.000195911 -0.000869248
0.3 2.04527e-06 2.31252e-23 0.999998 2.64362e-23 0.000450792 -0.00135722
0.4 4.13779e-06 4.46412e-22 0.999996 -3.70347e-22 0.000818006 -0.00186243
0.5 7.3139e-06 9.71365e-22 0.999993 -1.05435e-21 0.00129945 -0.00237176
0.6 1.18458e-05 2.02049e-21 0.999988 -2.31967e-21 0.00189421 -0.00287361
0.7 1.80347e-05 4.11797e-21 0.999982 -5.48561e-21 0.00259894 -0.00335855
0.8 2.62111e-05 1.08532e-20 0.999974 -1.09704e-20 0.00340854 -0.00381998
0.9 3.67374e-05 1.58274e-20 0.999963 -1.85267e-20 0.00431675 -0.00425461
1 5.00141e-05 2.83754e-20 0.99995 -2.86416e-20 0.00531705 -0.00466268
1.1 6.64916e-05 3.99514e-20 0.999934 -4.03752e-20 0.00640339 -0.00504813
1.2 8.66896e-05 4.97182e-20 0.999913 -5.88946e-20 0.00757111 -0.00541851
1.3 0.000111226 6.61639e-20 0.999889 -8.42083e-20 0.00881763 -0.0057847
1.4 0.000140857 9.93864e-20 0.999859 -1.00985e-19 0.0101432 -0.00616047
1.5 0.00017653 1.25502e-19 0.999823 -1.41312e-19 0.0115516 -0.0065619
1.6 0.000219453 1.37804e-19 0.999781 -1.6138e-19 0.0130503 -0.00700665
1.7 0.000271171 1.22879e-19 0.999729 -1.68034e-19 0.0146509 -0.0075132
1.8 0.000333672 1.21654e-19 0.999666 -1.74958e-19 0.0163691 -0.00809996
1.9 0.000409483 1.33993e-19 0.999591 -1.47865e-19 0.0182248 -0.00878445
2 0.000501799 1.46209e-19 0.999498 -1.47741e-19 0.0202415 -0.00958244
2.1 0.000614603 1.98959e-19 0.999385 -1.0696e-19 0.0224458 -0.0105072
2.2 0.000752788 1.15656e-19 0.999247 -1.33537e-19 0.024867 -0.0115689
2.3 0.000922281 3.58445e-19 0.999078 -2.15684e-19 0.0275361 -0.012774
2.4 0.00113014 3.27754e-19 0.99887 -1.8615e-19 0.0304848 -0.0141249
2.5 0.00138466 -2.17629e-19 0.998615 5.99591e-19 0.033745 -0.0156196
2.6 0.00169539 -1.62491e-18 0.998305 1.84096e-18 0.0373472 -0.0172519
2.7 0.00207318 -2.31328e-18 0.997927 2.63994e-18 0.0413201 -0.0190113
2.8 0.00253016 -2.94046e-18 0.99747 3.12084e-18 0.0456891 -0.0208832
2.9 0.00307962 -5.0791e-18 0.99692 5.28283e-18 0.0504759 -0.0228493
3 0.00373594 -7.73802e-18 0.996264 8.29677e-18 0.0556976 -0.0248881
3.1 0.00451433 -1.13454e-17 0.995486 1.19557e-17 0.0613658 -0.0269755
3.2 0.00543062 -1.68671e-17 0.994569 1.70143e-17 0.0674865 -0.0290853
3.3 0.00650094 -1.90788e-17 0.993499 1.89084e-17 0.0740593 -0.0311896
3.4 0.00774131 -2.25676e-17 0.992259 2.3438e-17 0.0810775 -0.0332599
3.5 0.0091673 -2.53683e-17 0.990833 2.75204e-17 0.0885278 -0.0352674
3.6 0.0107935 -2.81375e-17 0.989207 3.09585e-17 0.0963905 -0.0371832
3.7 0.012633 -3.1309e-17 0.987367 3.39628e-17 0.104639 -0.0389796
3.8 0.0146969 -2.88059e-17 0.985303 3.21913e-17 0.113242 -0.0406298
3.9 0.016994 -2.84944e-17 0.983006 3.26481e-17 0.12216 -0.0421088
4 0.0195296 -2.64482e-17 0.98047 3.00465e-17 0.131351 -0.0433934
4.1 0.022306 -1.83498e-17 0.977694 2.13917e-17 0.140766 -0.0444629
4.2 0.0253212 -1.38071e-17 0.974679 1.54063e-17 0.150353 -0.0452991
4.3 0.0285687 -3.24165e-18 0.971431 3.31262e-18 0.160056 -0.0458869
4.4 0.0320376 9.80501e-18 0.967962 -1.30475e-17 0.169817 -0.0462146
4.5 0.0357119 2.79045e-17 0.964288 -2.85088e-17 0.179573 -0.0462741
4.6 0.0395709 4.49174e-17 0.960429 -4.30332e-17 0.189264 -0.0460614
4.7 0.0435889 7.21229e-17 0.956411 -7.40421e-17 0.198828 -0.0455772
4.8 0.0477358 9.72434e-17 0.952264 -9.27764e-17 0.208203 -0.0448267
4.9 0.0519778 1.08151e-16 0.948022 -1.06317e-16 0.217332 -0.0438206
5 0.0562776 1.18889e-16 0.943722 -1.16557e-16 0.226157 -0.0425746
5.1 0.0605958 1.25987e-16 0.939404 -1.25061e-16 0.234629 -0.0411099
5.2 0.064892 1.15607e-16 0.935108 -1.1452e-16 0.242701 -0.0394527
5.3 0.0691256 9.31931e-17 0.930874 -8.86092e-17 0.250335 -0.0376338
5.4 0.0732578 6.41223e-17 0.926742 -5.76658e-17 0.2575 -0.0356878
5.5 0.0772524 1.46314e-17 0.922748 -1.98919e-17 0.264173 -0.0336517
5.6 0.0810772 -4.45656e-17 0.918923 3.14386e-17 0.27034 -0.0315642
5.7 0.0847048 -1.0634e-16 0.915295 9.29968e-17 0.275997 -0.0294628
5.8 0.0881136 -1.42865e-16 0.911886 1.33677e-16 0.281145 -0.0273832
5.9 0.0912879 -1.6837e-16 0.908712 1.53881e-16 0.285797 -0.0253562
6 0.0942176 -1.86489e-16 0.905782 1.70777e-16 0.289968 -0.0234068
6.1 0.0968977 -1.69577e-16 0.903102 1.49619e-16 0.293682 -0.0215522
6.2 0.0993275 -1.63308e-16 0.900673 1.46382e-16 0.296962 -0.0198005
6.3 0.101509 -1.84859e-16 0.898491 1.5686e-16 0.299835 -0.0181507
6.4 0.103445 -1.71302e-16 0.896555 1.42567e-16 0.302323 -0.0165925
6.5 0.105138 -1.57958e-16 0.894862 1.15026e-16 0.304448 -0.0151075
6.6 0.10659 -1.10135e-16 0.89341 6.66829e-17 0.306226 -0.0136706
6.7 0.107797 -3.88103e-17 0.892203 -1.23306e-17 0.307665 -0.0122521
6.8 0.108754 1.04411e-17 0.891246 -6.31358e-17 0.308768 -0.0108207
6.9 0.109452 8.65935e-17 0.890548 -1.35136e-16 0.30953 -0.00934588
7 0.109876 1.68331e-16 0.890124 -2.06652e-16 0.30994 -0.00780074
7.1 0.110011 2.03551e-16 0.889989 -2.32967e-16 0.30998 -0.00616421
7.2 0.109842 2.48549e-16 0.890158 -2.73983e-16 0.30963 -0.0044228
7.3 0.109351 2.82343e-16 0.890649 -2.87077e-16 0.308869 -0.00257154
7.4 0.108525 2.91295e-16 0.891475 -2.96919e-16 0.307672 -0.000614147
7.5 0.107356 2.72378e-16 0.892644 -2.8638e-16 0.30602 0.00143766
7.6 0.105838 2.0871e-16 0.894162 -2.1389e-16 0.303895 0.00356545
7.7 0.103975 1.32317e-16 0.896025 -1.24833e-16 0.301285 0.00574596
7.8 0.101776 3.29568e-17 0.898224 -2.90074e-17 0.298184 0.00795321
7.9 0.0992553 -7.51416e-17 0.900745 9.42105e-17 0.29459 0.0101607
8 0.0964362 -1.98817e-16 0.903564 2.13877e-16 0.290511 0.0123433
8.1 0.093345 -2.99711e-16 0.906655 2.98671e-16 0.285956 0.0144791
8.2 0.0900126 -3.7133e-16 0.909987 3.66522e-16 0.280941 0.0165503
8.3 0.0864724 -4.00309e-16 0.913528 3.96738e-16 0.275485 0.0185441
8.4 0.082759 -3.87327e-16 0.917241 3.79058e-16 0.269609 0.0204524
8.5 0.0789074 -3.5731e-16 0.921093 3.58561e-16 0.263334 0.0222715
8.6 0.0749517 -3.17441e-16 0.925048 3.1055e-16 0.256685 0.0240011
8.7 0.0709245 -2.67844e-16 0.929076 2.6959e-16 0.249683 0.0256431
8.8 0.0668566 -2.13825e-16 0.933143 2.25266e-16 0.24235 0.0272006
8.9 0.0627767 -1.46742e-16 0.937223 1.56695e-16 0.234706 0.0286762
9 0.0587114 -8.92825e-17 0.941289 9.346e-17 0.226773 0.0300708
9.1 0.0546853 -2.04739e-17 0.945315 1.96587e-17 0.21857 0.031383
9.2 0.0507215 5.78507e-17 0.949279 -6.09784e-17 0.21012 0.032608
9.3 0.0468412 1.36927e-16 0.953159 -1.36324e-16 0.201442 0.0337374
9.4 0.0430644 1.97706e-16 0.956936 -1.99556e-16 0.192564 0.0347592
9.5 0.0394096 2.40437e-16 0.96059 -2.45695e-16 0.183511 0.0356582
9.6 0.0358943 2.71434e-16 0.964106 -2.75592e-16 0.174315 0.0364162
9.7 0.0325343 2.76964e-16 0.967466 -2.82219e-16 0.165012 0.0370135
9.8 0.0293439 2.76411e-16 0.970656 -2.7787e-16 0.155641 0.0374295
9.9 0.0263357 2.66369e-16 0.973664 -2.6838e-16 0.146247 0.0376441
10 0.0235201 2.44338e-16 0.97648 -2.45984e-16 0.136877 0.037639
10.1 0.0209051 2.18248e-16 0.979095 -2.19374e-16 0.127583 0.0373991
10.2 0.0184961 1.80762e-16 0.981504 -1.82823e-16 0.118421 0.0369133
10.3 0.016296 1.424e-16 0.983704 -1.43784e-16 0.109446 0.0361761
10.4 0.0143046 1.04462e-16 0.985695 -1.08213e-16 0.100714 0.0351878
10.5 0.0125189 7.17068e-17 0.987481 -7.43637e-17 0.0922819 0.0339559
10.6 0.010933 4.36374e-17 0.989067 -4.609e-17 0.084201 0.0324946
10.7 0.0095387 2.19353e-17 0.990461 -2.38344e-17 0.0765197 0.0308252
10.8 0.00832545 5.01283e-18 0.991675 -8.01415e-18 0.0692804 0.0289758
10.9 0.00728078 -4.79647e-18 0.992719 1.56927e-18 0.0625181 0.0269801
11 0.00639083 -8.21697e-18 0.993609 5.69732e-18 0.0562593 0.0248771
11.1 0.00564073 -8.1335e-18 0.994359 5.55438e-18 0.050521 0.022709
11.2 0.00501513 -5.55751e-18 0.994985 2.84502e-18 0.0453105 0.0205206
11.3 0.00449859 -5.14069e-19 0.995501 -2.44135e-18 0.0406245 0.0183568
11.4 0.00407605 7.08052e-18 0.995924 -1.0034e-17 0.0364496 0.0162616
11.5 0.00373318 1.61709e-17 0.996267 -1.88482e-17 0.0327629 0.0142758
11.6 0.00345666 2.56039e-17 0.996543 -2.82982e-17 0.0295328 0.0124359
11.7 0.00323439 3.41838e-17 0.996766 -3.70131e-17 0.0267201 0.0107723
11.8 0.00305569 4.2136e-17 0.996944 -4.49777e-17 0.0242797 0.00930844
11.9 0.00291131 4.93857e-17 0.997089 -5.21628e-17 0.0221624 0.0080596
12 0.00279346 5.55605e-17 0.997207 -5.82165e-17 0.0203166 0.0070326
12.1 0.00269575 6.02916e-17 0.997304 -6.29935e-17 0.0186903 0.00622563
12.2 0.00261308 6.36342e-17 0.997387 -6.63347e-17 0.0172335 0.00562849
12.3 0.00254151 6.56834e-17 0.997458 -6.84023e-17 0.0158993 0.00522326
12.4 0.0024781 6.65807e-17 0.997522 -6.93037e-17 0.014646 0.0049853
12.5 0.00242076 6.64257e-17 0.997579 -6.91459e-17 0.0134384 0.00488454
12.6 0.00236804 6.54593e-17 0.997632 -6.81786e-17 0.0122488 0.00488704
12.7 0.00231901 6.39096e-17 0.997681 -6.6623e-17 0.0110577 0.00495671
12.8 0.00227312 6.19588e-17 0.997727 -6.46734e-17 0.00985366 0.00505704
12.9 0.00223006 5.97734e-17 0.99777 -6.24906e-17 0.00863388 0.00515293
13 0.00218967 5.75132e-17 0.99781 -6.02288e-17 0.00740301 0.00521232
13.1 0.00215187 5.53179e-17 0.997848 -5.8027e-17 0.00617254 0.00520772
13.2 0.00211662 5.32799e-17 0.997883 -5.59881e-17 0.00495953 0.0051174
13.3 0.00208382 5.14639e-17 0.997916 -5.41678e-17 0.00378512 0.00492636
13.4 0.00205339 4.98939e-17 0.997947 -5.25994e-17 0.00267297 0.00462688
13.5 0.00202517 4.85819e-17 0.997975 -5.12877e-17 0.00164752 0.00421871
13.6 0.00199898 4.75166e-17 0.998001 -5.02222e-17 0.000732302 0.00370886
13.7 0.0019746 4.66732e-17 0.998025 -4.93791e-17 -5.16167e-05 0.00311109
13.8 0.00195181 4.60185e-17 0.998048 -4.87241e-17 -0.000687085 0.00244495
13.9 0.00193035 4.55146e-17 0.99807 -4.82202e-17 -0.00116203 0.00173463
14 0.00191 4.51244e-17 0.99809 -4.78297e-17 -0.00147032 0.00100754
14.1 0.00189054 4.48126e-17 0.998109 -4.75176e-17 -0.00161232 0.000292783
14.2 0.00187175 4.45483e-17 0.998128 -4.72533e-17 -0.00159502 -0.000380496
14.3 0.00185349 4.43068e-17 0.998147 -4.70116e-17 -0.00143187 -0.000984681
14.4 0.0018356 4.40679e-17 0.998164 -4.67728e-17 -0.0011422 -0.00149519
14.5 0.00181797 4.38176e-17 0.998182 -4.65224e-17 -0.000750358 -0.00189179
14.6 0.00180053 4.35468e-17 0.998199 -4.62516e-17 -0.000284565 -0.00215967
14.7 0.00178322 4.32508e-17 0.998217 -4.59555e-17 0.000224425 -0.00229022
14.8 0.00176599 4.29283e-17 0.998234 -4.56331e-17 0.000744808 -0.00228149
14.9 0.00174884 4.25807e-17 0.998251 -4.52855e-17 0.00124527 -0.00213826
15 0.00173176 4.2211e-17 0.998268 -4.49158e-17 0.00169647 -0.00187177
15.1 0.00171475 4.18233e-17 0.998285 -4.45282e-17 0.00207248 -0.00149919
15.2 0.00169783 4.14221e-17 0.998302 -4.4127e-17 0.00235198 -0.00104263
15.3 0.00168101 4.10119e-17 0.998319 -4.37168e-17 0.00251924 -0.000528062
15.4 0.00166431 4.05966e-17 0.998336 -4.33015e-17 0.00256483 1.60617e-05
15.5 0.00164773 4.01798e-17 0.998352 -4.28847e-17 0.00248597 0.000560248
15.6 0.00163129 3.97642e-17 0.998369 -4.24691e-17 0.0022866 0.00107547
15.7 0.001615 3.93519e-17 0.998385 -4.20568e-17 0.00197703 0.00153463
15.8 0.00159887 3.89444e-17 0.998401 -4.16494e-17 0.00157332 0.00191393
15.9 0.00158289 3.85428e-17 0.998417 -4.12477e-17 0.00109639 0.00219402
16 0.00156709 3.81474e-17 0.998433 -4.08523e-17 0.000570851 0.00236094
16.1 0.00155145 3.77583e-17 0.998449 -4.04633e-17 2.36888e-05 0.0024068
16.2 0.00153597 3.73755e-17 0.998464 -4.00804e-17 -0.000517178 0.00233006
16.3 0.00152066 3.69985e-17 0.998479 -3.97035e-17 -0.00102435 0.0021356
16.4 0.00150551 3.66272e-17 0.998494 -3.93321e-17 -0.00147237 0.00183434
16.5 0.00149051 3.62609e-17 0.998509 -3.89658e-17 -0.00183902 0.00144264
16.6 0.00147567 3.58994e-17 0.998524 -3.86043e-17 -0.00210644 0.000981376
16.7 0.00146098 3.55422e-17 0.998539 -3.82471e-17 -0.00226204 0.000474845
16.8 0.00144645 3.5189e-17 0.998554 -3.7894e-17 -0.00229905 -5.05512e-05
16.9 0.00143205 3.48397e-17 0.998568 -3.75446e-17 -0.00221687 -0.000567679
17 0.00141781 3.44939e-17 0.998582 -3.71989e-17 -0.00202101 -0.00105008
17.1 0.0014037 3.41516e-17 0.998596 -3.68565e-17 -0.00172275 -0.00147334
17.2 0.00138974 3.38126e-17 0.99861 -3.65175e-17 -0.00133853 -0.00181632
17.3 0.00137591 3.34768e-17 0.998624 -3.61818e-17 -0.000889035 -0.00206219
17.4 0.00136223 3.31443e-17 0.998638 -3.58492e-17 -0.000398091 -0.00219932
17.5 0.00134867 3.28149e-17 0.998651 -3.55199e-17 0.000108586 -0.00222174
17.6 0.00133526 3.24887e-17 0.998665 -3.51937e-17 0.000604731 -0.00212947
17.7 0.00132197 3.21656e-17 0.998678 -3.48706e-17 0.00106489 -0.00192843
17.8 0.00130882 3.18457e-17 0.998691 -3.45507e-17 0.00146571 -0.00163006
17.9 0.0012958 3.15289e-17 0.998704 -3.42339e-17 0.00178715 -0.0012507
18 0.0012829 3.12152e-17 0.998717 -3.39202e-17 0.00201343 -0.000810689
18.1 0.00127014 3.09046e-17 0.99873 -3.36096e-17 0.00213384 -0.000333296
18.2 0.0012575 3.05971e-17 0.998742 -3.3302e-17 0.00214323 0.000156529
18.3 0.00124499 3.02926e-17 0.998755 -3.29976e-17 0.00204223 0.000633441
18.4 0.0012326 2.99912e-17 0.998767 -3.26961e-17 0.00183712 0.00107302
18.5 0.00122034 2.96927e-17 0.99878 -3.23977e-17 0.00153949 0.00145299
18.6 0.00120819 2.93972e-17 0.998792 -3.21022e-17 0.00116558 0.0017544
18.7 0.00119617 2.91047e-17 0.998804 -3.18097e-17 0.000735402 0.00196251
18.8 0.00118427 2.88151e-17 0.998816 -3.152e-17 0.000271653 0.00206753
18.9 0.00117249 2.85284e-17 0.998828 -3.12333e-17 -0.000201462 0.00206508
19 0.00116082 2.82445e-17 0.998839 -3.09494e-17 -0.000659496 0.00195636
19.1 0.00114927 2.79634e-17 0.998851 -3.06684e-17 -0.00107902 0.00174801
19.2 0.00113783 2.76852e-17 0.998862 -3.03902e-17 -0.00143883 0.00145176
19.3 0.00112651 2.74097e-17 0.998873 -3.01147e-17 -0.00172098 0.00108372
19.4 0.0011153 2.7137e-17 0.998885 -2.98419e-17 -0.00191174 0.000663564
19.5 0.0011042 2.6867e-17 0.998896 -2.95719e-17 -0.00200219 0.000213429
19.6 0.00109322 2.65997e-17 0.998907 -2.93046e-17 -0.00198868 -0.000243213
19.7 0.00108234 2.6335e-17 0.998918 -2.90399e-17 -0.00187292 -0.000682791
19.8 0.00107157 2.60729e-17 0.998928 -2.87779e-17 -0.00166191 -0.00108285
19.9 0.00106091 2.58135e-17 0.998939 -2.85185e-17 -0.00136745 -0.00142318
20 0.00105035 2.55567e-17 0.99895 -2.82616e-17 -0.00100552 -0.00168687
