0 0 0 1 0 0 0
0.2 7.90411e-07 9.92596e-24 0.999999 7.44462e-24 0.000210243 -0.000859376
0.4 4.10908e-06 -2.02029e-22 0.999996 1.06076e-22 0.000841207 -0.00182251
0.6 1.17191e-05 -2.55161e-22 0.999988 7.34729e-22 0.00190622 -0.00277896
0.8 2.58135e-05 -1.73766e-21 0.999974 3.41479e-21 0.00337132 -0.00364967
1 4.90379e-05 1.80911e-21 0.999951 1.74885e-21 0.00517611 -0.00440882
1.2 8.47306e-05 -8.40841e-21 0.999915 1.92967e-20 0.00726188 -0.00509371
1.4 0.000137607 7.513e-20 0.999862 -9.16432e-20 0.00960067 -0.00580071
1.6 0.000215135 -3.90608e-20 0.999785 1.80542e-20 0.0122188 -0.00666854
1.8 0.000329789 -9.94408e-19 0.99967 1.00196e-18 0.0152099 -0.00785248
2 0.000502195 -4.91882e-18 0.999498 5.2962e-18 0.0187343 -0.00949527
2.2 0.000764949 -2.11714e-17 0.999235 2.1929e-17 0.0230051 -0.0117004
2.4 0.0011666 -5.9586e-17 0.998833 6.54957e-17 0.0282638 -0.014513
2.6 0.00177507 5.41569e-17 0.998225 -5.83872e-17 0.0347489 -0.0179115
2.8 0.00267967 1.20792e-16 0.99732 -1.25921e-16 0.0426649 -0.021811
3 0.003991 8.47127e-17 0.996009 -7.57394e-17 0.0521547 -0.0260761
3.2 0.00583822 2.4086e-16 0.994162 -2.48307e-16 0.0632803 -0.0305392
3.4 0.0083636 8.59397e-16 0.991636 -8.95883e-16 0.0760136 -0.0350217
3.6 0.0117146 -2.36149e-16 0.988285 3.02031e-16 0.0902367 -0.0393501
3.8 0.0160337 -1.33088e-15 0.983966 1.38034e-15 0.105749 -0.0433677
4 0.0214471 -7.49804e-16 0.978553 5.69654e-16 0.122281 -0.0469371
4.2 0.0280509 -2.31008e-15 0.971949 2.30273e-15 0.139501 -0.0499385
4.4 0.0358968 -1.22812e-15 0.964103 1.21341e-15 0.157033 -0.0522648
4.6 0.0449777 2.00109e-15 0.955022 -2.06475e-15 0.174463 -0.0538202
4.8 0.0552134 3.10235e-15 0.944787 -2.96625e-15 0.191348 -0.0545243
5 0.0664422 2.30531e-15 0.933558 -2.59019e-15 0.207236 -0.0543258
5.2 0.0784212 -3.31901e-16 0.921579 6.31719e-16 0.221689 -0.053222
5.4 0.0908393 -1.67379e-16 0.909161 -3.95127e-17 0.234313 -0.05128
5.6 0.103346 -3.65399e-15 0.896654 3.19541e-15 0.244798 -0.048648
5.8 0.115593 2.36181e-15 0.884407 -9.86562e-16 0.252955 -0.0455478
6 0.127274 2.13467e-15 0.872726 2.33443e-18 0.258743 -0.0422435
6.2 0.138164 -4.31594e-15 0.861836 4.96845e-15 0.262266 -0.038989
6.4 0.148123 2.6572e-15 0.851877 -8.42188e-16 0.263745 -0.0359688
6.6 0.157086 6.85689e-16 0.842914 8.09448e-17 0.263465 -0.0332537
6.8 0.165025 -2.12942e-15 0.834975 -8.65266e-17 0.261706 -0.0307917
7 0.171907 -2.93068e-15 0.828093 1.47767e-15 0.258679 -0.0284397
7.2 0.177675 -1.90342e-15 0.822325 8.15023e-16 0.254499 -0.0260282
7.4 0.182246 6.65119e-16 0.817754 -3.94413e-16 0.249189 -0.0234305
7.6 0.185543 -9.17434e-17 0.814457 8.4151e-16 0.242713 -0.0206118
7.8 0.187528 -3.5892e-15 0.812472 1.41224e-15 0.235035 -0.0176365
8 0.188234 1.67065e-15 0.811766 -1.51385e-15 0.226159 -0.0146372
8.2 0.187767 1.20926e-15 0.812233 -5.99161e-16 0.216162 -0.011762
8.4 0.186293 -3.6481e-15 0.813707 4.0698e-15 0.205188 -0.00912313
8.6 0.184002 3.34943e-15 0.815998 -7.88322e-16 0.193423 -0.00676742
8.8 0.181084 4.14282e-16 0.818916 1.04579e-18 0.18107 -0.00467479
9 0.177701 -2.32654e-15 0.822299 3.19713e-15 0.168312 -0.00278073
9.2 0.173986 -1.91451e-15 0.826014 2.04607e-15 0.155301 -0.00101053
9.4 0.170042 -5.54937e-16 0.829958 5.17611e-16 0.142156 0.000687674
9.6 0.165956 4.9892e-16 0.834044 -4.23739e-16 0.128978 0.00232102
9.8 0.161805 -4.70208e-16 0.838195 7.16953e-16 0.115863 0.00384568
10 0.157661 3.8877e-16 0.842339 -8.0194e-16 0.10293 0.00517628
10.2 0.153594 5.63534e-16 0.846406 -5.36233e-16 0.0903253 0.00620732
10.4 0.149663 1.72739e-16 0.850337 -6.16457e-17 0.078229 0.00684077
10.6 0.145913 5.0113e-17 0.854087 2.22817e-16 0.0668433 0.00701323
10.8 0.142372 -3.35097e-16 0.857628 1.7401e-16 0.0563718 0.00671662
11 0.139046 2.93353e-16 0.860954 -2.28096e-17 0.0469918 0.00600733
11.2 0.135924 -1.13278e-16 0.864076 8.23424e-17 0.0388271 0.00500163
11.4 0.132982 1.31997e-16 0.867018 5.81944e-17 0.0319257 0.00385773
11.6 0.13019 4.1439e-17 0.86981 9.64949e-17 0.0262492 0.00274798
11.8 0.127518 7.00314e-17 0.872482 1.10729e-16 0.0216766 0.00182727
12 0.124939 8.82733e-17 0.875061 4.53469e-17 0.0180224 0.00120416
12.2 0.122432 8.58782e-17 0.877568 3.80789e-17 0.0150663 0.000921574
12.4 0.119985 1.02638e-16 0.880015 3.50922e-17 0.0125881 0.000950992
12.6 0.117591 8.94274e-17 0.882409 3.77946e-17 0.0104015 0.00120177
12.8 0.115246 9.25016e-17 0.884754 4.45156e-17 0.00837922 0.00154332
13 0.112949 8.17029e-17 0.887051 5.10395e-17 0.00646547 0.00183525
13.2 0.1107 7.74909e-17 0.8893 5.582e-17 0.00467233 0.00195878
13.4 0.108499 7.50384e-17 0.891501 5.86684e-17 0.00306273 0.00184249
13.6 0.106344 7.25358e-17 0.893656 6.00805e-17 0.00172319 0.00147688
13.8 0.104235 7.03388e-17 0.895765 6.25904e-17 0.000733299 0.000914694
14 0.10217 6.902e-17 0.89783 6.43338e-17 0.00013847 0.000257383
14.2 0.100147 6.76439e-17 0.899853 6.53271e-17 -6.78694e-05 -0.000369136
14.4 0.0981643 6.65699e-17 0.901836 6.64214e-17 5.10162e-05 -0.000843696
14.6 0.0962212 6.55117e-17 0.903779 6.7577e-17 0.000384301 -0.00107746
14.8 0.0943164 6.43352e-17 0.905684 6.87487e-17 0.000794164 -0.00103378
15 0.0924491 6.31402e-17 0.907551 6.99548e-17 0.00114289 -0.000735925
15.2 0.0906186 6.19114e-17 0.909381 7.11705e-17 0.00132025 -0.000261373
15.4 0.0888242 6.06769e-17 0.911176 7.23996e-17 0.00126486 0.000276063
15.6 0.0870653 5.94619e-17 0.912935 7.36164e-17 0.000974922 0.000751874
15.8 0.0853412 5.82684e-17 0.914659 7.48109e-17 0.000505871 0.00105849
16 0.0836513 5.71011e-17 0.916349 7.59784e-17 -4.42632e-05 0.00112872
16.2 0.0819948 5.59633e-17 0.918005 7.71166e-17 -0.000558438 0.000949754
16.4 0.0803712 5.48513e-17 0.919629 7.82283e-17 -0.000927739 0.000564953
16.6 0.0787798 5.37644e-17 0.92122 7.93157e-17 -0.00107604 6.30091e-05
16.8 0.0772198 5.27002e-17 0.92278 8.03796e-17 -0.000976771 -0.000442688
17 0.0756908 5.16577e-17 0.924309 8.14222e-17 -0.00065823 -0.000839818
17.2 0.074192 5.06357e-17 0.925808 8.24441e-17 -0.000196505 -0.00104217
17.4 0.0727229 4.96337e-17 0.927277 8.34462e-17 0.000302178 -0.00100839
17.6 0.0712829 4.86512e-17 0.928717 8.44287e-17 0.000725552 -0.000750413
17.8 0.0698714 4.76879e-17 0.930129 8.5392e-17 0.000980341 -0.000329854
18 0.0684878 4.67436e-17 0.931512 8.63362e-17 0.00101263 0.000156622
18.2 0.0671317 4.5818e-17 0.932868 8.72618e-17 0.000819104 0.000599442
18.4 0.0658024 4.49107e-17 0.934198 8.81691e-17 0.000446872 0.00090076
18.6 0.0644994 4.40214e-17 0.935501 8.90585e-17 -1.79911e-05 0.000996029
18.8 0.0632222 4.31497e-17 0.936778 8.99302e-17 -0.000470321 0.000867768
19 0.0619704 4.22953e-17 0.93803 9.07846e-17 -0.000809639 0.000548599
19.2 0.0607433 4.14578e-17 0.939257 9.16221e-17 -0.000962452 0.000113067
19.4 0.0595405 4.06368e-17 0.94046 9.2443e-17 -0.000898131 -0.000339723
19.6 0.0583615 3.98322e-17 0.941639 9.32477e-17 -0.000634953 -0.000708621
19.8 0.0572059 3.90434e-17 0.942794 9.40364e-17 -0.00023515 -0.000913
20 0.0560731 3.82703e-17 0.943927 9.48095e-17 0.000209757 -0.000910337
