0 0 0 1 0 0 0
0.1 1.72319e-07 -1.56186e-14 0.999979 -9.06719e-08 4.84026e-05 -0.000412278
0.2 7.95916e-07 -7.73442e-14 0.999978 -9.72007e-08 0.000196498 -0.000870222
0.3 2.05351e-06 -1.95916e-13 0.999976 -9.51837e-08 0.000452898 -0.00135953
0.4 4.15798e-06 -3.03604e-13 0.999974 -8.71903e-08 0.00082277 -0.00186568
0.5 7.35138e-06 1.09967e-13 0.999971 -7.72108e-08 0.00130792 -0.00237488
0.6 1.19037e-05 9.61191e-13 0.999966 -6.76974e-08 0.00190708 -0.00287494
0.7 1.81118e-05 1.79171e-12 0.99996 -6.43967e-08 0.00261643 -0.00335614
0.8 2.63e-05 2.86774e-12 0.999952 -4.72433e-08 0.00343028 -0.00381179
0.9 3.68225e-05 3.50356e-12 0.999941 -4.35016e-08 0.00434181 -0.00423871
1 5.00705e-05 3.07653e-12 0.999928 -4.01392e-08 0.00534397 -0.00463749
1.1 6.64836e-05 -1.95845e-12 0.999912 -4.35859e-08 0.00643036 -0.00501255
1.2 8.65704e-05 -1.38486e-11 0.999892 -5.83718e-08 0.00759607 -0.00537196
1.3 0.000110937 -1.60705e-11 0.999868 -2.55542e-08 0.0088385 -0.00572711
1.4 0.000140327 -3.41865e-13 0.999838 -5.36063e-09 0.010158 -0.00609227
1.5 0.000175679 2.01484e-11 0.999803 -1.61366e-08 0.0115585 -0.00648391
1.6 0.000218189 3.82386e-11 0.999761 -5.01492e-10 0.0130478 -0.00692001
1.7 0.000269398 4.20802e-11 0.99971 2.52831e-08 0.014638 -0.00741924
1.8 0.000331287 1.69344e-11 0.999648 2.5694e-08 0.0163451 -0.00800012
1.9 0.000406384 -2.45576e-11 0.999573 2.93905e-08 0.0181896 -0.00868017
2 0.000497888 -6.59033e-11 0.999482 3.9254e-08 0.0201952 -0.00947508
2.1 0.000609787 -9.5901e-11 0.99937 4.24422e-08 0.0223892 -0.010398
2.2 0.000746986 -7.60721e-11 0.999233 4.67451e-08 0.0248012 -0.0114587
2.3 0.000915424 1.425e-11 0.999064 5.96541e-08 0.0274625 -0.0126634
2.4 0.00112218 7.30956e-11 0.998858 3.96375e-08 0.0304053 -0.014014
2.5 0.00137554 5.98503e-11 0.998605 2.64696e-08 0.0336614 -0.015508
2.6 0.00168507 -2.17794e-11 0.998295 1.08186e-08 0.0372616 -0.0171384
2.7 0.00206161 -7.68166e-11 0.997919 6.15968e-09 0.0412342 -0.0188941
2.8 0.00251724 -7.61128e-11 0.997463 3.2271e-09 0.0456045 -0.0207597
2.9 0.00306519 7.54628e-12 0.996915 3.71169e-09 0.0503937 -0.0227164
3 0.00371973 1.49288e-10 0.996261 8.19176e-09 0.0556181 -0.0247422
3.1 0.00449592 2.39368e-10 0.995485 5.31753e-09 0.0612887 -0.0268125
3.2 0.00540941 5.09541e-11 0.994572 -5.50662e-09 0.0674104 -0.028901
3.3 0.00647607 -5.06631e-10 0.993505 -1.27339e-08 0.073982 -0.03098
3.4 0.00771169 -9.31904e-10 0.992269 7.11928e-09 0.0809958 -0.0330214
3.5 0.00913151 -1.16777e-09 0.99085 1.37919e-08 0.0884377 -0.0349968
3.6 0.0107498 -1.29985e-09 0.989232 2.06858e-08 0.0962872 -0.0368785
3.7 0.0125794 -1.7208e-09 0.987402 2.43876e-08 0.104518 -0.0386397
3.8 0.0146312 -1.78739e-09 0.98535 3.31736e-08 0.113096 -0.0402548
3.9 0.0169135 -7.13348e-10 0.983068 3.53666e-08 0.121986 -0.0417002
4 0.0194319 9.51601e-10 0.98055 2.74833e-08 0.131142 -0.042954
4.1 0.0221882 3.03623e-09 0.977794 3.59871e-08 0.140518 -0.0439969
4.2 0.0251806 4.26107e-09 0.974801 4.23337e-08 0.150062 -0.0448119
4.3 0.0284029 4.17367e-09 0.971579 4.61086e-08 0.159719 -0.0453852
4.4 0.0318444 3.17117e-09 0.968138 6.04366e-08 0.169432 -0.0457058
4.5 0.0354898 4.80048e-10 0.964492 7.14162e-08 0.17914 -0.0457666
4.6 0.0393188 -3.68168e-09 0.960663 9.06408e-08 0.188785 -0.0455639
4.7 0.0433066 -9.94894e-09 0.956676 1.06373e-07 0.198306 -0.0450985
4.8 0.0474241 -1.62548e-08 0.952558 1.15217e-07 0.207642 -0.0443755
4.9 0.0516383 -1.86014e-08 0.948344 1.32736e-07 0.216738 -0.0434048
5 0.0559129 -1.8225e-08 0.94407 1.35023e-07 0.225538 -0.042201
5.1 0.0602096 -1.44345e-08 0.939773 1.20407e-07 0.233992 -0.040784
5.2 0.0644886 -4.53018e-09 0.935494 1.11916e-07 0.242056 -0.0391782
5.3 0.0687101 1.05201e-08 0.931273 9.88412e-08 0.249692 -0.0374122
5.4 0.0728356 2.61794e-08 0.927147 8.29988e-08 0.256867 -0.0355186
5.5 0.0768291 4.14823e-08 0.923154 6.48858e-08 0.263559 -0.0335324
5.6 0.0806579 5.81994e-08 0.919325 5.58283e-08 0.269753 -0.0314897
5.7 0.0842944 6.89211e-08 0.915689 6.96879e-08 0.275441 -0.0294268
5.8 0.0877159 7.30697e-08 0.912267 1.06736e-07 0.280626 -0.0273775
5.9 0.0909055 7.59741e-08 0.909078 1.39623e-07 0.285317 -0.025372
6 0.0938518 8.15834e-08 0.906131 1.60666e-07 0.289528 -0.0234348
6.1 0.0965486 8.7007e-08 0.903435 1.58516e-07 0.293279 -0.0215831
6.2 0.0989935 8.34683e-08 0.90099 1.58336e-07 0.296593 -0.0198263
6.3 0.101187 6.16129e-08 0.898796 1.93638e-07 0.299494 -0.0181644
6.4 0.103132 3.02303e-08 0.896851 2.27183e-07 0.302004 -0.0165893
6.5 0.104829 1.50906e-08 0.895154 2.56017e-07 0.304144 -0.0150845
6.6 0.10628 1.89038e-08 0.893703 2.62533e-07 0.305929 -0.0136272
6.7 0.107482 2.02252e-08 0.892501 2.59729e-07 0.307368 -0.0121901
6.8 0.10843 -1.70315e-08 0.891553 2.99822e-07 0.308464 -0.0107439
6.9 0.109114 -1.03095e-07 0.890869 3.85073e-07 0.309213 -0.00925975
7 0.109523 -1.84464e-07 0.89046 4.53882e-07 0.309606 -0.00771216
7.1 0.109642 -2.09431e-07 0.890341 4.73106e-07 0.309626 -0.00608082
7.2 0.109457 -1.67412e-07 0.890527 4.24787e-07 0.309256 -0.00435243
7.3 0.108951 -8.39946e-08 0.891032 3.35571e-07 0.308473 -0.00252156
7.4 0.108115 -1.28066e-09 0.891869 2.45751e-07 0.307258 -0.000590931
7.5 0.106937 3.78263e-08 0.893046 1.87807e-07 0.305591 0.00142918
7.6 0.105417 -1.42237e-08 0.894566 2.01589e-07 0.303454 0.00352207
7.7 0.103556 -1.83936e-07 0.896428 3.47048e-07 0.300838 0.00566636
7.8 0.101362 -4.3142e-07 0.898621 5.82369e-07 0.297735 0.00783796
7.9 0.0988531 -6.75765e-07 0.90113 8.11543e-07 0.294145 0.0100122
8 0.0960484 -8.55854e-07 0.903935 9.55906e-07 0.290073 0.0121654
8.1 0.0929745 -9.45798e-07 0.907009 1.01767e-06 0.285529 0.014277
8.2 0.0896612 -9.42853e-07 0.910322 1.01517e-06 0.280528 0.0163298
8.3 0.0861409 -8.6821e-07 0.913842 9.53193e-07 0.275086 0.0183113
8.4 0.0824473 -7.6539e-07 0.917536 8.71503e-07 0.269225 0.020213
8.5 0.0786145 -6.50992e-07 0.921368 7.60906e-07 0.262965 0.0220306
8.6 0.0746762 -5.04396e-07 0.925307 5.87845e-07 0.256328 0.0237632
8.7 0.0706646 -3.10425e-07 0.929318 3.53476e-07 0.249337 0.0254115
8.8 0.0666102 -9.56225e-08 0.933373 1.12126e-07 0.242011 0.0269773
8.9 0.0625418 5.47989e-08 0.937441 -5.29283e-08 0.234372 0.0284618
9 0.0584862 6.87934e-08 0.941497 -7.72209e-08 0.226441 0.0298649
9.1 0.0544685 -3.77578e-08 0.945515 1.84882e-08 0.218238 0.0311838
9.2 0.0505118 -1.65099e-07 0.949471 1.35102e-07 0.209784 0.0324129
9.3 0.0466379 -2.57738e-07 0.953345 2.23381e-07 0.201103 0.0335429
9.4 0.0428672 -3.31557e-07 0.957116 2.95413e-07 0.19222 0.0345615
9.5 0.0392187 -4.21636e-07 0.960765 3.86542e-07 0.183163 0.035453
9.6 0.0357099 -5.22053e-07 0.964273 4.88866e-07 0.173965 0.0361995
9.7 0.0323571 -5.92788e-07 0.967626 5.62155e-07 0.164662 0.0367815
9.8 0.0291748 -6.05126e-07 0.970809 5.83836e-07 0.155295 0.0371789
9.9 0.0261756 -5.67657e-07 0.973808 5.6673e-07 0.145908 0.0373723
10 0.02337 -5.07116e-07 0.976614 5.2255e-07 0.136551 0.0373446
10.1 0.0207661 -4.45254e-07 0.979218 4.72145e-07 0.127276 0.0370817
10.2 0.0183691 -3.97687e-07 0.981615 4.24642e-07 0.118139 0.0365738
10.3 0.0161816 -3.60521e-07 0.983803 3.66285e-07 0.109194 0.0358167
10.4 0.0142031 -3.35313e-07 0.985781 3.08954e-07 0.100499 0.0348123
10.5 0.0124304 -3.28147e-07 0.987554 2.80958e-07 0.0921078 0.0335692
10.6 0.0108574 -3.31834e-07 0.989127 2.76903e-07 0.084072 0.0321028
10.7 0.00947533 -3.09645e-07 0.990509 2.52114e-07 0.0764387 0.0304354
10.8 0.00827345 -2.38117e-07 0.991711 1.77671e-07 0.0692486 0.0285955
10.9 0.00723904 -1.36266e-07 0.992746 7.51987e-08 0.0625351 0.0266174
11 0.00635802 -3.61419e-08 0.993627 -2.30894e-08 0.0563231 0.0245398
11.1 0.00561543 4.42512e-10 0.99437 -5.36287e-08 0.050628 0.0224048
11.2 0.00499588 -7.65622e-08 0.994989 4.08122e-08 0.0454552 0.0202563
11.3 0.00448402 -2.6145e-07 0.995501 2.48233e-07 0.0408001 0.0181383
11.4 0.00406487 -5.01653e-07 0.99592 4.99992e-07 0.0366481 0.0160932
11.5 0.00372426 -7.17537e-07 0.996261 7.1473e-07 0.0329754 0.0141603
11.6 0.00344899 -8.47216e-07 0.996537 8.35631e-07 0.0297497 0.0123745
11.7 0.00322716 -8.76863e-07 0.996759 8.5728e-07 0.0269316 0.0107641
11.8 0.00304825 -8.45918e-07 0.996938 8.27793e-07 0.0244761 0.00935075
11.9 0.00290321 -8.06191e-07 0.997083 7.92545e-07 0.0223346 0.00814779
12 0.00278436 -8.34991e-07 0.997202 8.24996e-07 0.0204564 0.00716032
12.1 0.00268545 -9.39695e-07 0.997301 9.36196e-07 0.0187911 0.00638492
12.2 0.00260152 -1.07987e-06 0.997385 1.08097e-06 0.0172899 0.00581011
12.3 0.00252875 -1.21356e-06 0.997458 1.21489e-06 0.0159082 0.00541697
12.4 0.00246429 -1.27374e-06 0.997522 1.27503e-06 0.0146062 0.00518032
12.5 0.00240606 -1.23918e-06 0.997581 1.23529e-06 0.0133512 0.00507
12.6 0.00235272 -1.12816e-06 0.997634 1.11918e-06 0.0121177 0.00505248
12.7 0.00230335 -9.87539e-07 0.997684 9.75047e-07 0.0108882 0.00509257
12.8 0.00225736 -8.79509e-07 0.99773 8.68371e-07 0.00965348 0.0051552
12.9 0.00221434 -8.42865e-07 0.997773 8.44037e-07 0.00841223 0.00520704
13 0.00217407 -8.84753e-07 0.997814 9.03389e-07 0.00717036 0.00521819
13.1 0.00213645 -9.82549e-07 0.997851 1.00901e-06 0.00594008 0.00516351
13.2 0.00210143 -1.10376e-06 0.997887 1.12841e-06 0.00473863 0.00502379
13.3 0.00206895 -1.18594e-06 0.997919 1.2021e-06 0.00358679 0.00478653
13.4 0.00203893 -1.14296e-06 0.997949 1.14901e-06 0.00250733 0.00444638
13.5 0.00201119 -9.48349e-07 0.997977 9.55909e-07 0.00152331 0.00400526
13.6 0.00198546 -6.51945e-07 0.998003 6.68292e-07 0.000656404 0.00347202
13.7 0.0019615 -3.4486e-07 0.998027 3.63493e-07 -7.4569e-05 0.0028618
13.8 0.00193912 -9.05738e-08 0.99805 1.03477e-07 -0.000654942 0.00219503
13.9 0.0019181 1.36972e-07 0.998071 -1.29401e-07 -0.0010753 0.0014962
14 0.00189822 4.0404e-07 0.998091 -3.97743e-07 -0.0013322 0.000792448
14.1 0.00187926 7.57311e-07 0.99811 -7.54943e-07 -0.00142864 0.000112001
14.2 0.00186097 1.13681e-06 0.998129 -1.146e-06 -0.00137398 -0.000517431
14.3 0.00184315 1.48083e-06 0.998147 -1.49695e-06 -0.00118366 -0.00107018
14.4 0.00182569 1.76627e-06 0.998164 -1.78042e-06 -0.000878551 -0.00152402
14.5 0.00180846 1.97898e-06 0.998182 -1.99273e-06 -0.000484019 -0.00186141
14.6 0.00179138 2.13219e-06 0.998199 -2.15593e-06 -2.86865e-05 -0.00207041
14.7 0.00177436 2.257e-06 0.998216 -2.28607e-06 0.000456948 -0.00214533
14.8 0.00175736 2.37164e-06 0.998233 -2.40862e-06 0.000942016 -0.00208702
14.9 0.00174034 2.46687e-06 0.99825 -2.51817e-06 0.00139674 -0.00190287
15 0.0017233 2.55126e-06 0.998267 -2.61066e-06 0.00179389 -0.00160637
15.1 0.00170633 2.60354e-06 0.998285 -2.66361e-06 0.00211007 -0.00121636
15.2 0.00168952 2.5876e-06 0.998302 -2.64642e-06 0.00232686 -0.000756022
15.3 0.00167289 2.48113e-06 0.998318 -2.54335e-06 0.00243164 -0.000251715
15.4 0.00165638 2.28137e-06 0.998335 -2.35663e-06 0.00241811 0.000268412
15.5 0.00163996 2.05604e-06 0.998352 -2.14376e-06 0.00228651 0.000775868
15.6 0.00162359 1.88924e-06 0.998368 -1.98022e-06 0.00204348 0.00124329
15.7 0.0016073 1.81262e-06 0.998384 -1.90434e-06 0.00170166 0.00164581
15.8 0.00159113 1.80005e-06 0.998401 -1.89646e-06 0.00127888 0.00196233
15.9 0.00157513 1.80088e-06 0.998417 -1.89889e-06 0.000797184 0.00217656
16 0.00155931 1.75116e-06 0.998433 -1.85198e-06 0.000281573 0.00227776
16.1 0.00154362 1.62254e-06 0.998449 -1.7202e-06 -0.000241235 0.00226126
16.2 0.00152811 1.39727e-06 0.998464 -1.49212e-06 -0.000744297 0.0021287
16.3 0.00151268 1.14076e-06 0.99848 -1.23423e-06 -0.0012019 0.00188782
16.4 0.00149731 9.41877e-07 0.998495 -1.03804e-06 -0.00159089 0.001552
16.5 0.00148203 8.20284e-07 0.998511 -9.20344e-07 -0.00189191 0.00113952
16.6 0.00146691 7.42618e-07 0.998526 -8.41121e-07 -0.00209031 0.000672514
16.7 0.00145195 6.8259e-07 0.998541 -7.83005e-07 -0.0021769 0.000175779
16.8 0.00143715 6.36423e-07 0.998556 -7.34041e-07 -0.00214845 -0.000324561
16.9 0.00142248 5.7563e-07 0.998571 -6.69835e-07 -0.0020077 -0.00080244
17 0.00140802 5.43771e-07 0.998585 -6.36682e-07 -0.00176322 -0.00123323
17.1 0.00139388 5.74888e-07 0.9986 -6.67742e-07 -0.00142886 -0.001595
17.2 0.00138005 5.98598e-07 0.998614 -6.85007e-07 -0.00102304 -0.00186962
17.3 0.00136642 5.26298e-07 0.998627 -6.05529e-07 -0.000567721 -0.00204368
17.4 0.00135293 3.44191e-07 0.998641 -4.14474e-07 -8.72118e-05 -0.00210915
17.5 0.00133951 8.80592e-08 0.998655 -1.52238e-07 0.000393119 -0.00206373
17.6 0.00132614 -1.89445e-07 0.998668 1.26798e-07 0.000848204 -0.00191093
17.7 0.00131277 -4.32256e-07 0.998682 3.67868e-07 0.00125452 -0.00165982
17.8 0.00129947 -5.98832e-07 0.998695 5.3242e-07 0.00159136 -0.0013245
17.9 0.00128629 -7.07959e-07 0.998708 6.3984e-07 0.00184185 -0.000923331
18 0.00127325 -8.68679e-07 0.998721 7.95532e-07 0.00199372 -0.000477836
18.1 0.00126041 -1.1697e-06 0.998734 1.09621e-06 0.00204001 -1.17283e-05
18.2 0.00124776 -1.56492e-06 0.998747 1.49235e-06 0.00197932 0.000450464
18.3 0.00123522 -1.92611e-06 0.99876 1.85559e-06 0.00181585 0.000884632
18.4 0.00122268 -2.21827e-06 0.998773 2.15081e-06 0.00155913 0.00126837
18.5 0.00121014 -2.46783e-06 0.998785 2.40738e-06 0.00122347 0.00158205
18.6 0.00119767 -2.64146e-06 0.998798 2.5859e-06 0.000827241 0.00180995
18.7 0.00118536 -2.69179e-06 0.99881 2.64062e-06 0.000391745 0.00194101
18.8 0.00117322 -2.64526e-06 0.998823 2.59663e-06 -5.98989e-05 0.00196932
18.9 0.00116112 -2.54505e-06 0.998835 2.49499e-06 -0.000503859 0.00189444
19 0.00114896 -2.41e-06 0.998847 2.35754e-06 -0.000917044 0.00172134
19.1 0.00113669 -2.27343e-06 0.998859 2.22472e-06 -0.00127818 0.00146007
19.2 0.00112446 -2.16846e-06 0.998872 2.12055e-06 -0.00156892 0.00112519
19.3 0.00111228 -2.07864e-06 0.998884 2.0309e-06 -0.0017748 0.00073495
19.4 0.00110018 -1.95489e-06 0.998896 1.90727e-06 -0.00188598 0.000310272
19.5 0.00108834 -1.81511e-06 0.998908 1.76971e-06 -0.00189754 -0.000126371
19.6 0.00107698 -1.61598e-06 0.99892 1.57172e-06 -0.00180986 -0.000551999
19.7 0.00106637 -1.32959e-06 0.998931 1.28495e-06 -0.00162857 -0.000944595
19.8 0.00105611 -1.00868e-06 0.998941 9.65494e-07 -0.00136407 -0.0012839
19.9 0.00104606 -7.11517e-07 0.998951 6.68457e-07 -0.00103099 -0.00155272
20 0.00103542 -4.50431e-07 0.998962 4.07371e-07 -0.0006475 -0.00173772
