0 0 0 1 0 0 0
0.1 1.71706e-07 1.98538e-20 0.99996 2.40262e-13 4.82583e-05 -0.000411035
0.2 7.90641e-07 1.76877e-19 0.999959 2.1196e-13 0.000195159 -0.000865103
0.3 2.0347e-06 7.55353e-19 0.999958 1.1874e-13 0.00044806 -0.00134761
0.4 4.11096e-06 2.03904e-18 0.999955 1.28884e-14 0.000810718 -0.00184399
0.5 7.25462e-06 3.78532e-18 0.999951 -4.90147e-14 0.00128343 -0.00234071
0.6 1.17277e-05 4.78114e-18 0.999947 -5.6948e-14 0.0018634 -0.00282615
0.7 1.78183e-05 3.5129e-18 0.99994 -8.50246e-15 0.00254529 -0.00329143
0.8 2.58415e-05 -4.95494e-19 0.999932 8.81057e-14 0.00332198 -0.00373104
0.9 3.61437e-05 -5.5571e-18 0.999921 2.16325e-13 0.00418541 -0.00414328
1 4.91112e-05 -8.22453e-18 0.999908 3.3506e-13 0.00512752 -0.00453052
1.1 6.51862e-05 -5.69332e-18 0.999892 4.25514e-13 0.00614119 -0.00489915
1.2 8.48919e-05 6.8231e-18 0.999873 4.89677e-13 0.00722121 -0.00525945
1.3 0.000108867 4.02199e-17 0.99985 5.26762e-13 0.00836506 -0.00562509
1.4 0.000137917 9.75175e-17 0.999822 5.95762e-13 0.00957363 -0.00601254
1.5 0.000173073 1.82782e-16 0.999787 6.19768e-13 0.0108518 -0.00644032
1.6 0.000215672 2.93371e-16 0.999745 5.60242e-13 0.0122088 -0.0069281
1.7 0.000267449 4.41152e-16 0.999691 5.55673e-13 0.0136582 -0.00749577
1.8 0.000330641 6.8317e-16 0.999626 5.46591e-13 0.0152178 -0.00816253
1.9 0.000408108 1.04397e-15 0.999545 5.06256e-13 0.0169096 -0.00894598
2 0.000503454 1.45045e-15 0.999447 4.67692e-13 0.0187591 -0.00986125
2.1 0.000621159 1.8233e-15 0.999327 4.00947e-13 0.0207942 -0.0109203
2.2 0.000766709 2.11176e-15 0.999179 2.89573e-13 0.023045 -0.0121315
2.3 0.000946708 2.38492e-15 0.998996 2.22183e-13 0.0255427 -0.013499
2.4 0.00116899 3.0191e-15 0.998772 1.86204e-13 0.0283181 -0.0150229
2.5 0.00144269 4.15493e-15 0.998498 1.90721e-13 0.0314015 -0.0166987
2.6 0.00177831 6.12558e-15 0.998162 6.90831e-14 0.0348206 -0.018518
2.7 0.00218775 8.38841e-15 0.997752 -7.42692e-14 0.0386003 -0.0204683
2.8 0.00268422 1.10644e-14 0.997255 -2.55111e-13 0.0427617 -0.022534
2.9 0.00328229 1.37229e-14 0.996657 -4.57138e-13 0.0473213 -0.0246966
3 0.00399769 1.55673e-14 0.995941 -5.78071e-13 0.0522902 -0.0269354
3.1 0.00484718 1.4397e-14 0.995091 -5.1657e-13 0.0576742 -0.0292282
3.2 0.00584838 9.69093e-15 0.99409 -1.33747e-13 0.0634733 -0.0315522
3.3 0.00701954 3.45109e-15 0.992919 3.22873e-13 0.0696815 -0.0338842
3.4 0.00837923 -3.5359e-15 0.99156 6.85392e-13 0.0762873 -0.0362015
3.5 0.0099461 -9.71863e-15 0.989993 1.05411e-12 0.083274 -0.0384821
3.6 0.0117385 -1.56221e-14 0.988201 1.25381e-12 0.0906191 -0.0407047
3.7 0.0137742 -1.38856e-14 0.986165 1.3398e-12 0.0982957 -0.042849
3.8 0.0160697 -7.75335e-16 0.983869 1.21357e-12 0.106272 -0.0448961
3.9 0.0186404 2.85778e-14 0.981298 9.52041e-13 0.114511 -0.046828
4 0.0214996 6.91244e-14 0.978439 7.35774e-13 0.122973 -0.0486283
4.1 0.0246583 1.13605e-13 0.97528 6.23389e-13 0.131614 -0.0502816
4.2 0.0281249 1.53893e-13 0.971814 5.85989e-13 0.140389 -0.0517731
4.3 0.0319042 1.84559e-13 0.968034 4.98651e-13 0.149247 -0.0530888
4.4 0.0359976 2.06485e-13 0.963939 3.61779e-13 0.158138 -0.0542157
4.5 0.0404023 2.31192e-13 0.959534 2.55927e-13 0.167006 -0.0551413
4.6 0.0451108 2.70417e-13 0.954824 2.20285e-13 0.175798 -0.0558544
4.7 0.0501109 3.22686e-13 0.949824 2.59731e-13 0.184456 -0.0563451
4.8 0.0553849 3.83383e-13 0.944549 3.20661e-13 0.192923 -0.0566056
4.9 0.0609103 4.48781e-13 0.939023 3.21147e-13 0.201141 -0.0566299
5 0.0666594 5.37477e-13 0.933273 2.00468e-13 0.209053 -0.0564154
5.1 0.0725993 6.63032e-13 0.927333 6.09326e-14 0.216605 -0.0559631
5.2 0.0786933 8.26509e-13 0.921239 -4.65826e-14 0.223744 -0.0552788
5.3 0.0849006 9.90214e-13 0.915031 -1.58818e-13 0.230421 -0.0543728
5.4 0.0911783 1.10072e-12 0.908754 -2.64682e-13 0.236593 -0.0532612
5.5 0.0974818 1.11698e-12 0.90245 -3.18431e-13 0.242224 -0.0519653
5.6 0.103767 1.01007e-12 0.896165 -1.89448e-13 0.247283 -0.0505116
5.7 0.10999 7.79356e-13 0.889942 2.29163e-13 0.25175 -0.0489311
5.8 0.116111 4.26512e-13 0.883819 8.48693e-13 0.255616 -0.0472575
5.9 0.122095 -2.74908e-14 0.877835 1.51373e-12 0.25888 -0.0455256
6 0.12791 -5.27231e-13 0.872019 2.12124e-12 0.261551 -0.0437689
6.1 0.13353 -1.03905e-12 0.866397 2.6146e-12 0.263647 -0.0420183
6.2 0.138936 -1.53055e-12 0.86099 3.01089e-12 0.265194 -0.0402999
6.3 0.144112 -1.94715e-12 0.855813 3.33107e-12 0.266222 -0.038634
6.4 0.149047 -2.27492e-12 0.850876 3.51568e-12 0.266766 -0.0370335
6.5 0.153735 -2.53461e-12 0.846186 3.57078e-12 0.266864 -0.0355039
6.6 0.15817 -2.79957e-12 0.841749 3.65302e-12 0.266551 -0.0340426
6.7 0.162347 -3.11302e-12 0.83757 3.91463e-12 0.265862 -0.0326399
6.8 0.166263 -3.50807e-12 0.833652 4.41971e-12 0.264826 -0.0312807
6.9 0.169912 -3.96671e-12 0.830001 5.08678e-12 0.263467 -0.029946
7 0.173285 -4.47139e-12 0.826626 5.82986e-12 0.261804 -0.0286156
7.1 0.176374 -4.96782e-12 0.823535 6.57091e-12 0.259847 -0.0272697
7.2 0.179167 -5.42574e-12 0.820739 7.28592e-12 0.257602 -0.0258915
7.3 0.181654 -5.78782e-12 0.81825 7.91354e-12 0.255069 -0.0244689
7.4 0.183823 -5.97213e-12 0.816078 8.29043e-12 0.252246 -0.0229959
7.5 0.185666 -5.95745e-12 0.814233 8.3737e-12 0.249129 -0.0214726
7.6 0.187175 -5.70501e-12 0.812721 8.27577e-12 0.245711 -0.0199057
7.7 0.18835 -5.22923e-12 0.811544 8.02198e-12 0.24199 -0.0183078
7.8 0.189192 -4.61895e-12 0.810701 7.70979e-12 0.237964 -0.0166959
7.9 0.189708 -3.88271e-12 0.810183 7.20448e-12 0.233637 -0.0150893
8 0.18991 -2.97656e-12 0.809979 6.45732e-12 0.229016 -0.0135078
8.1 0.189816 -2.01574e-12 0.810071 5.56699e-12 0.224115 -0.01197
8.2 0.189444 -1.12316e-12 0.810441 4.75227e-12 0.218949 -0.0104917
8.3 0.188819 -4.3108e-13 0.811064 4.13484e-12 0.21354 -0.00908505
8.4 0.187964 5.6862e-14 0.811917 3.69376e-12 0.20791 -0.00775747
8.5 0.186905 3.49514e-13 0.812974 3.55148e-12 0.202084 -0.00651158
8.6 0.185666 6.53272e-13 0.814211 3.36299e-12 0.196088 -0.0053456
8.7 0.18427 9.73399e-13 0.815605 3.26078e-12 0.189945 -0.00425403
8.8 0.182739 1.39557e-12 0.817134 3.28811e-12 0.183679 -0.00322879
8.9 0.181092 2.04379e-12 0.818779 3.26228e-12 0.177312 -0.00226002
9 0.179346 2.80363e-12 0.820523 3.01795e-12 0.170864 -0.00133719
9.1 0.177518 3.23236e-12 0.82235 2.68898e-12 0.164351 -0.000450377
9.2 0.175619 3.10303e-12 0.824247 2.04857e-12 0.157788 0.000408602
9.3 0.173664 2.38926e-12 0.826202 1.55425e-12 0.151189 0.00124551
9.4 0.171661 1.32415e-12 0.828204 1.59242e-12 0.144566 0.00206337
9.5 0.169623 3.42295e-13 0.830241 2.01042e-12 0.13793 0.00286194
9.6 0.167558 -2.65991e-13 0.832305 2.62893e-12 0.131292 0.0036374
9.7 0.165475 -5.97412e-13 0.834386 3.35368e-12 0.124665 0.00438246
9.8 0.163385 -8.13791e-13 0.836475 4.07188e-12 0.118062 0.00508665
9.9 0.161296 -1.02858e-12 0.838562 4.65955e-12 0.111498 0.00573714
10 0.159218 -1.42747e-12 0.840639 4.89809e-12 0.104992 0.00632008
10.1 0.157159 -2.15252e-12 0.842696 4.81675e-12 0.0985666 0.0068222
10.2 0.155128 -3.10559e-12 0.844725 4.53044e-12 0.0922442 0.00723157
10.3 0.153131 -3.9045e-12 0.846721 4.12413e-12 0.08605 0.00753847
10.4 0.151175 -4.41961e-12 0.848675 3.6677e-12 0.0800092 0.0077353
10.5 0.149265 -4.71901e-12 0.850583 3.29787e-12 0.0741474 0.00781686
10.6 0.147405 -4.79808e-12 0.852441 3.1327e-12 0.0684907 0.00778051
10.7 0.145597 -4.72342e-12 0.854247 3.00248e-12 0.0630646 0.00762738
10.8 0.143844 -4.54489e-12 0.856 2.88425e-12 0.0578935 0.00736291
10.9 0.142144 -4.39213e-12 0.857698 2.89174e-12 0.0529994 0.00699704
11 0.140497 -4.39002e-12 0.859343 2.66755e-12 0.0484004 0.00654413
11.1 0.138901 -4.36906e-12 0.860937 2.10504e-12 0.0441097 0.00602177
11.2 0.137354 -4.0736e-12 0.862483 1.32243e-12 0.0401353 0.00544987
11.3 0.135851 -3.51767e-12 0.863985 8.19263e-13 0.0364791 0.0048496
11.4 0.13439 -2.81534e-12 0.865445 3.97395e-13 0.0331379 0.00424228
11.5 0.132965 -2.06709e-12 0.866868 -2.58931e-13 0.0301036 0.00364867
11.6 0.131574 -1.45856e-12 0.868258 -1.00173e-12 0.0273635 0.00308854
11.7 0.130213 -7.30442e-13 0.869618 -1.68741e-12 0.0249 0.00257987
11.8 0.128877 7.75009e-14 0.870953 -2.27917e-12 0.0226916 0.00213791
11.9 0.127564 8.06346e-13 0.872264 -2.8413e-12 0.020713 0.00177427
12 0.126271 6.10946e-13 0.873555 -3.64933e-12 0.018937 0.00149618
12.1 0.124996 -2.21749e-13 0.874828 -4.58953e-12 0.0173348 0.00130623
12.2 0.123737 -1.42675e-12 0.876086 -5.3748e-12 0.0158776 0.00120218
12.3 0.122493 -2.53679e-12 0.877328 -5.80702e-12 0.0145384 0.00117715
12.4 0.121263 -3.06394e-12 0.878557 -5.72527e-12 0.0132927 0.00122047
12.5 0.120045 -2.75391e-12 0.879772 -5.07003e-12 0.0121197 0.00131876
12.6 0.118841 -2.53945e-12 0.880975 -4.66481e-12 0.0110021 0.00145664
12.7 0.117648 -3.44827e-12 0.882166 -3.35705e-12 0.00992612 0.00161695
12.8 0.116468 -4.3318e-12 0.883345 -3.03187e-12 0.00888243 0.00178154
12.9 0.115301 -5.31564e-12 0.884511 -3.47349e-12 0.00786631 0.00193231
13 0.114145 -5.48959e-12 0.885665 -3.8334e-12 0.00687787 0.00205278
13.1 0.113002 -5.02921e-12 0.886807 -6.03342e-12 0.0059213 0.00212892
13.2 0.111871 -4.76204e-12 0.887937 -7.86846e-12 0.00500388 0.00215014
13.3 0.110752 -4.50215e-12 0.889054 -1.03366e-11 0.0041352 0.00210968
13.4 0.109645 -4.53033e-12 0.89016 -1.33606e-11 0.00332618 0.00200468
13.5 0.108549 -5.13341e-12 0.891254 -1.55944e-11 0.00258807 0.00183629
13.6 0.107466 -6.11056e-12 0.892336 -1.53683e-11 0.00193169 0.00160955
13.7 0.106394 -6.90397e-12 0.893407 -1.3562e-11 0.00136645 0.00133327
13.8 0.105334 -7.38791e-12 0.894466 -1.23569e-11 0.000899435 0.00101955
13.9 0.104285 -7.73487e-12 0.895515 -1.1501e-11 0.000534576 0.000682854
14 0.103246 -7.90699e-12 0.896552 -1.11776e-11 0.000272166 0.000338839
14.1 0.102219 -7.59126e-12 0.897579 -1.2025e-11 0.000109244 3.33488e-06
14.2 0.101201 -7.11528e-12 0.898595 -1.36849e-11 3.97523e-05 -0.000308029
14.3 0.100194 -6.63522e-12 0.899601 -1.55664e-11 5.43877e-05 -0.000580445
14.4 0.0991973 -6.33759e-12 0.900596 -1.68992e-11 0.000140603 -0.000800837
14.5 0.0982103 -6.13935e-12 0.901582 -1.75107e-11 0.000283069 -0.000958757
14.6 0.0972332 -6.05209e-12 0.902558 -1.78344e-11 0.000464195 -0.00104702
14.7 0.0962657 -5.85254e-12 0.903525 -1.81035e-11 0.000665199 -0.00106268
14.8 0.0953079 -5.40423e-12 0.904482 -1.80946e-11 0.000867418 -0.00100711
14.9 0.0943595 -5.09704e-12 0.90543 -1.83121e-11 0.0010534 -0.000885903
15 0.0934206 -4.52592e-12 0.906368 -1.64779e-11 0.00120798 -0.000708085
15.1 0.092491 -3.60732e-12 0.907297 -1.36185e-11 0.0013188 -0.000485221
15.2 0.0915706 -2.65155e-12 0.908217 -9.91185e-12 0.00137639 -0.000230793
15.3 0.0906592 -2.18083e-12 0.909128 -7.71965e-12 0.00137442 4.00849e-05
15.4 0.0897569 -1.97521e-12 0.91003 -6.69114e-12 0.00131034 0.000311251
15.5 0.0888636 -1.89424e-12 0.910924 -8.24597e-12 0.00118561 0.000566387
15.6 0.0879792 -2.04432e-12 0.911808 -1.01919e-11 0.00100587 0.000790191
15.7 0.0871036 -1.84378e-12 0.912684 -1.12984e-11 0.000780431 0.000969516
15.8 0.0862369 -1.69652e-12 0.913551 -1.09726e-11 0.000521503 0.00109426
15.9 0.0853788 -1.62036e-12 0.91441 -7.81515e-12 0.00024313 0.00115791
16 0.0845294 -9.62158e-13 0.915259 -5.85811e-12 -3.98311e-05 0.0011575
16.1 0.0836884 -1.22533e-13 0.916101 -4.81211e-12 -0.000312405 0.00109357
16.2 0.0828557 7.38678e-13 0.916933 -4.12191e-12 -0.000560137 0.0009703
16.3 0.0820312 1.40261e-12 0.917758 -3.4128e-12 -0.000770067 0.000795248
16.4 0.0812148 1.73747e-12 0.918574 -2.91251e-12 -0.000931583 0.000578748
16.5 0.0804066 1.93222e-12 0.919382 -2.12048e-12 -0.00103692 0.000333236
16.6 0.0796064 1.74745e-12 0.920182 -1.93711e-12 -0.00108134 7.2428e-05
16.7 0.0788142 1.53183e-12 0.920974 -2.17425e-12 -0.00106324 -0.000189348
16.8 0.07803 1.39341e-12 0.921758 -2.85234e-12 -0.000984294 -0.000437658
16.9 0.0772535 1.45313e-12 0.922534 -3.63611e-12 -0.000849565 -0.000658773
17 0.0764848 1.62907e-12 0.923303 -3.87735e-12 -0.000667229 -0.000840549
17.1 0.0757236 1.87589e-12 0.924064 -3.58339e-12 -0.000447884 -0.000973122
17.2 0.07497 2.18205e-12 0.924817 -3.01918e-12 -0.00020414 -0.00104928
17.3 0.0742239 2.46195e-12 0.925562 -2.34656e-12 4.99452e-05 -0.00106495
17.4 0.0734852 2.69339e-12 0.9263 -1.782e-12 0.000299644 -0.00101955
17.5 0.072754 2.85983e-12 0.927031 -1.6006e-12 0.00053047 -0.000916044
17.6 0.07203 2.94222e-12 0.927754 -1.51745e-12 0.00072895 -0.000760956
17.7 0.0713133 2.92595e-12 0.928471 -1.42915e-12 0.000883742 -0.000563972
17.8 0.0706037 2.84983e-12 0.92918 -1.24727e-12 0.000986438 -0.000337117
17.9 0.0699012 2.79699e-12 0.929883 -1.09096e-12 0.00103195 -9.38669e-05
18 0.0692057 2.79337e-12 0.930578 -1.04846e-12 0.00101856 0.000151703
18.1 0.0685171 2.7705e-12 0.931267 -1.15236e-12 0.000947962 0.000385668
18.2 0.0678354 2.6903e-12 0.931948 -1.59362e-12 0.000825008 0.000595044
18.3 0.0671604 2.60147e-12 0.932623 -2.0954e-12 0.000657311 0.000768514
18.4 0.0664921 2.53944e-12 0.933291 -2.28491e-12 0.000454747 0.000896966
18.5 0.0658305 2.49748e-12 0.933952 -2.26045e-12 0.00022888 0.000973821
18.6 0.0651755 2.4738e-12 0.934607 -2.34886e-12 -7.6195e-06 0.000995274
18.7 0.0645269 2.44361e-12 0.935255 -2.36732e-12 -0.000241593 0.000960525
18.8 0.0638849 2.4187e-12 0.935897 -2.32702e-12 -0.000459941 0.000871782
18.9 0.0632492 2.39621e-12 0.936533 -2.29935e-12 -0.000650293 0.000734349
19 0.0626198 2.37367e-12 0.937162 -2.25441e-12 -0.000801879 0.000556453
19.1 0.0619967 2.35041e-12 0.937785 -2.211e-12 -0.000906267 0.000348763
19.2 0.0613799 2.32753e-12 0.938401 -2.17491e-12 -0.000957954 0.000123651
19.3 0.0607691 2.3046e-12 0.939012 -2.14255e-12 -0.000954741 -0.000105631
19.4 0.0601645 2.28177e-12 0.939617 -2.1153e-12 -0.000897716 -0.000325976
19.5 0.0595658 2.25903e-12 0.940215 -2.09144e-12 -0.000791025 -0.000525159
19.6 0.0589731 2.23628e-12 0.940808 -2.07231e-12 -0.000641419 -0.000692455
19.7 0.0583863 2.2139e-12 0.941395 -2.05244e-12 -0.000457788 -0.000819072
19.8 0.0578054 2.19188e-12 0.941976 -2.03038e-12 -0.000250693 -0.000898488
19.9 0.0572302 2.17007e-12 0.942551 -2.0086e-12 -3.1906e-05 -0.000926752
20 0.0566608 2.14848e-12 0.94312 -1.98702e-12 0.000186197 -0.000902747
