0 0 0 1 0 0 0
0.1 1.72312e-07 -1.5618e-14 0.99994 -9.0668e-08 4.8382e-05 -0.000411751
0.2 7.95397e-07 -7.72936e-14 0.999938 -9.71966e-08 0.000196097 -0.000867608
0.3 2.05011e-06 -1.95592e-13 0.999936 -9.51797e-08 0.000450954 -0.00135226
0.4 4.14546e-06 -3.02568e-13 0.999933 -8.71868e-08 0.000816865 -0.00185036
0.5 7.31699e-06 1.12266e-13 0.999929 -7.72077e-08 0.00129399 -0.00234764
0.6 1.18252e-05 9.64341e-13 0.999925 -6.76957e-08 0.00187915 -0.00283192
0.7 1.79546e-05 1.79559e-12 0.999918 -6.43969e-08 0.00256645 -0.00329402
0.8 2.60149e-05 2.87196e-12 0.99991 -4.72449e-08 0.00334814 -0.00372834
0.9 3.63455e-05 3.51839e-12 0.999899 -4.35032e-08 0.00421552 -0.00413341
1 4.93246e-05 3.11443e-12 0.999886 -4.01419e-08 0.00515999 -0.00451201
1.1 6.53862e-05 -1.86892e-12 0.99987 -4.35875e-08 0.00617408 -0.0048711
1.2 8.50446e-05 -1.36529e-11 0.999852 -5.8373e-08 0.00725236 -0.00522158
1.3 0.000108932 -1.58444e-11 0.999829 -2.5546e-08 0.00839233 -0.00557776
1.4 0.000137846 -1.98629e-13 0.9998 -5.33864e-09 0.00959507 -0.00595668
1.5 0.000172816 2.01609e-11 0.999766 -1.61395e-08 0.0108658 -0.00637732
1.6 0.000215181 3.79191e-11 0.999724 -5.07037e-10 0.0122142 -0.00685966
1.7 0.000266679 4.12118e-11 0.999671 2.52725e-08 0.0136543 -0.00742379
1.8 0.000329561 1.57136e-11 0.999606 2.56527e-08 0.0152047 -0.00808896
1.9 0.000406704 -2.54183e-11 0.999526 2.93198e-08 0.0168877 -0.00887268
2 0.000501737 -6.51914e-11 0.999428 3.91938e-08 0.0187294 -0.00978988
2.1 0.000619171 -9.28414e-11 0.999308 4.23755e-08 0.0207583 -0.0108522
2.2 0.000764527 -7.23376e-11 0.999161 4.66637e-08 0.0230049 -0.0120676
2.3 0.00094445 1.61222e-11 0.998978 5.95437e-08 0.0255005 -0.0134396
2.4 0.00116681 7.2166e-11 0.998755 3.95171e-08 0.0282765 -0.0149678
2.5 0.0014408 5.8758e-11 0.99848 2.63589e-08 0.0313627 -0.016647
2.6 0.00177693 -2.1535e-11 0.998143 1.06631e-08 0.034787 -0.0184679
2.7 0.00218711 -7.39592e-11 0.997733 5.92383e-09 0.038574 -0.0204174
2.8 0.00268457 -7.06226e-11 0.997236 2.94497e-09 0.042744 -0.0224793
2.9 0.00328381 1.22638e-11 0.996636 3.51575e-09 0.0473129 -0.0246344
3 0.00400049 1.50625e-10 0.995919 8.13118e-09 0.052291 -0.0268616
3.1 0.00485127 2.41199e-10 0.995068 5.45449e-09 0.0576829 -0.0291387
3.2 0.00585362 6.3642e-11 0.994066 -5.17856e-09 0.0634876 -0.0314428
3.3 0.0070256 -4.68307e-10 0.992894 -1.24815e-08 0.0696982 -0.0337514
3.4 0.0083856 -8.46839e-10 0.991535 7.11867e-09 0.0763022 -0.0360424
3.5 0.00995206 -1.0501e-09 0.989968 1.34684e-08 0.083282 -0.0382947
3.6 0.0117432 -1.1434e-09 0.988177 1.98961e-08 0.0906147 -0.0404881
3.7 0.0137765 -1.53126e-09 0.986144 2.32076e-08 0.0982732 -0.0426039
3.8 0.0160686 -1.64614e-09 0.983852 3.15103e-08 0.106225 -0.0446242
3.9 0.0186347 -7.67532e-10 0.981286 3.329e-08 0.114435 -0.0465326
4 0.0214882 5.73174e-10 0.978432 2.49373e-08 0.122863 -0.048314
4.1 0.0246404 2.35849e-09 0.97528 3.30796e-08 0.131467 -0.0499538
4.2 0.0280999 3.3154e-09 0.97182 3.92259e-08 0.140201 -0.0514384
4.3 0.0318721 2.97595e-09 0.968048 4.30912e-08 0.149018 -0.0527545
4.4 0.0359588 1.96316e-09 0.96396 5.70886e-08 0.157866 -0.0538891
4.5 0.040358 -4.67587e-10 0.95956 6.70701e-08 0.166695 -0.0548301
4.6 0.0450628 -4.13254e-09 0.954855 8.46821e-08 0.175449 -0.0555657
4.7 0.0500617 -9.8334e-09 0.949855 9.89268e-08 0.184074 -0.0560856
4.8 0.0553381 -1.53984e-08 0.944578 1.06678e-07 0.192512 -0.0563806
4.9 0.0608701 -1.68705e-08 0.939046 1.22807e-07 0.200708 -0.0564437
5 0.0666304 -1.58928e-08 0.933285 1.24354e-07 0.208604 -0.0562706
5.1 0.0725869 -1.18394e-08 0.927328 1.10779e-07 0.216146 -0.0558608
5.2 0.0787028 -1.99906e-09 0.921212 1.0404e-07 0.223282 -0.055218
5.3 0.0849377 1.25351e-08 0.914977 9.36683e-08 0.229962 -0.0543511
5.4 0.0912481 2.74332e-08 0.908667 7.98343e-08 0.236142 -0.0532744
5.5 0.0975888 4.17568e-08 0.902326 6.39005e-08 0.241783 -0.052008
5.6 0.103915 5.7494e-08 0.896 5.87566e-08 0.246854 -0.0505776
5.7 0.110182 6.7108e-08 0.889732 7.67399e-08 0.251334 -0.0490137
5.8 0.116349 6.96007e-08 0.883564 1.17306e-07 0.255212 -0.0473501
5.9 0.12238 6.92901e-08 0.877532 1.52431e-07 0.258485 -0.045622
6 0.128241 7.16619e-08 0.87167 1.76255e-07 0.261162 -0.0438641
6.1 0.133907 7.47865e-08 0.866004 1.74436e-07 0.263259 -0.0421084
6.2 0.139356 7.21726e-08 0.860553 1.72582e-07 0.264802 -0.0403824
6.3 0.144572 5.62941e-08 0.855335 2.01444e-07 0.265822 -0.038708
6.4 0.149546 3.42081e-08 0.850359 2.22074e-07 0.266353 -0.0370998
6.5 0.15427 2.85085e-08 0.845634 2.3849e-07 0.266435 -0.0355642
6.6 0.158738 3.71797e-08 0.841164 2.36312e-07 0.266103 -0.0340999
6.7 0.162948 3.94879e-08 0.836952 2.31124e-07 0.265394 -0.0326976
6.8 0.166895 5.90195e-09 0.833003 2.71714e-07 0.264337 -0.0313421
6.9 0.170573 -7.23127e-08 0.829322 3.53447e-07 0.262959 -0.0300144
7 0.173976 -1.49253e-07 0.825917 4.19586e-07 0.261277 -0.0286935
7.1 0.177095 -1.80733e-07 0.822796 4.47449e-07 0.259303 -0.0273591
7.2 0.179918 -1.53844e-07 0.81997 4.18987e-07 0.257044 -0.0259934
7.3 0.182435 -8.75188e-08 0.817451 3.4978e-07 0.254499 -0.0245836
7.4 0.184635 -1.90281e-08 0.815248 2.70999e-07 0.251667 -0.0231225
7.5 0.186508 1.38055e-08 0.813373 2.07747e-07 0.248542 -0.0216099
7.6 0.188047 -3.36675e-08 0.811831 2.07443e-07 0.245119 -0.0200521
7.7 0.189251 -1.77639e-07 0.810625 3.22185e-07 0.241393 -0.0184615
7.8 0.190121 -3.81466e-07 0.809753 5.03975e-07 0.237363 -0.0168553
7.9 0.190664 -5.79168e-07 0.809208 6.78873e-07 0.233031 -0.0152534
8 0.190892 -7.19219e-07 0.808978 7.83246e-07 0.228407 -0.0136759
8.1 0.190822 -7.75114e-07 0.809047 8.12936e-07 0.223502 -0.012142
8.2 0.190474 -7.45022e-07 0.809393 7.91042e-07 0.218333 -0.0106682
8.3 0.189871 -6.54276e-07 0.809993 7.14935e-07 0.212922 -0.00926694
8.4 0.189039 -5.53518e-07 0.810824 6.4185e-07 0.207291 -0.00794619
8.5 0.188001 -4.60615e-07 0.811859 5.55255e-07 0.201465 -0.00670867
8.6 0.186784 -3.47949e-07 0.813074 4.18958e-07 0.195472 -0.00555258
8.7 0.18541 -1.84645e-07 0.814445 2.11713e-07 0.189334 -0.00447224
8.8 0.183902 2.22877e-08 0.815952 -3.0773e-08 0.183077 -0.00345927
8.9 0.182279 1.90251e-07 0.817573 -2.28423e-07 0.176722 -0.00250335
9 0.180558 2.29581e-07 0.819293 -2.88264e-07 0.170289 -0.00159344
9.1 0.178754 1.38644e-07 0.821095 -2.21757e-07 0.163794 -0.00071906
9.2 0.176882 5.69137e-09 0.822966 -1.21074e-07 0.157253 0.000128473
9.3 0.174952 -1.20371e-07 0.824895 -3.52546e-08 0.150679 0.000955394
9.4 0.172975 -2.42964e-07 0.826871 7.07259e-08 0.144082 0.00176513
9.5 0.170962 -3.77089e-07 0.828883 1.98473e-07 0.137475 0.00255775
9.6 0.168922 -5.08674e-07 0.830922 3.1958e-07 0.130868 0.00332953
9.7 0.166863 -5.9137e-07 0.83298 4.01063e-07 0.124272 0.00407311
9.8 0.164795 -6.10291e-07 0.835046 4.24149e-07 0.117699 0.00477781
9.9 0.162727 -5.93674e-07 0.837113 4.1813e-07 0.111167 0.00543061
10 0.160668 -5.75268e-07 0.83917 4.04244e-07 0.104692 0.00601747
10.1 0.158626 -5.54684e-07 0.84121 3.92851e-07 0.0982973 0.00652497
10.2 0.15661 -5.3238e-07 0.843225 3.73311e-07 0.0920052 0.00694109
10.3 0.154626 -4.95654e-07 0.845207 3.20395e-07 0.0858407 0.00725603
10.4 0.152682 -4.3932e-07 0.847149 2.4487e-07 0.079829 0.00746214
10.5 0.150782 -3.97191e-07 0.849048 1.88035e-07 0.0739954 0.00755414
10.6 0.148929 -3.60809e-07 0.850898 1.4195e-07 0.0683661 0.0075294
10.7 0.147128 -2.68022e-07 0.852698 4.10642e-08 0.0629664 0.00738901
10.8 0.145378 -8.45244e-08 0.854446 -1.52822e-07 0.0578206 0.00713841
10.9 0.143682 1.41973e-07 0.856142 -3.84446e-07 0.0529506 0.00678757
11 0.142036 3.3876e-07 0.857785 -5.73962e-07 0.0483743 0.00635092
11.1 0.140441 4.46483e-07 0.859379 -6.71211e-07 0.0441047 0.00584603
11.2 0.138893 4.03318e-07 0.860926 -6.14639e-07 0.0401493 0.00529278
11.3 0.137389 2.14899e-07 0.862429 -4.16645e-07 0.03651 0.00471217
11.4 0.135925 -1.43998e-08 0.863892 -1.9667e-07 0.0331832 0.00412531
11.5 0.134498 -1.82894e-07 0.865318 -5.22764e-08 0.0301606 0.00355275
11.6 0.133103 -2.46421e-07 0.866711 -1.59951e-08 0.0274292 0.00301404
11.7 0.131738 -1.93856e-07 0.868075 -8.15895e-08 0.0249714 0.00252686
11.8 0.130398 -5.58808e-08 0.869414 -2.12137e-07 0.0227655 0.00210614
11.9 0.129081 1.07183e-07 0.870729 -3.60298e-07 0.0207861 0.00176295
12 0.127784 1.89127e-07 0.872024 -4.23831e-07 0.019006 0.00150403
12.1 0.126505 1.3225e-07 0.873302 -3.45756e-07 0.0173964 0.00133142
12.2 0.125243 -3.40786e-08 0.874563 -1.65788e-07 0.0159291 0.00124227
12.3 0.123995 -2.17888e-07 0.875809 2.70845e-08 0.0145771 0.00122909
12.4 0.12276 -2.88478e-07 0.877042 1.03256e-07 0.0133168 0.0012807
12.5 0.121539 -2.10549e-07 0.878262 2.80888e-08 0.0121279 0.00138337
12.6 0.12033 -4.1239e-08 0.879469 -1.3816e-07 0.0109939 0.00152158
12.7 0.119133 1.53991e-07 0.880665 -3.23085e-07 0.00990209 0.00167815
12.8 0.117948 2.94653e-07 0.881849 -4.38564e-07 0.00884389 0.00183511
12.9 0.116774 3.51161e-07 0.88302 -4.61269e-07 0.00781552 0.00197471
13 0.115613 3.33778e-07 0.88418 -4.1461e-07 0.00681789 0.00208108
13.1 0.114464 2.72842e-07 0.885328 -3.39993e-07 0.00585582 0.00214097
13.2 0.113326 1.80711e-07 0.886464 -2.4945e-07 0.00493702 0.0021447
13.3 0.112201 8.91302e-08 0.887588 -1.76198e-07 0.00407132 0.00208655
13.4 0.111088 6.71452e-08 0.8887 -1.68023e-07 0.00326956 0.00196468
13.5 0.109986 1.56616e-07 0.889801 -2.59243e-07 0.00254276 0.0017813
13.6 0.108897 3.27891e-07 0.890889 -4.32067e-07 0.00190121 0.00154238
13.7 0.107819 5.05782e-07 0.891967 -6.18084e-07 0.00135361 0.0012576
13.8 0.106752 6.37982e-07 0.893032 -7.5867e-07 0.000906127 0.000939677
13.9 0.105696 7.3271e-07 0.894087 -8.64565e-07 0.000561675 0.000603487
14 0.104652 8.26934e-07 0.89513 -9.63457e-07 0.00031943 0.000264817
14.1 0.103619 9.82939e-07 0.896163 -1.1221e-06 0.000175265 -6.06043e-05
14.2 0.102596 1.19921e-06 0.897184 -1.34569e-06 0.00012203 -0.000357492
14.3 0.101583 1.45006e-06 0.898196 -1.59991e-06 0.000149422 -0.000611632
14.4 0.100581 1.70765e-06 0.899197 -1.85208e-06 0.000244014 -0.000810767
14.5 0.0995883 1.93533e-06 0.900189 -2.0801e-06 0.000389765 -0.000945493
14.6 0.0986054 2.14813e-06 0.901171 -2.31076e-06 0.000568588 -0.00100983
14.7 0.097632 2.38357e-06 0.902143 -2.56739e-06 0.000761557 -0.0010022
14.8 0.0966679 2.62854e-06 0.903107 -2.83784e-06 0.000950204 -0.000925373
14.9 0.0957131 2.8475e-06 0.904061 -3.07989e-06 0.00111764 -0.000786246
15 0.0947675 3.01942e-06 0.905006 -3.25804e-06 0.00124958 -0.000595042
15.1 0.0938312 3.10939e-06 0.905942 -3.34434e-06 0.00133483 -0.000364239
15.2 0.092904 3.11088e-06 0.906869 -3.33954e-06 0.00136521 -0.00010795
15.3 0.0919858 3.03915e-06 0.907787 -3.26721e-06 0.00133584 0.000158381
15.4 0.0910765 2.88721e-06 0.908696 -3.12045e-06 0.00124571 0.000418609
15.5 0.0901763 2.69951e-06 0.909596 -2.93614e-06 0.00109779 0.000656797
15.6 0.089285 2.55271e-06 0.910487 -2.7887e-06 0.000899178 0.000858413
15.7 0.0884026 2.49111e-06 0.91137 -2.72781e-06 0.000660407 0.00101145
15.8 0.0875291 2.48317e-06 0.912244 -2.728e-06 0.000394581 0.00110724
15.9 0.0866643 2.4141e-06 0.913109 -2.66659e-06 0.000116184 0.00114088
16 0.0858082 2.22596e-06 0.913966 -2.48636e-06 -0.000159816 0.00111105
16.1 0.0849604 1.91759e-06 0.914814 -2.17812e-06 -0.000418639 0.00101988
16.2 0.0841207 1.53439e-06 0.915654 -1.80056e-06 -0.000646424 0.00087315
16.3 0.083289 1.1557e-06 0.916485 -1.42827e-06 -0.000831226 0.000679768
16.4 0.0824656 8.24551e-07 0.917309 -1.10904e-06 -0.000963837 0.000451168
16.5 0.0816506 5.74538e-07 0.918123 -8.68592e-07 -0.00103804 0.000200508
16.6 0.080844 3.45008e-07 0.91893 -6.38623e-07 -0.00105076 -5.81264e-05
16.7 0.0800454 9.43414e-08 0.919728 -3.86451e-07 -0.00100202 -0.000310348
16.8 0.0792548 -1.18317e-07 0.920519 -1.72722e-07 -0.000895202 -0.000542053
16.9 0.078472 -1.95385e-07 0.921302 -9.36869e-08 -0.000737039 -0.000740277
17 0.0776969 -1.4561e-07 0.922077 -1.40675e-07 -0.000537131 -0.000894027
17.1 0.0769292 -4.87857e-08 0.922844 -2.35022e-07 -0.000307206 -0.000994904
17.2 0.0761691 -6.56988e-08 0.923604 -2.11006e-07 -6.05739e-05 -0.00103738
17.3 0.0754164 -2.37323e-07 0.924356 -3.73496e-08 0.000188353 -0.0010193
17.4 0.0746711 -4.06132e-07 0.925101 1.29781e-07 0.000424923 -0.00094205
17.5 0.0739329 -4.59119e-07 0.925838 1.78373e-07 0.000635267 -0.000810427
17.6 0.0732017 -4.49105e-07 0.926569 1.63569e-07 0.000806962 -0.000632661
17.7 0.0724773 -3.84572e-07 0.927294 1.00649e-07 0.000930074 -0.000419885
17.8 0.0717599 -3.09897e-07 0.928011 3.31187e-08 0.00099796 -0.000185164
17.9 0.071049 -2.11093e-07 0.928722 -6.06623e-08 0.00100755 5.74373e-05
18 0.0703448 -1.67497e-07 0.929426 -1.03308e-07 0.000959039 0.000293791
18.1 0.0696476 -3.38874e-07 0.930124 6.81412e-08 0.000856246 0.000510348
18.2 0.0689576 -6.24788e-07 0.930813 3.56265e-07 0.000705936 0.000695099
18.3 0.0682745 -8.56461e-07 0.931496 5.89893e-07 0.000517323 0.000838113
18.4 0.0675982 -1.10082e-06 0.932173 8.35456e-07 0.000301448 0.000932008
18.5 0.0669283 -1.3613e-06 0.932842 1.10104e-06 7.06833e-05 0.000971982
18.6 0.0662647 -1.68123e-06 0.933506 1.42243e-06 -0.000161986 0.000956228
18.7 0.0656074 -2.05504e-06 0.934163 1.79786e-06 -0.000383385 0.000885905
18.8 0.0649565 -2.42819e-06 0.934814 2.17438e-06 -0.000581042 0.000765255
18.9 0.0643121 -2.6818e-06 0.935458 2.42768e-06 -0.000743457 0.000601378
19 0.0636735 -2.82612e-06 0.936097 2.57229e-06 -0.000861489 0.0004042
19.1 0.0630406 -2.94997e-06 0.936729 2.70105e-06 -0.000928549 0.000185608
19.2 0.062413 -3.03053e-06 0.937357 2.78442e-06 -0.000941347 -4.13073e-05
19.3 0.0617906 -3.12065e-06 0.937979 2.87466e-06 -0.000899819 -0.000263139
19.4 0.0611731 -3.11953e-06 0.938597 2.8722e-06 -0.000807118 -0.000467129
19.5 0.0605598 -2.91539e-06 0.93921 2.66876e-06 -0.000669513 -0.000641874
19.6 0.0599496 -2.51228e-06 0.939821 2.2665e-06 -0.000495485 -0.000777922
19.7 0.0593421 -2.06142e-06 0.940428 1.81605e-06 -0.000295295 -0.000868268
19.8 0.0587375 -1.65153e-06 0.941033 1.40744e-06 -8.0444e-05 -0.000908345
19.9 0.0581371 -1.38178e-06 0.941633 1.13806e-06 0.000136709 -0.000896219
20 0.0575364 -1.11449e-06 0.942234 8.70763e-07 0.000343597 -0.000833121
