0 1 0 0 0 0 0
0.1 0.999832 1.15621e-13 0.000127339 2.44198e-17 -1.55019e-15 -3.94216e-15
0.2 0.99945 1.43729e-13 0.00050895 6.6018e-17 -3.14711e-15 -8.00867e-15
0.3 0.998815 2.91021e-13 0.00114351 1.02263e-17 -4.77014e-15 -1.20829e-14
0.4 0.997929 5.18231e-13 0.00202888 -2.02434e-16 -6.36947e-15 -1.61573e-14
0.5 0.996795 7.40777e-13 0.00316237 -4.45781e-16 -7.84169e-15 -2.01759e-14
0.6 0.995415 8.59785e-13 0.00454053 -4.24031e-16 -9.24643e-15 -2.42159e-14
0.7 0.993794 8.33794e-13 0.00615948 2.38293e-16 -1.05593e-14 -2.82667e-14
0.8 0.991938 7.04892e-13 0.00801486 1.73024e-15 -1.17855e-14 -3.23236e-14
0.9 0.989851 5.73781e-13 0.010102 3.92521e-15 -1.29109e-14 -3.64195e-14
1 0.987537 5.15556e-13 0.0124159 6.19083e-15 -1.39231e-14 -4.05383e-14
1.1 0.985003 5.70069e-13 0.0149513 7.65003e-15 -1.48392e-14 -4.46668e-14
1.2 0.982253 6.94068e-13 0.0177031 8.38016e-15 -1.56525e-14 -4.87932e-14
1.3 0.979292 7.45236e-13 0.020666 9.78791e-15 -1.64103e-14 -5.29094e-14
1.4 0.976125 7.63762e-13 0.023835 1.25292e-14 -1.71317e-14 -5.7001e-14
1.5 0.972756 7.28187e-13 0.0272053 1.6137e-14 -1.78395e-14 -6.10652e-14
1.6 0.969189 6.20141e-13 0.0307726 1.90163e-14 -1.85319e-14 -6.50887e-14
1.7 0.96543 4.52016e-13 0.0345325 2.27847e-14 -1.92174e-14 -6.90561e-14
1.8 0.961481 3.45813e-13 0.0384811 2.74849e-14 -1.9837e-14 -7.28977e-14
1.9 0.957347 4.00646e-13 0.0426146 3.4004e-14 -2.04627e-14 -7.66412e-14
2 0.953032 4.89889e-13 0.0469294 4.17261e-14 -2.11472e-14 -8.03415e-14
2.1 0.948539 5.00087e-13 0.0514216 4.8702e-14 -2.18875e-14 -8.4005e-14
2.2 0.943871 3.9275e-13 0.0560874 5.08531e-14 -2.26865e-14 -8.76211e-14
2.3 0.939035 2.05085e-13 0.060923 5.13752e-14 -2.35254e-14 -9.1206e-14
2.4 0.934034 4.16652e-15 0.065924 5.22999e-14 -2.43853e-14 -9.47449e-14
2.5 0.928872 -2.31285e-14 0.071086 5.01094e-14 -2.52606e-14 -9.82332e-14
2.6 0.923554 6.16137e-14 0.0764044 4.10859e-14 -2.61431e-14 -1.01683e-13
2.7 0.918084 1.7982e-13 0.0818744 2.5878e-14 -2.70292e-14 -1.05073e-13
2.8 0.912467 2.83151e-13 0.0874908 1.87708e-15 -2.79084e-14 -1.08417e-13
2.9 0.90671 3.28722e-13 0.0932485 -2.19885e-14 -2.87775e-14 -1.11711e-13
3 0.900817 4.64536e-13 0.0991423 -3.72912e-14 -2.96268e-14 -1.14941e-13
3.1 0.894792 4.8029e-13 0.105166 -3.35235e-14 -3.04369e-14 -1.18094e-13
3.2 0.888643 4.17783e-13 0.111316 -9.08655e-15 -3.1214e-14 -1.2117e-13
3.3 0.882374 4.0799e-13 0.117584 2.28766e-14 -3.19606e-14 -1.24182e-13
3.4 0.875991 5.43139e-13 0.123966 1.93995e-14 -3.26675e-14 -1.27134e-13
3.5 0.869501 5.85542e-13 0.130456 1.68635e-14 -3.3345e-14 -1.30004e-13
3.6 0.862908 7.30481e-13 0.137048 9.92154e-16 -3.39815e-14 -1.32791e-13
3.7 0.856219 9.1039e-13 0.143736 -1.50923e-14 -3.4558e-14 -1.35485e-13
3.8 0.84944 9.43536e-13 0.150515 -3.42684e-14 -3.51107e-14 -1.38058e-13
3.9 0.842576 8.09597e-13 0.157379 -4.17121e-14 -3.56374e-14 -1.40533e-13
4 0.835633 6.39816e-13 0.164322 -2.57847e-14 -3.61339e-14 -1.42916e-13
4.1 0.828617 4.92903e-13 0.171338 1.3628e-14 -3.66068e-14 -1.45235e-13
4.2 0.821533 4.71253e-13 0.178421 6.43423e-14 -3.70467e-14 -1.47456e-13
4.3 0.814387 4.30242e-13 0.185566 8.45894e-14 -3.74643e-14 -1.49598e-13
4.4 0.807185 4.61066e-13 0.192768 6.36849e-14 -3.78383e-14 -1.51663e-13
4.5 0.799933 5.8087e-13 0.20002 2.17918e-14 -3.8149e-14 -1.53648e-13
4.6 0.792635 7.60727e-13 0.207317 -2.49081e-14 -3.84156e-14 -1.55544e-13
4.7 0.785298 9.03584e-13 0.214654 -6.23589e-14 -3.86438e-14 -1.57319e-13
4.8 0.777927 9.94606e-13 0.222026 -8.37227e-14 -3.87927e-14 -1.59038e-13
4.9 0.770526 1.06911e-12 0.229427 -9.14616e-14 -3.88683e-14 -1.60709e-13
5 0.763102 1.08724e-12 0.236851 -1.08252e-13 -3.88828e-14 -1.62297e-13
5.1 0.755658 1.15791e-12 0.244295 -1.11945e-13 -3.88011e-14 -1.63834e-13
5.2 0.748201 1.31817e-12 0.251753 -9.91872e-14 -3.86321e-14 -1.65268e-13
5.3 0.740735 1.52529e-12 0.25922 -9.47843e-14 -3.83801e-14 -1.66638e-13
5.4 0.733264 1.70427e-12 0.266691 -1.14622e-13 -3.80569e-14 -1.67919e-13
5.5 0.725794 1.80668e-12 0.274162 -1.53543e-13 -3.76264e-14 -1.69101e-13
5.6 0.718329 1.91056e-12 0.281629 -1.86402e-13 -3.71051e-14 -1.70185e-13
5.7 0.710872 2.05072e-12 0.289086 -1.90758e-13 -3.65008e-14 -1.71206e-13
5.8 0.703429 2.21231e-12 0.29653 -1.80461e-13 -3.58173e-14 -1.72226e-13
5.9 0.696002 2.33442e-12 0.303957 -1.77197e-13 -3.51156e-14 -1.73165e-13
6 0.688597 2.41406e-12 0.311362 -1.99162e-13 -3.44195e-14 -1.74006e-13
6.1 0.681217 2.49349e-12 0.318743 -2.39724e-13 -3.36918e-14 -1.74754e-13
6.2 0.673866 2.64685e-12 0.326095 -3.02287e-13 -3.29306e-14 -1.75401e-13
6.3 0.666546 2.90354e-12 0.333415 -3.83954e-13 -3.21493e-14 -1.75943e-13
6.4 0.659262 3.1774e-12 0.340699 -4.92123e-13 -3.1365e-14 -1.76399e-13
6.5 0.652017 3.34218e-12 0.347945 -6.17562e-13 -3.06111e-14 -1.76785e-13
6.6 0.644813 3.40102e-12 0.355149 -7.27836e-13 -2.98084e-14 -1.77096e-13
6.7 0.637653 3.44147e-12 0.362309 -7.90183e-13 -2.89827e-14 -1.77287e-13
6.8 0.630541 3.53161e-12 0.369422 -7.9159e-13 -2.81681e-14 -1.77384e-13
6.9 0.623478 3.6418e-12 0.376485 -7.62426e-13 -2.72929e-14 -1.77484e-13
7 0.616468 3.69335e-12 0.383495 -7.25628e-13 -2.63619e-14 -1.77556e-13
7.1 0.609512 3.61104e-12 0.390452 -6.83874e-13 -2.54152e-14 -1.77581e-13
7.2 0.602612 3.40555e-12 0.397351 -6.45784e-13 -2.44448e-14 -1.77557e-13
7.3 0.595771 3.18713e-12 0.404192 -6.27424e-13 -2.3445e-14 -1.77487e-13
7.4 0.588989 3.03725e-12 0.410973 -6.60803e-13 -2.24486e-14 -1.77392e-13
7.5 0.58227 2.97109e-12 0.417692 -7.33047e-13 -2.13968e-14 -1.77267e-13
7.6 0.575614 2.92235e-12 0.424348 -8.23263e-13 -2.03305e-14 -1.77079e-13
7.7 0.569023 2.88347e-12 0.430939 -8.49835e-13 -1.92634e-14 -1.7681e-13
7.8 0.562498 2.96876e-12 0.437464 -7.69173e-13 -1.81921e-14 -1.76479e-13
7.9 0.556041 3.15464e-12 0.443921 -6.91158e-13 -1.71449e-14 -1.76095e-13
8 0.549651 3.31466e-12 0.450311 -6.20655e-13 -1.60439e-14 -1.75656e-13
8.1 0.543331 3.19995e-12 0.456632 -5.78606e-13 -1.49469e-14 -1.75196e-13
8.2 0.53708 2.82536e-12 0.462883 -5.38932e-13 -1.38158e-14 -1.74723e-13
8.3 0.530899 2.44341e-12 0.469063 -5.08815e-13 -1.27047e-14 -1.74208e-13
8.4 0.524789 2.29053e-12 0.475173 -4.63386e-13 -1.15353e-14 -1.73649e-13
8.5 0.51875 2.42177e-12 0.481212 -3.0994e-13 -1.03639e-14 -1.72997e-13
8.6 0.512782 2.31339e-12 0.487179 -3.12608e-13 -9.13979e-15 -1.72397e-13
8.7 0.506886 2.04017e-12 0.493075 -3.22606e-13 -7.92195e-15 -1.71745e-13
8.8 0.501062 1.93156e-12 0.4989 -2.86624e-13 -6.70875e-15 -1.70966e-13
8.9 0.495309 2.19473e-12 0.504653 -1.80891e-13 -5.5513e-15 -1.70189e-13
9 0.489627 2.64677e-12 0.510334 -5.05312e-14 -4.39995e-15 -1.6948e-13
9.1 0.484016 3.19336e-12 0.515945 -2.51065e-14 -3.23078e-15 -1.68771e-13
9.2 0.478476 3.69286e-12 0.521485 -2.39378e-13 -2.09924e-15 -1.68024e-13
9.3 0.473007 4.10665e-12 0.526955 -5.81379e-13 -9.8226e-16 -1.67294e-13
9.4 0.467607 4.35984e-12 0.532355 -7.76153e-13 1.81473e-16 -1.6653e-13
9.5 0.462277 4.5564e-12 0.537685 -8.15046e-13 1.38607e-15 -1.65742e-13
9.6 0.457015 4.69807e-12 0.542947 -7.3831e-13 2.62344e-15 -1.64966e-13
9.7 0.451821 4.78894e-12 0.54814 -5.89688e-13 3.85463e-15 -1.64173e-13
9.8 0.446695 4.79016e-12 0.553266 -4.44823e-13 5.10847e-15 -1.63463e-13
9.9 0.441635 4.74606e-12 0.558326 -3.60694e-13 6.39182e-15 -1.62861e-13
10 0.436641 4.75715e-12 0.563319 -3.61246e-13 7.66451e-15 -1.62212e-13
10.1 0.431712 4.84088e-12 0.568248 -4.21551e-13 8.96595e-15 -1.61533e-13
10.2 0.426847 4.9651e-12 0.573113 -5.65821e-13 1.02893e-14 -1.60857e-13
10.3 0.422046 5.15781e-12 0.577914 -7.6521e-13 1.15993e-14 -1.6013e-13
10.4 0.417307 5.51735e-12 0.582653 -9.13084e-13 1.29721e-14 -1.59445e-13
10.5 0.412629 5.92457e-12 0.587331 -9.68133e-13 1.43281e-14 -1.58749e-13
10.6 0.408011 6.33131e-12 0.591949 -9.77627e-13 1.57249e-14 -1.58109e-13
10.7 0.403453 6.61135e-12 0.596507 -1.09969e-12 1.70681e-14 -1.57499e-13
10.8 0.398953 6.73986e-12 0.601007 -1.26798e-12 1.84537e-14 -1.56924e-13
10.9 0.39451 6.73114e-12 0.60545 -1.19177e-12 1.97433e-14 -1.56334e-13
11 0.390123 6.6866e-12 0.609836 -9.45787e-13 2.10823e-14 -1.55781e-13
11.1 0.385792 6.73146e-12 0.614167 -7.93017e-13 2.23844e-14 -1.55182e-13
11.2 0.381515 6.59498e-12 0.618444 -8.61863e-13 2.36952e-14 -1.54579e-13
11.3 0.377291 6.25348e-12 0.622668 -8.48529e-13 2.50577e-14 -1.5392e-13
11.4 0.373119 5.87743e-12 0.62684 -7.48075e-13 2.64389e-14 -1.53251e-13
11.5 0.368998 5.59871e-12 0.63096 -7.77563e-13 2.77475e-14 -1.52678e-13
11.6 0.364928 5.42445e-12 0.635031 -9.1954e-13 2.90663e-14 -1.52165e-13
11.7 0.360907 5.52107e-12 0.639052 -1.14217e-12 3.03372e-14 -1.51638e-13
11.8 0.356933 6.10129e-12 0.643025 -1.44888e-12 3.16258e-14 -1.5125e-13
11.9 0.353007 6.96925e-12 0.646951 -1.81788e-12 3.28242e-14 -1.51058e-13
12 0.349128 7.64252e-12 0.65083 -2.18017e-12 3.4078e-14 -1.50897e-13
12.1 0.345294 7.94509e-12 0.654664 -2.66516e-12 3.53075e-14 -1.50848e-13
12.2 0.341504 7.65303e-12 0.658453 -3.30397e-12 3.6569e-14 -1.50716e-13
12.3 0.337758 6.83825e-12 0.662199 -3.9267e-12 3.79657e-14 -1.50581e-13
12.4 0.334054 5.93936e-12 0.665902 -4.20979e-12 3.93159e-14 -1.50372e-13
12.5 0.330393 5.49612e-12 0.669562 -3.90169e-12 4.07062e-14 -1.50143e-13
12.6 0.326773 6.38758e-12 0.673182 -3.66312e-12 4.2022e-14 -1.49951e-13
12.7 0.323193 7.85123e-12 0.676762 -3.24962e-12 4.34263e-14 -1.49711e-13
12.8 0.319654 9.4936e-12 0.680301 -3.71268e-12 4.49418e-14 -1.49544e-13
12.9 0.316153 1.02159e-11 0.683802 -4.7561e-12 4.64879e-14 -1.49466e-13
13 0.31269 9.57991e-12 0.687264 -5.72418e-12 4.80251e-14 -1.49356e-13
13.1 0.309265 8.36052e-12 0.690689 -7.68816e-12 4.95561e-14 -1.49284e-13
13.2 0.305877 8.13142e-12 0.694077 -9.15606e-12 5.11064e-14 -1.49175e-13
13.3 0.302526 8.09276e-12 0.697428 -1.05678e-11 5.2655e-14 -1.49037e-13
13.4 0.299211 8.05888e-12 0.700744 -1.19667e-11 5.41772e-14 -1.48865e-13
13.5 0.295931 7.86547e-12 0.704023 -1.26579e-11 5.57295e-14 -1.48666e-13
13.6 0.292686 7.84847e-12 0.707267 -1.20882e-11 5.72928e-14 -1.48483e-13
13.7 0.289476 8.0243e-12 0.710477 -1.05886e-11 5.88983e-14 -1.48257e-13
13.8 0.2863 8.3504e-12 0.713653 -9.3998e-12 6.05295e-14 -1.4798e-13
13.9 0.283157 8.76162e-12 0.716796 -8.71983e-12 6.20702e-14 -1.47758e-13
14 0.280048 9.05364e-12 0.719905 -8.74309e-12 6.36158e-14 -1.47544e-13
14.1 0.276971 8.95219e-12 0.722982 -9.55069e-12 6.5127e-14 -1.4726e-13
14.2 0.273927 8.45175e-12 0.726026 -1.03184e-11 6.65873e-14 -1.46879e-13
14.3 0.270915 8.08056e-12 0.729038 -1.03651e-11 6.80036e-14 -1.46561e-13
14.4 0.267934 8.0059e-12 0.732019 -9.69245e-12 6.93732e-14 -1.4621e-13
14.5 0.264984 7.98784e-12 0.734968 -8.88065e-12 7.07182e-14 -1.45767e-13
14.6 0.262065 8.08591e-12 0.737886 -8.42702e-12 7.20404e-14 -1.45316e-13
14.7 0.259177 8.5999e-12 0.740775 -8.64642e-12 7.3321e-14 -1.44837e-13
14.8 0.256319 9.44314e-12 0.743632 -9.17265e-12 7.45958e-14 -1.44311e-13
14.9 0.253491 1.01852e-11 0.74646 -1.02467e-11 7.58524e-14 -1.43758e-13
15 0.250694 1.04012e-11 0.749258 -1.02066e-11 7.70493e-14 -1.43194e-13
15.1 0.247926 1.03643e-11 0.752025 -9.13419e-12 7.82746e-14 -1.42682e-13
15.2 0.245188 1.04584e-11 0.754764 -6.99428e-12 7.95102e-14 -1.42185e-13
15.3 0.242479 1.03915e-11 0.757473 -5.41299e-12 8.06688e-14 -1.41622e-13
15.4 0.2398 1.04776e-11 0.760152 -4.87432e-12 8.18651e-14 -1.41078e-13
15.5 0.23715 1.06061e-11 0.762803 -5.70535e-12 8.3069e-14 -1.40511e-13
15.6 0.234528 1.09298e-11 0.765425 -7.03337e-12 8.43099e-14 -1.39932e-13
15.7 0.231936 1.17142e-11 0.768017 -8.14366e-12 8.55676e-14 -1.39326e-13
15.8 0.229373 1.24861e-11 0.770581 -8.69574e-12 8.69001e-14 -1.38694e-13
15.9 0.226838 1.32605e-11 0.773116 -7.14458e-12 8.82792e-14 -1.38014e-13
16 0.224332 1.38996e-11 0.775623 -6.99531e-12 8.96296e-14 -1.37381e-13
16.1 0.221854 1.43416e-11 0.778101 -7.4735e-12 9.10741e-14 -1.3679e-13
16.2 0.219405 1.46762e-11 0.78055 -8.09543e-12 9.26618e-14 -1.36225e-13
16.3 0.216984 1.49534e-11 0.782971 -8.48951e-12 9.43609e-14 -1.35657e-13
16.4 0.214592 1.52069e-11 0.785364 -8.76915e-12 9.61108e-14 -1.35073e-13
16.5 0.212227 1.54904e-11 0.787729 -8.83151e-12 9.79062e-14 -1.3447e-13
16.6 0.20989 1.56715e-11 0.790065 -8.97142e-12 9.97796e-14 -1.33879e-13
16.7 0.207581 1.58186e-11 0.792374 -9.2802e-12 1.01662e-13 -1.33231e-13
16.8 0.2053 1.59305e-11 0.794654 -9.69657e-12 1.03567e-13 -1.32596e-13
16.9 0.203047 1.59381e-11 0.796908 -1.01098e-11 1.05488e-13 -1.31898e-13
17 0.200821 1.58423e-11 0.799133 -1.03739e-11 1.07342e-13 -1.3116e-13
17.1 0.198623 1.59014e-11 0.801331 -1.05884e-11 1.09213e-13 -1.30427e-13
17.2 0.196452 1.60295e-11 0.803502 -1.07391e-11 1.1108e-13 -1.29543e-13
17.3 0.194308 1.6247e-11 0.805646 -1.08195e-11 1.12943e-13 -1.28676e-13
17.4 0.192191 1.64408e-11 0.807763 -1.09287e-11 1.1482e-13 -1.27823e-13
17.5 0.190101 1.65494e-11 0.809853 -1.11094e-11 1.16719e-13 -1.26963e-13
17.6 0.188037 1.65861e-11 0.811917 -1.11689e-11 1.18595e-13 -1.26137e-13
17.7 0.185999 1.65577e-11 0.813954 -1.10725e-11 1.20468e-13 -1.25276e-13
17.8 0.183987 1.64035e-11 0.815966 -1.07825e-11 1.2241e-13 -1.24389e-13
17.9 0.182001 1.61828e-11 0.817951 -1.0457e-11 1.24349e-13 -1.23538e-13
18 0.180042 1.59438e-11 0.819911 -1.01843e-11 1.26323e-13 -1.22703e-13
18.1 0.178108 1.57657e-11 0.821845 -9.95381e-12 1.28238e-13 -1.21902e-13
18.2 0.176199 1.57043e-11 0.823753 -1.00118e-11 1.29782e-13 -1.21147e-13
18.3 0.174316 1.55607e-11 0.825635 -1.01449e-11 1.31547e-13 -1.20352e-13
18.4 0.172459 1.53408e-11 0.827492 -1.00421e-11 1.32764e-13 -1.19302e-13
18.5 0.170627 1.50613e-11 0.829324 -9.78928e-12 1.34668e-13 -1.18648e-13
18.6 0.16882 1.47629e-11 0.83113 -9.61999e-12 1.36818e-13 -1.18218e-13
18.7 0.16704 1.4469e-11 0.83291 -9.3751e-12 1.39245e-13 -1.17894e-13
18.8 0.165284 1.41702e-11 0.834666 -9.06274e-12 1.41612e-13 -1.17564e-13
18.9 0.163554 1.38655e-11 0.836396 -8.74599e-12 1.43981e-13 -1.17118e-13
19 0.161848 1.35474e-11 0.838101 -8.40199e-12 1.46234e-13 -1.1648e-13
19.1 0.160168 1.32099e-11 0.839781 -8.04936e-12 1.48299e-13 -1.15683e-13
19.2 0.158513 1.28654e-11 0.841436 -7.69564e-12 1.50086e-13 -1.1478e-13
19.3 0.156884 1.25088e-11 0.843064 -7.33207e-12 1.51299e-13 -1.13914e-13
19.4 0.155281 1.21427e-11 0.844667 -6.96302e-12 1.52773e-13 -1.12796e-13
19.5 0.153704 1.1767e-11 0.846245 -6.58697e-12 1.54365e-13 -1.11556e-13
19.6 0.152152 1.13817e-11 0.847796 -6.20529e-12 1.55923e-13 -1.09143e-13
19.7 0.150624 1.09907e-11 0.849324 -5.81628e-12 1.58122e-13 -1.08278e-13
19.8 0.149121 1.05982e-11 0.850827 -5.42352e-12 1.60617e-13 -1.08025e-13
19.9 0.147637 1.02083e-11 0.85231 -5.03368e-12 1.63439e-13 -1.0699e-13
20 0.146172 9.82337e-12 0.853776 -4.64878e-12 1.66303e-13 -1.05011e-13
