0 1 0 0 0 0 0
0.1 0.9984 -9.04926e-08 0.00158161 1.27288e-08 -1.12482e-07 8.38629e-08
0.2 0.993799 -9.65528e-08 0.00618889 5.17605e-08 -2.35727e-08 1.4923e-07
0.3 0.986573 -9.38702e-08 0.0134248 7.33963e-08 1.83158e-08 1.86609e-07
0.4 0.977308 -8.52986e-08 0.0226975 4.41565e-08 3.27762e-09 1.89157e-07
0.5 0.966697 -7.6161e-08 0.0333148 -6.65664e-08 5.39708e-09 2.15026e-07
0.6 0.955435 -6.94505e-08 0.0445792 -1.58896e-07 2.29341e-08 2.24158e-07
0.7 0.944135 -6.83337e-08 0.0558802 -1.32137e-07 5.62822e-08 2.56729e-07
0.8 0.933254 -5.32648e-08 0.0667597 -1.52261e-07 9.45457e-08 2.21716e-07
0.9 0.92306 -5.17942e-08 0.076951 -2.4105e-07 1.41664e-07 1.90694e-07
1 0.91363 -5.33361e-08 0.0863788 -4.00815e-07 1.84299e-07 9.91069e-08
1.1 0.904876 -4.75785e-08 0.0951315 -5.30889e-07 2.2989e-07 7.40629e-08
1.2 0.896595 -2.00894e-08 0.103411 -6.19291e-07 2.37565e-07 1.15773e-07
1.3 0.888535 6.07594e-08 0.11147 -6.92028e-07 2.9004e-07 1.89977e-07
1.4 0.880457 5.61758e-08 0.119548 -9.753e-07 4.46356e-07 3.17655e-07
1.5 0.872179 -6.02303e-08 0.127823 -1.17993e-06 5.601e-07 4.29291e-07
1.6 0.863613 -1.68332e-07 0.136387 -1.15264e-06 6.55593e-07 5.82292e-07
1.7 0.854768 -2.26256e-07 0.145229 -1.10855e-06 7.22041e-07 6.65683e-07
1.8 0.845737 -2.60758e-07 0.154258 -1.07855e-06 7.79453e-07 6.7546e-07
1.9 0.836664 -2.05487e-07 0.16333 -1.02478e-06 6.56503e-07 6.7669e-07
2 0.827706 -1.48771e-08 0.172289 -9.3353e-07 4.35513e-07 6.94036e-07
2.1 0.818996 1.98598e-07 0.181 -8.79944e-07 3.44264e-07 6.75469e-07
2.2 0.810615 3.62069e-07 0.189381 -8.11409e-07 3.42345e-07 6.92741e-07
2.3 0.802578 4.04605e-07 0.197418 -6.92214e-07 3.86466e-07 7.85479e-07
2.4 0.794837 2.72595e-07 0.205159 -5.23618e-07 4.23487e-07 8.9876e-07
2.5 0.787299 4.19201e-08 0.212696 -1.28585e-07 4.22608e-07 9.5698e-07
2.6 0.779851 -2.31096e-07 0.220144 3.66595e-07 4.06719e-07 8.73474e-07
2.7 0.772385 -4.88476e-07 0.22761 7.28966e-07 4.3768e-07 7.49913e-07
2.8 0.764827 -7.11588e-07 0.235167 9.58096e-07 6.039e-07 7.14998e-07
2.9 0.757148 -8.99082e-07 0.242845 1.0255e-06 8.54899e-07 8.16051e-07
3 0.749369 -1.01445e-06 0.250624 9.73717e-07 1.07954e-06 1.04629e-06
3.1 0.74155 -1.02222e-06 0.258442 9.13532e-07 1.29178e-06 1.34385e-06
3.2 0.733774 -9.42799e-07 0.266216 6.33015e-07 1.34624e-06 1.57938e-06
3.3 0.726127 -8.28319e-07 0.273862 1.49151e-07 1.31565e-06 1.72896e-06
3.4 0.718674 -6.77134e-07 0.281315 -9.81129e-08 1.32028e-06 1.7985e-06
3.5 0.711448 -5.16899e-07 0.28854 -3.8715e-07 1.40316e-06 1.87455e-06
3.6 0.704443 -3.66629e-07 0.295545 -6.74093e-07 1.43318e-06 1.95062e-06
3.7 0.697617 -2.48826e-07 0.302369 -9.17255e-07 1.33224e-06 2.0701e-06
3.8 0.690907 -1.81224e-07 0.309079 -8.97213e-07 1.20608e-06 2.29646e-06
3.9 0.684241 -1.4918e-07 0.315744 -8.13872e-07 1.05291e-06 2.70415e-06
4 0.677558 -1.21995e-07 0.322425 -6.46883e-07 9.82071e-07 3.27032e-06
4.1 0.670823 -4.80444e-08 0.32916 -4.98125e-07 9.95415e-07 3.94916e-06
4.2 0.664029 3.40598e-08 0.335953 -3.21087e-07 1.04959e-06 4.58375e-06
4.3 0.657201 7.03175e-08 0.34278 -2.38691e-07 1.08886e-06 5.022e-06
4.4 0.650387 3.63566e-08 0.349594 -7.27979e-08 1.2343e-06 5.20405e-06
4.5 0.643644 -3.54161e-08 0.356336 1.43252e-07 1.54993e-06 5.19663e-06
4.6 0.637025 -7.52553e-08 0.362955 2.15076e-07 2.02116e-06 5.03612e-06
4.7 0.630567 -7.66947e-08 0.369412 3.55281e-07 2.5795e-06 4.81117e-06
4.8 0.624282 -6.91797e-08 0.375697 5.22993e-07 3.0579e-06 4.51621e-06
4.9 0.618154 -8.1966e-08 0.381824 6.97058e-07 3.35275e-06 4.20332e-06
5 0.612146 -1.61827e-07 0.387831 9.28205e-07 3.3532e-06 3.91424e-06
5.1 0.606212 -3.375e-07 0.393765 1.32431e-06 3.12609e-06 3.66723e-06
5.2 0.600301 -5.62693e-07 0.399676 1.90063e-06 2.77648e-06 3.50778e-06
5.3 0.594376 -8.27251e-07 0.4056 2.46464e-06 2.59733e-06 3.35498e-06
5.4 0.58842 -1.1215e-06 0.411556 2.9219e-06 2.65177e-06 3.16742e-06
5.5 0.582437 -1.38073e-06 0.417538 3.22448e-06 2.79895e-06 2.95261e-06
5.6 0.576455 -1.54815e-06 0.423521 3.36312e-06 2.98399e-06 2.68148e-06
5.7 0.57051 -1.57892e-06 0.429466 3.47999e-06 3.25889e-06 2.37871e-06
5.8 0.564645 -1.51549e-06 0.435331 3.52654e-06 3.56155e-06 2.05553e-06
5.9 0.558894 -1.45381e-06 0.441082 3.60121e-06 3.95258e-06 1.84635e-06
6 0.553276 -1.38244e-06 0.446699 3.57281e-06 4.44738e-06 1.81791e-06
6.1 0.547791 -1.19488e-06 0.452183 3.41416e-06 4.97393e-06 2.08811e-06
6.2 0.542421 -8.04127e-07 0.457553 3.01367e-06 5.31048e-06 2.62853e-06
6.3 0.537134 -2.38487e-07 0.462839 2.58531e-06 5.34625e-06 3.28212e-06
6.4 0.531892 3.77066e-07 0.468081 2.04098e-06 5.10684e-06 3.99198e-06
6.5 0.526662 9.38702e-07 0.473311 1.56052e-06 4.62625e-06 4.59795e-06
6.6 0.52142 1.43375e-06 0.478553 1.05789e-06 3.94549e-06 5.07484e-06
6.7 0.516162 1.91765e-06 0.483811 5.07964e-07 3.22285e-06 5.36444e-06
6.8 0.510898 2.42486e-06 0.489074 -1.24108e-07 2.55519e-06 5.41635e-06
6.9 0.505653 2.89697e-06 0.494319 -7.24863e-07 2.08894e-06 5.24164e-06
7 0.50046 3.3037e-06 0.499512 -1.33288e-06 1.87692e-06 4.95705e-06
7.1 0.495348 3.69387e-06 0.504624 -1.96435e-06 1.93105e-06 4.68583e-06
7.2 0.49034 4.15316e-06 0.509632 -2.60987e-06 2.38966e-06 4.57747e-06
7.3 0.485445 4.73421e-06 0.514527 -3.29095e-06 3.13086e-06 4.83224e-06
7.4 0.480656 5.39237e-06 0.519316 -4.02213e-06 3.90597e-06 5.51187e-06
7.5 0.475954 6.10656e-06 0.524017 -4.86659e-06 4.50412e-06 6.4938e-06
7.6 0.471311 6.86454e-06 0.52866 -5.79274e-06 4.84209e-06 7.60112e-06
7.7 0.466698 7.61988e-06 0.533273 -6.6914e-06 5.04151e-06 8.51812e-06
7.8 0.462089 8.31405e-06 0.53788 -7.49499e-06 5.1422e-06 9.05121e-06
7.9 0.457473 8.89859e-06 0.542496 -8.18797e-06 5.31767e-06 9.24131e-06
8 0.452849 9.34281e-06 0.54712 -8.7484e-06 5.64013e-06 9.05609e-06
8.1 0.44823 9.65878e-06 0.551738 -9.21109e-06 6.19323e-06 8.68603e-06
8.2 0.443639 9.97965e-06 0.556328 -9.69942e-06 6.98238e-06 8.5016e-06
8.3 0.439102 1.0465e-05 0.560865 -1.03504e-05 7.93329e-06 8.71034e-06
8.4 0.434642 1.12666e-05 0.565325 -1.13857e-05 8.97658e-06 9.30604e-06
8.5 0.430271 1.24284e-05 0.569695 -1.27539e-05 1.00925e-05 1.02069e-05
8.6 0.425993 1.37765e-05 0.573973 -1.43061e-05 1.11143e-05 1.13264e-05
8.7 0.421796 1.49168e-05 0.578169 -1.55514e-05 1.18648e-05 1.24339e-05
8.8 0.417662 1.56006e-05 0.582303 -1.62548e-05 1.23172e-05 1.34795e-05
8.9 0.413565 1.6126e-05 0.5864 -1.67473e-05 1.24752e-05 1.43355e-05
9 0.409485 1.67575e-05 0.590479 -1.73513e-05 1.24965e-05 1.49535e-05
9.1 0.405405 1.74156e-05 0.594559 -1.80706e-05 1.25088e-05 1.53213e-05
9.2 0.401321 1.79447e-05 0.598642 -1.86974e-05 1.26024e-05 1.54471e-05
9.3 0.397238 1.83028e-05 0.602725 -1.90939e-05 1.2841e-05 1.53599e-05
9.4 0.393172 1.85069e-05 0.606791 -1.92163e-05 1.33076e-05 1.51097e-05
9.5 0.389143 1.85754e-05 0.610819 -1.92062e-05 1.40899e-05 1.47857e-05
9.6 0.385173 1.86166e-05 0.614788 -1.91506e-05 1.50972e-05 1.45991e-05
9.7 0.381276 1.90665e-05 0.618685 -1.94998e-05 1.61773e-05 1.46698e-05
9.8 0.37746 1.99226e-05 0.622501 -2.02122e-05 1.70398e-05 1.50253e-05
9.9 0.373719 2.08874e-05 0.626241 -2.10372e-05 1.75776e-05 1.56295e-05
10 0.370042 2.18763e-05 0.629918 -2.19346e-05 1.78837e-05 1.64514e-05
10.1 0.366408 2.28952e-05 0.633551 -2.28672e-05 1.8061e-05 1.74456e-05
10.2 0.362798 2.38798e-05 0.637162 -2.38353e-05 1.80374e-05 1.84779e-05
10.3 0.359194 2.47865e-05 0.640765 -2.47172e-05 1.77012e-05 1.9361e-05
10.4 0.355588 2.55566e-05 0.644371 -2.54472e-05 1.71872e-05 1.99227e-05
10.5 0.351981 2.60332e-05 0.647978 -2.58508e-05 1.67358e-05 2.02186e-05
10.6 0.348381 2.59548e-05 0.651577 -2.56853e-05 1.64911e-05 2.03248e-05
10.7 0.344805 2.50793e-05 0.655153 -2.47078e-05 1.65214e-05 2.03513e-05
10.8 0.34127 2.32578e-05 0.658688 -2.28194e-05 1.68318e-05 2.04091e-05
10.9 0.337791 2.09576e-05 0.662166 -2.04584e-05 1.72585e-05 2.05628e-05
11 0.334378 1.89497e-05 0.665579 -1.84197e-05 1.76957e-05 2.08108e-05
11.1 0.331034 1.77417e-05 0.668923 -1.72383e-05 1.80713e-05 2.12114e-05
11.2 0.327752 1.75161e-05 0.672205 -1.70579e-05 1.84718e-05 2.16385e-05
11.3 0.324519 1.79314e-05 0.675439 -1.75376e-05 1.90034e-05 2.198e-05
11.4 0.321317 1.82553e-05 0.67864 -1.79133e-05 1.954e-05 2.22186e-05
11.5 0.31813 1.83038e-05 0.681827 -1.80046e-05 2.00787e-05 2.23809e-05
11.6 0.314948 1.8212e-05 0.685009 -1.7952e-05 2.04704e-05 2.25378e-05
11.7 0.311766 1.80647e-05 0.688192 -1.77994e-05 2.05894e-05 2.27901e-05
11.8 0.308586 1.7723e-05 0.691371 -1.74534e-05 2.04059e-05 2.31101e-05
11.9 0.305421 1.68516e-05 0.694536 -1.65631e-05 2.00069e-05 2.32962e-05
12 0.302283 1.52392e-05 0.697675 -1.4922e-05 1.95459e-05 2.34399e-05
12.1 0.299185 1.2666e-05 0.700773 -1.23229e-05 1.8999e-05 2.3335e-05
12.2 0.296139 8.98487e-06 0.703819 -8.64174e-06 1.85335e-05 2.30463e-05
12.3 0.293151 4.14853e-06 0.706807 -3.84543e-06 1.83846e-05 2.2638e-05
12.4 0.290222 -1.39866e-06 0.709737 1.64714e-06 1.86217e-05 2.22733e-05
12.5 0.287343 -6.82876e-06 0.712616 7.0325e-06 1.92965e-05 2.19452e-05
12.6 0.284501 -1.12878e-05 0.715458 1.14393e-05 2.01732e-05 2.16213e-05
12.7 0.281684 -1.41863e-05 0.718275 1.43408e-05 2.10155e-05 2.119e-05
12.8 0.278878 -1.57372e-05 0.721082 1.59513e-05 2.18982e-05 2.06715e-05
12.9 0.276076 -1.64586e-05 0.723884 1.6796e-05 2.28415e-05 2.02652e-05
13 0.273276 -1.63425e-05 0.726685 1.68224e-05 2.38721e-05 2.00925e-05
13.1 0.27048 -1.53419e-05 0.72948 1.5929e-05 2.49658e-05 2.01521e-05
13.2 0.267701 -1.42976e-05 0.73226 1.49841e-05 2.60134e-05 2.04319e-05
13.3 0.264951 -1.4708e-05 0.735011 1.54372e-05 2.69082e-05 2.07583e-05
13.4 0.262241 -1.7065e-05 0.737721 1.77867e-05 2.76379e-05 2.08143e-05
13.5 0.259582 -2.13016e-05 0.740381 2.20563e-05 2.81694e-05 2.05184e-05
13.6 0.256974 -2.67179e-05 0.742989 2.76365e-05 2.84856e-05 2.02575e-05
13.7 0.254415 -3.29587e-05 0.745548 3.39928e-05 2.90149e-05 1.99105e-05
13.8 0.251898 -3.92365e-05 0.748066 4.02959e-05 2.96824e-05 1.95919e-05
13.9 0.24941 -4.44647e-05 0.750554 4.54998e-05 3.05697e-05 1.90809e-05
14 0.246937 -4.78225e-05 0.753027 4.88106e-05 3.16982e-05 1.84439e-05
14.1 0.24447 -4.88621e-05 0.755495 4.98388e-05 3.28971e-05 1.79282e-05
14.2 0.242002 -4.87159e-05 0.757963 4.96701e-05 3.38896e-05 1.74705e-05
14.3 0.239534 -4.8286e-05 0.760432 4.91493e-05 3.46109e-05 1.69848e-05
14.4 0.237073 -4.79328e-05 0.762893 4.87211e-05 3.51035e-05 1.65287e-05
14.5 0.234631 -4.79407e-05 0.765336 4.86878e-05 3.54736e-05 1.62693e-05
14.6 0.232218 -4.79569e-05 0.767749 4.86704e-05 3.58206e-05 1.61946e-05
14.7 0.229846 -4.77229e-05 0.770122 4.83666e-05 3.60402e-05 1.64023e-05
14.8 0.22752 -4.84273e-05 0.772448 4.90503e-05 3.67676e-05 1.67886e-05
14.9 0.225242 -5.07047e-05 0.774727 5.12939e-05 3.7768e-05 1.72271e-05
15 0.223005 -5.3513e-05 0.776965 5.40954e-05 3.86543e-05 1.76416e-05
15.1 0.2208 -5.56611e-05 0.77917 5.62924e-05 3.92671e-05 1.79796e-05
15.2 0.218617 -5.65712e-05 0.781354 5.72683e-05 3.96861e-05 1.82421e-05
15.3 0.216445 -5.62429e-05 0.783527 5.69556e-05 4.00259e-05 1.82658e-05
15.4 0.214277 -5.55042e-05 0.785695 5.61651e-05 4.0224e-05 1.8054e-05
15.5 0.21211 -5.48867e-05 0.787863 5.54823e-05 4.06026e-05 1.78047e-05
15.6 0.209947 -5.4064e-05 0.790027 5.46265e-05 4.14388e-05 1.74985e-05
15.7 0.207795 -5.24558e-05 0.792179 5.2993e-05 4.25872e-05 1.70804e-05
15.8 0.205665 -5.00133e-05 0.79431 5.0554e-05 4.38825e-05 1.66182e-05
15.9 0.203565 -4.74676e-05 0.79641 4.8063e-05 4.49987e-05 1.70169e-05
16 0.201501 -4.61276e-05 0.798475 4.67457e-05 4.50855e-05 1.7663e-05
16.1 0.199474 -4.63643e-05 0.800502 4.69946e-05 4.44271e-05 1.7984e-05
16.2 0.197484 -4.81989e-05 0.802493 4.88511e-05 4.37351e-05 1.79179e-05
16.3 0.195523 -4.98018e-05 0.804455 5.04781e-05 4.33003e-05 1.76107e-05
16.4 0.193583 -4.99234e-05 0.806395 5.06159e-05 4.341e-05 1.73166e-05
16.5 0.191657 -4.80222e-05 0.808321 4.87511e-05 4.33828e-05 1.71388e-05
16.6 0.189739 -4.45668e-05 0.810241 4.5351e-05 4.31902e-05 1.67503e-05
16.7 0.187822 -3.97997e-05 0.812158 4.06338e-05 4.31046e-05 1.62735e-05
16.8 0.185907 -3.37558e-05 0.814074 3.458e-05 4.30707e-05 1.55602e-05
16.9 0.183996 -2.7562e-05 0.815985 2.83525e-05 4.31075e-05 1.48642e-05
17 0.182099 -2.12205e-05 0.817882 2.1975e-05 4.35553e-05 1.40216e-05
17.1 0.180227 -1.45057e-05 0.819756 1.52349e-05 4.45712e-05 1.30642e-05
17.2 0.178385 -8.37661e-06 0.821598 9.06027e-06 4.55955e-05 1.19719e-05
17.3 0.176578 -3.94166e-06 0.823405 4.62024e-06 4.65358e-05 1.08215e-05
17.4 0.174805 -1.33014e-06 0.82518 2.10428e-06 4.7167e-05 9.87984e-06
17.5 0.17306 -4.43346e-07 0.826925 1.34522e-06 4.7337e-05 9.12765e-06
17.6 0.171336 -7.17855e-07 0.82865 1.77183e-06 4.75744e-05 8.80302e-06
17.7 0.169623 -1.46986e-06 0.830365 2.56743e-06 4.78878e-05 8.18874e-06
17.8 0.167913 -1.2309e-06 0.832075 2.26695e-06 4.81366e-05 7.53894e-06
17.9 0.166202 1.06081e-06 0.833788 -1.06447e-07 4.92462e-05 6.56168e-06
18 0.164489 4.72667e-06 0.835501 -3.80585e-06 5.03082e-05 5.87529e-06
18.1 0.162781 8.69591e-06 0.83721 -7.79199e-06 5.1351e-05 5.27742e-06
18.2 0.161085 1.36512e-05 0.838908 -1.27569e-05 5.21954e-05 5.13668e-06
18.3 0.159407 2.05337e-05 0.840586 -1.96373e-05 5.27605e-05 5.54975e-06
18.4 0.157755 2.80623e-05 0.842239 -2.71573e-05 5.30738e-05 7.01519e-06
18.5 0.156132 3.42742e-05 0.843863 -3.33709e-05 5.33402e-05 8.65243e-06
18.6 0.15454 3.87323e-05 0.845457 -3.78235e-05 5.44012e-05 1.008e-05
18.7 0.152975 4.22532e-05 0.847023 -4.13428e-05 5.60575e-05 1.05712e-05
18.8 0.151432 4.49834e-05 0.848567 -4.40752e-05 5.70366e-05 1.0162e-05
18.9 0.149902 4.72774e-05 0.850098 -4.63591e-05 5.86438e-05 9.41358e-06
19 0.148376 4.97628e-05 0.851625 -4.88342e-05 5.96977e-05 8.9513e-06
19.1 0.14685 5.24377e-05 0.853152 -5.15079e-05 6.02198e-05 8.99713e-06
19.2 0.145324 5.50115e-05 0.854678 -5.40773e-05 6.0272e-05 9.55264e-06
19.3 0.143805 5.7897e-05 0.856199 -5.69673e-05 5.96162e-05 1.06412e-05
19.4 0.142295 6.12697e-05 0.857709 -6.03351e-05 5.78872e-05 1.19333e-05
19.5 0.140799 6.40679e-05 0.859206 -6.31295e-05 5.68218e-05 1.27668e-05
19.6 0.139319 6.67666e-05 0.860687 -6.58219e-05 5.69685e-05 1.39525e-05
19.7 0.137858 6.97175e-05 0.862148 -6.87864e-05 5.80144e-05 1.33641e-05
19.8 0.136406 7.18314e-05 0.8636 -7.08877e-05 5.93266e-05 1.26736e-05
19.9 0.134958 7.25422e-05 0.865049 -7.15968e-05 6.15454e-05 1.24171e-05
20 0.133495 7.28841e-05 0.866511 -7.19388e-05 6.31206e-05 1.26388e-05
