0 1 0 0 0 0 0
0.1 0.99836 -9.04889e-08 0.00158155 1.27283e-08 -1.12348e-07 8.37458e-08
0.2 0.993762 -9.65491e-08 0.00618493 5.17259e-08 -2.32875e-08 1.48767e-07
0.3 0.986553 -9.3868e-08 0.013404 7.32737e-08 1.84492e-08 1.85575e-07
0.4 0.977326 -8.52993e-08 0.022638 4.40101e-08 2.65699e-09 1.87253e-07
0.5 0.966777 -7.61957e-08 0.0331911 -6.56107e-08 3.3479e-09 2.12028e-07
0.6 0.955598 -6.9512e-08 0.0443714 -1.56178e-07 1.86453e-08 2.20634e-07
0.7 0.944385 -6.84325e-08 0.0555824 -1.28181e-07 4.87655e-08 2.54083e-07
0.8 0.933581 -5.33947e-08 0.0663842 -1.4583e-07 8.51985e-08 2.22573e-07
0.9 0.923435 -5.18793e-08 0.0765267 -2.31367e-07 1.30798e-07 1.97266e-07
1 0.914014 -5.3203e-08 0.085945 -3.87279e-07 1.74339e-07 1.13604e-07
1.1 0.90523 -4.78646e-08 0.094728 -5.23855e-07 2.16576e-07 9.73974e-08
1.2 0.896889 -2.30005e-08 0.103069 -6.14148e-07 2.20488e-07 1.42539e-07
1.3 0.888756 5.58175e-08 0.111202 -6.87502e-07 2.67828e-07 2.14265e-07
1.4 0.880607 5.34237e-08 0.119351 -9.56682e-07 4.12949e-07 3.40514e-07
1.5 0.872279 -5.53994e-08 0.127676 -1.15628e-06 5.13193e-07 4.51976e-07
1.6 0.863695 -1.52999e-07 0.136258 -1.15635e-06 5.89613e-07 5.97139e-07
1.7 0.854865 -2.02898e-07 0.145085 -1.13545e-06 6.36794e-07 6.81388e-07
1.8 0.845876 -2.30692e-07 0.15407 -1.10189e-06 6.84101e-07 7.00673e-07
1.9 0.836861 -1.72056e-07 0.163082 -1.04297e-06 5.79094e-07 7.1083e-07
2 0.827962 1.47892e-08 0.17198 -9.43444e-07 3.81424e-07 7.31441e-07
2.1 0.819297 2.20591e-07 0.180643 -8.74035e-07 2.98175e-07 7.09797e-07
2.2 0.810939 3.71511e-07 0.189 -8.01139e-07 2.91922e-07 7.10844e-07
2.3 0.802897 4.06899e-07 0.19704 -7.14125e-07 3.17863e-07 7.79236e-07
2.4 0.795128 2.85727e-07 0.204809 -6.05948e-07 3.41456e-07 8.61838e-07
2.5 0.787545 8.06697e-08 0.212391 -2.79934e-07 3.311e-07 8.88673e-07
2.6 0.780047 -1.58453e-07 0.219889 1.46739e-07 3.22028e-07 7.91314e-07
2.7 0.772538 -3.75863e-07 0.227397 4.46096e-07 3.6419e-07 6.60782e-07
2.8 0.764955 -5.58842e-07 0.234979 6.38144e-07 5.20563e-07 6.05459e-07
2.9 0.757274 -7.11253e-07 0.242659 6.97212e-07 7.4458e-07 6.63597e-07
3 0.749516 -8.04671e-07 0.250416 6.54879e-07 9.5383e-07 8.36631e-07
3.1 0.741735 -8.07638e-07 0.258195 6.59336e-07 1.17708e-06 1.07586e-06
3.2 0.734005 -7.35241e-07 0.265923 4.83528e-07 1.26637e-06 1.26146e-06
3.3 0.726401 -6.29914e-07 0.273526 1.21706e-07 1.28381e-06 1.40358e-06
3.4 0.718977 -4.93843e-07 0.280948 -3.77478e-08 1.31977e-06 1.49398e-06
3.5 0.711761 -3.50598e-07 0.288163 -2.517e-07 1.39418e-06 1.60367e-06
3.6 0.704744 -2.11647e-07 0.295178 -4.80073e-07 1.40018e-06 1.72803e-06
3.7 0.697889 -1.05845e-07 0.302032 -7.27804e-07 1.24186e-06 1.86987e-06
3.8 0.691139 -5.6959e-08 0.308781 -7.34609e-07 1.02743e-06 2.07534e-06
3.9 0.684433 -5.06274e-08 0.315486 -6.69364e-07 7.63676e-07 2.40607e-06
4 0.67772 -5.74468e-08 0.322197 -5.30575e-07 5.62135e-07 2.84718e-06
4.1 0.670972 -1.92524e-08 0.328943 -4.25911e-07 4.408e-07 3.39599e-06
4.2 0.664186 3.10473e-08 0.335729 -2.77425e-07 3.85486e-07 3.94365e-06
4.3 0.657384 4.11805e-08 0.342529 -1.799e-07 3.42149e-07 4.35486e-06
4.4 0.650609 -2.45557e-09 0.349303 -2.71128e-08 3.95905e-07 4.57187e-06
4.5 0.643907 -6.25008e-08 0.356004 1.22221e-07 5.95379e-07 4.64067e-06
4.6 0.637323 -6.71736e-08 0.362587 1.19958e-07 9.19142e-07 4.57025e-06
4.7 0.630884 -1.12417e-08 0.369025 2.01259e-07 1.30524e-06 4.42603e-06
4.8 0.624598 6.20689e-08 0.375311 3.06886e-07 1.63314e-06 4.17552e-06
4.9 0.618449 9.6588e-08 0.381459 4.60628e-07 1.82717e-06 3.8879e-06
5 0.612407 4.13227e-08 0.3875 6.46789e-07 1.79519e-06 3.60183e-06
5.1 0.606431 -1.16628e-07 0.393475 9.9049e-07 1.58087e-06 3.33127e-06
5.2 0.600484 -3.31314e-07 0.399421 1.49988e-06 1.28849e-06 3.11915e-06
5.3 0.594536 -5.96907e-07 0.405369 2.05785e-06 1.16446e-06 2.9315e-06
5.4 0.588577 -8.98797e-07 0.411328 2.55831e-06 1.28935e-06 2.78058e-06
5.5 0.582611 -1.17968e-06 0.417294 2.91708e-06 1.50218e-06 2.69445e-06
5.6 0.576661 -1.37292e-06 0.423244 3.11965e-06 1.71486e-06 2.62488e-06
5.7 0.570757 -1.41133e-06 0.429148 3.23555e-06 1.99369e-06 2.563e-06
5.8 0.564932 -1.32814e-06 0.434973 3.24466e-06 2.23351e-06 2.46401e-06
5.9 0.559209 -1.22721e-06 0.440695 3.26649e-06 2.46154e-06 2.40225e-06
6 0.553603 -1.11591e-06 0.446302 3.18004e-06 2.73098e-06 2.43298e-06
6.1 0.54811 -9.35234e-07 0.451795 3.0091e-06 3.05801e-06 2.67269e-06
6.2 0.542714 -6.61988e-07 0.457191 2.7169e-06 3.21013e-06 3.13029e-06
6.3 0.537389 -3.45883e-07 0.462514 2.51861e-06 3.1041e-06 3.68329e-06
6.4 0.532109 -7.33486e-08 0.467795 2.27711e-06 2.77316e-06 4.29446e-06
6.5 0.526848 1.36507e-07 0.473055 2.1298e-06 2.25791e-06 4.8529e-06
6.6 0.521593 3.46036e-07 0.478311 1.90454e-06 1.56911e-06 5.33952e-06
6.7 0.51634 6.50488e-07 0.483563 1.52736e-06 8.03736e-07 5.70547e-06
6.8 0.511101 1.07132e-06 0.488803 1.02532e-06 2.1529e-08 5.86035e-06
6.9 0.505893 1.50066e-06 0.49401 5.07452e-07 -6.24667e-07 5.77108e-06
7 0.50074 1.85913e-06 0.499163 -1.04391e-08 -1.04535e-06 5.51566e-06
7.1 0.495662 2.17275e-06 0.504241 -5.30293e-07 -1.19801e-06 5.17957e-06
7.2 0.490673 2.52314e-06 0.50923 -1.03935e-06 -9.33413e-07 4.8912e-06
7.3 0.485777 2.97374e-06 0.514127 -1.57096e-06 -3.37818e-07 4.85353e-06
7.4 0.480967 3.47996e-06 0.518936 -2.10804e-06 3.47914e-07 5.18502e-06
7.5 0.476228 4.01444e-06 0.523674 -2.76494e-06 8.92934e-07 5.84761e-06
7.6 0.471543 4.59587e-06 0.528359 -3.4977e-06 1.22701e-06 6.70412e-06
7.7 0.46689 5.20792e-06 0.533012 -4.20902e-06 1.44655e-06 7.46166e-06
7.8 0.462256 5.81739e-06 0.537645 -4.88124e-06 1.58659e-06 7.92777e-06
7.9 0.457633 6.3719e-06 0.542267 -5.45771e-06 1.83459e-06 8.13258e-06
8 0.453024 6.82357e-06 0.546875 -5.91094e-06 2.20113e-06 7.99395e-06
8.1 0.448438 7.18049e-06 0.551461 -6.28288e-06 2.69485e-06 7.68554e-06
8.2 0.44389 7.56747e-06 0.556008 -6.74455e-06 3.30278e-06 7.5926e-06
8.3 0.439395 8.11041e-06 0.560503 -7.40088e-06 3.97469e-06 7.95828e-06
8.4 0.434965 8.90846e-06 0.564932 -8.36809e-06 4.65618e-06 8.78601e-06
8.5 0.430608 1.00006e-05 0.569289 -9.62664e-06 5.3439e-06 9.95182e-06
8.6 0.426321 1.12483e-05 0.573574 -1.10643e-05 5.90097e-06 1.12905e-05
8.7 0.422098 1.23365e-05 0.577797 -1.22883e-05 6.17315e-06 1.2562e-05
8.8 0.417925 1.30575e-05 0.58197 -1.30677e-05 6.1796e-06 1.36875e-05
8.9 0.413788 1.35599e-05 0.586106 -1.35931e-05 5.91053e-06 1.45302e-05
9 0.409676 1.40001e-05 0.590217 -1.4035e-05 5.5357e-06 1.50259e-05
9.1 0.405581 1.43592e-05 0.594311 -1.44509e-05 5.21599e-06 1.52256e-05
9.2 0.401502 1.46186e-05 0.598391 -1.47771e-05 5.0645e-06 1.52118e-05
9.3 0.397442 1.48191e-05 0.60245 -1.49819e-05 5.12166e-06 1.50879e-05
9.4 0.393412 1.49597e-05 0.60648 -1.50686e-05 5.42473e-06 1.49571e-05
9.5 0.389423 1.50049e-05 0.610469 -1.50509e-05 6.02789e-06 1.49167e-05
9.6 0.385485 1.49813e-05 0.614406 -1.49883e-05 6.83145e-06 1.51554e-05
9.7 0.381606 1.5224e-05 0.618285 -1.51704e-05 7.63298e-06 1.57596e-05
9.8 0.377786 1.57749e-05 0.622104 -1.56199e-05 8.18273e-06 1.66277e-05
9.9 0.374022 1.63704e-05 0.625867 -1.61041e-05 8.38794e-06 1.76772e-05
10 0.370306 1.68613e-05 0.629583 -1.65445e-05 8.32827e-06 1.88476e-05
10.1 0.366628 1.72689e-05 0.63326 -1.69356e-05 8.10605e-06 2.00971e-05
10.2 0.362977 1.76936e-05 0.63691 -1.74096e-05 7.67679e-06 2.13161e-05
10.3 0.359347 1.83062e-05 0.640539 -1.80594e-05 6.99879e-06 2.23251e-05
10.4 0.355735 1.9074e-05 0.644151 -1.88151e-05 6.15931e-06 2.29507e-05
10.5 0.352143 1.97982e-05 0.647742 -1.94609e-05 5.35135e-06 2.3255e-05
10.6 0.348576 2.02067e-05 0.651309 -1.97534e-05 4.76062e-06 2.33645e-05
10.7 0.345042 2.00144e-05 0.654842 -1.943e-05 4.47991e-06 2.3444e-05
10.8 0.341548 1.90455e-05 0.658336 -1.83633e-05 4.50604e-06 2.36388e-05
10.9 0.3381 1.75828e-05 0.661783 -1.68257e-05 4.75693e-06 2.40446e-05
11 0.3347 1.61042e-05 0.665183 -1.5314e-05 5.04824e-06 2.47466e-05
11.1 0.331348 1.49017e-05 0.668535 -1.41455e-05 5.30411e-06 2.57485e-05
11.2 0.328039 1.4173e-05 0.671843 -1.34827e-05 5.50308e-06 2.68814e-05
11.3 0.324767 1.38742e-05 0.675114 -1.32832e-05 5.65607e-06 2.79491e-05
11.4 0.321526 1.37026e-05 0.678355 -1.32044e-05 5.66672e-06 2.87992e-05
11.5 0.318308 1.36328e-05 0.681573 -1.32163e-05 5.62609e-06 2.93218e-05
11.6 0.315111 1.37229e-05 0.684769 -1.33773e-05 5.50543e-06 2.958e-05
11.7 0.311936 1.39924e-05 0.687944 -1.36716e-05 5.22954e-06 2.97387e-05
11.8 0.308784 1.4367e-05 0.691095 -1.40794e-05 4.73982e-06 2.98723e-05
11.9 0.305661 1.42881e-05 0.694218 -1.40198e-05 4.10377e-06 2.9939e-05
12 0.30257 1.33353e-05 0.697308 -1.30842e-05 3.36201e-06 3.01169e-05
12.1 0.299513 1.12305e-05 0.700365 -1.09919e-05 2.52734e-06 3.02157e-05
12.2 0.296493 7.92366e-06 0.703385 -7.71168e-06 1.73982e-06 3.02916e-05
12.3 0.293509 3.54658e-06 0.706368 -3.39279e-06 1.21358e-06 3.0311e-05
12.4 0.29056 -1.51789e-06 0.709316 1.61077e-06 9.81809e-07 3.02635e-05
12.5 0.287645 -6.79866e-06 0.712232 6.85473e-06 1.12595e-06 3.00702e-05
12.6 0.284759 -1.14414e-05 0.715117 1.14715e-05 1.43599e-06 2.97704e-05
12.7 0.2819 -1.45682e-05 0.717976 1.46275e-05 1.8203e-06 2.9271e-05
12.8 0.279067 -1.61946e-05 0.720809 1.63332e-05 2.25759e-06 2.85912e-05
12.9 0.276257 -1.67559e-05 0.723619 1.70179e-05 2.61778e-06 2.79301e-05
13 0.273471 -1.64943e-05 0.726405 1.68718e-05 2.83035e-06 2.74756e-05
13.1 0.270711 -1.58026e-05 0.729165 1.62597e-05 2.86232e-06 2.73334e-05
13.2 0.267978 -1.53926e-05 0.731899 1.59213e-05 2.77659e-06 2.75634e-05
13.3 0.265272 -1.64483e-05 0.734604 1.70031e-05 2.62669e-06 2.79819e-05
13.4 0.262597 -1.96276e-05 0.73728 2.0168e-05 2.45225e-06 2.82589e-05
13.5 0.259952 -2.52111e-05 0.739924 2.57676e-05 2.22396e-06 2.82331e-05
13.6 0.257337 -3.23119e-05 0.742539 3.30118e-05 1.91299e-06 2.81362e-05
13.7 0.25475 -4.02986e-05 0.745126 4.10694e-05 1.91083e-06 2.7671e-05
13.8 0.252191 -4.81061e-05 0.747685 4.88517e-05 2.12843e-06 2.70105e-05
13.9 0.249657 -5.48061e-05 0.750219 5.55067e-05 2.61393e-06 2.60696e-05
14 0.247147 -5.97194e-05 0.75273 6.03728e-05 3.49278e-06 2.48967e-05
14.1 0.244659 -6.22507e-05 0.755218 6.29047e-05 4.53397e-06 2.38465e-05
14.2 0.242192 -6.38008e-05 0.757685 6.44495e-05 5.43407e-06 2.28676e-05
14.3 0.239748 -6.5478e-05 0.760129 6.60672e-05 6.16116e-06 2.19814e-05
14.4 0.237328 -6.74566e-05 0.762549 6.80066e-05 6.79254e-06 2.13081e-05
14.5 0.234933 -6.98188e-05 0.764944 7.03606e-05 7.37768e-06 2.10442e-05
14.6 0.232565 -7.2189e-05 0.767312 7.27071e-05 7.91924e-06 2.13267e-05
14.7 0.230224 -7.42109e-05 0.769653 7.46775e-05 8.2027e-06 2.20196e-05
14.8 0.227908 -7.68845e-05 0.771969 7.73369e-05 8.76333e-06 2.30509e-05
14.9 0.225616 -8.10658e-05 0.774262 8.14958e-05 9.42881e-06 2.41243e-05
15 0.223346 -8.60197e-05 0.776532 8.64596e-05 9.98498e-06 2.5007e-05
15.1 0.221097 -9.05197e-05 0.778782 9.10021e-05 1.03184e-05 2.56831e-05
15.2 0.218871 -9.37819e-05 0.781009 9.43066e-05 1.04294e-05 2.61887e-05
15.3 0.216666 -9.55693e-05 0.783214 9.61086e-05 1.0511e-05 2.65155e-05
15.4 0.214484 -9.66372e-05 0.785397 9.71479e-05 1.04974e-05 2.66946e-05
15.5 0.212327 -9.74175e-05 0.787556 9.78931e-05 1.05742e-05 2.69248e-05
15.6 0.210195 -9.75496e-05 0.789689 9.80197e-05 1.09911e-05 2.7238e-05
15.7 0.208088 -9.65821e-05 0.791796 9.70467e-05 1.15891e-05 2.75564e-05
15.8 0.206006 -9.45653e-05 0.79388 9.50423e-05 1.22096e-05 2.77997e-05
15.9 0.203945 -9.19508e-05 0.795942 9.24775e-05 1.25857e-05 2.89355e-05
16 0.201903 -9.0416e-05 0.797984 9.09615e-05 1.19664e-05 3.03324e-05
16.1 0.199878 -9.07534e-05 0.800011 9.13032e-05 1.07385e-05 3.13642e-05
16.2 0.197867 -9.31552e-05 0.802023 9.37302e-05 9.66104e-06 3.20104e-05
16.3 0.195871 -9.58337e-05 0.80402 9.64327e-05 8.94614e-06 3.24379e-05
16.4 0.19389 -9.6854e-05 0.806001 9.74553e-05 8.84268e-06 3.28766e-05
16.5 0.191928 -9.57564e-05 0.807964 9.63727e-05 8.60857e-06 3.32437e-05
16.6 0.189986 -9.26928e-05 0.809906 9.33448e-05 8.32746e-06 3.34462e-05
16.7 0.188068 -8.81079e-05 0.811825 8.87971e-05 7.98325e-06 3.35454e-05
16.8 0.186172 -8.28133e-05 0.813721 8.3484e-05 7.40462e-06 3.33636e-05
16.9 0.184298 -7.82879e-05 0.815596 7.89242e-05 6.5907e-06 3.3039e-05
17 0.182446 -7.43015e-05 0.817448 7.49028e-05 6.01028e-06 3.23657e-05
17.1 0.180615 -6.98825e-05 0.819279 7.045e-05 5.89922e-06 3.13234e-05
17.2 0.178803 -6.54349e-05 0.821092 6.59508e-05 5.9825e-06 3.02186e-05
17.3 0.177005 -6.1835e-05 0.82289 6.23437e-05 6.05226e-06 2.9169e-05
17.4 0.17522 -5.9177e-05 0.824676 5.97806e-05 5.87308e-06 2.84342e-05
17.5 0.173445 -5.7684e-05 0.826451 5.84038e-05 5.3828e-06 2.80034e-05
17.6 0.171681 -5.75548e-05 0.828216 5.84143e-05 4.96158e-06 2.8082e-05
17.7 0.169929 -5.81957e-05 0.829969 5.90819e-05 4.46498e-06 2.79113e-05
17.8 0.16819 -5.83798e-05 0.831708 5.91927e-05 3.89429e-06 2.74836e-05
17.9 0.16647 -5.69769e-05 0.83343 5.77059e-05 4.07946e-06 2.63461e-05
18 0.164769 -5.44977e-05 0.835131 5.51893e-05 4.31155e-06 2.52025e-05
18.1 0.163093 -5.20828e-05 0.836808 5.27513e-05 4.61683e-06 2.39084e-05
18.2 0.161442 -4.93264e-05 0.83846 4.99774e-05 4.83334e-06 2.28896e-05
18.3 0.159812 -4.46127e-05 0.84009 4.52573e-05 4.87838e-06 2.24608e-05
18.4 0.1582 -3.84098e-05 0.841704 3.90556e-05 4.6526e-06 2.32716e-05
18.5 0.156599 -3.26579e-05 0.843305 3.33006e-05 4.17492e-06 2.46192e-05
18.6 0.155007 -2.76175e-05 0.844898 2.82624e-05 4.39261e-06 2.61548e-05
18.7 0.153424 -2.26457e-05 0.846482 2.32903e-05 4.759e-06 2.716e-05
18.8 0.151848 -1.80622e-05 0.848059 1.87045e-05 4.33763e-06 2.74158e-05
18.9 0.15028 -1.40298e-05 0.849627 1.46809e-05 4.23916e-06 2.73603e-05
19 0.148724 -1.02561e-05 0.851184 1.09165e-05 3.80425e-06 2.7254e-05
19.1 0.147182 -6.70306e-06 0.852727 7.36665e-06 3.11993e-06 2.73523e-05
19.2 0.145663 -3.6025e-06 0.854247 4.27214e-06 2.36393e-06 2.78123e-05
19.3 0.144169 -6.35387e-07 0.855741 1.30144e-06 1.35617e-06 2.87193e-05
19.4 0.1427 2.64806e-06 0.85721 -1.97758e-06 -4.51491e-07 2.96843e-05
19.5 0.141251 5.56116e-06 0.858661 -4.88618e-06 -1.58303e-06 3.02384e-05
19.6 0.139812 8.81606e-06 0.8601 -8.13415e-06 -1.61987e-06 3.122e-05
19.7 0.138379 1.2937e-05 0.861534 -1.22669e-05 -9.56989e-07 3.05135e-05
19.8 0.136934 1.69794e-05 0.862978 -1.62967e-05 -2.21136e-07 2.97494e-05
19.9 0.135474 2.01652e-05 0.864439 -1.94804e-05 1.20694e-06 2.95789e-05
20 0.133981 2.30757e-05 0.865932 -2.2391e-05 1.82728e-06 3.00798e-05
