This is pdfTeX, Version 3.14159265-2.6-1.40.20 (TeX Live 2019/Debian) (preloaded format=pdflatex 2020.6.17)  17 AUG 2021 15:40
entering extended mode
 restricted \write18 enabled.
 %&-line parsing enabled.
**fig3_data.tex
(./fig3_data.tex
LaTeX2e <2020-02-02> patch level 2
L3 programming layer <2020-02-14>
(/usr/share/texlive/texmf-dist/tex/latex/base/minimal.cls
Document Class: minimal 2001/05/25 Standard LaTeX minimal class
) (/usr/share/texlive/texmf-dist/tex/latex/base/size11.clo
File: size11.clo 2019/12/20 v1.4l Standard LaTeX file (size option)
)
(/usr/share/texlive/texmf-dist/tex/latex/tools/calc.sty
Package: calc 2017/05/25 v4.3 Infix arithmetic (KKT,FJ)
\calc@Acount=\count167
\calc@Bcount=\count168
\calc@Adimen=\dimen134
\calc@Bdimen=\dimen135
\calc@Askip=\skip47
\calc@Bskip=\skip48
LaTeX Info: Redefining \setlength on input line 80.
LaTeX Info: Redefining \addtolength on input line 81.
\calc@Ccount=\count169
\calc@Cskip=\skip49
)
(/usr/share/texlive/texmf-dist/tex/latex/graphics/graphicx.sty
Package: graphicx 2019/11/30 v1.2a Enhanced LaTeX Graphics (DPC,SPQR)

(/usr/share/texlive/texmf-dist/tex/latex/graphics/keyval.sty
Package: keyval 2014/10/28 v1.15 key=value parser (DPC)
\KV@toks@=\toks14
)
(/usr/share/texlive/texmf-dist/tex/latex/graphics/graphics.sty
Package: graphics 2019/11/30 v1.4a Standard LaTeX Graphics (DPC,SPQR)

(/usr/share/texlive/texmf-dist/tex/latex/graphics/trig.sty
Package: trig 2016/01/03 v1.10 sin cos tan (DPC)
)
(/usr/share/texlive/texmf-dist/tex/latex/graphics-cfg/graphics.cfg
File: graphics.cfg 2016/06/04 v1.11 sample graphics configuration
)
Package graphics Info: Driver file: pdftex.def on input line 105.

(/usr/share/texlive/texmf-dist/tex/latex/graphics-def/pdftex.def
File: pdftex.def 2018/01/08 v1.0l Graphics/color driver for pdftex
))
\Gin@req@height=\dimen136
\Gin@req@width=\dimen137
)
(/usr/share/texlive/texmf-dist/tex/latex/graphics/color.sty
Package: color 2019/11/23 v1.2a Standard LaTeX Color (DPC)

(/usr/share/texlive/texmf-dist/tex/latex/graphics-cfg/color.cfg
File: color.cfg 2016/01/02 v1.6 sample color configuration
)
Package color Info: Driver file: pdftex.def on input line 147.
)
(/usr/share/texlive/texmf-dist/tex/latex/geometry/geometry.sty
Package: geometry 2020/01/02 v5.9 Page Geometry

(/usr/share/texlive/texmf-dist/tex/generic/iftex/ifvtex.sty
Package: ifvtex 2019/10/25 v1.7 ifvtex legacy package. Use iftex instead.

(/usr/share/texlive/texmf-dist/tex/generic/iftex/iftex.sty
Package: iftex 2019/11/07 v1.0c TeX engine tests
))
\Gm@cnth=\count170
\Gm@cntv=\count171
\c@Gm@tempcnt=\count172
\Gm@bindingoffset=\dimen138
\Gm@wd@mp=\dimen139
\Gm@odd@mp=\dimen140
\Gm@even@mp=\dimen141
\Gm@layoutwidth=\dimen142
\Gm@layoutheight=\dimen143
\Gm@layouthoffset=\dimen144
\Gm@layoutvoffset=\dimen145
\Gm@dimlist=\toks15
)
Using configuration file gnuplot.cfg
(/usr/share/texmf/tex/gnuplot.cfg
(/usr/share/texlive/texmf-dist/tex/latex/base/fontenc.sty
Package: fontenc 2020/02/11 v2.0o Standard LaTeX package
))
(/usr/share/texlive/texmf-dist/tex/latex/l3backend/l3backend-pdfmode.def
File: l3backend-pdfmode.def 2020-02-03 L3 backend support: PDF mode
\l__kernel_color_stack_int=\count173
\l__pdf_internal_box=\box45
)
(./fig3_data.aux)
\openout1 = `fig3_data.aux'.

LaTeX Font Info:    Checking defaults for OML/cmm/m/it on input line 59.
LaTeX Font Info:    ... okay on input line 59.
LaTeX Font Info:    Checking defaults for OMS/cmsy/m/n on input line 59.
LaTeX Font Info:    ... okay on input line 59.
LaTeX Font Info:    Checking defaults for OT1/cmr/m/n on input line 59.
LaTeX Font Info:    ... okay on input line 59.
LaTeX Font Info:    Checking defaults for T1/cmr/m/n on input line 59.
LaTeX Font Info:    ... okay on input line 59.
LaTeX Font Info:    Checking defaults for TS1/cmr/m/n on input line 59.
LaTeX Font Info:    ... okay on input line 59.
LaTeX Font Info:    Checking defaults for OMX/cmex/m/n on input line 59.
LaTeX Font Info:    ... okay on input line 59.
LaTeX Font Info:    Checking defaults for U/cmr/m/n on input line 59.
LaTeX Font Info:    ... okay on input line 59.

(/usr/share/texlive/texmf-dist/tex/context/base/mkii/supp-pdf.mkii
[Loading MPS to PDF converter (version 2006.09.02).]
\scratchcounter=\count174
\scratchdimen=\dimen146
\scratchbox=\box46
\nofMPsegments=\count175
\nofMParguments=\count176
\everyMPshowfont=\toks16
\MPscratchCnt=\count177
\MPscratchDim=\dimen147
\MPnumerator=\count178
\makeMPintoPDFobject=\count179
\everyMPtoPDFconversion=\toks17
) (/usr/share/texlive/texmf-dist/tex/latex/epstopdf-pkg/epstopdf-base.sty
Package: epstopdf-base 2020-01-24 v2.11 Base part for package epstopdf

(/usr/share/texlive/texmf-dist/tex/generic/infwarerr/infwarerr.sty
Package: infwarerr 2019/12/03 v1.5 Providing info/warning/error messages (HO)
)
(/usr/share/texlive/texmf-dist/tex/latex/grfext/grfext.sty
Package: grfext 2019/12/03 v1.3 Manage graphics extensions (HO)

(/usr/share/texlive/texmf-dist/tex/generic/kvdefinekeys/kvdefinekeys.sty
Package: kvdefinekeys 2019-12-19 v1.6 Define keys (HO)
))
(/usr/share/texlive/texmf-dist/tex/latex/kvoptions/kvoptions.sty
Package: kvoptions 2019/11/29 v3.13 Key value format for package options (HO)

(/usr/share/texlive/texmf-dist/tex/generic/ltxcmds/ltxcmds.sty
Package: ltxcmds 2019/12/15 v1.24 LaTeX kernel commands for general use (HO)
)
(/usr/share/texlive/texmf-dist/tex/generic/kvsetkeys/kvsetkeys.sty
Package: kvsetkeys 2019/12/15 v1.18 Key value parser (HO)
))
(/usr/share/texlive/texmf-dist/tex/latex/pdftexcmds/pdftexcmds.sty
Package: pdftexcmds 2019/11/24 v0.31 Utility functions of pdfTeX for LuaTeX (HO
)
Package pdftexcmds Info: \pdf@primitive is available.
Package pdftexcmds Info: \pdf@ifprimitive is available.
Package pdftexcmds Info: \pdfdraftmode found.
)
Package epstopdf-base Info: Redefining graphics rule for `.eps' on input line 4
85.
Package grfext Info: Graphics extension search list:
(grfext)             [.pdf,.png,.jpg,.mps,.jpeg,.jbig2,.jb2,.PDF,.PNG,.JPG,.JPE
G,.JBIG2,.JB2,.eps]
(grfext)             \AppendGraphicsExtensions on input line 504.

(/usr/share/texlive/texmf-dist/tex/latex/latexconfig/epstopdf-sys.cfg
File: epstopdf-sys.cfg 2010/07/13 v1.3 Configuration of (r)epstopdf for TeX Liv
e
))
*geometry* detected driver: pdftex
*geometry* verbose mode - [ preamble ] result:
* driver: pdftex
* paper: custom
* layout: <same size as paper>
* layoutoffset:(h,v)=(0.0pt,0.0pt)
* modes: 
* h-part:(L,W,R)=(0.0pt, 512.11324pt, 0.0pt)
* v-part:(T,H,B)=(0.0pt, 247.52475pt, 0.0pt)
* \paperwidth=512.11324pt
* \paperheight=247.52475pt
* \textwidth=512.11324pt
* \textheight=247.52475pt
* \oddsidemargin=-72.26999pt
* \evensidemargin=-72.26999pt
* \topmargin=-109.26999pt
* \headheight=12.0pt
* \headsep=25.0pt
* \topskip=11.0pt
* \footskip=30.0pt
* \marginparwidth=4.0pt
* \marginparsep=10.0pt
* \columnsep=0.0pt
* \skip\footins=10.0pt plus 4.0pt minus 2.0pt
* \hoffset=0.0pt
* \voffset=0.0pt
* \mag=1000
* \@twocolumnfalse
* \@twosidefalse
* \@mparswitchfalse
* \@reversemarginfalse
* (1in=72.27pt=25.4mm, 1cm=28.453pt)

\gptboxheight=\skip50
\gptboxwidth=\skip51
\gptboxtext=\box47
LaTeX Font Info:    External font `cmex10' loaded for size
(Font)              <10.95> on input line 202.
LaTeX Font Info:    External font `cmex10' loaded for size
(Font)              <8> on input line 202.
LaTeX Font Info:    External font `cmex10' loaded for size
(Font)              <6> on input line 202.
Package epstopdf Info: Source file: <fig3_data-inc.eps>
(epstopdf)                    date: 2021-08-17 15:40:49
(epstopdf)                    size: 31916 bytes
(epstopdf)             Output file: <fig3_data-inc-eps-converted-to.pdf>
(epstopdf)                    date: 2021-08-17 15:38:40
(epstopdf)                    size: 11222 bytes
(epstopdf)             Command: <repstopdf --outfile=fig3_data-inc-eps-converte
d-to.pdf fig3_data-inc.eps>
(epstopdf)             \includegraphics on input line 203.
runsystem(repstopdf --outfile=fig3_data-inc-eps-converted-to.pdf fig3_data-inc.
eps)...executed safely (allowed).

Package epstopdf Info: Result file: <fig3_data-inc-eps-converted-to.pdf>
(epstopdf)                    date: 2021-08-17 15:40:50
(epstopdf)                    size: 11222 bytes.
<fig3_data-inc-eps-converted-to.pdf, id=1, 511.9125pt x 246.9225pt>
File: fig3_data-inc-eps-converted-to.pdf Graphic file (type pdf)
<use fig3_data-inc-eps-converted-to.pdf>
Package pdftex.def Info: fig3_data-inc-eps-converted-to.pdf  used on input line
 203.
(pdftex.def)             Requested size: 511.91125pt x 246.92188pt.
[1{/var/lib/texmf/fonts/map/pdftex/updmap/pdftex.map} <./fig3_data-inc-eps-conv
erted-to.pdf>] (./fig3_data.aux) ) 
Here is how much of TeX's memory you used:
 2314 strings out of 483057
 34199 string characters out of 5962301
 269109 words of memory out of 5000000
 17327 multiletter control sequences out of 15000+600000
 536629 words of font info for 35 fonts, out of 8000000 for 9000
 59 hyphenation exceptions out of 8191
 34i,6n,36p,204b,193s stack positions out of 5000i,500n,10000p,200000b,80000s
 </home/cygo/.texlive2019/texmf-var/fonts/pk/
ljfour/jknappen/ec/ecrm1095.600pk> </home/cygo/.texlive2019/texmf-var/fonts/pk/
ljfour/jknappen/ec/ecbx1095.600pk></usr/share/texlive/texmf-dist/fonts/type1/pu
blic/amsfonts/cm/cmmi10.pfb></usr/share/texlive/texmf-dist/fonts/type1/public/a
msfonts/cm/cmr10.pfb>
Output written on fig3_data.pdf (1 page, 32700 bytes).
PDF statistics:
 48 PDF objects out of 1000 (max. 8388607)
 20 compressed objects within 1 object stream
 0 named destinations out of 1000 (max. 500000)
 6 words of extra memory for PDF output out of 10000 (max. 10000000)

