0 0 0 1 0 0 0
0.1 1.72329e-07 -2.50429e-18 1 1.0286e-16 4.83673e-05 -0.000412298
0.2 7.93975e-07 -2.9867e-18 0.999999 1.77036e-16 0.000195911 -0.000869248
0.3 2.04527e-06 -3.74638e-18 0.999998 3.32418e-16 0.000450792 -0.00135722
0.4 4.13779e-06 -6.10917e-18 0.999996 2.51495e-16 0.000818006 -0.00186243
0.5 7.3139e-06 -1.13278e-17 0.999993 2.19932e-16 0.00129945 -0.00237176
0.6 1.18458e-05 -1.79198e-17 0.999988 -1.41368e-16 0.00189421 -0.00287361
0.7 1.80347e-05 -2.50857e-17 0.999982 -3.14078e-16 0.00259894 -0.00335855
0.8 2.62111e-05 -3.60431e-17 0.999974 -2.40702e-16 0.00340854 -0.00381998
0.9 3.67374e-05 -4.49027e-17 0.999963 -2.46147e-16 0.00431675 -0.00425461
1 5.00141e-05 -5.61135e-17 0.99995 -4.30851e-16 0.00531705 -0.00466268
1.1 6.64916e-05 -7.15724e-17 0.999934 -2.64677e-16 0.00640339 -0.00504813
1.2 8.66896e-05 -9.01029e-17 0.999913 -4.22652e-16 0.00757111 -0.00541851
1.3 0.000111226 -1.11703e-16 0.999889 -3.17823e-16 0.00881763 -0.0057847
1.4 0.000140857 -1.33302e-16 0.999859 -2.82527e-16 0.0101432 -0.00616047
1.5 0.00017653 -1.58618e-16 0.999823 -2.3557e-16 0.0115516 -0.0065619
1.6 0.000219453 -1.86434e-16 0.999781 -1.93349e-16 0.0130503 -0.00700665
1.7 0.000271171 -2.12379e-16 0.999729 -1.49235e-16 0.0146509 -0.0075132
1.8 0.000333672 -2.36446e-16 0.999666 -9.69728e-17 0.0163691 -0.00809996
1.9 0.000409483 -2.60556e-16 0.999591 -4.44948e-17 0.0182248 -0.00878445
2 0.000501799 -2.83138e-16 0.999498 3.24439e-17 0.0202415 -0.00958244
2.1 0.000614603 -2.93837e-16 0.999385 7.40671e-17 0.0224458 -0.0105072
2.2 0.000752788 -2.86674e-16 0.999247 1.04887e-16 0.024867 -0.0115689
2.3 0.000922281 -2.45102e-16 0.999078 7.40026e-17 0.0275361 -0.012774
2.4 0.00113014 -1.58162e-16 0.99887 -5.49225e-17 0.0304848 -0.0141249
2.5 0.00138466 7.67915e-18 0.998615 -2.96151e-16 0.033745 -0.0156196
2.6 0.00169539 2.49157e-16 0.998305 -5.95883e-16 0.0373472 -0.0172519
2.7 0.00207318 5.60033e-16 0.997927 -9.48095e-16 0.0413201 -0.0190113
2.8 0.00253016 9.35472e-16 0.99747 -1.39291e-15 0.0456891 -0.0208832
2.9 0.00307962 1.39185e-15 0.99692 -1.88379e-15 0.0504759 -0.0228493
3 0.00373594 1.87946e-15 0.996264 -2.44355e-15 0.0556976 -0.0248881
3.1 0.00451433 2.37418e-15 0.995486 -2.99764e-15 0.0613658 -0.0269755
3.2 0.00543062 2.82727e-15 0.994569 -3.57894e-15 0.0674865 -0.0290853
3.3 0.00650094 3.20231e-15 0.993499 -4.05191e-15 0.0740593 -0.0311896
3.4 0.00774131 3.45391e-15 0.992259 -4.37404e-15 0.0810775 -0.0332599
3.5 0.0091673 3.53241e-15 0.990833 -4.53352e-15 0.0885278 -0.0352674
3.6 0.0107935 3.37006e-15 0.989207 -4.4505e-15 0.0963905 -0.0371832
3.7 0.012633 3.02825e-15 0.987367 -4.19211e-15 0.104639 -0.0389796
3.8 0.0146969 2.43272e-15 0.985303 -3.62819e-15 0.113242 -0.0406298
3.9 0.016994 1.57251e-15 0.983006 -2.75839e-15 0.12216 -0.0421088
4 0.0195296 4.84403e-16 0.98047 -1.72077e-15 0.131351 -0.0433934
4.1 0.022306 -7.37293e-16 0.977694 -5.31596e-16 0.140766 -0.0444629
4.2 0.0253212 -2.13213e-15 0.974679 8.0011e-16 0.150353 -0.0452991
4.3 0.0285687 -3.52645e-15 0.971431 2.15442e-15 0.160056 -0.0458869
4.4 0.0320376 -4.95095e-15 0.967962 3.48966e-15 0.169817 -0.0462146
4.5 0.0357119 -6.19828e-15 0.964288 4.69611e-15 0.179573 -0.0462741
4.6 0.0395709 -7.17802e-15 0.960429 5.55579e-15 0.189264 -0.0460614
4.7 0.0435889 -7.86402e-15 0.956411 6.08058e-15 0.198828 -0.0455772
4.8 0.0477358 -8.20276e-15 0.952264 6.24597e-15 0.208203 -0.0448267
4.9 0.0519778 -8.23108e-15 0.948022 6.09861e-15 0.217332 -0.0438206
5 0.0562776 -7.89052e-15 0.943722 5.69954e-15 0.226157 -0.0425746
5.1 0.0605958 -6.76952e-15 0.939404 4.63547e-15 0.234629 -0.0411099
5.2 0.064892 -5.24891e-15 0.935108 3.16298e-15 0.242701 -0.0394527
5.3 0.0691256 -3.37727e-15 0.930874 1.20082e-15 0.250335 -0.0376338
5.4 0.0732578 -1.05499e-15 0.926742 -1.11503e-15 0.2575 -0.0356878
5.5 0.0772524 1.39332e-15 0.922748 -3.39213e-15 0.264173 -0.0336517
5.6 0.0810772 3.76287e-15 0.918923 -5.84953e-15 0.27034 -0.0315642
5.7 0.0847048 6.00386e-15 0.915295 -8.10166e-15 0.275997 -0.0294628
5.8 0.0881136 7.58977e-15 0.911886 -9.78305e-15 0.281145 -0.0273832
5.9 0.0912879 8.84877e-15 0.908712 -1.11799e-14 0.285797 -0.0253562
6 0.0942176 9.46291e-15 0.905782 -1.18746e-14 0.289968 -0.0234068
6.1 0.0968977 9.57179e-15 0.903102 -1.18065e-14 0.293682 -0.0215522
6.2 0.0993275 8.76405e-15 0.900673 -1.11391e-14 0.296962 -0.0198005
6.3 0.101509 7.30773e-15 0.898491 -9.63238e-15 0.299835 -0.0181507
6.4 0.103445 5.13231e-15 0.896555 -7.51137e-15 0.302323 -0.0165925
6.5 0.105138 2.84514e-15 0.894862 -5.18301e-15 0.304448 -0.0151075
6.6 0.10659 2.98827e-16 0.89341 -2.6085e-15 0.306226 -0.0136706
6.7 0.107797 -2.44553e-15 0.892203 1.45013e-16 0.307665 -0.0122521
6.8 0.108754 -5.22157e-15 0.891246 2.70323e-15 0.308768 -0.0108207
6.9 0.109452 -7.34211e-15 0.890548 4.8312e-15 0.30953 -0.00934588
7 0.109876 -9.0752e-15 0.890124 6.61073e-15 0.30994 -0.00780074
7.1 0.110011 -1.01665e-14 0.889989 7.72595e-15 0.30998 -0.00616421
7.2 0.109842 -9.97031e-15 0.890158 7.59284e-15 0.30963 -0.0044228
7.3 0.109351 -9.62074e-15 0.890649 7.02081e-15 0.308869 -0.00257154
7.4 0.108525 -8.23599e-15 0.891475 5.62881e-15 0.307672 -0.000614147
7.5 0.107356 -6.08824e-15 0.892644 3.54162e-15 0.30602 0.00143766
7.6 0.105838 -3.43807e-15 0.894162 9.69966e-16 0.303895 0.00356545
7.7 0.103975 -9.72468e-16 0.896025 -1.66849e-15 0.301285 0.00574596
7.8 0.101776 1.60836e-15 0.898224 -4.1741e-15 0.298184 0.00795321
7.9 0.0992553 3.75111e-15 0.900745 -6.35886e-15 0.29459 0.0101607
8 0.0964362 5.57541e-15 0.903564 -7.99702e-15 0.290511 0.0123433
8.1 0.093345 6.80652e-15 0.906655 -9.29925e-15 0.285956 0.0144791
8.2 0.0900126 7.42967e-15 0.909987 -1.00395e-14 0.280941 0.0165503
8.3 0.0864724 7.55367e-15 0.913528 -1.0192e-14 0.275485 0.0185441
8.4 0.082759 7.06632e-15 0.917241 -9.78879e-15 0.269609 0.0204524
8.5 0.0789074 6.083e-15 0.921093 -9.00857e-15 0.263334 0.0222715
8.6 0.0749517 4.65143e-15 0.925048 -7.53707e-15 0.256685 0.0240011
8.7 0.0709245 3.07744e-15 0.929076 -5.95339e-15 0.249683 0.0256431
8.8 0.0668566 1.19893e-15 0.933143 -4.13031e-15 0.24235 0.0272006
8.9 0.0627767 -6.25919e-16 0.937223 -2.28378e-15 0.234706 0.0286762
9 0.0587114 -2.27825e-15 0.941289 -6.37165e-16 0.226773 0.0300708
9.1 0.0546853 -3.96045e-15 0.945315 1.04937e-15 0.21857 0.031383
9.2 0.0507215 -5.48617e-15 0.949279 2.44416e-15 0.21012 0.032608
9.3 0.0468412 -6.57498e-15 0.953159 3.45249e-15 0.201442 0.0337374
9.4 0.0430644 -7.08927e-15 0.956936 3.93342e-15 0.192564 0.0347592
9.5 0.0394096 -7.27359e-15 0.96059 4.10101e-15 0.183511 0.0356582
9.6 0.0358943 -7.03429e-15 0.964106 3.88545e-15 0.174315 0.0364162
9.7 0.0325343 -6.52148e-15 0.967466 3.35037e-15 0.165012 0.0370135
9.8 0.0293439 -5.83314e-15 0.970656 2.53728e-15 0.155641 0.0374295
9.9 0.0263357 -4.98056e-15 0.973664 1.74922e-15 0.146247 0.0376441
10 0.0235201 -4.02192e-15 0.97648 8.11163e-16 0.136877 0.037639
10.1 0.0209051 -3.09599e-15 0.979095 -6.38494e-17 0.127583 0.0373991
10.2 0.0184961 -2.13738e-15 0.981504 -9.2087e-16 0.118421 0.0369133
10.3 0.016296 -1.30037e-15 0.983704 -1.72749e-15 0.109446 0.0361761
10.4 0.0143046 -5.85802e-16 0.985695 -2.36797e-15 0.100714 0.0351878
10.5 0.0125189 -1.0996e-17 0.987481 -2.88101e-15 0.0922819 0.0339559
10.6 0.010933 4.10414e-16 0.989067 -3.24586e-15 0.084201 0.0324946
10.7 0.0095387 6.75782e-16 0.990461 -3.48604e-15 0.0765197 0.0308252
10.8 0.00832545 8.25654e-16 0.991675 -3.57404e-15 0.0692804 0.0289758
10.9 0.00728078 8.54029e-16 0.992719 -3.54492e-15 0.0625181 0.0269801
11 0.00639083 7.88074e-16 0.993609 -3.42514e-15 0.0562593 0.0248771
11.1 0.00564073 6.16411e-16 0.994359 -3.20799e-15 0.050521 0.022709
11.2 0.00501513 4.07378e-16 0.994985 -2.95995e-15 0.0453105 0.0205206
11.3 0.00449859 1.82593e-16 0.995501 -2.65561e-15 0.0406245 0.0183568
11.4 0.00407605 -3.3658e-17 0.995924 -2.39606e-15 0.0364496 0.0162616
11.5 0.00373318 -2.37919e-16 0.996267 -2.14518e-15 0.0327629 0.0142758
11.6 0.00345666 -4.2175e-16 0.996543 -1.93994e-15 0.0295328 0.0124359
11.7 0.00323439 -5.86914e-16 0.996766 -1.83445e-15 0.0267201 0.0107723
11.8 0.00305569 -7.47665e-16 0.996944 -1.69895e-15 0.0242797 0.00930844
11.9 0.00291131 -9.00415e-16 0.997089 -1.51969e-15 0.0221624 0.0080596
12 0.00279346 -1.0404e-15 0.997207 -1.37908e-15 0.0203166 0.0070326
12.1 0.00269575 -1.16702e-15 0.997304 -1.26741e-15 0.0186903 0.00622563
12.2 0.00261308 -1.28098e-15 0.997387 -1.18419e-15 0.0172335 0.00562849
12.3 0.00254151 -1.37328e-15 0.997458 -1.09813e-15 0.0158993 0.00522326
12.4 0.0024781 -1.44124e-15 0.997522 -1.03615e-15 0.014646 0.0049853
12.5 0.00242076 -1.48402e-15 0.997579 -1.01377e-15 0.0134384 0.00488454
12.6 0.00236804 -1.50306e-15 0.997632 -1.00495e-15 0.0122488 0.00488704
12.7 0.00231901 -1.50307e-15 0.997681 -1.0163e-15 0.0110577 0.00495671
12.8 0.00227312 -1.48465e-15 0.997727 -1.03961e-15 0.00985366 0.00505704
12.9 0.00223006 -1.45256e-15 0.99777 -9.45392e-16 0.00863388 0.00515293
13 0.00218967 -1.41357e-15 0.99781 -9.79868e-16 0.00740301 0.00521232
13.1 0.00215187 -1.369e-15 0.997848 -1.01118e-15 0.00617254 0.00520772
13.2 0.00211662 -1.32353e-15 0.997883 -1.17259e-15 0.00495953 0.0051174
13.3 0.00208382 -1.27926e-15 0.997916 -1.08482e-15 0.00378512 0.00492636
13.4 0.00205339 -1.23688e-15 0.997947 -1.32623e-15 0.00267297 0.00462688
13.5 0.00202517 -1.20086e-15 0.997975 -1.5849e-15 0.00164752 0.00421871
13.6 0.00199898 -1.16867e-15 0.998001 -1.50056e-15 0.000732302 0.00370886
13.7 0.0019746 -1.13872e-15 0.998025 -1.38064e-15 -5.16167e-05 0.00311109
13.8 0.00195181 -1.12246e-15 0.998048 -1.46601e-15 -0.000687085 0.00244495
13.9 0.00193035 -1.10647e-15 0.99807 -1.60256e-15 -0.00116203 0.00173463
14 0.00191 -1.09483e-15 0.99809 -1.59227e-15 -0.00147032 0.00100754
14.1 0.00189054 -1.08119e-15 0.998109 -1.88051e-15 -0.00161232 0.000292783
14.2 0.00187175 -1.07385e-15 0.998128 -1.89937e-15 -0.00159502 -0.000380496
14.3 0.00185349 -1.06568e-15 0.998147 -1.98336e-15 -0.00143187 -0.000984681
14.4 0.0018356 -1.05928e-15 0.998164 -2.17556e-15 -0.0011422 -0.00149519
14.5 0.00181797 -1.05296e-15 0.998182 -2.02746e-15 -0.000750358 -0.00189179
14.6 0.00180053 -1.04597e-15 0.998199 -1.66615e-15 -0.000284565 -0.00215967
14.7 0.00178322 -1.03969e-15 0.998217 -1.46577e-15 0.000224425 -0.00229022
14.8 0.00176599 -1.03349e-15 0.998234 -1.64436e-15 0.000744808 -0.00228149
14.9 0.00174884 -1.02545e-15 0.998251 -1.26268e-15 0.00124527 -0.00213826
15 0.00173176 -1.0184e-15 0.998268 -1.23967e-15 0.00169647 -0.00187177
15.1 0.00171475 -1.01038e-15 0.998285 -9.18935e-16 0.00207248 -0.00149919
15.2 0.00169783 -1.00163e-15 0.998302 -8.03661e-16 0.00235198 -0.00104263
15.3 0.00168101 -9.9257e-16 0.998319 -8.75763e-16 0.00251924 -0.000528062
15.4 0.00166431 -9.8325e-16 0.998336 -9.7765e-16 0.00256483 1.60617e-05
15.5 0.00164773 -9.73622e-16 0.998352 -1.04355e-15 0.00248597 0.000560248
15.6 0.00163129 -9.63748e-16 0.998369 -1.10972e-15 0.0022866 0.00107547
15.7 0.001615 -9.53811e-16 0.998385 -1.19053e-15 0.00197703 0.00153463
15.8 0.00159887 -9.43865e-16 0.998401 -1.2498e-15 0.00157332 0.00191393
15.9 0.00158289 -9.34073e-16 0.998417 -1.33699e-15 0.00109639 0.00219402
16 0.00156709 -9.24392e-16 0.998433 -1.45651e-15 0.000570851 0.00236094
16.1 0.00155145 -9.14829e-16 0.998449 -1.55652e-15 2.36888e-05 0.0024068
16.2 0.00153597 -9.05434e-16 0.998464 -1.62437e-15 -0.000517178 0.00233006
16.3 0.00152066 -8.96195e-16 0.998479 -1.68646e-15 -0.00102435 0.0021356
16.4 0.00150551 -8.8711e-16 0.998494 -1.72715e-15 -0.00147237 0.00183434
16.5 0.00149051 -8.78163e-16 0.998509 -1.76403e-15 -0.00183902 0.00144264
16.6 0.00147567 -8.69347e-16 0.998524 -1.83519e-15 -0.00210644 0.000981376
16.7 0.00146098 -8.60653e-16 0.998539 -1.89237e-15 -0.00226204 0.000474845
16.8 0.00144645 -8.52072e-16 0.998554 -1.93559e-15 -0.00229905 -5.05512e-05
16.9 0.00143205 -8.43594e-16 0.998568 -1.95445e-15 -0.00221687 -0.000567679
17 0.00141781 -8.35212e-16 0.998582 -2.01133e-15 -0.00202101 -0.00105008
17.1 0.0014037 -8.2692e-16 0.998596 -2.04733e-15 -0.00172275 -0.00147334
17.2 0.00138974 -8.18713e-16 0.99861 -2.09364e-15 -0.00133853 -0.00181632
17.3 0.00137591 -8.10587e-16 0.998624 -2.12948e-15 -0.000889035 -0.00206219
17.4 0.00136223 -8.0254e-16 0.998638 -2.19297e-15 -0.000398091 -0.00219932
17.5 0.00134867 -7.9457e-16 0.998651 -2.23905e-15 0.000108586 -0.00222174
17.6 0.00133526 -7.86677e-16 0.998665 -2.29198e-15 0.000604731 -0.00212947
17.7 0.00132197 -7.78859e-16 0.998678 -2.33791e-15 0.00106489 -0.00192843
17.8 0.00130882 -7.71116e-16 0.998691 -2.39416e-15 0.00146571 -0.00163006
17.9 0.0012958 -7.63448e-16 0.998704 -2.46074e-15 0.00178715 -0.0012507
18 0.0012829 -7.55854e-16 0.998717 -2.46833e-15 0.00201343 -0.000810689
18.1 0.00127014 -7.48335e-16 0.99873 -2.58673e-15 0.00213384 -0.000333296
18.2 0.0012575 -7.40889e-16 0.998742 -2.64269e-15 0.00214323 0.000156529
18.3 0.00124499 -7.33517e-16 0.998755 -2.66392e-15 0.00204223 0.000633441
18.4 0.0012326 -7.26218e-16 0.998767 -2.67122e-15 0.00183712 0.00107302
18.5 0.00122034 -7.18991e-16 0.99878 -2.67844e-15 0.00153949 0.00145299
18.6 0.00120819 -7.11836e-16 0.998792 -2.6856e-15 0.00116558 0.0017544
18.7 0.00119617 -7.04753e-16 0.998804 -2.69268e-15 0.000735402 0.00196251
18.8 0.00118427 -6.9774e-16 0.998816 -2.6997e-15 0.000271653 0.00206753
18.9 0.00117249 -6.90797e-16 0.998828 -2.70664e-15 -0.000201462 0.00206508
19 0.00116082 -6.83923e-16 0.998839 -2.71351e-15 -0.000659496 0.00195636
19.1 0.00114927 -6.77117e-16 0.998851 -2.72032e-15 -0.00107902 0.00174801
19.2 0.00113783 -6.7038e-16 0.998862 -2.72706e-15 -0.00143883 0.00145176
19.3 0.00112651 -6.63709e-16 0.998873 -2.73373e-15 -0.00172098 0.00108372
19.4 0.0011153 -6.57105e-16 0.998885 -2.74033e-15 -0.00191174 0.000663564
19.5 0.0011042 -6.50567e-16 0.998896 -2.74687e-15 -0.00200219 0.000213429
19.6 0.00109322 -6.44094e-16 0.998907 -2.75334e-15 -0.00198868 -0.000243213
19.7 0.00108234 -6.37685e-16 0.998918 -2.75975e-15 -0.00187292 -0.000682791
19.8 0.00107157 -6.3134e-16 0.998928 -2.7661e-15 -0.00166191 -0.00108285
19.9 0.00106091 -6.25058e-16 0.998939 -2.77238e-15 -0.00136745 -0.00142318
20 0.00105035 -6.18838e-16 0.99895 -2.7786e-15 -0.00100552 -0.00168687
