0 0 0 1 0 0 0
0.2 7.90411e-07 8.19939e-20 0.999999 -1.46923e-16 0.000210243 -0.000859376
0.4 4.10908e-06 -1.19907e-18 0.999996 -2.19039e-17 0.000841207 -0.00182251
0.6 1.17191e-05 -9.7836e-18 0.999988 1.85842e-17 0.00190622 -0.00277896
0.8 2.58135e-05 -2.03421e-17 0.999974 1.41184e-16 0.00337132 -0.00364967
1 4.90379e-05 -3.14642e-17 0.999951 1.71662e-16 0.00517611 -0.00440882
1.2 8.47306e-05 -4.77917e-17 0.999915 5.38378e-17 0.00726188 -0.00509371
1.4 0.000137607 -6.77343e-17 0.999862 6.19657e-17 0.00960067 -0.00580071
1.6 0.000215135 -8.78461e-17 0.999785 9.77406e-17 0.0122188 -0.00666854
1.8 0.000329789 -1.11544e-16 0.99967 1.51497e-16 0.0152099 -0.00785248
2 0.000502195 -1.36302e-16 0.999498 2.1235e-16 0.0187343 -0.00949527
2.2 0.000764949 -1.52934e-16 0.999235 2.63178e-16 0.0230051 -0.0117004
2.4 0.0011666 -1.34902e-16 0.998833 2.37555e-16 0.0282638 -0.014513
2.6 0.00177507 1.40409e-16 0.998225 -1.27677e-16 0.0347489 -0.0179115
2.8 0.00267967 4.83411e-16 0.99732 -5.16481e-16 0.0426649 -0.021811
3 0.003991 8.14605e-16 0.996009 -9.12255e-16 0.0521547 -0.0260761
3.2 0.00583822 1.35791e-15 0.994162 -1.57393e-15 0.0632803 -0.0305392
3.4 0.0083636 2.21641e-15 0.991636 -2.4961e-15 0.0760136 -0.0350217
3.6 0.0117146 1.02767e-15 0.988285 -1.28479e-15 0.0902367 -0.0393501
3.8 0.0160337 -4.82732e-16 0.983966 1.26346e-16 0.105749 -0.0433677
4 0.0214471 -7.12668e-16 0.978553 8.75228e-17 0.122281 -0.0469371
4.2 0.0280509 -3.27583e-15 0.971949 2.79454e-15 0.139501 -0.0499385
4.4 0.0358968 -3.08968e-15 0.964103 2.52594e-15 0.157033 -0.0522648
4.6 0.0449777 -4.44053e-16 0.955022 -3.23587e-16 0.174463 -0.0538202
4.8 0.0552134 5.97988e-16 0.944787 -1.30595e-15 0.191348 -0.0545243
5 0.0664422 3.14202e-16 0.933558 -1.38915e-15 0.207236 -0.0543258
5.2 0.0784212 -1.18055e-15 0.921579 7.20187e-16 0.221689 -0.053222
5.4 0.0908393 5.22069e-16 0.909161 -1.58282e-15 0.234313 -0.05128
5.6 0.103346 -1.20901e-15 0.896654 -1.4128e-16 0.244798 -0.048648
5.8 0.115593 5.80705e-15 0.884407 -5.49526e-15 0.252955 -0.0455478
6 0.127274 5.6648e-15 0.872726 -4.60119e-15 0.258743 -0.0422435
6.2 0.138164 -1.79774e-15 0.861836 1.42774e-15 0.262266 -0.038989
6.4 0.148123 3.19896e-15 0.851877 -2.3234e-15 0.263745 -0.0359688
6.6 0.157086 5.92394e-17 0.842914 6.73698e-16 0.263465 -0.0332537
6.8 0.165025 -5.3983e-15 0.834975 1.67769e-15 0.261706 -0.0307917
7 0.171907 -6.95586e-15 0.828093 4.40464e-15 0.258679 -0.0284397
7.2 0.177675 -5.15339e-15 0.822325 2.13809e-15 0.254499 -0.0260282
7.4 0.182246 -3.90301e-16 0.817754 -5.68537e-16 0.249189 -0.0234305
7.6 0.185543 1.5082e-16 0.814457 -3.3744e-16 0.242713 -0.0206118
7.8 0.187528 -2.44324e-15 0.812472 -1.30795e-15 0.235035 -0.0176365
8 0.188234 4.5817e-15 0.811766 -5.4261e-15 0.226159 -0.0146372
8.2 0.187767 4.1305e-15 0.812233 -4.75778e-15 0.216162 -0.011762
8.4 0.186293 -9.02335e-16 0.813707 7.80491e-18 0.205188 -0.00912313
8.6 0.184002 3.9721e-15 0.815998 -3.08272e-15 0.193423 -0.00676742
8.8 0.181084 8.23217e-16 0.818916 -1.34211e-15 0.18107 -0.00467479
9 0.177701 -2.4764e-15 0.822299 1.8793e-15 0.168312 -0.00278073
9.2 0.173986 -3.60843e-15 0.826014 2.34998e-15 0.155301 -0.00101053
9.4 0.170042 -1.54487e-15 0.829958 7.78383e-16 0.142156 0.000687674
9.6 0.165956 -9.49294e-16 0.834044 -7.00536e-16 0.128978 0.00232102
9.8 0.161805 -9.78028e-16 0.838195 -3.81902e-16 0.115863 0.00384568
10 0.157661 6.36415e-16 0.842339 -2.48183e-15 0.10293 0.00517628
10.2 0.153594 1.66949e-15 0.846406 -3.13796e-15 0.0903253 0.00620732
10.4 0.149663 1.48275e-15 0.850337 -2.86707e-15 0.078229 0.00684077
10.6 0.145913 1.65543e-15 0.854087 -2.70698e-15 0.0668433 0.00701323
10.8 0.142372 1.11329e-15 0.857628 -2.53797e-15 0.0563718 0.00671662
11 0.139046 1.47314e-15 0.860954 -2.54339e-15 0.0469918 0.00600733
11.2 0.135924 8.46239e-16 0.864076 -2.18948e-15 0.0388271 0.00500163
11.4 0.132982 8.95327e-16 0.867018 -2.02386e-15 0.0319257 0.00385773
11.6 0.13019 7.13903e-16 0.86981 -1.87692e-15 0.0262492 0.00274798
11.8 0.127518 7.02187e-16 0.872482 -1.88691e-15 0.0216766 0.00182727
12 0.124939 6.62624e-16 0.875061 -1.85734e-15 0.0180224 0.00120416
12.2 0.122432 6.04041e-16 0.877568 -1.81251e-15 0.0150663 0.000921574
12.4 0.119985 5.74978e-16 0.880015 -1.77125e-15 0.0125881 0.000950992
12.6 0.117591 5.28604e-16 0.882409 -1.74401e-15 0.0104015 0.00120177
12.8 0.115246 5.18451e-16 0.884754 -1.78596e-15 0.00837922 0.00154332
13 0.112949 5.04998e-16 0.887051 -1.67066e-15 0.00646547 0.00183525
13.2 0.1107 5.06238e-16 0.8893 -1.47867e-15 0.00467233 0.00195878
13.4 0.108499 5.03889e-16 0.891501 -1.36916e-15 0.00306273 0.00184249
13.6 0.106344 4.95799e-16 0.893656 -1.36363e-15 0.00172319 0.00147688
13.8 0.104235 4.86601e-16 0.895765 -1.39171e-15 0.000733299 0.000914694
14 0.10217 4.74921e-16 0.89783 -1.75917e-15 0.00013847 0.000257383
14.2 0.100147 4.6467e-16 0.899853 -1.87918e-15 -6.78694e-05 -0.000369136
14.4 0.0981643 4.54181e-16 0.901836 -1.91859e-15 5.10162e-05 -0.000843696
14.6 0.0962212 4.45319e-16 0.903779 -1.20769e-15 0.000384301 -0.00107746
14.8 0.0943164 4.35126e-16 0.905684 -9.42613e-16 0.000794164 -0.00103378
15 0.0924491 4.25974e-16 0.907551 -8.64953e-16 0.00114289 -0.000735925
15.2 0.0906186 4.16998e-16 0.909381 -9.71881e-16 0.00132025 -0.000261373
15.4 0.0888242 4.0839e-16 0.911176 -9.24553e-16 0.00126486 0.000276063
15.6 0.0870653 4.00483e-16 0.912935 -9.65396e-16 0.000974922 0.000751874
15.8 0.0853412 3.92848e-16 0.914659 -9.77128e-16 0.000505871 0.00105849
16 0.0836513 3.852e-16 0.916349 -9.94499e-16 -4.42632e-05 0.00112872
16.2 0.0819948 3.77667e-16 0.918005 -1.00609e-15 -0.000558438 0.000949754
16.4 0.0803712 3.70222e-16 0.919629 -9.9896e-16 -0.000927739 0.000564953
16.6 0.0787798 3.62896e-16 0.92122 -9.94892e-16 -0.00107604 6.30091e-05
16.8 0.0772198 3.55702e-16 0.92278 -1.01007e-15 -0.000976771 -0.000442688
17 0.0756908 3.48646e-16 0.924309 -9.83631e-16 -0.00065823 -0.000839818
17.2 0.074192 3.41732e-16 0.925808 -9.89599e-16 -0.000196505 -0.00104217
17.4 0.0727229 3.34958e-16 0.927277 -9.86027e-16 0.000302178 -0.00100839
17.6 0.0712829 3.28322e-16 0.928717 -9.79354e-16 0.000725552 -0.000750413
17.8 0.0698714 3.2182e-16 0.930129 -9.69689e-16 0.000980341 -0.000329854
18 0.0684878 3.15447e-16 0.931512 -9.76261e-16 0.00101263 0.000156622
18.2 0.0671317 3.09202e-16 0.932868 -9.63518e-16 0.000819104 0.000599442
18.4 0.0658024 3.03079e-16 0.934198 -9.63911e-16 0.000446872 0.00090076
18.6 0.0644994 2.97078e-16 0.935501 -9.57949e-16 -1.79911e-05 0.000996029
18.8 0.0632222 2.91196e-16 0.936778 -9.52073e-16 -0.000470321 0.000867768
19 0.0619704 2.8543e-16 0.93803 -9.46282e-16 -0.000809639 0.000548599
19.2 0.0607433 2.79778e-16 0.939257 -9.40599e-16 -0.000962452 0.000113067
19.4 0.0595405 2.74238e-16 0.94046 -9.35064e-16 -0.000898131 -0.000339723
19.6 0.0583615 2.68808e-16 0.941639 -9.29621e-16 -0.000634953 -0.000708621
19.8 0.0572059 2.63485e-16 0.942794 -9.24314e-16 -0.00023515 -0.000913
20 0.0560731 2.58268e-16 0.943927 -9.1912e-16 0.000209757 -0.000910337
