0 0 0 1 0 0 0
0.1 1.72581e-07 1.00918e-12 0.999914 5.89618e-06 4.84172e-05 -0.000412068
0.2 7.98343e-07 4.59784e-12 0.999913 5.89618e-06 0.000196424 -0.000869213
0.3 2.06347e-06 1.15862e-11 0.999912 5.89617e-06 0.000452342 -0.00135667
0.4 4.18607e-06 2.26473e-11 0.99991 5.89616e-06 0.000820845 -0.00185943
0.5 7.41507e-06 3.81322e-11 0.999907 5.89614e-06 0.001303 -0.00236321
0.6 1.20285e-05 5.78906e-11 0.999902 5.89612e-06 0.00189659 -0.00285543
0.7 1.83319e-05 8.11253e-11 0.999896 5.8961e-06 0.00259655 -0.00332609
0.8 2.66585e-05 1.06471e-10 0.999887 5.89607e-06 0.00339575 -0.0037685
0.9 3.73715e-05 1.31951e-10 0.999877 5.89604e-06 0.00428578 -0.00417981
1 5.08717e-05 1.55646e-10 0.999863 5.89602e-06 0.00525793 -0.00456136
1.1 6.76115e-05 1.76693e-10 0.999846 5.89599e-06 0.00630419 -0.00491877
1.2 8.8118e-05 1.96143e-10 0.999826 5.89597e-06 0.00741824 -0.00526173
1.3 0.000113028 2.17507e-10 0.999801 5.89595e-06 0.00859637 -0.00560374
1.4 0.000143136 2.50448e-10 0.999771 5.89592e-06 0.00983829 -0.00596141
1.5 0.00017946 3.09194e-10 0.999735 5.89588e-06 0.0111478 -0.00635376
1.6 0.000223315 4.16263e-10 0.999691 5.8958e-06 0.012533 -0.00680133
1.7 0.000276421 6.10687e-10 0.999638 5.89566e-06 0.0140069 -0.00732518
1.8 0.000341004 9.39098e-10 0.999573 5.89543e-06 0.0155871 -0.00794589
1.9 0.000419933 1.47125e-09 0.999494 5.89506e-06 0.0172957 -0.0086826
2 0.000516849 2.25982e-09 0.999397 5.8945e-06 0.0191585 -0.00955196
2.1 0.00063631 3.37096e-09 0.999278 5.8937e-06 0.021205 -0.0105674
2.2 0.000783937 4.84884e-09 0.99913 5.89261e-06 0.0234667 -0.0117383
2.3 0.000966529 6.74424e-09 0.998947 5.8912e-06 0.0259766 -0.0130697
2.4 0.0011922 9.13261e-09 0.998722 5.88943e-06 0.028768 -0.0145615
2.5 0.00147045 1.1992e-08 0.998443 5.88727e-06 0.0318731 -0.0162091
2.6 0.00181224 1.53557e-08 0.998101 5.88472e-06 0.0353221 -0.0180031
2.7 0.00223003 1.90693e-08 0.997684 5.88179e-06 0.0391422 -0.0199297
2.8 0.00273767 2.31735e-08 0.997176 5.87848e-06 0.0433563 -0.0219707
2.9 0.00335042 2.781e-08 0.996563 5.87477e-06 0.0479818 -0.024105
3 0.00408468 3.37902e-08 0.995829 5.87062e-06 0.0530304 -0.026309
3.1 0.00495798 4.05361e-08 0.994955 5.8658e-06 0.0585074 -0.0285577
3.2 0.00598866 4.89167e-08 0.993924 5.85999e-06 0.0644122 -0.0308255
3.3 0.00719567 6.09242e-08 0.992717 5.85246e-06 0.0707375 -0.0330863
3.4 0.00859822 7.51331e-08 0.991314 5.84253e-06 0.07747 -0.0353146
3.5 0.0102154 9.37371e-08 0.989696 5.82998e-06 0.0845893 -0.0374854
3.6 0.0120659 1.16983e-07 0.987846 5.81479e-06 0.0920698 -0.0395758
3.7 0.0141674 1.43799e-07 0.985744 5.79703e-06 0.09988 -0.0415644
3.8 0.0165366 1.73528e-07 0.983374 5.77721e-06 0.107984 -0.043432
3.9 0.0191885 2.06225e-07 0.980722 5.7565e-06 0.11634 -0.0451616
4 0.022136 2.45086e-07 0.977774 5.73611e-06 0.124905 -0.0467383
4.1 0.0253895 2.89659e-07 0.97452 5.71619e-06 0.13363 -0.0481488
4.2 0.0289567 3.37123e-07 0.970952 5.69576e-06 0.142466 -0.0493815
4.3 0.0328418 3.99967e-07 0.967066 5.67385e-06 0.151359 -0.050426
4.4 0.0370458 4.70601e-07 0.962861 5.64841e-06 0.160257 -0.0512738
4.5 0.0415653 5.53449e-07 0.95834 5.61723e-06 0.169102 -0.051917
4.6 0.0463928 6.71829e-07 0.953511 5.57886e-06 0.177841 -0.0523492
4.7 0.0515162 8.49919e-07 0.948385 5.52905e-06 0.186416 -0.052565
4.8 0.0569192 9.98302e-07 0.942981 5.46315e-06 0.194771 -0.0525613
4.9 0.0625804 1.23444e-06 0.937318 5.39028e-06 0.202849 -0.0523364
5 0.068473 1.44458e-06 0.931423 5.29312e-06 0.210596 -0.0518908
5.1 0.0745666 1.61208e-06 0.925328 5.17057e-06 0.217959 -0.0512288
5.2 0.0808263 1.75539e-06 0.919066 5.03855e-06 0.22489 -0.0503578
5.3 0.0872141 1.88085e-06 0.912676 4.89831e-06 0.231344 -0.049289
5.4 0.0936898 1.98462e-06 0.906198 4.74037e-06 0.23728 -0.0480378
5.5 0.100211 2.04955e-06 0.899675 4.57299e-06 0.242666 -0.046624
5.6 0.106737 2.21967e-06 0.893148 4.40086e-06 0.247477 -0.045071
5.7 0.113224 2.59954e-06 0.886658 4.2066e-06 0.251693 -0.0434044
5.8 0.119634 3.06769e-06 0.880245 3.99985e-06 0.255307 -0.0416524
5.9 0.125931 3.59507e-06 0.873945 3.80907e-06 0.258316 -0.039844
6 0.132085 4.13423e-06 0.86779 3.65014e-06 0.260727 -0.0380081
6.1 0.138066 4.56365e-06 0.861806 3.55313e-06 0.262553 -0.0361721
6.2 0.143853 4.89627e-06 0.856017 3.53182e-06 0.263817 -0.034361
6.3 0.149427 4.97448e-06 0.850439 3.59162e-06 0.264546 -0.0325955
6.4 0.154777 4.80259e-06 0.845086 3.74743e-06 0.264771 -0.0308906
6.5 0.159893 4.40216e-06 0.839965 3.98519e-06 0.264529 -0.0292537
6.6 0.164769 3.88108e-06 0.835084 4.27164e-06 0.263854 -0.0276848
6.7 0.169403 3.31591e-06 0.830447 4.57025e-06 0.262778 -0.0261771
6.8 0.17379 2.846e-06 0.826058 4.81333e-06 0.261331 -0.0247191
6.9 0.177925 2.57168e-06 0.821921 4.93081e-06 0.259537 -0.0232964
7 0.181802 2.51281e-06 0.818043 4.87506e-06 0.257416 -0.0218933
7.1 0.185416 2.76665e-06 0.814429 4.62531e-06 0.254984 -0.0204941
7.2 0.188759 3.26509e-06 0.811086 4.21595e-06 0.25225 -0.0190858
7.3 0.191823 3.81811e-06 0.808022 3.6942e-06 0.249222 -0.0176578
7.4 0.194602 4.39103e-06 0.805243 3.14384e-06 0.2459 -0.0162034
7.5 0.19709 4.80721e-06 0.802755 2.66439e-06 0.242287 -0.0147218
7.6 0.199284 4.93907e-06 0.800562 2.33095e-06 0.238379 -0.0132169
7.7 0.201185 4.87211e-06 0.798663 2.17001e-06 0.234176 -0.0116974
7.8 0.202794 4.48851e-06 0.797056 2.15929e-06 0.229678 -0.0101768
7.9 0.204119 4.05958e-06 0.795732 2.20353e-06 0.224889 -0.00867242
8 0.205171 3.81693e-06 0.79468 2.15107e-06 0.219816 -0.0072039
8.1 0.205968 3.87059e-06 0.793882 1.85972e-06 0.214474 -0.00579041
8.2 0.20653 4.13731e-06 0.79332 1.28016e-06 0.208881 -0.00444856
8.3 0.206882 4.5485e-06 0.792969 4.57103e-07 0.203059 -0.00319132
8.4 0.207046 5.12958e-06 0.792805 -4.88636e-07 0.197033 -0.00202705
8.5 0.207049 5.73728e-06 0.792805 -1.40999e-06 0.190829 -0.000959479
8.6 0.206912 6.13089e-06 0.792943 -2.15303e-06 0.184473 1.09463e-05
8.7 0.20666 6.26866e-06 0.793197 -2.58691e-06 0.177993 0.000886038
8.8 0.206312 6.00684e-06 0.793545 -2.62595e-06 0.171417 0.00167017
8.9 0.205887 5.45735e-06 0.793969 -2.27522e-06 0.164774 0.00237137
9 0.205404 4.84706e-06 0.794451 -1.63179e-06 0.158089 0.00300057
9.1 0.204877 4.34848e-06 0.794976 -8.30008e-07 0.151388 0.00357009
9.2 0.204319 4.16774e-06 0.795533 1.66968e-08 0.144689 0.00409252
9.3 0.203738 4.37845e-06 0.796111 8.33522e-07 0.138009 0.00457876
9.4 0.203145 4.96844e-06 0.796702 1.58045e-06 0.131362 0.00503562
9.5 0.202545 5.59045e-06 0.7973 2.24629e-06 0.124759 0.00546599
9.6 0.201944 6.14698e-06 0.797898 2.83071e-06 0.118214 0.00586856
9.7 0.201349 6.59806e-06 0.798491 3.33748e-06 0.111741 0.00623956
9.8 0.200765 7.01601e-06 0.799073 3.7657e-06 0.105353 0.00657391
9.9 0.200197 7.25036e-06 0.79964 4.11334e-06 0.0990669 0.00686593
10 0.19965 7.55959e-06 0.800186 4.3812e-06 0.0928962 0.0071085
10.1 0.199128 7.8673e-06 0.800708 4.57884e-06 0.086857 0.00729452
10.2 0.198635 8.09506e-06 0.801201 4.70727e-06 0.0809654 0.0074168
10.3 0.198175 8.08771e-06 0.801663 4.76423e-06 0.0752377 0.00746808
10.4 0.197748 7.71008e-06 0.802091 4.75276e-06 0.0696909 0.00744106
10.5 0.197357 7.28307e-06 0.802482 4.68174e-06 0.0643432 0.00732924
10.6 0.197002 6.65539e-06 0.802835 4.56745e-06 0.0592145 0.00712862
10.7 0.196685 5.87628e-06 0.80315 4.43543e-06 0.0543251 0.0068391
10.8 0.196407 5.18154e-06 0.803426 4.31429e-06 0.0496945 0.00646548
10.9 0.196166 4.6453e-06 0.803664 4.23088e-06 0.0453393 0.00601714
11 0.195963 4.12485e-06 0.803866 4.19994e-06 0.0412723 0.00550698
11.1 0.195794 3.63375e-06 0.804034 4.22186e-06 0.0375018 0.00495042
11.2 0.195656 3.21011e-06 0.804172 4.28393e-06 0.0340319 0.00436467
11.3 0.195545 2.94346e-06 0.804282 4.36822e-06 0.0308619 0.00376846
11.4 0.195458 2.78219e-06 0.804369 4.45882e-06 0.0279863 0.00318122
11.5 0.19539 2.64316e-06 0.804436 4.54752e-06 0.0253944 0.00262191
11.6 0.19534 2.46548e-06 0.804486 4.63454e-06 0.0230713 0.00210807
11.7 0.195305 2.25652e-06 0.804523 4.72381e-06 0.0209979 0.00165512
11.8 0.195279 2.02477e-06 0.80455 4.81699e-06 0.0191517 0.00127557
11.9 0.195262 1.64748e-06 0.80457 4.91113e-06 0.0175077 0.00097846
12 0.19525 1.31752e-06 0.804584 5.00053e-06 0.0160394 0.000768406
12.1 0.195241 1.14172e-06 0.804595 5.07776e-06 0.0147198 0.000646636
12.2 0.195235 9.80416e-07 0.804603 5.13668e-06 0.0135216 0.000610565
12.3 0.195228 7.66063e-07 0.804611 5.1748e-06 0.0124182 0.000653193
12.4 0.195222 5.66682e-07 0.804618 5.19369e-06 0.0113852 0.000763051
12.5 0.195214 4.71811e-07 0.804625 5.19779e-06 0.0104019 0.000924956
12.6 0.195207 4.29839e-07 0.804632 5.19238e-06 0.009452 0.00112143
12.7 0.195199 3.19338e-07 0.80464 5.1819e-06 0.00852387 0.00133402
12.8 0.195192 2.91118e-07 0.804647 5.16979e-06 0.00761027 0.00154423
12.9 0.195185 4.09305e-07 0.804654 5.15876e-06 0.00670806 0.00173415
13 0.195179 3.97234e-07 0.804661 5.15083e-06 0.00581836 0.00188689
13.1 0.195173 2.1544e-07 0.804667 5.1471e-06 0.00494652 0.00198746
13.2 0.195167 2.24317e-08 0.804673 5.14791e-06 0.00410184 0.00202383
13.3 0.195162 -3.44422e-08 0.804678 5.15305e-06 0.0032968 0.00198811
13.4 0.195157 5.34306e-08 0.804682 5.16183e-06 0.00254579 0.00187738
13.5 0.195153 2.27726e-07 0.804685 5.17322e-06 0.00186375 0.00169394
13.6 0.195149 5.17035e-07 0.804688 5.18585e-06 0.00126445 0.00144522
13.7 0.195145 8.69582e-07 0.80469 5.1983e-06 0.000759294 0.00114296
13.8 0.195142 1.12674e-06 0.804691 5.20946e-06 0.000356255 0.000802139
13.9 0.195139 1.22909e-06 0.804692 5.21858e-06 5.94251e-05 0.000439914
14 0.195139 1.0793e-06 0.804692 5.22538e-06 -0.000131192 7.4256e-05
14.1 0.195139 8.24149e-07 0.804692 5.23001e-06 -0.000219318 -0.000276731
14.2 0.19514 6.28349e-07 0.804692 5.23285e-06 -0.000212514 -0.000595527
14.3 0.195142 3.93116e-07 0.804691 5.23444e-06 -0.000122018 -0.000865982
14.4 0.195143 1.11654e-07 0.804691 5.23526e-06 3.74892e-05 -0.00107434
14.5 0.195144 -1.8053e-07 0.80469 5.23566e-06 0.000248483 -0.00121024
14.6 0.195145 -4.17203e-07 0.80469 5.23582e-06 0.000491556 -0.00126727
14.7 0.195145 -5.22856e-07 0.80469 5.23579e-06 0.000746457 -0.00124332
14.8 0.195145 -4.2626e-07 0.804689 5.23558e-06 0.000993008 -0.00114088
14.9 0.195145 -2.94582e-07 0.804689 5.23518e-06 0.00121237 -0.000966797
15 0.195145 -1.47638e-07 0.804689 5.23462e-06 0.00138789 -0.000731658
15.1 0.195146 -6.61517e-08 0.804689 5.23397e-06 0.00150581 -0.000449445
15.2 0.195147 -9.69159e-08 0.804689 5.23332e-06 0.00155616 -0.000136889
15.3 0.195149 -2.641e-07 0.804689 5.23275e-06 0.00153317 0.000187604
15.4 0.195151 -5.8983e-07 0.804689 5.2323e-06 0.00143557 0.000504982
15.5 0.195154 -1.00422e-06 0.804689 5.232e-06 0.00126677 0.000796521
15.6 0.195156 -1.35771e-06 0.804689 5.23183e-06 0.00103466 0.00104491
15.7 0.195159 -1.54479e-06 0.804689 5.23177e-06 0.00075132 0.00123534
15.8 0.195161 -1.6656e-06 0.804689 5.23179e-06 0.000432052 0.00135663
15.9 0.195163 -1.75571e-06 0.804689 5.23185e-06 9.43706e-05 0.0014019
16 0.195165 -1.92456e-06 0.804689 5.23194e-06 -0.000243179 0.00136881
16.1 0.195166 -1.99539e-06 0.804689 5.23202e-06 -0.000562261 0.00125958
16.2 0.195167 -1.96369e-06 0.804689 5.23209e-06 -0.000845705 0.0010806
16.3 0.195168 -1.96248e-06 0.804689 5.23214e-06 -0.00107841 0.000841996
16.4 0.195168 -2.044e-06 0.804689 5.23217e-06 -0.00124809 0.000556983
16.5 0.195168 -2.12601e-06 0.804689 5.23219e-06 -0.00134567 0.000241213
16.6 0.195168 -2.15598e-06 0.804689 5.23221e-06 -0.00136576 -8.78785e-05
16.7 0.195168 -2.1193e-06 0.804689 5.23222e-06 -0.0013073 -0.000411737
16.8 0.195168 -2.00617e-06 0.804689 5.23223e-06 -0.00117374 -0.000711922
16.9 0.195168 -1.89945e-06 0.804689 5.23224e-06 -0.000972842 -0.00097135
17 0.195169 -1.82785e-06 0.804689 5.23224e-06 -0.00071626 -0.00117525
17.1 0.195169 -1.79525e-06 0.804689 5.23225e-06 -0.000418822 -0.00131201
17.2 0.195169 -1.78558e-06 0.804689 5.23225e-06 -9.78044e-05 -0.00137405
17.3 0.195169 -1.79197e-06 0.804689 5.23225e-06 0.000228244 -0.00135824
17.4 0.195169 -1.78199e-06 0.804689 5.23225e-06 0.000540766 -0.0012659
17.5 0.195169 -1.79649e-06 0.804689 5.23224e-06 0.000822215 -0.00110271
17.6 0.19517 -1.79746e-06 0.804689 5.23224e-06 0.00105699 -0.000878155
17.7 0.19517 -1.78492e-06 0.804689 5.23224e-06 0.00123213 -0.000605132
17.8 0.19517 -1.81337e-06 0.804689 5.23224e-06 0.00133821 -0.000298993
17.9 0.19517 -1.85356e-06 0.804689 5.23223e-06 0.00136962 2.31866e-05
18 0.19517 -1.89165e-06 0.804689 5.23223e-06 0.00132484 0.000343604
18.1 0.19517 -1.90586e-06 0.804689 5.23223e-06 0.00120638 0.000644637
18.2 0.19517 -1.8898e-06 0.804689 5.23223e-06 0.00102065 0.000909695
18.3 0.19517 -1.83157e-06 0.804689 5.23223e-06 0.00077777 0.00112396
18.4 0.195169 -1.74065e-06 0.804689 5.23223e-06 0.000491083 0.00127526
18.5 0.195169 -1.68901e-06 0.804689 5.23223e-06 0.000176572 0.00135489
18.6 0.195169 -1.64634e-06 0.804689 5.23223e-06 -0.000148095 0.00135816
18.7 0.195169 -1.61503e-06 0.804689 5.23223e-06 -0.000464503 0.00128466
18.8 0.195169 -1.60227e-06 0.804689 5.23223e-06 -0.000754638 0.00113838
18.9 0.195169 -1.58885e-06 0.804689 5.23223e-06 -0.00100183 0.000927554
19 0.195168 -1.58052e-06 0.804689 5.23223e-06 -0.00119191 0.000664279
19.1 0.195168 -1.57706e-06 0.804689 5.23223e-06 -0.0013141 0.000363653
19.2 0.195168 -1.57832e-06 0.804689 5.23223e-06 -0.00136161 4.28562e-05
19.3 0.195168 -1.57877e-06 0.804689 5.23223e-06 -0.00133191 -0.000279881
19.4 0.195168 -1.57919e-06 0.804689 5.23223e-06 -0.00122681 -0.000586368
19.5 0.195168 -1.57941e-06 0.804689 5.23223e-06 -0.00105228 -0.000859291
19.6 0.195169 -1.57953e-06 0.804689 5.23223e-06 -0.000818188 -0.00108316
19.7 0.195169 -1.57958e-06 0.804689 5.23223e-06 -0.00053784 -0.0012452
19.8 0.195169 -1.57966e-06 0.804689 5.23223e-06 -0.000227206 -0.00133621
19.9 0.195169 -1.57966e-06 0.804689 5.23223e-06 9.60217e-05 -0.00135106
20 0.195169 -1.57966e-06 0.804689 5.23223e-06 0.000413492 -0.00128901
