0 0 0 1 0 0 0
0.1 1.7232e-07 2.23441e-16 1 3.93522e-11 4.84033e-05 -0.000412283
0.2 7.95904e-07 8.60947e-16 0.999999 1.18024e-10 0.000196499 -0.000870225
0.3 2.05343e-06 5.40376e-15 0.999998 1.47492e-10 0.000452895 -0.00135952
0.4 4.15772e-06 9.33479e-14 0.999996 -1.98847e-10 0.000822752 -0.00186565
0.5 7.35078e-06 3.17686e-12 0.999993 -1.93182e-10 0.00130787 -0.00237481
0.6 1.19025e-05 1.17725e-11 0.999988 -1.70173e-10 0.00190698 -0.00287484
0.7 1.81097e-05 1.92814e-11 0.999982 -2.87135e-10 0.00261626 -0.00335603
0.8 2.62969e-05 1.47562e-11 0.999974 -5.31947e-10 0.00343003 -0.00381168
0.9 3.68183e-05 -5.2012e-13 0.999963 -5.61575e-10 0.00434147 -0.00423866
1 5.00652e-05 -2.12088e-11 0.99995 -3.98249e-10 0.00534355 -0.00463753
1.1 6.64776e-05 -4.43429e-11 0.999934 -5.38811e-10 0.00642988 -0.00501272
1.2 8.65641e-05 -6.54816e-11 0.999913 -9.31949e-10 0.00759556 -0.00537228
1.3 0.000110931 -7.87085e-11 0.999889 -1.74789e-09 0.008838 -0.00572759
1.4 0.000140323 -8.44773e-11 0.99986 -2.53561e-09 0.0101576 -0.00609291
1.5 0.000175676 -7.40767e-11 0.999824 -2.15723e-09 0.0115581 -0.0064847
1.6 0.00021819 -4.68433e-11 0.999782 -1.74659e-09 0.0130476 -0.0069209
1.7 0.000269403 -5.00985e-12 0.999731 -3.69765e-09 0.0146378 -0.0074202
1.8 0.000331296 4.38842e-11 0.999669 -2.87365e-09 0.0163452 -0.0080011
1.9 0.000406397 8.30071e-11 0.999594 -2.28291e-09 0.0181897 -0.00868114
2 0.000497904 1.0407e-10 0.999502 -2.04077e-09 0.0201955 -0.00947602
2.1 0.000609806 1.09942e-10 0.99939 -1.53788e-09 0.0223895 -0.0103989
2.2 0.000747006 9.78878e-11 0.999253 -1.85937e-09 0.0248015 -0.0114596
2.3 0.000915444 7.0844e-11 0.999085 -2.03451e-09 0.0274629 -0.0126643
2.4 0.0011222 4.50946e-11 0.998878 -2.59714e-09 0.0304056 -0.0140148
2.5 0.00137556 4.49219e-11 0.998624 -4.01795e-09 0.0336617 -0.0155088
2.6 0.00168508 7.80684e-11 0.998315 -6.05851e-09 0.0372618 -0.0171392
2.7 0.00206162 1.28388e-10 0.997938 -7.92675e-09 0.0412344 -0.0188949
2.8 0.00251724 2.31947e-10 0.997483 -9.15059e-09 0.0456046 -0.0207606
2.9 0.00306518 3.9518e-10 0.996935 -9.64639e-09 0.0503937 -0.0227174
3 0.0037197 5.67503e-10 0.99628 -9.86506e-09 0.055618 -0.0247432
3.1 0.00449587 6.1742e-10 0.995504 -1.02574e-08 0.0612885 -0.0268136
3.2 0.00540933 5.7368e-10 0.994591 -8.93211e-09 0.0674101 -0.0289022
3.3 0.00647597 6.43041e-10 0.993524 -7.22812e-09 0.0739815 -0.0309815
3.4 0.00771156 7.98816e-10 0.992288 -5.09401e-09 0.0809953 -0.0330231
3.5 0.00913137 1.00906e-09 0.990869 -2.79739e-09 0.0884371 -0.0349988
3.6 0.0107497 1.10754e-09 0.98925 5.34817e-10 0.0962866 -0.0368809
3.7 0.0125793 5.50317e-10 0.987421 4.85577e-09 0.104517 -0.0386425
3.8 0.0146311 -1.04941e-09 0.985369 1.20919e-08 0.113096 -0.0402581
3.9 0.0169134 -3.03319e-09 0.983087 1.93644e-08 0.121985 -0.0417039
4 0.0194319 -4.62248e-09 0.980568 2.7105e-08 0.131142 -0.0429581
4.1 0.0221883 -4.99102e-09 0.977812 3.45574e-08 0.140518 -0.0440013
4.2 0.0251808 -4.34573e-09 0.974819 4.15629e-08 0.150063 -0.0448165
4.3 0.0284033 -3.47027e-09 0.971597 4.73053e-08 0.15972 -0.0453899
4.4 0.0318449 -2.81069e-09 0.968155 5.23552e-08 0.169433 -0.0457107
4.5 0.0354905 -1.43497e-09 0.96451 5.51187e-08 0.179142 -0.0457714
4.6 0.0393196 1.26291e-09 0.96068 5.95237e-08 0.188788 -0.0455686
4.7 0.0433076 5.40729e-09 0.956692 5.99996e-08 0.198308 -0.0451031
4.8 0.0474253 1.09861e-08 0.952575 5.98822e-08 0.207645 -0.0443798
4.9 0.0516396 1.7406e-08 0.948361 6.08778e-08 0.216741 -0.0434087
5 0.0559143 2.18554e-08 0.944086 5.46812e-08 0.225541 -0.0422046
5.1 0.060211 2.13725e-08 0.939789 5.77778e-08 0.233996 -0.0407872
5.2 0.06449 1.3763e-08 0.93551 6.92525e-08 0.24206 -0.0391808
5.3 0.0687114 1.16768e-09 0.931289 8.44117e-08 0.249695 -0.0374144
5.4 0.0728369 -9.14218e-09 0.927163 1.05438e-07 0.25687 -0.0355202
5.5 0.0768301 -1.50288e-08 0.92317 1.12496e-07 0.263562 -0.0335334
5.6 0.0806588 -1.93325e-08 0.919341 1.06737e-07 0.269755 -0.0314903
5.7 0.084295 -2.74252e-08 0.915705 1.02875e-07 0.275443 -0.0294269
5.8 0.0877163 -4.15222e-08 0.912284 1.05667e-07 0.280628 -0.0273773
5.9 0.0909056 -5.65877e-08 0.909095 1.21483e-07 0.285318 -0.0253715
6 0.0938516 -5.52597e-08 0.906149 1.28467e-07 0.289528 -0.0234342
6.1 0.096548 -2.6363e-08 0.903452 1.06544e-07 0.293278 -0.0215826
6.2 0.0989926 1.70995e-08 0.901008 5.87332e-08 0.296592 -0.019826
6.3 0.101186 4.89358e-08 0.898814 2.68141e-08 0.299492 -0.0181645
6.4 0.103131 5.75397e-08 0.896869 3.5921e-08 0.302003 -0.0165897
6.5 0.104828 5.63471e-08 0.895172 5.49834e-08 0.304143 -0.0150852
6.6 0.106279 6.84926e-08 0.893721 6.15426e-08 0.305927 -0.0136281
6.7 0.107481 1.00186e-07 0.892519 4.53311e-08 0.307366 -0.0121911
6.8 0.108429 1.66176e-07 0.891571 6.38925e-09 0.308462 -0.0107449
6.9 0.109114 2.54107e-07 0.890887 -5.16168e-08 0.309212 -0.00926083
7 0.109523 3.3405e-07 0.890477 -1.07249e-07 0.309604 -0.00771323
7.1 0.109642 3.90628e-07 0.890358 -1.47056e-07 0.309625 -0.00608177
7.2 0.109457 4.18356e-07 0.890543 -1.53807e-07 0.309255 -0.00435311
7.3 0.108952 4.28293e-07 0.891048 -1.48234e-07 0.308473 -0.00252187
7.4 0.108115 4.39758e-07 0.891885 -1.52316e-07 0.307258 -0.000590784
7.5 0.106938 4.71819e-07 0.893062 -1.66014e-07 0.305591 0.00142984
7.6 0.105417 5.26511e-07 0.894583 -1.94815e-07 0.303456 0.00352328
7.7 0.103556 5.92337e-07 0.896444 -2.2725e-07 0.30084 0.00566812
7.8 0.101362 6.61863e-07 0.898638 -2.65339e-07 0.297737 0.00784024
7.9 0.0988526 7.48197e-07 0.901148 -3.27812e-07 0.294147 0.0100149
8 0.0960473 8.62163e-07 0.903953 -4.31748e-07 0.290075 0.0121684
8.1 0.0929729 1.02517e-06 0.907027 -6.01426e-07 0.285531 0.01428
8.2 0.0896591 1.25574e-06 0.910341 -8.48674e-07 0.28053 0.0163326
8.3 0.0861383 1.51484e-06 0.913862 -1.1284e-06 0.275088 0.0183137
8.4 0.0824444 1.74894e-06 0.917555 -1.37057e-06 0.269227 0.0202151
8.5 0.0786115 1.92161e-06 0.921388 -1.54883e-06 0.262967 0.0220324
8.6 0.0746732 1.98639e-06 0.925327 -1.6282e-06 0.256331 0.0237645
8.7 0.0706616 1.93373e-06 0.929338 -1.59056e-06 0.249339 0.0254122
8.8 0.0666074 1.80814e-06 0.933393 -1.47076e-06 0.242014 0.0269775
8.9 0.0625392 1.67073e-06 0.937461 -1.34088e-06 0.234376 0.0284617
9 0.0584838 1.5664e-06 0.941516 -1.23574e-06 0.226445 0.0298646
9.1 0.0544661 1.52021e-06 0.945534 -1.19001e-06 0.218243 0.0311836
9.2 0.0505092 1.50175e-06 0.949491 -1.17174e-06 0.209789 0.0324129
9.3 0.046635 1.47043e-06 0.953365 -1.15038e-06 0.201109 0.0335433
9.4 0.0428639 1.39995e-06 0.957136 -1.09917e-06 0.192226 0.0345622
9.5 0.039215 1.32352e-06 0.960785 -1.05036e-06 0.183169 0.0354541
9.6 0.035706 1.3193e-06 0.964294 -1.07154e-06 0.173971 0.036201
9.7 0.032353 1.43521e-06 0.967647 -1.20865e-06 0.164668 0.0367833
9.8 0.0291706 1.63969e-06 0.970829 -1.43199e-06 0.155301 0.0371811
9.9 0.0261713 1.86298e-06 0.973828 -1.66796e-06 0.145915 0.0373752
10 0.0233656 2.04756e-06 0.976634 -1.85294e-06 0.136558 0.0373482
10.1 0.0207615 2.17714e-06 0.979238 -1.974e-06 0.127283 0.0370861
10.2 0.0183644 2.2766e-06 0.981635 -2.06729e-06 0.118145 0.0365791
10.3 0.0161768 2.38495e-06 0.983823 -2.17175e-06 0.1092 0.035823
10.4 0.0141983 2.53473e-06 0.985801 -2.32055e-06 0.100504 0.0348194
10.5 0.0124254 2.72614e-06 0.987574 -2.51586e-06 0.0921117 0.033577
10.6 0.010852 2.88403e-06 0.989147 -2.68169e-06 0.0840746 0.032111
10.7 0.00946952 2.9111e-06 0.99053 -2.71848e-06 0.0764397 0.0304436
10.8 0.00826726 2.80468e-06 0.991732 -2.61931e-06 0.0692481 0.0286035
10.9 0.00723263 2.64514e-06 0.992767 -2.46598e-06 0.0625332 0.0266247
11 0.00635168 2.5603e-06 0.993648 -2.38186e-06 0.05632 0.0245462
11.1 0.00560942 2.64573e-06 0.99439 -2.46486e-06 0.0506239 0.02241
11.2 0.00499035 2.87723e-06 0.995009 -2.6858e-06 0.0454504 0.02026
11.3 0.00447898 3.16735e-06 0.99552 -2.963e-06 0.040795 0.0181404
11.4 0.00406022 3.45726e-06 0.995939 -3.23851e-06 0.0366431 0.0160939
11.5 0.00371984 3.72705e-06 0.996279 -3.49547e-06 0.0329708 0.0141597
11.6 0.00344473 3.95245e-06 0.996554 -3.71172e-06 0.0297456 0.0123727
11.7 0.00322298 4.17608e-06 0.996776 -3.93116e-06 0.0269283 0.0107614
11.8 0.00304406 4.41788e-06 0.996955 -4.17299e-06 0.0244737 0.00934742
11.9 0.00289898 4.67471e-06 0.9971 -4.43508e-06 0.0223332 0.00814404
12 0.00278014 4.95914e-06 0.997219 -4.72539e-06 0.0204559 0.00715633
12.1 0.0026813 5.24912e-06 0.997318 -5.01787e-06 0.0187915 0.00638085
12.2 0.00259744 5.48287e-06 0.997402 -5.2503e-06 0.0172912 0.00580607
12.3 0.00252473 5.60339e-06 0.997474 -5.36482e-06 0.0159103 0.0054131
12.4 0.00246029 5.5882e-06 0.997539 -5.34083e-06 0.0146091 0.00517675
12.5 0.00240208 5.47924e-06 0.997597 -5.22202e-06 0.0133549 0.00506687
12.6 0.00234874 5.35192e-06 0.99765 -5.07945e-06 0.012122 0.00504998
12.7 0.00229933 5.27672e-06 0.9977 -4.98975e-06 0.0108931 0.00509081
12.8 0.00225336 5.29593e-06 0.997746 -5.00537e-06 0.00965878 0.00515428
12.9 0.00221053 5.36244e-06 0.997789 -5.07228e-06 0.0084178 0.00520708
13 0.0021706 5.45902e-06 0.997828 -5.16841e-06 0.00717599 0.00521927
13.1 0.00213339 5.56729e-06 0.997866 -5.27712e-06 0.00594553 0.00516567
13.2 0.00209881 5.64878e-06 0.9979 -5.3585e-06 0.0047437 0.00502702
13.3 0.00206681 5.68464e-06 0.997932 -5.39207e-06 0.0035913 0.00479082
13.4 0.00203732 5.73213e-06 0.997962 -5.43675e-06 0.00251111 0.00445162
13.5 0.00201026 5.84439e-06 0.997989 -5.54423e-06 0.00152614 0.00401129
13.6 0.00198542 5.97758e-06 0.998014 -5.67478e-06 0.000658109 0.0034786
13.7 0.00196253 6.03396e-06 0.998036 -5.72679e-06 -7.41179e-05 0.00286865
13.8 0.00194128 5.9525e-06 0.998058 -5.64228e-06 -0.00065583 0.00220185
13.9 0.0019213 5.74394e-06 0.998078 -5.43116e-06 -0.00107753 0.0015027
14 0.00190221 5.46489e-06 0.998097 -5.15116e-06 -0.00133571 0.000798348
14.1 0.00188373 5.16709e-06 0.998115 -4.85371e-06 -0.00143326 0.000117036
14.2 0.00186577 4.90526e-06 0.998133 -4.59269e-06 -0.00137948 -0.0005135
14.3 0.00184823 4.61974e-06 0.998151 -4.30849e-06 -0.00118977 -0.00106753
14.4 0.00183095 4.29424e-06 0.998168 -3.98386e-06 -0.000885025 -0.00152279
14.5 0.00181382 4.00672e-06 0.998185 -3.69552e-06 -0.000490555 -0.00186167
14.6 0.00179671 3.82394e-06 0.998202 -3.51169e-06 -3.49996e-05 -0.00207214
14.7 0.00177954 3.72301e-06 0.998219 -3.40999e-06 0.000451176 -0.00214851
14.8 0.00176226 3.66855e-06 0.998236 -3.35544e-06 0.000937099 -0.00209159
14.9 0.00174495 3.65089e-06 0.998254 -3.33794e-06 0.00139297 -0.00190862
15 0.0017277 3.68801e-06 0.998271 -3.37594e-06 0.00179148 -0.00161296
15.1 0.00171063 3.78048e-06 0.998288 -3.469e-06 0.00210918 -0.00122339
15.2 0.0016938 3.90577e-06 0.998305 -3.59586e-06 0.00232754 -0.000763069
15.3 0.00167717 4.00431e-06 0.998321 -3.696e-06 0.00243388 -0.000258371
15.4 0.0016607 4.05285e-06 0.998338 -3.74576e-06 0.00242178 0.00026251
15.5 0.00164431 4.05991e-06 0.998354 -3.75294e-06 0.0022914 0.000771012
15.6 0.00162797 4.027e-06 0.998371 -3.71939e-06 0.00204935 0.00123968
15.7 0.00161177 3.97272e-06 0.998387 -3.66453e-06 0.00170823 0.00164358
15.8 0.00159569 3.9381e-06 0.998403 -3.62947e-06 0.00128585 0.00196154
15.9 0.00157977 3.94889e-06 0.998419 -3.64061e-06 0.000804251 0.0021772
16 0.00156403 4.00427e-06 0.998434 -3.69666e-06 0.000288479 0.00227978
16.1 0.0015485 4.09848e-06 0.99845 -3.79173e-06 -0.000234792 0.00226461
16.2 0.00153314 4.20869e-06 0.998465 -3.90164e-06 -0.00073864 0.00213328
16.3 0.00151791 4.27954e-06 0.998481 -3.97186e-06 -0.00119735 0.00189347
16.4 0.00150277 4.30247e-06 0.998496 -3.99372e-06 -0.00158771 0.00155852
16.5 0.00148771 4.28827e-06 0.998511 -3.97897e-06 -0.0018903 0.00114661
16.6 0.00147273 4.28091e-06 0.998526 -3.97185e-06 -0.0020904 0.00067983
16.7 0.00145785 4.2881e-06 0.998541 -3.97908e-06 -0.0021787 0.000182928
16.8 0.00144314 4.28994e-06 0.998555 -3.98072e-06 -0.00215188 -0.000317985
16.9 0.00142861 4.30753e-06 0.99857 -3.99817e-06 -0.00201264 -0.000796849
17 0.00141422 4.3495e-06 0.998584 -4.04044e-06 -0.00176938 -0.00122896
17.1 0.0014 4.39923e-06 0.998598 -4.09154e-06 -0.00143591 -0.00159231
17.2 0.0013859 4.42243e-06 0.998612 -4.11603e-06 -0.00103061 -0.00186869
17.3 0.00137183 4.40506e-06 0.998626 -4.09947e-06 -0.000575384 -0.00204459
17.4 0.00135777 4.35596e-06 0.998641 -4.05079e-06 -9.4547e-05 -0.00211187
17.5 0.00134375 4.3085e-06 0.998655 -4.00294e-06 0.000386541 -0.0020681
17.6 0.00132994 4.27086e-06 0.998668 -3.96454e-06 0.000842744 -0.00191671
17.7 0.00131645 4.20276e-06 0.998682 -3.89563e-06 0.00125049 -0.00166666
17.8 0.00130324 4.08346e-06 0.998695 -3.77587e-06 0.001589 -0.00133202
17.9 0.00129029 3.90217e-06 0.998708 -3.5944e-06 0.00184127 -0.000931089
18 0.00127761 3.66149e-06 0.998721 -3.35382e-06 0.00199496 -0.000485484
18.1 0.00126511 3.41766e-06 0.998733 -3.11012e-06 0.00204302 -1.89292e-05
18.2 0.00125271 3.23536e-06 0.998745 -2.92756e-06 0.001984 0.000444033
18.3 0.00124036 3.15716e-06 0.998758 -2.84927e-06 0.00182203 0.000879253
18.4 0.00122799 3.19091e-06 0.99877 -2.883e-06 0.00156658 0.00126426
18.5 0.00121567 3.26899e-06 0.998782 -2.96083e-06 0.00123191 0.00157945
18.6 0.00120343 3.2903e-06 0.998795 -2.98209e-06 0.000836304 0.00180907
18.7 0.00119134 3.25808e-06 0.998807 -2.94993e-06 0.000401067 0.00194202
18.8 0.00117952 3.1861e-06 0.998819 -2.87811e-06 -5.07355e-05 0.00197236
18.9 0.00116782 3.04581e-06 0.99883 -2.73793e-06 -0.000495397 0.00189951
19 0.00115607 2.87222e-06 0.998842 -2.56444e-06 -0.000909832 0.00172833
19.1 0.00114431 2.67833e-06 0.998854 -2.37068e-06 -0.00127272 0.00146868
19.2 0.00113255 2.48383e-06 0.998865 -2.17627e-06 -0.00156558 0.0011349
19.3 0.00112057 2.34197e-06 0.998877 -2.03424e-06 -0.00177388 0.000745232
19.4 0.00110849 2.2625e-06 0.99889 -1.95487e-06 -0.00188757 0.00032057
19.5 0.00109669 2.23624e-06 0.998901 -1.92869e-06 -0.00190155 -0.000116654
19.6 0.00108566 2.25158e-06 0.998912 -1.9441e-06 -0.00181605 -0.000543462
19.7 0.00107573 2.29723e-06 0.998922 -1.98978e-06 -0.00163657 -0.000937636
19.8 0.00106616 2.31763e-06 0.998932 -2.01019e-06 -0.00137346 -0.0012789
19.9 0.00105632 2.25533e-06 0.998942 -1.94789e-06 -0.00104124 -0.00155
20 0.00104521 2.12072e-06 0.998953 -1.81329e-06 -0.000657886 -0.0017374
