0 0 0 1 0 0 0
0.1 1.71699e-07 1.0038e-12 0.999914 5.89618e-06 4.82543e-05 -0.000411018
0.2 7.90611e-07 4.55252e-12 0.999913 5.89618e-06 0.000195143 -0.000865071
0.3 2.03464e-06 1.14235e-11 0.999912 5.89617e-06 0.000448026 -0.00134757
0.4 4.11085e-06 2.22412e-11 0.99991 5.89616e-06 0.000810666 -0.00184395
0.5 7.25447e-06 3.73115e-11 0.999907 5.89614e-06 0.00128336 -0.00234067
0.6 1.17275e-05 5.64595e-11 0.999902 5.89612e-06 0.00186332 -0.00282612
0.7 1.7818e-05 7.89022e-11 0.999896 5.8961e-06 0.00254521 -0.0032914
0.8 2.58412e-05 1.03344e-10 0.999888 5.89608e-06 0.00332191 -0.003731
0.9 3.61431e-05 1.27943e-10 0.999878 5.89605e-06 0.00418534 -0.00414322
1 4.91103e-05 1.50974e-10 0.999865 5.89602e-06 0.00512745 -0.00453042
1.1 6.51849e-05 1.71782e-10 0.999849 5.896e-06 0.00614113 -0.00489902
1.2 8.48898e-05 1.91585e-10 0.999829 5.89597e-06 0.00722116 -0.00525928
1.3 0.000108864 2.13974e-10 0.999805 5.89595e-06 0.00836505 -0.00562486
1.4 0.000137912 2.48378e-10 0.999776 5.89592e-06 0.00957371 -0.0060122
1.5 0.000173064 3.08428e-10 0.999741 5.89587e-06 0.010852 -0.00643978
1.6 0.000215656 4.15545e-10 0.999698 5.89579e-06 0.0122091 -0.00692724
1.7 0.000267421 6.06746e-10 0.999647 5.89565e-06 0.0136586 -0.00749448
1.8 0.000330593 9.25982e-10 0.999583 5.89542e-06 0.0152183 -0.00816068
1.9 0.000408031 1.43891e-09 0.999506 5.89505e-06 0.0169099 -0.00894353
2 0.000503336 2.1945e-09 0.999411 5.89451e-06 0.018759 -0.0098582
2.1 0.000620986 3.25405e-09 0.999293 5.89374e-06 0.0207936 -0.0109168
2.2 0.000766468 4.65669e-09 0.999147 5.8927e-06 0.0230439 -0.0121277
2.3 0.000946381 6.44771e-09 0.998968 5.89136e-06 0.025541 -0.013495
2.4 0.00116856 8.69545e-09 0.998745 5.88969e-06 0.0283159 -0.0150188
2.5 0.00144213 1.13832e-08 0.998472 5.88766e-06 0.0313986 -0.0166947
2.6 0.00177762 1.45429e-08 0.998136 5.88527e-06 0.0348171 -0.0185141
2.7 0.00218691 1.8029e-08 0.997727 5.88254e-06 0.0385966 -0.0204647
2.8 0.00268325 2.18811e-08 0.99723 5.87944e-06 0.0427582 -0.0225306
2.9 0.00328118 2.62373e-08 0.996632 5.87597e-06 0.0473179 -0.0246931
3 0.00399638 3.18524e-08 0.995917 5.87207e-06 0.0522869 -0.0269314
3.1 0.00484562 3.81826e-08 0.995068 5.86753e-06 0.0576705 -0.0292239
3.2 0.0058465 4.60731e-08 0.994066 5.86207e-06 0.0634689 -0.031548
3.3 0.00701731 5.74306e-08 0.992895 5.85495e-06 0.0696763 -0.0338809
3.4 0.00837667 7.08572e-08 0.991536 5.84558e-06 0.0762818 -0.0361997
3.5 0.00994326 8.84844e-08 0.989969 5.83373e-06 0.0832681 -0.0384821
3.6 0.0117354 1.10459e-07 0.988176 5.81939e-06 0.0906132 -0.0407069
3.7 0.0137709 1.3574e-07 0.98614 5.80266e-06 0.0982899 -0.0428537
3.8 0.0160664 1.63692e-07 0.983844 5.78402e-06 0.106266 -0.0449036
3.9 0.0186373 1.94429e-07 0.981273 5.76461e-06 0.114506 -0.0468388
4 0.0214969 2.30876e-07 0.978413 5.74556e-06 0.12297 -0.0486429
4.1 0.0246562 2.72557e-07 0.975253 5.72706e-06 0.131614 -0.0503001
4.2 0.0281236 3.16814e-07 0.971785 5.70819e-06 0.140393 -0.0517953
4.3 0.0319039 3.75847e-07 0.968004 5.6881e-06 0.149255 -0.0531138
4.4 0.0359984 4.42488e-07 0.963909 5.66489e-06 0.15815 -0.0542428
4.5 0.0404041 5.21147e-07 0.959502 5.63649e-06 0.167024 -0.055169
4.6 0.0451134 6.33079e-07 0.954791 5.60154e-06 0.175821 -0.055881
4.7 0.0501139 8.00965e-07 0.949788 5.55635e-06 0.184485 -0.0563685
4.8 0.0553882 9.39227e-07 0.944512 5.49701e-06 0.192957 -0.0566236
4.9 0.0609137 1.1592e-06 0.938985 5.43201e-06 0.201178 -0.0566407
5 0.0666618 1.35346e-06 0.933235 5.346e-06 0.209092 -0.0564174
5.1 0.0725999 1.50485e-06 0.927295 5.23803e-06 0.216642 -0.0559558
5.2 0.078691 1.63161e-06 0.921202 5.12297e-06 0.223776 -0.0552624
5.3 0.0848943 1.73922e-06 0.914997 5.00175e-06 0.230446 -0.0543487
5.4 0.0911672 1.82742e-06 0.908722 4.86471e-06 0.236608 -0.0532316
5.5 0.0974653 1.87918e-06 0.902422 4.71855e-06 0.242228 -0.0519337
5.6 0.103745 2.03373e-06 0.896141 4.56679e-06 0.247277 -0.0504815
5.7 0.109962 2.38875e-06 0.889921 4.39287e-06 0.251737 -0.0489049
5.8 0.116079 2.82681e-06 0.883801 4.20651e-06 0.255599 -0.0472363
5.9 0.122058 3.31879e-06 0.877819 4.03462e-06 0.258861 -0.0455091
6 0.12787 3.81976e-06 0.872005 3.89253e-06 0.261533 -0.0437558
6.1 0.133488 4.2168e-06 0.866385 3.81011e-06 0.263632 -0.0420067
6.2 0.138891 4.51986e-06 0.860979 3.80135e-06 0.26518 -0.0402885
6.3 0.144065 4.575e-06 0.855803 3.87288e-06 0.26621 -0.0386222
6.4 0.148996 4.38829e-06 0.850867 4.04014e-06 0.266755 -0.0370221
6.5 0.15368 3.9846e-06 0.846179 4.28937e-06 0.266853 -0.0354936
6.6 0.158112 3.47022e-06 0.841744 4.58668e-06 0.266541 -0.0340337
6.7 0.162287 2.92097e-06 0.837565 4.89497e-06 0.265852 -0.0326319
6.8 0.166201 2.45336e-06 0.833648 5.1482e-06 0.264815 -0.0312728
6.9 0.169849 2.18125e-06 0.829999 5.28036e-06 0.263453 -0.0299379
7 0.173222 2.11866e-06 0.826624 5.24672e-06 0.261784 -0.0286074
7.1 0.176311 2.36584e-06 0.823535 5.02857e-06 0.25982 -0.0272627
7.2 0.179106 2.84047e-06 0.82074 4.65853e-06 0.257567 -0.0258885
7.3 0.181595 3.36839e-06 0.81825 4.17899e-06 0.255027 -0.0244731
7.4 0.183768 3.91974e-06 0.816077 3.66492e-06 0.252201 -0.0230094
7.5 0.185617 4.32951e-06 0.814228 3.20636e-06 0.249083 -0.0214973
7.6 0.187135 4.48434e-06 0.812711 2.87445e-06 0.245668 -0.019942
7.7 0.18832 4.4594e-06 0.811527 2.69845e-06 0.241954 -0.0183539
7.8 0.189173 4.13682e-06 0.810675 2.6652e-06 0.237937 -0.0167482
7.9 0.1897 3.76679e-06 0.810148 2.69262e-06 0.23362 -0.0151434
8 0.189912 3.55343e-06 0.809936 2.64694e-06 0.229008 -0.01356
8.1 0.189826 3.58298e-06 0.810021 2.40168e-06 0.224115 -0.0120173
8.2 0.189462 3.78707e-06 0.810384 1.91427e-06 0.218956 -0.0105316
8.3 0.188843 4.10515e-06 0.811003 1.22658e-06 0.213552 -0.00911538
8.4 0.187995 4.5594e-06 0.811852 4.49085e-07 0.207926 -0.007776
8.5 0.186941 5.00899e-06 0.812908 -2.85123e-07 0.2021 -0.00651622
8.6 0.185705 5.2521e-06 0.814145 -8.40867e-07 0.196099 -0.00533535
8.7 0.18431 5.26396e-06 0.81554 -1.10928e-06 0.189945 -0.00423032
8.8 0.182778 4.91989e-06 0.817073 -1.02569e-06 0.183665 -0.00319581
8.9 0.181127 4.34279e-06 0.818722 -6.07969e-07 0.177281 -0.00222348
9 0.179378 3.73757e-06 0.82047 4.5721e-08 0.170816 -0.0013029
9.1 0.177545 3.25372e-06 0.822301 8.09224e-07 0.164288 -0.000423156
9.2 0.175644 3.05257e-06 0.824201 1.58057e-06 0.157715 0.000426073
9.3 0.173685 3.17956e-06 0.826158 2.29842e-06 0.151108 0.00125282
9.4 0.171681 3.63511e-06 0.82816 2.93536e-06 0.14448 0.00206082
9.5 0.169641 4.13145e-06 0.830197 3.49089e-06 0.137841 0.00284974
9.6 0.167576 4.58124e-06 0.83226 3.9713e-06 0.131203 0.00361474
9.7 0.165494 4.94662e-06 0.83434 4.38491e-06 0.124578 0.00434818
9.8 0.163406 5.28645e-06 0.836426 4.73384e-06 0.117982 0.00504073
9.9 0.16132 5.48216e-06 0.838511 5.0191e-06 0.111431 0.00568208
10 0.159245 5.73152e-06 0.840584 5.24291e-06 0.104943 0.00626055
10.1 0.157191 5.96725e-06 0.842639 5.41792e-06 0.0985363 0.00676465
10.2 0.155164 6.11053e-06 0.844666 5.54852e-06 0.0922327 0.00718317
10.3 0.153171 6.0475e-06 0.84666 5.63406e-06 0.0860536 0.00750555
10.4 0.151218 5.69922e-06 0.848614 5.67572e-06 0.0800224 0.00772188
10.5 0.14931 5.30953e-06 0.850523 5.677e-06 0.0741635 0.00782392
10.6 0.147449 4.78085e-06 0.852383 5.64856e-06 0.0685033 0.00780662
10.7 0.145639 4.16014e-06 0.854191 5.60738e-06 0.0630687 0.00766941
10.8 0.143882 3.61695e-06 0.855945 5.57366e-06 0.0578855 0.00741705
10.9 0.14218 3.1913e-06 0.857646 5.56863e-06 0.0529767 0.00705939
11 0.140531 2.75174e-06 0.859294 5.60459e-06 0.0483611 0.00661034
11.1 0.138934 2.3261e-06 0.860891 5.68049e-06 0.0440529 0.00608705
11.2 0.137385 1.95441e-06 0.86244 5.78401e-06 0.0400613 0.00550913
11.3 0.135881 1.71025e-06 0.863943 5.89843e-06 0.0363901 0.00489822
11.4 0.134418 1.56437e-06 0.865405 6.00949e-06 0.0330373 0.00427691
11.5 0.132993 1.45417e-06 0.86683 6.10986e-06 0.0299953 0.00366748
11.6 0.131602 1.33359e-06 0.868221 6.19967e-06 0.0272508 0.00309087
11.7 0.130242 1.196e-06 0.869582 6.28268e-06 0.0247862 0.00256574
11.8 0.128907 1.04955e-06 0.870917 6.36134e-06 0.0225795 0.00210763
11.9 0.127596 7.97244e-07 0.872229 6.43502e-06 0.0206058 0.00172843
12 0.126306 5.61445e-07 0.873521 6.49986e-06 0.018838 0.00143548
12.1 0.125034 4.22379e-07 0.874795 6.55157e-06 0.0172484 0.00123241
12.2 0.123777 2.9518e-07 0.876053 6.58744e-06 0.0158081 0.00111874
12.3 0.122535 1.43129e-07 0.877296 6.6064e-06 0.014489 0.00108931
12.4 0.121306 1.38793e-08 0.878525 6.60978e-06 0.0132648 0.00113426
12.5 0.12009 -3.33486e-08 0.879741 6.6014e-06 0.0121123 0.00123975
12.6 0.118886 -4.11653e-08 0.880945 6.5863e-06 0.0110128 0.00138918
12.7 0.117694 -9.42704e-08 0.882136 6.56849e-06 0.0099521 0.0015645
12.8 0.116515 -9.83584e-08 0.883316 6.55038e-06 0.00892022 0.00174718
12.9 0.115348 -1.82724e-08 0.884483 6.53471e-06 0.00791164 0.00191889
13 0.114193 -2.48353e-08 0.885638 6.52393e-06 0.00692522 0.0020621
13.1 0.11305 -1.40062e-07 0.886781 6.51797e-06 0.00596425 0.00216097
13.2 0.111919 -2.60061e-07 0.887912 6.51578e-06 0.00503621 0.00220247
13.3 0.1108 -2.99962e-07 0.889031 6.51689e-06 0.00415184 0.00217764
13.4 0.109693 -2.51425e-07 0.890138 6.52127e-06 0.00332397 0.00208232
13.5 0.108597 -1.53442e-07 0.891233 6.52869e-06 0.00256605 0.00191735
13.6 0.107513 1.13768e-08 0.892317 6.53835e-06 0.00189072 0.00168843
13.7 0.10644 2.10793e-07 0.893389 6.54961e-06 0.00130868 0.00140543
13.8 0.105378 3.54781e-07 0.894449 6.56184e-06 0.000827693 0.00108143
13.9 0.104328 4.08475e-07 0.895499 6.57384e-06 0.000452146 0.000731813
14 0.103289 3.2006e-07 0.896537 6.58445e-06 0.000182713 0.000373049
14.1 0.102261 1.72399e-07 0.897565 6.59235e-06 1.6625e-05 2.19836e-05
14.2 0.101244 6.16079e-08 0.898583 6.59726e-06 -5.24181e-05 -0.000304826
14.3 0.100237 -6.68318e-08 0.89959 6.59994e-06 -3.41542e-05 -0.000591814
14.4 0.0992408 -2.15628e-07 0.900587 6.60059e-06 5.84071e-05 -0.000825358
14.5 0.0982539 -3.59848e-07 0.901574 6.59926e-06 0.000209439 -0.000994704
14.6 0.0972768 -4.74631e-07 0.902551 6.59617e-06 0.000401098 -0.0010926
14.7 0.0963092 -5.24144e-07 0.903519 6.59166e-06 0.000614463 -0.00111574
14.8 0.095351 -4.75315e-07 0.904477 6.58643e-06 0.000830492 -0.00106507
14.9 0.0944023 -4.08742e-07 0.905426 6.58147e-06 0.00103119 -0.00094565
15 0.0934631 -3.33074e-07 0.906365 6.57701e-06 0.00120042 -0.000766055
15.1 0.0925335 -2.90508e-07 0.907295 6.5732e-06 0.00132456 -0.000538061
15.2 0.0916134 -3.01626e-07 0.908215 6.56979e-06 0.00139332 -0.000276041
15.3 0.0907027 -3.7576e-07 0.909127 6.56631e-06 0.00140013 3.98371e-06
15.4 0.0898012 -5.22152e-07 0.910029 6.56219e-06 0.0013424 0.000285229
15.5 0.0889088 -7.06754e-07 0.910923 6.55672e-06 0.00122169 0.000551047
15.6 0.0880254 -8.56005e-07 0.911808 6.54953e-06 0.00104349 0.000785838
15.7 0.0871507 -9.28117e-07 0.912684 6.54094e-06 0.000816993 0.000975973
15.8 0.0862845 -9.72962e-07 0.913551 6.5317e-06 0.000554385 0.00111075
15.9 0.0854268 -1.00345e-06 0.914409 6.52206e-06 0.000269951 0.00118298
16 0.0845775 -1.06521e-06 0.915259 6.51214e-06 -2.08843e-05 0.00118927
16.1 0.0837364 -1.08346e-06 0.916101 6.5016e-06 -0.00030257 0.00113007
16.2 0.0829037 -1.05282e-06 0.916934 6.49087e-06 -0.000560264 0.00100942
16.3 0.082079 -1.03797e-06 0.917759 6.48044e-06 -0.00078063 0.000834654
16.4 0.0812625 -1.05927e-06 0.918576 6.47014e-06 -0.000952476 0.000615875
16.5 0.080454 -1.07966e-06 0.919384 6.45962e-06 -0.00106718 0.000365425
16.6 0.0796535 -1.07643e-06 0.920185 6.44889e-06 -0.0011191 9.73184e-05
16.7 0.078861 -1.04459e-06 0.920978 6.4382e-06 -0.00110607 -0.000173304
16.8 0.0780763 -9.81963e-07 0.921762 6.42781e-06 -0.00102962 -0.000431169
16.9 0.0772995 -9.24748e-07 0.922539 6.41805e-06 -0.000894846 -0.000661832
17 0.0765304 -8.8447e-07 0.923308 6.40885e-06 -0.000710128 -0.000852489
17.1 0.0757689 -8.62315e-07 0.92407 6.40005e-06 -0.000486617 -0.000992709
17.2 0.0750151 -8.50072e-07 0.924824 6.39147e-06 -0.00023766 -0.00107515
17.3 0.0742688 -8.44314e-07 0.92557 6.38301e-06 2.21268e-05 -0.00109598
17.4 0.0735298 -8.31627e-07 0.926309 6.37461e-06 0.000277845 -0.00105492
17.5 0.0727983 -8.28849e-07 0.927041 6.36633e-06 0.00051515 -0.000955219
17.6 0.0720741 -8.21191e-07 0.927765 6.35808e-06 0.000721035 -0.000803289
17.7 0.0713571 -8.08751e-07 0.928482 6.34991e-06 0.000884383 -0.000608359
17.8 0.0706472 -8.12074e-07 0.929192 6.34186e-06 0.000996729 -0.000381813
17.9 0.0699442 -8.19976e-07 0.929895 6.33378e-06 0.00105251 -0.000136597
18 0.0692482 -8.26758e-07 0.930591 6.32562e-06 0.00104932 0.000113543
18.1 0.0685592 -8.24329e-07 0.93128 6.31739e-06 0.000987951 0.000354793
18.2 0.0678769 -8.11273e-07 0.931962 6.30918e-06 0.000872257 0.000573955
18.3 0.0672014 -7.83047e-07 0.932638 6.30111e-06 0.000709057 0.000759047
18.4 0.0665326 -7.435e-07 0.933306 6.29332e-06 0.000507756 0.000899985
18.5 0.0658706 -7.19123e-07 0.933968 6.28592e-06 0.000279893 0.000989194
18.6 0.0652151 -6.98022e-07 0.934624 6.27877e-06 3.84627e-05 0.00102205
18.7 0.0645662 -6.80769e-07 0.935273 6.27182e-06 -0.0002028 0.000997116
18.8 0.0639237 -6.70496e-07 0.935915 6.26505e-06 -0.000430262 0.000916251
18.9 0.0632875 -6.59884e-07 0.936551 6.25838e-06 -0.000631106 0.000784515
19 0.0626577 -6.50814e-07 0.937181 6.25181e-06 -0.000794172 0.000609901
19.1 0.0620343 -6.43139e-07 0.937804 6.24533e-06 -0.000910609 0.000402776
19.2 0.061417 -6.37119e-07 0.938422 6.23894e-06 -0.000974374 0.000175227
19.3 0.0608059 -6.30913e-07 0.939033 6.2326e-06 -0.000982472 -5.96684e-05
19.4 0.0602009 -6.24767e-07 0.939638 6.22632e-06 -0.000935055 -0.000288624
19.5 0.0596019 -6.18618e-07 0.940237 6.2201e-06 -0.00083536 -0.000498794
19.6 0.0590089 -6.12499e-07 0.94083 6.21395e-06 -0.000689531 -0.000678476
19.7 0.0584218 -6.0642e-07 0.941417 6.20785e-06 -0.000506291 -0.000817785
19.8 0.0578405 -6.00412e-07 0.941998 6.20182e-06 -0.00029642 -0.000909236
19.9 0.057265 -5.94438e-07 0.942574 6.19584e-06 -7.2095e-05 -0.000948173
20 0.0566952 -5.88523e-07 0.943144 6.18993e-06 0.000153842 -0.000932995
