0 0 0 1 0 0 0
0.1 1.72306e-07 1.00757e-12 0.999914 5.89622e-06 4.83786e-05 -0.000411739
0.2 7.95356e-07 4.58066e-12 0.999913 5.8963e-06 0.000196082 -0.000867579
0.3 2.04997e-06 1.15146e-11 0.999912 5.89632e-06 0.000450916 -0.00135221
0.4 4.1451e-06 2.25169e-11 0.99991 5.89596e-06 0.000816794 -0.00185028
0.5 7.31624e-06 4.07924e-11 0.999907 5.89595e-06 0.00129387 -0.00234754
0.6 1.18238e-05 6.86482e-11 0.999902 5.89595e-06 0.00187898 -0.0028318
0.7 1.79523e-05 9.86498e-11 0.999896 5.89582e-06 0.00256621 -0.00329388
0.8 2.60115e-05 1.18517e-10 0.999888 5.89555e-06 0.00334782 -0.00372821
0.9 3.63407e-05 1.27701e-10 0.999878 5.89549e-06 0.00421512 -0.00413331
1 4.93186e-05 1.29862e-10 0.999865 5.89562e-06 0.00515953 -0.00451196
1.1 6.5379e-05 1.27382e-10 0.999849 5.89546e-06 0.00617357 -0.00487115
1.2 8.50364e-05 1.26002e-10 0.999829 5.89506e-06 0.00725185 -0.00522174
1.3 0.000108923 1.35244e-10 0.999805 5.89425e-06 0.00839189 -0.00557802
1.4 0.000137836 1.6409e-10 0.999776 5.89345e-06 0.00959479 -0.00595698
1.5 0.000172804 2.34881e-10 0.999741 5.89375e-06 0.0108658 -0.00637754
1.6 0.000215164 3.69918e-10 0.999699 5.89406e-06 0.0122144 -0.00685964
1.7 0.000266654 6.04312e-10 0.999647 5.89202e-06 0.0136548 -0.00742336
1.8 0.000329519 9.75049e-10 0.999585 5.89253e-06 0.0152053 -0.00808796
1.9 0.000406634 1.53199e-09 0.999507 5.89272e-06 0.0168883 -0.00887101
2 0.000501625 2.31654e-09 0.999412 5.89238e-06 0.0187297 -0.00978752
2.1 0.000619001 3.3931e-09 0.999295 5.89206e-06 0.0207582 -0.0108493
2.2 0.000764283 4.7984e-09 0.99915 5.89068e-06 0.0230043 -0.0120643
2.3 0.000944113 6.58064e-09 0.99897 5.88913e-06 0.0254993 -0.0134361
2.4 0.00116636 8.82469e-09 0.998747 5.88688e-06 0.0282746 -0.0149642
2.5 0.00144021 1.15295e-08 0.998474 5.88347e-06 0.0313602 -0.0166433
2.6 0.00177619 1.47336e-08 0.998138 5.87911e-06 0.0347839 -0.0184645
2.7 0.0021862 1.82734e-08 0.997727 5.87458e-06 0.0385706 -0.0204143
2.8 0.0026835 2.22197e-08 0.99723 5.87031e-06 0.0427407 -0.0224763
2.9 0.00328256 2.67172e-08 0.996631 5.86643e-06 0.0473097 -0.0246313
3 0.003999 3.24898e-08 0.995914 5.86236e-06 0.0522877 -0.0268581
3.1 0.00484947 3.88603e-08 0.995064 5.85744e-06 0.0576791 -0.0291349
3.2 0.00585143 4.67024e-08 0.994061 5.85321e-06 0.063483 -0.0314393
3.3 0.00702299 5.81463e-08 0.99289 5.84759e-06 0.0696927 -0.0337489
3.4 0.00838258 7.18004e-08 0.99153 5.83994e-06 0.0762962 -0.0360416
3.5 0.00994867 8.97319e-08 0.989963 5.8298e-06 0.0832758 -0.038296
3.6 0.0117395 1.11956e-07 0.988172 5.8181e-06 0.0906086 -0.040492
3.7 0.0137725 1.36906e-07 0.986139 5.80493e-06 0.0982673 -0.0426105
3.8 0.0160645 1.63587e-07 0.983846 5.79277e-06 0.10622 -0.044634
3.9 0.0186307 1.92757e-07 0.98128 5.78004e-06 0.114431 -0.046546
4 0.0214845 2.28017e-07 0.978425 5.76843e-06 0.122861 -0.0483313
4.1 0.0246373 2.69571e-07 0.975272 5.75732e-06 0.131468 -0.0499752
4.2 0.0280975 3.14505e-07 0.971811 5.74531e-06 0.140207 -0.0514635
4.3 0.0318705 3.74382e-07 0.968037 5.73044e-06 0.149028 -0.0527823
4.4 0.0359581 4.416e-07 0.963949 5.71146e-06 0.157881 -0.0539189
4.5 0.0403581 5.21343e-07 0.959548 5.68509e-06 0.166715 -0.0548603
4.6 0.0450635 6.35986e-07 0.954841 5.65354e-06 0.175475 -0.0555945
4.7 0.0500626 8.08844e-07 0.94984 5.6075e-06 0.184106 -0.0561107
4.8 0.0553388 9.53787e-07 0.944562 5.54636e-06 0.192549 -0.0564
4.9 0.0608704 1.18257e-06 0.939029 5.47987e-06 0.200749 -0.0564555
5 0.0666292 1.38378e-06 0.933268 5.3839e-06 0.208647 -0.0562732
5.1 0.0725832 1.53743e-06 0.927312 5.27424e-06 0.216188 -0.0558536
5.2 0.0786955 1.66037e-06 0.921198 5.16571e-06 0.223319 -0.0552013
5.3 0.0849254 1.75981e-06 0.914966 5.0543e-06 0.229991 -0.0543262
5.4 0.09123 1.84115e-06 0.908659 4.93472e-06 0.23616 -0.0532437
5.5 0.0975643 1.88921e-06 0.902323 4.79571e-06 0.24179 -0.051975
5.6 0.103884 2.04041e-06 0.896002 4.64169e-06 0.246851 -0.050546
5.7 0.110144 2.38875e-06 0.889739 4.46843e-06 0.251324 -0.0489859
5.8 0.116306 2.81404e-06 0.883575 4.28757e-06 0.255198 -0.0473273
5.9 0.122331 3.29152e-06 0.877547 4.134e-06 0.25847 -0.0456041
6 0.128188 3.79422e-06 0.871688 4.00073e-06 0.261147 -0.0438495
6.1 0.133849 4.21885e-06 0.866024 3.89749e-06 0.263247 -0.0420953
6.2 0.139295 4.56291e-06 0.860576 3.84224e-06 0.264792 -0.0403697
6.3 0.144507 4.6479e-06 0.855361 3.88536e-06 0.265814 -0.0386952
6.4 0.149476 4.46636e-06 0.850388 4.06478e-06 0.266346 -0.0370875
6.5 0.154195 4.05325e-06 0.845665 4.33891e-06 0.266429 -0.0355534
6.6 0.158659 3.5362e-06 0.841197 4.65646e-06 0.266099 -0.0340906
6.7 0.162865 3.00246e-06 0.836987 4.96344e-06 0.26539 -0.0326891
6.8 0.166809 2.59399e-06 0.83304 5.1855e-06 0.264333 -0.0313337
6.9 0.170486 2.41029e-06 0.829362 5.25986e-06 0.262952 -0.0300055
7 0.173888 2.43936e-06 0.825959 5.16484e-06 0.261265 -0.0286844
7.1 0.177006 2.75758e-06 0.82284 4.89253e-06 0.259285 -0.0273509
7.2 0.17983 3.27717e-06 0.820016 4.48886e-06 0.257018 -0.0259889
7.3 0.182348 3.83606e-06 0.817498 3.97621e-06 0.254468 -0.0245858
7.4 0.18455 4.41921e-06 0.815295 3.4186e-06 0.251632 -0.023134
7.5 0.186428 4.87644e-06 0.813417 2.9146e-06 0.248508 -0.0216324
7.6 0.187975 5.0876e-06 0.811871 2.54143e-06 0.245088 -0.0200861
7.7 0.189188 5.10947e-06 0.810659 2.34271e-06 0.24137 -0.0185052
7.8 0.190068 4.82146e-06 0.80978 2.30277e-06 0.237349 -0.0169051
7.9 0.190621 4.50275e-06 0.809227 2.301e-06 0.233029 -0.0153047
8 0.190858 4.38288e-06 0.80899 2.17267e-06 0.228414 -0.0137251
8.1 0.190795 4.56933e-06 0.809052 1.76207e-06 0.223517 -0.0121861
8.2 0.190454 5.0019e-06 0.809392 1.03046e-06 0.218356 -0.0107046
8.3 0.189857 5.56477e-06 0.809989 8.0015e-08 0.21295 -0.00929348
8.4 0.18903 6.2261e-06 0.810817 -9.11328e-07 0.207323 -0.00796052
8.5 0.187997 6.82232e-06 0.811851 -1.79272e-06 0.201497 -0.00670869
8.6 0.186783 7.12377e-06 0.813067 -2.41491e-06 0.195498 -0.00553744
8.7 0.18541 7.09401e-06 0.81444 -2.64643e-06 0.189349 -0.00444371
8.8 0.1839 6.63343e-06 0.81595 -2.43882e-06 0.183076 -0.00342189
8.9 0.182273 5.90495e-06 0.817576 -1.86299e-06 0.176704 -0.0024631
9 0.180548 5.15691e-06 0.8193 -1.06082e-06 0.170254 -0.00155618
9.1 0.17874 4.57845e-06 0.821106 -2.00439e-07 0.163744 -0.000689472
9.2 0.176863 4.30934e-06 0.822981 6.35258e-07 0.157193 0.000147986
9.3 0.17493 4.36188e-06 0.824912 1.40567e-06 0.150611 0.000964727
9.4 0.172951 4.72708e-06 0.826889 2.10899e-06 0.14401 0.00176476
9.5 0.170936 5.16179e-06 0.828901 2.70253e-06 0.137399 0.00254794
9.6 0.168894 5.65654e-06 0.830941 3.10942e-06 0.130791 0.00330946
9.7 0.166835 6.20139e-06 0.832997 3.32045e-06 0.124197 0.00404171
9.8 0.164768 6.80725e-06 0.835062 3.393e-06 0.117632 0.00473526
9.9 0.162702 7.27411e-06 0.837127 3.40597e-06 0.111112 0.00537973
10 0.160645 7.7447e-06 0.839182 3.4227e-06 0.104655 0.0059633
10.1 0.158607 8.12813e-06 0.84122 3.46754e-06 0.0982788 0.00647426
10.2 0.156595 8.36457e-06 0.843233 3.51557e-06 0.0920045 0.00690119
10.3 0.154615 8.38682e-06 0.845214 3.51773e-06 0.0858536 0.00723324
10.4 0.152673 8.16266e-06 0.847157 3.42036e-06 0.0798491 0.0074602
10.5 0.150773 7.9325e-06 0.849057 3.23221e-06 0.0740158 0.00757355
10.6 0.14892 7.50215e-06 0.85091 3.06075e-06 0.0683801 0.00756805
10.7 0.147115 6.84194e-06 0.852712 3.0069e-06 0.0629689 0.00744304
10.8 0.145363 6.14604e-06 0.854463 3.07451e-06 0.0578082 0.00720328
10.9 0.143663 5.54797e-06 0.856161 3.2023e-06 0.0529211 0.00685873
11 0.142016 5.03216e-06 0.857807 3.28308e-06 0.0483264 0.00642344
11.1 0.14042 4.69176e-06 0.859403 3.25042e-06 0.0440381 0.00591473
11.2 0.138871 4.51276e-06 0.860951 3.15326e-06 0.0400652 0.00535239
11.3 0.137366 4.46345e-06 0.862455 3.06704e-06 0.0364113 0.00475812
11.4 0.135902 4.43988e-06 0.863919 3.04489e-06 0.033074 0.00415455
11.5 0.134475 4.38267e-06 0.865345 3.08041e-06 0.0300454 0.0035639
11.6 0.133082 4.30373e-06 0.866739 3.11382e-06 0.0273119 0.00300696
11.7 0.131718 4.2421e-06 0.868103 3.09815e-06 0.0248555 0.00250219
11.8 0.130381 4.19416e-06 0.869441 3.05785e-06 0.0226539 0.0020648
11.9 0.129067 4.01933e-06 0.870756 3.03193e-06 0.0206819 0.00170622
12 0.127773 3.83934e-06 0.872051 3.0203e-06 0.0189126 0.00143324
12.1 0.126497 3.73534e-06 0.873328 3.02181e-06 0.0173178 0.00124891
12.2 0.125237 3.58722e-06 0.874589 3.07411e-06 0.0158691 0.00115208
12.3 0.123991 3.32791e-06 0.875836 3.20601e-06 0.0145386 0.00113694
12.4 0.122758 3.03855e-06 0.877069 3.38357e-06 0.0133003 0.00119297
12.5 0.121537 2.86171e-06 0.87829 3.52055e-06 0.0121319 0.00130579
12.6 0.120329 2.83194e-06 0.879498 3.53678e-06 0.0110154 0.00145846
12.7 0.119132 2.8602e-06 0.880694 3.43536e-06 0.00993746 0.00163274
12.8 0.117948 3.0085e-06 0.881879 3.24719e-06 0.00888918 0.00181016
12.9 0.116775 3.22611e-06 0.883052 3.07581e-06 0.00786589 0.00197265
13 0.115614 3.27333e-06 0.884212 3.00447e-06 0.00686729 0.00210314
13.1 0.114466 3.11422e-06 0.885361 3.0368e-06 0.00589743 0.00218639
13.2 0.113329 2.89568e-06 0.886498 3.12777e-06 0.00496445 0.00221018
13.3 0.112204 2.7569e-06 0.887623 3.21946e-06 0.00407964 0.00216652
13.4 0.11109 2.76094e-06 0.888736 3.25663e-06 0.00325604 0.00205234
13.5 0.109988 2.8916e-06 0.889838 3.22186e-06 0.00250708 0.00186968
13.6 0.108898 3.12165e-06 0.890927 3.17092e-06 0.00184504 0.00162542
13.7 0.107819 3.33597e-06 0.892005 3.19285e-06 0.00127994 0.00133051
13.8 0.106751 3.38318e-06 0.893071 3.33011e-06 0.000818652 0.00099889
13.9 0.105695 3.22346e-06 0.894126 3.56941e-06 0.000464448 0.000646569
14 0.104651 2.83511e-06 0.89517 3.8764e-06 0.000216791 0.000290323
14.1 0.103618 2.36635e-06 0.896203 4.19433e-06 7.1626e-05 -5.29749e-05
14.2 0.102595 2.01568e-06 0.897226 4.43131e-06 2.14263e-05 -0.000367059
14.3 0.101583 1.71428e-06 0.898239 4.59829e-06 5.52554e-05 -0.000636893
14.4 0.100581 1.41209e-06 0.899241 4.74723e-06 0.000159049 -0.000849688
14.5 0.0995888 1.14833e-06 0.900233 4.86135e-06 0.000316193 -0.000995799
14.6 0.0986062 9.72513e-07 0.901216 4.91187e-06 0.000508313 -0.0010692
14.7 0.0976326 9.33566e-07 0.902189 4.88603e-06 0.000716281 -0.00106797
14.8 0.096668 1.05741e-06 0.903154 4.79791e-06 0.000921174 -0.000994457
14.9 0.0957125 1.24926e-06 0.904109 4.66719e-06 0.00110543 -0.000855025
15 0.0947665 1.5012e-06 0.905055 4.49619e-06 0.00125365 -0.000659456
15.1 0.09383 1.75953e-06 0.905991 4.29294e-06 0.00135323 -0.000420558
15.2 0.0929029 1.92539e-06 0.906919 4.12692e-06 0.0013951 -0.000153514
15.3 0.091985 1.91122e-06 0.907837 4.07574e-06 0.00137411 0.000125156
15.4 0.0910763 1.73898e-06 0.908747 4.10271e-06 0.00128919 0.000398507
15.5 0.0901766 1.52498e-06 0.909648 4.12277e-06 0.00114345 0.000650095
15.6 0.0892857 1.36217e-06 0.91054 4.13009e-06 0.000943912 0.000864912
15.7 0.0884035 1.2457e-06 0.911423 4.16751e-06 0.000701162 0.0010303
15.8 0.08753 1.18056e-06 0.912298 4.18196e-06 0.000428467 0.00113685
15.9 0.0866648 1.13904e-06 0.913164 4.19186e-06 0.000140867 0.00117893
16 0.085808 1.09285e-06 0.914021 4.17084e-06 -0.00014591 0.00115481
16.1 0.0849598 1.13449e-06 0.91487 4.10326e-06 -0.000416445 0.00106668
16.2 0.0841204 1.2461e-06 0.915709 4.01679e-06 -0.000656413 0.000920242
16.3 0.0832896 1.29025e-06 0.91654 3.98418e-06 -0.000853358 0.000724335
16.4 0.082467 1.23688e-06 0.917363 4.02025e-06 -0.000997278 0.000490353
16.5 0.0816525 1.10006e-06 0.918177 4.1431e-06 -0.00108101 0.00023159
16.6 0.080846 9.35562e-07 0.918984 4.30443e-06 -0.0011006 -3.73009e-05
16.7 0.0800474 8.05822e-07 0.919782 4.45587e-06 -0.00105566 -0.000300992
16.8 0.0792565 8.08876e-07 0.920573 4.50816e-06 -0.000949631 -0.000544522
16.9 0.0784734 9.46398e-07 0.921356 4.42794e-06 -0.000789293 -0.000754162
17 0.077698 1.12975e-06 0.922132 4.27952e-06 -0.00058456 -0.000918135
17.1 0.07693 1.30325e-06 0.9229 4.11092e-06 -0.000347847 -0.00102742
17.2 0.0761694 1.38905e-06 0.92366 4.01761e-06 -9.32677e-05 -0.00107637
17.3 0.0754164 1.33035e-06 0.924413 4.06736e-06 0.00016408 -0.00106308
17.4 0.0746704 1.13002e-06 0.925159 4.2701e-06 0.000409306 -0.000989259
17.5 0.0739317 8.97924e-07 0.925898 4.49845e-06 0.000628568 -0.00085996
17.6 0.0732002 7.90806e-07 0.926629 4.61229e-06 0.000809762 -0.000683306
17.7 0.0724756 8.24015e-07 0.927354 4.59272e-06 0.000943138 -0.000469988
17.8 0.071758 9.19367e-07 0.928072 4.49297e-06 0.00102185 -0.000232512
17.9 0.0710471 9.55175e-07 0.928782 4.44568e-06 0.00104219 1.55328e-05
18 0.0703433 8.38973e-07 0.929486 4.54832e-06 0.00100366 0.00026008
18.1 0.0696463 6.18768e-07 0.930183 4.76504e-06 0.000908987 0.000487456
18.2 0.0689562 4.11047e-07 0.930873 4.97797e-06 0.000763949 0.000685182
18.3 0.068273 3.31765e-07 0.931556 5.07684e-06 0.000577054 0.00084231
18.4 0.0675965 4.83792e-07 0.932233 4.95591e-06 0.000359112 0.000950188
18.5 0.0669267 7.70194e-07 0.932902 4.68491e-06 0.000122753 0.00100304
18.6 0.0662638 1.00615e-06 0.933565 4.4617e-06 -0.000118444 0.000998298
18.7 0.0656076 1.10099e-06 0.934221 4.37706e-06 -0.000350515 0.00093663
18.8 0.0649582 9.93851e-07 0.93487 4.48876e-06 -0.000560257 0.000822092
18.9 0.0643149 8.00439e-07 0.935514 4.68898e-06 -0.000735763 0.000661735
19 0.0636767 6.13987e-07 0.936152 4.88346e-06 -0.000867361 0.000465205
19.1 0.063043 4.90154e-07 0.936785 5.00838e-06 -0.000947873 0.000244101
19.2 0.0624142 3.72231e-07 0.937414 5.12473e-06 -0.000973309 1.15134e-05
19.3 0.0617909 2.25315e-07 0.938037 5.27346e-06 -0.000942623 -0.000219363
19.4 0.0611733 1.06352e-07 0.938655 5.39311e-06 -0.000858139 -0.000435417
19.5 0.0605602 1.63276e-07 0.939268 5.33605e-06 -0.00072535 -0.000624126
19.6 0.0599503 3.27766e-07 0.939878 5.17136e-06 -0.000552429 -0.000774881
19.7 0.0593427 4.81178e-07 0.940485 5.01771e-06 -0.000349603 -0.000879393
19.8 0.0587377 5.58391e-07 0.94109 4.94038e-06 -0.000128701 -0.000932162
19.9 0.0581365 5.16224e-07 0.941691 4.98255e-06 9.72781e-05 -0.000930581
20 0.0575345 4.37453e-07 0.942293 5.06133e-06 0.000315163 -0.000875469
