0 1 0 0 0 0 0
0.1 0.999855 2.91453e-16 0.000145577 1.75721e-16 1.17881e-15 -2.23591e-15
0.2 0.999418 3.40858e-16 0.000582142 1.70672e-16 2.79413e-15 -4.24484e-15
0.3 0.998692 3.48219e-16 0.00130911 1.63768e-16 4.39729e-15 -6.3116e-15
0.4 0.997676 3.57709e-16 0.00232559 1.55972e-16 5.98406e-15 -8.38265e-15
0.5 0.996372 3.6862e-16 0.0036303 1.4639e-16 7.55336e-15 -1.05105e-14
0.6 0.994781 3.79901e-16 0.00522157 1.37379e-16 9.1042e-15 -1.26952e-14
0.7 0.992907 3.92768e-16 0.00709736 1.26701e-16 1.06414e-14 -1.49236e-14
0.8 0.99075 4.05802e-16 0.00925531 1.17211e-16 1.21516e-14 -1.71999e-14
0.9 0.988314 4.19105e-16 0.0116927 1.09018e-16 1.36318e-14 -1.95114e-14
1 0.985601 4.3232e-16 0.0144064 1.0085e-16 1.50756e-14 -2.18552e-14
1.1 0.982616 4.47477e-16 0.0173931 9.21101e-17 1.65042e-14 -2.42055e-14
1.2 0.979362 4.62576e-16 0.0206491 8.48983e-17 1.78984e-14 -2.65769e-14
1.3 0.975842 4.78358e-16 0.0241701 7.9322e-17 1.9267e-14 -2.89537e-14
1.4 0.972061 4.93805e-16 0.027952 7.53085e-17 2.06e-14 -3.13484e-14
1.5 0.968025 5.10069e-16 0.03199 6.29201e-17 2.19028e-14 -3.37362e-14
1.6 0.963737 5.28556e-16 0.0362792 5.65717e-17 2.32042e-14 -3.60681e-14
1.7 0.959203 5.36398e-16 0.0408142 6.20645e-17 2.44626e-14 -3.84471e-14
1.8 0.954429 5.46591e-16 0.0455897 6.58196e-17 2.5683e-14 -4.08562e-14
1.9 0.94942 5.60225e-16 0.0505999 6.80698e-17 2.68642e-14 -4.32655e-14
2 0.944182 5.79067e-16 0.0558387 6.43108e-17 2.80024e-14 -4.56794e-14
2.1 0.938722 6.03875e-16 0.0613001 5.76367e-17 2.90965e-14 -4.80975e-14
2.2 0.933045 6.44841e-16 0.0669774 3.55347e-17 3.01465e-14 -5.05228e-14
2.3 0.927159 7.05379e-16 0.0728642 -5.67639e-18 3.11671e-14 -5.29061e-14
2.4 0.921071 7.80492e-16 0.0789535 -6.18269e-17 3.21521e-14 -5.52421e-14
2.5 0.914787 8.64989e-16 0.0852384 -1.29062e-16 3.3081e-14 -5.75779e-14
2.6 0.908314 9.62267e-16 0.0917117 -2.06241e-16 3.39535e-14 -5.98978e-14
2.7 0.901661 1.07781e-15 0.098366 -2.98391e-16 3.47778e-14 -6.22109e-14
2.8 0.894833 1.2202e-15 0.105194 -4.146e-16 3.55488e-14 -6.45046e-14
2.9 0.88784 1.40345e-15 0.112188 -5.74972e-16 3.62555e-14 -6.68095e-14
3 0.880688 1.59086e-15 0.11934 -7.35461e-16 3.69243e-14 -6.90811e-14
3.1 0.873386 1.77823e-15 0.126642 -8.96701e-16 3.75385e-14 -7.12869e-14
3.2 0.865941 1.97366e-15 0.134088 -1.06286e-15 3.80947e-14 -7.3489e-14
3.3 0.858362 2.17534e-15 0.141668 -1.23303e-15 3.86164e-14 -7.56829e-14
3.4 0.850655 2.35929e-15 0.149374 -1.39125e-15 3.90944e-14 -7.78908e-14
3.5 0.84283 2.57785e-15 0.1572 -1.58243e-15 3.95314e-14 -8.00869e-14
3.6 0.834894 2.82167e-15 0.165137 -1.79844e-15 3.99063e-14 -8.22801e-14
3.7 0.826855 3.07851e-15 0.173176 -2.0268e-15 4.02328e-14 -8.44409e-14
3.8 0.818721 3.33846e-15 0.18131 -2.25567e-15 4.05108e-14 -8.65979e-14
3.9 0.8105 3.62048e-15 0.189531 -2.51144e-15 4.07435e-14 -8.87412e-14
4 0.802201 3.90116e-15 0.19783 -2.76594e-15 4.09303e-14 -9.08335e-14
4.1 0.79383 4.17686e-15 0.206201 -3.01814e-15 4.10876e-14 -9.28955e-14
4.2 0.785397 4.43061e-15 0.214635 -3.2535e-15 4.12121e-14 -9.49092e-14
4.3 0.776907 4.67141e-15 0.223125 -3.47531e-15 4.1292e-14 -9.68373e-14
4.4 0.76837 4.89978e-15 0.231662 -3.68765e-15 4.13422e-14 -9.86875e-14
4.5 0.759793 5.12156e-15 0.240239 -3.88947e-15 4.13723e-14 -1.00466e-13
4.6 0.751183 5.33119e-15 0.24885 -4.08128e-15 4.13927e-14 -1.02153e-13
4.7 0.742547 5.55121e-15 0.257485 -4.28045e-15 4.14058e-14 -1.0375e-13
4.8 0.733893 5.76012e-15 0.26614 -4.47058e-15 4.14051e-14 -1.05288e-13
4.9 0.725227 5.93159e-15 0.274805 -4.63263e-15 4.14107e-14 -1.06644e-13
5 0.716557 6.06188e-15 0.283475 -4.75395e-15 4.14116e-14 -1.07923e-13
5.1 0.70789 6.15681e-15 0.292143 -4.84131e-15 4.13692e-14 -1.09242e-13
5.2 0.699231 6.20842e-15 0.300801 -4.88936e-15 4.12998e-14 -1.10543e-13
5.3 0.690588 6.23873e-15 0.309445 -4.9149e-15 4.11657e-14 -1.1177e-13
5.4 0.681966 6.19264e-15 0.318066 -4.86104e-15 4.10193e-14 -1.12993e-13
5.5 0.673372 6.09941e-15 0.326661 -4.75774e-15 4.08399e-14 -1.14147e-13
5.6 0.664811 6.07769e-15 0.335222 -4.73173e-15 4.06167e-14 -1.15259e-13
5.7 0.656289 6.11586e-15 0.343744 -4.76043e-15 4.03555e-14 -1.16312e-13
5.8 0.647812 6.21893e-15 0.352221 -4.85054e-15 4.00888e-14 -1.17318e-13
5.9 0.639384 6.34614e-15 0.360649 -4.96807e-15 3.9817e-14 -1.1825e-13
6 0.631011 6.50232e-15 0.369022 -5.11512e-15 3.95526e-14 -1.1918e-13
6.1 0.622698 6.60738e-15 0.377335 -5.20774e-15 3.92946e-14 -1.20052e-13
6.2 0.614448 6.73333e-15 0.385585 -5.32061e-15 3.90139e-14 -1.20877e-13
6.3 0.606267 6.81551e-15 0.393766 -5.39589e-15 3.8705e-14 -1.21617e-13
6.4 0.598159 6.91587e-15 0.401874 -5.48842e-15 3.83941e-14 -1.22299e-13
6.5 0.590128 7.09737e-15 0.409905 -5.67155e-15 3.8099e-14 -1.22881e-13
6.6 0.582177 7.31e-15 0.417857 -5.88187e-15 3.78005e-14 -1.23391e-13
6.7 0.574309 7.59886e-15 0.425724 -6.16713e-15 3.74573e-14 -1.23837e-13
6.8 0.566529 8.00681e-15 0.433504 -6.57127e-15 3.71154e-14 -1.2425e-13
6.9 0.55884 8.4288e-15 0.441194 -6.99811e-15 3.67165e-14 -1.24569e-13
7 0.551243 8.83332e-15 0.44879 -7.40303e-15 3.63146e-14 -1.24777e-13
7.1 0.543743 9.33976e-15 0.456291 -7.90532e-15 3.58998e-14 -1.24927e-13
7.2 0.536341 9.93963e-15 0.463693 -8.49954e-15 3.54579e-14 -1.25092e-13
7.3 0.529039 1.05874e-14 0.470995 -9.13278e-15 3.50211e-14 -1.25176e-13
7.4 0.52184 1.12351e-14 0.478194 -9.77817e-15 3.4555e-14 -1.25179e-13
7.5 0.514745 1.18987e-14 0.485289 -1.04376e-14 3.40582e-14 -1.25125e-13
7.6 0.507757 1.26012e-14 0.492277 -1.11303e-14 3.35743e-14 -1.24984e-13
7.7 0.500876 1.33916e-14 0.499158 -1.19164e-14 3.3105e-14 -1.24856e-13
7.8 0.494104 1.42612e-14 0.50593 -1.27868e-14 3.26744e-14 -1.24712e-13
7.9 0.487443 1.50614e-14 0.512592 -1.35856e-14 3.22144e-14 -1.24496e-13
8 0.480892 1.57879e-14 0.519143 -1.43073e-14 3.16942e-14 -1.24211e-13
8.1 0.474452 1.64534e-14 0.525582 -1.49729e-14 3.11759e-14 -1.23876e-13
8.2 0.468125 1.70466e-14 0.53191 -1.55659e-14 3.07019e-14 -1.23541e-13
8.3 0.46191 1.75819e-14 0.538124 -1.61034e-14 3.02656e-14 -1.23206e-13
8.4 0.455808 1.80271e-14 0.544226 -1.65493e-14 2.98261e-14 -1.22801e-13
8.5 0.449819 1.83901e-14 0.550215 -1.69152e-14 2.93787e-14 -1.22336e-13
8.6 0.443943 1.87069e-14 0.556091 -1.7232e-14 2.89173e-14 -1.21806e-13
8.7 0.438179 1.89541e-14 0.561855 -1.74779e-14 2.84527e-14 -1.21275e-13
8.8 0.432528 1.91357e-14 0.567506 -1.7658e-14 2.79621e-14 -1.2062e-13
8.9 0.426988 1.92569e-14 0.573046 -1.77789e-14 2.74794e-14 -1.19873e-13
9 0.42156 1.93209e-14 0.578475 -1.78474e-14 2.70254e-14 -1.19133e-13
9.1 0.416241 1.93694e-14 0.583793 -1.78995e-14 2.65732e-14 -1.18394e-13
9.2 0.411033 1.9332e-14 0.589002 -1.78707e-14 2.61159e-14 -1.17605e-13
9.3 0.405933 1.9241e-14 0.594102 -1.77825e-14 2.57217e-14 -1.16823e-13
9.4 0.40094 1.91002e-14 0.599094 -1.76467e-14 2.52674e-14 -1.16167e-13
9.5 0.396053 1.88977e-14 0.603981 -1.74483e-14 2.48333e-14 -1.15514e-13
9.6 0.391272 1.86704e-14 0.608762 -1.72177e-14 2.44852e-14 -1.14721e-13
9.7 0.386594 1.8373e-14 0.61344 -1.69198e-14 2.40879e-14 -1.13964e-13
9.8 0.382019 1.79797e-14 0.618016 -1.65236e-14 2.3672e-14 -1.13165e-13
9.9 0.377544 1.75333e-14 0.622491 -1.60826e-14 2.32384e-14 -1.1238e-13
10 0.373168 1.70073e-14 0.626867 -1.55606e-14 2.28368e-14 -1.11535e-13
10.1 0.368889 1.64238e-14 0.631145 -1.49766e-14 2.24478e-14 -1.10694e-13
10.2 0.364706 1.57671e-14 0.635328 -1.43213e-14 2.20875e-14 -1.09891e-13
10.3 0.360617 1.50412e-14 0.639417 -1.35967e-14 2.16923e-14 -1.09112e-13
10.4 0.35662 1.42483e-14 0.643414 -1.2813e-14 2.13394e-14 -1.08301e-13
10.5 0.352713 1.33952e-14 0.647322 -1.19687e-14 2.09819e-14 -1.07487e-13
10.6 0.348894 1.24721e-14 0.651141 -1.10508e-14 2.0644e-14 -1.06699e-13
10.7 0.34516 1.14782e-14 0.654874 -1.00585e-14 2.02939e-14 -1.06005e-13
10.8 0.341511 1.04265e-14 0.658523 -9.01296e-15 2.00157e-14 -1.05346e-13
10.9 0.337944 9.33628e-15 0.66209 -7.93647e-15 1.97397e-14 -1.04739e-13
11 0.334456 8.22856e-15 0.665578 -6.83841e-15 1.95388e-14 -1.04152e-13
11.1 0.331046 7.09985e-15 0.668988 -5.72453e-15 1.93195e-14 -1.0358e-13
11.2 0.327711 5.96939e-15 0.672322 -4.60647e-15 1.91035e-14 -1.03028e-13
11.3 0.32445 4.85171e-15 0.675584 -3.50374e-15 1.89687e-14 -1.02552e-13
11.4 0.321259 3.71269e-15 0.678774 -2.38263e-15 1.8917e-14 -1.02126e-13
11.5 0.318138 2.54258e-15 0.681896 -1.22117e-15 1.89073e-14 -1.0171e-13
11.6 0.315082 1.35934e-15 0.684951 -3.90406e-17 1.88474e-14 -1.01311e-13
11.7 0.312091 1.52082e-16 0.687942 1.16475e-15 1.87399e-14 -1.00921e-13
11.8 0.309162 -1.06709e-15 0.690871 2.38272e-15 1.87437e-14 -1.00585e-13
11.9 0.306293 -2.33097e-15 0.69374 3.64259e-15 1.86723e-14 -1.00241e-13
12 0.303481 -3.59355e-15 0.696552 4.90178e-15 1.86597e-14 -9.98367e-14
12.1 0.300724 -4.85694e-15 0.699308 6.16664e-15 1.87055e-14 -9.94526e-14
12.2 0.29802 -6.11583e-15 0.702012 7.42129e-15 1.88632e-14 -9.90116e-14
12.3 0.295367 -7.36096e-15 0.704665 8.66148e-15 1.90729e-14 -9.85887e-14
12.4 0.292763 -8.55964e-15 0.707269 9.86019e-15 1.92471e-14 -9.81903e-14
12.5 0.290205 -9.7344e-15 0.709827 1.10247e-14 1.94216e-14 -9.78312e-14
12.6 0.287692 -1.08794e-14 0.71234 1.21659e-14 1.95647e-14 -9.74423e-14
12.7 0.28522 -1.19935e-14 0.714811 1.32725e-14 1.96966e-14 -9.69921e-14
12.8 0.282789 -1.31121e-14 0.717243 1.43813e-14 1.9838e-14 -9.65634e-14
12.9 0.280395 -1.42268e-14 0.719636 1.54824e-14 1.99157e-14 -9.6202e-14
13 0.278038 -1.5329e-14 0.721993 1.65685e-14 1.99415e-14 -9.58502e-14
13.1 0.275714 -1.63989e-14 0.724317 1.76269e-14 1.99157e-14 -9.5428e-14
13.2 0.273423 -1.74291e-14 0.726608 1.86351e-14 1.98641e-14 -9.50018e-14
13.3 0.271161 -1.8452e-14 0.72887 1.96437e-14 1.98517e-14 -9.4571e-14
13.4 0.268927 -1.94826e-14 0.731103 2.06581e-14 1.98813e-14 -9.41463e-14
13.5 0.26672 -2.05125e-14 0.733311 2.16685e-14 1.98755e-14 -9.37717e-14
13.6 0.264537 -2.15488e-14 0.735493 2.26951e-14 1.98779e-14 -9.3514e-14
13.7 0.262376 -2.25362e-14 0.737654 2.36687e-14 1.9941e-14 -9.32777e-14
13.8 0.260237 -2.34891e-14 0.739793 2.46075e-14 2.00593e-14 -9.3092e-14
13.9 0.258116 -2.44169e-14 0.741913 2.55211e-14 2.01116e-14 -9.29219e-14
14 0.256014 -2.53179e-14 0.744016 2.64088e-14 2.00609e-14 -9.27239e-14
14.1 0.253928 -2.61565e-14 0.746101 2.7239e-14 2.0056e-14 -9.25703e-14
14.2 0.251857 -2.69664e-14 0.748172 2.8034e-14 2.00492e-14 -9.24289e-14
14.3 0.249799 -2.77566e-14 0.75023 2.88102e-14 2.00204e-14 -9.23272e-14
14.4 0.247753 -2.84932e-14 0.752276 2.95368e-14 1.98635e-14 -9.2341e-14
14.5 0.245718 -2.91749e-14 0.75431 3.02092e-14 1.96796e-14 -9.24482e-14
14.6 0.243693 -2.97842e-14 0.756335 3.08117e-14 1.95302e-14 -9.25741e-14
14.7 0.241676 -3.03155e-14 0.758352 3.13337e-14 1.9352e-14 -9.27206e-14
14.8 0.239666 -3.07683e-14 0.760362 3.17768e-14 1.91482e-14 -9.28439e-14
14.9 0.237661 -3.11576e-14 0.762367 3.21606e-14 1.90111e-14 -9.29402e-14
15 0.23566 -3.14713e-14 0.764367 3.24681e-14 1.8842e-14 -9.30482e-14
15.1 0.233663 -3.1701e-14 0.766364 3.26909e-14 1.87201e-14 -9.31639e-14
15.2 0.231669 -3.18648e-14 0.768358 3.28467e-14 1.86467e-14 -9.332e-14
15.3 0.229675 -3.19329e-14 0.770351 3.29136e-14 1.85777e-14 -9.35207e-14
15.4 0.227683 -3.18963e-14 0.772344 3.28699e-14 1.84645e-14 -9.37636e-14
15.5 0.22569 -3.18203e-14 0.774336 3.27878e-14 1.82348e-14 -9.39957e-14
15.6 0.223697 -3.16763e-14 0.776329 3.26366e-14 1.7959e-14 -9.4253e-14
15.7 0.221702 -3.14738e-14 0.778324 3.24293e-14 1.76325e-14 -9.44677e-14
15.8 0.219705 -3.12148e-14 0.780321 3.21676e-14 1.74052e-14 -9.4552e-14
15.9 0.217706 -3.09144e-14 0.78232 3.18618e-14 1.73849e-14 -9.44183e-14
16 0.215704 -3.05554e-14 0.784322 3.14971e-14 1.7478e-14 -9.41758e-14
16.1 0.213699 -3.01183e-14 0.786327 3.10561e-14 1.77074e-14 -9.38296e-14
16.2 0.21169 -2.9621e-14 0.788335 3.05545e-14 1.81159e-14 -9.33592e-14
16.3 0.209678 -2.90866e-14 0.790348 3.0016e-14 1.86121e-14 -9.27661e-14
16.4 0.207661 -2.84815e-14 0.792364 2.94056e-14 1.9182e-14 -9.214e-14
16.5 0.205643 -2.78071e-14 0.794382 2.87282e-14 1.99241e-14 -9.14598e-14
16.6 0.203622 -2.7088e-14 0.796403 2.80074e-14 2.05644e-14 -9.06009e-14
16.7 0.2016 -2.63247e-14 0.798425 2.72413e-14 2.12991e-14 -8.96803e-14
16.8 0.199576 -2.55121e-14 0.800448 2.64264e-14 2.21003e-14 -8.87353e-14
16.9 0.197551 -2.46535e-14 0.802473 2.55656e-14 2.28697e-14 -8.7737e-14
17 0.195524 -2.37545e-14 0.8045 2.46638e-14 2.36908e-14 -8.66874e-14
17.1 0.193496 -2.29271e-14 0.806528 2.38316e-14 2.45063e-14 -8.56251e-14
17.2 0.191467 -2.21848e-14 0.808557 2.30884e-14 2.53367e-14 -8.44657e-14
17.3 0.189437 -2.15051e-14 0.810587 2.24063e-14 2.61508e-14 -8.32675e-14
17.4 0.187405 -2.08062e-14 0.812618 2.1705e-14 2.68827e-14 -8.20122e-14
17.5 0.185374 -2.00802e-14 0.81465 2.09789e-14 2.75608e-14 -8.07213e-14
17.6 0.183342 -1.93536e-14 0.816681 2.02531e-14 2.8148e-14 -7.93469e-14
17.7 0.18131 -1.85622e-14 0.818713 1.94622e-14 2.88497e-14 -7.82549e-14
17.8 0.179278 -1.77167e-14 0.820745 1.86126e-14 2.95682e-14 -7.73277e-14
17.9 0.177245 -1.68326e-14 0.822778 1.77273e-14 3.02729e-14 -7.65957e-14
18 0.175212 -1.59951e-14 0.824811 1.68861e-14 3.0971e-14 -7.59266e-14
18.1 0.17318 -1.50781e-14 0.826843 1.59686e-14 3.15536e-14 -7.53272e-14
18.2 0.171149 -1.40913e-14 0.828874 1.49827e-14 3.19609e-14 -7.44003e-14
18.3 0.169119 -1.29623e-14 0.830903 1.38505e-14 3.21148e-14 -7.33289e-14
18.4 0.167092 -1.18399e-14 0.832931 1.27262e-14 3.20822e-14 -7.2032e-14
18.5 0.165066 -1.05911e-14 0.834956 1.14758e-14 3.17821e-14 -7.0406e-14
18.6 0.163043 -9.28633e-15 0.836979 1.01707e-14 3.10575e-14 -6.82517e-14
18.7 0.161023 -7.91457e-15 0.838999 8.79858e-15 2.99719e-14 -6.56141e-14
18.8 0.159007 -6.56177e-15 0.841015 7.44632e-15 2.84784e-14 -6.27972e-14
18.9 0.156995 -5.02197e-15 0.843026 5.90678e-15 2.67862e-14 -5.96957e-14
19 0.154988 -3.31008e-15 0.845034 4.19591e-15 2.50642e-14 -5.64819e-14
19.1 0.152986 -1.55757e-15 0.847035 2.44352e-15 2.33414e-14 -5.30633e-14
19.2 0.150991 4.23495e-16 0.849031 4.62242e-16 2.14577e-14 -4.95221e-14
19.3 0.149003 2.60433e-15 0.851019 -1.71947e-15 1.94358e-14 -4.59189e-14
19.4 0.147022 4.91978e-15 0.852999 -4.03454e-15 1.72563e-14 -4.22492e-14
19.5 0.145051 7.41772e-15 0.85497 -6.53356e-15 1.4906e-14 -3.86115e-14
19.6 0.143089 1.00384e-14 0.856932 -9.15341e-15 1.23554e-14 -3.50238e-14
19.7 0.141136 1.2719e-14 0.858885 -1.18342e-14 9.79847e-15 -3.14207e-14
19.8 0.139193 1.54583e-14 0.860829 -1.45737e-14 6.99872e-15 -2.79536e-14
19.9 0.137259 1.82388e-14 0.862762 -1.73547e-14 4.16992e-15 -2.45448e-14
20 0.135321 2.15122e-14 0.864701 -2.06281e-14 1.32411e-15 -2.11458e-14
