0 1 0 0 0 0 0
0.1 0.998405 3.02325e-11 0.0015976 -2.94121e-08 3.18515e-08 1.96033e-08
0.2 0.993762 3.00919e-11 0.00624838 -1.63594e-08 1.01462e-07 -1.13239e-08
0.3 0.986476 2.97537e-11 0.0135436 7.90866e-09 1.05244e-07 -8.25075e-08
0.4 0.977151 1.92411e-09 0.0228766 1.27955e-07 -2.80319e-08 -8.27717e-08
0.5 0.966494 -1.59248e-09 0.0335399 2.40106e-07 -3.24968e-08 4.16777e-08
0.6 0.955212 -5.30973e-09 0.0448252 4.16888e-07 2.41871e-08 4.99714e-08
0.7 0.943922 6.64703e-09 0.0561166 5.16446e-07 9.06223e-09 8.50039e-08
0.8 0.933081 2.38268e-08 0.0669584 4.6146e-07 -2.54415e-08 7.82573e-08
0.9 0.922945 5.46804e-08 0.0770927 3.93253e-07 7.63404e-09 6.98282e-08
1 0.913578 8.52727e-08 0.0864585 3.55231e-07 1.15984e-07 4.50976e-08
1.1 0.904876 1.04863e-07 0.0951593 2.7576e-07 1.52757e-07 3.0674e-09
1.2 0.896624 8.39816e-08 0.103409 2.89038e-07 5.43139e-08 -1.06817e-07
1.3 0.888565 4.57444e-08 0.111468 3.32546e-07 -1.34717e-07 -2.6004e-07
1.4 0.880458 1.32342e-08 0.119575 3.47025e-07 -3.53066e-07 -3.62558e-07
1.5 0.87213 -2.61139e-08 0.127901 3.22618e-07 -5.03156e-07 -3.75092e-07
1.6 0.863505 -7.44221e-08 0.136523 2.8656e-07 -5.14683e-07 -4.18197e-07
1.7 0.854608 -1.3579e-07 0.145419 4.64314e-07 -5.48021e-07 -5.28887e-07
1.8 0.845544 -2.25212e-07 0.154484 4.26087e-07 -6.48975e-07 -6.37801e-07
1.9 0.836465 -3.37732e-07 0.163564 4.36823e-07 -7.14728e-07 -7.11359e-07
2 0.82753 -4.33614e-07 0.172499 4.52751e-07 -7.34495e-07 -7.4698e-07
2.1 0.818867 -4.61512e-07 0.181164 4.34008e-07 -6.65436e-07 -7.3049e-07
2.2 0.810545 -4.35673e-07 0.189487 3.80212e-07 -6.22222e-07 -7.27174e-07
2.3 0.802564 -4.29243e-07 0.197468 4.28807e-07 -7.0408e-07 -7.30504e-07
2.4 0.794865 -4.9399e-07 0.205168 5.47845e-07 -8.42892e-07 -7.85889e-07
2.5 0.787345 -6.08024e-07 0.212689 6.48842e-07 -9.71797e-07 -9.29771e-07
2.6 0.779885 -6.84465e-07 0.22015 8.31498e-07 -1.08702e-06 -1.06895e-06
2.7 0.772383 -6.85326e-07 0.227651 9.38463e-07 -1.16447e-06 -1.10878e-06
2.8 0.764774 -6.14205e-07 0.235259 8.56297e-07 -1.20194e-06 -1.02047e-06
2.9 0.757042 -5.11042e-07 0.242991 6.22822e-07 -1.1134e-06 -8.83916e-07
3 0.74922 -4.23251e-07 0.250811 3.61832e-07 -9.11214e-07 -7.15634e-07
3.1 0.741381 -3.38127e-07 0.25865 2.7328e-08 -6.44809e-07 -4.85663e-07
3.2 0.733612 -2.85266e-07 0.266418 -2.10227e-07 -5.12851e-07 -1.62527e-07
3.3 0.725997 -2.88043e-07 0.274032 -4.13742e-07 -5.39495e-07 1.29701e-07
3.4 0.718594 -3.93022e-07 0.281435 -4.82367e-07 -6.25719e-07 3.16781e-07
3.5 0.711422 -6.12626e-07 0.288606 -3.65549e-07 -7.64144e-07 4.0686e-07
3.6 0.704463 -8.89984e-07 0.295564 -1.18703e-07 -8.76049e-07 4.56564e-07
3.7 0.697664 -1.14938e-06 0.302363 9.3079e-08 -9.22321e-07 4.08322e-07
3.8 0.690955 -1.34554e-06 0.309072 3.03049e-07 -8.86551e-07 1.86354e-07
3.9 0.684264 -1.47232e-06 0.315762 4.78614e-07 -9.38612e-07 -2.00593e-07
4 0.677539 -1.54109e-06 0.322487 6.44478e-07 -9.91182e-07 -6.19321e-07
4.1 0.670754 -1.52136e-06 0.329273 7.19146e-07 -1.106e-06 -9.58682e-07
4.2 0.663915 -1.39905e-06 0.336112 7.66803e-07 -1.27414e-06 -1.14202e-06
4.3 0.65706 -1.19627e-06 0.342967 6.25468e-07 -1.6477e-06 -1.25806e-06
4.4 0.650242 -9.11288e-07 0.349785 2.68929e-07 -2.18087e-06 -1.40104e-06
4.5 0.643522 -6.09336e-07 0.356506 -1.60333e-07 -2.75701e-06 -1.50749e-06
4.6 0.636946 -3.90647e-07 0.363082 -4.21665e-07 -3.37307e-06 -1.49659e-06
4.7 0.630543 -2.38337e-07 0.369486 -6.21369e-07 -4.06096e-06 -1.36188e-06
4.8 0.624309 -1.53209e-07 0.375719 -6.25402e-07 -4.80135e-06 -1.24284e-06
4.9 0.61822 -1.43306e-07 0.381808 -5.75039e-07 -5.52454e-06 -1.23218e-06
5 0.61223 -2.02748e-07 0.387798 -6.35742e-07 -6.0656e-06 -1.36887e-06
5.1 0.606288 -2.94357e-07 0.393741 -6.57168e-07 -6.1845e-06 -1.66988e-06
5.2 0.600347 -3.72569e-07 0.399682 -5.81368e-07 -5.9005e-06 -2.05769e-06
5.3 0.594379 -4.45329e-07 0.405651 -4.28038e-07 -5.36576e-06 -2.44374e-06
5.4 0.588377 -5.14406e-07 0.411652 -1.95245e-07 -4.73477e-06 -2.75641e-06
5.5 0.58236 -5.9092e-07 0.41767 7.67711e-08 -4.10261e-06 -2.95542e-06
5.6 0.576361 -6.48258e-07 0.42367 1.01659e-07 -3.50154e-06 -3.12436e-06
5.7 0.570422 -6.57687e-07 0.429609 6.6467e-08 -2.87766e-06 -3.28028e-06
5.8 0.564586 -5.99288e-07 0.435446 -6.80815e-08 -2.23904e-06 -3.45013e-06
5.9 0.558878 -4.20199e-07 0.441153 -2.19088e-07 -1.58316e-06 -3.60923e-06
6 0.553309 -1.22715e-07 0.446723 -4.30924e-07 -8.87562e-07 -3.72949e-06
6.1 0.547865 1.97842e-07 0.452167 -7.12083e-07 -2.40116e-07 -3.78985e-06
6.2 0.542519 4.27716e-07 0.457513 -9.51517e-07 2.69018e-07 -3.78878e-06
6.3 0.537233 5.4356e-07 0.462799 -1.02454e-06 5.67336e-07 -3.7707e-06
6.4 0.53197 5.57222e-07 0.468062 -9.3311e-07 5.93677e-07 -3.82704e-06
6.5 0.526702 4.57844e-07 0.473331 -7.04895e-07 4.89495e-07 -4.03446e-06
6.6 0.521416 2.65547e-07 0.478617 -3.61074e-07 4.66377e-07 -4.34935e-06
6.7 0.516117 2.6518e-08 0.483916 5.42061e-08 6.40858e-07 -4.59629e-06
6.8 0.510827 -2.26258e-07 0.489207 4.78884e-07 1.00192e-06 -4.69959e-06
6.9 0.505577 -4.42339e-07 0.494457 8.34207e-07 1.48481e-06 -4.61603e-06
7 0.5004 -5.60977e-07 0.499634 1.07435e-06 1.88012e-06 -4.31814e-06
7.1 0.495322 -6.06773e-07 0.504712 1.19585e-06 2.04322e-06 -3.93731e-06
7.2 0.490357 -6.79398e-07 0.509677 1.36809e-06 1.99828e-06 -3.60178e-06
7.3 0.485503 -8.87063e-07 0.514531 1.65732e-06 1.79523e-06 -3.27364e-06
7.4 0.480744 -1.37432e-06 0.51929 2.19461e-06 1.54678e-06 -3.00313e-06
7.5 0.476051 -2.25441e-06 0.523983 3.0929e-06 1.36866e-06 -2.86079e-06
7.6 0.471395 -3.53144e-06 0.528639 4.41374e-06 1.33533e-06 -2.88111e-06
7.7 0.46675 -5.09907e-06 0.533284 6.10093e-06 1.43647e-06 -3.06864e-06
7.8 0.462098 -6.72916e-06 0.537936 7.85606e-06 1.57391e-06 -3.32211e-06
7.9 0.457437 -8.17235e-06 0.542596 9.41243e-06 1.65558e-06 -3.68924e-06
8 0.45278 -9.10134e-06 0.547253 1.04279e-05 1.71824e-06 -4.13503e-06
8.1 0.448148 -9.38004e-06 0.551885 1.07702e-05 1.84054e-06 -4.55227e-06
8.2 0.443567 -9.15419e-06 0.556465 1.06044e-05 2.05797e-06 -4.83337e-06
8.3 0.439061 -8.67917e-06 0.560971 1.01777e-05 2.35819e-06 -4.93352e-06
8.4 0.434645 -8.11108e-06 0.565386 9.64392e-06 2.66577e-06 -4.87816e-06
8.5 0.430325 -7.47714e-06 0.569707 9.01245e-06 2.84822e-06 -4.76831e-06
8.6 0.42609 -6.73382e-06 0.573941 8.24492e-06 2.8201e-06 -4.63764e-06
8.7 0.421921 -5.87204e-06 0.578109 7.36792e-06 2.48384e-06 -4.4809e-06
8.8 0.417795 -4.97337e-06 0.582236 6.50408e-06 2.00627e-06 -4.32942e-06
8.9 0.413686 -4.20286e-06 0.586344 5.75488e-06 1.79402e-06 -4.26322e-06
9 0.409578 -3.65996e-06 0.590453 5.20784e-06 2.01801e-06 -4.32493e-06
9.1 0.405462 -3.25292e-06 0.594568 4.79112e-06 2.57715e-06 -4.54462e-06
9.2 0.401343 -2.84064e-06 0.598686 4.3463e-06 3.28551e-06 -4.81549e-06
9.3 0.397238 -2.34555e-06 0.602791 3.7771e-06 3.99052e-06 -5.1013e-06
9.4 0.393167 -1.77138e-06 0.606862 3.13979e-06 4.62657e-06 -5.33761e-06
9.5 0.389152 -1.12136e-06 0.610877 2.40494e-06 5.14764e-06 -5.49585e-06
9.6 0.385208 -5.3719e-07 0.614821 1.77271e-06 5.6266e-06 -5.51439e-06
9.7 0.381343 -3.83356e-07 0.618686 1.67043e-06 5.99725e-06 -5.29715e-06
9.8 0.377553 -9.6744e-07 0.622475 2.38009e-06 6.18793e-06 -4.91589e-06
9.9 0.373826 -2.35773e-06 0.626201 3.96639e-06 6.16634e-06 -4.60979e-06
10 0.370145 -4.36709e-06 0.629882 6.20341e-06 6.02558e-06 -4.57366e-06
10.1 0.366489 -6.67015e-06 0.633537 8.73778e-06 5.9074e-06 -4.89783e-06
10.2 0.362843 -8.94948e-06 0.637183 1.12252e-05 5.90051e-06 -5.49492e-06
10.3 0.359197 -1.09639e-05 0.640829 1.33856e-05 6.02101e-06 -6.15158e-06
10.4 0.35555 -1.25063e-05 0.644475 1.49881e-05 6.21186e-06 -6.67134e-06
10.5 0.351914 -1.33482e-05 0.648111 1.58251e-05 6.46455e-06 -6.99275e-06
10.6 0.348302 -1.34093e-05 0.651723 1.58153e-05 6.75155e-06 -7.14206e-06
10.7 0.344733 -1.2936e-05 0.655291 1.52377e-05 7.07702e-06 -7.09724e-06
10.8 0.341223 -1.23539e-05 0.658801 1.45751e-05 7.43868e-06 -6.85886e-06
10.9 0.337782 -1.20634e-05 0.662242 1.42184e-05 7.76555e-06 -6.45164e-06
11 0.33441 -1.20313e-05 0.665613 1.41478e-05 8.06988e-06 -5.93564e-06
11.1 0.3311 -1.2119e-05 0.668924 1.42486e-05 8.22927e-06 -5.41116e-06
11.2 0.327835 -1.24091e-05 0.672188 1.46351e-05 8.24937e-06 -4.94435e-06
11.3 0.324599 -1.29274e-05 0.675423 1.52831e-05 8.14007e-06 -4.5875e-06
11.4 0.321376 -1.36235e-05 0.678646 1.60738e-05 8.01926e-06 -4.45045e-06
11.5 0.318155 -1.45341e-05 0.681867 1.70455e-05 7.98101e-06 -4.52761e-06
11.6 0.314935 -1.58948e-05 0.685087 1.8393e-05 8.07443e-06 -4.64101e-06
11.7 0.31172 -1.72044e-05 0.688302 1.96708e-05 8.46285e-06 -5.00986e-06
11.8 0.308522 -1.80296e-05 0.691499 2.04663e-05 8.85745e-06 -5.36369e-06
11.9 0.305358 -1.83749e-05 0.694663 2.08154e-05 9.24084e-06 -5.59925e-06
12 0.302241 -1.83495e-05 0.69778 2.08147e-05 9.62489e-06 -5.75635e-06
12.1 0.299182 -1.83296e-05 0.700839 2.08356e-05 1.00585e-05 -5.93001e-06
12.2 0.296183 -1.89378e-05 0.703837 2.14694e-05 1.05307e-05 -6.20999e-06
12.3 0.29324 -2.06568e-05 0.70678 2.31773e-05 1.10178e-05 -6.57469e-06
12.4 0.290343 -2.35352e-05 0.709677 2.60158e-05 1.14932e-05 -6.9486e-06
12.5 0.287478 -2.70619e-05 0.712542 2.95225e-05 1.19326e-05 -7.32117e-06
12.6 0.284631 -3.06477e-05 0.715389 3.30817e-05 1.25745e-05 -7.43678e-06
12.7 0.281792 -3.37664e-05 0.718227 3.61948e-05 1.31493e-05 -8.03884e-06
12.8 0.278955 -3.63161e-05 0.721064 3.87568e-05 1.38301e-05 -8.71291e-06
12.9 0.276122 -3.83742e-05 0.723898 4.08553e-05 1.46515e-05 -9.23824e-06
13 0.273299 -3.96392e-05 0.72672 4.21289e-05 1.54684e-05 -9.47904e-06
13.1 0.270498 -4.01803e-05 0.729521 4.26575e-05 1.63067e-05 -9.54697e-06
13.2 0.267732 -4.02692e-05 0.732287 4.27388e-05 1.7272e-05 -9.38491e-06
13.3 0.265011 -4.02262e-05 0.735008 4.2678e-05 1.83542e-05 -9.05357e-06
13.4 0.262342 -4.04525e-05 0.737677 4.29127e-05 1.92705e-05 -8.61388e-06
13.5 0.259724 -4.10966e-05 0.740295 4.35636e-05 1.99044e-05 -8.12177e-06
13.6 0.257151 -4.18358e-05 0.742868 4.43282e-05 2.00295e-05 -7.67133e-06
13.7 0.254613 -4.33808e-05 0.745406 4.5922e-05 1.96851e-05 -7.33297e-06
13.8 0.252097 -4.58713e-05 0.747922 4.84638e-05 1.91551e-05 -7.30275e-06
13.9 0.249592 -4.83472e-05 0.750427 5.0997e-05 1.85805e-05 -7.60469e-06
14 0.247089 -4.99182e-05 0.752929 5.25893e-05 1.81474e-05 -8.14339e-06
14.1 0.244586 -5.00768e-05 0.755432 5.27715e-05 1.79909e-05 -8.83454e-06
14.2 0.242087 -4.82009e-05 0.757931 5.09467e-05 1.80733e-05 -9.53485e-06
14.3 0.239603 -4.4711e-05 0.760415 4.752e-05 1.84307e-05 -1.00952e-05
14.4 0.237145 -4.09769e-05 0.762873 4.38321e-05 1.90339e-05 -1.04296e-05
14.5 0.234723 -3.74217e-05 0.765295 4.02831e-05 1.97852e-05 -1.04156e-05
14.6 0.232345 -3.46171e-05 0.767673 3.74681e-05 2.06074e-05 -1.01891e-05
14.7 0.230011 -3.27901e-05 0.770006 3.56082e-05 2.1578e-05 -9.87169e-06
14.8 0.227719 -3.22321e-05 0.772298 3.50175e-05 2.2489e-05 -9.45199e-06
14.9 0.225462 -3.32709e-05 0.774555 3.60592e-05 2.3184e-05 -9.04112e-06
15 0.223231 -3.52266e-05 0.776786 3.80336e-05 2.35586e-05 -8.78774e-06
15.1 0.221013 -3.69431e-05 0.779004 3.97738e-05 2.36186e-05 -8.84925e-06
15.2 0.218801 -3.7009e-05 0.781216 3.98688e-05 2.33242e-05 -9.17534e-06
15.3 0.216589 -3.51834e-05 0.783428 3.80499e-05 2.28255e-05 -9.88191e-06
15.4 0.214379 -3.19382e-05 0.785637 3.47604e-05 2.23928e-05 -1.06723e-05
15.5 0.212177 -2.77649e-05 0.787839 3.0529e-05 2.21042e-05 -1.12916e-05
15.6 0.209994 -2.37674e-05 0.790022 2.65258e-05 2.19513e-05 -1.16901e-05
15.7 0.20784 -2.11465e-05 0.792176 2.39447e-05 2.19413e-05 -1.19433e-05
15.8 0.205723 -1.90738e-05 0.794292 2.19395e-05 2.19654e-05 -1.19041e-05
15.9 0.203645 -1.7305e-05 0.79637 2.02137e-05 2.19821e-05 -1.19855e-05
16 0.201606 -1.61931e-05 0.798409 1.91467e-05 2.21733e-05 -1.22837e-05
16.1 0.1996 -1.56666e-05 0.800415 1.86665e-05 2.2362e-05 -1.29437e-05
16.2 0.197619 -1.50868e-05 0.802395 1.81209e-05 2.27164e-05 -1.37405e-05
16.3 0.195655 -1.46982e-05 0.804359 1.77746e-05 2.29576e-05 -1.46839e-05
16.4 0.193698 -1.37247e-05 0.806316 1.68376e-05 2.33509e-05 -1.56386e-05
16.5 0.191743 -1.18954e-05 0.808271 1.50256e-05 2.39775e-05 -1.63692e-05
16.6 0.189789 -9.36876e-06 0.810225 1.25345e-05 2.42695e-05 -1.65368e-05
16.7 0.187839 -6.68166e-06 0.812174 9.90328e-06 2.47111e-05 -1.61569e-05
16.8 0.185901 -4.71217e-06 0.814112 7.95745e-06 2.46959e-05 -1.53763e-05
16.9 0.183983 -3.48977e-06 0.81603 6.74382e-06 2.32362e-05 -1.49623e-05
17 0.182093 -2.94758e-06 0.81792 6.23205e-06 2.21121e-05 -1.4595e-05
17.1 0.18024 -3.31793e-06 0.819773 6.66687e-06 2.14636e-05 -1.46744e-05
17.2 0.178425 -4.69906e-06 0.821588 8.1148e-06 2.08624e-05 -1.54946e-05
17.3 0.176644 -6.7941e-06 0.823369 1.02452e-05 2.07795e-05 -1.68654e-05
17.4 0.174887 -8.99095e-06 0.825126 1.24628e-05 2.10316e-05 -1.83082e-05
17.5 0.173145 -1.01324e-05 0.826867 1.36094e-05 2.16699e-05 -1.91058e-05
17.6 0.171411 -9.84405e-06 0.828601 1.33023e-05 2.24264e-05 -1.91778e-05
17.7 0.169679 -8.59541e-06 0.830333 1.20324e-05 2.31598e-05 -1.86268e-05
17.8 0.167945 -6.62478e-06 0.832067 1.00616e-05 2.44542e-05 -1.8138e-05
17.9 0.166209 -4.30216e-06 0.833802 7.75568e-06 2.58819e-05 -1.76179e-05
18 0.164481 -2.17257e-06 0.835531 5.64646e-06 2.73512e-05 -1.78311e-05
18.1 0.162768 -4.39787e-07 0.837243 3.93789e-06 2.87858e-05 -1.87647e-05
18.2 0.161082 4.55029e-07 0.83893 3.06085e-06 3.00258e-05 -1.94469e-05
18.3 0.159427 3.32651e-07 0.840584 3.18258e-06 3.09698e-05 -2.00018e-05
18.4 0.157805 -4.02389e-07 0.842206 3.9059e-06 3.12884e-05 -2.0502e-05
18.5 0.156213 -1.9119e-06 0.843798 5.40179e-06 3.09651e-05 -2.04043e-05
18.6 0.154644 -5.04508e-06 0.845367 8.52685e-06 3.02261e-05 -2.01283e-05
18.7 0.15309 -8.53354e-06 0.846921 1.20093e-05 3.05722e-05 -1.92742e-05
18.8 0.151546 -1.15216e-05 0.848465 1.50068e-05 3.13394e-05 -1.79228e-05
18.9 0.150002 -1.42864e-05 0.850009 1.77724e-05 3.23489e-05 -1.66456e-05
19 0.148454 -1.61065e-05 0.851557 1.95944e-05 3.28594e-05 -1.56971e-05
19.1 0.146905 -1.69475e-05 0.853105 2.04388e-05 3.31214e-05 -1.5331e-05
19.2 0.145363 -1.67601e-05 0.854647 2.02563e-05 3.41372e-05 -1.67307e-05
19.3 0.143832 -1.52416e-05 0.856178 1.87426e-05 3.43795e-05 -1.80925e-05
19.4 0.14232 -1.31363e-05 0.85769 1.66411e-05 3.41555e-05 -1.83314e-05
19.5 0.140832 -1.16278e-05 0.859178 1.51321e-05 3.47859e-05 -1.87289e-05
19.6 0.139374 -1.12341e-05 0.860636 1.47374e-05 3.63646e-05 -1.89673e-05
19.7 0.137947 -1.16244e-05 0.862063 1.51268e-05 3.74605e-05 -1.87762e-05
19.8 0.136531 -1.28057e-05 0.863479 1.6308e-05 3.70601e-05 -1.82248e-05
19.9 0.135109 -1.44798e-05 0.864901 1.79819e-05 3.65824e-05 -1.81919e-05
20 0.133651 -1.56185e-05 0.866359 1.91207e-05 3.79436e-05 -1.76668e-05
