0 1 0 0 0 0 0
0.1 0.998324 5.83651e-06 0.00159746 -1.99899e-08 3.1808e-08 1.95806e-08
0.2 0.993685 5.79464e-06 0.00624411 2.02691e-08 1.01239e-07 -1.12677e-08
0.3 0.986415 5.77239e-06 0.0135221 8.68075e-08 1.04887e-07 -8.209e-08
0.4 0.977126 5.77331e-06 0.0228159 2.60127e-07 -2.82214e-08 -8.23511e-08
0.5 0.966525 5.79379e-06 0.0334148 4.32814e-07 -3.31919e-08 4.14431e-08
0.6 0.955318 5.83839e-06 0.0446164 6.72252e-07 2.34464e-08 4.94317e-08
0.7 0.944107 5.91875e-06 0.0558192 8.35956e-07 8.62444e-09 8.39857e-08
0.8 0.933327 6.01533e-06 0.0665859 8.47519e-07 -2.61086e-08 7.60649e-08
0.9 0.92322 6.11785e-06 0.0766751 8.43352e-07 5.9152e-09 6.54697e-08
1 0.91384 6.19826e-06 0.0860355 8.62471e-07 1.1007e-07 4.0819e-08
1.1 0.905085 6.23888e-06 0.0947699 8.48474e-07 1.42581e-07 -4.86303e-10
1.2 0.896751 6.19542e-06 0.103082 9.27508e-07 4.51505e-08 -1.08693e-07
1.3 0.888599 6.07691e-06 0.111215 1.02207e-06 -1.37274e-07 -2.61326e-07
1.4 0.88041 5.89404e-06 0.119389 1.08855e-06 -3.48795e-07 -3.64991e-07
1.5 0.872027 5.64914e-06 0.127759 1.12772e-06 -4.90896e-07 -3.77839e-07
1.6 0.863384 5.34937e-06 0.136392 1.15314e-06 -4.96187e-07 -4.16976e-07
1.7 0.854506 4.97149e-06 0.145266 1.34804e-06 -5.22453e-07 -5.2481e-07
1.8 0.845487 4.52373e-06 0.154282 1.3217e-06 -6.10776e-07 -6.30083e-07
1.9 0.836468 3.99076e-06 0.163299 1.33686e-06 -6.70433e-07 -7.0245e-07
2 0.82759 3.40866e-06 0.172173 1.33058e-06 -6.76176e-07 -7.30707e-07
2.1 0.818971 2.8369e-06 0.180793 1.31503e-06 -5.92909e-07 -7.05358e-07
2.2 0.81067 2.28837e-06 0.189097 1.27244e-06 -5.41481e-07 -6.86534e-07
2.3 0.802683 1.77424e-06 0.197086 1.34945e-06 -5.99917e-07 -6.68878e-07
2.4 0.794956 1.27564e-06 0.204817 1.52844e-06 -7.01961e-07 -6.97565e-07
2.5 0.787397 7.7585e-07 0.212384 1.69983e-06 -7.80921e-07 -8.10464e-07
2.6 0.779899 4.18032e-07 0.219891 1.92607e-06 -8.50231e-07 -9.34364e-07
2.7 0.772367 1.60075e-07 0.227429 2.05917e-06 -9.0617e-07 -9.76608e-07
2.8 0.764744 1.48821e-08 0.235054 2.00894e-06 -9.44732e-07 -8.96621e-07
2.9 0.75702 -9.47174e-08 0.242779 1.83666e-06 -8.80885e-07 -7.53386e-07
3 0.749226 -1.94318e-07 0.250571 1.62443e-06 -7.17153e-07 -5.76822e-07
3.1 0.741432 -2.68947e-07 0.258366 1.32252e-06 -5.00238e-07 -3.48963e-07
3.2 0.733713 -3.28295e-07 0.266086 1.08915e-06 -3.78042e-07 -4.49778e-08
3.3 0.726141 -2.69202e-07 0.27366 8.75153e-07 -3.94608e-07 2.27778e-07
3.4 0.718765 -3.6147e-07 0.281038 7.77176e-07 -4.82357e-07 3.96616e-07
3.5 0.711599 -6.01444e-07 0.288206 8.42001e-07 -6.16215e-07 4.57187e-07
3.6 0.704623 -8.45004e-07 0.295182 1.02313e-06 -7.19313e-07 4.76062e-07
3.7 0.697789 -1.13948e-06 0.302014 1.20643e-06 -7.56405e-07 4.07991e-07
3.8 0.691037 -1.48621e-06 0.308763 1.4014e-06 -6.95736e-07 2.02398e-07
3.9 0.684307 -1.87182e-06 0.31549 1.5731e-06 -6.80646e-07 -1.20556e-07
4 0.677557 -2.16478e-06 0.322237 1.72484e-06 -6.33417e-07 -4.56737e-07
4.1 0.670766 -2.27789e-06 0.329025 1.75903e-06 -6.1764e-07 -7.06987e-07
4.2 0.663942 -2.25744e-06 0.335847 1.7588e-06 -6.49682e-07 -8.59406e-07
4.3 0.657116 -2.13638e-06 0.342669 1.5654e-06 -8.72215e-07 -9.65003e-07
4.4 0.650337 -1.99989e-06 0.349444 1.2111e-06 -1.26385e-06 -1.1107e-06
4.5 0.643653 -1.99894e-06 0.356125 8.33706e-07 -1.72798e-06 -1.25499e-06
4.6 0.637104 -2.19602e-06 0.362672 5.97139e-07 -2.23247e-06 -1.31468e-06
4.7 0.630711 -2.53433e-06 0.369066 3.71513e-07 -2.8003e-06 -1.28155e-06
4.8 0.62447 -2.79447e-06 0.375309 2.85006e-07 -3.39989e-06 -1.26061e-06
4.9 0.618356 -3.19951e-06 0.381426 2.26702e-07 -3.96744e-06 -1.31821e-06
5 0.612332 -3.7278e-06 0.387454 9.69483e-08 -4.35597e-06 -1.46837e-06
5.1 0.606354 -4.05052e-06 0.393436 -3.71634e-09 -4.36704e-06 -1.73193e-06
5.2 0.600387 -4.19498e-06 0.399406 -1.63315e-08 -4.04613e-06 -2.06081e-06
5.3 0.59441 -4.00436e-06 0.405386 6.23366e-08 -3.53306e-06 -2.38899e-06
5.4 0.58842 -3.75219e-06 0.411379 1.897e-07 -2.91713e-06 -2.65668e-06
5.5 0.582431 -3.54913e-06 0.41737 3.18117e-07 -2.26385e-06 -2.80565e-06
5.6 0.57647 -3.22633e-06 0.423331 2.18079e-07 -1.63404e-06 -2.91953e-06
5.7 0.570573 -3.23148e-06 0.429228 1.32458e-07 -9.9116e-07 -3.00664e-06
5.8 0.564769 -3.34886e-06 0.435031 4.06761e-08 -3.56726e-07 -3.09049e-06
5.9 0.559077 -3.37021e-06 0.440721 -5.26226e-11 2.52024e-07 -3.14967e-06
6 0.553504 -3.83417e-06 0.446292 -1.07409e-07 8.7572e-07 -3.16009e-06
6.1 0.548037 -4.20764e-06 0.451757 -2.84357e-07 1.4626e-06 -3.092e-06
6.2 0.542653 -4.16525e-06 0.457138 -4.85698e-07 1.93428e-06 -2.93106e-06
6.3 0.537325 -3.90502e-06 0.462464 -5.78537e-07 2.19884e-06 -2.75254e-06
6.4 0.532027 -3.4883e-06 0.467761 -5.29918e-07 2.18443e-06 -2.66841e-06
6.5 0.526738 -2.74775e-06 0.473049 -3.61917e-07 2.00239e-06 -2.77215e-06
6.6 0.521453 -2.17748e-06 0.478335 -7.57339e-08 1.90214e-06 -3.02041e-06
6.7 0.516176 -1.71534e-06 0.483614 2.72924e-07 2.03778e-06 -3.20735e-06
6.8 0.510922 -1.45376e-06 0.488869 6.1918e-07 2.40562e-06 -3.23362e-06
6.9 0.505715 -1.31014e-06 0.494078 8.83566e-07 2.92619e-06 -3.05062e-06
7 0.500576 -1.10967e-06 0.499217 1.0361e-06 3.3883e-06 -2.61924e-06
7.1 0.495523 -7.55325e-07 0.50427 1.08369e-06 3.58713e-06 -2.07429e-06
7.2 0.490563 -2.80011e-07 0.509229 1.17853e-06 3.51752e-06 -1.56105e-06
7.3 0.485693 -7.54618e-08 0.514099 1.367e-06 3.2152e-06 -1.06304e-06
7.4 0.480901 -2.45762e-07 0.518891 1.75629e-06 2.82007e-06 -6.6148e-07
7.5 0.476167 -9.37952e-07 0.523625 2.44203e-06 2.49228e-06 -4.50392e-07
7.6 0.471473 -2.01835e-06 0.528321 3.47635e-06 2.34093e-06 -4.62983e-07
7.7 0.466801 -3.38344e-06 0.532995 4.77133e-06 2.37615e-06 -6.91194e-07
7.8 0.462142 -4.87162e-06 0.537657 6.09526e-06 2.51515e-06 -9.95248e-07
7.9 0.457494 -6.2333e-06 0.542305 7.30218e-06 2.63979e-06 -1.45312e-06
8 0.452867 -7.36828e-06 0.546932 8.13901e-06 2.76719e-06 -2.00844e-06
8.1 0.448277 -8.0759e-06 0.551523 8.53894e-06 2.96397e-06 -2.53787e-06
8.2 0.443738 -8.36858e-06 0.556062 8.66916e-06 3.24878e-06 -2.91128e-06
8.3 0.439264 -8.46468e-06 0.560535 8.74431e-06 3.59292e-06 -3.06524e-06
8.4 0.434865 -8.465e-06 0.564935 8.82056e-06 3.9304e-06 -3.00706e-06
8.5 0.430538 -8.36251e-06 0.569262 8.79987e-06 4.15542e-06 -2.85369e-06
8.6 0.426278 -8.09135e-06 0.573522 8.60304e-06 4.20165e-06 -2.65597e-06
8.7 0.422071 -7.72313e-06 0.577728 8.19749e-06 3.96185e-06 -2.4177e-06
8.8 0.417904 -7.14105e-06 0.581895 7.64554e-06 3.55905e-06 -2.16001e-06
8.9 0.413764 -6.55262e-06 0.586036 7.0886e-06 3.39781e-06 -1.97474e-06
9 0.409641 -6.07276e-06 0.590159 6.68045e-06 3.66318e-06 -1.92305e-06
9.1 0.405532 -5.59374e-06 0.594268 6.45227e-06 4.27313e-06 -2.03776e-06
9.2 0.401442 -5.06913e-06 0.598358 6.32107e-06 5.01958e-06 -2.19766e-06
9.3 0.397379 -4.43391e-06 0.602419 6.17632e-06 5.70446e-06 -2.35617e-06
9.4 0.393356 -3.85579e-06 0.606442 6.01721e-06 6.25904e-06 -2.47597e-06
9.5 0.389382 -3.15464e-06 0.610415 5.78262e-06 6.72033e-06 -2.5419e-06
9.6 0.385463 -2.52398e-06 0.614332 5.63736e-06 7.15634e-06 -2.42265e-06
9.7 0.381602 -2.26615e-06 0.618193 5.87469e-06 7.49634e-06 -2.01145e-06
9.8 0.377793 -2.63587e-06 0.622 6.62523e-06 7.65848e-06 -1.41674e-06
9.9 0.374032 -3.65478e-06 0.62576 7.87668e-06 7.60019e-06 -8.9984e-07
10 0.370307 -5.06761e-06 0.629484 9.42676e-06 7.39227e-06 -6.49965e-07
10.1 0.366612 -6.53986e-06 0.633179 1.10533e-05 7.15615e-06 -7.58921e-07
10.2 0.362939 -7.87424e-06 0.636851 1.24952e-05 7.00763e-06 -1.17222e-06
10.3 0.359286 -8.85129e-06 0.640504 1.35614e-05 7.00645e-06 -1.70725e-06
10.4 0.355656 -9.39058e-06 0.644134 1.42035e-05 7.10596e-06 -2.1739e-06
10.5 0.352052 -9.45653e-06 0.647737 1.43361e-05 7.30044e-06 -2.46407e-06
10.6 0.348484 -8.95094e-06 0.651306 1.38735e-05 7.56565e-06 -2.55813e-06
10.7 0.344957 -7.94464e-06 0.654832 1.29584e-05 7.90188e-06 -2.43117e-06
10.8 0.341478 -6.70024e-06 0.65831 1.185e-05 8.31854e-06 -2.07289e-06
10.9 0.338049 -5.47667e-06 0.661739 1.07877e-05 8.76201e-06 -1.487e-06
11 0.334667 -4.41366e-06 0.665121 9.82068e-06 9.19899e-06 -7.91128e-07
11.1 0.331327 -3.41439e-06 0.668461 8.9592e-06 9.39211e-06 -5.9229e-08
11.2 0.328022 -2.67039e-06 0.671766 8.45271e-06 9.3451e-06 6.5858e-07
11.3 0.324745 -2.29592e-06 0.675043 8.35828e-06 9.08879e-06 1.25309e-06
11.4 0.321489 -2.39991e-06 0.6783 8.62795e-06 8.69528e-06 1.58046e-06
11.5 0.318253 -3.18025e-06 0.681536 9.41724e-06 8.20763e-06 1.67184e-06
11.6 0.315038 -4.77464e-06 0.684752 1.08504e-05 7.93749e-06 1.61475e-06
11.7 0.311847 -6.60003e-06 0.687943 1.24222e-05 8.06975e-06 1.23867e-06
11.8 0.308686 -8.19531e-06 0.691105 1.36292e-05 8.43916e-06 7.98893e-07
11.9 0.30556 -9.37918e-06 0.694232 1.43503e-05 8.9269e-06 4.70868e-07
12 0.302473 -1.00773e-05 0.69732 1.4602e-05 9.4265e-06 2.83503e-07
12.1 0.299426 -1.04539e-05 0.700367 1.46985e-05 9.93565e-06 1.65028e-07
12.2 0.296419 -1.09486e-05 0.703375 1.50326e-05 1.04591e-05 1.1611e-08
12.3 0.293447 -1.17851e-05 0.706348 1.57439e-05 1.09411e-05 -1.88424e-07
12.4 0.290507 -1.27562e-05 0.709288 1.66353e-05 1.13266e-05 -4.03034e-07
12.5 0.287594 -1.38813e-05 0.712201 1.77388e-05 1.15848e-05 -5.97266e-07
12.6 0.284705 -1.54772e-05 0.715089 1.92634e-05 1.18928e-05 -6.36191e-07
12.7 0.281839 -1.74741e-05 0.717955 2.10777e-05 1.21768e-05 -9.35668e-07
12.8 0.278995 -1.94508e-05 0.720798 2.28219e-05 1.2579e-05 -1.22417e-06
12.9 0.276178 -2.0981e-05 0.723615 2.42154e-05 1.30928e-05 -1.34061e-06
13 0.273388 -2.19787e-05 0.726405 2.50395e-05 1.36904e-05 -1.27156e-06
13.1 0.270629 -2.24058e-05 0.729164 2.52901e-05 1.44107e-05 -1.08394e-06
13.2 0.267903 -2.2206e-05 0.731891 2.4948e-05 1.53278e-05 -7.34953e-07
13.3 0.265209 -2.13867e-05 0.734585 2.41069e-05 1.64046e-05 -1.67256e-07
13.4 0.262547 -2.03379e-05 0.737247 2.3106e-05 1.73902e-05 5.63921e-07
13.5 0.259915 -1.91444e-05 0.73988 2.19189e-05 1.81751e-05 1.485e-06
13.6 0.25731 -1.77857e-05 0.742485 2.0542e-05 1.85012e-05 2.53782e-06
13.7 0.254732 -1.72149e-05 0.745064 1.99985e-05 1.83254e-05 3.52429e-06
13.8 0.252177 -1.78129e-05 0.747618 2.06324e-05 1.78668e-05 4.11302e-06
13.9 0.249646 -1.9186e-05 0.75015 2.20421e-05 1.73007e-05 4.26025e-06
14 0.247137 -2.09262e-05 0.75266 2.37302e-05 1.68251e-05 4.14128e-06
14.1 0.24465 -2.24731e-05 0.755148 2.51886e-05 1.66722e-05 3.81823e-06
14.2 0.242186 -2.29325e-05 0.757612 2.56109e-05 1.69052e-05 3.49299e-06
14.3 0.239748 -2.15032e-05 0.76005 2.41842e-05 1.74516e-05 3.3242e-06
14.4 0.237337 -1.85567e-05 0.762461 2.12928e-05 1.81107e-05 3.44344e-06
14.5 0.234952 -1.488e-05 0.764846 1.76945e-05 1.88106e-05 3.91141e-06
14.6 0.232593 -1.11002e-05 0.767205 1.39299e-05 1.94804e-05 4.58978e-06
14.7 0.230258 -8.07407e-06 0.769541 1.09081e-05 2.02764e-05 5.37127e-06
14.8 0.227943 -6.14391e-06 0.771856 8.98773e-06 2.11697e-05 6.32927e-06
14.9 0.225649 -5.49068e-06 0.77415 8.36825e-06 2.19651e-05 7.40382e-06
15 0.223376 -5.82436e-06 0.776422 8.78533e-06 2.24845e-05 8.47045e-06
15.1 0.221126 -6.4521e-06 0.778673 9.49496e-06 2.26901e-05 9.36362e-06
15.2 0.218897 -7.1394e-06 0.780902 1.02342e-05 2.25137e-05 9.89163e-06
15.3 0.216691 -7.75646e-06 0.783108 1.08687e-05 2.21836e-05 1.00047e-05
15.4 0.214509 -7.6451e-06 0.785291 1.07003e-05 2.18456e-05 9.94748e-06
15.5 0.21235 -6.12746e-06 0.78745 9.08072e-06 2.15047e-05 9.95271e-06
15.6 0.210216 -3.57321e-06 0.789584 6.47504e-06 2.11431e-05 1.01272e-05
15.7 0.208107 -6.73327e-07 0.791695 3.65856e-06 2.07787e-05 1.04419e-05
15.8 0.206018 2.89469e-06 0.793783 1.98276e-07 2.0299e-05 1.09921e-05
15.9 0.203948 7.22759e-06 0.795854 -4.09649e-06 1.97728e-05 1.14705e-05
16 0.201895 1.16476e-05 0.797907 -8.52476e-06 1.95564e-05 1.19033e-05
16.1 0.199859 1.55737e-05 0.799944 -1.24093e-05 1.94596e-05 1.20942e-05
16.2 0.19784 1.86883e-05 0.801963 -1.54451e-05 1.95937e-05 1.22404e-05
16.3 0.195839 2.01257e-05 0.803963 -1.68019e-05 1.96418e-05 1.22956e-05
16.4 0.193859 2.00058e-05 0.805944 -1.66341e-05 1.98567e-05 1.23232e-05
16.5 0.191899 1.90832e-05 0.807904 -1.56886e-05 2.02399e-05 1.25429e-05
16.6 0.189961 1.81572e-05 0.809842 -1.47198e-05 2.04946e-05 1.32279e-05
16.7 0.188045 1.76377e-05 0.811758 -1.41277e-05 2.07821e-05 1.42541e-05
16.8 0.186151 1.72597e-05 0.813651 -1.369e-05 2.06425e-05 1.55989e-05
16.9 0.184278 1.73762e-05 0.815524 -1.37632e-05 1.94001e-05 1.67133e-05
17 0.182424 1.82504e-05 0.817377 -1.45898e-05 1.84887e-05 1.77218e-05
17.1 0.180589 1.97374e-05 0.819212 -1.60016e-05 1.77583e-05 1.82591e-05
17.2 0.178769 2.11153e-05 0.821031 -1.73097e-05 1.71619e-05 1.81639e-05
17.3 0.176964 2.19926e-05 0.822836 -1.81477e-05 1.69478e-05 1.75273e-05
17.4 0.175171 2.22677e-05 0.824629 -1.83991e-05 1.68756e-05 1.66584e-05
17.5 0.173391 2.25908e-05 0.826409 -1.87254e-05 1.69685e-05 1.62623e-05
17.6 0.171627 2.33377e-05 0.828173 -1.94952e-05 1.70312e-05 1.6497e-05
17.7 0.169882 2.42255e-05 0.829918 -2.04042e-05 1.71394e-05 1.7352e-05
17.8 0.168156 2.51529e-05 0.831644 -2.13417e-05 1.76365e-05 1.82565e-05
17.9 0.16645 2.58227e-05 0.833351 -2.20147e-05 1.8412e-05 1.93379e-05
18 0.164764 2.58693e-05 0.835036 -2.20628e-05 1.92272e-05 1.98485e-05
18.1 0.163099 2.54968e-05 0.836701 -2.16786e-05 1.98801e-05 1.97249e-05
18.2 0.161451 2.49923e-05 0.838349 -2.11652e-05 2.02568e-05 1.98302e-05
18.3 0.159818 2.49359e-05 0.839982 -2.1103e-05 2.02265e-05 2.00611e-05
18.4 0.158196 2.5811e-05 0.841604 -2.19766e-05 1.96132e-05 2.03882e-05
18.5 0.156584 2.69817e-05 0.843216 -2.31595e-05 1.85896e-05 2.12941e-05
18.6 0.15498 2.68335e-05 0.844819 -2.30172e-05 1.74195e-05 2.22178e-05
18.7 0.153387 2.57306e-05 0.846413 -2.1916e-05 1.74935e-05 2.36792e-05
18.8 0.151808 2.42107e-05 0.847992 -2.03889e-05 1.81109e-05 2.53945e-05
18.9 0.150244 2.19656e-05 0.849555 -1.81419e-05 1.8825e-05 2.68453e-05
19 0.148699 1.98648e-05 0.8511 -1.60385e-05 1.9004e-05 2.79429e-05
19.1 0.147176 1.8118e-05 0.852623 -1.4288e-05 1.86494e-05 2.83814e-05
19.2 0.145677 1.67896e-05 0.854122 -1.29565e-05 1.87036e-05 2.7185e-05
19.3 0.144197 1.64136e-05 0.855602 -1.25764e-05 1.76898e-05 2.61047e-05
19.4 0.14273 1.6761e-05 0.857069 -1.29206e-05 1.60131e-05 2.61997e-05
19.5 0.141273 1.74168e-05 0.858526 -1.35766e-05 1.51262e-05 2.63307e-05
19.6 0.139824 1.82511e-05 0.859975 -1.44113e-05 1.49952e-05 2.69233e-05
19.7 0.138382 1.94988e-05 0.861417 -1.56592e-05 1.4519e-05 2.81432e-05
19.8 0.136934 2.07236e-05 0.862865 -1.68839e-05 1.29979e-05 2.96972e-05
19.9 0.135472 2.15426e-05 0.864327 -1.7703e-05 1.16488e-05 3.06389e-05
20 0.133977 2.22986e-05 0.865822 -1.8459e-05 1.21765e-05 3.17427e-05
