0 1 0 0 0 0 0
0.3 0.970446 0 0.0295545 0 0 0
0.6 0.941765 0 0.0582355 0 0 0
0.9 0.913931 0 0.0860688 0 0 0
1.2 0.88692 0 0.11308 0 0 0
1.5 0.860708 0 0.139292 0 0 0
1.8 0.83527 0 0.16473 0 0 0
2.1 0.810584 0 0.189416 0 0 0
2.4 0.786628 0 0.213372 0 0 0
2.7 0.763379 0 0.236621 0 0 0
3 0.740818 0 0.259182 0 0 0
3.3 0.718924 0 0.281076 0 0 0
3.6 0.697676 0 0.302324 0 0 0
3.9 0.677057 0 0.322943 0 0 0
4.2 0.657047 0 0.342953 0 0 0
4.5 0.637628 0 0.362372 0 0 0
4.8 0.618783 0 0.381217 0 0 0
5.1 0.600496 0 0.399504 0 0 0
5.4 0.582748 0 0.417252 0 0 0
5.7 0.565525 0 0.434475 0 0 0
6 0.548812 0 0.451188 0 0 0
6.3 0.532592 0 0.467408 0 0 0
6.6 0.516851 0 0.483149 0 0 0
6.9 0.501576 0 0.498424 0 0 0
7.2 0.486752 0 0.513248 0 0 0
7.5 0.472367 0 0.527633 0 0 0
7.8 0.458406 0 0.541594 0 0 0
8.1 0.444858 0 0.555142 0 0 0
8.4 0.431711 0 0.568289 0 0 0
8.7 0.418952 0 0.581048 0 0 0
9 0.40657 0 0.59343 0 0 0
9.3 0.394554 0 0.605446 0 0 0
9.6 0.382893 0 0.617107 0 0 0
9.9 0.371577 0 0.628423 0 0 0
10.2 0.360595 0 0.639405 0 0 0
10.5 0.349938 0 0.650062 0 0 0
10.8 0.339596 0 0.660404 0 0 0
11.1 0.329559 0 0.670441 0 0 0
11.4 0.319819 0 0.680181 0 0 0
11.7 0.310367 0 0.689633 0 0 0
12 0.301194 0 0.698806 0 0 0
12.3 0.292293 0 0.707707 0 0 0
12.6 0.283654 0 0.716346 0 0 0
12.9 0.275271 0 0.724729 0 0 0
13.2 0.267135 0 0.732865 0 0 0
13.5 0.25924 0 0.74076 0 0 0
13.8 0.251579 0 0.748421 0 0 0
14.1 0.244143 0 0.755857 0 0 0
14.4 0.236928 0 0.763072 0 0 0
14.7 0.229925 0 0.770075 0 0 0
15 0.22313 0 0.77687 0 0 0
15.3 0.216536 0 0.783464 0 0 0
15.6 0.210136 0 0.789864 0 0 0
15.9 0.203926 0 0.796074 0 0 0
16.2 0.197899 0 0.802101 0 0 0
16.5 0.19205 0 0.80795 0 0 0
16.8 0.186374 0 0.813626 0 0 0
17.1 0.180866 0 0.819134 0 0 0
17.4 0.17552 0 0.82448 0 0 0
17.7 0.170333 0 0.829667 0 0 0
18 0.165299 0 0.834701 0 0 0
18.3 0.160414 0 0.839586 0 0 0
18.6 0.155673 0 0.844327 0 0 0
18.9 0.151072 0 0.848928 0 0 0
19.2 0.146607 0 0.853393 0 0 0
19.5 0.142274 0 0.857726 0 0 0
19.8 0.138069 0 0.861931 0 0 0
