0 0 0
0.1 0.00249786 -9.7524e-18
0.2 0.00996322 -5.61115e-17
0.3 0.0223118 -7.75627e-17
0.4 0.0394041 -1.29604e-16
0.5 0.0610476 -1.86724e-16
0.6 0.0869991 -6.15142e-17
0.7 0.116968 -1.29573e-16
0.8 0.15062 -2.1372e-16
0.9 0.187579 -3.5301e-16
1 0.227436 -6.60649e-16
1.1 0.26975 -7.80202e-16
1.2 0.314058 -8.91754e-16
1.3 0.359875 -1.23725e-15
1.4 0.406703 -1.93658e-15
1.5 0.454039 -2.38144e-15
1.6 0.501376 -1.87117e-15
1.7 0.548212 -1.97004e-15
1.8 0.594057 -2.16183e-15
1.9 0.638436 -2.7249e-15
2 0.680895 -3.31054e-15
2.1 0.721007 -3.5927e-15
2.2 0.758376 -3.26735e-15
2.3 0.792642 -3.90014e-15
2.4 0.823484 -4.4452e-15
2.5 0.850626 -4.98859e-15
2.6 0.873835 -5.80864e-15
2.7 0.892929 -6.4281e-15
2.8 0.907774 -5.81287e-15
2.9 0.918285 -4.92803e-15
3 0.924429 -5.16796e-15
3.1 0.926224 -4.91579e-15
3.2 0.923734 -3.79544e-15
3.3 0.917074 -2.76338e-15
3.4 0.906402 -1.98827e-15
3.5 0.891921 -4.50843e-16
3.6 0.873871 6.57778e-16
3.7 0.852528 2.23943e-15
3.8 0.828199 4.15361e-15
3.9 0.80122 5.1331e-15
4 0.771947 5.84446e-15
4.1 0.740756 7.44403e-15
4.2 0.708036 8.24654e-15
4.3 0.674182 9.71597e-15
4.4 0.639594 1.02904e-14
4.5 0.604669 1.11466e-14
4.6 0.569801 1.14241e-14
4.7 0.535369 1.20608e-14
4.8 0.501739 1.24693e-14
4.9 0.46926 1.28997e-14
5 0.438255 1.37586e-14
5.1 0.409023 1.42233e-14
5.2 0.381836 1.46455e-14
5.3 0.356933 1.537e-14
5.4 0.334521 1.60696e-14
5.5 0.314773 1.74071e-14
5.6 0.297825 1.82707e-14
5.7 0.28378 1.92166e-14
5.8 0.272702 2.00929e-14
5.9 0.264619 2.08724e-14
6 0.259526 2.12427e-14
6.1 0.257381 2.12224e-14
6.2 0.258113 2.10428e-14
6.3 0.261618 2.09459e-14
6.4 0.267765 1.98258e-14
6.5 0.276397 1.83025e-14
6.6 0.287333 1.5937e-14
6.7 0.300371 1.37505e-14
6.8 0.315294 1.05358e-14
6.9 0.331869 6.92901e-15
7 0.349852 2.77068e-15
7.1 0.368995 -2.41469e-15
7.2 0.38904 -8.12524e-15
7.3 0.409734 -1.41942e-14
7.4 0.430822 -2.07611e-14
7.5 0.452056 -2.85606e-14
7.6 0.473195 -3.64854e-14
7.7 0.49401 -4.4706e-14
7.8 0.514283 -5.30037e-14
7.9 0.533813 -6.20872e-14
8 0.552415 -7.14891e-14
8.1 0.569924 -8.19312e-14
8.2 0.586197 -9.09844e-14
8.3 0.601111 -9.98276e-14
8.4 0.614564 -1.08812e-13
8.5 0.626479 -1.16966e-13
8.6 0.636801 -1.24843e-13
8.7 0.645498 -1.31791e-13
8.8 0.652558 -1.37351e-13
8.9 0.657991 -1.42352e-13
9 0.661828 -1.45251e-13
9.1 0.664118 -1.47221e-13
9.2 0.664928 -1.4744e-13
9.3 0.664339 -1.45133e-13
9.4 0.662448 -1.41582e-13
9.5 0.65936 -1.35588e-13
9.6 0.655194 -1.26794e-13
9.7 0.650075 -1.15743e-13
9.8 0.644132 -1.02992e-13
9.9 0.637499 -8.74254e-14
10 0.630311 -6.96588e-14
