0 0 0
0.1 0.00249786 -7.75161e-17
0.2 0.00996322 -3.0723e-16
0.3 0.0223118 -6.92156e-16
0.4 0.0394041 -1.18881e-15
0.5 0.0610476 -1.88722e-15
0.6 0.0869992 -2.67088e-15
0.7 0.116968 -3.29333e-15
0.8 0.15062 -4.35985e-15
0.9 0.187579 -5.51578e-15
1 0.227436 -6.88335e-15
1.1 0.269751 -8.4768e-15
1.2 0.314058 -1.07541e-14
1.3 0.359875 -1.21118e-14
1.4 0.406703 -1.40695e-14
1.5 0.454039 -1.56314e-14
1.6 0.501376 -1.78837e-14
1.7 0.548212 -2.00576e-14
1.8 0.594058 -2.15585e-14
1.9 0.638437 -2.37861e-14
2 0.680895 -2.55111e-14
2.1 0.721007 -2.74581e-14
2.2 0.758376 -3.07047e-14
2.3 0.792642 -3.21675e-14
2.4 0.823484 -3.45619e-14
2.5 0.850626 -3.55631e-14
2.6 0.873835 -3.73472e-14
2.7 0.89293 -3.71387e-14
2.8 0.907774 -3.76679e-14
2.9 0.918285 -3.9538e-14
3 0.92443 -3.8286e-14
3.1 0.926224 -3.71716e-14
3.2 0.923735 -3.44599e-14
3.3 0.917075 -3.31568e-14
3.4 0.906404 -3.25203e-14
3.5 0.891923 -3.19983e-14
3.6 0.873872 -2.96982e-14
3.7 0.852528 -2.7018e-14
3.8 0.828199 -2.45288e-14
3.9 0.801219 -2.2718e-14
4 0.771946 -1.96909e-14
4.1 0.740753 -1.84935e-14
4.2 0.708031 -1.71963e-14
4.3 0.674175 -1.76932e-14
4.4 0.639585 -1.73065e-14
4.5 0.604659 -1.6953e-14
4.6 0.569789 -1.67909e-14
4.7 0.535355 -1.69197e-14
4.8 0.501724 -1.65725e-14
4.9 0.469242 -1.63276e-14
5 0.438235 -1.59493e-14
5.1 0.409001 -1.66236e-14
5.2 0.381811 -1.71839e-14
5.3 0.356904 -1.71226e-14
5.4 0.334487 -1.70185e-14
5.5 0.314733 -1.64768e-14
5.6 0.29778 -1.56223e-14
5.7 0.283729 -1.51073e-14
5.8 0.272645 -1.49152e-14
5.9 0.264556 -1.47381e-14
6 0.259456 -1.41106e-14
6.1 0.257304 -1.42278e-14
6.2 0.258028 -1.43399e-14
6.3 0.261523 -1.48877e-14
6.4 0.267659 -1.49538e-14
6.5 0.276277 -1.54615e-14
6.6 0.287198 -1.62225e-14
6.7 0.300221 -1.67101e-14
6.8 0.315127 -1.67828e-14
6.9 0.331684 -1.77016e-14
7 0.34965 -1.9118e-14
7.1 0.368773 -2.02801e-14
7.2 0.3888 -2.14895e-14
7.3 0.409476 -2.35337e-14
7.4 0.430546 -2.51424e-14
7.5 0.451765 -2.66322e-14
7.6 0.472889 -2.87986e-14
7.7 0.493691 -3.1241e-14
7.8 0.513954 -3.33843e-14
7.9 0.533476 -3.60119e-14
8 0.552074 -3.95532e-14
8.1 0.569583 -4.4665e-14
8.2 0.58586 -4.91257e-14
8.3 0.600781 -5.4396e-14
8.4 0.614247 -6.09781e-14
8.5 0.626179 -6.87377e-14
8.6 0.636523 -7.58753e-14
8.7 0.645246 -8.25255e-14
8.8 0.652337 -8.85871e-14
8.9 0.657807 -9.44237e-14
9 0.661686 -9.86726e-14
9.1 0.664022 -1.02506e-13
9.2 0.664883 -1.05822e-13
9.3 0.66435 -1.08867e-13
9.4 0.662518 -1.11082e-13
9.5 0.659493 -1.11588e-13
9.6 0.655394 -1.13175e-13
9.7 0.650342 -1.13445e-13
9.8 0.644469 -1.13297e-13
9.9 0.637905 -1.12614e-13
10 0.630785 -1.10804e-13
