0 0 0
0.1 0.00249786 3.20451e-18
0.2 0.00980083 3.7989e-17
0.3 0.0213538 6.88542e-17
0.4 0.0362856 1.34182e-16
0.5 0.053485 2.42599e-16
0.6 0.0716944 3.55552e-16
0.7 0.0896142 4.65166e-16
0.8 0.106007 5.75134e-16
0.9 0.119791 6.49336e-16
1 0.130116 7.03346e-16
1.1 0.136419 7.41668e-16
1.2 0.138449 7.75921e-16
1.3 0.13627 7.74595e-16
1.4 0.130231 7.16707e-16
1.5 0.120929 6.54015e-16
1.6 0.109144 6.13064e-16
1.7 0.0957736 5.6244e-16
1.8 0.0817606 5.49654e-16
1.9 0.0680266 5.69971e-16
2 0.0554104 5.82968e-16
2.1 0.0446192 6.15887e-16
2.2 0.0361931 6.43037e-16
2.3 0.0304838 6.31507e-16
2.4 0.0276478 5.61274e-16
2.5 0.0276539 4.37724e-16
2.6 0.0303009 2.69748e-16
2.7 0.0352458 6.87421e-17
2.8 0.0420361 -1.30385e-16
2.9 0.0501478 -3.41018e-16
3 0.0590226 -5.53276e-16
3.1 0.0681051 -7.60012e-16
3.2 0.0768749 -9.6874e-16
3.3 0.0848741 -1.09698e-15
3.4 0.0917277 -1.13901e-15
3.5 0.0971562 -1.05337e-15
3.6 0.100983 -8.45866e-16
3.7 0.103132 -5.07953e-16
3.8 0.103625 -4.1836e-17
3.9 0.102569 5.12266e-16
4 0.100141 1.12406e-15
4.1 0.0965723 1.70302e-15
4.2 0.0921328 2.11657e-15
4.3 0.0871095 2.29926e-15
4.4 0.081793 2.25426e-15
4.5 0.0764627 1.99724e-15
4.6 0.0713751 1.61834e-15
4.7 0.0667535 1.1925e-15
4.8 0.0627808 7.38806e-16
4.9 0.0595931 2.91693e-16
5 0.0572766 -3.40869e-18
5.1 0.0558666 -4.17919e-17
5.2 0.0553507 2.98236e-16
5.3 0.0556741 9.12546e-16
5.4 0.0567464 1.70684e-15
5.5 0.0584504 2.41864e-15
5.6 0.0606523 2.80967e-15
5.7 0.0632128 2.72796e-15
5.8 0.0659972 2.07353e-15
5.9 0.0688839 8.31388e-16
6 0.0717688 -6.71851e-16
6.1 0.0745679 -2.20312e-15
6.2 0.0772147 -3.51376e-15
6.3 0.0796561 -4.5031e-15
6.4 0.0818465 -5.21827e-15
6.5 0.0837407 -5.75325e-15
6.6 0.0852892 -6.04309e-15
6.7 0.0864354 -6.06698e-15
6.8 0.0871156 -5.7909e-15
6.9 0.087263 -5.18572e-15
7 0.0868151 -4.33451e-15
7.1 0.0857241 -3.37398e-15
7.2 0.0839685 -2.38468e-15
7.3 0.0815651 -1.44465e-15
7.4 0.0785774 -6.10505e-16
7.5 0.0751222 3.03061e-16
7.6 0.0713699 1.37703e-15
7.7 0.0675406 2.6314e-15
7.8 0.0638917 4.02459e-15
7.9 0.0607022 5.45913e-15
8 0.058249 6.69875e-15
8.1 0.0567821 7.45103e-15
8.2 0.0564973 7.43422e-15
8.3 0.0575113 6.44203e-15
8.4 0.059841 4.42378e-15
8.5 0.063391 1.5023e-15
8.6 0.0679484 -2.10476e-15
8.7 0.0731904 -6.12837e-15
8.8 0.0787038 -1.02899e-14
8.9 0.0840163 -1.43236e-14
9 0.088637 -1.79772e-14
9.1 0.0921021 -2.09986e-14
9.2 0.0940224 -2.3214e-14
9.3 0.0941274 -2.45221e-14
9.4 0.0923006 -2.49164e-14
9.5 0.0886018 -2.43877e-14
9.6 0.0832735 -2.29206e-14
9.7 0.0767281 -2.05686e-14
9.8 0.0695174 -1.74437e-14
9.9 0.0622872 -1.38273e-14
10 0.0557202 -1.00606e-14
