0 0 0
0.1 0.0024978 3.56428e-17
0.2 0.00984249 1.20818e-16
0.3 0.0215992 2.42641e-16
0.4 0.0370797 3.99148e-16
0.5 0.0553941 6.88599e-16
0.6 0.0755149 1.02388e-15
0.7 0.0963488 1.32694e-15
0.8 0.116809 1.95927e-15
0.9 0.135883 2.48452e-15
1 0.15269 2.3512e-15
1.1 0.166523 2.83299e-15
1.2 0.176878 2.95129e-15
1.3 0.183466 3.29483e-15
1.4 0.18621 3.30674e-15
1.5 0.185227 2.98566e-15
1.6 0.180805 2.87184e-15
1.7 0.173369 2.82402e-15
1.8 0.163449 2.63815e-15
1.9 0.151638 2.29758e-15
2 0.13856 1.60221e-15
2.1 0.124839 9.35519e-16
2.2 0.111073 6.74547e-16
2.3 0.0978059 4.87965e-16
2.4 0.0855201 3.76441e-16
2.5 0.0746184 4.36675e-16
2.6 0.0654186 6.40519e-16
2.7 0.0581513 8.03193e-16
2.8 0.0529597 1.23621e-15
2.9 0.0499006 1.69539e-15
3 0.0489516 2.27669e-15
3.1 0.0500177 2.83995e-15
3.2 0.0529397 3.64884e-15
3.3 0.0575042 4.5828e-15
3.4 0.0634554 5.79263e-15
3.5 0.0705063 7.0874e-15
3.6 0.0783488 8.07567e-15
3.7 0.0866625 8.90496e-15
3.8 0.095127 9.29903e-15
3.9 0.103435 9.39144e-15
4 0.111301 9.15766e-15
4.1 0.118473 8.85918e-15
4.2 0.124735 7.71844e-15
4.3 0.129913 6.99626e-15
4.4 0.133886 6.61844e-15
4.5 0.13658 6.61175e-15
4.6 0.137971 7.45637e-15
4.7 0.138083 8.11875e-15
4.8 0.136978 8.97293e-15
4.9 0.134752 9.53193e-15
5 0.131528 1.00999e-14
5.1 0.127447 1.06103e-14
5.2 0.122669 1.05591e-14
5.3 0.117366 9.83834e-15
5.4 0.111722 8.57363e-15
5.5 0.105931 6.73138e-15
5.6 0.100199 4.29132e-15
5.7 0.0947372 1.78868e-15
5.8 0.0897585 -7.15815e-16
5.9 0.0854643 -3.189e-15
6 0.0820277 -5.00263e-15
6.1 0.079583 -5.95082e-15
6.2 0.0782097 -5.53181e-15
6.3 0.0779255 -4.70136e-15
6.4 0.0786769 -3.53723e-15
6.5 0.080345 -2.08867e-15
6.6 0.0827548 8.24905e-17
6.7 0.0856948 2.37718e-15
6.8 0.0889377 5.05104e-15
6.9 0.092264 7.68903e-15
7 0.0954854 1.09917e-14
7.1 0.0984631 1.47106e-14
7.2 0.101119 1.93295e-14
7.3 0.103434 2.45861e-14
7.4 0.105439 3.03636e-14
7.5 0.107202 3.6075e-14
7.6 0.108808 4.07643e-14
7.7 0.110331 4.39052e-14
7.8 0.11182 4.51632e-14
7.9 0.113281 4.47109e-14
8 0.114673 4.27144e-14
8.1 0.115909 3.98516e-14
8.2 0.116867 3.71358e-14
8.3 0.117402 3.5755e-14
8.4 0.117367 3.6981e-14
8.5 0.116632 4.1621e-14
8.6 0.115107 4.98822e-14
8.7 0.112754 6.09365e-14
8.8 0.109602 7.306e-14
8.9 0.105759 8.3942e-14
9 0.101401 9.10426e-14
9.1 0.0967734 9.20966e-14
9.2 0.0921724 8.53897e-14
9.3 0.087925 7.00609e-14
9.4 0.0843641 4.62802e-14
9.5 0.0817998 1.54471e-14
9.6 0.0804901 -1.98424e-14
9.7 0.0806133 -5.60559e-14
9.8 0.0822446 -8.92334e-14
9.9 0.085342 -1.15528e-13
10 0.0897403 -1.31774e-13
