0 0 0
0.1 0.00249777 1.1711e-16
0.2 0.00986903 4.70485e-16
0.3 0.0217554 1.07231e-15
0.4 0.0375862 1.85078e-15
0.5 0.0566148 2.70868e-15
0.6 0.0779659 3.48233e-15
0.7 0.100688 4.20246e-15
0.8 0.123806 5.39074e-15
0.9 0.146377 5.95592e-15
1 0.16753 6.55758e-15
1.1 0.18651 5.94598e-15
1.2 0.202699 4.91894e-15
1.3 0.215636 4.33287e-15
1.4 0.225022 4.2247e-15
1.5 0.23072 2.79086e-15
1.6 0.232743 1.19333e-15
1.7 0.231238 1.90859e-16
1.8 0.226469 -1.25554e-15
1.9 0.218793 -1.93125e-15
2 0.208637 -3.23278e-15
2.1 0.19648 -4.45051e-15
2.2 0.182829 -4.53557e-15
2.3 0.168201 -4.43741e-15
2.4 0.153108 -3.97348e-15
2.5 0.138041 -3.50177e-15
2.6 0.12346 -3.20285e-15
2.7 0.109779 -3.63188e-15
2.8 0.0973648 -4.18172e-15
2.9 0.0865224 -4.1856e-15
3 0.0774968 -4.21924e-15
3.1 0.0704665 -3.72389e-15
3.2 0.0655448 -2.47256e-15
3.3 0.0627774 1.24022e-16
3.4 0.062146 3.08005e-15
3.5 0.0635713 6.90115e-15
3.6 0.0669161 1.0933e-14
3.7 0.0719921 1.43846e-14
3.8 0.0785686 1.61193e-14
3.9 0.0863799 1.53406e-14
4 0.0951359 1.20374e-14
4.1 0.104532 5.47773e-15
4.2 0.114256 -4.34876e-15
4.3 0.124004 -1.63582e-14
4.4 0.13348 -2.8563e-14
4.5 0.14241 -4.05274e-14
4.6 0.150545 -5.04349e-14
4.7 0.157667 -5.7164e-14
4.8 0.163594 -5.9182e-14
4.9 0.168186 -5.67854e-14
5 0.171349 -4.94418e-14
5.1 0.173038 -3.7945e-14
5.2 0.173262 -2.34763e-14
5.3 0.172081 -7.81518e-15
5.4 0.169608 7.58437e-15
5.5 0.166003 2.18418e-14
5.6 0.161463 3.30559e-14
5.7 0.156213 4.22111e-14
5.8 0.15049 4.92623e-14
5.9 0.14453 5.19137e-14
6 0.138552 5.13198e-14
6.1 0.132746 4.96877e-14
6.2 0.127266 4.94897e-14
6.3 0.122221 5.05739e-14
6.4 0.117681 5.30637e-14
6.5 0.113677 5.75392e-14
6.6 0.110211 6.3375e-14
6.7 0.107265 6.97566e-14
6.8 0.104813 7.49378e-14
6.9 0.102834 7.85631e-14
7 0.101318 8.3686e-14
7.1 0.100272 8.77778e-14
7.2 0.0997248 9.3114e-14
7.3 0.0997229 1.01613e-13
7.4 0.100326 1.10441e-13
7.5 0.101598 1.17122e-13
7.6 0.103595 1.22805e-13
7.7 0.106358 1.32659e-13
7.8 0.109893 1.36977e-13
7.9 0.114171 1.45291e-13
8 0.119113 1.56146e-13
8.1 0.124589 1.63076e-13
8.2 0.130421 1.62295e-13
8.3 0.136383 1.52704e-13
8.4 0.14222 1.35883e-13
8.5 0.147654 1.15276e-13
8.6 0.152407 9.95856e-14
8.7 0.156213 9.92836e-14
8.8 0.158841 1.23641e-13
8.9 0.16011 1.78556e-13
9 0.159901 2.64264e-13
9.1 0.158173 3.71926e-13
9.2 0.154962 4.83916e-13
9.3 0.15039 5.75926e-13
9.4 0.144657 6.19953e-13
9.5 0.138035 5.90651e-13
9.6 0.130852 4.70452e-13
9.7 0.123478 2.53674e-13
9.8 0.116304 -5.02627e-14
9.9 0.10972 -4.17082e-13
10 0.104092 -8.09602e-13
