0 0 0
0.1 0.00249778 4.4701e-17
0.2 0.00988748 1.71413e-16
0.3 0.0218641 3.78594e-16
0.4 0.0379387 6.4199e-16
0.5 0.0574659 9.78723e-16
0.6 0.0796791 1.37233e-15
0.7 0.103731 1.50339e-15
0.8 0.128733 1.31978e-15
0.9 0.1538 1.52457e-15
1 0.178089 2.1429e-15
1.1 0.200825 2.97875e-15
1.2 0.221334 3.70667e-15
1.3 0.23906 3.8654e-15
1.4 0.253573 4.29607e-15
1.5 0.264578 4.45235e-15
1.6 0.271915 5.22427e-15
1.7 0.275547 4.7177e-15
1.8 0.275555 4.06412e-15
1.9 0.272125 2.75521e-15
2 0.265529 2.6444e-15
2.1 0.256115 2.69151e-15
2.2 0.244292 4.26509e-15
2.3 0.230508 7.41538e-15
2.4 0.215237 1.09184e-14
2.5 0.198967 1.02645e-14
2.6 0.182187 8.96937e-15
2.7 0.165374 1.10637e-14
2.8 0.14898 1.55098e-14
2.9 0.133424 1.98702e-14
3 0.119082 2.3817e-14
3.1 0.106279 2.64978e-14
3.2 0.0952871 2.9963e-14
3.3 0.0863158 3.86558e-14
3.4 0.0795133 5.42627e-14
3.5 0.0749626 7.58271e-14
3.6 0.0726835 1.00721e-13
3.7 0.0726337 1.27686e-13
3.8 0.0747139 1.55575e-13
3.9 0.0787736 1.79713e-13
4 0.0846176 1.92658e-13
4.1 0.0920134 1.87734e-13
4.2 0.100699 1.59802e-13
4.3 0.110392 1.05243e-13
4.4 0.120794 2.24887e-14
4.5 0.131602 -8.57142e-14
4.6 0.142511 -2.11606e-13
4.7 0.153224 -3.45995e-13
4.8 0.163455 -4.76508e-13
4.9 0.172939 -5.89021e-13
5 0.181437 -6.72951e-13
5.1 0.188746 -7.18581e-13
5.2 0.194702 -7.22357e-13
5.3 0.199191 -6.84301e-13
5.4 0.20215 -6.07859e-13
5.5 0.203571 -4.99186e-13
5.6 0.2035 -3.68319e-13
5.7 0.202032 -2.25837e-13
5.8 0.199303 -8.07451e-14
5.9 0.195483 5.76681e-14
6 0.190761 1.82154e-13
6.1 0.185336 2.87617e-13
6.2 0.179402 3.7154e-13
6.3 0.173144 4.32809e-13
6.4 0.166723 4.70039e-13
6.5 0.160281 4.84332e-13
6.6 0.153932 4.77313e-13
6.7 0.147769 4.50848e-13
6.8 0.141865 4.08785e-13
6.9 0.136279 3.53718e-13
7 0.131065 2.89868e-13
7.1 0.126274 2.21397e-13
7.2 0.121961 1.53287e-13
7.3 0.118191 9.00297e-14
7.4 0.115037 3.47639e-14
7.5 0.112584 -9.53036e-15
7.6 0.110918 -4.09687e-14
7.7 0.110128 -5.95633e-14
7.8 0.110296 -6.62564e-14
7.9 0.111484 -6.2639e-14
8 0.113732 -5.15952e-14
8.1 0.11704 -3.55922e-14
8.2 0.12137 -1.73496e-14
8.3 0.126635 7.33569e-16
8.4 0.1327 1.67559e-14
8.5 0.139383 2.89452e-14
8.6 0.146469 3.76563e-14
8.7 0.153707 4.17258e-14
8.8 0.160831 4.17503e-14
8.9 0.167571 3.66903e-14
9 0.173662 2.70929e-14
9.1 0.178862 1.4101e-14
9.2 0.182962 -1.37582e-15
9.3 0.185794 -1.79029e-14
9.4 0.187241 -3.35029e-14
9.5 0.187241 -4.6936e-14
9.6 0.185791 -5.80093e-14
9.7 0.182948 -6.69479e-14
9.8 0.178825 -7.50982e-14
9.9 0.173594 -8.44327e-14
10 0.167473 -9.77323e-14
