0 0 0
0.1 0.00249782 -1.53194e-18
0.2 0.00994294 -3.15779e-17
0.3 0.0221914 -7.00482e-17
0.4 0.0390073 -1.74933e-16
0.5 0.0600688 -3.07907e-16
0.6 0.0849763 -5.58752e-16
0.7 0.113261 -9.39868e-16
0.8 0.144398 -8.30224e-16
0.9 0.177816 -6.94307e-16
1 0.21291 -8.5679e-16
1.1 0.249056 -5.79576e-16
1.2 0.285624 -1.11545e-15
1.3 0.321988 -1.42628e-15
1.4 0.357539 -1.39453e-15
1.5 0.391693 -7.97936e-16
1.6 0.423906 -5.23678e-16
1.7 0.453678 -1.60619e-15
1.8 0.480562 -1.83776e-15
1.9 0.504167 -2.44242e-15
2 0.524168 -4.38641e-15
2.1 0.540306 -4.6427e-15
2.2 0.552388 -6.75608e-15
2.3 0.560292 -6.44157e-15
2.4 0.563963 -6.91709e-15
2.5 0.563415 -9.00672e-15
2.6 0.558727 -1.02474e-14
2.7 0.550043 -1.04578e-14
2.8 0.537565 -1.33724e-14
2.9 0.521548 -1.27817e-14
3 0.5023 -1.55922e-14
3.1 0.480174 -1.5713e-14
3.2 0.455559 -1.52245e-14
3.3 0.428879 -1.53978e-14
3.4 0.400584 -1.67752e-14
3.5 0.371143 -1.58047e-14
3.6 0.341034 -1.5738e-14
3.7 0.310744 -1.58325e-14
3.8 0.280755 -1.53393e-14
3.9 0.251538 -1.58488e-14
4 0.223549 -1.58066e-14
4.1 0.197217 -1.56822e-14
4.2 0.172943 -1.53821e-14
4.3 0.151087 -1.52217e-14
4.4 0.131967 -1.44656e-14
4.5 0.115853 -1.41106e-14
4.6 0.102959 -1.34821e-14
4.7 0.0934431 -1.2982e-14
4.8 0.0874045 -1.21647e-14
4.9 0.0848803 -1.13758e-14
5 0.085846 -1.0041e-14
5.1 0.0902164 -8.99239e-15
5.2 0.0978468 -8.13938e-15
5.3 0.108537 -6.72117e-15
5.4 0.122034 -5.72262e-15
5.5 0.138038 -4.8845e-15
5.6 0.156211 -3.84377e-15
5.7 0.176179 -3.44037e-15
5.8 0.197542 -2.57658e-15
5.9 0.219882 -2.1709e-15
6 0.242773 -1.75435e-15
6.1 0.265783 -2.01791e-15
6.2 0.288492 -2.07392e-15
6.3 0.31049 -2.23436e-15
6.4 0.331392 -2.99153e-15
6.5 0.35084 -3.56055e-15
6.6 0.368512 -5.11063e-15
6.7 0.384123 -5.75921e-15
6.8 0.397436 -5.73794e-15
6.9 0.408258 -5.59812e-15
7 0.416448 -5.75765e-15
7.1 0.421914 -6.36196e-15
7.2 0.424616 -6.40339e-15
7.3 0.424564 -5.71831e-15
7.4 0.421816 -6.98432e-15
7.5 0.416477 -9.2356e-15
7.6 0.408696 -9.44234e-15
7.7 0.398661 -1.10357e-14
7.8 0.386593 -1.14724e-14
7.9 0.372745 -1.05519e-14
8 0.357397 -1.03164e-14
8.1 0.340847 -1.15159e-14
8.2 0.323407 -1.21336e-14
8.3 0.3054 -1.27069e-14
8.4 0.28715 -1.40789e-14
8.5 0.268982 -1.52175e-14
8.6 0.25121 -1.73592e-14
8.7 0.23414 -1.86925e-14
8.8 0.218056 -2.00552e-14
8.9 0.203226 -2.16958e-14
9 0.189889 -2.28403e-14
9.1 0.178257 -2.35874e-14
9.2 0.168507 -2.37638e-14
9.3 0.160786 -2.41058e-14
9.4 0.1552 -2.41723e-14
9.5 0.151819 -2.40846e-14
9.6 0.150674 -2.40243e-14
9.7 0.151757 -2.37265e-14
9.8 0.155019 -2.35124e-14
9.9 0.160375 -2.34071e-14
10 0.167702 -2.34265e-14
