0 0 0
0.1 0.00249785 5.24794e-17
0.2 0.00996162 2.00097e-16
0.3 0.0223022 4.16841e-16
0.4 0.0393726 7.59883e-16
0.5 0.0609699 1.23317e-15
0.6 0.0868386 1.64675e-15
0.7 0.116674 2.14987e-15
0.8 0.150127 2.78659e-15
0.9 0.186806 3.41901e-15
1 0.226286 4.05573e-15
1.1 0.268115 4.74949e-15
1.2 0.311813 5.57198e-15
1.3 0.356887 6.40663e-15
1.4 0.40283 6.84398e-15
1.5 0.449131 7.77742e-15
1.6 0.495283 8.47491e-15
1.7 0.540782 8.88265e-15
1.8 0.58514 1.01368e-14
1.9 0.627888 1.1049e-14
2 0.66858 1.16353e-14
2.1 0.7068 1.19904e-14
2.2 0.742163 1.23578e-14
2.3 0.774323 1.33706e-14
2.4 0.802974 1.38944e-14
2.5 0.827855 1.36903e-14
2.6 0.848749 1.37189e-14
2.7 0.865489 1.41386e-14
2.8 0.877954 1.48104e-14
2.9 0.886075 1.39835e-14
3 0.889831 1.45185e-14
3.1 0.889251 1.43884e-14
3.2 0.88441 1.39002e-14
3.3 0.875429 1.36422e-14
3.4 0.862477 1.35807e-14
3.5 0.84576 1.29132e-14
3.6 0.825523 1.38491e-14
3.7 0.802045 1.36662e-14
3.8 0.775638 1.22066e-14
3.9 0.746638 1.20667e-14
4 0.715404 1.02798e-14
4.1 0.682312 9.54842e-15
4.2 0.647754 9.09886e-15
4.3 0.612126 8.98139e-15
4.4 0.57583 8.3468e-15
4.5 0.539265 7.76533e-15
4.6 0.502824 6.54603e-15
4.7 0.46689 5.34662e-15
4.8 0.431828 4.40225e-15
4.9 0.39799 3.37511e-15
5 0.3657 2.10914e-15
5.1 0.335259 9.2063e-16
5.2 0.306939 -4.66754e-16
5.3 0.280982 -1.9505e-15
5.4 0.257595 -3.24239e-15
5.5 0.23695 -4.60892e-15
5.6 0.219185 -5.61456e-15
5.7 0.204401 -6.36888e-15
5.8 0.192661 -6.83347e-15
5.9 0.183993 -7.45448e-15
6 0.178389 -7.50426e-15
6.1 0.175805 -6.8622e-15
6.2 0.176166 -5.9989e-15
6.3 0.179362 -4.90586e-15
6.4 0.185257 -3.28509e-15
6.5 0.193686 -1.21219e-15
6.6 0.204462 1.30493e-15
6.7 0.217374 3.85824e-15
6.8 0.232196 6.8624e-15
6.9 0.248685 1.03392e-14
7 0.266589 1.40643e-14
7.1 0.285647 1.86303e-14
7.2 0.305596 2.33698e-14
7.3 0.326172 2.85787e-14
7.4 0.347113 3.30978e-14
7.5 0.368164 3.82042e-14
7.6 0.38908 4.3562e-14
7.7 0.409626 4.8956e-14
7.8 0.429584 5.34328e-14
7.9 0.448752 5.79521e-14
8 0.466944 6.17904e-14
8.1 0.483999 6.52647e-14
8.2 0.499773 6.79169e-14
8.3 0.514145 7.03102e-14
8.4 0.52702 7.16668e-14
8.5 0.53832 7.20801e-14
8.6 0.547995 7.08509e-14
8.7 0.556016 6.87046e-14
8.8 0.562375 6.52721e-14
8.9 0.567085 6.02807e-14
9 0.570181 5.48499e-14
9.1 0.571715 4.83815e-14
9.2 0.571755 4.11308e-14
9.3 0.570388 3.28353e-14
9.4 0.567711 2.31423e-14
9.5 0.563837 1.36622e-14
9.6 0.558884 3.67224e-15
9.7 0.552981 -7.32851e-15
9.8 0.546261 -1.79567e-14
9.9 0.538863 -2.88688e-14
10 0.530923 -3.99825e-14
