0 0 0
0.1 0.00249786 3.91058e-18
0.2 0.00995941 -5.91515e-18
0.3 0.022289 -3.48508e-17
0.4 0.0393287 2.53849e-17
0.5 0.0608611 5.76353e-17
0.6 0.0866122 7.97929e-17
0.7 0.116256 9.79015e-17
0.8 0.149418 1.15884e-16
0.9 0.185682 1.31121e-16
1 0.224596 1.38127e-16
1.1 0.265679 1.47865e-16
1.2 0.308424 1.61626e-16
1.3 0.352312 1.80486e-16
1.4 0.396811 1.80035e-16
1.5 0.44139 1.73133e-16
1.6 0.485518 1.35428e-16
1.7 0.52868 1.0379e-16
1.8 0.570373 5.50219e-17
1.9 0.610122 -1.38622e-17
2 0.64748 -1.12493e-16
2.1 0.682031 -2.13123e-16
2.2 0.7134 -2.91514e-16
2.3 0.741256 -4.09618e-16
2.4 0.765313 -5.03802e-16
2.5 0.785333 -5.77936e-16
2.6 0.801131 -5.98689e-16
2.7 0.812573 -5.92413e-16
2.8 0.81958 -5.99659e-16
2.9 0.822126 -5.49486e-16
3 0.820238 -4.78444e-16
3.1 0.813997 -4.06984e-16
3.2 0.803531 -3.46123e-16
3.3 0.78902 -2.04391e-16
3.4 0.770686 9.57421e-18
3.5 0.748794 2.34346e-16
3.6 0.723646 4.07981e-16
3.7 0.695579 6.11455e-16
3.8 0.664955 7.93817e-16
3.9 0.632163 9.04379e-16
4 0.597608 1.05747e-15
4.1 0.56171 1.18536e-15
4.2 0.524896 1.32239e-15
4.3 0.487596 1.44182e-15
4.4 0.450241 1.55282e-15
4.5 0.41325 1.61602e-15
4.6 0.377033 1.65582e-15
4.7 0.341981 1.69016e-15
4.8 0.308463 1.75143e-15
4.9 0.276822 1.78616e-15
5 0.247373 1.8384e-15
5.1 0.220399 1.87268e-15
5.2 0.196148 1.84414e-15
5.3 0.174831 1.79582e-15
5.4 0.156624 1.65314e-15
5.5 0.141662 1.47778e-15
5.6 0.130041 1.29592e-15
5.7 0.121818 1.12112e-15
5.8 0.117013 9.67566e-16
5.9 0.115607 8.51315e-16
6 0.117546 7.62937e-16
6.1 0.122743 6.84214e-16
6.2 0.131077 5.49207e-16
6.3 0.142399 3.86151e-16
6.4 0.156533 1.94065e-16
6.5 0.173277 -1.18528e-17
6.6 0.192408 -2.01926e-16
6.7 0.213685 -3.43801e-16
6.8 0.236851 -3.81313e-16
6.9 0.261635 -3.29536e-16
7 0.287759 -1.41627e-16
7.1 0.314937 1.69527e-16
7.2 0.342878 6.09466e-16
7.3 0.371293 1.16193e-15
7.4 0.399894 1.84152e-15
7.5 0.428396 2.63383e-15
7.6 0.456525 3.49525e-15
7.7 0.484017 4.41634e-15
7.8 0.510617 5.38114e-15
7.9 0.536088 6.3536e-15
8 0.560209 7.32104e-15
8.1 0.582777 8.25037e-15
8.2 0.603606 9.13629e-15
8.3 0.622535 9.97769e-15
8.4 0.63942 1.07208e-14
8.5 0.654141 1.13648e-14
8.6 0.666602 1.18889e-14
8.7 0.676726 1.22401e-14
8.8 0.684463 1.23749e-14
8.9 0.689782 1.22427e-14
9 0.692673 1.18146e-14
9.1 0.693149 1.10531e-14
9.2 0.691242 9.96748e-15
9.3 0.687004 8.53453e-15
9.4 0.680503 6.76316e-15
9.5 0.671827 4.686e-15
9.6 0.661081 2.31987e-15
9.7 0.648383 -3.23675e-16
9.8 0.633866 -3.17669e-15
9.9 0.617677 -6.21407e-15
10 0.599974 -9.33533e-15
