0 0 0
0.1 0.0024978 -1.15803e-17
0.2 0.00995632 -2.7389e-17
0.3 0.0222714 -5.76074e-17
0.4 0.0392715 -4.36024e-17
0.5 0.060721 -5.96842e-17
0.6 0.0863242 2.12325e-17
0.7 0.115731 -1.65844e-16
0.8 0.14854 -4.65007e-17
0.9 0.184312 -2.87079e-16
1 0.222569 -5.81651e-16
1.1 0.262806 -4.60847e-16
1.2 0.304501 -9.29329e-16
1.3 0.347115 -2.09251e-15
1.4 0.390111 -1.88434e-15
1.5 0.43295 -1.45072e-15
1.6 0.475106 -2.35557e-15
1.7 0.51607 -1.23831e-15
1.8 0.555359 -1.70039e-15
1.9 0.592517 -1.12656e-15
2 0.627127 -2.32764e-15
2.1 0.658809 -5.98586e-16
2.2 0.68723 -5.58668e-16
2.3 0.712104 -5.97012e-16
2.4 0.733195 -2.52696e-15
2.5 0.750319 -3.16196e-15
2.6 0.763346 -4.08415e-15
2.7 0.772199 -5.92928e-15
2.8 0.776858 -7.5531e-15
2.9 0.777354 -8.3798e-15
3 0.773774 -9.38058e-15
3.1 0.766248 -1.17514e-14
3.2 0.754954 -1.014e-14
3.3 0.740115 -1.19404e-14
3.4 0.721995 -1.24007e-14
3.5 0.700894 -1.2096e-14
3.6 0.677145 -1.20597e-14
3.7 0.651102 -1.31375e-14
3.8 0.623137 -1.53993e-14
3.9 0.593635 -1.68118e-14
4 0.562996 -1.78821e-14
4.1 0.531623 -1.89569e-14
4.2 0.499918 -1.89586e-14
4.3 0.468274 -2.00045e-14
4.4 0.43707 -1.98628e-14
4.5 0.406668 -1.99851e-14
4.6 0.377411 -1.93533e-14
4.7 0.349616 -1.9593e-14
4.8 0.323578 -2.02927e-14
4.9 0.29956 -2.10039e-14
5 0.277798 -2.20102e-14
5.1 0.258494 -2.22059e-14
5.2 0.241819 -2.25063e-14
5.3 0.227907 -2.33668e-14
5.4 0.216861 -2.56315e-14
5.5 0.208746 -2.78106e-14
5.6 0.203595 -3.08812e-14
5.7 0.201406 -3.41081e-14
5.8 0.20214 -3.77582e-14
5.9 0.205725 -4.14298e-14
6 0.212055 -4.55725e-14
6.1 0.220991 -5.02957e-14
6.2 0.232365 -5.56572e-14
6.3 0.245977 -6.07594e-14
6.4 0.261604 -6.50166e-14
6.5 0.279003 -6.861e-14
6.6 0.297911 -7.14084e-14
6.7 0.318049 -7.31065e-14
6.8 0.339127 -7.32476e-14
6.9 0.360852 -7.33668e-14
7 0.382931 -7.19365e-14
7.1 0.405079 -6.87416e-14
7.2 0.427023 -6.50357e-14
7.3 0.448507 -5.9341e-14
7.4 0.469287 -5.19167e-14
7.5 0.48915 -4.3593e-14
7.6 0.507906 -3.44322e-14
7.7 0.525391 -2.32284e-14
7.8 0.541471 -1.12054e-14
7.9 0.556045 2.33644e-15
8 0.569033 1.72268e-14
8.1 0.580389 3.23648e-14
8.2 0.590089 4.80188e-14
8.3 0.598139 6.36293e-14
8.4 0.60456 7.87646e-14
8.5 0.609397 9.30604e-14
8.6 0.612709 1.05998e-13
8.7 0.614569 1.17083e-13
8.8 0.615062 1.25966e-13
8.9 0.614275 1.32317e-13
9 0.612306 1.35812e-13
9.1 0.609252 1.36177e-13
9.2 0.605212 1.3332e-13
9.3 0.600283 1.27122e-13
9.4 0.594562 1.17928e-13
9.5 0.588141 1.06124e-13
9.6 0.58111 9.20893e-14
9.7 0.573553 7.63907e-14
9.8 0.565555 5.96159e-14
9.9 0.557192 4.2373e-14
10 0.54854 2.5313e-14
