0 0 0
0.1 0.00249777 1.8397e-17
0.2 0.00995603 7.76316e-17
0.3 0.02227 1.33459e-16
0.4 0.0392673 1.93931e-16
0.5 0.0607112 3.68461e-16
0.6 0.086305 6.38323e-16
0.7 0.115697 9.81585e-16
0.8 0.148489 1.37691e-15
0.9 0.184237 1.59071e-15
1 0.222467 1.76843e-15
1.1 0.262676 2.44304e-15
1.2 0.304343 2.68819e-15
1.3 0.346935 2.57074e-15
1.4 0.389916 3.87039e-15
1.5 0.432755 4.86615e-15
1.6 0.47493 6.89993e-15
1.7 0.515941 8.39841e-15
1.8 0.555308 8.81715e-15
1.9 0.592583 1.13752e-14
2 0.627353 1.30401e-14
2.1 0.659245 1.62768e-14
2.2 0.687932 1.65089e-14
2.3 0.713132 1.62793e-14
2.4 0.734613 1.83712e-14
2.5 0.752198 1.90936e-14
2.6 0.765757 1.86004e-14
2.7 0.775218 2.0027e-14
2.8 0.780563 2.07487e-14
2.9 0.781826 2.22248e-14
3 0.779089 2.33772e-14
3.1 0.772484 2.21963e-14
3.2 0.762191 2.15262e-14
3.3 0.748431 2.33898e-14
3.4 0.731463 2.5635e-14
3.5 0.711579 2.79153e-14
3.6 0.689102 3.05884e-14
3.7 0.664377 3.59166e-14
3.8 0.637771 3.72578e-14
3.9 0.609666 4.1523e-14
4 0.580454 4.4514e-14
4.1 0.550529 4.35651e-14
4.2 0.520284 4.41669e-14
4.3 0.490109 4.0691e-14
4.4 0.460382 3.84456e-14
4.5 0.431466 3.48329e-14
4.6 0.403706 2.99615e-14
4.7 0.377425 2.26749e-14
4.8 0.352917 1.63229e-14
4.9 0.330447 9.17063e-15
5 0.310245 2.05181e-15
5.1 0.292505 -4.68136e-15
5.2 0.277383 -9.73145e-15
5.3 0.264995 -1.35325e-14
5.4 0.255416 -1.56666e-14
5.5 0.248678 -1.58124e-14
5.6 0.244777 -1.35659e-14
5.7 0.24367 -9.26402e-15
5.8 0.245274 -3.46812e-15
5.9 0.249477 3.87371e-15
6 0.256135 1.02688e-14
6.1 0.265076 1.67732e-14
6.2 0.276107 2.11889e-14
6.3 0.289014 2.36745e-14
6.4 0.303572 2.42662e-14
6.5 0.319543 2.37107e-14
6.6 0.336684 2.33204e-14
6.7 0.354749 2.24519e-14
6.8 0.373494 2.28071e-14
6.9 0.392677 2.22029e-14
7 0.412069 2.37507e-14
7.1 0.431447 2.6814e-14
7.2 0.450601 3.04623e-14
7.3 0.469338 3.64356e-14
7.4 0.487479 4.37036e-14
7.5 0.504857 5.1469e-14
7.6 0.521326 6.23511e-14
7.7 0.536762 7.0931e-14
7.8 0.551061 8.02038e-14
7.9 0.564133 8.75134e-14
8 0.575908 9.50737e-14
8.1 0.586339 1.02086e-13
8.2 0.595392 1.0685e-13
8.3 0.603053 1.09927e-13
8.4 0.609321 1.13134e-13
8.5 0.614212 1.13482e-13
8.6 0.617755 1.12332e-13
8.7 0.619988 1.12145e-13
8.8 0.620962 1.10713e-13
8.9 0.620734 1.10988e-13
9 0.619371 1.11727e-13
9.1 0.616943 1.16051e-13
9.2 0.613528 1.21086e-13
9.3 0.609209 1.28578e-13
9.4 0.604073 1.36857e-13
9.5 0.598208 1.45881e-13
9.6 0.591706 1.55153e-13
9.7 0.58466 1.63099e-13
9.8 0.577163 1.6912e-13
9.9 0.569312 1.72045e-13
10 0.561201 1.70763e-13
