0 0 0
0.1 0.00249778 -1.15799e-17
0.2 0.00995683 -4.2138e-17
0.3 0.0222748 -5.77655e-17
0.4 0.0392831 -1.35181e-16
0.5 0.0607504 -2.0821e-16
0.6 0.0863863 -3.1073e-16
0.7 0.115847 -6.04236e-16
0.8 0.14874 -8.92608e-16
0.9 0.184632 -1.01823e-15
1 0.223057 -1.11652e-15
1.1 0.26352 -1.21409e-15
1.2 0.305507 -1.25455e-15
1.3 0.348493 -1.71641e-15
1.4 0.391947 -1.86949e-15
1.5 0.435342 -2.32912e-15
1.6 0.478159 -1.92231e-15
1.7 0.519897 -2.63001e-15
1.8 0.560077 -2.05636e-15
1.9 0.598249 -2.28424e-15
2 0.633995 -2.70518e-15
2.1 0.666935 -5.03643e-15
2.2 0.696732 -7.17586e-15
2.3 0.723093 -1.0608e-14
2.4 0.745781 -1.64556e-14
2.5 0.764602 -1.76612e-14
2.6 0.779416 -1.3811e-14
2.7 0.790136 -1.2383e-14
2.8 0.796726 -1.10765e-14
2.9 0.799205 -7.67674e-15
3 0.797642 -1.45369e-15
3.1 0.792155 4.22685e-15
3.2 0.782909 1.06289e-14
3.3 0.770111 1.87312e-14
3.4 0.754006 2.89383e-14
3.5 0.734878 4.18249e-14
3.6 0.713038 5.49116e-14
3.7 0.688826 6.29259e-14
3.8 0.662605 6.95916e-14
3.9 0.634754 7.07659e-14
4 0.605663 6.57578e-14
4.1 0.575732 5.41957e-14
4.2 0.545359 3.52454e-14
4.3 0.514939 9.22178e-15
4.4 0.484858 -2.60015e-14
4.5 0.455491 -6.93941e-14
4.6 0.427193 -1.20431e-13
4.7 0.400297 -1.79902e-13
4.8 0.375109 -2.47165e-13
4.9 0.351905 -3.19806e-13
5 0.330923 -3.92236e-13
5.1 0.312368 -4.63064e-13
5.2 0.296403 -5.28402e-13
5.3 0.283151 -5.85992e-13
5.4 0.272695 -6.32987e-13
5.5 0.265077 -6.67566e-13
5.6 0.260299 -6.88986e-13
5.7 0.258326 -6.96602e-13
5.8 0.259086 -6.89475e-13
5.9 0.262476 -6.69353e-13
6 0.268363 -6.3874e-13
6.1 0.276588 -5.98531e-13
6.2 0.286971 -5.52334e-13
6.3 0.299311 -5.03751e-13
6.4 0.313394 -4.54242e-13
6.5 0.328993 -4.06691e-13
6.6 0.345874 -3.63166e-13
6.7 0.363797 -3.26554e-13
6.8 0.382519 -2.9677e-13
6.9 0.401799 -2.75499e-13
7 0.421399 -2.61734e-13
7.1 0.441088 -2.55674e-13
7.2 0.460643 -2.56527e-13
7.3 0.47985 -2.61448e-13
7.4 0.498508 -2.71966e-13
7.5 0.516428 -2.85956e-13
7.6 0.533441 -3.01402e-13
7.7 0.549397 -3.14966e-13
7.8 0.564156 -3.28256e-13
7.9 0.577601 -3.38594e-13
8 0.589637 -3.42509e-13
8.1 0.600185 -3.40614e-13
8.2 0.609188 -3.31506e-13
8.3 0.616607 -3.15404e-13
8.4 0.622424 -2.92937e-13
8.5 0.626643 -2.61327e-13
8.6 0.629283 -2.22162e-13
8.7 0.630384 -1.7454e-13
8.8 0.630001 -1.1993e-13
8.9 0.628208 -5.84501e-14
9 0.625095 8.42269e-15
9.1 0.620764 8.15392e-14
9.2 0.615331 1.58313e-13
9.3 0.60892 2.38618e-13
9.4 0.601668 3.19104e-13
9.5 0.593718 4.00026e-13
9.6 0.585217 4.79602e-13
9.7 0.576317 5.5483e-13
9.8 0.56717 6.24823e-13
9.9 0.557929 6.88059e-13
10 0.548738 7.4305e-13
