0 0 0
0.1 0.00249782 3.58592e-17
0.2 0.00996219 1.31303e-16
0.3 0.0223061 3.03839e-16
0.4 0.0393856 5.3114e-16
0.5 0.0610025 9.71555e-16
0.6 0.0869063 1.25701e-15
0.7 0.116798 1.60172e-15
0.8 0.150333 2.04822e-15
0.9 0.187127 2.13621e-15
1 0.226761 2.87199e-15
1.1 0.268784 3.67521e-15
1.2 0.312724 3.724e-15
1.3 0.358088 4.45788e-15
1.4 0.404372 4.959e-15
1.5 0.451066 5.11415e-15
1.6 0.497658 5.84377e-15
1.7 0.543645 5.46036e-15
1.8 0.588536 6.03131e-15
1.9 0.631856 6.70915e-15
2 0.673156 8.20331e-15
2.1 0.712015 1.06073e-14
2.2 0.748046 9.91388e-15
2.3 0.780898 8.70833e-15
2.4 0.810262 9.59232e-15
2.5 0.835873 1.06543e-14
2.6 0.857514 1.27721e-14
2.7 0.875017 1.14423e-14
2.8 0.888264 1.11029e-14
2.9 0.897188 1.12376e-14
3 0.901774 1.44967e-14
3.1 0.902056 1.60526e-14
3.2 0.898118 1.638e-14
3.3 0.890088 1.65395e-14
3.4 0.878143 1.65084e-14
3.5 0.862498 1.61658e-14
3.6 0.843408 1.97083e-14
3.7 0.82116 2.08711e-14
3.8 0.796074 1.91738e-14
3.9 0.768493 1.94313e-14
4 0.738782 1.7243e-14
4.1 0.707319 1.76827e-14
4.2 0.674494 1.78958e-14
4.3 0.640705 1.72539e-14
4.4 0.606348 1.74818e-14
4.5 0.571817 1.90147e-14
4.6 0.537497 1.99523e-14
4.7 0.503762 1.99651e-14
4.8 0.470969 1.99368e-14
4.9 0.439455 2.02012e-14
5 0.409533 1.988e-14
5.1 0.381488 2.02907e-14
5.2 0.355578 1.95187e-14
5.3 0.332028 1.82667e-14
5.4 0.311029 1.88184e-14
5.5 0.292741 1.81412e-14
5.6 0.277284 1.78915e-14
5.7 0.264744 1.74807e-14
5.8 0.25517 1.69505e-14
5.9 0.248576 1.63221e-14
6 0.24494 1.54466e-14
6.1 0.244209 1.5017e-14
6.2 0.246293 1.42331e-14
6.3 0.251078 1.34213e-14
6.4 0.258419 1.19262e-14
6.5 0.268147 1.04017e-14
6.6 0.280073 9.11923e-15
6.7 0.293988 7.36805e-15
6.8 0.309668 5.06504e-15
6.9 0.326875 4.04478e-15
7 0.345362 3.64609e-15
7.1 0.364878 3.05531e-15
7.2 0.385169 1.39057e-15
7.3 0.405981 -6.67019e-16
7.4 0.427065 -1.24123e-15
7.5 0.448178 -2.18533e-15
7.6 0.469086 -2.27064e-15
7.7 0.489568 -2.3048e-15
7.8 0.509418 -1.00165e-15
7.9 0.528445 6.28007e-17
8 0.546478 6.58767e-16
8.1 0.563365 2.28051e-15
8.2 0.578974 3.79811e-15
8.3 0.593197 6.5393e-15
8.4 0.605947 8.5155e-15
8.5 0.617159 1.09576e-14
8.6 0.626792 1.43727e-14
8.7 0.634825 1.79977e-14
8.8 0.64126 2.16107e-14
8.9 0.646116 2.57815e-14
9 0.649434 2.94364e-14
9.1 0.651271 3.30984e-14
9.2 0.6517 3.53172e-14
9.3 0.650807 3.72255e-14
9.4 0.648689 3.81976e-14
9.5 0.645457 3.84547e-14
9.6 0.641224 3.83673e-14
9.7 0.636114 3.7149e-14
9.8 0.630252 3.43447e-14
9.9 0.623764 3.06914e-14
10 0.616778 2.61287e-14
