0 0 0
0.1 0.00249785 -6.75671e-17
0.2 0.00996316 -2.47391e-16
0.3 0.0223114 -6.07102e-16
0.4 0.0394029 -1.04045e-15
0.5 0.0610445 -1.56164e-15
0.6 0.0869928 -2.3194e-15
0.7 0.116956 -2.93575e-15
0.8 0.1506 -3.86078e-15
0.9 0.187548 -4.76722e-15
1 0.227389 -5.78136e-15
1.1 0.269684 -6.81377e-15
1.2 0.313967 -8.31738e-15
1.3 0.359753 -9.93982e-15
1.4 0.406545 -1.10133e-14
1.5 0.453838 -1.1887e-14
1.6 0.501126 -1.31123e-14
1.7 0.547906 -1.45274e-14
1.8 0.593689 -1.59458e-14
1.9 0.637998 -1.72401e-14
2 0.680382 -1.90564e-14
2.1 0.720413 -1.93173e-14
2.2 0.757696 -2.1594e-14
2.3 0.791871 -2.22868e-14
2.4 0.82262 -2.49042e-14
2.5 0.849664 -2.54707e-14
2.6 0.872774 -2.5988e-14
2.7 0.891766 -2.68442e-14
2.8 0.906506 -2.65447e-14
2.9 0.916911 -2.51931e-14
3 0.922948 -2.23556e-14
3.1 0.924633 -2.13933e-14
3.2 0.922032 -1.88663e-14
3.3 0.915258 -1.77329e-14
3.4 0.904471 -1.6253e-14
3.5 0.889871 -1.54643e-14
3.6 0.871698 -1.35611e-14
3.7 0.850229 -1.25704e-14
3.8 0.825771 -1.19057e-14
3.9 0.798656 -1.05879e-14
4 0.769242 -8.76659e-15
4.1 0.737906 -6.49981e-15
4.2 0.705034 -5.19034e-15
4.3 0.671022 -5.07939e-15
4.4 0.63627 -3.87721e-15
4.5 0.601173 -3.11851e-15
4.6 0.566123 -3.18161e-15
4.7 0.531497 -3.66257e-15
4.8 0.497662 -3.67289e-15
4.9 0.464962 -4.30051e-15
5 0.433722 -5.6003e-15
5.1 0.404238 -6.95001e-15
5.2 0.376781 -7.96681e-15
5.3 0.351592 -9.16798e-15
5.4 0.328876 -1.04991e-14
5.5 0.308808 -1.19569e-14
5.6 0.291524 -1.37813e-14
5.7 0.27713 -1.61984e-14
5.8 0.265693 -1.77554e-14
5.9 0.257246 -1.93361e-14
6 0.251785 -2.09693e-14
6.1 0.249277 -2.24373e-14
6.2 0.249652 -2.36991e-14
6.3 0.252811 -2.48334e-14
6.4 0.258629 -2.63325e-14
6.5 0.266952 -2.75916e-14
6.6 0.277603 -2.88069e-14
6.7 0.290387 -2.98263e-14
6.8 0.305086 -3.05382e-14
6.9 0.321473 -3.1425e-14
7 0.339305 -3.16547e-14
7.1 0.358336 -3.13825e-14
7.2 0.378312 -3.03282e-14
7.3 0.398979 -2.86895e-14
7.4 0.420087 -2.59671e-14
7.5 0.441389 -2.29527e-14
7.6 0.462645 -1.93807e-14
7.7 0.483628 -1.48089e-14
7.8 0.504122 -1.04009e-14
7.9 0.523927 -5.03653e-15
8 0.542861 1.92409e-16
8.1 0.560758 5.35947e-15
8.2 0.577475 1.05569e-14
8.3 0.592886 1.44663e-14
8.4 0.606888 1.76263e-14
8.5 0.6194 2.14706e-14
8.6 0.630362 2.4422e-14
8.7 0.639736 2.62099e-14
8.8 0.647506 2.63514e-14
8.9 0.653674 2.6831e-14
9 0.658264 2.51774e-14
9.1 0.661316 2.23195e-14
9.2 0.662887 1.98113e-14
9.3 0.66305 1.60375e-14
9.4 0.661892 1.11948e-14
9.5 0.659509 5.56044e-15
9.6 0.656011 2.26379e-16
9.7 0.651512 -6.40813e-15
9.8 0.646134 -1.35119e-14
9.9 0.640002 -2.11302e-14
10 0.633243 -2.90596e-14
