0 1 0 1 0
0.002 0.999935 4.25878e-12 0.999935 4.25878e-12
0.004 0.99974 -1.31671e-12 0.99974 -1.31671e-12
0.006 0.999415 -1.5806e-12 0.999415 -1.5806e-12
0.008 0.998963 2.6823e-11 0.998963 2.6823e-11
0.01 0.998384 1.05017e-10 0.998384 1.05017e-10
0.012 0.997681 2.53023e-10 0.997681 2.53023e-10
0.014 0.996856 4.9189e-10 0.996856 4.9189e-10
0.016 0.995912 8.42137e-10 0.995912 8.42137e-10
0.018 0.994852 1.32308e-09 0.994852 1.32308e-09
0.02 0.993681 1.95278e-09 0.993681 1.95278e-09
0.022 0.992402 2.74781e-09 0.992402 2.74781e-09
0.024 0.991018 3.72309e-09 0.991018 3.72309e-09
0.026 0.989536 4.89488e-09 0.989536 4.89488e-09
0.028 0.987959 6.28287e-09 0.987959 6.28287e-09
0.03 0.986293 7.89726e-09 0.986293 7.89726e-09
0.032 0.984542 9.75229e-09 0.984542 9.75229e-09
0.034 0.982712 1.18542e-08 0.982712 1.18542e-08
0.036 0.980809 1.41731e-08 0.980809 1.41731e-08
0.038 0.978838 1.67174e-08 0.978838 1.67174e-08
0.04 0.976804 1.94735e-08 0.976804 1.94735e-08
0.042 0.974714 2.24484e-08 0.974714 2.24484e-08
0.044 0.972574 2.56576e-08 0.972574 2.56576e-08
0.046 0.970388 2.90739e-08 0.970388 2.90739e-08
0.048 0.968164 3.26928e-08 0.968164 3.26928e-08
0.05 0.965906 3.65286e-08 0.965906 3.65286e-08
0.052 0.96362 4.05783e-08 0.96362 4.05783e-08
0.054 0.961312 4.48118e-08 0.961312 4.48118e-08
0.056 0.958986 4.92479e-08 0.958986 4.92479e-08
0.058 0.956648 5.38785e-08 0.956648 5.38785e-08
0.06 0.954303 5.86995e-08 0.954303 5.86995e-08
0.062 0.951954 6.37011e-08 0.951954 6.37011e-08
0.064 0.949607 6.88779e-08 0.949607 6.88779e-08
0.066 0.947265 7.42237e-08 0.947265 7.42237e-08
0.068 0.944933 7.97506e-08 0.944933 7.97506e-08
0.07 0.942613 8.54158e-08 0.942613 8.54158e-08
0.072 0.940309 9.12071e-08 0.940309 9.12071e-08
0.074 0.938023 9.71495e-08 0.938023 9.71495e-08
0.076 0.935758 1.03189e-07 0.935758 1.03189e-07
0.078 0.933516 1.09319e-07 0.933516 1.09319e-07
0.08 0.931298 1.1554e-07 0.931298 1.1554e-07
0.082 0.929108 1.21824e-07 0.929108 1.21824e-07
0.084 0.926944 1.28192e-07 0.926944 1.28192e-07
0.086 0.924809 1.34589e-07 0.924809 1.34589e-07
0.088 0.922702 1.41038e-07 0.922702 1.41038e-07
0.09 0.920624 1.47506e-07 0.920624 1.47506e-07
0.092 0.918575 1.53972e-07 0.918575 1.53972e-07
0.094 0.916555 1.60444e-07 0.916555 1.60444e-07
0.096 0.914562 1.669e-07 0.914562 1.669e-07
0.098 0.912595 1.73326e-07 0.912595 1.73326e-07
0.1 0.910655 1.79729e-07 0.910655 1.79729e-07
0.102 0.908738 1.86076e-07 0.908738 1.86076e-07
0.104 0.906845 1.92351e-07 0.906845 1.92351e-07
0.106 0.904973 1.98561e-07 0.904973 1.98561e-07
0.108 0.90312 2.04684e-07 0.90312 2.04684e-07
0.11 0.901284 2.10723e-07 0.901284 2.10723e-07
0.112 0.899464 2.16639e-07 0.899464 2.16639e-07
0.114 0.897656 2.22455e-07 0.897656 2.22455e-07
0.116 0.89586 2.2816e-07 0.89586 2.2816e-07
0.118 0.894073 2.33749e-07 0.894073 2.33749e-07
0.12 0.892292 2.39218e-07 0.892292 2.39218e-07
0.122 0.890516 2.44529e-07 0.890516 2.44529e-07
0.124 0.888742 2.49708e-07 0.888742 2.49708e-07
0.126 0.886968 2.54754e-07 0.886968 2.54754e-07
0.128 0.885193 2.59663e-07 0.885193 2.59663e-07
0.13 0.883414 2.64432e-07 0.883414 2.64432e-07
0.132 0.881629 2.69025e-07 0.881629 2.69025e-07
0.134 0.879838 2.73484e-07 0.879838 2.73484e-07
0.136 0.878037 2.77804e-07 0.878037 2.77804e-07
0.138 0.876227 2.81983e-07 0.876227 2.81983e-07
0.14 0.874405 2.8602e-07 0.874405 2.8602e-07
0.142 0.872571 2.89918e-07 0.872571 2.89918e-07
0.144 0.870724 2.93697e-07 0.870724 2.93697e-07
0.146 0.868863 2.9732e-07 0.868863 2.9732e-07
0.148 0.866987 3.00815e-07 0.866987 3.00815e-07
0.15 0.865096 3.04185e-07 0.865096 3.04185e-07
0.152 0.86319 3.07435e-07 0.86319 3.07435e-07
0.154 0.86127 3.10575e-07 0.86127 3.10575e-07
0.156 0.859334 3.1361e-07 0.859334 3.1361e-07
0.158 0.857383 3.16564e-07 0.857383 3.16564e-07
0.16 0.855419 3.19427e-07 0.855419 3.19427e-07
0.162 0.853441 3.22172e-07 0.853441 3.22172e-07
0.164 0.85145 3.24833e-07 0.85145 3.24833e-07
0.166 0.849447 3.27422e-07 0.849447 3.27422e-07
0.168 0.847434 3.29946e-07 0.847434 3.29946e-07
0.17 0.845411 3.32411e-07 0.845411 3.32411e-07
0.172 0.843379 3.34832e-07 0.843379 3.34832e-07
0.174 0.84134 3.372e-07 0.84134 3.372e-07
0.176 0.839295 3.39525e-07 0.839295 3.39525e-07
0.178 0.837246 3.41807e-07 0.837246 3.41807e-07
0.18 0.835194 3.44065e-07 0.835194 3.44065e-07
0.182 0.83314 3.46281e-07 0.83314 3.46281e-07
0.184 0.831086 3.48492e-07 0.831086 3.48492e-07
0.186 0.829034 3.50685e-07 0.829034 3.50685e-07
0.188 0.826984 3.52871e-07 0.826984 3.52871e-07
0.19 0.824938 3.55051e-07 0.824938 3.55051e-07
0.192 0.822898 3.57216e-07 0.822898 3.57216e-07
0.194 0.820864 3.59395e-07 0.820864 3.59395e-07
0.196 0.818838 3.61564e-07 0.818838 3.61564e-07
0.198 0.816821 3.63741e-07 0.816821 3.63741e-07
0.2 0.814815 3.65939e-07 0.814815 3.65939e-07
0.202 0.812819 3.6813e-07 0.812819 3.6813e-07
0.204 0.810834 3.70349e-07 0.810834 3.70349e-07
0.206 0.808862 3.72552e-07 0.808862 3.72552e-07
0.208 0.806903 3.74763e-07 0.806903 3.74763e-07
0.21 0.804958 3.76991e-07 0.804958 3.76991e-07
0.212 0.803026 3.79197e-07 0.803026 3.79197e-07
0.214 0.801108 3.81396e-07 0.801108 3.81396e-07
0.216 0.799203 3.83589e-07 0.799203 3.83589e-07
0.218 0.797313 3.85764e-07 0.797313 3.85764e-07
0.22 0.795437 3.87922e-07 0.795437 3.87922e-07
0.222 0.793573 3.90057e-07 0.793573 3.90057e-07
0.224 0.791723 3.9217e-07 0.791723 3.9217e-07
0.226 0.789885 3.94252e-07 0.789885 3.94252e-07
0.228 0.788059 3.96295e-07 0.788059 3.96295e-07
0.23 0.786244 3.9828e-07 0.786244 3.9828e-07
0.232 0.784439 4.0024e-07 0.784439 4.0024e-07
0.234 0.782644 4.02141e-07 0.782644 4.02141e-07
0.236 0.780858 4.03976e-07 0.780858 4.03976e-07
0.238 0.779079 4.05726e-07 0.779079 4.05726e-07
0.24 0.777307 4.07432e-07 0.777307 4.07432e-07
0.242 0.77554 4.09062e-07 0.77554 4.09062e-07
0.244 0.773779 4.10615e-07 0.773779 4.10615e-07
0.246 0.77202 4.12083e-07 0.77202 4.12083e-07
0.248 0.770264 4.13489e-07 0.770264 4.13489e-07
0.25 0.76851 4.14798e-07 0.76851 4.14798e-07
0.252 0.766756 4.16019e-07 0.766756 4.16019e-07
0.254 0.765001 4.1714e-07 0.765001 4.1714e-07
0.256 0.763245 4.18188e-07 0.763245 4.18188e-07
0.258 0.761487 4.19132e-07 0.761487 4.19132e-07
0.26 0.759725 4.19997e-07 0.759725 4.19997e-07
0.262 0.75796 4.20757e-07 0.75796 4.20757e-07
0.264 0.75619 4.21412e-07 0.75619 4.21412e-07
0.266 0.754415 4.21979e-07 0.754415 4.21979e-07
0.268 0.752634 4.22439e-07 0.752634 4.22439e-07
0.27 0.750847 4.22853e-07 0.750847 4.22853e-07
0.272 0.749054 4.2319e-07 0.749054 4.2319e-07
0.274 0.747254 4.23455e-07 0.747254 4.23455e-07
0.276 0.745448 4.23664e-07 0.745448 4.23664e-07
0.278 0.743635 4.23863e-07 0.743635 4.23863e-07
0.28 0.741815 4.23986e-07 0.741815 4.23986e-07
0.282 0.739989 4.24058e-07 0.739989 4.24058e-07
0.284 0.738156 4.24082e-07 0.738156 4.24082e-07
0.286 0.736318 4.24065e-07 0.736318 4.24065e-07
0.288 0.734474 4.24018e-07 0.734474 4.24018e-07
0.29 0.732625 4.24006e-07 0.732625 4.24006e-07
0.292 0.730771 4.23985e-07 0.730771 4.23985e-07
0.294 0.728914 4.23959e-07 0.728914 4.23959e-07
0.296 0.727054 4.23938e-07 0.727054 4.23938e-07
0.298 0.725191 4.23928e-07 0.725191 4.23928e-07
0.3 0.723327 4.24e-07 0.723327 4.24e-07
0.302 0.721461 4.24096e-07 0.721461 4.24096e-07
0.304 0.719596 4.24224e-07 0.719596 4.24224e-07
0.306 0.717732 4.2439e-07 0.717732 4.2439e-07
0.308 0.71587 4.24595e-07 0.71587 4.24595e-07
0.31 0.71401 4.2485e-07 0.71401 4.2485e-07
0.312 0.712153 4.25209e-07 0.712153 4.25209e-07
0.314 0.710301 4.25626e-07 0.710301 4.25626e-07
0.316 0.708454 4.26123e-07 0.708454 4.26123e-07
0.318 0.706613 4.26703e-07 0.706613 4.26703e-07
0.32 0.704778 4.27369e-07 0.704778 4.27369e-07
0.322 0.702951 4.28122e-07 0.702951 4.28122e-07
0.324 0.701131 4.28958e-07 0.701131 4.28958e-07
0.326 0.69932 4.29908e-07 0.69932 4.29908e-07
0.328 0.697517 4.30945e-07 0.697517 4.30945e-07
0.33 0.695724 4.32069e-07 0.695724 4.32069e-07
0.332 0.69394 4.33279e-07 0.69394 4.33279e-07
0.334 0.692167 4.34576e-07 0.692167 4.34576e-07
0.336 0.690403 4.35958e-07 0.690403 4.35958e-07
0.338 0.68865 4.3742e-07 0.68865 4.3742e-07
0.34 0.686907 4.38981e-07 0.686907 4.38981e-07
0.342 0.685174 4.40587e-07 0.685174 4.40587e-07
0.344 0.683451 4.42246e-07 0.683451 4.42246e-07
0.346 0.681738 4.43959e-07 0.681738 4.43959e-07
0.348 0.680035 4.45722e-07 0.680035 4.45722e-07
0.35 0.67834 4.47533e-07 0.67834 4.47533e-07
0.352 0.676655 4.49387e-07 0.676655 4.49387e-07
0.354 0.674978 4.51273e-07 0.674978 4.51273e-07
0.356 0.673309 4.53188e-07 0.673309 4.53188e-07
0.358 0.671647 4.55127e-07 0.671647 4.55127e-07
0.36 0.669991 4.57058e-07 0.669991 4.57058e-07
0.362 0.668342 4.5899e-07 0.668342 4.5899e-07
0.364 0.666698 4.60914e-07 0.666698 4.60914e-07
0.366 0.665059 4.62824e-07 0.665059 4.62824e-07
0.368 0.663424 4.64711e-07 0.663424 4.64711e-07
0.37 0.661793 4.66568e-07 0.661793 4.66568e-07
0.372 0.660164 4.68366e-07 0.660164 4.68366e-07
0.374 0.658536 4.70122e-07 0.658536 4.70122e-07
0.376 0.65691 4.7183e-07 0.65691 4.7183e-07
0.378 0.655285 4.73472e-07 0.655285 4.73472e-07
0.38 0.653659 4.7505e-07 0.653659 4.7505e-07
0.382 0.652033 4.76556e-07 0.652033 4.76556e-07
0.384 0.650406 4.77974e-07 0.650406 4.77974e-07
0.386 0.648777 4.79301e-07 0.648777 4.79301e-07
0.388 0.647146 4.80532e-07 0.647146 4.80532e-07
0.39 0.645512 4.81665e-07 0.645512 4.81665e-07
0.392 0.643875 4.82678e-07 0.643875 4.82678e-07
0.394 0.642236 4.83588e-07 0.642236 4.83588e-07
0.396 0.640593 4.84398e-07 0.640593 4.84398e-07
0.398 0.638946 4.85102e-07 0.638946 4.85102e-07
0.4 0.637296 4.85712e-07 0.637296 4.85712e-07
0.402 0.635642 4.86228e-07 0.635642 4.86228e-07
0.404 0.633985 4.86654e-07 0.633985 4.86654e-07
0.406 0.632324 4.86991e-07 0.632324 4.86991e-07
0.408 0.63066 4.87248e-07 0.63066 4.87248e-07
0.41 0.628994 4.87415e-07 0.628994 4.87415e-07
0.412 0.627324 4.87498e-07 0.627324 4.87498e-07
0.414 0.625653 4.87504e-07 0.625653 4.87504e-07
0.416 0.623979 4.87442e-07 0.623979 4.87442e-07
0.418 0.622304 4.87318e-07 0.622304 4.87318e-07
0.42 0.620629 4.87138e-07 0.620629 4.87138e-07
0.422 0.618952 4.86903e-07 0.618952 4.86903e-07
0.424 0.617276 4.86624e-07 0.617276 4.86624e-07
0.426 0.615601 4.86308e-07 0.615601 4.86308e-07
0.428 0.613927 4.85962e-07 0.613927 4.85962e-07
0.43 0.612255 4.85589e-07 0.612255 4.85589e-07
0.432 0.610586 4.85194e-07 0.610586 4.85194e-07
0.434 0.60892 4.84794e-07 0.60892 4.84794e-07
0.436 0.607258 4.84384e-07 0.607258 4.84384e-07
0.438 0.6056 4.83971e-07 0.6056 4.83971e-07
0.44 0.603947 4.83567e-07 0.603947 4.83567e-07
0.442 0.602299 4.83167e-07 0.602299 4.83167e-07
0.444 0.600658 4.82786e-07 0.600658 4.82786e-07
0.446 0.599023 4.82422e-07 0.599023 4.82422e-07
0.448 0.597395 4.82072e-07 0.597395 4.82072e-07
0.45 0.595775 4.81747e-07 0.595775 4.81747e-07
0.452 0.594162 4.81452e-07 0.594162 4.81452e-07
0.454 0.592558 4.8119e-07 0.592558 4.8119e-07
0.456 0.590961 4.80962e-07 0.590961 4.80962e-07
0.458 0.589373 4.8077e-07 0.589373 4.8077e-07
0.46 0.587794 4.80612e-07 0.587794 4.80612e-07
0.462 0.586223 4.80488e-07 0.586223 4.80488e-07
0.464 0.58466 4.80393e-07 0.58466 4.80393e-07
0.466 0.583107 4.8034e-07 0.583107 4.8034e-07
0.468 0.581561 4.8032e-07 0.581561 4.8032e-07
0.47 0.580024 4.80332e-07 0.580024 4.80332e-07
0.472 0.578496 4.80361e-07 0.578496 4.80361e-07
0.474 0.576974 4.80411e-07 0.576974 4.80411e-07
0.476 0.575461 4.80486e-07 0.575461 4.80486e-07
0.478 0.573954 4.80586e-07 0.573954 4.80586e-07
0.48 0.572455 4.80703e-07 0.572455 4.80703e-07
0.482 0.570961 4.80843e-07 0.570961 4.80843e-07
0.484 0.569473 4.81001e-07 0.569473 4.81001e-07
0.486 0.567991 4.8117e-07 0.567991 4.8117e-07
0.488 0.566514 4.81345e-07 0.566514 4.81345e-07
0.49 0.565041 4.81523e-07 0.565041 4.81523e-07
0.492 0.563571 4.81674e-07 0.563571 4.81674e-07
0.494 0.562105 4.81812e-07 0.562105 4.81812e-07
0.496 0.560642 4.81931e-07 0.560642 4.81931e-07
0.498 0.559181 4.82017e-07 0.559181 4.82017e-07
0.5 0.557721 4.82066e-07 0.557721 4.82066e-07
0.502 0.556263 4.82074e-07 0.556263 4.82074e-07
0.504 0.554805 4.82038e-07 0.554805 4.82038e-07
0.506 0.553347 4.8195e-07 0.553347 4.8195e-07
0.508 0.55189 4.81807e-07 0.55189 4.81807e-07
0.51 0.550431 4.81601e-07 0.550431 4.81601e-07
0.512 0.548972 4.81328e-07 0.548972 4.81328e-07
0.514 0.547512 4.80981e-07 0.547512 4.80981e-07
0.516 0.54605 4.80554e-07 0.54605 4.80554e-07
0.518 0.544586 4.80042e-07 0.544586 4.80042e-07
0.52 0.543121 4.79439e-07 0.543121 4.79439e-07
0.522 0.541654 4.78749e-07 0.541654 4.78749e-07
0.524 0.540184 4.77968e-07 0.540184 4.77968e-07
0.526 0.538713 4.77094e-07 0.538713 4.77094e-07
0.528 0.53724 4.76119e-07 0.53724 4.76119e-07
0.53 0.535765 4.75048e-07 0.535765 4.75048e-07
0.532 0.534289 4.73879e-07 0.534289 4.73879e-07
0.534 0.532811 4.72619e-07 0.532811 4.72619e-07
0.536 0.531332 4.71268e-07 0.531332 4.71268e-07
0.538 0.529852 4.69824e-07 0.529852 4.69824e-07
0.54 0.528372 4.68294e-07 0.528372 4.68294e-07
0.542 0.526891 4.66671e-07 0.526891 4.66671e-07
0.544 0.52541 4.64956e-07 0.52541 4.64956e-07
0.546 0.52393 4.63151e-07 0.52393 4.63151e-07
0.548 0.522451 4.61258e-07 0.522451 4.61258e-07
0.55 0.520974 4.59274e-07 0.520974 4.59274e-07
0.552 0.519498 4.57202e-07 0.519498 4.57202e-07
0.554 0.518025 4.55045e-07 0.518025 4.55045e-07
0.556 0.516555 4.52801e-07 0.516555 4.52801e-07
0.558 0.515089 4.50474e-07 0.515089 4.50474e-07
0.56 0.513626 4.48065e-07 0.513626 4.48065e-07
0.562 0.512168 4.45576e-07 0.512168 4.45576e-07
0.564 0.510714 4.43037e-07 0.510714 4.43037e-07
0.566 0.509266 4.40424e-07 0.509266 4.40424e-07
0.568 0.507823 4.37747e-07 0.507823 4.37747e-07
0.57 0.506387 4.35008e-07 0.506387 4.35008e-07
0.572 0.504956 4.32208e-07 0.504956 4.32208e-07
0.574 0.503533 4.29344e-07 0.503533 4.29344e-07
0.576 0.502116 4.26427e-07 0.502116 4.26427e-07
0.578 0.500706 4.23455e-07 0.500706 4.23455e-07
0.58 0.499304 4.2043e-07 0.499304 4.2043e-07
0.582 0.497909 4.17351e-07 0.497909 4.17351e-07
0.584 0.496522 4.14218e-07 0.496522 4.14218e-07
0.586 0.495142 4.11023e-07 0.495142 4.11023e-07
0.588 0.49377 4.07775e-07 0.49377 4.07775e-07
0.59 0.492405 4.04478e-07 0.492405 4.04478e-07
0.592 0.491048 4.0113e-07 0.491048 4.0113e-07
0.594 0.489698 3.9774e-07 0.489698 3.9774e-07
0.596 0.488355 3.94309e-07 0.488355 3.94309e-07
0.598 0.487019 3.90838e-07 0.487019 3.90838e-07
0.6 0.485689 3.87336e-07 0.485689 3.87336e-07
0.602 0.484366 3.83819e-07 0.484366 3.83819e-07
0.604 0.483049 3.80299e-07 0.483049 3.80299e-07
0.606 0.481737 3.76786e-07 0.481737 3.76786e-07
0.608 0.48043 3.73291e-07 0.48043 3.73291e-07
0.61 0.479128 3.69829e-07 0.479128 3.69829e-07
0.612 0.47783 3.66415e-07 0.47783 3.66415e-07
0.614 0.476537 3.63026e-07 0.476537 3.63026e-07
0.616 0.475246 3.59696e-07 0.475246 3.59696e-07
0.618 0.473959 3.5644e-07 0.473959 3.5644e-07
0.62 0.472674 3.53271e-07 0.472674 3.53271e-07
0.622 0.471391 3.50202e-07 0.471391 3.50202e-07
0.624 0.47011 3.47246e-07 0.47011 3.47246e-07
0.626 0.46883 3.44426e-07 0.46883 3.44426e-07
0.628 0.467551 3.41718e-07 0.467551 3.41718e-07
0.63 0.466272 3.39147e-07 0.466272 3.39147e-07
0.632 0.464993 3.36724e-07 0.464993 3.36724e-07
0.634 0.463714 3.34454e-07 0.463714 3.34454e-07
0.636 0.462435 3.32333e-07 0.462435 3.32333e-07
0.638 0.461155 3.30367e-07 0.461155 3.30367e-07
0.64 0.459873 3.28572e-07 0.459873 3.28572e-07
0.642 0.458591 3.26929e-07 0.458591 3.26929e-07
0.644 0.457307 3.25447e-07 0.457307 3.25447e-07
0.646 0.456022 3.24133e-07 0.456022 3.24133e-07
0.648 0.454736 3.2299e-07 0.454736 3.2299e-07
0.65 0.453448 3.2202e-07 0.453448 3.2202e-07
0.652 0.452159 3.21224e-07 0.452159 3.21224e-07
0.654 0.450869 3.20603e-07 0.450869 3.20603e-07
0.656 0.449577 3.20164e-07 0.449577 3.20164e-07
0.658 0.448284 3.19904e-07 0.448284 3.19904e-07
0.66 0.446991 3.19823e-07 0.446991 3.19823e-07
0.662 0.445697 3.1991e-07 0.445697 3.1991e-07
0.664 0.444403 3.20165e-07 0.444403 3.20165e-07
0.666 0.443109 3.20589e-07 0.443109 3.20589e-07
0.668 0.441816 3.21179e-07 0.441816 3.21179e-07
0.67 0.440523 3.21924e-07 0.440523 3.21924e-07
0.672 0.439232 3.22852e-07 0.439232 3.22852e-07
0.674 0.437942 3.23941e-07 0.437942 3.23941e-07
0.676 0.436654 3.25187e-07 0.436654 3.25187e-07
0.678 0.435368 3.26587e-07 0.435368 3.26587e-07
0.68 0.434085 3.28135e-07 0.434085 3.28135e-07
0.682 0.432805 3.29825e-07 0.432805 3.29825e-07
0.684 0.431529 3.3165e-07 0.431529 3.3165e-07
0.686 0.430257 3.33589e-07 0.430257 3.33589e-07
0.688 0.428989 3.35644e-07 0.428989 3.35644e-07
0.69 0.427726 3.37826e-07 0.427726 3.37826e-07
0.692 0.426468 3.40105e-07 0.426468 3.40105e-07
0.694 0.425215 3.4247e-07 0.425215 3.4247e-07
0.696 0.423968 3.44903e-07 0.423968 3.44903e-07
0.698 0.422726 3.47387e-07 0.422726 3.47387e-07
0.7 0.421491 3.49909e-07 0.421491 3.49909e-07
0.702 0.420262 3.52454e-07 0.420262 3.52454e-07
0.704 0.41904 3.55006e-07 0.41904 3.55006e-07
0.706 0.417824 3.57541e-07 0.417824 3.57541e-07
0.708 0.416615 3.60059e-07 0.416615 3.60059e-07
0.71 0.415412 3.62532e-07 0.415412 3.62532e-07
0.712 0.414216 3.64945e-07 0.414216 3.64945e-07
0.714 0.413027 3.67286e-07 0.413027 3.67286e-07
0.716 0.411845 3.6954e-07 0.411845 3.6954e-07
0.718 0.410668 3.71695e-07 0.410668 3.71695e-07
0.72 0.409499 3.7374e-07 0.409499 3.7374e-07
0.722 0.408335 3.75663e-07 0.408335 3.75663e-07
0.724 0.407177 3.7745e-07 0.407177 3.7745e-07
0.726 0.406025 3.79105e-07 0.406025 3.79105e-07
0.728 0.404878 3.80604e-07 0.404878 3.80604e-07
0.73 0.403736 3.81959e-07 0.403736 3.81959e-07
0.732 0.402599 3.83167e-07 0.402599 3.83167e-07
0.734 0.401467 3.84236e-07 0.401467 3.84236e-07
0.736 0.400338 3.85151e-07 0.400338 3.85151e-07
0.738 0.399213 3.85935e-07 0.399213 3.85935e-07
0.74 0.398092 3.86595e-07 0.398092 3.86595e-07
0.742 0.396973 3.87142e-07 0.396973 3.87142e-07
0.744 0.395857 3.87611e-07 0.395857 3.87611e-07
0.746 0.394743 3.87998e-07 0.394743 3.87998e-07
0.748 0.393631 3.88271e-07 0.393631 3.88271e-07
0.75 0.39252 3.88629e-07 0.39252 3.88629e-07
0.752 0.39141 3.89046e-07 0.39141 3.89046e-07
0.754 0.390301 3.89492e-07 0.390301 3.89492e-07
0.756 0.389192 3.8995e-07 0.389192 3.8995e-07
0.758 0.388084 3.90414e-07 0.388084 3.90414e-07
0.76 0.386975 3.90886e-07 0.386975 3.90886e-07
0.762 0.385867 3.91378e-07 0.385867 3.91378e-07
0.764 0.384758 3.9194e-07 0.384758 3.9194e-07
0.766 0.383649 3.92502e-07 0.383649 3.92502e-07
0.768 0.382539 3.93139e-07 0.382539 3.93139e-07
0.77 0.381429 3.93874e-07 0.381429 3.93874e-07
0.772 0.380318 3.94733e-07 0.380318 3.94733e-07
0.774 0.379206 3.9574e-07 0.379206 3.9574e-07
0.776 0.378094 3.96976e-07 0.378094 3.96976e-07
0.778 0.37698 3.98393e-07 0.37698 3.98393e-07
0.78 0.375867 4.00006e-07 0.375867 4.00006e-07
0.782 0.374752 4.01832e-07 0.374752 4.01832e-07
0.784 0.373637 4.03882e-07 0.373637 4.03882e-07
0.786 0.372522 4.06195e-07 0.372522 4.06195e-07
0.788 0.371407 4.08715e-07 0.371407 4.08715e-07
0.79 0.370293 4.11478e-07 0.370293 4.11478e-07
0.792 0.369178 4.14488e-07 0.369178 4.14488e-07
0.794 0.368065 4.17747e-07 0.368065 4.17747e-07
0.796 0.366953 4.21254e-07 0.366953 4.21254e-07
0.798 0.365842 4.25005e-07 0.365842 4.25005e-07
0.8 0.364732 4.28995e-07 0.364732 4.28995e-07
0.802 0.363625 4.33215e-07 0.363625 4.33215e-07
0.804 0.362521 4.37653e-07 0.362521 4.37653e-07
0.806 0.361419 4.42295e-07 0.361419 4.42295e-07
0.808 0.36032 4.47123e-07 0.36032 4.47123e-07
0.81 0.359225 4.52129e-07 0.359225 4.52129e-07
0.812 0.358133 4.57278e-07 0.358133 4.57278e-07
0.814 0.357046 4.62535e-07 0.357046 4.62535e-07
0.816 0.355963 4.67879e-07 0.355963 4.67879e-07
0.818 0.354884 4.73276e-07 0.354884 4.73276e-07
0.82 0.35381 4.78691e-07 0.35381 4.78691e-07
0.822 0.352742 4.84099e-07 0.352742 4.84099e-07
0.824 0.351678 4.89448e-07 0.351678 4.89448e-07
0.826 0.35062 4.94695e-07 0.35062 4.94695e-07
0.828 0.349567 4.998e-07 0.349567 4.998e-07
0.83 0.348521 5.04718e-07 0.348521 5.04718e-07
0.832 0.347479 5.09407e-07 0.347479 5.09407e-07
0.834 0.346444 5.13826e-07 0.346444 5.13826e-07
0.836 0.345414 5.17934e-07 0.345414 5.17934e-07
0.838 0.34439 5.21692e-07 0.34439 5.21692e-07
0.84 0.343372 5.25066e-07 0.343372 5.25066e-07
0.842 0.342359 5.28027e-07 0.342359 5.28027e-07
0.844 0.341352 5.30545e-07 0.341352 5.30545e-07
0.846 0.34035 5.3259e-07 0.34035 5.3259e-07
0.848 0.339353 5.34138e-07 0.339353 5.34138e-07
0.85 0.338361 5.35166e-07 0.338361 5.35166e-07
0.852 0.337374 5.35658e-07 0.337374 5.35658e-07
0.854 0.336391 5.35599e-07 0.336391 5.35599e-07
0.856 0.335413 5.34978e-07 0.335413 5.34978e-07
0.858 0.334438 5.33782e-07 0.334438 5.33782e-07
0.86 0.333467 5.32007e-07 0.333467 5.32007e-07
0.862 0.3325 5.29654e-07 0.3325 5.29654e-07
0.864 0.331536 5.26721e-07 0.331536 5.26721e-07
0.866 0.330574 5.23223e-07 0.330574 5.23223e-07
0.868 0.329615 5.1918e-07 0.329615 5.1918e-07
0.87 0.328659 5.14603e-07 0.328659 5.14603e-07
0.872 0.327704 5.09513e-07 0.327704 5.09513e-07
0.874 0.32675 5.03937e-07 0.32675 5.03937e-07
0.876 0.325799 4.97902e-07 0.325799 4.97902e-07
0.878 0.324848 4.91441e-07 0.324848 4.91441e-07
0.88 0.323898 4.8459e-07 0.323898 4.8459e-07
0.882 0.322949 4.77388e-07 0.322949 4.77388e-07
0.884 0.322 4.69876e-07 0.322 4.69876e-07
0.886 0.321051 4.62105e-07 0.321051 4.62105e-07
0.888 0.320103 4.54117e-07 0.320103 4.54117e-07
0.89 0.319154 4.45965e-07 0.319154 4.45965e-07
0.892 0.318206 4.37697e-07 0.318206 4.37697e-07
0.894 0.317257 4.29363e-07 0.317257 4.29363e-07
0.896 0.316308 4.21013e-07 0.316308 4.21013e-07
0.898 0.315359 4.12695e-07 0.315359 4.12695e-07
0.9 0.314409 4.04458e-07 0.314409 4.04458e-07
0.902 0.31346 3.96352e-07 0.31346 3.96352e-07
0.904 0.312511 3.88421e-07 0.312511 3.88421e-07
0.906 0.311561 3.80712e-07 0.311561 3.80712e-07
0.908 0.310612 3.73267e-07 0.310612 3.73267e-07
0.91 0.309663 3.66129e-07 0.309663 3.66129e-07
0.912 0.308715 3.59358e-07 0.308715 3.59358e-07
0.914 0.307767 3.5299e-07 0.307767 3.5299e-07
0.916 0.306821 3.47057e-07 0.306821 3.47057e-07
0.918 0.305876 3.41589e-07 0.305876 3.41589e-07
0.92 0.304932 3.36609e-07 0.304932 3.36609e-07
0.922 0.30399 3.32142e-07 0.30399 3.32142e-07
0.924 0.303051 3.28204e-07 0.303051 3.28204e-07
0.926 0.302113 3.24815e-07 0.302113 3.24815e-07
0.928 0.301178 3.21987e-07 0.301178 3.21987e-07
0.93 0.300246 3.19726e-07 0.300246 3.19726e-07
0.932 0.299317 3.18038e-07 0.299317 3.18038e-07
0.934 0.298391 3.16923e-07 0.298391 3.16923e-07
0.936 0.297469 3.16375e-07 0.297469 3.16375e-07
0.938 0.296551 3.16388e-07 0.296551 3.16388e-07
0.94 0.295637 3.16949e-07 0.295637 3.16949e-07
0.942 0.294727 3.18041e-07 0.294727 3.18041e-07
0.944 0.293821 3.19644e-07 0.293821 3.19644e-07
0.946 0.29292 3.21734e-07 0.29292 3.21734e-07
0.948 0.292023 3.24283e-07 0.292023 3.24283e-07
0.95 0.291131 3.27259e-07 0.291131 3.27259e-07
0.952 0.290244 3.30617e-07 0.290244 3.30617e-07
0.954 0.289362 3.34321e-07 0.289362 3.34321e-07
0.956 0.288485 3.38326e-07 0.288485 3.38326e-07
0.958 0.287613 3.42592e-07 0.287613 3.42592e-07
0.96 0.286745 3.47075e-07 0.286745 3.47075e-07
0.962 0.285882 3.51728e-07 0.285882 3.51728e-07
0.964 0.285024 3.56505e-07 0.285024 3.56505e-07
0.966 0.28417 3.6136e-07 0.28417 3.6136e-07
0.968 0.283321 3.66269e-07 0.283321 3.66269e-07
0.97 0.282477 3.71182e-07 0.282477 3.71182e-07
0.972 0.281636 3.76046e-07 0.281636 3.76046e-07
0.974 0.2808 3.8081e-07 0.2808 3.8081e-07
0.976 0.279967 3.85427e-07 0.279967 3.85427e-07
0.978 0.279137 3.89851e-07 0.279137 3.89851e-07
0.98 0.278311 3.94014e-07 0.278311 3.94014e-07
0.982 0.277488 3.97894e-07 0.277488 3.97894e-07
0.984 0.276668 4.01464e-07 0.276668 4.01464e-07
0.986 0.27585 4.04702e-07 0.27585 4.04702e-07
0.988 0.275034 4.07587e-07 0.275034 4.07587e-07
0.99 0.27422 4.101e-07 0.27422 4.101e-07
0.992 0.273408 4.12222e-07 0.273408 4.12222e-07
0.994 0.272598 4.13941e-07 0.272598 4.13941e-07
0.996 0.271788 4.15263e-07 0.271788 4.15263e-07
0.998 0.27098 4.16147e-07 0.27098 4.16147e-07
1 0.270172 4.16608e-07 0.270172 4.16608e-07
1.002 0.269365 4.16647e-07 0.269365 4.16647e-07
1.004 0.268558 4.16271e-07 0.268558 4.16271e-07
1.006 0.267752 4.15488e-07 0.267752 4.15488e-07
1.008 0.266945 4.14315e-07 0.266945 4.14315e-07
1.01 0.266138 4.12767e-07 0.266138 4.12767e-07
1.012 0.265331 4.10867e-07 0.265331 4.10867e-07
1.014 0.264524 4.08639e-07 0.264524 4.08639e-07
1.016 0.263717 4.06112e-07 0.263717 4.06112e-07
1.018 0.262909 4.03317e-07 0.262909 4.03317e-07
1.02 0.262101 4.00287e-07 0.262101 4.00287e-07
1.022 0.261292 3.9706e-07 0.261292 3.9706e-07
1.024 0.260483 3.93681e-07 0.260483 3.93681e-07
1.026 0.259675 3.90188e-07 0.259675 3.90188e-07
1.028 0.258866 3.86619e-07 0.258866 3.86619e-07
1.03 0.258057 3.83015e-07 0.258057 3.83015e-07
1.032 0.257249 3.79415e-07 0.257249 3.79415e-07
1.034 0.256441 3.7586e-07 0.256441 3.7586e-07
1.036 0.255633 3.72405e-07 0.255633 3.72405e-07
1.038 0.254827 3.69047e-07 0.254827 3.69047e-07
1.04 0.254021 3.65857e-07 0.254021 3.65857e-07
1.042 0.253217 3.62874e-07 0.253217 3.62874e-07
1.044 0.252414 3.60133e-07 0.252414 3.60133e-07
1.046 0.251613 3.57666e-07 0.251613 3.57666e-07
1.048 0.250813 3.55504e-07 0.250813 3.55504e-07
1.05 0.250017 3.53675e-07 0.250017 3.53675e-07
1.052 0.249222 3.52205e-07 0.249222 3.52205e-07
1.054 0.24843 3.51114e-07 0.24843 3.51114e-07
1.056 0.247642 3.50423e-07 0.247642 3.50423e-07
1.058 0.246856 3.50145e-07 0.246856 3.50145e-07
1.06 0.246074 3.5029e-07 0.246074 3.5029e-07
1.062 0.245295 3.50867e-07 0.245295 3.50867e-07
1.064 0.24452 3.51877e-07 0.24452 3.51877e-07
1.066 0.243749 3.53318e-07 0.243749 3.53318e-07
1.068 0.242983 3.55185e-07 0.242983 3.55185e-07
1.07 0.24222 3.57465e-07 0.24222 3.57465e-07
1.072 0.241462 3.60144e-07 0.241462 3.60144e-07
1.074 0.240707 3.63202e-07 0.240707 3.63202e-07
1.076 0.239958 3.66624e-07 0.239958 3.66624e-07
1.078 0.239213 3.70375e-07 0.239213 3.70375e-07
1.08 0.238472 3.74427e-07 0.238472 3.74427e-07
1.082 0.237735 3.78745e-07 0.237735 3.78745e-07
1.084 0.237003 3.83292e-07 0.237003 3.83292e-07
1.086 0.236275 3.88029e-07 0.236275 3.88029e-07
1.088 0.235551 3.92915e-07 0.235551 3.92915e-07
1.09 0.234831 3.97895e-07 0.234831 3.97895e-07
1.092 0.234115 4.02751e-07 0.234115 4.02751e-07
1.094 0.233402 4.07607e-07 0.233402 4.07607e-07
1.096 0.232693 4.12479e-07 0.232693 4.12479e-07
1.098 0.231987 4.17342e-07 0.231987 4.17342e-07
1.1 0.231284 4.22155e-07 0.231284 4.22155e-07
1.102 0.230584 4.26866e-07 0.230584 4.26866e-07
1.104 0.229886 4.3142e-07 0.229886 4.3142e-07
1.106 0.22919 4.35762e-07 0.22919 4.35762e-07
1.108 0.228497 4.39835e-07 0.228497 4.39835e-07
1.11 0.227805 4.43593e-07 0.227805 4.43593e-07
1.112 0.227115 4.46987e-07 0.227115 4.46987e-07
1.114 0.226426 4.49972e-07 0.226426 4.49972e-07
1.116 0.225738 4.52508e-07 0.225738 4.52508e-07
1.118 0.225051 4.54565e-07 0.225051 4.54565e-07
1.12 0.224365 4.56107e-07 0.224365 4.56107e-07
1.122 0.223678 4.57111e-07 0.223678 4.57111e-07
1.124 0.222993 4.57559e-07 0.222993 4.57559e-07
1.126 0.222307 4.57439e-07 0.222307 4.57439e-07
1.128 0.221621 4.56744e-07 0.221621 4.56744e-07
1.13 0.220935 4.55474e-07 0.220935 4.55474e-07
1.132 0.220248 4.53802e-07 0.220248 4.53802e-07
1.134 0.219561 4.51518e-07 0.219561 4.51518e-07
1.136 0.218874 4.48647e-07 0.218874 4.48647e-07
1.138 0.218186 4.45215e-07 0.218186 4.45215e-07
1.14 0.217498 4.41258e-07 0.217498 4.41258e-07
1.142 0.216809 4.36811e-07 0.216809 4.36811e-07
1.144 0.21612 4.31916e-07 0.21612 4.31916e-07
1.146 0.215431 4.26619e-07 0.215431 4.26619e-07
1.148 0.214741 4.20968e-07 0.214741 4.20968e-07
1.15 0.214052 4.15011e-07 0.214052 4.15011e-07
1.152 0.213362 4.08804e-07 0.213362 4.08804e-07
1.154 0.212673 4.02393e-07 0.212673 4.02393e-07
1.156 0.211983 3.95832e-07 0.211983 3.95832e-07
1.158 0.211295 3.89176e-07 0.211295 3.89176e-07
1.16 0.210607 3.82483e-07 0.210607 3.82483e-07
1.162 0.20992 3.75808e-07 0.20992 3.75808e-07
1.164 0.209234 3.69209e-07 0.209234 3.69209e-07
1.166 0.20855 3.62741e-07 0.20855 3.62741e-07
1.168 0.207868 3.56458e-07 0.207868 3.56458e-07
1.17 0.207187 3.50409e-07 0.207187 3.50409e-07
1.172 0.206508 3.44646e-07 0.206508 3.44646e-07
1.174 0.205832 3.39217e-07 0.205832 3.39217e-07
1.176 0.205158 3.34164e-07 0.205158 3.34164e-07
1.178 0.204487 3.29529e-07 0.204487 3.29529e-07
1.18 0.20382 3.25345e-07 0.20382 3.25345e-07
1.182 0.203155 3.21646e-07 0.203155 3.21646e-07
1.184 0.202494 3.18457e-07 0.202494 3.18457e-07
1.186 0.201837 3.158e-07 0.201837 3.158e-07
1.188 0.201183 3.13694e-07 0.201183 3.13694e-07
1.19 0.200533 3.12148e-07 0.200533 3.12148e-07
1.192 0.199888 3.1117e-07 0.199888 3.1117e-07
1.194 0.199246 3.10762e-07 0.199246 3.10762e-07
1.196 0.198609 3.10919e-07 0.198609 3.10919e-07
1.198 0.197976 3.11634e-07 0.197976 3.11634e-07
1.2 0.197347 3.12891e-07 0.197347 3.12891e-07
1.202 0.196723 3.14674e-07 0.196723 3.14674e-07
1.204 0.196103 3.16958e-07 0.196103 3.16958e-07
1.206 0.195487 3.19716e-07 0.195487 3.19716e-07
1.208 0.194875 3.22918e-07 0.194875 3.22918e-07
1.21 0.194267 3.26528e-07 0.194267 3.26528e-07
1.212 0.193664 3.30508e-07 0.193664 3.30508e-07
1.214 0.193064 3.34816e-07 0.193064 3.34816e-07
1.216 0.192468 3.3941e-07 0.192468 3.3941e-07
1.218 0.191875 3.44243e-07 0.191875 3.44243e-07
1.22 0.191286 3.49268e-07 0.191286 3.49268e-07
1.222 0.190699 3.54435e-07 0.190699 3.54435e-07
1.224 0.190116 3.59695e-07 0.190116 3.59695e-07
1.226 0.189535 3.64997e-07 0.189535 3.64997e-07
1.228 0.188957 3.70291e-07 0.188957 3.70291e-07
1.23 0.18838 3.75527e-07 0.18838 3.75527e-07
1.232 0.187806 3.80656e-07 0.187806 3.80656e-07
1.234 0.187233 3.85629e-07 0.187233 3.85629e-07
1.236 0.186662 3.90405e-07 0.186662 3.90405e-07
1.238 0.186092 3.94934e-07 0.186092 3.94934e-07
1.24 0.185523 3.99173e-07 0.185523 3.99173e-07
1.242 0.184954 4.03083e-07 0.184954 4.03083e-07
1.244 0.184386 4.06627e-07 0.184386 4.06627e-07
1.246 0.183818 4.09773e-07 0.183818 4.09773e-07
1.248 0.183251 4.12488e-07 0.183251 4.12488e-07
1.25 0.182683 4.14747e-07 0.182683 4.14747e-07
1.252 0.182115 4.1653e-07 0.182115 4.1653e-07
1.254 0.181547 4.17818e-07 0.181547 4.17818e-07
1.256 0.180978 4.18598e-07 0.180978 4.18598e-07
1.258 0.180409 4.18862e-07 0.180409 4.18862e-07
1.26 0.17984 4.18605e-07 0.17984 4.18605e-07
1.262 0.179269 4.17829e-07 0.179269 4.17829e-07
1.264 0.178698 4.16538e-07 0.178698 4.16538e-07
1.266 0.178127 4.14742e-07 0.178127 4.14742e-07
1.268 0.177554 4.12455e-07 0.177554 4.12455e-07
1.27 0.176982 4.09696e-07 0.176982 4.09696e-07
1.272 0.176409 4.06486e-07 0.176409 4.06486e-07
1.274 0.175835 4.02853e-07 0.175835 4.02853e-07
1.276 0.175261 3.98827e-07 0.175261 3.98827e-07
1.278 0.174688 3.94439e-07 0.174688 3.94439e-07
1.28 0.174114 3.89728e-07 0.174114 3.89728e-07
1.282 0.173541 3.8473e-07 0.173541 3.8473e-07
1.284 0.172968 3.79489e-07 0.172968 3.79489e-07
1.286 0.172396 3.74046e-07 0.172396 3.74046e-07
1.288 0.171825 3.68447e-07 0.171825 3.68447e-07
1.29 0.171254 3.62737e-07 0.171254 3.62737e-07
1.292 0.170686 3.56965e-07 0.170686 3.56965e-07
1.294 0.170118 3.51177e-07 0.170118 3.51177e-07
1.296 0.169553 3.45422e-07 0.169553 3.45422e-07
1.298 0.168989 3.39746e-07 0.168989 3.39746e-07
1.3 0.168428 3.34197e-07 0.168428 3.34197e-07
1.302 0.167869 3.28819e-07 0.167869 3.28819e-07
1.304 0.167313 3.23658e-07 0.167313 3.23658e-07
1.306 0.16676 3.18757e-07 0.16676 3.18757e-07
1.308 0.16621 3.14153e-07 0.16621 3.14153e-07
1.31 0.165663 3.09886e-07 0.165663 3.09886e-07
1.312 0.165119 3.05988e-07 0.165119 3.05988e-07
1.314 0.164579 3.02489e-07 0.164579 3.02489e-07
1.316 0.164043 2.99417e-07 0.164043 2.99417e-07
1.318 0.16351 2.96794e-07 0.16351 2.96794e-07
1.32 0.16298 2.94637e-07 0.16298 2.94637e-07
1.322 0.162455 2.9296e-07 0.162455 2.9296e-07
1.324 0.161933 2.91773e-07 0.161933 2.91773e-07
1.326 0.161415 2.91078e-07 0.161415 2.91078e-07
1.328 0.160901 2.90876e-07 0.160901 2.90876e-07
1.33 0.16039 2.91161e-07 0.16039 2.91161e-07
1.332 0.159883 2.91922e-07 0.159883 2.91922e-07
1.334 0.15938 2.93004e-07 0.15938 2.93004e-07
1.336 0.15888 2.94543e-07 0.15888 2.94543e-07
1.338 0.158383 2.96515e-07 0.158383 2.96515e-07
1.34 0.157889 2.98892e-07 0.157889 2.98892e-07
1.342 0.157398 3.01642e-07 0.157398 3.01642e-07
1.344 0.15691 3.04728e-07 0.15691 3.04728e-07
1.346 0.156424 3.0811e-07 0.156424 3.0811e-07
1.348 0.15594 3.11745e-07 0.15594 3.11745e-07
1.35 0.155459 3.15587e-07 0.155459 3.15587e-07
1.352 0.154979 3.19589e-07 0.154979 3.19589e-07
1.354 0.1545 3.23702e-07 0.1545 3.23702e-07
1.356 0.154023 3.27876e-07 0.154023 3.27876e-07
1.358 0.153547 3.32062e-07 0.153547 3.32062e-07
1.36 0.153072 3.36209e-07 0.153072 3.36209e-07
1.362 0.152598 3.40268e-07 0.152598 3.40268e-07
1.364 0.152124 3.44193e-07 0.152124 3.44193e-07
1.366 0.15165 3.47936e-07 0.15165 3.47936e-07
1.368 0.151177 3.51455e-07 0.151177 3.51455e-07
1.37 0.150703 3.54708e-07 0.150703 3.54708e-07
1.372 0.150229 3.57658e-07 0.150229 3.57658e-07
1.374 0.149755 3.60268e-07 0.149755 3.60268e-07
1.376 0.14928 3.62511e-07 0.14928 3.62511e-07
1.378 0.148804 3.64355e-07 0.148804 3.64355e-07
1.38 0.148328 3.65786e-07 0.148328 3.65786e-07
1.382 0.147851 3.66778e-07 0.147851 3.66778e-07
1.384 0.147373 3.67317e-07 0.147373 3.67317e-07
1.386 0.146894 3.67393e-07 0.146894 3.67393e-07
1.388 0.146415 3.67001e-07 0.146415 3.67001e-07
1.39 0.145935 3.66139e-07 0.145935 3.66139e-07
1.392 0.145454 3.64813e-07 0.145454 3.64813e-07
1.394 0.144973 3.6303e-07 0.144973 3.6303e-07
1.396 0.144491 3.60803e-07 0.144491 3.60803e-07
1.398 0.144009 3.5815e-07 0.144009 3.5815e-07
1.4 0.143527 3.55092e-07 0.143527 3.55092e-07
1.402 0.143045 3.51654e-07 0.143045 3.51654e-07
1.404 0.142562 3.47866e-07 0.142562 3.47866e-07
1.406 0.142081 3.43761e-07 0.142081 3.43761e-07
1.408 0.141599 3.39373e-07 0.141599 3.39373e-07
1.41 0.141119 3.34742e-07 0.141119 3.34742e-07
1.412 0.140639 3.29908e-07 0.140639 3.29908e-07
1.414 0.140161 3.24915e-07 0.140161 3.24915e-07
1.416 0.139684 3.19806e-07 0.139684 3.19806e-07
1.418 0.139209 3.14628e-07 0.139209 3.14628e-07
1.42 0.138735 3.09426e-07 0.138735 3.09426e-07
1.422 0.138264 3.04247e-07 0.138264 3.04247e-07
1.424 0.137795 2.99137e-07 0.137795 2.99137e-07
1.426 0.137329 2.94141e-07 0.137329 2.94141e-07
1.428 0.136865 2.89305e-07 0.136865 2.89305e-07
1.43 0.136404 2.84669e-07 0.136404 2.84669e-07
1.432 0.135946 2.80274e-07 0.135946 2.80274e-07
1.434 0.135492 2.7616e-07 0.135492 2.7616e-07
1.436 0.13504 2.72359e-07 0.13504 2.72359e-07
1.438 0.134593 2.68906e-07 0.134593 2.68906e-07
1.44 0.134148 2.65828e-07 0.134148 2.65828e-07
1.442 0.133708 2.63151e-07 0.133708 2.63151e-07
1.444 0.133271 2.60779e-07 0.133271 2.60779e-07
1.446 0.132838 2.58888e-07 0.132838 2.58888e-07
1.448 0.132408 2.57482e-07 0.132408 2.57482e-07
1.45 0.131982 2.56563e-07 0.131982 2.56563e-07
1.452 0.131559 2.56129e-07 0.131559 2.56129e-07
1.454 0.13114 2.56174e-07 0.13114 2.56174e-07
1.456 0.130724 2.56688e-07 0.130724 2.56688e-07
1.458 0.130311 2.57656e-07 0.130311 2.57656e-07
1.46 0.129901 2.59063e-07 0.129901 2.59063e-07
1.462 0.129495 2.60888e-07 0.129495 2.60888e-07
1.464 0.129091 2.63106e-07 0.129091 2.63106e-07
1.466 0.128689 2.65689e-07 0.128689 2.65689e-07
1.468 0.12829 2.68607e-07 0.12829 2.68607e-07
1.47 0.127894 2.71824e-07 0.127894 2.71824e-07
1.472 0.127499 2.75304e-07 0.127499 2.75304e-07
1.474 0.127106 2.79007e-07 0.127106 2.79007e-07
1.476 0.126714 2.82892e-07 0.126714 2.82892e-07
1.478 0.126324 2.86916e-07 0.126324 2.86916e-07
1.48 0.125935 2.91035e-07 0.125935 2.91035e-07
1.482 0.125546 2.95204e-07 0.125546 2.95204e-07
1.484 0.125158 2.99378e-07 0.125158 2.99378e-07
1.486 0.12477 3.0351e-07 0.12477 3.0351e-07
1.488 0.124383 3.07612e-07 0.124383 3.07612e-07
1.49 0.123995 3.11592e-07 0.123995 3.11592e-07
1.492 0.123607 3.15408e-07 0.123607 3.15408e-07
1.494 0.123219 3.19018e-07 0.123219 3.19018e-07
1.496 0.122829 3.22383e-07 0.122829 3.22383e-07
1.498 0.122439 3.25465e-07 0.122439 3.25465e-07
1.5 0.122049 3.2823e-07 0.122049 3.2823e-07
1.502 0.121657 3.30646e-07 0.121657 3.30646e-07
1.504 0.121264 3.32686e-07 0.121264 3.32686e-07
1.506 0.12087 3.34324e-07 0.12087 3.34324e-07
1.508 0.120474 3.35541e-07 0.120474 3.35541e-07
1.51 0.120078 3.36319e-07 0.120078 3.36319e-07
1.512 0.119681 3.36647e-07 0.119681 3.36647e-07
1.514 0.119282 3.36516e-07 0.119282 3.36516e-07
1.516 0.118883 3.35923e-07 0.118883 3.35923e-07
1.518 0.118482 3.34868e-07 0.118482 3.34868e-07
1.52 0.118081 3.33355e-07 0.118081 3.33355e-07
1.522 0.117679 3.31393e-07 0.117679 3.31393e-07
1.524 0.117277 3.28993e-07 0.117277 3.28993e-07
1.526 0.116874 3.26171e-07 0.116874 3.26171e-07
1.528 0.116471 3.22945e-07 0.116471 3.22945e-07
1.53 0.116069 3.19338e-07 0.116069 3.19338e-07
1.532 0.115666 3.15788e-07 0.115666 3.15788e-07
1.534 0.115265 3.12044e-07 0.115265 3.12044e-07
1.536 0.114864 3.07922e-07 0.114864 3.07922e-07
1.538 0.114463 3.03336e-07 0.114463 3.03336e-07
1.54 0.114065 2.98177e-07 0.114065 2.98177e-07
1.542 0.113667 2.92572e-07 0.113667 2.92572e-07
1.544 0.113272 2.86577e-07 0.113272 2.86577e-07
1.546 0.112878 2.80267e-07 0.112878 2.80267e-07
1.548 0.112487 2.73726e-07 0.112487 2.73726e-07
1.55 0.112098 2.67045e-07 0.112098 2.67045e-07
1.552 0.111711 2.60312e-07 0.111711 2.60312e-07
1.554 0.111328 2.53616e-07 0.111328 2.53616e-07
1.556 0.110947 2.47036e-07 0.110947 2.47036e-07
1.558 0.110569 2.40648e-07 0.110569 2.40648e-07
1.56 0.110195 2.34519e-07 0.110195 2.34519e-07
1.562 0.109824 2.2876e-07 0.109824 2.2876e-07
1.564 0.109456 2.23363e-07 0.109456 2.23363e-07
1.566 0.109092 2.18369e-07 0.109092 2.18369e-07
1.568 0.108732 2.13808e-07 0.108732 2.13808e-07
1.57 0.108374 2.09702e-07 0.108374 2.09702e-07
1.572 0.108021 2.06064e-07 0.108021 2.06064e-07
1.574 0.10767 2.02898e-07 0.10767 2.02898e-07
1.576 0.107323 2.00201e-07 0.107323 2.00201e-07
1.578 0.10698 1.97965e-07 0.10698 1.97965e-07
1.58 0.106639 1.96161e-07 0.106639 1.96161e-07
1.582 0.106302 1.94785e-07 0.106302 1.94785e-07
1.584 0.105967 1.93811e-07 0.105967 1.93811e-07
1.586 0.105636 1.93215e-07 0.105636 1.93215e-07
1.588 0.105306 1.92967e-07 0.105306 1.92967e-07
1.59 0.104979 1.93054e-07 0.104979 1.93054e-07
1.592 0.104655 1.93445e-07 0.104655 1.93445e-07
1.594 0.104332 1.9411e-07 0.104332 1.9411e-07
1.596 0.10401 1.95059e-07 0.10401 1.95059e-07
1.598 0.103691 1.96239e-07 0.103691 1.96239e-07
1.6 0.103372 1.97594e-07 0.103372 1.97594e-07
1.602 0.103054 1.99074e-07 0.103054 1.99074e-07
1.604 0.102737 2.00629e-07 0.102737 2.00629e-07
1.606 0.10242 2.02216e-07 0.10242 2.02216e-07
1.608 0.102104 2.03798e-07 0.102104 2.03798e-07
1.61 0.101787 2.05347e-07 0.101787 2.05347e-07
1.612 0.10147 2.06842e-07 0.10147 2.06842e-07
1.614 0.101153 2.08268e-07 0.101153 2.08268e-07
1.616 0.100835 2.09617e-07 0.100835 2.09617e-07
1.618 0.100516 2.10875e-07 0.100516 2.10875e-07
1.62 0.100196 2.12044e-07 0.100196 2.12044e-07
1.622 0.0998752 2.13117e-07 0.0998752 2.13117e-07
1.624 0.099553 2.14086e-07 0.099553 2.14086e-07
1.626 0.0992294 2.1494e-07 0.0992294 2.1494e-07
1.628 0.0989044 2.15664e-07 0.0989044 2.15664e-07
1.63 0.098578 2.1624e-07 0.098578 2.1624e-07
1.632 0.0982501 2.1665e-07 0.0982501 2.1665e-07
1.634 0.0979208 2.16874e-07 0.0979208 2.16874e-07
1.636 0.0975901 2.16896e-07 0.0975901 2.16896e-07
1.638 0.0972581 2.16697e-07 0.0972581 2.16697e-07
1.64 0.0969249 2.16264e-07 0.0969249 2.16264e-07
1.642 0.0965905 2.15585e-07 0.0965905 2.15585e-07
1.644 0.0962551 2.1465e-07 0.0962551 2.1465e-07
1.646 0.0959189 2.13454e-07 0.0959189 2.13454e-07
1.648 0.0955821 2.11993e-07 0.0955821 2.11993e-07
1.65 0.0952447 2.10267e-07 0.0952447 2.10267e-07
1.652 0.0949071 2.08278e-07 0.0949071 2.08278e-07
1.654 0.0945695 2.06031e-07 0.0945695 2.06031e-07
1.656 0.094232 2.03534e-07 0.094232 2.03534e-07
1.658 0.093895 2.00797e-07 0.093895 2.00797e-07
1.66 0.0935587 1.97832e-07 0.0935587 1.97832e-07
1.662 0.0932233 1.94655e-07 0.0932233 1.94655e-07
1.664 0.092889 1.91284e-07 0.092889 1.91284e-07
1.666 0.0925562 1.87739e-07 0.0925562 1.87739e-07
1.668 0.0922251 1.84046e-07 0.0922251 1.84046e-07
1.67 0.0918959 1.80265e-07 0.0918959 1.80265e-07
1.672 0.0915688 1.76397e-07 0.0915688 1.76397e-07
1.674 0.0912441 1.71963e-07 0.0912441 1.71963e-07
1.676 0.090922 1.67583e-07 0.090922 1.67583e-07
1.678 0.0906026 1.63274e-07 0.0906026 1.63274e-07
1.68 0.0902861 1.59052e-07 0.0902861 1.59052e-07
1.682 0.0899726 1.54938e-07 0.0899726 1.54938e-07
1.684 0.0896624 1.50957e-07 0.0896624 1.50957e-07
1.686 0.0893555 1.47146e-07 0.0893555 1.47146e-07
1.688 0.089052 1.45513e-07 0.089052 1.45513e-07
1.69 0.0887519 1.42993e-07 0.0887519 1.42993e-07
1.692 0.0884553 1.40126e-07 0.0884553 1.40126e-07
1.694 0.0881622 1.37049e-07 0.0881622 1.37049e-07
1.696 0.0878725 1.33919e-07 0.0878725 1.33919e-07
1.698 0.0875863 1.3087e-07 0.0875863 1.3087e-07
1.7 0.0873034 1.28018e-07 0.0873034 1.28018e-07
1.702 0.0870237 1.25456e-07 0.0870237 1.25456e-07
1.704 0.0867472 1.2326e-07 0.0867472 1.2326e-07
1.706 0.0864736 1.21487e-07 0.0864736 1.21487e-07
1.708 0.0862028 1.2018e-07 0.0862028 1.2018e-07
1.71 0.0859345 1.19363e-07 0.0859345 1.19363e-07
1.712 0.0856687 1.19048e-07 0.0856687 1.19048e-07
1.714 0.0854051 1.19234e-07 0.0854051 1.19234e-07
1.716 0.0851434 1.19909e-07 0.0851434 1.19909e-07
1.718 0.0848834 1.2105e-07 0.0848834 1.2105e-07
1.72 0.0846248 1.22627e-07 0.0846248 1.22627e-07
1.722 0.0843675 1.24601e-07 0.0843675 1.24601e-07
1.724 0.084111 1.26929e-07 0.084111 1.26929e-07
1.726 0.0838552 1.29562e-07 0.0838552 1.29562e-07
1.728 0.0835998 1.32447e-07 0.0835998 1.32447e-07
1.73 0.0833446 1.35531e-07 0.0833446 1.35531e-07
1.732 0.0830894 1.38753e-07 0.0830894 1.38753e-07
1.734 0.0828338 1.42057e-07 0.0828338 1.42057e-07
1.736 0.0825776 1.45414e-07 0.0825776 1.45414e-07
1.738 0.0823205 1.48762e-07 0.0823205 1.48762e-07
1.74 0.0820624 1.52044e-07 0.0820624 1.52044e-07
1.742 0.0818032 1.55204e-07 0.0818032 1.55204e-07
1.744 0.0815426 1.58191e-07 0.0815426 1.58191e-07
1.746 0.0812806 1.60958e-07 0.0812806 1.60958e-07
1.748 0.0810171 1.63462e-07 0.0810171 1.63462e-07
1.75 0.0807519 1.65664e-07 0.0807519 1.65664e-07
1.752 0.080485 1.67532e-07 0.080485 1.67532e-07
1.754 0.0802165 1.69036e-07 0.0802165 1.69036e-07
1.756 0.0799462 1.70151e-07 0.0799462 1.70151e-07
1.758 0.0796743 1.70859e-07 0.0796743 1.70859e-07
1.76 0.0794007 1.71147e-07 0.0794007 1.71147e-07
1.762 0.0791255 1.71008e-07 0.0791255 1.71008e-07
1.764 0.0788489 1.70439e-07 0.0788489 1.70439e-07
1.766 0.0785709 1.69446e-07 0.0785709 1.69446e-07
1.768 0.0782918 1.68038e-07 0.0782918 1.68038e-07
1.77 0.0780116 1.66232e-07 0.0780116 1.66232e-07
1.772 0.0777305 1.64048e-07 0.0777305 1.64048e-07
1.774 0.0774488 1.61511e-07 0.0774488 1.61511e-07
1.776 0.0771667 1.58682e-07 0.0771667 1.58682e-07
1.778 0.0768844 1.5556e-07 0.0768844 1.5556e-07
1.78 0.0766021 1.5218e-07 0.0766021 1.5218e-07
1.782 0.0763202 1.48581e-07 0.0763202 1.48581e-07
1.784 0.0760389 1.44803e-07 0.0760389 1.44803e-07
1.786 0.0757584 1.40886e-07 0.0757584 1.40886e-07
1.788 0.075479 1.36874e-07 0.075479 1.36874e-07
1.79 0.075201 1.32809e-07 0.075201 1.32809e-07
1.792 0.0749246 1.28733e-07 0.0749246 1.28733e-07
1.794 0.0746501 1.24687e-07 0.0746501 1.24687e-07
1.796 0.0743777 1.20664e-07 0.0743777 1.20664e-07
1.798 0.0741076 1.16753e-07 0.0741076 1.16753e-07
1.8 0.0738401 1.12992e-07 0.0738401 1.12992e-07
1.802 0.0735753 1.09415e-07 0.0735753 1.09415e-07
1.804 0.0733133 1.06055e-07 0.0733133 1.06055e-07
1.806 0.0730545 1.02944e-07 0.0730545 1.02944e-07
1.808 0.0727988 1.00107e-07 0.0727988 1.00107e-07
1.81 0.0725463 9.75683e-08 0.0725463 9.75683e-08
1.812 0.0722972 9.53483e-08 0.0722972 9.53483e-08
1.814 0.0720515 9.34627e-08 0.0720515 9.34627e-08
1.816 0.0718092 9.1923e-08 0.0718092 9.1923e-08
1.818 0.0715703 9.07363e-08 0.0715703 9.07363e-08
1.82 0.0713347 8.99052e-08 0.0713347 8.99052e-08
1.822 0.0711025 8.94281e-08 0.0711025 8.94281e-08
1.824 0.0708735 8.92996e-08 0.0708735 8.92996e-08
1.826 0.0706476 8.95116e-08 0.0706476 8.95116e-08
1.828 0.0704247 9.00542e-08 0.0704247 9.00542e-08
1.83 0.0702045 9.09174e-08 0.0702045 9.09174e-08
1.832 0.069987 9.20943e-08 0.069987 9.20943e-08
1.834 0.0697715 9.38014e-08 0.0697715 9.38014e-08
1.836 0.0695583 9.57349e-08 0.0695583 9.57349e-08
1.838 0.0693473 9.78803e-08 0.0693473 9.78803e-08
1.84 0.0691381 1.002e-07 0.0691381 1.002e-07
1.842 0.0689305 1.02699e-07 0.0689305 1.02699e-07
1.844 0.0687242 1.05357e-07 0.0687242 1.05357e-07
1.846 0.0685187 1.08244e-07 0.0685187 1.08244e-07
1.848 0.0683139 1.1123e-07 0.0683139 1.1123e-07
1.85 0.0681095 1.14299e-07 0.0681095 1.14299e-07
1.852 0.0679053 1.17428e-07 0.0679053 1.17428e-07
1.854 0.0677009 1.20595e-07 0.0677009 1.20595e-07
1.856 0.0674962 1.23776e-07 0.0674962 1.23776e-07
1.858 0.0672908 1.26946e-07 0.0672908 1.26946e-07
1.86 0.0670846 1.30078e-07 0.0670846 1.30078e-07
1.862 0.0668772 1.33145e-07 0.0668772 1.33145e-07
1.864 0.0666685 1.36118e-07 0.0666685 1.36118e-07
1.866 0.0664584 1.38968e-07 0.0664584 1.38968e-07
1.868 0.0662466 1.41668e-07 0.0662466 1.41668e-07
1.87 0.0660331 1.4419e-07 0.0660331 1.4419e-07
1.872 0.0658177 1.46507e-07 0.0658177 1.46507e-07
1.874 0.0656004 1.48594e-07 0.0656004 1.48594e-07
1.876 0.0653811 1.50428e-07 0.0653811 1.50428e-07
1.878 0.0651597 1.52072e-07 0.0651597 1.52072e-07
1.88 0.0649364 1.53391e-07 0.0649364 1.53391e-07
1.882 0.064711 1.54376e-07 0.064711 1.54376e-07
1.884 0.0644838 1.55018e-07 0.0644838 1.55018e-07
1.886 0.0642548 1.55311e-07 0.0642548 1.55311e-07
1.888 0.0640241 1.55254e-07 0.0640241 1.55254e-07
1.89 0.0637918 1.54846e-07 0.0637918 1.54846e-07
1.892 0.0635581 1.54093e-07 0.0635581 1.54093e-07
1.894 0.0633232 1.53001e-07 0.0633232 1.53001e-07
1.896 0.0630873 1.5161e-07 0.0630873 1.5161e-07
1.898 0.0628506 1.49902e-07 0.0628506 1.49902e-07
1.9 0.0626134 1.47892e-07 0.0626134 1.47892e-07
1.902 0.0623758 1.45599e-07 0.0623758 1.45599e-07
1.904 0.0621383 1.43045e-07 0.0621383 1.43045e-07
1.906 0.0619009 1.40254e-07 0.0619009 1.40254e-07
1.908 0.0616641 1.37252e-07 0.0616641 1.37252e-07
1.91 0.0614281 1.34069e-07 0.0614281 1.34069e-07
1.912 0.0611931 1.30755e-07 0.0611931 1.30755e-07
1.914 0.0609595 1.27331e-07 0.0609595 1.27331e-07
1.916 0.0607276 1.23833e-07 0.0607276 1.23833e-07
1.918 0.0604974 1.203e-07 0.0604974 1.203e-07
1.92 0.0602694 1.16771e-07 0.0602694 1.16771e-07
1.922 0.0600437 1.13287e-07 0.0600437 1.13287e-07
1.924 0.0598206 1.09886e-07 0.0598206 1.09886e-07
1.926 0.0596001 1.06606e-07 0.0596001 1.06606e-07
1.928 0.0593827 1.03485e-07 0.0593827 1.03485e-07
1.93 0.0591682 1.00557e-07 0.0591682 1.00557e-07
1.932 0.058957 9.78543e-08 0.058957 9.78543e-08
1.934 0.058749 9.54068e-08 0.058749 9.54068e-08
1.936 0.0585445 9.32395e-08 0.0585445 9.32395e-08
1.938 0.0583433 9.13734e-08 0.0583433 9.13734e-08
1.94 0.0581455 8.98257e-08 0.0581455 8.98257e-08
1.942 0.0579512 8.86089e-08 0.0579512 8.86089e-08
1.944 0.0577603 8.77353e-08 0.0577603 8.77353e-08
1.946 0.0575726 8.72073e-08 0.0575726 8.72073e-08
1.948 0.0573882 8.70248e-08 0.0573882 8.70248e-08
1.95 0.0572068 8.7184e-08 0.0572068 8.7184e-08
1.952 0.0570284 8.76775e-08 0.0570284 8.76775e-08
1.954 0.0568527 8.84942e-08 0.0568527 8.84942e-08
1.956 0.0566796 8.95993e-08 0.0566796 8.95993e-08
1.958 0.0565089 9.10246e-08 0.0565089 9.10246e-08
1.96 0.0563403 9.27146e-08 0.0563403 9.27146e-08
1.962 0.0561736 9.46453e-08 0.0561736 9.46453e-08
1.964 0.0560084 9.679e-08 0.0560084 9.679e-08
1.966 0.0558447 9.91196e-08 0.0558447 9.91196e-08
1.968 0.0556819 1.01603e-07 0.0556819 1.01603e-07
1.97 0.0555202 1.04241e-07 0.0555202 1.04241e-07
1.972 0.0553589 1.06965e-07 0.0553589 1.06965e-07
1.974 0.0551978 1.09719e-07 0.0551978 1.09719e-07
1.976 0.0550365 1.12475e-07 0.0550365 1.12475e-07
1.978 0.0548748 1.15204e-07 0.0548748 1.15204e-07
1.98 0.0547124 1.17878e-07 0.0547124 1.17878e-07
1.982 0.0545492 1.20469e-07 0.0545492 1.20469e-07
1.984 0.0543848 1.22956e-07 0.0543848 1.22956e-07
1.986 0.054219 1.25314e-07 0.054219 1.25314e-07
1.988 0.0540517 1.27517e-07 0.0540517 1.27517e-07
1.99 0.0538826 1.29544e-07 0.0538826 1.29544e-07
1.992 0.0537117 1.31373e-07 0.0537117 1.31373e-07
1.994 0.0535388 1.32987e-07 0.0535388 1.32987e-07
1.996 0.0533637 1.34369e-07 0.0533637 1.34369e-07
1.998 0.0531866 1.35511e-07 0.0531866 1.35511e-07
2 0.0530071 1.36397e-07 0.0530071 1.36397e-07
2.002 0.0528255 1.37021e-07 0.0528255 1.37021e-07
2.004 0.0526416 1.37377e-07 0.0526416 1.37377e-07
2.006 0.0524555 1.37463e-07 0.0524555 1.37463e-07
2.008 0.0522673 1.37271e-07 0.0522673 1.37271e-07
2.01 0.0520771 1.36808e-07 0.0520771 1.36808e-07
2.012 0.0518849 1.36087e-07 0.0518849 1.36087e-07
2.014 0.051691 1.35116e-07 0.051691 1.35116e-07
2.016 0.0514955 1.33906e-07 0.0514955 1.33906e-07
2.018 0.0512987 1.32473e-07 0.0512987 1.32473e-07
2.02 0.0511006 1.30835e-07 0.0511006 1.30835e-07
2.022 0.0509017 1.29012e-07 0.0509017 1.29012e-07
2.024 0.0507021 1.27036e-07 0.0507021 1.27036e-07
2.026 0.050502 1.24932e-07 0.050502 1.24932e-07
2.028 0.0503019 1.22731e-07 0.0503019 1.22731e-07
2.03 0.0501019 1.20466e-07 0.0501019 1.20466e-07
2.032 0.0499023 1.18167e-07 0.0499023 1.18167e-07
2.034 0.0497035 1.15866e-07 0.0497035 1.15866e-07
2.036 0.0495057 1.13589e-07 0.0495057 1.13589e-07
2.038 0.0493092 1.11362e-07 0.0493092 1.11362e-07
2.04 0.0491143 1.09203e-07 0.0491143 1.09203e-07
2.042 0.0489213 1.07129e-07 0.0489213 1.07129e-07
2.044 0.0487304 1.05151e-07 0.0487304 1.05151e-07
2.046 0.048542 1.03311e-07 0.048542 1.03311e-07
2.048 0.0483561 1.01585e-07 0.0483561 1.01585e-07
2.05 0.048173 9.99796e-08 0.048173 9.99796e-08
2.052 0.047993 9.84562e-08 0.047993 9.84562e-08
2.054 0.047816 9.7088e-08 0.047816 9.7088e-08
2.056 0.0476423 9.58888e-08 0.0476423 9.58888e-08
2.058 0.047472 9.48758e-08 0.047472 9.48758e-08
2.06 0.0473051 9.40687e-08 0.0473051 9.40687e-08
2.062 0.0471417 9.33841e-08 0.0471417 9.33841e-08
2.064 0.0469818 9.2963e-08 0.0469818 9.2963e-08
2.066 0.0468253 9.283e-08 0.0468253 9.283e-08
2.068 0.0466723 9.29343e-08 0.0466723 9.29343e-08
2.07 0.0465226 9.33957e-08 0.0465226 9.33957e-08
2.072 0.0463762 9.423e-08 0.0463762 9.423e-08
2.074 0.0462328 9.54398e-08 0.0462328 9.54398e-08
2.076 0.0460923 9.7005e-08 0.0460923 9.7005e-08
2.078 0.0459546 9.88751e-08 0.0459546 9.88751e-08
2.08 0.0458194 1.00966e-07 0.0458194 1.00966e-07
2.082 0.0456864 1.03074e-07 0.0456864 1.03074e-07
2.084 0.0455555 1.05212e-07 0.0455555 1.05212e-07
2.086 0.0454262 1.07255e-07 0.0454262 1.07255e-07
2.088 0.0452985 1.09099e-07 0.0452985 1.09099e-07
2.09 0.0451718 1.10708e-07 0.0451718 1.10708e-07
2.092 0.0450461 1.11996e-07 0.0450461 1.11996e-07
2.094 0.0449208 1.13018e-07 0.0449208 1.13018e-07
2.096 0.0447958 1.13756e-07 0.0447958 1.13756e-07
2.098 0.0446707 1.14264e-07 0.0446707 1.14264e-07
2.1 0.0445453 1.14508e-07 0.0445453 1.14508e-07
2.102 0.0444192 1.13772e-07 0.0444192 1.13772e-07
2.104 0.0442922 1.03476e-07 0.0442922 1.03476e-07
2.106 0.044165 1.01458e-07 0.044165 1.01458e-07
2.108 0.044036 9.93606e-08 0.044036 9.93606e-08
2.11 0.0439052 9.74794e-08 0.0439052 9.74794e-08
2.112 0.0437723 9.62287e-08 0.0437723 9.62287e-08
2.114 0.0436373 9.59829e-08 0.0436373 9.59829e-08
2.116 0.0434998 9.70653e-08 0.0434998 9.70653e-08
2.118 0.0433599 9.97197e-08 0.0433599 9.97197e-08
2.12 0.0432175 1.05653e-07 0.0432175 1.05653e-07
2.122 0.0430725 1.1407e-07 0.0430725 1.1407e-07
2.124 0.0429249 1.25614e-07 0.0429249 1.25614e-07
2.126 0.0427747 1.38469e-07 0.0427747 1.38469e-07
2.128 0.0426219 1.51743e-07 0.0426219 1.51743e-07
2.13 0.0424667 1.62373e-07 0.0424667 1.62373e-07
2.132 0.0423089 1.68185e-07 0.0423089 1.68185e-07
2.134 0.042149 1.69539e-07 0.042149 1.69539e-07
2.136 0.0419868 1.67397e-07 0.0419868 1.67397e-07
2.138 0.0418236 1.3088e-07 0.0418236 1.3088e-07
2.14 0.0416582 1.00403e-07 0.0416582 1.00403e-07
2.142 0.041491 7.43896e-08 0.041491 7.43896e-08
2.144 0.0413223 5.44618e-08 0.0413223 5.44618e-08
2.146 0.0411525 4.0286e-08 0.0411525 4.0286e-08
2.148 0.0409818 3.121e-08 0.0409818 3.121e-08
2.15 0.0408105 2.62516e-08 0.0408105 2.62516e-08
2.152 0.0406389 2.41956e-08 0.0406389 2.41956e-08
2.154 0.0404676 2.43259e-08 0.0404676 2.43259e-08
2.156 0.0402966 2.61886e-08 0.0402966 2.61886e-08
2.158 0.0401264 2.95539e-08 0.0401264 2.95539e-08
2.16 0.0399573 3.4461e-08 0.0399573 3.4461e-08
2.162 0.0397897 3.87177e-08 0.0397897 3.87177e-08
2.164 0.0396238 4.22525e-08 0.0396238 4.22525e-08
2.166 0.0394598 4.69004e-08 0.0394598 4.69004e-08
2.168 0.0392982 4.9477e-08 0.0392982 4.9477e-08
2.17 0.0391391 5.0509e-08 0.0391391 5.0509e-08
2.172 0.0389828 5.04002e-08 0.0389828 5.04002e-08
2.174 0.0388294 4.95352e-08 0.0388294 4.95352e-08
2.176 0.0386792 4.8216e-08 0.0386792 4.8216e-08
2.178 0.0385324 4.66784e-08 0.0385324 4.66784e-08
2.18 0.0383889 4.51912e-08 0.0383889 4.51912e-08
2.182 0.038249 4.39139e-08 0.038249 4.39139e-08
2.184 0.0381127 4.29629e-08 0.0381127 4.29629e-08
2.186 0.03798 4.24183e-08 0.03798 4.24183e-08
2.188 0.0378509 4.22732e-08 0.0378509 4.22732e-08
2.19 0.0377254 4.26931e-08 0.0377254 4.26931e-08
2.192 0.0376035 4.36936e-08 0.0376035 4.36936e-08
2.194 0.0374849 4.52285e-08 0.0374849 4.52285e-08
2.196 0.0373697 4.72504e-08 0.0373697 4.72504e-08
2.198 0.0372576 4.96983e-08 0.0372576 4.96983e-08
2.2 0.0371485 5.25019e-08 0.0371485 5.25019e-08
2.202 0.0370422 5.55835e-08 0.0370422 5.55835e-08
2.204 0.0369383 5.89594e-08 0.0369383 5.89594e-08
2.206 0.0368367 6.2596e-08 0.0368367 6.2596e-08
2.208 0.0367371 6.63413e-08 0.0367371 6.63413e-08
2.21 0.0366392 7.00993e-08 0.0366392 7.00993e-08
2.212 0.0365426 7.3787e-08 0.0365426 7.3787e-08
2.214 0.0364472 7.74396e-08 0.0364472 7.74396e-08
2.216 0.0363525 8.09753e-08 0.0363525 8.09753e-08
2.218 0.0362581 8.43258e-08 0.0362581 8.43258e-08
2.22 0.0361639 8.73377e-08 0.0361639 8.73377e-08
2.222 0.0360694 9.01698e-08 0.0360694 9.01698e-08
2.224 0.0359743 9.27623e-08 0.0359743 9.27623e-08
2.226 0.0358783 9.50533e-08 0.0358783 9.50533e-08
2.228 0.0357817 9.58398e-08 0.0357817 9.58398e-08
2.23 0.0356832 9.69223e-08 0.0356832 9.69223e-08
2.232 0.0355829 9.80447e-08 0.0355829 9.80447e-08
2.234 0.0354805 9.91796e-08 0.0354805 9.91796e-08
2.236 0.0353757 1.00188e-07 0.0353757 1.00188e-07
2.238 0.0352685 1.01017e-07 0.0352685 1.01017e-07
2.24 0.0351586 1.01656e-07 0.0351586 1.01656e-07
2.242 0.035046 1.02012e-07 0.035046 1.02012e-07
2.244 0.0349305 1.02083e-07 0.0349305 1.02083e-07
2.246 0.0348122 1.01881e-07 0.0348122 1.01881e-07
2.248 0.034691 1.01425e-07 0.034691 1.01425e-07
2.25 0.0345669 1.00744e-07 0.0345669 1.00744e-07
2.252 0.0344398 9.99123e-08 0.0344398 9.99123e-08
2.254 0.03431 9.88557e-08 0.03431 9.88557e-08
2.256 0.0341775 9.76188e-08 0.0341775 9.76188e-08
2.258 0.0340424 9.62474e-08 0.0340424 9.62474e-08
2.26 0.0339049 9.47869e-08 0.0339049 9.47869e-08
2.262 0.0337652 9.33016e-08 0.0337652 9.33016e-08
2.264 0.0336235 9.17669e-08 0.0336235 9.17669e-08
2.266 0.0334801 9.02348e-08 0.0334801 9.02348e-08
2.268 0.0333352 8.87137e-08 0.0333352 8.87137e-08
2.27 0.0331892 8.7263e-08 0.0331892 8.7263e-08
2.272 0.0330422 8.58687e-08 0.0330422 8.58687e-08
2.274 0.0328947 8.45614e-08 0.0328947 8.45614e-08
2.276 0.032747 8.33653e-08 0.032747 8.33653e-08
2.278 0.0325994 8.22956e-08 0.0325994 8.22956e-08
2.28 0.0324524 8.13485e-08 0.0324524 8.13485e-08
2.282 0.0323061 8.0542e-08 0.0323061 8.0542e-08
2.284 0.032161 7.98653e-08 0.032161 7.98653e-08
2.286 0.0320174 7.93294e-08 0.0320174 7.93294e-08
2.288 0.0318756 7.89374e-08 0.0318756 7.89374e-08
2.29 0.031736 7.86876e-08 0.031736 7.86876e-08
2.292 0.0315989 7.8531e-08 0.0315989 7.8531e-08
2.294 0.0314645 7.85026e-08 0.0314645 7.85026e-08
2.296 0.0313331 7.85976e-08 0.0313331 7.85976e-08
2.298 0.0312049 7.88125e-08 0.0312049 7.88125e-08
2.3 0.0310802 7.90902e-08 0.0310802 7.90902e-08
2.302 0.0309591 7.94546e-08 0.0309591 7.94546e-08
2.304 0.0308418 8.03319e-08 0.0308418 8.03319e-08
2.306 0.0307284 8.10704e-08 0.0307284 8.10704e-08
2.308 0.0306188 8.16957e-08 0.0306188 8.16957e-08
2.31 0.0305131 8.22196e-08 0.0305131 8.22196e-08
2.312 0.0304113 8.27014e-08 0.0304113 8.27014e-08
2.314 0.0303134 8.31464e-08 0.0303134 8.31464e-08
2.316 0.0302193 8.35991e-08 0.0302193 8.35991e-08
2.318 0.0301289 8.40931e-08 0.0301289 8.40931e-08
2.32 0.030042 8.46395e-08 0.030042 8.46395e-08
2.322 0.0299584 8.5235e-08 0.0299584 8.5235e-08
2.324 0.029878 8.59094e-08 0.029878 8.59094e-08
2.326 0.0298005 8.6676e-08 0.0298005 8.6676e-08
2.328 0.0297256 8.75445e-08 0.0297256 8.75445e-08
2.33 0.0296531 8.85124e-08 0.0296531 8.85124e-08
2.332 0.0295825 8.95985e-08 0.0295825 8.95985e-08
2.334 0.0295136 9.08112e-08 0.0295136 9.08112e-08
2.336 0.029446 9.21593e-08 0.029446 9.21593e-08
2.338 0.0293794 9.36405e-08 0.0293794 9.36405e-08
2.34 0.0293134 9.52595e-08 0.0293134 9.52595e-08
2.342 0.0292475 9.70228e-08 0.0292475 9.70228e-08
2.344 0.0291815 9.89307e-08 0.0291815 9.89307e-08
2.346 0.0291149 1.00972e-07 0.0291149 1.00972e-07
2.348 0.0290474 1.03147e-07 0.0290474 1.03147e-07
2.35 0.0289786 1.05454e-07 0.0289786 1.05454e-07
2.352 0.0289082 1.0786e-07 0.0289082 1.0786e-07
2.354 0.0288359 1.10361e-07 0.0288359 1.10361e-07
2.356 0.0287613 1.12949e-07 0.0287613 1.12949e-07
2.358 0.0286843 1.15577e-07 0.0286843 1.15577e-07
2.36 0.0286045 1.18235e-07 0.0286045 1.18235e-07
2.362 0.0285218 1.20908e-07 0.0285218 1.20908e-07
2.364 0.0284359 1.2354e-07 0.0284359 1.2354e-07
2.366 0.0283468 1.2612e-07 0.0283468 1.2612e-07
2.368 0.0282544 1.28593e-07 0.0282544 1.28593e-07
2.37 0.0281586 1.30946e-07 0.0281586 1.30946e-07
2.372 0.0280594 1.33168e-07 0.0280594 1.33168e-07
2.374 0.0279567 1.35195e-07 0.0279567 1.35195e-07
2.376 0.0278507 1.37013e-07 0.0278507 1.37013e-07
2.378 0.0277415 1.38568e-07 0.0277415 1.38568e-07
2.38 0.0276291 1.39848e-07 0.0276291 1.39848e-07
2.382 0.0275138 1.40697e-07 0.0275138 1.40697e-07
2.384 0.0273957 1.41253e-07 0.0273957 1.41253e-07
2.386 0.0272752 1.41455e-07 0.0272752 1.41455e-07
2.388 0.0271524 1.4129e-07 0.0271524 1.4129e-07
2.39 0.0270277 1.40718e-07 0.0270277 1.40718e-07
2.392 0.0269013 1.39731e-07 0.0269013 1.39731e-07
2.394 0.0267736 1.38311e-07 0.0267736 1.38311e-07
2.396 0.0266449 1.36458e-07 0.0266449 1.36458e-07
2.398 0.0265157 1.34168e-07 0.0265157 1.34168e-07
2.4 0.0263862 1.31435e-07 0.0263862 1.31435e-07
2.402 0.026257 1.2828e-07 0.026257 1.2828e-07
2.404 0.0261283 1.24707e-07 0.0261283 1.24707e-07
2.406 0.0260005 1.20747e-07 0.0260005 1.20747e-07
2.408 0.0258744 1.16797e-07 0.0258744 1.16797e-07
2.41 0.0257499 1.12313e-07 0.0257499 1.12313e-07
2.412 0.0256273 1.07412e-07 0.0256273 1.07412e-07
2.414 0.025507 1.02228e-07 0.025507 1.02228e-07
2.416 0.0253893 9.68356e-08 0.0253893 9.68356e-08
2.418 0.0252747 9.12817e-08 0.0252747 9.12817e-08
2.42 0.0251633 8.56708e-08 0.0251633 8.56708e-08
2.422 0.0250555 8.01205e-08 0.0250555 8.01205e-08
2.424 0.0249513 7.46917e-08 0.0249513 7.46917e-08
2.426 0.0248511 6.94544e-08 0.0248511 6.94544e-08
2.428 0.024755 6.4468e-08 0.024755 6.4468e-08
2.43 0.024663 5.97929e-08 0.024663 5.97929e-08
2.432 0.0245753 5.5485e-08 0.0245753 5.5485e-08
2.434 0.0244919 5.16032e-08 0.0244919 5.16032e-08
2.436 0.0244127 4.81998e-08 0.0244127 4.81998e-08
2.438 0.0243377 4.53203e-08 0.0243377 4.53203e-08
2.44 0.0242668 4.30043e-08 0.0242668 4.30043e-08
2.442 0.0241998 4.1285e-08 0.0241998 4.1285e-08
2.444 0.0241366 4.01893e-08 0.0241366 4.01893e-08
2.446 0.0240769 3.97391e-08 0.0240769 3.97391e-08
2.448 0.0240205 3.99701e-08 0.0240205 3.99701e-08
2.45 0.0239671 4.0837e-08 0.0239671 4.0837e-08
2.452 0.0239163 4.23331e-08 0.0239163 4.23331e-08
2.454 0.0238678 4.44531e-08 0.0238678 4.44531e-08
2.456 0.0238213 4.71834e-08 0.0238213 4.71834e-08
2.458 0.0237764 5.04968e-08 0.0237764 5.04968e-08
2.46 0.0237326 5.43685e-08 0.0237326 5.43685e-08
2.462 0.0236896 5.87618e-08 0.0236896 5.87618e-08
2.464 0.023647 6.36281e-08 0.023647 6.36281e-08
2.466 0.0236043 6.89071e-08 0.0236043 6.89071e-08
2.468 0.0235612 7.45266e-08 0.0235612 7.45266e-08
2.47 0.0235172 8.0404e-08 0.0235172 8.0404e-08
2.472 0.0234721 8.64463e-08 0.0234721 8.64463e-08
2.474 0.0234253 9.25514e-08 0.0234253 9.25514e-08
2.476 0.0233767 9.86091e-08 0.0233767 9.86091e-08
2.478 0.0233258 1.04503e-07 0.0233258 1.04503e-07
2.48 0.0232725 1.1011e-07 0.0232725 1.1011e-07
2.482 0.0232164 1.15306e-07 0.0232164 1.15306e-07
2.484 0.0231573 1.19962e-07 0.0231573 1.19962e-07
2.486 0.0230954 1.23901e-07 0.0230954 1.23901e-07
2.488 0.0230301 1.26911e-07 0.0230301 1.26911e-07
2.49 0.022961 1.29235e-07 0.022961 1.29235e-07
2.492 0.022888 1.30624e-07 0.022888 1.30624e-07
2.494 0.0228111 1.30857e-07 0.0228111 1.30857e-07
2.496 0.0227308 1.29802e-07 0.0227308 1.29802e-07
2.498 0.0226474 1.27374e-07 0.0226474 1.27374e-07
2.5 0.0225614 1.23586e-07 0.0225614 1.23586e-07
