0 1 0 1 0
0.002 0.999935 4.25878e-12 0.999935 4.25878e-12
0.004 0.99974 -1.83052e-12 0.99974 -8.02886e-13
0.006 0.999415 -3.63123e-12 0.999415 4.70021e-13
0.008 0.998963 2.17158e-11 0.998963 3.19299e-11
0.01 0.998384 9.48575e-11 0.998384 1.15176e-10
0.012 0.997681 2.35371e-10 0.997681 2.70671e-10
0.014 0.996856 4.63896e-10 0.996856 5.19875e-10
0.016 0.995912 8.00574e-10 0.995912 8.8368e-10
0.018 0.994852 1.2644e-09 0.994852 1.38173e-09
0.02 0.993681 1.87318e-09 0.993681 2.03231e-09
0.022 0.992402 2.64333e-09 0.992402 2.85218e-09
0.024 0.991019 3.58969e-09 0.991018 3.85633e-09
0.026 0.989536 4.72852e-09 0.989536 5.06098e-09
0.028 0.987959 6.07965e-09 0.987959 6.48573e-09
0.03 0.986293 7.65352e-09 0.986293 8.14048e-09
0.032 0.984542 9.46476e-09 0.984542 1.00391e-08
0.034 0.982713 1.15202e-08 0.982712 1.21872e-08
0.036 0.980809 1.3791e-08 0.980809 1.45538e-08
0.038 0.978838 1.62867e-08 0.978838 1.71464e-08
0.04 0.976805 1.89948e-08 0.976804 1.99501e-08
0.042 0.974715 2.19238e-08 0.974715 2.29704e-08
0.044 0.972575 2.50906e-08 0.972574 2.62214e-08
0.046 0.97039 2.84701e-08 0.970389 2.96737e-08
0.048 0.968165 3.20603e-08 0.968165 3.33205e-08
0.05 0.965908 3.58778e-08 0.965907 3.71736e-08
0.052 0.963622 3.99226e-08 0.963621 4.12272e-08
0.054 0.961314 4.41677e-08 0.961313 4.54479e-08
0.056 0.958988 4.86352e-08 0.958988 4.98513e-08
0.058 0.956651 5.33206e-08 0.95665 5.44256e-08
0.06 0.954305 5.82236e-08 0.954305 5.91629e-08
0.062 0.951957 6.33385e-08 0.951956 6.40496e-08
0.064 0.94961 6.86642e-08 0.94961 6.90757e-08
0.066 0.947269 7.41987e-08 0.947268 7.42307e-08
0.068 0.944937 7.99587e-08 0.944936 7.95223e-08
0.07 0.942617 8.59061e-08 0.942616 8.49031e-08
0.072 0.940313 9.20336e-08 0.940312 9.03559e-08
0.074 0.938027 9.83711e-08 0.938026 9.59007e-08
0.076 0.935762 1.0487e-07 0.935761 1.01479e-07
0.078 0.93352 1.11527e-07 0.933519 1.07078e-07
0.08 0.931303 1.18351e-07 0.931302 1.12694e-07
0.082 0.929113 1.25316e-07 0.929112 1.18293e-07
0.084 0.926949 1.32451e-07 0.926948 1.23892e-07
0.086 0.924814 1.39704e-07 0.924813 1.2943e-07
0.088 0.922708 1.47105e-07 0.922707 1.34924e-07
0.09 0.92063 1.54625e-07 0.920629 1.40339e-07
0.092 0.918581 1.62247e-07 0.91858 1.45645e-07
0.094 0.91656 1.69986e-07 0.91656 1.50849e-07
0.096 0.914567 1.77823e-07 0.914567 1.55922e-07
0.098 0.912601 1.85749e-07 0.9126 1.60845e-07
0.1 0.910661 1.93775e-07 0.91066 1.65622e-07
0.102 0.908744 2.01874e-07 0.908744 1.70217e-07
0.104 0.906851 2.10032e-07 0.90685 1.74607e-07
0.106 0.904978 2.1826e-07 0.904978 1.78797e-07
0.108 0.903125 2.26539e-07 0.903125 1.82762e-07
0.11 0.901289 2.34877e-07 0.901289 1.86502e-07
0.112 0.899469 2.43237e-07 0.899469 1.89974e-07
0.114 0.897662 2.51645e-07 0.897662 1.93198e-07
0.116 0.895865 2.60091e-07 0.895865 1.96163e-07
0.118 0.894078 2.68574e-07 0.894078 1.9886e-07
0.12 0.892297 2.7709e-07 0.892298 2.01283e-07
0.122 0.890521 2.85604e-07 0.890521 2.03392e-07
0.124 0.888747 2.94143e-07 0.888748 2.05214e-07
0.126 0.886973 3.02706e-07 0.886974 2.06745e-07
0.128 0.885198 3.11292e-07 0.885199 2.0798e-07
0.13 0.883419 3.19897e-07 0.88342 2.08916e-07
0.132 0.881634 3.28487e-07 0.881635 2.09517e-07
0.134 0.879843 3.37102e-07 0.879844 2.09824e-07
0.136 0.878043 3.45739e-07 0.878044 2.09833e-07
0.138 0.876232 3.54394e-07 0.876234 2.0954e-07
0.14 0.874411 3.63067e-07 0.874413 2.08947e-07
0.142 0.872577 3.7176e-07 0.872579 2.08055e-07
0.144 0.87073 3.80495e-07 0.870733 2.06886e-07
0.146 0.868869 3.8923e-07 0.868872 2.05402e-07
0.148 0.866994 3.97996e-07 0.866997 2.03633e-07
0.15 0.865104 4.06795e-07 0.865107 2.01583e-07
0.152 0.863199 4.15629e-07 0.863202 1.99255e-07
0.154 0.861279 4.24509e-07 0.861282 1.96662e-07
0.156 0.859344 4.33441e-07 0.859347 1.93809e-07
0.158 0.857394 4.42447e-07 0.857398 1.90719e-07
0.16 0.855431 4.51517e-07 0.855435 1.87382e-07
0.162 0.853454 4.60624e-07 0.853458 1.83774e-07
0.164 0.851464 4.69801e-07 0.851468 1.79927e-07
0.166 0.849462 4.7906e-07 0.849467 1.75853e-07
0.168 0.84745 4.88412e-07 0.847455 1.71558e-07
0.17 0.845428 4.9786e-07 0.845433 1.67047e-07
0.172 0.843398 5.07422e-07 0.843403 1.62335e-07
0.174 0.841361 5.17089e-07 0.841366 1.57411e-07
0.176 0.839318 5.26872e-07 0.839323 1.52285e-07
0.178 0.83727 5.36773e-07 0.837276 1.46955e-07
0.18 0.835219 5.46814e-07 0.835225 1.41438e-07
0.182 0.833167 5.56976e-07 0.833173 1.35714e-07
0.184 0.831115 5.673e-07 0.831122 1.29819e-07
0.186 0.829064 5.77776e-07 0.829071 1.23735e-07
0.188 0.827017 5.88416e-07 0.827023 1.17472e-07
0.19 0.824973 5.99225e-07 0.824979 1.11029e-07
0.192 0.822934 6.10197e-07 0.822941 1.04392e-07
0.194 0.820903 6.21364e-07 0.820909 9.75874e-08
0.196 0.818879 6.32706e-07 0.818886 9.05889e-08
0.198 0.816864 6.44244e-07 0.816871 8.3411e-08
0.2 0.814859 6.55991e-07 0.814866 7.60629e-08
0.202 0.812866 6.67928e-07 0.812873 6.85141e-08
0.204 0.810883 6.80088e-07 0.81089 6.07953e-08
0.206 0.808914 6.92434e-07 0.80892 5.28593e-08
0.208 0.806957 7.04994e-07 0.806964 4.47261e-08
0.21 0.805013 7.17779e-07 0.80502 3.64021e-08
0.212 0.803083 7.30753e-07 0.80309 2.78435e-08
0.214 0.801167 7.43937e-07 0.801174 1.90638e-08
0.216 0.799265 7.57332e-07 0.799272 1.00584e-08
0.218 0.797377 7.70931e-07 0.797383 8.16736e-10
0.22 0.795502 7.84737e-07 0.795509 -8.6672e-09
0.222 0.793641 7.98746e-07 0.793647 -1.84007e-08
0.224 0.791793 8.12961e-07 0.791799 -2.83817e-08
0.226 0.789957 8.27376e-07 0.789963 -3.86246e-08
0.228 0.788133 8.41987e-07 0.788139 -4.91397e-08
0.23 0.78632 8.56772e-07 0.786326 -5.99452e-08
0.232 0.784518 8.71768e-07 0.784523 -7.10111e-08
0.234 0.782725 8.86942e-07 0.78273 -8.23722e-08
0.236 0.78094 9.02289e-07 0.780945 -9.40351e-08
0.238 0.779164 9.17786e-07 0.779168 -1.06021e-07
0.24 0.777394 9.33479e-07 0.777398 -1.18286e-07
0.242 0.775629 9.49336e-07 0.775634 -1.30866e-07
0.244 0.77387 9.65349e-07 0.773874 -1.43757e-07
0.246 0.772114 9.81516e-07 0.772118 -1.56969e-07
0.248 0.77036 9.97856e-07 0.770364 -1.70477e-07
0.25 0.768608 1.01433e-06 0.768612 -1.84316e-07
0.252 0.766857 1.03095e-06 0.76686 -1.9847e-07
0.254 0.765105 1.0477e-06 0.765108 -2.12953e-07
0.256 0.763352 1.06461e-06 0.763354 -2.27738e-07
0.258 0.761596 1.08164e-06 0.761599 -2.42854e-07
0.26 0.759838 1.09881e-06 0.75984 -2.58266e-07
0.262 0.758076 1.11609e-06 0.758077 -2.74004e-07
0.264 0.756309 1.13349e-06 0.756311 -2.90067e-07
0.266 0.754537 1.15103e-06 0.754539 -3.06433e-07
0.268 0.75276 1.16866e-06 0.752761 -3.23118e-07
0.27 0.750977 1.18646e-06 0.750978 -3.40055e-07
0.272 0.749188 1.20439e-06 0.749188 -3.57276e-07
0.274 0.747392 1.22246e-06 0.747392 -3.74775e-07
0.276 0.74559 1.24067e-06 0.74559 -3.92533e-07
0.278 0.743781 1.25907e-06 0.743781 -4.10499e-07
0.28 0.741965 1.27759e-06 0.741966 -4.28736e-07
0.282 0.740144 1.29625e-06 0.740144 -4.47221e-07
0.284 0.738316 1.31506e-06 0.738316 -4.65946e-07
0.286 0.736482 1.33403e-06 0.736482 -4.84904e-07
0.288 0.734643 1.35315e-06 0.734643 -5.04086e-07
0.29 0.7328 1.3725e-06 0.7328 -5.2342e-07
0.292 0.730952 1.39203e-06 0.730952 -5.42953e-07
0.294 0.7291 1.41174e-06 0.7291 -5.62678e-07
0.296 0.727245 1.43165e-06 0.727245 -5.82586e-07
0.298 0.725388 1.45175e-06 0.725388 -6.02672e-07
0.3 0.72353 1.47213e-06 0.72353 -6.22868e-07
0.302 0.721671 1.49272e-06 0.721671 -6.4323e-07
0.304 0.719812 1.51353e-06 0.719812 -6.63752e-07
0.306 0.717954 1.53458e-06 0.717954 -6.84428e-07
0.308 0.716098 1.55585e-06 0.716098 -7.05259e-07
0.31 0.714244 1.57737e-06 0.714244 -7.26236e-07
0.312 0.712394 1.5992e-06 0.712395 -7.47314e-07
0.314 0.710549 1.62129e-06 0.710549 -7.68534e-07
0.316 0.708709 1.64366e-06 0.708709 -7.89878e-07
0.318 0.706874 1.66632e-06 0.706874 -8.11343e-07
0.32 0.705046 1.68927e-06 0.705046 -8.3293e-07
0.322 0.703225 1.71252e-06 0.703226 -8.54643e-07
0.324 0.701413 1.73607e-06 0.701413 -8.76486e-07
0.326 0.699608 1.75996e-06 0.699609 -8.9844e-07
0.328 0.697813 1.78415e-06 0.697813 -9.20529e-07
0.33 0.696026 1.80866e-06 0.696027 -9.42756e-07
0.332 0.69425 1.83348e-06 0.69425 -9.65126e-07
0.334 0.692483 1.85862e-06 0.692483 -9.87639e-07
0.336 0.690726 1.88407e-06 0.690727 -1.0103e-06
0.338 0.68898 1.90985e-06 0.68898 -1.03312e-06
0.34 0.687244 1.93597e-06 0.687244 -1.05609e-06
0.342 0.685518 1.96238e-06 0.685518 -1.07926e-06
0.344 0.683802 1.98909e-06 0.683802 -1.10262e-06
0.346 0.682096 2.0161e-06 0.682096 -1.12617e-06
0.348 0.680399 2.04341e-06 0.680399 -1.14992e-06
0.35 0.678712 2.07102e-06 0.678712 -1.17387e-06
0.352 0.677034 2.09892e-06 0.677034 -1.19803e-06
0.354 0.675364 2.12711e-06 0.675363 -1.22241e-06
0.356 0.673701 2.15558e-06 0.673701 -1.24701e-06
0.358 0.672047 2.18432e-06 0.672046 -1.27184e-06
0.36 0.670399 2.2133e-06 0.670398 -1.29692e-06
0.362 0.668757 2.24253e-06 0.668756 -1.32225e-06
0.364 0.66712 2.27201e-06 0.667119 -1.34783e-06
0.366 0.665488 2.30171e-06 0.665488 -1.37367e-06
0.368 0.663861 2.33163e-06 0.66386 -1.39977e-06
0.37 0.662237 2.36176e-06 0.662236 -1.42614e-06
0.372 0.660615 2.39207e-06 0.660614 -1.4528e-06
0.374 0.658996 2.42257e-06 0.658995 -1.47974e-06
0.376 0.657378 2.45325e-06 0.657376 -1.50696e-06
0.378 0.65576 2.4841e-06 0.655759 -1.53446e-06
0.38 0.654143 2.5151e-06 0.654142 -1.56225e-06
0.382 0.652525 2.54625e-06 0.652524 -1.59034e-06
0.384 0.650907 2.57753e-06 0.650905 -1.61872e-06
0.386 0.649287 2.60893e-06 0.649285 -1.6474e-06
0.388 0.647664 2.64044e-06 0.647663 -1.67638e-06
0.39 0.64604 2.67205e-06 0.646038 -1.70567e-06
0.392 0.644413 2.70374e-06 0.644411 -1.73526e-06
0.394 0.642783 2.73552e-06 0.642781 -1.76515e-06
0.396 0.641149 2.76739e-06 0.641148 -1.79533e-06
0.398 0.639513 2.79934e-06 0.639512 -1.8258e-06
0.4 0.637873 2.83137e-06 0.637872 -1.85655e-06
0.402 0.63623 2.86349e-06 0.636229 -1.88756e-06
0.404 0.634584 2.8957e-06 0.634583 -1.91885e-06
0.406 0.632934 2.92799e-06 0.632934 -1.95039e-06
0.408 0.631282 2.96037e-06 0.631282 -1.98218e-06
0.41 0.629627 2.99283e-06 0.629627 -2.01423e-06
0.412 0.627969 3.02536e-06 0.627969 -2.04652e-06
0.414 0.62631 3.05798e-06 0.62631 -2.07905e-06
0.416 0.624648 3.09069e-06 0.624649 -2.11181e-06
0.418 0.622986 3.1235e-06 0.622987 -2.14479e-06
0.42 0.621323 3.1564e-06 0.621324 -2.17798e-06
0.422 0.619659 3.18942e-06 0.619661 -2.21138e-06
0.424 0.617996 3.22254e-06 0.617998 -2.24499e-06
0.426 0.616334 3.25579e-06 0.616337 -2.2788e-06
0.428 0.614674 3.28917e-06 0.614676 -2.31279e-06
0.43 0.613016 3.32268e-06 0.613018 -2.34698e-06
0.432 0.61136 3.35633e-06 0.611363 -2.38134e-06
0.434 0.609708 3.39014e-06 0.609711 -2.41588e-06
0.436 0.608059 3.42411e-06 0.608063 -2.4506e-06
0.438 0.606416 3.45824e-06 0.606419 -2.48549e-06
0.44 0.604777 3.49256e-06 0.604781 -2.52054e-06
0.442 0.603144 3.52706e-06 0.603148 -2.55577e-06
0.444 0.601517 3.56175e-06 0.601521 -2.59116e-06
0.446 0.599896 3.59665e-06 0.599901 -2.62671e-06
0.448 0.598283 3.63174e-06 0.598288 -2.66244e-06
0.45 0.596677 3.66706e-06 0.596682 -2.69833e-06
0.452 0.595079 3.70259e-06 0.595084 -2.73439e-06
0.454 0.593489 3.73836e-06 0.593494 -2.77061e-06
0.456 0.591907 3.77435e-06 0.591912 -2.80699e-06
0.458 0.590333 3.81059e-06 0.590338 -2.84354e-06
0.46 0.588768 3.84707e-06 0.588773 -2.88026e-06
0.462 0.587212 3.88379e-06 0.587217 -2.91716e-06
0.464 0.585664 3.92075e-06 0.585669 -2.95424e-06
0.466 0.584125 3.95796e-06 0.58413 -2.99148e-06
0.468 0.582595 3.99543e-06 0.582599 -3.02891e-06
0.47 0.581072 4.03314e-06 0.581077 -3.06652e-06
0.472 0.579558 4.07108e-06 0.579562 -3.10433e-06
0.474 0.578052 4.10926e-06 0.578056 -3.14233e-06
0.476 0.576553 4.14768e-06 0.576557 -3.18051e-06
0.478 0.575061 4.18634e-06 0.575065 -3.21889e-06
0.48 0.573576 4.22523e-06 0.573579 -3.25746e-06
0.482 0.572098 4.26436e-06 0.572101 -3.29623e-06
0.484 0.570625 4.30372e-06 0.570628 -3.33518e-06
0.486 0.569158 4.3433e-06 0.56916 -3.37433e-06
0.488 0.567695 4.3831e-06 0.567697 -3.41368e-06
0.49 0.566238 4.4231e-06 0.566239 -3.45323e-06
0.492 0.564784 4.46328e-06 0.564785 -3.49301e-06
0.494 0.563333 4.50364e-06 0.563334 -3.53299e-06
0.496 0.561885 4.54419e-06 0.561886 -3.57319e-06
0.498 0.56044 4.58488e-06 0.56044 -3.6136e-06
0.5 0.558997 4.62573e-06 0.558997 -3.65424e-06
0.502 0.557554 4.66672e-06 0.557554 -3.69509e-06
0.504 0.556113 4.70784e-06 0.556113 -3.73616e-06
0.506 0.554672 4.74907e-06 0.554672 -3.77745e-06
0.508 0.553232 4.79041e-06 0.55323 -3.81896e-06
0.51 0.55179 4.83185e-06 0.551789 -3.86068e-06
0.512 0.550349 4.87337e-06 0.550347 -3.90261e-06
0.514 0.548906 4.91497e-06 0.548904 -3.94477e-06
0.516 0.547462 4.95662e-06 0.54746 -3.98714e-06
0.518 0.546017 4.99833e-06 0.546015 -4.02973e-06
0.52 0.544571 5.04007e-06 0.544568 -4.07253e-06
0.522 0.543122 5.08185e-06 0.54312 -4.11555e-06
0.524 0.541672 5.12366e-06 0.541669 -4.15878e-06
0.526 0.540221 5.16549e-06 0.540218 -4.20221e-06
0.528 0.538768 5.20733e-06 0.538764 -4.24584e-06
0.53 0.537313 5.24917e-06 0.53731 -4.28968e-06
0.532 0.535858 5.29102e-06 0.535854 -4.33371e-06
0.534 0.534401 5.33288e-06 0.534397 -4.37794e-06
0.536 0.532943 5.37475e-06 0.532938 -4.42235e-06
0.538 0.531484 5.41662e-06 0.53148 -4.46695e-06
0.54 0.530026 5.4585e-06 0.530021 -4.51173e-06
0.542 0.528567 5.50039e-06 0.528562 -4.55669e-06
0.544 0.527109 5.54227e-06 0.527103 -4.60184e-06
0.546 0.525652 5.58416e-06 0.525646 -4.64716e-06
0.548 0.524196 5.62605e-06 0.524189 -4.69267e-06
0.55 0.522741 5.66795e-06 0.522735 -4.73837e-06
0.552 0.521289 5.70987e-06 0.521282 -4.78425e-06
0.554 0.51984 5.75179e-06 0.519832 -4.8303e-06
0.556 0.518394 5.79373e-06 0.518385 -4.87654e-06
0.558 0.516951 5.83569e-06 0.516942 -4.92297e-06
0.56 0.515512 5.87767e-06 0.515503 -4.96958e-06
0.562 0.514078 5.91969e-06 0.514068 -5.01638e-06
0.564 0.512649 5.96177e-06 0.512638 -5.06335e-06
0.566 0.511225 6.0039e-06 0.511213 -5.1105e-06
0.568 0.509807 6.04609e-06 0.509794 -5.15784e-06
0.57 0.508395 6.08835e-06 0.508381 -5.20536e-06
0.572 0.50699 6.13067e-06 0.506974 -5.25306e-06
0.574 0.505591 6.17308e-06 0.505574 -5.30097e-06
0.576 0.504199 6.21557e-06 0.504181 -5.34907e-06
0.578 0.502814 6.25816e-06 0.502795 -5.39736e-06
0.58 0.501437 6.30085e-06 0.501416 -5.44586e-06
0.582 0.500067 6.34364e-06 0.500044 -5.49455e-06
0.584 0.498705 6.38653e-06 0.49868 -5.54346e-06
0.586 0.49735 6.42953e-06 0.497324 -5.59257e-06
0.588 0.496002 6.47265e-06 0.495975 -5.64191e-06
0.59 0.494663 6.51588e-06 0.494633 -5.69146e-06
0.592 0.49333 6.55924e-06 0.493299 -5.74122e-06
0.594 0.492005 6.60272e-06 0.491972 -5.79119e-06
0.596 0.490687 6.64634e-06 0.490652 -5.84136e-06
0.598 0.489376 6.6901e-06 0.489339 -5.89175e-06
0.6 0.488072 6.73401e-06 0.488032 -5.94234e-06
0.602 0.486773 6.77807e-06 0.486732 -5.99311e-06
0.604 0.485481 6.82231e-06 0.485437 -6.04406e-06
0.606 0.484194 6.86673e-06 0.484148 -6.09517e-06
0.608 0.482913 6.91134e-06 0.482865 -6.14642e-06
0.61 0.481636 6.95615e-06 0.481586 -6.19781e-06
0.612 0.480364 7.00116e-06 0.480312 -6.2493e-06
0.614 0.479095 7.04636e-06 0.479042 -6.30093e-06
0.616 0.47783 7.09177e-06 0.477775 -6.35264e-06
0.618 0.476569 7.13738e-06 0.476512 -6.40442e-06
0.62 0.475309 7.18322e-06 0.475251 -6.45624e-06
0.622 0.474052 7.22928e-06 0.473993 -6.50809e-06
0.624 0.472797 7.27557e-06 0.472736 -6.55996e-06
0.626 0.471543 7.32211e-06 0.471482 -6.6118e-06
0.628 0.470291 7.36886e-06 0.470228 -6.66363e-06
0.63 0.469038 7.41584e-06 0.468975 -6.71543e-06
0.632 0.467786 7.46305e-06 0.467722 -6.76718e-06
0.634 0.466535 7.51049e-06 0.46647 -6.81885e-06
0.636 0.465282 7.55815e-06 0.465218 -6.87046e-06
0.638 0.46403 7.60602e-06 0.463965 -6.92199e-06
0.64 0.462776 7.65413e-06 0.462712 -6.97341e-06
0.642 0.461522 7.70242e-06 0.461458 -7.02474e-06
0.644 0.460267 7.75092e-06 0.460203 -7.07596e-06
0.646 0.459011 7.79961e-06 0.458947 -7.12705e-06
0.648 0.457754 7.84851e-06 0.457691 -7.17802e-06
0.65 0.456495 7.8976e-06 0.456433 -7.22886e-06
0.652 0.455236 7.94689e-06 0.455175 -7.27955e-06
0.654 0.453975 7.99636e-06 0.453915 -7.3301e-06
0.656 0.452714 8.04604e-06 0.452655 -7.38051e-06
0.658 0.451452 8.09589e-06 0.451394 -7.43075e-06
0.66 0.45019 8.14593e-06 0.450134 -7.48083e-06
0.662 0.448928 8.19615e-06 0.448873 -7.53077e-06
0.664 0.447665 8.24653e-06 0.447612 -7.58056e-06
0.666 0.446403 8.29709e-06 0.446351 -7.63019e-06
0.668 0.445142 8.34782e-06 0.445092 -7.67969e-06
0.67 0.443881 8.39871e-06 0.443833 -7.72905e-06
0.672 0.442622 8.44979e-06 0.442576 -7.77825e-06
0.674 0.441365 8.50105e-06 0.441321 -7.82732e-06
0.676 0.44011 8.55248e-06 0.440068 -7.87626e-06
0.678 0.438858 8.60409e-06 0.438817 -7.92508e-06
0.68 0.437608 8.65587e-06 0.43757 -7.97379e-06
0.682 0.436362 8.70782e-06 0.436326 -8.02239e-06
0.684 0.435119 8.75994e-06 0.435085 -8.07091e-06
0.686 0.43388 8.81222e-06 0.433849 -8.11937e-06
0.688 0.432646 8.86466e-06 0.432617 -8.16776e-06
0.69 0.431417 8.91728e-06 0.431389 -8.21609e-06
0.692 0.430192 8.97007e-06 0.430167 -8.26439e-06
0.694 0.428974 9.023e-06 0.42895 -8.31267e-06
0.696 0.42776 9.07609e-06 0.427739 -8.36097e-06
0.698 0.426553 9.1293e-06 0.426534 -8.4093e-06
0.7 0.425352 9.18265e-06 0.425334 -8.45768e-06
0.702 0.424157 9.23612e-06 0.424141 -8.50613e-06
0.704 0.422968 9.28971e-06 0.422955 -8.55468e-06
0.706 0.421786 9.34339e-06 0.421774 -8.60335e-06
0.708 0.420611 9.39718e-06 0.420601 -8.65216e-06
0.71 0.419443 9.45106e-06 0.419433 -8.70113e-06
0.712 0.418281 9.50501e-06 0.418273 -8.75028e-06
0.714 0.417126 9.55903e-06 0.417119 -8.79963e-06
0.716 0.415977 9.6131e-06 0.415971 -8.84919e-06
0.718 0.414835 9.66722e-06 0.41483 -8.89898e-06
0.72 0.4137 9.72139e-06 0.413694 -8.94902e-06
0.722 0.41257 9.77558e-06 0.412565 -8.99931e-06
0.724 0.411446 9.82979e-06 0.411442 -9.04987e-06
0.726 0.410329 9.88401e-06 0.410324 -9.10068e-06
0.728 0.409216 9.93824e-06 0.409212 -9.1518e-06
0.73 0.408109 9.99247e-06 0.408104 -9.20318e-06
0.732 0.407006 1.00467e-05 0.407002 -9.25484e-06
0.734 0.405908 1.01009e-05 0.405903 -9.30675e-06
0.736 0.404815 1.01552e-05 0.404809 -9.35895e-06
0.738 0.403725 1.02094e-05 0.403719 -9.41139e-06
0.74 0.402638 1.02636e-05 0.402632 -9.46405e-06
0.742 0.401555 1.03178e-05 0.401548 -9.51692e-06
0.744 0.400474 1.0372e-05 0.400467 -9.56995e-06
0.746 0.399396 1.04263e-05 0.399388 -9.62314e-06
0.748 0.398319 1.04805e-05 0.398312 -9.67653e-06
0.75 0.397244 1.05349e-05 0.397237 -9.72987e-06
0.752 0.396171 1.05893e-05 0.396163 -9.78318e-06
0.754 0.395098 1.06438e-05 0.395091 -9.83652e-06
0.756 0.394026 1.06984e-05 0.394019 -9.8899e-06
0.758 0.392955 1.07531e-05 0.392948 -9.94331e-06
0.76 0.391883 1.08078e-05 0.391878 -9.99674e-06
0.762 0.390813 1.08625e-05 0.390807 -1.00502e-05
0.764 0.389742 1.09173e-05 0.389737 -1.01036e-05
0.766 0.388671 1.09721e-05 0.388668 -1.01569e-05
0.768 0.3876 1.10269e-05 0.387598 -1.02102e-05
0.77 0.386528 1.10818e-05 0.386528 -1.02634e-05
0.772 0.385456 1.11367e-05 0.385457 -1.03164e-05
0.774 0.384383 1.11917e-05 0.384387 -1.03692e-05
0.776 0.38331 1.12469e-05 0.383317 -1.04217e-05
0.778 0.382236 1.13021e-05 0.382246 -1.04739e-05
0.78 0.381163 1.13574e-05 0.381175 -1.05259e-05
0.782 0.380088 1.14128e-05 0.380105 -1.05775e-05
0.784 0.379014 1.14683e-05 0.379034 -1.06289e-05
0.786 0.37794 1.15239e-05 0.377964 -1.06799e-05
0.788 0.376865 1.15796e-05 0.376894 -1.07306e-05
0.79 0.375792 1.16354e-05 0.375825 -1.07809e-05
0.792 0.374719 1.16913e-05 0.374757 -1.08309e-05
0.794 0.373647 1.17473e-05 0.37369 -1.08805e-05
0.796 0.372577 1.18035e-05 0.372625 -1.09298e-05
0.798 0.371508 1.18598e-05 0.371561 -1.09788e-05
0.8 0.37044 1.19161e-05 0.370499 -1.10274e-05
0.802 0.369376 1.19727e-05 0.36944 -1.10758e-05
0.804 0.368313 1.20293e-05 0.368383 -1.11238e-05
0.806 0.367254 1.2086e-05 0.367329 -1.11716e-05
0.808 0.366198 1.21429e-05 0.366279 -1.12192e-05
0.81 0.365145 1.21999e-05 0.365232 -1.12665e-05
0.812 0.364097 1.22569e-05 0.364188 -1.13137e-05
0.814 0.363052 1.2314e-05 0.363149 -1.13607e-05
0.816 0.362012 1.23712e-05 0.362114 -1.14076e-05
0.818 0.360977 1.24284e-05 0.361084 -1.14544e-05
0.82 0.359946 1.24857e-05 0.360058 -1.15013e-05
0.822 0.358921 1.25429e-05 0.359037 -1.15481e-05
0.824 0.357901 1.26001e-05 0.358021 -1.15951e-05
0.826 0.356887 1.26573e-05 0.35701 -1.16422e-05
0.828 0.355878 1.27144e-05 0.356005 -1.16894e-05
0.83 0.354875 1.27713e-05 0.355004 -1.17369e-05
0.832 0.353877 1.28282e-05 0.354009 -1.17847e-05
0.834 0.352886 1.28848e-05 0.35302 -1.18328e-05
0.836 0.351901 1.29413e-05 0.352036 -1.18813e-05
0.838 0.350921 1.29975e-05 0.351057 -1.19303e-05
0.84 0.349947 1.30535e-05 0.350084 -1.19797e-05
0.842 0.348979 1.31093e-05 0.349116 -1.20296e-05
0.844 0.348016 1.31647e-05 0.348153 -1.20801e-05
0.846 0.347059 1.32198e-05 0.347195 -1.21312e-05
0.848 0.346108 1.32746e-05 0.346241 -1.21828e-05
0.85 0.345161 1.33291e-05 0.345293 -1.22351e-05
0.852 0.34422 1.33831e-05 0.344349 -1.2288e-05
0.854 0.343283 1.34368e-05 0.343409 -1.23416e-05
0.856 0.342351 1.34901e-05 0.342473 -1.23958e-05
0.858 0.341423 1.3543e-05 0.341541 -1.24507e-05
0.86 0.340499 1.35955e-05 0.340613 -1.25063e-05
0.862 0.339579 1.36476e-05 0.339688 -1.25625e-05
0.864 0.338662 1.36993e-05 0.338766 -1.26194e-05
0.866 0.337748 1.37505e-05 0.337846 -1.26769e-05
0.868 0.336837 1.38013e-05 0.33693 -1.27351e-05
0.87 0.335929 1.38517e-05 0.336015 -1.27938e-05
0.872 0.335022 1.39017e-05 0.335103 -1.28531e-05
0.874 0.334118 1.39513e-05 0.334192 -1.29129e-05
0.876 0.333216 1.40005e-05 0.333283 -1.29732e-05
0.878 0.332314 1.40493e-05 0.332375 -1.30339e-05
0.88 0.331414 1.40978e-05 0.331469 -1.3095e-05
0.882 0.330515 1.41459e-05 0.330563 -1.31564e-05
0.884 0.329617 1.41937e-05 0.329659 -1.32181e-05
0.886 0.32872 1.42413e-05 0.328755 -1.328e-05
0.888 0.327822 1.42886e-05 0.327851 -1.3342e-05
0.89 0.326925 1.43356e-05 0.326949 -1.34041e-05
0.892 0.326029 1.43825e-05 0.326046 -1.34662e-05
0.894 0.325132 1.44291e-05 0.325144 -1.35283e-05
0.896 0.324235 1.44757e-05 0.324243 -1.35903e-05
0.898 0.323339 1.45221e-05 0.323341 -1.36522e-05
0.9 0.322442 1.45684e-05 0.322441 -1.37138e-05
0.902 0.321546 1.46147e-05 0.32154 -1.37751e-05
0.904 0.320649 1.4661e-05 0.320641 -1.38361e-05
0.906 0.319753 1.47073e-05 0.319742 -1.38967e-05
0.908 0.318858 1.47536e-05 0.318843 -1.39569e-05
0.91 0.317962 1.48001e-05 0.317946 -1.40166e-05
0.912 0.317068 1.48466e-05 0.31705 -1.40758e-05
0.914 0.316174 1.48933e-05 0.316156 -1.41344e-05
0.916 0.315282 1.49403e-05 0.315262 -1.41923e-05
0.918 0.31439 1.49874e-05 0.314371 -1.42496e-05
0.92 0.313501 1.50347e-05 0.313482 -1.43063e-05
0.922 0.312612 1.50824e-05 0.312594 -1.43622e-05
0.924 0.311726 1.51303e-05 0.31171 -1.44175e-05
0.926 0.310843 1.51785e-05 0.310828 -1.44721e-05
0.928 0.309961 1.5227e-05 0.309949 -1.45259e-05
0.93 0.309083 1.52759e-05 0.309073 -1.4579e-05
0.932 0.308207 1.53251e-05 0.3082 -1.46314e-05
0.934 0.307334 1.53747e-05 0.307331 -1.46831e-05
0.936 0.306465 1.54246e-05 0.306466 -1.47341e-05
0.938 0.3056 1.5475e-05 0.305604 -1.47844e-05
0.94 0.304739 1.55256e-05 0.304747 -1.4834e-05
0.942 0.303881 1.55767e-05 0.303894 -1.48831e-05
0.944 0.303028 1.56281e-05 0.303045 -1.49315e-05
0.946 0.302179 1.56798e-05 0.302201 -1.49794e-05
0.948 0.301335 1.57319e-05 0.301362 -1.50267e-05
0.95 0.300495 1.57843e-05 0.300527 -1.50736e-05
0.952 0.299659 1.58371e-05 0.299696 -1.512e-05
0.954 0.298829 1.58901e-05 0.298871 -1.51661e-05
0.956 0.298003 1.59434e-05 0.29805 -1.52119e-05
0.958 0.297182 1.59969e-05 0.297233 -1.52574e-05
0.96 0.296366 1.60506e-05 0.296422 -1.53027e-05
0.962 0.295555 1.61046e-05 0.295614 -1.53479e-05
0.964 0.294748 1.61587e-05 0.294812 -1.5393e-05
0.966 0.293946 1.62129e-05 0.294013 -1.5438e-05
0.968 0.293148 1.62673e-05 0.293219 -1.54831e-05
0.97 0.292355 1.63218e-05 0.292429 -1.55282e-05
0.972 0.291567 1.63763e-05 0.291642 -1.55734e-05
0.974 0.290782 1.64308e-05 0.29086 -1.56188e-05
0.976 0.290001 1.64854e-05 0.290081 -1.56645e-05
0.978 0.289224 1.65399e-05 0.289305 -1.57104e-05
0.98 0.28845 1.65942e-05 0.288532 -1.57566e-05
0.982 0.28768 1.66485e-05 0.287762 -1.58033e-05
0.984 0.286913 1.67025e-05 0.286994 -1.58503e-05
0.986 0.286149 1.67565e-05 0.286229 -1.58977e-05
0.988 0.285387 1.68102e-05 0.285466 -1.59456e-05
0.99 0.284627 1.68636e-05 0.284705 -1.59938e-05
0.992 0.28387 1.69169e-05 0.283946 -1.60426e-05
0.994 0.283115 1.69698e-05 0.283188 -1.60918e-05
0.996 0.282361 1.70226e-05 0.282432 -1.61414e-05
0.998 0.281608 1.70749e-05 0.281676 -1.61915e-05
1 0.280857 1.7127e-05 0.280922 -1.6242e-05
1.002 0.280107 1.71787e-05 0.280168 -1.6293e-05
1.004 0.279357 1.72301e-05 0.279415 -1.63444e-05
1.006 0.278608 1.72812e-05 0.278662 -1.63962e-05
1.008 0.27786 1.73319e-05 0.27791 -1.64483e-05
1.01 0.277112 1.73822e-05 0.277158 -1.65007e-05
1.012 0.276364 1.74321e-05 0.276406 -1.65535e-05
1.014 0.275616 1.74817e-05 0.275654 -1.66065e-05
1.016 0.274868 1.7531e-05 0.274903 -1.66596e-05
1.018 0.274121 1.75799e-05 0.274151 -1.6713e-05
1.02 0.273373 1.76284e-05 0.2734 -1.67664e-05
1.022 0.272626 1.76767e-05 0.272649 -1.68199e-05
1.024 0.271878 1.77246e-05 0.271899 -1.68734e-05
1.026 0.271131 1.77723e-05 0.271149 -1.69269e-05
1.028 0.270384 1.78197e-05 0.270399 -1.69802e-05
1.03 0.269637 1.78669e-05 0.26965 -1.70334e-05
1.032 0.268891 1.79138e-05 0.268902 -1.70864e-05
1.034 0.268145 1.79605e-05 0.268155 -1.71391e-05
1.036 0.2674 1.80071e-05 0.267409 -1.71915e-05
1.038 0.266656 1.80534e-05 0.266664 -1.72436e-05
1.04 0.265912 1.80997e-05 0.265921 -1.72953e-05
1.042 0.26517 1.81458e-05 0.26518 -1.73465e-05
1.044 0.26443 1.81919e-05 0.264441 -1.73973e-05
1.046 0.263691 1.82379e-05 0.263704 -1.74475e-05
1.048 0.262953 1.82838e-05 0.262969 -1.74972e-05
1.05 0.262218 1.83298e-05 0.262237 -1.75463e-05
1.052 0.261486 1.83758e-05 0.261507 -1.75949e-05
1.054 0.260755 1.84219e-05 0.260781 -1.76428e-05
1.056 0.260028 1.8468e-05 0.260057 -1.76901e-05
1.058 0.259303 1.85142e-05 0.259338 -1.77368e-05
1.06 0.258582 1.85606e-05 0.258621 -1.77829e-05
1.062 0.257864 1.8607e-05 0.257909 -1.78283e-05
1.064 0.257149 1.86536e-05 0.2572 -1.78732e-05
1.066 0.256438 1.87004e-05 0.256495 -1.79174e-05
1.068 0.255731 1.87473e-05 0.255794 -1.7961e-05
1.07 0.255027 1.87944e-05 0.255098 -1.80041e-05
1.072 0.254328 1.88417e-05 0.254405 -1.80467e-05
1.074 0.253633 1.88892e-05 0.253717 -1.80888e-05
1.076 0.252942 1.89368e-05 0.253033 -1.81304e-05
1.078 0.252255 1.89846e-05 0.252353 -1.81715e-05
1.08 0.251572 1.90325e-05 0.251677 -1.82123e-05
1.082 0.250894 1.90806e-05 0.251006 -1.82528e-05
1.084 0.250219 1.91289e-05 0.250338 -1.8293e-05
1.086 0.249549 1.91772e-05 0.249674 -1.83329e-05
1.088 0.248882 1.92257e-05 0.249014 -1.83727e-05
1.09 0.24822 1.92742e-05 0.248358 -1.84123e-05
1.092 0.247561 1.93227e-05 0.247705 -1.84521e-05
1.094 0.246907 1.93712e-05 0.247056 -1.8492e-05
1.096 0.246255 1.94197e-05 0.246409 -1.85317e-05
1.098 0.245607 1.94682e-05 0.245766 -1.85715e-05
1.1 0.244962 1.95167e-05 0.245125 -1.86114e-05
1.102 0.24432 1.95652e-05 0.244486 -1.86513e-05
1.104 0.243681 1.96136e-05 0.24385 -1.86915e-05
1.106 0.243045 1.96618e-05 0.243216 -1.87319e-05
1.108 0.242411 1.971e-05 0.242584 -1.87726e-05
1.11 0.241779 1.97579e-05 0.241953 -1.88137e-05
1.112 0.24115 1.98056e-05 0.241324 -1.88551e-05
1.114 0.240522 1.98531e-05 0.240696 -1.88971e-05
1.116 0.239895 1.99003e-05 0.240069 -1.89395e-05
1.118 0.23927 1.99472e-05 0.239442 -1.89824e-05
1.12 0.238647 1.99937e-05 0.238817 -1.90259e-05
1.122 0.238024 2.00399e-05 0.238191 -1.907e-05
1.124 0.237402 2.00856e-05 0.237566 -1.91146e-05
1.126 0.236781 2.0131e-05 0.236941 -1.91598e-05
1.128 0.236161 2.01759e-05 0.236317 -1.92055e-05
1.13 0.235541 2.02203e-05 0.235692 -1.92518e-05
1.132 0.234921 2.02644e-05 0.235067 -1.92985e-05
1.134 0.234301 2.03081e-05 0.234442 -1.93458e-05
1.136 0.233682 2.03512e-05 0.233816 -1.93936e-05
1.138 0.233062 2.03937e-05 0.233191 -1.94418e-05
1.14 0.232443 2.04358e-05 0.232566 -1.94905e-05
1.142 0.231824 2.04774e-05 0.23194 -1.95396e-05
1.144 0.231206 2.05185e-05 0.231314 -1.95889e-05
1.146 0.230587 2.05592e-05 0.230689 -1.96386e-05
1.148 0.229968 2.05994e-05 0.230064 -1.96884e-05
1.15 0.22935 2.06392e-05 0.229439 -1.97384e-05
1.152 0.228732 2.06787e-05 0.228815 -1.97885e-05
1.154 0.228115 2.07177e-05 0.228191 -1.98385e-05
1.156 0.227498 2.07565e-05 0.227569 -1.98885e-05
1.158 0.226881 2.07949e-05 0.226947 -1.99384e-05
1.16 0.226266 2.08331e-05 0.226326 -1.99881e-05
1.162 0.225651 2.0871e-05 0.225707 -2.00376e-05
1.164 0.225038 2.09087e-05 0.22509 -2.00867e-05
1.166 0.224426 2.09462e-05 0.224474 -2.01355e-05
1.168 0.223815 2.09836e-05 0.223861 -2.01838e-05
1.17 0.223206 2.10209e-05 0.22325 -2.02317e-05
1.172 0.222599 2.10582e-05 0.222641 -2.0279e-05
1.174 0.221994 2.10954e-05 0.222035 -2.03257e-05
1.176 0.221391 2.11327e-05 0.221432 -2.03718e-05
1.178 0.220791 2.11699e-05 0.220832 -2.04173e-05
1.18 0.220193 2.12073e-05 0.220235 -2.0462e-05
1.182 0.219598 2.12447e-05 0.219642 -2.0506e-05
1.184 0.219006 2.12823e-05 0.219052 -2.05493e-05
1.186 0.218417 2.13201e-05 0.218466 -2.05918e-05
1.188 0.217831 2.1358e-05 0.217884 -2.06335e-05
1.19 0.217249 2.13961e-05 0.217306 -2.06745e-05
1.192 0.21667 2.14345e-05 0.216732 -2.07147e-05
1.194 0.216094 2.14731e-05 0.216162 -2.07542e-05
1.196 0.215523 2.15119e-05 0.215596 -2.07929e-05
1.198 0.214955 2.1551e-05 0.215034 -2.08309e-05
1.2 0.214391 2.15903e-05 0.214477 -2.08682e-05
1.202 0.21383 2.16299e-05 0.213923 -2.09048e-05
1.204 0.213274 2.16697e-05 0.213374 -2.09409e-05
1.206 0.212721 2.17098e-05 0.212829 -2.09763e-05
1.208 0.212172 2.17501e-05 0.212287 -2.10112e-05
1.21 0.211627 2.17907e-05 0.21175 -2.10456e-05
1.212 0.211086 2.18314e-05 0.211216 -2.10796e-05
1.214 0.210548 2.18724e-05 0.210685 -2.11131e-05
1.216 0.210013 2.19135e-05 0.210158 -2.11464e-05
1.218 0.209482 2.19548e-05 0.209634 -2.11793e-05
1.22 0.208954 2.19962e-05 0.209113 -2.1212e-05
1.222 0.20843 2.20377e-05 0.208595 -2.12445e-05
1.224 0.207908 2.20792e-05 0.208079 -2.12769e-05
1.226 0.207389 2.21208e-05 0.207566 -2.13093e-05
1.228 0.206872 2.21624e-05 0.207055 -2.13416e-05
1.23 0.206358 2.22039e-05 0.206546 -2.1374e-05
1.232 0.205846 2.22454e-05 0.206039 -2.14064e-05
1.234 0.205336 2.22867e-05 0.205533 -2.1439e-05
1.236 0.204828 2.23279e-05 0.205028 -2.14717e-05
1.238 0.204321 2.2369e-05 0.204525 -2.15047e-05
1.24 0.203817 2.24098e-05 0.204022 -2.15379e-05
1.242 0.203313 2.24503e-05 0.20352 -2.15715e-05
1.244 0.20281 2.24906e-05 0.203018 -2.16053e-05
1.246 0.202309 2.25306e-05 0.202517 -2.16395e-05
1.248 0.201808 2.25702e-05 0.202016 -2.16741e-05
1.25 0.201308 2.26095e-05 0.201515 -2.17091e-05
1.252 0.200808 2.26483e-05 0.201014 -2.17444e-05
1.254 0.200309 2.26867e-05 0.200513 -2.17802e-05
1.256 0.19981 2.27247e-05 0.200011 -2.18164e-05
1.258 0.199311 2.27622e-05 0.199509 -2.1853e-05
1.26 0.198813 2.27992e-05 0.199007 -2.18901e-05
1.262 0.198314 2.28357e-05 0.198505 -2.19275e-05
1.264 0.197816 2.28717e-05 0.198002 -2.19653e-05
1.266 0.197318 2.29072e-05 0.197499 -2.20034e-05
1.268 0.19682 2.29422e-05 0.196995 -2.20419e-05
1.27 0.196321 2.29766e-05 0.196492 -2.20806e-05
1.272 0.195824 2.30106e-05 0.195988 -2.21196e-05
1.274 0.195326 2.3044e-05 0.195485 -2.21589e-05
1.276 0.194828 2.30769e-05 0.194981 -2.21983e-05
1.278 0.194331 2.31093e-05 0.194478 -2.22379e-05
1.28 0.193834 2.31413e-05 0.193975 -2.22776e-05
1.282 0.193338 2.31728e-05 0.193473 -2.23173e-05
1.284 0.192843 2.32038e-05 0.192972 -2.2357e-05
1.286 0.192348 2.32345e-05 0.192472 -2.23966e-05
1.288 0.191854 2.32647e-05 0.191973 -2.24362e-05
1.29 0.191362 2.32946e-05 0.191475 -2.24756e-05
1.292 0.19087 2.33242e-05 0.190979 -2.25147e-05
1.294 0.19038 2.33535e-05 0.190485 -2.25537e-05
1.296 0.189892 2.33824e-05 0.189993 -2.25923e-05
1.298 0.189406 2.34112e-05 0.189503 -2.26306e-05
1.3 0.188921 2.34397e-05 0.189015 -2.26684e-05
1.302 0.188438 2.34681e-05 0.18853 -2.27058e-05
1.304 0.187958 2.34964e-05 0.188048 -2.27427e-05
1.306 0.18748 2.35245e-05 0.187569 -2.27791e-05
1.308 0.187004 2.35526e-05 0.187092 -2.2815e-05
1.31 0.186532 2.35806e-05 0.186619 -2.28502e-05
1.312 0.186061 2.36087e-05 0.186149 -2.28849e-05
1.314 0.185594 2.36368e-05 0.185683 -2.29189e-05
1.316 0.18513 2.3665e-05 0.18522 -2.29522e-05
1.318 0.184668 2.36932e-05 0.18476 -2.29849e-05
1.32 0.18421 2.37216e-05 0.184304 -2.30169e-05
1.322 0.183755 2.37501e-05 0.183852 -2.30483e-05
1.324 0.183302 2.37788e-05 0.183403 -2.3079e-05
1.326 0.182853 2.38077e-05 0.182958 -2.3109e-05
1.328 0.182407 2.38368e-05 0.182516 -2.31384e-05
1.33 0.181964 2.38661e-05 0.182078 -2.31672e-05
1.332 0.181524 2.38956e-05 0.181643 -2.31954e-05
1.334 0.181088 2.39252e-05 0.181211 -2.32231e-05
1.336 0.180654 2.39551e-05 0.180782 -2.32504e-05
1.338 0.180223 2.39852e-05 0.180357 -2.32771e-05
1.34 0.179795 2.40156e-05 0.179934 -2.33034e-05
1.342 0.179369 2.40461e-05 0.179514 -2.33292e-05
1.344 0.178946 2.40769e-05 0.179096 -2.33547e-05
1.346 0.178524 2.41079e-05 0.17868 -2.33799e-05
1.348 0.178105 2.4139e-05 0.178267 -2.34048e-05
1.35 0.177688 2.41703e-05 0.177855 -2.34295e-05
1.352 0.177273 2.42017e-05 0.177446 -2.3454e-05
1.354 0.17686 2.42332e-05 0.177037 -2.34784e-05
1.356 0.176448 2.42648e-05 0.17663 -2.35028e-05
1.358 0.176038 2.42964e-05 0.176224 -2.35272e-05
1.36 0.175628 2.4328e-05 0.175819 -2.35516e-05
1.362 0.17522 2.43595e-05 0.175414 -2.35761e-05
1.364 0.174813 2.4391e-05 0.17501 -2.36008e-05
1.366 0.174407 2.44224e-05 0.174606 -2.36256e-05
1.368 0.174001 2.44536e-05 0.174202 -2.36507e-05
1.37 0.173596 2.44847e-05 0.173799 -2.36761e-05
1.372 0.173191 2.45156e-05 0.173395 -2.37017e-05
1.374 0.172786 2.45462e-05 0.172991 -2.37277e-05
1.376 0.172382 2.45765e-05 0.172587 -2.37539e-05
1.378 0.171978 2.46065e-05 0.172182 -2.37806e-05
1.38 0.171574 2.46362e-05 0.171777 -2.38075e-05
1.382 0.17117 2.46655e-05 0.171371 -2.38349e-05
1.384 0.170767 2.46944e-05 0.170965 -2.38626e-05
1.386 0.170363 2.47229e-05 0.170559 -2.38906e-05
1.388 0.169959 2.4751e-05 0.170152 -2.3919e-05
1.39 0.169555 2.47786e-05 0.169744 -2.39477e-05
1.392 0.169152 2.48057e-05 0.169337 -2.39767e-05
1.394 0.168748 2.48323e-05 0.168929 -2.4006e-05
1.396 0.168345 2.48585e-05 0.168521 -2.40355e-05
1.398 0.167941 2.48841e-05 0.168112 -2.40653e-05
1.4 0.167538 2.49093e-05 0.167704 -2.40952e-05
1.402 0.167136 2.4934e-05 0.167297 -2.41253e-05
1.404 0.166734 2.49582e-05 0.166889 -2.41555e-05
1.406 0.166333 2.49819e-05 0.166482 -2.41857e-05
1.408 0.165933 2.50051e-05 0.166076 -2.42159e-05
1.41 0.165533 2.50279e-05 0.165671 -2.42461e-05
1.412 0.165135 2.50502e-05 0.165267 -2.42762e-05
1.414 0.164737 2.50722e-05 0.164864 -2.43061e-05
1.416 0.164342 2.50937e-05 0.164463 -2.43358e-05
1.418 0.163947 2.51149e-05 0.164064 -2.43653e-05
1.42 0.163554 2.51357e-05 0.163666 -2.43945e-05
1.422 0.163163 2.51563e-05 0.163271 -2.44234e-05
1.424 0.162774 2.51765e-05 0.162878 -2.44519e-05
1.426 0.162388 2.51965e-05 0.162487 -2.448e-05
1.428 0.162003 2.52163e-05 0.162099 -2.45076e-05
1.43 0.16162 2.52359e-05 0.161713 -2.45346e-05
1.432 0.16124 2.52554e-05 0.161331 -2.45612e-05
1.434 0.160863 2.52748e-05 0.160952 -2.45872e-05
1.436 0.160488 2.52941e-05 0.160575 -2.46126e-05
1.438 0.160116 2.53133e-05 0.160202 -2.46374e-05
1.44 0.159746 2.53326e-05 0.159832 -2.46615e-05
1.442 0.15938 2.53518e-05 0.159465 -2.4685e-05
1.444 0.159016 2.5371e-05 0.159102 -2.4708e-05
1.446 0.158656 2.53903e-05 0.158743 -2.47303e-05
1.448 0.158297 2.54097e-05 0.158386 -2.47519e-05
1.45 0.157942 2.54292e-05 0.158033 -2.47728e-05
1.452 0.157589 2.54489e-05 0.157682 -2.47931e-05
1.454 0.157239 2.54687e-05 0.157335 -2.48128e-05
1.456 0.156892 2.54886e-05 0.156991 -2.48318e-05
1.458 0.156547 2.55088e-05 0.15665 -2.48503e-05
1.46 0.156205 2.55291e-05 0.156311 -2.48682e-05
1.462 0.155865 2.55496e-05 0.155975 -2.48856e-05
1.464 0.155527 2.55703e-05 0.155642 -2.49026e-05
1.466 0.155191 2.55911e-05 0.155311 -2.49191e-05
1.468 0.154858 2.56121e-05 0.154983 -2.49353e-05
1.47 0.154527 2.56333e-05 0.154656 -2.49511e-05
1.472 0.154197 2.56546e-05 0.154331 -2.49667e-05
1.474 0.153869 2.56761e-05 0.154008 -2.4982e-05
1.476 0.153542 2.56976e-05 0.153686 -2.49971e-05
1.478 0.153217 2.57192e-05 0.153365 -2.5012e-05
1.48 0.152893 2.57409e-05 0.153045 -2.50269e-05
1.482 0.15257 2.57626e-05 0.152726 -2.50416e-05
1.484 0.152247 2.57843e-05 0.152408 -2.50564e-05
1.486 0.151926 2.58059e-05 0.15209 -2.50712e-05
1.488 0.151605 2.58276e-05 0.151773 -2.50861e-05
1.49 0.151284 2.58492e-05 0.151455 -2.51011e-05
1.492 0.150964 2.58707e-05 0.151138 -2.51162e-05
1.494 0.150644 2.5892e-05 0.15082 -2.51315e-05
1.496 0.150323 2.59131e-05 0.150502 -2.5147e-05
1.498 0.150003 2.5934e-05 0.150183 -2.51628e-05
1.5 0.149683 2.59547e-05 0.149864 -2.51788e-05
1.502 0.149363 2.59751e-05 0.149544 -2.51951e-05
1.504 0.149042 2.59952e-05 0.149223 -2.52117e-05
1.506 0.148721 2.60149e-05 0.148902 -2.52286e-05
1.508 0.1484 2.60343e-05 0.14858 -2.52458e-05
1.51 0.148079 2.60534e-05 0.148257 -2.52634e-05
1.512 0.147758 2.6072e-05 0.147933 -2.52813e-05
1.514 0.147436 2.60902e-05 0.147609 -2.52995e-05
1.516 0.147114 2.6108e-05 0.147284 -2.53181e-05
1.518 0.146792 2.61254e-05 0.146958 -2.53369e-05
1.52 0.14647 2.61423e-05 0.146632 -2.53561e-05
1.522 0.146148 2.61587e-05 0.146306 -2.53755e-05
1.524 0.145826 2.61747e-05 0.145979 -2.53951e-05
1.526 0.145504 2.61902e-05 0.145653 -2.5415e-05
1.528 0.145183 2.62052e-05 0.145326 -2.5435e-05
1.53 0.144862 2.62198e-05 0.145 -2.54552e-05
1.532 0.144542 2.62344e-05 0.144674 -2.54753e-05
1.534 0.144223 2.62486e-05 0.144349 -2.54954e-05
1.536 0.143905 2.62624e-05 0.144025 -2.55156e-05
1.538 0.143587 2.62755e-05 0.143701 -2.5536e-05
1.54 0.143271 2.62881e-05 0.143379 -2.55567e-05
1.542 0.142956 2.62999e-05 0.143058 -2.55774e-05
1.544 0.142643 2.63112e-05 0.142739 -2.55982e-05
1.546 0.142332 2.63219e-05 0.142422 -2.5619e-05
1.548 0.142022 2.63321e-05 0.142107 -2.56395e-05
1.55 0.141714 2.63419e-05 0.141793 -2.56599e-05
1.552 0.141408 2.63512e-05 0.141482 -2.56799e-05
1.554 0.141105 2.63602e-05 0.141174 -2.56996e-05
1.556 0.140804 2.6369e-05 0.140868 -2.57188e-05
1.558 0.140505 2.63775e-05 0.140565 -2.57375e-05
1.56 0.140208 2.63859e-05 0.140264 -2.57557e-05
1.562 0.139914 2.63943e-05 0.139967 -2.57732e-05
1.564 0.139622 2.64026e-05 0.139672 -2.57901e-05
1.566 0.139333 2.64109e-05 0.139381 -2.58063e-05
1.568 0.139046 2.64193e-05 0.139092 -2.58219e-05
1.57 0.138762 2.64277e-05 0.138806 -2.58369e-05
1.572 0.138481 2.64362e-05 0.138524 -2.58512e-05
1.574 0.138202 2.64449e-05 0.138244 -2.58649e-05
1.576 0.137925 2.64537e-05 0.137967 -2.58779e-05
1.578 0.137651 2.64626e-05 0.137693 -2.58904e-05
1.58 0.137379 2.64716e-05 0.137422 -2.59023e-05
1.582 0.13711 2.64808e-05 0.137154 -2.59136e-05
1.584 0.136842 2.64901e-05 0.136888 -2.59245e-05
1.586 0.136577 2.64995e-05 0.136624 -2.59349e-05
1.588 0.136313 2.65091e-05 0.136363 -2.59448e-05
1.59 0.136051 2.65188e-05 0.136104 -2.59544e-05
1.592 0.135791 2.65286e-05 0.135846 -2.59635e-05
1.594 0.135533 2.65385e-05 0.135591 -2.59724e-05
1.596 0.135275 2.65486e-05 0.135337 -2.59809e-05
1.598 0.135019 2.65587e-05 0.135084 -2.59892e-05
1.6 0.134765 2.6569e-05 0.134833 -2.59973e-05
1.602 0.134511 2.65793e-05 0.134582 -2.60052e-05
1.604 0.134257 2.65896e-05 0.134332 -2.6013e-05
1.606 0.134005 2.65999e-05 0.134083 -2.60207e-05
1.608 0.133752 2.661e-05 0.133834 -2.60283e-05
1.61 0.1335 2.662e-05 0.133585 -2.60358e-05
1.612 0.133249 2.66299e-05 0.133336 -2.60433e-05
1.614 0.132997 2.66397e-05 0.133087 -2.60508e-05
1.616 0.132746 2.66492e-05 0.132838 -2.60583e-05
1.618 0.132494 2.66587e-05 0.132588 -2.60657e-05
1.62 0.132242 2.6668e-05 0.132338 -2.60732e-05
1.622 0.131989 2.66772e-05 0.132087 -2.60806e-05
1.624 0.131736 2.66862e-05 0.131835 -2.60881e-05
1.626 0.131483 2.66951e-05 0.131582 -2.60957e-05
1.628 0.131229 2.67039e-05 0.131329 -2.61033e-05
1.63 0.130975 2.67125e-05 0.131075 -2.6111e-05
1.632 0.13072 2.6721e-05 0.13082 -2.61187e-05
1.634 0.130465 2.67292e-05 0.130564 -2.61266e-05
1.636 0.130209 2.67373e-05 0.130307 -2.61346e-05
1.638 0.129953 2.67452e-05 0.130049 -2.61427e-05
1.64 0.129696 2.67528e-05 0.129791 -2.61509e-05
1.642 0.129439 2.67603e-05 0.129532 -2.61593e-05
1.644 0.129182 2.67674e-05 0.129272 -2.61678e-05
1.646 0.128925 2.67743e-05 0.129012 -2.61765e-05
1.648 0.128668 2.6781e-05 0.128752 -2.61853e-05
1.65 0.12841 2.67873e-05 0.128491 -2.61942e-05
1.652 0.128153 2.67934e-05 0.128231 -2.62033e-05
1.654 0.127897 2.67992e-05 0.12797 -2.62125e-05
1.656 0.12764 2.68048e-05 0.12771 -2.62218e-05
1.658 0.127385 2.681e-05 0.127451 -2.62313e-05
1.66 0.12713 2.6815e-05 0.127192 -2.62408e-05
1.662 0.126876 2.68197e-05 0.126934 -2.62503e-05
1.664 0.126623 2.68242e-05 0.126677 -2.62599e-05
1.666 0.126372 2.68283e-05 0.126421 -2.62694e-05
1.668 0.126122 2.68322e-05 0.126167 -2.62789e-05
1.67 0.125873 2.68358e-05 0.125915 -2.62883e-05
1.672 0.125626 2.68392e-05 0.125664 -2.62975e-05
1.674 0.125381 2.68417e-05 0.125415 -2.63067e-05
1.676 0.125138 2.6844e-05 0.125168 -2.63157e-05
1.678 0.124897 2.68463e-05 0.124924 -2.63245e-05
1.68 0.124658 2.68484e-05 0.124682 -2.6333e-05
1.682 0.124421 2.68504e-05 0.124442 -2.63411e-05
1.684 0.124186 2.68521e-05 0.124205 -2.63487e-05
1.686 0.123954 2.68537e-05 0.12397 -2.63558e-05
1.688 0.123724 2.68565e-05 0.123738 -2.63609e-05
1.69 0.123496 2.68583e-05 0.123509 -2.63662e-05
1.692 0.123271 2.68596e-05 0.123283 -2.63715e-05
1.694 0.123048 2.68604e-05 0.123059 -2.63767e-05
1.696 0.122828 2.68609e-05 0.122839 -2.63816e-05
1.698 0.12261 2.68611e-05 0.122621 -2.63861e-05
1.7 0.122394 2.6861e-05 0.122405 -2.639e-05
1.702 0.122181 2.68609e-05 0.122193 -2.63934e-05
1.704 0.121969 2.68607e-05 0.121982 -2.63962e-05
1.706 0.12176 2.68605e-05 0.121775 -2.63984e-05
1.708 0.121552 2.68603e-05 0.121569 -2.63999e-05
1.71 0.121347 2.68603e-05 0.121366 -2.64008e-05
1.712 0.121143 2.68604e-05 0.121164 -2.6401e-05
1.714 0.12094 2.68606e-05 0.120965 -2.64006e-05
1.716 0.120739 2.68611e-05 0.120767 -2.63997e-05
1.718 0.12054 2.68617e-05 0.12057 -2.63983e-05
1.72 0.120341 2.68625e-05 0.120375 -2.63964e-05
1.722 0.120144 2.68635e-05 0.120181 -2.63941e-05
1.724 0.119947 2.68647e-05 0.119987 -2.63914e-05
1.726 0.119751 2.6866e-05 0.119795 -2.63885e-05
1.728 0.119555 2.68675e-05 0.119603 -2.63853e-05
1.73 0.11936 2.68691e-05 0.119411 -2.6382e-05
1.732 0.119165 2.68709e-05 0.11922 -2.63785e-05
1.734 0.11897 2.68727e-05 0.119029 -2.6375e-05
1.736 0.118775 2.68745e-05 0.118837 -2.63715e-05
1.738 0.118579 2.68764e-05 0.118645 -2.63681e-05
1.74 0.118384 2.68782e-05 0.118452 -2.63647e-05
1.742 0.118188 2.68799e-05 0.118259 -2.63615e-05
1.744 0.117991 2.68815e-05 0.118065 -2.63584e-05
1.746 0.117794 2.6883e-05 0.117871 -2.63555e-05
1.748 0.117597 2.68844e-05 0.117675 -2.63529e-05
1.75 0.117399 2.68855e-05 0.117478 -2.63506e-05
1.752 0.1172 2.68864e-05 0.117281 -2.63486e-05
1.754 0.117 2.68871e-05 0.117082 -2.63468e-05
1.756 0.1168 2.68874e-05 0.116883 -2.63454e-05
1.758 0.116599 2.68875e-05 0.116682 -2.63443e-05
1.76 0.116397 2.68872e-05 0.11648 -2.63435e-05
1.762 0.116195 2.68866e-05 0.116278 -2.6343e-05
1.764 0.115993 2.68857e-05 0.116074 -2.63428e-05
1.766 0.11579 2.68843e-05 0.11587 -2.63428e-05
1.768 0.115586 2.68826e-05 0.115665 -2.63432e-05
1.77 0.115382 2.68805e-05 0.11546 -2.63437e-05
1.772 0.115179 2.6878e-05 0.115254 -2.63444e-05
1.774 0.114975 2.68752e-05 0.115048 -2.63453e-05
1.776 0.114771 2.6872e-05 0.114842 -2.63463e-05
1.778 0.114567 2.68684e-05 0.114635 -2.63473e-05
1.78 0.114364 2.68645e-05 0.114429 -2.63484e-05
1.782 0.114161 2.68602e-05 0.114224 -2.63495e-05
1.784 0.113959 2.68557e-05 0.114018 -2.63506e-05
1.786 0.113758 2.68509e-05 0.113814 -2.63515e-05
1.788 0.113558 2.68458e-05 0.11361 -2.63524e-05
1.79 0.113359 2.68405e-05 0.113408 -2.63531e-05
1.792 0.113161 2.68349e-05 0.113207 -2.63536e-05
1.794 0.112965 2.68292e-05 0.113007 -2.63538e-05
1.796 0.11277 2.68233e-05 0.112809 -2.63538e-05
1.798 0.112577 2.68173e-05 0.112612 -2.63535e-05
1.8 0.112385 2.68111e-05 0.112418 -2.63528e-05
1.802 0.112196 2.68048e-05 0.112225 -2.63518e-05
1.804 0.112008 2.67985e-05 0.112035 -2.63503e-05
1.806 0.111822 2.67921e-05 0.111846 -2.63484e-05
1.808 0.111639 2.67857e-05 0.111661 -2.6346e-05
1.81 0.111457 2.67793e-05 0.111477 -2.63432e-05
1.812 0.111278 2.67728e-05 0.111296 -2.63398e-05
1.814 0.111101 2.67664e-05 0.111118 -2.6336e-05
1.816 0.110926 2.676e-05 0.110942 -2.63316e-05
1.818 0.110753 2.67537e-05 0.110768 -2.63267e-05
1.82 0.110583 2.67473e-05 0.110597 -2.63214e-05
1.822 0.110414 2.67411e-05 0.110429 -2.63155e-05
1.824 0.110248 2.67348e-05 0.110262 -2.63091e-05
1.826 0.110083 2.67287e-05 0.110098 -2.63023e-05
1.828 0.109921 2.67225e-05 0.109937 -2.62949e-05
1.83 0.10976 2.67165e-05 0.109777 -2.62872e-05
1.832 0.109601 2.67104e-05 0.10962 -2.6279e-05
1.834 0.109442 2.67048e-05 0.109464 -2.62705e-05
1.836 0.109286 2.66992e-05 0.10931 -2.62616e-05
1.838 0.109131 2.66935e-05 0.109157 -2.62523e-05
1.84 0.108977 2.66878e-05 0.109006 -2.62428e-05
1.842 0.108824 2.66821e-05 0.108856 -2.62329e-05
1.844 0.108672 2.66763e-05 0.108708 -2.62229e-05
1.846 0.108521 2.66706e-05 0.10856 -2.62125e-05
1.848 0.10837 2.66649e-05 0.108413 -2.6202e-05
1.85 0.10822 2.66592e-05 0.108266 -2.61914e-05
1.852 0.10807 2.66534e-05 0.10812 -2.61807e-05
1.854 0.10792 2.66476e-05 0.107974 -2.61699e-05
1.856 0.10777 2.66417e-05 0.107828 -2.6159e-05
1.858 0.10762 2.66358e-05 0.107681 -2.61482e-05
1.86 0.107469 2.66299e-05 0.107535 -2.61375e-05
1.862 0.107318 2.66239e-05 0.107388 -2.61267e-05
1.864 0.107167 2.66178e-05 0.10724 -2.61161e-05
1.866 0.107015 2.66116e-05 0.107091 -2.61057e-05
1.868 0.106862 2.66053e-05 0.106942 -2.60954e-05
1.87 0.106709 2.65989e-05 0.106792 -2.60852e-05
1.872 0.106554 2.65924e-05 0.106641 -2.60753e-05
1.874 0.106399 2.65857e-05 0.106488 -2.60655e-05
1.876 0.106243 2.65789e-05 0.106335 -2.6056e-05
1.878 0.106087 2.65719e-05 0.10618 -2.60467e-05
1.88 0.105929 2.65647e-05 0.106025 -2.60377e-05
1.882 0.105771 2.65572e-05 0.105868 -2.60289e-05
1.884 0.105611 2.65495e-05 0.10571 -2.60204e-05
1.886 0.105452 2.65415e-05 0.105551 -2.60121e-05
1.888 0.105291 2.65332e-05 0.105391 -2.60041e-05
1.89 0.10513 2.65246e-05 0.10523 -2.59963e-05
1.892 0.104969 2.65158e-05 0.105069 -2.59887e-05
1.894 0.104807 2.65066e-05 0.104907 -2.59813e-05
1.896 0.104645 2.64972e-05 0.104744 -2.5974e-05
1.898 0.104483 2.64875e-05 0.104581 -2.59669e-05
1.9 0.10432 2.64774e-05 0.104417 -2.596e-05
1.902 0.104159 2.6467e-05 0.104254 -2.59531e-05
1.904 0.103997 2.64564e-05 0.10409 -2.59462e-05
1.906 0.103836 2.64454e-05 0.103927 -2.59394e-05
1.908 0.103675 2.64341e-05 0.103764 -2.59325e-05
1.91 0.103516 2.64226e-05 0.103602 -2.59256e-05
1.912 0.103357 2.64108e-05 0.10344 -2.59185e-05
1.914 0.103199 2.63987e-05 0.103279 -2.59114e-05
1.916 0.103043 2.63864e-05 0.10312 -2.5904e-05
1.918 0.102887 2.63738e-05 0.102961 -2.58965e-05
1.92 0.102734 2.6361e-05 0.102804 -2.58887e-05
1.922 0.102581 2.63481e-05 0.102649 -2.58806e-05
1.924 0.102431 2.63349e-05 0.102495 -2.58722e-05
1.926 0.102282 2.63216e-05 0.102343 -2.58634e-05
1.928 0.102135 2.63082e-05 0.102193 -2.58542e-05
1.93 0.10199 2.62947e-05 0.102045 -2.58446e-05
1.932 0.101847 2.62811e-05 0.101899 -2.58345e-05
1.934 0.101706 2.62674e-05 0.101755 -2.5824e-05
1.936 0.101567 2.62537e-05 0.101614 -2.5813e-05
1.938 0.101429 2.624e-05 0.101475 -2.58015e-05
1.94 0.101294 2.62262e-05 0.101338 -2.57896e-05
1.942 0.101161 2.62125e-05 0.101203 -2.57772e-05
1.944 0.10103 2.61988e-05 0.10107 -2.57643e-05
1.946 0.100901 2.61851e-05 0.10094 -2.57509e-05
1.948 0.100774 2.61715e-05 0.100812 -2.57371e-05
1.95 0.100648 2.61579e-05 0.100686 -2.57228e-05
1.952 0.100524 2.61444e-05 0.100561 -2.57081e-05
1.954 0.100402 2.6131e-05 0.100439 -2.5693e-05
1.956 0.100281 2.61176e-05 0.100319 -2.56776e-05
1.958 0.100162 2.61042e-05 0.1002 -2.56618e-05
1.96 0.100044 2.60909e-05 0.100083 -2.56456e-05
1.962 0.0999265 2.60776e-05 0.0999668 -2.56291e-05
1.964 0.0998103 2.60643e-05 0.0998521 -2.56124e-05
1.966 0.099695 2.6051e-05 0.0997385 -2.55954e-05
1.968 0.0995803 2.60377e-05 0.0996258 -2.55782e-05
1.97 0.0994663 2.60243e-05 0.0995138 -2.55607e-05
1.972 0.0993526 2.60109e-05 0.0994024 -2.55432e-05
1.974 0.0992391 2.59975e-05 0.0992914 -2.55255e-05
1.976 0.0991256 2.5984e-05 0.0991805 -2.55079e-05
1.978 0.099012 2.59705e-05 0.0990696 -2.54902e-05
1.98 0.0988982 2.59568e-05 0.0989586 -2.54725e-05
1.982 0.0987839 2.5943e-05 0.0988473 -2.54549e-05
1.984 0.0986693 2.59291e-05 0.0987356 -2.54373e-05
1.986 0.098554 2.59151e-05 0.0986233 -2.54198e-05
1.988 0.0984381 2.59009e-05 0.0985103 -2.54025e-05
1.99 0.0983215 2.58866e-05 0.0983965 -2.53852e-05
1.992 0.098204 2.58721e-05 0.0982818 -2.53681e-05
1.994 0.0980857 2.58574e-05 0.0981661 -2.53512e-05
1.996 0.0979664 2.58425e-05 0.0980494 -2.53344e-05
1.998 0.0978463 2.58275e-05 0.0979317 -2.53179e-05
2 0.0977251 2.58122e-05 0.0978128 -2.53015e-05
2.002 0.0976031 2.57967e-05 0.0976928 -2.52853e-05
2.004 0.0974801 2.5781e-05 0.0975716 -2.52693e-05
2.006 0.0973561 2.57651e-05 0.0974494 -2.52535e-05
2.008 0.0972314 2.5749e-05 0.097326 -2.52379e-05
2.01 0.0971058 2.57326e-05 0.0972017 -2.52225e-05
2.012 0.0969796 2.5716e-05 0.0970763 -2.52072e-05
2.014 0.0968527 2.56992e-05 0.09695 -2.51921e-05
2.016 0.0967252 2.56823e-05 0.0968229 -2.51772e-05
2.018 0.0965973 2.56651e-05 0.0966951 -2.51623e-05
2.02 0.0964691 2.56477e-05 0.0965667 -2.51476e-05
2.022 0.0963407 2.56302e-05 0.0964378 -2.51329e-05
2.024 0.0962123 2.56125e-05 0.0963087 -2.51183e-05
2.026 0.0960839 2.55947e-05 0.0961793 -2.51037e-05
2.028 0.0959557 2.55767e-05 0.09605 -2.5089e-05
2.03 0.0958279 2.55586e-05 0.0959207 -2.50744e-05
2.032 0.0957006 2.55404e-05 0.0957918 -2.50596e-05
2.034 0.095574 2.55221e-05 0.0956633 -2.50447e-05
2.036 0.0954482 2.55038e-05 0.0955355 -2.50297e-05
2.038 0.0953233 2.54853e-05 0.0954084 -2.50146e-05
2.04 0.0951995 2.54668e-05 0.0952823 -2.49992e-05
2.042 0.0950769 2.54483e-05 0.0951572 -2.49836e-05
2.044 0.0949556 2.54297e-05 0.0950334 -2.49678e-05
2.046 0.0948359 2.54111e-05 0.094911 -2.49517e-05
2.048 0.0947176 2.53925e-05 0.0947901 -2.49354e-05
2.05 0.094601 2.53738e-05 0.0946708 -2.49188e-05
2.052 0.0944861 2.53551e-05 0.0945532 -2.49019e-05
2.054 0.0943731 2.53363e-05 0.0944374 -2.48847e-05
2.056 0.0942618 2.53175e-05 0.0943235 -2.48673e-05
2.058 0.0941524 2.52987e-05 0.0942115 -2.48494e-05
2.06 0.0940449 2.52799e-05 0.0941015 -2.48313e-05
2.062 0.0939393 2.5261e-05 0.0939936 -2.48128e-05
2.064 0.0938356 2.52421e-05 0.0938877 -2.4794e-05
2.066 0.0937337 2.52232e-05 0.0937838 -2.47748e-05
2.068 0.0936337 2.52044e-05 0.0936819 -2.47553e-05
2.07 0.0935355 2.51855e-05 0.093582 -2.47353e-05
2.072 0.093439 2.51667e-05 0.093484 -2.47149e-05
2.074 0.0933441 2.51478e-05 0.0933878 -2.46941e-05
2.076 0.0932507 2.5129e-05 0.0932934 -2.46728e-05
2.078 0.0931588 2.511e-05 0.0932006 -2.46511e-05
2.08 0.0930682 2.50909e-05 0.0931094 -2.4629e-05
2.082 0.0929787 2.50717e-05 0.0930195 -2.46067e-05
2.084 0.0928903 2.50524e-05 0.092931 -2.45842e-05
2.086 0.0928029 2.50329e-05 0.0928436 -2.45617e-05
2.088 0.0927162 2.50134e-05 0.0927572 -2.45392e-05
2.09 0.09263 2.49939e-05 0.0926717 -2.45171e-05
2.092 0.0925444 2.49744e-05 0.0925869 -2.44951e-05
2.094 0.092459 2.49549e-05 0.0925025 -2.44733e-05
2.096 0.0923739 2.49352e-05 0.0924185 -2.44516e-05
2.098 0.0922887 2.49154e-05 0.0923347 -2.443e-05
2.1 0.0922035 2.48952e-05 0.092251 -2.44084e-05
2.102 0.0921179 2.48743e-05 0.0921671 -2.43869e-05
2.104 0.0920321 2.48508e-05 0.0920829 -2.43694e-05
2.106 0.0919462 2.48303e-05 0.0919991 -2.43521e-05
2.108 0.0918595 2.48083e-05 0.0919145 -2.43331e-05
2.11 0.091772 2.47855e-05 0.0918291 -2.43127e-05
2.112 0.0916836 2.47621e-05 0.0917429 -2.42909e-05
2.114 0.0915942 2.47388e-05 0.0916557 -2.42681e-05
2.116 0.0915039 2.47158e-05 0.0915674 -2.42443e-05
2.118 0.0914125 2.46935e-05 0.0914781 -2.42197e-05
2.12 0.09132 2.4673e-05 0.0913875 -2.41938e-05
2.122 0.0912265 2.46538e-05 0.0912958 -2.4167e-05
2.124 0.0911319 2.46364e-05 0.0912028 -2.41393e-05
2.126 0.0910363 2.46197e-05 0.0911087 -2.41112e-05
2.128 0.0909397 2.46031e-05 0.0910133 -2.4083e-05
2.13 0.090842 2.45846e-05 0.0909167 -2.40555e-05
2.132 0.0907434 2.45621e-05 0.090819 -2.40286e-05
2.134 0.090644 2.45332e-05 0.0907202 -2.39999e-05
2.136 0.0905437 2.44911e-05 0.0906204 -2.39622e-05
2.138 0.090443 2.44663e-05 0.0905205 -2.39727e-05
2.14 0.0903416 2.44393e-05 0.0904194 -2.39751e-05
2.142 0.0902396 2.44102e-05 0.0903174 -2.39712e-05
2.144 0.0901372 2.43822e-05 0.0902145 -2.39618e-05
2.146 0.0900346 2.43526e-05 0.0901111 -2.39458e-05
2.148 0.0899317 2.43228e-05 0.0900071 -2.39253e-05
2.15 0.0898289 2.4293e-05 0.0899029 -2.39012e-05
2.152 0.0897262 2.42633e-05 0.0897986 -2.38747e-05
2.154 0.0896239 2.42339e-05 0.0896943 -2.38467e-05
2.156 0.0895219 2.42049e-05 0.0895903 -2.38175e-05
2.158 0.0894205 2.41762e-05 0.0894868 -2.37874e-05
2.16 0.0893198 2.41472e-05 0.0893839 -2.37556e-05
2.162 0.0892199 2.41192e-05 0.0892818 -2.37255e-05
2.164 0.089121 2.40922e-05 0.0891806 -2.36971e-05
2.166 0.0890233 2.4067e-05 0.0890803 -2.36691e-05
2.168 0.0889267 2.40421e-05 0.0889813 -2.36434e-05
2.17 0.0888314 2.40175e-05 0.0888837 -2.36195e-05
2.172 0.0887375 2.39931e-05 0.0887876 -2.35969e-05
2.174 0.0886451 2.39689e-05 0.0886931 -2.35752e-05
2.176 0.0885542 2.3945e-05 0.0886002 -2.3554e-05
2.178 0.0884649 2.39214e-05 0.0885092 -2.3533e-05
2.18 0.0883773 2.38979e-05 0.0884199 -2.3512e-05
2.182 0.0882913 2.38747e-05 0.0883324 -2.34908e-05
2.184 0.0882071 2.38516e-05 0.0882468 -2.34691e-05
2.186 0.0881247 2.38287e-05 0.088163 -2.34469e-05
2.188 0.088044 2.38059e-05 0.0880811 -2.34241e-05
2.19 0.087965 2.37832e-05 0.0880011 -2.34007e-05
2.192 0.0878876 2.37605e-05 0.087923 -2.33765e-05
2.194 0.0878119 2.37379e-05 0.0878466 -2.33515e-05
2.196 0.0877377 2.37153e-05 0.0877719 -2.33258e-05
2.198 0.0876649 2.36926e-05 0.0876989 -2.32995e-05
2.2 0.0875936 2.36699e-05 0.0876276 -2.32726e-05
2.202 0.0875235 2.36471e-05 0.0875576 -2.32451e-05
2.204 0.0874545 2.36242e-05 0.0874891 -2.32172e-05
2.206 0.0873866 2.36011e-05 0.0874219 -2.31887e-05
2.208 0.0873195 2.35779e-05 0.0873557 -2.31598e-05
2.21 0.0872533 2.35546e-05 0.0872906 -2.31307e-05
2.212 0.0871877 2.3531e-05 0.0872264 -2.31015e-05
2.214 0.0871225 2.35072e-05 0.0871628 -2.3072e-05
2.216 0.0870577 2.34832e-05 0.0870999 -2.30425e-05
2.218 0.0869931 2.34589e-05 0.0870373 -2.30129e-05
2.22 0.0869285 2.34344e-05 0.0869751 -2.29835e-05
2.222 0.0868639 2.34097e-05 0.0869129 -2.29541e-05
2.224 0.086799 2.33847e-05 0.0868507 -2.29248e-05
2.226 0.0867338 2.33595e-05 0.0867883 -2.28956e-05
2.228 0.0866685 2.33342e-05 0.0867257 -2.2868e-05
2.23 0.0866023 2.33086e-05 0.0866625 -2.28398e-05
2.232 0.0865354 2.32827e-05 0.0865987 -2.28115e-05
2.234 0.0864676 2.32565e-05 0.0865341 -2.27831e-05
2.236 0.0863988 2.323e-05 0.0864686 -2.27547e-05
2.238 0.086329 2.32033e-05 0.0864022 -2.27264e-05
2.24 0.0862581 2.31763e-05 0.0863348 -2.26982e-05
2.242 0.0861862 2.31492e-05 0.0862662 -2.26703e-05
2.244 0.0861132 2.31218e-05 0.0861965 -2.26425e-05
2.246 0.0860391 2.30942e-05 0.0861256 -2.26151e-05
2.248 0.0859639 2.30665e-05 0.0860535 -2.25878e-05
2.25 0.0858876 2.30386e-05 0.0859802 -2.25608e-05
2.252 0.0858103 2.30106e-05 0.0859057 -2.2534e-05
2.254 0.085732 2.29825e-05 0.0858299 -2.25073e-05
2.256 0.0856528 2.29543e-05 0.0857531 -2.24808e-05
2.258 0.0855727 2.29259e-05 0.0856751 -2.24545e-05
2.26 0.0854918 2.28975e-05 0.085596 -2.24283e-05
2.262 0.0854102 2.2869e-05 0.0855161 -2.2402e-05
2.264 0.085328 2.28404e-05 0.0854352 -2.23759e-05
2.266 0.0852453 2.28117e-05 0.0853536 -2.23497e-05
2.268 0.0851623 2.2783e-05 0.0852713 -2.23235e-05
2.27 0.0850789 2.27543e-05 0.0851885 -2.22972e-05
2.272 0.0849955 2.27255e-05 0.0851053 -2.22708e-05
2.274 0.0849121 2.26966e-05 0.0850219 -2.22444e-05
2.276 0.0848288 2.26677e-05 0.0849383 -2.22177e-05
2.278 0.0847458 2.26388e-05 0.0848548 -2.21909e-05
2.28 0.0846632 2.26099e-05 0.0847714 -2.2164e-05
2.282 0.0845812 2.2581e-05 0.0846884 -2.21368e-05
2.284 0.0844999 2.2552e-05 0.0846059 -2.21095e-05
2.286 0.0844194 2.25231e-05 0.084524 -2.2082e-05
2.288 0.0843399 2.24941e-05 0.084443 -2.20542e-05
2.29 0.0842615 2.24651e-05 0.0843628 -2.20262e-05
2.292 0.0841842 2.24361e-05 0.0842837 -2.1998e-05
2.294 0.0841082 2.2407e-05 0.0842058 -2.19697e-05
2.296 0.0840336 2.2378e-05 0.0841292 -2.19411e-05
2.298 0.0839605 2.2349e-05 0.084054 -2.19122e-05
2.3 0.0838889 2.23199e-05 0.0839803 -2.18832e-05
2.302 0.0838189 2.22909e-05 0.0839082 -2.1854e-05
2.304 0.0837506 2.22619e-05 0.0838379 -2.18243e-05
2.306 0.0836839 2.22328e-05 0.0837692 -2.17945e-05
2.308 0.0836189 2.22037e-05 0.0837022 -2.17647e-05
2.31 0.0835556 2.21745e-05 0.0836369 -2.17347e-05
2.312 0.0834938 2.21453e-05 0.0835733 -2.17047e-05
2.314 0.0834337 2.2116e-05 0.0835114 -2.16745e-05
2.316 0.0833752 2.20867e-05 0.0834512 -2.16442e-05
2.318 0.0833182 2.20574e-05 0.0833927 -2.16137e-05
2.32 0.0832626 2.20279e-05 0.0833357 -2.1583e-05
2.322 0.0832085 2.19985e-05 0.0832803 -2.1552e-05
2.324 0.0831556 2.1969e-05 0.0832263 -2.15209e-05
2.326 0.0831039 2.19394e-05 0.0831736 -2.14896e-05
2.328 0.0830532 2.19098e-05 0.0831222 -2.1458e-05
2.33 0.0830035 2.18801e-05 0.0830719 -2.14261e-05
2.332 0.0829546 2.18503e-05 0.0830225 -2.13941e-05
2.334 0.0829064 2.18204e-05 0.082974 -2.13617e-05
2.336 0.0828587 2.17905e-05 0.0829262 -2.13292e-05
2.338 0.0828114 2.17605e-05 0.082879 -2.12964e-05
2.34 0.0827644 2.17304e-05 0.0828321 -2.12633e-05
2.342 0.0827174 2.17002e-05 0.0827854 -2.123e-05
2.344 0.0826705 2.167e-05 0.0827389 -2.11965e-05
2.346 0.0826233 2.16396e-05 0.0826922 -2.11627e-05
2.348 0.0825759 2.1609e-05 0.0826453 -2.11287e-05
2.35 0.0825279 2.15784e-05 0.0825981 -2.10945e-05
2.352 0.0824795 2.15477e-05 0.0825503 -2.10602e-05
2.354 0.0824303 2.15168e-05 0.0825019 -2.10256e-05
2.356 0.0823804 2.14857e-05 0.0824527 -2.09909e-05
2.358 0.0823296 2.14545e-05 0.0824026 -2.0956e-05
2.36 0.0822778 2.14232e-05 0.0823515 -2.09211e-05
2.362 0.082225 2.13917e-05 0.0822994 -2.0886e-05
2.364 0.0821711 2.136e-05 0.0822461 -2.0851e-05
2.366 0.0821161 2.13282e-05 0.0821916 -2.08159e-05
2.368 0.08206 2.12961e-05 0.0821359 -2.07808e-05
2.37 0.0820026 2.1264e-05 0.082079 -2.07459e-05
2.372 0.0819441 2.12316e-05 0.0820207 -2.0711e-05
2.374 0.0818845 2.11991e-05 0.0819612 -2.06762e-05
2.376 0.0818237 2.11664e-05 0.0819005 -2.06416e-05
2.378 0.0817619 2.11335e-05 0.0818385 -2.06072e-05
2.38 0.081699 2.11005e-05 0.0817754 -2.0573e-05
2.382 0.0816351 2.10672e-05 0.0817113 -2.05392e-05
2.384 0.0815704 2.10339e-05 0.0816462 -2.05056e-05
2.386 0.0815048 2.10003e-05 0.0815801 -2.04724e-05
2.388 0.0814386 2.09666e-05 0.0815131 -2.04394e-05
2.39 0.0813719 2.09327e-05 0.0814455 -2.04069e-05
2.392 0.0813046 2.08987e-05 0.0813773 -2.03747e-05
2.394 0.0812369 2.08645e-05 0.0813087 -2.03428e-05
2.396 0.081169 2.08301e-05 0.0812398 -2.03114e-05
2.398 0.081101 2.07957e-05 0.0811707 -2.02803e-05
2.4 0.081033 2.0761e-05 0.0811016 -2.02496e-05
2.402 0.0809651 2.07263e-05 0.0810327 -2.02193e-05
2.404 0.0808974 2.06915e-05 0.0809641 -2.01893e-05
2.406 0.0808302 2.06565e-05 0.080896 -2.01597e-05
2.408 0.0807637 2.06217e-05 0.0808286 -2.01301e-05
2.41 0.0806978 2.05867e-05 0.0807619 -2.01009e-05
2.412 0.0806324 2.05515e-05 0.080696 -2.00721e-05
2.414 0.0805679 2.05164e-05 0.0806312 -2.00435e-05
2.416 0.0805043 2.04811e-05 0.0805674 -2.00151e-05
2.418 0.0804417 2.04459e-05 0.080505 -1.99867e-05
2.42 0.0803803 2.04107e-05 0.0804438 -1.99584e-05
2.422 0.0803201 2.03755e-05 0.0803841 -1.99301e-05
2.424 0.0802612 2.03404e-05 0.0803258 -1.99016e-05
2.426 0.0802037 2.03054e-05 0.0802692 -1.98729e-05
2.428 0.0801477 2.02705e-05 0.0802141 -1.9844e-05
2.43 0.0800931 2.02356e-05 0.0801606 -1.98148e-05
2.432 0.0800401 2.0201e-05 0.0801088 -1.97852e-05
2.434 0.0799885 2.01664e-05 0.0800587 -1.97552e-05
2.436 0.0799385 2.0132e-05 0.0800102 -1.97248e-05
2.438 0.07989 2.00978e-05 0.0799634 -1.96938e-05
2.44 0.0798429 2.00637e-05 0.079918 -1.96623e-05
2.442 0.0797973 2.00298e-05 0.0798742 -1.96303e-05
2.444 0.079753 1.9996e-05 0.0798317 -1.95976e-05
2.446 0.0797101 1.99624e-05 0.0797906 -1.95642e-05
2.448 0.0796683 1.99289e-05 0.0797507 -1.95302e-05
2.45 0.0796277 1.98956e-05 0.0797118 -1.94955e-05
2.452 0.0795882 1.98624e-05 0.0796738 -1.94602e-05
2.454 0.0795496 1.98292e-05 0.0796366 -1.94241e-05
2.456 0.0795118 1.97962e-05 0.0796001 -1.93874e-05
2.458 0.0794747 1.97632e-05 0.079564 -1.935e-05
2.46 0.0794382 1.97303e-05 0.0795283 -1.9312e-05
2.462 0.0794022 1.96975e-05 0.0794928 -1.92733e-05
2.464 0.0793665 1.96647e-05 0.0794572 -1.92341e-05
2.466 0.079331 1.96319e-05 0.0794215 -1.91944e-05
2.468 0.0792956 1.95991e-05 0.0793856 -1.91542e-05
2.47 0.0792602 1.95663e-05 0.0793492 -1.91136e-05
2.472 0.0792245 1.95334e-05 0.0793124 -1.90728e-05
2.474 0.0791886 1.95005e-05 0.0792748 -1.90317e-05
2.476 0.0791523 1.94676e-05 0.0792365 -1.89906e-05
2.478 0.0791154 1.94345e-05 0.0791974 -1.89494e-05
2.48 0.0790779 1.94013e-05 0.0791574 -1.89084e-05
2.482 0.0790396 1.93679e-05 0.0791164 -1.88677e-05
2.484 0.0790005 1.93344e-05 0.0790744 -1.88274e-05
2.486 0.0789606 1.93008e-05 0.0790316 -1.87878e-05
2.488 0.0789197 1.92669e-05 0.0789877 -1.87489e-05
2.49 0.0788776 1.92327e-05 0.0789425 -1.87106e-05
2.492 0.0788341 1.91982e-05 0.0788961 -1.8673e-05
2.494 0.0787893 1.91633e-05 0.0788487 -1.86363e-05
2.496 0.0787432 1.91282e-05 0.0788005 -1.8601e-05
2.498 0.078696 1.9093e-05 0.0787518 -1.85672e-05
2.5 0.0786477 1.90577e-05 0.0787028 -1.85352e-05
