0 1 0 1 0
0.002 0.999935 4.25878e-12 0.999935 4.25878e-12
0.004 0.99974 -6.45386e-12 0.99974 3.82235e-12
0.006 0.999415 -2.20865e-11 0.999415 1.89243e-11
0.008 0.998963 -2.42582e-11 0.998963 7.7876e-11
0.01 0.998384 3.3746e-12 0.998384 2.06533e-10
0.012 0.997681 7.63624e-11 0.997681 4.293e-10
0.014 0.996857 2.11604e-10 0.996857 7.71254e-10
0.016 0.995914 4.25769e-10 0.995914 1.25657e-09
0.018 0.994856 7.34869e-10 0.994856 1.90764e-09
0.02 0.993686 1.15431e-09 0.993686 2.74483e-09
0.022 0.992409 1.69885e-09 0.992408 3.78619e-09
0.024 0.991029 2.38246e-09 0.991028 5.0471e-09
0.026 0.98955 3.22136e-09 0.989549 6.54333e-09
0.028 0.987978 4.23597e-09 0.987976 8.29328e-09
0.03 0.986317 5.43898e-09 0.986315 1.03039e-08
0.032 0.984573 6.8481e-09 0.98457 1.25854e-08
0.034 0.982751 8.47525e-09 0.982748 1.51374e-08
0.036 0.980856 1.03008e-08 0.980853 1.7919e-08
0.038 0.978895 1.23424e-08 0.978891 2.09287e-08
0.04 0.976872 1.45991e-08 0.976868 2.41395e-08
0.042 0.974795 1.70911e-08 0.97479 2.75443e-08
0.044 0.972668 1.98484e-08 0.972662 3.11432e-08
0.046 0.970497 2.28643e-08 0.970491 3.48876e-08
0.048 0.968288 2.61573e-08 0.968282 3.87493e-08
0.05 0.966047 2.97652e-08 0.966041 4.27183e-08
0.052 0.96378 3.37131e-08 0.963772 4.67628e-08
0.054 0.96149 3.80023e-08 0.961483 5.0821e-08
0.056 0.959184 4.26835e-08 0.959176 5.48793e-08
0.058 0.956867 4.77836e-08 0.956859 5.88944e-08
0.06 0.954543 5.3336e-08 0.954534 6.28247e-08
0.062 0.952216 5.937e-08 0.952207 6.66217e-08
0.064 0.949891 6.59222e-08 0.949882 7.02379e-08
0.066 0.947571 7.30283e-08 0.947562 7.36248e-08
0.068 0.945261 8.07433e-08 0.945251 7.67513e-08
0.07 0.942963 8.907e-08 0.942953 7.95306e-08
0.072 0.94068 9.80441e-08 0.94067 8.19039e-08
0.074 0.938415 1.07739e-07 0.938405 8.38481e-08
0.076 0.93617 1.18148e-07 0.936161 8.52638e-08
0.078 0.933948 1.29312e-07 0.933938 8.60963e-08
0.08 0.931749 1.41285e-07 0.931739 8.62988e-08
0.082 0.929575 1.54085e-07 0.929565 8.5795e-08
0.084 0.927427 1.67786e-07 0.927417 8.45576e-08
0.086 0.925306 1.82378e-07 0.925296 8.24859e-08
0.088 0.923211 1.97937e-07 0.923203 7.95554e-08
0.09 0.921144 2.14477e-07 0.921136 7.56884e-08
0.092 0.919104 2.32017e-07 0.919096 7.08226e-08
0.094 0.917091 2.50615e-07 0.917083 6.49236e-08
0.096 0.915103 2.70287e-07 0.915096 5.79315e-08
0.098 0.913141 2.91064e-07 0.913134 4.97888e-08
0.1 0.911202 3.12992e-07 0.911196 4.04666e-08
0.102 0.909287 3.36069e-07 0.909281 2.99071e-08
0.104 0.907392 3.60319e-07 0.907388 1.80529e-08
0.106 0.905518 3.85778e-07 0.905514 4.88572e-09
0.108 0.903662 4.12448e-07 0.903659 -9.63675e-09
0.11 0.901822 4.40364e-07 0.90182 -2.55405e-08
0.112 0.899997 4.69509e-07 0.899996 -4.28852e-08
0.114 0.898186 4.99922e-07 0.898186 -6.1662e-08
0.116 0.896385 5.31603e-07 0.896386 -8.18919e-08
0.118 0.894593 5.64567e-07 0.894596 -1.03595e-07
0.12 0.892809 5.98818e-07 0.892813 -1.26787e-07
0.122 0.891031 6.34328e-07 0.891036 -1.5151e-07
0.124 0.889257 6.71118e-07 0.889263 -1.77735e-07
0.126 0.887485 7.09192e-07 0.887493 -2.05471e-07
0.128 0.885714 7.48548e-07 0.885723 -2.34718e-07
0.13 0.883942 7.89173e-07 0.883952 -2.65476e-07
0.132 0.882168 8.31024e-07 0.88218 -2.97767e-07
0.134 0.88039 8.74126e-07 0.880404 -3.31541e-07
0.136 0.878609 9.18472e-07 0.878624 -3.66796e-07
0.138 0.876822 9.6404e-07 0.876839 -4.0352e-07
0.14 0.875028 1.01081e-06 0.875048 -4.41698e-07
0.142 0.873228 1.05878e-06 0.873249 -4.81311e-07
0.144 0.87142 1.10794e-06 0.871444 -5.22322e-07
0.146 0.869605 1.15823e-06 0.86963 -5.64749e-07
0.148 0.867781 1.20966e-06 0.867808 -6.08546e-07
0.15 0.865949 1.26221e-06 0.865978 -6.53686e-07
0.152 0.864109 1.31587e-06 0.86414 -7.00148e-07
0.154 0.862261 1.37061e-06 0.862294 -7.47904e-07
0.156 0.860405 1.42643e-06 0.86044 -7.96926e-07
0.158 0.858542 1.48332e-06 0.858579 -8.47179e-07
0.16 0.856671 1.54126e-06 0.856711 -8.98655e-07
0.162 0.854795 1.60017e-06 0.854836 -9.51343e-07
0.164 0.852912 1.6601e-06 0.852956 -1.00521e-06
0.166 0.851025 1.72102e-06 0.85107 -1.06022e-06
0.168 0.849134 1.78294e-06 0.849181 -1.11637e-06
0.17 0.84724 1.84584e-06 0.847289 -1.17362e-06
0.172 0.845343 1.90972e-06 0.845394 -1.23197e-06
0.174 0.843445 1.97456e-06 0.843498 -1.29139e-06
0.176 0.841547 2.04036e-06 0.841602 -1.35188e-06
0.178 0.83965 2.1071e-06 0.839706 -1.41342e-06
0.18 0.837755 2.17481e-06 0.837812 -1.476e-06
0.182 0.835862 2.24345e-06 0.835921 -1.53962e-06
0.184 0.833973 2.31304e-06 0.834033 -1.60424e-06
0.186 0.832089 2.38361e-06 0.83215 -1.66989e-06
0.188 0.83021 2.45513e-06 0.830273 -1.73654e-06
0.19 0.828338 2.52761e-06 0.828402 -1.80419e-06
0.192 0.826473 2.60106e-06 0.826538 -1.87287e-06
0.194 0.824616 2.6755e-06 0.824681 -1.94252e-06
0.196 0.822768 2.75091e-06 0.822834 -2.0132e-06
0.198 0.820929 2.82731e-06 0.820995 -2.08487e-06
0.2 0.8191 2.90472e-06 0.819166 -2.15753e-06
0.202 0.817281 2.98312e-06 0.817348 -2.2312e-06
0.204 0.815473 3.06253e-06 0.81554 -2.30584e-06
0.206 0.813676 3.14293e-06 0.813743 -2.38152e-06
0.208 0.811891 3.22436e-06 0.811957 -2.4582e-06
0.21 0.810116 3.30681e-06 0.810182 -2.53588e-06
0.212 0.808354 3.39026e-06 0.808419 -2.61459e-06
0.214 0.806603 3.47473e-06 0.806667 -2.69431e-06
0.216 0.804863 3.56021e-06 0.804927 -2.77505e-06
0.218 0.803136 3.6467e-06 0.803198 -2.85678e-06
0.22 0.801419 3.73419e-06 0.80148 -2.93952e-06
0.222 0.799713 3.82268e-06 0.799774 -3.02326e-06
0.224 0.798019 3.91213e-06 0.798078 -3.10797e-06
0.226 0.796335 4.00255e-06 0.796392 -3.19365e-06
0.228 0.794661 4.09393e-06 0.794717 -3.28031e-06
0.23 0.792997 4.18622e-06 0.793051 -3.36792e-06
0.232 0.791342 4.27943e-06 0.791395 -3.45644e-06
0.234 0.789697 4.37352e-06 0.789747 -3.54589e-06
0.236 0.78806 4.46847e-06 0.788109 -3.63625e-06
0.238 0.786431 4.56422e-06 0.786478 -3.72748e-06
0.24 0.784811 4.66078e-06 0.784855 -3.81953e-06
0.242 0.783197 4.75812e-06 0.78324 -3.91242e-06
0.244 0.781591 4.85616e-06 0.781632 -4.00606e-06
0.246 0.779991 4.95489e-06 0.78003 -4.10045e-06
0.248 0.778398 5.05427e-06 0.778435 -4.19555e-06
0.25 0.776811 5.15425e-06 0.776846 -4.29133e-06
0.252 0.775229 5.25476e-06 0.775262 -4.3877e-06
0.254 0.773652 5.35576e-06 0.773684 -4.48466e-06
0.256 0.772081 5.45725e-06 0.77211 -4.58217e-06
0.258 0.770514 5.55915e-06 0.770542 -4.68019e-06
0.26 0.768952 5.66139e-06 0.768978 -4.77862e-06
0.262 0.767395 5.76394e-06 0.767419 -4.87745e-06
0.264 0.765842 5.86673e-06 0.765864 -4.97665e-06
0.266 0.764293 5.96975e-06 0.764313 -5.07617e-06
0.268 0.762748 6.07291e-06 0.762767 -5.17595e-06
0.27 0.761207 6.17617e-06 0.761225 -5.27587e-06
0.272 0.759671 6.2795e-06 0.759687 -5.37593e-06
0.274 0.758138 6.38284e-06 0.758154 -5.4761e-06
0.276 0.75661 6.48618e-06 0.756625 -5.57632e-06
0.278 0.755087 6.58944e-06 0.7551 -5.67648e-06
0.28 0.753567 6.69256e-06 0.753579 -5.77659e-06
0.282 0.752052 6.79551e-06 0.752064 -5.8766e-06
0.284 0.750542 6.89825e-06 0.750553 -5.97648e-06
0.286 0.749036 7.00073e-06 0.749047 -6.07616e-06
0.288 0.747535 7.10295e-06 0.747545 -6.17564e-06
0.29 0.746039 7.20488e-06 0.746049 -6.27479e-06
0.292 0.744548 7.30647e-06 0.744558 -6.37363e-06
0.294 0.743063 7.40767e-06 0.743072 -6.47211e-06
0.296 0.741582 7.50848e-06 0.741591 -6.57021e-06
0.298 0.740107 7.60886e-06 0.740116 -6.66789e-06
0.3 0.738638 7.70887e-06 0.738647 -6.76511e-06
0.302 0.737174 7.80841e-06 0.737183 -6.86186e-06
0.304 0.735716 7.90747e-06 0.735725 -6.95812e-06
0.306 0.734264 8.00604e-06 0.734273 -7.05386e-06
0.308 0.732818 8.1041e-06 0.732826 -7.14905e-06
0.31 0.731377 8.20164e-06 0.731386 -7.24369e-06
0.312 0.729943 8.29874e-06 0.729951 -7.33776e-06
0.314 0.728514 8.3953e-06 0.728522 -7.43125e-06
0.316 0.727091 8.49132e-06 0.727099 -7.5241e-06
0.318 0.725673 8.5868e-06 0.725682 -7.61631e-06
0.32 0.724262 8.68173e-06 0.72427 -7.70787e-06
0.322 0.722856 8.77611e-06 0.722864 -7.79876e-06
0.324 0.721455 8.86993e-06 0.721464 -7.88898e-06
0.326 0.72006 8.96328e-06 0.720068 -7.97856e-06
0.328 0.71867 9.05606e-06 0.718678 -8.06745e-06
0.33 0.717286 9.14828e-06 0.717294 -8.15566e-06
0.332 0.715906 9.23994e-06 0.715914 -8.24317e-06
0.334 0.714532 9.33102e-06 0.714539 -8.32997e-06
0.336 0.713162 9.42153e-06 0.713169 -8.41606e-06
0.338 0.711798 9.51146e-06 0.711804 -8.50142e-06
0.34 0.710437 9.60087e-06 0.710444 -8.58609e-06
0.342 0.709082 9.68966e-06 0.709088 -8.67004e-06
0.344 0.70773 9.77782e-06 0.707736 -8.75328e-06
0.346 0.706384 9.86533e-06 0.706389 -8.83577e-06
0.348 0.705041 9.95217e-06 0.705045 -8.9175e-06
0.35 0.703703 1.00383e-05 0.703706 -8.99845e-06
0.352 0.702368 1.01238e-05 0.702372 -9.0786e-06
0.354 0.701038 1.02086e-05 0.701041 -9.15796e-06
0.356 0.699712 1.02926e-05 0.699715 -9.23648e-06
0.358 0.69839 1.03759e-05 0.698392 -9.31414e-06
0.36 0.697073 1.04583e-05 0.697074 -9.39092e-06
0.362 0.695759 1.05399e-05 0.695761 -9.4668e-06
0.364 0.69445 1.06205e-05 0.694451 -9.54174e-06
0.366 0.693145 1.07003e-05 0.693146 -9.61573e-06
0.368 0.691845 1.0779e-05 0.691846 -9.68873e-06
0.37 0.690549 1.08568e-05 0.69055 -9.76072e-06
0.372 0.689258 1.09336e-05 0.689258 -9.83167e-06
0.374 0.687971 1.10092e-05 0.687972 -9.90154e-06
0.376 0.68669 1.10838e-05 0.686691 -9.97031e-06
0.378 0.685414 1.11572e-05 0.685415 -1.0038e-05
0.38 0.684142 1.12293e-05 0.684144 -1.01044e-05
0.382 0.682877 1.13002e-05 0.682879 -1.01697e-05
0.384 0.681616 1.13698e-05 0.681619 -1.02338e-05
0.386 0.680362 1.14381e-05 0.680365 -1.02966e-05
0.388 0.679113 1.1505e-05 0.679117 -1.03581e-05
0.39 0.677871 1.15705e-05 0.677875 -1.04184e-05
0.392 0.676634 1.16345e-05 0.676639 -1.04773e-05
0.394 0.675403 1.1697e-05 0.675409 -1.05348e-05
0.396 0.674179 1.1758e-05 0.674185 -1.05909e-05
0.398 0.67296 1.18174e-05 0.672968 -1.06457e-05
0.4 0.671748 1.18753e-05 0.671757 -1.0699e-05
0.402 0.670543 1.19315e-05 0.670552 -1.07508e-05
0.404 0.669343 1.19861e-05 0.669354 -1.08012e-05
0.406 0.66815 1.2039e-05 0.668162 -1.08501e-05
0.408 0.666963 1.20903e-05 0.666976 -1.08974e-05
0.41 0.665782 1.21399e-05 0.665796 -1.09433e-05
0.412 0.664606 1.21877e-05 0.664622 -1.09875e-05
0.414 0.663437 1.22338e-05 0.663453 -1.10303e-05
0.416 0.662273 1.22782e-05 0.66229 -1.10714e-05
0.418 0.661114 1.23208e-05 0.661133 -1.11109e-05
0.42 0.65996 1.23617e-05 0.65998 -1.11489e-05
0.422 0.658811 1.24009e-05 0.658832 -1.11853e-05
0.424 0.657666 1.24383e-05 0.657689 -1.122e-05
0.426 0.656526 1.24739e-05 0.656549 -1.12532e-05
0.428 0.655389 1.25079e-05 0.655413 -1.12847e-05
0.43 0.654256 1.25401e-05 0.65428 -1.13146e-05
0.432 0.653126 1.25706e-05 0.653151 -1.1343e-05
0.434 0.651998 1.25995e-05 0.652024 -1.13697e-05
0.436 0.650873 1.26266e-05 0.650899 -1.13948e-05
0.438 0.649749 1.26521e-05 0.649776 -1.14184e-05
0.44 0.648627 1.2676e-05 0.648654 -1.14403e-05
0.442 0.647506 1.26982e-05 0.647533 -1.14607e-05
0.444 0.646386 1.27189e-05 0.646413 -1.14796e-05
0.446 0.645266 1.27379e-05 0.645293 -1.14969e-05
0.448 0.644146 1.27555e-05 0.644173 -1.15127e-05
0.45 0.643026 1.27715e-05 0.643052 -1.15269e-05
0.452 0.641906 1.2786e-05 0.641931 -1.15397e-05
0.454 0.640784 1.2799e-05 0.640809 -1.1551e-05
0.456 0.639662 1.28105e-05 0.639686 -1.15607e-05
0.458 0.638538 1.28206e-05 0.638561 -1.1569e-05
0.46 0.637412 1.28292e-05 0.637435 -1.15759e-05
0.462 0.636286 1.28364e-05 0.636307 -1.15813e-05
0.464 0.635157 1.28422e-05 0.635177 -1.15852e-05
0.466 0.634026 1.28466e-05 0.634045 -1.15877e-05
0.468 0.632894 1.28497e-05 0.632912 -1.15888e-05
0.47 0.63176 1.28514e-05 0.631776 -1.15885e-05
0.472 0.630624 1.28517e-05 0.630639 -1.15867e-05
0.474 0.629487 1.28506e-05 0.6295 -1.15835e-05
0.476 0.628347 1.28482e-05 0.62836 -1.15789e-05
0.478 0.627207 1.28445e-05 0.627218 -1.15729e-05
0.48 0.626065 1.28394e-05 0.626075 -1.15655e-05
0.482 0.624923 1.2833e-05 0.624932 -1.15567e-05
0.484 0.623779 1.28252e-05 0.623788 -1.15466e-05
0.486 0.622636 1.28161e-05 0.622643 -1.1535e-05
0.488 0.621492 1.28057e-05 0.621498 -1.15221e-05
0.49 0.620348 1.2794e-05 0.620354 -1.15078e-05
0.492 0.619205 1.27809e-05 0.619211 -1.14921e-05
0.494 0.618063 1.27665e-05 0.618068 -1.1475e-05
0.496 0.616922 1.27508e-05 0.616927 -1.14566e-05
0.498 0.615783 1.27337e-05 0.615788 -1.14368e-05
0.5 0.614646 1.27153e-05 0.614651 -1.14157e-05
0.502 0.613511 1.26955e-05 0.613516 -1.13932e-05
0.504 0.612379 1.26744e-05 0.612384 -1.13694e-05
0.506 0.611249 1.26519e-05 0.611255 -1.13442e-05
0.508 0.610123 1.2628e-05 0.61013 -1.13177e-05
0.51 0.609001 1.26028e-05 0.609008 -1.12899e-05
0.512 0.607883 1.25762e-05 0.607891 -1.12608e-05
0.514 0.606768 1.25481e-05 0.606777 -1.12304e-05
0.516 0.605658 1.25187e-05 0.605668 -1.11986e-05
0.518 0.604553 1.2488e-05 0.604563 -1.11656e-05
0.52 0.603452 1.24558e-05 0.603462 -1.11313e-05
0.522 0.602356 1.24223e-05 0.602367 -1.10958e-05
0.524 0.601264 1.23875e-05 0.601275 -1.1059e-05
0.526 0.600177 1.23513e-05 0.600189 -1.1021e-05
0.528 0.599095 1.23138e-05 0.599107 -1.09817e-05
0.53 0.598017 1.2275e-05 0.598029 -1.09413e-05
0.532 0.596944 1.22349e-05 0.596956 -1.08996e-05
0.534 0.595875 1.21935e-05 0.595887 -1.08568e-05
0.536 0.59481 1.2151e-05 0.594821 -1.08128e-05
0.538 0.593748 1.21072e-05 0.59376 -1.07677e-05
0.54 0.592691 1.20623e-05 0.592701 -1.07215e-05
0.542 0.591636 1.20162e-05 0.591645 -1.06741e-05
0.544 0.590584 1.1969e-05 0.590592 -1.06257e-05
0.546 0.589534 1.19207e-05 0.589541 -1.05762e-05
0.548 0.588487 1.18714e-05 0.588491 -1.05257e-05
0.55 0.587441 1.18211e-05 0.587443 -1.04741e-05
0.552 0.586396 1.17698e-05 0.586396 -1.04216e-05
0.554 0.585352 1.17176e-05 0.585349 -1.03681e-05
0.556 0.584308 1.16645e-05 0.584302 -1.03137e-05
0.558 0.583263 1.16105e-05 0.583254 -1.02583e-05
0.56 0.582218 1.15557e-05 0.582205 -1.02021e-05
0.562 0.581172 1.15001e-05 0.581155 -1.01449e-05
0.564 0.580124 1.14437e-05 0.580103 -1.0087e-05
0.566 0.579074 1.13867e-05 0.579048 -1.00282e-05
0.568 0.578021 1.1329e-05 0.577991 -9.96861e-06
0.57 0.576966 1.12706e-05 0.57693 -9.90822e-06
0.572 0.575907 1.12117e-05 0.575866 -9.84706e-06
0.574 0.574845 1.11523e-05 0.574799 -9.78515e-06
0.576 0.573779 1.10923e-05 0.573727 -9.72254e-06
0.578 0.572709 1.10319e-05 0.572651 -9.65924e-06
0.58 0.571634 1.0971e-05 0.571571 -9.59529e-06
0.582 0.570556 1.09098e-05 0.570486 -9.53069e-06
0.584 0.569472 1.08481e-05 0.569397 -9.46548e-06
0.586 0.568384 1.07861e-05 0.568302 -9.39968e-06
0.588 0.567292 1.07237e-05 0.567204 -9.33333e-06
0.59 0.566195 1.06611e-05 0.5661 -9.26646e-06
0.592 0.565093 1.05981e-05 0.564992 -9.19908e-06
0.594 0.563987 1.05348e-05 0.56388 -9.13122e-06
0.596 0.562876 1.04713e-05 0.562763 -9.06291e-06
0.598 0.561762 1.04075e-05 0.561642 -8.99417e-06
0.6 0.560643 1.03435e-05 0.560518 -8.92502e-06
0.602 0.559521 1.02793e-05 0.55939 -8.85549e-06
0.604 0.558396 1.02149e-05 0.558259 -8.78561e-06
0.606 0.557268 1.01502e-05 0.557126 -8.71541e-06
0.608 0.556137 1.00854e-05 0.55599 -8.64492e-06
0.61 0.555004 1.00204e-05 0.554852 -8.57416e-06
0.612 0.553869 9.95515e-06 0.553713 -8.50317e-06
0.614 0.552732 9.88968e-06 0.552573 -8.43198e-06
0.616 0.551595 9.82399e-06 0.551432 -8.36063e-06
0.618 0.550457 9.75806e-06 0.550291 -8.28914e-06
0.62 0.54932 9.6919e-06 0.549151 -8.21755e-06
0.622 0.548182 9.62551e-06 0.548011 -8.14589e-06
0.624 0.547046 9.55888e-06 0.546873 -8.07421e-06
0.626 0.545911 9.49201e-06 0.545737 -8.00253e-06
0.628 0.544777 9.42493e-06 0.544602 -7.93088e-06
0.63 0.543646 9.35762e-06 0.54347 -7.85931e-06
0.632 0.542517 9.29012e-06 0.542341 -7.78784e-06
0.634 0.541391 9.22242e-06 0.541215 -7.71652e-06
0.636 0.540269 9.15453e-06 0.540092 -7.64539e-06
0.638 0.539149 9.08648e-06 0.538973 -7.57447e-06
0.64 0.538034 9.01828e-06 0.537858 -7.50382e-06
0.642 0.536922 8.94995e-06 0.536747 -7.43343e-06
0.644 0.535814 8.88151e-06 0.53564 -7.36335e-06
0.646 0.53471 8.81299e-06 0.534537 -7.29362e-06
0.648 0.533611 8.7444e-06 0.533439 -7.22427e-06
0.65 0.532516 8.67579e-06 0.532345 -7.15531e-06
0.652 0.531424 8.60717e-06 0.531255 -7.08679e-06
0.654 0.530337 8.53857e-06 0.530169 -7.01874e-06
0.656 0.529254 8.47004e-06 0.529087 -6.95118e-06
0.658 0.528175 8.4016e-06 0.528009 -6.88414e-06
0.66 0.527099 8.33329e-06 0.526935 -6.81763e-06
0.662 0.526027 8.26515e-06 0.525864 -6.75167e-06
0.664 0.524959 8.19721e-06 0.524796 -6.6863e-06
0.666 0.523893 8.12952e-06 0.523731 -6.62154e-06
0.668 0.52283 8.06211e-06 0.522669 -6.55742e-06
0.67 0.521769 7.99504e-06 0.521609 -6.49392e-06
0.672 0.52071 7.9283e-06 0.520551 -6.43111e-06
0.674 0.519653 7.86196e-06 0.519495 -6.36897e-06
0.676 0.518597 7.79605e-06 0.518439 -6.30751e-06
0.678 0.517543 7.73061e-06 0.517385 -6.24674e-06
0.68 0.516488 7.66568e-06 0.516331 -6.18666e-06
0.682 0.515434 7.60129e-06 0.515278 -6.12728e-06
0.684 0.51438 7.53747e-06 0.514224 -6.0686e-06
0.686 0.513326 7.47429e-06 0.513169 -6.0106e-06
0.688 0.51227 7.41176e-06 0.512114 -5.9533e-06
0.69 0.511214 7.34988e-06 0.511058 -5.89673e-06
0.692 0.510156 7.28872e-06 0.51 -5.84086e-06
0.694 0.509096 7.2283e-06 0.508941 -5.78567e-06
0.696 0.508035 7.16867e-06 0.507879 -5.73117e-06
0.698 0.506972 7.10983e-06 0.506816 -5.67733e-06
0.7 0.505906 7.05183e-06 0.50575 -5.62416e-06
0.702 0.504838 6.99468e-06 0.504682 -5.57164e-06
0.704 0.503767 6.93842e-06 0.503611 -5.51975e-06
0.706 0.502694 6.88307e-06 0.502538 -5.46847e-06
0.708 0.501618 6.82863e-06 0.501462 -5.41786e-06
0.71 0.500539 6.77512e-06 0.500383 -5.36786e-06
0.712 0.499458 6.72256e-06 0.499302 -5.31847e-06
0.714 0.498374 6.67096e-06 0.498219 -5.26967e-06
0.716 0.497288 6.62033e-06 0.497133 -5.22145e-06
0.718 0.496199 6.57068e-06 0.496045 -5.17381e-06
0.72 0.495109 6.522e-06 0.494956 -5.12674e-06
0.722 0.494016 6.4743e-06 0.493864 -5.08024e-06
0.724 0.492922 6.42759e-06 0.492771 -5.03429e-06
0.726 0.491826 6.38187e-06 0.491677 -4.9889e-06
0.728 0.490729 6.33711e-06 0.490581 -4.94411e-06
0.73 0.489632 6.29333e-06 0.489485 -4.89991e-06
0.732 0.488533 6.25049e-06 0.488389 -4.8563e-06
0.734 0.487435 6.2086e-06 0.487293 -4.81329e-06
0.736 0.486337 6.16764e-06 0.486198 -4.7709e-06
0.738 0.485239 6.12758e-06 0.485103 -4.72913e-06
0.74 0.484142 6.08842e-06 0.484009 -4.68801e-06
0.742 0.483046 6.05013e-06 0.482917 -4.64755e-06
0.744 0.481951 6.01268e-06 0.481826 -4.60779e-06
0.746 0.480859 5.97605e-06 0.480738 -4.56874e-06
0.748 0.479769 5.94023e-06 0.479652 -4.53044e-06
0.75 0.478681 5.90529e-06 0.47857 -4.49304e-06
0.752 0.477596 5.87114e-06 0.477491 -4.45645e-06
0.754 0.476515 5.83772e-06 0.476415 -4.42062e-06
0.756 0.475436 5.805e-06 0.475343 -4.38557e-06
0.758 0.474362 5.77292e-06 0.474275 -4.35134e-06
0.76 0.473291 5.74148e-06 0.473211 -4.31798e-06
0.762 0.472224 5.71066e-06 0.472151 -4.28558e-06
0.764 0.471162 5.68042e-06 0.471095 -4.25419e-06
0.766 0.470104 5.65083e-06 0.470043 -4.22384e-06
0.768 0.469051 5.62183e-06 0.468996 -4.19462e-06
0.77 0.468002 5.59345e-06 0.467954 -4.16659e-06
0.772 0.466959 5.56567e-06 0.466915 -4.13979e-06
0.774 0.465921 5.5385e-06 0.465882 -4.11427e-06
0.776 0.464887 5.51204e-06 0.464853 -4.09008e-06
0.778 0.463858 5.48615e-06 0.463829 -4.06722e-06
0.78 0.462835 5.46085e-06 0.46281 -4.04572e-06
0.782 0.461816 5.43616e-06 0.461795 -4.02562e-06
0.784 0.460803 5.4121e-06 0.460784 -4.00692e-06
0.786 0.459794 5.38868e-06 0.459778 -3.98965e-06
0.788 0.45879 5.36594e-06 0.458775 -3.97379e-06
0.79 0.45779 5.34388e-06 0.457777 -3.95935e-06
0.792 0.456795 5.32251e-06 0.456783 -3.94635e-06
0.794 0.455803 5.30185e-06 0.455792 -3.93476e-06
0.796 0.454816 5.28193e-06 0.454805 -3.92457e-06
0.798 0.453832 5.26276e-06 0.453821 -3.91576e-06
0.8 0.452852 5.24437e-06 0.45284 -3.90831e-06
0.802 0.451875 5.22677e-06 0.451862 -3.90218e-06
0.804 0.450902 5.20998e-06 0.450887 -3.89734e-06
0.806 0.449931 5.19403e-06 0.449915 -3.89375e-06
0.808 0.448963 5.17894e-06 0.448945 -3.89138e-06
0.81 0.447997 5.16472e-06 0.447978 -3.89017e-06
0.812 0.447034 5.15138e-06 0.447012 -3.89007e-06
0.814 0.446073 5.13895e-06 0.446048 -3.89103e-06
0.816 0.445114 5.12744e-06 0.445087 -3.89299e-06
0.818 0.444156 5.11687e-06 0.444127 -3.89589e-06
0.82 0.443201 5.10725e-06 0.443169 -3.89966e-06
0.822 0.442246 5.09859e-06 0.442212 -3.90426e-06
0.824 0.441294 5.0909e-06 0.441257 -3.9096e-06
0.826 0.440343 5.0842e-06 0.440303 -3.91563e-06
0.828 0.439393 5.07849e-06 0.439351 -3.92226e-06
0.83 0.438444 5.07378e-06 0.4384 -3.92945e-06
0.832 0.437497 5.07007e-06 0.43745 -3.93711e-06
0.834 0.436551 5.06738e-06 0.436503 -3.9452e-06
0.836 0.435607 5.06571e-06 0.435556 -3.95365e-06
0.838 0.434663 5.06507e-06 0.434611 -3.96238e-06
0.84 0.433722 5.06543e-06 0.433668 -3.97137e-06
0.842 0.432781 5.06682e-06 0.432726 -3.98056e-06
0.844 0.431842 5.06923e-06 0.431786 -3.98989e-06
0.846 0.430905 5.07265e-06 0.430849 -3.99931e-06
0.848 0.429969 5.07708e-06 0.429913 -4.00879e-06
0.85 0.429035 5.08251e-06 0.428979 -4.01829e-06
0.852 0.428103 5.08894e-06 0.428048 -4.02777e-06
0.854 0.427173 5.09634e-06 0.427118 -4.03721e-06
0.856 0.426245 5.1047e-06 0.426192 -4.04657e-06
0.858 0.42532 5.11398e-06 0.425268 -4.05586e-06
0.86 0.424396 5.12417e-06 0.424347 -4.06505e-06
0.862 0.423476 5.13523e-06 0.423429 -4.07414e-06
0.864 0.422557 5.14715e-06 0.422514 -4.08311e-06
0.866 0.421642 5.15989e-06 0.421602 -4.09199e-06
0.868 0.420729 5.17339e-06 0.420693 -4.10079e-06
0.87 0.41982 5.18763e-06 0.419788 -4.10952e-06
0.872 0.418913 5.20259e-06 0.418886 -4.11819e-06
0.874 0.41801 5.21821e-06 0.417987 -4.12683e-06
0.876 0.41711 5.23447e-06 0.417093 -4.13547e-06
0.878 0.416214 5.25132e-06 0.416201 -4.14414e-06
0.88 0.415321 5.26874e-06 0.415314 -4.15288e-06
0.882 0.414432 5.28667e-06 0.41443 -4.16173e-06
0.884 0.413547 5.30509e-06 0.41355 -4.17072e-06
0.886 0.412665 5.32397e-06 0.412674 -4.1799e-06
0.888 0.411788 5.34328e-06 0.411801 -4.18932e-06
0.89 0.410915 5.36298e-06 0.410932 -4.19901e-06
0.892 0.410045 5.38305e-06 0.410067 -4.20903e-06
0.894 0.40918 5.40344e-06 0.409206 -4.21943e-06
0.896 0.408319 5.42413e-06 0.408348 -4.23025e-06
0.898 0.407462 5.4451e-06 0.407494 -4.24153e-06
0.9 0.406609 5.46632e-06 0.406644 -4.25333e-06
0.902 0.40576 5.48778e-06 0.405797 -4.26567e-06
0.904 0.404915 5.50945e-06 0.404954 -4.27859e-06
0.906 0.404075 5.53131e-06 0.404114 -4.29214e-06
0.908 0.403239 5.55335e-06 0.403278 -4.30633e-06
0.91 0.402406 5.57553e-06 0.402445 -4.3212e-06
0.912 0.401578 5.59786e-06 0.401615 -4.33675e-06
0.914 0.400754 5.62032e-06 0.400789 -4.353e-06
0.916 0.399934 5.64288e-06 0.399966 -4.36996e-06
0.918 0.399117 5.66554e-06 0.399146 -4.38763e-06
0.92 0.398305 5.68826e-06 0.398329 -4.40601e-06
0.922 0.397496 5.71105e-06 0.397515 -4.42512e-06
0.924 0.396691 5.73387e-06 0.396705 -4.44493e-06
0.926 0.39589 5.75671e-06 0.395898 -4.46544e-06
0.928 0.395093 5.77954e-06 0.395094 -4.48662e-06
0.93 0.394299 5.80236e-06 0.394292 -4.50846e-06
0.932 0.393509 5.82514e-06 0.393494 -4.53092e-06
0.934 0.392723 5.84785e-06 0.3927 -4.55397e-06
0.936 0.39194 5.87049e-06 0.391908 -4.57758e-06
0.938 0.39116 5.89303e-06 0.391119 -4.6017e-06
0.94 0.390384 5.91544e-06 0.390334 -4.62629e-06
0.942 0.389611 5.93771e-06 0.389552 -4.65129e-06
0.944 0.388842 5.95982e-06 0.388773 -4.67666e-06
0.946 0.388076 5.98174e-06 0.387997 -4.70234e-06
0.948 0.387314 6.00345e-06 0.387225 -4.72827e-06
0.95 0.386554 6.02492e-06 0.386456 -4.75438e-06
0.952 0.385798 6.04612e-06 0.385691 -4.78061e-06
0.954 0.385045 6.06703e-06 0.384929 -4.80691e-06
0.956 0.384295 6.08762e-06 0.38417 -4.83319e-06
0.958 0.383549 6.10787e-06 0.383416 -4.85942e-06
0.96 0.382805 6.12775e-06 0.382665 -4.88549e-06
0.962 0.382064 6.14722e-06 0.381917 -4.91136e-06
0.964 0.381326 6.16627e-06 0.381174 -4.93694e-06
0.966 0.380591 6.18487e-06 0.380434 -4.96218e-06
0.968 0.379858 6.20298e-06 0.379698 -4.98698e-06
0.97 0.379128 6.22058e-06 0.378965 -5.01129e-06
0.972 0.378401 6.23764e-06 0.378237 -5.03505e-06
0.974 0.377677 6.25415e-06 0.377512 -5.0582e-06
0.976 0.376955 6.2701e-06 0.376791 -5.08071e-06
0.978 0.376235 6.28546e-06 0.376073 -5.10252e-06
0.98 0.375518 6.30024e-06 0.375359 -5.12359e-06
0.982 0.374803 6.3144e-06 0.374648 -5.1439e-06
0.984 0.37409 6.32793e-06 0.373941 -5.16339e-06
0.986 0.373379 6.34082e-06 0.373237 -5.18205e-06
0.988 0.372671 6.35307e-06 0.372536 -5.19986e-06
0.99 0.371964 6.36465e-06 0.371839 -5.21679e-06
0.992 0.371259 6.37557e-06 0.371144 -5.23282e-06
0.994 0.370557 6.38582e-06 0.370452 -5.24796e-06
0.996 0.369856 6.39538e-06 0.369763 -5.26221e-06
0.998 0.369157 6.40425e-06 0.369077 -5.27553e-06
1 0.368459 6.41245e-06 0.368393 -5.28795e-06
1.002 0.367763 6.41999e-06 0.367712 -5.29949e-06
1.004 0.367069 6.42687e-06 0.367032 -5.31015e-06
1.006 0.366377 6.43311e-06 0.366355 -5.31997e-06
1.008 0.365686 6.43872e-06 0.365679 -5.32895e-06
1.01 0.364997 6.44372e-06 0.365006 -5.33712e-06
1.012 0.364309 6.44813e-06 0.364334 -5.34452e-06
1.014 0.363623 6.45198e-06 0.363663 -5.35116e-06
1.016 0.362938 6.45529e-06 0.362994 -5.35708e-06
1.018 0.362255 6.45809e-06 0.362326 -5.36232e-06
1.02 0.361574 6.4604e-06 0.361659 -5.3669e-06
1.022 0.360894 6.46227e-06 0.360993 -5.37087e-06
1.024 0.360216 6.46372e-06 0.360329 -5.37426e-06
1.026 0.35954 6.46479e-06 0.359665 -5.37709e-06
1.028 0.358865 6.46549e-06 0.359002 -5.37941e-06
1.03 0.358193 6.46587e-06 0.35834 -5.38124e-06
1.032 0.357522 6.46594e-06 0.357679 -5.38261e-06
1.034 0.356853 6.46574e-06 0.357019 -5.38354e-06
1.036 0.356187 6.46529e-06 0.356359 -5.38408e-06
1.038 0.355522 6.46461e-06 0.3557 -5.3842e-06
1.04 0.35486 6.46372e-06 0.355042 -5.38396e-06
1.042 0.3542 6.46266e-06 0.354385 -5.38335e-06
1.044 0.353542 6.46143e-06 0.353729 -5.38241e-06
1.046 0.352887 6.46006e-06 0.353074 -5.38113e-06
1.048 0.352235 6.45854e-06 0.352421 -5.37952e-06
1.05 0.351585 6.45687e-06 0.351768 -5.37759e-06
1.052 0.350937 6.45507e-06 0.351117 -5.37532e-06
1.054 0.350293 6.45312e-06 0.350467 -5.37272e-06
1.056 0.349651 6.45101e-06 0.349818 -5.36978e-06
1.058 0.349012 6.44871e-06 0.349172 -5.36649e-06
1.06 0.348376 6.44622e-06 0.348527 -5.36284e-06
1.062 0.347742 6.44349e-06 0.347884 -5.3588e-06
1.064 0.347112 6.44051e-06 0.347243 -5.35436e-06
1.066 0.346485 6.43723e-06 0.346604 -5.3495e-06
1.068 0.34586 6.43362e-06 0.345967 -5.34417e-06
1.07 0.345238 6.42963e-06 0.345333 -5.33837e-06
1.072 0.34462 6.42522e-06 0.344701 -5.33204e-06
1.074 0.344004 6.42035e-06 0.344072 -5.32518e-06
1.076 0.343391 6.41496e-06 0.343445 -5.31776e-06
1.078 0.34278 6.40901e-06 0.342821 -5.30973e-06
1.08 0.342172 6.40244e-06 0.3422 -5.30106e-06
1.082 0.341567 6.39521e-06 0.341581 -5.29172e-06
1.084 0.340964 6.38725e-06 0.340965 -5.28168e-06
1.086 0.340364 6.37853e-06 0.340352 -5.27089e-06
1.088 0.339766 6.36898e-06 0.339741 -5.25934e-06
1.09 0.339169 6.35857e-06 0.339133 -5.247e-06
1.092 0.338575 6.34703e-06 0.338527 -5.23375e-06
1.094 0.337982 6.33455e-06 0.337924 -5.21964e-06
1.096 0.337391 6.32116e-06 0.337324 -5.2047e-06
1.098 0.336801 6.30683e-06 0.336725 -5.1889e-06
1.1 0.336213 6.29153e-06 0.336129 -5.17224e-06
1.102 0.335626 6.27519e-06 0.335535 -5.1547e-06
1.104 0.335039 6.25778e-06 0.334942 -5.13626e-06
1.106 0.334453 6.23925e-06 0.334351 -5.11691e-06
1.108 0.333867 6.21956e-06 0.333762 -5.09663e-06
1.11 0.333282 6.1987e-06 0.333173 -5.07542e-06
1.112 0.332697 6.17664e-06 0.332586 -5.05325e-06
1.114 0.332111 6.15338e-06 0.332 -5.03014e-06
1.116 0.331525 6.1289e-06 0.331414 -5.00608e-06
1.118 0.330938 6.10321e-06 0.330829 -4.98108e-06
1.12 0.330351 6.07632e-06 0.330244 -4.95515e-06
1.122 0.329763 6.04826e-06 0.329659 -4.9283e-06
1.124 0.329173 6.01904e-06 0.329074 -4.90055e-06
1.126 0.328583 5.98869e-06 0.328488 -4.87193e-06
1.128 0.327991 5.95726e-06 0.327902 -4.84246e-06
1.13 0.327398 5.92479e-06 0.327315 -4.81217e-06
1.132 0.326803 5.8912e-06 0.326728 -4.7811e-06
1.134 0.326207 5.8567e-06 0.326139 -4.74926e-06
1.136 0.325609 5.82132e-06 0.325549 -4.71668e-06
1.138 0.32501 5.78513e-06 0.324959 -4.6834e-06
1.14 0.324409 5.74819e-06 0.324366 -4.64945e-06
1.142 0.323807 5.71054e-06 0.323773 -4.61487e-06
1.144 0.323204 5.67225e-06 0.323178 -4.5797e-06
1.146 0.322599 5.63338e-06 0.322581 -4.54396e-06
1.148 0.321993 5.59399e-06 0.321983 -4.50768e-06
1.15 0.321385 5.55414e-06 0.321384 -4.4709e-06
1.152 0.320777 5.51389e-06 0.320783 -4.43365e-06
1.154 0.320168 5.4733e-06 0.320182 -4.39596e-06
1.156 0.319558 5.43242e-06 0.319578 -4.35786e-06
1.158 0.318947 5.39131e-06 0.318974 -4.31937e-06
1.16 0.318337 5.35002e-06 0.318369 -4.28051e-06
1.162 0.317726 5.3086e-06 0.317763 -4.24129e-06
1.164 0.317115 5.26711e-06 0.317156 -4.20175e-06
1.166 0.316504 5.22557e-06 0.316549 -4.16189e-06
1.168 0.315893 5.18404e-06 0.315941 -4.12173e-06
1.17 0.315283 5.14254e-06 0.315333 -4.08129e-06
1.172 0.314674 5.1011e-06 0.314725 -4.04056e-06
1.174 0.314066 5.05975e-06 0.314117 -3.99956e-06
1.176 0.313459 5.01851e-06 0.31351 -3.9583e-06
1.178 0.312853 4.97738e-06 0.312903 -3.91678e-06
1.18 0.312249 4.93639e-06 0.312296 -3.87501e-06
1.182 0.311646 4.89554e-06 0.311691 -3.83298e-06
1.184 0.311046 4.85481e-06 0.311087 -3.7907e-06
1.186 0.310447 4.81422e-06 0.310484 -3.74816e-06
1.188 0.30985 4.77374e-06 0.309882 -3.70538e-06
1.19 0.309255 4.73336e-06 0.309282 -3.66234e-06
1.192 0.308662 4.69307e-06 0.308683 -3.61905e-06
1.194 0.308071 4.65284e-06 0.308086 -3.5755e-06
1.196 0.307483 4.61264e-06 0.307491 -3.53169e-06
1.198 0.306897 4.57245e-06 0.306898 -3.48762e-06
1.2 0.306313 4.53223e-06 0.306307 -3.44329e-06
1.202 0.305731 4.49195e-06 0.305718 -3.39871e-06
1.204 0.305151 4.45156e-06 0.305131 -3.35386e-06
1.206 0.304573 4.41104e-06 0.304545 -3.30876e-06
1.208 0.303998 4.37035e-06 0.303962 -3.26341e-06
1.21 0.303423 4.32943e-06 0.303381 -3.21781e-06
1.212 0.302851 4.28827e-06 0.302801 -3.17198e-06
1.214 0.30228 4.24681e-06 0.302223 -3.12591e-06
1.216 0.30171 4.20502e-06 0.301646 -3.07963e-06
1.218 0.301142 4.16287e-06 0.301071 -3.03315e-06
1.22 0.300574 4.12033e-06 0.300497 -2.98647e-06
1.222 0.300007 4.07736e-06 0.299924 -2.93963e-06
1.224 0.299441 4.03393e-06 0.299352 -2.89263e-06
1.226 0.298874 3.99003e-06 0.29878 -2.84551e-06
1.228 0.298308 3.94563e-06 0.298209 -2.79828e-06
1.23 0.297742 3.90072e-06 0.297639 -2.75097e-06
1.232 0.297175 3.85528e-06 0.297068 -2.7036e-06
1.234 0.296607 3.8093e-06 0.296497 -2.6562e-06
1.236 0.296039 3.76279e-06 0.295926 -2.6088e-06
1.238 0.295469 3.71573e-06 0.295354 -2.56143e-06
1.24 0.294899 3.66814e-06 0.294781 -2.51411e-06
1.242 0.294326 3.62001e-06 0.294207 -2.46687e-06
1.244 0.293753 3.57137e-06 0.293632 -2.41974e-06
1.246 0.293177 3.52222e-06 0.293055 -2.37275e-06
1.248 0.292599 3.4726e-06 0.292477 -2.32593e-06
1.25 0.29202 3.42251e-06 0.291897 -2.27928e-06
1.252 0.291438 3.372e-06 0.291315 -2.23285e-06
1.254 0.290854 3.3211e-06 0.290731 -2.18664e-06
1.256 0.290268 3.26983e-06 0.290146 -2.14068e-06
1.258 0.289679 3.21823e-06 0.289558 -2.09499e-06
1.26 0.289088 3.16636e-06 0.288967 -2.04956e-06
1.262 0.288495 3.11424e-06 0.288375 -2.00443e-06
1.264 0.287899 3.06193e-06 0.28778 -1.9596e-06
1.266 0.287301 3.00948e-06 0.287184 -1.91506e-06
1.268 0.286701 2.95693e-06 0.286585 -1.87084e-06
1.27 0.2861 2.90433e-06 0.285984 -1.82693e-06
1.272 0.285496 2.85175e-06 0.285381 -1.78333e-06
1.274 0.28489 2.79921e-06 0.284776 -1.74004e-06
1.276 0.284283 2.74679e-06 0.28417 -1.69706e-06
1.278 0.283674 2.69453e-06 0.283562 -1.65438e-06
1.28 0.283064 2.64249e-06 0.282953 -1.612e-06
1.282 0.282453 2.59071e-06 0.282343 -1.5699e-06
1.284 0.281842 2.53924e-06 0.281732 -1.52808e-06
1.286 0.281229 2.48813e-06 0.28112 -1.48653e-06
1.288 0.280617 2.43743e-06 0.280507 -1.44524e-06
1.29 0.280004 2.38719e-06 0.279895 -1.4042e-06
1.292 0.279391 2.33743e-06 0.279282 -1.3634e-06
1.294 0.278779 2.28821e-06 0.27867 -1.32282e-06
1.296 0.278168 2.23956e-06 0.278059 -1.28246e-06
1.298 0.277557 2.19151e-06 0.277448 -1.2423e-06
1.3 0.276947 2.1441e-06 0.276838 -1.20234e-06
1.302 0.276338 2.09735e-06 0.276229 -1.16257e-06
1.304 0.275732 2.05129e-06 0.275622 -1.12298e-06
1.306 0.275126 2.00594e-06 0.275016 -1.08357e-06
1.308 0.274523 1.96133e-06 0.274412 -1.04433e-06
1.31 0.273921 1.91746e-06 0.273811 -1.00525e-06
1.312 0.273322 1.87434e-06 0.273211 -9.66347e-07
1.314 0.272725 1.832e-06 0.272614 -9.27609e-07
1.316 0.27213 1.79043e-06 0.272019 -8.89042e-07
1.318 0.271537 1.74964e-06 0.271426 -8.50651e-07
1.32 0.270947 1.70963e-06 0.270837 -8.12441e-07
1.322 0.27036 1.67039e-06 0.270249 -7.74421e-07
1.324 0.269775 1.63192e-06 0.269665 -7.366e-07
1.326 0.269192 1.5942e-06 0.269083 -6.9899e-07
1.328 0.268612 1.55724e-06 0.268504 -6.61605e-07
1.33 0.268035 1.521e-06 0.267927 -6.24458e-07
1.332 0.267459 1.48548e-06 0.267353 -5.87567e-07
1.334 0.266887 1.4506e-06 0.266781 -5.51141e-07
1.336 0.266316 1.41639e-06 0.266211 -5.14971e-07
1.338 0.265748 1.38284e-06 0.265644 -4.79077e-07
1.34 0.265181 1.3499e-06 0.265078 -4.43485e-07
1.342 0.264616 1.31756e-06 0.264515 -4.08219e-07
1.344 0.264052 1.28579e-06 0.263953 -3.73307e-07
1.346 0.26349 1.25457e-06 0.263392 -3.38776e-07
1.348 0.262929 1.22385e-06 0.262833 -3.04654e-07
1.35 0.262369 1.19363e-06 0.262276 -2.7097e-07
1.352 0.26181 1.16386e-06 0.261719 -2.37753e-07
1.354 0.261251 1.13453e-06 0.261163 -2.05032e-07
1.356 0.260693 1.10561e-06 0.260607 -1.72835e-07
1.358 0.260135 1.07708e-06 0.260052 -1.4119e-07
1.36 0.259578 1.04892e-06 0.259497 -1.10123e-07
1.362 0.25902 1.02109e-06 0.258942 -7.96609e-08
1.364 0.258463 9.93598e-07 0.258387 -4.98267e-08
1.366 0.257905 9.66412e-07 0.257831 -2.06437e-08
1.368 0.257347 9.3952e-07 0.257275 7.86702e-09
1.37 0.256788 9.12911e-07 0.256718 3.56861e-08
1.372 0.256229 8.86573e-07 0.256161 6.2796e-08
1.374 0.255669 8.60498e-07 0.255603 8.91813e-08
1.376 0.255109 8.34682e-07 0.255044 1.14829e-07
1.378 0.254547 8.09119e-07 0.254484 1.39728e-07
1.38 0.253985 7.83811e-07 0.253923 1.63869e-07
1.382 0.253423 7.58755e-07 0.253361 1.87246e-07
1.384 0.252859 7.33956e-07 0.252798 2.09854e-07
1.386 0.252295 7.09417e-07 0.252234 2.3169e-07
1.388 0.25173 6.85146e-07 0.25167 2.52756e-07
1.39 0.251165 6.61153e-07 0.251104 2.73053e-07
1.392 0.250599 6.37448e-07 0.250538 2.92586e-07
1.394 0.250033 6.14043e-07 0.249971 3.11364e-07
1.396 0.249467 5.90954e-07 0.249404 3.29395e-07
1.398 0.2489 5.68196e-07 0.248836 3.46691e-07
1.4 0.248334 5.45785e-07 0.248268 3.63266e-07
1.402 0.247767 5.2374e-07 0.2477 3.79137e-07
1.404 0.247201 5.0208e-07 0.247133 3.9432e-07
1.406 0.246636 4.80825e-07 0.246565 4.08836e-07
1.408 0.246071 4.59995e-07 0.245999 4.22705e-07
1.41 0.245507 4.39611e-07 0.245432 4.35949e-07
1.412 0.244943 4.19696e-07 0.244867 4.48593e-07
1.414 0.244381 4.00269e-07 0.244303 4.60659e-07
1.416 0.243821 3.81354e-07 0.24374 4.72174e-07
1.418 0.243261 3.62972e-07 0.243179 4.83161e-07
1.42 0.242704 3.45143e-07 0.242619 4.93646e-07
1.422 0.242148 3.27889e-07 0.242062 5.03654e-07
1.424 0.241594 3.11228e-07 0.241506 5.13209e-07
1.426 0.241042 2.9518e-07 0.240952 5.22335e-07
1.428 0.240493 2.79762e-07 0.240401 5.31055e-07
1.43 0.239945 2.64991e-07 0.239852 5.3939e-07
1.432 0.2394 2.5088e-07 0.239306 5.47363e-07
1.434 0.238858 2.37443e-07 0.238763 5.5499e-07
1.436 0.238318 2.2469e-07 0.238223 5.62292e-07
1.438 0.237781 2.12632e-07 0.237685 5.69283e-07
1.44 0.237246 2.01274e-07 0.23715 5.75979e-07
1.442 0.236715 1.90622e-07 0.236619 5.82391e-07
1.444 0.236186 1.80913e-07 0.23609 5.88303e-07
1.446 0.23566 1.71802e-07 0.235565 5.9407e-07
1.448 0.235136 1.63307e-07 0.235042 5.99674e-07
1.45 0.234615 1.55444e-07 0.234522 6.05093e-07
1.452 0.234097 1.48224e-07 0.234005 6.10311e-07
1.454 0.233581 1.41654e-07 0.233492 6.15311e-07
1.456 0.233068 1.35738e-07 0.23298 6.20077e-07
1.458 0.232557 1.30472e-07 0.232472 6.24594e-07
1.46 0.232048 1.25854e-07 0.231966 6.28847e-07
1.462 0.231543 1.21877e-07 0.231463 6.32822e-07
1.464 0.231039 1.1853e-07 0.230963 6.36503e-07
1.466 0.230538 1.15798e-07 0.230464 6.39878e-07
1.468 0.230038 1.13665e-07 0.229969 6.42934e-07
1.47 0.229541 1.12112e-07 0.229475 6.45658e-07
1.472 0.229046 1.11118e-07 0.228983 6.48038e-07
1.474 0.228553 1.10658e-07 0.228493 6.50061e-07
1.476 0.228061 1.1071e-07 0.228005 6.51716e-07
1.478 0.227572 1.11245e-07 0.227519 6.52992e-07
1.48 0.227084 1.12239e-07 0.227034 6.53878e-07
1.482 0.226597 1.13662e-07 0.226551 6.54364e-07
1.484 0.226112 1.15488e-07 0.226069 6.5444e-07
1.486 0.225629 1.17688e-07 0.225588 6.54097e-07
1.488 0.225147 1.20358e-07 0.225108 6.53433e-07
1.49 0.224666 1.23345e-07 0.22463 6.52336e-07
1.492 0.224186 1.26621e-07 0.224153 6.50797e-07
1.494 0.223708 1.30161e-07 0.223676 6.48809e-07
1.496 0.223231 1.33942e-07 0.223201 6.46364e-07
1.498 0.222756 1.3794e-07 0.222727 6.43456e-07
1.5 0.222281 1.42134e-07 0.222253 6.4008e-07
1.502 0.221808 1.46506e-07 0.22178 6.36232e-07
1.504 0.221337 1.51038e-07 0.221308 6.31909e-07
1.506 0.220866 1.55714e-07 0.220837 6.2711e-07
1.508 0.220397 1.60521e-07 0.220367 6.21835e-07
1.51 0.219929 1.65448e-07 0.219898 6.16085e-07
1.512 0.219463 1.70487e-07 0.219429 6.09863e-07
1.514 0.218998 1.75629e-07 0.218962 6.03175e-07
1.516 0.218534 1.8087e-07 0.218496 5.96027e-07
1.518 0.218072 1.86206e-07 0.21803 5.88429e-07
1.52 0.217612 1.91633e-07 0.217566 5.80391e-07
1.522 0.217153 1.9715e-07 0.217103 5.71927e-07
1.524 0.216696 2.02755e-07 0.216642 5.63053e-07
1.526 0.21624 2.08449e-07 0.216182 5.53787e-07
1.528 0.215787 2.14231e-07 0.215723 5.44149e-07
1.53 0.215335 2.20101e-07 0.215266 5.34162e-07
1.532 0.214884 2.2633e-07 0.21481 5.23686e-07
1.534 0.214436 2.32757e-07 0.214356 5.12872e-07
1.536 0.213989 2.39296e-07 0.213903 5.01744e-07
1.538 0.213545 2.45886e-07 0.213453 4.90346e-07
1.54 0.213102 2.52392e-07 0.213004 4.78689e-07
1.542 0.212661 2.58895e-07 0.212557 4.66872e-07
1.544 0.212222 2.6538e-07 0.212112 4.54956e-07
1.546 0.211785 2.71845e-07 0.211669 4.42995e-07
1.548 0.21135 2.78296e-07 0.211227 4.31037e-07
1.55 0.210917 2.84741e-07 0.210788 4.19126e-07
1.552 0.210485 2.91194e-07 0.210351 4.07297e-07
1.554 0.210056 2.97668e-07 0.209916 3.95581e-07
1.556 0.209628 3.04175e-07 0.209483 3.84002e-07
1.558 0.209202 3.1073e-07 0.209052 3.72582e-07
1.56 0.208777 3.17347e-07 0.208623 3.61336e-07
1.562 0.208354 3.24075e-07 0.208196 3.50359e-07
1.564 0.207933 3.30885e-07 0.207771 3.39571e-07
1.566 0.207514 3.37788e-07 0.207348 3.2898e-07
1.568 0.207095 3.4479e-07 0.206927 3.18591e-07
1.57 0.206679 3.51895e-07 0.206508 3.08408e-07
1.572 0.206264 3.59107e-07 0.206091 2.98433e-07
1.574 0.20585 3.66427e-07 0.205676 2.88669e-07
1.576 0.205438 3.73853e-07 0.205262 2.79119e-07
1.578 0.205026 3.81382e-07 0.20485 2.69784e-07
1.58 0.204617 3.89003e-07 0.204441 2.60652e-07
1.582 0.204208 3.96716e-07 0.204033 2.5174e-07
1.584 0.203801 4.0451e-07 0.203626 2.43049e-07
1.586 0.203395 4.12376e-07 0.203222 2.3458e-07
1.588 0.202991 4.20304e-07 0.202819 2.26332e-07
1.59 0.202588 4.28287e-07 0.202417 2.18309e-07
1.592 0.202186 4.36317e-07 0.202018 2.10506e-07
1.594 0.201785 4.44386e-07 0.20162 2.02916e-07
1.596 0.201386 4.52516e-07 0.201223 1.95536e-07
1.598 0.200989 4.60683e-07 0.200828 1.88362e-07
1.6 0.200592 4.68849e-07 0.200435 1.81391e-07
1.602 0.200198 4.76961e-07 0.200044 1.74628e-07
1.604 0.199804 4.84965e-07 0.199653 1.68076e-07
1.606 0.199413 4.92807e-07 0.199265 1.61739e-07
1.608 0.199023 5.00445e-07 0.198878 1.55618e-07
1.61 0.198635 5.07845e-07 0.198492 1.49713e-07
1.612 0.198249 5.14989e-07 0.198108 1.44022e-07
1.614 0.197865 5.2187e-07 0.197726 1.38541e-07
1.616 0.197482 5.28491e-07 0.197346 1.33266e-07
1.618 0.197102 5.34858e-07 0.196967 1.28193e-07
1.62 0.196724 5.40985e-07 0.196589 1.23314e-07
1.622 0.196347 5.46886e-07 0.196214 1.1862e-07
1.624 0.195973 5.52569e-07 0.19584 1.14103e-07
1.626 0.195601 5.58041e-07 0.195468 1.0975e-07
1.628 0.195231 5.63303e-07 0.195098 1.05549e-07
1.63 0.194864 5.68351e-07 0.19473 1.01487e-07
1.632 0.194499 5.73179e-07 0.194364 9.75484e-08
1.634 0.194136 5.77782e-07 0.194 9.37194e-08
1.636 0.193775 5.8215e-07 0.193638 8.99852e-08
1.638 0.193416 5.86278e-07 0.193277 8.63317e-08
1.64 0.19306 5.90161e-07 0.192919 8.27456e-08
1.642 0.192705 5.93795e-07 0.192562 7.92146e-08
1.644 0.192353 5.9718e-07 0.192208 7.57283e-08
1.646 0.192003 6.00317e-07 0.191855 7.22782e-08
1.648 0.191655 6.03206e-07 0.191503 6.88583e-08
1.65 0.191308 6.05851e-07 0.191154 6.54658e-08
1.652 0.190964 6.08255e-07 0.190806 6.21008e-08
1.654 0.190621 6.10421e-07 0.19046 5.87673e-08
1.656 0.19028 6.12351e-07 0.190115 5.54733e-08
1.658 0.18994 6.14047e-07 0.189771 5.22312e-08
1.66 0.189601 6.15509e-07 0.189429 4.90581e-08
1.662 0.189264 6.16735e-07 0.189087 4.59767e-08
1.664 0.188927 6.17719e-07 0.188747 4.3016e-08
1.666 0.188591 6.18453e-07 0.188408 4.02123e-08
1.668 0.188256 6.18924e-07 0.188069 3.76108e-08
1.67 0.187922 6.19135e-07 0.187731 3.53038e-08
1.672 0.187588 6.19052e-07 0.187394 3.33032e-08
1.674 0.187254 6.17727e-07 0.187057 3.13545e-08
1.676 0.18692 6.16504e-07 0.18672 3.00151e-08
1.678 0.186586 6.15239e-07 0.186384 2.92153e-08
1.68 0.186252 6.13867e-07 0.186047 2.89752e-08
1.682 0.185917 6.1228e-07 0.185711 2.93147e-08
1.684 0.185583 6.10375e-07 0.185374 3.02945e-08
1.686 0.185247 6.08046e-07 0.185037 3.20215e-08
1.688 0.184912 6.06086e-07 0.1847 3.57856e-08
1.69 0.184575 6.03295e-07 0.184363 3.97055e-08
1.692 0.184238 6.00127e-07 0.184025 4.39389e-08
1.694 0.183899 5.963e-07 0.183686 4.84422e-08
1.696 0.18356 5.91765e-07 0.183348 5.3229e-08
1.698 0.18322 5.86494e-07 0.183008 5.83213e-08
1.7 0.182879 5.8048e-07 0.182668 6.37459e-08
1.702 0.182537 5.73734e-07 0.182328 6.95306e-08
1.704 0.182195 5.66278e-07 0.181987 7.57012e-08
1.706 0.181852 5.58147e-07 0.181645 8.22795e-08
1.708 0.181508 5.49382e-07 0.181303 8.92817e-08
1.71 0.181163 5.40031e-07 0.180961 9.67175e-08
1.712 0.180818 5.30141e-07 0.180619 1.0459e-07
1.714 0.180473 5.19764e-07 0.180277 1.12897e-07
1.716 0.180128 5.08947e-07 0.179934 1.2163e-07
1.718 0.179783 4.97738e-07 0.179592 1.30775e-07
1.72 0.179437 4.86179e-07 0.17925 1.40317e-07
1.722 0.179093 4.74311e-07 0.178908 1.50234e-07
1.724 0.178748 4.62169e-07 0.178567 1.60507e-07
1.726 0.178405 4.49785e-07 0.178227 1.71114e-07
1.728 0.178062 4.37186e-07 0.177887 1.82033e-07
1.73 0.17772 4.24395e-07 0.177548 1.93242e-07
1.732 0.17738 4.11589e-07 0.177211 2.04813e-07
1.734 0.17704 3.98568e-07 0.176875 2.16602e-07
1.736 0.176703 3.85342e-07 0.17654 2.28583e-07
1.738 0.176367 3.71933e-07 0.176206 2.40753e-07
1.74 0.176033 3.58358e-07 0.175874 2.53107e-07
1.742 0.175701 3.4463e-07 0.175544 2.65644e-07
1.744 0.175371 3.30764e-07 0.175216 2.78364e-07
1.746 0.175044 3.16769e-07 0.174889 2.91266e-07
1.748 0.174719 3.02653e-07 0.174565 3.04352e-07
1.75 0.174396 2.88422e-07 0.174243 3.17626e-07
1.752 0.174075 2.7408e-07 0.173922 3.31093e-07
1.754 0.173758 2.59628e-07 0.173604 3.44757e-07
1.756 0.173442 2.45065e-07 0.173288 3.58627e-07
1.758 0.173129 2.30388e-07 0.172974 3.72712e-07
1.76 0.172819 2.15589e-07 0.172662 3.87023e-07
1.762 0.17251 2.00662e-07 0.172353 4.01573e-07
1.764 0.172205 1.85593e-07 0.172045 4.16373e-07
1.766 0.171901 1.70373e-07 0.171739 4.31436e-07
1.768 0.171599 1.54986e-07 0.171435 4.46772e-07
1.77 0.171299 1.39419e-07 0.171133 4.62392e-07
1.772 0.171001 1.23656e-07 0.170832 4.78303e-07
1.774 0.170705 1.07685e-07 0.170533 4.9451e-07
1.776 0.17041 9.15149e-08 0.170235 5.11058e-07
1.778 0.170116 7.51045e-08 0.169938 5.27901e-07
1.78 0.169823 5.84415e-08 0.169642 5.45038e-07
1.782 0.16953 4.15146e-08 0.169346 5.62465e-07
1.784 0.169238 2.43132e-08 0.169051 5.80176e-07
1.786 0.168946 6.82772e-09 0.168756 5.98164e-07
1.788 0.168655 -1.09507e-08 0.168461 6.16421e-07
1.79 0.168362 -2.903e-08 0.168166 6.34938e-07
1.792 0.168069 -4.74176e-08 0.16787 6.53706e-07
1.794 0.167776 -6.612e-08 0.167574 6.72716e-07
1.796 0.167481 -8.51446e-08 0.167277 6.91952e-07
1.798 0.167185 -1.04497e-07 0.166978 7.11411e-07
1.8 0.166887 -1.24183e-07 0.166679 7.31083e-07
1.802 0.166587 -1.44203e-07 0.166377 7.50961e-07
1.804 0.166286 -1.64561e-07 0.166075 7.71039e-07
1.806 0.165983 -1.85258e-07 0.16577 7.91309e-07
1.808 0.165677 -2.06292e-07 0.165464 8.11766e-07
1.81 0.165369 -2.27662e-07 0.165155 8.32404e-07
1.812 0.165058 -2.49364e-07 0.164844 8.53216e-07
1.814 0.164745 -2.71391e-07 0.164532 8.74196e-07
1.816 0.16443 -2.93737e-07 0.164217 8.9534e-07
1.818 0.164112 -3.16392e-07 0.163899 9.1664e-07
1.82 0.163791 -3.39345e-07 0.16358 9.38092e-07
1.822 0.163468 -3.62585e-07 0.163258 9.59688e-07
1.824 0.163142 -3.86099e-07 0.162934 9.81425e-07
1.826 0.162814 -4.09876e-07 0.162607 1.00329e-06
1.828 0.162484 -4.33903e-07 0.162279 1.02529e-06
1.83 0.162151 -4.58168e-07 0.161949 1.0474e-06
1.832 0.161817 -4.8266e-07 0.161618 1.06963e-06
1.834 0.16148 -5.07282e-07 0.161284 1.09208e-06
1.836 0.161142 -5.32084e-07 0.16095 1.11457e-06
1.838 0.160803 -5.57059e-07 0.160614 1.1371e-06
1.84 0.160463 -5.82131e-07 0.160277 1.15966e-06
1.842 0.160122 -6.07342e-07 0.159939 1.18226e-06
1.844 0.15978 -6.32672e-07 0.159602 1.20487e-06
1.846 0.159438 -6.58155e-07 0.159263 1.22752e-06
1.848 0.159096 -6.83702e-07 0.158925 1.25015e-06
1.85 0.158755 -7.09295e-07 0.158587 1.27276e-06
1.852 0.158414 -7.34914e-07 0.15825 1.29534e-06
1.854 0.158073 -7.60542e-07 0.157913 1.31787e-06
1.856 0.157734 -7.86156e-07 0.157578 1.34034e-06
1.858 0.157396 -8.11739e-07 0.157243 1.36275e-06
1.86 0.15706 -8.37268e-07 0.15691 1.3851e-06
1.862 0.156726 -8.62724e-07 0.156579 1.40737e-06
1.864 0.156393 -8.88085e-07 0.15625 1.42956e-06
1.866 0.156063 -9.13331e-07 0.155923 1.45169e-06
1.868 0.155735 -9.38442e-07 0.155598 1.47374e-06
1.87 0.15541 -9.63397e-07 0.155275 1.49573e-06
1.872 0.155087 -9.88177e-07 0.154955 1.51766e-06
1.874 0.154767 -1.01276e-06 0.154637 1.53954e-06
1.876 0.154449 -1.03713e-06 0.154322 1.56137e-06
1.878 0.154135 -1.0612e-06 0.154009 1.58315e-06
1.88 0.153823 -1.08503e-06 0.153699 1.60489e-06
1.882 0.153513 -1.10861e-06 0.153391 1.6266e-06
1.884 0.153207 -1.13192e-06 0.153086 1.64829e-06
1.886 0.152903 -1.15496e-06 0.152784 1.66994e-06
1.888 0.152602 -1.17772e-06 0.152483 1.69158e-06
1.89 0.152303 -1.2002e-06 0.152185 1.71319e-06
1.892 0.152006 -1.2224e-06 0.151889 1.73478e-06
1.894 0.151711 -1.24432e-06 0.151595 1.75636e-06
1.896 0.151418 -1.26592e-06 0.151303 1.77794e-06
1.898 0.151126 -1.28726e-06 0.151012 1.79952e-06
1.9 0.150836 -1.30836e-06 0.150722 1.82109e-06
1.902 0.150547 -1.32923e-06 0.150433 1.84265e-06
1.904 0.150259 -1.34987e-06 0.150145 1.86421e-06
1.906 0.149971 -1.37035e-06 0.149857 1.88579e-06
1.908 0.149684 -1.39063e-06 0.14957 1.90737e-06
1.91 0.149396 -1.41074e-06 0.149282 1.92894e-06
1.912 0.149108 -1.43068e-06 0.148994 1.95048e-06
1.914 0.14882 -1.4505e-06 0.148706 1.97201e-06
1.916 0.148531 -1.47021e-06 0.148416 1.99351e-06
1.918 0.148241 -1.48984e-06 0.148126 2.01497e-06
1.92 0.147949 -1.50942e-06 0.147834 2.03637e-06
1.922 0.147656 -1.52895e-06 0.147541 2.0577e-06
1.924 0.147361 -1.54846e-06 0.147246 2.07895e-06
1.926 0.147065 -1.56797e-06 0.146949 2.1001e-06
1.928 0.146766 -1.58749e-06 0.14665 2.12113e-06
1.93 0.146465 -1.60702e-06 0.146349 2.14203e-06
1.932 0.146162 -1.62658e-06 0.146046 2.16279e-06
1.934 0.145856 -1.64616e-06 0.14574 2.18337e-06
1.936 0.145548 -1.66576e-06 0.145431 2.20378e-06
1.938 0.145237 -1.68537e-06 0.145121 2.22399e-06
1.94 0.144924 -1.70497e-06 0.144807 2.24398e-06
1.942 0.144608 -1.72457e-06 0.144492 2.26375e-06
1.944 0.14429 -1.74416e-06 0.144173 2.28329e-06
1.946 0.143969 -1.76373e-06 0.143853 2.30256e-06
1.948 0.143647 -1.78328e-06 0.14353 2.32157e-06
1.95 0.143322 -1.80281e-06 0.143205 2.34029e-06
1.952 0.142995 -1.82232e-06 0.142879 2.35873e-06
1.954 0.142666 -1.84181e-06 0.14255 2.37687e-06
1.956 0.142336 -1.86132e-06 0.14222 2.39469e-06
1.958 0.142004 -1.88083e-06 0.141888 2.41223e-06
1.96 0.141672 -1.90031e-06 0.141555 2.42946e-06
1.962 0.141338 -1.91978e-06 0.141222 2.4464e-06
1.964 0.141004 -1.93921e-06 0.140888 2.46304e-06
1.966 0.14067 -1.9586e-06 0.140553 2.47939e-06
1.968 0.140335 -1.97792e-06 0.140218 2.49547e-06
1.97 0.140001 -1.99717e-06 0.139884 2.51122e-06
1.972 0.139667 -2.01627e-06 0.13955 2.52675e-06
1.974 0.139334 -2.03521e-06 0.139217 2.54205e-06
1.976 0.139002 -2.05399e-06 0.138885 2.55712e-06
1.978 0.138671 -2.07258e-06 0.138553 2.57195e-06
1.98 0.138342 -2.09095e-06 0.138224 2.58656e-06
1.982 0.138014 -2.10907e-06 0.137896 2.60096e-06
1.984 0.137689 -2.12693e-06 0.13757 2.61514e-06
1.986 0.137365 -2.1445e-06 0.137246 2.6291e-06
1.988 0.137044 -2.16174e-06 0.136924 2.64285e-06
1.99 0.136725 -2.17862e-06 0.136605 2.6564e-06
1.992 0.136409 -2.19513e-06 0.136289 2.66974e-06
1.994 0.136095 -2.21123e-06 0.135975 2.68289e-06
1.996 0.135785 -2.22689e-06 0.135664 2.69584e-06
1.998 0.135477 -2.24209e-06 0.135356 2.7086e-06
2 0.135172 -2.25682e-06 0.135051 2.72117e-06
2.002 0.134869 -2.27107e-06 0.134749 2.73353e-06
2.004 0.13457 -2.28482e-06 0.13445 2.7457e-06
2.006 0.134273 -2.29807e-06 0.134153 2.75765e-06
2.008 0.133979 -2.31073e-06 0.13386 2.76938e-06
2.01 0.133688 -2.32291e-06 0.133569 2.78085e-06
2.012 0.133399 -2.33461e-06 0.133281 2.79209e-06
2.014 0.133113 -2.34585e-06 0.132995 2.80307e-06
2.016 0.132829 -2.35662e-06 0.132712 2.81377e-06
2.018 0.132547 -2.36693e-06 0.132431 2.82417e-06
2.02 0.132267 -2.3768e-06 0.132152 2.83424e-06
2.022 0.131988 -2.38624e-06 0.131875 2.84397e-06
2.024 0.131712 -2.39525e-06 0.131599 2.8533e-06
2.026 0.131436 -2.40387e-06 0.131325 2.86225e-06
2.028 0.131162 -2.41212e-06 0.131052 2.87078e-06
2.03 0.130888 -2.42003e-06 0.130779 2.87887e-06
2.032 0.130615 -2.4276e-06 0.130508 2.88652e-06
2.034 0.130343 -2.43487e-06 0.130237 2.89371e-06
2.036 0.130071 -2.44185e-06 0.129967 2.90044e-06
2.038 0.129799 -2.44856e-06 0.129697 2.9067e-06
2.04 0.129526 -2.45502e-06 0.129426 2.9125e-06
2.042 0.129254 -2.46122e-06 0.129155 2.91786e-06
2.044 0.128981 -2.46719e-06 0.128884 2.92279e-06
2.046 0.128708 -2.47292e-06 0.128613 2.92727e-06
2.048 0.128434 -2.47842e-06 0.12834 2.93135e-06
2.05 0.128159 -2.48368e-06 0.128067 2.93506e-06
2.052 0.127884 -2.48868e-06 0.127793 2.93845e-06
2.054 0.127607 -2.49346e-06 0.127518 2.94147e-06
2.056 0.127329 -2.498e-06 0.127241 2.94414e-06
2.058 0.127051 -2.50231e-06 0.126964 2.94645e-06
2.06 0.126771 -2.50639e-06 0.126685 2.94841e-06
2.062 0.12649 -2.51015e-06 0.126405 2.95014e-06
2.064 0.126208 -2.5137e-06 0.126123 2.95148e-06
2.066 0.125926 -2.51704e-06 0.125841 2.9524e-06
2.068 0.125642 -2.52009e-06 0.125557 2.95302e-06
2.07 0.125357 -2.52301e-06 0.125273 2.95316e-06
2.072 0.125072 -2.52581e-06 0.124987 2.95283e-06
2.074 0.124786 -2.52851e-06 0.124701 2.95203e-06
2.076 0.1245 -2.53111e-06 0.124414 2.95084e-06
2.078 0.124213 -2.53358e-06 0.124126 2.94935e-06
2.08 0.123926 -2.53583e-06 0.123838 2.94771e-06
2.082 0.123639 -2.53759e-06 0.12355 2.94612e-06
2.084 0.123352 -2.53892e-06 0.123261 2.94458e-06
2.086 0.123065 -2.53966e-06 0.122973 2.94317e-06
2.088 0.122778 -2.53965e-06 0.122685 2.9419e-06
2.09 0.122493 -2.53859e-06 0.122397 2.94091e-06
2.092 0.122207 -2.53671e-06 0.122109 2.94021e-06
2.094 0.121923 -2.53408e-06 0.121823 2.93965e-06
2.096 0.12164 -2.53079e-06 0.121537 2.93933e-06
2.098 0.121358 -2.52699e-06 0.121253 2.93922e-06
2.1 0.121077 -2.52278e-06 0.12097 2.93932e-06
2.102 0.120798 -2.51792e-06 0.120688 2.93979e-06
2.104 0.12052 -2.50478e-06 0.120408 2.9437e-06
2.106 0.120244 -2.50328e-06 0.12013 2.92703e-06
2.108 0.119969 -2.50109e-06 0.119853 2.91493e-06
2.11 0.119697 -2.49846e-06 0.119578 2.90629e-06
2.112 0.119426 -2.49569e-06 0.119306 2.90012e-06
2.114 0.119158 -2.49301e-06 0.119035 2.89558e-06
2.116 0.118892 -2.49067e-06 0.118767 2.89195e-06
2.118 0.118627 -2.48882e-06 0.118501 2.88863e-06
2.12 0.118365 -2.48826e-06 0.118237 2.88465e-06
2.122 0.118105 -2.48864e-06 0.117976 2.88014e-06
2.124 0.117847 -2.49016e-06 0.117717 2.87465e-06
2.126 0.117591 -2.4918e-06 0.11746 2.86862e-06
2.128 0.117337 -2.49282e-06 0.117205 2.862e-06
2.13 0.117085 -2.49112e-06 0.116953 2.85538e-06
2.132 0.116835 -2.48455e-06 0.116703 2.84814e-06
2.134 0.116587 -2.46996e-06 0.116454 2.83848e-06
2.136 0.11634 -2.43869e-06 0.116208 2.81943e-06
2.138 0.116096 -2.44194e-06 0.115964 2.83514e-06
2.14 0.115853 -2.44158e-06 0.115722 2.84518e-06
2.142 0.115611 -2.43832e-06 0.115482 2.85026e-06
2.144 0.11537 -2.43477e-06 0.115243 2.85207e-06
2.146 0.11513 -2.42768e-06 0.115005 2.84943e-06
2.148 0.114892 -2.41816e-06 0.114769 2.84398e-06
2.15 0.114654 -2.40642e-06 0.114535 2.83663e-06
2.152 0.114418 -2.39282e-06 0.114301 2.82836e-06
2.154 0.114182 -2.37779e-06 0.114069 2.81959e-06
2.156 0.113947 -2.36196e-06 0.113837 2.8102e-06
2.158 0.113713 -2.34514e-06 0.113607 2.80131e-06
2.16 0.11348 -2.32743e-06 0.113378 2.78895e-06
2.162 0.113248 -2.31042e-06 0.113149 2.77781e-06
2.164 0.113017 -2.29422e-06 0.112921 2.76763e-06
2.166 0.112786 -2.27598e-06 0.112694 2.76631e-06
2.168 0.112556 -2.26006e-06 0.112467 2.76195e-06
2.17 0.112326 -2.24623e-06 0.112241 2.75497e-06
2.172 0.112098 -2.23423e-06 0.112015 2.74596e-06
2.174 0.11187 -2.22389e-06 0.11179 2.73525e-06
2.176 0.111642 -2.21499e-06 0.111566 2.7233e-06
2.178 0.111416 -2.20731e-06 0.111342 2.7107e-06
2.18 0.11119 -2.20075e-06 0.111118 2.69757e-06
2.182 0.110965 -2.19515e-06 0.110895 2.68436e-06
2.184 0.110741 -2.19034e-06 0.110673 2.67138e-06
2.186 0.110517 -2.1862e-06 0.110451 2.65894e-06
2.188 0.110294 -2.18254e-06 0.11023 2.64738e-06
2.19 0.110073 -2.17935e-06 0.110009 2.6367e-06
2.192 0.109852 -2.17649e-06 0.109789 2.62713e-06
2.194 0.109632 -2.17387e-06 0.10957 2.61873e-06
2.196 0.109413 -2.1714e-06 0.109352 2.61159e-06
2.198 0.109195 -2.169e-06 0.109134 2.60577e-06
2.2 0.108978 -2.16656e-06 0.108917 2.60127e-06
2.202 0.108761 -2.16403e-06 0.108701 2.59809e-06
2.204 0.108546 -2.1614e-06 0.108485 2.59611e-06
2.206 0.108332 -2.15862e-06 0.10827 2.59515e-06
2.208 0.108119 -2.15564e-06 0.108056 2.59508e-06
2.21 0.107907 -2.1524e-06 0.107843 2.59578e-06
2.212 0.107696 -2.14888e-06 0.107631 2.59712e-06
2.214 0.107486 -2.14512e-06 0.107419 2.59884e-06
2.216 0.107277 -2.14108e-06 0.107209 2.60077e-06
2.218 0.107068 -2.13674e-06 0.106999 2.60276e-06
2.22 0.106861 -2.13206e-06 0.106789 2.60474e-06
2.222 0.106655 -2.12715e-06 0.106581 2.60631e-06
2.224 0.106449 -2.12201e-06 0.106373 2.60734e-06
2.226 0.106244 -2.11663e-06 0.106166 2.60769e-06
2.228 0.10604 -2.11038e-06 0.10596 2.60512e-06
2.23 0.105837 -2.10426e-06 0.105755 2.60252e-06
2.232 0.105634 -2.09821e-06 0.105549 2.59975e-06
2.234 0.105431 -2.09224e-06 0.105344 2.59641e-06
2.236 0.105228 -2.08634e-06 0.105139 2.59238e-06
2.238 0.105026 -2.08048e-06 0.104934 2.58743e-06
2.24 0.104824 -2.0747e-06 0.104729 2.5814e-06
2.242 0.104622 -2.06897e-06 0.104525 2.57428e-06
2.244 0.10442 -2.06332e-06 0.104321 2.56603e-06
2.246 0.104218 -2.05778e-06 0.104117 2.55662e-06
2.248 0.104017 -2.05237e-06 0.103913 2.54607e-06
2.25 0.103815 -2.04714e-06 0.103709 2.53443e-06
2.252 0.103612 -2.04212e-06 0.103505 2.52173e-06
2.254 0.10341 -2.03732e-06 0.103302 2.50821e-06
2.256 0.103208 -2.0328e-06 0.103098 2.49397e-06
2.258 0.103005 -2.02859e-06 0.102895 2.47917e-06
2.26 0.102802 -2.02473e-06 0.102692 2.46394e-06
2.262 0.102599 -2.02126e-06 0.102489 2.44843e-06
2.264 0.102396 -2.01819e-06 0.102286 2.43286e-06
2.266 0.102193 -2.01553e-06 0.102083 2.41736e-06
2.268 0.10199 -2.01333e-06 0.10188 2.40212e-06
2.27 0.101786 -2.01161e-06 0.101678 2.38729e-06
2.272 0.101583 -2.01037e-06 0.101476 2.37304e-06
2.274 0.10138 -2.00962e-06 0.101275 2.3595e-06
2.276 0.101177 -2.00936e-06 0.101074 2.34678e-06
2.278 0.100974 -2.00958e-06 0.100874 2.335e-06
2.28 0.100772 -2.01026e-06 0.100675 2.32424e-06
2.282 0.100571 -2.0114e-06 0.100476 2.31456e-06
2.284 0.10037 -2.01296e-06 0.100279 2.30602e-06
2.286 0.10017 -2.01495e-06 0.100082 2.29864e-06
2.288 0.0999714 -2.01732e-06 0.0998867 2.29242e-06
2.29 0.0997739 -2.02002e-06 0.0996926 2.28735e-06
2.292 0.0995778 -2.02298e-06 0.0995 2.28342e-06
2.294 0.0993832 -2.0262e-06 0.0993089 2.28057e-06
2.296 0.0991902 -2.02963e-06 0.0991195 2.2787e-06
2.298 0.098999 -2.0332e-06 0.0989318 2.27772e-06
2.3 0.0988098 -2.03682e-06 0.098746 2.27755e-06
2.302 0.0986227 -2.04049e-06 0.0985621 2.2781e-06
2.304 0.0984379 -2.04425e-06 0.0983805 2.2792e-06
2.306 0.0982553 -2.04788e-06 0.0982009 2.28078e-06
2.308 0.0980748 -2.05133e-06 0.0980232 2.28269e-06
2.31 0.0978967 -2.05454e-06 0.0978476 2.2848e-06
2.312 0.0977209 -2.0575e-06 0.0976741 2.28698e-06
2.314 0.0975476 -2.06015e-06 0.0975026 2.2891e-06
2.316 0.0973766 -2.06247e-06 0.0973332 2.29099e-06
2.318 0.0972079 -2.06444e-06 0.0971658 2.29251e-06
2.32 0.0970415 -2.06604e-06 0.0970003 2.29355e-06
2.322 0.0968774 -2.06721e-06 0.0968368 2.29401e-06
2.324 0.0967154 -2.06797e-06 0.0966751 2.29378e-06
2.326 0.0965553 -2.06831e-06 0.0965151 2.29279e-06
2.328 0.0963972 -2.06821e-06 0.0963566 2.29097e-06
2.33 0.0962407 -2.06766e-06 0.0961996 2.28828e-06
2.332 0.0960857 -2.06671e-06 0.0960437 2.2847e-06
2.334 0.0959321 -2.06536e-06 0.0958889 2.28021e-06
2.336 0.0957795 -2.06364e-06 0.0957349 2.27482e-06
2.338 0.0956277 -2.06157e-06 0.0955816 2.26856e-06
2.34 0.0954766 -2.0592e-06 0.0954286 2.26148e-06
2.342 0.0953257 -2.05658e-06 0.0952758 2.25363e-06
2.344 0.095175 -2.05374e-06 0.095123 2.24508e-06
2.346 0.0950241 -2.05075e-06 0.0949698 2.23595e-06
2.348 0.0948727 -2.04768e-06 0.0948161 2.22632e-06
2.35 0.0947206 -2.04456e-06 0.0946616 2.2163e-06
2.352 0.0945676 -2.04148e-06 0.094506 2.20601e-06
2.354 0.0944133 -2.03849e-06 0.0943493 2.19558e-06
2.356 0.0942575 -2.03566e-06 0.0941911 2.18513e-06
2.358 0.0941 -2.03304e-06 0.0940312 2.17482e-06
2.36 0.0939407 -2.0307e-06 0.0938695 2.16477e-06
2.362 0.0937792 -2.0287e-06 0.0937059 2.15508e-06
2.364 0.0936155 -2.02708e-06 0.0935401 2.14589e-06
2.366 0.0934495 -2.02591e-06 0.0933721 2.13728e-06
2.368 0.0932809 -2.0252e-06 0.0932018 2.12938e-06
2.37 0.0931098 -2.02502e-06 0.0930291 2.12229e-06
2.372 0.092936 -2.02541e-06 0.092854 2.1161e-06
2.374 0.0927596 -2.0264e-06 0.0926765 2.11088e-06
2.376 0.0925806 -2.02804e-06 0.0924965 2.10669e-06
2.378 0.0923989 -2.03031e-06 0.0923142 2.10359e-06
2.38 0.0922148 -2.03325e-06 0.0921297 2.10164e-06
2.382 0.092028 -2.03666e-06 0.0919431 2.10126e-06
2.384 0.0918391 -2.04081e-06 0.0917544 2.10177e-06
2.386 0.0916481 -2.04567e-06 0.0915637 2.10325e-06
2.388 0.0914553 -2.05122e-06 0.0913713 2.10574e-06
2.39 0.0912607 -2.05744e-06 0.0911772 2.10926e-06
2.392 0.0910647 -2.06428e-06 0.0909818 2.11381e-06
2.394 0.0908675 -2.07172e-06 0.0907853 2.11934e-06
2.396 0.0906693 -2.07968e-06 0.090588 2.1258e-06
2.398 0.0904704 -2.08814e-06 0.0903902 2.13313e-06
2.4 0.0902712 -2.09704e-06 0.0901921 2.14126e-06
2.402 0.0900719 -2.10629e-06 0.0899942 2.15009e-06
2.404 0.0898729 -2.11584e-06 0.0897966 2.15954e-06
2.406 0.0896745 -2.12566e-06 0.0895997 2.16951e-06
2.408 0.0894773 -2.13557e-06 0.0894044 2.17962e-06
2.41 0.0892812 -2.14563e-06 0.0892101 2.1902e-06
2.412 0.0890866 -2.15579e-06 0.0890172 2.20111e-06
2.414 0.0888937 -2.16597e-06 0.0888259 2.21223e-06
2.416 0.0887028 -2.17611e-06 0.0886367 2.22341e-06
2.418 0.0885143 -2.18611e-06 0.0884499 2.23449e-06
2.42 0.0883285 -2.19592e-06 0.0882657 2.24542e-06
2.422 0.0881455 -2.2055e-06 0.0880843 2.25615e-06
2.424 0.0879656 -2.21479e-06 0.0879059 2.26657e-06
2.426 0.087789 -2.22375e-06 0.0877307 2.27663e-06
2.428 0.0876158 -2.23232e-06 0.0875589 2.28627e-06
2.43 0.0874461 -2.24047e-06 0.0873905 2.29544e-06
2.432 0.0872801 -2.24817e-06 0.0872257 2.30412e-06
2.434 0.0871178 -2.25541e-06 0.0870645 2.31231e-06
2.436 0.0869591 -2.26218e-06 0.0869068 2.32003e-06
2.438 0.0868041 -2.26848e-06 0.0867526 2.3273e-06
2.44 0.0866527 -2.27434e-06 0.0866018 2.33415e-06
2.442 0.0865047 -2.27979e-06 0.0864543 2.34062e-06
2.444 0.08636 -2.28485e-06 0.0863099 2.34679e-06
2.446 0.0862184 -2.28957e-06 0.0861684 2.35271e-06
2.448 0.0860796 -2.29399e-06 0.0860297 2.3585e-06
2.45 0.0859435 -2.29821e-06 0.0858934 2.36417e-06
2.452 0.0858096 -2.30232e-06 0.0857591 2.36982e-06
2.454 0.0856778 -2.30637e-06 0.0856267 2.37554e-06
2.456 0.0855476 -2.31044e-06 0.0854957 2.38145e-06
2.458 0.0854187 -2.31463e-06 0.0853658 2.38763e-06
2.46 0.0852906 -2.31901e-06 0.0852366 2.39418e-06
2.462 0.0851631 -2.32364e-06 0.0851078 2.40121e-06
2.464 0.0850356 -2.32862e-06 0.084979 2.4088e-06
2.466 0.0849079 -2.33402e-06 0.0848498 2.41704e-06
2.468 0.0847794 -2.33992e-06 0.0847199 2.42599e-06
2.47 0.0846499 -2.3464e-06 0.0845889 2.43573e-06
2.472 0.084519 -2.35352e-06 0.0844564 2.44629e-06
2.474 0.0843862 -2.36135e-06 0.0843221 2.45771e-06
2.476 0.0842513 -2.36996e-06 0.0841858 2.47003e-06
2.478 0.084114 -2.3794e-06 0.0840471 2.48324e-06
2.48 0.0839739 -2.38972e-06 0.0839057 2.49735e-06
2.482 0.0838309 -2.40095e-06 0.0837614 2.51234e-06
2.484 0.0836847 -2.41314e-06 0.0836141 2.52816e-06
2.486 0.0835355 -2.426e-06 0.0834643 2.54488e-06
2.488 0.083383 -2.44028e-06 0.0833107 2.56205e-06
2.49 0.0832262 -2.45558e-06 0.0831529 2.57988e-06
2.492 0.083065 -2.47192e-06 0.0829909 2.59846e-06
2.494 0.0828995 -2.48915e-06 0.082825 2.61767e-06
2.496 0.0827305 -2.50721e-06 0.0826558 2.63731e-06
2.498 0.0825585 -2.52592e-06 0.0824838 2.65725e-06
2.5 0.0823841 -2.54503e-06 0.0823094 2.67741e-06
